no squeeze
11.591129302978516
2.8382935523986816
1.5088748931884766
1.198062539100647
1.0898512601852417
0.8728486895561218
0.6272610425949097
0.6001249551773071
0.7758878469467163
0.6937248110771179
0.5829982757568359
0.7037029266357422
0.5676310062408447
0.5398572683334351
0.5858896374702454
0.7725054621696472
0.7674862146377563
0.5603615641593933
0.4932587742805481
0.7608559131622314
0.5458666086196899
0.5859670042991638
0.4922857880592346
0.5458707213401794
0.4778324365615845
0.6468999981880188
0.6048293709754944
0.5556888580322266
0.5023142099380493
0.46881499886512756
0.5746974349021912
0.5405457615852356
0.504780113697052
0.4414580762386322
0.5178077220916748
0.4307040274143219
0.5926558971405029
0.5133935809135437
0.44099223613739014
0.5500544905662537
0.5394681692123413
0.4675208628177643
0.5242774486541748
0.3815288841724396
0.5596849918365479
0.4854464828968048
0.5737780928611755
0.4452556371688843
0.4847436249256134
0.6152427792549133
0.6341387033462524
0.4111086428165436
0.41054603457450867
0.43883851170539856
no squeeze
10.307639122009277
2.5365853309631348
1.2425199747085571
0.8672196865081787
0.6607807874679565
0.7408729791641235
0.528840959072113
0.49258503317832947
0.6461893916130066
0.592959463596344
0.5484735369682312
0.4863905608654022
0.6827200055122375
0.7072991728782654
0.4317312240600586
0.7738327980041504
0.4908437430858612
0.419236958026886
0.5715392231941223
0.5816632509231567
0.39567092061042786
0.5640519857406616
0.46327173709869385
0.3985411524772644
0.43746864795684814
0.48348692059516907
0.543303370475769
0.46153467893600464
0.4996037781238556
0.4973470866680145
0.545386552810669
no squeeze
12.18610954284668
3.7517213821411133
2.4699699878692627
1.6717184782028198
1.3481552600860596
1.3144211769104004
1.0223015546798706
0.8889417052268982
1.0168794393539429
1.22441828250885
0.9137215614318848
0.849408745765686
1.0090065002441406
0.9827244877815247
1.1241118907928467
1.0216102600097656
1.281313419342041
1.1926089525222778
0.6014121770858765
0.6510999798774719
0.5435780882835388
0.7760385870933533
0.639702558517456
0.5672852396965027
0.5810090899467468
0.6261110901832581
0.6421023011207581
0.7002445459365845
0.5532582998275757
0.6008365154266357
1.0973904132843018
no squeeze
11.586237907409668
4.189373016357422
2.761432409286499
2.101285457611084
1.754030466079712
1.4159116744995117
1.183876395225525
1.0558109283447266
0.9616081714630127
0.8552449941635132
0.7639695405960083
0.7228333950042725
0.6721381545066833
0.6917756795883179
0.6350525617599487
0.5712364912033081
0.6015889644622803
0.5365873575210571
0.5266312956809998
0.5033476948738098
0.5223310589790344
0.489766001701355
0.48481032252311707
0.5158478021621704
0.48527973890304565
0.43784525990486145
0.43640923500061035
0.41824594140052795
0.4187101423740387
0.43189358711242676
0.3960517346858978
0.38558435440063477
0.42412933707237244
0.434129536151886
0.44615674018859863
0.3768313527107239
0.4756597578525543
0.44633373618125916
0.39092373847961426
0.37351465225219727
0.3291743993759155
0.3508632779121399
0.28851014375686646
0.36910703778266907
0.3681749999523163
0.3893810510635376
0.30968502163887024
0.3343213200569153
0.31991174817085266
0.28484639525413513
0.3504290282726288
0.33309096097946167
0.32614901661872864
0.35606470704078674
0.3237167298793793
0.3261837661266327
0.3416987657546997
0.28165295720100403
0.3026404082775116
0.3555154502391815
0.3027060627937317
0.3079012930393219
0.3269062936306
0.3032830059528351
0.3059726655483246
0.30718091130256653
0.32261648774147034
0.30813825130462646
no squeeze
11.63318920135498
3.757469654083252
2.1638734340667725
1.5519213676452637
1.1872496604919434
1.0376285314559937
0.8475980162620544
0.8545152544975281
0.7528988718986511
0.6568186283111572
0.6766309142112732
0.6401355862617493
0.5996880531311035
0.6261193156242371
0.556922197341919
0.494096964597702
0.5158405303955078
0.48084843158721924
0.44866299629211426
0.48107093572616577
0.4373173415660858
0.4502677917480469
0.4410770833492279
0.5025883913040161
0.46934619545936584
0.43566256761550903
0.4746669828891754
0.3905659317970276
0.36411723494529724
0.48241618275642395
0.35249534249305725
0.4265366196632385
0.33203455805778503
0.3856988549232483
0.37832242250442505
0.32949039340019226
0.35192111134529114
0.3761749565601349
0.45634618401527405
0.38445019721984863
0.33356091380119324
0.3404230773448944
0.3180930018424988
0.2935667037963867
0.33312639594078064
0.3403972089290619
0.33588123321533203
0.33245497941970825
0.29306283593177795
0.3528982698917389
0.31536388397216797
0.2854653596878052
0.29694056510925293
0.2849937975406647
0.2731209397315979
0.33021280169487
0.2804965376853943
0.2634003758430481
0.3102884888648987
0.2930885851383209
0.2997206151485443
0.33510148525238037
0.28727081418037415
0.251360684633255
0.2624954283237457
0.27801814675331116
0.29043546319007874
0.2698376476764679
0.29408538341522217
0.2768537104129791
0.2564222514629364
0.27229660749435425
0.31149789690971375
0.25725653767585754
no squeeze
6.234472274780273
1.1906001567840576
0.7737512588500977
0.5615267157554626
0.38641420006752014
0.4035307765007019
0.3736901581287384
0.5925165414810181
0.5069413781166077
0.7065528035163879
0.45223742723464966
0.5120346546173096
1.0621328353881836
0.541668176651001
0.3948724865913391
0.48915794491767883
0.4605763852596283
