no squeeze
1.0656883716583252
0.3120390772819519
0.1305307298898697
0.0669236108660698
0.031046461313962936
0.022869719192385674
0.014391873963177204
0.009696508757770061
0.007922348566353321
0.005151299759745598
0.0032844338566064835
0.0037425884511321783
0.003093680599704385
0.0034291003830730915
0.0023323646746575832
0.0021286094561219215
0.0022131747100502253
0.0021685247775167227
0.0016083505470305681
0.0013885305961593986
0.0010764332255348563
0.0009376054513268173
0.0014595844550058246
0.0008603594615124166
0.0007776166312396526
0.0007577593787573278
0.0005941780982539058
0.000713519926648587
0.0005335092428140342
0.0005525610758922994
0.0005216816207394004
0.0005690671969205141
0.00043120732880197465
0.0004293821984902024
0.0006534262793138623
0.00044491441803984344
0.0006078209262341261
0.00047690115752629936
0.00031739703263156116
0.00030485488241538405
0.000509322970174253
0.0005767765687778592
0.0006408930639736354
0.0005213459953665733
0.0003224146203137934
0.00019454245921224356
0.0002851039753295481
0.004270472098141909
0.005920222960412502
0.0007467600516974926
0.0004908744595013559
0.002546917414292693
0.0005442407564260066
0.00044823531061410904
0.000415851449361071
0.0005747551331296563
no squeeze
1.0143029689788818
0.3768617510795593
0.20164985954761505
0.14116790890693665
0.11883585900068283
0.09573518484830856
0.0908256471157074
0.08206650614738464
0.07578731328248978
0.07563711702823639
0.06944506615400314
0.07481378316879272
0.08043327182531357
0.07191960513591766
0.06320303678512573
0.06317054480314255
0.05718757584691048
0.05612675100564957
0.0569528304040432
0.05024699494242668
0.05309504270553589
0.054922882467508316
0.05871265009045601
0.05393984913825989
0.05684157833456993
0.050302937626838684
0.05452488735318184
0.052440427243709564
0.04915366321802139
0.052341509610414505
0.04583008959889412
0.04541575163602829
0.04677805304527283
0.04883361607789993
0.04815796762704849
0.049405477941036224
0.04831085726618767
0.048384834080934525
0.04858006164431572
0.05333150550723076
0.05238503962755203
0.05613801255822182
no squeeze
1.194017767906189
0.48850566148757935
0.31379252672195435
0.23998185992240906
0.1671033501625061
0.13368241488933563
0.10227342694997787
0.09422401338815689
0.08017858117818832
0.07173041254281998
0.0670313835144043
0.07804179191589355
0.04690680652856827
0.043803442269563675
0.04659469425678253
0.0461246520280838
0.03439263999462128
0.03515666723251343
0.027976274490356445
0.025567548349499702
0.020219027996063232
0.02914312295615673
0.025580933317542076
0.01628958433866501
0.01612164080142975
0.015459158457815647
0.020596442744135857
0.01606299728155136
0.011726913042366505
0.01570628024637699
0.015362550504505634
0.021017659455537796
0.01566435769200325
0.01582486182451248
0.01073535718023777
0.016049863770604134
0.00796511024236679
0.00742384372279048
0.0070900931023061275
0.009323012083768845
0.005489029921591282
0.006331247743219137
0.007223197259008884
0.019350511953234673
0.015140005387365818
0.009703106246888638
0.0106102479621768
0.0078404126688838
0.008622877299785614
0.0056734513491392136
0.01856018602848053
no squeeze
1.296976923942566
0.705890953540802
0.5596643686294556
0.4614483118057251
0.3979358375072479
0.3501085937023163
0.3230905532836914
0.296852171421051
0.2637244760990143
0.2441343069076538
0.22152967751026154
0.21096499264240265
0.1973189413547516
0.1801142692565918
0.17820310592651367
0.1635291874408722
0.1549031138420105
0.14821605384349823
0.14222684502601624
0.13767237961292267
0.12982362508773804
0.13616813719272614
0.12489081919193268
0.12593357264995575
0.11556139588356018
0.10825877636671066
0.10722970217466354
0.10646022111177444
0.10376878082752228
0.10584904253482819
0.10421289503574371
0.09684918075799942
0.0950755700469017
0.09262540936470032
0.09098786115646362
0.09292261302471161
0.08668024092912674
0.08666738867759705
0.08460850268602371
0.08480216562747955
0.08131016045808792
0.08110778778791428
0.08114347606897354
0.07971085608005524
0.07449465990066528
0.07961040735244751
0.0729457437992096
0.07801949232816696
0.07597190886735916
0.07349381595849991
0.06966765969991684
0.06956014782190323
0.06849563866853714
0.06868241727352142
0.06630618870258331
0.06970909237861633
0.06612147390842438
0.06611745059490204
0.06415049731731415
0.06317195296287537
0.06501602381467819
0.0640120729804039
0.05987102910876274
0.06337185204029083
0.05857251584529877
0.0651935562491417
0.05883096531033516
0.059980329126119614
0.060243748128414154
0.05803270637989044
0.058439042419195175
0.0547909252345562
0.05889320373535156
0.05496394261717796
0.05664600059390068
0.05710737407207489
0.05572666972875595
0.05729806423187256
0.059109024703502655
0.055865250527858734
0.053403571248054504
0.05279235169291496
0.05354274436831474
0.05422624945640564
0.053698427975177765
0.051206354051828384
0.05282673239707947
0.051262181252241135
0.04658210277557373
0.0519365519285202
0.04989759251475334
0.04948253929615021
0.04873499274253845
0.04919649288058281
0.05063288286328316
0.05026358738541603
0.04985113441944122
0.047584228217601776
0.0490943044424057
no squeeze
1.0822691917419434
0.45149195194244385
0.32235944271087646
0.25212568044662476
0.20285747945308685
0.1824617236852646
0.16339430212974548
0.13808465003967285
0.12841810286045074
0.12037590891122818
0.11240364611148834
0.10696204006671906
0.10371837019920349
0.10246430337429047
0.08798597753047943
0.08846888691186905
0.08220191299915314
0.07930339127779007
0.0804368108510971
0.06981972604990005
0.07331899553537369
0.07106944918632507
0.06673192977905273
0.06360388547182083
0.06091528385877609
0.06404102593660355
0.060068193823099136
0.06156609207391739
0.0552002415060997
0.05799870565533638
0.05645621940493584
0.05436045303940773
0.055696628987789154
0.05032716691493988
0.05511981248855591
0.05384017154574394
0.05012807995080948
0.04706428200006485
0.04489941522479057
0.045979179441928864
0.049071263521909714
0.04762432351708412
0.047536276280879974
0.046883463859558105
0.04241912066936493
0.04717963933944702
0.04173609986901283
0.051099978387355804
0.04194284975528717
0.050795286893844604
0.04027504101395607
0.03754051774740219
0.03906019777059555
0.03888149559497833
0.04251337796449661
0.03516285866498947
0.03735180199146271
0.04202237352728844
0.03905157372355461
0.03945435583591461
0.03730933740735054
0.03517834097146988
0.0374625064432621
0.03948865085840225
0.0377582348883152
0.036090437322854996
no squeeze
1.3606661558151245
0.3348808288574219
0.16520026326179504
0.1569167822599411
0.11414439976215363
0.09724633395671844
0.09667596966028214
0.1126495823264122
0.10060606151819229
0.09196094423532486
0.08353431522846222
0.08995861560106277
0.08558883517980576
0.07538966089487076
0.07866599410772324
0.07659158855676651
0.07428790628910065
0.07532647997140884
0.08063142746686935
0.07339196652173996
0.07249884307384491
0.07322251051664352
0.07377772778272629
0.06688863784074783
0.07627134770154953
0.06944844871759415
0.06534718722105026
0.06921704858541489
0.07080361992120743
0.07062271237373352
0.07162538915872574
0.06892869621515274
0.06396602839231491
0.06720210611820221
0.0712408497929573
0.06760833412408829
0.06821183115243912
0.0626954659819603
0.06739670783281326
0.07570914179086685
0.06710463762283325
0.06345055997371674
0.06445780396461487
0.06865747272968292
0.06345931440591812
0.06135525554418564
0.06419260054826736
0.0643777996301651
0.06805646419525146
0.07531222701072693
0.07210215926170349
0.06614888459444046
0.07293727248907089
0.07471143454313278
0.07206680625677109
0.06469174474477768
