no squeeze
2.0744645595550537
0.6327928900718689
0.32639598846435547
0.16822142899036407
0.09777335822582245
0.06370051205158234
0.05013179033994675
0.03490494564175606
0.02772710472345352
0.01973314769566059
0.017059413716197014
0.01802438497543335
0.01297685969620943
0.01255893800407648
0.009565162472426891
0.008208719082176685
0.008175146766006947
0.006594514008611441
0.007208784110844135
0.006136225536465645
0.005490317940711975
0.00483157392591238
0.0039897519163787365
0.003462876658886671
0.0034943753853440285
0.0030493075028061867
0.003666497999802232
0.005106325726956129
0.002695139031857252
0.0036327207926660776
0.0020166030153632164
0.0020499161910265684
0.0024519546423107386
0.0017719181487336755
0.002027052454650402
0.001547980704344809
0.0023295015562325716
0.003934092819690704
0.001906947116367519
0.002740974770858884
0.0020468742586672306
0.0019172695465385914
0.001893826643936336
0.0012431389186531305
0.005795404314994812
0.008970696479082108
0.0035568843595683575
0.0011880534002557397
0.0014908509328961372
0.0010448028333485126
0.0015142930205911398
0.001443582121282816
0.0009371029445901513
0.0011014193296432495
0.0009379485854879022
0.0014913956401869655
0.0030112445820122957
0.0009441110887564719
0.0011695666471496224
0.0011202484602108598
0.0018813422648236156
0.000886236026417464
0.000991522683762014
0.0009554771822877228
0.001105683040805161
0.0007796908030286431
0.0009526984649710357
0.002528008772060275
0.0012403432046994567
0.0015097780851647258
0.0012909852666780353
0.0021750263404101133
0.0011867510620504618
0.0022455344442278147
0.0017328726826235652
0.007949360646307468
no squeeze
2.1001784801483154
0.7987492084503174
0.4597925841808319
0.32514867186546326
0.241862952709198
0.15940237045288086
0.1189378872513771
0.09083098918199539
0.07958590239286423
0.060523342341184616
0.06465276330709457
0.05024131387472153
0.038422841578722
0.041767291724681854
0.030582629144191742
0.037101950496435165
0.0367266945540905
0.023521557450294495
0.020430466160178185
0.01784898340702057
0.018601449206471443
0.023516805842518806
0.016113582998514175
0.015471668913960457
0.013893689028918743
0.012269383296370506
0.012826348654925823
0.011710429564118385
0.014653028920292854
0.012051359750330448
0.011042490601539612
0.015368872322142124
0.008568205870687962
0.010766132734715939
0.01561643835157156
0.01086124312132597
0.012624419294297695
0.0128273144364357
0.014720399864017963
0.009509952738881111
0.015659483149647713
0.010256013832986355
0.014549300074577332
no squeeze
2.066134452819824
0.8533802628517151
0.5514293909072876
0.38924509286880493
0.27596598863601685
0.20688611268997192
0.14121654629707336
0.12391404807567596
0.10101038962602615
0.0736725851893425
0.061500128358602524
0.05349624156951904
0.05415651947259903
0.052242688834667206
0.05902474373579025
0.03828365355730057
0.033619027584791183
0.02603684738278389
0.0220382921397686
0.024220045655965805
0.022102581337094307
0.018598023802042007
0.03263433277606964
0.018454616889357567
0.02681846171617508
0.01682577095925808
0.011853083036839962
0.010378306731581688
0.0082571255043149
0.008539954200387001
0.047389257699251175
0.010077869519591331
0.006912218872457743
0.00952373817563057
0.007825145497918129
0.007683521136641502
0.006203189957886934
0.0050104339607059956
0.004340085666626692
0.003869284177199006
0.004094112664461136
0.0040203481912612915
0.004518745932728052
0.004414289258420467
0.007717316038906574
0.005892463494092226
0.004396549891680479
0.006344170775264502
0.004112407099455595
0.003928030841052532
no squeeze
1.936405897140503
1.0493990182876587
0.8520194888114929
0.7458374500274658
0.6632816791534424
0.5915098786354065
0.5518596172332764
0.4899695813655853
0.4570835530757904
0.40663889050483704
0.3731955289840698
0.3436099588871002
0.33019647002220154
0.3103947341442108
0.28701069951057434
0.27753734588623047
0.25385555624961853
0.2513195276260376
0.24607031047344208
0.22250254452228546
0.2158983200788498
0.2084890604019165
0.2068820744752884
0.1865396946668625
0.18188799917697906
0.1840985268354416
0.1669270545244217
0.1584588885307312
0.15382152795791626
0.14553914964199066
0.14628751575946808
0.1368776112794876
0.14032939076423645
0.1265980303287506
0.11436684429645538
0.11468758434057236
0.1131276860833168
0.1115352213382721
0.10384869575500488
0.11136797815561295
0.10172390937805176
0.10643822699785233
0.09440183639526367
0.09449822455644608
0.09431319683790207
0.09043104201555252
0.09045739471912384
0.08283642679452896
0.0755682960152626
0.08552694320678711
0.07657674700021744
0.08510811626911163
0.09056821465492249
0.08197442442178726
0.07206210494041443
0.06646889448165894
0.06699494272470474
0.08173567801713943
0.06979124248027802
0.06631457060575485
0.05962679162621498
0.06715361028909683
0.07228931784629822
0.0640927329659462
0.058683693408966064
0.07682011276483536
0.07096753269433975
0.06359837204217911
0.05894966796040535
0.06377594918012619
0.0543258972465992
0.06006014719605446
0.05828696861863136
0.056673940271139145
0.054006896913051605
0.05179253965616226
0.060811519622802734
0.055464453995227814
0.05921342596411705
0.06203349307179451
0.04849867895245552
0.05101761221885681
0.049379996955394745
0.050893474370241165
0.050459329038858414
0.04867349937558174
0.051221705973148346
0.054286692291498184
0.04896049201488495
0.05311206728219986
0.04830852523446083
0.05050104483962059
0.04392436891794205
0.04229504242539406
0.042800482362508774
0.048299580812454224
0.05144527181982994
0.0482451431453228
0.05378282070159912
0.049630504101514816
0.04705675691366196
0.04370034858584404
0.044575028121471405
0.04295852407813072
no squeeze
1.8963737487792969
0.8091819882392883
0.5717533826828003
0.4510438144207001
0.36512047052383423
0.31264591217041016
0.2739267647266388
0.22898049652576447
0.23621873557567596
0.18778741359710693
0.16620777547359467
0.14750513434410095
0.1443471759557724
0.13482333719730377
0.12097493559122086
0.11595787853002548
0.1065327376127243
0.10416416078805923
0.08933274447917938
0.09186017513275146
0.08196641504764557
0.0876852348446846
0.07291004061698914
0.07727885991334915
0.06712517887353897
0.06366879492998123
0.06936641037464142
0.06586877256631851
0.061984866857528687
0.06436445564031601
0.05892219766974449
0.05251826345920563
0.04901496693491936
0.0505150631070137
0.04830913245677948
0.04821924865245819
0.04616862162947655
0.045842017978429794
0.04547356441617012
0.0524044968187809
0.038331810384988785
0.040163666009902954
0.03758053854107857
0.04144098237156868
0.0383034385740757
0.03538026660680771
0.037208542227745056
0.03342319279909134
0.03569517657160759
0.03583008795976639
0.03358103707432747
0.037861570715904236
0.04681410267949104
0.03572503477334976
0.02927805855870247
0.028548169881105423
0.03423171862959862
0.029809003695845604
0.027307478711009026
0.03176392614841461
0.026152532547712326
0.02505292370915413
0.02573675476014614
0.03161799535155296
0.02402259223163128
0.02537550963461399
0.02653498202562332
0.02632114849984646
0.020341966301202774
0.02710266225039959
0.023583684116601944
0.023649172857403755
0.02860373631119728
0.026971817016601562
0.0284667257219553
0.02604524791240692
0.02503226324915886
0.02243286743760109
0.028149867430329323
no squeeze
1.9293712377548218
0.7045941948890686
0.46404871344566345
0.405368447303772
0.34704259037971497
0.2667836546897888
0.21004711091518402
0.16810964047908783
0.24938246607780457
0.35092124342918396
0.21413564682006836
0.17931321263313293
0.26204347610473633
0.19849269092082977
0.15854772925376892
0.14901266992092133
0.3002096712589264
0.15201522409915924
0.5821123123168945
0.5556478500366211
0.3035401403903961
0.170949786901474
0.16473159193992615
0.13049978017807007
0.43806421756744385
0.3003063201904297
0.14315807819366455
0.18741919100284576
0.1166430115699768
0.12526129186153412
0.14844568073749542
0.19720762968063354
0.2561090588569641
0.20093107223510742
0.14649540185928345
0.1405075639486313
0.16426177322864532
0.1040145680308342
0.15020892024040222
0.15522907674312592
0.1261012852191925
0.1215699315071106
0.104837566614151
0.10430246591567993
0.09310618788003922
0.11686252057552338
0.16184580326080322
0.15016819536685944
0.2692294418811798
0.20755831897258759
0.14332452416419983
0.1052820011973381
0.09102210402488708
0.09999179095029831
0.1585751324892044
0.22974149882793427
0.10058648139238358
0.11388587951660156
0.12668302655220032
0.14923080801963806
0.17180849611759186
0.12431439757347107
0.08522331714630127
0.10515183210372925
0.15894387662410736
0.11880148947238922
0.16257554292678833
0.14732737839221954
0.1547595113515854
0.1558745950460434
0.11251778900623322
0.11997738480567932
0.11839128285646439
