no squeeze
2.0319018363952637
0.10861765593290329
0.07656146585941315
0.036718424409627914
0.032691240310668945
0.025283411145210266
0.02450503036379814
0.02271398715674877
0.02245798334479332
0.021967478096485138
0.02192581072449684
0.021982286125421524
0.02179287001490593
0.021522846072912216
0.021526973694562912
0.021494321525096893
0.021466290578246117
0.021995214745402336
0.02191864140331745
0.021678483113646507
no squeeze
2.1047415733337402
0.16587252914905548
0.13650768995285034
0.09960003942251205
0.09439333528280258
0.08598632365465164
0.08449145406484604
0.08205491304397583
0.08116410672664642
0.08056838810443878
0.08001742511987686
0.08029352128505707
0.08046494424343109
0.0791640430688858
0.07925932854413986
0.07945214956998825
no squeeze
2.2898385524749756
0.16138890385627747
0.11302728950977325
0.04770011082291603
0.04146648198366165
0.027517659589648247
0.025214726105332375
0.01860315352678299
0.01734181120991707
0.01348472572863102
0.012683307752013206
0.01034009549766779
0.00984540581703186
0.008386846631765366
0.00806150771677494
0.0070701115764677525
0.006858803331851959
0.0062776366248726845
0.0061207422986626625
0.005712445825338364
0.005612093955278397
0.005260091740638018
0.0051955292001366615
0.004935086704790592
0.004879264626652002
0.004669501446187496
0.004661837592720985
0.004489727783948183
0.004444905091077089
0.0043317656964063644
0.0042839618399739265
0.004159391392022371
0.0041284398175776005
0.004035471472889185
0.004031952004879713
0.0038817336317151785
0.0038794127758592367
0.003830493660643697
0.0037924291100353003
0.0037303848657757044
0.00370081327855587
0.0036583608016371727
0.0036509556230157614
0.003603691700845957
0.003573762020096183
0.0035316534340381622
0.003536718664690852
0.003507890971377492
0.003498793113976717
0.0034619984216988087
0.0034638100769370794
0.003440459491685033
0.003438916988670826
0.003402567934244871
0.0034053046256303787
0.0033814520575106144
0.0033846513833850622
0.003373105078935623
0.0033638724125921726
0.0033648195676505566
0.0033663101494312286
0.00335418782196939
0.0033275047317147255
0.003343966556712985
0.003341247560456395
0.0033266537357121706
0.0033277589827775955
0.0033303131349384785
no squeeze
2.302678108215332
0.484228253364563
0.42124006152153015
0.3188560903072357
0.30613675713539124
0.2684626877307892
0.26057252287864685
0.23843589425086975
0.23309798538684845
0.2178785353899002
0.2139255702495575
0.2034674733877182
0.20017234981060028
0.1909245401620865
0.18896357715129852
0.1815531849861145
0.18000634014606476
0.17317701876163483
0.17202332615852356
0.16612716019153595
0.16404545307159424
0.15710698068141937
0.15552309155464172
0.14888831973075867
0.14708079397678375
0.13932840526103973
0.1377509981393814
0.12989789247512817
0.12807047367095947
0.11984895914793015
0.11815342307090759
0.11239678412675858
0.11124152690172195
0.10719067603349686
0.10622552037239075
0.10464324057102203
0.10359590500593185
0.10221747308969498
0.10153493285179138
0.10063980519771576
0.1006070151925087
0.09930717200040817
0.09956951439380646
0.09836950898170471
0.09844796359539032
0.09735314548015594
0.09728100150823593
0.09701596200466156
0.09673546254634857
0.09588184952735901
0.09686010330915451
0.09524837881326675
0.09503550827503204
0.0947451964020729
0.09486588835716248
0.09386832267045975
0.09488444775342941
0.09324706345796585
0.09324558079242706
0.09312620759010315
0.09368840605020523
0.09259572625160217
0.09200902283191681
0.09146586060523987
0.09195573627948761
0.0906829982995987
0.0908147469162941
0.09002980589866638
0.09019886702299118
0.08950727432966232
0.08926835656166077
0.089146189391613
0.08871597796678543
0.08937361091375351
0.08902018517255783
0.0887443870306015
no squeeze
1.934938907623291
0.2680579423904419
0.2249431163072586
0.16150225698947906
0.15451735258102417
0.13735216856002808
0.13436847925186157
0.12457071989774704
0.12258017063140869
0.1152823194861412
0.11355123668909073
0.10830387473106384
0.1067793220281601
0.10356304049491882
0.10273192077875137
0.10057882964611053
0.10233299434185028
0.09928038716316223
0.09854552149772644
0.09808401018381119
0.09774401038885117
0.09670406579971313
0.09641528129577637
0.09555890411138535
0.0955718532204628
0.0949559360742569
0.09470096975564957
0.09437258541584015
0.09405083954334259
0.09358056634664536
0.0933695137500763
0.0932588130235672
0.0931607186794281
0.0931878387928009
0.09334275871515274
0.09235640615224838
0.09248197078704834
0.09213808923959732
0.09197625517845154
0.09148406982421875
0.09156132489442825
0.0940338596701622
no squeeze
3.449446678161621
0.2702445685863495
0.2421758621931076
0.21280908584594727
0.21158502995967865
0.2122001349925995
0.21408997476100922
0.21404790878295898
