no squeeze
11.370845794677734
2.8640124797821045
1.4961340427398682
1.0239440202713013
0.9065881967544556
0.677269458770752
0.7506864666938782
0.6955804824829102
0.6170963644981384
0.5797315239906311
0.49613314867019653
0.5489974617958069
0.7532030940055847
0.5526596903800964
0.5931864380836487
0.6545373201370239
0.5874070525169373
0.641381561756134
0.6296526789665222
0.5981001257896423
0.56617671251297
no squeeze
10.886290550231934
2.242264747619629
1.4040658473968506
1.0214924812316895
0.8473848700523376
0.7032039165496826
0.6607228517532349
0.6312351226806641
0.6968422532081604
0.6215211749076843
0.5359932780265808
0.5408162474632263
0.5326507687568665
0.5343541502952576
0.5749797821044922
0.5200176239013672
0.5169007182121277
0.5361111164093018
0.5816693305969238
0.5020720958709717
0.5127526521682739
0.6115970611572266
0.5231688618659973
0.5400534868240356
0.49240148067474365
0.4905603229999542
0.4875532388687134
0.5435434579849243
0.45644858479499817
0.49529334902763367
0.4988298714160919
0.4340554177761078
0.435110867023468
0.5204169750213623
0.45772531628608704
0.47174403071403503
0.5307133793830872
0.48621127009391785
0.4808247685432434
0.4080048203468323
0.40916967391967773
0.4288770854473114
0.39795178174972534
0.39415493607521057
0.4731500744819641
0.509463906288147
0.5458284616470337
0.4110269844532013
0.4929243326187134
0.4212273061275482
0.4610193073749542
0.465442419052124
0.5101982355117798
0.4986211061477661
no squeeze
14.084941864013672
4.004977703094482
2.3027429580688477
1.6505118608474731
1.6848949193954468
1.586217999458313
1.4171463251113892
1.2960622310638428
1.0553498268127441
1.1102505922317505
1.0238063335418701
1.2833609580993652
1.2361253499984741
1.1340587139129639
1.3020944595336914
1.0724761486053467
1.254202961921692
1.4690947532653809
1.208509922027588
1.3609709739685059
1.1545706987380981
no squeeze
9.970612525939941
3.1302297115325928
2.0595834255218506
1.6510030031204224
1.3356246948242188
1.1892457008361816
1.0624010562896729
0.9739552140235901
0.86806321144104
0.8563830852508545
0.8529952168464661
0.6930007934570312
0.6626313328742981
0.6365364193916321
0.5991538763046265
0.5861068964004517
0.5844281315803528
0.5522952675819397
0.5876531004905701
0.4739295244216919
0.5317859053611755
0.4822004735469818
0.4573899805545807
0.41789692640304565
0.46826592087745667
0.42742741107940674
0.43309545516967773
0.4681355357170105
0.40702083706855774
0.4226057827472687
0.42383456230163574
0.37831470370292664
0.41817668080329895
0.3497321605682373
0.419019490480423
0.29850029945373535
0.32104283571243286
0.30813223123550415
0.30949103832244873
0.33193522691726685
0.3261236250400543
0.34208130836486816
0.3053482174873352
0.3882477581501007
0.34583958983421326
0.36996138095855713
no squeeze
13.775541305541992
3.0564472675323486
1.84108304977417
1.3925379514694214
1.0384905338287354
0.9301127791404724
0.8431335091590881
0.7337868213653564
0.7445080280303955
0.6171591281890869
0.6025387048721313
0.6764044165611267
0.494371622800827
0.5884661674499512
0.54386305809021
0.42474043369293213
0.42052820324897766
0.441350519657135
0.4829866886138916
0.4975168704986572
0.4433320164680481
0.45224395394325256
0.5403435230255127
0.37923818826675415
0.4357717037200928
0.45422205328941345
0.4208778142929077
0.4148826599121094
0.35523176193237305
0.4414424002170563
0.41024187207221985
0.4410381615161896
0.4419174790382385
0.3643263876438141
0.366767942905426
0.44209662079811096
0.34248241782188416
0.4081799387931824
0.3991902470588684
0.34111830592155457
0.3359278738498688
0.33464574813842773
0.32265812158584595
0.31519559025764465
0.35135146975517273
0.3462986350059509
0.4068065583705902
0.30205848813056946
0.35970813035964966
0.3193175494670868
0.31926819682121277
0.3777695298194885
0.29136836528778076
0.3367970585823059
0.396746426820755
0.33699846267700195
0.2965255677700043
0.37530606985092163
0.2921893000602722
0.3534244894981384
0.2693668007850647
0.3388921618461609
0.3339826762676239
0.3113677501678467
0.32338136434555054
0.3340825140476227
0.3308963477611542
0.3429161310195923
0.279589980840683
0.31994298100471497
0.3042982816696167
no squeeze
15.150196075439453
2.5849692821502686
1.328879475593567
0.7659053802490234
0.7941712141036987
0.5719500780105591
1.1003797054290771
0.8868388533592224
0.8541277647018433
0.48971542716026306
0.8766214847564697
0.9468200206756592
0.5881487131118774
1.0175001621246338
0.8326840996742249
0.6401678323745728
1.3802340030670166
0.59279465675354
0.6490249037742615
0.7564451694488525
