no squeeze
488.64483642578125
332.5458984375
293.96417236328125
169.50482177734375
146.42160034179688
91.03134155273438
83.23030090332031
63.91590118408203
60.38107681274414
49.42607879638672
46.99978256225586
38.9268798828125
37.09185028076172
30.899930953979492
29.492862701416016
24.64867401123047
23.55597496032715
19.839807510375977
18.995512008666992
16.066020965576172
15.388421058654785
13.135759353637695
12.60826587677002
10.843184471130371
10.425771713256836
8.979903221130371
8.663016319274902
7.569169521331787
7.304349899291992
6.3648247718811035
6.166603088378906
5.4227681159973145
5.259554862976074
4.683136463165283
4.535410404205322
4.049190998077393
3.9341623783111572
3.5285146236419678
3.436828136444092
3.1132054328918457
3.03910756111145
2.7733049392700195
2.712739944458008
2.504082202911377
2.4518516063690186
2.2772388458251953
2.2377607822418213
2.0919370651245117
2.0575344562530518
1.9358940124511719
1.9099743366241455
1.8137859106063843
1.7892848253250122
1.7128030061721802
1.6943258047103882
1.6279116868972778
1.6078370809555054
1.5462934970855713
1.533231496810913
1.489422082901001
1.4769669771194458
1.4318068027496338
1.4227375984191895
1.3858290910720825
1.3771476745605469
1.3461271524429321
1.3391501903533936
1.3137401342391968
1.3084137439727783
1.2847092151641846
1.2779179811477661
1.2600306272506714
1.2544833421707153
1.235917091369629
1.2328969240188599
1.2166309356689453
1.2134592533111572
1.1997089385986328
1.197196125984192
1.183597207069397
1.1817353963851929
1.1711496114730835
1.1682260036468506
1.1603507995605469
1.1577590703964233
1.148149013519287
1.1458911895751953
1.1391122341156006
1.1373443603515625
1.1308542490005493
1.1291356086730957
1.1240653991699219
1.121834635734558
1.1175932884216309
1.1158037185668945
1.1111279726028442
1.1100428104400635
1.1056208610534668
1.1047394275665283
1.0992425680160522
1.09864342212677
1.0962424278259277
1.094731330871582
1.0922051668167114
1.0910049676895142
1.0870784521102905
1.086235761642456
1.0841991901397705
1.0843925476074219
1.0817909240722656
1.0808292627334595
1.0779316425323486
1.0772085189819336
1.074868083000183
1.0744775533676147
1.0733669996261597
1.0722429752349854
1.0713304281234741
1.0707762241363525
1.072691559791565
1.0695756673812866
1.067422866821289
1.0666486024856567
1.0655109882354736
1.0655213594436646
1.0639973878860474
1.0649497509002686
1.0623899698257446
1.0632182359695435
1.061147689819336
1.0620161294937134
1.0602456331253052
1.0586310625076294
1.0599347352981567
1.0590471029281616
1.0585542917251587
1.0577235221862793
1.0575988292694092
1.058154821395874
1.0552729368209839
1.0554442405700684
1.05446457862854
1.0556175708770752
1.0539640188217163
1.0563485622406006
1.054287075996399
no squeeze
491.2677917480469
355.58575439453125
318.4841613769531
187.7406463623047
161.538330078125
96.74246215820312
87.58572387695312
65.42768096923828
61.52576446533203
49.55503845214844
47.07506561279297
38.75464630126953
36.922298431396484
30.611122131347656
29.161916732788086
24.132570266723633
22.981449127197266
18.995582580566406
18.08578872680664
14.949019432067871
14.231095314025879
11.782676696777344
11.225309371948242
9.334161758422852
8.91295337677002
7.479523181915283
7.158696174621582
6.069203853607178
5.820897579193115
4.992297172546387
4.798426151275635
4.151623249053955
4.01036262512207
3.5172770023345947
3.408501625061035
3.0245614051818848
2.9423062801361084
2.6573214530944824
2.5914995670318604
2.3589420318603516
2.306033134460449
2.1269524097442627
2.0873305797576904
1.9496281147003174
1.9194494485855103
1.8183106184005737
1.795301914215088
1.7074719667434692
1.6886036396026611
1.6235915422439575
1.6100112199783325
1.5609112977981567
1.5494117736816406
1.507858395576477
1.4991146326065063
1.4670685529708862
1.4604798555374146
1.4371212720870972
1.4295028448104858
1.4104868173599243
1.4040369987487793
1.390186071395874
1.3848588466644287
1.3742691278457642
1.369489073753357
1.3561732769012451
1.3539392948150635
1.3448046445846558
1.3439528942108154
1.3347395658493042
1.3319382667541504
1.3293004035949707
1.325191855430603
1.3170952796936035
1.3162117004394531
1.3109878301620483
1.3095653057098389
1.305451512336731
1.3041467666625977
1.3005057573318481
1.2981797456741333
1.2946776151657104
1.2940220832824707
1.2904645204544067
1.2892470359802246
1.286586046218872
1.2845828533172607
1.2830097675323486
1.2816555500030518
1.2786277532577515
1.2770311832427979
1.2752784490585327
1.2744587659835815
1.2719027996063232
1.2711254358291626
1.2695120573043823
1.2682443857192993
1.2650636434555054
1.264573574066162
1.261650562286377
1.2611709833145142
1.2590692043304443
1.2583651542663574
1.25762140750885
1.2547892332077026
1.2547190189361572
1.2535216808319092
1.2504299879074097
1.2495372295379639
1.2458919286727905
1.2464607954025269
1.2444554567337036
1.2434322834014893
1.2414648532867432
1.2412558794021606
1.2384095191955566
1.2377309799194336
1.2361786365509033
1.2367392778396606
1.2336572408676147
1.2351505756378174
1.2318562269210815
1.2338625192642212
1.228371500968933
1.2274353504180908
1.2260669469833374
1.2255194187164307
1.2233130931854248
1.2219990491867065
1.2208540439605713
1.221182942390442
1.2183449268341064
1.2175841331481934
1.2161409854888916
1.2152234315872192
1.213687539100647
1.2138476371765137
1.212868094444275
1.210637092590332
1.2091538906097412
1.2084956169128418
1.2079821825027466
1.2063279151916504
1.20768404006958
1.205261468887329
1.2033864259719849
1.202820062637329
1.2014381885528564
1.2004420757293701
1.1999977827072144
1.2020702362060547
1.1975833177566528
1.1977261304855347
1.1968313455581665
1.1975113153457642
1.1964876651763916
1.1942745447158813
1.1925513744354248
1.1917223930358887
1.1924347877502441
1.191388487815857
1.1902003288269043
1.191994309425354
1.1883165836334229
1.1885895729064941
1.1875543594360352
1.1867893934249878
1.1853728294372559
1.1853218078613281
1.1841015815734863
1.183102011680603
1.1819162368774414
1.1815892457962036
1.1819573640823364
1.1823465824127197
1.180175542831421
1.1800992488861084
1.180403232574463
1.1798317432403564
1.1788047552108765
1.1781502962112427
1.1771278381347656
1.1771290302276611
1.176490068435669
1.1758882999420166
1.1750497817993164
1.1747738122940063
1.1762511730194092
1.1758756637573242
1.1728200912475586
1.1728109121322632
1.1735389232635498
1.1730695962905884
1.175110936164856
no squeeze
491.2750244140625
371.3412780761719
338.1007080078125
213.84884643554688
186.04443359375
107.91614532470703
94.66981506347656
62.91670227050781
57.657291412353516
42.81927490234375
39.90928268432617
30.736783981323242
28.797096252441406
22.516862869262695
21.17482566833496
16.764455795288086
15.796351432800293
12.602472305297852
11.925827980041504
9.66166877746582
9.159250259399414
7.5004496574401855
7.137898921966553
5.929624080657959
5.6649675369262695
4.7929911613464355
4.592883110046387
3.9357688426971436
3.7870514392852783
3.2853589057922363
3.176687479019165
2.8176279067993164
2.7277145385742188
2.42753005027771
2.3618600368499756
2.1355643272399902
2.086313247680664
1.9223716259002686
1.8782585859298706
1.7357386350631714
1.7035770416259766
1.597065806388855
1.5695661306381226
1.4791364669799805
1.4571903944015503
1.3808941841125488
1.3648277521133423
1.3116843700408936
1.2964792251586914
1.246728539466858
1.2355165481567383
1.1938740015029907
1.1848104000091553
1.1522531509399414
1.144870400428772
1.117175817489624
1.109727144241333
1.085627555847168
1.0798276662826538
1.0594758987426758
1.0537569522857666
1.0358856916427612
1.031522274017334
1.0173410177230835
1.0138959884643555
0.9998005628585815
0.996066689491272
0.9856575131416321
0.9823909401893616
0.9723511934280396
0.9697511196136475
0.9617263078689575
0.9592656493186951
0.9509108066558838
0.9485777020454407
0.9417605996131897
0.9397450089454651
0.93446946144104
0.9325088858604431
0.9262886643409729
0.92566978931427
0.9214819073677063
0.9202976822853088
0.9151690602302551
0.9137006402015686
0.9096745252609253
0.9088013768196106
0.9062389135360718
0.9045001864433289
0.901625394821167
0.9005962014198303
0.8981278538703918
0.8977850079536438
0.8939021825790405
0.8932445645332336
0.891516923904419
0.8918524384498596
0.8897422552108765
0.8889894485473633
0.8871626257896423
0.8863652944564819
0.8844791650772095
0.883780837059021
0.8836472630500793
0.8826651573181152
0.881783127784729
0.8814851641654968
0.8794358372688293
0.8798694610595703
0.8786627054214478
0.8781916499137878
0.8772292733192444
0.876581072807312
0.8758256435394287
0.876279354095459
0.8757611513137817
0.8751017451286316
0.8747845888137817
0.8733636140823364
0.8743939995765686
0.8732314705848694
0.8730080127716064
0.872695803642273
0.8715639114379883
0.8714859485626221
0.8723118901252747
0.8709827065467834
0.8706611394882202
0.8701760172843933
0.8705125451087952
0.8696666359901428
0.8695319890975952
0.8696208596229553
0.8687334656715393
0.8700875639915466
0.8690887093544006
no squeeze
494.3289489746094
406.9950866699219
378.87213134765625
258.6486511230469
228.96006774902344
142.80517578125
128.83372497558594
96.70845031738281
91.51864624023438
76.46318817138672
73.39685821533203
63.38465881347656
61.192115783691406
53.93610382080078
52.29823303222656
46.83548355102539
45.60611343383789
41.43004608154297
40.4882698059082
37.261234283447266
36.5325927734375
34.01167297363281
33.44009780883789
31.460601806640625
31.004175186157227
29.441082000732422
29.098125457763672
27.811634063720703
27.51991081237793
26.50442123413086
26.26271629333496
25.434383392333984
25.261430740356445
24.52330207824707
24.35103416442871
23.746259689331055
23.60309600830078
23.087509155273438
22.953645706176758
22.48772621154785
22.35980987548828
21.976177215576172
21.82763671875
21.421947479248047
21.30792236328125
20.915266036987305
20.80156707763672
20.40443229675293
20.289478302001953
19.880224227905273
19.762849807739258
19.375732421875
19.29267692565918
18.786062240600586
18.658050537109375
18.17595672607422
18.047006607055664
17.54265022277832
17.412425994873047
16.85711097717285
16.698162078857422
16.14864158630371
15.941837310791016
15.32202434539795
15.147709846496582
14.453337669372559
14.255621910095215
13.544896125793457
13.347448348999023
12.566983222961426
12.362442970275879
11.576957702636719
11.359356880187988
10.506485939025879
10.298507690429688
9.482413291931152
9.269826889038086
8.482171058654785
8.255049705505371
7.494725704193115
7.2748260498046875
6.514645576477051
6.333163738250732
5.661869525909424
5.500579357147217
4.893348693847656
4.753412246704102
4.234582901000977
4.1079559326171875
3.6689937114715576
3.563178062438965
3.206570625305176
3.1197545528411865
2.8326032161712646
2.77504301071167
2.525383472442627
2.476409912109375
2.2837038040161133
2.250765800476074
2.0901029109954834
2.0574898719787598
1.9553396701812744
1.923717737197876
1.827829122543335
1.8111063241958618
1.7372024059295654
1.7186429500579834
1.6620445251464844
1.6470338106155396
1.6004574298858643
1.591315507888794
1.55283522605896
1.548841953277588
1.5202018022537231
1.5102001428604126
1.4878435134887695
1.4829893112182617
1.4646239280700684
1.4636014699935913
1.4444453716278076
1.4439233541488647
1.4272160530090332
1.4237465858459473
1.4123374223709106
1.413292407989502
1.4057378768920898
1.4041410684585571
1.4007948637008667
1.3945426940917969
1.3872781991958618
1.3872911930084229
1.3817510604858398
1.3814964294433594
1.3782362937927246
1.3783068656921387
1.374359369277954
1.3762311935424805
1.3721333742141724
1.374045491218567
1.3701516389846802
1.3677008152008057
1.3636066913604736
1.3791015148162842
1.3860019445419312
no squeeze
492.87408447265625
365.4458312988281
336.1078186035156
235.0804901123047
213.04837036132812
146.4615020751953
134.27662658691406
101.66007232666016
95.85652160644531
78.80408477783203
75.26358032226562
63.865562438964844
61.3360595703125
52.937374114990234
51.08598709106445
44.79806900024414
43.37731170654297
38.57655715942383
37.49488067626953
33.814735412597656
32.96751403808594
30.095584869384766
29.408557891845703
27.058795928955078
26.528287887573242
24.5676212310791
24.09359359741211
22.44285774230957
22.033584594726562
20.539968490600586
20.177013397216797
18.838150024414062
18.495712280273438
17.21204948425293
16.892093658447266
15.669139862060547
15.361570358276367
14.204503059387207
13.889878273010254
12.761013984680176
12.467425346374512
11.330901145935059
11.046661376953125
9.991096496582031
9.733163833618164
8.794710159301758
8.522445678710938
7.614615440368652
7.386662483215332
6.583399772644043
6.3978047370910645
5.7211079597473145
5.5807785987854
4.984750270843506
4.8426899909973145
4.346120834350586
4.240889072418213
3.8299810886383057
3.733574390411377
3.407465934753418
3.3298544883728027
3.056124687194824
2.9949779510498047
2.7834219932556152
2.735278844833374
2.5599708557128906
2.516533374786377
2.3738653659820557
2.3423960208892822
2.227599620819092
2.1994807720184326
2.106752872467041
2.0863678455352783
2.0067548751831055
1.9868409633636475
1.9211841821670532
1.907069206237793
1.8536080121994019
1.8414467573165894
1.7989484071731567
1.7868221998214722
1.7492403984069824
1.7393454313278198
1.706364393234253
1.6991583108901978
1.6735873222351074
1.6654307842254639
1.6405771970748901
1.6363170146942139
1.6147364377975464
1.6086256504058838
1.5944677591323853
1.5850287675857544
1.570810317993164
1.5680506229400635
1.5505098104476929
1.5506176948547363
1.535715103149414
1.5334804058074951
1.5196911096572876
1.5171189308166504
1.507144808769226
1.5033726692199707
1.4950063228607178
1.4915966987609863
1.4848369359970093
1.4847575426101685
1.4733060598373413
1.4722874164581299
1.4647865295410156
1.4696767330169678
1.4564639329910278
1.4541939496994019
1.4512580633163452
1.4458489418029785
1.444326639175415
1.443506121635437
1.4333857297897339
1.433448076248169
1.4275676012039185
1.4278806447982788
1.4224486351013184
1.4253102540969849
1.4166947603225708
1.4196901321411133
1.4195101261138916
no squeeze
493.7691345214844
254.62353515625
209.13682556152344
101.86637115478516
88.71170043945312
62.93926239013672
59.19199752807617
48.23653793334961
46.017120361328125
38.951480865478516
37.51987838745117
32.955379486083984
32.02238464355469
29.18686294555664
28.650930404663086
27.088274002075195
26.747989654541016
26.08323860168457
25.763751983642578
25.304773330688477
25.226665496826172
25.01416778564453
24.97747802734375
24.886432647705078
24.981290817260742
24.8399658203125
24.81548309326172
24.810169219970703
24.780807495117188
24.810346603393555
24.769975662231445
24.77667999267578
24.820302963256836
24.751115798950195
24.750261306762695
24.764568328857422
24.73845672607422
24.756431579589844
24.84695816040039
24.7364444732666
24.756996154785156
24.801490783691406
