no squeeze
7.456888675689697
1.723233938217163
0.9145877361297607
0.5922510027885437
0.47614070773124695
0.3991963565349579
0.357665479183197
0.4108579158782959
0.37736767530441284
0.46179407835006714
0.3369619846343994
0.3798605799674988
0.37239933013916016
0.3461359739303589
0.33569207787513733
0.37153109908103943
0.3955308794975281
0.2995944619178772
0.32075268030166626
0.2808135747909546
0.2771966755390167
0.24474506080150604
0.3193163573741913
0.3631146550178528
0.3570951223373413
0.27108749747276306
0.40353068709373474
0.32626625895500183
0.2650772035121918
0.2774626910686493
0.32818377017974854
0.35825997591018677
no squeeze
5.902020454406738
1.4515737295150757
0.7984963655471802
0.5441700220108032
0.40879765152931213
0.40410247445106506
0.41641339659690857
0.31518369913101196
0.42471906542778015
0.34377390146255493
0.32656270265579224
0.4242027699947357
0.33624815940856934
0.4172813594341278
0.3324248492717743
0.28134164214134216
0.3206312954425812
0.34565481543540955
0.2424030601978302
0.2548806965351105
0.3768409192562103
0.37709468603134155
0.28430378437042236
0.22832320630550385
0.29981645941734314
0.22877876460552216
0.3551708459854126
0.27409619092941284
0.26870399713516235
0.3183823823928833
0.30881205201148987
0.25341758131980896
0.27322515845298767
0.2674819529056549
no squeeze
7.388247013092041
2.6483376026153564
1.6014195680618286
1.2016992568969727
0.981209397315979
0.9956768155097961
0.862519383430481
0.928064227104187
0.7738804817199707
0.8088434338569641
0.6767563223838806
0.7277718186378479
0.5644124746322632
0.46021568775177
0.5928313732147217
0.8943061232566833
0.5895835161209106
0.46036961674690247
0.5902624726295471
0.5341823697090149
0.3744332790374756
0.5629662871360779
0.4391273856163025
0.35953640937805176
0.5688355565071106
0.8414245247840881
0.46741783618927
0.4373393952846527
0.7744460105895996
0.4073967933654785
0.3326435387134552
0.6117218732833862
0.6005127429962158
0.47129276394844055
0.5071659088134766
0.4966772496700287
0.4913444519042969
0.5473155975341797
0.5276461243629456
0.4562285244464874
0.4830447733402252
no squeeze
6.228734970092773
2.0333304405212402
1.3968867063522339
1.0442627668380737
0.8064991235733032
0.7687215209007263
0.5913751721382141
0.5095850229263306
0.4619976878166199
0.45135384798049927
0.41818708181381226
0.41441991925239563
0.33027684688568115
0.3328285217285156
0.3532330095767975
0.33145588636398315
0.2789943218231201
0.3418733775615692
0.3235994279384613
0.30342721939086914
0.29730361700057983
0.2683795392513275
0.26518091559410095
0.23988091945648193
0.2470065802335739
0.277781218290329
0.26425033807754517
0.2306988388299942
0.2694327235221863
0.3146805465221405
0.238055020570755
0.24511906504631042
0.2607446312904358
0.23750431835651398
0.2452998161315918
0.24282245337963104
0.21475578844547272
0.19786500930786133
0.2342940717935562
0.2730541527271271
0.2420007288455963
0.23266886174678802
0.22368910908699036
0.2460334300994873
0.21936798095703125
0.22532178461551666
0.22937704622745514
0.22909481823444366
no squeeze
8.886293411254883
2.3244330883026123
1.4263032674789429
1.0324474573135376
0.7893467545509338
0.692631185054779
0.6379159092903137
0.5020719170570374
0.47226759791374207
0.48488977551460266
0.4464801847934723
0.4468364417552948
0.45959407091140747
0.4066510498523712
0.3817293047904968
0.4177783727645874
0.3589060604572296
0.3767508268356323
0.3959532082080841
0.3276684284210205
0.3144439160823822
0.3207818567752838
0.3401828110218048
0.3517144024372101
0.3627854287624359
0.36571040749549866
0.33807215094566345
0.29686373472213745
0.25987890362739563
0.33148983120918274
0.26820409297943115
0.32127368450164795
0.2519892752170563
0.2872846722602844
0.2735118269920349
0.23989726603031158
0.23960499465465546
0.2739114761352539
0.34014183282852173
0.26820188760757446
0.25674861669540405
0.24571891129016876
0.24385236203670502
0.22170071303844452
0.2446540743112564
0.23695002496242523
0.23638111352920532
0.26878851652145386
0.30455297231674194
0.2306557148694992
0.2794954478740692
0.2381569743156433
0.2541034519672394
0.27054721117019653
no squeeze
7.99905252456665
1.2173619270324707
0.7373180389404297
0.4416409134864807
0.45043691992759705
0.47534725069999695
0.5209906697273254
0.34065669775009155
0.30850329995155334
0.48590266704559326
0.5077370405197144
0.2651142179965973
0.4720518887042999
0.38462117314338684
0.40814611315727234
0.6370959281921387
0.39933285117149353
0.3316172957420349
0.40108928084373474
0.24882110953330994
0.22143393754959106
0.29818591475486755
0.3392116129398346
0.5041508674621582
0.4088975787162781
0.28872761130332947
0.2431783229112625
0.42931067943573
0.398678719997406
0.19188812375068665
0.5173187255859375
0.44823628664016724
0.30051031708717346
0.25008246302604675
0.32309260964393616
0.33520838618278503
0.4512370228767395
0.328620970249176
0.36657676100730896
0.46048542857170105
