no squeeze
12.502511024475098
3.0447120666503906
1.625941514968872
0.8468384146690369
0.7464655637741089
0.37929263710975647
0.3531310260295868
0.2766665518283844
0.209477961063385
0.19940578937530518
0.19265082478523254
0.19359804689884186
0.22834530472755432
0.16524401307106018
0.1526905596256256
0.11058506369590759
0.152728870511055
0.15006615221500397
0.12094045430421829
0.2714151442050934
0.13523559272289276
0.0768851786851883
0.22825707495212555
0.11742670089006424
0.08446603268384933
0.10180655866861343
0.0699341744184494
0.1397116631269455
0.07378268241882324
0.06686747819185257
0.08190057426691055
0.06754367053508759
0.0796915739774704
0.1097932755947113
0.05848133936524391
0.051736075431108475
0.07138311862945557
0.07443785667419434
0.06899763643741608
0.024653742089867592
0.058584943413734436
0.0353580005466938
0.043707698583602905
0.03431662172079086
0.03654157370328903
0.027194155380129814
0.10744518786668777
0.0919833704829216
0.04122454300522804
0.09476784616708755
no squeeze
10.254953384399414
3.2241125106811523
1.746146321296692
1.270829439163208
0.8578742742538452
0.8120203018188477
0.6181857585906982
0.5276053547859192
0.6903693079948425
0.4905991852283478
0.5054843425750732
0.5665192604064941
0.500918984413147
0.3985427916049957
0.4730980694293976
0.5327979922294617
0.529332160949707
0.50579434633255
0.4299188554286957
0.542702317237854
0.5220621228218079
0.4941432476043701
0.5166705250740051
0.3978034555912018
0.4793242812156677
0.47333166003227234
0.41232094168663025
0.3892192840576172
0.4476073086261749
0.43362802267074585
0.3721637427806854
0.3713679015636444
0.4177953600883484
0.5341876149177551
0.44828107953071594
0.5174968242645264
0.39151522517204285
0.6916847825050354
0.4126579761505127
0.4118943214416504
0.497159481048584
0.41991567611694336
no squeeze
11.448406219482422
3.871875286102295
2.336517572402954
2.1071112155914307
1.7035454511642456
1.457948088645935
1.616296410560608
0.9389092326164246
0.9667911529541016
0.801508903503418
0.8933249115943909
1.0009571313858032
1.206681728363037
0.8176766633987427
0.6114406585693359
0.565322995185852
0.4847235381603241
0.8038937449455261
0.6560328006744385
0.5620805025100708
0.6621204614639282
0.428009569644928
0.35661599040031433
0.7095399498939514
0.3935934007167816
0.511792778968811
0.4693038761615753
0.6042916774749756
0.43593642115592957
0.41962748765945435
0.3814847469329834
0.35905593633651733
0.2914679944515228
0.37236249446868896
0.3484591543674469
0.4172542691230774
0.31190919876098633
0.21955358982086182
0.2959233820438385
0.6129840016365051
0.3181949257850647
0.3364502191543579
0.3272170424461365
0.32361456751823425
0.2484220266342163
0.2756681442260742
0.29534509778022766
0.5866857171058655
no squeeze
11.439714431762695
4.36179780960083
3.2370481491088867
2.6180429458618164
2.178239583969116
1.8496450185775757
1.4754581451416016
1.303663730621338
1.2804415225982666
1.1213394403457642
1.0005536079406738
0.9885029792785645
0.8666818737983704
0.8085677623748779
0.8357170224189758
0.7006538510322571
0.6722792387008667
0.6542117595672607
0.6750161051750183
0.7223183512687683
0.6475209593772888
0.5762295126914978
0.6476974487304688
0.5677929520606995
0.5549293160438538
0.5554437041282654
0.5835298895835876
0.5301092863082886
0.5460168123245239
0.5635966658592224
0.505068838596344
0.5317316651344299
0.5629127621650696
0.5168505311012268
0.5182833671569824
0.4776674211025238
0.40250226855278015
0.4728662967681885
0.48876503109931946
0.4161624610424042
0.4131351113319397
0.41391921043395996
0.4373222887516022
0.3781129717826843
0.4069484770298004
0.4866599440574646
0.41005441546440125
0.38959363102912903
0.3912838399410248
0.3486180305480957
0.3912402391433716
0.3583315312862396
0.3691202402114868
0.41307955980300903
0.3650413453578949
0.33782830834388733
0.3946814239025116
0.34968113899230957
0.37658458948135376
0.3154730498790741
0.33597779273986816
0.33869469165802
0.3269510269165039
0.33282017707824707
0.29132160544395447
0.319501668214798
0.39796626567840576
0.3497346341609955
0.30740249156951904
0.32803016901016235
0.3099712133407593
0.2880072593688965
0.32524511218070984
0.3165884017944336
0.2792105972766876
0.30256205797195435
0.2861260771751404
0.313272625207901
0.28383657336235046
0.2958259582519531
0.2733308672904968
0.3157350718975067
0.2635570764541626
0.24525271356105804
0.27659809589385986
0.27858126163482666
0.24952195584774017
0.2665681838989258
0.2677152752876282
0.23793978989124298
0.2523491680622101
0.2622985243797302
0.2386733740568161
0.2369305044412613
0.2659338414669037
0.23036852478981018
0.2651778757572174
0.21314938366413116
0.21402785181999207
0.21764568984508514
0.22976535558700562
0.21743471920490265
0.23683711886405945
0.22220948338508606
0.21242795884609222
0.21447178721427917
0.2170654684305191
0.21478883922100067
0.2188062220811844
0.20359930396080017
0.20742098987102509
0.22869454324245453
0.21345685422420502
0.2235322743654251
0.18531367182731628
0.20352667570114136
0.20421414077281952
0.18608103692531586
0.19272200763225555
0.15888535976409912
0.18302038311958313
0.18597979843616486
0.20008008182048798
0.17177177965641022
0.20646680891513824
0.18762163817882538
0.17851276695728302
0.19699180126190186
0.1766905039548874
0.17085278034210205
no squeeze
13.217697143554688
3.7787468433380127
2.4717092514038086
1.8945082426071167
1.4789714813232422
1.3220235109329224
1.2320274114608765
1.0242016315460205
0.8923333883285522
0.8904381990432739
0.8853575587272644
0.7839455604553223
0.7068970203399658
0.6628116369247437
0.631590723991394
0.6452271342277527
0.5996914505958557
0.5723613500595093
0.5574319958686829
0.542321503162384
0.5313727855682373
0.5962241888046265
0.475017249584198
0.5241760015487671
0.49383747577667236
0.471830278635025
0.45312947034835815
0.46989941596984863
0.44772377610206604
0.44409337639808655
0.38805004954338074
0.5038012862205505
0.3913634419441223
0.43858519196510315
0.372079074382782
0.3746536672115326
0.45800405740737915
0.40722957253456116
0.35620689392089844
0.3877831697463989
0.3491440415382385
0.31992098689079285
0.35188379883766174
0.369325190782547
0.3463411331176758
0.3304975926876068
0.329152911901474
0.37253445386886597
0.3257424235343933
0.33752360939979553
0.3189854919910431
0.2623899281024933
0.317175030708313
0.3150155544281006
0.3461747467517853
0.30141007900238037
0.26365917921066284
0.29809311032295227
0.2919178605079651
0.3058750331401825
0.27378249168395996
0.27068689465522766
no squeeze
9.849970817565918
2.7407467365264893
1.0006933212280273
1.2984288930892944
1.0126539468765259
0.5770631432533264
1.3476561307907104
1.166953682899475
0.7456115484237671
0.7533364295959473
0.7554832696914673
0.6645679473876953
1.1660435199737549
1.1017616987228394
0.5808315277099609
0.9772495627403259
