no squeeze
135.08653259277344
51.2307243347168
38.671546936035156
18.171884536743164
15.914811134338379
10.329174995422363
9.378434181213379
6.876580715179443
6.4315643310546875
5.216314315795898
4.9937357902526855
4.3782243728637695
4.263919830322266
3.9387600421905518
3.8782529830932617
3.7149887084960938
3.6884729862213135
3.5927634239196777
3.578157424926758
3.532453775405884
3.5231070518493652
3.4983866214752197
3.498976707458496
3.483485698699951
3.480381488800049
3.4765079021453857
3.4755055904388428
3.4687416553497314
3.4649603366851807
3.46425724029541
3.4632785320281982
3.464003086090088
3.463555335998535
3.4653046131134033
no squeeze
133.84788513183594
49.540069580078125
37.40095138549805
19.25011444091797
17.604145050048828
14.068258285522461
13.53667163848877
12.155547142028809
11.92413330078125
11.278280258178711
11.146566390991211
10.788542747497559
10.713944435119629
10.500906944274902
10.453499794006348
10.317449569702148
10.289302825927734
10.190016746520996
10.179558753967285
10.102378845214844
10.084002494812012
10.040200233459473
10.02341365814209
9.987736701965332
9.978775024414062
9.94770622253418
9.942840576171875
9.927825927734375
9.915501594543457
9.894676208496094
9.891519546508789
9.879582405090332
9.86953353881836
9.858016014099121
9.857064247131348
9.843194961547852
9.840703010559082
9.835711479187012
9.834163665771484
9.847006797790527
9.831639289855957
9.815535545349121
9.828166007995605
9.815716743469238
no squeeze
135.52674865722656
63.27799606323242
49.7359619140625
21.339599609375
18.278892517089844
11.986209869384766
10.998485565185547
8.15422248840332
7.593570709228516
5.8607378005981445
5.5037126541137695
4.366559028625488
4.128498554229736
3.3661139011383057
3.2019190788269043
2.677090644836426
2.5663821697235107
2.2060794830322266
2.1297686100006104
1.8815172910690308
1.8279236555099487
1.655437707901001
1.6162012815475464
1.4890185594558716
1.461569905281067
1.3707166910171509
1.3494541645050049
1.278149962425232
1.263407588005066
1.2114087343215942
1.1985822916030884
1.1566286087036133
1.147534728050232
1.1150262355804443
1.1071619987487793
1.0811998844146729
1.0754332542419434
1.0556461811065674
1.0498034954071045
1.03142511844635
1.027268886566162
1.0136902332305908
1.0093339681625366
0.9966124296188354
0.9931733012199402
0.9836642742156982
0.9815772771835327
0.9721183180809021
0.9699386954307556
0.9611787796020508
0.95893394947052
0.9533930420875549
0.9509380459785461
0.9445664286613464
0.9435303211212158
0.9387883543968201
0.9363895058631897
0.9324840307235718
0.9309107065200806
0.9276394248008728
0.9267977476119995
0.9226621985435486
0.9219474196434021
0.9181874990463257
0.9168081879615784
0.9139951467514038
0.9135980010032654
0.9119194149971008
0.9102187752723694
0.9076783061027527
0.9072718620300293
0.9049673676490784
0.904647946357727
0.9027391076087952
0.9024115204811096
0.9018160104751587
0.9000617861747742
0.8987350463867188
0.8985182642936707
0.8971657752990723
0.8973206281661987
0.8959169387817383
0.895339846611023
0.8946378827095032
0.8947174549102783
0.892950177192688
0.8926478028297424
0.8921396732330322
0.8915507197380066
0.8924558758735657
0.8912811279296875
0.8901861310005188
0.8903983235359192
0.8896889686584473
0.8897511959075928
0.8892598152160645
0.8881674408912659
0.8893411755561829
0.8890269994735718
0.8881648778915405
0.8886300325393677
0.8878419399261475
0.8875511288642883
0.8866351246833801
0.8862593770027161
0.8865799307823181
0.8863213062286377
0.8864255547523499
no squeeze
136.28485107421875
107.07573699951172
97.55827331542969
60.47883987426758
53.74439239501953
39.40721130371094
37.31745147705078
31.73719024658203
30.736663818359375
27.71742057800293
27.087669372558594
25.043001174926758
24.59667205810547
23.07198143005371
22.72770881652832
21.52838134765625
21.238981246948242
20.229787826538086
19.981983184814453
19.13889503479004
18.930871963500977
18.197086334228516
18.017681121826172
17.37778663635254
17.222747802734375
16.666568756103516
16.532268524169922
16.0402774810791
15.917285919189453
15.485485076904297
15.376577377319336
14.987645149230957
14.887834548950195
14.547348976135254
14.462311744689941
14.165987014770508
14.08229923248291
13.805608749389648
13.742589950561523
13.487372398376465
13.418872833251953
13.186356544494629
13.126376152038574
12.919046401977539
12.867781639099121
12.667352676391602
12.614402770996094
12.434710502624512
12.398005485534668
12.218019485473633
12.167553901672363
12.004054069519043
11.958181381225586
11.804886817932129
11.759142875671387
11.616195678710938
11.5724515914917
11.431109428405762
11.395423889160156
11.258888244628906
11.222524642944336
11.096671104431152
11.066637992858887
10.941638946533203
10.907674789428711
10.79936695098877
10.761722564697266
10.65676498413086
10.618462562561035
10.52095890045166
10.493427276611328
10.382863998413086
10.375448226928711
10.273360252380371
10.241950035095215
10.156210899353027
10.128121376037598
10.048007011413574
10.023161888122559
9.942766189575195
9.92393970489502
9.854493141174316
9.823491096496582
9.776148796081543
9.749635696411133
9.689859390258789
9.662285804748535
9.61070442199707
9.595664978027344
9.540215492248535
9.527088165283203
9.475478172302246
9.458754539489746
9.417885780334473
9.397466659545898
9.365009307861328
9.347518920898438
9.316189765930176
9.312798500061035
9.265874862670898
9.25655460357666
9.234119415283203
9.213303565979004
9.182807922363281
9.17260456085205
9.146048545837402
9.135296821594238
9.112940788269043
9.116710662841797
9.088656425476074
9.083730697631836
9.058725357055664
9.055367469787598
9.022333145141602
9.014312744140625
8.9989595413208
8.985629081726074
8.968347549438477
8.977208137512207
8.949087142944336
8.939379692077637
8.925466537475586
8.912518501281738
8.892401695251465
8.893598556518555
8.878320693969727
8.869457244873047
8.852356910705566
8.852568626403809
8.838074684143066
8.823363304138184
8.81440258026123
8.80353832244873
8.798232078552246
8.788670539855957
8.781567573547363
8.78641128540039
8.751492500305176
8.745912551879883
8.731464385986328
8.735465049743652
8.716139793395996
8.71190071105957
8.699970245361328
8.69497299194336
8.682901382446289
8.670699119567871
8.666210174560547
8.656392097473145
8.661673545837402
8.642702102661133
8.629965782165527
8.626286506652832
8.610499382019043
8.610321998596191
8.595166206359863
8.585347175598145
8.579885482788086
8.577258110046387
8.564163208007812
8.557867050170898
8.548850059509277
8.546747207641602
8.536358833312988
8.534750938415527
8.516763687133789
8.514132499694824
8.502105712890625
8.49925422668457
8.498983383178711
8.486255645751953
8.487787246704102
8.475768089294434
8.468860626220703
8.463075637817383
8.454427719116211
8.467633247375488
8.437725067138672
8.437662124633789
8.434595108032227
8.42605209350586
8.417057991027832
8.432064056396484
8.41914176940918
no squeeze
135.8207244873047
78.25332641601562
66.7748794555664
38.09169387817383
34.470951080322266
26.910888671875
25.74519920349121
22.3324031829834
21.64535903930664
19.455036163330078
18.992464065551758
17.475522994995117
17.137123107910156
16.03586769104004
15.781661033630371
14.940667152404785
14.749998092651367
14.123517990112305
13.978005409240723
13.494236946105957
13.382772445678711
13.004368782043457
12.91639518737793
12.616570472717285
12.546060562133789
12.311427116394043
12.255965232849121
12.058903694152832
12.013847351074219
11.849440574645996
11.809944152832031
11.677411079406738
11.64941692352295
11.537405014038086
11.506021499633789
11.4171724319458
11.390153884887695
11.30982780456543
11.283454895019531
11.200596809387207
11.191448211669922
11.11917495727539
11.107428550720215
11.059903144836426
11.038515090942383
10.985565185546875
10.975785255432129
10.931507110595703
10.91766357421875
10.883294105529785
10.8668851852417
10.829270362854004
10.821791648864746
10.78554630279541
10.785065650939941
10.749547004699707
10.744338035583496
10.724287986755371
10.711798667907715
10.686529159545898
10.679871559143066
10.66616439819336
10.654202461242676
10.628464698791504
10.62738037109375
10.612150192260742
10.603124618530273
10.583313941955566
10.58403205871582
10.56058406829834
10.558573722839355
10.547977447509766
10.544708251953125
10.525321960449219
10.51898193359375
10.508795738220215
10.505759239196777
10.49902629852295
10.49794864654541
10.496546745300293
10.483844757080078
10.467544555664062
10.466043472290039
10.451814651489258
10.453587532043457
10.4398775100708
10.43225383758545
10.432605743408203
10.433086395263672
10.429059028625488
10.421276092529297
10.415900230407715
10.416519165039062
10.404786109924316
10.405223846435547
10.405647277832031
no squeeze
129.77626037597656
33.63197326660156
31.32024574279785
26.50678825378418
25.94341278076172
24.761062622070312
24.613269805908203
24.29520606994629
24.263694763183594
24.177003860473633
24.166812896728516
24.138572692871094
24.136863708496094
24.133676528930664
24.120939254760742
24.12428855895996
24.122928619384766
24.12549591064453
