no squeeze
11.958745956420898
2.7963027954101562
2.370513439178467
1.4395159482955933
1.2850080728530884
0.8585138916969299
0.7814916968345642
0.5770361423492432
0.5465149879455566
0.47294092178344727
0.4632154703140259
0.44082388281822205
0.43806010484695435
0.4299776256084442
0.4292890727519989
0.4272075891494751
0.42639175057411194
0.4255896210670471
0.425096333026886
0.4243232011795044
0.42520296573638916
0.4231969118118286
0.4238409698009491
0.4225887954235077
0.423071026802063
0.42418235540390015
no squeeze
12.779364585876465
2.577641010284424
2.210108995437622
1.5772753953933716
1.4911141395568848
1.2920297384262085
1.2629587650299072
1.2016831636428833
1.1938209533691406
1.1786103248596191
1.1761854887008667
1.1727664470672607
1.1765711307525635
1.180767297744751
no squeeze
12.078618049621582
1.9625492095947266
1.5128580331802368
0.7101349830627441
0.6127983927726746
0.38829803466796875
0.35171982645988464
0.24955356121063232
0.23049433529376984
0.1745789647102356
0.16374067962169647
0.13088460266590118
0.12426082789897919
0.10482204705476761
0.10080834478139877
0.08850262314081192
0.0862656906247139
0.0790693610906601
0.07753758132457733
0.07248451560735703
0.0714484378695488
0.06801160424947739
0.06732197105884552
0.06471964716911316
0.06417281180620193
0.062296509742736816
0.06188523396849632
0.060576215386390686
0.060173794627189636
0.05921964347362518
0.05895021930336952
0.057738129049539566
0.05763412266969681
0.05666974186897278
0.056495301425457
0.055924080312252045
0.05569324269890785
0.055034488439559937
0.054873112589120865
0.05431972071528435
0.054210614413022995
0.0537620447576046
0.053519390523433685
0.052990950644016266
0.052995894104242325
0.05257055535912514
0.05248114839196205
0.052047450095415115
0.052018653601408005
0.05174446851015091
0.051626212894916534
0.05128369852900505
0.05125313252210617
0.05086230859160423
0.050940100103616714
0.05070720240473747
0.05058659613132477
0.05044032260775566
0.05020765960216522
0.05005785450339317
0.05011935904622078
0.04993373900651932
0.049980662763118744
0.04986237734556198
0.04965302348136902
0.04966054484248161
0.04972092807292938
0.04947033151984215
0.049405016005039215
0.04922720789909363
0.049307335168123245
0.049163684248924255
0.04913517087697983
0.049089428037405014
0.04902885481715202
0.049056343734264374
0.04897307604551315
0.048867106437683105
0.048976778984069824
0.04883114621043205
0.04890410229563713
0.04873758554458618
0.04874512553215027
0.048747140914201736
no squeeze
12.641164779663086
7.301008701324463
6.480407238006592
4.793276309967041
4.573873519897461
4.027225494384766
3.9340288639068604
3.6695964336395264
3.614025115966797
3.4476876258850098
3.4143664836883545
3.2908871173858643
3.274592399597168
3.1744630336761475
3.1493711471557617
3.0758650302886963
3.055911064147949
2.9991331100463867
2.9777638912200928
2.9295835494995117
2.906324625015259
2.8560409545898438
2.8445122241973877
2.7959699630737305
2.790043592453003
2.741352081298828
2.728390693664551
2.688229560852051
2.6679563522338867
2.62426495552063
2.606048345565796
2.5573811531066895
2.5473978519439697
2.49187970161438
2.4725446701049805
2.409531831741333
2.395826578140259
2.32969331741333
2.3033807277679443
2.235556125640869
2.203228235244751
2.1129720211029053
2.0953173637390137
1.9933277368545532
1.9767061471939087
1.878614902496338
1.8566292524337769
1.788776159286499
1.77231764793396
1.7145417928695679
1.7014944553375244
1.6840769052505493
1.6625375747680664
1.6391589641571045
1.6364552974700928
1.6221497058868408
1.6154189109802246
1.6122219562530518
1.6046990156173706
1.5938706398010254
1.5994082689285278
1.5804126262664795
1.5771359205245972
1.5704439878463745
1.5691970586776733
1.563327670097351
1.5606765747070312
1.5571355819702148
1.5593833923339844
1.545262336730957
1.5426750183105469
1.5351444482803345
1.5319595336914062
1.5284086465835571
1.5308599472045898
1.5397828817367554
no squeeze
11.91684341430664
4.641287326812744
4.198722839355469
3.3088529109954834
3.168879270553589
2.7935903072357178
2.7221460342407227
2.4923148155212402
2.4404029846191406
2.2752716541290283
2.232754707336426
2.095947027206421
2.0615768432617188
1.9473797082901
1.9225990772247314
1.8348212242126465
1.8206114768981934
1.7604707479476929
1.7600606679916382
1.7177268266677856
1.7099896669387817
1.6874996423721313
1.6812559366226196
1.6628624200820923
1.66195547580719
1.6506439447402954
1.6448829174041748
1.6350252628326416
1.6313930749893188
1.6252821683883667
1.6198844909667969
1.6141003370285034
1.6131166219711304
1.6047736406326294
1.6079213619232178
1.5992393493652344
1.5948858261108398
1.5919309854507446
1.5904712677001953
1.5850505828857422
1.5835976600646973
1.5805269479751587
1.5773431062698364
1.575179100036621
1.5795737504959106
1.5732101202011108
1.5801184177398682
1.5667203664779663
1.5653016567230225
1.5628777742385864
1.5658245086669922
1.558887004852295
1.5569833517074585
1.559929609298706
1.555389165878296
1.5544928312301636
1.5554931163787842
1.5490849018096924
1.5482596158981323
1.5548155307769775
1.5472911596298218
1.5482068061828613
1.5471994876861572
1.5443317890167236
1.5426514148712158
1.547005534172058
1.5402870178222656
1.5392696857452393
1.5395615100860596
1.5364305973052979
1.5377229452133179
1.5370842218399048
no squeeze
14.18564224243164
3.4686496257781982
3.3637595176696777
3.2879486083984375
3.2801671028137207
3.2844736576080322
3.283328056335449
3.289306163787842
