no squeeze
2.4514498710632324
0.6536849141120911
0.34004437923431396
0.2990069091320038
0.2828415036201477
0.24035599827766418
0.19059360027313232
0.20352411270141602
0.21783892810344696
0.18951596319675446
0.17795908451080322
0.1944207102060318
0.16709719598293304
0.1764378547668457
0.16678528487682343
0.1279621720314026
0.1284298151731491
0.13528908789157867
0.13423848152160645
0.14815911650657654
0.163031667470932
0.13830526173114777
0.1576523631811142
0.13214246928691864
0.14551055431365967
0.10735040158033371
0.10937017947435379
0.12643581628799438
0.1031683012843132
0.14566084742546082
0.09345974028110504
0.10080185532569885
0.09827689081430435
0.09051328897476196
0.08305312693119049
0.08656162023544312
0.09047938883304596
0.09733971208333969
0.0890568420290947
0.07857625186443329
0.1005353033542633
0.08189322054386139
0.09247733652591705
0.09874227643013
0.10753640532493591
0.08616333454847336
0.09267224371433258
0.09245290607213974
0.1038118451833725
0.09270255267620087
no squeeze
3.7380664348602295
0.8370035290718079
0.47206518054008484
0.4121873378753662
0.34513235092163086
0.3048930764198303
0.29737305641174316
0.3066655695438385
0.36034831404685974
0.28907135128974915
0.300428181886673
0.3226602077484131
0.2766183018684387
0.3213084638118744
0.23591744899749756
0.24494901299476624
0.2884194850921631
0.2645602524280548
0.21377521753311157
0.23935741186141968
0.1880197823047638
0.23106637597084045
0.195583313703537
0.21613824367523193
0.2590045630931854
0.22414489090442657
0.20572461187839508
0.1754871904850006
0.18712790310382843
0.1760934293270111
0.18180681765079498
0.20068968832492828
0.16118702292442322
0.17325188219547272
0.2195444256067276
0.21593905985355377
0.19755639135837555
0.1859852373600006
0.19486548006534576
0.1850675791501999
0.19478987157344818
0.17963944375514984
0.1895814687013626
no squeeze
4.6975321769714355
1.49021577835083
0.9647895693778992
0.6752927899360657
0.6096990704536438
0.5358438491821289
0.4896313548088074
0.6547237038612366
0.4663632810115814
0.5300844311714172
0.5043797492980957
0.5231266021728516
0.566067099571228
0.45891571044921875
0.36615002155303955
0.4114893972873688
0.38231712579727173
0.36636194586753845
0.42428815364837646
0.2716834545135498
0.29607701301574707
0.25255781412124634
0.3835703730583191
0.4922284185886383
0.3185470998287201
0.4129365086555481
0.34330183267593384
0.3191339671611786
0.390087753534317
0.36339128017425537
0.49538928270339966
0.2442508488893509
0.3507453501224518
0.5627760887145996
0.41966620087623596
0.41686204075813293
0.3427072763442993
0.2982330918312073
0.264789342880249
0.2721531391143799
0.34306254982948303
0.4412131905555725
no squeeze
4.444322109222412
1.5554877519607544
1.0416101217269897
0.8093822002410889
0.6632680892944336
0.5684534311294556
0.5324234366416931
0.4772379994392395
0.45648014545440674
0.41933485865592957
0.4347405433654785
0.3888232409954071
0.34740230441093445
0.3776376247406006
0.32198086380958557
0.3324299454689026
0.3351086378097534
0.33297407627105713
0.2999843955039978
0.2742282748222351
0.28237468004226685
0.28159669041633606
0.28348374366760254
0.24719439446926117
0.2548200786113739
0.25272947549819946
0.2493905872106552
0.23344235122203827
0.25356563925743103
0.21663881838321686
0.21438021957874298
0.20337916910648346
0.2105618268251419
0.21987102925777435
0.2034059464931488
0.200314462184906
0.2041437178850174
0.21529321372509003
0.21872471272945404
0.19916056096553802
0.17924976348876953
0.18995234370231628
0.1850595325231552
0.17346113920211792
0.18462906777858734
0.1677682250738144
0.20039154589176178
0.1957552433013916
0.19601400196552277
0.19807547330856323
0.18537835776805878
0.17351974546909332
0.18699251115322113
0.18527929484844208
0.17174746096134186
0.1701408177614212
no squeeze
4.888736248016357
1.1854910850524902
0.7355427742004395
0.5576293468475342
0.4658272862434387
0.40448394417762756
0.3274175226688385
0.3682059049606323
0.32100582122802734
0.3232324421405792
0.30185675621032715
0.29449263215065
0.28517764806747437
0.300139456987381
0.253049373626709
0.26603925228118896
0.28010061383247375
0.27509835362434387
0.2266991138458252
0.22034955024719238
0.2162482738494873
0.22091540694236755
0.2064083218574524
0.2235342264175415
0.20953160524368286
0.1928054392337799
0.2136419415473938
0.20330975949764252
0.18521970510482788
0.18103522062301636
0.17626681923866272
0.17670413851737976
0.18337608873844147
0.17444543540477753
0.17440484464168549
0.16809064149856567
0.15906916558742523
0.15541227161884308
0.1552009880542755
0.16786609590053558
0.16268987953662872
0.16565553843975067
0.14323368668556213
0.17820914089679718
0.1621897965669632
0.15008671581745148
0.15479189157485962
0.16557398438453674
0.1429317593574524
0.1383236050605774
0.1755611002445221
0.14994962513446808
0.12357676029205322
0.11812793463468552
0.12471681088209152
0.13797302544116974
0.1187470555305481
0.14872747659683228
0.117158442735672
0.1746550053358078
0.12455923855304718
0.12508317828178406
0.10827843844890594
0.13948282599449158
0.11526311933994293
0.12350159138441086
0.11305678635835648
0.1047961637377739
0.12346857041120529
0.10590045154094696
0.10495905578136444
0.09804907441139221
0.125520259141922
0.10896050184965134
0.10490507632493973
0.09361495822668076
0.12591703236103058
0.10458989441394806
0.11198903620243073
0.09168268740177155
0.08929438889026642
0.09941601008176804
0.10553934425115585
0.10053662210702896
0.10934046655893326
0.09100046753883362
0.08727297186851501
0.08982783555984497
0.09436161816120148
0.09611256420612335
0.1032269075512886
0.08181700855493546
0.08841108530759811
0.10024076700210571
0.10339110344648361
0.09483008086681366
0.086968332529068
0.09730803221464157
0.08465714752674103
0.09986643493175507
0.08748196810483932
0.10086024552583694
no squeeze
2.7530691623687744
0.6379184722900391
0.3770238161087036
0.28759434819221497
0.32587242126464844
0.31042811274528503
0.31350329518318176
0.3293602764606476
0.35898855328559875
0.23208144307136536
0.26051342487335205
0.2540324032306671
0.21276551485061646
0.18906281888484955
0.2523266077041626
0.33811110258102417
0.23182787001132965
0.2191866785287857
0.19022126495838165
0.18361733853816986
0.19233964383602142
0.3105132579803467
0.291034072637558
0.2460763305425644
0.25679296255111694
0.28313809633255005
0.2179517149925232
0.19409671425819397
0.22012482583522797
0.21183046698570251
