no squeeze
1.4528818130493164
0.4014674723148346
0.21785753965377808
0.13563771545886993
0.12249146401882172
0.10634059458971024
0.09493301063776016
0.08851056545972824
0.09489666670560837
0.07873082160949707
0.08513259887695312
0.06840171664953232
0.07229910045862198
0.0856236144900322
0.06543293595314026
0.08635040372610092
0.04729102551937103
0.039048511534929276
0.060055870562791824
0.04915010929107666
0.0602928064763546
0.034915123134851456
0.033702801913022995
0.032226648181676865
0.027003105729818344
0.025677671656012535
0.02618524245917797
0.03189379349350929
0.02357609197497368
0.022301923483610153
0.023086948320269585
0.025319205597043037
0.020915357396006584
0.023204533383250237
0.023150403052568436
0.01821744814515114
0.017437947914004326
0.016027692705392838
0.016124973073601723
0.01565462164580822
0.014891615137457848
0.014691422693431377
0.01736953668296337
0.023086125031113625
0.018256457522511482
0.013805496506392956
0.01168813370168209
0.020831553265452385
0.014977824874222279
0.009881628677248955
0.012111185118556023
0.010196591727435589
0.021328864619135857
0.012475944124162197
0.0121159004047513
0.011439456604421139
0.010712830349802971
0.013662092387676239
0.013529054820537567
0.01615128107368946
no squeeze
1.1463731527328491
0.3078714907169342
0.198531836271286
0.15090960264205933
0.13992716372013092
0.12383560091257095
0.1275666058063507
0.12504221498966217
0.10297475010156631
0.09411229938268661
0.09785452485084534
0.10297407954931259
0.09695527702569962
0.08570209890604019
0.08543307334184647
0.08658551424741745
0.07962654531002045
0.0849200114607811
0.09279194474220276
0.08633698523044586
0.06799658387899399
0.06993551552295685
0.08130334317684174
0.07457834482192993
0.06604304164648056
0.07252500206232071
0.06932513415813446
0.061224523931741714
0.05842505022883415
0.07037773728370667
0.057758647948503494
0.05809023603796959
0.06538727879524231
0.07031132280826569
0.05516033619642258
0.05692186579108238
0.058174170553684235
0.061093367636203766
0.06357698887586594
0.06260686367750168
0.046143870800733566
0.04755401983857155
0.06483166664838791
0.05818316340446472
0.06529688835144043
0.06075334548950195
0.05291305109858513
0.051205720752477646
0.04996461048722267
0.05497781187295914
0.05630191043019295
no squeeze
1.3598014116287231
0.4439745843410492
0.3064093589782715
0.23974919319152832
0.2039232850074768
0.2603479027748108
0.17406152188777924
0.13853484392166138
0.14120256900787354
0.14303646981716156
0.13918007910251617
0.15785275399684906
0.1227986067533493
0.18571284413337708
0.13303226232528687
0.17129850387573242
0.12653499841690063
0.09629350155591965
0.10564207285642624
0.1272498220205307
0.09965258091688156
0.10716789960861206
0.10343383997678757
0.13366013765335083
0.09409110248088837
0.0974428802728653
0.09122923761606216
0.09554073959589005
0.11335646361112595
0.10054655373096466
0.08875975757837296
0.07831818610429764
0.08169117569923401
0.086568184196949
0.12457501888275146
0.0931156724691391
0.06311295926570892
0.07677575200796127
0.0896097794175148
0.0877867266535759
0.09059176594018936
0.0737384632229805
0.058249201625585556
0.07403247803449631
0.06396298855543137
0.049492206424474716
0.051715187728405
0.08916939795017242
0.06681099534034729
0.067196324467659
0.0498698353767395
0.07922012358903885
0.09126627445220947
0.11240749806165695
0.07783016562461853
0.04488750174641609
0.04341694712638855
0.03834595903754234
0.05739409476518631
0.033874113112688065
0.03275487944483757
0.03192511573433876
0.0373082272708416
0.03380079194903374
0.03861299902200699
0.051356688141822815
0.05055439472198486
0.06526082009077072
0.0539957657456398
0.03877931833267212
0.05516660958528519
0.0744880884885788
no squeeze
1.804537057876587
0.7267528772354126
0.5027371048927307
0.39286869764328003
0.34089159965515137
0.289995402097702
0.27148380875587463
0.2501264214515686
0.22704775631427765
0.21819272637367249
0.20420485734939575
0.1830287128686905
0.18664748966693878
0.1765618473291397
0.1664953976869583
0.1629420965909958
0.1505962610244751
0.14957118034362793
0.15673504769802094
0.1459844559431076
0.14234663546085358
0.13593119382858276
0.13560862839221954
0.14207051694393158
0.1298138052225113
0.12575100362300873
0.12098772823810577
0.12334161251783371
0.1281827986240387
0.11776331067085266
0.11076764762401581
0.10773976147174835
0.10492037236690521
0.10085772722959518
0.1059379056096077
0.1048068255186081
0.10201947391033173
0.09759964793920517
0.10006094723939896
0.09932255744934082
0.0934423878788948
0.1027158796787262
0.09619498252868652
0.09938479959964752
0.09277980029582977
0.09293577820062637
0.08511752635240555
0.09331763535737991
0.09455262869596481
0.0867738202214241
0.09174273908138275
0.08404675871133804
0.0876312404870987
0.0877021849155426
0.0789533257484436
0.07730148732662201
0.08070512115955353
0.0800379067659378
0.07416872680187225
0.0784689411520958
0.07671660929918289
0.08331179618835449
0.07836490869522095
0.07551455497741699
0.07664194703102112
0.07978217303752899
0.07270868867635727
0.07508007436990738
0.07345457375049591
0.07320892810821533
0.06692302972078323
0.06704824417829514
0.07045198976993561
0.0664578378200531
0.06149444356560707
0.0762728676199913
0.06850789487361908
0.07237984240055084
0.062056802213191986
0.070454902946949
0.06736962497234344
0.06060122698545456
0.06228520721197128
0.06346183270215988
0.06415273249149323
0.058021947741508484
0.06130635365843773
0.061595357954502106
0.06273283809423447
0.05764811486005783
0.059539541602134705
0.06210768595337868
0.06143399700522423
0.06066282093524933
0.058010753244161606
0.060514897108078
0.05539353936910629
0.0567719042301178
0.055392295122146606
0.05411390960216522
0.0565202459692955
0.05905972048640251
0.05512523651123047
0.05439787358045578
0.0526886060833931
0.05395853891968727
0.05222983658313751
0.050328273326158524
0.05670630931854248
0.05267661437392235
0.05154700577259064
0.05039111152291298
0.050762154161930084
0.05282345041632652
0.0483226478099823
0.04624544829130173
0.04909335449337959
0.04735525697469711
0.04716457799077034
0.04920282959938049
0.049641840159893036
0.04741703346371651
0.04607755318284035
0.049066223204135895
0.049217719584703445
0.045689571648836136
0.044838763773441315
0.048960987478494644
0.044562194496393204
0.04657834768295288
0.050177522003650665
0.046397753059864044
0.04534650966525078
0.04787833243608475
0.046888865530490875
0.04408375173807144
0.04542744159698486
0.04518018290400505
0.04577260836958885
0.04239526763558388
0.043254803866147995
0.04482552036643028
0.04384037107229233
0.04364067316055298
0.04191518574953079
0.03981134667992592
0.040551479905843735
0.04028744623064995
0.04254806786775589
0.042469363659620285
0.04084094613790512
0.04258344694972038
0.04264097288250923
0.043016258627176285
0.04131922870874405
0.03897462412714958
0.039922378957271576
0.04179034382104874
0.0431537888944149
0.04123486578464508
0.036934804171323776
0.03636515140533447
0.042384181171655655
0.038428302854299545
0.04026638716459274
0.03829871490597725
0.03875797614455223
0.0399051271378994
0.041092876344919205
0.03929445147514343
0.03929579257965088
0.03594619035720825
0.0367315374314785
0.03614721819758415
0.03555130586028099
0.039386436343193054
0.04094468057155609
0.03908157721161842
0.0361332930624485
0.03697305545210838
0.04103641211986542
0.03693954646587372
0.038614772260189056
0.0347440280020237
0.03668687492609024
0.03620655834674835
0.0395561046898365
0.03576985374093056
0.036435335874557495
0.03484533727169037
0.03682411089539528
0.0337425097823143
0.03632720559835434
0.03544701635837555
0.034868933260440826
0.03302953019738197
0.03443114086985588
0.03258305788040161
0.036611154675483704
0.03379107266664505
0.03429988771677017
0.032984036952257156
0.03310682997107506
0.03262447565793991
0.033579323440790176
0.03228642791509628
0.034237299114465714
0.03217170760035515
0.032631006091833115
0.033706728368997574
0.03379211947321892
0.033690910786390305
0.031795550137758255
0.03352015092968941
0.031901467591524124
0.03263767436146736
0.03239107131958008
0.03638229891657829
0.032014720141887665
0.03193237632513046
0.03135719522833824
0.03242933750152588
0.031563181430101395
0.03147139772772789
0.0320911630988121
0.0323721282184124
0.034429412335157394
0.035497263073921204
0.031765107065439224
0.03455400466918945
0.03615584969520569
no squeeze
1.5722216367721558
0.472251296043396
0.3046598434448242
0.24246007204055786
0.21769538521766663
0.18122389912605286
0.17425501346588135
0.1521274447441101
0.14366762340068817
0.1311730593442917
0.13555553555488586
0.11581510305404663
0.11871958523988724
0.1064532920718193
0.1042470782995224
0.0949004665017128
0.09227141737937927
0.0951218381524086
0.0821872279047966
0.08989717066287994
0.09438369423151016
0.08463902026414871
0.07913529127836227
0.08237073570489883
0.0790076032280922
0.08078297972679138
0.08345034718513489
0.07079531997442245
0.07087210565805435
0.07077735662460327
0.07161613553762436
0.07177820056676865
0.06442827731370926
0.06281647086143494
0.06679843366146088
0.06150117516517639
0.06347660720348358
0.05690730735659599
0.0643601194024086
0.05958063527941704
0.05863605812191963
0.057155657559633255
0.05357908084988594
0.055494487285614014
0.0562579520046711
0.056210145354270935
0.05123065412044525
0.060133207589387894
0.05671493709087372
0.054987307637929916
0.04689957946538925
0.045735809952020645
0.05664980784058571
0.05205840617418289
0.053650371730327606
0.04977047070860863
0.05096322298049927
0.04966427758336067
0.05120600014925003
0.04779770225286484
0.04672860726714134
0.04566044732928276
0.04703671112656593
0.04719523712992668
0.047901228070259094
0.04624239355325699
0.03990853205323219
0.045968059450387955
0.04089457169175148
0.04148828983306885
0.039820294827222824
0.040478069335222244
0.04615262523293495
0.03963887691497803
0.040353212505578995
0.047556426376104355
0.04139213263988495
0.04594875127077103
0.050061341375112534
0.03813442587852478
0.041032321751117706
0.040366705507040024
0.041869062930345535
0.03771459311246872
0.04004402831196785
0.03671504929661751
0.03878539055585861
0.037647463381290436
0.03761615231633186
0.03937350586056709
0.04073558747768402
0.038450535386800766
0.035064324736595154
0.03497188538312912
0.03328949585556984
0.03814583271741867
0.03485018387436867
0.03603163734078407
0.03438640758395195
0.03237626329064369
0.033872153609991074
0.033648811280727386
0.03255929425358772
0.030938584357500076
0.03198952227830887
0.03553929552435875
0.03564487025141716
0.038018934428691864
0.03329197317361832
0.029454946517944336
0.03270605206489563
0.03976482152938843
0.03622419014573097
0.03282008692622185
0.03220204636454582
0.03328413888812065
0.03307642415165901
0.030138511210680008
0.030655771493911743
0.029719173908233643
no squeeze
0.8123491406440735
0.21454808115959167
0.16008271276950836
0.14631392061710358
0.11986704915761948
0.11900900304317474
0.10176582634449005
0.0900195762515068
0.08855753391981125
0.08456005156040192
0.0893082320690155
0.11069460958242416
0.10153426229953766
0.09614989161491394
0.07760246843099594
0.08590395748615265
0.08407510071992874
0.08592528849840164
0.08980739116668701
0.07371748983860016
0.08570044487714767
0.09352815896272659
0.1092195138335228
0.06910440325737
0.07750021666288376
0.088529072701931
0.07890253514051437
0.0653090626001358
0.07592760771512985
0.08612674474716187
0.07997831702232361
0.10269928723573685
0.09456516802310944
0.08994244784116745
0.07354669272899628
0.07847131043672562
0.07426843047142029
0.06880410760641098
