no squeeze
15.5713472366333
2.1639821529388428
1.6392433643341064
0.6380659341812134
0.5237336754798889
0.2851240932941437
0.25192707777023315
0.1735478937625885
0.1606750786304474
0.12752613425254822
0.12189393490552902
0.10717709362506866
0.10512948781251907
0.0994655191898346
0.09902898222208023
0.09675705432891846
0.09643570333719254
0.09581984579563141
0.0955846756696701
0.09555685520172119
0.0955531895160675
0.09495667368173599
0.0949353277683258
0.09502705186605453
0.09497902542352676
0.0949813574552536
no squeeze
15.058627128601074
2.3232014179229736
1.9200936555862427
1.3788466453552246
1.308632731437683
1.1480073928833008
1.1239937543869019
1.0700626373291016
1.062864065170288
1.0454521179199219
1.0419728755950928
1.0382062196731567
1.0367728471755981
1.037103295326233
1.0339661836624146
1.0354763269424438
1.0322742462158203
1.036733627319336
1.0339102745056152
1.0322047472000122
1.0358211994171143
1.0333257913589478
no squeeze
15.26842975616455
2.2535369396209717
1.7168172597885132
0.7824751138687134
0.6698929071426392
0.41203176975250244
0.37080609798431396
0.26008495688438416
0.23935872316360474
0.1803264021873474
0.1692401021718979
0.1350303590297699
0.12863798439502716
0.10811440646648407
0.10404710471630096
0.09100977331399918
0.08830327540636063
0.07899831235408783
0.07715070247650146
0.07110076397657394
0.06960988789796829
0.06495685130357742
0.06398807466030121
0.060507334768772125
0.05976463854312897
0.05699978768825531
0.05643107742071152
0.05441497638821602
0.053967300802469254
0.0522586852312088
0.05189460515975952
0.050427425652742386
0.050255026668310165
0.04925866797566414
0.048929691314697266
0.04807102680206299
0.04778727889060974
0.04701128602027893
0.04686754196882248
0.046253498643636703
0.0460694320499897
0.04554278776049614
0.04540442302823067
0.04487769305706024
0.044871099293231964
0.04440409317612648
0.04430464282631874
0.043963734060525894
0.04384905472397804
0.043544553220272064
0.043489206582307816
0.04325690120458603
0.04320520907640457
0.042976975440979004
0.042895279824733734
0.04273512586951256
0.04265791177749634
0.04245160147547722
0.042444586753845215
0.042288344353437424
0.04225928708910942
0.0422288253903389
0.04220660775899887
0.04198933392763138
0.041879817843437195
0.04191622883081436
0.041836656630039215
0.041710421442985535
0.041760802268981934
0.04174215719103813
no squeeze
15.656068801879883
6.5529866218566895
5.548022747039795
3.8453776836395264
3.6250884532928467
3.0935475826263428
2.9947245121002197
2.704069137573242
2.6456754207611084
2.454582691192627
2.413731575012207
2.270638942718506
2.2417538166046143
2.1327333450317383
2.1102025508880615
2.0272932052612305
2.010159730911255
1.9477314949035645
1.931605577468872
1.8829857110977173
1.8724933862686157
1.82598876953125
1.8183088302612305
1.7840603590011597
1.7773683071136475
1.747560977935791
1.7405498027801514
1.720649242401123
1.7139393091201782
1.6886743307113647
1.6831282377243042
1.667074203491211
1.6624579429626465
1.6435819864273071
1.6389648914337158
1.6238126754760742
1.6193804740905762
1.6110261678695679
1.6019864082336426
1.5858861207962036
1.5834039449691772
1.5700303316116333
1.5620695352554321
1.5468934774398804
1.5491459369659424
1.5289673805236816
1.526209831237793
1.5178742408752441
1.5138877630233765
1.4927868843078613
1.4898443222045898
1.472353219985962
1.4684447050094604
1.4503748416900635
1.449829339981079
1.4289119243621826
1.4250661134719849
1.4055348634719849
1.401985764503479
1.3824139833450317
1.3764921426773071
1.3601497411727905
1.352918267250061
1.3274421691894531
1.3247809410095215
1.3029924631118774
1.2975679636001587
1.2746117115020752
1.2699978351593018
1.2451375722885132
1.2336984872817993
1.2105759382247925
1.2055015563964844
1.18259859085083
1.1753883361816406
1.1507389545440674
1.1482813358306885
1.1283159255981445
1.1252210140228271
1.1097162961959839
1.106892466545105
1.0926592350006104
1.0909532308578491
1.0794674158096313
1.0813724994659424
1.07310950756073
1.0728845596313477
1.0670974254608154
1.0721653699874878
1.0617432594299316
1.0605138540267944
1.055384874343872
1.0560574531555176
1.0506609678268433
1.0518895387649536
1.0489037036895752
1.0475355386734009
1.048326015472412
1.0480499267578125
1.045809030532837
1.041106939315796
1.0413199663162231
1.0379822254180908
1.033675193786621
1.0317438840866089
1.0341097116470337
1.0330572128295898
1.0297590494155884
1.03159761428833
1.02605402469635
1.0284806489944458
1.022651195526123
1.0210834741592407
1.0216675996780396
1.0266454219818115
1.0197950601577759
1.0157736539840698
1.0152497291564941
1.0145759582519531
1.0132533311843872
1.0154129266738892
1.0099881887435913
1.0102806091308594
1.0087202787399292
1.0068694353103638
1.0072109699249268
1.0042846202850342
1.0042554140090942
1.0030573606491089
1.0082159042358398
1.0064547061920166
0.999616265296936
1.0019265413284302
0.9964707493782043
0.9986891150474548
0.9971908926963806
no squeeze
15.747821807861328
3.52445125579834
2.971971273422241
2.0640766620635986
1.9631739854812622
1.7287962436676025
1.6923860311508179
1.5786751508712769
1.5570604801177979
1.487123966217041
1.4721277952194214
1.4209074974060059
1.4086905717849731
1.3705761432647705
1.360858678817749
1.3251383304595947
1.3168981075286865
1.287211298942566
1.2800692319869995
1.2585722208023071
1.2542264461517334
1.2362078428268433
1.2308053970336914
1.2186250686645508
1.2142478227615356
1.2034846544265747
1.2002012729644775
1.1894843578338623
1.1874927282333374
1.1861368417739868
1.1816997528076172
1.1720982789993286
1.1698579788208008
1.162658929824829
1.1647347211837769
1.1576606035232544
1.1589274406433105
1.1535015106201172
1.1526718139648438
1.1521426439285278
1.1488256454467773
1.143261432647705
1.1433151960372925
1.1415183544158936
1.1399023532867432
1.1373897790908813
1.1373080015182495
1.1348134279251099
1.1348475217819214
1.1355994939804077
no squeeze
14.639044761657715
2.543748617172241
2.4014408588409424
2.2736380100250244
2.268035888671875
2.2644031047821045
2.268979072570801
2.2696874141693115
