no squeeze
0.9107388854026794
0.2748982608318329
0.11992185562849045
0.06924121081829071
0.04467013478279114
0.027985377237200737
0.02073568105697632
0.015381044708192348
0.01234475802630186
0.009117316454648972
0.008280833251774311
0.007043773308396339
0.008214271627366543
0.00557977519929409
0.004998072981834412
0.004189467057585716
0.0036659543402493
0.004089454188942909
0.0032947303261607885
0.002658265642821789
0.0033445078879594803
0.002496202476322651
0.0022617580834776163
0.0021978889126330614
0.0016210449393838644
0.0021627473179250956
0.001958340872079134
0.0018004430457949638
0.0012330749304965138
0.0013117333874106407
0.0013508356641978025
0.0014219967415556312
0.0014939235989004374
0.0016008318634703755
0.0010984116233885288
0.0013027756940573454
0.0011665686033666134
0.0007607852458022535
0.0009933591354638338
0.000824690330773592
0.0007836557924747467
0.0008344298112206161
0.0010933753801509738
0.0014573324006050825
0.0006818044348619878
0.0005799427744932473
0.0006713918410241604
0.0005094765801914036
0.0012359563261270523
0.0009967437945306301
0.0006122320191934705
0.0006601704517379403
0.0005652026156894863
0.0005812791641801596
0.0008671550895087421
0.0011493992060422897
0.0008513419306837022
0.001046826597303152
no squeeze
1.0229387283325195
0.3257259130477905
0.1990629881620407
0.14043167233467102
0.11350152641534805
0.09584564715623856
0.08548671007156372
0.08111376315355301
0.07445605844259262
0.06657680869102478
0.06145678088068962
0.06486399471759796
0.05423557758331299
0.057417936623096466
0.047909025102853775
0.06190308555960655
0.06141870096325874
0.04653068631887436
0.04615946486592293
0.04211321100592613
0.04509567841887474
0.03988729789853096
0.03881100192666054
0.04617515578866005
0.0431528240442276
0.04457003250718117
0.0411091223359108
0.042673613876104355
0.039038680493831635
0.03858122602105141
0.039681825786828995
0.0339808352291584
0.03558538854122162
0.03572044521570206
0.03416673094034195
0.03702220320701599
0.03683605045080185
0.034307435154914856
0.03470342978835106
0.033302098512649536
0.03800211846828461
0.036905404180288315
0.032818518579006195
0.035259198397397995
0.03478570654988289
0.032600048929452896
0.034270625561475754
0.038282524794340134
0.03392068296670914
0.03531864657998085
0.029406609013676643
0.03281481936573982
0.033448971807956696
0.0314984954893589
0.03201040253043175
0.040347833186388016
0.03320055454969406
0.03280869126319885
0.03143525868654251
0.032665789127349854
0.029189400374889374
0.03248406946659088
0.030594810843467712
0.029615135863423347
0.027369074523448944
0.031527113169431686
0.034167516976594925
0.031875066459178925
0.03005656599998474
0.029110446572303772
0.030779104679822922
0.03240487724542618
0.032830119132995605
0.03427247703075409
0.031952399760484695
no squeeze
0.9273404479026794
0.34518393874168396
0.21715234220027924
0.15084686875343323
0.11224778741598129
0.09259171038866043
0.07541629672050476
0.08601605892181396
0.07147200405597687
0.05422413349151611
0.05057671666145325
0.04121839255094528
0.04277970641851425
0.03402186557650566
0.02943621762096882
0.02998857945203781
0.02386271394789219
0.023281384259462357
0.02057739906013012
0.0285478625446558
0.03145656734704971
0.024781282991170883
0.02182379923760891
0.025188976898789406
0.016821401193737984
0.014698943123221397
0.017327560111880302
0.013339729979634285
0.013921384699642658
0.012244210578501225
0.013054134324193
0.012570287100970745
0.011860203929245472
0.011029292829334736
0.01168828085064888
0.01667025126516819
0.009305809624493122
0.00876862183213234
0.008193079382181168
0.01068494189530611
0.014751819893717766
0.00991772674024105
0.007983068935573101
0.005667868535965681
0.006157509982585907
0.013153559528291225
0.009613553062081337
0.03007788397371769
0.012319481000304222
0.014463899657130241
0.00970250740647316
0.010883966460824013
0.013096321374177933
0.009287533350288868
no squeeze
0.8614065051078796
0.4766358733177185
0.37930524349212646
0.31145793199539185
0.27254971861839294
0.2295055091381073
0.208196759223938
0.1868945062160492
0.17059628665447235
0.16246603429317474
0.147966668009758
0.14402566850185394
0.13485246896743774
0.1246260330080986
0.1268226057291031
0.11575868725776672
0.11274240165948868
0.10861443728208542
0.10459209978580475
0.10353592783212662
0.09769602119922638
0.10012850910425186
0.09217258542776108
0.09105933457612991
0.08872313052415848
0.08735185861587524
0.09044560045003891
0.08953449875116348
0.08277898281812668
0.07843375205993652
0.08137335628271103
0.0767618790268898
0.07449697703123093
0.07360133528709412
0.07112056016921997
0.07068242877721786
0.07157626748085022
0.06702502071857452
0.06668896973133087
0.06728637218475342
0.06537541002035141
0.06545053422451019
0.0604933500289917
0.06122124195098877
0.05915383622050285
0.06038041040301323
0.0588240921497345
0.05939924716949463
0.05657694488763809
0.05845395103096962
0.05647194758057594
0.053147897124290466
0.054247498512268066
0.052711233496665955
0.05210193246603012
0.050466034561395645
0.050711072981357574
0.049285970628261566
0.04684172198176384
0.046462543308734894
0.04983976110816002
0.04657420888543129
0.04539458453655243
0.04468587040901184
0.04600309953093529
0.04346517473459244
0.044178031384944916
0.04306473955512047
0.04307908937335014
0.04372509568929672
0.043833665549755096
0.042451269924640656
0.04118729755282402
0.04030679538846016
0.04257563129067421
0.04051746428012848
0.04156431928277016
0.044104576110839844
0.041063033044338226
0.04023255035281181
0.03930027037858963
0.03883516788482666
0.040050506591796875
0.03826560825109482
0.039748769253492355
0.039094358682632446
0.03755827248096466
0.039376966655254364
0.03985852748155594
0.03896365687251091
0.03636006638407707
0.0357891246676445
0.03612422198057175
0.036532364785671234
0.03604277968406677
0.03690188005566597
0.03464101627469063
0.03883432596921921
0.038122743368148804
0.036122918128967285
0.034656114876270294
0.03636106476187706
0.03738570213317871
0.035855572670698166
0.03633168712258339
0.03622943535447121
0.03458891436457634
0.03464097902178764
0.03535105288028717
0.03507537767291069
0.035473182797431946
0.03470611199736595
0.034511998295784
0.03408246114850044
0.03565334901213646
0.03449009731411934
0.03408395126461983
0.03356874734163284
0.035154178738594055
0.032977283000946045
0.0338909775018692
0.03255665674805641
0.03281306102871895
0.03303956985473633
0.03277350962162018
0.03222595900297165
0.0333750881254673
0.03274797275662422
0.03110314905643463
0.032510507851839066
0.03211790323257446
0.03159745782613754
0.032836850732564926
0.03286929428577423
0.03437269106507301
0.03430752456188202
0.032423362135887146
0.03201151639223099
0.031101366505026817
0.03332965075969696
0.03180840238928795
0.032574865967035294
0.0320899672806263
0.032272789627313614
0.030568525195121765
0.03144465759396553
0.031154505908489227
0.03273918107151985
0.03107515163719654
0.03258589282631874
0.031904611736536026
0.030841127038002014
0.032983724027872086
0.030376087874174118
0.030477916821837425
0.029341740533709526
0.02910885587334633
0.03144991025328636
0.03010690025985241
0.030535239726305008
0.03022841364145279
0.030104070901870728
0.029859233647584915
0.030122991651296616
0.029707694426178932
0.029838332906365395
0.02951163984835148
no squeeze
0.8635482788085938
0.4013029932975769
0.2806849181652069
0.21724843978881836
0.17672967910766602
0.1549024134874344
0.13363629579544067
0.11812984198331833
0.10792436450719833
0.09810040891170502
0.08599291741847992
0.08164209872484207
0.0783015564084053
0.07532390207052231
0.07215620577335358
0.06725628674030304
0.06672471761703491
0.05902819335460663
0.060882505029439926
0.05586983263492584
0.053440358489751816
0.05165591835975647
0.049056392163038254
0.048848167061805725
0.04767116159200668
0.044837601482868195
0.047748830169439316
0.04531488195061684
0.04537803307175636
0.04263297840952873
0.04080720990896225
0.04004319757223129
0.04099898040294647
0.038096532225608826
0.040971580892801285
0.038322191685438156
0.03893384337425232
0.037074558436870575
0.03320058807730675
0.0369916670024395
0.03380773589015007
0.03589427471160889
0.032398637384176254
0.03444252535700798
0.03105947934091091
0.03010251559317112
0.03138956427574158
0.03034435398876667
0.031116701662540436
0.03039301186800003
0.030242910608649254
0.03238798305392265
0.030546557158231735
0.029535049572587013
0.028877796605229378
0.026774346828460693
0.03382863476872444
0.027629472315311432
0.027719005942344666
0.02484009601175785
0.026207946240901947
0.026217250153422356
0.025898341089487076
0.023830246180295944
0.028154825791716576
0.027359966188669205
0.025732768699526787
0.026391370221972466
0.02631158009171486
0.024471236392855644
0.024382514879107475
0.023206258192658424
0.02430754154920578
0.029656212776899338
0.024206388741731644
0.021319016814231873
0.024098873138427734
0.02402365580201149
0.022406456992030144
0.022384965792298317
0.02621469832956791
0.024102674797177315
0.022439006716012955
0.02129635028541088
0.023055657744407654
0.02050389163196087
0.0196093637496233
0.0202241949737072
0.021830890327692032
0.02018209919333458
0.02084713615477085
0.021854745224118233
0.02261960692703724
0.021378174424171448
0.021202046424150467
0.019222935661673546
0.020801212638616562
0.018883993849158287
0.019532335922122
0.01960584707558155
0.021140465512871742
0.02091301791369915
0.019355520606040955
0.018595939502120018
0.01847807504236698
0.019561201333999634
0.018733350560069084
0.01943543180823326
0.01856914348900318
0.019326113164424896
0.017751378938555717
0.019214317202568054
0.019053155556321144
0.017939485609531403
0.019453980028629303
0.016676172614097595
0.018525375053286552
0.01757686398923397
0.016664160415530205
0.018285948783159256
0.018420573323965073
0.017411639913916588
0.016426630318164825
0.017298037186264992
0.016664700582623482
0.01603185012936592
0.01764521561563015
0.016345970332622528
0.016836315393447876
0.017070690169930458
0.018128085881471634
0.017358819022774696
0.017531268298625946
0.015995942056179047
0.01848287135362625
0.016025107353925705
0.017451122403144836
0.01670076698064804
0.01704188622534275
0.018552429974079132
0.016290687024593353
0.016833767294883728
0.016283022239804268
0.015511402860283852
0.01741175167262554
0.015753427520394325
0.015668442472815514
0.014580384828150272
0.015029890462756157
0.016294730827212334
0.015885552391409874
0.013958734460175037
0.0177614763379097
0.016019996255636215
0.014785418286919594
0.014647675678133965
0.015094868838787079
0.01502357330173254
0.01585831120610237
0.014822925440967083
0.014055934734642506
0.014020330272614956
no squeeze
0.7846155166625977
0.25541365146636963
0.15234485268592834
0.11508148908615112
0.12456239014863968
0.10432329773902893
0.09128593653440475
0.10781379789113998
0.09089390933513641
0.08590562641620636
0.10229084640741348
0.08435302972793579
0.09983181953430176
0.09468783438205719
0.10673514008522034
0.08226439356803894
0.07934848964214325
0.0713924914598465
0.07591722905635834
0.06900407373905182
0.07126329094171524
0.09335139393806458
0.09104417264461517
0.10182249546051025
0.07964802533388138
0.07864539325237274
0.07218979299068451
0.0783957988023758
0.0697900578379631
0.08368311822414398
