no squeeze
1.1172699928283691
0.3236938416957855
0.1399082988500595
0.07492171972990036
0.03591720759868622
0.021707026287913322
0.013791554607450962
0.01208868995308876
0.011863683350384235
0.005494384560734034
0.0038769980892539024
0.0028684574645012617
0.0024533546529710293
0.002685877727344632
0.0019531846046447754
0.0024662723299115896
0.0016802315367385745
0.0013647788437083364
0.0020884464029222727
0.00134800816886127
0.000999572454020381
0.00133606418967247
0.000996807822957635
0.0007616859511472285
0.0006716080824844539
0.0007079732604324818
0.0005554076633416116
0.0009113489068113267
0.0009191636345349252
0.0006923345499671996
0.00045637707808054984
0.0005863786791451275
0.0004826367076020688
0.0003338571113999933
0.0002904807042796165
0.00028045588987879455
0.0003391620994079858
0.00025882330373860896
0.0002644035848788917
0.00027044134913012385
0.0003326941514387727
0.00031522486824542284
0.00028425833443179727
0.000409444619435817
0.00022826554777566344
0.00018502998864278197
0.0002556326799094677
0.0003008075582329184
0.00021423588623292744
0.0002886305737774819
0.0002883012348320335
0.00032967005972750485
0.0005352156586013734
0.00034492259146645665
0.0004759765579365194
0.002403341932222247
no squeeze
0.9677761197090149
0.39687424898147583
0.22793559730052948
0.17304369807243347
0.11939031630754471
0.0998694896697998
0.10140372067689896
0.09812799096107483
0.1110638827085495
0.09500040858983994
0.07787800580263138
0.06928019225597382
0.07071270793676376
0.0700991079211235
0.060133662074804306
0.06780586391687393
0.07303781807422638
0.060084473341703415
0.06391772627830505
0.05764956772327423
0.07154043018817902
0.056885235011577606
0.06231691315770149
0.057163629680871964
0.06318393349647522
0.05967821925878525
0.05343930795788765
0.05937158316373825
0.05758097395300865
0.05378080904483795
0.05177939310669899
0.05670042708516121
0.05179600417613983
0.05656377971172333
0.05049233138561249
0.047579824924468994
0.052943550050258636
0.058256179094314575
0.04689429700374603
0.04599509760737419
0.05218367278575897
0.05742350593209267
0.051357608288526535
0.04500974342226982
0.05273711308836937
0.05343766510486603
0.04916102811694145
0.048079151660203934
0.05910630524158478
0.05109775811433792
0.05862129479646683
0.04989060014486313
0.05056750774383545
0.04581548646092415
no squeeze
1.1485704183578491
0.5193330645561218
0.32824310660362244
0.23615485429763794
0.1700887233018875
0.1303468942642212
0.0972881093621254
0.11049026995897293
0.09405039995908737
0.07775319367647171
0.05854768306016922
0.0670749619603157
0.04076766595244408
0.04060322046279907
0.03004284016788006
0.02690875716507435
0.04843765124678612
0.07657069712877274
0.04069061204791069
0.034724894911050797
0.03713162615895271
0.04861792176961899
0.03416599705815315
0.04687647521495819
0.02915656752884388
0.022158227860927582
0.025988643988966942
0.025438688695430756
0.022642707452178
0.021761365234851837
0.011431105434894562
0.010035714134573936
0.009266408160328865
0.007530125789344311
0.014961188659071922
0.022656843066215515
0.014120207168161869
0.01130044274032116
0.008329970762133598
0.014240729622542858
0.008710918016731739
0.011561395600438118
0.004624197259545326
0.005664530675858259
0.004952250514179468
0.004966903477907181
0.0053763422183692455
0.0070639788173139095
0.005435330327600241
0.00526828458532691
0.008738857693970203
0.01495398674160242
0.011078646406531334
no squeeze
1.4072824716567993
0.6861884593963623
0.5464990139007568
0.4533805251121521
0.38325199484825134
0.3471406102180481
0.30107495188713074
0.2786879241466522
0.2517113983631134
0.23026755452156067
0.2159554362297058
0.18879689276218414
0.18186180293560028
0.17140500247478485
0.15673759579658508
0.1470324993133545
0.15135619044303894
0.140163391828537
0.12855616211891174
0.12407486140727997
0.11825346201658249
0.11375833302736282
0.11094693839550018
0.10891805589199066
0.10774238407611847
0.10217855125665665
0.09836142510175705
0.09532923251390457
0.09676344692707062
0.09158752113580704
0.08957328647375107
0.0923798456788063
0.08704541623592377
0.0859563797712326
0.08344081044197083
0.07964371889829636
0.07881316542625427
0.07692252099514008
0.07621942460536957
0.07250643521547318
0.07327547669410706
0.07306085526943207
0.07684708386659622
0.07591577619314194
0.07307003438472748
0.07053177803754807
0.06842512637376785
0.06578448414802551
0.06692152470350266
0.06568566709756851
0.06830087304115295
0.06362999975681305
0.06276889145374298
0.06475459784269333
0.061793264001607895
0.06129377707839012
0.05995633825659752
0.059898439794778824
0.05927414074540138
0.06137445941567421
0.057563167065382004
0.056560713797807693
0.06146993860602379
0.061384670436382294
0.05485229194164276
0.05320093408226967
0.056124892085790634
0.054534912109375
0.056057240813970566
0.054716017097234726
0.05137868598103523
0.05232859402894974
0.049573395401239395
0.051535286009311676
0.05453881993889809
0.05130220204591751
0.051832523196935654
0.04920041933655739
0.049551621079444885
0.04904504120349884
0.04861653596162796
0.04746916517615318
0.04705849289894104
0.04984506219625473
0.050000108778476715
0.047356411814689636
0.045309312641620636
0.04633462429046631
0.04805721715092659
0.0492115281522274
0.050091587007045746
0.045918017625808716
0.04809824377298355
0.05007850006222725
0.04304864630103111
0.04379236698150635
0.04357701167464256
0.044267166405916214
0.04354191571474075
0.04397588223218918
0.04287280514836311
0.04354618862271309
0.043502990156412125
0.044170938432216644
0.04340815171599388
0.04403170570731163
0.04405533894896507
0.04227868467569351
0.041159678250551224
0.04224302992224693
0.041873812675476074
0.04281068220734596
0.04139077663421631
0.04119285196065903
0.042964402586221695
0.040898051112890244
0.041382983326911926
0.04568341001868248
0.04181062802672386
0.03981631249189377
0.04161028563976288
0.04162386432290077
0.041670169681310654
0.04158594831824303
0.04097496345639229
0.04207821935415268
0.041167810559272766
0.040437523275613785
0.04135856777429581
0.04056832939386368
no squeeze
1.084395170211792
0.4845183193683624
0.3346923887729645
0.2656617760658264
0.2357940673828125
0.18948160111904144
0.15998554229736328
0.14160585403442383
0.1347084641456604
0.12679335474967957
0.10928903520107269
0.10606967657804489
0.09785715490579605
0.09341868758201599
0.095804862678051
0.08204088360071182
0.0801948606967926
0.07899821549654007
0.07443821430206299
0.06847161799669266
0.06972698122262955
0.0687859058380127
0.06903707981109619
0.06590571999549866
0.05926913022994995
0.05995778366923332
0.059852395206689835
0.057547468692064285
0.05362839624285698
0.0626223087310791
0.05340233072638512
0.049957167357206345
0.0482775904238224
0.050604064017534256
0.05226881429553032
0.04780590161681175
0.04959778115153313
0.048197925090789795
0.04606448486447334
0.04279626905918121
0.044999655336141586
0.04229339212179184
0.04599019140005112
0.041948817670345306
0.039076320827007294
0.04639969766139984
0.03843984007835388
0.03830543905496597
0.03892046585679054
0.044697124511003494
0.03775019943714142
0.04031531512737274
0.038552749902009964
0.04354821890592575
0.036035217344760895
0.03448062762618065
0.03610978648066521
0.03757940232753754
0.03791742026805878
0.03270787000656128
0.03253179043531418
0.03141120821237564
0.03823400288820267
0.032447632402181625
0.03293703496456146
0.03342171013355255
0.029656479135155678
0.030950868502259254
0.03522026538848877
0.03205442056059837
0.03595791757106781
0.0319276861846447
0.02722869999706745
0.02842811495065689
0.030659081414341927
0.03223476931452751
0.02782335877418518
0.027428505942225456
0.02891860157251358
0.02905256673693657
0.0311527531594038
0.030072610825300217
0.030169006437063217
no squeeze
1.057138442993164
0.37226322293281555
0.20213152468204498
0.16158874332904816
0.1794171929359436
0.11858666688203812
0.13914178311824799
0.12265630066394806
0.10664641112089157
0.11116143316030502
0.1160588338971138
0.09077621251344681
0.10684628039598465
0.08430170267820358
0.11748644709587097
0.10091792792081833
0.0849359855055809
0.08600546419620514
0.08309771865606308
0.07866637408733368
0.08034965395927429
0.08611895889043808
0.07266069948673248
0.0783730298280716
0.08336927741765976
0.08289285749197006
0.0986177995800972
0.1047021672129631
0.09894600510597229
0.09530684351921082
0.07725141942501068
0.06628325581550598
0.08431648463010788
0.07194390147924423
0.07014026492834091
0.06621962040662766
0.06943412125110626
0.07108406722545624
0.07736065983772278
0.07455048710107803
0.07464516907930374
0.08271820843219757
0.08623557537794113
0.08299891650676727
0.07519186288118362
0.07503268122673035
