no squeeze
2.1659951210021973
0.06735477596521378
0.039136625826358795
0.009078094735741615
0.007173934485763311
0.0038188169710338116
0.003376335371285677
0.0022303799632936716
0.002044121967628598
0.0015320092206820846
0.0014420478837564588
0.0012155582662671804
0.001171308453194797
0.001067374600097537
0.0010495418682694435
0.0010067287366837263
0.0009931157110258937
0.0009681741939857602
0.0009588621323928237
0.0009410461643710732
0.0009408188634552062
0.0009184511727653444
0.000922541890759021
0.0009158120956271887
0.0009129093959927559
0.0009078883449546993
0.0009026965708471835
0.0008948191534727812
0.0008936111116781831
0.0008859146619215608
0.0008822118397802114
0.0008831790764816105
0.0008765898528508842
0.0008778186747804284
0.0008745729574002326
0.0008770634885877371
0.0008775109890848398
0.0008795603062026203
no squeeze
1.9035626649856567
0.0683557391166687
0.043093785643577576
0.015911124646663666
0.013760284520685673
0.010306489653885365
0.01001670304685831
0.00936818402260542
0.009344791062176228
0.009163734503090382
0.009113352745771408
0.009138312190771103
0.009153642691671848
0.009362754411995411
no squeeze
2.094590902328491
0.1303420066833496
0.08745496720075607
0.03054698184132576
0.025344187393784523
0.014258391223847866
0.012551144696772099
0.008000411093235016
0.007242795545607805
0.0053002554923295975
0.004833133425563574
0.0037513873539865017
0.003503993386402726
0.0028304646257311106
0.002703105565160513
0.0022976952604949474
0.0022196932695806026
0.0019751256331801414
0.0019213081104680896
0.0016879193717613816
0.0016429693205282092
0.001507705426774919
0.0014780632918700576
0.0013944798847660422
0.0013674397487193346
0.0012635488528758287
0.0012506531784310937
0.0011918967356905341
0.0011688681552186608
0.001120559056289494
0.0011073542991653085
0.0010804390767589211
0.0010636046063154936
0.0010228685569018126
0.0010195455979555845
0.0009939464507624507
0.0009877925040200353
0.0009687975398264825
0.0009602694190107286
0.0009560967446304858
0.0009481845190748572
0.000928071211092174
0.000922514998819679
0.0009134935098700225
0.000910649134311825
0.0008956960518844426
0.0008952333009801805
0.0008826315752230585
0.0008819746435619891
0.0008803521632216871
0.0008760805940255523
0.00086438242578879
0.0008685595821589231
0.0008599543361924589
0.0008622329332865775
0.0008533991640433669
0.0008533034706488252
0.0008470669854432344
0.0008413797477260232
0.0008351457654498518
0.0008381609804928303
0.0008293457794934511
0.0008381545194424689
0.0008347622933797538
no squeeze
2.1548807621002197
0.35646092891693115
0.29150083661079407
0.19015389680862427
0.1781892329454422
0.14385095238685608
0.1376103311777115
0.11657043546438217
0.11147957295179367
0.0960063561797142
0.09239477664232254
0.08068189024925232
0.07770206779241562
0.06814847886562347
0.06615511327981949
0.058218151330947876
0.05699899420142174
0.050162289291620255
0.04900089651346207
0.04393012449145317
0.04294867068529129
0.03896911442279816
0.037885360419750214
0.03517766296863556
0.03491441160440445
0.03242257237434387
0.0319553017616272
0.030298400670289993
0.0300621148198843
0.028905484825372696
0.028597084805369377
0.027859527617692947
0.027887793257832527
0.027762748301029205
0.027331748977303505
0.026808856055140495
0.026751762256026268
0.026294847950339317
0.02632661536335945
0.025986352935433388
0.02603664994239807
0.026102883741259575
no squeeze
2.702953815460205
0.2332434505224228
0.17297407984733582
0.08571355044841766
0.07612810283899307
0.053547944873571396
0.04983363673090935
0.039286162704229355
0.03732717037200928
0.030894972383975983
0.02963823825120926
0.02549617737531662
0.024562183767557144
0.021727126091718674
0.021131446585059166
0.01915372908115387
0.018636371940374374
0.01702941581606865
0.016650360077619553
0.015487072058022022
0.015191643498837948
0.0142945796251297
0.014190148562192917
0.013467957265675068
0.013248005881905556
0.012675886042416096
0.012583702802658081
0.012156718410551548
0.012149706482887268
0.011738660745322704
0.011727364733815193
0.011547397822141647
0.011380517855286598
0.011133485473692417
0.011083693243563175
0.010922313667833805
0.010892240330576897
0.010686126537621021
0.010715693235397339
0.010568314231932163
0.01054132729768753
0.010442125611007214
0.010405201464891434
0.010360249318182468
0.01031402312219143
0.010210730135440826
0.01023196242749691
0.010178293101489544
0.010256833396852016
0.010089888237416744
0.010077389888465405
0.010101777501404285
0.010183503851294518
0.010151281021535397
no squeeze
1.0846564769744873
0.05289274826645851
0.04313904419541359
0.033806003630161285
0.03440259024500847
0.032910190522670746
0.032711245119571686
0.032599665224552155
0.03257492557168007
0.03236374631524086
0.03232498839497566
0.03230367228388786
0.03405831754207611
0.032087136059999466
0.03277014568448067
0.031348999589681625
0.03140299767255783
0.031536657363176346
