no squeeze
3.0784366130828857
0.11084327101707458
0.06448729336261749
0.013322669081389904
0.009960127994418144
0.004439132288098335
0.003883718280121684
0.002712440676987171
0.0025683939456939697
0.002246743068099022
0.0022081914357841015
0.0021130938548594713
0.002083172556012869
0.0020317165181040764
0.0020184891764074564
0.0019829384982585907
0.0019732580985873938
0.0019408748485147953
0.0019302634755149484
0.0019105096580460668
0.0019019759492948651
0.0018803469138219953
0.0018839766271412373
0.001871167216449976
0.0018679836066439748
0.0018569021485745907
0.0018587179947644472
0.0018506491323933005
0.0018561335746198893
0.0018497200217097998
0.0018474898533895612
0.0018418028485029936
0.00184436549898237
0.001840963028371334
0.0018432078650221229
0.0018400730332359672
0.001841748715378344
0.001840914599597454
no squeeze
2.5220272541046143
0.2245207130908966
0.196420818567276
0.1684817373752594
0.16493824124336243
0.16333140432834625
0.1617252081632614
0.15988145768642426
0.15963111817836761
0.1598149687051773
0.16151338815689087
0.1591513305902481
0.15873461961746216
0.1590106338262558
0.15971527993679047
0.1585281491279602
0.15794892609119415
0.15786665678024292
0.15831062197685242
0.15769489109516144
0.15736494958400726
0.15800923109054565
0.15799188613891602
0.1590963900089264
no squeeze
2.6851272583007812
0.21295230090618134
0.15425139665603638
0.07078316807746887
0.06188387796282768
0.041165221482515335
0.037734419107437134
0.027665624395012856
0.025748979300260544
0.019635571166872978
0.018426863476634026
0.014732817187905312
0.013912161812186241
0.011186357587575912
0.010660002939403057
0.009009064175188541
0.008615896105766296
0.0073116435669362545
0.00702296057716012
0.006091665010899305
0.0058530340902507305
0.005239798687398434
0.005077722482383251
0.004507353994995356
0.004360871389508247
0.003898260183632374
0.0038426595274358988
0.0035806542728096247
0.003470600815489888
0.003215666161850095
0.003140681656077504
0.0029163439758121967
0.0028889765962958336
0.002727519255131483
0.0026795445010066032
0.002580850850790739
0.0025313349906355143
0.002410613466054201
0.0023979125544428825
0.0022936866153031588
0.0022980698850005865
0.0022608700674027205
0.0022276483941823244
0.0021602287888526917
0.0021491183433681726
0.0021055475808680058
0.0020826421678066254
0.0020379822235554457
0.0020866096019744873
0.0020173119846731424
0.0020319928880780935
0.0019959870260208845
0.00200192304328084
0.001971960999071598
0.0019513604929670691
0.0019454499706625938
0.0019453810527920723
0.001929932041093707
0.0019429343519732356
0.0019268776522949338
0.0019176718778908253
0.0019098742632195354
0.00190752896014601
0.001892314525321126
0.0019216516520828009
0.0019025142537429929
no squeeze
3.1340320110321045
0.7129631638526917
0.6012632846832275
0.4138736128807068
0.390983909368515
0.3288654088973999
0.3185345530509949
0.2840638756752014
0.27727246284484863
0.2553371787071228
0.25071099400520325
0.23487058281898499
0.23153559863567352
0.22052913904190063
0.21771834790706635
0.2086651474237442
0.20671021938323975
0.19930554926395416
0.19801969826221466
0.19187647104263306
0.19008134305477142
0.18529558181762695
0.18458406627178192
0.17975373566150665
0.17848891019821167
0.17447501420974731
0.173834890127182
0.1694498062133789
0.1689174473285675
0.16560755670070648
0.16484861075878143
0.16185219585895538
0.16084665060043335
0.15774668753147125
0.15661729872226715
0.1541767120361328
0.15341760218143463
0.15052366256713867
0.1505187451839447
0.14779263734817505
0.147433340549469
0.14487972855567932
0.14411258697509766
0.1424960047006607
0.14227323234081268
0.13991498947143555
0.13965268433094025
0.13756100833415985
0.13720543682575226
0.1354111284017563
0.13499833643436432
0.13345253467559814
0.13356278836727142
0.13229352235794067
0.13193847239017487
0.1303667277097702
0.13073484599590302
0.12944220006465912
0.12954099476337433
0.12849223613739014
0.12802253663539886
0.12736822664737701
0.12651705741882324
0.12540867924690247
0.12615711987018585
0.12462402880191803
0.1254301518201828
0.12312790006399155
0.12395082414150238
0.12291377037763596
0.12218226492404938
0.1220133900642395
0.12207525223493576
0.12123193591833115
0.12208375334739685
0.12054628133773804
0.12121111154556274
0.11997073143720627
0.11993364989757538
0.11962838470935822
0.119688019156456
0.11945845931768417
0.11924336105585098
0.11914019286632538
0.11829905211925507
0.11835522204637527
0.1183931902050972
0.11786188185214996
0.11761267483234406
0.11744772642850876
0.11729010939598083
0.11719565093517303
0.11675064265727997
0.11744748055934906
0.11691813170909882
0.11658406257629395
0.11644057184457779
0.11615307629108429
0.11680413782596588
0.11621471494436264
no squeeze
2.7926223278045654
0.39361363649368286
0.3289376199245453
0.22867430746555328
0.21715299785137177
0.19012640416622162
0.18569931387901306
0.17307539284229279
0.17069809138774872
0.163087859749794
0.162431538105011
0.15644018352031708
0.15549054741859436
0.1517646610736847
0.150684654712677
0.14818263053894043
0.14739511907100677
0.14475715160369873
0.14438706636428833
0.1424577683210373
0.1417047381401062
0.14055241644382477
0.1397550404071808
0.13854940235614777
0.13876475393772125
0.1374458372592926
0.13708528876304626
0.1361546814441681
0.13608796894550323
0.13513921201229095
0.13507075607776642
0.13448047637939453
0.1337120682001114
0.13375508785247803
0.1340450495481491
0.13333727419376373
0.13326147198677063
0.13249287009239197
0.13234876096248627
0.13190628588199615
0.13219739496707916
0.13182169198989868
0.1317695826292038
0.13140197098255157
0.13162676990032196
0.1310824304819107
0.13174936175346375
0.13083131611347198
0.1307419240474701
0.13100165128707886
0.1302970051765442
0.1308957189321518
0.13019675016403198
0.1308111548423767
0.13071507215499878
0.13094018399715424
no squeeze
2.3849494457244873
0.2980915606021881
0.2787255048751831
0.26459547877311707
0.26412758231163025
0.26381248235702515
0.26386114954948425
0.2633143663406372
0.264574259519577
0.26402580738067627
