no squeeze
1.314831256866455
0.4568069279193878
0.24287424981594086
0.13019458949565887
0.07341709733009338
0.04240214824676514
0.030840830877423286
0.022974448278546333
0.017425568774342537
0.012819998897612095
0.010017416439950466
0.008998326025903225
0.007686813361942768
0.007177277933806181
0.006740061566233635
0.005833170376718044
0.0041781459003686905
0.005361003801226616
0.003980481531471014
0.005694048013538122
0.003330937121063471
0.002693763468414545
0.0019784236792474985
0.0016946903197094798
0.003406028961762786
0.0028246561996638775
0.0018753298791125417
0.0016437222948297858
0.001169583760201931
0.0026501219253987074
0.0010708882473409176
0.0008808289421722293
0.001133445417508483
0.003095824969932437
0.0022876013536006212
0.0020608219783753157
0.002098082099109888
0.0010560838272795081
0.0012893025996163487
0.0010862501803785563
0.0009909425862133503
0.0006739544332958758
0.0005975469248369336
0.0008100702543742955
0.0018888527993112803
0.0008163259481079876
0.0009918776340782642
0.0012755155330523849
0.0009061043965630233
0.0009595266892574728
0.0007594454800710082
0.0007188092567957938
0.0009481089073233306
no squeeze
1.3073488473892212
0.5014371871948242
0.2867196202278137
0.18523642420768738
0.13403551280498505
0.10546897351741791
0.08677563816308975
0.06728272885084152
0.056817427277565
0.04882672801613808
0.0403800830245018
0.04125116392970085
0.04416480287909508
0.03366636484861374
0.02933426946401596
0.024788599461317062
0.0242753978818655
0.026337848976254463
0.023359788581728935
0.01945437677204609
0.02255646139383316
0.0171523317694664
0.018493499606847763
0.02399401180446148
0.018891356885433197
0.01583055593073368
0.01692180335521698
0.01560152042657137
0.019649188965559006
0.014344094321131706
0.011956838890910149
0.012259583920240402
0.01547806803137064
0.01421830989420414
0.015700755640864372
0.012486059218645096
0.013583272695541382
0.011625329032540321
0.01381373405456543
0.015501527115702629
0.011236990801990032
0.02123316004872322
0.01768741011619568
0.019263312220573425
0.009277774021029472
0.012518299743533134
0.019009459763765335
0.01813410595059395
0.012300108559429646
0.013109749183058739
0.00939271692186594
0.010254278779029846
0.009301692247390747
0.0067038387060165405
0.0070731863379478455
0.011620836332440376
0.011006970889866352
0.00829645898193121
0.006752466782927513
0.008162972517311573
0.006789452861994505
0.005820798687636852
0.006160961464047432
0.007518099620938301
0.009703557007014751
0.012221609242260456
0.015628105029463768
0.012335260398685932
0.009940925985574722
0.007340583018958569
0.006398393772542477
0.024505050852894783
no squeeze
1.6479411125183105
0.6209266781806946
0.3873211145401001
0.258165568113327
0.18617266416549683
0.1332554966211319
0.10358056426048279
0.09103139489889145
0.07542053610086441
0.059751518070697784
0.04834369942545891
0.05452767387032509
0.03500092029571533
0.03007817268371582
0.024698931723833084
0.02617020159959793
0.021662965416908264
0.018939940258860588
0.015347303822636604
0.014083865098655224
0.015383252874016762
0.013031767681241035
0.012310796417295933
0.009727567434310913
0.015329559333622456
0.009770005941390991
0.010371992364525795
0.00836724042892456
0.00801154412329197
0.007542819250375032
0.00826659332960844
0.0075049204751849174
0.00957118533551693
0.008088788017630577
0.0062787276692688465
0.006717795040458441
0.00630998844280839
0.014349822886288166
0.008848726749420166
0.007863384671509266
0.007227353285998106
0.00879589281976223
0.005415201187133789
0.0057505290023982525
0.004664135631173849
0.007295086048543453
0.005024889018386602
0.004785035736858845
0.0050578671507537365
0.006558746565133333
0.004785623867064714
0.0071327220648527145
0.006101465784013271
0.006377579178661108
0.005159284919500351
no squeeze
1.3026341199874878
0.6674577593803406
0.5625582933425903
0.47024497389793396
0.4146987497806549
0.3682083785533905
0.3234493136405945
0.30568650364875793
0.2742588520050049
0.25776997208595276
0.23988185822963715
0.22124768793582916
0.20003758370876312
0.1857876032590866
0.1759868711233139
0.1631099432706833
0.17599977552890778
0.1624145358800888
0.14313092827796936
0.136262446641922
0.1270609200000763
0.1254338026046753
0.12385044991970062
0.11276949942111969
0.10539250820875168
0.10892987996339798
0.10402590036392212
0.098903127014637
0.09382946789264679
0.09020044654607773
0.08268797397613525
0.09767808765172958
0.07956437766551971
0.07545705884695053
0.07374066859483719
0.07290475815534592
0.07102047652006149
0.06841512024402618
0.0631105899810791
0.061040934175252914
0.0599895715713501
0.05811992287635803
0.06643369048833847
0.05934588983654976
0.059675078839063644
0.059407319873571396
0.0545058511197567
0.055544495582580566
0.05066831782460213
0.05280314013361931
0.050747331231832504
0.050002530217170715
0.04727260023355484
0.04855803772807121
0.04809098318219185
0.04790820553898811
0.04565780982375145
0.04873259365558624
0.04613323509693146
0.04413895681500435
0.04418834671378136
0.043815962970256805
0.05110626295208931
0.04832825809717178
0.04504659026861191
0.04183023422956467
0.03843475878238678
0.040091026574373245
0.041073933243751526
0.03979293256998062
0.04083177074790001
0.04053668677806854
0.0391540601849556
0.039823032915592194
0.03741535544395447
0.035769712179899216
0.03981113061308861
0.037445150315761566
0.03685598075389862
0.039295438677072525
0.034818314015865326
0.03612973913550377
0.03408966213464737
0.03443485498428345
0.03739263862371445
0.04012059047818184
0.03543610870838165
0.03674423694610596
0.032901864498853683
0.03591318428516388
0.03696108236908913
0.03465431183576584
0.03436955809593201
0.03481893241405487
0.03565351665019989
0.03297165781259537
0.03436462581157684
0.032956719398498535
0.03368435427546501
no squeeze
1.4602134227752686
0.6632702946662903
0.4691596031188965
0.35091260075569153
0.2861071527004242
0.23700198531150818
0.20475630462169647
0.18256814777851105
0.15565776824951172
0.13814635574817657
0.13073398172855377
0.12179148942232132
0.1026737317442894
0.09735482186079025
0.09063484519720078
0.08965596556663513
0.08413921296596527
0.07653798162937164
0.06587639451026917
0.06397190690040588
0.059995148330926895
0.059855349361896515
0.05328778922557831
0.053162816911935806
0.05397737771272659
0.050158727914094925
0.05040796101093292
0.044521525502204895
0.043026071041822433
0.03967706486582756
0.03854569047689438
0.0373452827334404
0.03760562464594841
0.0375625342130661
0.03456569090485573
0.03556852415204048
0.03464348614215851
0.0322914719581604
0.03003787063062191
0.03221913054585457
0.02960166148841381
0.028902802616357803
0.028549209237098694
0.030380472540855408
0.029506206512451172
0.030747152864933014
0.029871726408600807
0.028632907196879387
0.02908206917345524
0.028136247768998146
0.027657007798552513
0.023575564846396446
0.02529240772128105
0.024193931370973587
0.024423908442258835
0.02382539212703705
0.023075684905052185
0.025418749079108238
0.022263996303081512
0.023586975410580635
0.02126970700919628
0.022962192073464394
0.02110155299305916
0.022628655657172203
0.01999056152999401
0.021955475211143494
0.02417824976146221
0.020758042111992836
0.02580099366605282
0.018687088042497635
0.02653595618903637
0.01817387528717518
0.02067989483475685
0.01972386986017227
0.02097930759191513
0.022876054048538208
0.017834391444921494
0.0169063750654459
0.01803896576166153
0.015329249203205109
0.015272713266313076
0.01925727166235447
0.01859775371849537
0.015012918971478939
0.01625988259911537
0.01663636416196823
0.014685926027595997
0.015730412676930428
0.016080262139439583
0.01613282784819603
0.01719234697520733
0.01692441664636135
0.014763971790671349
0.018360866233706474
0.014206130988895893
0.01554993074387312
0.015172039158642292
0.015095862559974194
0.0161996241658926
0.01607304811477661
0.01885070651769638
0.015669826418161392
0.014197982847690582
0.01532056462019682
0.01375559065490961
0.019023817032575607
0.013941140845417976
0.014725115150213242
0.015451015904545784
0.01892712153494358
0.013828946277499199
0.03049015998840332
0.017295369878411293
0.021965205669403076
0.016077911481261253
no squeeze
1.7756009101867676
0.634504497051239
0.3521818220615387
0.2318897247314453
0.256788432598114
0.16852323710918427
0.16135193407535553
0.1355753242969513
0.1802947223186493
0.1469133496284485
0.14087827503681183
0.18029752373695374
0.16905049979686737
0.23243440687656403
0.22700732946395874
0.22032977640628815
0.12515190243721008
0.14550675451755524
0.190857395529747
0.1636461466550827
0.09701109677553177
0.13697463274002075
0.11470598727464676
0.16870330274105072
0.14131540060043335
0.15690675377845764
0.11965052783489227
0.15539023280143738
0.10592750459909439
0.08831913769245148
0.11678352952003479
0.2607259750366211
0.13032430410385132
0.11700867861509323
0.16689909994602203
0.1106361523270607
0.11493726074695587
0.13935250043869019
0.11888755112886429
0.13593733310699463
