no squeeze
131.35691833496094
37.55112838745117
29.59243392944336
20.22860336303711
19.14139175415039
16.26367950439453
15.705655097961426
13.974358558654785
13.607442855834961
12.41702651977539
12.161893844604492
11.329136848449707
11.1516695022583
10.584376335144043
10.468223571777344
10.081335067749023
10.000298500061035
9.760354995727539
9.710772514343262
9.552773475646973
9.519776344299316
9.419191360473633
9.39751148223877
9.334158897399902
9.316187858581543
9.261565208435059
9.250003814697266
9.227644920349121
9.224152565002441
9.187602996826172
9.177045822143555
9.154139518737793
9.151399612426758
9.137124061584473
9.145484924316406
9.129746437072754
9.120233535766602
9.110100746154785
9.115391731262207
9.108603477478027
9.109031677246094
9.091780662536621
9.088623046875
9.100319862365723
9.088547706604004
9.095654487609863
9.081317901611328
9.088160514831543
9.074872016906738
9.061388969421387
9.070343017578125
9.067700386047363
no squeeze
131.45706176757812
41.900718688964844
32.26239776611328
19.06049156188965
17.349660873413086
12.900242805480957
12.097323417663574
9.85105037689209
9.434065818786621
8.205680847167969
7.981879711151123
7.2795281410217285
7.1400675773620605
6.7411932945251465
6.661210536956787
6.413313865661621
6.357725620269775
6.1957688331604
6.161715984344482
6.047928810119629
6.030205726623535
5.952089309692383
5.941901683807373
5.868351459503174
5.8541998863220215
5.8117265701293945
5.80062198638916
5.775999546051025
5.768766403198242
5.752430438995361
5.743777751922607
5.740171432495117
5.727529525756836
5.717082500457764
5.713901042938232
5.702012538909912
5.700937271118164
5.694703102111816
5.692145824432373
5.689115047454834
5.690014362335205
5.683636665344238
5.685025691986084
5.686761856079102
no squeeze
132.06776428222656
66.65093994140625
52.953826904296875
24.569250106811523
21.754804611206055
15.451888084411621
14.381878852844238
11.260947227478027
10.63551139831543
8.644980430603027
8.22093677520752
6.814696311950684
6.498300075531006
5.427832126617432
5.1851420402526855
4.362873077392578
4.174001693725586
3.533977508544922
3.3885791301727295
2.888828754425049
2.7751059532165527
2.3908791542053223
2.3048365116119385
2.0084080696105957
1.9425755739212036
1.7193055152893066
1.6703180074691772
1.504332184791565
1.467890739440918
1.3471702337265015
1.3202569484710693
1.2342934608459473
1.214069128036499
1.1503868103027344
1.1357518434524536
1.088531732559204
1.0784356594085693
1.0450408458709717
1.0374834537506104
1.0105540752410889
1.005020260810852
0.9866633415222168
0.9817163944244385
0.9660245180130005
0.9622554183006287
0.9502608180046082
0.9480460286140442
0.9387001991271973
0.9364240765571594
0.9274324774742126
0.9258683323860168
0.9196771383285522
0.9180472493171692
0.9125089645385742
0.9113218784332275
0.9067237973213196
0.9053090810775757
0.9011990427970886
0.9001771211624146
0.8969521522521973
0.8955230712890625
0.8927106261253357
0.8919453024864197
0.8891732096672058
0.8883910775184631
0.8853017687797546
0.8858293890953064
0.8826619982719421
0.8824335932731628
0.8812653422355652
0.8800438046455383
0.8787667155265808
0.8782378435134888
0.8759254217147827
0.87526535987854
0.8738400340080261
0.8740800023078918
0.8722110986709595
0.8724734783172607
0.870966911315918
0.8702864050865173
0.8693705201148987
0.8692793250083923
0.8683371543884277
0.8676023483276367
0.8668890595436096
0.8662201762199402
0.8653706908226013
0.8651310205459595
0.8639931678771973
0.8640342950820923
0.8627026081085205
0.8632662892341614
0.8618370294570923
0.8617851734161377
0.8608834147453308
0.8604600429534912
0.8597254753112793
0.8595167994499207
0.8593847155570984
0.8583821654319763
0.8582773804664612
0.8575330376625061
0.8568344116210938
0.8571279048919678
0.8561467528343201
0.8557000160217285
0.8552027344703674
0.8555361032485962
0.8558165431022644
no squeeze
133.334716796875
105.86236572265625
97.248291015625
63.42726516723633
56.666812896728516
40.9181022644043
38.571163177490234
32.588592529296875
31.555004119873047
28.665163040161133
28.095788955688477
26.351598739624023
25.96296501159668
24.700246810913086
24.417882919311523
23.440582275390625
23.208248138427734
22.403913497924805
22.20762825012207
21.522775650024414
21.353092193603516
20.74862289428711
20.622102737426758
20.074241638183594
19.951295852661133
19.47200584411621
19.34218978881836
18.899612426757812
18.78223991394043
18.38148307800293
18.274518966674805
17.8824520111084
17.784103393554688
17.412494659423828
17.319433212280273
16.973562240600586
16.872371673583984
16.529470443725586
16.451419830322266
16.131681442260742
16.05048179626465
15.73288345336914
15.67102336883545
15.360162734985352
15.277118682861328
14.997795104980469
14.918412208557129
14.646764755249023
14.576116561889648
14.327156066894531
14.253387451171875
14.011476516723633
13.945028305053711
13.712118148803711
13.657066345214844
13.444795608520508
13.3809175491333
13.176319122314453
13.122410774230957
12.940569877624512
12.877190589904785
12.692638397216797
12.650223731994629
12.4829740524292
12.441620826721191
12.278580665588379
12.233696937561035
12.08442211151123
12.045928955078125
11.902856826782227
11.86850357055664
11.735507011413574
11.701234817504883
11.571816444396973
11.537461280822754
11.422379493713379
11.38940715789795
11.274970054626465
11.243935585021973
11.148216247558594
11.120390892028809
11.017645835876465
10.99252700805664
10.898395538330078
10.871515274047852
10.789759635925293
10.772016525268555
10.686239242553711
10.663847923278809
10.592622756958008
10.579795837402344
10.500360488891602
10.486504554748535
10.431818962097168
10.411110877990723
10.346731185913086
10.331873893737793
10.284527778625488
10.254570960998535
10.212099075317383
10.195789337158203
10.148247718811035
10.132009506225586
10.088997840881348
10.077166557312012
10.038013458251953
10.021299362182617
9.986940383911133
9.971768379211426
9.966012954711914
9.927239418029785
9.888083457946777
9.878281593322754
9.853363037109375
9.839083671569824
9.806228637695312
9.80005168914795
9.769845008850098
9.762575149536133
9.734444618225098
9.72387981414795
9.697738647460938
9.695056915283203
9.667665481567383
9.65441608428955
9.63495922088623
9.630526542663574
9.595879554748535
9.59216594696045
9.57288646697998
9.570060729980469
9.540308952331543
9.542013168334961
9.518823623657227
9.506377220153809
9.4898042678833
9.481823921203613
9.468587875366211
9.461116790771484
9.447320938110352
9.44398307800293
9.420374870300293
9.415207862854004
9.412433624267578
9.405801773071289
9.383504867553711
9.376871109008789
9.359956741333008
9.355426788330078
9.350071907043457
9.338045120239258
9.32105541229248
9.320592880249023
9.309300422668457
9.30215072631836
9.288186073303223
9.281418800354004
9.274837493896484
9.27194595336914
9.2603178024292
9.255301475524902
9.244046211242676
9.241090774536133
9.227907180786133
9.221369743347168
9.209643363952637
9.217449188232422
9.211798667907715
no squeeze
131.93910217285156
63.112274169921875
52.98972702026367
34.9075927734375
32.74562454223633
27.133056640625
26.132972717285156
23.21397590637207
22.628572463989258
20.822608947753906
20.435441970825195
19.17605972290039
18.89190673828125
17.940156936645508
17.721458435058594
16.932167053222656
16.75672721862793
16.101905822753906
15.936905860900879
15.363222122192383
15.231210708618164
14.733414649963379
14.613625526428223
14.176918029785156
14.06755256652832
13.695293426513672
13.608060836791992
13.289494514465332
13.219677925109863
12.948488235473633
12.883706092834473
12.630760192871094
12.577947616577148
12.384284019470215
12.329646110534668
12.162355422973633
12.123600959777832
11.967259407043457
11.936729431152344
11.82303524017334
11.789942741394043
11.67929458618164
11.657811164855957
11.576322555541992
11.546242713928223
11.4666109085083
11.452739715576172
11.399581909179688
11.370271682739258
11.31091022491455
11.291088104248047
11.241591453552246
11.228443145751953
11.189861297607422
11.181914329528809
11.137476921081543
11.124398231506348
11.097125053405762
11.087936401367188
11.061878204345703
11.049942970275879
11.014784812927246
11.00692367553711
10.988518714904785
10.981729507446289
10.954902648925781
10.95044994354248
10.924586296081543
10.921818733215332
10.902925491333008
10.895110130310059
10.881407737731934
10.863492012023926
10.858415603637695
10.851025581359863
10.820911407470703
10.829944610595703
10.816938400268555
10.811660766601562
10.79334831237793
10.786582946777344
10.781245231628418
10.767462730407715
10.762679100036621
10.75661563873291
10.743011474609375
10.742432594299316
10.73539924621582
10.730097770690918
10.721515655517578
10.71717643737793
10.695968627929688
10.698036193847656
10.689920425415039
10.683693885803223
10.674952507019043
10.670262336730957
10.661412239074707
10.66232681274414
10.650790214538574
10.649247169494629
10.633660316467285
10.637945175170898
10.639162063598633
no squeeze
124.38729858398438
31.582477569580078
29.287683486938477
25.7541446685791
25.4410400390625
24.823843002319336
24.74716567993164
24.56536865234375
24.5451602935791
24.471355438232422
24.469478607177734
24.451766967773438
24.445100784301758
24.43855857849121
24.439594268798828
24.43828773498535
24.434917449951172
24.460214614868164
24.477386474609375
24.452058792114258
