no squeeze
23.521974563598633
4.1762590408325195
3.2262380123138428
1.4795212745666504
1.2743463516235352
0.7748913168907166
0.692879319190979
0.4790283739566803
0.4432102143764496
0.3477949798107147
0.3325344920158386
0.2926429212093353
0.2852848172187805
0.2681468427181244
0.26374465227127075
0.25390249490737915
0.2526608109474182
0.24750518798828125
0.24674703180789948
0.2443360835313797
0.24355298280715942
0.2427595853805542
0.24231559038162231
0.2410828024148941
0.24086245894432068
0.24057722091674805
0.23985978960990906
0.2392597645521164
0.23886613547801971
0.237687349319458
0.24013905227184296
0.23737555742263794
0.23679812252521515
0.23670992255210876
0.2364722341299057
0.2375328689813614
0.23709368705749512
0.23594380915164948
0.23557838797569275
0.23580752313137054
0.23539184033870697
0.23638148605823517
0.235880047082901
0.23503407835960388
0.2349759340286255
0.234871506690979
0.23562243580818176
0.23421485722064972
0.23569361865520477
0.23454061150550842
no squeeze
22.72209930419922
3.901535987854004
3.174229621887207
2.189894914627075
2.0885396003723145
1.883302927017212
1.854334831237793
1.7926229238510132
1.7833925485610962
1.7637778520584106
1.7584997415542603
1.7465189695358276
1.7473536729812622
1.740326166152954
1.7417947053909302
1.7378453016281128
1.7357732057571411
1.7364634275436401
1.7370132207870483
1.7366605997085571
no squeeze
23.119388580322266
6.980902194976807
5.4161272048950195
2.5613808631896973
2.1798758506774902
1.2835267782211304
1.1426717042922974
0.7708712816238403
0.7036707401275635
0.5138161182403564
0.47625911235809326
0.3732236921787262
0.34904372692108154
0.2784659266471863
0.26525264978408813
0.2222784459590912
0.2141830325126648
0.18835216760635376
0.1821098029613495
0.163192480802536
0.15906938910484314
0.14604774117469788
0.14339560270309448
0.13396897912025452
0.13251997530460358
0.12597624957561493
0.12470359355211258
0.12005738914012909
0.11902667582035065
0.11492034047842026
0.11415325850248337
0.11098865419626236
0.11020956188440323
0.10760664194822311
0.10723579674959183
0.10485602915287018
0.10440744459629059
0.10276385396718979
0.10212599486112595
0.10023554414510727
0.10006051510572433
0.09862814098596573
0.09824296832084656
0.0971570834517479
0.09676273912191391
0.0955507755279541
0.09530127048492432
0.09441328793764114
0.09406644850969315
0.09307316690683365
0.09287185966968536
0.09182362258434296
0.09187114238739014
0.09123712033033371
0.09096264839172363
0.09018760919570923
0.09027136117219925
0.08939371258020401
0.08919205516576767
0.08851529657840729
0.08863072842359543
0.08812180161476135
0.08782000094652176
0.08731679618358612
0.08734022825956345
0.0866759717464447
0.08674602955579758
0.08638318628072739
0.08619178086519241
0.08621923625469208
0.08578887581825256
0.08577445149421692
0.08562596142292023
0.08535600453615189
0.08516302704811096
0.08486608415842056
0.08479196578264236
0.08471108973026276
0.08463000506162643
0.08434844762086868
0.08435001969337463
0.08407465368509293
0.08413790166378021
0.08374980092048645
0.08382304012775421
0.08365137875080109
0.0837382823228836
0.08350023627281189
0.08359254151582718
0.08341487497091293
0.0835111141204834
0.08313437551259995
0.08321887999773026
0.08314597606658936
no squeeze
24.157615661621094
12.470306396484375
10.981083869934082
7.792941093444824
7.314449310302734
6.089393615722656
5.8562798500061035
5.1678009033203125
5.022561550140381
4.560187816619873
4.4554057121276855
4.112123012542725
4.0286359786987305
3.7600138187408447
3.6949102878570557
3.491312026977539
3.4372456073760986
3.266950845718384
3.230006694793701
3.0962095260620117
3.0615928173065186
2.9569308757781982
2.9291722774505615
2.844820499420166
2.828483819961548
2.752946615219116
2.7424890995025635
2.6809093952178955
2.665771961212158
2.6209046840667725
2.6057381629943848
2.5656239986419678
2.5551016330718994
2.5161590576171875
2.5039989948272705
2.4659717082977295
2.460465908050537
2.423774480819702
2.414781093597412
2.379638433456421
2.370940923690796
2.3409621715545654
2.3314173221588135
2.2935469150543213
2.2824923992156982
2.2502763271331787
2.2425496578216553
2.2132701873779297
2.2016305923461914
2.1663665771484375
2.1576435565948486
2.1319234371185303
2.124161720275879
2.0890140533447266
2.083517074584961
2.052919864654541
2.0445175170898438
2.0163567066192627
2.0103976726531982
1.9831916093826294
1.9795502424240112
1.9585024118423462
1.9550487995147705
1.930001139640808
1.9255589246749878
1.9091383218765259
1.9037951231002808
1.8869132995605469
1.883955478668213
1.8692079782485962
1.8679064512252808
1.8520854711532593
1.8491746187210083
1.8372493982315063
1.8347272872924805
1.825265645980835
1.818465232849121
1.8079909086227417
1.8082038164138794
1.795145034790039
1.7926443815231323
1.782814860343933
1.7780946493148804
1.7688941955566406
1.7656474113464355
1.757537841796875
1.7558159828186035
1.7455973625183105
1.7435054779052734
1.737412691116333
1.734555959701538
1.7247706651687622
1.7256619930267334
1.7154743671417236
1.7170907258987427
1.7065067291259766
1.7053091526031494
1.7093505859375
1.7009978294372559
1.6898788213729858
1.6884111166000366
1.6864830255508423
1.6829466819763184
1.6739020347595215
1.674583911895752
1.6676875352859497
1.6658905744552612
1.6601548194885254
1.6588255167007446
1.6551399230957031
1.6524204015731812
1.647087574005127
1.6474872827529907
1.6412243843078613
1.6410765647888184
1.6354408264160156
1.6352187395095825
1.6310633420944214
1.6322083473205566
1.6244174242019653
1.624944806098938
1.620743751525879
1.6207613945007324
1.6161483526229858
1.6148760318756104
1.6135404109954834
1.6166925430297852
1.6066962480545044
1.6059106588363647
1.6037403345108032
1.6006016731262207
1.5972914695739746
1.5989192724227905
1.5949448347091675
1.5929375886917114
1.5952779054641724
1.5929664373397827
1.5866434574127197
1.5880645513534546
1.5833946466445923
1.5899144411087036
1.5822296142578125
1.5810543298721313
1.5810269117355347
1.5789352655410767
1.5860381126403809
1.5781404972076416
1.5741463899612427
1.5801060199737549
1.5705924034118652
1.569825291633606
1.5703904628753662
1.5683187246322632
1.5621187686920166
1.5662099123001099
1.5646204948425293
no squeeze
23.1895694732666
7.687843322753906
6.564670085906982
4.488949298858643
4.199087142944336
3.421964168548584
3.2859416007995605
2.9019973278045654
2.8280656337738037
2.616795301437378
2.575242757797241
2.4462685585021973
2.417846441268921
2.3299155235290527
2.3110666275024414
2.240992784500122
2.225494623184204
2.172320604324341
2.1575675010681152
2.1139180660247803
2.102482795715332
2.0650956630706787
2.055288791656494
2.0240912437438965
2.0159072875976562
1.9884750843048096
1.9848111867904663
1.961566686630249
1.9544013738632202
1.9355900287628174
1.9302760362625122
1.9131454229354858
1.9105967283248901
1.8962953090667725
1.8932138681411743
1.8824669122695923
1.878551721572876
1.8709005117416382
1.8653780221939087
1.8591704368591309
1.8569694757461548
1.849090576171875
1.8480466604232788
1.8403311967849731
1.8401439189910889
1.8341612815856934
1.8315974473953247
1.826791524887085
1.8247478008270264
1.820539951324463
1.8212169408798218
1.8145278692245483
1.8153489828109741
1.8103458881378174
1.8081450462341309
1.8053083419799805
1.802088737487793
1.8044272661209106
1.8017338514328003
1.7962596416473389
1.7964756488800049
1.792445182800293
1.7929924726486206
1.794468879699707
no squeeze
23.17279052734375
4.2122931480407715
4.042874336242676
3.8525803089141846
3.8444595336914062
3.8567159175872803
3.848001003265381
3.8475334644317627
