no squeeze
299.8382568359375
169.60899353027344
141.96954345703125
78.25987243652344
71.40567779541016
57.59500503540039
55.450504302978516
49.131317138671875
47.86915588378906
43.71122741699219
42.79838562011719
39.71613311767578
39.009803771972656
36.63827896118164
36.110748291015625
34.30363082885742
33.90316390991211
32.52652359008789
32.22772216796875
31.236400604248047
31.004514694213867
30.28413200378418
30.122028350830078
29.634273529052734
29.531526565551758
29.208385467529297
29.144302368164062
28.900121688842773
28.85774803161621
28.712995529174805
28.69025230407715
28.566720962524414
28.54561996459961
28.47132682800293
28.454957962036133
28.40227699279785
28.394506454467773
28.34425163269043
28.339916229248047
28.323801040649414
28.296300888061523
28.288066864013672
28.287067413330078
28.257736206054688
28.256174087524414
28.24908447265625
28.241159439086914
28.229324340820312
28.22911262512207
28.233083724975586
28.21162223815918
28.19786262512207
28.209836959838867
28.192598342895508
28.19789695739746
28.186077117919922
28.197513580322266
28.201663970947266
no squeeze
301.5077209472656
188.4249267578125
161.58029174804688
85.31108856201172
74.22049713134766
50.2613525390625
46.344539642333984
35.33445358276367
33.2010498046875
26.69021987915039
25.356618881225586
21.16111946105957
20.26814842224121
17.421281814575195
16.82990837097168
14.938424110412598
14.516731262207031
13.223174095153809
12.943631172180176
12.068924903869629
11.888117790222168
11.30362606048584
11.181066513061523
10.787388801574707
10.70737075805664
10.436671257019043
10.37881851196289
10.185510635375977
10.144947052001953
10.014229774475098
9.981236457824707
9.87157917022705
9.848094940185547
9.776824951171875
9.758990287780762
9.694296836853027
9.683724403381348
9.62940788269043
9.62566089630127
9.581521034240723
9.57364559173584
9.535719871520996
9.529204368591309
9.493741989135742
9.488360404968262
9.464571952819824
9.456877708435059
9.439927101135254
9.43214225769043
9.414569854736328
9.404882431030273
9.391314506530762
9.38955307006836
9.378124237060547
9.373032569885254
9.360018730163574
9.357344627380371
9.3534574508667
9.346824645996094
9.33187198638916
9.331818580627441
9.325571060180664
9.319862365722656
9.31396198272705
9.31168270111084
9.301656723022461
9.300383567810059
9.292580604553223
9.297290802001953
9.290209770202637
9.285636901855469
9.28563404083252
9.286626815795898
9.281797409057617
9.28121566772461
9.280130386352539
9.278148651123047
9.272139549255371
9.270115852355957
9.26945686340332
9.267117500305176
9.268842697143555
9.265005111694336
9.265589714050293
9.263455390930176
9.264904022216797
9.265237808227539
9.253876686096191
9.257872581481934
9.253541946411133
9.25312614440918
9.2503023147583
9.251977920532227
9.254812240600586
no squeeze
301.9529113769531
206.3364715576172
181.88812255859375
103.96395874023438
90.98356628417969
62.91829299926758
58.70293426513672
46.97230911254883
44.67938232421875
37.48720169067383
35.94784164428711
30.830217361450195
29.661352157592773
25.692922592163086
24.755603790283203
21.449369430541992
20.677629470825195
17.944541931152344
17.286325454711914
14.963421821594238
14.407594680786133
12.458456993103027
12.00010871887207
10.381170272827148
10.001012802124023
8.68515682220459
8.376227378845215
7.311424255371094
7.063255310058594
6.212594985961914
6.017154216766357
5.344881057739258
5.191366195678711
4.672187805175781
4.551166534423828
4.13980770111084
4.048494815826416
3.7297513484954834
3.6604950428009033
3.4168190956115723
3.361227035522461
3.1680538654327393
3.1239125728607178
2.974405288696289
2.9392952919006348
2.817629337310791
2.790281057357788
2.698262929916382
2.675593376159668
2.59840726852417
2.5802228450775146
2.519446849822998
2.506812810897827
2.4539756774902344
2.4426369667053223
2.3999898433685303
2.3911373615264893
2.3577616214752197
2.348282814025879
2.3209526538848877
2.3128156661987305
2.287058115005493
2.281461238861084
2.260791778564453
2.255230188369751
2.2397642135620117
2.2338016033172607
2.2206599712371826
2.2162973880767822
2.201862335205078
2.197162628173828
2.1881484985351562
2.1853158473968506
2.1763558387756348
2.173574209213257
2.163088321685791
2.1609342098236084
2.1541762351989746
2.151005744934082
2.1434881687164307
2.1424288749694824
2.13686203956604
2.135867118835449
2.128619432449341
2.126797676086426
2.1250085830688477
2.123427629470825
2.1181960105895996
2.1154744625091553
2.1122994422912598
2.110976457595825
2.1062746047973633
2.105708360671997
2.10351300239563
2.1025373935699463
2.099165916442871
2.101116895675659
2.0965354442596436
2.0960159301757812
2.092672824859619
2.0926737785339355
2.0894744396209717
2.0893893241882324
2.087392568588257
2.086834669113159
2.085277795791626
2.0837020874023438
2.0800094604492188
2.082855463027954
2.080782651901245
no squeeze
304.2881774902344
265.73944091796875
251.55418395996094
180.25123596191406
160.44920349121094
107.58155822753906
100.79890441894531
84.75239562988281
81.95207214355469
73.52015686035156
71.81381225585938
66.25080871582031
65.033935546875
60.96379089355469
60.029136657714844
56.874088287353516
56.15683364868164
53.56583023071289
52.973243713378906
50.91830825805664
50.401092529296875
48.628875732421875
48.20382308959961
46.70981979370117
46.327022552490234
45.03443908691406
44.70458984375
43.517364501953125
43.21641159057617
42.175209045410156
41.90525436401367
40.93177795410156
40.677085876464844
39.78654479980469
39.557193756103516
38.72949981689453
38.50617218017578
37.71299743652344
37.50126647949219
36.754920959472656
36.557918548583984
35.86751937866211
35.67521286010742
34.994808197021484
34.81718063354492
34.166378021240234
34.01100158691406
33.374351501464844
33.22397994995117
32.62253189086914
32.48180389404297
31.88344383239746
31.737548828125
31.186782836914062
31.04551887512207
30.527027130126953
30.380298614501953
29.88930320739746
29.753517150878906
29.287818908691406
29.165279388427734
28.7628116607666
28.628217697143555
28.22187042236328
28.115631103515625
27.756195068359375
27.662569046020508
27.355627059936523
27.262676239013672
26.964738845825195
26.906963348388672
26.651912689208984
26.58209228515625
26.36248779296875
26.317432403564453
26.12696647644043
26.063461303710938
25.902202606201172
25.860370635986328
25.712125778198242
25.66717529296875
25.534839630126953
25.49201774597168
25.3826961517334
25.356740951538086
25.236116409301758
25.230531692504883
25.1553897857666
25.128753662109375
25.02410316467285
24.976144790649414
24.941625595092773
24.886859893798828
24.79340362548828
24.768695831298828
24.697708129882812
24.67823600769043
24.620765686035156
24.60502815246582
24.53067398071289
24.49660873413086
24.44635772705078
24.4161434173584
24.391464233398438
24.361167907714844
24.31291961669922
24.27287483215332
24.233930587768555
24.207195281982422
24.1539306640625
24.12839126586914
24.092388153076172
24.072338104248047
24.044342041015625
24.014965057373047
23.96695327758789
23.955808639526367
23.91895294189453
23.917329788208008
23.854581832885742
23.864946365356445
23.874055862426758
no squeeze
300.98187255859375
208.04324340820312
186.2394256591797
122.33682250976562
111.94021606445312
87.06795501708984
82.79365539550781
70.61922454833984
68.33914947509766
61.22904968261719
59.7506217956543
54.92173385620117
53.849063873291016
50.23545837402344
49.43270492553711
46.59886169433594
45.93864440917969
43.6224479675293
43.089317321777344
41.1854248046875
40.73713302612305
39.18018341064453
38.809261322021484
37.53532791137695
37.22865676879883
36.175811767578125
35.93720626831055
35.052330017089844
34.85341262817383
34.11879348754883
33.94972229003906
33.338958740234375
33.184791564941406
32.66228103637695
32.5343017578125
32.08942413330078
31.98344612121582
31.589570999145508
31.4809627532959
31.144065856933594
31.058856964111328
30.772470474243164
30.6928653717041
30.422956466674805
30.382347106933594
30.129121780395508
30.078645706176758
29.837446212768555
29.81725311279297
29.597219467163086
29.5532169342041
29.347614288330078
29.324626922607422
29.170330047607422
29.11505126953125
28.984968185424805
28.93301010131836
28.808589935302734
28.768024444580078
28.64347267150879
28.60926055908203
28.49547576904297
28.474437713623047
28.381662368774414
28.35545539855957
28.248136520385742
28.219362258911133
28.118112564086914
28.09235191345215
28.025798797607422
27.99180030822754
27.918424606323242
27.90004539489746
27.839710235595703
27.80351448059082
27.771236419677734
27.73214340209961
27.706295013427734
27.66157341003418
27.58477020263672
27.581926345825195
27.56224250793457
27.51283836364746
27.47127342224121
27.448577880859375
27.444015502929688
27.411577224731445
27.383821487426758
27.377565383911133
27.312021255493164
27.28984260559082
27.27122688293457
27.24876594543457
27.226266860961914
27.211746215820312
27.179367065429688
27.208242416381836
27.14630126953125
27.131696701049805
27.131275177001953
27.118011474609375
27.069923400878906
27.06871223449707
27.048137664794922
27.041500091552734
27.007205963134766
27.000808715820312
26.971330642700195
26.959430694580078
26.957319259643555
26.998065948486328
26.9292049407959
26.913679122924805
26.911624908447266
26.888450622558594
26.901243209838867
26.877819061279297
26.861831665039062
26.850618362426758
26.888307571411133
26.824859619140625
26.802963256835938
26.81292724609375
26.79632568359375
26.798635482788086
26.78302001953125
26.759000778198242
26.774423599243164
26.755958557128906
26.768817901611328
26.7366886138916
26.768718719482422
26.726648330688477
26.727615356445312
26.708696365356445
26.742992401123047
26.700927734375
26.670793533325195
26.736902236938477
26.684173583984375
no squeeze
295.394287109375
113.49821472167969
97.34522247314453
72.932861328125
69.95064544677734
63.599266052246094
62.7740592956543
61.01074981689453
60.7778205871582
60.23225021362305
60.157569885253906
59.95439910888672
59.950347900390625
59.85983657836914
59.86616516113281
59.850624084472656
59.837074279785156
59.850914001464844
59.840171813964844
59.84081268310547
