no squeeze
39.40602493286133
7.9959716796875
6.392989158630371
3.0346665382385254
2.609020233154297
1.5984724760055542
1.4406107664108276
1.0433484315872192
0.9774131178855896
0.813439130783081
0.7859528660774231
0.7162861227989197
0.7047425508499146
0.6745198965072632
0.6697216033935547
0.6526767611503601
0.6516391038894653
0.6434776186943054
0.6421515345573425
0.6382543444633484
0.6370904445648193
0.6343859434127808
0.6341322064399719
0.6374679207801819
0.6349311470985413
0.6320443749427795
0.6355005502700806
0.6306077837944031
0.6317039728164673
0.6313697099685669
no squeeze
39.496089935302734
9.026419639587402
6.912378311157227
4.262381553649902
3.971848487854004
3.321547746658325
3.2258706092834473
2.9976882934570312
2.960005521774292
2.8689401149749756
2.8526833057403564
2.813312292098999
2.806766986846924
2.7882883548736572
2.7800793647766113
2.763685464859009
2.762826442718506
2.7587034702301025
2.7589035034179688
2.747197151184082
2.747626543045044
2.7457494735717773
2.7513163089752197
2.744997978210449
2.747514247894287
2.743551254272461
2.7462892532348633
2.743433952331543
2.743406295776367
2.7402126789093018
2.7413594722747803
2.7424545288085938
no squeeze
39.73653030395508
16.156665802001953
12.29662799835205
5.507745742797852
4.759268283843994
3.0503265857696533
2.7663679122924805
1.9425179958343506
1.781433343887329
1.2906322479248047
1.1919795274734497
0.8977577090263367
0.8402427434921265
0.6673349738121033
0.6328620314598083
0.5273971557617188
0.5054852962493896
0.4377390742301941
0.42285919189453125
0.3748817443847656
0.36478063464164734
0.3317870795726776
0.3243958055973053
0.30049464106559753
0.29517433047294617
0.27762362360954285
0.27372294664382935
0.2607743442058563
0.2580757737159729
0.24927347898483276
0.24699001014232635
0.23931631445884705
0.23808883130550385
0.23321491479873657
0.23179586231708527
0.22782880067825317
0.22672170400619507
0.22317227721214294
0.22255370020866394
0.21997979283332825
0.21934722363948822
0.21710284054279327
0.21660344302654266
0.2151011973619461
0.2146608978509903
0.21350863575935364
0.21292099356651306
0.21198362112045288
0.21156494319438934
0.21071524918079376
0.21021480858325958
0.20955264568328857
0.20929007232189178
0.2084149271249771
0.20811066031455994
0.20771507918834686
0.20759929716587067
0.2068125158548355
0.20675142109394073
0.20631375908851624
0.20639672875404358
0.20608378946781158
0.2058345377445221
0.20543622970581055
0.20540931820869446
0.2051393985748291
0.20467790961265564
0.20473608374595642
0.20458698272705078
0.20439575612545013
0.20442993938922882
0.2040957808494568
0.20373311638832092
0.20401747524738312
0.20409096777439117
0.2036736160516739
0.20392030477523804
0.20334914326667786
0.2035515308380127
0.20337457954883575
no squeeze
40.831886291503906
25.659093856811523
22.37449836730957
14.570456504821777
13.430971145629883
10.692352294921875
10.220030784606934
8.872734069824219
8.6023530960083
7.759197235107422
7.567157745361328
6.959041595458984
6.8227009773254395
6.35805606842041
6.252017021179199
5.892741680145264
5.807174205780029
5.517347812652588
5.452908992767334
5.226746559143066
5.168510913848877
4.990453720092773
4.946751117706299
4.8010711669921875
4.767160415649414
4.656594753265381
4.635086536407471
4.54736328125
4.525730609893799
4.4603729248046875
4.446844577789307
4.388034343719482
4.377414226531982
4.339452266693115
4.3289642333984375
4.290318012237549
4.277544975280762
4.252007961273193
4.245770454406738
4.212909698486328
4.207010269165039
4.186439514160156
4.177797794342041
4.152159690856934
4.146950721740723
4.1234893798828125
4.1138014793396
4.090974807739258
4.081336975097656
4.060720920562744
4.051067352294922
4.028047561645508
4.018518924713135
3.9917924404144287
3.986057758331299
3.9619619846343994
3.9662444591522217
3.9330389499664307
3.920591354370117
3.8973371982574463
3.888455867767334
3.867964267730713
3.859482765197754
3.831751823425293
3.8263473510742188
3.795912027359009
3.791536331176758
3.7626888751983643
3.7570395469665527
3.7363879680633545
3.724853992462158
3.707890033721924
3.6984570026397705
3.6627109050750732
3.6610281467437744
3.6380040645599365
3.6261088848114014
3.6012070178985596
3.5927481651306152
3.5677974224090576
3.5628106594085693
3.539484977722168
3.5303990840911865
3.5065114498138428
3.5006158351898193
3.475999593734741
3.4650638103485107
3.442598819732666
3.4354965686798096
3.4142472743988037
3.409717082977295
3.3846194744110107
3.37886905670166
3.3640592098236084
3.35373592376709
3.3335695266723633
3.3246753215789795
3.3135743141174316
3.300483226776123
3.2802696228027344
3.2729718685150146
3.265228033065796
3.256497383117676
3.2313849925994873
3.2276480197906494
3.206650733947754
3.208496570587158
3.191187620162964
3.1832633018493652
3.16861891746521
3.1603918075561523
3.149001121520996
3.1459343433380127
3.128126382827759
3.126112699508667
3.1100971698760986
3.109042167663574
3.0932505130767822
3.08967924118042
3.0778825283050537
3.0740272998809814
3.0633656978607178
3.0568249225616455
3.0483734607696533
3.0443334579467773
3.034397840499878
3.0358352661132812
3.026414632797241
3.0210366249084473
3.0135338306427
3.0087239742279053
2.9970755577087402
3.0061371326446533
2.9871597290039062
2.9895172119140625
2.976231336593628
2.983159065246582
2.9685990810394287
2.965440273284912
2.956533193588257
2.9515812397003174
2.966885566711426
2.948064088821411
2.9370992183685303
2.934497356414795
2.9315552711486816
2.9275131225585938
2.9193460941314697
2.914602756500244
2.908839225769043
2.910659074783325
2.918510675430298
no squeeze
40.82901382446289
13.909459114074707
11.828836441040039
8.209640502929688
7.741554260253906
6.546502113342285
6.320130348205566
5.6462225914001465
5.5101237297058105
5.039039134979248
4.9342827796936035
4.598049163818359
4.5191650390625
4.265120983123779
4.20480489730835
4.016533374786377
3.9729361534118652
3.8327534198760986
3.805872917175293
3.695700168609619
3.674221992492676
3.5930581092834473
3.5736143589019775
3.514820098876953
3.504823684692383
3.4482171535491943
3.434143543243408
3.398653984069824
3.3997597694396973
3.3583738803863525
3.3551337718963623
3.3254549503326416
3.3209080696105957
3.298845052719116
3.294825792312622
3.2707667350769043
3.2664356231689453
3.249739646911621
3.2458066940307617
3.236708641052246
3.2261898517608643
3.212822914123535
3.210503101348877
3.2055294513702393
3.2011771202087402
3.1885828971862793
3.1845524311065674
3.18086576461792
3.174696207046509
3.169964075088501
3.1693882942199707
3.164579391479492
3.1687862873077393
3.151607036590576
3.158421754837036
3.143711566925049
3.1426479816436768
3.148538589477539
3.1409225463867188
3.1298458576202393
3.1387710571289062
3.128002166748047
3.124040365219116
3.135279893875122
3.1253821849823
3.123548746109009
3.1183881759643555
3.121483325958252
3.1133618354797363
3.1108908653259277
3.1096930503845215
3.1082613468170166
3.10556697845459
3.1075327396392822
3.103577136993408
3.1012561321258545
3.1009981632232666
3.1135857105255127
3.104515552520752
3.0928151607513428
3.093855381011963
3.0909006595611572
3.0895190238952637
3.0860273838043213
3.0863053798675537
3.09040904045105
no squeeze
40.55129623413086
9.33057975769043
8.238266944885254
7.006824016571045
6.942254543304443
6.892897605895996
6.890585422515869
6.897919654846191
6.891928195953369
6.886540412902832
6.886773586273193
6.891445636749268
