no squeeze
2818.61474609375
2263.677978515625
2101.09716796875
1433.65966796875
1269.1307373046875
771.4977416992188
688.0978393554688
499.41351318359375
472.3559265136719
401.9396667480469
389.05084228515625
349.1987609863281
340.7359313964844
311.6919250488281
304.9179992675781
280.48284912109375
274.5439453125
252.59237670898438
247.18141174316406
227.01821899414062
221.92263793945312
202.77597045898438
198.04368591308594
180.23269653320312
175.71206665039062
158.7601776123047
154.5864715576172
138.84176635742188
134.936767578125
120.4615707397461
116.78523254394531
103.38233947753906
100.06362915039062
88.07003021240234
85.12935638427734
74.42341613769531
71.84278869628906
62.4496955871582
60.258934020996094
52.258705139160156
50.325782775878906
43.52881622314453
41.92570877075195
36.21355438232422
34.88355255126953
30.161808013916016
29.05316162109375
25.16213035583496
24.26177978515625
21.102102279663086
20.382204055786133
17.8270206451416
17.23858642578125
15.193399429321289
14.715248107910156
13.070714950561523
12.683016777038574
11.350225448608398
11.036982536315918
9.961194038391113
9.703986167907715
8.815531730651855
8.617386817932129
7.905854225158691
7.740044116973877
7.1500959396362305
7.0133056640625
6.529791831970215
6.412838459014893
6.011296272277832
5.913417339324951
5.573696613311768
5.49196720123291
5.198731422424316
5.131202697753906
4.887275695800781
4.829057216644287
4.61292839050293
4.564716339111328
4.3857903480529785
4.346044540405273
4.177687644958496
4.139338970184326
3.9964439868927
3.962930202484131
3.841330051422119
3.8156893253326416
3.7018206119537354
3.676614761352539
3.572760581970215
3.5489141941070557
3.4678196907043457
3.4403064250946045
3.364287853240967
3.343484401702881
3.2728593349456787
3.252957582473755
3.1905596256256104
3.1760311126708984
3.1202497482299805
3.1188807487487793
3.0517067909240723
3.0375547409057617
2.985250234603882
2.9720776081085205
2.9322152137756348
2.9166035652160645
2.8755569458007812
2.8666257858276367
2.8279294967651367
2.818171262741089
2.781968832015991
2.7727086544036865
2.7416694164276123
2.7337324619293213
2.7048044204711914
2.6944987773895264
2.666991949081421
2.659158706665039
2.62998104095459
2.6324498653411865
2.6012368202209473
2.5914928913116455
2.566751003265381
2.5617294311523438
2.5368242263793945
2.5318377017974854
2.5099616050720215
2.5058112144470215
2.4960310459136963
2.482743978500366
2.464341878890991
2.455343723297119
2.433668851852417
2.427950382232666
2.4125125408172607
2.404247522354126
2.4012207984924316
2.383679151535034
2.3644802570343018
2.360253095626831
2.3451879024505615
2.3525326251983643
2.324167490005493
2.3194239139556885
2.301542282104492
2.297919273376465
2.2840018272399902
2.2802178859710693
2.2654964923858643
2.260329484939575
2.2461235523223877
2.2480826377868652
2.2300572395324707
2.2251529693603516
2.2161600589752197
2.2065110206604004
2.191094398498535
2.187885284423828
2.176225185394287
2.17171049118042
2.1713364124298096
2.179002523422241
2.1443026065826416
2.152663469314575
2.1298563480377197
2.1336915493011475
2.114267349243164
2.1100821495056152
2.0984649658203125
2.096822738647461
2.085441827774048
2.080597400665283
2.072498083114624
2.0708580017089844
2.058832883834839
2.0568840503692627
2.04567813873291
2.0421018600463867
2.033903121948242
2.031181573867798
2.0274298191070557
2.021620512008667
2.0103933811187744
2.0077896118164062
1.9995733499526978
1.996530294418335
1.9888173341751099
1.985085368156433
1.9796651601791382
1.9766178131103516
1.9705537557601929
1.9669404029846191
1.9619215726852417
1.9588333368301392
1.9523218870162964
1.948951244354248
1.9429881572723389
1.9425629377365112
1.9334052801132202
no squeeze
2815.93359375
2353.577880859375
2209.4228515625
1577.866455078125
1411.548583984375
874.618408203125
778.9605102539062
565.369384765625
536.6671142578125
467.8066711425781
456.2536926269531
423.2891540527344
416.70660400390625
395.7668762207031
391.15985107421875
375.39654541015625
371.67547607421875
358.6785888671875
355.51416015625
344.3455810546875
341.70477294921875
332.114990234375
329.85467529296875
321.6151428222656
319.7264709472656
312.6522216796875
310.9964599609375
305.00616455078125
303.54888916015625
298.35076904296875
297.0959777832031
292.6509704589844
291.5677795410156
287.844482421875
286.88629150390625
283.4866943359375
282.7200012207031
280.0517883300781
279.3689270019531
276.921630859375
276.3859558105469
274.382080078125
273.9471740722656
272.29754638671875
271.87506103515625
270.4378662109375
270.1055908203125
268.962158203125
268.6202697753906
267.6186218261719
267.3348693847656
266.4319763183594
266.235595703125
265.5312805175781
265.3149108886719
264.6506652832031
264.49127197265625
263.9808349609375
263.8343811035156
263.4676208496094
263.29833984375
262.8489685058594
262.76434326171875
262.4483337402344
262.310546875
262.01031494140625
261.9434814453125
261.6671447753906
261.6077575683594
261.41046142578125
261.3498229980469
261.1331481933594
261.0831298828125
260.9159851074219
260.8563232421875
260.6827697753906
260.67620849609375
260.5217590332031
260.49652099609375
260.4322204589844
260.3974304199219
260.240966796875
260.2140197753906
260.16082763671875
260.1139831542969
260.04888916015625
260.0241394042969
259.9341125488281
259.9028625488281
259.88153076171875
259.86322021484375
259.8273010253906
259.7821044921875
259.7066650390625
259.6938781738281
259.6700744628906
259.6326599121094
259.6438293457031
259.5647888183594
259.5247802734375
259.5369873046875
259.5216979980469
259.4960632324219
259.4497985839844
259.4384765625
259.4601135253906
259.4486999511719
259.43072509765625
259.3820495605469
259.3731689453125
259.3514404296875
259.3360290527344
259.316162109375
259.3115234375
259.2855224609375
259.3241271972656
259.28961181640625
259.2566833496094
259.23016357421875
259.19024658203125
259.1869812011719
259.1959228515625
259.16876220703125
259.1255187988281
259.13140869140625
259.164306640625
no squeeze
2832.374755859375
2490.4521484375
2381.336181640625
1872.3038330078125
1726.354248046875
1183.2218017578125
1065.470703125
738.2921142578125
681.6348876953125
528.171875
499.8559875488281
419.0430908203125
403.24676513671875
354.20037841796875
343.5005187988281
308.2814636230469
300.4802551269531
273.3735656738281
267.0065002441406
244.57310485839844
239.18194580078125
219.68087768554688
214.95962524414062
197.52662658691406
193.28500366210938
177.5264129638672
173.6126708984375
159.0865936279297
155.4718475341797
142.1436309814453
138.8134002685547
126.51131439208984
123.47624206542969
112.21084594726562
109.4512710571289
99.2635726928711
96.75487518310547
87.56752014160156
85.30524444580078
77.043701171875
75.0321044921875
67.70478057861328
65.92001342773438
59.45491409301758
57.88557052612305
52.236351013183594
50.859554290771484
45.9100341796875
44.70859909057617
40.4056396484375
39.361324310302734
35.64686965942383
34.74291229248047
31.525394439697266
30.73536491394043
27.91509246826172
27.249235153198242
24.8272647857666
24.239627838134766
22.134004592895508
21.617572784423828
19.771820068359375
19.334196090698242
17.73531150817871
17.351219177246094
15.954577445983887
15.627460479736328
14.406370162963867
14.110433578491211
13.036802291870117
12.77684211730957
11.825919151306152
11.602452278137207
10.790913581848145
10.585955619812012
9.852084159851074
9.67210865020752
9.037437438964844
8.87983226776123
8.313082695007324
8.1679048538208
7.663661479949951
7.537657737731934
7.0925469398498535
6.981245517730713
6.580785751342773
6.4853715896606445
6.132917404174805
6.045693397521973
5.726317405700684
5.651839733123779
5.3686957359313965
5.301485538482666
5.048948764801025
4.9870123863220215
4.774284362792969
4.711999416351318
4.506586074829102
4.4543914794921875
4.265509605407715
4.222988605499268
4.0686798095703125
4.02500581741333
3.8788983821868896
3.842040538787842
3.7113900184631348
3.6751744747161865
3.5449516773223877
3.5217320919036865
3.411050796508789
3.3826797008514404
3.2807469367980957
3.257058620452881
3.170774221420288
3.1455740928649902
3.065134286880493
3.0411465167999268
2.9639554023742676
2.942678689956665
2.8734214305877686
2.8592400550842285
2.794093608856201
2.7749383449554443
2.721478223800659
2.704271078109741
2.6472818851470947
2.635745048522949
2.5891294479370117
2.5739586353302
2.5263216495513916
2.5142881870269775
2.4705350399017334
2.4614439010620117
2.419782876968384
2.4086544513702393
2.3753774166107178
2.3642866611480713
2.326261520385742
2.318298816680908
2.289369583129883
2.288848400115967
2.250314474105835
2.2424156665802
2.214000701904297
2.2068393230438232
2.1797494888305664
2.1741244792938232
2.1514546871185303
2.145124673843384
2.1200003623962402
2.113898754119873
2.0933115482330322
2.0866215229034424
2.0725982189178467
2.063493490219116
2.0462217330932617
2.0382986068725586
2.0188586711883545
2.0231759548187256
1.9999955892562866
1.9943863153457642
1.9778163433074951
1.9739526510238647
1.959456443786621
1.958188772201538
1.944758653640747
1.9409059286117554
1.9237042665481567
1.922110676765442
1.91037917137146
1.9058047533035278
1.8936704397201538
1.8945298194885254
1.8823634386062622
1.8772861957550049
1.8647114038467407
1.8662681579589844
1.854830026626587
1.8497213125228882
1.8412978649139404
1.837790608406067
1.8298791646957397
1.828887939453125
1.8163467645645142
1.8154655694961548
1.8096957206726074
1.8059242963790894
1.7963480949401855
1.7967445850372314
1.7912615537643433
1.7872593402862549
1.7783845663070679
1.7799272537231445
1.7702516317367554
1.7697343826293945
1.76426100730896
1.7623188495635986
1.7534669637680054
1.7537767887115479
1.747070074081421
no squeeze
2838.633544921875
2731.590576171875
2684.478271484375
2375.2646484375
2257.703125
1685.296630859375
1525.802490234375
1008.9376831054688
919.3096313476562
713.76025390625
683.3532104492188
602.2349853515625
587.4758911132812
543.8069458007812
535.1467895507812
507.6855773925781
501.7483825683594
481.9466857910156
477.5902099609375
462.3333435058594
458.79718017578125
446.3516540527344
443.4187927246094
433.02105712890625
430.5585021972656
421.83734130859375
419.7054443359375
411.93182373046875
410.088623046875
403.386474609375
401.7846984863281
395.5889587402344
394.1209716796875
388.62158203125
387.24615478515625
382.1886291503906
380.876953125
376.0584411621094
374.82623291015625
370.3156433105469
369.1790466308594
364.8953552246094
363.7522277832031
359.6824645996094
358.5137023925781
354.3096923828125
353.31256103515625
349.20849609375
348.1517028808594
344.16827392578125
343.1304931640625
339.1363525390625
338.08392333984375
334.0796203613281
333.05670166015625
329.03070068359375
327.9656677246094
323.89459228515625
322.8762512207031
318.77618408203125
317.7088928222656
313.64715576171875
312.53594970703125
308.3834533691406
307.29864501953125
303.1517028808594
302.0514221191406
297.8055114746094
296.7403869628906
292.4734802246094
291.3843994140625
287.14971923828125
286.095703125
281.9158020019531
280.82830810546875
276.6583251953125
275.57684326171875
271.48046875
270.4554138183594
266.5689697265625
265.5244445800781
261.7006530761719
260.751708984375
257.0807800292969
256.2183837890625
252.748779296875
251.8724365234375
248.6072998046875
247.82962036132812
244.8119659423828
244.0765838623047
241.37814331054688
240.68402099609375
238.1256561279297
237.50860595703125
235.28038024902344
234.72491455078125
232.65724182128906
232.17755126953125
230.39247131347656
229.93927001953125
228.34872436523438
227.96058654785156
226.54788208007812
226.15870666503906
224.9706573486328
224.6255645751953
223.51768493652344
223.24269104003906
222.3197479248047
222.0181427001953
221.11099243164062
220.89260864257812
220.1153564453125
219.9325714111328
219.2454071044922
219.09275817871094
218.483154296875
218.33033752441406
217.7461700439453
217.60032653808594
217.05027770996094
216.92845153808594
216.56077575683594
216.4005126953125
215.94236755371094
215.80262756347656
215.430419921875
215.31993103027344
214.91943359375
214.82899475097656
214.5422821044922
214.42567443847656
214.13223266601562
214.0098876953125
213.72982788085938
213.6405029296875
213.3397979736328
213.2713623046875
213.0041046142578
212.9455108642578
212.7043914794922
212.60739135742188
212.3775177001953
212.30844116210938
212.08245849609375
212.0050506591797
211.78416442871094
211.69122314453125
211.47665405273438
211.44381713867188
211.28271484375
211.21014404296875
211.00625610351562
210.9320526123047
210.83401489257812
210.73565673828125
210.647705078125
210.55059814453125
210.34164428710938
210.28005981445312
210.15521240234375
210.08485412597656
209.9911651611328
209.90560913085938
209.76210021972656
209.68992614746094
209.5752410888672
209.50025939941406
209.39337158203125
209.32257080078125
209.19406127929688
209.14483642578125
209.0706024169922
208.983642578125
208.87380981445312
208.82177734375
208.72683715820312
208.6382598876953
208.50889587402344
208.48260498046875
208.43862915039062
208.3900146484375
208.3105926513672
208.2319793701172
208.16619873046875
208.10757446289062
207.99029541015625
207.94020080566406
207.8544921875
207.81411743164062
207.75091552734375
207.72434997558594
207.60723876953125
207.5668487548828
207.42459106445312
207.44627380371094
207.45347595214844
no squeeze
2825.3896484375
2477.159912109375
2369.1826171875
1877.5858154296875
1737.6304931640625
1211.2579345703125
1094.7054443359375
772.978515625
721.8394165039062
599.282958984375
579.424072265625
524.8003540039062
514.5548706054688
483.4160461425781
476.9604187011719
455.9950866699219
451.32293701171875
435.4365234375
431.79034423828125
418.8517761230469
415.7577209472656
404.6454772949219
401.95965576171875
392.2080078125
389.8228454589844
381.0329284667969
378.9288635253906
371.0139465332031
368.9955749511719
361.5679016113281
359.7556457519531
352.8368225097656
351.1106262207031
344.5409240722656
342.91839599609375
336.8433532714844
335.27874755859375
329.3689880371094
327.8955383300781
322.3963317871094
320.9671630859375
315.7517395019531
314.4482727050781
309.58917236328125
308.3451232910156
303.77154541015625
302.5956726074219
298.2651062011719
297.18878173828125
293.2073974609375
292.2115173339844
288.6471862792969
287.6816101074219
284.2843322753906
283.45458984375
280.4683837890625
279.708251953125
276.9200744628906
276.2335205078125
273.7828674316406
273.18231201171875
270.932373046875
270.3975830078125
268.3421630859375
267.8943176269531
266.09576416015625
265.6480712890625
264.0681457519531
263.6462707519531
262.2216796875
261.8486328125
260.5262451171875
260.205322265625
259.0714416503906
258.75
257.6798400878906
257.41168212890625
256.4204406738281
256.1493225097656
255.2909698486328
255.049560546875
254.2738494873047
254.07847595214844
253.33815002441406
253.14659118652344
252.54281616210938
252.34271240234375
251.68309020996094
251.50973510742188
250.91139221191406
250.76544189453125
250.260498046875
250.12355041503906
249.6040802001953
249.44558715820312
249.0930633544922
248.9178466796875
248.46408081054688
248.33685302734375
247.8899688720703
247.8192901611328
247.47959899902344
247.34080505371094
246.99459838867188
246.88319396972656
246.60415649414062
246.4610137939453
246.20266723632812
246.10752868652344
245.8026123046875
245.68516540527344
245.3570098876953
245.3123779296875
245.07537841796875
244.96824645996094
244.71278381347656
244.6276397705078
244.38308715820312
244.35459899902344
244.1072998046875
244.0437774658203
243.8660430908203
243.77175903320312
243.59666442871094
243.55503845214844
243.39645385742188
243.30364990234375
243.13450622558594
243.04824829101562
242.93678283691406
242.87496948242188
242.62246704101562
242.58709716796875
242.44313049316406
242.4414825439453
242.35784912109375
242.27102661132812
242.1504669189453
242.08253479003906
241.97640991210938
241.89996337890625
241.75900268554688
241.7693328857422
241.64395141601562
241.59498596191406
241.52130126953125
241.42837524414062
241.3328399658203
241.29324340820312
241.25765991210938
241.2403106689453
241.10638427734375
241.05950927734375
240.9954376220703
241.0090789794922
240.85140991210938
240.849609375
240.8052215576172
240.77197265625
240.69049072265625
240.6510009765625
240.5708465576172
240.569091796875
240.5188751220703
240.46395874023438
240.39553833007812
240.36407470703125
240.2810516357422
240.30931091308594
240.32858276367188
no squeeze
2810.597412109375
1831.817626953125
1602.59716796875
937.8716430664062
834.8270263671875
624.2066040039062
597.81787109375
537.7352294921875
528.5433959960938
504.3480224609375
499.7882995605469
486.29473876953125
483.44085693359375
474.3674011230469
472.394775390625
465.86590576171875
464.4418029785156
459.7189025878906
458.66522216796875
455.2388000488281
454.44085693359375
451.8591613769531
451.3042297363281
449.4194030761719
449.0343322753906
447.5545349121094
447.3472595214844
446.415283203125
446.0813293457031
445.2257385253906
445.0860290527344
444.60009765625
444.37835693359375
444.0062255859375
443.92034912109375
443.5599060058594
443.5166320800781
443.4096374511719
443.1750183105469
442.99969482421875
442.91009521484375
442.79022216796875
442.8094482421875
442.9827575683594
