no squeeze
2.9275364875793457
0.7878026366233826
0.4996916949748993
0.4172147214412689
0.36717405915260315
0.36673787236213684
0.2753635048866272
0.2897220551967621
0.271940141916275
0.24622562527656555
0.23707842826843262
0.258132666349411
0.21473799645900726
0.18689154088497162
0.2299928218126297
0.22509720921516418
0.19415006041526794
0.21505147218704224
0.16857761144638062
0.1943104863166809
0.18639381229877472
0.1786760836839676
0.15537522733211517
0.16305772960186005
0.22339662909507751
0.1496971696615219
0.12602467834949493
0.143220916390419
0.13247589766979218
0.1406184285879135
0.1313992291688919
0.12135587632656097
0.14221122860908508
0.16712570190429688
0.11604909598827362
0.12140236794948578
0.11343009769916534
0.13086862862110138
0.09911128878593445
0.11566358059644699
0.11914549022912979
0.13995309174060822
0.15858973562717438
0.13213907182216644
0.13479509949684143
0.11518032848834991
0.09294857084751129
0.14632713794708252
0.09409226477146149
0.09914840012788773
0.10057294368743896
0.07449287921190262
0.11612222343683243
0.08816874027252197
0.10230466723442078
0.07937891781330109
0.06860966980457306
0.06530448794364929
0.09620491415262222
0.08254267275333405
0.07336512207984924
0.08574674278497696
0.08536504209041595
0.08896426856517792
0.09151217341423035
0.08997480571269989
0.08376055210828781
0.06612367928028107
no squeeze
3.6389362812042236
0.8956488966941833
0.46707776188850403
0.41687729954719543
0.33468738198280334
0.3551260828971863
0.33607929944992065
0.34565332531929016
0.33741503953933716
0.3454746603965759
0.26017841696739197
0.2487163096666336
0.25446969270706177
0.23494276404380798
0.30299660563468933
0.27869153022766113
0.22324296832084656
0.2619319558143616
0.24869787693023682
0.22604209184646606
0.20920075476169586
0.20954585075378418
0.24679501354694366
0.1774619072675705
0.22618907690048218
0.23786215484142303
0.23703208565711975
0.21279233694076538
0.17757242918014526
0.17542299628257751
0.219373881816864
0.18162444233894348
0.17858821153640747
0.19918768107891083
0.18224118649959564
0.18849539756774902
0.1978396326303482
0.2115456461906433
0.21577592194080353
0.15481498837471008
0.18007715046405792
0.17233705520629883
0.20141318440437317
0.15919291973114014
0.23543503880500793
0.19176965951919556
0.16003763675689697
0.16497746109962463
0.23463945090770721
0.19274848699569702
no squeeze
4.292280197143555
1.5243504047393799
0.8689882159233093
0.6839933395385742
0.5513597130775452
0.47953274846076965
0.4855528473854065
0.563004732131958
0.49614661931991577
0.6138229370117188
0.43354639410972595
0.36451855301856995
0.3756038248538971
0.35710158944129944
0.3116609752178192
0.3849068582057953
0.35277068614959717
0.38476258516311646
0.3614004850387573
0.3353714644908905
0.3133496940135956
0.339158833026886
0.289131224155426
0.350444495677948
0.28212085366249084
0.44695019721984863
0.35582536458969116
0.3828718662261963
0.347938597202301
0.3333975672721863
0.2604888379573822
0.30920854210853577
0.31431204080581665
0.3463669419288635
0.3397009074687958
0.2572628855705261
0.22550664842128754
0.20884039998054504
0.22261877357959747
0.2896867096424103
0.24728307127952576
0.29590392112731934
0.39199721813201904
0.28404316306114197
0.19483092427253723
0.2758806645870209
0.2453480213880539
0.273195743560791
0.29359135031700134
0.25347408652305603
0.2863968312740326
0.2628136873245239
0.24323956668376923
0.16867350041866302
0.18298110365867615
0.16165252029895782
0.30153483152389526
0.3382972478866577
0.20532836019992828
0.255248486995697
0.2656833231449127
0.1746417135000229
0.20939871668815613
0.138212651014328
0.17617015540599823
0.14954544603824615
0.17219345271587372
0.2402607798576355
0.2271069586277008
0.17819969356060028
0.15015153586864471
0.13185396790504456
0.20231492817401886
0.28665539622306824
0.285380095243454
0.1870296597480774
0.20789116621017456
0.393817663192749
0.19409780204296112
0.16053107380867004
0.12705384194850922
0.3308619558811188
0.2444450557231903
0.42481529712677
0.2488439530134201
0.2136126458644867
0.13172981142997742
0.1486789584159851
0.19559238851070404
0.2818238437175751
0.1654108315706253
no squeeze
4.0269012451171875
1.382852554321289
0.937828540802002
0.7328563332557678
0.6224024891853333
0.5272250771522522
0.46934208273887634
0.41755661368370056
0.4112963378429413
0.37929800152778625
0.35643699765205383
0.3210105299949646
0.3062082529067993
0.29386329650878906
0.2992202341556549
0.280128538608551
0.25399836897850037
0.25050777196884155
0.24228818714618683
0.2350974828004837
0.2207724153995514
0.2293943166732788
0.22150930762290955
0.21722206473350525
0.2042044848203659
0.19595441222190857
0.21484731137752533
0.2140033096075058
0.19912298023700714
0.18769128620624542
0.19355645775794983
0.19005253911018372
0.18941327929496765
0.2010502964258194
0.17855927348136902
0.17395460605621338
0.17675337195396423
0.17344072461128235
0.16894207894802094
0.16076186299324036
0.17139077186584473
0.1822018027305603
0.16553260385990143
0.17872557044029236
0.1705515831708908
0.17060774564743042
0.1692868322134018
0.17660316824913025
0.15076670050621033
0.15901415050029755
0.14372923970222473
0.16295869648456573
0.16389012336730957
0.15251463651657104
0.15416258573532104
0.16118387877941132
0.14224298298358917
0.1385500133037567
0.1481386125087738
0.13744734227657318
0.1453947275876999
0.1338859498500824
0.133432075381279
0.13135407865047455
0.13165682554244995
0.14757613837718964
0.1343182474374771
0.14559228718280792
0.12603183090686798
0.1273547261953354
0.12883546948432922
0.12282013893127441
0.12754911184310913
0.12302703410387039
0.13274551928043365
0.11721685528755188
0.12054983526468277
0.1258218139410019
0.10798392444849014
0.10522811114788055
0.11272130906581879
0.12065286934375763
0.11928170919418335
0.11250603944063187
0.11582441627979279
0.11901791393756866
0.10763654857873917
0.1146857887506485
0.1177583560347557
0.12209028750658035
no squeeze
4.405372142791748
1.2785948514938354
0.7685889601707458
0.6004428863525391
0.4612787365913391
0.4251015782356262
0.38395455479621887
0.3227550685405731
0.3319634795188904
0.29844367504119873
0.32531604170799255
0.30736273527145386
0.2725582718849182
0.2604598104953766
0.24272282421588898
0.2430739402770996
0.2162640243768692
0.2445397526025772
0.2262844741344452
0.20650731027126312
0.17616499960422516
0.19202306866645813
0.17932143807411194
0.17582100629806519
0.20397339761257172
0.1913881003856659
0.19427308440208435
0.20037613809108734
0.1768602430820465
0.16117528080940247
0.17351314425468445
0.16037249565124512
0.154188871383667
0.1522684097290039
0.1683855801820755
0.15823185443878174
0.16342614591121674
0.1687159687280655
0.1446772664785385
0.13020063936710358
0.12736888229846954
0.14785949885845184
0.12097401916980743
0.1251716911792755
0.1544339507818222
0.1260027438402176
0.1331358551979065
0.13041089475154877
0.1266353726387024
0.12075571715831757
0.13859149813652039
0.13314199447631836
0.12429192662239075
0.11981560289859772
0.13964585959911346
0.10844718664884567
0.11604759842157364
0.12884780764579773
0.124112069606781
0.09992395341396332
0.11857316642999649
0.09947673976421356
0.10685952007770538
0.0998145341873169
0.11097902059555054
0.10786619782447815
0.1127956435084343
0.10377594083547592
0.11020047217607498
0.09546131640672684
0.08847878128290176
0.10366372764110565
0.10070409625768661
0.10727117955684662
0.11878447234630585
0.10415773093700409
0.10765121132135391
0.1195468157529831
0.10337464511394501
0.10161636024713516
0.09961125254631042
no squeeze
2.0931379795074463
0.7423225045204163
0.357118159532547
0.28495532274246216
0.30677929520606995
0.387102335691452
0.2890288829803467
0.2375165969133377
0.29359427094459534
0.4435955286026001
0.3297577202320099
0.3635772466659546
0.3586590588092804
0.3054450750350952
0.271486759185791
0.342393159866333
0.2048960030078888
0.23322828114032745
0.20236627757549286
0.4099566340446472
0.2269965261220932
0.20045055449008942
0.27936241030693054
0.27603697776794434
0.1736350655555725
0.24066801369190216
0.33469393849372864
0.22557377815246582
0.24309498071670532
0.19438424706459045
0.2971641719341278
0.174467071890831
0.1971421241760254
0.1941285878419876
0.2153865247964859
