no squeeze
14.12773609161377
2.8651912212371826
1.4079792499542236
1.0373090505599976
0.8711036443710327
0.7484760284423828
0.6385762095451355
0.5710946917533875
0.6174744963645935
0.6665013432502747
0.6792275905609131
0.6352100968360901
0.6395959854125977
0.6371647119522095
0.49045607447624207
0.49305328726768494
0.48659461736679077
0.5052832961082458
0.5029944777488708
0.6132534742355347
0.4157876968383789
0.47928619384765625
0.43594038486480713
0.4259275496006012
0.4510168135166168
0.47942036390304565
0.5646296739578247
0.5062282681465149
0.4238170385360718
0.4852944016456604
0.4683879613876343
no squeeze
13.237432479858398
3.3645427227020264
1.6733664274215698
1.1514623165130615
0.9283724427223206
0.8794599175453186
0.7075085043907166
0.7358577251434326
0.9209107160568237
0.7696804404258728
0.6259840130805969
0.5400207042694092
0.509824275970459
0.5692148804664612
0.6514319181442261
0.6489075422286987
0.5358809232711792
0.4562278985977173
0.5299656987190247
0.4871021509170532
0.5615250468254089
0.5765939354896545
0.5778296589851379
0.5557030439376831
0.5440658330917358
0.5109025835990906
0.6355365514755249
0.7583211660385132
no squeeze
17.57874870300293
5.827569961547852
3.403629779815674
2.80791974067688
2.133223056793213
2.248979330062866
1.944643497467041
1.9380738735198975
1.7817307710647583
1.4681663513183594
1.5922789573669434
1.8768534660339355
1.4124611616134644
1.4376763105392456
1.608082890510559
1.0547775030136108
1.2189481258392334
1.6005538702011108
1.1507930755615234
1.2656434774398804
0.9679691195487976
1.1894574165344238
1.1244502067565918
1.183831810951233
1.007468342781067
1.0221818685531616
1.6687661409378052
1.1423159837722778
0.8110656142234802
0.9736576676368713
1.072222352027893
0.7706828713417053
1.0789939165115356
1.3181136846542358
1.0558257102966309
1.2954274415969849
1.2052465677261353
1.0896837711334229
1.1501160860061646
1.278193473815918
1.4184879064559937
1.0746575593948364
no squeeze
15.062887191772461
5.367365837097168
3.5169646739959717
2.7274811267852783
2.161991596221924
1.7704447507858276
1.5529793500900269
1.3752270936965942
1.1356332302093506
1.0949233770370483
1.0917407274246216
0.8830810189247131
0.8918662071228027
0.9191762804985046
0.8583366274833679
0.8228435516357422
0.750381350517273
0.6767330765724182
0.6490523815155029
0.618407130241394
0.570620059967041
0.5979375243186951
0.6062052249908447
0.6362226605415344
0.6439911723136902
0.632985532283783
0.5113049149513245
0.5490384697914124
0.5211201310157776
0.5263828635215759
0.4567684233188629
0.5204287171363831
0.4582728445529938
0.5226049423217773
0.5202866792678833
0.5820527076721191
0.4915843904018402
0.5488505363464355
0.50413978099823
0.48103222250938416
0.442918062210083
0.42834189534187317
0.397482305765152
0.4305182695388794
0.4526565968990326
0.39170345664024353
0.4186899662017822
0.38862860202789307
0.4288196265697479
0.40405508875846863
0.38025790452957153
0.37896353006362915
0.39709076285362244
0.4492783546447754
0.4742943346500397
0.34074944257736206
0.37551233172416687
0.4905261695384979
0.3909914195537567
0.41463297605514526
0.39411962032318115
0.37220534682273865
0.42693379521369934
0.34169676899909973
0.34552183747291565
0.3664149045944214
no squeeze
15.707608222961426
5.008998870849609
3.144258737564087
2.3143725395202637
1.8436996936798096
1.6005183458328247
1.318158745765686
1.1936302185058594
1.1863696575164795
1.0145305395126343
0.896056056022644
0.9018827080726624
0.900000810623169
0.7436187863349915
0.7377825975418091
0.772906482219696
0.8387460112571716
0.7444341778755188
0.625098466873169
0.6794127225875854
0.7148501873016357
0.8095588684082031
0.6741354465484619
0.5892787575721741
0.754582405090332
0.6159893274307251
0.5250290036201477
0.6005913615226746
0.5941675305366516
0.6477566361427307
0.6792729496955872
0.4742475748062134
0.5413212180137634
0.5026479959487915
0.5439849495887756
0.5822535157203674
0.5928653478622437
0.512907087802887
0.5144335627555847
0.4725222885608673
0.5078233480453491
0.4594753682613373
0.4332514703273773
0.5422071218490601
0.510030210018158
0.4446633458137512
0.49707740545272827
0.4217284917831421
0.489193320274353
0.4544292688369751
0.42302486300468445
0.4416610896587372
0.4306970536708832
0.459514319896698
0.4922194480895996
0.4616543650627136
0.45190662145614624
0.4287980794906616
no squeeze
12.823708534240723
2.8057022094726562
1.5657693147659302
1.3912525177001953
1.0004233121871948
0.8572271466255188
0.5520657896995544
0.7750212550163269
1.1768467426300049
0.72264564037323
0.7108634114265442
0.871290922164917
0.5772836804389954
0.6933194398880005
0.7966681122779846
1.0243990421295166
0.657899796962738
