no squeeze
1.7831834554672241
0.06827981770038605
0.04524381831288338
0.01813654787838459
0.016490904614329338
0.013866333290934563
0.013669540174305439
0.013367529027163982
0.013712188228964806
0.013153321109712124
0.012989078648388386
0.012981846928596497
0.013032251037657261
0.012953218072652817
0.013193568214774132
0.012963509187102318
no squeeze
1.721125841140747
0.12260586768388748
0.0973471999168396
0.06739196181297302
0.06462106853723526
0.05716953054070473
0.0564240962266922
0.05388536676764488
0.05366337671875954
0.05280321463942528
0.05282324552536011
0.05311049893498421
no squeeze
1.7239673137664795
0.0986243486404419
0.06357995420694351
0.020869649946689606
0.017347605898976326
0.009973283857107162
0.00897692609578371
0.006264083087444305
0.005811154376715422
0.004424493759870529
0.00418765377253294
0.0034389407373964787
0.0032928884029388428
0.0028445753268897533
0.002736255992203951
0.0024275907780975103
0.002362246857956052
0.0021532925311475992
0.0021041801664978266
0.001963070360943675
0.001929827150888741
0.0017984044970944524
0.0017798645421862602
0.0017099383985623717
0.0016828045481815934
0.0016067132819443941
0.001599914743565023
0.001557498355396092
0.0015571343246847391
0.001490895519964397
0.001488319830968976
0.0014669055817648768
0.001453254371881485
0.0014246237697079778
0.0014051840407773852
0.00138264917768538
0.001373889041133225
0.0013434442225843668
0.001341191353276372
0.0013248372124508023
0.0013182235416024923
0.0013023847714066505
0.001295938272960484
0.0012874645181000233
0.0012852748623117805
0.0012769022723659873
0.0012762414989992976
0.0012598272878676653
0.0012592400889843702
0.0012502664467319846
0.0012457643169909716
0.001245220541022718
0.001251751440577209
0.001222706981934607
0.0012293311301618814
0.0012163734063506126
0.0012137548765167594
0.0012207968393340707
0.0012086518108844757
0.0012071853270754218
0.001209982205182314
0.0011956602102145553
0.0011965398443862796
0.00119019893463701
0.0011996260145679116
0.001193037023767829
no squeeze
1.9787758588790894
0.29846101999282837
0.2454058974981308
0.17677119374275208
0.17002388834953308
0.15329717099666595
0.15057985484600067
0.14210514724254608
0.14001940190792084
0.13406921923160553
0.13268184661865234
0.12814763188362122
0.12772950530052185
0.1240425854921341
0.12279625982046127
0.12071359157562256
0.1207997053861618
0.11794041842222214
0.1169557049870491
0.11498475819826126
0.11465373635292053
0.11298808455467224
0.1123599112033844
0.11083164811134338
0.11053773015737534
0.10890913754701614
0.10847583413124084
0.10750354081392288
0.10730130225419998
0.10536238551139832
0.10477423667907715
0.10366236418485641
0.10306083410978317
0.10176295787096024
0.10111535340547562
0.09974119067192078
0.0987735390663147
0.09693940728902817
0.09695382416248322
0.09454074501991272
0.09374839067459106
0.09148271381855011
0.09071622788906097
0.08795343339443207
0.0877387747168541
0.08436839282512665
0.08332931250333786
0.07975785434246063
0.07903973758220673
0.07513383030891418
0.0742628276348114
0.07223861664533615
0.07081759721040726
0.06793534010648727
0.06749525666236877
0.06599272042512894
0.06594222784042358
0.06522087752819061
0.06478817760944366
0.06427609920501709
0.06454449892044067
0.06367141008377075
0.06397920101881027
0.06297540664672852
0.06306955218315125
0.06262630969285965
0.06235818564891815
0.062032848596572876
0.06202993169426918
0.061388127505779266
0.06143471971154213
0.06171282380819321
no squeeze
2.1314537525177
0.22935433685779572
0.1843467354774475
0.12032678723335266
0.1136915385723114
0.09834236651659012
0.09529569000005722
0.08857454359531403
0.08624152094125748
0.08129273355007172
0.08026532083749771
0.07679564505815506
0.07603170722723007
0.07390441000461578
0.07363820821046829
0.07189451903104782
0.07147686928510666
0.0705617293715477
0.07050677388906479
0.06998063623905182
0.0696551725268364
0.06902741640806198
0.06910344213247299
0.06822692602872849
0.06854349374771118
0.06772150844335556
0.06766530126333237
0.06740854680538177
0.06790520250797272
0.06788287311792374
no squeeze
2.563351631164551
0.17043918371200562
0.1472340077161789
0.13105811178684235
0.13003742694854736
0.13070470094680786
0.1301436722278595
0.1299794614315033
0.12927617132663727
0.12896409630775452
0.12840788066387177
0.13173890113830566
0.12962599098682404
0.12886710464954376
