no squeeze
14.723428726196289
4.947787761688232
2.443410873413086
1.2824844121932983
1.0196468830108643
0.6073325276374817
0.5063976049423218
0.44755735993385315
0.4121292233467102
0.33269184827804565
0.24412114918231964
0.4564957618713379
0.22147220373153687
0.1449505239725113
0.17913931608200073
0.1558556854724884
0.20993755757808685
0.25246909260749817
0.2086343616247177
0.24397946894168854
0.15502120554447174
0.11312440037727356
0.21547859907150269
0.2085580676794052
0.11690625548362732
0.2558857798576355
0.2337140142917633
0.1733151227235794
0.11900714784860611
0.12316597253084183
0.16812144219875336
0.1425468474626541
no squeeze
14.843175888061523
4.017950057983398
2.1444575786590576
1.459957242012024
1.1614056825637817
0.9292981028556824
0.8586041331291199
0.6489217281341553
0.7062441110610962
0.5997969508171082
0.7223639488220215
0.5066305994987488
0.5107032060623169
0.5612853169441223
0.6155456900596619
0.5820896029472351
0.6551144123077393
0.5512345433235168
0.5386680960655212
0.4145885407924652
0.48067885637283325
0.44558537006378174
0.5688309669494629
0.4147554636001587
0.4897928237915039
0.4152037501335144
0.36337873339653015
0.46597620844841003
0.583401083946228
0.36200422048568726
0.44702479243278503
0.4216092526912689
0.5340158343315125
0.500222384929657
0.449282705783844
0.38952937722206116
0.5674526691436768
0.39464789628982544
0.45520320534706116
0.38062992691993713
no squeeze
14.220059394836426
5.889399528503418
3.8405802249908447
2.8646655082702637
2.1518442630767822
2.2003378868103027
1.4685263633728027
1.2338597774505615
1.1723085641860962
1.2679518461227417
1.0442755222320557
0.8096965551376343
1.3009142875671387
0.5324895977973938
0.8198226094245911
0.5134761333465576
0.6296564936637878
0.6001179814338684
0.4709354341030121
0.43759462237358093
0.41237691044807434
0.5287262797355652
0.9981370568275452
0.6108643412590027
0.591912031173706
0.3656786382198334
0.3432989716529846
0.3357706665992737
0.3276955485343933
0.1847996562719345
0.17537817358970642
0.19021162390708923
0.357359379529953
0.2237592190504074
0.34072256088256836
0.3696722388267517
0.24114568531513214
0.16729475557804108
0.1541479527950287
0.24664060771465302
0.20140834152698517
0.22179454565048218
0.2983456254005432
0.24263228476047516
0.16288065910339355
0.12033756077289581
0.15306523442268372
0.26991164684295654
0.289350301027298
1.1709582805633545
0.4303778111934662
0.14323484897613525
0.1684894561767578
0.085853211581707
0.07285595685243607
0.05572202056646347
0.0692920833826065
0.06446860730648041
0.07279635965824127
0.05751547962427139
0.07282912731170654
0.06354834139347076
0.23022089898586273
0.1254194676876068
0.08315061032772064
0.1514689177274704
no squeeze
16.544475555419922
7.555377006530762
5.6097540855407715
4.568436622619629
3.776547908782959
3.159372568130493
2.8397610187530518
2.568399429321289
2.2500722408294678
2.1775660514831543
1.939532995223999
1.8714327812194824
1.7384529113769531
1.6424129009246826
1.6598260402679443
1.4010523557662964
1.332443356513977
1.3134807348251343
1.2583051919937134
1.172269344329834
1.2129284143447876
1.120065689086914
1.0902891159057617
1.233296513557434
0.9392640590667725
1.0574554204940796
0.9652590155601501
0.9448567032814026
0.9783529043197632
0.8278806805610657
0.9883161187171936
0.9185611605644226
0.8830086588859558
0.8796924948692322
0.7938557863235474
0.8252281546592712
0.7621642351150513
0.7861598134040833
0.7194502949714661
0.6716220378875732
0.7541425824165344
0.6954543590545654
0.6863527297973633
0.7252035737037659
0.7236297130584717
0.6460089087486267
0.6820163726806641
0.6388732194900513
0.5753863453865051
0.5556972622871399
0.6989727020263672
0.6283445954322815
0.6752443909645081
0.5797880291938782
0.6329083442687988
0.5188009142875671
0.5438671708106995
0.5163703560829163
0.5596601366996765
0.6131008863449097
0.6109297275543213
0.5596739649772644
0.4970073401927948
0.5354233384132385
0.46118277311325073
0.5501901507377625
0.4661191999912262
0.4801459312438965
0.5209685564041138
0.4533099830150604
0.4763088822364807
0.4282861649990082
0.4667026102542877
0.4260372221469879
0.49424266815185547
0.4481769800186157
0.4182591736316681
0.4607789218425751
0.36438289284706116
0.4267883896827698
0.3646290898323059
0.36805498600006104
0.37525564432144165
0.4043741226196289
0.4651913344860077
0.36445221304893494
0.4092991352081299
0.36213982105255127
0.37969446182250977
0.3400208055973053
0.33887532353401184
0.3595978617668152
0.3501848876476288
0.3753679692745209
0.34828123450279236
0.3888790011405945
0.36235207319259644
0.3790512979030609
0.323295921087265
0.3304423987865448
0.29440340399742126
0.3905593454837799
0.35835516452789307
0.3546754717826843
0.3003144860267639
0.30787402391433716
0.28750598430633545
0.30114567279815674
0.3449091911315918
0.29970571398735046
0.32178106904029846
0.3785902261734009
0.30622807145118713
0.24856869876384735
0.31782659888267517
0.3024997115135193
0.27753305435180664
0.2814441919326782
0.2659682035446167
0.2717490494251251
0.27098384499549866
0.26473289728164673
0.24727816879749298
0.24683831632137299
0.23292911052703857
0.2590564489364624
0.27425912022590637
0.2796269357204437
0.2543187439441681
0.2512945830821991
0.24522586166858673
0.23771843314170837
0.25991758704185486
0.2514968812465668
0.24679827690124512
no squeeze
14.830719947814941
5.243860721588135
3.5377132892608643
2.663271427154541
2.171923875808716
1.8788164854049683
1.5894649028778076
1.4626531600952148
1.3207786083221436
1.193280816078186
1.0887013673782349
1.028719186782837
1.0405793190002441
0.9991987347602844
0.8772780895233154
0.8594167828559875
0.8103686571121216
0.8590253591537476
0.7245653867721558
0.8182704448699951
0.767829954624176
0.6253352761268616
0.7175844311714172
0.6766665577888489
0.6486920118331909
0.6075493693351746
0.6403236389160156
0.6903191804885864
0.6241415143013
0.530378520488739
0.5421019792556763
0.5706643462181091
0.568776547908783
0.5027455687522888
0.515699028968811
0.4485657811164856
0.43433356285095215
0.4488365948200226
0.48188480734825134
0.4575238823890686
0.4182818531990051
0.4128468632698059
0.38675326108932495
0.4323059618473053
0.47146719694137573
0.4440128803253174
0.45446816086769104
0.47431761026382446
0.4318697452545166
0.3514004349708557
0.38850313425064087
0.3987048864364624
0.3620714843273163
0.371082067489624
0.3471393883228302
0.4289361536502838
0.3649040460586548
0.27415090799331665
0.379110723733902
0.41096875071525574
0.3458380401134491
0.3338085412979126
0.3561749756336212
0.3066028356552124
0.30801308155059814
0.31374409794807434
0.3283997178077698
0.2991028428077698
no squeeze
12.381356239318848
3.266018867492676
2.460855007171631
1.541447639465332
1.464945673942566
1.2192643880844116
1.7692904472351074
1.9970837831497192
1.1627799272537231
1.14775550365448
1.0961112976074219
1.1571416854858398
1.2385249137878418
1.3583042621612549
0.9856914281845093
0.9766395688056946
1.1280078887939453
1.109810471534729
0.8951914310455322
1.3933731317520142
0.9789963960647583
0.6199526786804199
1.6757515668869019
1.2732187509536743
0.9766958355903625
1.2747477293014526
0.9466854929924011
0.9818826913833618
0.8565230965614319
0.7763098478317261
0.7143422961235046
1.167357325553894
