no squeeze
5.611481666564941
1.5852422714233398
0.8300808668136597
0.5445404052734375
0.3064058721065521
0.257392942905426
0.18950790166854858
0.1562601625919342
0.13794869184494019
0.13456864655017853
0.11632994562387466
0.10813664644956589
0.0825599730014801
0.1422095149755478
0.08329440653324127
0.11735925078392029
0.09495710581541061
0.060356128960847855
0.09041046351194382
0.07378066331148148
0.04963265731930733
0.10002131015062332
0.05319911614060402
0.06822117418050766
0.04505230486392975
0.06276027858257294
0.08658348023891449
0.045285288244485855
0.05306146666407585
0.1186026781797409
0.10518994182348251
0.05706532672047615
0.07440924644470215
0.05159873515367508
0.06120983883738518
no squeeze
7.061896800994873
1.8280152082443237
0.9830138683319092
0.6606079936027527
0.484815776348114
0.39620205760002136
0.4315544366836548
0.41308698058128357
0.28770121932029724
0.3013654351234436
0.2604113519191742
0.3755129873752594
0.2353624552488327
0.22809047996997833
0.271467000246048
0.2369004786014557
0.3064814805984497
0.2066754251718521
0.25737857818603516
0.26986098289489746
0.3803383409976959
0.26144281029701233
0.2168092578649521
0.3047483563423157
0.26001399755477905
0.2247060090303421
0.23021945357322693
0.22302885353565216
no squeeze
7.272821426391602
2.887927293777466
1.8607169389724731
1.3701896667480469
1.1172438859939575
0.923771858215332
0.8087734580039978
0.74814373254776
0.744672417640686
0.4844604730606079
0.6987130045890808
0.8042225241661072
0.6819061040878296
0.5484177470207214
0.6607213616371155
0.47456809878349304
0.33609849214553833
0.25128650665283203
0.34687507152557373
0.44719645380973816
0.530899703502655
0.4163680076599121
0.33199092745780945
0.26762497425079346
0.3211965560913086
0.2750770151615143
0.3744989037513733
0.36043140292167664
no squeeze
6.131840705871582
2.5139119625091553
1.9093483686447144
1.5091373920440674
1.2067362070083618
1.0383739471435547
0.8951244354248047
0.8036859035491943
0.7590351104736328
0.648733913898468
0.5828428864479065
0.5675539374351501
0.5095356106758118
0.5274041295051575
0.42889106273651123
0.4425375163555145
0.45926085114479065
0.3906153738498688
0.3700976073741913
0.40461620688438416
0.3643350899219513
0.35706013441085815
0.31590908765792847
0.326430082321167
0.3364987075328827
0.3133067488670349
0.32046443223953247
0.29397210478782654
0.2794349193572998
0.31202659010887146
0.2742852568626404
0.2591901421546936
0.2582872211933136
0.31515464186668396
0.2497156262397766
0.25349360704421997
0.27882033586502075
0.24613001942634583
0.21958141028881073
0.24378080666065216
0.24283690750598907
0.22806987166404724
0.21696722507476807
0.20137286186218262
0.23603758215904236
0.22792313992977142
0.21163533627986908
0.2087613195180893
0.20323503017425537
0.21938125789165497
0.18913735449314117
0.21686336398124695
0.19434712827205658
0.20748533308506012
0.19739724695682526
0.1723814606666565
0.20991620421409607
0.1917876899242401
0.22294799983501434
0.18956515192985535
0.17966878414154053
0.18627402186393738
0.16792382299900055
0.16253358125686646
0.22679078578948975
0.19364024698734283
0.16406400501728058
0.16948799788951874
0.1835193932056427
0.16510750353336334
0.16901196539402008
0.17682453989982605
0.15040764212608337
0.14762698113918304
0.18037049472332
0.15124844014644623
0.14130988717079163
0.15403501689434052
0.1374548077583313
0.16226325929164886
0.1529497355222702
0.13749206066131592
0.1491386592388153
0.1490042507648468
0.14308540523052216
0.13040441274642944
0.1278277337551117
0.11902418732643127
0.14373661577701569
0.12822264432907104
0.12478064000606537
0.14707036316394806
0.15439210832118988
0.1460699588060379
0.1359909325838089
0.1397797167301178
0.11756960302591324
0.1515813022851944
0.12871944904327393
0.11429359018802643
0.13982312381267548
0.12068423628807068
0.11908507347106934
0.142653226852417
0.12154104560613632
0.12977467477321625
0.1221410483121872
0.1358066350221634
0.11344689130783081
0.1144956722855568
0.12139257043600082
0.11647059768438339
0.10012269020080566
0.10477980971336365
0.101687490940094
0.11942747980356216
0.1035737544298172
0.11380193382501602
0.11064617335796356
0.10254465788602829
0.10409289598464966
0.10060710459947586
0.10108490288257599
no squeeze
6.3446879386901855
2.312434196472168
1.6254674196243286
1.1658037900924683
0.9833489060401917
0.8087782263755798
0.65174800157547
0.6092336773872375
0.5328503847122192
0.5241653919219971
0.4851653277873993
0.45239734649658203
0.428951621055603
0.3978869915008545
0.37223345041275024
0.36682990193367004
0.31430479884147644
0.3213981091976166
0.33068108558654785
0.3324274718761444
0.33498162031173706
0.2698695957660675
0.2944893538951874
0.27182430028915405
0.25106510519981384
0.24861028790473938
0.28368401527404785
0.24532996118068695
0.2606379985809326
0.2612161636352539
0.25154444575309753
0.23488478362560272
0.20394830405712128
0.24610868096351624
0.20890721678733826
0.21009081602096558
0.26201504468917847
0.23547938466072083
0.23959077894687653
0.24171021580696106
0.22587768733501434
0.22302384674549103
0.20175835490226746
0.2111746370792389
0.18751296401023865
0.1828412413597107
0.19521363079547882
0.2011917233467102
0.22984838485717773
0.17922300100326538
0.1941506713628769
0.18653061985969543
0.17576169967651367
0.1783565729856491
0.1642536073923111
0.16056564450263977
0.16466757655143738
0.15467652678489685
0.17620450258255005
0.1882254034280777
0.1871597319841385
0.1807364672422409
0.14723950624465942
0.14417433738708496
0.15564294159412384
0.15770290791988373
0.15471506118774414
0.14554503560066223
0.15180569887161255
0.151182621717453
0.15170343220233917
0.15828187763690948
0.16862083971500397
0.1468120813369751
no squeeze
4.470178604125977
1.7281080484390259
0.8322113752365112
0.924575686454773
0.5612019896507263
0.49621647596359253
0.5278639793395996
0.7606757283210754
0.4427083134651184
0.6811366677284241
0.580429196357727
0.5355056524276733
0.5623290538787842
0.5837503671646118
0.6469554305076599
0.4180595576763153
0.5860985517501831
0.502583920955658
0.7179232835769653
0.38943910598754883
0.8596705794334412
0.491411030292511
0.4075528383255005
0.5863346457481384
0.5046270489692688
0.5373539924621582
0.7975936532020569
0.36959394812583923
0.29070302844047546
0.6422906517982483
0.3747301697731018
0.6642976999282837
0.3344227373600006
0.2540901005268097
0.3124096691608429
0.6771506071090698
0.5220673084259033
0.2198782116174698
0.2634761929512024
0.5029917359352112
0.40185147523880005
0.4120318591594696
0.6674718260765076
0.29350733757019043
0.5759743452072144
0.31711268424987793
0.16657406091690063
0.3279193639755249
0.3244972229003906
0.47349825501441956
0.37316009402275085
0.2502749264240265
0.3830832540988922
0.4002332091331482
0.4549208879470825
0.339663565158844
0.33359411358833313
