no squeeze
9.863374710083008
3.4260079860687256
1.7831310033798218
0.8903595805168152
0.5092079639434814
0.3874625265598297
0.2598601281642914
0.21580596268177032
0.20165030658245087
0.15117314457893372
0.10805461555719376
0.11667840927839279
0.10591316223144531
0.07615283131599426
0.09929250925779343
0.11607518047094345
0.0813276395201683
0.09566294401884079
0.07336600124835968
0.0682775229215622
0.0765807181596756
0.061443228274583817
0.08412335813045502
0.06280286610126495
0.04937902092933655
0.061272330582141876
0.04805538058280945
0.19881172478199005
0.08125576376914978
0.05045854300260544
0.05145208537578583
0.0596018023788929
0.049536991864442825
0.06622061878442764
0.04001256078481674
0.05129462480545044
0.05327635258436203
0.03402497246861458
0.03556040674448013
0.0381573811173439
0.09411270916461945
0.11014997959136963
0.05016721785068512
0.05843634903430939
0.07597855478525162
0.07387097924947739
0.030832365155220032
0.0277204979211092
0.05135619640350342
0.03371034935116768
0.05285852774977684
0.04822511970996857
0.0907965749502182
0.0574142225086689
0.03219074010848999
0.053596001118421555
0.060472339391708374
0.03737840801477432
no squeeze
10.51831340789795
3.1088314056396484
1.9285573959350586
1.3018274307250977
1.0550097227096558
0.8157510161399841
0.8912929892539978
0.6440266966819763
0.4934009611606598
0.6082543134689331
0.45325493812561035
0.5331631302833557
0.4588603675365448
0.48982927203178406
0.33273276686668396
0.4088081121444702
0.3467670679092407
0.3381471633911133
0.3365269601345062
0.34835660457611084
0.40369656682014465
0.3489561378955841
0.39586567878723145
0.3195255696773529
0.3768428862094879
0.3469639718532562
0.3283950984477997
0.41908952593803406
0.3672240078449249
0.3695823848247528
0.3809354305267334
0.26660284399986267
0.377206951379776
0.2935071289539337
0.25906145572662354
0.366012305021286
0.2906142473220825
0.269887775182724
0.3741050064563751
0.3636753559112549
0.2607024908065796
0.26175037026405334
0.29202401638031006
0.23184525966644287
0.2983453571796417
0.2916891276836395
0.24027614295482635
0.24889986217021942
0.25032907724380493
0.22646619379520416
0.2760795056819916
0.3026553988456726
0.2603417932987213
0.24639451503753662
0.2255796641111374
0.3257511258125305
0.28958389163017273
0.24454839527606964
0.29707786440849304
0.24478553235530853
0.3220382630825043
0.36966851353645325
0.3449553847312927
0.20696811378002167
0.26985275745391846
0.2922133803367615
0.22932201623916626
0.2488715946674347
0.24692924320697784
0.23599126935005188
0.297820121049881
0.2762492895126343
0.26737475395202637
0.2797110676765442
no squeeze
10.676597595214844
4.058411121368408
2.632495641708374
1.965611457824707
1.520445704460144
1.5206689834594727
0.9546130299568176
0.7987865805625916
0.559501051902771
0.45633673667907715
0.5027037262916565
0.5044383406639099
0.4722144901752472
0.25331205129623413
0.21381108462810516
0.18373602628707886
0.17895159125328064
0.15820297598838806
0.15245847404003143
0.1525382697582245
0.14592820405960083
0.08722107112407684
0.12146056443452835
0.0965656191110611
0.1547790914773941
0.1231134831905365
0.048745203763246536
0.04303108900785446
0.03812829405069351
0.03704407811164856
0.03392871469259262
0.030694708228111267
0.033138006925582886
0.07021507620811462
0.0733041986823082
0.17925992608070374
0.07191895693540573
0.12994599342346191
0.060578007251024246
0.027309374883770943
0.017445843666791916
0.02265198901295662
0.022455064579844475
0.018956296145915985
0.03024348057806492
0.09808263182640076
0.031072519719600677
0.021745402365922928
0.0598994679749012
0.035983696579933167
0.03749074414372444
no squeeze
12.108994483947754
5.456507205963135
4.1820244789123535
3.532902240753174
2.9453253746032715
2.686551094055176
2.308738946914673
2.09517765045166
1.9713044166564941
1.7267040014266968
1.5796129703521729
1.4205734729766846
1.395427942276001
1.3035757541656494
1.1376818418502808
1.0978178977966309
1.0223740339279175
1.1607160568237305
0.9695002436637878
0.9107808470726013
0.7972594499588013
0.8834865689277649
0.8287850618362427
0.774837076663971
0.7320226430892944
0.6707378029823303
0.7082673907279968
0.6480315327644348
0.593870222568512
0.581794023513794
0.5590125918388367
0.5190754532814026
0.5557341575622559
0.5290897488594055
0.4767165184020996
0.5311230421066284
0.4748777449131012
0.4467392861843109
0.4911097586154938
0.5048911571502686
0.402596652507782
0.3859484791755676
0.41119423508644104
0.44224241375923157
0.4114952087402344
0.4064357876777649
0.3897850811481476
0.3803893029689789
0.36936578154563904
0.35309240221977234
0.3684730529785156
0.3544383645057678
0.38179466128349304
0.3758785128593445
0.3440874218940735
0.3769280016422272
0.31382524967193604
0.3337201178073883
0.34183529019355774
0.3346216380596161
0.3234679698944092
0.310302197933197
0.3246685564517975
0.31204622983932495
0.3026382029056549
0.3001514673233032
0.30211400985717773
0.29965293407440186
0.27404722571372986
0.28491345047950745
0.2586817741394043
0.3056344985961914
0.2896748185157776
0.2911742329597473
0.2597233057022095
0.31111863255500793
0.28404501080513
0.27722299098968506
0.2689571678638458
0.24738730490207672
0.25396981835365295
0.2263660877943039
0.25586724281311035
0.22257274389266968
0.31088119745254517
0.2483573704957962
0.2328270524740219
0.2176780253648758
0.23286016285419464
0.2582600712776184
0.24835462868213654
0.22598353028297424
0.19325365126132965
0.1873227208852768
0.20949465036392212
0.23188219964504242
0.20754137635231018
0.20672038197517395
0.24387994408607483
0.23213090002536774
0.18787576258182526
0.2037849724292755
0.18029409646987915
0.20421713590621948
0.19933855533599854
0.17810441553592682
0.21478356420993805
0.17270322144031525
0.18556605279445648
0.17743812501430511
0.19855141639709473
0.20391972362995148
0.1834896355867386
0.19484911859035492
0.170391246676445
0.17031602561473846
0.23031014204025269
0.16882212460041046
0.1863574981689453
0.17370785772800446
0.16667015850543976
0.16164427995681763
0.16196803748607635
0.19255003333091736
0.1941121518611908
0.17385302484035492
0.15410684049129486
0.1600012332201004
0.1625748574733734
0.15282854437828064
0.1831446886062622
0.1566620171070099
0.17387773096561432
0.16584230959415436
0.16630248725414276
0.15762415528297424
0.14131982624530792
0.15922299027442932
0.14670372009277344
0.16321779787540436
0.15605893731117249
0.1385621279478073
0.1879265159368515
0.15970414876937866
0.1543966829776764
0.1363813430070877
0.13203126192092896
0.1503945291042328
0.14216949045658112
0.16074471175670624
0.14362908899784088
0.14424040913581848
0.1352328211069107
0.15031036734580994
0.12423163652420044
0.15884007513523102
0.13397234678268433
0.1508437991142273
0.12398424744606018
0.13030950725078583
0.14040422439575195
0.14756529033184052
0.13960425555706024
0.1196373775601387
0.11235308647155762
0.12722833454608917
0.14028671383857727
0.1306607574224472
0.12037330120801926
0.13231435418128967
0.14639228582382202
0.13768711686134338
0.13075263798236847
0.12436949461698532
0.1291143298149109
no squeeze
14.255213737487793
5.309724807739258
3.581549644470215
2.7891769409179688
2.211252212524414
1.8863563537597656
1.6348083019256592
1.4641708135604858
1.2981082201004028
1.1450695991516113
1.100753903388977
0.9398000240325928
0.9227718710899353
0.9126993417739868
0.8321934342384338
0.8068634867668152
0.8762407302856445
0.7329278588294983
0.6686434745788574
0.7003915309906006
0.6377646923065186
0.5818454623222351
0.5585435628890991
0.5529235005378723
0.5364383459091187
0.5430543422698975
0.5235604047775269
0.5463853478431702
0.4786352813243866
0.479519784450531
0.45465022325515747
0.4547761082649231
0.47582581639289856
0.4583704471588135
0.40457555651664734
0.3755743205547333
0.5006986856460571
0.4341084957122803
0.3637640178203583
0.3813936710357666
0.3676983416080475
0.36392873525619507
0.4311651289463043
0.3888731896877289
0.3694155216217041
0.3558002710342407
0.4032149314880371
0.38561323285102844
0.29239118099212646
0.31441473960876465
0.36261335015296936
0.291856974363327
0.3518589735031128
0.260569304227829
0.30147597193717957
0.29698145389556885
0.3178793787956238
0.3209954798221588
0.4205893576145172
0.35000595450401306
0.3036254048347473
0.2609995901584625
0.3226429522037506
0.2727944254875183
no squeeze
11.714452743530273
2.937828779220581
1.6461970806121826
1.188136100769043
0.964664101600647
1.2696388959884644
1.17994225025177
1.3302143812179565
0.9708772897720337
1.2086095809936523
0.9065861105918884
1.3266342878341675
1.0766186714172363
1.3553061485290527
0.6617786884307861
0.7145806550979614
1.6245051622390747
1.8956449031829834
0.9378224015235901
1.6462777853012085
1.7448270320892334
1.3520840406417847
1.6672638654708862
1.1704866886138916
0.8108336329460144
