no squeeze
18.8233585357666
4.595282554626465
1.9451442956924438
1.0793652534484863
0.5497176051139832
0.32045552134513855
0.40350452065467834
0.3918439447879791
0.17333680391311646
0.2602517902851105
0.22839385271072388
0.23785388469696045
0.29025617241859436
0.2980390191078186
0.13697518408298492
0.1446159929037094
0.2648562788963318
0.18778252601623535
0.2628493905067444
0.09903597831726074
0.10653448849916458
0.14476968348026276
0.3081235885620117
0.2195163369178772
0.10760778933763504
0.062037158757448196
0.07905659824609756
0.06305611878633499
0.06649050116539001
0.1250276416540146
0.11144313216209412
0.06424915045499802
0.05039740726351738
0.049979422241449356
0.2663913667201996
0.044816043227910995
0.12578150629997253
0.08612404018640518
0.05573706328868866
0.04990484192967415
0.08040976524353027
0.10557404905557632
0.07648750394582748
0.05837084352970123
0.048115868121385574
0.1867133229970932
no squeeze
22.565441131591797
6.002070903778076
3.418527126312256
2.1713147163391113
1.6479377746582031
1.4555941820144653
1.3348362445831299
1.1534461975097656
1.2436778545379639
1.0097429752349854
0.9449734091758728
1.164238452911377
1.2078572511672974
1.1753289699554443
0.9501950144767761
1.0248903036117554
1.2849791049957275
1.3478987216949463
0.9862301349639893
1.0362563133239746
0.8055374026298523
0.8487441539764404
0.830814778804779
0.7821851968765259
0.9388124346733093
0.7752410769462585
0.8155919909477234
0.7468559741973877
0.8322347402572632
0.7729218006134033
0.8937214612960815
0.8940903544425964
0.7546260952949524
0.8478685021400452
0.7232183218002319
0.8100923895835876
0.9832074046134949
0.8615565299987793
0.6417592167854309
0.7434148788452148
0.8515505194664001
0.7050108313560486
0.8188835978507996
0.9461874961853027
0.8342877626419067
0.7292966246604919
0.9022849798202515
0.8371010422706604
0.8369918465614319
no squeeze
22.064617156982422
9.211353302001953
5.413810729980469
4.275363445281982
2.9786641597747803
2.569567918777466
2.3901078701019287
2.1439156532287598
1.7769185304641724
1.3585090637207031
1.253989815711975
1.4241098165512085
1.4955623149871826
1.0898624658584595
1.4241483211517334
1.1274117231369019
1.385887622833252
1.755061149597168
1.4644811153411865
1.434685468673706
0.8487765789031982
1.354341983795166
1.2452877759933472
0.8716182708740234
0.6580185890197754
0.7610998749732971
0.6785271167755127
0.6158155202865601
0.9272329211235046
0.6046426892280579
0.6554931402206421
0.6887384057044983
0.6603871583938599
0.7464563250541687
0.8311331868171692
0.7002367377281189
0.5206476449966431
0.6129123568534851
0.4095115661621094
0.4809410870075226
0.6186926364898682
0.5723059177398682
0.4382137060165405
1.0215919017791748
0.6172780394554138
0.38267940282821655
0.5806442499160767
0.6129613518714905
0.6770547032356262
0.5142583250999451
0.34526243805885315
0.31418687105178833
0.5434511303901672
0.48681843280792236
0.3959715962409973
0.20825916528701782
0.1643376350402832
0.2759036123752594
0.239339679479599
0.28550994396209717
0.2920021116733551
0.7379985451698303
0.31517505645751953
0.4525688588619232
0.5431974530220032
0.3280238211154938
0.27829110622406006
no squeeze
23.591022491455078
9.062586784362793
6.7912068367004395
5.247207164764404
4.1629533767700195
3.6856682300567627
3.002440929412842
2.5866611003875732
2.212415933609009
2.0033628940582275
1.9334450960159302
1.7767970561981201
1.6510909795761108
1.5593795776367188
1.5312912464141846
1.5177782773971558
1.3533440828323364
1.3099815845489502
1.338379144668579
1.3107872009277344
1.2551801204681396
1.245699405670166
1.2583651542663574
1.1112432479858398
1.2586537599563599
1.0892947912216187
1.2346240282058716
1.0336436033248901
1.0341582298278809
1.0205599069595337
0.9752261638641357
0.8810293078422546
0.9779009222984314
0.9966384172439575
0.9974214434623718
0.918615460395813
0.9681190252304077
0.8977565169334412
1.0124417543411255
0.9641848206520081
1.0241771936416626
0.9917726516723633
no squeeze
18.711393356323242
6.95020866394043
4.60659122467041
3.3022279739379883
2.5778236389160156
2.155287742614746
2.1673812866210938
1.739058256149292
1.4843498468399048
1.3205347061157227
1.2987408638000488
1.1635868549346924
1.2668815851211548
1.1860241889953613
0.9716179370880127
1.1118372678756714
1.0581386089324951
1.2351123094558716
0.9654907584190369
0.8701081871986389
0.9125007390975952
0.9882569909095764
0.8511481285095215
0.8583022356033325
0.9118644595146179
0.8013267517089844
0.7896803021430969
0.9783892035484314
0.7869114279747009
0.844953179359436
0.7526963949203491
0.7421070337295532
0.6961904764175415
0.6603521108627319
0.78281569480896
0.719399631023407
0.7558721899986267
0.671273410320282
0.6259454488754272
0.5930161476135254
0.6136088967323303
0.6311426758766174
0.7085399031639099
0.5704630017280579
0.6503143906593323
0.662052571773529
0.7308312654495239
0.7060576677322388
0.6174312233924866
0.6730355024337769
0.6179728507995605
0.5509279370307922
0.5745502710342407
0.5308012366294861
0.5074438452720642
0.5244644284248352
0.5843559503555298
0.5556228160858154
0.4497356712818146
0.4891010522842407
0.5235282182693481
0.4998459219932556
0.511402428150177
0.575305700302124
0.45892253518104553
0.504048764705658
0.4913381040096283
0.5476416945457458
0.5532720685005188
no squeeze
28.187347412109375
5.13189172744751
1.7561061382293701
2.450822114944458
1.496366024017334
2.38338041305542
1.3954460620880127
1.123054027557373
1.4758410453796387
1.207481026649475
0.9248566031455994
2.2304866313934326
1.6908375024795532
1.3824142217636108
1.8939409255981445
1.8234351873397827
1.7052546739578247
1.6959254741668701
1.2430782318115234
1.1542848348617554
1.9583760499954224
