no squeeze
13.581459045410156
3.5676357746124268
1.8448516130447388
1.1042060852050781
1.0142549276351929
0.8572961091995239
0.7319767475128174
0.7503591179847717
0.5785796642303467
0.8355738520622253
0.6424633264541626
0.5128626823425293
0.5965186953544617
0.6246798038482666
0.4814946949481964
0.48341983556747437
0.5384063720703125
0.5281579494476318
0.46605291962623596
0.511123776435852
0.43581897020339966
0.49957275390625
0.39585384726524353
0.4593895673751831
0.572658360004425
0.5962684154510498
0.3603372573852539
0.4721680283546448
0.4664681553840637
0.627784788608551
0.566935658454895
0.4183935225009918
0.43058663606643677
0.37513333559036255
0.33925265073776245
0.36297303438186646
0.4005516469478607
0.4539088010787964
0.3648579716682434
0.3906526267528534
0.38003313541412354
0.37919366359710693
0.42969170212745667
0.35725128650665283
0.34024617075920105
no squeeze
9.660900115966797
2.5413975715637207
1.1989210844039917
0.7476072311401367
0.5462729334831238
0.4708969295024872
0.2751726806163788
0.22545908391475677
0.3569653630256653
0.2778097093105316
0.17656433582305908
0.3390362858772278
0.3048184812068939
0.25102290511131287
0.14891232550144196
0.16590236127376556
0.21199940145015717
0.236002117395401
0.14107641577720642
0.24010317027568817
0.09414391219615936
0.08633706718683243
0.18331855535507202
0.16610059142112732
0.16721327602863312
0.15239427983760834
0.06550378352403641
0.05405682325363159
0.13405366241931915
0.20576103031635284
0.09838268905878067
0.11067317426204681
0.06568683683872223
0.061575982719659805
0.07292943447828293
0.10003327578306198
0.05818149074912071
0.1529390662908554
no squeeze
11.64205551147461
4.297059059143066
2.646876573562622
1.9347243309020996
2.3692784309387207
1.1679290533065796
0.9908939599990845
0.8735095858573914
1.3892261981964111
0.7341706156730652
0.6494972705841064
0.5715978741645813
0.9290259480476379
0.8400775790214539
1.0672390460968018
0.8365681767463684
0.4335629940032959
0.35498377680778503
0.37578606605529785
0.46170663833618164
0.5184282064437866
0.44780558347702026
0.6754902601242065
0.6278861165046692
0.2768532335758209
0.3328345715999603
0.601971447467804
0.5781455636024475
0.40703487396240234
0.40197381377220154
0.22408944368362427
0.5008423328399658
0.7808008790016174
0.26994776725769043
0.20141735672950745
0.28613534569740295
0.18131676316261292
0.16083237528800964
0.25472885370254517
0.2574044167995453
0.15760426223278046
0.15250256657600403
0.17543505132198334
0.17583432793617249
0.21383540332317352
0.3043370842933655
0.3405124247074127
0.2482355237007141
0.370888888835907
0.1616438776254654
0.3057815432548523
0.20462773740291595
no squeeze
14.081512451171875
4.978758335113525
3.5668528079986572
2.850930690765381
2.4488003253936768
2.0034019947052
1.7008556127548218
1.4837549924850464
1.3453348875045776
1.2058193683624268
1.1243870258331299
1.0937118530273438
1.0430738925933838
0.9995427131652832
0.9285273551940918
0.912818431854248
0.9410004019737244
0.8595403432846069
0.7967222929000854
0.8262234926223755
0.7619001865386963
0.7337154746055603
0.7432769536972046
0.789222776889801
0.6657513380050659
0.6175941824913025
0.683333694934845
0.6226769685745239
0.710686206817627
0.6744652390480042
0.6798466444015503
0.6368739604949951
0.6110270023345947
0.6289271116256714
0.5732376575469971
0.5695981383323669
0.5904203057289124
0.6364088654518127
0.5209002494812012
0.5146113038063049
0.49392586946487427
0.49914923310279846
0.5418787598609924
0.5333327054977417
0.5254385471343994
0.49075472354888916
0.48017629981040955
0.48250812292099
0.5117259621620178
0.42337462306022644
0.43247658014297485
0.4842475652694702
0.5923852920532227
0.4515663683414459
0.4513777196407318
0.4325800836086273
0.45380663871765137
0.40822532773017883
0.40652188658714294
0.40214672684669495
0.3907082974910736
0.4032948911190033
0.409737765789032
0.449729859828949
0.4182577133178711
0.37150269746780396
0.36541035771369934
0.3770865499973297
0.4364156723022461
0.39177945256233215
0.3482641875743866
0.35537078976631165
0.3689684271812439
0.3226734399795532
0.29677778482437134
0.29597190022468567
0.331882119178772
0.32702672481536865
0.3494364321231842
0.3142207860946655
0.3212908208370209
0.2957453727722168
0.284858763217926
0.27104005217552185
0.3211457431316376
0.2654859125614166
0.3125866949558258
0.2767106592655182
0.27400317788124084
0.29455843567848206
0.28497669100761414
0.3156842589378357
0.2738357484340668
0.27521154284477234
0.2379315346479416
0.2615254819393158
0.28091588616371155
0.2536897659301758
0.25680404901504517
0.2857801914215088
0.24915142357349396
0.2647459805011749
0.22905515134334564
0.23143357038497925
0.2671392261981964
0.23570479452610016
0.2269512563943863
0.2614401578903198
0.22326147556304932
0.2057880163192749
0.22901105880737305
0.2919902503490448
0.2303575724363327
0.22969381511211395
0.20990125834941864
0.20231881737709045
0.20878390967845917
0.19523799419403076
0.2322099804878235
0.2168540507555008
0.18636566400527954
0.1923540085554123
0.17912529408931732
0.18161344528198242
0.22443261742591858
0.21916063129901886
0.1706087291240692
0.1846379041671753
0.1833379864692688
0.18089129030704498
0.21761611104011536
0.18060246109962463
0.20746812224388123
0.19317704439163208
0.2114681601524353
0.19695685803890228
0.19419535994529724
no squeeze
14.313278198242188
4.464259624481201
2.7656733989715576
2.1057798862457275
1.7122776508331299
1.3477140665054321
1.2827701568603516
1.1818760633468628
1.0304330587387085
0.9002930521965027
0.9309686422348022
0.8122870326042175
0.6890701651573181
0.7526730895042419
0.6496840119361877
0.6007876992225647
0.5850973725318909
0.5849519968032837
0.5594158172607422
0.573081374168396
0.5448809862136841
0.5502384901046753
0.5085729360580444
0.48286858201026917
0.542603075504303
0.49128276109695435
0.4800221920013428
0.4817032217979431
0.45151832699775696
0.4292047619819641
0.38199421763420105
0.44449254870414734
0.4790410101413727
0.4354228675365448
0.38127467036247253
0.41175830364227295
0.46358004212379456
0.4900144040584564
0.3565191924571991
0.33396297693252563
0.3471664786338806
0.35575783252716064
0.4261366128921509
0.36320775747299194
0.3283088803291321
0.32762205600738525
0.3700921833515167
0.3234274685382843
0.33141303062438965
0.3124074935913086
0.2966351807117462
0.30714288353919983
0.31091955304145813
0.3147393763065338
0.3429687023162842
0.32939621806144714
0.28746187686920166
0.2885967791080475
0.3324618339538574
0.2879922091960907
0.3156501054763794
0.2264108508825302
0.35903429985046387
0.3159601390361786
0.3390616476535797
0.26610738039016724
0.3077021837234497
0.24096620082855225
0.27034446597099304
0.2257940173149109
0.281657874584198
0.2633236348628998
0.2521976828575134
0.2472408562898636
0.2569892108440399
0.25117048621177673
0.26015228033065796
0.23198018968105316
0.2649603486061096
0.2502656877040863
no squeeze
7.866251468658447
1.9328769445419312
1.2214276790618896
1.1598504781723022
0.8834517598152161
1.1820136308670044
0.5916301012039185
0.6352657675743103
0.6199533343315125
0.8624082207679749
1.0916723012924194
0.556205153465271
0.5533559918403625
1.3730319738388062
0.8435090184211731
0.8155893087387085
0.5460845828056335
0.7347795963287354
0.8244404196739197
0.5521438121795654
0.6827648282051086
0.6109238862991333
0.6000663042068481
0.7348799705505371
0.6026172637939453
0.6502872109413147
0.6212817430496216
