no squeeze
1.1029648780822754
0.2956126928329468
0.12341905385255814
0.06929586827754974
0.04811130464076996
0.03423023968935013
0.02754116617143154
0.018894976004958153
0.014807149767875671
0.011326608248054981
0.009214338846504688
0.008266659453511238
0.009634281508624554
0.005039114970713854
0.004997146315872669
0.003740055253729224
0.004106941167265177
0.00428851367905736
0.0030427922029048204
0.00300588202662766
0.0023215715773403645
0.002145542996004224
0.0023093989584594965
0.0016757395351305604
0.002144263358786702
0.0013834983110427856
0.0016185111599043012
0.0035237723495811224
0.003306662430986762
0.0030500642023980618
0.0011556901736184955
0.0008217426366172731
0.0008017810760065913
0.0010535060428082943
0.0009596150484867394
0.0009437634143978357
0.0006170617416501045
0.0006617806502617896
0.0007808511145412922
0.0005422568065114319
0.000764201395213604
0.000756653374992311
0.0007897622417658567
0.0010697903344407678
0.00051405985141173
0.0005765624227933586
0.0005161311128176749
0.00039107035263441503
0.0005047105951234698
0.0004892419674433768
0.0003172202268615365
0.0003907186910510063
0.0003414690727367997
0.0005035056965425611
0.00032671517692506313
0.00033584696939215064
0.0005704276263713837
0.0012199243064969778
0.0007938820635899901
0.001073489896953106
0.0006701552774757147
no squeeze
1.0542582273483276
0.3195813298225403
0.18815122544765472
0.1455455720424652
0.11845506727695465
0.11102915555238724
0.0918203666806221
0.08603543043136597
0.08178063482046127
0.07726843655109406
0.08196569979190826
0.08494004607200623
0.06531577557325363
0.06476029008626938
0.06298485398292542
0.061293281614780426
0.06094096601009369
0.06705649197101593
0.0633205696940422
0.054205045104026794
0.05200285091996193
0.05174138769507408
0.05173344165086746
0.05701037123799324
0.059232283383607864
0.05266987904906273
0.06357766687870026
0.05449444428086281
0.058709584176540375
0.049523528665304184
0.051018379628658295
0.05325998738408089
0.051373012363910675
0.04652460291981697
0.048736948519945145
0.05414918065071106
0.04703134298324585
0.04485911503434181
0.045014359056949615
0.04214847832918167
0.05713788419961929
0.04933632165193558
0.05442776530981064
0.051965124905109406
0.046789608895778656
0.04476805031299591
0.04668014496564865
0.04630866274237633
0.05112060159444809
0.046352725476026535
no squeeze
1.0770213603973389
0.40757787227630615
0.258635938167572
0.17920614778995514
0.1418353170156479
0.12082930654287338
0.10310738533735275
0.0772460401058197
0.09474162012338638
0.08804699778556824
0.07092426717281342
0.053423237055540085
0.04725973680615425
0.04587538167834282
0.05146544426679611
0.06430473178625107
0.057373110204935074
0.03301992267370224
0.030036406591534615
0.03522191196680069
0.037870414555072784
0.030674364417791367
0.03332539275288582
0.03764613717794418
0.030677415430545807
0.03659100458025932
0.01685567945241928
0.027028003707528114
0.02709767036139965
0.016396263614296913
0.01817844994366169
0.03121258318424225
0.020013943314552307
0.013697280548512936
0.012286299839615822
0.017314095050096512
0.016654938459396362
0.01236694771796465
0.011464615352451801
0.010331808589398861
0.023652667179703712
0.023219354450702667
0.017725303769111633
0.017769284546375275
0.009975852444767952
0.007232320960611105
0.008650731295347214
0.012593944557011127
0.012966137379407883
0.013583260588347912
0.015397065319120884
0.014014976099133492
0.010372436605393887
0.00721396878361702
0.006362443789839745
0.005312683060765266
0.004409802611917257
0.003925689961761236
0.004488156642764807
0.006773948669433594
0.004846021067351103
0.005155425984412432
0.005899784155189991
0.013073142617940903
0.005558409262448549
0.01168894488364458
0.013350283727049828
0.013868624344468117
no squeeze
1.0441731214523315
0.5246365070343018
0.4012216329574585
0.32857608795166016
0.28603193163871765
0.24511876702308655
0.2103302925825119
0.19543835520744324
0.17477625608444214
0.16572919487953186
0.16064882278442383
0.14464960992336273
0.1386207491159439
0.13539637625217438
0.1296117901802063
0.12403647601604462
0.11604662984609604
0.11513026058673859
0.11843127757310867
0.11191562563180923
0.113395094871521
0.10336573421955109
0.09889919310808182
0.09557056427001953
0.09634647518396378
0.0948488786816597
0.09146293252706528
0.09165242314338684
0.08712009340524673
0.09276130050420761
0.0885724425315857
0.08623457700014114
0.08230816572904587
0.08011122047901154
0.07693074643611908
0.07794409990310669
0.07981269806623459
0.0769047662615776
0.07872012257575989
0.07245030999183655
0.07313816994428635
0.07289731502532959
0.0709340050816536
0.07000946998596191
0.07307635247707367
0.06946394592523575
0.06862315535545349
0.07011059671640396
0.06560959666967392
0.06752487272024155
0.062371738255023956
0.06151699647307396
0.0604495070874691
0.05938713997602463
0.06018305569887161
0.060637034475803375
0.06005638465285301
0.05801934003829956
0.058451857417821884
0.05842207744717598
0.05714934319257736
0.05728913098573685
0.05355105549097061
0.05458378419280052
0.05351459980010986
0.05644921958446503
0.05501551926136017
0.052315905690193176
0.05303460359573364
0.054067835211753845
0.05086242035031319
0.04998968169093132
0.05124437063932419
0.05117814987897873
0.05195805802941322
0.04921301081776619
0.04894288256764412
0.04734819754958153
0.049361735582351685
0.04861743748188019
0.04639662057161331
0.0474553182721138
0.04992165043950081
0.0453156977891922
0.04700116813182831
0.04860541224479675
0.045679327100515366
0.0453433059155941
0.04626215621829033
0.04555166885256767
0.04652984067797661
0.04726283997297287
0.04490431398153305
0.04618937149643898
0.042701952159404755
0.04135178029537201
0.04244076833128929
0.04436013475060463
0.04376083239912987
0.04132562130689621
0.04231848195195198
0.041722435504198074
0.04041028022766113
0.040824901312589645
0.041200023144483566
0.040583785623311996
0.0430213026702404
0.04091779887676239
0.04060846567153931
0.03984639421105385
0.04134834557771683
0.039844758808612823
0.03922656178474426
0.04035298898816109
0.039472177624702454
0.04046577960252762
0.04019789397716522
0.03945140168070793
0.03843436762690544
0.040976326912641525
0.03831227868795395
0.04003509506583214
0.03827553242444992
0.0365346260368824
0.03840794786810875
0.036585722118616104
0.03865789249539375
0.04056083783507347
0.03976849466562271
0.03742563724517822
0.03720984607934952
0.03764932602643967
0.03802649304270744
0.03727008402347565
no squeeze
1.0608855485916138
0.4008556008338928
0.29051604866981506
0.2280363291501999
0.18796506524085999
0.15817701816558838
0.14607557654380798
0.13376785814762115
0.12565995752811432
0.10997094959020615
0.1050892099738121
0.09644847363233566
0.09422116726636887
0.08742543309926987
0.08769451081752777
0.08548728376626968
0.07691285759210587
0.07461349666118622
0.07163210958242416
0.07030528783798218
0.06757538765668869
0.06600078195333481
0.06190245971083641
0.06279157102108002
0.05894914269447327
0.05783126875758171
0.055977627635002136
0.0534309521317482
0.05763762444257736
0.05391169711947441
0.054252736270427704
0.04879152402281761
0.04965004697442055
0.04880363866686821
0.04538709297776222
0.044046979397535324
0.046247001737356186
0.04730582982301712
0.04765065386891365
0.045807577669620514
0.04504696652293205
0.045081596821546555
0.04184148088097572
0.04746837913990021
0.04030095413327217
0.04068304970860481
0.039621707051992416
0.03757777810096741
0.0399039052426815
0.03850773721933365
0.03546052426099777
0.0397675484418869
0.03667556867003441
0.03718985989689827
0.03454078361392021
0.035793792456388474
0.03857056051492691
0.03813999146223068
0.03929390385746956
0.033526502549648285
0.03442578390240669
0.034330498427152634
0.03402237221598625
0.032778382301330566
0.03497353196144104
0.03285743296146393
0.03194084390997887
0.03227568790316582
0.03229670226573944
0.030285125598311424
0.02989773079752922
0.030628953129053116
0.028682857751846313
0.031361013650894165
0.03193071112036705
0.03129817172884941
0.02997022122144699
0.03181786090135574
0.029935013502836227
0.031222736462950706
0.02958606742322445
0.02930525317788124
0.02873833477497101
no squeeze
0.8130521178245544
0.2043139785528183
0.14514221251010895
0.15659362077713013
0.10570713132619858
0.09236239641904831
0.09062640368938446
0.08808565139770508
0.08802708983421326
0.08964976668357849
0.08309410512447357
0.07548096030950546
0.07288402318954468
0.08573465794324875
0.06935188919305801
0.08797070384025574
0.08754005283117294
0.07502616196870804
0.07131428271532059
0.07309739291667938
0.0820971131324768
0.06742668151855469
0.06779540330171585
0.06662404537200928
0.06605894863605499
0.06968078017234802
0.0689263865351677
0.06734016537666321
0.065205417573452
0.06596651673316956
0.06746383011341095
0.06282991915941238
0.07727682590484619
0.07003207504749298
0.06453125923871994
0.0666041299700737
0.07000505179166794
0.06575219333171844
0.06796284765005112
0.06380453705787659
0.06768093258142471
0.06778035312891006
