no squeeze
6.83187198638916
2.107691526412964
1.1551600694656372
0.7875432372093201
0.635377049446106
0.5450134873390198
0.4777701795101166
0.35908859968185425
0.31587034463882446
0.25332924723625183
0.23927688598632812
0.20767030119895935
0.24807937443256378
0.29470717906951904
0.24636168777942657
0.2906285226345062
0.28538864850997925
0.2168446034193039
0.2286575436592102
0.22353219985961914
0.1960402876138687
0.18585048615932465
0.18508301675319672
0.21657346189022064
0.21284140646457672
0.20070138573646545
0.19919900596141815
0.16988222301006317
0.1597261279821396
0.18058082461357117
0.2004842460155487
0.18703770637512207
0.16838248074054718
0.20926472544670105
0.2296040803194046
0.16840730607509613
0.17723169922828674
0.13313637673854828
0.16802938282489777
0.14459672570228577
0.14588642120361328
0.13832037150859833
0.1493493616580963
0.19008786976337433
0.14435945451259613
0.14529994130134583
0.15950177609920502
0.1443251222372055
no squeeze
5.224051475524902
1.7435940504074097
0.9069851040840149
0.5770115256309509
0.34527283906936646
0.31322333216667175
0.18868409097194672
0.17326627671718597
0.12409303337335587
0.16185079514980316
0.07758135348558426
0.05905858054757118
0.037769969552755356
0.09342362731695175
0.04823477938771248
0.09193067997694016
0.04417689889669418
0.02775662951171398
0.10994469374418259
0.03370106592774391
0.029426846653223038
0.024788247421383858
0.02141011692583561
0.036300063133239746
0.01908050663769245
0.02077217400074005
0.020184852182865143
0.015042311511933804
0.020757688209414482
0.0811086967587471
0.030062660574913025
0.01732994057238102
0.01686614565551281
0.014631059020757675
0.05408269166946411
0.03217674046754837
0.015505870804190636
0.015933426097035408
0.023788506165146828
0.023089943453669548
0.01754286326467991
0.03711098060011864
0.018211176618933678
0.012294309213757515
0.020958073437213898
0.021657606586813927
0.03433717414736748
0.047380898147821426
0.018880994990468025
0.013924289494752884
0.009126042015850544
0.012333795428276062
0.018062401562929153
0.022587651386857033
0.010179195553064346
0.01276851911097765
0.01566201262176037
0.006786121055483818
0.011637999676167965
0.013269628398120403
0.006133730988949537
0.014161414466798306
0.03371865302324295
0.010993529111146927
0.011098942719399929
0.008367893286049366
0.06412466615438461
0.011621132493019104
0.011346133425831795
0.009165958501398563
0.012880424968898296
no squeeze
6.558419704437256
2.6861252784729004
1.7806075811386108
1.251775860786438
0.9912933707237244
0.6927007436752319
0.668067455291748
0.6135886907577515
0.41994476318359375
0.3955090641975403
0.28434911370277405
0.34065327048301697
0.3728259801864624
0.2508322298526764
0.25855472683906555
0.21568900346755981
0.19322262704372406
0.23311562836170197
0.11195611208677292
0.14108824729919434
0.10494695603847504
0.08463525772094727
0.15941080451011658
0.08961371332406998
0.10177942365407944
0.08877842128276825
0.15142732858657837
0.09843216091394424
0.12688715755939484
0.15692038834095
0.06473411619663239
0.07221613824367523
0.12811891734600067
0.18885506689548492
0.07858939468860626
0.06911297142505646
0.04452621936798096
0.1082613542675972
0.10886261612176895
0.063571497797966
0.045512378215789795
0.04438822716474533
0.035345565527677536
0.03817037120461464
0.03020518459379673
0.0396488793194294
0.07439405471086502
0.08046635240316391
0.15592803061008453
0.11668314039707184
0.05610766261816025
0.09313834458589554
0.05871845781803131
0.06603941321372986
0.13121716678142548
no squeeze
6.3853960037231445
2.763110637664795
2.165220022201538
1.7461684942245483
1.4601930379867554
1.2730457782745361
1.120388388633728
0.9850356578826904
0.87322998046875
0.830615758895874
0.6835514307022095
0.6813485622406006
0.6003322601318359
0.5914331078529358
0.5609624981880188
0.536298930644989
0.4554186761379242
0.46763160824775696
0.47027409076690674
0.4328199028968811
0.42380478978157043
0.38783004879951477
0.35582536458969116
0.35396745800971985
0.34025904536247253
0.33467182517051697
0.3353605568408966
0.3097701370716095
0.338811993598938
0.2898441553115845
0.26001372933387756
0.3176752030849457
0.2678516209125519
0.2743924856185913
0.2686239778995514
0.24371767044067383
0.2374487966299057
0.21520733833312988
0.2362775206565857
0.23260889947414398
0.26568660140037537
0.23766425251960754
0.23719432950019836
0.211518794298172
0.25309935212135315
0.2728631794452667
0.22217832505702972
0.20540082454681396
0.2335362434387207
0.20830322802066803
0.20043864846229553
0.21234261989593506
0.27487123012542725
0.19610503315925598
0.18251317739486694
0.18424193561077118
0.16986362636089325
0.20167621970176697
0.18975040316581726
0.17090657353401184
0.18775063753128052
0.15041832625865936
0.1618812382221222
0.1902669221162796
0.16496935486793518
0.16281959414482117
0.15572889149188995
0.14989639818668365
0.16013506054878235
0.15090063214302063
0.18384507298469543
0.1425599753856659
0.16420307755470276
0.13864269852638245
0.13776333630084991
0.14140504598617554
0.16942906379699707
0.13062191009521484
0.12852121889591217
0.13095399737358093
0.1299506574869156
0.14226096868515015
0.1565883904695511
0.12636329233646393
0.1515277624130249
0.15464408695697784
0.12734834849834442
0.1266022026538849
0.12060698866844177
0.12068557739257812
0.12236020714044571
0.12212226539850235
0.13174743950366974
0.1313358098268509
0.11017552018165588
0.12518668174743652
0.11246439814567566
0.11267656087875366
0.12291555106639862
0.1324813961982727
0.12746666371822357
0.11675199121236801
0.10856010019779205
0.11944960057735443
0.12385852634906769
0.10682045668363571
0.10708855837583542
0.10365115851163864
0.11063657701015472
0.11064772307872772
0.11304280906915665
0.1031913235783577
0.10033940523862839
0.09461169689893723
0.09921717643737793
0.12054628133773804
0.1115158274769783
0.11228244006633759
0.11481163650751114
0.09862454235553741
0.10755696147680283
0.09753231704235077
0.11273261159658432
0.08567476272583008
0.10516871511936188
0.09042217582464218
0.08509674668312073
0.08991599082946777
0.09355677664279938
0.10922679305076599
0.1122952476143837
0.10105837881565094
0.10856445133686066
0.09302738308906555
0.0871666893362999
0.0899968147277832
0.08612040430307388
no squeeze
6.60299015045166
2.6812424659729004
1.8735028505325317
1.4278134107589722
1.1249792575836182
0.9650563597679138
0.7956537008285522
0.7236933708190918
0.6008172631263733
0.5521283149719238
0.5291109681129456
0.5128279328346252
0.42146652936935425
0.43151143193244934
0.3985474407672882
0.3692833185195923
0.3461377024650574
0.3262307941913605
0.34396544098854065
0.31578341126441956
0.30966097116470337
0.2821149230003357
0.26615309715270996
0.33553221821784973
0.2539829909801483
0.24717311561107635
0.25850149989128113
0.24734531342983246
0.22441130876541138
0.22512196004390717
0.23877903819084167
0.21424546837806702
0.22806178033351898
0.20007126033306122
0.2073226124048233
0.20809492468833923
0.21129794418811798
0.18658113479614258
0.18645547330379486
0.17979569733142853
0.17790207266807556
0.18629907071590424
0.19385047256946564
0.1845647245645523
0.17125535011291504
0.17855660617351532
0.16339151561260223
0.14229635894298553
0.13820873200893402
0.16282092034816742
0.2055170089006424
0.14892905950546265
0.1371316909790039
0.1557478904724121
0.1645333468914032
0.12894433736801147
0.14094379544258118
0.15349668264389038
0.13150721788406372
0.17778438329696655
0.14169110357761383
0.1390986144542694
0.14254871010780334
0.12196185439825058
0.1471037119626999
0.14394380152225494
0.13673749566078186
0.13738571107387543
0.13548323512077332
0.12215631455183029
0.10771740227937698
0.12907126545906067
0.14077123999595642
0.12009028345346451
0.11260160058736801
0.09768861532211304
0.12161032855510712
0.12590909004211426
0.11573871970176697
0.11433526128530502
0.1290823221206665
0.09233634173870087
0.11188355833292007
0.11415616422891617
0.10832227021455765
0.09932880103588104
0.13099411129951477
0.12921985983848572
0.09879154711961746
0.11848094314336777
0.10828882455825806
0.10929769277572632
no squeeze
6.1320719718933105
1.6717259883880615
0.9810822010040283
1.0170180797576904
0.8854446411132812
0.6354312896728516
0.4511428475379944
0.4314400851726532
0.46748650074005127
0.4502742886543274
0.8625540733337402
0.40331849455833435
0.6384658813476562
0.4217195510864258
0.4923945963382721
0.7331492900848389
0.4781844913959503
0.32354211807250977
0.646088182926178
0.4249059557914734
0.24736924469470978
0.30634093284606934
0.4726618528366089
0.49191275238990784
0.34012654423713684
0.2828069031238556
0.27237921953201294
0.48333215713500977
0.5400424599647522
0.3032711446285248
0.6973836421966553
