no squeeze
0.9267408847808838
0.3367505371570587
0.17281438410282135
0.09807305037975311
0.060913581401109695
0.04091870039701462
0.026323067024350166
0.01949382945895195
0.015780432149767876
0.01400825846940279
0.009580566547811031
0.009732191450893879
0.007661024574190378
0.00651169428601861
0.006399588659405708
0.008361874148249626
0.004378414247184992
0.003347270656377077
0.0032024283427745104
0.003043170552700758
0.002681063488125801
0.0032707126811146736
0.0035307256039232016
0.004008988384157419
0.0022604435216635466
0.002638892037793994
0.0020490065217018127
0.0014983359724283218
0.0020141538698226213
0.0020202749874442816
0.0020117994863539934
0.001269096857868135
0.0013934330781921744
0.0012888876954093575
0.003528897650539875
0.0021000606939196587
0.0011033680057153106
0.001413741847500205
0.001001390628516674
0.0009409792255610228
0.0008302085334435105
0.0006978845340199769
0.0006949999369680882
0.0007007070817053318
0.0007845584768801928
0.0006590874399989843
0.0008304060902446508
0.0015745417913421988
0.0019420594908297062
0.0010857811430469155
0.001111219055019319
0.004775625187903643
0.0019697609823197126
0.0007279912242665887
0.0007072512526065111
0.000789431796874851
no squeeze
0.8434708118438721
0.34738972783088684
0.2235686331987381
0.1481000930070877
0.09842924028635025
0.08125997334718704
0.07891704142093658
0.05171040818095207
0.039928823709487915
0.04355679079890251
0.03452195227146149
0.037004970014095306
0.025558490306138992
0.023574724793434143
0.01863037422299385
0.019291570410132408
0.020224979147315025
0.019374143332242966
0.021460140123963356
0.015415084548294544
0.023627422749996185
0.015994654968380928
0.013389604166150093
0.013045284897089005
0.013268101960420609
0.011456211097538471
0.010784356854856014
0.00963810458779335
0.012312514707446098
0.009731600992381573
0.010014615952968597
0.014992174692451954
0.02122863009572029
0.015191341750323772
0.010291656479239464
0.009164156392216682
0.009215522557497025
0.0077455537393689156
0.006856060586869717
0.007798298727720976
0.00852484442293644
0.007257535122334957
0.008397707715630531
0.006551519501954317
0.006057363469153643
0.008364567533135414
0.008299230597913265
0.008115051314234734
0.007710607722401619
0.006276296451687813
0.0064072138629853725
0.006161689758300781
0.005988012999296188
0.007905914448201656
0.007419380825012922
0.01085867639631033
0.00868299137800932
0.006076544988900423
0.009950561448931694
0.00798866618424654
0.005649371538311243
0.005982798989862204
0.006562844384461641
0.00648638466373086
0.005175099708139896
0.0065946332179009914
0.005023503676056862
0.006588095799088478
0.004860048647969961
0.004974165931344032
0.005416920408606529
0.0055351946502923965
0.006830736994743347
0.004909664858132601
0.003943370655179024
0.00390652846544981
0.004958935547620058
0.004220391623675823
0.004315496422350407
0.004309982527047396
0.004771554842591286
0.004923179745674133
0.004537537228316069
0.005221143830567598
0.004828760400414467
0.004971564281731844
no squeeze
1.0633480548858643
0.37602418661117554
0.24317921698093414
0.16849516332149506
0.12061616778373718
0.08631696552038193
0.0805443525314331
0.054755423218011856
0.05017189309000969
0.0401182547211647
0.0414699949324131
0.0317828468978405
0.027200566604733467
0.02633768320083618
0.018006036058068275
0.018496021628379822
0.015742357820272446
0.012894721701741219
0.015865743160247803
0.013446136377751827
0.009867682121694088
0.009089563973248005
0.008678342215716839
0.009579995647072792
0.010569125413894653
0.014637556858360767
0.00637190043926239
0.009693588130176067
0.00679790647700429
0.007798358798027039
0.010070495307445526
0.006571248639374971
0.005869007203727961
0.0080870958045125
0.009636408649384975
0.00961410440504551
0.003289012936875224
0.002802114700898528
0.0027920438442379236
0.002816688735038042
0.0023299495223909616
0.0032174517400562763
0.00367456441745162
0.0035142139531672
0.0036180426832288504
0.004793044179677963
0.019011560827493668
0.010041560977697372
0.004271029029041529
0.002836281433701515
0.0032347370870411396
no squeeze
0.9842044711112976
0.5670809149742126
0.4648755192756653
0.3999873697757721
0.3435738682746887
0.3092738687992096
0.27459052205085754
0.24713174998760223
0.22925156354904175
0.21221648156642914
0.19659940898418427
0.18468305468559265
0.17126032710075378
0.1538952738046646
0.14873641729354858
0.1384488046169281
0.1308387964963913
0.13170775771141052
0.12254514545202255
0.11641191691160202
0.10698693990707397
0.10320107638835907
0.09937027841806412
0.09385143220424652
0.09564331918954849
0.08639843761920929
0.08924321830272675
0.07937004417181015
0.08033249527215958
0.07682058960199356
0.07524029910564423
0.08036405593156815
0.07837895303964615
0.06975245475769043
0.06714560091495514
0.06475654244422913
0.06395059078931808
0.06420125812292099
0.06108647957444191
0.06044559180736542
0.056314703077077866
0.05872725322842598
0.05555116385221481
0.055948611348867416
0.0561712421476841
0.052960146218538284
0.051959093660116196
0.05286397412419319
0.05067725479602814
0.05350060760974884
0.049339912831783295
0.05201728641986847
0.049224093556404114
0.05135247856378555
0.0469004362821579
0.047452859580516815
0.05139720439910889
0.0530286580324173
0.04615390673279762
0.04393794387578964
0.0462026484310627
0.04616580158472061
0.04348878934979439
0.04412253946065903
0.05225677788257599
0.043275073170661926
0.04228372871875763
0.043548885732889175
0.045941662043333054
0.04044917970895767
0.04196596145629883
0.041425593197345734
0.03925478085875511
0.040312543511390686
0.03822408244013786
0.03927689045667648
0.03908839076757431
0.03981858864426613
0.03841762617230415
0.03885046765208244
0.039355359971523285
0.03861531242728233
0.03732952103018761
0.036511074751615524
0.03817155212163925
0.03960606828331947
0.036170050501823425
0.03652442246675491
0.03762093931436539
0.03637508675456047
0.03482214733958244
0.03529582545161247
0.03707733750343323
0.04030805826187134
0.03754263371229172
0.03739719092845917
0.03960561752319336
0.03660905361175537
0.035783056169748306
0.034796759486198425
0.03618808463215828
0.033830273896455765
0.03487016633152962
0.0351732037961483
0.03795211762189865
0.03425693139433861
0.035933542996644974
0.03546866774559021
0.03653911501169205
0.03399962931871414
0.03527497500181198
0.03388718143105507
no squeeze
1.064516544342041
0.49491772055625916
0.3552796244621277
0.27374815940856934
0.22616416215896606
0.18625539541244507
0.16235332190990448
0.14312198758125305
0.12505337595939636
0.11938749253749847
0.10732795298099518
0.09832603484392166
0.09444840997457504
0.08829767256975174
0.08497872948646545
0.07425112277269363
0.07567498087882996
0.06501221656799316
0.06455542892217636
0.057953767478466034
0.05641215667128563
0.053417813032865524
0.0502319410443306
0.05021480843424797
0.04876875877380371
0.04277413710951805
0.043656427413225174
0.04205772653222084
0.041142504662275314
0.04444633051753044
0.0451587438583374
0.039452407509088516
0.038205984979867935
0.037882186472415924
0.03933213651180267
0.03348013013601303
0.040026478469371796
0.03764314949512482
0.03350880742073059
0.03455156087875366
0.035639889538288116
0.029598399996757507
0.027010520920157433
0.029675979167222977
0.028081301599740982
0.0260259211063385
0.028149768710136414
0.02454320900142193
0.02543661743402481
0.0284345094114542
0.027420418336987495
0.02495688945055008
0.02496407926082611
0.026119442656636238
0.024594280868768692
0.02466016449034214
0.022777335718274117
0.02241896092891693
0.021894726902246475
0.022802487015724182
0.023961639031767845
0.021536296233534813
0.023154979571700096
0.020941922441124916
0.020441247150301933
0.024458514526486397
0.026321472600102425
0.020668474957346916
0.022686081007122993
0.02025504782795906
0.01802024245262146
0.02039744146168232
0.018017295747995377
0.024325082078576088
0.02123510092496872
0.019037652760744095
0.018649717792868614
0.01997075043618679
0.017800912261009216
0.019047871232032776
0.017924446612596512
0.018405122682452202
0.01818726770579815
0.017823146656155586
0.015985887497663498
0.021057775244116783
0.016434622928500175
0.016110947355628014
0.016765177249908447
0.017161842435598373
0.016164535656571388
0.01662404090166092
0.020139092579483986
0.016428492963314056
0.015814462676644325
0.018652943894267082
0.015460876747965813
0.023219527676701546
0.017005257308483124
0.016921566799283028
0.016925029456615448
0.02246181108057499
0.01719406619668007
0.015251933597028255
0.016379214823246002
0.015773864462971687
0.015184391289949417
0.013205708004534245
0.013890334405004978
0.015653906390070915
0.01730608381330967
0.014594047330319881
0.014775324612855911
0.013122028671205044
0.014760482124984264
0.014538341201841831
0.014453901909291744
0.01476388331502676
0.015455720014870167
0.01649685576558113
0.013954910449683666
0.01538742333650589
0.014532778412103653
0.014889733865857124
no squeeze
0.9221119284629822
0.3401390314102173
0.19041137397289276
0.19853568077087402
0.14342965185642242
0.1464112550020218
0.10826778411865234
0.15044839680194855
0.13989371061325073
0.1199527308344841
0.1688188761472702
0.16965463757514954
0.11502447724342346
0.10370741784572601
0.08098433911800385
0.10173783451318741
0.08814295381307602
0.07580628246068954
0.09502682834863663
0.12176857888698578
0.09754440188407898
0.11443536728620529
0.11628446727991104
0.08264279365539551
0.11436225473880768
0.1677105575799942
0.11221393942832947
0.11175470054149628
