no squeeze
2.7537996768951416
0.6850794553756714
0.3826894760131836
0.28676626086235046
0.20911964774131775
0.21794846653938293
0.17516306042671204
0.19097022712230682
0.17100852727890015
0.1831410676240921
0.15622670948505402
0.19308795034885406
0.17248234152793884
0.15373915433883667
0.17656853795051575
0.2094682902097702
0.15240822732448578
0.14024797081947327
0.14088121056556702
0.2002207189798355
0.16413025557994843
0.15511980652809143
0.1388111114501953
0.245877206325531
0.15281526744365692
0.14680618047714233
0.11776026338338852
0.11833209544420242
0.13545919954776764
0.13537783920764923
0.1271842122077942
0.1380828619003296
0.11362499743700027
0.0967075526714325
0.10421167314052582
0.11355401575565338
0.11711887270212173
0.1067461147904396
0.10674463957548141
0.1598963737487793
0.11275152862071991
0.1124882623553276
0.10807450860738754
0.11577727645635605
no squeeze
2.546513557434082
0.6286342740058899
0.37956494092941284
0.25666099786758423
0.27940186858177185
0.2197546809911728
0.20804327726364136
0.1918264925479889
0.17098401486873627
0.19352789223194122
0.21860885620117188
0.16059857606887817
0.1584123820066452
0.15947367250919342
0.16185441613197327
0.15655899047851562
0.19509129226207733
0.21381880342960358
0.1684657782316208
0.15432488918304443
0.15887972712516785
0.15514922142028809
0.15957266092300415
0.12510842084884644
0.13732260465621948
0.13016456365585327
0.14411328732967377
0.14394572377204895
0.12941880524158478
0.1253446787595749
0.12578417360782623
0.1409146636724472
0.16098104417324066
0.1986226886510849
no squeeze
2.9323933124542236
0.9120574593544006
0.5440891981124878
0.4422612488269806
0.4207579493522644
0.3317633271217346
0.3950699269771576
0.3369831442832947
0.33639633655548096
0.2789405584335327
0.2451605647802353
0.2269640862941742
0.28280672430992126
0.29318520426750183
0.29115933179855347
0.25382494926452637
0.26872768998146057
0.2286791354417801
0.19341321289539337
0.1590191125869751
0.1887567639350891
0.24225150048732758
0.2829125225543976
0.2521185874938965
0.18023689091205597
0.17915068566799164
0.1628018319606781
0.1677486151456833
0.23971401154994965
0.19193628430366516
no squeeze
2.8392672538757324
1.0643784999847412
0.7317855358123779
0.5676442980766296
0.4790329337120056
0.3925231695175171
0.36985713243484497
0.3085421025753021
0.28166234493255615
0.27638500928878784
0.24954327940940857
0.228323832154274
0.22129957377910614
0.23676210641860962
0.19707641005516052
0.1933712214231491
0.19442042708396912
0.18580426275730133
0.17095455527305603
0.1730716973543167
0.18163545429706573
0.15827277302742004
0.14968562126159668
0.1507878601551056
0.15055760741233826
0.14080676436424255
0.14622248709201813
0.127582386136055
0.1364966630935669
0.13327592611312866
0.13817454874515533
0.1417904496192932
0.14099833369255066
0.12299376726150513
0.13300246000289917
0.12297981977462769
0.1274285465478897
0.11996149271726608
0.12811757624149323
0.11487001925706863
0.12228094786405563
0.12852774560451508
0.11930819600820541
0.11722914129495621
0.12100477516651154
0.1262289583683014
0.11400996893644333
0.10945295542478561
0.1082884669303894
0.10895877331495285
0.110762819647789
0.11185652017593384
0.10703715682029724
0.1156061589717865
0.10598752647638321
0.11178117990493774
0.10314784198999405
0.10529062151908875
0.11454584449529648
0.11657243967056274
0.10481788218021393
0.09691958874464035
0.10171221941709518
0.09525887668132782
0.10591467469930649
0.10695763677358627
0.10185763984918594
0.10459668189287186
0.10890094935894012
0.09817637503147125
0.10028520971536636
0.10101450979709625
0.0957813709974289
0.10608545690774918
no squeeze
2.6187732219696045
0.8381144404411316
0.536683201789856
0.41668567061424255
0.3128475546836853
0.2694525122642517
0.2581599950790405
0.2610090672969818
0.21597842872142792
0.21820902824401855
0.1809084713459015
0.180023193359375
0.17138983309268951
0.15868006646633148
0.1623964011669159
0.1606309860944748
0.14806891977787018
0.14453598856925964
0.14031647145748138
0.13000473380088806
0.1243276447057724
0.1391647458076477
0.12796911597251892
0.1421726793050766
0.1275264173746109
0.11534468084573746
0.1376332938671112
0.13073785603046417
0.11966638267040253
0.124127596616745
0.10252616554498672
0.10111258924007416
0.10028332471847534
0.11492768675088882
0.09914389252662659
0.10586777329444885
0.09538009762763977
0.10913792252540588
0.10845890641212463
0.10796550661325455
0.10452017933130264
0.10257238894701004
0.10719920694828033
0.09532547742128372
0.08755596727132797
0.0925140529870987
0.096778504550457
0.10389647632837296
0.09129594266414642
0.10825538635253906
0.09358896315097809
0.07397734373807907
0.09868025034666061
0.096449114382267
0.09493004530668259
0.0965922623872757
0.09081391245126724
0.087189681828022
0.08515353500843048
0.0854780524969101
0.08984187245368958
0.08037938177585602
no squeeze
1.884073257446289
0.4801507890224457
0.2614661455154419
0.14607398211956024
0.1956963986158371
0.14922550320625305
0.09684869647026062
0.12792029976844788
0.14561784267425537
0.1264137476682663
0.20089347660541534
0.13076020777225494
0.09257723391056061
0.12507188320159912
0.10556510835886002
0.1486830711364746
0.19496957957744598
0.1115829199552536
0.124847412109375
0.1588892936706543
0.10552628338336945
0.11204822361469269
0.10061560571193695
