no squeeze
1.3506882190704346
0.3821682333946228
0.13541248440742493
0.05311905965209007
0.026559913530945778
0.013735567219555378
0.008063459768891335
0.005029529333114624
0.0058561163023114204
0.006651055533438921
0.0036130629014223814
0.0020844440441578627
0.0014108065515756607
0.001244105282239616
0.000909515714738518
0.0008491514599882066
0.0011024769628420472
0.0006274080369621515
0.00048451207112520933
0.0006168302497826517
0.0005643273470923305
0.0003363146970514208
0.0006119302124716341
0.0004917532205581665
0.0005092150531709194
0.0004496377950999886
0.0003691894526127726
0.0004486052202992141
0.00019671388145070523
0.00034154541208408773
0.0004372462281025946
0.0002967550535686314
0.00010918447514995933
0.0003637203190010041
0.0001271453220397234
0.0001460867206333205
9.410823258804157e-05
0.00010682412539608777
0.00016033119754865766
0.0001158392769866623
0.00021835113875567913
0.00017828281852416694
7.816552533768117e-05
9.691773448139429e-05
0.00016253053036052734
7.766984344925731e-05
6.846854375908151e-05
0.00014630189980380237
0.0011405404657125473
0.0021595931611955166
0.0022216581273823977
0.0022577201016247272
0.00047466560499742627
0.0002388072171015665
0.00031434811535291374
0.00010971600568154827
0.00010354188270866871
no squeeze
1.3564549684524536
0.5262534022331238
0.30550017952919006
0.22996686398983002
0.17875874042510986
0.16572141647338867
0.14313139021396637
0.1120961531996727
0.10242758691310883
0.09988407790660858
0.09540998190641403
0.08853450417518616
0.08287438750267029
0.08235763013362885
0.08473719656467438
0.08092755824327469
0.09324351698160172
0.07198386639356613
0.06693016737699509
0.06438551843166351
0.05917517468333244
0.0657753050327301
0.06415984779596329
0.06618395447731018
0.06613742560148239
0.05655417963862419
0.06572864204645157
0.06489244103431702
0.05925053358078003
0.05851830914616585
0.07166972011327744
0.0701676532626152
0.05517323687672615
0.06371773034334183
0.05508587509393692
0.06538118422031403
0.055409982800483704
0.050039712339639664
0.05433680862188339
0.06707566976547241
0.06093105673789978
0.053489312529563904
0.054847754538059235
0.06650753319263458
0.06377031654119492
0.0510619692504406
0.04957839846611023
0.0481158085167408
0.04802270978689194
0.05137895047664642
0.04896175116300583
0.046527136117219925
0.055092260241508484
0.0447428859770298
0.0522194541990757
0.06361928582191467
0.05074947699904442
0.051145393401384354
0.04876156151294708
0.059487517923116684
0.0700208768248558
0.0641828402876854
0.050807710736989975
0.04569912329316139
no squeeze
1.7072365283966064
0.6449819207191467
0.4030437171459198
0.2715909481048584
0.19846273958683014
0.15767253935337067
0.16115213930606842
0.10688156634569168
0.08097495138645172
0.07283175736665726
0.0666484460234642
0.0689024031162262
0.05091127008199692
0.03637884557247162
0.03736639395356178
0.03304753825068474
0.03141337260603905
0.03986974060535431
0.03144414350390434
0.03301266208291054
0.02104831114411354
0.01200131792575121
0.012137199752032757
0.011437884531915188
0.01287898886948824
0.01508508063852787
0.014728027395904064
0.01245524175465107
0.010567547753453255
0.017351962625980377
0.006993153598159552
0.0069729965180158615
0.030376434326171875
0.01583034172654152
0.014889148995280266
0.05097363516688347
0.016484607011079788
0.007918169721961021
0.008102978579699993
0.010220780037343502
0.006128927692770958
0.004567127209156752
0.004778300411999226
0.00468185031786561
0.003379123518243432
0.004642372950911522
0.003678591689094901
0.004592420067638159
0.003203585045412183
0.0026613250374794006
0.002900885185226798
0.003285737708210945
0.003214938333258033
0.00436420226469636
0.003694901242852211
0.0023666194174438715
0.006438778713345528
0.02835867926478386
0.003693352686241269
0.003465769812464714
0.0022611641325056553
0.0017502339323982596
0.0028474354185163975
0.0037610605359077454
0.012093529105186462
0.0034373910166323185
0.0023040997330099344
0.002172934589907527
0.001525337342172861
0.0020967714954167604
0.002530136378481984
0.021590450778603554
0.007657667156308889
0.0024532380048185587
0.002023624023422599
0.001271482091397047
0.001039547729305923
0.0009421813883818686
0.0009074346744455397
0.0008835152257233858
0.0008285352378152311
0.0008099066326394677
0.0008057064260356128
0.0008259633323177695
0.0009171658894047141
0.0036388414446264505
0.0014728073729202151
0.0044439188204705715
0.007108733989298344
0.01680917479097843
0.0044841947965323925
0.001973195234313607
0.0013664774596691132
no squeeze
1.7339729070663452
0.7783745527267456
0.624686062335968
0.530206561088562
0.45175686478614807
0.3978831171989441
0.3539440333843231
0.31387364864349365
0.29121923446655273
0.2626068890094757
0.25710421800613403
0.22806456685066223
0.21489828824996948
0.20918942987918854
0.18538698554039001
0.17237865924835205
0.16343757510185242
0.16448569297790527
0.153817281126976
0.14815948903560638
0.1347406804561615
0.12923948466777802
0.123305544257164
0.11747801303863525
0.11875403672456741
0.1161598265171051
0.11169753223657608
0.10693316906690598
0.10532180964946747
0.09241367876529694
0.10116349160671234
0.09538937360048294
0.09263625741004944
0.09066817164421082
0.08714599162340164
0.08337944000959396
0.08902698010206223
0.08400339633226395
0.07930402457714081
0.08238597959280014
0.07851757854223251
0.0794755145907402
0.07542674988508224
0.07505813986063004
0.06986601650714874
0.07489728182554245
0.07198677957057953
0.06984729319810867
0.06977500021457672
0.0654435083270073
0.06660345941781998
0.06682737916707993
0.06509599834680557
0.06186409667134285
0.06850743293762207
0.06753044575452805
0.062458645552396774
0.06249293312430382
0.06666107475757599
0.059828002005815506
0.05831652879714966
0.06681223213672638
0.05802454426884651
0.06768657267093658
0.06051773205399513
0.058618731796741486
0.061935313045978546
0.05540887266397476
0.053016964346170425
0.05235879495739937
0.052402447909116745
0.05955365300178528
0.053895726799964905
0.052531562745571136
0.05317220464348793
0.051625657826662064
0.05379663035273552
0.054139841347932816
0.05248536542057991
0.050912003964185715
0.0533338226377964
0.048153024166822433
0.047239750623703
0.05176457017660141
0.047939445823431015
0.04984591156244278
0.05056450888514519
0.050119563937187195
0.050418246537446976
0.04900402948260307
0.04691680893301964
0.04835748299956322
0.04896015673875809
0.042875152081251144
0.047705892473459244
0.04820352792739868
0.04901011288166046
0.046996232122182846
0.04779357463121414
0.04436321556568146
0.04556544870138168
0.04888584092259407
0.04387213662266731
0.04300445690751076
no squeeze
1.682969570159912
0.7299954891204834
0.510862410068512
0.3966434895992279
0.31953907012939453
0.2724680006504059
0.22759808599948883
0.20354294776916504
0.18112778663635254
0.16161289811134338
0.14374186098575592
0.13903120160102844
0.12317021936178207
0.11605842411518097
0.1122177317738533
0.11107975989580154
0.10365744680166245
0.09980524331331253
0.0911281481385231
0.09496261924505234
0.08231082558631897
0.08187049627304077
0.07750847935676575
0.07525768131017685
0.0808289498090744
0.07642258703708649
0.07901837676763535
0.06674226373434067
0.06706609576940536
0.06855752319097519
0.07018923759460449
0.05911428853869438
0.06525250524282455
0.05775966867804527
0.06309358030557632
0.05303822457790375
0.05973296985030174
0.055454812943935394
0.05491400510072708
0.05092788487672806
0.05038304999470711
0.0545329675078392
0.046282365918159485
0.0516468808054924
0.0511302724480629
0.04812918230891228
0.042517028748989105
0.05104023590683937
0.05011199787259102
0.048900872468948364
0.0550740584731102
0.047817789018154144
0.04568682238459587
0.04177405312657356
0.048998624086380005
0.04153129830956459
0.040487468242645264
0.048124782741069794
0.043967630714178085
0.03505052253603935
0.04201037064194679
0.0421595498919487
0.043458305299282074
0.03959345445036888
0.03947095572948456
0.03686770051717758
0.03628368675708771
0.037142716348171234
0.0377834215760231
0.03572394326329231
no squeeze
0.7621740102767944
0.35590997338294983
0.20348532497882843
0.135620579123497
0.13075774908065796
0.11270568519830704
0.10217104852199554
0.1170579120516777
0.08861656486988068
0.08842896670103073
0.09720087051391602
0.09283624589443207
0.09912818670272827
0.09114087373018265
0.0809861496090889
0.11178504675626755
0.07604074478149414
0.07823355495929718
0.0906781479716301
0.08277394622564316
0.07265938818454742
0.0698714330792427
0.07734759151935577
0.06994485855102539
0.07288029789924622
0.10492179542779922
0.08151485025882721
0.08050227165222168
0.07335466146469116
0.07329688966274261
0.07226558029651642
0.08344815671443939
