no squeeze
595.71923828125
420.66290283203125
377.9867858886719
245.3900909423828
221.9672088623047
163.38050842285156
154.05441284179688
129.5577850341797
125.05026245117188
112.11641693115234
109.64006805419922
101.90221405029297
100.24395751953125
95.03862762451172
93.92020416259766
90.23558807373047
89.39567565917969
86.572509765625
85.95413970947266
83.7880630493164
83.3048095703125
81.56881713867188
81.20430755615234
79.83670806884766
79.51203918457031
78.53166961669922
78.24259948730469
77.45858764648438
77.2175064086914
76.54733276367188
76.38249206542969
75.85958099365234
75.7752685546875
75.3844223022461
75.2782974243164
74.95223999023438
74.89079284667969
74.63089752197266
74.53639221191406
74.40522003173828
74.27337646484375
74.13526916503906
74.00715637207031
73.830078125
73.81446075439453
73.7463150024414
73.66197204589844
73.57344818115234
73.51858520507812
73.4355239868164
73.39383697509766
73.30845642089844
73.27056121826172
73.18789672851562
73.16607666015625
73.08511352539062
73.10560607910156
73.23841094970703
no squeeze
600.5306396484375
394.0302429199219
344.14190673828125
192.13475036621094
167.3662567138672
109.98372650146484
100.92532348632812
76.47687530517578
71.90469360351562
57.65890884399414
54.706993103027344
45.1579475402832
43.162803649902344
36.62539291381836
35.143768310546875
30.413259506225586
29.39590072631836
26.088396072387695
25.359708786010742
22.9718074798584
22.447147369384766
20.72206687927246
20.369720458984375
19.166837692260742
18.887746810913086
17.993000030517578
17.801050186157227
17.172588348388672
17.030555725097656
16.568973541259766
16.464244842529297
16.120086669921875
16.045812606811523
15.788456916809082
15.738850593566895
15.548890113830566
15.508124351501465
15.37065601348877
15.328903198242188
15.22404956817627
15.192254066467285
15.10881233215332
15.084685325622559
15.009600639343262
14.99697494506836
14.944793701171875
14.932313919067383
14.882977485656738
14.879773139953613
14.84187126159668
14.828283309936523
14.801980018615723
14.796459197998047
14.767743110656738
14.761398315429688
14.739592552185059
14.727091789245605
14.707162857055664
14.704339027404785
14.694046974182129
14.69660472869873
14.671529769897461
14.66208553314209
14.659585952758789
14.662004470825195
14.640252113342285
14.632393836975098
14.631467819213867
14.620889663696289
14.612704277038574
14.615215301513672
14.603367805480957
14.594882011413574
14.601785659790039
14.60058307647705
14.589001655578613
14.588218688964844
14.570077896118164
14.575420379638672
14.571647644042969
no squeeze
601.6485595703125
460.4052429199219
419.4654235839844
262.3146057128906
228.4094696044922
145.07801818847656
133.30421447753906
105.33712768554688
100.55645751953125
86.09972381591797
83.00875091552734
72.29684448242188
69.82077026367188
60.87422180175781
58.73289108276367
50.97703170776367
49.105628967285156
42.300926208496094
40.68257522583008
34.865142822265625
33.45535659790039
28.48480987548828
27.320762634277344
23.226686477661133
22.28041648864746
18.96918487548828
18.210908889770508
15.569546699523926
14.980085372924805
12.938704490661621
12.468565940856934
10.872374534606934
10.513978958129883
9.28152084350586
8.999490737915039
8.034215927124023
7.814224720001221
7.059845924377441
6.88333797454834
6.277120590209961
6.135921001434326
5.648900985717773
5.534983158111572
5.1340155601501465
5.04006814956665
4.713771820068359
4.636297225952148
4.362244129180908
4.299227714538574
4.072649002075195
4.019303321838379
3.829373359680176
3.7829349040985107
3.622143268585205
3.584484100341797
3.448479175567627
3.4162561893463135
3.3015859127044678
3.2733442783355713
3.1741044521331787
3.151024341583252
3.064579963684082
3.0452065467834473
2.973045825958252
2.9553582668304443
2.894437551498413
2.8790905475616455
2.824871063232422
2.8103787899017334
2.7647135257720947
2.752912759780884
2.711897373199463
2.703238010406494
2.667395830154419
2.658888101577759
2.6275687217712402
2.6185872554779053
2.5900135040283203
2.5850586891174316
2.5602006912231445
2.555206775665283
2.536640167236328
2.5292410850524902
2.5127224922180176
2.5062215328216553
2.490788459777832
2.4860634803771973
2.470435380935669
2.4681310653686523
2.4531514644622803
2.449554681777954
2.4380009174346924
2.4348137378692627
2.428769588470459
2.4244439601898193
2.4139366149902344
2.410122871398926
2.4022271633148193
2.4000678062438965
2.392911195755005
2.3923847675323486
2.383908987045288
2.3808987140655518
2.374681234359741
2.3728179931640625
2.368856906890869
2.3673465251922607
2.358755588531494
2.360426187515259
2.3548099994659424
2.3525149822235107
2.347606658935547
2.348228693008423
2.3421859741210938
2.3408267498016357
2.338324546813965
2.3372349739074707
2.335202217102051
2.333137035369873
2.3308966159820557
2.3304154872894287
2.3278114795684814
2.32639741897583
2.3237099647521973
2.3217310905456543
2.3210947513580322
2.318758726119995
2.3169705867767334
2.3147177696228027
2.3133316040039062
2.312717914581299
2.3131847381591797
2.312077760696411
2.311605453491211
2.307852029800415
2.305419445037842
2.304534673690796
2.303605794906616
2.3046352863311768
2.302107095718384
2.3016936779022217
2.301227569580078
2.3013622760772705
2.2992334365844727
2.299391269683838
2.2972488403320312
2.2991244792938232
2.2978391647338867
no squeeze
603.0682373046875
532.8712158203125
507.6865234375
382.76507568359375
347.9296875
241.53155517578125
224.64186096191406
184.4783477783203
177.96510314941406
159.55397033691406
155.84988403320312
143.94638061523438
141.30471801757812
132.29547119140625
130.23463439941406
122.99494171142578
121.29727172851562
115.3121337890625
113.86643981933594
108.77935028076172
107.50173950195312
102.99895477294922
101.96188354492188
98.006103515625
97.06883239746094
93.535400390625
92.66304779052734
89.52149963378906
88.74090576171875
85.8719253540039
85.16107940673828
82.56336975097656
81.8841323852539
79.40097045898438
78.80967712402344
76.54643249511719
75.95520782470703
73.822998046875
73.26045989990234
71.18233489990234
70.66035461425781
68.69003295898438
68.20219421386719
66.32843780517578
65.85700225830078
64.02687072753906
63.586387634277344
61.820552825927734
61.40165710449219
59.701690673828125
59.2906494140625
57.714298248291016
57.32451629638672
55.83360290527344
55.44148254394531
54.041927337646484
53.67052459716797
52.36679458618164
52.04618835449219
50.888309478759766
50.59223556518555
49.523799896240234
49.272613525390625
48.36564636230469
48.098873138427734
47.2556266784668
47.080806732177734
46.37874221801758
46.18562698364258
45.57564163208008
45.429847717285156
44.93022155761719
44.814273834228516
44.35010528564453
44.222511291503906
43.85799026489258
43.76323318481445
43.424720764160156
43.333045959472656
43.06149673461914
43.05780792236328
42.79201126098633
42.75115203857422
42.5567626953125
42.54853057861328
42.394596099853516
42.27988815307617
42.141422271728516
42.094303131103516
41.9988899230957
41.9657096862793
41.84225845336914
41.80299377441406
41.75229263305664
41.699668884277344
41.6254768371582
41.609493255615234
41.5550537109375
41.557350158691406
41.454410552978516
41.470333099365234
41.41350173950195
41.40223693847656
41.34454345703125
41.32186508178711
41.30426025390625
41.2752571105957
41.22163391113281
41.217994689941406
41.20378875732422
41.261722564697266
41.13485336303711
41.187191009521484
41.15254211425781
no squeeze
603.6060791015625
465.0025939941406
428.72802734375
299.68719482421875
272.1771240234375
197.1659698486328
184.8972930908203
154.73333740234375
149.66883850097656
135.01406860351562
132.0985870361328
122.64010620117188
120.55401611328125
113.45162963867188
111.77058410644531
105.96249389648438
104.62108612060547
99.80204772949219
98.65567016601562
94.48438262939453
93.5246353149414
89.97368621826172
89.0998764038086
86.02079772949219
85.2720718383789
82.56717681884766
81.9228744506836
79.60823059082031
79.02263641357422
76.9619369506836
76.44534301757812
74.65789031982422
74.20320892333984
72.63361358642578
72.22579956054688
70.81837463378906
70.48723602294922
69.25708770751953
68.94369506835938
67.86363220214844
67.58242797851562
66.59861755371094
66.36563873291016
65.52389526367188
65.32275390625
64.63553619384766
64.40225982666016
63.72605514526367
63.57400131225586
63.02374267578125
62.85453796386719
62.342037200927734
62.217159271240234
61.78268814086914
61.64951705932617
61.22792053222656
61.16670608520508
60.79111862182617
60.7001838684082
60.40153884887695
60.293216705322266
59.99381637573242
59.96169662475586
59.685279846191406
59.60401153564453
59.37204360961914
59.32109069824219
59.081207275390625
59.029361724853516
58.860755920410156
58.79254913330078
58.683265686035156
58.58788299560547
58.48096466064453
58.3909912109375
58.208255767822266
58.17019271850586
58.04948806762695
58.02665328979492
57.897037506103516
57.89452362060547
57.761287689208984
57.71186447143555
57.60930633544922
57.58012771606445
57.493404388427734
57.45640182495117
57.391258239746094
57.345882415771484
57.25175476074219
57.20901107788086
57.15947723388672
57.149349212646484
57.073787689208984
57.05373001098633
56.95107650756836
56.9815788269043
56.90671920776367
56.877498626708984
56.8022575378418
56.81380081176758
56.8010139465332
56.7174072265625
56.65734100341797
56.686378479003906
56.63957214355469
56.58290100097656
56.57061004638672
56.548789978027344
56.52262496948242
56.49542236328125
56.459442138671875
56.4485969543457
56.419986724853516
56.413917541503906
56.38093566894531
56.3676872253418
56.318511962890625
56.33317184448242
56.30428695678711
56.26404571533203
56.25585174560547
56.208431243896484
56.20498275756836
56.19826889038086
56.205535888671875
56.16462707519531
56.148963928222656
56.123497009277344
56.140625
56.113243103027344
56.08095169067383
56.08396530151367
56.0322151184082
56.048370361328125
56.038795471191406
no squeeze
583.3165283203125
241.97116088867188
207.82986450195312
156.94630432128906
152.02821350097656
140.9818572998047
139.2189483642578
134.53848266601562
133.737548828125
131.48426818847656
131.1587677001953
130.0813751220703
129.9115447998047
129.39247131347656
129.33428955078125
129.0894317626953
129.03323364257812
128.87005615234375
128.88992309570312
128.80401611328125
128.8169708251953
128.752685546875
128.7255096435547
128.74221801757812
128.79469299316406
128.74656677246094
