no squeeze
36.641109466552734
7.035370349884033
5.832581043243408
3.639177083969116
3.3759443759918213
2.7446224689483643
2.638425588607788
2.358532428741455
2.30696439743042
2.163513660430908
2.1344869136810303
2.052915096282959
2.0364863872528076
1.9886807203292847
1.9810198545455933
1.9543514251708984
1.9476377964019775
1.9301890134811401
1.9268261194229126
1.9191153049468994
1.9173533916473389
1.9112275838851929
1.9145053625106812
1.9102686643600464
1.905159831047058
1.9009878635406494
1.9060165882110596
1.9019081592559814
no squeeze
38.60948944091797
6.110159873962402
4.613368988037109
2.4370529651641846
2.21578049659729
1.7230781316757202
1.645620584487915
1.4437754154205322
1.4083340167999268
1.3101814985275269
1.292441964149475
1.2342995405197144
1.2241559028625488
1.1837674379348755
1.1759363412857056
1.1480804681777954
1.1420713663101196
1.1226638555526733
1.1186925172805786
1.10084867477417
1.096580147743225
1.0849155187606812
1.0824936628341675
1.0750371217727661
1.0713261365890503
1.066537857055664
1.0625076293945312
1.0574396848678589
1.0592443943023682
1.0521882772445679
1.0521742105484009
1.0522089004516602
1.0512776374816895
1.0486289262771606
1.0482330322265625
1.0473445653915405
1.0465822219848633
1.045231819152832
1.045615315437317
1.0479817390441895
no squeeze
37.61726379394531
11.42395305633545
8.421327590942383
3.9776580333709717
3.4569876194000244
2.1692464351654053
1.950199842453003
1.3310182094573975
1.2113723754882812
0.8603882193565369
0.7923689484596252
0.5913322567939758
0.552521288394928
0.4355373680591583
0.4123058021068573
0.34224721789360046
0.3284235894680023
0.2846192419528961
0.27549096941947937
0.24781553447246552
0.24178284406661987
0.22222870588302612
0.2182614952325821
0.20569057762622833
0.20269213616847992
0.1937178522348404
0.1913616806268692
0.183801531791687
0.18223936855793
0.17672184109687805
0.17540904879570007
0.1710699498653412
0.17010122537612915
0.16704720258712769
0.16588474810123444
0.16303935647010803
0.1624889075756073
0.15983490645885468
0.15933524072170258
0.15740904211997986
0.15693895518779755
0.15497834980487823
0.15467743575572968
0.15333890914916992
0.15306483209133148
0.15158626437187195
0.15123672783374786
0.15022532641887665
0.1498822420835495
0.14901550114154816
0.14887182414531708
0.14787009358406067
0.1477007269859314
0.14710961282253265
0.14684978127479553
0.14624078571796417
0.14596529304981232
0.14538578689098358
0.1450796276330948
0.14448842406272888
0.14441831409931183
0.14397208392620087
0.1438642144203186
0.14336949586868286
0.1433979719877243
0.14311690628528595
0.1426517367362976
0.14236904680728912
0.14211946725845337
0.14182764291763306
0.14176689088344574
0.14149869978427887
0.14118029177188873
0.14096149802207947
0.1409437656402588
0.14063195884227753
0.14052705466747284
0.14016000926494598
0.14023593068122864
0.139881432056427
0.13993626832962036
0.13972194492816925
0.13958315551280975
0.1393101066350937
0.13932643830776215
0.13899725675582886
0.13892686367034912
0.13883192837238312
0.13860107958316803
0.13868822157382965
0.13864396512508392
0.13829563558101654
0.1383543610572815
0.13802504539489746
0.13822005689144135
0.1376749575138092
0.13799141347408295
0.13784410059452057
no squeeze
38.51277160644531
23.85553550720215
20.407352447509766
12.175551414489746
11.059955596923828
8.46008014678955
8.04931640625
6.926435947418213
6.709542274475098
6.062975883483887
5.925839424133301
5.491794109344482
5.3957929611206055
5.0793280601501465
5.01107120513916
4.776483535766602
4.721432685852051
4.541064739227295
4.498716831207275
4.357694149017334
4.319375991821289
4.201984405517578
4.169399738311768
4.067448139190674
4.042952537536621
3.954145669937134
3.931838274002075
3.8462986946105957
3.8264272212982178
3.7503139972686768
3.739624500274658
3.655484199523926
3.638948917388916
3.5715560913085938
3.5499513149261475
3.4842758178710938
3.465578556060791
3.3984062671661377
3.3835861682891846
3.318250894546509
3.2993228435516357
3.237592935562134
3.218761682510376
3.165588140487671
3.1435658931732178
3.081186532974243
3.0635874271392822
3.0042836666107178
2.9886510372161865
2.929645299911499
2.9109761714935303
2.8564724922180176
2.8432703018188477
2.7877860069274902
2.7712666988372803
2.717291831970215
2.703568458557129
2.6516292095184326
2.6406333446502686
2.5907323360443115
2.5731446743011475
2.5221199989318848
2.5109150409698486
2.4659948348999023
2.4510481357574463
2.405503273010254
2.3935136795043945
2.352048873901367
2.340934991836548
2.302415609359741
2.2905004024505615
2.2582850456237793
2.2458391189575195
2.212214231491089
2.205632448196411
2.177372694015503
2.1701314449310303
2.142299175262451
2.1346206665039062
2.1117494106292725
2.103480815887451
2.0836832523345947
2.075225353240967
2.0576627254486084
2.0550925731658936
2.0333902835845947
2.029975414276123
2.019322156906128
2.0132980346679688
1.9966418743133545
1.9932663440704346
1.9846792221069336
1.9773846864700317
1.9674108028411865
1.9610542058944702
1.9497004747390747
1.9468936920166016
1.9376569986343384
1.934720754623413
1.92366361618042
1.9225099086761475
1.9143973588943481
1.9114649295806885
1.9057401418685913
1.9001994132995605
1.8969154357910156
1.8911857604980469
1.8853660821914673
1.8825920820236206
1.8751112222671509
1.8768666982650757
1.8691065311431885
1.8659048080444336
1.8642635345458984
1.8628054857254028
1.8607844114303589
1.8561086654663086
1.8499504327774048
1.8482468128204346
1.841878890991211
1.842149257659912
1.844074010848999
no squeeze
37.533729553222656
12.227548599243164
9.683123588562012
6.110947132110596
5.70427942276001
4.689494609832764
4.509042739868164
3.988987922668457
3.8819520473480225
3.5580904483795166
3.4895384311676025
3.263367176055908
3.2129099369049072
3.0451881885528564
3.005246162414551
2.8736867904663086
2.8437798023223877
2.7372992038726807
2.7115132808685303
2.6300973892211914
2.607478141784668
2.5350453853607178
2.5185091495513916
2.4599215984344482
2.4491095542907715
2.3967108726501465
2.3857712745666504
2.342853307723999
2.3355770111083984
2.2983994483947754
2.289562702178955
2.26345157623291
2.260033369064331
2.2312772274017334
2.2234537601470947
2.2008297443389893
2.1997716426849365
2.1764094829559326
2.1714670658111572
2.1541147232055664
2.1510047912597656
2.1396560668945312
2.1316733360290527
2.119720458984375
2.1177496910095215
2.103208541870117
2.1020619869232178
2.091878652572632
2.091287612915039
2.0827903747558594
2.0783729553222656
2.0708870887756348
2.070270538330078
2.063631772994995
2.057922601699829
2.051030397415161
2.0511369705200195
2.0457229614257812
2.0459978580474854
2.038426399230957
2.0418553352355957
2.035144090652466
2.031559467315674
2.028135061264038
2.0257203578948975
2.0318799018859863
2.0238325595855713
2.020616054534912
2.0193119049072266
2.01375412940979
2.0124964714050293
2.010547399520874
2.0116841793060303
2.009316921234131
2.0077149868011475
2.0026209354400635
2.0074405670166016
2.0021555423736572
2.0006377696990967
1.9967447519302368
1.9983634948730469
1.9974138736724854
no squeeze
36.130924224853516
6.7999958992004395
6.180334091186523
5.586764812469482
5.567194938659668
5.550665855407715
5.546698093414307
5.5468854904174805
5.5467915534973145
5.546506881713867
5.5463056564331055
5.545689582824707
5.546586513519287
5.550699234008789
