no squeeze
2.550097703933716
0.9259932041168213
0.4561662971973419
0.23240762948989868
0.12116381525993347
0.06877266615629196
0.03607751056551933
0.023055538535118103
0.014014036394655704
0.010763012804090977
0.007922838442027569
0.0059276451356709
0.004535980056971312
0.0029051383025944233
0.0031329074408859015
0.002246253192424774
0.0029084375128149986
0.0017778557958081365
0.0016270177438855171
0.0012020679423585534
0.0008916283259168267
0.0012108071241527796
0.0014251988613978028
0.0014264286728575826
0.0008301722118631005
0.0006304170819930732
0.0009709284058772027
0.0006568151875399053
0.00041987054282799363
0.0002795608015730977
0.0011466492433100939
0.0006910099182277918
0.00026825370150618255
0.0002807802229654044
0.0002810064470395446
0.0002829312870744616
0.00017124955775216222
0.00024109215883072466
0.0002510791819076985
0.00016484280058648437
0.00027710202266462147
0.0005444733542390168
0.00025152156013064086
0.00032270801602862775
0.000526122865267098
0.00041628023609519005
0.00020174261590000242
6.22590960119851e-05
0.00016599311493337154
0.0001453637523809448
0.00022473532590083778
0.0002926084853243083
8.853576582623646e-05
0.0001236459065694362
7.839813770260662e-05
8.89882940100506e-05
4.1712835809448734e-05
6.624905654462054e-05
0.0002210447855759412
8.909260941436514e-05
2.3926042558741756e-05
2.7218542527407408e-05
1.753088326950092e-05
2.4500353902112693e-05
4.814812928088941e-05
0.0017367384862154722
0.046433236449956894
0.0022171589080244303
0.0006601649802178144
0.00030332605820149183
2.626957393658813e-05
2.3649843569728546e-05
1.371391408611089e-05
1.8289507352164946e-05
8.97497830010252e-06
1.681208777881693e-05
7.97374450485222e-05
8.040892862481996e-05
4.82885297969915e-05
3.61294842150528e-05
1.7113639842136763e-05
5.2011359912285116e-06
5.437282652565045e-06
6.222890078788623e-06
5.00934356750804e-06
3.0228773084672866e-06
2.0423412934178486e-06
3.4635475458344445e-05
0.0022044398356229067
1.6584608601988293e-05
1.745096051308792e-05
1.009402512863744e-05
1.7341122656944208e-05
2.5297742922703037e-06
2.1960324829706224e-06
2.096386424454977e-06
3.0353028250829084e-06
no squeeze
4.0304484367370605
1.2854607105255127
0.9113263487815857
0.6636215448379517
0.4857122600078583
0.37776675820350647
0.31926214694976807
0.24727380275726318
0.24191433191299438
0.23790183663368225
0.20192916691303253
0.18200182914733887
0.17221909761428833
0.20958676934242249
0.15879303216934204
0.13338786363601685
0.1460975855588913
0.13190659880638123
0.1730286031961441
0.12593787908554077
0.12654130160808563
0.10508212447166443
0.13169780373573303
0.1067042425274849
0.12539251148700714
0.1002979502081871
0.11757112294435501
0.13482046127319336
0.13913410902023315
0.09958171099424362
0.10753189772367477
0.1404576301574707
0.1342068761587143
0.11267409473657608
0.09442446380853653
0.09942581504583359
0.1377665102481842
0.11468357592821121
0.10164012014865875
0.13054221868515015
0.10948863625526428
0.12284581363201141
0.1152922660112381
0.13146249949932098
0.10870370268821716
no squeeze
4.191360950469971
1.7352546453475952
1.2770870923995972
0.9724777936935425
0.726334810256958
0.5966623425483704
0.48298144340515137
0.35373520851135254
0.2722681760787964
0.21407553553581238
0.16735661029815674
0.13252077996730804
0.13391561806201935
0.10652639716863632
0.12367542088031769
0.1130649521946907
0.07565582543611526
0.12924177944660187
0.08315268903970718
0.05529790744185448
0.056268468499183655
0.04613492265343666
0.04527838155627251
0.07669538259506226
0.05590878427028656
0.034349020570516586
0.03178974986076355
0.04300972446799278
0.03455476090312004
0.039144258946180344
0.05962212756276131
0.04233827069401741
0.044505901634693146
0.020355621352791786
0.018551521003246307
0.016893312335014343
0.029759777709841728
0.020055754110217094
0.02559676766395569
0.016396669670939445
0.015048335306346416
0.015411040745675564
0.014881851151585579
0.013790934346616268
0.013498736545443535
0.014002935029566288
0.03554810583591461
0.051686257123947144
0.026515232399106026
0.021528342738747597
0.019421473145484924
0.020017188042402267
0.04520630091428757
0.0375908799469471
0.03525562584400177
no squeeze
3.527039051055908
1.632258653640747
1.411658763885498
1.2971299886703491
1.1709849834442139
1.041045069694519
0.9754876494407654
0.8796024918556213
0.8015264272689819
0.7339748740196228
0.6896530389785767
0.62602299451828
0.6126531362533569
0.5541217923164368
0.4915035665035248
0.4846245348453522
0.43739402294158936
0.4165705740451813
0.3756697475910187
0.357602596282959
0.35045599937438965
0.3292216360569
0.30490773916244507
0.2990281283855438
0.26429492235183716
0.2577708065509796
0.24187952280044556
0.22891642153263092
0.20357593894004822
0.2046816498041153
0.21059244871139526
0.19305428862571716
0.19253888726234436
0.17541708052158356
0.1714378446340561
0.1585521399974823
0.1546463519334793
0.15624912083148956
0.15924683213233948
0.1445329487323761
0.14295782148838043
0.14253847301006317
0.14158539474010468
0.13130342960357666
0.1495359241962433
0.13701805472373962
0.12845508754253387
0.12895053625106812
0.11521588265895844
0.1180751696228981
0.1189696192741394
0.11116039007902145
0.11891469359397888
0.12355340272188187
0.10533846914768219
0.09655297547578812
0.11094091087579727
0.10249889642000198
0.11271460354328156
0.10821329057216644
0.10589410364627838
0.10280011594295502
0.09729258716106415
0.0936981663107872
0.09463051706552505
0.08372282236814499
0.09219067543745041
0.084895558655262
0.08129946142435074
0.09792960435152054
0.0864989385008812
0.09797889739274979
0.08507224172353745
0.09231709688901901
0.08612862974405289
0.08714292198419571
0.08521488308906555
0.0758022665977478
0.07719167321920395
0.07257290929555893
0.0792899876832962
0.0849173367023468
0.07986608147621155
0.07151325047016144
0.08598260581493378
0.07343917340040207
0.07803098857402802
0.08109677582979202
0.07631228119134903
0.07428634166717529
0.07518689334392548
0.07952996343374252
0.07303141802549362
0.06981033086776733
0.07241363823413849
0.07861851900815964
0.07499182969331741
0.07078944146633148
0.06535028666257858
0.07274576276540756
0.0753002017736435
0.0705721452832222
0.06629316508769989
0.06423865258693695
0.07053090631961823
0.05881337448954582
0.07537169754505157
0.06999615579843521
0.06847934424877167
0.06948521733283997
0.06578288227319717
0.06155552715063095
0.07164178788661957
0.06571584194898605
0.0670829713344574
0.06330807507038116
no squeeze
3.619788646697998
1.3518990278244019
1.08658766746521
0.8806338906288147
0.737464964389801
0.6244722604751587
0.5503333210945129
0.48894351720809937
0.42481163144111633
0.38189497590065
0.3293381929397583
0.3127272427082062
0.2994415760040283
0.28577518463134766
0.25092658400535583
0.23487162590026855
0.20120099186897278
0.20147323608398438
0.18727166950702667
0.1784164160490036
0.17854976654052734
0.164833664894104
0.16289307177066803
0.14015808701515198
0.13563118875026703
0.1300879269838333
0.1151675283908844
0.11780237406492233
0.12080390751361847
0.11544860154390335
0.09587527066469193
0.10525639355182648
0.10500994324684143
0.09536916762590408
0.09534996747970581
0.09281083196401596
0.09686807543039322
0.09749765694141388
0.08491457253694534
0.07277897745370865
0.0722336396574974
0.07989046722650528
0.07335305213928223
0.06769515573978424
0.08230441808700562
0.06464551389217377
0.07176510989665985
0.06745453178882599
0.07274527102708817
0.06264439970254898
0.06050865352153778
0.05814487114548683
0.06840948015451431
0.058636125177145004
0.05301890894770622
0.06484200060367584
0.05776667222380638
0.05888361111283302
0.05272088572382927
0.06247733533382416
0.0646427795290947
0.06719393283128738
0.04640519991517067
0.05220360681414604
0.05062604695558548
0.05154450982809067
0.04932285100221634
0.04290468618273735
0.05029118061065674
0.06845863163471222
0.048095088452100754
0.04654392972588539
0.06491383910179138
0.04550235718488693
0.06992890685796738
0.05083630979061127
0.04832344502210617
0.050107140094041824
no squeeze
2.544431209564209
0.9675611853599548
0.5949556827545166
0.5337807536125183
0.38624653220176697
0.24447007477283478
0.2051035463809967
0.2516581416130066
0.1961391419172287
0.18059293925762177
0.14268366992473602
0.15835285186767578
0.17325852811336517
0.313942015171051
0.20699380338191986
0.20118066668510437
0.12754757702350616
0.17975957691669464
0.2024904042482376
0.17071187496185303
0.2842917740345001
0.24074794352054596
0.19234764575958252
0.11951132118701935
0.1735822558403015
0.279928058385849
0.13164864480495453
0.12216104567050934
0.27643752098083496
0.3541906476020813
0.17828792333602905
0.08757845312356949
0.10799539089202881
0.282610148191452
0.10980215668678284
0.10633427649736404
0.15440583229064941
0.11743541806936264
0.1343187689781189
0.21258825063705444
0.10029006004333496
0.1186099722981453
