no squeeze
12.406414985656738
1.551966667175293
1.1321775913238525
0.4556080102920532
0.3698529899120331
0.1746949702501297
0.14609898626804352
0.07841818779706955
0.06817372143268585
0.04183964431285858
0.03756028786301613
0.026175063103437424
0.024091990664601326
0.01873629353940487
0.017764760181307793
0.01483349222689867
0.014336093328893185
0.012831618078052998
0.012540305033326149
0.011309386231005192
0.011079336516559124
0.010310696437954903
0.010109790600836277
0.009234586730599403
0.009123209863901138
0.00853803101927042
0.00838110875338316
0.007870799861848354
0.0077617354691028595
0.007381706032902002
0.007262648083269596
0.006915044505149126
0.006859151646494865
0.0065490370616316795
0.006521755829453468
0.006264722906053066
0.006214195862412453
0.006091499701142311
0.006023389752954245
0.005885022226721048
0.005846667569130659
0.00573746906593442
0.005702480673789978
0.005645664408802986
0.005628109909594059
0.0055598062463104725
0.00556170055642724
0.00550910783931613
0.005501165054738522
0.005486666224896908
0.005465855821967125
0.005449862685054541
0.005432134959846735
0.005453662946820259
0.00541959423571825
0.005419753026217222
0.005409468896687031
0.005401683505624533
0.005408015567809343
0.005410327576100826
no squeeze
13.322325706481934
2.419823169708252
2.0038676261901855
1.3880704641342163
1.3106424808502197
1.142566204071045
1.1223722696304321
1.0781687498092651
1.0754685401916504
1.0614711046218872
1.0592591762542725
1.0517882108688354
1.051886796951294
1.0499311685562134
1.0497323274612427
1.0457056760787964
1.0451191663742065
1.0438340902328491
1.0429842472076416
1.0423849821090698
1.0434153079986572
1.0456252098083496
no squeeze
13.683018684387207
2.7399425506591797
1.9485321044921875
0.7500582933425903
0.6279911398887634
0.3696468770503998
0.33053258061408997
0.22568732500076294
0.206010103225708
0.14688166975975037
0.13488854467868805
0.09821735322475433
0.0905832052230835
0.06710982322692871
0.06229967996478081
0.04806741699576378
0.04518052935600281
0.03628136217594147
0.03453318029642105
0.028988556936383247
0.02779267728328705
0.024182431399822235
0.023420603945851326
0.02099362201988697
0.020485812798142433
0.01886659488081932
0.018344352021813393
0.016833150759339333
0.016597015783190727
0.01558161061257124
0.015279079787433147
0.014336352236568928
0.014165817759931087
0.01330889854580164
0.013205768540501595
0.012598150409758091
0.012372666038572788
0.01186475157737732
0.011724048294126987
0.011098369024693966
0.011001796461641788
0.010572055354714394
0.010459117591381073
0.010115868411958218
0.009979263879358768
0.009569150395691395
0.009503529407083988
0.0090784365311265
0.009000119753181934
0.008686400018632412
0.008664444088935852
0.00834787730127573
0.008317428641021252
0.007998207584023476
0.00794534757733345
0.0077256327494978905
0.007651994936168194
0.007475555874407291
0.0073900423012673855
0.007193656638264656
0.007162231951951981
0.006987276952713728
0.006943859625607729
0.006795704364776611
0.00675771851092577
0.006689480971544981
0.006612766068428755
0.00641727726906538
0.0063905189745128155
0.006289575714617968
0.006244642660021782
0.006184176541864872
0.006117463577538729
0.006034307647496462
0.005990244913846254
0.00590995978564024
0.00589245418086648
0.005811613518744707
0.005803300067782402
0.005735627841204405
0.005687636788934469
0.005614744033664465
0.005599698983132839
0.005549428518861532
0.005527551751583815
0.005466251168400049
0.005454895552247763
0.0054043992422521114
0.005406294949352741
0.005363077856600285
0.00533060310408473
0.005296350456774235
0.005308067426085472
0.005277486518025398
0.005237204022705555
0.00522930221632123
0.0052264295518398285
0.005216014105826616
0.005182888824492693
0.005200079642236233
0.005170370917767286
0.005149770528078079
0.005133235827088356
0.005121972877532244
0.005111161153763533
0.0051378728821873665
0.005102628376334906
0.005082383286207914
0.005078624002635479
0.005074463319033384
0.005087615922093391
0.005052847322076559
0.005047530867159367
0.00504787964746356
0.005029670428484678
0.0050214678049087524
0.005049148574471474
0.005028347950428724
no squeeze
13.51557445526123
7.4928154945373535
6.588706016540527
4.664880752563477
4.3676676750183105
3.554962635040283
3.3958921432495117
2.920701742172241
2.8234059810638428
2.5131959915161133
2.4467849731445312
2.2321653366088867
2.185307264328003
2.01570725440979
1.9781416654586792
1.8562146425247192
1.8280986547470093
1.7309556007385254
1.7091782093048096
1.6324131488800049
1.6160556077957153
1.5528457164764404
1.539050817489624
1.4913594722747803
1.4783045053482056
1.438123106956482
1.427777647972107
1.3945659399032593
1.3838642835617065
1.3517817258834839
1.344892144203186
1.315239429473877
1.30804443359375
1.2823065519332886
1.275923490524292
1.252174735069275
1.2452706098556519
1.220196008682251
1.2133647203445435
1.1913048028945923
1.1866343021392822
1.1639759540557861
1.1577528715133667
1.137270450592041
1.1308562755584717
1.1121827363967896
1.1072672605514526
1.0878076553344727
1.0846514701843262
1.0653632879257202
1.063602328300476
1.0463515520095825
1.0412741899490356
1.0268545150756836
1.0248523950576782
1.0130985975265503
1.008374810218811
0.9975972175598145
0.9927647709846497
0.9862055778503418
0.9828486442565918
0.9731572270393372
0.9725162386894226
0.9595423936843872
0.9564909338951111
0.9501570463180542
0.9480453133583069
0.9407586455345154
0.9383182525634766
0.9307617545127869
0.9305638074874878
0.9212969541549683
0.9208214282989502
0.9141844511032104
0.9122787117958069
0.9068527221679688
0.9031346440315247
0.8972800970077515
0.8954349160194397
0.8911091089248657
0.8891278505325317
0.8827385902404785
0.8816142678260803
0.8760746717453003
0.8727385997772217
0.8689107298851013
0.8667045831680298
0.8622034192085266
0.8595027923583984
0.8545816540718079
0.8534663915634155
0.8491196036338806
0.8474924564361572
0.8434743285179138
0.8424510359764099
0.8373562693595886
0.838238000869751
0.8325676918029785
0.8326205015182495
0.8278858065605164
0.8277928233146667
0.8235042095184326
0.826522946357727
0.8197104930877686
0.8187316060066223
0.8163993954658508
0.8141562938690186
0.8129457235336304
0.8111894130706787
0.8105190396308899
0.8092964291572571
0.8058458566665649
0.8043166995048523
0.8046601414680481
0.8017018437385559
0.8024853467941284
0.8001422882080078
0.797245442867279
0.7973329424858093
0.7967689037322998
0.7979567646980286
0.7943468689918518
0.7931439280509949
0.7912093997001648
0.7923195958137512
0.7880378365516663
0.7893372178077698
0.7867672443389893
0.7857922911643982
0.7848688364028931
0.7846746444702148
0.7834469079971313
0.7821556925773621
0.7811286449432373
0.7838391065597534
0.7788472175598145
0.779072105884552
0.7800343632698059
no squeeze
12.990612983703613
3.385796070098877
2.841611623764038
1.8886970281600952
1.7667304277420044
1.4810270071029663
1.4340845346450806
1.3061290979385376
1.2821605205535889
1.210052728652954
1.194249153137207
1.1484835147857666
1.1368937492370605
1.1032047271728516
1.0948630571365356
1.0684667825698853
1.0622284412384033
1.0402275323867798
1.0359989404678345
1.0195953845977783
1.0151313543319702
1.0014933347702026
0.9972093105316162
0.98634934425354
0.9843106865882874
0.9732803702354431
0.9705823659896851
0.9633619785308838
0.9596940875053406
0.9507508873939514
0.9504451751708984
0.9439488053321838
0.9424080848693848
0.9375802278518677
0.9365937113761902
0.931828498840332
0.9306908845901489
0.9278371930122375
0.9290197491645813
0.9235072135925293
0.9224802851676941
0.9224108457565308
0.9203482270240784
0.9176033139228821
0.9170087575912476
0.9156786203384399
0.9149724841117859
0.9124998450279236
0.911367654800415
0.9090278744697571
0.9084553122520447
0.909416675567627
0.9070440530776978
0.9072017073631287
0.9070882201194763
0.9048315286636353
0.9068722128868103
0.9053040742874146
no squeeze
11.398561477661133
2.0818562507629395
1.9356943368911743
1.819709062576294
1.8168394565582275
1.8125697374343872
1.8120988607406616
1.81496262550354
1.8134081363677979
1.8178648948669434
