no squeeze
133.11474609375
46.3961181640625
33.15583038330078
15.39604663848877
13.7268648147583
9.173456192016602
8.299432754516602
5.667056560516357
5.137834548950195
3.5218253135681152
3.1955738067626953
2.1971893310546875
1.9941011667251587
1.3775842189788818
1.2544846534729004
0.8796342015266418
0.8019422292709351
0.5667205452919006
0.5193848013877869
0.3716942071914673
0.34278202056884766
0.25201377272605896
0.23359538614749908
0.17711655795574188
0.16576358675956726
0.1293286681175232
0.12187574058771133
0.09882170706987381
0.09430290013551712
0.07894990593194962
0.07580216228961945
0.06605943292379379
0.06404653936624527
0.05774416774511337
0.05646466091275215
0.05233606696128845
0.05153435096144676
0.04882651939988136
0.04827088862657547
0.04645811393857002
0.046055734157562256
0.04489465057849884
0.04459238797426224
0.043761059641838074
0.043594084680080414
0.04290223494172096
0.04281790181994438
0.04230372607707977
0.04233960434794426
0.04193909466266632
0.041879426687955856
0.04161490499973297
0.041527993977069855
0.04131229594349861
0.041183095425367355
0.041068583726882935
0.040938422083854675
0.04082421585917473
0.04076477885246277
0.04051622003316879
0.04059072956442833
0.0405193530023098
no squeeze
134.0546875
62.887821197509766
48.61613845825195
20.71430778503418
18.113525390625
12.207738876342773
11.208270072937012
8.278267860412598
7.6948113441467285
5.838091850280762
5.441222667694092
4.160082817077637
3.8770530223846436
2.956545829772949
2.7542059421539307
2.0980303287506104
1.9552702903747559
1.472280740737915
1.3691306114196777
1.037025809288025
0.9650768637657166
0.7289034128189087
0.6809461116790771
0.5196022987365723
0.4851042628288269
0.37570813298225403
0.3524963855743408
0.2786892354488373
0.2633035182952881
0.21524833142757416
0.20511075854301453
0.17367520928382874
0.1673308163881302
0.14634482562541962
0.1420934647321701
0.12813371419906616
0.12532983720302582
0.1162453293800354
0.11420171707868576
0.10797027498483658
0.10658983886241913
0.10203128308057785
0.10088647156953812
0.09829637408256531
0.09701649099588394
0.09381525963544846
0.0933084785938263
0.09127257764339447
0.0902898982167244
0.08863793313503265
0.08775992691516876
0.08570665866136551
0.0852465108036995
0.0835566446185112
0.08318785578012466
0.08195914328098297
0.08190485835075378
0.07987776398658752
0.07948825508356094
0.078139528632164
0.07767388969659805
0.07653588056564331
0.07637689262628555
0.07501603662967682
0.07487617433071136
0.07341856509447098
0.07342847436666489
0.07197879999876022
0.07169455289840698
0.07029740512371063
0.07015913724899292
0.06908976286649704
0.06869280338287354
0.06789256632328033
0.06756369024515152
0.06641583889722824
0.06635881215333939
0.06584285199642181
0.06536232680082321
0.06461922824382782
0.06507861614227295
0.06327829509973526
0.06306575238704681
0.06229627877473831
0.06220493093132973
0.061386559158563614
0.06116446107625961
0.06045698747038841
0.06036169454455376
0.05967333912849426
0.059642426669597626
0.058988045901060104
0.05900665372610092
0.05825832858681679
0.05835265666246414
0.05754862725734711
0.05735579505562782
0.05700137838721275
0.05688003450632095
0.05633661523461342
0.05621376261115074
0.05573982372879982
0.05569823831319809
0.055271830409765244
0.055195704102516174
0.05474532023072243
0.05471549555659294
0.05433591455221176
0.054188646376132965
0.05405951291322708
0.054057225584983826
0.053656868636608124
0.053485430777072906
0.05328876152634621
0.05330125242471695
0.05303473398089409
0.05296808108687401
0.052715789526700974
0.05282623693346977
0.052442193031311035
0.05242406576871872
0.052219342440366745
0.05223636329174042
0.05202750861644745
0.051943060010671616
0.05182946100831032
0.05180805176496506
0.05173328518867493
0.051672421395778656
0.051647983491420746
0.05154670029878616
0.051430217921733856
0.05137963593006134
0.051388710737228394
0.0513216108083725
0.05118246749043465
0.05116137117147446
0.05108270421624184
0.05106749385595322
0.05101760849356651
0.051040105521678925
0.05094576254487038
0.051019128412008286
0.050902627408504486
0.05089478939771652
0.05091932788491249
0.0508841872215271
0.0508112832903862
0.05092189833521843
0.050723783671855927
0.05073937028646469
0.05084557831287384
no squeeze
133.5990753173828
66.74266052246094
53.15635681152344
23.54932403564453
20.213844299316406
12.589607238769531
11.398097038269043
8.13167953491211
7.5080718994140625
5.6378092765808105
5.260134696960449
4.061792850494385
3.803903579711914
2.966372489929199
2.793020248413086
2.2169551849365234
2.087639093399048
1.6697492599487305
1.5774304866790771
1.2692821025848389
1.2009570598602295
0.9736931324005127
0.9218709468841553
0.7480173707008362
0.7108631134033203
0.5814456343650818
0.5538845062255859
0.4590187966823578
0.4367198646068573
0.3622301518917084
0.34596988558769226
0.2913256585597992
0.2787249982357025
0.2370711714029312
0.22733601927757263
0.1959964483976364
0.18827097117900848
0.1631193906068802
0.15753614902496338
0.13866537809371948
0.13405129313468933
0.1190919280052185
0.11557105928659439
0.10382114350795746
0.10109936445951462
0.0920497477054596
0.08982782065868378
0.08226760476827621
0.08065718412399292
0.07476111501455307
0.07339415699243546
0.06835903972387314
0.06740748137235641
0.06345563381910324
0.06256436556577682
0.05935729667544365
0.05860978364944458
0.05606452375650406
0.05532059073448181
0.05316672846674919
0.05262631177902222
0.050691667944192886
0.0502874031662941
0.04867630824446678
0.04840255528688431
0.04699321836233139
0.04669922962784767
0.04556972160935402
0.045340389013290405
0.04431329295039177
0.044092848896980286
0.04329846054315567
0.04314277693629265
0.042353518307209015
0.04218902438879013
0.041662078350782394
0.04141447693109512
0.04089217260479927
0.04075619950890541
0.04032924398779869
0.04023026302456856
0.03975391015410423
0.03969969227910042
0.03939780592918396
0.039223458617925644
0.03898939862847328
0.038843780755996704
0.038516320288181305
0.038452792912721634
0.0381997711956501
0.03819927200675011
0.038018327206373215
0.03793225809931755
0.03771236538887024
0.03765517473220825
0.037463944405317307
0.037488341331481934
0.03732157498598099
0.03729472681879997
0.037084002047777176
0.03700389340519905
0.036924317479133606
0.03682363033294678
0.036796413362026215
0.03679453954100609
0.03677249699831009
0.03659757226705551
0.036557093262672424
0.03646262735128403
0.03645830228924751
0.036375369876623154
0.03636645898222923
0.03628099709749222
0.036172933876514435
0.03614449128508568
0.03623807430267334
0.03611363098025322
0.036077775061130524
0.03598057106137276
0.035951148718595505
0.03595016896724701
0.03579777106642723
0.03576622158288956
0.03580566495656967
0.03579964488744736
0.035718388855457306
0.035644881427288055
0.03575260564684868
0.0357462503015995
0.03569968789815903
no squeeze
136.05471801757812
101.95945739746094
91.33253479003906
52.22783279418945
45.146018981933594
29.510961532592773
27.197113037109375
21.147525787353516
20.03299903869629
16.65789794921875
15.95605754852295
13.677997589111328
13.192033767700195
11.551345825195312
11.186271667480469
9.958551406860352
9.680832862854004
8.743985176086426
8.517751693725586
7.769678115844727
7.5950751304626465
7.0253520011901855
6.902403831481934
6.415804862976074
6.3228535652160645
5.9395833015441895
5.857681751251221
5.57229471206665
5.499190330505371
5.269325256347656
5.213190078735352
5.06367301940918
4.983956336975098
4.836663722991943
4.7958478927612305
4.692151069641113
4.649404525756836
4.586902141571045
4.521615982055664
4.492006778717041
4.4450507164001465
4.358071804046631
4.338678359985352
4.284067630767822
4.276211738586426
4.242801189422607
4.227477550506592
4.176200866699219
4.16338586807251
4.13378381729126
4.149014949798584
4.11319637298584
4.088202953338623
4.068323135375977
4.0577521324157715
4.053923606872559
4.0369486808776855
4.09280252456665
4.017515659332275
3.99806547164917
3.9877805709838867
3.9778501987457275
3.9666287899017334
3.948666572570801
3.945676803588867
3.949801445007324
3.9430058002471924
3.9259848594665527
3.913404941558838
3.897749423980713
3.89067006111145
3.8953168392181396
3.869589328765869
3.8876874446868896
3.8730156421661377
3.8524415493011475
3.8242647647857666
3.8060109615325928
3.795745849609375
3.845973491668701
3.781538486480713
3.7480556964874268
3.7428839206695557
3.7486612796783447
3.714280843734741
3.681812286376953
3.6643526554107666
3.635647773742676
3.6582510471343994
3.582056999206543
3.589250326156616
3.5202419757843018
3.5049383640289307
3.4519150257110596
3.4377143383026123
3.3770573139190674
3.343937873840332
3.280362606048584
3.252345323562622
3.1470582485198975
3.161410331726074
3.0043299198150635
3.0177199840545654
2.88797926902771
2.8006534576416016
2.6217007637023926
2.575220823287964
2.389638662338257
2.3238155841827393
2.0944876670837402
2.0322060585021973
1.7850240468978882
1.731738567352295
1.4837514162063599
1.408237099647522
1.1600241661071777
1.0966335535049438
0.8833298087120056
0.8251038789749146
0.6612182259559631
0.6173607707023621
0.47078728675842285
0.44502177834510803
0.3445253074169159
0.3237361013889313
0.2602764070034027
0.24557946622371674
0.20427416265010834
0.1948213130235672
0.169358491897583
0.16372504830360413
0.14906612038612366
0.14294536411762238
0.13143226504325867
0.12944789230823517
0.12203676253557205
0.12151198089122772
0.11486541479825974
0.11479204148054123
0.11138916015625
0.1102418303489685
0.10811861604452133
0.10771661251783371
0.10666495561599731
0.10532760620117188
0.10636726021766663
0.10402899980545044
0.10625910758972168
0.10415122658014297
0.10447701811790466
no squeeze
134.1024169921875
64.37963104248047
52.561710357666016
28.32343864440918
25.300514221191406
17.74496078491211
16.406211853027344
12.53891372680664
11.783919334411621
9.443636894226074
8.964365005493164
7.4210896492004395
7.092132091522217
6.0206804275512695
5.797252178192139
5.0625529289245605
4.871051788330078
4.296932220458984
4.166901588439941
3.726322650909424
3.6289613246917725
3.286426067352295
3.2131214141845703
2.9189186096191406
2.851741313934326
2.6047873497009277
2.565540313720703
2.3654210567474365
2.285492181777954
2.1042628288269043
2.0400683879852295
1.8594540357589722
1.8225983381271362
1.6505382061004639
1.6083482503890991
1.4609324932098389
1.416334629058838
1.2725244760513306
1.2384568452835083
1.1123789548873901
1.0808056592941284
0.967893123626709
0.9407793283462524
0.8387609720230103
0.8165804147720337
0.7344933748245239
0.7106647491455078
0.639266312122345
0.6186571717262268
0.5556043386459351
0.5421851277351379
0.48801541328430176
0.47561413049697876
0.4316055476665497
0.42084699869155884
0.3837657868862152
0.3756328821182251
0.34780001640319824
0.3370627760887146
0.3103972375392914
0.3042779266834259
0.2826864421367645
0.27718260884284973
0.2587321996688843
0.25458312034606934
0.23900197446346283
0.2366807609796524
0.2213554084300995
0.21837405860424042
0.2068268358707428
0.2051256000995636
0.19472134113311768
0.19325637817382812
0.18463844060897827
0.18318036198616028
0.17521332204341888
0.1732274740934372
0.16698713600635529
0.16537216305732727
0.16060736775398254
0.15862253308296204
0.15416425466537476
0.1553012728691101
0.14945515990257263
0.14779306948184967
0.14381705224514008
0.14317676424980164
0.14070698618888855
0.1392141878604889
0.13598591089248657
0.13529597222805023
0.13378691673278809
0.13211500644683838
0.12966397404670715
0.12910526990890503
0.13063330948352814
0.131413072347641
0.12810565531253815
0.12487068772315979
0.12633827328681946
0.12364264577627182
0.12047498673200607
0.12050735205411911
0.11972586065530777
0.11928897351026535
0.12129009515047073
0.12007704377174377
0.11671556532382965
0.11727461963891983
0.11556658893823624
0.11597425490617752
0.11352163553237915
0.1132219135761261
0.1125192791223526
0.11253130435943604
0.1128997951745987
no squeeze
126.9288101196289
16.937551498413086
13.850319862365723
8.159430503845215
7.481496810913086
5.837591171264648
5.6024088859558105
4.943752765655518
4.805886745452881
4.558619499206543
4.5564351081848145
4.4353718757629395
4.4220499992370605
4.3951826095581055
4.389329433441162
4.373101711273193
4.447835922241211
4.364908218383789
4.368229866027832
4.3765435218811035
