no squeeze
1.3387482166290283
0.4051913022994995
0.19262918829917908
0.09793459624052048
0.05277460440993309
0.02827060967683792
0.02251233160495758
0.014276857487857342
0.011741182766854763
0.007195135112851858
0.00650385906919837
0.004443168640136719
0.003758892649784684
0.003331306390464306
0.0024065780453383923
0.0017173272790387273
0.001902937889099121
0.001059453934431076
0.0012030912330374122
0.0011879943776875734
0.0009042553720064461
0.0008684715139679611
0.00220161909237504
0.00427482882514596
0.0012977676233276725
0.0007202536216937006
0.00042153889080509543
0.00042395057971589267
0.000545108166988939
0.0005203065229579806
0.00028519483748823404
0.00026081482064910233
0.0003679009969346225
0.00021317598293535411
0.00021070365619380027
0.00029008055571466684
0.0004392095434013754
0.0002503171854186803
0.0005827202694490552
0.00018727178394328803
0.000320860039209947
0.00024867578758858144
0.00025916637969203293
0.0001545670529594645
0.0002714110887609422
0.00021833193022757769
0.000137151189846918
0.00014422147069126368
0.00017694736015982926
0.0001922362862387672
0.0004570904711727053
0.00040777676622383296
0.00018297231872566044
9.214453893946484e-05
0.00012919187429361045
0.00030407271697185934
9.479137224843726e-05
8.813531167106703e-05
0.00014206634659785777
9.004175808513537e-05
0.00014857639325782657
8.825350232655182e-05
0.006066035013645887
0.0023186206817626953
0.0023414248134940863
0.0015807579038664699
0.0004373159899841994
0.00019744837481994182
no squeeze
1.3665128946304321
0.5618045330047607
0.3258039951324463
0.22413456439971924
0.14610978960990906
0.12111536413431168
0.10181189328432083
0.09459557384252548
0.08403947204351425
0.07121634483337402
0.0703403577208519
0.06371475011110306
0.055731214582920074
0.06499011814594269
0.05772237479686737
0.05076133459806442
0.05486999824643135
0.05861975997686386
0.05840013548731804
0.04840522259473801
0.051845572888851166
0.04797443374991417
0.05977540835738182
0.04607940465211868
0.05187784880399704
0.04258738085627556
0.0440111979842186
0.04403971508145332
0.044905345886945724
0.03968308866024017
0.06694450974464417
0.05801321566104889
0.05074721947312355
0.03988804295659065
0.03620700538158417
0.03869466483592987
0.037950992584228516
0.03599080815911293
0.03816210478544235
0.04641271382570267
0.03983750566840172
0.03956906124949455
0.04083319008350372
0.03961912542581558
0.04701165109872818
0.04523542895913124
0.05254040285944939
0.044589728116989136
no squeeze
1.720261573791504
0.6948293447494507
0.4270823001861572
0.2907197177410126
0.21038754284381866
0.15708310902118683
0.12509138882160187
0.11026240885257721
0.0851086676120758
0.0761268138885498
0.057064853608608246
0.05826816335320473
0.04784855246543884
0.03955540806055069
0.035023283213377
0.0358794741332531
0.03432042896747589
0.05810382217168808
0.02841586247086525
0.021754128858447075
0.03571289777755737
0.019965538755059242
0.01557246595621109
0.020068347454071045
0.01963256672024727
0.016311481595039368
0.014093223959207535
0.017510712146759033
0.014187580905854702
0.010081319138407707
0.012004663236439228
0.0270105991512537
0.010735093615949154
0.011884894222021103
0.00992598570883274
0.007648140657693148
0.012501434423029423
0.006639589089900255
0.015811629593372345
0.012140568345785141
0.006606332492083311
0.0060472022742033005
0.007126587443053722
0.004109039902687073
0.004144743550568819
0.007096659857779741
0.008655861020088196
0.007021673955023289
0.006722237449139357
0.005727534648030996
0.0029200767166912556
0.0026462371461093426
0.0026233065873384476
0.003277307143434882
0.002520218025892973
0.0027545879129320383
0.003189662005752325
0.005301509518176317
0.01194588840007782
0.005137122701853514
0.002462778240442276
0.0018629569094628096
0.002798641100525856
0.02646416425704956
0.013830412179231644
0.006493933964520693
0.004288036376237869
0.0028861870523542166
0.001971155870705843
0.002061477629467845
0.002340485341846943
0.0023046971764415503
no squeeze
1.757638931274414
0.9257453680038452
0.7478219270706177
0.6317799091339111
0.550011396408081
0.4946986734867096
0.4347572922706604
0.39864805340766907
0.3492191433906555
0.32733824849128723
0.3013961911201477
0.2830325663089752
0.24942311644554138
0.2334115207195282
0.2162272185087204
0.20814155042171478
0.18875505030155182
0.1818261742591858
0.1719205230474472
0.1564721018075943
0.14458240568637848
0.13837410509586334
0.13915228843688965
0.1294253170490265
0.12333640456199646
0.12490539997816086
0.11652256548404694
0.10997334122657776
0.1064809188246727
0.10245563089847565
0.09880843013525009
0.0991462916135788
0.09578403830528259
0.08425415307283401
0.09759204089641571
0.08338861167430878
0.08424219489097595
0.07936248183250427
0.08250804990530014
0.0758768767118454
0.07728882879018784
0.0739397183060646
0.07581693679094315
0.07129962742328644
0.0689580887556076
0.07149035483598709
0.07050339877605438
0.06925154477357864
0.06731628626585007
0.06648799031972885
0.06415890902280807
0.060806676745414734
0.06504617631435394
0.06451818346977234
0.06260591000318527
0.060394980013370514
0.06332048028707504
0.05515255406498909
0.057860925793647766
0.05703236162662506
0.059326451271772385
0.060095302760601044
0.05956602841615677
0.056759171187877655
0.056120339781045914
0.0542229562997818
0.06125636398792267
0.05346620827913284
0.05451131612062454
0.05389529466629028
0.05344424769282341
0.05500863492488861
0.055504314601421356
0.05576588213443756
0.04990924149751663
0.05372936651110649
0.049245432019233704
0.04958973079919815
0.047956451773643494
0.048453450202941895
0.051618948578834534
0.04992574080824852
0.05061577260494232
0.05232199653983116
0.04939372092485428
0.047095004469156265
0.04825648292899132
0.053819525986909866
0.04824499785900116
0.046198148280382156
0.04768829047679901
0.04283089190721512
0.04893912002444267
0.046719741076231
0.04513057321310043
0.044999461621046066
0.04611670970916748
0.04658824950456619
0.04402520880103111
0.043957777321338654
0.041686538606882095
0.04138054698705673
0.04280494898557663
0.04292028397321701
0.04045456647872925
0.040847018361091614
0.04398056119680405
0.04411657899618149
0.03997380658984184
0.04081112518906593
0.03992728888988495
0.04208478331565857
0.04538777098059654
0.04095351696014404
0.03860967978835106
0.03907822445034981
0.041448529809713364
0.03941044211387634
0.040915921330451965
0.039247870445251465
0.04405364394187927
0.042979300022125244
0.0430179163813591
0.03796220198273659
0.046861059963703156
0.04145285487174988
0.04211285710334778
0.04017523303627968
0.047058913856744766
0.03738093003630638
0.04479415342211723
0.040189228951931
0.04354756698012352
0.039609480649232864
0.04639817401766777
0.0421406589448452
0.03776457533240318
0.03872096538543701
0.040290333330631256
0.03683163598179817
0.03807887062430382
0.03740273416042328
0.03822461515665054
0.039466217160224915
0.036249831318855286
0.03896114602684975
0.03757114335894585
0.03556382656097412
0.03825095668435097
0.036004770547151566
0.03887986019253731
0.037409234791994095
0.038277026265859604
0.03663334250450134
0.03483375161886215
0.038331277668476105
0.03571489080786705
0.038063500076532364
0.03420179709792137
0.0361516997218132
0.03645581752061844
0.036492135375738144
0.03774462640285492
0.035021163523197174
0.03698355332016945
0.03606881946325302
0.03573168069124222
0.03463670238852501
0.037007495760917664
no squeeze
1.4979709386825562
0.6271581053733826
0.42115455865859985
0.33316221833229065
0.27315258979797363
0.22907006740570068
0.19533711671829224
0.17625190317630768
0.15830640494823456
0.1478370875120163
0.13832184672355652
0.12217061221599579
0.11011137068271637
0.10599230229854584
0.09810766577720642
0.08949688822031021
0.08618912845849991
0.0829976350069046
0.08078901469707489
0.07985289394855499
0.07280043512582779
0.07294938713312149
0.06390216946601868
0.06290607154369354
0.06273409724235535
0.05793686583638191
0.05350666493177414
0.054158322513103485
0.05341313034296036
0.05150587484240532
0.0507153645157814
0.047467190772295
0.055019088089466095
0.04686994105577469
0.04747677594423294
0.04458833485841751
0.040926337242126465
0.039157819002866745
0.03819151595234871
0.039439521729946136
0.03557885065674782
0.037467725574970245
0.03652072697877884
0.034892212599515915
0.036163706332445145
0.033927854150533676
0.033899612724781036
0.03864168003201485
0.034611910581588745
0.03473767265677452
0.031449057161808014
0.031890492886304855
0.03211168572306633
0.03265296295285225
0.028569253161549568
0.02860129624605179
0.028680624440312386
0.03335672616958618
0.032117124646902084
0.02900799922645092
0.025636011734604836
0.02831088937819004
0.02939905785024166
0.02584993466734886
0.029979746788740158
0.04050213098526001
0.02789328619837761
0.028188636526465416
0.023938046768307686
0.02421325072646141
0.02601797878742218
0.02371816523373127
0.023742442950606346
0.02426103502511978
0.02852107398211956
0.02178528532385826
0.026622379198670387
0.0221999604254961
0.02543172985315323
0.023980366066098213
0.025719398632645607
0.028009537607431412
0.02924799546599388
0.023828202858567238
0.021292520686984062
0.02573440782725811
0.025852099061012268
0.022075537592172623
0.021885761991143227
0.020441437140107155
0.024317583069205284
0.022736886516213417
0.024574607610702515
0.022533288225531578
0.02180982194840908
0.019546085968613625
0.021632079035043716
0.02166762389242649
0.01928112842142582
0.02019001916050911
0.0191703662276268
0.021119864657521248
0.019714193418622017
0.019787123426795006
0.020043421536684036
0.01989222690463066
0.01918950118124485
0.023111237213015556
0.021589186042547226
0.020662909373641014
0.018513457849621773
0.019463343545794487
0.019042814150452614
0.018636982887983322
0.0187491774559021
0.01910616084933281
0.017873356118798256
0.020355045795440674
0.02064908854663372
0.02037890814244747
0.019120674580335617
0.017173919826745987
0.019240254536271095
0.018112672492861748
0.018866145983338356
0.019119100645184517
0.018794335424900055
0.016113074496388435
0.01581667736172676
0.016238704323768616
0.0187651589512825
0.017481636255979538
0.018226755782961845
0.016989529132843018
0.017098231241106987
0.017177917063236237
0.020749911665916443
0.017403019592165947
0.018259882926940918
no squeeze
1.794555425643921
0.4811047613620758
0.29883068799972534
0.22267431020736694
0.22304807603359222
0.1786929965019226
0.1271411031484604
0.1496949940919876
0.22187016904354095
0.20239217579364777
0.14267294108867645
0.13110965490341187
0.18891111016273499
0.1628492921590805
0.12459997832775116
0.12589718401432037
0.11797290295362473
0.12067998200654984
0.11715813726186752
0.17814746499061584
0.11732011288404465
0.08675014972686768
0.16175252199172974
0.12235903739929199
0.11516215652227402
0.10618986189365387
0.10706520080566406
0.10592443495988846
0.13443690538406372
0.11284209787845612
0.1277538686990738
0.17552420496940613
