no squeeze
1.8461588621139526
0.5880228281021118
0.2528814971446991
0.11821958422660828
0.059377118945121765
0.032908011227846146
0.01877809315919876
0.014137218706309795
0.011169093661010265
0.008503195829689503
0.006681056693196297
0.00430142879486084
0.003516665892675519
0.0036239870823919773
0.002469189465045929
0.002834070473909378
0.0017729010432958603
0.0017412330489605665
0.0013638606760650873
0.0008914509089663625
0.0011075716465711594
0.000968748121522367
0.0007429248071275651
0.0008836511406116188
0.001099880668334663
0.0009158249013125896
0.0006105795037001371
0.0007476859609596431
0.0006958706071600318
0.00043598402407951653
0.0006356968660838902
0.0005852340254932642
0.0010073065059259534
0.0003267497813794762
0.0007410637335851789
0.00031292811036109924
0.0002869186573661864
0.000275711267022416
0.000279660482192412
0.00022532926232088357
0.00016883121861610562
0.00017215216939803213
0.0003563539357855916
0.0003225977416150272
0.00018551947141531855
0.00018848193576559424
0.00018122640904039145
0.000722754979506135
0.0001861044584074989
0.00048293356667272747
0.000505048839841038
no squeeze
1.8251938819885254
0.6116348505020142
0.341442734003067
0.2350665032863617
0.18345491588115692
0.14388060569763184
0.1329192966222763
0.09974591434001923
0.08830022811889648
0.07830897718667984
0.07339787483215332
0.07936368882656097
0.07013318687677383
0.07943616807460785
0.0668911337852478
0.0631253719329834
0.053898800164461136
0.06414778530597687
0.05739574134349823
0.06964530050754547
0.05140042304992676
0.05449759587645531
0.05309233069419861
0.04729549214243889
0.056586433202028275
0.05146455019712448
0.05277238413691521
0.04676432907581329
0.04389791563153267
0.04957273229956627
0.06080028787255287
0.040929969400167465
0.047797974199056625
0.039374519139528275
0.05076809972524643
0.048374783247709274
0.04249092936515808
0.048720456659793854
0.042183730751276016
0.03594516962766647
0.04974572733044624
0.04488176107406616
0.04030223190784454
0.04122903198003769
0.041811637580394745
0.04312628135085106
0.038040224462747574
0.046440016478300095
0.04762031510472298
0.042387086898088455
no squeeze
1.5554331541061401
0.6779059171676636
0.40445348620414734
0.2572748363018036
0.19137351214885712
0.15946845710277557
0.10322501510381699
0.07446234673261642
0.06237788125872612
0.05010378360748291
0.04135008901357651
0.07002077996730804
0.05073000490665436
0.030543252825737
0.019678695127367973
0.01763448864221573
0.015431016683578491
0.01569523848593235
0.01361914537847042
0.010163084603846073
0.009844277985394001
0.009307083673775196
0.009942805394530296
0.013578071258962154
0.009641577489674091
0.00655374675989151
0.005799683276563883
0.005108268465846777
0.005060138646513224
0.005309023428708315
0.005248543340712786
0.0050618406385183334
0.0038659023120999336
0.004717179108411074
0.003592140506953001
0.003627905622124672
0.004273094702512026
0.005607633385807276
0.00931696780025959
0.014007979072630405
0.007776912301778793
0.007640213705599308
0.00862440001219511
0.01127372682094574
0.008470039814710617
no squeeze
1.7770863771438599
0.9067671895027161
0.7332269549369812
0.6293705105781555
0.5375916361808777
0.4838588237762451
0.4264163672924042
0.389169305562973
0.3404390811920166
0.31137990951538086
0.2846645712852478
0.26666060090065
0.23794646561145782
0.2318626493215561
0.20852777361869812
0.19446547329425812
0.1845203936100006
0.174469992518425
0.16845522820949554
0.15496976673603058
0.1453637331724167
0.1386219561100006
0.13125643134117126
0.12302403897047043
0.11964352428913116
0.11544470489025116
0.10622557252645493
0.10607803612947464
0.10230755805969238
0.10599943995475769
0.093269944190979
0.09103148430585861
0.09081042557954788
0.08401902765035629
0.08286453783512115
0.08152946829795837
0.07872926443815231
0.0770171731710434
0.07728896290063858
0.07295677065849304
0.07513470202684402
0.0710580125451088
0.07248435169458389
0.07096228748559952
0.06799352169036865
0.06785540282726288
0.06725778430700302
0.06511715054512024
0.0658189132809639
0.06263406574726105
0.06408485770225525
0.057389650493860245
0.05928502604365349
0.060163047164678574
0.058337997645139694
0.05995871126651764
0.06080296263098717
0.053633883595466614
0.05997992679476738
0.05797222629189491
0.055136725306510925
0.05433434247970581
0.052419669926166534
0.053790315985679626
0.05121501535177231
0.05230586603283882
0.05279972031712532
0.05179169401526451
0.054998286068439484
0.05020897835493088
0.04658757150173187
0.04722054675221443
0.050163641571998596
0.04627782478928566
0.054725777357816696
0.04604692757129669
0.049826476722955704
0.04747333005070686
0.04820598289370537
0.0448380783200264
0.04330500215291977
0.047407615929841995
0.04858475551009178
0.044857632368803024
0.0428582988679409
0.043288178741931915
0.04300374537706375
0.044121067970991135
0.04508458077907562
0.040484845638275146
0.04254762455821037
0.04138120263814926
0.0425141304731369
0.04232634976506233
0.04137458652257919
0.04031089320778847
0.0420287549495697
0.04038242623209953
0.04298698529601097
0.039279837161302567
0.041413161903619766
0.038768719881772995
0.040527816861867905
0.0447918176651001
0.038156647235155106
0.041614972054958344
0.03839937597513199
0.03797229379415512
0.03748461976647377
0.038510095328092575
0.04130583256483078
0.0393059141933918
0.04320017248392105
0.03807980194687843
0.03606896102428436
0.037642426788806915
0.04337308555841446
0.03666834905743599
0.037098903208971024
0.03607447072863579
0.03588154911994934
0.037211377173662186
0.03916781395673752
0.0343264602124691
0.03632884845137596
0.03657286614179611
0.03551982715725899
0.0365627184510231
0.03612629696726799
0.03479593247175217
0.033949218690395355
0.03696202486753464
0.0372522696852684
0.03518195450305939
0.036096181720495224
0.03864585608243942
0.03460847958922386
0.03808192163705826
0.03754838556051254
0.035299479961395264
0.035187017172575
no squeeze
1.7944755554199219
0.7838354110717773
0.537804365158081
0.42421063780784607
0.3511875569820404
0.3003217577934265
0.24683541059494019
0.23200763761997223
0.19927915930747986
0.17172007262706757
0.16284379363059998
0.14832837879657745
0.13664454221725464
0.12069019675254822
0.11588513851165771
0.11152387410402298
0.09984223544597626
0.10353707522153854
0.09335216134786606
0.08959826827049255
0.09035975486040115
0.08295776695013046
0.0727098360657692
0.07722704857587814
0.06887117028236389
0.0752502828836441
0.07024455070495605
0.06743267923593521
0.06203606724739075
0.058217115700244904
0.05576285347342491
0.05673789978027344
0.05282489210367203
0.04964420571923256
0.050189245492219925
0.04703956097364426
0.04940639063715935
0.04746904596686363
0.04794110357761383
0.04209354147315025
0.04920041933655739
0.044389259070158005
0.04415442794561386
0.049018457531929016
0.046920813620090485
0.04294934868812561
0.040910232812166214
0.041427548974752426
0.037609126418828964
0.043325524777173996
0.0368674099445343
0.045698754489421844
0.04322578385472298
0.03647156059741974
0.037501491606235504
0.03480086848139763
0.03356338292360306
0.03264639154076576
0.03557289391756058
0.03162790462374687
0.03053482435643673
0.03242040425539017
0.033274147659540176
0.03118104487657547
0.02697533741593361
0.03082611970603466
0.026326661929488182
0.032266128808259964
0.029419735074043274
0.02801113948225975
0.026543010026216507
0.03149639815092087
0.027234764769673347
0.027073148638010025
0.025875424966216087
0.0288473479449749
0.028635133057832718
0.026583923026919365
0.027200568467378616
0.023307261988520622
0.025442328304052353
0.022887496277689934
0.02268822304904461
0.02541498653590679
0.024633612483739853
0.025312069803476334
0.030983084812760353
0.026044396683573723
0.029314914718270302
0.027915524318814278
0.027031445875763893
0.026863019913434982
0.02236057259142399
0.024414394050836563
0.02159959077835083
0.025377290323376656
0.037747133523225784
0.024939164519309998
0.023202737793326378
0.02221977710723877
0.02173074521124363
0.021207032725214958
0.02367365173995495
0.023468922823667526
0.025110403075814247
0.024919401854276657
0.02362099103629589
0.02088598720729351
0.02161959744989872
0.01966669410467148
0.01895134709775448
0.02089812234044075
0.02365696430206299
0.02258343994617462
0.02388365939259529
0.026320086792111397
0.023096639662981033
0.023618362843990326
0.026332369074225426
0.018106112256646156
0.017846163362264633
0.025853866711258888
0.02058524079620838
0.019061734899878502
0.019941864535212517
0.017956793308258057
0.019131576642394066
0.019376585260033607
0.01854225993156433
0.015848997980356216
0.01852681115269661
0.019087817519903183
0.01695333793759346
0.016379231587052345
0.016468193382024765
0.017879890277981758
0.016955658793449402
0.02027621492743492
0.02048649452626705
0.01593068428337574
no squeeze
1.578792691230774
0.48777705430984497
0.29298242926597595
0.21751950681209564
0.2051994800567627
0.21942463517189026
0.15192918479442596
0.13226249814033508
0.12592042982578278
0.15753023326396942
0.11591076850891113
0.15282760560512543
0.23481443524360657
0.17068392038345337
0.26915842294692993
0.11609712988138199
0.09498380869626999
0.13504324853420258
0.19214098155498505
0.14169670641422272
0.28357818722724915
0.1752718985080719
0.09435722231864929
0.08986742794513702
0.09144311398267746
0.11568749696016312
0.0789898931980133
0.1033531129360199
0.07821273058652878
0.09716901928186417
0.17316356301307678
0.15294529497623444
0.09886434674263
0.09613186120986938
0.18497519195079803
0.19082798063755035
0.11844735592603683
0.0952562689781189
0.09060030430555344
