no squeeze
635.302978515625
502.17132568359375
462.9236145019531
307.4157409667969
272.3994140625
180.89085388183594
166.81060791015625
129.96669006347656
123.114501953125
102.05851745605469
97.6616439819336
83.43434143066406
80.28118896484375
69.9168701171875
67.68069458007812
60.18152618408203
58.45500183105469
52.67007064819336
51.41736602783203
47.169612884521484
46.20600509643555
42.995460510253906
42.2691650390625
39.823577880859375
39.30965042114258
37.50621795654297
37.077842712402344
35.69291687011719
35.3979377746582
34.34253692626953
34.10327911376953
33.28864669799805
33.12519073486328
32.490692138671875
32.342018127441406
31.842796325683594
31.735307693481445
31.327028274536133
31.234777450561523
30.88789176940918
30.802753448486328
30.49630355834961
30.441665649414062
30.202573776245117
30.145421981811523
29.919490814208984
29.854665756225586
29.675540924072266
29.62786865234375
29.45307731628418
29.419069290161133
29.26062774658203
29.238697052001953
29.120380401611328
29.058359146118164
28.938302993774414
28.897480010986328
28.77690315246582
28.77964973449707
28.67469596862793
28.675609588623047
28.555850982666016
28.539703369140625
28.487510681152344
28.443279266357422
28.360998153686523
28.346345901489258
28.286975860595703
28.27127456665039
28.227581024169922
28.2071475982666
28.14969253540039
28.14740753173828
28.097393035888672
28.093679428100586
28.059282302856445
28.043092727661133
27.98258399963379
28.004695892333984
27.945026397705078
27.949787139892578
27.94569206237793
no squeeze
637.3031616210938
451.9447021484375
403.0472106933594
243.35354614257812
216.88856506347656
161.29107666015625
153.72149658203125
133.3047637939453
129.4429473876953
117.538330078125
115.04647064208984
107.03975677490234
105.27079010009766
99.50929260253906
98.24507904052734
94.03565216064453
93.08565521240234
89.95175170898438
89.23511505126953
86.84125518798828
86.3016586303711
84.47380065917969
84.05465698242188
82.60860443115234
82.28251647949219
81.16997528076172
80.88020324707031
79.95820617675781
79.72927856445312
78.98355865478516
78.81581115722656
78.19047546386719
78.04637145996094
77.5281982421875
77.39615631103516
76.95064544677734
76.83916473388672
76.44200897216797
76.35810852050781
76.05799865722656
75.95677185058594
75.6496353149414
75.59405517578125
75.32439422607422
75.26233673095703
75.0611572265625
74.99413299560547
74.80104064941406
74.75342559814453
74.60128021240234
74.55184936523438
74.41558837890625
74.370849609375
74.24697875976562
74.19383239746094
74.07780456542969
74.041015625
73.9483642578125
73.93811798095703
73.84657287597656
73.81991577148438
73.7444076538086
73.7193603515625
73.63526916503906
73.63006591796875
73.57296752929688
73.54535675048828
73.53115844726562
73.49840545654297
73.45491027832031
73.42369842529297
73.38595581054688
73.38854217529297
73.33806610107422
73.321533203125
73.29937744140625
73.299072265625
73.30220031738281
73.2880630493164
73.2371826171875
73.22528839111328
73.21431732177734
73.21227264404297
73.18365478515625
73.17570495605469
73.16699981689453
73.16834259033203
73.14498138427734
73.14159393310547
73.133544921875
73.13054656982422
73.13534545898438
73.11804962158203
73.15296173095703
73.1186294555664
73.13953399658203
no squeeze
635.7420043945312
495.9986267089844
454.62139892578125
295.5858459472656
261.7347717285156
181.8849639892578
170.68634033203125
141.49159240722656
136.04632568359375
118.72001647949219
114.92377471923828
101.72400665283203
98.60790252685547
87.39637756347656
84.673095703125
74.72482299804688
72.27428436279297
63.35808181762695
61.20351028442383
53.3131217956543
51.41681671142578
44.65386962890625
43.007301330566406
37.208892822265625
35.83899688720703
31.022092819213867
29.902385711669922
25.9697208404541
25.066160202026367
21.937543869018555
21.209129333496094
18.704113006591797
18.129953384399414
16.163232803344727
15.711712837219238
14.150115966796875
13.794318199157715
12.56188678741455
12.279336929321289
11.301679611206055
11.076790809631348
10.287858009338379
10.102301597595215
9.46983528137207
9.319047927856445
8.791289329528809
8.674415588378906
8.24702262878418
8.149091720581055
7.7994537353515625
7.7138166427612305
7.418734550476074
7.348852157592773
7.105182647705078
7.045709609985352
6.833261489868164
6.78452205657959
6.60621452331543
6.56329345703125
6.415582656860352
6.380490303039551
6.251949787139893
6.222195148468018
6.114953994750977
6.087343692779541
5.995758533477783
5.971749305725098
5.895200729370117
5.872975826263428
5.808313846588135
5.788708686828613
5.725131511688232
5.711153030395508
5.662015914916992
5.647768497467041
5.6039958000183105
5.591209888458252
5.550881385803223
5.541746616363525
5.505727291107178
5.497697830200195
5.466263771057129
5.457293510437012
5.432456016540527
5.425704479217529
5.400423526763916
5.3931355476379395
5.370149612426758
5.363467693328857
5.346364498138428
5.34039831161499
5.322090148925781
5.317018508911133
5.299288749694824
5.297382354736328
5.283949375152588
5.278010845184326
5.267337322235107
5.2622270584106445
5.247864246368408
5.244139671325684
5.232421398162842
5.233177185058594
5.2201995849609375
5.218589782714844
5.208428859710693
5.204809188842773
5.200559139251709
5.19495153427124
5.189277172088623
5.184647560119629
5.177238941192627
5.1735100746154785
5.168634414672852
5.164830684661865
5.156592845916748
5.15618371963501
5.149039268493652
5.150568008422852
5.146931171417236
5.146203994750977
5.1391520500183105
5.136568069458008
5.1350507736206055
5.130965232849121
5.1220831871032715
5.124205112457275
5.120891094207764
5.1217427253723145
5.115997314453125
5.1164231300354
5.1137824058532715
5.11419677734375
5.106847763061523
5.103172302246094
5.105096340179443
5.104009628295898
5.099124431610107
5.095421314239502
5.097018718719482
5.093388080596924
5.09112024307251
5.089211463928223
5.090671539306641
5.0893425941467285
5.084012508392334
5.0842976570129395
5.086453437805176
no squeeze
637.3919677734375
581.9949951171875
560.220458984375
441.3950500488281
405.8849792480469
289.253173828125
269.7835693359375
223.57943725585938
215.7054901123047
193.24293518066406
188.90280151367188
175.3694610595703
172.4137420654297
162.88455200195312
160.75111389160156
153.59164428710938
151.9480743408203
146.20887756347656
144.8306884765625
139.95571899414062
138.81161499023438
134.6087646484375
133.56536865234375
129.78993225097656
128.84405517578125
125.36315155029297
124.5136489868164
121.32948303222656
120.49134063720703
117.4826889038086
116.68424987792969
113.84215545654297
113.10391235351562
110.39828491210938
109.70867919921875
107.11483764648438
106.47706604003906
104.02256774902344
103.39292907714844
101.0867691040039
100.4880599975586
98.26940155029297
97.73030090332031
95.61475372314453
95.0635757446289
93.08417510986328
92.58139038085938
90.71826171875
90.23258972167969
88.427978515625
87.96450805664062
86.29761505126953
85.85889434814453
84.2415771484375
83.8557357788086
82.35761260986328
82.0032730102539
80.61891174316406
80.22103118896484
78.89584350585938
78.5720443725586
77.37911224365234
77.09125518798828
75.9411849975586
75.65815734863281
74.6291275024414
74.36637878417969
73.43839263916016
73.20126342773438
72.32784271240234
72.11370086669922
71.39552307128906
71.15686798095703
70.51000213623047
70.29180145263672
69.68971252441406
69.53699493408203
68.93351745605469
68.78739166259766
68.29692840576172
68.17071533203125
67.69795227050781
67.57933044433594
67.17803192138672
67.07064056396484
66.70436096191406
66.61100006103516
66.32166290283203
66.19705963134766
65.90241241455078
65.83462524414062
65.57852935791016
65.49352264404297
65.31631469726562
65.2352294921875
64.96029663085938
64.93804931640625
64.70801544189453
64.64892578125
64.47208404541016
64.46003723144531
64.32194519042969
64.2424545288086
64.07213592529297
64.03461456298828
63.90385818481445
63.882293701171875
63.738460540771484
63.715206146240234
63.59121322631836
63.55563735961914
63.47312545776367
63.410770416259766
63.336875915527344
63.298675537109375
63.210880279541016
63.18073272705078
63.11256408691406
63.107452392578125
63.063114166259766
62.9807014465332
62.975257873535156
62.92127990722656
62.83751678466797
62.816741943359375
62.78143310546875
62.729129791259766
62.68357467651367
62.66401290893555
62.64122009277344
62.621543884277344
62.56745147705078
62.540164947509766
62.525264739990234
62.469783782958984
62.46491241455078
62.42603302001953
62.391544342041016
62.37624740600586
62.330692291259766
62.3195686340332
62.285987854003906
62.30984115600586
62.30595397949219
no squeeze
634.7053833007812
510.4064025878906
476.8029479980469
351.4568176269531
322.6515808105469
238.11668395996094
223.45779418945312
185.5309295654297
179.01022338867188
160.08041381835938
156.3638458251953
144.8716583251953
142.464599609375
134.61813354492188
132.91114807128906
127.19134521484375
125.8814697265625
121.38819885253906
120.34913635253906
116.6850357055664
115.82949829101562
112.76549530029297
112.00354766845703
109.3147964477539
108.68862915039062
106.340576171875
105.75299835205078
103.65747833251953
103.13479614257812
101.27052307128906
100.8111343383789
99.14850616455078
98.72470092773438
97.21542358398438
96.8520736694336
95.53797912597656
95.22787475585938
94.05095672607422
93.74765014648438
92.7123794555664
92.4636459350586
91.52136993408203
91.28241729736328
90.48360443115234
90.25820922851562
89.53943634033203
89.35965728759766
88.68061065673828
88.55166625976562
88.01898956298828
87.82413482666016
87.26830291748047
87.14669799804688
86.69934844970703
86.5865478515625
86.15727996826172
86.05010223388672
85.69183349609375
85.5864028930664
85.24950408935547
85.18818664550781
84.82537841796875
84.7829818725586
84.55595397949219
84.43737030029297
84.19442749023438
84.1097412109375
83.90371704101562
83.83222198486328
83.63980865478516
83.58197784423828
83.39987182617188
83.36273956298828
83.1465072631836
83.1331558227539
82.9853744506836
82.92967224121094
82.77105712890625
82.72734069824219
82.60517883300781
82.56759643554688
82.49151611328125
82.41358947753906
82.32035827636719
82.27011108398438
82.17557525634766
82.14393615722656
82.03764343261719
82.0024642944336
81.9468002319336
81.93095397949219
81.78685760498047
81.81714630126953
81.81165313720703
no squeeze
636.8535766601562
315.07452392578125
272.15936279296875
201.1058807373047
193.31275939941406
175.37620544433594
172.58212280273438
165.85064697265625
164.822509765625
162.33778381347656
161.96278381347656
160.9340362548828
160.7646026611328
160.45301818847656
160.3639678955078
160.13946533203125
160.09483337402344
160.04786682128906
160.0003662109375
159.96913146972656
159.97720336914062
159.96914672851562
