no squeeze
16.474416732788086
3.5205612182617188
2.516798734664917
2.0600578784942627
1.362777829170227
1.1780422925949097
0.818796694278717
0.6753843426704407
0.5682799816131592
0.41723155975341797
0.3278251886367798
0.2586594223976135
0.1947460174560547
0.15213656425476074
0.14113092422485352
0.0985928475856781
0.144528329372406
0.17511269450187683
0.08702976256608963
0.09633471071720123
0.10632864385843277
0.05252167955040932
0.033269111067056656
0.04705208167433739
0.04126642644405365
0.037002287805080414
0.04741321876645088
0.02533920295536518
0.037011757493019104
0.014609773643314838
0.010792313143610954
0.13045953214168549
0.013483036309480667
0.010733597911894321
0.005471790209412575
0.008874107152223587
0.058711107820272446
0.037465669214725494
0.027099305763840675
0.028998520225286484
0.005410410463809967
0.01064162515103817
0.006147264502942562
0.005585663020610809
0.0061143143102526665
0.017549028620123863
0.00996493361890316
0.009929665364325047
0.009842896834015846
0.0062891761772334576
0.018131762742996216
no squeeze
14.870863914489746
3.9544827938079834
3.2945408821105957
2.8969857692718506
2.4760148525238037
1.9638903141021729
1.7769789695739746
1.6088144779205322
1.337498664855957
1.1844050884246826
1.257623314857483
1.1577388048171997
0.8801298141479492
0.7596985101699829
0.8174140453338623
0.8309601545333862
0.7829205989837646
0.681496798992157
0.7257096767425537
0.6623101234436035
0.7187744975090027
0.7805489301681519
0.6581322550773621
0.5427959561347961
0.5425801277160645
0.57822585105896
0.6191654205322266
0.6233215928077698
0.5775598287582397
0.5058964490890503
0.7196342945098877
0.5220188498497009
0.5526652336120605
0.48583757877349854
0.5076386332511902
0.5304738283157349
0.4556809365749359
0.4402785301208496
0.5845107436180115
0.7949663996696472
0.47929638624191284
0.4240577518939972
0.5583004355430603
0.5114553570747375
0.42350852489471436
0.5211708545684814
0.4458092153072357
0.480288565158844
0.4866850674152374
0.4697421193122864
0.48768797516822815
0.3995058238506317
0.43612512946128845
0.3888382315635681
0.6440286636352539
0.4773692786693573
0.3396182060241699
0.3419399857521057
0.38040605187416077
0.3736196458339691
0.37955835461616516
0.5412333011627197
0.4791167080402374
0.39852383732795715
0.3072659969329834
0.45876291394233704
0.47201672196388245
0.3767869472503662
0.3769574761390686
0.4006153643131256
0.478488564491272
0.33088749647140503
0.37594884634017944
0.34465283155441284
0.48308804631233215
no squeeze
24.98773193359375
6.6666765213012695
4.353680610656738
3.8212130069732666
4.459802627563477
3.3679568767547607
2.8071975708007812
2.9690158367156982
2.3666441440582275
2.5488100051879883
2.2032697200775146
1.9737699031829834
2.002319574356079
1.5462040901184082
1.4076162576675415
1.1950429677963257
1.2061808109283447
1.2418702840805054
1.7371482849121094
1.1005914211273193
1.0886951684951782
1.1754781007766724
0.764169454574585
0.6219596862792969
0.5759068131446838
0.7197011113166809
0.6717296838760376
0.5763583183288574
0.8670321106910706
1.214505672454834
0.552431583404541
0.4603540003299713
0.4773430824279785
0.49248969554901123
1.4429641962051392
0.7470529079437256
0.45249077677726746
0.3920528292655945
0.2360394150018692
0.6362524032592773
0.5631561279296875
0.5512674450874329
0.3416026532649994
0.8792438507080078
0.4915444552898407
0.6742573380470276
0.5506864786148071
0.5110527873039246
0.54045170545578
no squeeze
19.24567222595215
5.236117839813232
4.459539413452148
4.061933994293213
3.797417163848877
3.654390335083008
3.206516981124878
3.1217825412750244
3.1533100605010986
2.893523931503296
2.583590507507324
2.581974506378174
2.401125907897949
2.289956569671631
2.1482083797454834
2.204728126525879
2.004286050796509
1.8289527893066406
1.9074383974075317
1.8771657943725586
1.7545017004013062
1.6065226793289185
1.7309091091156006
1.5186519622802734
1.5423369407653809
1.4201363325119019
1.3097041845321655
1.3788434267044067
1.1833269596099854
1.1773386001586914
1.1773602962493896
1.228447437286377
1.1408002376556396
1.1548677682876587
1.0590535402297974
1.0155866146087646
0.8911604285240173
0.9423725008964539
0.946169376373291
0.8606534600257874
0.9358421564102173
0.9700044989585876
0.856539249420166
0.794558048248291
0.7666504383087158
0.7184972167015076
0.7488675117492676
0.6667156219482422
0.6791812777519226
0.7191237807273865
0.657810389995575
0.6562401652336121
0.5916429758071899
0.6310290098190308
0.6382192373275757
0.5864372849464417
0.5390722751617432
0.48726901412010193
0.5579001903533936
0.5502516627311707
0.5065207481384277
0.5462015867233276
0.5097916126251221
0.4676516652107239
0.5298010110855103
0.48814091086387634
0.5334972739219666
0.44130662083625793
0.4190250337123871
0.4486798346042633
0.37776979804039
0.40646031498908997
0.41446155309677124
0.4164735972881317
0.4546331465244293
0.37375226616859436
0.39238011837005615
0.34190651774406433
0.37617576122283936
0.3692631721496582
0.33798450231552124
0.3355267345905304
0.31444087624549866
0.3098551034927368
0.35795286297798157
0.34792935848236084
0.35151979327201843
0.36875319480895996
0.31142961978912354
0.31084081530570984
0.2750832140445709
0.31278684735298157
0.29155027866363525
0.27262064814567566
0.26027920842170715
0.3077121675014496
0.3308461010456085
0.2891639471054077
0.3096728026866913
0.2872799336910248
0.256210058927536
0.254129022359848
0.2538699507713318
0.24878224730491638
0.24553175270557404
0.27749940752983093
0.24903535842895508
0.25914812088012695
0.25431492924690247
0.24022090435028076
0.21504592895507812
0.2525366246700287
0.2290724217891693
0.2107672542333603
0.20434026420116425
0.2065022736787796
0.22090768814086914
0.24298341572284698
0.21828562021255493
0.26197549700737
0.20184694230556488
0.23357798159122467
0.213015615940094
0.2001921385526657
0.20870241522789001
0.2546897828578949
0.19059008359909058
0.2030726820230484
0.16843175888061523
0.17581279575824738
0.21647411584854126
0.24521976709365845
0.22074183821678162
0.2160598188638687
0.2315540611743927
0.19079695641994476
0.16093213856220245
0.1638769805431366
0.2223426252603531
0.19261173903942108
0.1769183874130249
0.20352314412593842
0.1907428801059723
0.16774895787239075
0.194749653339386
0.16491897404193878
0.19782277941703796
no squeeze
21.893598556518555
4.739390850067139
3.5562057495117188
3.047485828399658
2.82657527923584
2.7128562927246094
2.3266654014587402
2.122918128967285
2.1257386207580566
1.8592896461486816
1.7265269756317139
1.6096028089523315
1.4342761039733887
1.4482829570770264
1.3107905387878418
1.2724186182022095
1.1490892171859741
1.0350878238677979
1.130419135093689
0.9514978528022766
0.9754858613014221
1.008055329322815
0.8425837755203247
0.8257999420166016
0.8119338154792786
0.7534884810447693
0.7097252011299133
0.7977057099342346
0.6734870076179504
0.6900769472122192
0.6713260412216187
0.5921056866645813
0.8107054233551025
0.5403538942337036
0.6585490703582764
0.4874834716320038
0.5284202098846436
0.5586693286895752
0.505953848361969
0.47570082545280457
0.4569673538208008
0.5244518518447876
0.5530536770820618
0.5409659743309021
0.4599987268447876
0.45233115553855896
0.4388361871242523
0.41124776005744934
0.4185749888420105
0.4414767026901245
0.40666890144348145
0.39098188281059265
0.4188391864299774
0.5482246279716492
0.36810240149497986
0.3422359228134155
0.38303515315055847
0.39823779463768005
0.40068158507347107
0.3607439696788788
0.3941715657711029
0.3363732397556305
0.37461864948272705
0.41894710063934326
0.4004145860671997
0.31927698850631714
0.31640303134918213
0.2769165635108948
0.29105857014656067
0.2836480438709259
0.28189241886138916
0.2721000611782074
0.3126923143863678
0.2547483444213867
0.30560940504074097
0.26077938079833984
0.26834994554519653
0.2025064080953598
0.2766275107860565
0.24031391739845276
0.22922302782535553
0.27583861351013184
0.28737252950668335
0.40638452768325806
0.20427952706813812
0.2673974633216858
0.24905706942081451
0.2524435520172119
no squeeze
17.983701705932617
4.0461883544921875
3.291572093963623
3.3935983180999756
2.5237905979156494
1.7972412109375
2.4527230262756348
1.7991511821746826
1.9259110689163208
1.5859347581863403
1.9341111183166504
1.1443021297454834
1.591041922569275
1.5007798671722412
1.5180108547210693
1.7697957754135132
1.387184739112854
1.129341959953308
1.228007197380066
1.5778945684432983
1.3268201351165771
0.9140461683273315
1.5766955614089966
1.3710272312164307
0.8858322501182556
1.1623588800430298
1.316339135169983
0.8635748028755188
1.1909300088882446
1.5145268440246582
1.0967613458633423
0.9008645415306091
1.0203527212142944
1.1185195446014404
1.2372859716415405
1.7231694459915161
1.2419990301132202
0.9520737528800964
