no squeeze
32.346290588378906
7.947816371917725
3.8774678707122803
2.258761405944824
1.6518762111663818
1.3273653984069824
1.081346869468689
1.044130563735962
0.8178403973579407
0.6488555073738098
0.824349045753479
0.6774930357933044
0.5742400288581848
0.5920590758323669
0.5134787559509277
0.41619595885276794
0.5060970187187195
0.43413791060447693
0.44384631514549255
0.3501681089401245
0.42459556460380554
0.4778980016708374
0.44068557024002075
0.6333602070808411
0.5840157270431519
0.653423547744751
0.38679277896881104
0.4790971875190735
0.5063918828964233
0.518988847732544
no squeeze
28.689353942871094
7.397965908050537
4.1317338943481445
2.5555992126464844
2.199111223220825
1.641791582107544
1.2692406177520752
1.6464669704437256
1.3264724016189575
1.2488001585006714
1.2990180253982544
1.1193560361862183
1.2855640649795532
1.1392821073532104
1.1766103506088257
1.0488197803497314
1.1785428524017334
0.9961061477661133
0.9360126852989197
1.0865017175674438
0.878460168838501
0.8867779970169067
1.01779305934906
1.0253108739852905
0.8438289761543274
1.0109845399856567
0.856390118598938
0.8077385425567627
0.7575399279594421
0.8773022890090942
0.8412595391273499
0.9703126549720764
0.9495298862457275
0.7536309361457825
0.7424061298370361
0.8368367552757263
0.7691599130630493
0.8044389486312866
1.0064252614974976
1.0722477436065674
0.7866290211677551
0.8707785606384277
0.8716596961021423
0.7384967803955078
0.7387488484382629
0.8317946195602417
0.5846582055091858
0.7740708589553833
0.644481897354126
0.6023288369178772
0.6715587973594666
0.6412993669509888
0.6354381442070007
0.6607462167739868
0.7046884894371033
0.7903881669044495
0.9690088033676147
no squeeze
26.975116729736328
10.412388801574707
5.846035480499268
4.195889472961426
3.7997519969940186
2.443739652633667
2.8296000957489014
2.0224051475524902
1.5943975448608398
1.8499183654785156
1.169540286064148
1.3262300491333008
1.4379421472549438
0.968707799911499
0.9980787038803101
1.0698240995407104
1.403731346130371
0.7960162162780762
0.7097000479698181
0.6731285452842712
1.0449516773223877
0.6044594049453735
0.5870984792709351
0.4942345917224884
0.9735853672027588
1.1936537027359009
0.8207586407661438
0.636174738407135
0.28730708360671997
0.37708720564842224
0.6986204385757446
0.8851278424263
0.4636002480983734
0.24558119475841522
0.25451669096946716
0.25615644454956055
0.39806291460990906
0.2293359786272049
0.24337592720985413
0.20777185261249542
0.24015870690345764
0.5078933238983154
0.30647674202919006
0.2077581137418747
0.18420813977718353
0.14576537907123566
0.13546523451805115
0.1978299468755722
0.21704015135765076
0.1674938201904297
0.2375171035528183
0.32191401720046997
0.20281662046909332
0.16920112073421478
0.10414482653141022
0.09323661029338837
0.08992110192775726
0.15345498919487
0.1092308834195137
0.1654067039489746
0.21945247054100037
0.24319155514240265
0.2896219491958618
0.2176140397787094
0.29976290464401245
0.15865328907966614
0.13545198738574982
no squeeze
27.76433753967285
12.38099193572998
8.686429023742676
6.677078723907471
5.450749397277832
4.848239421844482
4.025505542755127
3.4875504970550537
3.266613721847534
2.851039171218872
2.9706881046295166
2.7018537521362305
2.427643299102783
2.467743396759033
2.454672336578369
2.1618289947509766
2.054236650466919
2.1339423656463623
2.0327324867248535
1.940169095993042
1.8643150329589844
1.861220359802246
1.803946614265442
1.7063608169555664
1.6361266374588013
1.6468628644943237
1.6904674768447876
1.6969045400619507
1.4953325986862183
1.4072847366333008
1.5587279796600342
1.4662220478057861
1.4562110900878906
1.3985459804534912
1.4050261974334717
1.3178578615188599
1.4957002401351929
1.3423490524291992
1.566857099533081
1.2539141178131104
1.2648905515670776
1.313083291053772
1.250610589981079
1.1681345701217651
1.1859982013702393
1.2375247478485107
1.2384346723556519
1.0229637622833252
1.055677890777588
1.028930902481079
1.0039989948272705
1.043854832649231
1.0046894550323486
1.0038985013961792
0.9683082699775696
1.0301097631454468
0.9406037926673889
0.8698628544807434
0.9361098408699036
0.909253716468811
0.872226357460022
0.8395808935165405
0.8092963695526123
0.836527943611145
0.7814962267875671
0.8648408055305481
0.7965949177742004
0.7885743379592896
0.7530668377876282
0.714249312877655
0.814439594745636
0.6795707941055298
0.8176930546760559
0.6932387948036194
0.6609100699424744
0.63088458776474
0.6470575332641602
0.6352497935295105
0.6744460463523865
0.5971745848655701
0.6083306670188904
0.6011251211166382
0.6601842641830444
0.6615652441978455
0.6176168918609619
0.5886046290397644
0.60991370677948
0.5918928384780884
0.590740978717804
0.5411493182182312
0.5240251421928406
0.5057809352874756
0.5768466591835022
0.5657222867012024
0.5018796324729919
0.4956282079219818
0.5271156430244446
0.49517351388931274
0.5211847424507141
0.4594476521015167
0.4705527126789093
0.5131891965866089
0.4616730511188507
0.4830639362335205
0.49804049730300903
0.4474407136440277
0.4462633430957794
0.44873046875
0.45382532477378845
0.42140907049179077
0.4430743157863617
0.410744309425354
0.5113277435302734
0.42949849367141724
0.44500505924224854
0.4863249659538269
0.575576901435852
0.4594886004924774
0.37790918350219727
0.4253970682621002
0.45167025923728943
0.4067195653915405
0.4111936390399933
0.40928301215171814
0.42402172088623047
0.3495994508266449
0.38245823979377747
0.43673571944236755
0.4276610016822815
0.3523333966732025
0.3822048604488373
0.41383975744247437
0.346758633852005
0.36448100209236145
0.3596177399158478
0.3393537402153015
0.3912784159183502
0.39797738194465637
0.3497721552848816
0.3674607574939728
0.31800204515457153
0.350603848695755
0.3626933693885803
0.31614264845848083
0.3342133164405823
0.33308145403862
0.35648778080940247
0.30074813961982727
0.30876603722572327
0.3376842439174652
0.30447492003440857
0.2950916886329651
0.2845209240913391
0.27621394395828247
0.30641746520996094
0.2984045445919037
0.27885738015174866
0.30425381660461426
0.3090776801109314
0.3400481939315796
0.34036967158317566
0.28488004207611084
0.283577561378479
0.2642492651939392
0.2804274260997772
0.29507285356521606
0.29325756430625916
0.2739078998565674
0.2779424488544464
0.2571620047092438
0.2655070424079895
0.22850781679153442
0.24354104697704315
0.24310481548309326
0.26366570591926575
0.2255047857761383
0.26282256841659546
0.2561264634132385
0.25511911511421204
0.24882031977176666
0.22240321338176727
0.2620689272880554
0.2299807369709015
0.2295011579990387
0.2528887987136841
0.21984942257404327
0.2554439604282379
0.22379302978515625
0.2315775603055954
0.24201366305351257
0.24389499425888062
0.23440660536289215
0.2239731103181839
0.22461827099323273
0.2059832215309143
0.22652123868465424
0.21598169207572937
0.2081223726272583
0.18457140028476715
0.23296059668064117
0.21347977221012115
0.20037008821964264
0.2181999832391739
0.18451504409313202
0.20069347321987152
0.23395340144634247
0.19510594010353088
0.19373902678489685
0.19798602163791656
0.18052934110164642
0.18163259327411652
0.20064999163150787
0.18472418189048767
0.18396152555942535
0.18205603957176208
0.16925472021102905
0.17790398001670837
0.16187740862369537
0.18460451066493988
0.17075130343437195
0.1733933538198471
0.1703040450811386
0.16831253468990326
0.16389299929141998
0.1940084844827652
0.1912454217672348
0.17018666863441467
0.1562020480632782
0.1441016048192978
0.1537092626094818
0.16469942033290863
0.1810351312160492
0.1626400649547577
0.15134745836257935
0.1681855171918869
0.1575274020433426
0.14876727759838104
0.15350796282291412
0.14458401501178741
no squeeze
27.930143356323242
10.082167625427246
6.677655220031738
4.652390003204346
3.8571689128875732
3.1967415809631348
2.8694310188293457
2.43135929107666
2.3193533420562744
2.2264606952667236
2.0182886123657227
1.8784703016281128
1.7196825742721558
1.5675584077835083
1.5074166059494019
1.4163475036621094
1.5835248231887817
1.2785512208938599
1.394275426864624
1.2707321643829346
1.2834248542785645
1.182986855506897
1.2061148881912231
1.0479942560195923
1.1302082538604736
1.080312728881836
1.0319145917892456
1.1513813734054565
1.0356804132461548
0.9972566962242126
1.0165196657180786
0.8694194555282593
0.8788858652114868
0.8526595234870911
1.0247207880020142
0.9088146686553955
0.9813470244407654
0.8048692941665649
0.7670229077339172
0.8194065093994141
0.7347143292427063
0.7144870162010193
0.8283188343048096
0.6738314032554626
0.850030779838562
0.7325774431228638
0.8139585256576538
0.7806545495986938
0.7262073159217834
0.7565444111824036
0.7566432952880859
0.6873472332954407
0.6543567180633545
0.6167730689048767
0.5969403982162476
0.6118573546409607
0.6632363200187683
0.6750784516334534
0.6784014701843262
0.665107786655426
0.6182982921600342
0.6525165438652039
0.6052850484848022
0.5491327047348022
0.49964192509651184
0.526155412197113
0.5543283820152283
0.49977433681488037
0.5319667458534241
0.5702871084213257
0.6513682007789612
0.5421611070632935
0.5428492426872253
0.6268974542617798
0.5396946668624878
no squeeze
18.55345916748047
6.103770732879639
4.0227580070495605
2.6349971294403076
2.655118465423584
2.0466322898864746
1.8526731729507446
2.5349762439727783
1.4212180376052856
1.9747542142868042
2.5351619720458984
1.5853568315505981
1.3995001316070557
1.7976664304733276
2.052337884902954
1.5215754508972168
1.5642021894454956
2.1436145305633545
1.2419947385787964
1.5446269512176514
1.1004765033721924
1.7168779373168945
1.6359572410583496
1.7129253149032593
1.9986422061920166
1.5707957744598389
1.084892749786377
1.2326804399490356
1.4077448844909668
0.9084340929985046
1.553759217262268
1.1995046138763428
1.0199192762374878
1.583643913269043
1.3587476015090942
1.2607624530792236
0.9410167336463928
0.9055338501930237
1.0523673295974731
1.192768931388855
1.10930597782135
0.9580956697463989
1.0990263223648071
0.7354821562767029
0.9823325872421265
0.757297694683075
1.2197914123535156
1.092621088027954
1.154476284980774
0.8560680747032166
1.2463937997817993
1.0832486152648926
0.9301126599311829
0.747637152671814
