no squeeze
44.13102340698242
9.871500968933105
6.531037330627441
5.052206516265869
3.5061275959014893
2.761597156524658
2.0141971111297607
1.8189679384231567
1.395888090133667
1.0243897438049316
0.9253408312797546
0.7274816036224365
0.7117277979850769
0.7337809801101685
1.0367896556854248
0.6779488921165466
0.5207819938659668
0.30141115188598633
0.5177701711654663
0.2379702776670456
0.16660960018634796
0.45117855072021484
0.26706793904304504
0.22361096739768982
0.1425301730632782
0.1902957409620285
0.1457241028547287
0.1632918268442154
0.12140167504549026
0.15961727499961853
0.5485614538192749
0.16074591875076294
0.2740582525730133
0.2298668771982193
0.2738216817378998
0.6769999265670776
0.27642911672592163
0.07234112918376923
0.008227644488215446
0.014140362851321697
0.008804668672382832
0.010482549667358398
0.04561752453446388
0.00863452348858118
0.016144204884767532
0.0037045518402010202
0.021085554733872414
0.033472150564193726
0.23413382470607758
0.008721512742340565
0.07723032683134079
0.005402890499681234
0.009509291499853134
0.01091260090470314
0.13725519180297852
0.14597749710083008
no squeeze
37.039730072021484
10.838768005371094
7.196637153625488
5.8538289070129395
5.3234100341796875
4.051852703094482
3.7219150066375732
3.5019209384918213
3.2634549140930176
2.5875742435455322
3.0690507888793945
3.1524670124053955
3.1708567142486572
1.73380708694458
2.598440170288086
2.6951744556427
2.8858911991119385
2.011061191558838
2.0819058418273926
2.5107932090759277
1.5074703693389893
1.9880452156066895
1.702314853668213
2.1182758808135986
1.690429449081421
1.8325470685958862
1.7095848321914673
1.6957571506500244
1.6916422843933105
1.638069987297058
1.3976796865463257
3.032716751098633
1.7799276113510132
1.8882927894592285
1.5077062845230103
1.8609163761138916
1.9812366962432861
1.6539216041564941
1.5428675413131714
1.305590271949768
2.058319091796875
1.5654127597808838
1.9897260665893555
1.4515541791915894
1.552085041999817
1.0161681175231934
1.2561581134796143
1.420719861984253
1.469504714012146
1.4833687543869019
1.4574309587478638
0.9857926964759827
1.3447325229644775
1.2786028385162354
1.3769965171813965
2.18851900100708
1.164818525314331
1.7146893739700317
1.2436256408691406
1.544404149055481
1.2088358402252197
1.4057986736297607
no squeeze
58.37623596191406
18.303375244140625
14.514780044555664
11.9186372756958
9.253876686096191
8.376173973083496
7.4182634353637695
7.416976451873779
6.143628120422363
5.673868179321289
6.15320348739624
5.152085304260254
5.532199382781982
3.941710948944092
4.054173469543457
3.6950008869171143
3.3766379356384277
4.033390522003174
4.358791828155518
4.0638532638549805
6.0543646812438965
5.873126029968262
6.1970038414001465
4.374508380889893
4.361395359039307
4.177417278289795
3.4866433143615723
no squeeze
62.98839569091797
16.50147819519043
13.129556655883789
11.956132888793945
10.293102264404297
10.056889533996582
8.615155220031738
8.158665657043457
7.292417049407959
6.845651626586914
6.4961676597595215
5.515172481536865
5.545297145843506
5.591409206390381
5.23436975479126
4.641603946685791
4.703999996185303
4.298763751983643
4.208491802215576
4.1134562492370605
3.7340147495269775
3.570377826690674
3.3988218307495117
3.6872479915618896
3.2310945987701416
3.398851156234741
3.0015885829925537
2.8881442546844482
3.0191988945007324
2.7534279823303223
2.7296247482299805
3.224889039993286
2.6553101539611816
2.9404776096343994
2.483311176300049
2.558410882949829
2.4537274837493896
2.544398546218872
2.1137516498565674
1.9479340314865112
2.1899256706237793
2.275693893432617
1.924668312072754
1.9878549575805664
2.1968398094177246
1.885300636291504
2.2051498889923096
1.9915376901626587
1.9303315877914429
2.190150022506714
1.7033891677856445
1.9696322679519653
1.822249412536621
1.9363573789596558
1.523255705833435
1.6195282936096191
1.7974841594696045
1.5843086242675781
1.5565154552459717
1.6548237800598145
1.7103112936019897
1.4674540758132935
1.5918545722961426
1.6989504098892212
1.3288317918777466
1.3293440341949463
1.286843180656433
1.6451125144958496
1.4806901216506958
1.485166072845459
1.1451760530471802
1.144104242324829
1.3095759153366089
1.206032156944275
1.2552162408828735
1.2457683086395264
1.3163506984710693
1.0495147705078125
1.0249552726745605
1.0709812641143799
1.3553651571273804
1.0760172605514526
1.1061058044433594
1.0962083339691162
0.91888028383255
0.9535427093505859
1.0568621158599854
1.1272300481796265
1.2311443090438843
0.886339545249939
1.0241343975067139
1.2247096300125122
1.0358448028564453
1.0050498247146606
0.8150756359100342
0.776218831539154
0.8105683922767639
0.7824106812477112
0.9157226085662842
1.0063908100128174
0.825110137462616
0.8468263149261475
0.9767516255378723
0.7554293274879456
0.9202366471290588
0.7428369522094727
0.7425544261932373
0.846291184425354
0.7361559271812439
0.7894524335861206
0.6424995064735413
0.6730456948280334
0.7191518545150757
0.7747703194618225
0.735427737236023
0.6563043594360352
0.6582375764846802
0.5983585715293884
0.685157835483551
0.620450496673584
0.6979653239250183
0.7014885544776917
0.6765086054801941
0.7374199628829956
0.6095356345176697
0.6592649817466736
0.5823045372962952
0.5324236750602722
0.5801043510437012
0.6544360518455505
0.5130488276481628
0.5356757640838623
0.5777235627174377
0.5339235067367554
0.5831707715988159
0.49150902032852173
0.5058889985084534
0.5949819087982178
0.5003805160522461
0.5036618709564209
0.5393097400665283
0.49371492862701416
0.489948570728302
0.5128509402275085
0.4530373215675354
0.49062108993530273
0.3895759582519531
0.5136192440986633
0.453438937664032
0.42312172055244446
0.46020492911338806
0.40475407242774963
0.4475162923336029
0.38178685307502747
0.5468133091926575
0.37836965918540955
0.4248373806476593
0.3716055154800415
0.3542666435241699
0.4349615275859833
0.42521291971206665
0.36699730157852173
0.41169431805610657
0.3523906469345093
0.42486026883125305
0.38236507773399353
0.31958115100860596
0.405074805021286
0.40768367052078247
0.4393308162689209
0.3696686923503876
0.3847658634185791
0.3238351047039032
0.3483322560787201
0.34789106249809265
0.35119232535362244
0.29921773076057434
0.3266617953777313
0.3276152014732361
0.3607630431652069
0.3252575397491455
0.28806376457214355
0.30465221405029297
0.25966349244117737
0.3158307373523712
0.27095210552215576
0.24832792580127716
0.2881217300891876
0.31665194034576416
0.2795632481575012
0.3140670955181122
0.2223787158727646
0.2625260055065155
0.22185344994068146
0.2314353585243225
0.2471977323293686
0.23547326028347015
0.22486889362335205
0.29447948932647705
0.25819897651672363
0.24457532167434692
0.2128065824508667
0.22971053421497345
0.22396981716156006
0.23374520242214203
0.2225314974784851
0.18720552325248718
0.2358310967683792
0.23567189276218414
0.24158357083797455
0.23695866763591766
0.22117412090301514
0.19700023531913757
0.18593183159828186
0.19393712282180786
0.1813596785068512
0.19369009137153625
0.18387675285339355
0.15975220501422882
0.21302059292793274
0.23604516685009003
0.16959062218666077
0.18884067237377167
0.15848003327846527
0.16807450354099274
0.20753133296966553
0.1495121568441391
0.15184324979782104
0.18694892525672913
0.15903466939926147
0.12973067164421082
0.15410281717777252
0.16238845884799957
0.16923457384109497
0.15793408453464508
0.16936475038528442
0.13052324950695038
0.1399364322423935
0.1521909385919571
0.1366720050573349
0.1550045758485794
no squeeze
48.262229919433594
14.26662826538086
9.694259643554688
7.921083927154541
7.750997066497803
6.098852157592773
5.491592884063721
5.019044399261475
4.622655868530273
4.579433917999268
3.8651387691497803
3.7256925106048584
3.4379727840423584
3.5438072681427
3.4278151988983154
3.2759556770324707
2.9583332538604736
2.9204750061035156
2.741720676422119
2.8136379718780518
2.714961528778076
2.667156219482422
2.37581205368042
2.3993782997131348
2.656309127807617
2.1640868186950684
2.1325318813323975
2.165677547454834
2.0058095455169678
2.318082094192505
1.9540995359420776
1.8178037405014038
1.9430676698684692
2.114790201187134
1.938051700592041
1.6834839582443237
1.776310682296753
2.021409749984741
1.41800057888031
1.5914756059646606
1.6974822282791138
1.5600481033325195
1.471418857574463
1.5429332256317139
1.7614163160324097
1.5037254095077515
1.3946642875671387
1.492026448249817
1.6403142213821411
1.3903076648712158
1.3488349914550781
1.306833028793335
1.250880241394043
1.6013065576553345
1.2952841520309448
1.2031079530715942
1.1462184190750122
1.1605473756790161
1.0720117092132568
1.3036818504333496
1.2329692840576172
1.292035698890686
1.3094338178634644
1.1472877264022827
1.1760143041610718
1.0473283529281616
1.2195671796798706
1.3780488967895508
1.1137112379074097
1.0087864398956299
0.948078989982605
1.2052451372146606
1.0422676801681519
1.0813981294631958
1.1593995094299316
1.0326430797576904
0.9613845348358154
0.9985510110855103
0.879097580909729
0.8591025471687317
0.9842910766601562
0.8780015110969543
0.8347166776657104
1.0807087421417236
0.9126874208450317
0.9316647052764893
0.8517924547195435
0.7525367736816406
0.7322797775268555
0.8011690378189087
0.8985682725906372
0.7623036503791809
0.9026175141334534
0.9185792803764343
0.8271778225898743
0.6980286836624146
0.7488560676574707
0.6931732296943665
0.6428117752075195
0.7144790887832642
0.6519680023193359
0.6992867588996887
0.7268508076667786
0.7254217863082886
0.9078950881958008
0.558191180229187
0.7287296056747437
0.6162613034248352
0.5508496761322021
0.7169214487075806
0.6358522772789001
0.6451311111450195
0.7924820780754089
0.5967817902565002
0.7700955271720886
0.567242443561554
0.6327100396156311
0.6204121112823486
0.6265809535980225
no squeeze
39.7043342590332
10.844216346740723
6.574250221252441
5.86589241027832
4.98421573638916
3.985258102416992
6.6613006591796875
5.67987585067749
3.3810198307037354
6.894214153289795
5.637821674346924
4.8458967208862305
4.3799543380737305
3.3975625038146973
5.266376972198486
5.094580173492432
4.3895463943481445
4.1330389976501465
3.4154837131500244
