no squeeze
11.096673965454102
3.235783100128174
1.6041514873504639
1.1285765171051025
0.8859292268753052
0.6967818737030029
0.6741517186164856
0.7189012765884399
0.7174248099327087
0.5697780251502991
0.6915538311004639
0.5087736248970032
0.5921236872673035
0.6239871382713318
0.9663264155387878
0.5128093361854553
0.5236563682556152
0.6284576058387756
0.5356175899505615
0.5370794534683228
0.5828480124473572
0.459694504737854
0.5053349733352661
0.6001238822937012
0.43767598271369934
0.5488312244415283
0.5074989795684814
0.7970594167709351
0.6986027956008911
0.44282904267311096
0.4012840688228607
0.4650305211544037
0.6879381537437439
0.5584433674812317
0.3736971616744995
0.4145369827747345
0.5202352404594421
0.402494341135025
0.4773799479007721
0.36580196022987366
0.4635095000267029
0.42407354712486267
0.6358325481414795
0.4403466582298279
0.4608875513076782
0.4808887243270874
0.4409089982509613
0.4972197711467743
0.3459746241569519
0.4463980495929718
0.45658111572265625
0.5735430717468262
0.4018186628818512
0.4454013705253601
0.4283474087715149
0.4496029317378998
0.483675479888916
0.5130155682563782
0.4056597054004669
no squeeze
11.148919105529785
3.039771318435669
1.648951530456543
1.2605011463165283
1.0458576679229736
0.9734786152839661
0.7397176027297974
0.7131322026252747
0.7533981204032898
0.6879016757011414
0.6036443114280701
0.6119269728660583
0.8114305734634399
0.6675240397453308
0.654945433139801
0.7098117470741272
0.7134063243865967
0.5073873400688171
0.5720561146736145
0.5573800802230835
0.6157978177070618
0.5717793107032776
0.6024132370948792
0.5771846175193787
0.5454472899436951
0.590610921382904
0.5453953742980957
0.6164054274559021
no squeeze
14.904656410217285
5.2982869148254395
3.4232993125915527
2.7446813583374023
2.2814409732818604
1.8198637962341309
1.650797724723816
1.4630401134490967
1.3185904026031494
2.0111935138702393
1.5809862613677979
1.1387078762054443
1.3022277355194092
1.887598991394043
1.3342586755752563
1.1378496885299683
1.2740322351455688
1.2332838773727417
1.0868487358093262
1.165536880493164
1.1896421909332275
1.1522125005722046
1.0861115455627441
0.9383211731910706
1.49827241897583
1.2664421796798706
0.9621656537055969
0.9090238213539124
1.4129245281219482
1.216744303703308
1.2185600996017456
0.9746264219284058
1.460960030555725
0.8258640170097351
0.9371955990791321
0.8392581939697266
1.5377352237701416
1.1995328664779663
0.9043529629707336
1.00860595703125
0.8137214183807373
0.8323078751564026
0.8850256204605103
0.9806340336799622
0.8029290437698364
1.3583852052688599
0.9275926947593689
0.9545606970787048
0.7870547771453857
0.7391089797019958
0.9307164549827576
0.7632709741592407
0.941901683807373
0.7405781149864197
0.9407693147659302
0.6445878744125366
0.5857968926429749
0.8081913590431213
0.5501302480697632
0.9448722004890442
0.6717650890350342
0.7880589962005615
0.5954561829566956
0.5437061190605164
0.7765794992446899
0.8002086877822876
0.5374462604522705
0.8658182621002197
0.7871142029762268
0.6695683002471924
1.3443752527236938
0.9446151256561279
1.0131186246871948
0.7930670976638794
0.6350677013397217
0.5676577687263489
0.8488681316375732
no squeeze
12.060473442077637
4.825777053833008
3.314434766769409
2.6268086433410645
2.0853867530822754
1.7378500699996948
1.5062555074691772
1.3434507846832275
1.2182291746139526
1.1439815759658813
1.0538500547409058
0.9042865633964539
0.8266621232032776
0.861578106880188
0.7851114869117737
0.7761191129684448
0.7516354918479919
0.6214065551757812
0.6562053561210632
0.6134500503540039
0.591129720211029
0.5961599349975586
0.5420308113098145
0.5156252980232239
0.5173735022544861
0.509019672870636
0.5250729322433472
0.5251548290252686
0.49290838837623596
0.4717552363872528
0.4649677872657776
0.4663872718811035
0.4873349964618683
0.4886784255504608
0.4648616909980774
0.42856544256210327
0.46485939621925354
0.44192391633987427
0.4502915143966675
0.5056139826774597
0.42936667799949646
0.48807623982429504
0.4199213683605194
0.43350085616111755
0.4000932574272156
0.4056970179080963
0.39425578713417053
0.39262843132019043
0.37643367052078247
0.42216193675994873
0.4087662100791931
0.3555945158004761
0.38553833961486816
0.36266472935676575
0.34835585951805115
0.3859145939350128
0.43347325921058655
0.37006503343582153
0.33630234003067017
0.38630253076553345
0.373571515083313
0.3344975411891937
0.3833695352077484
0.32972246408462524
0.32681936025619507
0.31409165263175964
0.29678553342819214
0.33792397379875183
0.3810872435569763
0.3286651372909546
0.34965577721595764
0.3217869997024536
0.2919859290122986
0.30788126587867737
0.27932852506637573
0.30754783749580383
0.29956793785095215
0.2882383167743683
0.29335957765579224
0.31694331765174866
0.2842232286930084
0.2908776104450226
0.29181554913520813
0.3342592418193817
0.30421182513237
no squeeze
14.914971351623535
4.8090925216674805
2.973536729812622
2.1061880588531494
1.6946542263031006
1.4816429615020752
1.1955912113189697
1.2307209968566895
1.1337693929672241
0.9879761934280396
0.9043772220611572
1.0455715656280518
0.8696492910385132
0.7725088000297546
0.7562997341156006
0.9835055470466614
0.7884054780006409
0.6748173832893372
0.7365305423736572
0.6885259747505188
0.6336746215820312
0.6221852898597717
0.5690468549728394
0.5917628407478333
0.6180295348167419
0.6433508396148682
0.5952693223953247
0.5717923641204834
0.5370235443115234
0.48696067929267883
0.4583730399608612
0.4807889461517334
0.5285875797271729
0.543605387210846
0.4914124608039856
0.47751662135124207
0.40911510586738586
0.4969548285007477
0.45686259865760803
0.4546949565410614
0.47569605708122253
0.48709288239479065
0.4248769283294678
0.5209660530090332
0.5079187154769897
0.40633031725883484
0.4833994209766388
0.45212942361831665
0.46137118339538574
0.40989840030670166
0.543071448802948
0.5574314594268799
0.4921022355556488
0.4804922938346863
0.43464136123657227
0.47719380259513855
no squeeze
8.453280448913574
2.016737699508667
1.0291751623153687
0.9302064776420593
1.4249131679534912
0.9892001748085022
0.9723076820373535
0.6654523611068726
0.6545326113700867
0.6326525807380676
0.9641786813735962
0.8031201958656311
0.7702851295471191
0.4572933316230774
0.6016591787338257
0.6046715974807739
0.690641462802887
0.4806930124759674
0.7462379932403564
0.8819215297698975
1.2162575721740723
0.4959365427494049
0.6263220310211182
0.9437351226806641
