no squeeze
6.922656536102295
0.4691452980041504
0.3185846507549286
0.1410454660654068
0.12478478997945786
0.09082751721143723
0.08583441376686096
0.07510863244533539
0.073671355843544
0.07026105374097824
0.06967777758836746
0.06864190101623535
0.06846778094768524
0.0679936558008194
0.06807336211204529
0.0677633136510849
0.06772933900356293
0.06743045896291733
0.06750515848398209
0.06781607866287231
no squeeze
6.541476726531982
0.7863783836364746
0.6625452041625977
0.4956209361553192
0.4790497422218323
0.442069411277771
0.4365081191062927
0.4230097830295563
0.4210817515850067
0.4141710102558136
0.41382020711898804
0.4099564552307129
0.40942323207855225
0.4100416600704193
0.4096815288066864
0.408774197101593
0.40723127126693726
0.4064948260784149
0.40830448269844055
0.40781673789024353
no squeeze
7.2441277503967285
1.1488261222839355
0.8573698401451111
0.381228506565094
0.3271580934524536
0.20856764912605286
0.19009220600128174
0.1400119960308075
0.13074810802936554
0.10366962105035782
0.09815024584531784
0.08053798228502274
0.07709674537181854
0.06574226170778275
0.06325569748878479
0.05487086623907089
0.052944667637348175
0.04710390418767929
0.045647066086530685
0.04083002358675003
0.039817314594984055
0.0358751080930233
0.035249028354883194
0.0325581394135952
0.03192239627242088
0.029834313318133354
0.02932780049741268
0.02768213115632534
0.027340462431311607
0.02604503184556961
0.02578895166516304
0.024705322459340096
0.024578791111707687
0.023707330226898193
0.02357672154903412
0.022967668250203133
0.022893181070685387
0.022212687879800797
0.02214731089770794
0.021682927384972572
0.02153666689991951
0.021257570013403893
0.021209849044680595
0.02089887484908104
0.020828502252697945
0.020499959588050842
0.02045651338994503
0.020263953134417534
0.020155400037765503
0.02010606974363327
0.020025935024023056
0.01982305198907852
0.019810067489743233
0.019688544794917107
0.01959857903420925
0.019569385796785355
0.019500086084008217
0.019373074173927307
0.019397152587771416
0.01927262358367443
0.019197432324290276
0.01916312612593174
0.019138716161251068
0.019031556323170662
0.019062386825680733
0.019089659675955772
no squeeze
7.503758907318115
3.2197630405426025
2.7683918476104736
1.8596609830856323
1.7237187623977661
1.3764947652816772
1.3169300556182861
1.1404228210449219
1.1050721406936646
0.996324896812439
0.97449791431427
0.9002128839492798
0.8846146464347839
0.8331438302993774
0.8238493800163269
0.7835597991943359
0.7750592827796936
0.7479745149612427
0.7411168813705444
0.7211102843284607
0.7156950235366821
0.6993610858917236
0.6952238082885742
0.6836472153663635
0.6792963743209839
0.6681311726570129
0.6640967130661011
0.6537459492683411
0.6507205963134766
0.6395102143287659
0.6364215016365051
0.6258718967437744
0.6231815218925476
0.615303635597229
0.6127746105194092
0.6017435789108276
0.6001048684120178
0.5914547443389893
0.5876847505569458
0.5787104368209839
0.576216459274292
0.5684290528297424
0.5655665993690491
0.5575535893440247
0.556108832359314
0.5502446889877319
0.5485585331916809
0.540195882320404
0.5392045378684998
0.5340093970298767
0.5310600399971008
0.5256809592247009
0.5228431224822998
0.5179275274276733
0.5169408917427063
0.5104681849479675
0.5095266699790955
0.5040217041969299
0.5040785074234009
0.4977318346500397
0.4965224862098694
0.49163565039634705
0.48917895555496216
0.48718222975730896
0.4836147725582123
0.4785856306552887
0.47703295946121216
0.4720938503742218
0.47027572989463806
0.46650686860084534
0.4670666754245758
0.4615536332130432
0.4601270854473114
0.4553607702255249
0.4541201889514923
0.44962549209594727
0.4476090371608734
0.4444730281829834
0.44372716546058655
0.43881770968437195
0.43849632143974304
0.43449515104293823
0.43305447697639465
0.42905882000923157
0.42816123366355896
0.42428871989250183
0.4240553081035614
0.419951856136322
0.4194267988204956
0.41448190808296204
0.41654691100120544
0.41276422142982483
0.40839818120002747
0.40610581636428833
0.40493500232696533
0.4005291163921356
0.39995890855789185
0.3970705270767212
0.39518019556999207
0.39240649342536926
0.3909466862678528
0.38788890838623047
0.38875895738601685
0.3859304189682007
0.38294756412506104
0.3790091276168823
0.37920451164245605
0.3757644295692444
0.37478500604629517
0.37329381704330444
0.37158089876174927
0.36976808309555054
0.36946773529052734
0.36670196056365967
0.3666796386241913
0.365041047334671
0.36366528272628784
0.36459314823150635
0.36401358246803284
0.36209800839424133
0.36090928316116333
0.360458642244339
0.3597698509693146
0.3607822060585022
0.3590347468852997
0.3577219843864441
0.3581412732601166
0.357706755399704
0.3576894700527191
0.3553403317928314
0.3544902503490448
0.35441190004348755
0.35622507333755493
0.3544330596923828
no squeeze
6.9513936042785645
1.2471827268600464
1.0502119064331055
0.744952380657196
0.7081955671310425
0.6171900033950806
0.6035360097885132
0.5593900680541992
0.5516014099121094
0.5288235545158386
0.5227673649787903
0.5062458515167236
0.5015138983726501
0.4908077120780945
0.4880037307739258
0.4793533682823181
0.4767085611820221
0.46928322315216064
0.4671947956085205
0.46155300736427307
0.46013057231903076
0.45462659001350403
0.4539809226989746
0.44971564412117004
0.44933751225471497
0.4448886811733246
0.4454004466533661
0.44102349877357483
0.44015586376190186
0.4380631744861603
0.43731045722961426
0.43433311581611633
0.43400508165359497
0.432672917842865
0.43150007724761963
0.42995670437812805
0.42987847328186035
0.4274187386035919
0.42686134576797485
0.4271216094493866
0.42661455273628235
0.4253770411014557
0.42559754848480225
0.42342594265937805
0.42285245656967163
0.42289599776268005
0.42227044701576233
0.4202979803085327
0.4203009307384491
0.4202995300292969
no squeeze
5.565241813659668
1.021104335784912
0.977110743522644
0.9241636991500854
0.9231936931610107
0.9217424988746643
0.9217243194580078
0.9222131967544556
0.9218491315841675
0.9226197004318237
