no squeeze
10.324570655822754
3.3277206420898438
2.1925246715545654
1.5183079242706299
0.9185343980789185
0.6153472661972046
0.4195513129234314
0.31121358275413513
0.16780370473861694
0.12139065563678741
0.1272210031747818
0.07651279121637344
0.05277758091688156
0.060347434133291245
0.05053217336535454
0.03021775558590889
0.03337985649704933
0.02752090059220791
0.028477968648076057
0.018050644546747208
0.017248528078198433
0.01189449429512024
0.005528205540031195
0.014904597774147987
0.007440549787133932
0.006095150951296091
0.009570177644491196
0.005676236469298601
0.009272380731999874
0.0033649380784481764
0.004798545502126217
0.018361669033765793
0.006695208605378866
0.008374463766813278
0.0017207469791173935
0.004761976655572653
0.005779513157904148
0.005284489132463932
0.0017407848499715328
0.003462381660938263
0.009393802843987942
0.01071943063288927
0.005098516121506691
0.0007040873169898987
0.011044571176171303
0.0016968300333246589
0.0012277817586436868
0.001304108533076942
0.0016888633836060762
0.0007015021401457489
0.005732719786465168
0.00310643226839602
0.0021145602222532034
0.0011878281366080046
0.008724993094801903
0.0363178625702858
0.10923376679420471
0.039483390748500824
0.11831152439117432
0.004514747299253941
no squeeze
11.040694236755371
3.5627329349517822
2.9637837409973145
2.3652877807617188
1.823418378829956
1.5013575553894043
1.4517401456832886
1.0970008373260498
0.9673601388931274
0.8498097062110901
0.7820196151733398
0.8947177529335022
0.5813923478126526
0.6130474805831909
0.5211023688316345
0.5509515404701233
0.44188040494918823
0.5195170640945435
0.4513591527938843
0.4450759291648865
0.6525800824165344
0.45421093702316284
0.4114280641078949
0.4293033480644226
0.40516483783721924
0.44540295004844666
0.4419209361076355
0.3667210340499878
0.35152295231819153
0.34000614285469055
0.39412766695022583
0.48604854941368103
0.331235408782959
0.41792911291122437
0.4070994257926941
0.35840731859207153
0.43593829870224
0.44313931465148926
0.8292645812034607
0.38020285964012146
0.4522797763347626
0.4508187472820282
0.3390795886516571
no squeeze
15.573165893554688
5.220951557159424
3.6400487422943115
3.2448995113372803
3.017550230026245
2.5129740238189697
2.2055280208587646
2.368655204772949
1.7946687936782837
1.638628363609314
1.5940948724746704
2.07550311088562
1.6423063278198242
1.0343588590621948
0.6754773259162903
0.6142887473106384
0.7082344889640808
0.7631719708442688
0.5799052715301514
0.4376910924911499
0.5675680637359619
0.35840970277786255
0.2957126200199127
0.29759883880615234
0.3401198983192444
0.2507711946964264
0.23194757103919983
0.35256388783454895
0.4295668601989746
0.26314789056777954
0.3047873377799988
0.39219579100608826
0.3107227087020874
0.4912465214729309
0.22429104149341583
0.1722119003534317
0.24683327972888947
0.35371115803718567
0.1855681836605072
0.12591110169887543
0.18822869658470154
0.15101498365402222
0.24652129411697388
0.12520170211791992
0.4891570508480072
0.1677454262971878
0.12074391543865204
0.11560434103012085
0.18610215187072754
0.14673243463039398
0.1374705284833908
0.0718224048614502
0.06802666932344437
0.0757443755865097
0.09129753708839417
0.10648161172866821
0.1097535490989685
0.07468258589506149
0.10932447761297226
0.0812714695930481
0.0833691880106926
0.04934171959757805
0.040170393884181976
0.03779376298189163
0.04830291494727135
0.232011616230011
0.3455471396446228
0.05199434980750084
0.05597124621272087
0.05728132650256157
0.043991170823574066
0.03980032354593277
0.03765151649713516
0.0416327528655529
0.03613445162773132
0.0528206005692482
0.12353609502315521
0.21656398475170135
0.26660045981407166
0.06891108304262161
0.04054674878716469
0.09664849191904068
0.11585573852062225
0.14593559503555298
0.20935028791427612
no squeeze
15.146493911743164
4.433228492736816
3.8649747371673584
3.5146172046661377
3.2769970893859863
3.088475465774536
2.8461756706237793
2.7007393836975098
2.4296655654907227
2.318345308303833
2.2194018363952637
2.1079905033111572
2.0670716762542725
1.8906135559082031
1.7793166637420654
1.6799489259719849
1.623037338256836
1.532301664352417
1.4838664531707764
1.399254322052002
1.3813868761062622
1.276087760925293
1.2901482582092285
1.2092069387435913
1.0903360843658447
1.063751220703125
0.9860579371452332
0.9370905756950378
0.9190238118171692
0.9515246152877808
0.9004720449447632
0.7998459339141846
0.7742671966552734
0.7732749581336975
0.7833262085914612
0.7197710275650024
0.6777355074882507
0.7143961191177368
0.6616312265396118
0.6025197505950928
0.6496108174324036
0.5555784702301025
0.5835757255554199
0.5153438448905945
0.5282944440841675
0.498288094997406
0.5307251811027527
0.6056755781173706
0.4269101619720459
0.4776594936847687
0.44090116024017334
0.4526868164539337
0.45930078625679016
0.5002936720848083
0.4417164921760559
0.43065738677978516
0.441115140914917
0.4026809632778168
0.4134284257888794
0.44239455461502075
0.42813119292259216
0.35450541973114014
0.35322141647338867
0.34346479177474976
0.3284103572368622
0.29060399532318115
0.35242006182670593
0.3401874601840973
0.3663146495819092
0.3280734717845917
0.3028988540172577
0.30013927817344666
0.303969144821167
0.27765148878097534
0.27257630228996277
0.26747989654541016
0.2766556739807129
0.2736487090587616
0.29443374276161194
0.29383447766304016
0.29569074511528015
0.2577921748161316
0.23499608039855957
0.3001721501350403
0.25581616163253784
0.22050349414348602
0.27212634682655334
0.21408279240131378
0.2538536489009857
0.25877225399017334
0.237529456615448
0.24016407132148743
0.2247227281332016
0.21939785778522491
0.24890558421611786
0.21826358139514923
0.20972120761871338
0.2305443286895752
0.20856685936450958
0.21673741936683655
0.2508769929409027
0.2420370727777481
0.19864562153816223
0.19133321940898895
0.21099375188350677
0.2451869398355484
0.20982645452022552
0.2123415321111679
0.2376488298177719
0.1818331927061081
0.24682597815990448
0.21087099611759186
0.19432462751865387
0.21252797544002533
0.17080779373645782
0.1811610758304596
0.20849604904651642
0.17813993990421295
0.1714787632226944
0.18371619284152985
0.19869928061962128
0.19015741348266602
0.1720086932182312
0.1756938397884369
0.17680726945400238
no squeeze
11.555938720703125
3.932673454284668
3.1162431240081787
2.9015793800354004
2.3476932048797607
2.1862847805023193
1.8776295185089111
1.7623341083526611
1.6272368431091309
1.430984377861023
1.4722784757614136
1.2278563976287842
1.1235947608947754
1.1159168481826782
1.1024792194366455
0.9737409353256226
0.8504804968833923
0.8142265677452087
0.8159686923027039
0.7875887155532837
0.7792704105377197
0.7597748637199402
0.6226720213890076
0.6474903225898743
0.5593976378440857
0.5458592772483826
0.5990108251571655
0.5235674381256104
0.5701345801353455
0.49950358271598816
0.4618849754333496
0.4998236298561096
0.4196084141731262
0.5142119526863098
0.44676247239112854
0.3725792169570923
0.3480827510356903
0.38136589527130127
0.3749890625476837
0.33718159794807434
0.38702040910720825
0.3711155652999878
0.37481722235679626
0.3530794382095337
0.35540738701820374
0.33237677812576294
0.29701918363571167
0.2716384828090668
0.2919078767299652
0.32127708196640015
0.39999890327453613
0.31653398275375366
0.33601635694503784
0.2642571032047272
0.3039493262767792
0.2707604169845581
0.27056145668029785
0.22794827818870544
0.2767910957336426
0.2732550799846649
0.2312960922718048
0.23235930502414703
0.18873034417629242
0.23121623694896698
0.22843167185783386
0.21458974480628967
0.2114993780851364
0.2096412479877472
0.19741296768188477
0.21694354712963104
0.18962565064430237
0.21077463030815125
0.21384848654270172
no squeeze
8.845160484313965
2.893528699874878
2.251821994781494
1.6174007654190063
1.3555717468261719
1.4137834310531616
1.184357762336731
1.1649419069290161
1.4335447549819946
0.7896835803985596
1.1026679277420044
0.919784426689148
1.405333161354065
0.8000035881996155
0.8839964270591736
1.0321626663208008
0.841072678565979
0.8668531179428101
0.540618896484375
0.7679065465927124
0.9454370737075806
0.720768392086029
0.5661199688911438
0.5527777075767517
0.795724630355835
0.675391435623169
1.3663994073867798
1.1056562662124634
0.5828295350074768
