no squeeze
2.5024161338806152
0.6851859092712402
0.3305922746658325
0.1409832239151001
0.06851039081811905
0.03023723140358925
0.017460545524954796
0.010810724459588528
0.007250220514833927
0.005325765814632177
0.003072803607210517
0.0019287653267383575
0.002168940380215645
0.0021786782890558243
0.0009073956753127277
0.0008625902119092643
0.0007232716307044029
0.001036128494888544
0.0007838640594854951
0.0003310202155262232
0.0004086215340066701
0.0004414067370817065
0.000325105560477823
0.00044287252239882946
0.00026084462297149
0.00017147116886917502
0.0005013983463868499
0.00039285499951802194
0.00016462003986816853
0.000288676586933434
0.00010502900840947405
8.696668373886496e-05
0.00012876470282208174
0.0002632500836625695
9.318995580542833e-05
0.00015256945334840566
0.00010622484842315316
0.0002772924199234694
0.00021600282343570143
0.0001712367811705917
0.0004651616036426276
0.00025564272073097527
no squeeze
1.719382882118225
0.6618018746376038
0.44981834292411804
0.29436609148979187
0.21834447979927063
0.17655742168426514
0.14908695220947266
0.1384824514389038
0.11021922528743744
0.10776074230670929
0.0883750393986702
0.10539636760950089
0.09952811896800995
0.10469242185354233
0.07978562265634537
0.0977373942732811
0.08051460236310959
0.09648271650075912
0.07899226248264313
0.07139016687870026
0.07512662559747696
0.08475296944379807
0.06633500009775162
0.07269957661628723
0.08161569386720657
0.06742987781763077
0.08184586465358734
0.0841762125492096
0.07342823594808578
0.0698041021823883
0.06280369311571121
0.0672287717461586
0.08112185448408127
0.08377442508935928
0.0695490837097168
0.06769146025180817
0.05890961363911629
0.08588172495365143
0.08356687426567078
0.06550214439630508
0.06255392730236053
0.06747353821992874
0.060812100768089294
0.06145482137799263
0.05933111906051636
0.054200347512960434
0.05988248065114021
0.05641954764723778
0.06591317802667618
0.0649377852678299
0.056859537959098816
0.054516542702913284
0.05653530731797218
0.06165526062250137
0.052657369524240494
0.07091022282838821
0.06832151114940643
0.05514530837535858
0.07121865451335907
0.04762778431177139
0.06409415602684021
0.0604875423014164
0.06121589615941048
0.06265990436077118
0.04825484752655029
0.06011933833360672
0.07916461676359177
0.062032513320446014
0.059002261608839035
0.061960313469171524
no squeeze
2.0427663326263428
1.080178141593933
0.813484787940979
0.5809471011161804
0.3906373679637909
0.2856205999851227
0.20919346809387207
0.14409716427326202
0.12398657947778702
0.10959272086620331
0.09487064182758331
0.06425439566373825
0.05995389446616173
0.04918738082051277
0.041801586747169495
0.03413413092494011
0.03705978021025658
0.0379183366894722
0.02066037617623806
0.02605195716023445
0.027300508692860603
0.0206906758248806
0.01782344840466976
0.03571633622050285
0.01371401734650135
0.008448317646980286
0.01764230988919735
0.008431723341345787
0.006824972573667765
0.006468099541962147
0.007170611992478371
0.005850194953382015
0.004325243178755045
0.003747345181182027
0.007519914768636227
0.0030521308071911335
0.00293558556586504
0.003003999125212431
0.003131033619865775
0.0026267364155501127
0.00403817230835557
0.003975933417677879
0.0029390158597379923
0.002509886398911476
0.00475246412679553
0.007999809458851814
0.0037480138707906008
0.02145044133067131
0.0038675619289278984
0.0033150771632790565
0.002924672095105052
0.003006493439897895
0.012037067674100399
0.013881022110581398
no squeeze
1.979262113571167
1.032408595085144
0.8717092275619507
0.7621731162071228
0.6695662140846252
0.6259586215019226
0.547328770160675
0.5071552395820618
0.46056973934173584
0.4074399173259735
0.38101261854171753
0.34600359201431274
0.3121766448020935
0.28899821639060974
0.27966129779815674
0.2644060552120209
0.2587401568889618
0.23062396049499512
0.21517416834831238
0.2118072807788849
0.2071659117937088
0.1869320422410965
0.17361655831336975
0.16233563423156738
0.1580018699169159
0.16205428540706635
0.15408283472061157
0.14338770508766174
0.135533407330513
0.12142433971166611
0.1299407035112381
0.11821922659873962
0.1052083820104599
0.11773690581321716
0.10189462453126907
0.10460011661052704
0.09776551276445389
0.09829831123352051
0.09366147965192795
0.09144609421491623
0.09547331184148788
0.09101143479347229
0.09137742221355438
0.08055709302425385
0.08904954046010971
0.08454108238220215
0.08248431980609894
0.08024681359529495
0.07704104483127594
0.07385441660881042
0.07769561558961868
0.07504966109991074
0.06710506230592728
0.07270912826061249
0.07287322729825974
0.0698157250881195
0.06756560504436493
0.07059787213802338
0.07245344668626785
0.06494927406311035
0.06994986534118652
0.06517516076564789
0.06311643868684769
0.06014736741781235
0.06366866827011108
0.06124386191368103
0.05938910320401192
0.06179513409733772
0.059264492243528366
0.06187758967280388
0.05890173837542534
0.057787809520959854
0.05905415117740631
0.06346654146909714
0.06083201617002487
0.06229056790471077
0.0590314045548439
0.05993787944316864
0.05561843514442444
0.05158473178744316
0.051424626260995865
0.05084114894270897
0.05287688225507736
0.0567224845290184
0.05704902112483978
0.053267065435647964
0.04866478219628334
0.05308046564459801
0.05278822034597397
0.05360919237136841
0.04734155163168907
0.050123151391744614
0.052265726029872894
0.0519573949277401
0.04896403104066849
0.050843581557273865
0.052244216203689575
0.04786575958132744
0.04442233219742775
0.04691801965236664
0.05177413299679756
0.04827860742807388
0.04761117696762085
0.04864124953746796
0.048044778406620026
0.048679646104574203
0.048431217670440674
0.050299711525440216
0.047857027500867844
no squeeze
2.3365225791931152
0.9652306437492371
0.7184653878211975
0.5690065622329712
0.4736170172691345
0.3748372495174408
0.3298635482788086
0.2809469997882843
0.2592529058456421
0.22874872386455536
0.21094250679016113
0.1976107954978943
0.17698587477207184
0.16171994805335999
0.16296522319316864
0.1528414785861969
0.14819379150867462
0.1261981725692749
0.12649334967136383
0.11195386946201324
0.10723570734262466
0.10578810423612595
0.09743988513946533
0.09095646440982819
0.09628033638000488
0.08428262174129486
0.08819256722927094
0.0859483927488327
0.09127028286457062
0.09030894935131073
0.07364404946565628
0.08249442279338837
0.0700439065694809
0.07017059624195099
0.061751317232847214
0.06427279114723206
0.06651894003152847
0.05987745150923729
0.06240099295973778
0.0635024681687355
0.06449981778860092
0.05654868856072426
0.057607680559158325
0.06061708182096481
0.06207275390625
0.05714625120162964
0.05445975065231323
0.058112937957048416
0.059460099786520004
0.0520269051194191
0.05556891858577728
0.04698962718248367
0.06154085695743561
0.05223258212208748
0.04574114829301834
0.04611452296376228
0.05066904053092003
0.04508030787110329
0.050263065844774246
0.04266512393951416
0.04751468077301979
0.044513970613479614
0.0432901456952095
0.03798319399356842
0.0473448745906353
0.04699617624282837
0.03733876720070839
0.04252844676375389
0.042942650616168976
0.04156816378235817
0.03803132846951485
0.03711312636733055
0.03659050539135933
0.04009957239031792
0.04064522311091423
0.04134036600589752
0.03758121281862259
0.044421371072530746
0.03874815255403519
0.0358462892472744
0.035903967916965485
0.03390355408191681
0.03822660818696022
0.034665871411561966
0.042161453515291214
0.033908359706401825
0.03705994784832001
0.03565216809511185
0.03081986866891384
0.03671535849571228
0.03003138117492199
0.03185272216796875
0.029195791110396385
0.031176406890153885
0.030834633857011795
0.03520834445953369
0.03365134820342064
0.030626745894551277
0.03423493728041649
0.033152177929878235
0.029076294973492622
0.03453550860285759
0.031687360256910324
0.030460627749562263
0.031008686870336533
0.030264830216765404
0.04002651572227478
0.027624575421214104
0.029580242931842804
0.02561056986451149
0.02702677622437477
0.02934415265917778
0.026365332305431366
0.024805398657917976
0.027911517769098282
0.025209687650203705
0.029479149729013443
0.03914787247776985
0.025848133489489555
0.029785985127091408
0.030520683154463768
0.027550604194402695
0.02755296416580677
0.031067974865436554
no squeeze
1.6097629070281982
0.7186656594276428
0.45754721760749817
0.2557973861694336
0.259946346282959
0.17463599145412445
0.30734243988990784
0.19678804278373718
0.23021791875362396
0.17933376133441925
0.15546274185180664
0.21006132662296295
0.1557508111000061
0.19032856822013855
0.10875288397073746
0.21049974858760834
0.21341519057750702
0.0966489166021347
0.1121157854795456
0.20503363013267517
0.14446526765823364
0.12826396524906158
0.22045396268367767
0.1505451202392578
0.150438129901886
0.12801362574100494
0.12564925849437714
0.10070524364709854
