no squeeze
44.215797424316406
11.78081226348877
9.32006549835205
5.331567287445068
4.807065010070801
3.5217134952545166
3.313553810119629
2.7615408897399902
2.6685831546783447
2.41872239112854
2.3785972595214844
2.2527050971984863
2.2290120124816895
2.1612627506256104
2.1461281776428223
2.106294870376587
2.0971996784210205
2.067444324493408
2.065115451812744
2.046431303024292
2.0423452854156494
2.026838541030884
2.0246031284332275
2.0160152912139893
2.0153377056121826
2.0139870643615723
2.009758949279785
2.007732391357422
2.007951498031616
2.006269693374634
2.0069665908813477
2.003704786300659
2.0025086402893066
1.998739242553711
1.999603271484375
2.0006325244903564
no squeeze
44.46153259277344
10.410785675048828
8.542708396911621
5.12769889831543
4.661135196685791
3.5084502696990967
3.3244640827178955
2.854705572128296
2.779653310775757
2.586226224899292
2.552488088607788
2.4643197059631348
2.451021432876587
2.4104509353637695
2.4030392169952393
2.3827896118164062
2.378281593322754
2.3665263652801514
2.3689613342285156
2.3611409664154053
2.356933832168579
2.3564867973327637
2.3561153411865234
2.352499485015869
2.351317882537842
2.356097936630249
2.3517918586730957
2.3486855030059814
2.3496530055999756
2.3486945629119873
no squeeze
46.42213439941406
12.112486839294434
9.246886253356934
4.325121879577637
3.796454429626465
2.5053441524505615
2.2864596843719482
1.664717674255371
1.5445905923843384
1.1803569793701172
1.1054461002349854
0.8708433508872986
0.8214438557624817
0.6657630801200867
0.6322401165962219
0.5268728733062744
0.5047455430030823
0.4337412714958191
0.4187167286872864
0.3708641529083252
0.3606150150299072
0.3286623954772949
0.3217793405056
0.2987649142742157
0.29401296377182007
0.278424471616745
0.27465948462486267
0.263482004404068
0.26067405939102173
0.2517784833908081
0.24964870512485504
0.2428959459066391
0.24132081866264343
0.23601175844669342
0.23487484455108643
0.2300782948732376
0.22928152978420258
0.22589357197284698
0.22475111484527588
0.22177208960056305
0.22100235521793365
0.2184971123933792
0.21804240345954895
0.215878427028656
0.2151515781879425
0.21336151659488678
0.2129593938589096
0.21114715933799744
0.21073947846889496
0.2093861848115921
0.2089184820652008
0.2075505256652832
0.20723076164722443
0.2062501609325409
0.20569616556167603
0.2046271413564682
0.20439675450325012
0.20319902896881104
0.20305638015270233
0.20220957696437836
0.20193305611610413
0.2012925148010254
0.2012183517217636
0.20009995996952057
0.19996164739131927
0.19922493398189545
0.19914309680461884
0.19857408106327057
0.1983346939086914
0.1981918066740036
0.1980442851781845
0.19729170203208923
0.19700126349925995
0.19679631292819977
0.19679376482963562
0.19619306921958923
0.19607774913311005
0.19554714858531952
0.19542723894119263
0.19551455974578857
0.19511403143405914
0.1946592777967453
0.19484609365463257
0.1945793777704239
0.1945429891347885
0.19425110518932343
0.19389361143112183
0.19386491179466248
0.19388948380947113
0.1938546746969223
0.193467378616333
0.1932857632637024
0.1933552324771881
0.19339381158351898
no squeeze
46.328453063964844
30.127614974975586
26.281009674072266
16.871437072753906
15.703651428222656
12.897723197937012
12.427302360534668
11.076802253723145
10.804004669189453
9.938565254211426
9.763721466064453
9.182292938232422
9.044034004211426
8.612006187438965
8.517778396606445
8.21058177947998
8.124539375305176
7.8787431716918945
7.8403239250183105
7.616299152374268
7.570581436157227
7.41401481628418
7.38538932800293
7.242230415344238
7.2105607986450195
7.085122585296631
7.059484004974365
6.95327091217041
6.925089359283447
6.815349578857422
6.786286354064941
6.6839094161987305
6.647493362426758
6.54591178894043
6.515351295471191
6.402130603790283
6.371827125549316
6.258854866027832
6.22506856918335
6.102025985717773
6.074062347412109
5.9487996101379395
5.910049915313721
5.7809319496154785
5.7426557540893555
5.602785110473633
5.567975997924805
5.466475963592529
5.401206016540527
5.2406697273254395
5.20937442779541
5.049490928649902
5.04550838470459
4.874256610870361
4.83937406539917
4.715307712554932
4.680211067199707
4.564438343048096
4.5536675453186035
4.454277038574219
4.427179336547852
4.364915370941162
4.345001220703125
4.285196781158447
4.27494478225708
4.232798099517822
4.222646236419678
4.187116622924805
4.181775093078613
4.156290054321289
4.1471781730651855
4.125592231750488
4.124512672424316
4.106051921844482
4.104065418243408
4.083771705627441
4.078068733215332
4.0562238693237305
4.048605442047119
4.039527416229248
4.030298233032227
4.024261474609375
4.011335849761963
3.9918177127838135
3.9872820377349854
3.977278709411621
3.983330249786377
3.9628865718841553
3.96766996383667
3.9542524814605713
3.9481418132781982
3.930856227874756
3.9268739223480225
3.920071601867676
3.9142215251922607
3.907780170440674
3.904330253601074
3.8910539150238037
3.8908374309539795
3.8836119174957275
3.8775405883789062
3.8733460903167725
3.8686630725860596
3.86279296875
3.8601937294006348
3.859528064727783
3.8508803844451904
3.8390908241271973
3.837327718734741
3.8308603763580322
3.8276727199554443
3.8208844661712646
3.8185575008392334
3.808197498321533
3.8115761280059814
3.810089588165283
no squeeze
44.48373794555664
16.87616729736328
14.437552452087402
10.488470077514648
9.946300506591797
8.545134544372559
8.285869598388672
7.495393753051758
7.326450824737549
6.7910356521606445
6.671858310699463
6.27239465713501
6.179174900054932
5.864177227020264
5.787011623382568
5.5312957763671875
5.468679904937744
5.261459827423096
5.2111968994140625
5.039849281311035
5.001395225524902
4.882835865020752
4.838711261749268
4.73107385635376
4.701607704162598
4.613949298858643
4.594659805297852
4.529964923858643
4.5058770179748535
4.455450057983398
4.433085918426514
4.382896423339844
4.373655796051025
4.327603816986084
4.3134565353393555
4.280487537384033
4.2726850509643555
4.2413105964660645
4.232843399047852
4.205041408538818
4.198061943054199
4.175543308258057
4.168818473815918
4.191385746002197
4.1465582847595215
4.123863220214844
4.116242408752441
4.106594562530518
4.095859050750732
4.081029415130615
4.077857494354248
4.067236423492432
4.0634613037109375
4.046389102935791
4.044541358947754
4.03471565246582
4.026098251342773
4.01932954788208
4.016170978546143
4.012202262878418
4.004080772399902
3.997042179107666
3.9932351112365723
3.996992588043213
3.982443332672119
3.9739344120025635
3.973175048828125
3.9678566455841064
3.9648220539093018
3.9637272357940674
3.9836654663085938
3.9513652324676514
3.9577207565307617
3.9466607570648193
3.944658041000366
3.952848434448242
3.938607692718506
3.9312655925750732
3.9344608783721924
3.937009811401367
no squeeze
39.440067291259766
10.14844036102295
9.719937324523926
9.109227180480957
9.06200885772705
8.963436126708984
8.940021514892578
8.919110298156738
8.94443130493164
8.915992736816406
8.921092987060547
8.915440559387207
8.909860610961914
8.918360710144043
8.957266807556152
8.914402961730957
