no squeeze
9.555788040161133
2.7298502922058105
1.3213849067687988
0.7802018523216248
0.42768338322639465
0.3318539261817932
0.25785472989082336
0.20216591656208038
0.18155454099178314
0.16053859889507294
0.11369302868843079
0.0847271978855133
0.20149676501750946
0.23628631234169006
0.07704352587461472
0.0996663048863411
0.06333015859127045
0.1457936316728592
0.06731332093477249
0.04289593920111656
0.05930696055293083
0.06229238957166672
0.07640282809734344
0.0896930992603302
0.10151644796133041
0.04651467874646187
0.05138693004846573
0.05151106044650078
0.045610491186380386
0.039621785283088684
0.08779158443212509
0.05706843361258507
0.019275721162557602
0.025591503828763962
0.02726888284087181
0.014526489190757275
0.02094396948814392
0.02346024662256241
0.022904254496097565
0.11770250648260117
0.06687008589506149
0.05825415998697281
0.06379673629999161
0.04243876785039902
0.015081346966326237
0.04103514552116394
no squeeze
9.594036102294922
3.3638181686401367
2.127514123916626
1.4422729015350342
1.0180047750473022
0.9005239605903625
0.8418707847595215
0.6456321477890015
0.65860515832901
0.614187479019165
0.5873687267303467
0.6026076674461365
0.5917972326278687
0.5498358011245728
0.42979466915130615
0.4686255156993866
0.5132201910018921
0.5717343688011169
0.49214059114456177
0.4748138189315796
0.5364447236061096
0.5805863738059998
0.5079073905944824
0.4516008496284485
0.4555017948150635
no squeeze
12.74752140045166
4.723808288574219
3.095921039581299
2.5760016441345215
2.2021539211273193
2.0177419185638428
1.5485291481018066
1.5756131410598755
1.4855482578277588
0.951948881149292
1.3074904680252075
1.7192838191986084
1.3805302381515503
0.8698416352272034
0.9570337533950806
0.717880368232727
0.5766381621360779
0.8135049343109131
0.6744603514671326
0.5052042603492737
0.6026947498321533
0.609165608882904
0.5653404593467712
0.5287025570869446
0.43661433458328247
0.465636670589447
0.6499542593955994
0.8341792821884155
0.6179949045181274
0.9236517548561096
0.5790793895721436
0.4890247583389282
0.602362334728241
0.33375996351242065
0.6570429801940918
0.34150487184524536
0.3711727559566498
0.3937986195087433
0.6066069602966309
0.9150426983833313
0.5815495848655701
0.4869527816772461
0.8963702321052551
0.5451016426086426
no squeeze
13.936102867126465
5.108511924743652
3.984508514404297
3.3362720012664795
2.701289415359497
2.338106155395508
2.0824837684631348
1.687934160232544
1.5521472692489624
1.4694836139678955
1.3310948610305786
1.2648882865905762
1.0790935754776
1.0368832349777222
1.0180097818374634
0.9214396476745605
0.8829003572463989
0.8063161969184875
0.8380163311958313
0.7132729887962341
0.7405012249946594
0.6692731380462646
0.7434259057044983
0.8920780420303345
0.6643819808959961
0.6866248846054077
0.6471595168113708
0.5857077836990356
0.5774834156036377
0.5860302448272705
0.5281699299812317
0.6712903380393982
0.6444801688194275
0.5670443177223206
0.5637508034706116
0.6478785872459412
0.5527859330177307
0.4917113184928894
0.5079076290130615
0.5064602494239807
0.49035388231277466
0.5619405508041382
0.5181794166564941
0.49340805411338806
0.46370217204093933
0.5306524038314819
0.4423738420009613
0.5252036452293396
0.49328112602233887
0.513118326663971
0.5394414663314819
0.5095254182815552
0.44712111353874207
0.42611783742904663
0.4659388065338135
0.4660918116569519
0.4563028812408447
0.45110177993774414
0.463190495967865
0.4186200201511383
0.4440796673297882
0.43548673391342163
0.41783058643341064
0.4512421190738678
0.4399375915527344
0.43683966994285583
0.37473800778388977
0.40657496452331543
0.357422798871994
0.4120749235153198
0.41494324803352356
0.3800807595252991
0.3552747964859009
0.33474886417388916
0.41625896096229553
0.3800089657306671
0.39828282594680786
0.3735246956348419
0.35410237312316895
0.3326834738254547
0.37982478737831116
0.3279343247413635
0.3663083612918854
0.32341936230659485
0.2997654676437378
0.3006725013256073
0.3478631377220154
0.36695966124534607
0.3252810835838318
0.3331105709075928
0.31086477637290955
0.33497655391693115
0.2807490825653076
0.3616178333759308
0.2931302487850189
0.28823286294937134
0.29488587379455566
0.2568480372428894
0.2715758979320526
0.3130914866924286
0.2703516185283661
0.2487078309059143
0.2860320210456848
0.27815231680870056
0.2610568106174469
0.25481081008911133
0.27946731448173523
0.2560379207134247
0.2593997120857239
0.2615866959095001
0.26004016399383545
0.2900972068309784
no squeeze
11.259028434753418
3.7796812057495117
2.6369218826293945
2.1140389442443848
1.6389418840408325
1.4001238346099854
1.207979679107666
1.0912531614303589
1.0847302675247192
0.8940001726150513
0.8667979836463928
0.8002916574478149
0.9715862274169922
0.7349767684936523
0.758217990398407
0.6666900515556335
0.6219576597213745
0.5541524291038513
0.6987205147743225
0.5458346009254456
0.5087147355079651
0.575650691986084
0.4846293032169342
0.49531832337379456
0.48109787702560425
0.49692603945732117
0.41839298605918884
0.4729160964488983
0.5653508901596069
0.553369402885437
0.4718678593635559
0.5006421804428101
0.41868114471435547
0.4301937222480774
0.5032219290733337
0.3963281512260437
0.5441944003105164
0.37204501032829285
0.4234544336795807
0.42746758460998535
0.42600706219673157
0.4233328700065613
0.35274967551231384
0.33640971779823303
0.35857880115509033
0.3625693619251251
0.3752676248550415
0.39856037497520447
0.3830682039260864
0.3107287585735321
0.3973572254180908
0.4166540205478668
0.3212807774543762
0.3197547197341919
0.31917184591293335
0.3588498532772064
0.3595390021800995
0.31602534651756287
0.37480589747428894
0.29813894629478455
0.35278838872909546
0.35811135172843933
0.3139817714691162
0.3195907771587372
0.30835482478141785
0.3093632161617279
0.26260095834732056
0.3105257451534271
0.27147233486175537
0.29736649990081787
0.2905755043029785
0.2659124732017517
0.3077993392944336
0.3103047311306
0.31189945340156555
0.29983532428741455
0.3485715091228485
no squeeze
5.134028911590576
1.8670361042022705
1.259464144706726
0.8991621136665344
0.7171661853790283
0.9084678888320923
1.5986396074295044
0.7450498342514038
1.189548134803772
0.7431733012199402
0.6668526530265808
0.6712303757667542
0.7827710509300232
0.5915594100952148
1.0908787250518799
0.7845555543899536
0.5885953307151794
0.7325068116188049
0.7305133938789368
0.3929053246974945
0.6267540454864502
0.8991995453834534
0.6081908345222473
0.5416561961174011
0.49682140350341797
0.8036095499992371
0.7389079332351685
0.846563458442688
0.5692121982574463
0.6304299235343933
