no squeeze
9.157126426696777
2.5773732662200928
1.2548725605010986
0.9411920309066772
0.8289881348609924
0.6426181793212891
0.5231680274009705
0.5880457162857056
0.5385210514068604
0.5026974678039551
0.4672759473323822
0.4276067018508911
0.3775884509086609
0.28575825691223145
0.4089178442955017
0.5098581910133362
0.4405846893787384
0.41435477137565613
0.437080979347229
0.5018448233604431
0.28410640358924866
0.4392443597316742
0.2889889180660248
0.36008673906326294
0.33514824509620667
0.3885200023651123
0.2946513891220093
0.32959413528442383
0.269722044467926
0.5008968710899353
0.33541953563690186
0.4554165303707123
0.30738794803619385
0.3690038025379181
0.2415550798177719
0.28931719064712524
0.29265791177749634
0.25342392921447754
0.24657121300697327
0.2625093162059784
0.3464854657649994
0.37840327620506287
0.3262375295162201
0.3172522783279419
0.27458125352859497
no squeeze
7.709367275238037
2.4764087200164795
1.294519305229187
0.8333255648612976
0.656561553478241
0.44852328300476074
0.36585384607315063
0.2665211856365204
0.1979089379310608
0.1772889643907547
0.20918026566505432
0.18170954287052155
0.22336305677890778
0.1331399530172348
0.2137097418308258
0.150814488530159
0.17928126454353333
0.1336745172739029
0.1672370284795761
0.17272819578647614
0.11266689747571945
0.11810194700956345
0.17331434786319733
0.3361533582210541
0.27112293243408203
0.16032254695892334
0.3387307822704315
0.12863272428512573
0.12745274603366852
0.11833871155977249
0.16468337178230286
no squeeze
9.758255004882812
3.407059669494629
2.1538593769073486
1.5693485736846924
1.1639838218688965
0.9468995928764343
0.9671345353126526
0.8492711186408997
0.8752659559249878
0.677243709564209
0.6311377286911011
0.6926026940345764
0.6100530028343201
0.4630986452102661
0.7040640115737915
0.7423136830329895
0.5624427199363708
0.32498347759246826
0.3180519640445709
0.2469712793827057
0.3963468074798584
0.4515130817890167
0.22400662302970886
0.2314053326845169
0.2609758973121643
0.29375511407852173
0.27221086621284485
0.37423714995384216
0.33835211396217346
0.2733857333660126
0.2224186509847641
0.2126571089029312
0.2976507842540741
0.1948852688074112
0.23713290691375732
0.17648845911026
0.26698586344718933
0.15526346862316132
0.1742495745420456
0.1917329579591751
0.19215551018714905
0.17315426468849182
0.18691948056221008
0.16335700452327728
0.14486105740070343
0.14904899895191193
0.15112872421741486
0.20812229812145233
0.28015628457069397
0.17714253067970276
0.22125914692878723
0.1347484141588211
0.1258487105369568
0.09062854945659637
0.087300606071949
0.11602220684289932
0.15802842378616333
0.1251463145017624
0.13989251852035522
0.2202293872833252
0.16618406772613525
0.16154073178768158
0.14793692529201508
0.10224287211894989
0.1538047343492508
no squeeze
12.070789337158203
4.531866073608398
3.404146671295166
2.658825159072876
2.2519571781158447
1.8879520893096924
1.6402266025543213
1.4521424770355225
1.3357694149017334
1.199539303779602
1.0535567998886108
1.0020866394042969
0.941003680229187
0.8951416015625
0.8274593949317932
0.7987567186355591
0.7586571574211121
0.6802997589111328
0.6657667756080627
0.6662085652351379
0.6190569996833801
0.6231089234352112
0.5731173157691956
0.5847703218460083
0.5618954300880432
0.5286684632301331
0.5386331081390381
0.5246963500976562
0.4743565022945404
0.48365160822868347
0.45045801997184753
0.4625425934791565
0.44914934039115906
0.4796924293041229
0.4653930068016052
0.40401098132133484
0.4247775375843048
0.39845404028892517
0.4166374206542969
0.4227638840675354
0.38490328192710876
0.37848374247550964
0.37594810128211975
0.3794189691543579
0.3714756369590759
0.3464832901954651
0.37849313020706177
0.36957669258117676
0.3498498499393463
0.3144291639328003
0.38731566071510315
0.3613825738430023
0.3274874687194824
0.3459692597389221
0.3036172688007355
0.3331923484802246
0.32655811309814453
0.27326685190200806
0.2830698788166046
0.27534228563308716
0.34468746185302734
0.3327113389968872
0.2992372512817383
0.26389819383621216
0.30490970611572266
0.2697054445743561
0.28982192277908325
0.2869611084461212
0.26218193769454956
0.25226566195487976
0.27076706290245056
0.2874754071235657
0.27866145968437195
0.25537043809890747
0.26238250732421875
0.27069416642189026
0.2815338969230652
0.25824230909347534
0.24396923184394836
0.23645712435245514
0.23556257784366608
0.2443578690290451
0.23923447728157043
0.24681958556175232
0.21929456293582916
0.21939513087272644
0.20468944311141968
0.22893576323986053
0.23195120692253113
0.21023085713386536
0.21933847665786743
0.22998102009296417
0.21455079317092896
0.1815020591020584
0.21682290732860565
0.19867202639579773
0.2314532846212387
0.2512465715408325
0.1844615787267685
0.1823955774307251
0.2045183777809143
0.20019681751728058
0.20336148142814636
0.20594452321529388
no squeeze
11.035348892211914
3.8438620567321777
2.4821081161499023
1.8778395652770996
1.6283631324768066
1.341430425643921
1.2064346075057983
1.0878206491470337
0.9447579383850098
0.9228222370147705
0.7980284690856934
0.7232052087783813
0.6712431907653809
0.6770700216293335
0.5948581695556641
0.5831583738327026
0.7022796273231506
0.6529706120491028
0.6112210750579834
0.5594392418861389
0.5146863460540771
0.5586212873458862
0.5079338550567627
0.544485330581665
0.49588266015052795
0.4362943470478058
0.4142795503139496
0.4711715877056122
0.4347584843635559
0.4023459851741791
0.423284113407135
0.39854466915130615
0.37141016125679016
0.3837517201900482
0.3797345757484436
0.37384164333343506
0.41720050573349
0.35973304510116577
0.31688398122787476
0.3304208517074585
0.30954790115356445
0.3074783682823181
0.3339790999889374
0.34673503041267395
0.353388249874115
0.3250677287578583
0.2877006232738495
0.31217166781425476
0.3187767267227173
0.2707769572734833
0.3016411066055298
0.3160882890224457
0.26651859283447266
0.3504514694213867
0.3256392776966095
0.2844400703907013
0.27731892466545105
0.27990949153900146
0.28157341480255127
0.29182806611061096
0.25815916061401367
0.2659614086151123
0.24182356894016266
0.24500928819179535
0.3057798445224762
0.24180585145950317
0.28622326254844666
0.2705509066581726
0.2844751179218292
0.27032503485679626
0.27309975028038025
0.23902066051959991
0.26204365491867065
0.22122222185134888
0.24972239136695862
0.23151083290576935
0.20789262652397156
0.22719933092594147
0.20147950947284698
0.2528890073299408
0.2204168289899826
0.24888883531093597
0.24299819767475128
0.2411717027425766
0.22464677691459656
0.2145068198442459
0.2200029343366623
0.19533008337020874
0.20616181194782257
0.20682500302791595
0.2553013861179352
0.22905252873897552
0.2271970510482788
0.2448548823595047
0.18513381481170654
0.23637020587921143
0.20896592736244202
0.2196011245250702
0.20634908974170685
0.23177064955234528
0.2039688229560852
0.2106229066848755
0.1758669763803482
0.15899844467639923
0.16514064371585846
0.17979657649993896
0.1932142674922943
0.2229878008365631
0.1613338142633438
0.22021915018558502
0.18967407941818237
0.17862004041671753
0.18735383450984955
0.18440723419189453
no squeeze
11.717154502868652
2.3882901668548584
1.699333906173706
0.9651312828063965
0.9065803289413452
1.308394193649292
0.6602535843849182
0.9926292300224304
0.8686623573303223
0.6112011671066284
1.3599979877471924
0.4310295283794403
0.7135818004608154
0.4828163683414459
0.6955567002296448
0.7894251942634583
0.7909144163131714
1.0827101469039917
1.0690280199050903
0.6051215529441833
0.46445074677467346
1.1198042631149292
