no squeeze
3.0902745723724365
0.1628337949514389
0.11506546288728714
0.05683087185025215
0.051879141479730606
0.04305058717727661
0.04194881021976471
0.03966778889298439
0.039818134158849716
0.03883819654583931
0.0386999174952507
0.038356028497219086
0.038567185401916504
0.038174036890268326
0.03792724758386612
0.03779449313879013
0.037854235619306564
0.03776733577251434
0.037801340222358704
0.03778567910194397
no squeeze
2.5933632850646973
0.28560253977775574
0.23691357672214508
0.1725873351097107
0.16649474203586578
0.15217804908752441
0.15046802163124084
0.14391516149044037
0.1427920013666153
0.14020395278930664
0.13975562155246735
0.13746963441371918
0.13719503581523895
0.13654741644859314
0.136468768119812
0.13643239438533783
0.13600467145442963
0.13747811317443848
0.13677242398262024
0.13641883432865143
no squeeze
2.8853683471679688
0.22899843752384186
0.16365878283977509
0.07503155618906021
0.06589605659246445
0.043246787041425705
0.0394517257809639
0.028565341606736183
0.02656746283173561
0.020778045058250427
0.01967642456293106
0.016452763229608536
0.015912311151623726
0.014052742160856724
0.013662267476320267
0.012462866492569447
0.01221243292093277
0.011498142033815384
0.011314774863421917
0.010665864683687687
0.010553605854511261
0.010153381153941154
0.01001590583473444
0.009652740322053432
0.009588680230081081
0.009354449808597565
0.009254067204892635
0.009055854752659798
0.00898366142064333
0.008739203214645386
0.008703519590198994
0.00852938462048769
0.008498681709170341
0.008331509307026863
0.008293951861560345
0.00814699474722147
0.008124761283397675
0.008060973137617111
0.00808011181652546
0.007915488444268703
0.007873723283410072
0.007786125876009464
0.007723573595285416
0.007655688561499119
0.007642786018550396
0.007543740328401327
0.0075707812793552876
0.007471200078725815
0.007434901315718889
0.007444428279995918
0.007447094656527042
0.007335077039897442
0.007313590496778488
0.007263624109327793
0.007277724798768759
0.007230209652334452
0.007252523675560951
0.007159959990531206
0.007133255712687969
0.007100817281752825
0.007140083704143763
0.007090496364980936
0.007127389311790466
0.007049559149891138
0.007070216815918684
0.007042679004371166
0.007040411699563265
0.006999637465924025
0.007013364229351282
0.00693974643945694
0.006936541758477688
0.006977942772209644
0.006944155320525169
0.006872978527098894
0.006905568763613701
0.006892334204167128
no squeeze
2.7970705032348633
0.7223868370056152
0.6334095597267151
0.4961024820804596
0.47865888476371765
0.43336230516433716
0.4246317744255066
0.39772143959999084
0.39200860261917114
0.3744431138038635
0.3702431321144104
0.3564334511756897
0.3530369699001312
0.34552040696144104
0.34040606021881104
0.3295483887195587
0.3279512822628021
0.31980016827583313
0.31779274344444275
0.31191879510879517
0.30889156460762024
0.3022618591785431
0.2993902862071991
0.29374897480010986
0.29231712222099304
0.28550586104393005
0.2807333767414093
0.2754736542701721
0.2719705104827881
0.26207593083381653
0.2596525549888611
0.24983440339565277
0.24818363785743713
0.23428429663181305
0.2333192676305771
0.21745939552783966
0.21571525931358337
0.19888091087341309
0.1970878392457962
0.18432988226413727
0.1814318299293518
0.17384743690490723
0.17362187802791595
0.16838249564170837
0.16818147897720337
0.16587789356708527
0.16518627107143402
0.16315026581287384
0.16291505098342896
0.1611725389957428
0.16122658550739288
0.1604391187429428
0.15974625945091248
0.15923914313316345
0.1601230353116989
0.15719053149223328
0.15669497847557068
0.15577878057956696
0.15596748888492584
0.1551736742258072
0.15480495989322662
0.1545659303665161
0.15413019061088562
0.15359410643577576
0.15309976041316986
0.1558789759874344
0.1528763473033905
0.1515839844942093
0.1517576426267624
0.15133190155029297
0.15088620781898499
0.151167094707489
0.15027736127376556
0.14955417811870575
0.14995591342449188
0.1492651402950287
0.14974159002304077
0.14868591725826263
0.14905621111392975
0.14802758395671844
0.1477908045053482
0.14768581092357635
0.14759695529937744
0.14681333303451538
0.14707961678504944
0.14653129875659943
0.14729143679141998
0.14620278775691986
0.14673882722854614
0.14690706133842468
no squeeze
2.6890885829925537
0.5044568777084351
0.4367547929286957
0.32409751415252686
0.3088172674179077
0.26789551973342896
0.26070892810821533
0.23696671426296234
0.23259061574935913
0.21599134802818298
0.21213021874427795
0.20099008083343506
0.198081836104393
0.19046123325824738
0.18766143918037415
0.18203619122505188
0.18070392310619354
0.1782074272632599
0.17577436566352844
0.17314177751541138
0.1732226461172104
0.17004039883613586
0.16978350281715393
0.1681375652551651
0.16820475459098816
0.1661950647830963
0.1664128303527832
0.16506080329418182
0.16547809541225433
0.1637304276227951
0.16443423926830292
0.1637212634086609
0.1630382090806961
0.1621670126914978
0.16211755573749542
0.1620822697877884
0.1625397950410843
0.16133584082126617
0.16137303411960602
0.16106685996055603
0.1606549322605133
0.16037973761558533
0.16049163043498993
0.16025708615779877
0.1598445475101471
0.16036778688430786
0.15962588787078857
0.15922139585018158
0.1600806564092636
0.1591946929693222
0.16066326200962067
0.15877550840377808
0.1582685112953186
0.1586507111787796
0.15844453871250153
0.15940605103969574
no squeeze
3.489870071411133
0.43023186922073364
0.40133917331695557
0.37469664216041565
0.37354329228401184
0.37719300389289856
0.3720835745334625
0.37173566222190857
0.37152743339538574
0.3705482482910156
0.3716953694820404
0.3703492283821106
0.3675955533981323
0.36695539951324463
0.36728763580322266
0.36777377128601074
