no squeeze
5.2714972496032715
1.5673120021820068
0.7230552434921265
0.35233888030052185
0.17403598129749298
0.10282961279153824
0.0576494000852108
0.03795580565929413
0.02351297251880169
0.017413891851902008
0.025388088077306747
0.012735809199512005
0.008318239822983742
0.005212550982832909
0.0022348228376358747
0.0025477076414972544
0.00149169669020921
0.0027711971197277308
0.0028436763677746058
0.004686157219111919
0.008403223007917404
0.012585876509547234
0.0035214486997574568
0.0017839138163253665
0.002061892533674836
0.0013525248505175114
0.004036372993141413
0.001029103179462254
0.001579607604071498
0.00046932674013078213
0.0017675585113465786
0.002006812021136284
0.0010003515053540468
0.005732383579015732
0.006194756831973791
0.0013306353939697146
0.007916826754808426
0.0027921192813664675
0.007683324161916971
0.0013593605253845453
no squeeze
4.810950756072998
1.939636468887329
1.1731129884719849
0.7855920791625977
0.6084088087081909
0.45748424530029297
0.34404054284095764
0.3508649468421936
0.34453943371772766
0.2743538022041321
0.3506869673728943
0.2718786299228668
0.28396037220954895
0.2892245948314667
0.2121657133102417
0.24651111662387848
0.23177684843540192
0.24175482988357544
0.24007965624332428
0.2242887169122696
0.1832183599472046
0.18749158084392548
0.18959151208400726
0.20424601435661316
0.2228699028491974
0.20142382383346558
0.17848187685012817
0.1751607358455658
0.27291780710220337
0.22056283056735992
0.1836719512939453
0.16830338537693024
0.17903639376163483
0.169767826795578
0.17176440358161926
0.19725672900676727
0.20124544203281403
0.170396625995636
0.1758745014667511
0.1545521318912506
0.1948373019695282
0.15968093276023865
0.17099395394325256
0.1548851728439331
0.189642995595932
0.1975785791873932
0.16797193884849548
0.18984775245189667
0.16676388680934906
0.1675937920808792
no squeeze
5.4571990966796875
2.3231041431427
1.657416820526123
1.3012295961380005
1.0008431673049927
0.748124361038208
0.6818853616714478
0.5112566947937012
0.4398449957370758
0.4430585205554962
0.5330309867858887
0.3512303829193115
0.3835243284702301
0.3417816460132599
0.27698054909706116
0.30588483810424805
0.1868351846933365
0.18337030708789825
0.15561631321907043
0.16339991986751556
0.19866269826889038
0.18538452684879303
0.43088531494140625
0.19223512709140778
0.12188024818897247
0.09320792555809021
0.17905303835868835
0.12054100632667542
0.06391692161560059
0.10901807993650436
0.11917240917682648
0.0728900209069252
0.04876691475510597
0.05105989798903465
0.06317877024412155
0.06426693499088287
0.07423509657382965
0.07205284386873245
0.08782149851322174
0.07410403341054916
0.046618618071079254
0.04716041311621666
0.03199635446071625
0.025683468207716942
0.06460877507925034
0.0435791090130806
0.03542708232998848
0.02699957974255085
0.016410833224654198
0.011869166046380997
0.01349053904414177
0.025100357830524445
0.016503259539604187
0.01996801048517227
0.04776989668607712
0.06499123573303223
0.05353967100381851
0.035440634936094284
0.04881821200251579
0.043017927557229996
no squeeze
6.5128703117370605
3.0144028663635254
2.580521583557129
2.1722755432128906
1.8816498517990112
1.6770976781845093
1.463333249092102
1.338906168937683
1.1575731039047241
1.0686060190200806
0.9979231953620911
0.8842149376869202
0.8182500004768372
0.7847556471824646
0.7163703441619873
0.6757639050483704
0.6186103224754333
0.5598765015602112
0.5588180422782898
0.5289099812507629
0.4993497133255005
0.45653101801872253
0.4750699996948242
0.4453675448894501
0.4193267822265625
0.39689430594444275
0.39025601744651794
0.3669356405735016
0.3585592806339264
0.3726693093776703
0.3947351574897766
0.329729825258255
0.3123714029788971
0.31723034381866455
0.2903316915035248
0.31037023663520813
0.3378393054008484
0.26882681250572205
0.2601408064365387
0.27231720089912415
0.24859143793582916
0.2595312297344208
0.26700305938720703
0.26159802079200745
0.2599533200263977
0.2452307790517807
0.23941537737846375
0.25760340690612793
0.2536666989326477
0.24202007055282593
0.2300335317850113
0.20631076395511627
0.2181699424982071
0.20159727334976196
0.22207535803318024
0.20076267421245575
0.22202585637569427
0.25171390175819397
0.22035343945026398
0.21184012293815613
0.1985270231962204
0.18066878616809845
0.19279788434505463
0.23300227522850037
0.19170857965946198
0.2233692705631256
0.18194647133350372
0.24163825809955597
0.19985048472881317
0.18795934319496155
0.17970293760299683
0.17993848025798798
0.16476020216941833
0.18790261447429657
0.15560607612133026
0.16770006716251373
0.14497004449367523
0.15625883638858795
0.1622152477502823
0.16699758172035217
0.16905198991298676
0.1537494659423828
0.14203162491321564
0.14451611042022705
0.14802831411361694
0.15125679969787598
0.1658107489347458
0.15089908242225647
0.1417713463306427
0.1605098843574524
0.13483905792236328
0.16171854734420776
0.14968083798885345
0.14035633206367493
0.13506992161273956
0.13080379366874695
0.12920905649662018
0.13341544568538666
0.14020943641662598
0.15449008345603943
0.13244114816188812
0.13919799029827118
0.13122914731502533
0.14504164457321167
0.12573964893817902
0.12542672455310822
0.130118727684021
0.13929305970668793
0.1251673698425293
0.1193106546998024
0.11938025802373886
0.12765920162200928
0.11780146509408951
0.12560991942882538
0.13002006709575653
0.13032230734825134
0.11763806641101837
0.1137145385146141
0.12108801305294037
0.12946900725364685
0.10338205844163895
0.11352591961622238
0.11740396171808243
0.12064524739980698
0.13224345445632935
0.11364560574293137
0.10242665559053421
0.10973703861236572
0.10581987351179123
0.10592785477638245
0.12144876271486282
0.11070909351110458
0.12309890240430832
0.11306009441614151
0.09681607782840729
0.09664151817560196
0.10881051421165466
0.09905632585287094
0.12198115140199661
0.10871320962905884
0.0946926474571228
0.09956133365631104
0.10692575573921204
0.0854983851313591
0.09643147885799408
0.09944501519203186
0.1163439080119133
0.09894666075706482
0.099443718791008
0.10821516066789627
0.09920071065425873
0.10099922865629196
0.0929168313741684
0.0912892296910286
no squeeze
5.2619171142578125
2.0884554386138916
1.5024795532226562
1.1722005605697632
1.030927300453186
0.8353898525238037
0.690314769744873
0.6420885324478149
0.5533483624458313
0.47427070140838623
0.4206487834453583
0.44453108310699463
0.39333316683769226
0.35042914748191833
0.35669049620628357
0.3160708248615265
0.29882627725601196
0.27730610966682434
0.30800238251686096
0.2787104547023773
0.25220102071762085
0.22328123450279236
0.2364368438720703
0.23124118149280548
0.21749882400035858
0.21570710837841034
0.18607911467552185
0.20951692759990692
0.19016629457473755
0.18510235846042633
0.19857457280158997
0.1871892511844635
0.19424432516098022
0.17933788895606995
0.18431483209133148
0.18399043381214142
0.19174718856811523
0.1646243929862976
0.1890941560268402
0.164581298828125
0.1329517513513565
0.15611542761325836
0.16216985881328583
0.1526338905096054
0.17164917290210724
0.1614665538072586
0.14948275685310364
0.15621647238731384
0.1332332342863083
0.1659524291753769
0.13618722558021545
no squeeze
9.860743522644043
2.42714262008667
1.3055448532104492
0.9814201593399048
0.8006241917610168
0.49393904209136963
0.6304890513420105
0.4266923666000366
0.42019736766815186
0.7075492739677429
0.48942551016807556
0.6020864248275757
0.4970560073852539
0.8467980623245239
0.5905141234397888
0.4077887535095215
0.2814333736896515
0.33659711480140686
0.5939342379570007
0.2736920118331909
0.5084429383277893
0.3388483226299286
0.8911310434341431
0.6544944643974304
0.31291502714157104
0.3211458623409271
0.42201030254364014
0.7771790027618408
0.8121210336685181
0.3631419837474823
