no squeeze
17.990650177001953
4.953383445739746
2.2968814373016357
1.144061803817749
0.7239378094673157
0.5321815013885498
0.4729648530483246
0.4498712718486786
0.3568331301212311
0.3632619380950928
0.30456411838531494
0.31649598479270935
0.5107043981552124
0.2802515923976898
0.2743857204914093
0.364806205034256
0.2835148274898529
0.34404316544532776
0.27363863587379456
0.24114347994327545
0.34260961413383484
0.3673904240131378
0.315475732088089
0.3898463845252991
0.1993633657693863
0.2572467029094696
0.25213927030563354
0.2535952925682068
0.2605826258659363
0.2661105692386627
0.21432828903198242
0.3834460973739624
0.3345050811767578
0.19101949036121368
0.15827836096286774
0.21913476288318634
0.23650449514389038
0.29916635155677795
0.21071027219295502
0.1548222303390503
0.2792467772960663
0.23273347318172455
0.176622211933136
0.17436039447784424
0.1800897717475891
0.28472062945365906
0.24862435460090637
0.24390818178653717
0.24586254358291626
0.19680993258953094
no squeeze
19.016611099243164
5.6687822341918945
2.524585485458374
1.6389789581298828
1.2381260395050049
1.1424275636672974
1.2334767580032349
0.947634220123291
0.8224934935569763
0.6515440940856934
0.7036113739013672
0.7771756649017334
0.6654810905456543
0.74814772605896
0.7130281329154968
0.5359475016593933
0.5531412959098816
0.8208016157150269
0.6883596181869507
0.6432549357414246
0.6386462450027466
0.8001818656921387
0.674085259437561
0.6438248157501221
0.5420070290565491
0.6593107581138611
no squeeze
27.663042068481445
8.513233184814453
5.1839985847473145
4.046029567718506
2.7697415351867676
2.3731555938720703
2.002593755722046
1.9066826105117798
1.6579256057739258
1.4304003715515137
1.3055936098098755
1.4860533475875854
0.855806827545166
0.9844825267791748
0.8731885552406311
1.0417784452438354
2.4218266010284424
1.038637638092041
0.7017771005630493
0.6567544341087341
0.6238409280776978
0.6476911306381226
0.7477726936340332
0.6421744227409363
1.1533268690109253
1.5553666353225708
0.7889127731323242
0.9294309020042419
0.967404842376709
0.7119473814964294
0.49081704020500183
0.45148587226867676
0.5149287581443787
0.3767588436603546
0.42066991329193115
0.5199106335639954
0.46217143535614014
0.3577949106693268
0.28501754999160767
0.38876909017562866
0.47607412934303284
0.41466188430786133
0.4217334985733032
0.42459556460380554
0.22961604595184326
0.3199235498905182
0.2357812076807022
0.41174376010894775
0.6680040955543518
0.32920002937316895
0.5570057034492493
0.6223827004432678
0.5408973693847656
0.6677535176277161
0.5495021343231201
no squeeze
23.26740074157715
9.127128601074219
6.5597333908081055
5.419002056121826
4.44030237197876
3.5035717487335205
3.066945791244507
2.772320508956909
2.333218812942505
2.193678855895996
1.9655282497406006
1.8401392698287964
1.7494142055511475
1.5160270929336548
1.5594931840896606
1.4581416845321655
1.4972608089447021
1.1973668336868286
1.299322485923767
1.205256700515747
1.1326003074645996
1.1720831394195557
1.2922049760818481
1.0429717302322388
1.0759100914001465
1.0494706630706787
0.9177169799804688
0.9411557912826538
1.0774554014205933
0.8545327186584473
1.029772162437439
0.9721174240112305
0.8323391079902649
0.8909753561019897
0.9609467387199402
0.7717977166175842
0.7742020487785339
0.768875777721405
0.8709538578987122
0.6843386888504028
0.7154019474983215
0.8246951103210449
0.7666259407997131
0.7835644483566284
0.7998620867729187
0.8054881691932678
0.7215527892112732
0.7894253134727478
0.7668002247810364
0.7210849523544312
no squeeze
21.1632022857666
7.650636196136475
5.279506683349609
4.004319190979004
3.2246689796447754
2.684767961502075
2.3424808979034424
2.2142062187194824
1.8354225158691406
1.809469223022461
1.6389391422271729
1.718153953552246
1.4577031135559082
1.3892179727554321
1.3260524272918701
1.1487880945205688
1.2486902475357056
1.137628197669983
1.0965666770935059
1.0254093408584595
1.0024404525756836
0.9146847128868103
0.9008323550224304
1.1210579872131348
1.0881195068359375
0.9068872928619385
0.9730462431907654
0.8295265436172485
0.7759580016136169
0.69515460729599
0.7714219689369202
0.7401235699653625
0.7482585310935974
0.7125389575958252
0.7565439939498901
0.7074053883552551
0.7667891979217529
0.7506032586097717
0.6331996321678162
0.6661460995674133
0.6976579427719116
0.714708685874939
0.5613833069801331
0.7922795414924622
0.6152547001838684
0.6615225672721863
0.6021250486373901
0.7025285959243774
0.6163724660873413
0.6640529036521912
0.5514323711395264
0.5726954936981201
0.6039873361587524
0.5778841376304626
0.5610358119010925
0.5687644481658936
0.5681470632553101
0.5775103569030762
0.535379946231842
0.567754864692688
0.7637905478477478
0.5986658334732056
0.5505338311195374
0.5211014151573181
0.5697524547576904
0.5081051588058472
0.48207300901412964
0.6116366386413574
0.4352882206439972
0.44024768471717834
0.4032672047615051
0.42395326495170593
0.5085011720657349
0.40020519495010376
0.48136693239212036
0.4579075276851654
0.4060983657836914
0.491362988948822
0.49213650822639465
0.44638553261756897
0.4501688480377197
0.4164918065071106
0.4275844097137451
0.40246641635894775
no squeeze
20.90591812133789
4.23137903213501
2.48040771484375
2.8735456466674805
1.2578980922698975
1.4389716386795044
1.445924997329712
1.0289504528045654
1.1803454160690308
1.209686517715454
1.1092747449874878
1.2750811576843262
1.0749614238739014
2.0725886821746826
1.1945772171020508
1.0513895750045776
1.061097264289856
1.2722681760787964
