no squeeze
122.18228912353516
72.2655258178711
59.221920013427734
21.92950439453125
17.41131019592285
9.250024795532227
8.039461135864258
4.782413959503174
4.188354015350342
2.5152108669281006
2.2092103958129883
1.35739266872406
1.2040296792984009
0.7823782563209534
0.7072190642356873
0.5021540522575378
0.4653479754924774
0.36351144313812256
0.3453969955444336
0.2944667935371399
0.2847023904323578
0.25684279203414917
0.25164011120796204
0.2359573245048523
0.23262841999530792
0.22354836761951447
0.22126246988773346
0.21488848328590393
0.2136966437101364
0.20922358334064484
0.20820744335651398
0.20525984466075897
0.20447729527950287
0.20194111764431
0.20156599581241608
0.19950254261493683
0.19897131621837616
0.19679488241672516
0.19637995958328247
0.19502945244312286
0.1944507211446762
0.19348886609077454
0.19292192161083221
0.1916518211364746
0.19149240851402283
0.19031290709972382
0.18976075947284698
0.18854233622550964
0.18837960064411163
0.18759778141975403
0.18741059303283691
0.18614865839481354
0.18598322570323944
0.18501806259155273
0.18505769968032837
0.18431825935840607
0.18418382108211517
0.18311776220798492
0.18291902542114258
0.18211615085601807
0.18208849430084229
0.1811886876821518
0.1810951828956604
0.1804136335849762
0.18026506900787354
0.17949548363685608
0.1792536824941635
0.17870788276195526
0.1786014437675476
0.17802609503269196
0.17789389193058014
0.17741809785366058
0.1773121953010559
0.176674947142601
0.17657987773418427
0.17606087028980255
0.17630574107170105
0.17560923099517822
0.17539949715137482
0.1747964471578598
0.1747198849916458
0.1743214726448059
0.1742536723613739
0.17389631271362305
0.1738181710243225
0.1733730137348175
0.1733350306749344
0.17301702499389648
0.17269524931907654
0.17262299358844757
0.17260971665382385
0.17227894067764282
0.1724269837141037
0.17193743586540222
0.17196711897850037
0.17178751528263092
0.17185230553150177
0.1714221090078354
0.1714748591184616
0.1712246984243393
0.1712506115436554
0.17124120891094208
no squeeze
121.93553161621094
43.7153205871582
35.1403694152832
23.363147735595703
21.930681228637695
18.241565704345703
17.597026824951172
15.798626899719238
15.467345237731934
14.557382583618164
14.39123821258545
13.902386665344238
13.81130313873291
13.547528266906738
13.498556137084961
13.365738868713379
13.33932876586914
13.256622314453125
13.244343757629395
13.201971054077148
13.190936088562012
13.174209594726562
13.158246994018555
13.152379035949707
13.149036407470703
13.136087417602539
13.131683349609375
13.142380714416504
13.135612487792969
13.138931274414062
no squeeze
122.17520141601562
67.07366943359375
55.97586441040039
29.594205856323242
25.847963333129883
17.20383071899414
15.811480522155762
11.942864418029785
11.186654090881348
8.87463665008545
8.390669822692871
6.819112300872803
6.47021484375
5.316858291625977
5.053223133087158
4.166801929473877
3.970489025115967
3.292588949203491
3.1404082775115967
2.6132757663726807
2.4970250129699707
2.091923475265503
2.0006215572357178
1.6824382543563843
1.6118628978729248
1.3676371574401855
1.3128526210784912
1.1244348287582397
1.0821502208709717
0.9352831244468689
0.9021360874176025
0.7898622155189514
0.7639589309692383
0.6785943508148193
0.65834641456604
0.5884563326835632
0.5737568736076355
0.521701991558075
0.5096763968467712
0.46899423003196716
0.4593968689441681
0.4256632924079895
0.41883212327957153
0.3944932818412781
0.38780832290649414
0.36647292971611023
0.3617911636829376
0.3453502655029297
0.3407023847103119
0.3257801830768585
0.322391152381897
0.3097040057182312
0.30687785148620605
0.29590073227882385
0.29348284006118774
0.28491443395614624
0.28294605016708374
0.2744922935962677
0.2727069854736328
0.26597172021865845
0.2639649212360382
0.25780802965164185
0.2561289966106415
0.25012415647506714
0.2490478903055191
0.2433987706899643
0.2423577755689621
0.23843547701835632
0.23680263757705688
0.2324024736881256
0.2314368337392807
0.2279847115278244
0.22699250280857086
0.2228383868932724
0.22171027958393097
0.2180694043636322
0.21745240688323975
0.21459190547466278
0.21383023262023926
0.21084830164909363
0.20984922349452972
0.2077379822731018
0.2067170888185501
0.2037631869316101
0.20290938019752502
0.2004775106906891
0.19987386465072632
0.19760671257972717
0.19691739976406097
0.19458650052547455
0.19410669803619385
0.19233252108097076
0.19178298115730286
0.18995602428913116
0.18922339379787445
0.18726426362991333
0.1871768683195114
0.18481801450252533
0.18462815880775452
0.18302951753139496
0.18268369138240814
0.18110604584217072
0.18071958422660828
0.17927682399749756
0.17902052402496338
0.177498459815979
0.17718912661075592
0.1757093369960785
0.17572791874408722
0.1742745339870453
0.17392875254154205
0.17291618883609772
0.17260217666625977
0.17161831259727478
0.17158089578151703
0.17005793750286102
0.17023563385009766
0.1689402312040329
0.16862823069095612
0.16812783479690552
0.16769523918628693
0.1670285314321518
0.16665734350681305
0.16569338738918304
0.16561377048492432
0.16487552225589752
0.16477148234844208
0.16400395333766937
0.16403642296791077
0.16302745044231415
0.163328617811203
0.16238465905189514
0.16223162412643433
0.16168943047523499
0.16160711646080017
0.16082972288131714
0.16072046756744385
0.16036051511764526
0.16038599610328674
0.15977786481380463
0.1597331464290619
0.1593489646911621
0.15921881794929504
0.15894672274589539
0.15868596732616425
0.15822570025920868
0.15809091925621033
0.15796275436878204
0.15773524343967438
0.15731365978717804
0.15729838609695435
0.15702950954437256
0.15689422190189362
0.15669755637645721
0.1567070484161377
0.15623018145561218
0.15650290250778198
0.1561141312122345
0.15630249679088593
0.15548309683799744
0.15551511943340302
0.15544457733631134
0.15583516657352448
0.15544691681861877
no squeeze
123.8668212890625
100.72981262207031
92.31980895996094
54.566043853759766
46.651893615722656
32.18618392944336
30.607688903808594
26.685983657836914
25.984844207763672
23.882610321044922
23.448945999145508
22.056787490844727
21.75733184814453
20.761470794677734
20.529094696044922
19.76874351501465
19.59191131591797
18.99351692199707
18.853010177612305
18.355079650878906
18.234407424926758
17.827177047729492
17.71809959411621
17.35246467590332
17.26002311706543
16.938404083251953
16.864051818847656
16.55078125
16.47147560119629
16.197603225708008
16.119340896606445
15.848637580871582
15.7748384475708
15.51284408569336
15.4447021484375
15.187344551086426
15.120862007141113
14.872855186462402
14.804158210754395
14.562935829162598
14.498333930969238
14.260648727416992
14.19592571258545
13.961384773254395
13.905060768127441
13.687193870544434
13.625650405883789
13.411815643310547
13.348039627075195
13.155363082885742
13.094846725463867
12.905474662780762
12.863677024841309
12.676736831665039
12.624735832214355
12.458983421325684
12.414398193359375
12.259195327758789
12.21499252319336
12.072286605834961
12.031850814819336
11.902576446533203
11.866629600524902
11.741257667541504
11.703296661376953
11.597437858581543
11.565343856811523
11.458733558654785
11.429534912109375
11.336572647094727
11.303905487060547
11.21397876739502
11.184412956237793
11.102132797241211
11.0772066116333
11.004380226135254
10.9745512008667
10.905388832092285
10.881738662719727
10.80703067779541
10.785553932189941
10.722081184387207
10.705470085144043
10.6460542678833
10.62524127960205
10.56904411315918
10.542455673217773
10.481144905090332
10.471129417419434
10.418572425842285
10.39507007598877
10.344319343566895
10.331987380981445
10.282648086547852
10.268482208251953
10.222509384155273
10.201704978942871
10.155379295349121
10.144216537475586
10.103654861450195
10.088038444519043
10.045693397521973
10.027894973754883
9.990533828735352
9.98384952545166
9.945676803588867
9.931025505065918
9.892695426940918
9.881528854370117
9.852184295654297
9.838247299194336
9.808974266052246
9.799077987670898
9.766337394714355
9.762937545776367
9.744330406188965
9.727632522583008
9.705979347229004
9.691023826599121
9.672563552856445
9.668792724609375
9.64343547821045
9.633848190307617
9.615143775939941
9.607682228088379
9.589974403381348
9.578601837158203
9.559099197387695
9.558791160583496
9.5429048538208
9.531243324279785
9.527022361755371
9.51672077178955
9.505516052246094
9.496786117553711
9.481013298034668
9.472273826599121
9.464983940124512
9.466564178466797
9.449831008911133
9.455588340759277
9.43266773223877
9.42775821685791
9.425840377807617
9.419780731201172
9.403681755065918
9.39564037322998
9.387408256530762
9.38171672821045
9.378172874450684
9.372879028320312
9.36581802368164
9.365400314331055
9.352286338806152
9.353256225585938
9.340231895446777
9.33981990814209
9.329815864562988
9.324220657348633
9.32275390625
9.316255569458008
9.302660942077637
9.298467636108398
9.294207572937012
9.29404067993164
9.289113998413086
9.280838966369629
9.275071144104004
9.277338981628418
9.27126407623291
9.259847640991211
9.251188278198242
9.253908157348633
9.251543045043945
no squeeze
122.16775512695312
56.66276168823242
46.31160354614258
27.40734100341797
25.4266300201416
21.137056350708008
20.473712921142578
18.633014678955078
18.275781631469727
17.178325653076172
16.94020652770996
16.181488037109375
16.01268196105957
15.443202018737793
15.309730529785156
14.861440658569336
14.758602142333984
14.404172897338867
14.317770004272461
14.017668724060059
13.943459510803223
13.694400787353516
13.63261890411377
13.418509483337402
13.366021156311035
13.183117866516113
13.135116577148438
12.968743324279785
12.927474021911621
12.782782554626465
12.747220039367676
12.625387191772461
12.589324951171875
12.475829124450684
12.44702434539795
12.352155685424805
12.323983192443848
12.239298820495605
12.218806266784668
12.132621765136719
12.109067916870117
12.050246238708496
12.021561622619629
11.95504093170166
11.938265800476074
11.881330490112305
11.866204261779785
11.818607330322266
11.803977966308594
11.758925437927246
11.74354362487793
11.704452514648438
11.692914009094238
11.656325340270996
11.646787643432617
11.61800765991211
11.60020923614502
11.571977615356445
11.569295883178711
11.547097206115723
11.524415016174316
11.50944995880127
11.500673294067383
11.495152473449707
11.479009628295898
11.451794624328613
11.449987411499023
11.425844192504883
11.43443489074707
11.415468215942383
11.405472755432129
11.390533447265625
11.387486457824707
11.376623153686523
11.368121147155762
11.356225967407227
11.35401439666748
11.346043586730957
11.338240623474121
11.32453727722168
11.328685760498047
11.316865921020508
11.320206642150879
11.312240600585938
11.302035331726074
11.299880981445312
11.2899169921875
11.285063743591309
11.285616874694824
11.27000904083252
11.268228530883789
11.262924194335938
11.258953094482422
11.269287109375
11.271032333374023
11.243459701538086
11.250139236450195
11.250338554382324
no squeeze
116.64705657958984
29.946054458618164
27.06016731262207
22.883913040161133
22.560638427734375
21.99376106262207
21.935462951660156
21.81956672668457
21.809633255004883
21.772350311279297
21.783252716064453
21.78002166748047
