no squeeze
347.1859130859375
170.92088317871094
132.5892791748047
48.089778900146484
40.40966033935547
26.060741424560547
23.80721092224121
17.301647186279297
16.0037784576416
11.937336921691895
11.095176696777344
8.421772956848145
7.845038890838623
6.003043174743652
5.60114860534668
4.306909561157227
4.026108264923096
3.1190543174743652
2.9236109256744385
2.287738084793091
2.1473371982574463
1.6915525197982788
1.5924479961395264
1.2707054615020752
1.20059072971344
0.9729387164115906
0.9216886162757874
0.7575603723526001
0.720583975315094
0.6003467440605164
0.5746406316757202
0.4881660044193268
0.4689338505268097
0.40430009365081787
0.3903575837612152
0.3428841233253479
0.3325578272342682
0.2968919575214386
0.28885719180107117
0.26246416568756104
0.2567328214645386
0.2342505007982254
0.22956249117851257
0.2143261432647705
0.2092447131872177
0.19581350684165955
0.19298315048217773
0.18226297199726105
0.17955398559570312
0.1702052354812622
0.1685168743133545
0.16203324496746063
0.15962809324264526
0.15299436450004578
0.15169228613376617
0.14701417088508606
0.1449461728334427
0.139681875705719
0.13842332363128662
0.13415361940860748
0.13305960595607758
0.12929905951023102
0.12847580015659332
0.1255158632993698
0.12474212050437927
0.12015864998102188
0.11950074136257172
0.11542578786611557
0.11489297449588776
0.11181341856718063
0.11191048473119736
0.10849680006504059
0.10787931829690933
0.10523154586553574
0.10495463013648987
0.10188555717468262
0.10107386112213135
0.09889363497495651
0.097975954413414
0.09529067575931549
0.09445615857839584
0.09216620773077011
0.09150734543800354
0.08939868211746216
0.08913134783506393
0.08684021234512329
0.08636842668056488
0.08444076031446457
0.08419959247112274
0.08186028897762299
0.08141525089740753
0.07978622615337372
0.0793817862868309
0.0775727927684784
0.07702604681253433
0.07521018385887146
0.07486710697412491
0.07336600124835968
0.07282271981239319
0.07146048545837402
0.0711178407073021
0.06993235647678375
0.06928493082523346
0.0679672360420227
0.06762433052062988
0.0668555200099945
0.0665777400135994
0.06493759155273438
0.06476664543151855
0.06355549395084381
0.0632653757929802
0.06233565881848335
0.06194748356938362
0.06123807653784752
0.060793206095695496
0.0602291040122509
0.0599866583943367
0.0589965358376503
0.05878830701112747
0.057978276163339615
0.05791960284113884
0.05714861676096916
0.05693870410323143
0.056482765823602676
0.05623992159962654
0.056128885596990585
0.05550988391041756
0.05510072410106659
0.05494312196969986
0.05448288097977638
0.0545661486685276
0.053885262459516525
0.053756266832351685
0.053395915776491165
0.05325423926115036
0.053184911608695984
0.05285238102078438
0.052688661962747574
0.05241285637021065
0.05243201181292534
0.0520552396774292
0.051827967166900635
0.051617641001939774
0.05143331363797188
0.051328908652067184
0.051177509129047394
0.05139048397541046
0.05142148211598396
no squeeze
344.424072265625
157.52354431152344
123.77957916259766
58.13135528564453
51.62351608276367
37.46537780761719
35.297359466552734
29.467161178588867
28.410057067871094
25.38751792907715
24.81397819519043
23.11200523376465
22.78340721130371
21.792678833007812
21.595911026000977
20.999868392944336
20.879655838012695
20.499197006225586
20.417755126953125
20.171669006347656
20.123435974121094
19.975055694580078
19.938514709472656
19.800975799560547
19.774221420288086
19.69767189025879
19.686914443969727
19.613981246948242
19.599491119384766
19.559659957885742
19.556716918945312
19.5130558013916
19.50401496887207
19.48406219482422
19.474454879760742
19.470455169677734
19.460195541381836
19.440471649169922
19.428361892700195
19.418781280517578
19.419485092163086
19.418537139892578
19.4124698638916
19.400596618652344
19.402334213256836
19.408079147338867
no squeeze
350.1596374511719
226.77903747558594
194.2869873046875
92.7446060180664
76.58876037597656
41.82939147949219
37.362518310546875
26.962421417236328
25.27537727355957
20.588565826416016
19.6472110748291
16.771678924560547
16.155948638916016
14.144835472106934
13.68376636505127
12.120128631591797
11.739593505859375
10.444413185119629
10.127132415771484
9.01370620727539
8.754828453063965
7.802700519561768
7.579824447631836
6.755223751068115
6.556701183319092
5.841264724731445
5.6636199951171875
5.030502796173096
4.877264022827148
4.3289923667907715
4.1959228515625
3.7149658203125
3.5987188816070557
3.1881072521209717
3.087777614593506
2.7310447692871094
2.6449522972106934
2.338144540786743
2.2642807960510254
2.002009868621826
1.9395051002502441
1.7176109552383423
1.6634125709533691
1.4745222330093384
1.4300380945205688
1.268148422241211
1.2302987575531006
1.0983116626739502
1.0654875040054321
0.9491267800331116
0.9219748973846436
0.823858916759491
0.8015483617782593
0.7194370031356812
0.7008190155029297
0.6333275437355042
0.6159468293190002
0.5583751797676086
0.5437214970588684
0.4926494359970093
0.48158684372901917
0.43822771310806274
0.4277800917625427
0.39107397198677063
0.38180673122406006
0.3522019684314728
0.3438306450843811
0.3180181086063385
0.31074872612953186
0.2892225682735443
0.28244253993034363
0.26080575585365295
0.25584402680397034
0.239263117313385
0.23474405705928802
0.21876578032970428
0.21523846685886383
0.20158128440380096
0.1983817219734192
0.18612153828144073
0.1833539456129074
0.1731475293636322
0.17058269679546356
0.16172771155834198
0.15965288877487183
0.15157906711101532
0.14934781193733215
0.14268548786640167
0.14023666083812714
0.1338621824979782
0.13200519979000092
0.12594258785247803
0.12449094653129578
0.11873559653759003
0.11797598004341125
0.11315489560365677
0.11269677430391312
0.10807882994413376
0.10695885866880417
0.1034424677491188
0.1023341491818428
0.09917525202035904
0.09828253835439682
0.09473975002765656
0.09389965981245041
0.09123262017965317
0.09062342345714569
0.08795730769634247
0.08737094700336456
0.0850449874997139
0.08430048078298569
0.08238953351974487
0.08176180720329285
0.07986786961555481
0.07912811636924744
0.07722394168376923
0.07683121412992477
0.07484836876392365
0.07448143512010574
0.07343921065330505
0.07275610417127609
0.07112105190753937
0.07065796107053757
0.06976348906755447
0.06912855058908463
0.06773973256349564
0.0675918310880661
0.06674672663211823
0.06629487127065659
0.06526228040456772
0.0649004727602005
0.06395706534385681
0.06348903477191925
0.06268597394227982
0.06230626255273819
0.0612574927508831
0.061115022748708725
0.06044924631714821
0.060197748243808746
0.05951540917158127
0.05943112447857857
0.058558639138936996
0.05841986462473869
0.05763690546154976
0.05745134875178337
0.05695426091551781
0.056980472058057785
0.056378450244665146
0.05606074631214142
0.05544844642281532
0.05542762577533722
0.054841406643390656
0.05470758303999901
0.054318252950906754
0.05413467064499855
0.05353002995252609
0.053466953337192535
0.053301818668842316
0.05298227444291115
0.052410416305065155
0.052763745188713074
0.05229317024350166
0.05204625427722931
0.05172767862677574
0.051412682980298996
0.0513569638133049
0.05105729401111603
0.05076216161251068
0.050646714866161346
0.05052570998668671
0.050393033772706985
0.04991453140974045
0.04996003955602646
0.04995468631386757
no squeeze
350.9103088378906
300.15728759765625
280.9749755859375
184.71424865722656
158.64682006835938
90.5743637084961
82.55216217041016
65.75456237792969
63.035316467285156
55.23975372314453
53.64280700683594
48.59222412109375
47.50349044799805
43.911705017089844
43.10976791381836
40.407196044921875
39.79011535644531
37.70365905761719
37.22822189331055
35.589630126953125
35.2122917175293
33.90499496459961
33.61911392211914
32.56226348876953
32.30839920043945
31.45524024963379
31.265098571777344
30.54962730407715
30.38118553161621
29.82659339904785
29.646732330322266
29.135679244995117
29.036529541015625
28.573087692260742
28.462364196777344
28.079191207885742
27.978334426879883
27.604999542236328
27.507352828979492
27.1865234375
27.081266403198242
26.751920700073242
26.666751861572266
26.364282608032227
26.289979934692383
25.970783233642578
25.883670806884766
25.56610107421875
25.488210678100586
25.173675537109375
25.100452423095703
24.784568786621094
24.70410919189453
24.392457962036133
24.311626434326172
23.984905242919922
23.902294158935547
23.59841537475586
23.50438117980957
23.17578125
23.091623306274414
22.77340316772461
22.690715789794922
22.37236976623535
22.304845809936523
21.970050811767578
21.907548904418945
21.56332778930664
21.469730377197266
21.1682071685791
21.07088279724121
20.756103515625
20.670804977416992
20.371274948120117
20.285886764526367
19.997751235961914
19.913724899291992
19.622703552246094
19.5456485748291
19.26426887512207
19.188003540039062
18.923095703125
18.850740432739258
18.590333938598633
18.522979736328125
18.28516960144043
18.220426559448242
17.989286422729492
17.919544219970703
17.71194076538086
17.658395767211914
17.46395492553711
17.398967742919922
17.221193313598633
17.171466827392578
16.994659423828125
16.9547061920166
16.805395126342773
16.749174118041992
16.599628448486328
16.55770492553711
16.424020767211914
16.39100456237793
16.266075134277344
16.228742599487305
16.10982894897461
16.087865829467773
15.979413032531738
15.949594497680664
15.861006736755371
15.82690715789795
15.728095054626465
15.709228515625
15.629729270935059
15.598954200744629
15.513855934143066
15.492616653442383
15.425370216369629
15.396885871887207
15.320408821105957
15.301309585571289
15.239856719970703
15.21975040435791
15.145472526550293
15.127793312072754
15.080789566040039
15.055705070495605
15.007132530212402
14.986069679260254
14.925232887268066
14.910111427307129
14.876251220703125
14.85073471069336
14.80036735534668
14.79089069366455
14.746788024902344
14.729005813598633
14.688660621643066
14.674056053161621
14.630881309509277
14.614877700805664
14.591371536254883
14.571109771728516
14.543834686279297
14.524304389953613
14.495131492614746
14.487503051757812
14.442435264587402
14.436291694641113
14.414153099060059
14.393800735473633
14.353934288024902
14.354325294494629
14.331232070922852
14.317935943603516
14.290492057800293
14.287120819091797
14.259571075439453
14.250274658203125
14.237707138061523
14.226031303405762
14.199594497680664
14.195003509521484
14.16747760772705
14.156661033630371
14.136996269226074
14.129204750061035
14.124167442321777
14.105356216430664
14.079334259033203
14.076767921447754
14.073055267333984
14.055556297302246
14.039921760559082
14.022384643554688
14.008020401000977
14.002888679504395
13.98996639251709
13.977185249328613
13.976923942565918
13.96552562713623
13.948854446411133
13.944297790527344
13.929478645324707
13.92290210723877
13.907190322875977
13.911800384521484
13.886956214904785
13.882317543029785
13.867865562438965
13.857539176940918
13.851747512817383
13.83837604522705
13.836638450622559
13.82848834991455
13.807126998901367
13.809976577758789
13.81054401397705
no squeeze
347.90093994140625
201.80828857421875
170.85472106933594
89.58452606201172
78.24578857421875
54.26218795776367
50.77723693847656
41.66761779785156
40.01388931274414
35.21457290649414
34.26583480834961
31.290454864501953
30.676145553588867
28.670856475830078
28.239046096801758
26.7835636138916
26.457000732421875
25.34320068359375
25.087852478027344
24.210163116455078
24.00043296813965
23.269092559814453
23.096036911010742
22.49695587158203
22.345605850219727
21.833599090576172
21.709989547729492
21.277971267700195
21.170408248901367
20.798147201538086
20.707984924316406
20.37632942199707
20.296937942504883
20.016014099121094
19.945674896240234
19.701202392578125
19.64299964904785
19.425710678100586
19.37357521057129
19.18728256225586
19.13541603088379
18.976003646850586
18.93204116821289
18.786346435546875
18.747024536132812
18.614015579223633
18.588064193725586
18.475910186767578
18.439489364624023
18.343332290649414
18.313791275024414
18.22197723388672
18.197683334350586
18.117183685302734
18.090965270996094
18.017709732055664
17.999177932739258
17.926713943481445
17.91200828552246
17.839595794677734
17.826984405517578
17.770532608032227
17.75155258178711
17.697181701660156
17.679241180419922
17.634647369384766
17.619497299194336
17.5770206451416
17.56246566772461
17.52638816833496
17.512910842895508
17.46592903137207
17.45524787902832
17.419490814208984
17.409767150878906
17.3795108795166
17.366304397583008
17.33249855041504
17.32047462463379
17.29481315612793
17.28132438659668
17.253398895263672
17.246564865112305
17.22486114501953
17.213520050048828
17.19646644592285
17.17881202697754
17.161663055419922
17.152490615844727
17.139829635620117
17.12652015686035
17.097318649291992
17.092897415161133
17.081939697265625
17.072200775146484
17.06346321105957
17.050573348999023
17.025896072387695
17.021621704101562
17.01175308227539
17.013961791992188
16.992713928222656
16.98513412475586
16.972625732421875
16.970041275024414
16.95333480834961
16.949968338012695
16.946426391601562
16.93412971496582
16.9221248626709
16.919654846191406
16.908960342407227
16.899396896362305
16.908069610595703
16.896665573120117
16.88671112060547
16.880971908569336
16.85917091369629
16.859804153442383
16.857126235961914
16.858295440673828
16.848731994628906
16.84030532836914
16.832304000854492
16.839021682739258
16.831254959106445
16.827970504760742
16.817752838134766
16.80978012084961
16.801692962646484
16.794574737548828
16.800729751586914
16.791955947875977
16.794801712036133
16.79065704345703
16.76885414123535
16.772125244140625
16.77508544921875
no squeeze
341.21612548828125
84.0277328491211
64.11139678955078
42.21937942504883
40.387001037597656
37.23537826538086
36.94014358520508
36.35603713989258
36.2786865234375
36.10459899902344
36.09044647216797
36.00983428955078
35.983680725097656
35.948646545410156
35.939796447753906
35.93269348144531
35.90437316894531
35.9276123046875
35.896854400634766
35.91033935546875
35.933231353759766
35.89235305786133
35.89125442504883
35.8732795715332
35.87620544433594
35.873756408691406
