no squeeze
6.880878448486328
0.9702008962631226
0.7653439044952393
0.40162786841392517
0.35302168130874634
0.23764917254447937
0.2198535054922104
0.17735084891319275
0.17122650146484375
0.15661312639713287
0.15526479482650757
0.1504787802696228
0.14990276098251343
0.1487773060798645
0.1487656831741333
0.14806273579597473
0.1481698453426361
0.14790746569633484
0.1485794633626938
0.1477762758731842
0.14770999550819397
0.14785562455654144
0.1473577618598938
0.14739850163459778
0.14750073850154877
0.14788292348384857
no squeeze
6.200255393981934
1.2714910507202148
1.1130177974700928
0.840303897857666
0.804199755191803
0.7204407453536987
0.70747309923172
0.6756396889686584
0.6708924174308777
0.6603387594223022
0.6581498980522156
0.6541972756385803
0.6558104753494263
0.6526117324829102
0.6524251699447632
0.6531170010566711
0.6536564230918884
0.6521610617637634
0.6534925699234009
0.6552028656005859
no squeeze
7.01970100402832
1.1207150220870972
0.8484175801277161
0.39311909675598145
0.3404092788696289
0.2155381441116333
0.19607268273830414
0.14391128718852997
0.1349485069513321
0.1099025085568428
0.10507208108901978
0.09150101989507675
0.08863861113786697
0.07990212738513947
0.07809402048587799
0.07241620868444443
0.07107894122600555
0.06714117527008057
0.06637083739042282
0.06350458413362503
0.06294963508844376
0.061234213411808014
0.06076841801404953
0.05935477465391159
0.05887850373983383
0.05796156823635101
0.057731255888938904
0.05695364624261856
0.05676509812474251
0.05598815158009529
0.05593448504805565
0.05563630163669586
0.0554085336625576
0.05510509014129639
0.05508304387331009
0.054724205285310745
0.05470001697540283
0.05456550419330597
0.054469894617795944
0.054248444736003876
0.054286208003759384
0.054097987711429596
0.054052818566560745
0.05389920622110367
0.05404016748070717
0.05385949835181236
0.053877390921115875
0.05370189622044563
0.05376223102211952
0.05372120440006256
no squeeze
7.407044410705566
3.2113358974456787
2.8438479900360107
2.1675901412963867
2.0744001865386963
1.8243303298950195
1.7746570110321045
1.6230247020721436
1.5852539539337158
1.475411295890808
1.451081395149231
1.3711304664611816
1.3553763628005981
1.2914586067199707
1.2812175750732422
1.2339760065078735
1.227312445640564
1.198079228401184
1.1882084608078003
1.1702989339828491
1.1620509624481201
1.1466621160507202
1.1431035995483398
1.1353780031204224
1.1284704208374023
1.114969253540039
1.1131783723831177
1.1058335304260254
1.0994623899459839
1.090770959854126
1.088579535484314
1.0832868814468384
1.0778836011886597
1.0681480169296265
1.0654397010803223
1.0562894344329834
1.05375337600708
1.0408194065093994
1.0375858545303345
1.0271668434143066
1.0233358144760132
1.0124248266220093
1.0092195272445679
0.9942806363105774
0.9908767342567444
0.9821291565895081
0.9730908274650574
0.9557392001152039
0.95330810546875
0.9366694092750549
0.9308479428291321
0.9126542210578918
0.912137508392334
0.8910254836082458
0.8891564011573792
0.8729903697967529
0.8707388043403625
0.860763430595398
0.8583875298500061
0.853352427482605
0.8498765230178833
0.8439126014709473
0.8429906368255615
0.8368698954582214
0.8351491689682007
0.8322605490684509
0.8327548503875732
0.8283475637435913
0.826502799987793
0.8237654566764832
0.8217490911483765
0.821211040019989
0.8221272826194763
0.8173655271530151
0.8161160945892334
0.8144038915634155
0.8125808835029602
0.8114755153656006
0.8109879493713379
0.8073020577430725
0.8092437982559204
0.8069036602973938
0.8048720359802246
0.8019501566886902
0.8012455105781555
0.8003854155540466
0.7993723750114441
0.7968869209289551
0.7965309619903564
0.7958271503448486
0.7966784238815308
0.792651891708374
0.79365074634552
0.7925686240196228
0.7897319793701172
0.7867123484611511
0.7863911986351013
0.7858626842498779
0.7904974222183228
0.785945475101471
no squeeze
6.892105579376221
1.8313186168670654
1.6389368772506714
1.284751057624817
1.2400085926055908
1.1268035173416138
1.108923316001892
1.0497430562973022
1.0378667116165161
0.9948693513870239
0.9872959852218628
0.9560645222663879
0.9512428045272827
0.9209084510803223
0.9152050018310547
0.8943514227867126
0.8864428997039795
0.8722444176673889
0.8656321167945862
0.8492534756660461
0.8461342453956604
0.8375181555747986
0.8336262106895447
0.8267290592193604
0.823157787322998
0.8166520595550537
0.8122243881225586
0.8082833290100098
0.8066913485527039
0.8026062846183777
0.8057157397270203
0.7954835295677185
0.7947778701782227
0.793679416179657
0.7920826077461243
0.7904232740402222
0.7892166972160339
0.7887780070304871
0.787604808807373
0.7859978675842285
0.7840959429740906
0.7830937504768372
0.782788872718811
0.7816177010536194
0.7805114388465881
0.7800724506378174
0.7800018787384033
0.7811380624771118
0.7777385711669922
0.7768398523330688
0.776375949382782
0.7759066224098206
0.7750902771949768
0.7759891748428345
0.7760820984840393
0.7746065258979797
0.7751843333244324
0.7739913463592529
0.7730494737625122
0.7740520238876343
0.7736964225769043
0.7741960883140564
no squeeze
6.180173397064209
1.6031501293182373
1.5702184438705444
1.5361826419830322
1.534415602684021
1.5396530628204346
1.5361896753311157
1.5316240787506104
1.532390832901001
1.5350761413574219
