no squeeze
229.6322784423828
93.83748626708984
74.89242553710938
48.34684371948242
45.68690872192383
38.47211456298828
37.070167541503906
32.64122009277344
31.69366455078125
28.50932502746582
27.815176010131836
25.50111961364746
24.990848541259766
23.30706214904785
22.94085693359375
21.743425369262695
21.492563247680664
20.658456802368164
20.48048210144043
19.918214797973633
19.79986572265625
19.42216682434082
19.339120864868164
19.093395233154297
19.041980743408203
18.861595153808594
18.83284568786621
18.726511001586914
18.71132469177246
18.625024795532227
18.60630226135254
18.541629791259766
18.53369140625
18.529388427734375
18.496267318725586
18.47817611694336
18.473163604736328
18.445276260375977
18.455242156982422
18.436668395996094
18.436246871948242
18.415170669555664
18.411928176879883
18.407466888427734
18.408634185791016
18.42392921447754
no squeeze
230.91123962402344
118.89849853515625
96.85902404785156
50.471961975097656
45.36333084106445
32.8443603515625
30.643991470336914
24.03608512878418
22.751070022583008
18.733999252319336
17.894418716430664
15.238630294799805
14.687336921691895
12.957594871520996
12.595306396484375
11.490045547485352
11.252120018005371
10.528119087219238
10.391355514526367
9.969192504882812
9.885235786437988
9.632378578186035
9.579634666442871
9.423016548156738
9.38155746459961
9.280143737792969
9.258885383605957
9.196557998657227
9.179459571838379
9.13111686706543
9.120523452758789
9.087334632873535
9.083043098449707
9.058362007141113
9.05138874053955
9.028032302856445
9.023602485656738
9.015206336975098
9.00859260559082
8.989753723144531
8.988389015197754
8.980374336242676
8.9804048538208
8.955533981323242
8.961694717407227
8.956908226013184
no squeeze
234.43734741210938
155.39564514160156
133.83396911621094
65.71516418457031
56.064857482910156
39.1689338684082
36.865421295166016
30.259737014770508
28.87742805480957
24.36931610107422
23.360843658447266
19.846609115600586
19.041393280029297
16.1777286529541
15.496034622192383
13.108718872070312
12.541449546813965
10.567893028259277
10.106528282165527
8.511815071105957
8.143559455871582
6.88539981842041
6.598965167999268
5.625046730041504
5.405664920806885
4.665396213531494
4.499319076538086
3.93680477142334
3.8124330043792725
3.3917787075042725
3.298354148864746
2.982273578643799
2.9099087715148926
2.666532278060913
2.6117029190063477
2.4316563606262207
2.3865468502044678
2.2402451038360596
2.2081661224365234
2.0985934734344482
2.072537422180176
1.9826557636260986
1.9618691205978394
1.891202449798584
1.8750739097595215
1.8195594549179077
1.8050657510757446
1.7547286748886108
1.7443602085113525
1.7072334289550781
1.6973116397857666
1.663482427597046
1.655791163444519
1.6292418241500854
1.6221555471420288
1.5985451936721802
1.593283772468567
1.573764681816101
1.567260980606079
1.5491411685943604
1.5447968244552612
1.5295507907867432
1.526302456855774
1.513535976409912
1.5100674629211426
1.4984614849090576
1.4954026937484741
1.4837926626205444
1.4821327924728394
1.4720226526260376
1.4707386493682861
1.461666464805603
1.4603095054626465
1.4512689113616943
1.4493108987808228
1.4441564083099365
1.4423227310180664
1.4354280233383179
1.4335254430770874
1.427765130996704
1.4274448156356812
1.4212367534637451
1.419753074645996
1.4160418510437012
1.414297342300415
1.410617709159851
1.4097062349319458
1.4054474830627441
1.40489661693573
1.4013835191726685
1.400262475013733
1.3964811563491821
1.3952388763427734
1.3930754661560059
1.392104983329773
1.3890864849090576
1.3888920545578003
1.3852524757385254
1.3849552869796753
1.3823323249816895
1.382524013519287
1.3803709745407104
1.3793479204177856
1.3774385452270508
1.3771523237228394
1.375359296798706
1.3741605281829834
1.3718289136886597
1.3721721172332764
1.3703376054763794
1.3696589469909668
1.3680123090744019
1.3676035404205322
1.3663004636764526
1.3655515909194946
1.3641198873519897
1.363396406173706
1.3628336191177368
1.362130045890808
1.3606138229370117
1.3602834939956665
1.3585056066513062
1.3590275049209595
1.3574342727661133
1.3571146726608276
1.3560858964920044
1.3572636842727661
1.354854941368103
1.3541849851608276
1.3543140888214111
1.3538486957550049
1.352230191230774
1.3519972562789917
1.352255940437317
1.351090908050537
1.3499151468276978
1.3495591878890991
1.3489323854446411
1.3485145568847656
1.348374843597412
1.3472843170166016
1.3462142944335938
1.3462727069854736
1.346523404121399
no squeeze
235.26837158203125
205.46572875976562
194.56146240234375
138.54608154296875
122.97628021240234
81.3573226928711
75.802978515625
62.775062561035156
60.59672927856445
54.39992141723633
53.18459701538086
49.35036087036133
48.51658248901367
45.746097564697266
45.123287200927734
42.99407196044922
42.489933013916016
40.72218704223633
40.30783462524414
38.87036895751953
38.491825103759766
37.1887321472168
36.884830474853516
35.73300552368164
35.442684173583984
34.41402053833008
34.150962829589844
33.16408920288086
32.90871810913086
31.997425079345703
31.766185760498047
30.893980026245117
30.666418075561523
29.84994888305664
29.634441375732422
28.83922004699707
28.63263511657715
27.882999420166016
27.691560745239258
26.97264289855957
26.78290557861328
26.111879348754883
25.93214988708496
25.289125442504883
25.126054763793945
24.522977828979492
24.3675479888916
23.812402725219727
23.66777801513672
23.129886627197266
22.997167587280273
22.515138626098633
22.3876953125
21.950899124145508
21.832494735717773
21.424386978149414
21.310447692871094
20.934038162231445
20.83757209777832
20.486572265625
20.41327667236328
20.073455810546875
19.98996353149414
19.697511672973633
19.61777687072754
19.3570556640625
19.28712272644043
19.030324935913086
18.984270095825195
18.74382972717285
18.685688018798828
18.480152130126953
18.414630889892578
18.22060203552246
18.162141799926758
17.992908477783203
17.94403076171875
17.786184310913086
17.73314094543457
17.57383155822754
17.549619674682617
17.4190616607666
17.377870559692383
17.2611083984375
17.221506118774414
17.116134643554688
17.07164192199707
16.97467041015625
16.94439697265625
16.88138771057129
16.837656021118164
16.748708724975586
16.712369918823242
16.65622901916504
16.614572525024414
16.544418334960938
16.514738082885742
16.46546745300293
16.439476013183594
16.38827133178711
16.362003326416016
16.304813385009766
16.288118362426758
16.248018264770508
16.227014541625977
16.176082611083984
16.16828727722168
16.121076583862305
16.107707977294922
16.06178092956543
16.051921844482422
16.034513473510742
16.0090274810791
15.973407745361328
15.951930046081543
15.914481163024902
15.905314445495605
15.880670547485352
15.868781089782715
15.834537506103516
15.822715759277344
15.802684783935547
15.788783073425293
15.766352653503418
15.74413776397705
15.72123908996582
15.705078125
15.682130813598633
15.670907974243164
15.656977653503418
15.641725540161133
15.625531196594238
15.6140718460083
15.592768669128418
15.587921142578125
15.561880111694336
15.554281234741211
15.529464721679688
15.516709327697754
15.506455421447754
15.494194984436035
15.476638793945312
15.465885162353516
15.451869010925293
15.445601463317871
15.427689552307129
15.416013717651367
15.416853904724121
15.398188591003418
15.385228157043457
15.383346557617188
15.36833381652832
15.349130630493164
15.337600708007812
15.323591232299805
15.32204532623291
15.317081451416016
15.292387008666992
15.284590721130371
15.278336524963379
15.266343116760254
15.253571510314941
15.25283432006836
15.234465599060059
15.231649398803711
15.215073585510254
15.210123062133789
15.182196617126465
15.186568260192871
15.176279067993164
15.172066688537598
15.160462379455566
15.14362907409668
15.140393257141113
15.136964797973633
15.115516662597656
15.111916542053223
15.109435081481934
15.107747077941895
15.088876724243164
15.086682319641113
15.06911563873291
15.066865921020508
15.069154739379883
15.051258087158203
15.038830757141113
15.018736839294434
15.023655891418457
15.022795677185059
14.99819564819336
14.98859977722168
14.975379943847656
14.967122077941895
14.97360897064209
14.964231491088867
14.949041366577148
14.94509506225586
14.953703880310059
14.939017295837402
14.927334785461426
no squeeze
231.22625732421875
123.5990982055664
104.35939025878906
64.43665313720703
59.974273681640625
49.695865631103516
47.983482360839844
42.9897575378418
41.96935272216797
38.67697525024414
37.96598815917969
35.55903625488281
35.009193420410156
33.10875701904297
32.674503326416016
31.14178466796875
30.763484954833984
29.48090362548828
29.183143615722656
28.095237731933594
27.832002639770508
26.91709327697754
26.691558837890625
25.9030704498291
25.715648651123047
25.032278060913086
24.892854690551758
24.292490005493164
24.149213790893555
23.669767379760742
23.52899169921875
23.1022891998291
22.99016761779785
22.61483383178711
22.523517608642578
22.1831111907959
22.094385147094727
21.818090438842773
21.74785614013672
21.5040283203125
21.446533203125
21.21912956237793
21.16284942626953
20.96726417541504
20.91291618347168
20.751310348510742
20.713035583496094
20.566753387451172
20.520626068115234
20.38987922668457
20.350101470947266
20.24136734008789
20.219928741455078
20.109331130981445
20.080427169799805
19.986249923706055
19.9730167388916
19.889636993408203
19.857389450073242
19.7860164642334
19.754804611206055
19.691579818725586
19.684839248657227
19.61900520324707
19.610658645629883
19.553232192993164
19.52876091003418
19.47810173034668
19.464643478393555
19.41792106628418
19.409717559814453
19.3637638092041
19.350252151489258
19.32761573791504
19.305727005004883
19.27003288269043
19.251373291015625
19.219846725463867
19.207359313964844
19.181238174438477
19.180404663085938
19.1574764251709
19.138553619384766
19.09946632385254
19.07969093322754
19.06722640991211
19.06074333190918
19.036296844482422
19.023530960083008
18.99224090576172
19.00093650817871
18.972105026245117
18.961410522460938
18.94752311706543
18.93666648864746
18.9258975982666
18.901052474975586
18.887924194335938
18.88202476501465
18.880126953125
18.876380920410156
18.848970413208008
18.840391159057617
18.823570251464844
18.823543548583984
18.8266544342041
18.798274993896484
18.786954879760742
18.787687301635742
18.78158187866211
18.781511306762695
18.752445220947266
18.75641632080078
18.738380432128906
18.72689437866211
18.734943389892578
18.718334197998047
18.708206176757812
18.70374298095703
18.702392578125
18.699169158935547
18.680940628051758
18.68482780456543
18.688945770263672
no squeeze
223.80494689941406
72.78022003173828
62.50205612182617
51.88021469116211
50.801578521728516
48.6407470703125
48.3549690246582
47.73569869995117
47.648277282714844
47.442752838134766
47.4161376953125
47.34115219116211
47.325843811035156
47.304141998291016
47.292572021484375
47.29218292236328
47.293479919433594
47.27883529663086
47.283138275146484
47.276485443115234
47.27677917480469
47.28291320800781
