no squeeze
151.30670166015625
61.511878967285156
49.0173225402832
29.5053653717041
27.494083404541016
22.427181243896484
21.501811981201172
18.750999450683594
18.190462112426758
16.344802856445312
15.94789981842041
14.581714630126953
14.286764144897461
13.27695083618164
13.047836303710938
12.279682159423828
12.101624488830566
11.52755069732666
11.393647193908691
10.98544979095459
10.895113945007324
10.6117525100708
10.551278114318848
10.353742599487305
10.315409660339355
10.1880521774292
10.155617713928223
10.06927490234375
10.053747177124023
9.993819236755371
9.979154586791992
9.944051742553711
9.930545806884766
9.902327537536621
9.892342567443848
9.878181457519531
9.870828628540039
9.848819732666016
9.854204177856445
9.839123725891113
9.837492942810059
9.816020011901855
9.821183204650879
9.809149742126465
9.809913635253906
9.79776668548584
9.794912338256836
9.79502010345459
9.790412902832031
9.785293579101562
9.793169021606445
9.784899711608887
9.791716575622559
9.791004180908203
no squeeze
150.52520751953125
59.47676467895508
46.21807861328125
25.058917999267578
22.6882266998291
16.62981414794922
15.57223892211914
12.438553810119629
11.787379264831543
9.784696578979492
9.369378089904785
8.082449913024902
7.822589874267578
7.0256123542785645
6.864874362945557
6.386291980743408
6.294220924377441
6.027067184448242
5.976743221282959
5.8282976150512695
5.800529479980469
5.722009181976318
5.70706033706665
5.661710739135742
5.655783653259277
5.6272358894348145
5.620169639587402
5.612292289733887
5.601475238800049
5.592101573944092
5.5874409675598145
5.587128639221191
5.581609725952148
5.576887607574463
5.5786285400390625
5.5709004402160645
5.570873737335205
5.573484897613525
5.568047523498535
5.568442344665527
5.56437349319458
5.569619655609131
5.5731377601623535
5.5638017654418945
5.560972690582275
5.560531139373779
5.561924457550049
5.563239574432373
no squeeze
151.1633758544922
96.58271789550781
82.89981079101562
40.88633346557617
34.1542854309082
19.532756805419922
17.604778289794922
12.8173246383667
11.952994346618652
9.347015380859375
8.803264617919922
7.049190998077393
6.674304485321045
5.42415189743042
5.145249843597412
4.222471714019775
4.017035961151123
3.3319222927093506
3.181706428527832
2.6807069778442383
2.569138288497925
2.2022321224212646
2.119913339614868
1.8473695516586304
1.7868947982788086
1.5862336158752441
1.5412826538085938
1.3916652202606201
1.3575761318206787
1.241599202156067
1.2158986330032349
1.1266148090362549
1.1069767475128174
1.0393881797790527
1.0232187509536743
0.9684397578239441
0.956180989742279
0.9146301746368408
0.9039523601531982
0.8679193258285522
0.8605665564537048
0.8329388499259949
0.8265774846076965
0.8030790686607361
0.7980738282203674
0.7808377146720886
0.7762937545776367
0.7610457539558411
0.7571195960044861
0.7442804574966431
0.7413175702095032
0.7292376160621643
0.7267710566520691
0.7180798053741455
0.7156804800033569
0.7075682878494263
0.7058969736099243
0.6988009810447693
0.6966884732246399
0.6911848187446594
0.6893205046653748
0.6834184527397156
0.6826880574226379
0.6776180267333984
0.6762997508049011
0.6721018552780151
0.6712100505828857
0.6669708490371704
0.6662145853042603
0.6627218127250671
0.6617257595062256
0.6577898263931274
0.6572617888450623
0.6541674733161926
0.6536699533462524
0.6509827375411987
0.6503624320030212
0.6477546691894531
0.6469593644142151
0.6449057459831238
0.643940806388855
0.6418253183364868
0.6413757801055908
0.6393455266952515
0.6389036178588867
0.6371097564697266
0.6364829540252686
0.6347091197967529
0.6341350674629211
0.6327897906303406
0.632128894329071
0.6309062242507935
0.6307030916213989
0.6292904615402222
0.628810465335846
0.6274358034133911
0.6272256374359131
0.6263630986213684
0.6256644129753113
0.6245749592781067
0.6244654655456543
0.6232845187187195
0.6234238743782043
0.6228811144828796
0.6220869421958923
0.6213036775588989
0.6209862232208252
0.6199237108230591
0.6203358173370361
0.619330644607544
0.6192311644554138
0.6185224652290344
0.6183709502220154
0.6180083155632019
0.6177335381507874
0.6175575852394104
0.6169578433036804
0.6160143613815308
0.6163360476493835
0.6155940890312195
0.6155816316604614
0.615880012512207
0.6149868369102478
0.6152519583702087
0.6143726706504822
0.6136833429336548
0.6144437193870544
0.6138973236083984
no squeeze
152.70867919921875
117.25767517089844
106.17461395263672
66.22172546386719
59.28026580810547
44.8835563659668
42.738712310791016
37.05351638793945
36.03731918334961
32.958702087402344
32.31365203857422
30.333730697631836
29.889060974121094
28.473731994628906
28.15511131286621
27.0898494720459
26.848636627197266
26.025493621826172
25.814395904541016
25.10002899169922
24.93410301208496
24.36180877685547
24.217430114746094
23.743722915649414
23.585960388183594
23.135419845581055
23.027902603149414
22.625606536865234
22.524024963378906
22.148677825927734
22.06757354736328
21.70924186706543
21.613908767700195
21.28046417236328
21.1954345703125
20.86971664428711
20.788122177124023
20.470182418823242
20.420516967773438
20.09663963317871
20.00483512878418
19.702096939086914
19.61943817138672
19.329795837402344
19.25033187866211
18.954679489135742
18.883533477783203
18.573036193847656
18.49012565612793
18.19875144958496
18.142629623413086
17.86121940612793
17.765527725219727
17.483722686767578
17.40521240234375
17.12693977355957
17.088468551635742
16.801828384399414
16.710378646850586
16.445518493652344
16.372936248779297
16.12186050415039
16.051244735717773
15.787217140197754
15.715219497680664
15.483024597167969
15.425338745117188
15.184259414672852
15.131447792053223
14.909431457519531
14.853068351745605
14.63952350616455
14.58520221710205
14.405177116394043
14.346790313720703
14.166646957397461
14.112627983093262
13.95407772064209
13.90546989440918
13.750420570373535
13.716741561889648
13.574986457824707
13.541250228881836
13.413961410522461
13.378958702087402
13.265422821044922
13.23022174835205
13.143731117248535
13.12398910522461
13.017444610595703
12.996807098388672
12.925914764404297
12.899200439453125
12.824591636657715
12.79736042022705
12.725857734680176
12.705839157104492
12.647400856018066
12.63219165802002
12.576770782470703
12.56569766998291
12.515473365783691
12.494339942932129
12.452850341796875
12.435441017150879
12.40050983428955
12.376462936401367
12.33689022064209
12.323978424072266
12.283658981323242
12.272032737731934
12.250673294067383
12.230363845825195
12.194583892822266
12.189310073852539
12.160553932189941
12.134040832519531
12.108824729919434
12.089303016662598
12.066903114318848
12.051690101623535
12.016770362854004
12.021430969238281
11.988208770751953
11.980960845947266
11.951369285583496
11.95260238647461
11.920083999633789
11.905919075012207
11.889042854309082
11.88061237335205
11.856790542602539
11.848194122314453
11.822219848632812
11.81983470916748
11.793928146362305
11.794876098632812
11.775885581970215
11.76207160949707
11.728578567504883
11.72972583770752
11.712137222290039
11.70723819732666
11.698220252990723
11.686107635498047
11.667224884033203
11.671401977539062
11.64748477935791
11.649322509765625
11.635397911071777
11.6192626953125
11.619725227355957
11.592092514038086
11.585457801818848
11.570967674255371
11.562304496765137
11.553227424621582
11.548822402954102
11.532346725463867
11.520065307617188
11.520318031311035
11.508459091186523
11.504354476928711
11.489890098571777
11.474862098693848
11.47641372680664
11.472243309020996
11.458113670349121
11.4434232711792
11.442556381225586
11.431708335876465
11.428781509399414
11.410430908203125
11.398131370544434
11.395062446594238
11.37964153289795
11.38361644744873
11.369844436645508
11.359118461608887
11.360198974609375
11.342967987060547
11.334542274475098
11.335700988769531
11.338979721069336
no squeeze
150.7876739501953
83.9380874633789
70.7321548461914
42.82392501831055
40.0281982421875
33.39055252075195
32.152008056640625
28.37251091003418
27.57752799987793
25.042255401611328
24.48760986328125
22.672367095947266
22.274267196655273
20.943634033203125
20.648569107055664
19.645095825195312
19.41132354736328
18.62523651123047
18.43766212463379
17.7857608795166
17.634281158447266
17.097963333129883
16.965797424316406
16.514760971069336
16.408544540405273
16.025814056396484
15.936260223388672
15.604690551757812
15.528231620788574
15.244771957397461
15.177596092224121
14.951765060424805
14.888031005859375
14.678552627563477
14.627939224243164
14.446609497070312
14.40588665008545
14.256220817565918
14.2149658203125
14.084884643554688
14.052921295166016
13.935173034667969
13.901576042175293
13.793145179748535
13.77214527130127
13.67517375946045
13.654875755310059
13.563366889953613
13.5394287109375
13.46684741973877
13.448042869567871
13.376984596252441
13.363819122314453
13.305305480957031
13.282750129699707
13.224527359008789
13.208372116088867
13.15707778930664
13.139263153076172
13.098915100097656
13.084964752197266
13.038750648498535
13.028512001037598
12.99499225616455
12.97962474822998
12.941410064697266
12.930510520935059
12.891866683959961
12.883353233337402
12.853947639465332
12.850907325744629
12.816308975219727
12.812175750732422
12.792097091674805
12.775188446044922
12.749959945678711
12.755208969116211
12.734139442443848
12.719864845275879
12.699624061584473
12.6961669921875
12.664481163024902
12.66652774810791
12.666893005371094
no squeeze
147.5971221923828
35.204959869384766
33.07762908935547
29.720754623413086
29.340213775634766
28.421234130859375
28.265270233154297
27.848459243774414
27.788148880004883
27.65336799621582
27.597187042236328
27.535356521606445
27.53338050842285
27.552824020385742
27.50948715209961
27.494089126586914
27.4942569732666
27.490856170654297
27.51258659362793
27.49510383605957
