no squeeze
53.378265380859375
7.649441719055176
6.224573135375977
3.2729945182800293
2.860295057296753
1.7679461240768433
1.569774866104126
1.005033254623413
0.8994370698928833
0.5859790444374084
0.5269627571105957
0.35256099700927734
0.3192311227321625
0.22084303200244904
0.2018297016620636
0.14558489620685577
0.13447435200214386
0.1021151915192604
0.0957428365945816
0.07666308432817459
0.07290555536746979
0.06147867068648338
0.059129294008016586
0.052108775824308395
0.050658538937568665
0.046360500156879425
0.04539420083165169
0.04257991164922714
0.04201437532901764
0.04051816463470459
0.04000508785247803
0.038850076496601105
0.03860154375433922
0.03782219439744949
0.0376025028526783
0.037138231098651886
0.036988694220781326
0.03669579327106476
0.03657340630888939
0.03634713962674141
0.03639374300837517
0.036166924983263016
0.03609568625688553
0.03596461936831474
0.03593822568655014
0.0358961820602417
0.03586278110742569
0.03588004410266876
0.03580798581242561
0.03588090464472771
0.03577687591314316
0.035749711096286774
0.035798538476228714
0.035696882754564285
0.035722516477108
0.035740166902542114
no squeeze
53.423404693603516
9.639918327331543
7.150604724884033
3.506420612335205
3.004788398742676
1.6832302808761597
1.4439276456832886
0.7931420803070068
0.6768210530281067
0.3732011318206787
0.3233928680419922
0.19655895233154297
0.17571492493152618
0.12380557507276535
0.11471875756978989
0.09119702130556107
0.08746423572301865
0.0768018290400505
0.07499232888221741
0.06959207355976105
0.06872532516717911
0.06547914445400238
0.06479006260633469
0.06301140785217285
0.06274732947349548
0.06094640865921974
0.06066226214170456
0.05952008441090584
0.0591730996966362
0.05814426764845848
0.05790470913052559
0.057000283151865005
0.05681924149394035
0.05589893087744713
0.05571015551686287
0.05492178350687027
0.05474305525422096
0.054021790623664856
0.05390193685889244
0.05319734662771225
0.053086455911397934
0.05246533825993538
0.05246971175074577
0.05163463577628136
0.05135256052017212
0.05073501542210579
0.05063529685139656
0.0502881221473217
0.05020490661263466
0.04958929494023323
0.049549490213394165
0.049129851162433624
0.0490574985742569
0.048516593873500824
0.04842632636427879
0.047994185239076614
0.047995857894420624
0.047642625868320465
0.047588616609573364
0.047283947467803955
0.04717791825532913
0.04696570709347725
0.04702630266547203
0.0467074029147625
0.04661049321293831
0.046447765082120895
0.046400152146816254
0.04620622098445892
0.04614882171154022
0.04603375867009163
0.04600052908062935
0.04584013298153877
0.045878004282712936
0.04560882970690727
0.0457179918885231
0.04558486118912697
0.04556873068213463
0.04554152488708496
0.04549957066774368
0.04534777253866196
0.04533357545733452
0.0452541783452034
0.04527343064546585
0.04523612931370735
0.04521801695227623
0.04516778513789177
0.04509717971086502
0.04506998509168625
0.04510410502552986
0.04509171470999718
no squeeze
54.26980972290039
15.849305152893066
12.148441314697266
6.364923477172852
5.5699591636657715
3.4574379920959473
3.068471908569336
1.9816657304763794
1.7839418649673462
1.2029858827590942
1.0889605283737183
0.756811261177063
0.6900405287742615
0.49235907196998596
0.4553559422492981
0.3375610113143921
0.3133871257305145
0.23757287859916687
0.22206991910934448
0.17470011115074158
0.16441607475280762
0.13104887306690216
0.1250864714384079
0.10305368155241013
0.0988004058599472
0.08563119918107986
0.08206218481063843
0.07116036117076874
0.0688677504658699
0.06152386590838432
0.05983702093362808
0.05455581843852997
0.05340726673603058
0.049919966608285904
0.048888348042964935
0.046175044029951096
0.04553471878170967
0.043518371880054474
0.04299420863389969
0.04126197472214699
0.04115566983819008
0.040029238909482956
0.039586141705513
0.0384303480386734
0.03827198967337608
0.03771863505244255
0.037568267434835434
0.03692978248000145
0.03671206533908844
0.036444585770368576
0.03621457889676094
0.03571474179625511
0.035547975450754166
0.035294558852910995
0.03530125319957733
0.035055167973041534
0.03487280383706093
0.034636616706848145
0.034450337290763855
0.03429010137915611
0.034259989857673645
0.03417269140481949
0.034073542803525925
0.033993300050497055
0.03385832905769348
0.03375249356031418
0.03374302387237549
0.033803071826696396
0.033649176359176636
0.033556509763002396
0.033587951213121414
0.03330462798476219
0.03332766145467758
0.03334862366318703
no squeeze
56.1038703918457
40.32978439331055
35.66240692138672
20.027862548828125
17.417709350585938
11.296137809753418
10.309066772460938
7.667837142944336
7.186491012573242
5.722888469696045
5.435677528381348
4.468177318572998
4.26937198638916
3.578404426574707
3.4158027172088623
2.9064695835113525
2.7930490970611572
2.404489517211914
2.3168771266937256
2.035930871963501
1.9605764150619507
1.7529219388961792
1.7017720937728882
1.5384089946746826
1.4963537454605103
1.3767286539077759
1.3502062559127808
1.2646996974945068
1.2428473234176636
1.177890658378601
1.1630784273147583
1.1111868619918823
1.1001237630844116
1.0685075521469116
1.0625444650650024
1.0299750566482544
1.0235246419906616
1.0046342611312866
1.0035619735717773
0.9834005236625671
0.9813568592071533
0.9833595156669617
0.9659578204154968
0.9558038115501404
0.9644054770469666
0.9532188177108765
0.9517204761505127
0.939118504524231
0.9363382458686829
0.9324561953544617
0.9329159259796143
0.9306039214134216
0.925715982913971
0.9248000383377075
0.9218484163284302
0.9190990924835205
0.9299046993255615
0.9200904369354248
no squeeze
55.98402786254883
22.642993927001953
17.631853103637695
8.25067138671875
7.127874374389648
4.486960411071777
4.048823356628418
2.83719801902771
2.602447509765625
1.9164808988571167
1.7833406925201416
1.3564467430114746
1.268554449081421
0.9923320412635803
0.9345982670783997
0.7496971487998962
0.7107218503952026
0.5775808095932007
0.548754870891571
0.4536007344722748
0.4339575469493866
0.3632305860519409
0.3464970290660858
0.2940916121006012
0.28176939487457275
0.24066965281963348
0.23189043998718262
0.20166859030723572
0.19495926797389984
0.1719951033592224
0.1659378856420517
0.14800575375556946
0.1437024176120758
0.1305025964975357
0.12700504064559937
0.11629436165094376
0.11384300142526627
0.10596086084842682
0.10399290919303894
0.09746365994215012
0.09562038630247116
0.09055166691541672
0.0892823189496994
0.08497744798660278
0.08426176756620407
0.08076538145542145
0.07999949902296066
0.07725450396537781
0.07647204399108887
0.07418867200613022
0.07348515093326569
0.07182832062244415
0.0717005655169487
0.06969299167394638
0.06916127353906631
0.06790293008089066
0.06774485856294632
0.06627770513296127
0.06588057428598404
0.06500890105962753
0.06470711529254913
0.06389865279197693
0.06373610347509384
0.06259705871343613
0.06267710775136948
0.062038011848926544
0.06207650527358055
0.061145808547735214
0.06140078604221344
0.060656335204839706
0.06044468283653259
0.060078900307416916
0.060012366622686386
0.059378791600465775
0.06004859134554863
0.05932282283902168
0.0591602697968483
0.058743301779031754
0.058876778930425644
0.05858911946415901
0.058330368250608444
0.05793125554919243
0.058432791382074356
0.057695455849170685
0.05784980207681656
0.05749630555510521
0.05780094489455223
0.057686835527420044
no squeeze
50.72095489501953
5.478277206420898
3.972031593322754
1.7534403800964355
1.5615313053131104
1.2100919485092163
1.1738876104354858
1.0767048597335815
1.0636980533599854
1.0367463827133179
1.028172254562378
1.0175158977508545
1.0145297050476074
1.010233998298645
1.0097447633743286
1.0177175998687744
1.0084459781646729
1.0062488317489624
1.00823974609375
1.0041011571884155
1.0037943124771118
1.0036156177520752
1.0126906633377075
1.0033079385757446
1.002052664756775
1.0001749992370605
1.0065337419509888
1.0159770250320435
