no squeeze
1.0284805297851562
0.34550613164901733
0.1769675761461258
0.099565789103508
0.06486312299966812
0.05232977494597435
0.03385639935731888
0.02671314775943756
0.019450495019555092
0.013633554801344872
0.01280928310006857
0.011127105914056301
0.009117786772549152
0.008486376143991947
0.0068589928559958935
0.00766967236995697
0.0053377943113446236
0.004720279946923256
0.0054923552088439465
0.0053336126729846
0.0037304863799363375
0.0035351684782654047
0.005318380426615477
0.00399638619273901
0.0024807925801724195
0.003294870490208268
0.0035488191060721874
0.0021488277707248926
0.002369518158957362
0.0027757789939641953
0.002188310492783785
0.0022486585658043623
0.0016403706977143884
0.00146612583193928
0.0012068201322108507
0.001559816300868988
0.0014246036298573017
0.0013405942590907216
0.0012546218931674957
0.0013077287003397942
0.0011745343217626214
0.0010749419452622533
0.0010265163145959377
0.001105787348933518
0.0010562289971858263
0.00218887347728014
0.0013392353430390358
0.0009728338336572051
0.0012049053329974413
0.002256623236462474
0.0010099451756104827
0.0006932787364348769
0.000787065364420414
0.00068329693749547
0.0007723993621766567
0.001197035307995975
0.0007095221662893891
0.0004858840547967702
0.0006715198396705091
0.0012524930061772466
0.0008791247964836657
0.0011486540315672755
0.0007693061488680542
0.0004443327779881656
0.001414686325006187
0.002070946618914604
0.0010577937355265021
0.0011279601603746414
0.0006392551003955305
0.002382775768637657
0.002799172652885318
0.0018625279190018773
0.00535321282222867
0.001557417563162744
no squeeze
1.3564932346343994
0.5160961151123047
0.28317025303840637
0.23010419309139252
0.13046911358833313
0.09292863309383392
0.07001504302024841
0.050882402807474136
0.040512967854738235
0.03566327318549156
0.02893427200615406
0.02842020057141781
0.02433880977332592
0.024560363963246346
0.0210097748786211
0.02180245891213417
0.01780131831765175
0.02253524214029312
0.014614371582865715
0.013131137005984783
0.012631308287382126
0.013660909608006477
0.012564638629555702
0.011920944787561893
0.008159424178302288
0.012477846816182137
0.014295388013124466
0.010333623737096786
0.016277601942420006
0.016014719381928444
0.015077996999025345
0.013246466405689716
0.011998173780739307
0.008669547736644745
0.01116697583347559
no squeeze
1.5501166582107544
0.7153573036193848
0.4420261085033417
0.3029243052005768
0.21247918903827667
0.18592295050621033
0.14514191448688507
0.11968545615673065
0.09915496408939362
0.07401587069034576
0.0627288892865181
0.056123554706573486
0.04876726120710373
0.043938565999269485
0.07180594652891159
0.039374470710754395
0.03134072571992874
0.04330310970544815
0.055696189403533936
0.03305498883128166
0.02892560511827469
0.023744618520140648
0.018725654110312462
0.017006777226924896
0.016011584550142288
0.023366648703813553
0.027783192694187164
0.017443496733903885
0.013724599964916706
0.011584070511162281
0.011358857154846191
0.010723067447543144
0.011153374798595905
0.010039596818387508
0.013064432889223099
0.00890484731644392
0.009841077961027622
0.009259780868887901
0.009051910601556301
0.009455406107008457
0.010439411737024784
0.011064985767006874
0.011011227034032345
0.008756427094340324
0.008116990327835083
0.009358097799122334
0.011875303462147713
0.006746615748852491
0.006113637704402208
0.008030332624912262
0.005256516858935356
0.005869684740900993
0.005009226035326719
0.012107419781386852
0.006902755703777075
0.006426522508263588
0.005938222631812096
0.004904070403426886
0.005417922977358103
0.004683145321905613
0.004254521802067757
0.00410799402743578
0.005019942298531532
0.0051947240717709064
0.005458534695208073
0.006039464380592108
0.016192004084587097
0.0222601518034935
0.015016051009297371
0.02249048836529255
0.0066972956992685795
0.016689300537109375
no squeeze
1.3152899742126465
0.7415946125984192
0.6075970530509949
0.5326771140098572
0.4666767418384552
0.4143136143684387
0.3740144968032837
0.3319960832595825
0.3145963251590729
0.2776413559913635
0.2589816153049469
0.2372645139694214
0.23216356337070465
0.21082310378551483
0.19391116499900818
0.1862078607082367
0.17053474485874176
0.16315507888793945
0.1610177457332611
0.14944647252559662
0.14739063382148743
0.12854784727096558
0.13249248266220093
0.11915474385023117
0.1174873411655426
0.11134523153305054
0.10844121873378754
0.0992140993475914
0.09472102671861649
0.09341192245483398
0.0878351554274559
0.08453154563903809
0.08245992660522461
0.08700447529554367
0.07935654371976852
0.07354307174682617
0.07208849489688873
0.07010617107152939
0.07305829972028732
0.06916598975658417
0.06411655992269516
0.06290340423583984
0.06402052938938141
0.06253281980752945
0.05929123982787132
0.05813082307577133
0.060633134096860886
0.059225380420684814
0.05762689933180809
0.05760863423347473
0.059017930179834366
0.05247098207473755
0.05025153234601021
0.053184349089860916
0.048089515417814255
0.05347120016813278
0.05118025466799736
0.046820033341646194
0.04987454414367676
0.04557890072464943
0.04739545285701752
0.05288343131542206
0.04938865453004837
0.05094222351908684
0.0513630248606205
0.04711442068219185
0.045278023928403854
0.04535030201077461
0.04439911991357803
0.04071534425020218
0.04452486336231232
0.04294530302286148
0.04207776486873627
0.04337618499994278
0.04488566145300865
0.04176408424973488
0.04147391393780708
0.04075874388217926
0.045234616845846176
0.04106549918651581
no squeeze
1.6483678817749023
0.6387915015220642
0.46242547035217285
0.36801213026046753
0.30552780628204346
0.25504177808761597
0.2333490401506424
0.1915527582168579
0.17333374917507172
0.17094117403030396
0.14393728971481323
0.13333402574062347
0.12338317185640335
0.11661940813064575
0.09740511327981949
0.09642092883586884
0.08751540631055832
0.08824875205755234
0.07945876568555832
0.07478868216276169
0.06978478282690048
0.06436462700366974
0.06425628811120987
0.05988863483071327
0.0647084191441536
0.057143162935972214
0.054180361330509186
0.050865232944488525
0.05315219610929489
0.050557054579257965
0.04574819654226303
0.04341830685734749
0.04229971393942833
0.04414456710219383
0.038465049117803574
0.03821391239762306
0.041522957384586334
0.035239119082689285
0.035712044686079025
0.03546958416700363
0.034213341772556305
0.03341488912701607
0.03317596763372421
0.0423143170773983
0.03198444843292236
0.030862143263220787
0.03009927086532116
0.03474005311727524
0.029156427830457687
0.035162486135959625
0.030203131958842278
0.028622809797525406
0.030110303312540054
0.027551332488656044
0.023469999432563782
0.023506687954068184
0.023121895268559456
0.023900562897324562
0.02358698658645153
0.021435199305415154
0.029544180259108543
0.026203058660030365
0.026111330837011337
0.023430325090885162
0.02001996710896492
0.02096831612288952
0.018912505358457565
0.02170773595571518
0.020210161805152893
0.02013111487030983
0.018557818606495857
0.019217979162931442
0.017763756215572357
0.01630440726876259
0.017586534842848778
0.018153131008148193
0.018664076924324036
0.021726585924625397
0.01662013679742813
0.01784207671880722
0.016631968319416046
0.01961076445877552
0.02093483880162239
0.01641704887151718
no squeeze
1.30559504032135
0.45938199758529663
0.2856093645095825
0.2352515310049057
0.22894470393657684
0.2628171443939209
0.2802233397960663
0.20137843489646912
0.1975710541009903
0.1594916135072708
0.1157425194978714
0.1347731053829193
0.1200682520866394
0.11687643826007843
0.15664538741111755
0.24192282557487488
0.19421730935573578
0.13983620703220367
0.2123267948627472
0.18845999240875244
0.1215960904955864
