no squeeze
35.245765686035156
6.401281356811523
4.6159234046936035
2.124969720840454
1.8061726093292236
0.9762768149375916
0.834358811378479
0.44667038321495056
0.37906596064567566
0.2029179483652115
0.17346780002117157
0.10038261860609055
0.08853837102651596
0.05834035575389862
0.05349837988615036
0.04064241796731949
0.03826078772544861
0.03178100287914276
0.03060256689786911
0.026894817128777504
0.026190202683210373
0.02386479079723358
0.023357093334197998
0.022111278027296066
0.021563252434134483
0.020259438082575798
0.019963711500167847
0.01907597854733467
0.018715014681220055
0.01795480214059353
0.01773557811975479
0.01702394336462021
0.0168323814868927
0.016321225091814995
0.016111508011817932
0.015612580813467503
0.015464922413229942
0.015099048614501953
0.014980444684624672
0.014900258742272854
0.01454501785337925
0.014032447710633278
0.01401614211499691
0.013706197962164879
0.013747869990766048
0.0133048789575696
0.013260217383503914
0.013029739260673523
0.01295394916087389
0.01268276572227478
0.01265683863312006
0.012445722706615925
0.01242445781826973
0.012287331745028496
0.012237560003995895
0.012113863602280617
0.012060215696692467
0.011961648240685463
0.011962556280195713
0.011828841641545296
0.011798452585935593
0.01169266551733017
0.01167944073677063
0.011612466536462307
0.011585191823542118
0.01153038814663887
0.011501515284180641
0.01144667249172926
0.011485743336379528
0.011392315849661827
0.011387831531465054
0.01143527403473854
0.011396510526537895
0.011342639103531837
0.011291802860796452
0.01129524689167738
0.011289944872260094
0.011268452741205692
0.01127573661506176
0.01122251432389021
0.011248963885009289
0.011219029314815998
0.011235346086323261
0.01121931616216898
no squeeze
35.68818664550781
8.760268211364746
6.6356024742126465
3.913383960723877
3.619060516357422
2.987114429473877
2.9015462398529053
2.711865186691284
2.6867129802703857
2.6224608421325684
2.613311767578125
2.585287570953369
2.5803256034851074
2.5752651691436768
2.575483560562134
2.5674314498901367
2.564893960952759
2.555542469024658
2.55330228805542
2.5520784854888916
2.5495176315307617
2.546862840652466
2.555450916290283
2.547440528869629
no squeeze
35.1048698425293
13.966536521911621
10.452337265014648
3.7926511764526367
3.132723093032837
1.7239481210708618
1.5235260725021362
1.0262885093688965
0.9426783919334412
0.7081804871559143
0.663865864276886
0.5289087891578674
0.500759482383728
0.41140738129615784
0.3920234739780426
0.32826074957847595
0.3144919276237488
0.2684410512447357
0.25801345705986023
0.22235114872455597
0.21473057568073273
0.1868678629398346
0.18066886067390442
0.15889108180999756
0.15370827913284302
0.1362042874097824
0.13198328018188477
0.11745510995388031
0.11425994336605072
0.10210839658975601
0.09942187368869781
0.09035453200340271
0.08761308342218399
0.07915262132883072
0.0772649273276329
0.070578433573246
0.06914889067411423
0.0632876604795456
0.06201310455799103
0.057373225688934326
0.05623704195022583
0.05187049135565758
0.05104909837245941
0.04748321324586868
0.04666861146688461
0.04394955188035965
0.043165843933820724
0.04018627107143402
0.039596740156412125
0.03724873438477516
0.0366898812353611
0.03503567352890968
0.034488972276449203
0.03239039331674576
0.03193157538771629
0.030379347503185272
0.02992912381887436
0.028667829930782318
0.028347089886665344
0.026723721995949745
0.026447463780641556
0.025568444281816483
0.02518126182258129
0.024140268564224243
0.023832686245441437
0.02293867990374565
0.022619174793362617
0.02172776870429516
0.021665416657924652
0.0209356676787138
0.020703982561826706
0.019895710051059723
0.019738273695111275
0.019148949533700943
0.01899135485291481
0.01838771440088749
0.01831652596592903
0.017730653285980225
0.01760272867977619
0.017172222957015038
0.01704520173370838
0.01666475273668766
0.01654159463942051
0.016200358048081398
0.01605236902832985
0.01571752317249775
0.015574022196233273
0.015320338308811188
0.015216733328998089
0.014894775114953518
0.01481504738330841
0.014538470655679703
0.014479076489806175
0.014215436764061451
0.014146117493510246
0.013944543898105621
0.013836954720318317
0.013677168637514114
0.013566414825618267
0.01338938158005476
0.01332179643213749
0.013108519837260246
0.01309690997004509
0.012960459105670452
0.012895587831735611
0.012771114706993103
0.012710307724773884
0.01257862988859415
0.012531456537544727
0.01233255211263895
0.012321076355874538
0.012200596742331982
0.012192475609481335
0.012080767191946507
0.01204692106693983
0.012021158821880817
0.011951525695621967
0.011814398691058159
0.011755668558180332
0.011686131358146667
0.011669066734611988
0.011682146228849888
0.011601992882788181
0.011485103517770767
0.011513100005686283
0.011420796625316143
0.011401355266571045
0.011311085894703865
0.011281582526862621
0.011211110278964043
0.011247685179114342
0.011185922659933567
0.011170696467161179
0.011115756817162037
0.011143435724079609
0.011095604859292507
0.011058344505727291
0.01094425655901432
0.010970022529363632
0.010911601595580578
0.010949427261948586
0.0108930803835392
0.010887845419347286
0.01086814608424902
0.010843178257346153
0.010881485417485237
0.010794105008244514
0.010783671401441097
0.010763218626379967
0.010767113417387009
0.010813668370246887
0.010723072104156017
0.010741658508777618
0.010701815597712994
0.01072784699499607
0.010626610368490219
0.010656703263521194
0.010643791407346725
no squeeze
35.97813034057617
22.279640197753906
19.245447158813477
11.55097770690918
10.462671279907227
7.917423248291016
7.5092668533325195
6.3749284744262695
6.153517723083496
5.472718238830566
5.328357696533203
4.863827705383301
4.762691974639893
4.4319024085998535
4.360662937164307
4.1191511154174805
4.061277389526367
3.8771307468414307
3.8377034664154053
3.693843364715576
3.6630375385284424
3.548220634460449
3.5190656185150146
3.432762622833252
3.4063546657562256
3.332376480102539
3.3118362426757812
3.2451517581939697
3.2327754497528076
3.174999713897705
3.1603591442108154
3.1078073978424072
3.092033863067627
3.0464909076690674
3.032773017883301
2.989280939102173
2.97563099861145
2.9297068119049072
2.9201972484588623
2.8779146671295166
2.8652162551879883
2.8238487243652344
2.8127670288085938
2.778233766555786
2.7713193893432617
2.727506399154663
2.7176897525787354
2.6839873790740967
2.6722793579101562
2.640397787094116
2.6307098865509033
2.5890614986419678
2.581054210662842
2.5486979484558105
2.5403919219970703
2.508845567703247
2.5026397705078125
2.4723615646362305
2.4685840606689453
2.4341166019439697
2.4262373447418213
2.397477865219116
2.3882896900177
2.364694833755493
2.3563284873962402
2.3323464393615723
2.3253390789031982
2.299838066101074
2.2945444583892822
2.273679256439209
2.265064239501953
2.2414467334747314
2.236937999725342
2.2147297859191895
2.2079098224639893
2.190385341644287
2.1841542720794678
2.166797161102295
2.16107439994812
2.141575336456299
2.138739585876465
2.125002145767212
2.1214513778686523
2.1072070598602295
2.1006994247436523
2.090684652328491
2.085533857345581
2.0731027126312256
2.069780111312866
2.0564842224121094
2.054145097732544
2.0415618419647217
2.036774158477783
2.0284152030944824
2.0300703048706055
2.0186362266540527
2.0158026218414307
2.0061252117156982
2.002859592437744
1.996054768562317
1.996856689453125
1.9856663942337036
1.9817891120910645
1.9764089584350586
1.973632574081421
1.9669679403305054
1.9632254838943481
1.956197738647461
1.9543758630752563
1.9484567642211914
1.9515841007232666
1.9363869428634644
1.939202070236206
1.9336351156234741
1.9308580160140991
1.9254629611968994
1.9210988283157349
1.9170594215393066
1.9164392948150635
1.9132498502731323
1.909766435623169
1.9056687355041504
1.900834083557129
1.8977811336517334
1.8999897241592407
1.8934885263442993
1.8920567035675049
1.888049840927124
1.8902512788772583
1.8802382946014404
1.8795629739761353
1.8743726015090942
1.8749278783798218
1.8729761838912964
1.8686585426330566
1.8646559715270996
1.8646507263183594
1.8631325960159302
1.8593987226486206
1.8583095073699951
1.8558012247085571
1.8530629873275757
1.8526673316955566
1.8496063947677612
1.8490301370620728
1.844167947769165
1.8452088832855225
1.8440842628479004
1.8429561853408813
1.8368970155715942
1.83489990234375
1.8384172916412354
1.8349002599716187
1.8380382061004639
no squeeze
35.452964782714844
9.916398048400879
8.133687019348145
5.167054653167725
4.783993721008301
3.8366305828094482
3.6802852153778076
3.2652862071990967
3.193016290664673
2.981370687484741
2.9396607875823975
2.8148610591888428
2.786716938018799
2.7050764560699463
2.6873350143432617
2.629945755004883
2.6155688762664795
2.5710835456848145
2.561159372329712
2.5256187915802
2.514961004257202
2.4874255657196045
2.4803285598754883
2.4550082683563232
2.4496653079986572
2.426931619644165
2.421497344970703
2.4027493000030518
2.3989551067352295
2.3788557052612305
2.3735029697418213
2.360825538635254
2.3570241928100586
2.3426437377929688
2.3374745845794678
2.325291156768799
2.322645664215088
2.310188055038452
2.305196523666382
2.297781229019165
2.2949905395507812
2.2867794036865234
2.283241033554077
2.270712375640869
2.2707302570343018
2.2608840465545654
2.261918544769287
2.2515156269073486
2.2526285648345947
2.2464170455932617
2.2468457221984863
2.239469051361084
2.2379229068756104
2.234910249710083
2.230740547180176
2.226966142654419
2.2262685298919678
2.2202975749969482
2.218374013900757
2.215139150619507
2.2170827388763428
2.2087550163269043
2.2113595008850098
2.205740451812744
2.2046453952789307
2.204902410507202
2.2017722129821777
2.1968963146209717
2.197530508041382
2.1969387531280518
no squeeze
33.97682571411133
5.538811206817627
5.114898204803467
4.623103618621826
4.5624918937683105
4.507437705993652
4.501917362213135
4.496668338775635
4.495789051055908
4.5024895668029785
4.499074459075928
4.4965434074401855
