no squeeze
3.339435577392578
0.8509966135025024
0.5063221454620361
0.40117841958999634
0.2970814108848572
0.28269636631011963
0.2358095794916153
0.22143222391605377
0.21186178922653198
0.2820032238960266
0.22282765805721283
0.23519198596477509
0.20391424000263214
0.23814387619495392
0.22283056378364563
0.18448595702648163
0.1786171793937683
0.2229560762643814
0.18063616752624512
0.17401908338069916
0.1892685741186142
0.1718653440475464
0.20649665594100952
0.1534292995929718
0.17077258229255676
0.1593097597360611
0.1886352151632309
0.1888372153043747
0.15123924612998962
0.2010311484336853
0.18357230722904205
0.30964595079421997
0.2857883870601654
0.23211674392223358
0.18360228836536407
0.15789024531841278
0.1527625173330307
0.14379359781742096
0.1432630568742752
0.13437560200691223
0.22396716475486755
0.1521555483341217
0.14563199877738953
0.19656763970851898
0.17284120619297028
0.14830464124679565
0.1746239811182022
0.13462653756141663
0.11833951622247696
0.12555570900440216
0.1293996274471283
0.13919250667095184
0.1452142596244812
0.13554590940475464
0.13186194002628326
0.16320206224918365
0.17991019785404205
0.1896979808807373
0.11155854165554047
0.16041453182697296
0.16471824049949646
0.14387105405330658
0.11637779325246811
0.1227402463555336
0.13959576189517975
0.221541166305542
0.16764065623283386
0.1495104730129242
0.10698183625936508
0.09502750635147095
0.10551600903272629
0.12707488238811493
0.10259290039539337
0.11673425883054733
0.10844683647155762
0.1140151172876358
0.11173040419816971
0.11652572453022003
0.14187298715114594
0.12947459518909454
no squeeze
3.83388614654541
0.9050632119178772
0.4873476028442383
0.4115673899650574
0.31973156332969666
0.29078391194343567
0.2840806841850281
0.2683653235435486
0.25411900877952576
0.2634274363517761
0.24849525094032288
0.2462482899427414
0.21293407678604126
0.2014659196138382
0.2061348259449005
0.19641579687595367
0.21437883377075195
0.22944535315036774
0.19317534565925598
0.18478554487228394
0.24981068074703217
0.19573339819908142
0.1830601990222931
0.21859075129032135
0.19204559922218323
0.19610193371772766
0.22932451963424683
0.21337905526161194
0.1979348510503769
0.20977644622325897
0.17504854500293732
0.21917985379695892
0.18954041600227356
0.1581961214542389
0.1641283929347992
0.18430808186531067
0.1922450065612793
0.1991383582353592
0.16105259954929352
0.2339165359735489
0.22655625641345978
0.21699444949626923
0.21814174950122833
0.2366679608821869
no squeeze
4.218860149383545
1.245021104812622
0.8209394216537476
0.6851833462715149
0.5147066116333008
0.5318112969398499
0.5117285847663879
0.5008400678634644
0.39705148339271545
0.4262532889842987
0.38661646842956543
0.3731474280357361
0.33501002192497253
0.23298031091690063
0.5074065327644348
0.3030042052268982
0.40225592255592346
0.25730466842651367
0.30622154474258423
0.35832497477531433
0.28425219655036926
0.3594930171966553
0.43216198682785034
0.2938242256641388
no squeeze
3.86021089553833
1.281609296798706
0.9349791407585144
0.7627168297767639
0.5750364065170288
0.4959341287612915
0.41999661922454834
0.3649703562259674
0.35086342692375183
0.29920005798339844
0.2938791513442993
0.2975919842720032
0.2675451338291168
0.23528285324573517
0.28190213441848755
0.22705669701099396
0.2186296135187149
0.23382455110549927
0.21043284237384796
0.19380323588848114
0.20323757827281952
0.1875111311674118
0.18183450400829315
0.1772487461566925
0.1778438240289688
0.1746300607919693
0.17378762364387512
0.1711973398923874
0.1657557189464569
0.16715773940086365
0.17499659955501556
0.19532887637615204
0.18404383957386017
0.15054738521575928
0.18693014979362488
0.17550702393054962
0.15994897484779358
0.1545986533164978
0.16628694534301758
0.15759798884391785
0.15929272770881653
0.14906637370586395
0.12819740176200867
0.1644594371318817
0.14860816299915314
0.17009997367858887
0.14330866932868958
0.15168921649456024
0.14537173509597778
0.14585009217262268
0.14848563075065613
0.16394168138504028
0.15630380809307098
no squeeze
3.878084659576416
1.1664752960205078
0.735462486743927
0.5132997035980225
0.4210794270038605
0.3784359395503998
0.3310931622982025
0.3356667160987854
0.2931678295135498
0.27213507890701294
0.24918732047080994
0.21904420852661133
0.2154100090265274
0.20991483330726624
0.2252243608236313
0.22881753742694855
0.19594044983386993
0.1944938749074936
0.17961637675762177
0.17473052442073822
0.1566959023475647
0.16499130427837372
0.17926496267318726
0.18627133965492249
0.1736600250005722
0.15985441207885742
0.22043557465076447
0.1691499948501587
0.18179059028625488
0.17454148828983307
0.1773018091917038
no squeeze
2.8160009384155273
0.42662084102630615
0.23137402534484863
0.13567940890789032
0.23021496832370758
0.1710817962884903
0.16875623166561127
0.21048696339130402
0.17537187039852142
0.19877563416957855
0.13610808551311493
0.15086595714092255
0.24682052433490753
0.2909417450428009
