no squeeze
96.09880065917969
33.25394058227539
25.01177406311035
14.468209266662598
13.3905611038208
10.75368595123291
10.278515815734863
8.885635375976562
8.61015510559082
7.764614582061768
7.587203502655029
7.046720504760742
6.928249835968018
6.5798258781433105
6.507188320159912
6.289235591888428
6.2381744384765625
6.08914852142334
6.056663513183594
5.95681619644165
5.9393696784973145
5.881221294403076
5.868766784667969
5.829301357269287
5.82889986038208
5.795041084289551
5.786657333374023
5.770858287811279
5.7710065841674805
5.757123947143555
5.7565598487854
5.751581192016602
5.751166820526123
5.762662887573242
5.7545552253723145
5.742190361022949
5.74061918258667
5.737308025360107
5.737124443054199
5.736810207366943
5.737974166870117
5.7359938621521
5.7381978034973145
5.7390217781066895
no squeeze
95.61416625976562
28.05072784423828
22.84915542602539
13.56296157836914
12.210358619689941
8.801685333251953
8.222090721130371
6.662603378295898
6.378892421722412
5.571828842163086
5.4195637702941895
4.980649471282959
4.8959126472473145
4.648846626281738
4.6016526222229
4.460726737976074
4.433984279632568
4.355312347412109
4.341300964355469
4.297152996063232
4.2869181632995605
4.265148639678955
4.259316444396973
4.245779991149902
4.241933822631836
4.233216285705566
4.23799467086792
4.22601842880249
4.2256550788879395
4.219296932220459
4.2196831703186035
4.21639347076416
4.21488618850708
4.218386173248291
4.2177815437316895
4.2122368812561035
4.214570045471191
4.212632656097412
no squeeze
96.34318542480469
43.964420318603516
34.652591705322266
16.886341094970703
14.93115520477295
10.062807083129883
9.200159072875977
6.6898884773254395
6.197288513183594
4.684225559234619
4.3756914138793945
3.4081175327301025
3.2056541442871094
2.5646626949310303
2.4284751415252686
1.9926868677139282
1.8996871709823608
1.6022261381149292
1.5383241176605225
1.333834171295166
1.2889906167984009
1.1453657150268555
1.114593744277954
1.0144380331039429
0.991870641708374
0.9180173873901367
0.9018729329109192
0.8482435345649719
0.8365306854248047
0.7985063791275024
0.7885582447052002
0.7570607662200928
0.7501434087753296
0.7269579172134399
0.7214723229408264
0.7032363414764404
0.6986194252967834
0.6839794516563416
0.6803527474403381
0.6671587228775024
0.6651310920715332
0.6565914750099182
0.6538762450218201
0.6449260115623474
0.6431260704994202
0.6362091898918152
0.634225070476532
0.6285915970802307
0.6270099878311157
0.6218710541725159
0.6209515929222107
0.6161602735519409
0.614801824092865
0.6107951998710632
0.6098505258560181
0.6071937084197998
0.6066062450408936
0.6030511260032654
0.6023792624473572
0.5997837781906128
0.5994515419006348
0.5971272587776184
0.5964961647987366
0.5944667458534241
0.5937253832817078
0.5924056172370911
0.5922173857688904
0.5905601978302002
0.5900367498397827
0.5886447429656982
0.5885187387466431
0.5869145393371582
0.5865595936775208
0.58555668592453
0.5853139162063599
0.5845478773117065
0.5841748714447021
0.583253800868988
0.5831608176231384
0.5819166302680969
0.5822346210479736
0.5812606811523438
0.5812879800796509
0.580550491809845
0.5806139707565308
0.5803626179695129
0.5800084471702576
0.5794680714607239
0.5797805786132812
0.5785703063011169
0.578553318977356
0.5783088803291321
0.577765941619873
0.5778208374977112
0.5780242085456848
0.577808678150177
no squeeze
97.60699462890625
68.10791015625
59.65913391113281
35.22200393676758
32.0850944519043
25.218994140625
24.13740348815918
21.10700035095215
20.510883331298828
18.7083683013916
18.333341598510742
17.12525177001953
16.864337921142578
15.994538307189941
15.800971031188965
15.147113800048828
14.991718292236328
14.481419563293457
14.358561515808105
13.964705467224121
13.852977752685547
13.515273094177246
13.43713092803955
13.146344184875488
13.078519821166992
12.830568313598633
12.779997825622559
12.536055564880371
12.489466667175293
12.259692192077637
12.20620346069336
12.01141357421875
11.955954551696777
11.765134811401367
11.716541290283203
11.534360885620117
11.485581398010254
11.305413246154785
11.253724098205566
11.079307556152344
11.033945083618164
10.864395141601562
10.819905281066895
10.647233963012695
10.600573539733887
10.433381080627441
10.387697219848633
10.227401733398438
10.18490219116211
10.01916790008545
9.97281551361084
9.818103790283203
9.7749662399292
9.614818572998047
9.573025703430176
9.424890518188477
9.385344505310059
9.232251167297363
9.190587043762207
9.050397872924805
9.008392333984375
8.8776216506958
8.836977005004883
8.697404861450195
8.66508960723877
8.54215145111084
8.506307601928711
8.390909194946289
8.350932121276855
8.239872932434082
8.212785720825195
8.108633041381836
8.0775728225708
7.989598751068115
7.952805519104004
7.861087322235107
7.837531566619873
7.757068157196045
7.732802391052246
7.663232803344727
7.639937877655029
7.571614742279053
7.556990146636963
7.4921650886535645
7.476287364959717
7.425466537475586
7.411190509796143
7.365405559539795
7.348458290100098
7.3051629066467285
7.291842460632324
7.2508697509765625
7.236220359802246
7.2075395584106445
7.1966986656188965
7.165016174316406
7.1567182540893555
7.1324992179870605
7.116141319274902
7.085723400115967
7.074522972106934
7.0477495193481445
7.0416259765625
7.015488624572754
7.006389617919922
6.978544235229492
6.970327377319336
6.946155071258545
6.936707973480225
6.9199700355529785
6.914102077484131
6.888930320739746
6.879208087921143
6.857528209686279
6.848217487335205
6.829463958740234
6.822457313537598
6.807062149047852
6.793918132781982
6.781818389892578
6.7691850662231445
6.749129772186279
6.7420220375061035
6.726653575897217
6.719297885894775
6.699949741363525
6.690142631530762
6.6749162673950195
6.666196346282959
6.649254322052002
6.639577865600586
6.624856472015381
6.619783401489258
6.605749607086182
6.603458881378174
6.580108165740967
6.573597431182861
6.560090065002441
6.5565876960754395
6.539584159851074
6.5346479415893555
6.522510528564453
6.51190710067749
6.506270885467529
6.498280048370361
6.47606086730957
6.4806952476501465
6.46138334274292
6.457067489624023
6.4466986656188965
6.4366607666015625
6.4258527755737305
6.424325942993164
6.408823490142822
6.402692794799805
6.397642612457275
6.387571811676025
6.375450134277344
6.377741813659668
6.3642754554748535
6.3581719398498535
6.357339859008789
6.347561359405518
6.341424942016602
6.338905334472656
6.323896408081055
6.319459915161133
6.310458183288574
6.308090686798096
6.300757884979248
6.2968878746032715
6.28286600112915
6.2857441902160645
6.270944595336914
6.2727837562561035
6.268673896789551
6.257054805755615
6.253969669342041
6.2475762367248535
6.238788604736328
6.242008209228516
6.232956886291504
6.227492332458496
6.213717460632324
6.212611675262451
6.2084760665893555
6.2049150466918945
6.201083183288574
6.19943380355835
6.187542915344238
6.183920383453369
6.1804070472717285
6.182160377502441
6.169800281524658
6.167171001434326
6.181500434875488
6.158625602722168
6.149227619171143
6.148889541625977
6.147927284240723
no squeeze
96.38072967529297
43.5554084777832
36.45652389526367
24.100074768066406
22.516796112060547
18.537965774536133
17.833091735839844
15.790037155151367
15.380321502685547
14.093742370605469
13.818333625793457
12.905047416687012
12.698454856872559
11.989750862121582
11.810249328613281
11.218337059020996
11.073631286621094
10.597747802734375
10.482867240905762
10.087089538574219
9.98779010772705
9.65456771850586
9.575276374816895
9.30262565612793
9.239677429199219
9.004583358764648
8.947254180908203
8.751471519470215
8.708014488220215
8.545896530151367
8.510050773620605
8.389127731323242
8.347253799438477
8.22366714477539
8.195116996765137
8.097064971923828
8.06701946258545
7.993932723999023
7.974783897399902
7.904464244842529
7.887042999267578
7.826020240783691
7.809536457061768
7.760422706604004
7.7492475509643555
7.700863361358643
7.6941328048706055
7.655153751373291
7.646245002746582
7.608209133148193
7.597781658172607
7.572775363922119
7.566181182861328
7.5330095291137695
7.526981353759766
7.511960506439209
7.507635116577148
7.479490756988525
7.477936744689941
7.455487251281738
7.451343059539795
7.437554836273193
7.432303428649902
7.42449951171875
7.4169511795043945
7.4011993408203125
7.3953657150268555
7.38870096206665
7.383295059204102
7.374231338500977
7.363385200500488
7.359986782073975
7.353977680206299
7.3420090675354
7.340373992919922
7.3290228843688965
7.334763526916504
7.325582981109619
7.321139812469482
7.305951118469238
7.304293632507324
7.3018622398376465
7.297118186950684
7.292597770690918
7.289684772491455
7.278489112854004
7.2849016189575195
7.2792534828186035
no squeeze
91.79395294189453
24.957843780517578
21.81682777404785
18.1643009185791
17.974403381347656
17.748971939086914
17.73116111755371
17.723981857299805
17.750999450683594
17.713537216186523
17.717485427856445
17.7333927154541
