no squeeze
11.973755836486816
3.059431791305542
1.7369434833526611
1.4069968461990356
1.0700616836547852
1.0956213474273682
0.8587996959686279
0.7575617432594299
0.9446239471435547
0.7077235579490662
0.6017336249351501
0.6817633509635925
0.6383456587791443
0.5973659157752991
0.5836930274963379
0.7418861389160156
0.8652345538139343
0.685346782207489
0.7140507102012634
0.7159391641616821
0.6988747119903564
0.528161883354187
0.7042375802993774
0.6233210563659668
0.6595125794410706
0.5934486389160156
0.6467406153678894
0.6816680431365967
0.4648500978946686
0.7771738767623901
0.40414300560951233
0.7090323567390442
0.5538139939308167
0.5123386979103088
0.482580304145813
0.4718594253063202
0.4628991484642029
0.49081435799598694
0.4546339213848114
0.5112044215202332
0.630932629108429
no squeeze
12.181257247924805
3.2432444095611572
1.9370126724243164
1.5224679708480835
1.2676284313201904
1.1562656164169312
0.8576619625091553
0.8138166069984436
0.8741716742515564
0.9087998867034912
0.8932504057884216
0.682981014251709
0.7978530526161194
0.8889143466949463
0.8884460926055908
0.7518735527992249
0.7001683712005615
0.735072910785675
0.7002199292182922
0.835970401763916
0.968656063079834
0.8573771119117737
no squeeze
15.11740493774414
5.206390380859375
3.474776268005371
2.537815809249878
2.139070987701416
1.742154836654663
1.504539132118225
1.2894401550292969
1.1834105253219604
1.6478960514068604
1.9389331340789795
2.192610263824463
1.174285888671875
1.1074362993240356
1.2293556928634644
1.4126026630401611
1.2884855270385742
1.2104554176330566
0.9179343581199646
1.2972807884216309
0.8932116627693176
1.0759333372116089
0.9285353422164917
1.2245032787322998
1.065434217453003
1.0158432722091675
1.0674188137054443
1.064460039138794
2.003985643386841
0.9939296841621399
0.8832137584686279
1.0393033027648926
0.9269981980323792
1.0030711889266968
0.8909313678741455
0.9286653399467468
1.6924537420272827
0.9138489961624146
0.7754603028297424
0.9195448756217957
1.020919680595398
0.9688196778297424
0.626074492931366
0.8185352087020874
0.7938719391822815
0.8405335545539856
0.7932966351509094
0.7983431220054626
0.7572303414344788
1.0944416522979736
1.1702409982681274
0.738565981388092
0.7053691744804382
no squeeze
13.838618278503418
4.191070079803467
2.7070279121398926
2.0446858406066895
1.6394554376602173
1.3995555639266968
1.1997920274734497
1.0745700597763062
0.9666236042976379
0.8780266642570496
0.8633720874786377
0.8310853242874146
0.8838741779327393
0.6743223667144775
0.6677268147468567
0.716828465461731
0.5527048707008362
0.6300528645515442
0.6913533806800842
0.5473416447639465
0.5838833451271057
0.5950697064399719
0.5147942900657654
0.5567107796669006
0.47944536805152893
0.6162841320037842
0.4601011872291565
0.5015897154808044
0.4752638041973114
0.5201511383056641
0.49262067675590515
0.47397032380104065
0.4031508266925812
0.4271661341190338
0.42042356729507446
0.4471343755722046
0.4943578243255615
0.43463918566703796
0.45372796058654785
0.40576431155204773
0.414484441280365
0.4287247061729431
0.3876231908798218
0.35097867250442505
0.38102778792381287
0.3791283965110779
0.4182491600513458
0.45590582489967346
0.4027319848537445
0.3636420965194702
0.4105846583843231
0.40000438690185547
0.36477139592170715
0.3607497811317444
no squeeze
12.135008811950684
4.16657829284668
2.612687110900879
1.9455060958862305
1.5589503049850464
1.3803874254226685
1.1678928136825562
0.9760664105415344
0.923133373260498
0.8816145658493042
0.8664390444755554
0.7133856415748596
0.7364946603775024
0.8188323974609375
0.8059333562850952
0.7415891885757446
0.6777878999710083
0.6372339725494385
0.6026255488395691
0.5342207551002502
0.5587003231048584
0.5802367329597473
0.5048159956932068
0.5671300292015076
0.5191737413406372
0.5275596976280212
0.6085894107818604
0.5503672361373901
0.5769479274749756
0.49211785197257996
0.4520338475704193
0.5209110975265503
0.4863138496875763
0.5189589262008667
0.5599011778831482
0.5085126757621765
0.4880897104740143
0.4719621241092682
0.44801652431488037
0.48327383399009705
0.44353359937667847
0.5252928137779236
0.42279052734375
0.43322521448135376
0.47046390175819397
0.4416101574897766
0.4658353328704834
0.4125240743160248
0.4790990650653839
0.36028531193733215
0.38934236764907837
0.38793426752090454
0.45922672748565674
0.474662184715271
0.4582825303077698
0.4056016504764557
0.4115796685218811
0.44221562147140503
0.45580118894577026
0.4023897647857666
no squeeze
8.325164794921875
2.090904951095581
1.0733063220977783
1.653321623802185
0.7933161854743958
0.7299832105636597
1.1496694087982178
0.6593322157859802
0.8569328784942627
0.6148779392242432
0.8272817730903625
0.49878332018852234
0.700667679309845
0.7227088212966919
0.5715264081954956
0.7163946628570557
0.5636081695556641
0.9976519346237183
0.5162777304649353
0.8970646858215332
0.9027877449989319
1.1586525440216064
