no squeeze
11.084535598754883
2.723280191421509
1.4618093967437744
1.236507534980774
1.049394130706787
0.8251356482505798
0.875328540802002
0.8147675395011902
0.8037031292915344
0.7535444498062134
0.6973113417625427
0.8071858882904053
0.8237855434417725
0.7927070260047913
0.8792115449905396
0.5756695866584778
0.6784363985061646
0.7303937673568726
0.6120923757553101
0.750307023525238
0.5887507200241089
0.7355587482452393
0.6137178540229797
0.5973061323165894
0.5030507445335388
0.593953013420105
0.5728702545166016
0.6973464488983154
0.5424779653549194
0.7173181772232056
0.6146911382675171
0.6290928721427917
0.6838471293449402
0.6078213453292847
0.6747101545333862
no squeeze
14.169844627380371
3.349714517593384
2.042855739593506
1.3099849224090576
1.0712919235229492
0.9678524136543274
0.9223230481147766
0.7520453929901123
0.9395313262939453
0.7179590463638306
0.7149252891540527
0.6539621949195862
0.760459303855896
0.9479511976242065
0.8580344915390015
0.6699056625366211
0.8440110087394714
0.7637791633605957
0.9035264253616333
0.6933704614639282
0.7356759309768677
0.6704980134963989
no squeeze
15.107355117797852
5.618358135223389
3.4281716346740723
2.5904629230499268
2.0986592769622803
1.8754593133926392
1.8535493612289429
1.8648582696914673
1.7757478952407837
1.9042295217514038
1.4409109354019165
1.4361193180084229
1.6390068531036377
1.3534234762191772
1.090320110321045
1.1033958196640015
1.1074855327606201
1.0718169212341309
1.2235134840011597
1.1421042680740356
0.9826591610908508
1.0255827903747559
2.060107707977295
1.0610829591751099
1.0266669988632202
1.252732515335083
0.9592725038528442
0.9579533338546753
1.021093487739563
1.3180779218673706
1.012825846672058
0.9642871022224426
0.8597346544265747
1.182029366493225
0.8721503615379333
0.8441336750984192
1.2144262790679932
1.0318418741226196
0.989823579788208
1.106002688407898
0.9992464780807495
0.8006841540336609
0.8586525917053223
0.8886582255363464
0.920195460319519
1.0969655513763428
1.3592612743377686
1.1181941032409668
1.4258805513381958
0.8636072278022766
0.6900584697723389
0.6885781288146973
0.7049080729484558
0.7738266587257385
0.8305386900901794
1.004734754562378
0.6952727437019348
0.601405918598175
0.7307740449905396
0.6235872507095337
1.0176132917404175
1.0740290880203247
0.6864193081855774
0.6844331622123718
0.6906229257583618
0.7447219491004944
0.8722764253616333
0.86866295337677
no squeeze
14.280776023864746
5.071924686431885
3.441335678100586
2.5671021938323975
2.1018741130828857
1.7253586053848267
1.506847858428955
1.3526618480682373
1.2016100883483887
1.073725700378418
1.0126421451568604
0.9514564275741577
0.948503851890564
0.9007151126861572
0.8114223480224609
0.8382988572120667
0.7950665950775146
0.7871041297912598
0.8108930587768555
0.748985230922699
0.7071059942245483
0.6145931482315063
0.5970700979232788
0.6324319839477539
0.5983574390411377
0.5892235040664673
0.5833051204681396
0.5646779537200928
0.6344461441040039
0.5952808856964111
0.5367977619171143
0.6093369126319885
0.5922681093215942
0.524406909942627
0.4865088164806366
0.5087330341339111
0.49696895480155945
0.47416290640830994
0.5079050660133362
0.4906378984451294
0.5194593071937561
0.5327951908111572
0.478679895401001
0.4531542658805847
0.4646835923194885
0.4587206244468689
0.47540202736854553
0.45461902022361755
0.47825711965560913
0.47526028752326965
0.45564785599708557
0.5102723240852356
0.4629741609096527
0.4743678569793701
no squeeze
14.02978801727295
4.480514049530029
2.865917921066284
2.1463444232940674
1.9197195768356323
1.4267396926879883
1.3571826219558716
1.1331472396850586
1.1574115753173828
0.9527329206466675
0.9971470832824707
0.915433406829834
0.8612789511680603
0.9830870032310486
0.8355461955070496
0.7037262916564941
0.7417472004890442
0.7017683386802673
0.7253843545913696
0.7027699947357178
0.7223029732704163
0.7153510451316833
0.7410234212875366
0.7566332817077637
0.7525745034217834
0.6005424857139587
0.654365062713623
0.5870581865310669
0.6987007260322571
0.6192719340324402
0.6014364361763
0.6577547192573547
0.5512341856956482
0.5637934803962708
0.4911532700061798
0.6141672134399414
0.5663148760795593
0.5071950554847717
0.5304558873176575
0.4623088538646698
0.4892500340938568
0.4754769504070282
0.45461955666542053
0.5213287472724915
0.5054616332054138
0.5248739123344421
0.7354760766029358
0.7265611886978149
0.4507969319820404
0.4519381821155548
0.49887576699256897
0.4352521002292633
0.43929508328437805
0.4665718674659729
0.4546399712562561
0.4232233762741089
0.4098893702030182
0.46639201045036316
0.44566500186920166
0.5085035562515259
0.49706730246543884
0.4612066447734833
0.5586217641830444
0.5468044877052307
0.37115368247032166
0.42801159620285034
0.4042256474494934
0.4694674015045166
0.3834288418292999
0.4227931499481201
0.36183393001556396
0.4241078495979309
0.36972787976264954
0.3518376052379608
0.4492231011390686
0.35920193791389465
0.33456167578697205
0.39775487780570984
0.35320189595222473
0.37353360652923584
0.46557170152664185
0.38071373105049133
0.43355822563171387
0.4692803919315338
0.35417577624320984
0.39691266417503357
0.3259480595588684
0.40744730830192566
0.34963709115982056
0.3711584508419037
0.3074367344379425
0.35237500071525574
0.35750001668930054
0.3121735453605652
0.33622023463249207
0.3570513427257538
0.3358392119407654
0.3359338343143463
0.3265152871608734
0.3184061348438263
0.3782188892364502
no squeeze
8.309248924255371
2.121267795562744
1.2379049062728882
0.7299010157585144
0.903599202632904
0.5511536002159119
0.6269626021385193
0.7064836621284485
0.7978814244270325
0.7753891348838806
0.5526949763298035
0.9895396828651428
0.8585304021835327
1.001768708229065
0.6993361115455627
0.6128294467926025
