no squeeze
16.58595848083496
4.898804187774658
2.426340341567993
1.3443686962127686
0.910344123840332
0.6041381359100342
0.4197027385234833
0.3174455463886261
0.26429346203804016
0.2580682933330536
0.19375067949295044
0.16508671641349792
0.1873399019241333
0.1233317106962204
0.15515702962875366
0.15673838555812836
0.2103685438632965
0.10519178956747055
0.1223466768860817
0.19530948996543884
0.3351125121116638
0.2275387942790985
0.10888133198022842
0.15177907049655914
0.11592081934213638
0.07703855633735657
0.17418774962425232
0.19622129201889038
0.10294114798307419
0.09663167595863342
0.11967449635267258
0.13046105206012726
0.20970867574214935
0.11517518758773804
0.10070308297872543
0.1643642634153366
no squeeze
21.21405029296875
5.655549049377441
2.929809331893921
1.813312292098999
1.2994393110275269
1.1456046104431152
0.8731502890586853
0.9242627024650574
0.717319667339325
0.6518215537071228
0.8890907168388367
0.7136019468307495
0.6300918459892273
0.6164385676383972
0.4979652762413025
0.5869107842445374
0.4854828417301178
0.5587467551231384
0.46662992238998413
0.5295484662055969
0.5346349477767944
0.5630418062210083
0.5072482228279114
0.49429255723953247
0.4796059727668762
0.4541340172290802
0.4359228014945984
0.5570129156112671
0.45577099919319153
0.5155203342437744
0.5637112855911255
0.5028966069221497
0.5997641682624817
0.7172157764434814
0.45956721901893616
0.5761092305183411
0.5658975839614868
no squeeze
22.276399612426758
8.07754135131836
5.359529972076416
3.789356231689453
2.6528220176696777
1.8827954530715942
1.4961812496185303
1.5449429750442505
1.1378252506256104
0.7754442095756531
1.142581820487976
0.8880140781402588
0.9242424964904785
0.5897231698036194
0.45621708035469055
0.5482314825057983
0.5247941613197327
0.6518521904945374
0.3543201684951782
0.3300587832927704
0.31375980377197266
0.28239476680755615
0.30339011549949646
0.5486708283424377
0.24194762110710144
0.2282661348581314
0.23904210329055786
0.357073038816452
0.25925976037979126
0.3617926836013794
0.24204881489276886
0.17937323451042175
0.22302944958209991
0.17645998299121857
0.1375352144241333
0.12057521194219589
0.1342637985944748
0.2037888616323471
0.16685187816619873
0.12674444913864136
0.09729138016700745
0.10331786423921585
0.09882737696170807
0.07929259538650513
0.09856048226356506
0.13564971089363098
0.24212290346622467
0.08247446268796921
0.12686777114868164
0.06928198784589767
0.059032998979091644
0.03522350639104843
0.03522440046072006
0.06202801316976547
0.03398936986923218
0.03382278233766556
0.035446036607027054
0.041235364973545074
0.056442197412252426
0.12445169687271118
0.0755281150341034
0.10679110884666443
0.13094857335090637
0.06887861341238022
0.03597412630915642
0.04689526557922363
no squeeze
21.1529598236084
9.769615173339844
7.672231674194336
6.0638532638549805
4.931598663330078
4.124658584594727
3.543511390686035
3.0987141132354736
2.7960257530212402
2.478013753890991
2.3308677673339844
2.2082407474517822
1.977782964706421
1.7916158437728882
1.705991506576538
1.8115063905715942
1.638731837272644
1.5144096612930298
1.4360617399215698
1.5237672328948975
1.2679247856140137
1.3275983333587646
1.3625036478042603
1.3047394752502441
1.2841823101043701
1.226770043373108
1.2118078470230103
1.1081396341323853
1.1996097564697266
1.0125247240066528
1.0371867418289185
1.0670783519744873
1.00526762008667
0.9683963656425476
0.9398708343505859
0.9568508267402649
0.8637226819992065
0.8228874802589417
0.786714494228363
0.8359756469726562
0.8353382349014282
0.8729047179222107
0.7893147468566895
0.777525782585144
0.8411582708358765
0.7603994011878967
0.740294337272644
0.8122363686561584
0.7885228991508484
0.7144272327423096
0.6712027192115784
0.6393616795539856
0.7028505802154541
0.6692431569099426
0.6988459229469299
0.6777687668800354
0.6325667500495911
0.6070955991744995
0.6517161130905151
0.6164073944091797
0.6203804612159729
0.5201391577720642
0.5870091319084167
0.5638147592544556
0.5742632150650024
0.5518065094947815
0.5490871667861938
0.5755834579467773
0.5418153405189514
0.564020574092865
0.5329405665397644
0.5561227798461914
no squeeze
20.039745330810547
7.838351249694824
5.221048831939697
4.134885787963867
3.2924141883850098
2.6655068397521973
2.3599507808685303
2.0074455738067627
1.7824318408966064
1.6924184560775757
1.5793559551239014
1.3752555847167969
1.4208173751831055
1.3591630458831787
1.1913813352584839
1.184554100036621
1.0956175327301025
1.1889249086380005
1.06916344165802
1.0308756828308105
0.9767706990242004
0.9007894396781921
0.9077380299568176
0.9487565159797668
1.1819210052490234
0.9308152794837952
0.8841841220855713
0.734691321849823
0.8142415285110474
0.6883240342140198
0.6988407373428345
0.6731759905815125
0.7323188185691833
0.6733512282371521
0.6921133399009705
0.6677803993225098
0.6061720848083496
0.6075213551521301
0.606417715549469
0.557020366191864
0.5664738416671753
0.6171776652336121
0.6162223815917969
0.553789496421814
0.6514225006103516
0.6256174445152283
0.5852383971214294
0.544822633266449
0.6056445837020874
0.5152014493942261
0.5033016204833984
0.615098237991333
0.49296343326568604
0.4957985281944275
0.5008392333984375
0.4880654513835907
0.451321005821228
0.5235690474510193
0.40729519724845886
0.44135966897010803
0.41009506583213806
0.48362767696380615
0.4717380106449127
0.43752071261405945
0.4419800937175751
0.4724481403827667
0.4148072898387909
0.3577061891555786
0.3610464930534363
0.4222724139690399
0.47230857610702515
0.4061962962150574
0.39567190408706665
0.3638809621334076
0.42531609535217285
0.41343799233436584
0.37087005376815796
0.4556773900985718
no squeeze
14.893011093139648
4.311273574829102
2.8407230377197266
2.10351300239563
1.6971207857131958
1.147668480873108
1.4614355564117432
1.1963492631912231
1.1519875526428223
1.7233335971832275
1.845602035522461
1.4907413721084595
1.5507187843322754
1.126072883605957
1.1466363668441772
1.5368179082870483
1.0013474225997925
1.8119925260543823
1.0129257440567017
1.2239969968795776
1.1598438024520874
0.9068881869316101
1.4137111902236938
1.476140022277832
1.2751775979995728
1.2153513431549072
0.8677006363868713
1.2577934265136719
0.6657311320304871
1.1539124250411987
1.3791370391845703
1.1174694299697876
1.0014591217041016
1.3291720151901245
0.8691959977149963
1.2828686237335205
1.0177814960479736
0.8181446194648743
0.7467271089553833
