no squeeze
60.4285774230957
14.153416633605957
7.6253886222839355
4.795814514160156
3.0689144134521484
2.080878734588623
1.82871413230896
1.1995972394943237
0.9853312373161316
0.8525521159172058
1.1670148372650146
0.5801070928573608
0.8157504796981812
0.9544703364372253
1.1113226413726807
0.8165484070777893
0.5133203864097595
0.4171003997325897
0.6048488020896912
0.4190935790538788
0.5492995977401733
0.20296789705753326
0.09324844926595688
0.7605357766151428
0.45568928122520447
0.7263538837432861
0.6447727680206299
0.18875974416732788
0.19477149844169617
0.36348384618759155
0.1971462517976761
0.4327411353588104
0.7254223823547363
no squeeze
41.3967170715332
14.533808708190918
8.542863845825195
5.745047569274902
4.640188217163086
4.0321502685546875
3.3904592990875244
3.317871570587158
2.5564427375793457
2.658921957015991
3.114506721496582
2.7217721939086914
2.4156510829925537
2.561886787414551
2.2295026779174805
2.7865095138549805
2.4905619621276855
2.7207770347595215
2.0992202758789062
2.3128902912139893
2.292504072189331
1.9592677354812622
2.3282673358917236
1.9797372817993164
2.0203652381896973
2.15338134765625
2.87003493309021
2.420579671859741
3.1025068759918213
1.8130502700805664
2.4584052562713623
2.190922975540161
1.497197151184082
2.1042258739471436
1.7102601528167725
1.8288618326187134
1.7743219137191772
1.7300399541854858
1.6394139528274536
1.3447028398513794
1.4842610359191895
1.7798923254013062
1.9297655820846558
1.4949129819869995
1.2117400169372559
1.4491115808486938
1.5904418230056763
1.99397611618042
1.4179103374481201
1.6712218523025513
2.5334877967834473
2.0922834873199463
1.6514493227005005
1.8712639808654785
1.8347898721694946
no squeeze
49.68867111206055
18.728017807006836
13.650768280029297
9.44151496887207
8.005669593811035
6.86906623840332
5.340184688568115
5.259060382843018
5.589654922485352
5.752264976501465
7.247252464294434
4.413392066955566
4.092466831207275
3.6498939990997314
4.272391319274902
3.4769413471221924
3.499804973602295
3.255326271057129
2.7227590084075928
2.3130640983581543
2.929309368133545
1.8347446918487549
2.2729039192199707
2.244236707687378
1.867445707321167
1.689658761024475
4.393632411956787
2.2131950855255127
1.725882649421692
3.0056827068328857
3.3294332027435303
4.177498817443848
3.0615663528442383
1.6728214025497437
1.7755793333053589
2.2183005809783936
2.438477039337158
1.8366092443466187
1.8109023571014404
1.816246509552002
2.150211811065674
1.5165226459503174
2.1676690578460693
1.9886101484298706
2.44020676612854
1.6931074857711792
1.8620163202285767
1.5278611183166504
1.0119067430496216
1.5333491563796997
1.0770320892333984
1.0402778387069702
1.7337981462478638
1.5817539691925049
0.7380139231681824
1.9626671075820923
1.469516396522522
2.284580707550049
1.107369303703308
0.8959262371063232
1.811601161956787
2.308250665664673
2.4071903228759766
1.9371337890625
1.4816123247146606
no squeeze
54.07080078125
20.0704402923584
15.279012680053711
12.575258255004883
10.72628116607666
9.27647590637207
8.28434944152832
7.471872329711914
6.609121322631836
6.1529765129089355
5.4541826248168945
5.255548477172852
4.717596054077148
4.453629493713379
4.106531143188477
3.948037624359131
3.650653839111328
3.702786445617676
3.2316582202911377
3.1297144889831543
3.098269462585449
3.343184471130371
3.1152992248535156
2.4897546768188477
2.6364686489105225
2.81893253326416
2.535536527633667
2.465266704559326
3.1411943435668945
2.518550157546997
2.2684133052825928
2.4659886360168457
2.036468267440796
1.9673534631729126
2.3680572509765625
2.3880350589752197
2.0606985092163086
2.0176007747650146
2.211747884750366
1.9597758054733276
2.0467381477355957
1.9984540939331055
1.9882292747497559
1.9639344215393066
2.0132699012756348
1.9682775735855103
1.8459603786468506
2.0192806720733643
1.8231565952301025
1.8617099523544312
1.79300856590271
1.6993281841278076
1.8945156335830688
1.668837547302246
1.6656533479690552
1.763242483139038
1.830920934677124
1.5196212530136108
1.5812568664550781
1.4056528806686401
1.8939534425735474
1.5569202899932861
1.578872561454773
1.2468886375427246
1.431431531906128
1.5034430027008057
1.278678059577942
1.3377487659454346
1.3146473169326782
1.2614787817001343
1.2712303400039673
1.2473737001419067
1.3536112308502197
1.2918791770935059
no squeeze
58.078372955322266
17.365238189697266
12.694570541381836
9.571954727172852
8.518031120300293
6.633788108825684
5.984188079833984
5.47819709777832
4.615513324737549
4.1440558433532715
4.425708293914795
3.437960624694824
3.2567317485809326
3.6182830333709717
3.0643317699432373
2.8181967735290527
2.730276107788086
2.921957492828369
2.9230921268463135
2.8462471961975098
2.6840896606445312
2.3664960861206055
2.1448147296905518
2.249431848526001
2.1915054321289062
1.8335362672805786
1.9248621463775635
1.9255125522613525
1.6911250352859497
2.0206987857818604
2.1155452728271484
1.7202098369598389
1.650654673576355
1.7339931726455688
1.877608060836792
1.7589293718338013
1.8285603523254395
1.693997859954834
1.9612997770309448
1.491133213043213
1.5757592916488647
1.5339887142181396
1.3354463577270508
1.6295356750488281
1.4924794435501099
1.7920112609863281
1.631488561630249
1.603096604347229
1.1955211162567139
1.3513836860656738
1.3881404399871826
1.5151129961013794
1.3519597053527832
1.3609390258789062
1.461353063583374
1.1102362871170044
1.220261812210083
1.1251152753829956
1.2206240892410278
1.21027672290802
1.0831094980239868
1.137992262840271
1.142520546913147
1.1553785800933838
1.221671223640442
1.4942702054977417
1.0579586029052734
1.0657867193222046
1.0470454692840576
1.4282293319702148
1.0291483402252197
1.018298864364624
0.9825937747955322
1.1596508026123047
0.9681069254875183
0.9865590929985046
1.1051933765411377
1.0436309576034546
1.0913006067276
0.8913818001747131
0.9473375678062439
1.0041662454605103
0.8190582394599915
0.9945698380470276
1.0268703699111938
0.9280935525894165
1.0084830522537231
0.8568304181098938
0.9688944816589355
0.9710193872451782
0.9252292513847351
0.7977967262268066
0.8775566220283508
0.8886598944664001
0.8463097214698792
1.053819179534912
0.8375589847564697
0.8626078963279724
0.9161073565483093
0.6624001860618591
0.8221308588981628
0.87824547290802
0.7565087676048279
0.8575934767723083
0.9086812734603882
0.9104793667793274
0.7577840089797974
0.8364386558532715
0.8215110301971436
0.7040302157402039
no squeeze
64.10244750976562
14.597189903259277
8.493844985961914
5.483737468719482
3.1357240676879883
8.710245132446289
4.815181255340576
3.3624672889709473
4.7956390380859375
3.9096226692199707
3.9168546199798584
4.1643476486206055
2.0424187183380127
3.2310791015625
6.037987232208252
3.944304943084717
3.6321229934692383
2.9170963764190674
3.349813938140869
2.3756604194641113
5.657781600952148
3.264726400375366
4.9066009521484375
