no squeeze
7.204539775848389
0.5009704828262329
0.3662773668766022
0.18726375699043274
0.17151910066604614
0.13680808246135712
0.13228419423103333
0.12190164625644684
0.12019714713096619
0.1164420023560524
0.11638844758272171
0.11435896158218384
0.11441376805305481
0.11404740810394287
0.11455339938402176
0.11394613236188889
0.11416345834732056
0.11382190883159637
0.11387105286121368
0.11326206475496292
0.11398246139287949
0.1133602038025856
no squeeze
6.975675582885742
0.9282541871070862
0.7811568379402161
0.5970901846885681
0.5808328986167908
0.5492103099822998
0.5454537272453308
0.5316482782363892
0.5296724438667297
0.52531498670578
0.5249477028846741
0.525110125541687
0.5225268006324768
0.5214045643806458
0.5217986106872559
0.5207993984222412
0.5216760635375977
0.5193815231323242
0.5209875702857971
0.5209434032440186
no squeeze
7.131272315979004
1.1344934701919556
0.8868916630744934
0.47696319222450256
0.4250833988189697
0.28973278403282166
0.2645057737827301
0.18981832265853882
0.17541752755641937
0.13116715848445892
0.12253037840127945
0.09589555114507675
0.09114652127027512
0.07613267749547958
0.07291876524686813
0.06432714313268661
0.062490563839673996
0.05639033392071724
0.05513036251068115
0.05117007717490196
0.050283972173929214
0.04785481467843056
0.047203563153743744
0.045416928827762604
0.044880930334329605
0.04320715367794037
0.04284611716866493
0.041512537747621536
0.04123277589678764
0.040349170565605164
0.040026821196079254
0.03911947086453438
0.03898606821894646
0.03793381527066231
0.03782942518591881
0.03707842901349068
0.037034109234809875
0.03619503974914551
0.03615785390138626
0.03557157516479492
0.035476602613925934
0.03517075255513191
0.03486600145697594
0.034268394112586975
0.03429706394672394
0.033868737518787384
0.03365802392363548
0.03347606956958771
0.033427197486162186
0.033103518187999725
0.032901518046855927
0.03274012356996536
0.03257813677191734
0.03235253691673279
0.03231370076537132
0.032037269324064255
0.032010577619075775
0.03180589899420738
0.03172224387526512
0.031618330627679825
0.03152582421898842
0.031341541558504105
0.031438201665878296
0.03117728792130947
0.031185314059257507
0.031007178127765656
0.03103346936404705
0.031003016978502274
0.031092142686247826
0.030727451667189598
0.030938228592276573
0.030734535306692123
no squeeze
7.6956400871276855
3.3055267333984375
2.819938898086548
1.908454418182373
1.798633098602295
1.5289965867996216
1.4800142049789429
1.3348323106765747
1.3050122261047363
1.2023003101348877
1.1805946826934814
1.104766607284546
1.0870553255081177
1.0293834209442139
1.0145775079727173
0.9672523736953735
0.9557489156723022
0.9165844321250916
0.9070658683776855
0.8741486072540283
0.8660282492637634
0.835692286491394
0.8294267058372498
0.8041055798530579
0.7982833385467529
0.7733328938484192
0.7688804268836975
0.7478867769241333
0.7412897944450378
0.7215398550033569
0.7182384133338928
0.6974913477897644
0.6933693885803223
0.675654947757721
0.6712158918380737
0.6545541882514954
0.650665819644928
0.633115828037262
0.6286065578460693
0.6144016981124878
0.6096811294555664
0.595352053642273
0.5923404097557068
0.5777136087417603
0.5758185386657715
0.5601165294647217
0.5555843114852905
0.5427200794219971
0.5398432016372681
0.5284900665283203
0.5253310203552246
0.5126691460609436
0.5093008875846863
0.49843162298202515
0.4969976842403412
0.48742008209228516
0.4850442707538605
0.4750891327857971
0.4740513265132904
0.4681605398654938
0.4654920995235443
0.4604721963405609
0.4580991566181183
0.4523066580295563
0.45117253065109253
0.44782280921936035
0.4465346336364746
0.4412703216075897
0.4410756528377533
0.4373210668563843
0.4368063807487488
0.433604896068573
0.4331260919570923
0.4292575418949127
0.429161012172699
0.4273226261138916
0.42700833082199097
0.42470380663871765
0.4234923720359802
0.42135298252105713
0.4202558398246765
0.4191949665546417
0.42026033997535706
0.41886717081069946
0.4178180396556854
0.41693341732025146
0.4146993160247803
0.4135149121284485
0.413259893655777
0.4136471152305603
0.41198813915252686
0.4100607931613922
0.4088882803916931
0.4092886447906494
0.4086146056652069
0.4074576199054718
0.40882325172424316
0.40675705671310425
0.40545690059661865
0.4039228856563568
0.4043514132499695
0.4031868278980255
0.4048106074333191
0.4025910496711731
0.40358686447143555
0.40247872471809387
0.40270882844924927
0.4005735218524933
0.39984989166259766
0.400201678276062
0.40017393231391907
0.3995378613471985
0.3989730775356293
0.39818477630615234
0.39898520708084106
0.3972269594669342
0.3982047736644745
0.3960324227809906
0.39700230956077576
0.3974309265613556
no squeeze
7.482602596282959
1.4725251197814941
1.2417798042297363
0.8635368943214417
0.8218355774879456
0.720199465751648
0.7036168575286865
0.6555007100105286
0.6456663608551025
0.6152557134628296
0.6085083484649658
0.5863418579101562
0.5809336304664612
0.5637260675430298
0.5617769360542297
0.5497794151306152
0.5469551086425781
0.5357460379600525
0.5328221321105957
0.5260467529296875
0.5232579708099365
0.5167639851570129
0.5160170197486877
0.5123327374458313
0.5099626779556274
0.505246639251709
0.5058867931365967
0.5023196339607239
0.5017290711402893
0.49939781427383423
0.49825212359428406
0.4961644411087036
0.49525392055511475
0.4930829107761383
0.49338024854660034
0.49036943912506104
0.49224233627319336
0.4899972677230835
0.4899587333202362
0.48801302909851074
0.4890478551387787
0.4874364137649536
0.48788338899612427
0.48597434163093567
0.4856373071670532
0.484972208738327
0.4848645329475403
0.48411089181900024
0.4847315847873688
0.48623135685920715
no squeeze
8.787220001220703
1.2531741857528687
1.1858506202697754
1.1328423023223877
1.1272310018539429
1.1283921003341675
1.1269237995147705
1.1307690143585205
1.1263909339904785
1.1259104013442993
1.1281300783157349
1.131639003753662
