no squeeze
2.4503214359283447
0.08403686434030533
0.05000298470258713
0.016172148287296295
0.014296957291662693
0.011309663765132427
0.010954249650239944
0.01006118394434452
0.009889909066259861
0.009384782053530216
0.009343518875539303
0.009035462513566017
0.00901054497808218
0.00889070425182581
0.008844796568155289
0.008771774359047413
0.008736664429306984
0.008790486492216587
0.008743423968553543
0.008756044320762157
no squeeze
1.8100534677505493
0.13181021809577942
0.1095639169216156
0.08573930710554123
0.084000363945961
0.08099779486656189
0.08074898272752762
0.07960283011198044
0.07976614683866501
0.07935070246458054
0.0795350894331932
0.07925308495759964
0.07993901520967484
0.07953502237796783
no squeeze
2.122636079788208
0.12718895077705383
0.08631904423236847
0.03376117721199989
0.028887098655104637
0.018712744116783142
0.01697649620473385
0.012546283192932606
0.01180587150156498
0.009589023888111115
0.009183555841445923
0.00783627200871706
0.007591875270009041
0.006816440727561712
0.006619660183787346
0.006054823752492666
0.0059090289287269115
0.005494561977684498
0.005405754316598177
0.005157266277819872
0.00509395869448781
0.0049042715691030025
0.004841757472604513
0.004675642587244511
0.004638337995857
0.004526257049292326
0.004500626120716333
0.004404623527079821
0.004406628664582968
0.004306604154407978
0.004264511168003082
0.004183981567621231
0.004153811372816563
0.004085819236934185
0.00408274307847023
0.004034317564219236
0.004011313896626234
0.003963209688663483
0.003963598050177097
0.003908942919224501
0.003910111263394356
0.00385910808108747
0.0038402886129915714
0.0038157019298523664
0.003806274849921465
0.0037516567390412092
0.0037937182933092117
0.0037398128770291805
0.00373747362755239
0.003715135157108307
0.003710463410243392
0.003691247431561351
0.003673766739666462
0.0036729187704622746
0.0036648407112807035
0.0036262215580791235
0.0036347308196127415
0.003607754595577717
0.0036068945191800594
0.0036317596677690744
0.0035904054529964924
0.0035960404202342033
0.003595193848013878
0.003607611870393157
no squeeze
2.1048402786254883
0.4092760980129242
0.3398689329624176
0.23408283293247223
0.2220788449048996
0.19440127909183502
0.18947283923625946
0.17493203282356262
0.17189958691596985
0.16199828684329987
0.16048002243041992
0.1528155505657196
0.15107843279838562
0.14539843797683716
0.14455419778823853
0.139476478099823
0.13834890723228455
0.13446712493896484
0.13367053866386414
0.13062472641468048
0.12954552471637726
0.12667454779148102
0.12589143216609955
0.12339175492525101
0.1233690157532692
0.12053991109132767
0.11980780214071274
0.11770904809236526
0.11748453974723816
0.11532627791166306
0.11494440585374832
0.11295702308416367
0.11265655606985092
0.11086487770080566
0.11029514670372009
0.1086713969707489
0.10876840353012085
0.1069713681936264
0.10674507915973663
0.10520336776971817
0.10493165999650955
0.10377808660268784
0.10318408161401749
0.10196573287248611
0.10183726251125336
0.10041343420743942
0.09996844083070755
0.0988854244351387
0.0985105037689209
0.09816882759332657
0.09756473451852798
0.09576325118541718
0.0958501398563385
0.09481034427881241
0.09432730823755264
0.09281796962022781
0.09243182092905045
0.0915299654006958
0.09137118607759476
0.08982420712709427
0.08969728648662567
0.0882296934723854
0.0885125994682312
0.08657128363847733
0.08644190430641174
0.0848899781703949
0.0848780944943428
0.08289824426174164
0.08255142718553543
0.08112234622240067
0.08063378930091858
0.07956557720899582
0.07921351492404938
0.07822621613740921
0.07781294733285904
0.076800636947155
0.07659390568733215
0.07639876008033752
0.07611449062824249
0.07533543556928635
0.07557331770658493
0.07569248974323273
no squeeze
2.149325370788574
0.25575199723243713
0.2092636376619339
0.14343446493148804
0.13657478988170624
0.12018030136823654
0.11738556623458862
0.10878142714500427
0.10712098330259323
0.1023177057504654
0.1012219786643982
0.09771089255809784
0.09700600057840347
0.09457360953092575
0.09409043937921524
0.09254195541143417
0.09196604043245316
0.0898481011390686
0.08944441378116608
0.08829148858785629
0.08826994150876999
0.0868605375289917
0.08650173246860504
0.08566121757030487
0.08562137186527252
0.0852595642209053
0.084710031747818
0.0847347229719162
0.08493056893348694
0.08361875265836716
0.08368995040655136
0.08341281116008759
0.0832134336233139
0.08301154524087906
0.0829717218875885
0.08264376223087311
0.08231907337903976
0.08249428868293762
0.08226253092288971
0.08213437348604202
0.08176632225513458
0.08246207237243652
0.08229951560497284
0.08151762187480927
0.08160123229026794
0.08154173940420151
no squeeze
2.5487160682678223
0.19623328745365143
0.17678403854370117
0.15706704556941986
0.15641894936561584
0.15725506842136383
0.15736719965934753
0.1567533165216446
