no squeeze
0.6814327239990234
0.17055824398994446
0.10200193524360657
0.08606496453285217
0.08397065848112106
0.05526914820075035
0.04981083795428276
0.044364698231220245
0.03748868778347969
0.03626557067036629
0.033717624843120575
0.03531598672270775
0.027190951630473137
0.022879350930452347
0.023716308176517487
0.020853569731116295
0.01768440753221512
0.015623213723301888
0.018995797261595726
0.0151091068983078
0.01408037543296814
0.013456231914460659
0.011423333548009396
0.012543837539851665
0.01100977323949337
0.010816387832164764
0.00862337090075016
0.009330823086202145
0.007515826728194952
0.008320966735482216
0.008491936139762402
0.006628373172134161
0.006962708663195372
0.007326278369873762
0.005970309488475323
0.005967029836028814
0.005427432246506214
0.005159138701856136
0.006122157443314791
0.0067596519365906715
0.0047647226601839066
0.006680966354906559
0.00641665980219841
0.004465476144105196
0.004890399053692818
0.0047569661401212215
0.0038264954928308725
0.003695043968036771
0.0036785223055630922
0.004665016662329435
0.007482114713639021
0.005904975347220898
0.006836043670773506
0.0031665670685470104
0.0036313990131020546
0.0027094767428934574
0.002867158968001604
0.002686941297724843
0.0036186513025313616
0.003296053735539317
0.0027358615770936012
0.004033101722598076
0.002214290201663971
0.00229430734179914
0.0023919574450701475
0.0018712874734774232
0.0028789015486836433
0.00351355760358274
0.005518186371773481
0.0035366322845220566
0.0021658590994775295
0.0015954303089529276
0.0017429105937480927
0.001938390894792974
0.0016729732742533088
0.0018704691901803017
0.0015722495736554265
0.0015091612003743649
0.0013196562649682164
0.0013949518324807286
0.0011632522800937295
0.0020708993542939425
0.004530615173280239
0.0016481990460306406
0.0013697890099138021
0.0011472385376691818
0.0013276682002469897
0.0029518981464207172
0.0018655814928933978
0.002325275680050254
0.003458273597061634
0.0066958703100681305
0.010489406064152718
0.0028504470828920603
0.002263288479298353
0.001308866310864687
no squeeze
0.8212689161300659
0.23537924885749817
0.1574036180973053
0.12787821888923645
0.11255591362714767
0.10064103454351425
0.09972867369651794
0.10008622705936432
0.08889123052358627
0.08048558235168457
0.08015328645706177
0.07244086265563965
0.06459903717041016
0.06795542687177658
0.059759411960840225
0.06279096752405167
0.05885882303118706
0.05935586616396904
0.061135098338127136
0.05800265073776245
0.05182933062314987
0.059271521866321564
0.05587644875049591
0.05121268704533577
0.04737316817045212
0.053763970732688904
0.05488516390323639
0.05440311133861542
0.05007639527320862
0.053485382348299026
0.049758486449718475
0.04983954876661301
0.051542703062295914
0.04937500134110451
0.04758693650364876
no squeeze
0.9639692306518555
0.37434980273246765
0.24057036638259888
0.17267201840877533
0.15736010670661926
0.12389977276325226
0.10814420133829117
0.11141001433134079
0.09139887988567352
0.09730760008096695
0.11727875471115112
0.07426126301288605
0.0689852237701416
0.06451666355133057
0.058928150683641434
0.05465717986226082
0.05906664952635765
0.05737963691353798
0.049332793802022934
0.04207926243543625
0.060143060982227325
0.03811626136302948
0.0362706258893013
0.03221147879958153
0.03479020297527313
0.030825002118945122
0.03247437626123428
0.027358097955584526
0.024094952270388603
0.02550593391060829
0.024238932877779007
0.023862456902861595
0.028072655200958252
0.02308758534491062
0.021132290363311768
0.025636613368988037
0.027127739042043686
0.020897135138511658
0.018944410607218742
0.02007378078997135
0.0327860563993454
0.03164761886000633
0.022209089249372482
0.018375961109995842
0.014468522742390633
0.015610829927027225
0.014430562034249306
0.021151835098862648
0.0122832665219903
0.011421983130276203
0.010771065019071102
0.010550161823630333
0.01143186166882515
0.01502197701483965
0.011497251689434052
0.012306230142712593
0.009889258071780205
0.009825372137129307
0.012215625494718552
0.010852431878447533
0.01057700626552105
0.010501857846975327
0.011637195013463497
0.008166136220097542
0.007904505357146263
0.00843227282166481
0.010243741795420647
0.008698546327650547
0.010033710859715939
0.0154607854783535
0.01939895935356617
0.010236503556370735
0.010422337800264359
0.007593451999127865
0.006060038693249226
0.005300663877278566
0.005854658782482147
0.004924865439534187
0.00431868527084589
0.007353914901614189
0.004995758645236492
0.005471357144415379
0.005868887063115835
0.00520410155877471
0.008615740574896336
0.006252229679375887
0.005580478347837925
0.006513234693557024
0.003659541718661785
0.003516055177897215
0.006106373388320208
0.004858078435063362
0.003457381622865796
0.00425596022978425
0.003674910869449377
0.004073204006999731
0.005565478000789881
0.004080942831933498
0.004129009321331978
0.004432221408933401
0.004058445803821087
0.0036900814156979322
0.0033621389884501696
0.003221061546355486
0.0026410750579088926
0.010686240158975124
0.005167842376977205
0.014336401596665382
0.004907265771180391
0.0035828573163598776
0.0024237625766545534
0.0026292758993804455
0.0033590500243008137
0.0041907127015292645
0.007913084700703621
0.004828230012208223
0.0030139328446239233
0.00395960221067071
0.003945617936551571
0.002267393283545971
0.0018636443419381976
0.0018552287947386503
0.002862620400264859
0.0024988208897411823
0.0020378241315484047
0.00252902926877141
0.0021783518604934216
0.0034884284250438213
0.005769132636487484
0.00898867566138506
0.007762981113046408
0.0035455962643027306
no squeeze
1.0127770900726318
0.41477271914482117
0.31369173526763916
0.2471258044242859
0.22155097126960754
0.1941496878862381
0.18645182251930237
0.15918871760368347
0.15337318181991577
0.1432030200958252
0.13997797667980194
0.1299401968717575
0.12269815057516098
0.11472857743501663
0.10863412916660309
0.106478750705719
0.10642626136541367
0.10472366958856583
0.10018500685691833
0.09232757240533829
0.09002148360013962
0.0930948406457901
0.08513610810041428
0.08615418523550034
0.08062621206045151
0.08209800720214844
0.08195812255144119
0.08014801889657974
0.08183785527944565
0.0774824395775795
0.0784979909658432
0.07648981362581253
0.07141949981451035
0.0720156729221344
0.06972790509462357
0.0670337975025177
0.06818721443414688
0.06573734432458878
0.06351183354854584
0.062229689210653305
0.06419704854488373
0.06279899924993515
0.06345503032207489
0.06483318656682968
0.06450504064559937
0.06085604056715965
0.05908598378300667
0.06051990017294884
0.05873063951730728
0.057948339730501175
0.057985566556453705
0.05586883798241615
0.058187466114759445
0.05533084645867348
0.05391392111778259
0.052693769335746765
0.055187348276376724
0.05353691801428795
0.052013643085956573
0.05133788660168648
0.05402014032006264
0.048777464777231216
0.049643658101558685
0.04757803678512573
0.04848489537835121
0.04894428700208664
0.05074429139494896
0.04624037444591522
0.04818002134561539
0.04778226092457771
0.047401849180459976
0.04553571715950966
0.04604646936058998
0.045064933598041534
0.046813927590847015
0.044214747846126556
0.04514046385884285
0.04357817396521568
0.043135374784469604
0.044500719755887985
0.042682528495788574
0.04354637488722801
0.04300481081008911
0.04212339594960213
0.044469453394412994
0.04460204392671585
0.043694283813238144
0.042737457901239395
0.04098045080900192
0.04139699041843414
0.03944747522473335
0.04015505313873291
0.038607433438301086
0.04067789018154144
0.03953905031085014
0.039514388889074326
0.03743356093764305
0.039875954389572144
0.038869891315698624
0.03980444371700287
0.038147494196891785
0.0361093133687973
0.036929450929164886
0.03920697420835495
0.03784272074699402
0.03662889078259468
0.036101870238780975
0.03675765171647072
0.03650562837719917
0.034528326243162155
0.03817231208086014
0.0360114648938179
0.03733483701944351
0.036236148327589035
0.03869890794157982
0.03524337336421013
0.036873992532491684
0.03543038293719292
0.03625277057290077
0.035319890826940536
no squeeze
0.9264963269233704
0.3504760265350342
0.2238137573003769
0.18511703610420227
0.1512066125869751
0.13639487326145172
0.12358332425355911
0.10809141397476196
0.11438322812318802
0.0994027778506279
0.08861905336380005
0.08513744920492172
0.08199778199195862
0.07899398356676102
0.07305219024419785
0.0716642513871193
0.06541885435581207
0.06230408698320389
0.06304862350225449
0.059523116797208786
0.05937135964632034
0.05856127664446831
0.05578020587563515
0.05621569976210594
0.05343105271458626
0.05066896229982376
0.05028421804308891
0.04820994660258293
0.05018353462219238
0.046880703419446945
0.051674503833055496
0.048261191695928574
0.04538546875119209
0.04692469537258148
0.041243769228458405
0.04701261222362518
0.042117420583963394
0.04132580757141113
0.038053132593631744
0.038675885647535324
0.04149947315454483
0.04068809375166893
0.04273628443479538
0.04011015594005585
0.04058222845196724
0.039963360875844955
0.04017452523112297
0.036615122109651566
0.03643006831407547
0.03331233188509941
0.0356314517557621
0.03559437394142151
0.03294183313846588
0.033239398151636124
0.03206203132867813
0.03418266773223877
0.03381169214844704
0.03208596259355545
0.03110887110233307
0.03386494889855385
0.02906988561153412
0.031285203993320465
0.03127104416489601
0.02933315560221672
0.028506016358733177
0.028710808604955673
0.028095003217458725
0.03251834586262703
0.029482807964086533
0.029382389038801193
0.03150273114442825
0.02830972895026207
0.027781618759036064
0.02663252502679825
0.02703588269650936
0.029944054782390594
0.028301935642957687
0.027239087969064713
0.028075287118554115
0.025417907163500786
0.025421421974897385
0.025803973898291588
0.027517950162291527
0.02450910024344921
0.027162794023752213
0.03080104850232601
0.02401423268020153
0.02377219870686531
0.025559214875102043
0.02385563775897026
0.0239714365452528
0.024522094056010246
0.0262442696839571
0.027249719947576523
0.02267710492014885
0.024107184261083603
0.02728164941072464
0.027932733297348022
0.02245979756116867
0.023662135004997253
0.024311445653438568
0.022533800452947617
0.025374524295330048
0.023956745862960815
0.023766595870256424
0.02325798012316227
0.025378825142979622
0.02117377333343029
0.022310681641101837
0.025158165022730827
0.02182994969189167
0.023280717432498932
0.02163371816277504
0.02256319671869278
0.020357253029942513
0.02229858934879303
0.020543502643704414
0.021097635850310326
0.02208191156387329
0.02084934152662754
0.02173423208296299
0.020390426740050316
0.02024954929947853
0.019592121243476868
0.019808173179626465
0.020663641393184662
0.020668132230639458
0.01853768900036812
0.02024737186729908
0.02067069709300995
0.018973393365740776
0.02009575068950653
0.019896969199180603
0.021671243011951447
0.019749421626329422
0.02154752053320408
0.01867753267288208
0.018724093213677406
no squeeze
1.0445894002914429
0.24467618763446808
0.16024748980998993
0.1515776365995407
0.14762164652347565
0.13742302358150482
0.1113223060965538
0.11010880768299103
0.09526464343070984
0.10094933211803436
0.14845602214336395
0.11620710790157318
0.09650953114032745
0.09250281006097794
0.1073661744594574
0.08449584245681763
0.07833229750394821
0.09874913841485977
0.09813933819532394
0.08208741992712021
0.07717802375555038
0.0744120329618454
0.10150142014026642
0.09753593057394028
0.09078392386436462
0.07273595780134201
0.09432323276996613
0.07464893162250519
0.10149773210287094
0.06689661741256714
0.08093155920505524
0.10041024535894394
0.06700440496206284
0.0693456307053566
0.08852441608905792
0.07345356792211533
0.07300151139497757
0.07885877788066864
0.10146122425794601
0.07961762696504593
