no squeeze
2.1023547649383545
0.3442906439304352
0.24297328293323517
0.1722051352262497
0.13843531906604767
0.14507940411567688
0.12667278945446014
0.10040097683668137
0.0970984473824501
0.0868181511759758
0.0874439924955368
0.08877190202474594
0.07191119343042374
0.0786241739988327
0.055168863385915756
0.05432324483990669
0.05802972614765167
0.06046357750892639
0.047717563807964325
0.04417083412408829
0.04420826956629753
0.041991837322711945
0.04652143269777298
0.038854096084833145
0.04132186621427536
0.04138649255037308
0.02922631800174713
0.02496342919766903
0.03913343697786331
0.035478658974170685
0.023487282916903496
0.02774602733552456
0.026564668864011765
0.02666659466922283
0.029551202431321144
0.03088504634797573
0.03053945302963257
0.024104107171297073
0.01989423669874668
0.019127223640680313
0.016881482675671577
0.01664574444293976
0.017750022932887077
0.024266261607408524
0.023319579660892487
0.018336590379476547
0.019832614809274673
0.02257370576262474
0.015174840576946735
0.014995946548879147
0.030861597508192062
0.012495203875005245
0.012344247661530972
0.011182080022990704
0.013838879764080048
0.02447293885052204
0.019624199718236923
0.015245596878230572
0.013670972548425198
0.020032895728945732
0.010351703502237797
0.009789668023586273
0.011584393680095673
0.010871898382902145
0.019993552938103676
0.021949293091893196
0.009948968887329102
0.010068551637232304
0.009420642629265785
0.011308075860142708
0.009240904822945595
0.010136308148503304
0.01490249577909708
0.009759238921105862
0.009601837024092674
0.014064080081880093
0.011196610517799854
0.008561575785279274
0.008174698799848557
0.009948107413947582
0.008940376341342926
0.00717161362990737
0.006644754204899073
0.0060245501808822155
0.009103060699999332
0.008548685349524021
0.006486868020147085
0.00550245912745595
0.011028706096112728
0.020401697605848312
0.017881300300359726
0.027130383998155594
0.012689940631389618
0.005848047323524952
0.005891771055757999
0.009478718973696232
0.005753856152296066
0.006617151200771332
no squeeze
2.257996082305908
0.5242803692817688
0.28966233134269714
0.22528775036334991
0.18435132503509521
0.18336844444274902
0.1618914157152176
0.16410042345523834
0.1570359170436859
0.1692987084388733
0.12874995172023773
0.13394193351268768
0.11466319859027863
0.12277586758136749
0.1088423877954483
0.11539553105831146
0.11303193122148514
0.11509745568037033
0.10855574160814285
0.11174381524324417
0.09364626556634903
0.1033688560128212
0.09263083338737488
0.08982805162668228
0.10102985054254532
0.0916493758559227
0.08574727922677994
0.09808479249477386
0.11126942932605743
0.07611650228500366
0.07827778905630112
0.0712362602353096
0.07489647716283798
0.08633476495742798
0.08444476127624512
0.0858365073800087
0.09401043504476547
0.07569409906864166
0.09525899589061737
0.0753985121846199
0.08024855703115463
0.08201802521944046
no squeeze
1.908668041229248
0.6431684494018555
0.41200506687164307
0.33700451254844666
0.25980517268180847
0.25330695509910583
0.23099155724048615
0.22859741747379303
0.2332681119441986
0.20757333934307098
0.2147878110408783
0.18387755751609802
0.1799585521221161
0.26950496435165405
0.21703055500984192
0.15524250268936157
0.14162011444568634
0.23854149878025055
0.15276934206485748
0.14924202859401703
0.12384919822216034
0.16197657585144043
0.1375802904367447
0.13858717679977417
0.1629820317029953
0.15427261590957642
0.12947484850883484
0.15695251524448395
0.08950532227754593
0.12060427665710449
0.11970940977334976
0.09041699767112732
0.09046990424394608
0.08572196960449219
0.13082562386989594
0.11211049556732178
0.09582517296075821
0.08318918198347092
0.10694490373134613
0.08466838300228119
0.061560146510601044
0.0626273900270462
0.07464198023080826
0.08090492337942123
0.08721034973859787
0.06780678033828735
0.10040207207202911
0.10490265488624573
0.09018023312091827
0.0972561240196228
0.07391391694545746
no squeeze
2.0653491020202637
0.7941141724586487
0.5790134072303772
0.4757550358772278
0.4116145074367523
0.36189863085746765
0.3206433951854706
0.27638837695121765
0.26150354743003845
0.25414660573005676
0.2297414094209671
0.21305520832538605
0.18950755894184113
0.1901390552520752
0.16525694727897644
0.1647234410047531
0.15622290968894958
0.1483411341905594
0.14502334594726562
0.14215487241744995
0.14033831655979156
0.1305096596479416
0.13460582494735718
0.13197901844978333
0.1208890825510025
0.11894474923610687
0.12743350863456726
0.12319766730070114
0.12271959334611893
0.10670197755098343
0.11686063557863235
0.12400195002555847
0.11361383646726608
0.1066492348909378
0.10842158645391464
0.11014435440301895
0.10213411599397659
0.10955791920423508
0.09593807905912399
0.10006434470415115
0.09937012940645218
0.10189683735370636
0.092076376080513
0.09840711951255798
0.09280184656381607
0.09282536059617996
0.0914958268404007
0.0896933451294899
0.09107188135385513
0.08851266652345657
0.08396417647600174
0.09570247679948807
0.09355686604976654
0.08489467948675156
0.08448518067598343
0.08583712577819824
0.08831412345170975
0.08363532274961472
0.08172191679477692
0.0799974575638771
0.07814177870750427
0.0832194983959198
0.07815966755151749
0.07975362241268158
0.0749526098370552
0.07150513678789139
0.07591122388839722
0.07909548282623291
0.08154575526714325
0.07041149586439133
0.06922917813062668
0.07494485378265381
0.0733342319726944
0.07340090721845627
0.07322400063276291
0.07517465949058533
0.06792396306991577
0.07028504461050034
0.07292667776346207
0.07125210762023926
0.06931281089782715
0.07165908068418503
0.07318370789289474
0.06598237156867981
0.06759384274482727
0.06877407431602478
0.06313217431306839
0.06761723756790161
0.061831288039684296
0.06191612780094147
0.0630829706788063
0.0628947988152504
0.05887956917285919
0.05920207500457764
0.06448237597942352
0.0611017644405365
0.059725385159254074
0.06119266152381897
0.062000833451747894
0.06093169376254082
0.06377626210451126
0.058387503027915955
0.05451962351799011
0.05703280121088028
0.05608135834336281
0.05592934414744377
0.05508957803249359
0.058011192828416824
0.0609503835439682
0.056181900203228
0.05584978684782982
0.05833413451910019
0.05970047041773796
no squeeze
1.5015836954116821
0.4764013886451721
0.32963821291923523
0.2504643499851227
0.20502786338329315
0.1935870200395584
0.17785115540027618
0.16897264122962952
0.15160883963108063
0.13403061032295227
0.13440972566604614
0.1300744265317917
0.1188197061419487
0.1135885939002037
0.11581756174564362
0.09866541624069214
0.10324455052614212
0.10776127129793167
0.09142924845218658
0.08733044564723969
0.09271345287561417
0.08550379425287247
0.0839899405837059
0.08291791379451752
0.09317539632320404
0.08050575107336044
0.07734006643295288
0.07527894526720047
0.07499591261148453
0.07315479964017868
0.07952834665775299
0.0760306864976883
0.07100421190261841
0.06748700886964798
0.06808853149414062
0.05910128355026245
0.06524403393268585
0.06422321498394012
0.06727868318557739
0.06319241970777512
0.05872692912817001
0.05760011449456215
0.06263068318367004
0.07605413347482681
0.06522362679243088
0.05962541326880455
0.06152283027768135
0.05617406219244003
0.052163124084472656
0.053273919969797134
0.05016546696424484
0.058471448719501495
0.053968001157045364
0.05391636863350868
0.05106208845973015
0.04976125434041023
0.051007937639951706
0.04952250048518181
0.058130163699388504
0.04668895900249481
0.052025262266397476
0.04496181756258011
0.04926728084683418
0.04768787696957588
0.047271836549043655
0.04542073979973793
0.04339698329567909
0.043071530759334564
0.041637398302555084
0.04260917007923126
0.04158114269375801
0.044220831245183945
0.04454474151134491
0.038911763578653336
0.041510362178087234
0.04630977287888527
0.04168971627950668
0.038389597088098526
0.04379614442586899
0.04035641625523567
0.047042377293109894
0.03922305256128311
0.04046274721622467
0.04811318963766098
0.03674399480223656
0.04281828925013542
0.03847396746277809
0.04183594882488251
0.03847022354602814
0.04081517830491066
0.03739939257502556
0.035711098462343216
0.037612736225128174
0.034887414425611496
0.0379183329641819
0.038432274013757706
0.03345078229904175
0.03505844995379448
0.03279063478112221
0.03301207348704338
0.033744242042303085
0.02994227409362793
0.03353733569383621
0.033085599541664124
0.03169671446084976
0.031747154891490936
0.03304446488618851
0.030815521255135536
0.034269556403160095
0.02938861958682537
0.033064667135477066
0.035771530121564865
0.030774744227528572
0.035205353051424026
0.030997127294540405
0.028065424412488937
0.030310627073049545
0.0297835860401392
0.03025815449655056
0.03210603445768356
0.025874298065900803
0.031233038753271103
0.03402023762464523
0.03268643841147423
0.03144634887576103
0.029835505411028862
0.02877037785947323
0.02741140127182007
0.026353247463703156
0.026740115135908127
0.029712816700339317
no squeeze
1.2252147197723389
0.2398705631494522
0.15417154133319855
0.1359967589378357
0.1367126703262329
0.10605006664991379
0.10577346384525299
0.08941745012998581
0.09686943143606186
0.12333204597234726
0.10448676347732544
0.08792883902788162
0.10156454890966415
0.0848659947514534
0.0858907550573349
0.0766434371471405
0.10565638542175293
0.09022363275289536
0.08719528466463089
0.07389618456363678
0.07732183486223221
0.0860554426908493
0.08551060408353806
0.08746081590652466
0.07016704976558685
0.09357941895723343
0.0870949849486351
0.07000056654214859
0.07050196081399918
0.08128175139427185
0.08036327362060547
0.07035418599843979
0.07298053056001663
0.10138587653636932
0.0776161253452301
0.06852598488330841
0.07169168442487717
0.09056207537651062
0.08379292488098145
0.09041546285152435
0.1052924171090126
0.0873357430100441
0.07757774740457535
0.0731814056634903
0.09126630425453186
0.06770246475934982
0.07642260193824768
0.07313818484544754
0.06209062412381172
0.07271677255630493
0.0712520182132721
0.0612105093896389
0.06755992025136948
0.07659437507390976
0.06645713001489639
0.06289160251617432
0.06717499345541
0.0708012804389
0.10136761516332626
0.08416017144918442
0.08639060705900192
0.07408846169710159
