no squeeze
12.28925609588623
3.240720272064209
1.5189427137374878
1.0813651084899902
0.6980867981910706
0.6633458733558655
0.527828574180603
0.44649431109428406
0.6599867939949036
0.4241657853126526
0.5214250683784485
0.3895072340965271
0.48137715458869934
0.4081743061542511
0.2945479154586792
0.3584563732147217
0.36358967423439026
0.6470925211906433
0.3396521806716919
0.35534968972206116
0.35563504695892334
0.372991681098938
0.3862236738204956
0.38479191064834595
0.28113502264022827
0.32330799102783203
0.29669520258903503
0.37830913066864014
0.3834574520587921
0.552968442440033
0.3366410732269287
0.4164400100708008
0.4628741145133972
0.44636645913124084
0.2654092609882355
0.31519195437431335
0.22970932722091675
0.400897741317749
0.33102184534072876
0.2113155573606491
0.28698137402534485
0.30731379985809326
0.27031731605529785
0.2743609547615051
0.30894026160240173
0.2842095196247101
0.2810274660587311
0.31672167778015137
0.38080036640167236
0.31038546562194824
no squeeze
13.05561637878418
3.469735622406006
1.8474949598312378
1.1010643243789673
0.7818308472633362
0.529567301273346
0.39122894406318665
0.3666340708732605
0.4189957082271576
0.691463053226471
0.35837113857269287
0.235042005777359
0.2786087691783905
0.40021586418151855
0.31757012009620667
0.16082486510276794
0.1969040036201477
0.13591830432415009
0.2219689041376114
0.2050764560699463
0.20878224074840546
0.12247106432914734
0.1118481382727623
0.14772509038448334
0.08261796087026596
0.1210600882768631
0.18139129877090454
0.08543950319290161
0.2172943651676178
0.22745046019554138
0.2646876573562622
0.10097075253725052
0.14780963957309723
0.101170614361763
0.09768693149089813
no squeeze
10.682122230529785
3.765367031097412
2.418186664581299
1.8307292461395264
1.5470513105392456
1.3176878690719604
1.177093744277954
1.0556625127792358
0.7879793643951416
1.1464873552322388
0.9605157971382141
1.0506272315979004
0.5831108689308167
0.657015323638916
0.6849440932273865
0.6917189359664917
0.9435250163078308
0.468436598777771
0.3718773424625397
0.283464640378952
0.7073057889938354
0.36879488825798035
0.35291916131973267
0.30775290727615356
0.4615287184715271
0.5414531826972961
0.7562843561172485
0.3614517152309418
0.3739930987358093
0.8145650625228882
no squeeze
12.639610290527344
5.030093669891357
3.8464300632476807
3.1157467365264893
2.4828097820281982
2.1238465309143066
1.9565647840499878
1.660426378250122
1.5278874635696411
1.381542682647705
1.1877353191375732
1.0886534452438354
1.125799298286438
1.0159932374954224
0.986701488494873
0.9992163777351379
1.0407452583312988
0.8652359843254089
0.8796762228012085
0.8033264875411987
0.748212993144989
0.9357202649116516
0.8887208104133606
0.7997064590454102
0.7293013334274292
0.6782342791557312
0.6642533540725708
0.6585767865180969
0.6084321737289429
0.5955403447151184
0.6102710962295532
0.5626239776611328
0.5638282895088196
0.6037520170211792
0.543999433517456
0.5898707509040833
0.45397576689720154
0.49668508768081665
0.44893842935562134
0.519014298915863
0.46389561891555786
0.4770645499229431
0.48134469985961914
0.5841252207756042
0.4547192454338074
0.460856556892395
0.40613481402397156
0.46135765314102173
0.5002018213272095
0.36713701486587524
0.39306217432022095
0.4951326847076416
0.43571338057518005
0.4531117081642151
0.4615728557109833
0.36854857206344604
0.34064167737960815
0.3925752639770508
0.38608792424201965
0.381125271320343
0.4406540095806122
0.36247602105140686
0.3584718108177185
0.3365638554096222
0.41220730543136597
0.3262084722518921
0.3309756815433502
0.3538956046104431
0.3332574963569641
0.33784765005111694
0.33198943734169006
0.3494775593280792
0.34216970205307007
0.40374282002449036
0.41728127002716064
0.3691610097885132
no squeeze
11.349390983581543
3.905066967010498
2.5549888610839844
1.8439202308654785
1.487404704093933
1.244145154953003
1.1358765363693237
1.081119418144226
0.9176617860794067
0.9187928438186646
0.8037398457527161
0.8038845062255859
0.661167562007904
0.6743260622024536
0.6326109170913696
0.6109326481819153
0.6228805184364319
0.5908131003379822
0.5260816812515259
0.5741085410118103
0.4537070095539093
0.5312166810035706
0.5148903727531433
0.4957866966724396
0.48430347442626953
0.3747822642326355
0.39449888467788696
0.3914569020271301
0.41545185446739197
0.4171920418739319
0.46696045994758606
0.3752637207508087
0.3882516920566559
0.4122737944126129
0.32197505235671997
0.384183406829834
0.37859559059143066
0.3136553466320038
0.3400596082210541
0.29279643297195435
0.29399263858795166
0.29062557220458984
0.3462558090686798
0.38042062520980835
0.3217879831790924
0.2886347472667694
0.26292136311531067
0.2674731910228729
0.31455329060554504
0.3405279517173767
0.34086745977401733
0.2753949463367462
0.27577143907546997
0.26576390862464905
0.29025113582611084
0.2513911724090576
0.28706857562065125
0.26705196499824524
0.29620561003685
0.2652781009674072
0.29294419288635254
0.31421077251434326
0.24910220503807068
0.21897883713245392
0.27337542176246643
0.2772316336631775
0.21350033581256866
0.26172682642936707
0.2383960634469986
0.2785145938396454
0.2825390100479126
0.23707781732082367
0.21242740750312805
0.22420276701450348
0.21375425159931183
0.1917741894721985
0.22137941420078278
0.178712397813797
0.21965636312961578
0.23083169758319855
0.22282446920871735
0.16181915998458862
0.19723983108997345
0.17383794486522675
0.1932668685913086
0.17797158658504486
0.16952559351921082
0.19405095279216766
0.18403621017932892
0.1934385448694229
0.20676976442337036
0.20609499514102936
no squeeze
8.40722942352295
2.8173367977142334
2.7832913398742676
1.1864008903503418
1.2075252532958984
1.4295405149459839
0.9708343148231506
1.2090339660644531
0.9328447580337524
1.4813520908355713
1.0840489864349365
1.539853572845459
1.0526784658432007
0.8259409666061401
0.8332733511924744
0.9054208993911743
1.1673682928085327
1.1466822624206543
1.2939058542251587
0.6174740195274353
1.92873215675354
0.7331390976905823
1.335343837738037
1.4447927474975586
1.6288528442382812
0.8197069764137268
0.8313734531402588
1.4604982137680054
1.0850328207015991
0.6939641833305359
