no squeeze
5.533586502075195
1.837731122970581
0.9057235717773438
0.5086535811424255
0.2833632826805115
0.14780132472515106
0.11466707289218903
0.05818481743335724
0.03827754408121109
0.02043841779232025
0.020522546023130417
0.01262315921485424
0.007407200988382101
0.004655631724745035
0.008721800521016121
0.004742386285215616
0.004741630516946316
0.004247112665325403
0.0026394466403871775
0.003601702395826578
0.0039409464225173
0.0059324814938008785
0.0038460807409137487
0.001912160194478929
0.0010024411603808403
0.0021561533212661743
0.004087056033313274
0.0013455005828291178
0.00403253547847271
0.0025013533886522055
0.002760595176368952
0.0018557733856141567
0.0049505699425935745
0.002310767536982894
0.0022689802572131157
no squeeze
5.938107013702393
2.0697596073150635
1.3069593906402588
0.9219037294387817
0.7334086298942566
0.5751048922538757
0.47633886337280273
0.3742222785949707
0.3456941545009613
0.32139045000076294
0.2765178978443146
0.25443071126937866
0.26415374875068665
0.24936728179454803
0.21329091489315033
0.23533444106578827
0.18875883519649506
0.19946566224098206
0.19484247267246246
0.20259572565555573
0.21880348026752472
0.2505033314228058
0.21007800102233887
0.19339729845523834
0.20505553483963013
0.26147913932800293
0.21487481892108917
no squeeze
5.991856098175049
2.4125888347625732
1.7432583570480347
1.3794221878051758
1.0638046264648438
0.7294400930404663
0.6580644845962524
0.45064520835876465
0.3662356436252594
0.330161988735199
0.2969724237918854
0.2272229641675949
0.1771874725818634
0.19574865698814392
0.1376156061887741
0.12997043132781982
0.15907739102840424
0.2460574358701706
0.12074397504329681
0.06368038803339005
0.10344021767377853
0.061640672385692596
0.08893473446369171
0.10272317379713058
0.21953216195106506
0.21468596160411835
0.051047150045633316
0.03106696344912052
0.04889998584985733
0.03853106126189232
0.03119295835494995
0.02528996393084526
0.08086336404085159
0.027900397777557373
0.016535179689526558
0.013821800239384174
0.019438687711954117
0.051507316529750824
0.03436676040291786
0.05034234747290611
0.041805583983659744
0.024281173944473267
0.01195332407951355
0.015905477106571198
0.016691388562321663
0.057509150356054306
0.08136795461177826
0.11592812836170197
0.052920423448085785
0.03817306086421013
0.0349862165749073
0.038186557590961456
0.033997587859630585
no squeeze
5.964984893798828
2.56087064743042
2.097111463546753
1.8377108573913574
1.630009651184082
1.3848210573196411
1.2110676765441895
1.1180939674377441
0.9742609858512878
0.9210910797119141
0.800652801990509
0.7507398724555969
0.7261860370635986
0.6490169167518616
0.5943759679794312
0.5700538158416748
0.5441007614135742
0.49317073822021484
0.4393283426761627
0.46083134412765503
0.4221091866493225
0.4091041386127472
0.40279269218444824
0.36230531334877014
0.360097736120224
0.38257449865341187
0.3327797055244446
0.2996009588241577
0.2908964157104492
0.3042578399181366
0.3419361412525177
0.2805914282798767
0.2876330614089966
0.24938279390335083
0.22968314588069916
0.25342699885368347
0.2417806088924408
0.22493857145309448
0.21729932725429535
0.21915555000305176
0.22323544323444366
0.2237876057624817
0.20531600713729858
0.19148243963718414
0.21544498205184937
0.21685686707496643
0.18419663608074188
0.1931312084197998
0.17705972492694855
0.2056111842393875
0.18551930785179138
0.22089646756649017
0.19247892498970032
0.18840280175209045
0.18023264408111572
0.16082540154457092
0.1611509919166565
0.17776763439178467
0.1489671915769577
0.16309010982513428
0.17514897882938385
0.18099263310432434
0.15604089200496674
0.16666173934936523
0.1539449244737625
0.15944696962833405
0.15240100026130676
0.15192222595214844
0.14435167610645294
0.1673087626695633
0.14102183282375336
0.1417982280254364
0.13908177614212036
0.1401522159576416
0.1444665491580963
0.14348608255386353
0.12732210755348206
0.14646513760089874
0.12403763085603714
0.11983809620141983
0.12073395401239395
0.11989569664001465
0.12760600447654724
0.12593525648117065
0.11773919314146042
0.1572556495666504
0.13211169838905334
0.11772458255290985
0.12352856993675232
0.13536903262138367
0.12215176224708557
0.11934132128953934
0.1139817163348198
0.11547830700874329
0.11613523960113525
0.13224874436855316
0.11698466539382935
0.11848359555006027
0.11860542744398117
0.11744633316993713
0.12476512044668198
0.11979213356971741
0.11934130638837814
no squeeze
5.822866916656494
1.9769630432128906
1.5517088174819946
1.1461108922958374
0.9995736479759216
0.876355767250061
0.7218521237373352
0.6404750943183899
0.5821288824081421
0.5560369491577148
0.5033720135688782
0.4581591486930847
0.42110076546669006
0.3966202735900879
0.3783344626426697
0.35447466373443604
0.303025484085083
0.3072703778743744
0.31838011741638184
0.3139120936393738
0.2741994857788086
0.24203969538211823
0.29022419452667236
0.24598851799964905
0.26834893226623535
0.2551000416278839
0.27970683574676514
0.22425666451454163
0.2246784120798111
0.22654634714126587
0.192149356007576
0.20301412045955658
0.21388232707977295
0.17970556020736694
0.1887117177248001
0.23378287255764008
0.16259734332561493
0.16012173891067505
0.15769369900226593
0.17922675609588623
0.15694928169250488
0.15721119940280914
0.17324604094028473
0.17164461314678192
0.17094285786151886
0.17262396216392517
0.1596381813287735
0.15546998381614685
0.15935516357421875
0.17543981969356537
0.15412646532058716
0.14768685400485992
0.14056430757045746
0.15354247391223907
0.13385118544101715
0.13667143881320953
0.14905625581741333
0.12403998523950577
0.1359875351190567
0.15967941284179688
0.14877063035964966
0.12155809998512268
0.1247602328658104
0.148090198636055
0.11680275946855545
0.13052614033222198
0.1113676130771637
0.13005216419696808
0.12694162130355835
0.11262613534927368
0.11326058954000473
0.10836926102638245
0.10753612965345383
0.10539998859167099
0.09646285325288773
0.13359451293945312
0.10958272963762283
0.10999571532011032
0.11085581034421921
0.11378034204244614
0.09544843435287476
0.11431556195020676
0.10516685992479324
0.1292114555835724
0.09483402222394943
0.08605492860078812
0.09533966332674026
0.10333114117383957
0.10979142040014267
0.110009104013443
0.0941910520195961
0.10081203281879425
0.11078724265098572
0.09887215495109558
0.09426569938659668
0.10148921608924866
no squeeze
6.17255163192749
1.869314193725586
1.2815933227539062
0.7983154654502869
0.6296001672744751
0.47643616795539856
0.45396357774734497
0.6789283156394958
0.5046756863594055
0.4037233591079712
0.44775718450546265
0.3790185749530792
0.40902218222618103
0.4965903162956238
0.3441406488418579
0.20949161052703857
0.47703924775123596
0.3096451759338379
0.5446419715881348
0.33001697063446045
0.46913033723831177
0.6003592610359192
0.18621541559696198
0.29598015546798706
0.46893057227134705
0.44589486718177795
0.32096296548843384
0.3970131278038025
0.25708431005477905
0.4481492042541504
0.43944981694221497
0.3511553406715393
0.5201879143714905
