no squeeze
102.01028442382812
31.022541046142578
23.82899284362793
13.631861686706543
12.285310745239258
8.769181251525879
8.120683670043945
6.187976360321045
5.786713600158691
4.502674102783203
4.238138198852539
3.3931539058685303
3.2120039463043213
2.6368637084960938
2.5152089595794678
2.1221578121185303
2.040139675140381
1.7796376943588257
1.7234946489334106
1.5473603010177612
1.5135834217071533
1.3931385278701782
1.3682830333709717
1.2899683713912964
1.274225115776062
1.2223728895187378
1.2113640308380127
1.1769520044326782
1.1689509153366089
1.1477690935134888
1.1425706148147583
1.1269316673278809
1.1241358518600464
1.1122779846191406
1.1105860471725464
1.103166103363037
1.1029388904571533
1.098626732826233
1.096376657485962
1.0927373170852661
1.0912333726882935
1.0897883176803589
1.0894051790237427
1.087158203125
1.087109088897705
1.0853266716003418
1.0843926668167114
1.084907054901123
1.0836251974105835
1.082367181777954
1.0826588869094849
1.0828737020492554
no squeeze
105.09757232666016
53.37211608886719
43.1693115234375
21.66969108581543
19.325254440307617
14.06606674194336
13.242975234985352
10.989800453186035
10.573760032653809
9.383158683776855
9.151798248291016
8.484476089477539
8.351668357849121
7.966368198394775
7.879912853240967
7.6298828125
7.580714702606201
7.410406112670898
7.382611274719238
7.2579803466796875
7.225615978240967
7.128901481628418
7.1086955070495605
7.030149936676025
7.020391464233398
6.950963497161865
6.931450366973877
6.880244255065918
6.862600326538086
6.82450008392334
6.810724258422852
6.767664432525635
6.763956546783447
6.723544120788574
6.715396881103516
6.6904826164245605
6.6814866065979
6.663702487945557
6.65777587890625
6.636195659637451
6.633003234863281
6.625057697296143
6.618656635284424
6.596368312835693
6.601166248321533
6.587424278259277
6.580488681793213
6.582264423370361
6.580029487609863
6.569650173187256
6.571618556976318
6.579094409942627
no squeeze
104.6465835571289
48.5241584777832
38.513675689697266
18.60870361328125
16.390033721923828
11.411665916442871
10.623638153076172
8.336145401000977
7.873215675354004
6.393438816070557
6.079665660858154
5.039407730102539
4.809024810791016
4.0274786949157715
3.854358673095703
3.2621169090270996
3.1274337768554688
2.6629748344421387
2.5594770908355713
2.201918840408325
2.1152303218841553
1.8241268396377563
1.757387638092041
1.5253679752349854
1.4700385332107544
1.2843741178512573
1.2423559427261353
1.0942165851593018
1.059152603149414
0.941426157951355
0.9142156839370728
0.8221011757850647
0.8007364869117737
0.7317632436752319
0.7135127186775208
0.6566018462181091
0.643638551235199
0.5972974896430969
0.5865711569786072
0.5493309497833252
0.5408517122268677
0.5134985446929932
0.5066779851913452
0.48306047916412354
0.4780978262424469
0.4578872323036194
0.4536004960536957
0.4367457330226898
0.43381139636039734
0.4213081896305084
0.41826748847961426
0.40844449400901794
0.40582162141799927
0.395362913608551
0.39335471391677856
0.38555797934532166
0.3836604654788971
0.3769102096557617
0.3751586377620697
0.368062824010849
0.36713090538978577
0.3623168468475342
0.36077725887298584
0.35636287927627563
0.35478368401527405
0.35046353936195374
0.3493584096431732
0.3457026183605194
0.34478437900543213
0.34090372920036316
0.3399856686592102
0.336447149515152
0.3358665406703949
0.33323541283607483
0.332590788602829
0.3299449682235718
0.32884398102760315
0.3259718716144562
0.32564759254455566
0.32334327697753906
0.3228165805339813
0.3204675614833832
0.3198994994163513
0.317604124546051
0.3174899220466614
0.3155007064342499
0.3151199221611023
0.31298181414604187
0.3126632869243622
0.31112805008888245
0.3107786178588867
0.3095906674861908
0.309126079082489
0.30740877985954285
0.3072815537452698
0.3055683970451355
0.3056865632534027
0.30446574091911316
0.30406075716018677
0.3028872609138489
0.3027556836605072
0.3017912805080414
0.3012533187866211
0.30023935437202454
0.30019712448120117
0.2995434105396271
0.29913458228111267
0.297854483127594
0.2979273498058319
0.29705575108528137
0.29713374376296997
0.29649946093559265
0.2961004674434662
0.2950657308101654
0.2951008975505829
0.29476335644721985
0.2947006821632385
0.2936244308948517
0.2932780086994171
0.2931918501853943
0.2925848662853241
0.29273444414138794
0.29238376021385193
0.2917696535587311
0.29155662655830383
0.29174530506134033
0.29168418049812317
0.29082027077674866
0.29077911376953125
0.29017582535743713
0.29014840722084045
0.28980332612991333
0.2899141311645508
0.2893209457397461
0.2892015278339386
0.28892114758491516
0.2889328598976135
0.288665771484375
0.2885376513004303
0.2881883382797241
0.2878599464893341
0.28817757964134216
0.28800803422927856
0.28756484389305115
0.28758251667022705
0.2878822386264801
no squeeze
105.9691390991211
86.86975860595703
80.29326629638672
51.58799743652344
45.22247314453125
30.743825912475586
28.699525833129883
23.507020950317383
22.574792861938477
19.873186111450195
19.32366943359375
17.582561492919922
17.21520233154297
15.981651306152344
15.706528663635254
14.785750389099121
14.57985782623291
13.871539115905762
13.708843231201172
13.144569396972656
13.008893013000488
12.554279327392578
12.448995590209961
12.078204154968262
11.99268627166748
11.68764591217041
11.608131408691406
11.343375205993652
11.280844688415527
11.0485200881958
10.989250183105469
10.788942337036133
10.730257987976074
10.547248840332031
10.499049186706543
10.341813087463379
10.293797492980957
10.122353553771973
10.069761276245117
9.91395378112793
9.869426727294922
9.717473030090332
9.6843843460083
9.536675453186035
9.500502586364746
9.356711387634277
9.315896987915039
9.175376892089844
9.132352828979492
8.985865592956543
8.954263687133789
8.811127662658691
8.77685260772705
8.633983612060547
8.597588539123535
8.464949607849121
8.438277244567871
8.28720760345459
8.258101463317871
8.126649856567383
8.092516899108887
7.952760219573975
7.9166998863220215
7.7944769859313965
7.76004695892334
7.634575366973877
7.5995306968688965
7.486726760864258
7.453298568725586
7.349865436553955
7.310033321380615
7.210132122039795
7.177754878997803
7.07950496673584
7.061473369598389
6.964165210723877
6.9437642097473145
6.865943908691406
6.841176986694336
6.776935577392578
6.751798629760742
6.684296607971191
6.670135021209717
6.617947101593018
6.596493244171143
6.5451154708862305
6.5316691398620605
6.485873699188232
6.4717631340026855
6.435898303985596
6.4272894859313965
6.387037754058838
6.380074977874756
6.353963851928711
6.337643146514893
6.30571174621582
6.302303791046143
6.276188373565674
6.260948657989502
6.243661880493164
6.23436164855957
6.208161354064941
6.197012901306152
6.1857590675354
6.182895183563232
6.156617164611816
6.142604827880859
6.133059024810791
6.117575168609619
6.1025214195251465
6.101391792297363
6.074336051940918
6.06986665725708
6.054574012756348
6.068634986877441
6.042705535888672
6.032285690307617
6.016326904296875
6.007813453674316
5.999997138977051
5.996345043182373
5.978145122528076
5.974616527557373
5.959556579589844
5.957098007202148
5.943626403808594
5.945894718170166
5.925303936004639
5.9181132316589355
5.914944648742676
5.913705348968506
5.8968024253845215
5.892583847045898
5.887940406799316
5.902366638183594
5.891948223114014
no squeeze
104.76048278808594
61.55565643310547
52.914634704589844
30.849748611450195
27.642122268676758
20.307971954345703
19.129268646240234
15.849958419799805
15.227540969848633
13.351801872253418
12.976508140563965
11.811990737915039
11.571915626525879
10.808980941772461
10.648819923400879
10.1290864944458
10.015135765075684
9.632737159729004
9.549997329711914
9.250298500061035
9.18025016784668
8.943856239318848
8.88526725769043
8.682183265686035
8.633999824523926
8.46156120300293
8.416719436645508
8.263689041137695
8.226451873779297
8.090888023376465
8.059226989746094
7.938724517822266
7.911251068115234
7.807974815368652
7.776678562164307
7.684170246124268
7.662971019744873
7.574230670928955
7.546561241149902
7.480654239654541
7.459345817565918
7.392322063446045
7.373746871948242
7.309327602386475
7.294196605682373
7.246853828430176
7.230538368225098
7.186056613922119
7.169340133666992
7.128338813781738
7.117429256439209
7.087726593017578
7.0715532302856445
7.041278839111328
7.037872791290283
7.0086212158203125
7.003000259399414
6.973999977111816
6.9667582511901855
6.939977169036865
6.94211483001709
6.920965194702148
6.919062614440918
6.8888936042785645
6.890023231506348
6.8744916915893555
6.8671393394470215
6.847835540771484
6.843875408172607
6.828708171844482
6.826355934143066
6.813648700714111
6.81011962890625
6.800652027130127
6.790799140930176
6.784955024719238
6.780160903930664
6.7722296714782715
6.76759147644043
6.758817672729492
6.7594099044799805
6.748692035675049
6.778830051422119
6.735865116119385
6.730506896972656
6.729979038238525
6.721118450164795
6.721217632293701
6.711819171905518
6.7107110023498535
6.708789348602295
6.696382522583008
6.697391510009766
6.6867475509643555
6.6832685470581055
6.679183483123779
6.682866096496582
6.672581195831299
6.6722259521484375
6.693583011627197
6.667900562286377
6.662202835083008
6.66253662109375
6.670521259307861
no squeeze
98.7421646118164
24.528213500976562
22.005403518676758
17.80238151550293
17.333200454711914
16.318025588989258
16.185516357421875
15.887563705444336
15.846573829650879
15.743712425231934
15.731532096862793
15.70251178741455
15.695235252380371
15.689924240112305
15.676166534423828
15.715520858764648
15.671120643615723
15.691197395324707
15.6683931350708
15.666178703308105
15.668778419494629
15.671219825744629
