no squeeze
4.482690811157227
1.1828011274337769
0.5572821497917175
0.4039122462272644
0.21317172050476074
0.17350910604000092
0.12145693600177765
0.10533566027879715
0.09575394541025162
0.07217545807361603
0.05339859053492546
0.06684033572673798
0.054447438567876816
0.04306529462337494
0.02961686998605728
0.043265216052532196
0.03388330340385437
0.02545359916985035
0.028427161276340485
0.04087558761239052
0.0682302787899971
0.021324794739484787
0.01726568304002285
0.030616868287324905
0.02034248411655426
0.08805213123559952
0.020821891725063324
0.01370793767273426
0.036334723234176636
0.015528524294495583
0.02240537665784359
0.016756795346736908
0.021284572780132294
0.010862141847610474
0.020845765247941017
0.040304455906152725
0.030840033665299416
0.02792930044233799
0.016306595876812935
0.03929484263062477
0.015322123654186726
0.008824183605611324
0.04166051000356674
0.01876256614923477
0.018714679405093193
0.010473955422639847
0.030894143506884575
0.029803019016981125
0.03760264441370964
0.0436539389193058
0.014141443185508251
0.01695236563682556
no squeeze
3.543745279312134
0.987541913986206
0.5247028470039368
0.34766456484794617
0.2642810046672821
0.2143901288509369
0.19847312569618225
0.22725516557693481
0.14845137298107147
0.14030638337135315
0.11633200198411942
0.11706255376338959
0.1303158402442932
0.11488447338342667
0.1419018656015396
0.12565147876739502
0.1039343848824501
0.08543775975704193
0.10682626068592072
0.11739008873701096
0.10175886750221252
0.11817311495542526
0.08192330598831177
0.08318585902452469
0.10128384083509445
0.10564495623111725
0.107967808842659
0.09200871735811234
0.07345768064260483
0.07632461935281754
0.09594005346298218
0.0919482633471489
0.07346081733703613
0.07339741289615631
0.07639504969120026
0.08223860710859299
0.07590197026729584
0.0863691121339798
0.08811979740858078
0.08266276121139526
0.08093675971031189
0.07926274836063385
0.07529488950967789
0.10026150941848755
no squeeze
3.893551826477051
1.698124647140503
0.9973667860031128
0.8096833229064941
0.588553786277771
0.4472154974937439
0.3538021743297577
0.2939651608467102
0.35999026894569397
0.30966219305992126
0.3613167405128479
0.3053629398345947
0.2890075147151947
0.1641334891319275
0.1499398946762085
0.14849986135959625
0.1454039365053177
0.18296676874160767
0.2086886167526245
0.22646792232990265
0.1550210863351822
0.11108637601137161
0.10192625969648361
0.19512557983398438
0.18137963116168976
0.21471808850765228
0.11906030774116516
0.08053095638751984
0.16584791243076324
0.15549127757549286
0.23187068104743958
0.07708791643381119
0.05259750410914421
0.08870077133178711
0.21099120378494263
0.08914387971162796
0.06563621759414673
0.061798956245183945
0.0751401036977768
0.05559389293193817
0.05851111561059952
0.11480765044689178
0.07734908908605576
no squeeze
3.8490536212921143
1.7214224338531494
1.318141222000122
1.0955595970153809
0.9106542468070984
0.798464834690094
0.716242790222168
0.6707592010498047
0.5669972896575928
0.5213630199432373
0.4791571795940399
0.4316602349281311
0.4718254506587982
0.3967449963092804
0.3871566653251648
0.36647191643714905
0.3340030908584595
0.3089320659637451
0.33705267310142517
0.29410678148269653
0.3021164536476135
0.29003438353538513
0.27637192606925964
0.24678795039653778
0.24163088202476501
0.2431839257478714
0.22580501437187195
0.2155906856060028
0.21969234943389893
0.22056148946285248
0.21629931032657623
0.21644507348537445
0.19765962660312653
0.1836846023797989
0.2044794261455536
0.19162869453430176
0.1998603492975235
0.18923455476760864
0.17886321246623993
0.18772026896476746
0.19820481538772583
0.1609465628862381
0.16310137510299683
0.15251502394676208
0.15695975720882416
0.14377664029598236
0.16861306130886078
0.15406741201877594
0.1394907534122467
0.15614740550518036
0.14995090663433075
0.141194686293602
0.13742826879024506
0.15219560265541077
0.12181242555379868
0.13395552337169647
0.1394401341676712
0.1496567577123642
0.13304366171360016
0.14397351443767548
0.11901804804801941
0.13153225183486938
0.12793990969657898
0.12323065102100372
0.1186855137348175
0.11786048114299774
0.1412716805934906
0.1220758706331253
0.10565157234668732
0.1087237000465393
0.11088775098323822
0.10944419354200363
0.10903965681791306
0.09921597689390182
0.09653150290250778
0.11667397618293762
0.12017132341861725
0.09908275306224823
0.10349086672067642
0.09203681349754333
0.09465762227773666
0.09563494473695755
0.0964839830994606
0.09434021264314651
0.08759716898202896
0.09938672930002213
0.08941636234521866
0.0877748429775238
0.09583666920661926
0.0908077135682106
0.08326806873083115
0.08061607927083969
0.08485183864831924
0.08312278240919113
0.08861345797777176
0.08087226748466492
0.07649166882038116
0.08790762722492218
0.08208619058132172
0.08363077789545059
0.07643891870975494
0.0804959386587143
0.08661908656358719
0.0785132348537445
0.07628437131643295
0.07089586555957794
0.08085493743419647
0.0763414278626442
0.08179882913827896
0.07554682344198227
0.07201310247182846
0.08783719688653946
0.08592510223388672
0.07644359022378922
0.0771288275718689
0.06826304644346237
0.08166828006505966
0.07385357469320297
0.07390454411506653
0.06934694200754166
0.06710053235292435
0.07461310923099518
0.07209549099206924
0.06620817631483078
0.06487168371677399
0.07034483551979065
0.06567738205194473
0.0697856992483139
0.07164832204580307
0.07583291083574295
0.06646090000867844
0.0692451223731041
0.06244247779250145
0.07335963845252991
0.06392256915569305
0.06870090216398239
0.07159659266471863
0.06772056221961975
0.06614905595779419
0.07994159311056137
0.07835210859775543
0.06596753746271133
0.07471797615289688
no squeeze
4.0098490715026855
1.54190194606781
1.0834438800811768
0.805740475654602
0.6526461839675903
0.5045256018638611
0.46474403142929077
0.41645482182502747
0.35984882712364197
0.2878798544406891
0.3291056454181671
0.2537308931350708
0.2565580904483795
0.2242511361837387
0.19190801680088043
0.2115359902381897
0.19245275855064392
0.18457290530204773
0.18061189353466034
0.16773125529289246
0.15215754508972168
0.1549316644668579
0.1535152643918991
0.1540481299161911
0.1537758857011795
0.15369315445423126
0.1508602350950241
0.14616529643535614
0.13212773203849792
0.12269661575555801
0.12308823317289352
0.12372634559869766
0.13397684693336487
0.12297080457210541
0.12994790077209473
0.12199104577302933
0.10891851037740707
0.09839919209480286
0.10636729747056961
0.09695422649383545
0.09821629524230957
0.11339900642633438
0.10345979779958725
0.09207108616828918
0.1050633043050766
0.10377053171396255
0.09845133870840073
0.0937160849571228
0.11188417673110962
0.09423214197158813
0.09525660425424576
0.09233502298593521
0.08552160114049911
0.09731349349021912
0.08823348581790924
0.09115536510944366
0.08304209262132645
0.08962447196245193
0.0875653550028801
0.08006347715854645
0.09310523420572281
0.09862581640481949
0.08827932178974152
0.08784548938274384
0.08192724734544754
0.09922360628843307
0.07881782948970795
0.07391399890184402
0.07820390909910202
0.07798218727111816
0.08299992233514786
0.0824703499674797
0.08702551573514938
0.08535443991422653
0.08032844215631485
0.07087903469800949
0.07573818415403366
0.07180018723011017
0.08529673516750336
0.07019936293363571
0.06817323714494705
0.06625723093748093
0.06310997903347015
0.07028672844171524
0.06918921321630478
0.06322496384382248
0.06951036304235458
0.07037381827831268
0.06967801600694656
0.06047048792243004
0.05965043231844902
0.06322379410266876
0.07293129712343216
0.06100592017173767
0.056124862283468246
0.06500373780727386
0.062087807804346085
0.06146968528628349
0.06338139623403549
0.05567377433180809
0.05578119680285454
0.05160856992006302
0.04935691878199577
0.0579918697476387
0.05825534462928772
0.05939612537622452
0.06121589615941048
0.06584743410348892
0.06634321808815002
0.05159361660480499
0.050523750483989716
0.05196329951286316
0.05078953504562378
no squeeze
2.744997262954712
0.8511183261871338
0.4725247621536255
0.40331706404685974
0.3550487458705902
0.3788986802101135
0.2558724880218506
0.21174269914627075
0.2166270762681961
0.22408445179462433
0.25839218497276306
0.251097708940506
0.20262058079242706
0.3233584463596344
0.1797378808259964
0.3288630247116089
0.18838970363140106
0.22964796423912048
0.18782368302345276
0.23996712267398834
0.16850633919239044
0.20854227244853973
0.29067474603652954
0.18236637115478516
0.17649295926094055
0.16233478486537933
0.2900964319705963
0.2597382962703705
0.23073124885559082
0.2166391909122467
0.2874944508075714
0.28073135018348694
0.38019970059394836
0.16494056582450867
0.13423879444599152
0.15403145551681519
0.16437557339668274
0.16169188916683197
0.12007074058055878
0.1872664988040924
0.1609950214624405
0.1750599890947342
0.12426955997943878
0.18866552412509918
0.11653359979391098
0.1824244260787964
0.2787880301475525
0.14776238799095154
0.13186994194984436
0.12575599551200867
0.11831049621105194
0.16459855437278748
0.1570420116186142
0.2308240681886673
0.19388237595558167
