no squeeze
6.489278793334961
2.0984814167022705
1.1374189853668213
0.6991515755653381
0.459181010723114
0.3969397246837616
0.328716516494751
0.3348453938961029
0.3599444031715393
0.30862003564834595
0.2967907786369324
0.2976643145084381
0.19371728599071503
0.21125684678554535
0.159516841173172
0.21797117590904236
0.23938295245170593
0.18472741544246674
0.1671976000070572
0.15816813707351685
0.17468667030334473
0.1628447026014328
0.159703329205513
0.16961835324764252
0.1666637510061264
0.17525121569633484
0.14586789906024933
0.17011384665966034
0.1536075323820114
0.19102099537849426
0.1322762668132782
0.15490785241127014
0.14039546251296997
0.12654350697994232
0.15063047409057617
0.16238047182559967
0.1934027075767517
0.17792940139770508
0.14402437210083008
0.13851633667945862
0.12292267382144928
0.11301720887422562
0.14188191294670105
0.14999806880950928
0.13732275366783142
0.14673097431659698
0.1692592352628708
0.12543880939483643
0.10374844819307327
0.11543414741754532
0.16445057094097137
0.16093412041664124
0.14120163023471832
0.19118094444274902
0.21746110916137695
0.14690233767032623
0.12883025407791138
0.1565300077199936
0.13247907161712646
no squeeze
5.245931148529053
1.7709972858428955
0.9097691178321838
0.58726567029953
0.4668789207935333
0.4246879816055298
0.2233148068189621
0.22799281775951385
0.16593360900878906
0.10444510728120804
0.09039352089166641
0.11351091414690018
0.08064263314008713
0.08924306184053421
0.07120810449123383
0.047055020928382874
0.08205560594797134
0.038326773792505264
0.03977969288825989
0.03835991024971008
0.037916503846645355
0.04320181533694267
0.03119000792503357
0.02674402855336666
0.032770901918411255
0.055862247943878174
0.025438789278268814
0.061173006892204285
0.029128381982445717
0.04119306430220604
0.04451323300600052
0.023845773190259933
0.019522162154316902
0.013183736242353916
0.019912760704755783
0.02516290545463562
0.03353049233555794
0.01888681761920452
0.022920994088053703
0.012940609827637672
0.06036099046468735
0.024255739524960518
0.014144985936582088
0.01043817587196827
0.018061259761452675
0.006889296695590019
0.015289253555238247
0.020738068968057632
0.018572205677628517
0.0049425349570810795
0.011963240802288055
0.012590588070452213
0.008961676619946957
0.01794225350022316
0.015571552328765392
0.010013807564973831
0.009502298198640347
0.011691499501466751
0.007614051923155785
0.012688062153756618
no squeeze
7.769214153289795
2.617603063583374
1.7084126472473145
1.2947391271591187
1.0203967094421387
0.8428990840911865
0.6963421106338501
0.5869412422180176
0.4916102886199951
0.4922632575035095
0.4162862300872803
0.33936217427253723
0.34796082973480225
0.24899618327617645
0.24303938448429108
0.17657099664211273
0.21474798023700714
0.2686927616596222
0.18164004385471344
0.16509030759334564
0.20061787962913513
0.1987108439207077
0.16132000088691711
0.14727681875228882
0.1339413970708847
0.12054362893104553
0.11690476536750793
0.147456094622612
0.0977170541882515
0.11882761120796204
0.09637017548084259
0.12059319764375687
0.105654776096344
0.06592859327793121
0.08358590304851532
0.4510166049003601
0.08711644262075424
0.0627758577466011
0.05288802087306976
0.0356316864490509
0.06120667979121208
0.07193510979413986
0.05641826242208481
0.05104381591081619
0.052480004727840424
0.06251288205385208
0.0582275390625
0.05185025557875633
0.04806256666779518
0.037315767258405685
no squeeze
7.423943042755127
3.22259259223938
2.5344533920288086
2.1226112842559814
1.80739164352417
1.5357130765914917
1.3450565338134766
1.2313798666000366
1.0795187950134277
0.9954471588134766
0.8937653303146362
0.8754314184188843
0.7873857617378235
0.7254201769828796
0.6917985081672668
0.669041097164154
0.6416950225830078
0.6534927487373352
0.6083927154541016
0.546550989151001
0.5030825734138489
0.5175213813781738
0.49375489354133606
0.44902503490448
0.43831291794776917
0.43212181329727173
0.38450127840042114
0.4163433313369751
0.3787401020526886
0.34842684864997864
0.3844464421272278
0.3463056683540344
0.37799161672592163
0.3260754942893982
0.33281055092811584
0.31954729557037354
0.30534324049949646
0.3043142259120941
0.31356334686279297
0.32539692521095276
0.36061909794807434
0.29530593752861023
0.3032514750957489
0.29763492941856384
0.2648231089115143
0.3000161945819855
0.2833517789840698
0.2556013762950897
0.2776140868663788
0.2564345598220825
0.2189507931470871
0.25325560569763184
0.22763380408287048
0.2436848133802414
0.24383996427059174
0.2575693130493164
0.23689961433410645
0.20670770108699799
0.21417756378650665
0.20853465795516968
0.19228918850421906
0.20191092789173126
0.22170892357826233
0.2028929442167282
0.18806035816669464
0.183005228638649
0.20224051177501678
0.19822043180465698
0.1702028065919876
0.17242495715618134
0.1745230257511139
0.1708076447248459
0.20458078384399414
0.16933882236480713
0.1765773892402649
0.16647349298000336
0.16308699548244476
0.16746744513511658
0.175672709941864
0.14728504419326782
0.17229661345481873
0.15625105798244476
0.18030233681201935
0.1620372235774994
0.20062537491321564
0.15130285918712616
0.16698570549488068
0.14000169932842255
0.15366800129413605
0.13949908316135406
0.1602068543434143
0.1446848213672638
0.12222277373075485
0.15439285337924957
0.18334069848060608
0.1408914029598236
0.1340094655752182
0.14562256634235382
0.12256678938865662
0.14699670672416687
0.1502702534198761
0.1422976702451706
0.13688677549362183
no squeeze
6.024933815002441
2.1327965259552
1.4496650695800781
1.0318173170089722
0.8331156373023987
0.7022008895874023
0.6123720407485962
0.5329154133796692
0.5142645239830017
0.43863552808761597
0.41593417525291443
0.3851619064807892
0.37490954995155334
0.3555162250995636
0.3006109595298767
0.32750993967056274
0.2998018264770508
0.28862228989601135
0.2567289471626282
0.24640585482120514
0.23590517044067383
0.2167644053697586
0.22254763543605804
0.21681354939937592
0.2102917581796646
0.19283106923103333
0.23954270780086517
0.21860478818416595
0.17648130655288696
0.1758178025484085
0.1764180213212967
0.16341249644756317
0.15371593832969666
0.15653394162654877
0.16813594102859497
0.15593333542346954
0.1554299294948578
0.1739048808813095
0.15964658558368683
0.14347544312477112
0.14619919657707214
0.16971535980701447
0.13493357598781586
0.1459161639213562
0.13586731255054474
0.16422487795352936
0.13832347095012665
0.12240252643823624
0.1265854835510254
0.1523856669664383
0.15248611569404602
0.14016924798488617
0.11775355041027069
0.12821994721889496
0.13458871841430664
0.12673334777355194
0.14683134853839874
0.1520892232656479
0.12607671320438385
0.1269722431898117
0.12062510848045349
0.1307777315378189
0.11587868630886078
0.11697952449321747
0.1293867826461792
0.12342730164527893
0.11184392869472504
0.10609626770019531
0.09453420341014862
0.09991269558668137
0.1184806078672409
0.10220662504434586
0.12538684904575348
0.09506869316101074
0.09403923153877258
0.09422433376312256
0.10374774038791656
0.09884223341941833
0.0851764902472496
0.09881597757339478
0.09773019701242447
0.09860062599182129
0.08627097308635712
0.13081985712051392
0.10525961965322495
0.15599437057971954
0.09502046555280685
0.08403705805540085
0.0912870466709137
0.09570129215717316
0.10071088373661041
0.0989684984087944
0.10186237841844559
0.09622582793235779
0.09804967790842056
0.11021318286657333
0.10007624328136444
0.10700463503599167
no squeeze
3.9285213947296143
1.2757298946380615
0.8458307385444641
0.5046446919441223
0.5471284985542297
0.5921215415000916
0.6736487150192261
0.45069217681884766
0.4330042600631714
0.3185766637325287
0.3108638525009155
0.7054840922355652
0.5480400323867798
0.3675884008407593
0.4100280702114105
0.6452702879905701
0.24256832897663116
0.562929093837738
0.5755308270454407
0.6354181170463562
0.5104966759681702
0.23679190874099731
0.4068613648414612
0.37084245681762695
0.5668042302131653
0.4763272702693939
0.722792387008667
0.2856290936470032
0.46623021364212036
0.3787447214126587
0.38337188959121704
0.2554118037223816
