no squeeze
238.6549835205078
118.55369567871094
94.53235626220703
44.30979537963867
39.240966796875
27.65032386779785
25.63069725036621
19.661821365356445
18.46976089477539
14.802997589111328
14.054206848144531
11.712156295776367
11.219659805297852
9.667656898498535
9.338679313659668
8.29146957397461
8.06107234954834
7.338685035705566
7.182034492492676
6.678340911865234
6.569145679473877
6.209884166717529
6.13278865814209
5.887705326080322
5.8288493156433105
5.653436183929443
5.618127346038818
5.497318267822266
5.473682403564453
5.382681369781494
5.36941385269165
5.302862167358398
5.2892608642578125
5.2485032081604
5.244525909423828
5.205868244171143
5.213051795959473
5.183719158172607
5.1758222579956055
5.1621904373168945
5.15941858291626
5.155261516571045
5.145488739013672
5.136199474334717
5.13977575302124
5.127806663513184
5.1340837478637695
5.132285118103027
no squeeze
235.80950927734375
106.93455505371094
84.30342864990234
44.55803298950195
41.309146881103516
33.55889129638672
32.18179702758789
28.1048526763916
27.296627044677734
24.823501586914062
24.313697814941406
22.720937728881836
22.387880325317383
21.338045120239258
21.11250877380371
20.39869499206543
20.245290756225586
19.75470542907715
19.648008346557617
19.305789947509766
19.220190048217773
18.96983528137207
18.911502838134766
18.73341178894043
18.69304656982422
18.570720672607422
18.530776977539062
18.430585861206055
18.41632080078125
18.34748649597168
18.33041763305664
18.27515983581543
18.259801864624023
18.229019165039062
18.227170944213867
18.201921463012695
18.189504623413086
18.167095184326172
18.161121368408203
18.147371292114258
18.149616241455078
18.143815994262695
18.1342716217041
18.128267288208008
18.12285804748535
18.126066207885742
18.11529541015625
18.108869552612305
18.112472534179688
18.107454299926758
18.109148025512695
18.110198974609375
no squeeze
242.22886657714844
164.8910675048828
143.05642700195312
68.44316864013672
56.22272491455078
35.250980377197266
32.83921813964844
26.022127151489258
24.700878143310547
20.466445922851562
19.555011749267578
16.542247772216797
15.86679744720459
13.601409912109375
13.090655326843262
11.339292526245117
10.942742347717285
9.568248748779297
9.250307083129883
8.15258502960205
7.894448757171631
7.005071640014648
6.7940850257873535
6.0704145431518555
5.89660120010376
5.294930934906006
5.155938148498535
4.670810699462891
4.554531574249268
4.156105995178223
4.064530372619629
3.7402806282043457
3.6643245220184326
3.406557559967041
3.345099925994873
3.1348893642425537
3.0846974849700928
2.9108147621154785
2.8734641075134277
2.7365493774414062
2.7051045894622803
2.595309019088745
2.568281888961792
2.48154616355896
2.458498954772949
2.384939432144165
2.366490125656128
2.3052496910095215
2.2901697158813477
2.242719888687134
2.229980945587158
2.1891696453094482
2.179029703140259
2.1445908546447754
2.13657808303833
2.106449604034424
2.0993735790252686
2.0735597610473633
2.0695407390594482
2.0485775470733643
2.0433573722839355
2.0259275436401367
2.022564649581909
2.0067057609558105
2.002917528152466
1.9913488626480103
1.9887405633926392
1.9761481285095215
1.973994255065918
1.9639805555343628
1.961378812789917
1.9531968832015991
1.9503237009048462
1.941037654876709
1.939819097518921
1.9357973337173462
1.9325902462005615
1.9283809661865234
1.925553560256958
1.9228557348251343
1.919611930847168
1.914391040802002
1.9137424230575562
1.9088455438613892
1.909137487411499
1.9067755937576294
1.9043630361557007
1.9000487327575684
1.8996413946151733
1.8989931344985962
1.8965654373168945
1.892005443572998
1.8924791812896729
1.8904634714126587
1.8904662132263184
1.889329433441162
1.8912814855575562
1.8864165544509888
1.8854645490646362
1.884793758392334
1.8831892013549805
1.8812693357467651
1.8811310529708862
1.88096022605896
1.8799668550491333
1.880767583847046
1.8804270029067993
1.8769806623458862
1.8782402276992798
1.8745359182357788
1.8744010925292969
1.8763418197631836
1.8751603364944458
1.8749728202819824
no squeeze
242.2662353515625
184.5646209716797
168.56788635253906
115.34333038330078
105.9344253540039
81.77174377441406
77.46894836425781
65.25483703613281
62.91926956176758
55.67019271850586
54.1674919128418
49.31876754760742
48.24123764038086
44.63862228393555
43.827613830566406
41.032264709472656
40.3936882019043
38.19757080078125
37.67795944213867
35.91150665283203
35.47648620605469
33.97920608520508
33.6239128112793
32.3948974609375
32.106868743896484
31.079849243164062
30.825809478759766
29.96234893798828
29.742694854736328
28.988624572753906
28.810911178588867
28.15320587158203
27.98493003845215
27.406417846679688
27.26152229309082
26.748655319213867
26.618816375732422
26.16109275817871
26.03509521484375
25.611061096191406
25.505407333374023
25.120210647583008
25.007808685302734
24.64188003540039
24.548004150390625
24.196496963500977
24.101938247680664
23.778749465942383
23.688186645507812
23.408893585205078
23.30145263671875
22.999120712280273
22.904956817626953
22.626174926757812
22.548002243041992
22.258255004882812
22.19469451904297
21.906749725341797
21.842985153198242
21.59776496887207
21.551631927490234
21.2453556060791
21.187641143798828
20.94000244140625
20.869596481323242
20.642709732055664
20.58997344970703
20.363113403320312
20.300443649291992
20.089040756225586
20.01535987854004
19.804729461669922
19.745784759521484
19.55671501159668
19.50341033935547
19.32870864868164
19.26738739013672
19.101499557495117
19.055212020874023
18.876550674438477
18.832910537719727
18.677377700805664
18.619007110595703
18.474048614501953
18.429119110107422
18.296098709106445
18.2531681060791
18.117389678955078
18.087265014648438
17.9554386138916
17.919736862182617
17.808815002441406
17.787771224975586
17.671951293945312
17.647865295410156
17.554452896118164
17.513174057006836
17.443496704101562
17.415081024169922
17.335643768310547
17.33040428161621
17.243270874023438
17.248695373535156
17.165287017822266
17.12504005432129
17.083358764648438
17.04783058166504
16.995134353637695
16.986896514892578
16.96405029296875
16.912885665893555
16.876041412353516
16.851356506347656
16.81856918334961
16.8011417388916
16.755496978759766
16.761629104614258
16.726171493530273
16.695823669433594
16.639278411865234
16.639970779418945
16.61150360107422
16.603763580322266
16.573368072509766
16.55150032043457
16.525300979614258
16.527667999267578
16.482433319091797
16.495742797851562
16.443317413330078
16.430572509765625
16.413673400878906
16.4313907623291
16.37457275390625
16.362812042236328
16.3415584564209
16.330787658691406
16.313138961791992
16.292125701904297
16.285568237304688
16.271465301513672
16.23975944519043
16.255264282226562
16.22625160217285
16.24591064453125
16.179489135742188
16.183168411254883
16.159915924072266
16.15314292907715
16.144044876098633
16.16933822631836
16.15262794494629
no squeeze
240.81336975097656
151.20416259765625
131.2635955810547
75.57720184326172
67.34072875976562
50.81244659423828
48.42397689819336
41.77979278564453
40.51190948486328
36.53371810913086
35.69017028808594
32.93678665161133
32.35035705566406
30.37885856628418
29.93932342529297
28.457304000854492
28.120149612426758
26.98232650756836
26.721736907958984
25.818225860595703
25.608579635620117
24.883481979370117
24.706748962402344
24.10451316833496
23.96377182006836
23.459001541137695
23.330623626708984
22.89162254333496
22.79349708557129
22.441059112548828
22.354511260986328
22.034147262573242
21.971893310546875
21.701438903808594
21.620243072509766
21.395204544067383
21.341472625732422
21.14435577392578
21.082521438598633
20.92237663269043
20.880464553833008
20.726655960083008
20.690717697143555
20.558198928833008
20.518680572509766
20.41283416748047
20.380512237548828
20.30068588256836
20.255435943603516
20.164968490600586
20.14532470703125
20.071439743041992
20.047786712646484
19.9776611328125
19.96858024597168
19.90441131591797
19.890525817871094
19.828702926635742
19.81739616394043
19.759601593017578
19.73682975769043
19.701852798461914
19.690162658691406
19.648279190063477
19.634788513183594
19.602737426757812
19.584802627563477
19.562034606933594
19.541725158691406
19.515451431274414
19.513824462890625
19.479963302612305
19.475791931152344
19.448659896850586
19.435100555419922
19.42825698852539
19.434978485107422
19.399070739746094
19.39122200012207
19.363418579101562
19.356769561767578
19.335498809814453
19.338096618652344
19.309499740600586
19.313926696777344
19.310327529907227
no squeeze
239.5041046142578
90.57483673095703
75.58611297607422
51.61292266845703
49.01318359375
43.87709426879883
43.272544860839844
42.06643295288086
41.89934158325195
41.56247329711914
41.50747299194336
41.397308349609375
41.400390625
41.3234977722168
41.32914352416992
41.298255920410156
41.28602600097656
41.289878845214844
41.28925323486328
41.28773880004883
