no squeeze
3.9489505290985107
0.9477533102035522
0.5335751175880432
0.49078819155693054
0.3184957504272461
0.32256296277046204
0.2439994513988495
0.24080197513103485
0.2123427391052246
0.24633197486400604
0.19496531784534454
0.22172479331493378
0.2685443162918091
0.26221561431884766
0.1835535168647766
0.17759326100349426
0.19683991372585297
0.1917874813079834
0.16242456436157227
0.1634318083524704
0.178196519613266
0.2428651750087738
0.24976544082164764
0.14190976321697235
0.16111180186271667
0.19481244683265686
0.19594831764698029
0.20874151587486267
0.1886451095342636
0.1584170013666153
0.162547767162323
0.18747928738594055
0.19936472177505493
0.241030752658844
no squeeze
3.439026355743408
0.9502158164978027
0.4894885718822479
0.3622899055480957
0.3124607503414154
0.2717513144016266
0.24309681355953217
0.21713417768478394
0.22360928356647491
0.2778340280056
0.2086159884929657
0.1871141642332077
0.20191408693790436
0.2344185709953308
0.1668943613767624
0.20113077759742737
0.19286797940731049
0.2159983366727829
0.19306941330432892
0.21580567955970764
0.17770469188690186
0.18670956790447235
0.18607422709465027
0.1716361790895462
0.1861165463924408
no squeeze
3.640782356262207
1.1139113903045654
0.7614284157752991
0.5347816944122314
0.45310524106025696
0.5014256834983826
0.3582811653614044
0.47523781657218933
0.4897366762161255
0.33953723311424255
0.2949795424938202
0.4106948971748352
0.435188353061676
0.30884280800819397
0.389706015586853
0.40437647700309753
0.26654309034347534
0.23741227388381958
0.3381149172782898
0.37377607822418213
0.45114630460739136
0.30267444252967834
0.3290974199771881
0.23814043402671814
0.23254132270812988
0.2420053631067276
0.26262378692626953
0.3254535496234894
0.29158520698547363
0.4138741195201874
0.26168423891067505
0.2702218294143677
0.24438424408435822
0.23633451759815216
0.22192342579364777
0.2845192551612854
0.1784844547510147
0.21935026347637177
0.1873914897441864
0.30510467290878296
0.2859010696411133
0.2403872311115265
0.3284668028354645
0.47420769929885864
0.21124562621116638
0.20584604144096375
0.2563270926475525
no squeeze
4.844673156738281
1.5919808149337769
1.1341261863708496
0.8471537828445435
0.6845628023147583
0.5691133737564087
0.4839200973510742
0.4378819763660431
0.40910041332244873
0.39594581723213196
0.3368074595928192
0.3252652883529663
0.28912609815597534
0.2751949727535248
0.28853893280029297
0.27615591883659363
0.2561017572879791
0.23037981986999512
0.22292238473892212
0.2166150063276291
0.1991257518529892
0.23184289038181305
0.2026778757572174
0.19118525087833405
0.18257004022598267
0.17396296560764313
0.17217452824115753
0.18107099831104279
0.16446806490421295
0.18760012090206146
0.1643694043159485
0.1666652113199234
0.15955613553524017
0.20064783096313477
0.15432476997375488
0.156223326921463
0.1580216884613037
0.1638391762971878
0.1511353701353073
0.16177204251289368
0.1336497664451599
0.14952750504016876
0.1457449048757553
0.15216867625713348
0.15870870649814606
0.14520765841007233
0.15615223348140717
0.14479565620422363
0.1372874230146408
0.15637429058551788
0.1339513510465622
no squeeze
3.528848648071289
1.0408275127410889
0.6944496035575867
0.5198788642883301
0.42366650700569153
0.35748741030693054
0.32197701930999756
0.2972676157951355
0.247989684343338
0.23969018459320068
0.280708909034729
0.20737265050411224
0.18338339030742645
0.21131092309951782
0.18373432755470276
0.16914916038513184
0.15894797444343567
0.19569754600524902
0.17462746798992157
0.15273693203926086
0.1631476730108261
0.14466580748558044
0.17897169291973114
0.1636720448732376
0.16269387304782867
0.1675291210412979
0.166477233171463
0.14977170526981354
0.1399087756872177
0.13592343032360077
0.15980008244514465
0.16974592208862305
0.1452135294675827
0.14016352593898773
0.14415481686592102
0.13578428328037262
0.13245299458503723
0.12184273451566696
0.14271309971809387
0.13041962683200836
0.11667371541261673
0.12019581347703934
0.1183546632528305
0.13580748438835144
0.11840764433145523
0.10949325561523438
0.13096727430820465
0.12183283269405365
0.12971286475658417
0.11684690415859222
0.10551675409078598
0.14134635031223297
0.12076632678508759
0.13605715334415436
0.11693406105041504
0.13703319430351257
0.12707677483558655
0.10875608772039413
0.13114522397518158
0.11219349503517151
0.11244990676641464
no squeeze
2.1487374305725098
0.5298865437507629
0.32322070002555847
0.36248770356178284
0.34679725766181946
0.3201121985912323
0.19084258377552032
0.26728153228759766
0.2073112279176712
0.2983287572860718
0.41787710785865784
0.1862657517194748
0.301242470741272
0.3145601749420166
0.3423531651496887
0.21688857674598694
0.1507420539855957
0.15247714519500732
0.17468661069869995
0.3888323903083801
0.2159663885831833
0.2945331037044525
0.12888669967651367
0.39182865619659424
0.3037881851196289
0.2278839498758316
0.2919798195362091
0.20220033824443817
0.16265204548835754
0.32434388995170593
0.1825672686100006
0.17354120314121246
0.20728930830955505
