no squeeze
93.24433898925781
25.9036808013916
19.470048904418945
11.858981132507324
10.978988647460938
8.899596214294434
8.552684783935547
7.608522891998291
7.432418346405029
6.919153690338135
6.813353061676025
6.498927593231201
6.431463241577148
6.2321248054504395
6.186586380004883
6.059741020202637
6.033107757568359
5.958074569702148
5.939010143280029
5.888650894165039
5.877495288848877
5.846188068389893
5.838089942932129
5.815298080444336
5.8111066818237305
5.803045272827148
5.796061038970947
5.7864484786987305
5.784241199493408
5.767477989196777
5.764678955078125
5.768924236297607
5.764758110046387
5.760842800140381
5.75593376159668
5.757839679718018
5.755156993865967
5.7530975341796875
5.746852874755859
5.747731685638428
5.745676040649414
5.752889633178711
5.74906063079834
5.742821216583252
5.7534260749816895
5.74375581741333
no squeeze
92.32086181640625
33.492088317871094
24.495616912841797
11.675000190734863
10.378395080566406
7.106810569763184
6.530864238739014
4.952267646789551
4.664436340332031
3.851895332336426
3.700505256652832
3.274338483810425
3.1955361366271973
2.9637067317962646
2.9159114360809326
2.7768595218658447
2.7474091053009033
2.6583032608032227
2.6422033309936523
2.578357219696045
2.562847852706909
2.516540050506592
2.5046839714050293
2.470913887023926
2.4636189937591553
2.4377598762512207
2.432507276535034
2.4115993976593018
2.4069554805755615
2.391517400741577
2.3891851902008057
2.3771402835845947
2.3741917610168457
2.3654510974884033
2.366480827331543
2.3600146770477295
2.3567562103271484
2.352712631225586
2.351452350616455
2.345756769180298
2.3445310592651367
2.343946695327759
2.3415160179138184
2.3382773399353027
2.3384029865264893
2.337618589401245
2.337486505508423
2.3354568481445312
2.3346221446990967
2.3331663608551025
2.3348636627197266
2.330832004547119
2.3306937217712402
2.3285796642303467
2.327497959136963
2.3268260955810547
2.3264036178588867
2.3257241249084473
2.3279869556427
2.3248372077941895
2.3253607749938965
2.3258309364318848
no squeeze
92.58534240722656
37.89069747924805
29.47967529296875
15.544297218322754
14.086706161499023
10.170604705810547
9.454169273376465
7.365673542022705
6.9479780197143555
5.633866786956787
5.355274200439453
4.43355655670166
4.228140830993652
3.540287971496582
3.3865315914154053
2.867715835571289
2.7509262561798096
2.361546754837036
2.2753562927246094
1.9855525493621826
1.9199856519699097
1.703479528427124
1.6550196409225464
1.4911818504333496
1.4547145366668701
1.3317316770553589
1.3027868270874023
1.2044652700424194
1.1822514533996582
1.1068124771118164
1.088026523590088
1.0251597166061401
1.0107342004776
0.9618822336196899
0.9494423866271973
0.9056508541107178
0.8968772292137146
0.8638696074485779
0.8565731048583984
0.827764630317688
0.8211491703987122
0.7981096506118774
0.7932027578353882
0.7739348411560059
0.7694495320320129
0.7535834312438965
0.7495045065879822
0.7364521622657776
0.7331036925315857
0.7232007384300232
0.7197495102882385
0.7103833556175232
0.7087400555610657
0.6994757056236267
0.6979985237121582
0.6912634372711182
0.6892427206039429
0.6833309531211853
0.6821020841598511
0.6769617199897766
0.6754990816116333
0.6707964539527893
0.6696879863739014
0.6657452583312988
0.6645559072494507
0.6606354117393494
0.660355269908905
0.6579034924507141
0.6557885408401489
0.6524732708930969
0.6513771414756775
0.6490961313247681
0.6478536128997803
0.6458956003189087
0.6458202004432678
0.6434133648872375
0.6428967714309692
0.6418785452842712
0.6411293745040894
0.6384634971618652
0.637725830078125
0.6350279450416565
0.6349620819091797
0.6340784430503845
0.6344409584999084
0.6321964859962463
0.6318941712379456
0.6302399039268494
0.631462812423706
0.6299833059310913
0.6300576329231262
0.6281502842903137
0.6273203492164612
0.627495288848877
0.6262144446372986
0.6254631876945496
0.625290036201477
0.6244810819625854
0.6244598627090454
0.6238290667533875
0.6219894886016846
0.6218389868736267
0.623339831829071
0.6204363107681274
0.6215422749519348
0.6204851269721985
no squeeze
94.79666900634766
69.05181121826172
61.33266067504883
35.63468933105469
31.85614776611328
24.1414737701416
22.954912185668945
19.724102020263672
19.1060791015625
17.242233276367188
16.841215133666992
15.561585426330566
15.278956413269043
14.346121788024902
14.130179405212402
13.386002540588379
13.215322494506836
12.616069793701172
12.474287033081055
11.97474193572998
11.842798233032227
11.397541999816895
11.285977363586426
10.898362159729004
10.795121192932129
10.432692527770996
10.338958740234375
10.00507640838623
9.92025089263916
9.608216285705566
9.529293060302734
9.235518455505371
9.160758972167969
8.894959449768066
8.824569702148438
8.576889038085938
8.51021671295166
8.293231010437012
8.230198860168457
8.038253784179688
7.9800190925598145
7.79670524597168
7.747452259063721
7.588770389556885
7.544278144836426
7.399892807006836
7.364145278930664
7.232302188873291
7.200882434844971
7.089798450469971
7.067569732666016
6.952089786529541
6.933078289031982
6.836040496826172
6.80662727355957
6.721661567687988
6.696078300476074
6.614180564880371
6.602339744567871
6.519967555999756
6.497745513916016
6.440999507904053
6.413583755493164
6.343559741973877
6.3284077644348145
6.263797283172607
6.245047092437744
6.188898086547852
6.167015552520752
6.110711574554443
6.0930328369140625
6.039999485015869
6.025099754333496
5.9681291580200195
5.959286212921143
5.91672420501709
5.893815517425537
5.841427326202393
5.82711124420166
5.780481338500977
5.767218589782715
5.719661712646484
5.7042741775512695
5.653073310852051
5.643856525421143
5.601193904876709
5.587687015533447
5.552698135375977
5.5402069091796875
5.497053623199463
5.4914937019348145
5.4365925788879395
5.436557292938232
5.391500949859619
5.376091957092285
5.340146541595459
5.3333420753479
5.303972244262695
5.284927845001221
5.253727912902832
5.235250473022461
5.205480098724365
5.193169116973877
5.163930416107178
5.156820774078369
5.124317169189453
5.1188273429870605
5.098259925842285
5.090693473815918
5.0642828941345215
5.058322429656982
5.029407024383545
5.019935607910156
5.003113746643066
4.998291015625
4.993838787078857
4.973443031311035
4.987947463989258
4.9614996910095215
4.935022354125977
4.932910919189453
4.906859397888184
4.907009601593018
4.895842552185059
4.893803119659424
4.886550426483154
4.8788533210754395
4.865857124328613
4.860564708709717
4.858814239501953
4.849254131317139
4.851034641265869
4.840206623077393
4.82272481918335
4.816618919372559
4.810442924499512
4.807240962982178
4.797035217285156
4.797894477844238
4.789614200592041
4.783976078033447
4.782475471496582
4.774526119232178
4.764764308929443
4.762112140655518
4.7581634521484375
4.751150131225586
4.750854969024658
4.749061584472656
4.745935916900635
4.7441253662109375
4.763180732727051
4.73464822769165
4.725589275360107
4.7230706214904785
4.720407485961914
4.7166337966918945
4.7243828773498535
4.7170257568359375
4.715885639190674
4.702365875244141
4.703006267547607
4.7155537605285645
4.6936116218566895
4.707062244415283
4.693012237548828
4.690662384033203
4.692920207977295
4.687174320220947
4.6772613525390625
4.67883825302124
4.674949645996094
4.6708478927612305
4.694841384887695
4.677478790283203
4.6671462059021
4.663743495941162
4.659099578857422
4.661856174468994
4.671018123626709
no squeeze
93.05921936035156
50.1312141418457
42.1168098449707
23.570430755615234
21.13394546508789
15.624001502990723
14.71550178527832
12.199081420898438
11.723219871520996
10.315247535705566
10.036242485046387
9.180408477783203
9.000609397888184
8.443551063537598
8.325516700744629
7.945710182189941
7.864923477172852
7.586422443389893
7.528766632080078
7.324481010437012
7.2743425369262695
7.108981132507324
7.07169246673584
6.939203262329102
6.903993129730225
6.789883136749268
6.764183044433594
6.673063278198242
6.64244270324707
6.563783168792725
6.536775588989258
6.466070652008057
6.445644378662109
6.383853912353516
6.363207817077637
6.310155868530273
6.291943550109863
6.243625164031982
6.2342753410339355
6.18451452255249
6.174105167388916
6.139427185058594
6.125509738922119
6.086032390594482
6.08645486831665
6.0509233474731445
6.039334297180176
6.012625217437744
6.0052361488342285
5.9709978103637695
5.96399450302124
5.944409370422363
5.938670635223389
5.9133524894714355
5.909470558166504
5.88395357131958
5.8799662590026855
5.866410732269287
5.855843544006348
5.84144401550293
5.835290908813477
5.820965766906738
5.820372581481934
5.800168514251709
5.801569938659668
5.794307231903076
5.7877984046936035
5.772692680358887
5.768492221832275
5.759763717651367
5.751638889312744
5.748995780944824
5.742677688598633
5.726805210113525
5.724913120269775
5.71506929397583
5.7128586769104
5.705793857574463
5.708709239959717
5.700049877166748
5.702731609344482
5.691465854644775
5.6922149658203125
5.692081451416016
no squeeze
88.6957778930664
24.469627380371094
22.884166717529297
18.104860305786133
17.389413833618164
15.557897567749023
15.265753746032715
14.569524765014648
14.479723930358887
14.273860931396484
14.255443572998047
14.202983856201172
14.20154094696045
14.193333625793457
14.181296348571777
14.181899070739746
14.178936004638672
14.172867774963379
14.174220085144043
14.175429344177246
