no squeeze
6.42978048324585
0.37205779552459717
0.22505931556224823
0.04318986460566521
0.0290068369358778
0.006754834204912186
0.004874176345765591
0.0021835409570485353
0.0019779580179601908
0.001654550083912909
0.001618913491256535
0.0015463322633877397
0.001529854373075068
0.00147825269959867
0.0014691951218992472
0.0014149296330288053
0.0014033500337973237
0.0013630809262394905
0.0013529291609302163
0.0013155537890270352
0.0013079617638140917
0.001282621524296701
0.0012709518196061254
0.0012441865401342511
0.00123485061340034
0.0012091934913769364
0.0012080689193680882
0.001182094682008028
0.0011767292162403464
0.001159742707386613
0.0011556679382920265
0.001142741646617651
0.0011460258392617106
0.001128645148128271
0.0011218764120712876
0.001117971958592534
0.0011107284808531404
0.0011057849042117596
0.0011010062880814075
0.0010987953282892704
0.0010990347946062684
0.0010938108898699284
0.0010896578896790743
0.0010907332180067897
0.0010887198150157928
0.0010866463417187333
0.0010858748573809862
0.0010863752104341984
0.0010855768341571093
0.0010814418783411384
0.0010860239854082465
0.0010795308044180274
0.001083930255845189
0.0010866103693842888
no squeeze
6.1427812576293945
0.7845504283905029
0.6618399620056152
0.5150353312492371
0.5022390484809875
0.4770231246948242
0.47336211800575256
0.46438688039779663
0.4637508988380432
0.45879632234573364
0.45888087153434753
0.4572570025920868
0.45675578713417053
0.4579566717147827
0.4570743441581726
0.4564685523509979
0.45616135001182556
0.4559774100780487
0.45652905106544495
0.4568447768688202
no squeeze
6.6084303855896
0.8574302792549133
0.6236992478370667
0.2952190637588501
0.26208701729774475
0.17819121479988098
0.16359853744506836
0.11721904575824738
0.10836627334356308
0.0790998563170433
0.07245025038719177
0.05170430988073349
0.047944582998752594
0.035291578620672226
0.032860249280929565
0.024810688570141792
0.023338058963418007
0.018990764394402504
0.017896700650453568
0.014446171931922436
0.013774489052593708
0.011651335284113884
0.011158591136336327
0.009779075160622597
0.00935343187302351
0.008260861970484257
0.00796899851411581
0.0069843861274421215
0.006932296324521303
0.006211439613252878
0.006051147356629372
0.005579764489084482
0.0054098861292004585
0.004905869252979755
0.004825939424335957
0.004449584521353245
0.004356532357633114
0.004019708372652531
0.003941047005355358
0.0036165218334645033
0.0035339079331606627
0.0032807260286062956
0.0032468410208821297
0.0030197971500456333
0.00296186120249331
0.00276941224001348
0.0027140937745571136
0.0025378912687301636
0.0025022535119205713
0.0023780062329024076
0.0023345102090388536
0.0022467379458248615
0.002209853380918503
0.0020968890748918056
0.002064932370558381
0.0019805836491286755
0.0019375205738469958
0.0018753272015601397
0.001850809552706778
0.0017514999490231276
0.0017466469435021281
0.0016943818191066384
0.001674356171861291
0.0016219817334786057
0.00159427837934345
0.001563994912430644
0.0015387148596346378
0.0014838518109172583
0.0014843452954664826
0.0014464078703895211
0.001439555431716144
0.0014066153671592474
0.0013958476483821869
0.0013823150657117367
0.0013671674532815814
0.0013436570297926664
0.0013306160690262914
0.0013097753981128335
0.0013008019886910915
0.0012941592140123248
0.0012784391874447465
0.0012772328918799758
0.0012626901734620333
0.0012417162070050836
0.0012399734696373343
0.0012289687292650342
0.001222354592755437
0.0012176072923466563
0.0012093051336705685
0.001193095464259386
0.001207753666676581
0.0011910306056961417
0.0011997198453173041
0.0011871717870235443
0.0011772149009630084
0.0011726788943633437
0.001188150024972856
0.0011808053823187947
no squeeze
7.095514297485352
2.6752777099609375
2.209181070327759
1.4364479780197144
1.3403921127319336
1.1146636009216309
1.0742067098617554
0.953494668006897
0.9273372292518616
0.8467813730239868
0.8297843337059021
0.7719897031784058
0.7578216195106506
0.716367781162262
0.7074716687202454
0.6745966076850891
0.6685414910316467
0.6449894309043884
0.6399138569831848
0.6204788684844971
0.6167184114456177
0.6018956899642944
0.5977854132652283
0.5866695642471313
0.5835859775543213
0.5718711018562317
0.5698801875114441
0.5591857433319092
0.5566501021385193
0.5475500226020813
0.5463462471961975
0.5371237993240356
0.535706639289856
0.5264074206352234
0.5252067446708679
0.5160935521125793
0.5143750905990601
0.5064995884895325
0.5052049160003662
0.49721190333366394
0.4957534074783325
0.4897960424423218
0.48809075355529785
0.48245832324028015
0.4802125096321106
0.47430524230003357
0.4733731746673584
0.4672979414463043
0.4657858908176422
0.4612036943435669
0.4600963294506073
0.4547695219516754
0.4544551372528076
0.45014774799346924
0.44931283593177795
0.4446401298046112
0.4435053765773773
0.44010740518569946
0.4391992688179016
0.43526145815849304
0.43532899022102356
0.4317387640476227
0.4312288463115692
0.4271407723426819
0.4259757995605469
0.4235437512397766
0.4224383234977722
0.4192656874656677
0.41894060373306274
0.41607704758644104
0.41533800959587097
0.41244515776634216
0.4122190475463867
0.4096848666667938
0.4091188609600067
0.40630286931991577
0.4059211313724518
0.4038201570510864
0.40337935090065
0.401044100522995
0.40039703249931335
0.3986007571220398
0.3981691896915436
0.39512374997138977
0.39478594064712524
0.39402687549591064
0.3936106860637665
0.3903827667236328
0.39100074768066406
0.3889366686344147
0.38921642303466797
0.3862327039241791
0.3866935968399048
0.3856235444545746
0.3850336968898773
0.3842576742172241
0.38369205594062805
0.38246095180511475
0.3815824091434479
0.3799705505371094
0.3803098499774933
0.3810146749019623
no squeeze
6.7455525398254395
1.3226057291030884
1.1035594940185547
0.7413666248321533
0.6976854801177979
0.593834400177002
0.5764896869659424
0.532776415348053
0.5249336957931519
0.5036139488220215
0.4994795024394989
0.48595091700553894
0.48203322291374207
0.4726053774356842
0.47063982486724854
0.4617435038089752
0.4599418044090271
0.4530216455459595
0.4516220986843109
0.4459144175052643
0.4441896378993988
0.43913522362709045
0.43846428394317627
0.4334030747413635
0.4334859848022461
0.42780303955078125
0.42735612392425537
0.42464086413383484
0.4236484467983246
0.4205443561077118
0.41935110092163086
0.4177663326263428
0.41745197772979736
0.41547346115112305
0.41516658663749695
0.4122300148010254
0.4123999774456024
0.4109395146369934
0.4116302728652954
0.409859299659729
0.40969207882881165
0.40742650628089905
0.40699994564056396
0.4058641791343689
0.4057984948158264
0.40458622574806213
0.4041759669780731
0.4038737118244171
0.40255042910575867
0.4024963676929474
0.4018184244632721
0.40073931217193604
0.4011182188987732
0.40031421184539795
0.40021413564682007
0.40087878704071045
0.4000815749168396
0.39933183789253235
0.39882150292396545
0.3985094130039215
0.3982453942298889
0.39780503511428833
0.39806756377220154
0.398131787776947
no squeeze
5.932211399078369
0.9032500386238098
0.8511703014373779
0.79881751537323
0.797542929649353
0.7957763671875
0.7972018122673035
0.7976698279380798
