no squeeze
420.8689270019531
251.04652404785156
210.08534240722656
97.03478240966797
81.93624877929688
52.03636932373047
47.49610137939453
34.44915008544922
31.85841178894043
23.682903289794922
21.96605110168457
16.484722137451172
15.315183639526367
11.52792739868164
10.729994773864746
8.148551940917969
7.6006317138671875
5.840963840484619
5.4695587158203125
4.288568496704102
4.04258918762207
3.263688564300537
3.100637197494507
2.5840322971343994
2.4775867462158203
2.133228302001953
2.063633918762207
1.843393325805664
1.7965518236160278
1.6384518146514893
1.608071208000183
1.5010708570480347
1.4790862798690796
1.4042282104492188
1.3879026174545288
1.3317323923110962
1.3193359375
1.2769829034805298
1.269003987312317
1.2391996383666992
1.2314411401748657
1.204452395439148
1.1990059614181519
1.1813331842422485
1.1756641864776611
1.15681791305542
1.1535881757736206
1.1399530172348022
1.1377722024917603
1.1234432458877563
1.1202952861785889
1.1112879514694214
1.1072701215744019
1.0970782041549683
1.095324993133545
1.0875225067138672
1.085427165031433
1.077954888343811
1.0756750106811523
1.0699377059936523
1.0672944784164429
1.0609930753707886
1.0593535900115967
1.0528634786605835
1.0508596897125244
1.0457549095153809
1.0439471006393433
1.03860342502594
1.037156581878662
1.0322003364562988
1.0307526588439941
1.0255589485168457
1.024271845817566
1.0198320150375366
1.0181623697280884
1.0137051343917847
1.0130107402801514
1.0092154741287231
1.007480502128601
1.0024516582489014
1.0019574165344238
0.9963654279708862
0.9954350590705872
0.9914499521255493
0.9906966090202332
0.9872831106185913
0.986997127532959
0.9824113845825195
0.981574296951294
0.9775897860527039
0.9766952991485596
0.9734697341918945
0.9722349643707275
0.9694886803627014
0.9685166478157043
0.9660677313804626
0.9645106196403503
0.961540937423706
0.9610817432403564
0.9580749869346619
0.9566747546195984
0.9542043805122375
0.953261137008667
0.9506936073303223
0.9499253034591675
0.9479169249534607
0.9477748274803162
0.9454421997070312
0.9448586106300354
0.9431161284446716
0.9417347311973572
0.9397955536842346
0.9396523833274841
0.9376227855682373
0.9369122385978699
0.9343640208244324
0.9340620040893555
0.9335538148880005
0.9342447519302368
0.9308353662490845
0.9306129217147827
0.9304389357566833
0.9290825724601746
0.9268777966499329
0.9271972179412842
0.9260131120681763
0.9256070852279663
0.9246682524681091
0.9236598014831543
0.9228014349937439
0.9233121275901794
0.9224566221237183
0.9216951727867126
0.9202615022659302
0.9204412698745728
0.9202391505241394
0.9196352362632751
0.9188529849052429
0.9188953042030334
0.917384922504425
0.9182767868041992
0.9168134331703186
0.9180530905723572
0.9175558686256409
no squeeze
421.6105041503906
233.4991912841797
192.90846252441406
98.9447250366211
89.22016143798828
70.90939331054688
68.2568588256836
61.09574890136719
59.7586669921875
55.68926239013672
54.84678649902344
52.219852447509766
51.6574821472168
49.889217376708984
49.4874267578125
48.20430374145508
47.92704772949219
47.05927276611328
46.85647964477539
46.228782653808594
46.081703186035156
45.63210678100586
45.52962875366211
45.19789505004883
45.12880325317383
44.880496978759766
44.82808303833008
44.667659759521484
44.62598419189453
44.5107307434082
44.477848052978516
44.38808059692383
44.3835334777832
44.319908142089844
44.31049728393555
44.270423889160156
44.25755310058594
44.191619873046875
44.19984817504883
44.201969146728516
no squeeze
426.8133544921875
333.3524169921875
305.2065124511719
189.39268493652344
162.0365753173828
89.04740142822266
78.64815521240234
56.032405853271484
52.78715515136719
43.77863693237305
41.981380462646484
36.196956634521484
34.89502716064453
30.405344009399414
29.34078598022461
25.548892974853516
24.657257080078125
21.455759048461914
20.680763244628906
17.94719696044922
17.278003692626953
14.943059921264648
14.384147644042969
12.421563148498535
11.96209716796875
10.340951919555664
9.959115982055664
8.629072189331055
8.317185401916504
7.235361099243164
6.9801740646362305
6.094768524169922
5.891467094421387
5.184897422790527
5.021137714385986
4.44573974609375
4.313596725463867
3.8554129600524902
3.748377799987793
3.3772213459014893
3.290030002593994
2.988603115081787
2.919761896133423
2.6867642402648926
2.630068778991699
2.427978754043579
2.3830931186676025
2.224453926086426
2.1853747367858887
2.051481008529663
2.0210413932800293
1.9057021141052246
1.8814657926559448
1.791132926940918
1.7702915668487549
1.690877914428711
1.6721272468566895
1.607926845550537
1.590602993965149
1.531415343284607
1.518718957901001
1.4711811542510986
1.4591654539108276
1.4146119356155396
1.4044888019561768
1.3657678365707397
1.357710361480713
1.3272167444229126
1.3185899257659912
1.2887511253356934
1.2819515466690063
1.2534130811691284
1.24751877784729
1.2240561246871948
1.2191669940948486
1.1974501609802246
1.1918492317199707
1.1706726551055908
1.1668071746826172
1.1463687419891357
1.143144130706787
1.1277412176132202
1.1229767799377441
1.1091055870056152
1.1053552627563477
1.0906400680541992
1.08725905418396
1.072924017906189
1.0696561336517334
1.0582729578018188
1.0544008016586304
1.0433578491210938
1.0394806861877441
1.0283223390579224
1.0261998176574707
1.0170238018035889
1.0137214660644531
1.0047844648361206
1.0026909112930298
0.992408275604248
0.9901610612869263
0.9812723398208618
0.9794118404388428
0.9721783995628357
0.9700984954833984
0.9632237553596497
0.9605334401130676
0.9537085890769958
0.9513353705406189
0.9449302554130554
0.9437707662582397
0.9374193549156189
0.9357715249061584
0.9305249452590942
0.9285472631454468
0.9247188568115234
0.9221312403678894
0.9176892638206482
0.9154608845710754
0.9101694226264954
0.9087194204330444
0.9043002724647522
0.9023244380950928
0.8983986377716064
0.8972231149673462
0.8947309851646423
0.8934113383293152
0.8893594145774841
0.8879291415214539
0.8843674063682556
0.883705735206604
0.8800801634788513
0.8797571659088135
0.8765367865562439
0.8754594326019287
0.8733963370323181
0.871806263923645
0.869054913520813
0.8695396184921265
0.8661380410194397
0.8650678396224976
0.863890528678894
0.8627763986587524
0.860094428062439
0.8602897524833679
0.8576199412345886
0.8585894703865051
0.8561537861824036
0.8556104302406311
0.8537971377372742
0.854178786277771
0.852232813835144
0.8519085049629211
0.8511298894882202
0.8505626320838928
0.849384069442749
0.8488755822181702
0.8470144867897034
0.8468950986862183
0.8460307121276855
0.844904899597168
0.8443795442581177
0.8438246846199036
0.8432169556617737
0.843848705291748
0.8423597812652588
0.8420806527137756
0.8413723111152649
0.8422642350196838
0.8406775593757629
0.8407375812530518
0.8395301699638367
0.8397096991539001
0.8380553126335144
0.839423656463623
0.8376176357269287
0.837813138961792
0.8380330801010132
no squeeze
428.74273681640625
367.1225891113281
343.79266357421875
230.41018676757812
201.49746704101562
131.24012756347656
123.05123901367188
103.5406265258789
100.14987182617188
90.20321655273438
88.20283508300781
81.87323760986328
80.5316162109375
76.149658203125
75.1771240234375
71.96287536621094
71.2359848022461
68.78006744384766
68.22721099853516
66.33526611328125
65.87538146972656
64.31175994873047
63.95351028442383
62.68514633178711
62.36928176879883
61.27101516723633
61.025325775146484
60.04317092895508
59.798179626464844
58.93328857421875
58.72121047973633
57.91887664794922
57.74106979370117
56.94784927368164
56.74879455566406
56.029144287109375
55.81129455566406
55.08735275268555
54.89748001098633
54.18186950683594
53.98107147216797
53.26527786254883
53.05862808227539
52.365135192871094
52.16273880004883
51.41072463989258
51.23001480102539
50.4968147277832
50.304988861083984
49.57069778442383
49.36669921875
48.63468551635742
48.44166946411133
47.73145294189453
47.55596160888672
46.8724365234375
46.67737579345703
45.964561462402344
45.774085998535156
45.113895416259766
44.94987869262695
44.2988166809082
44.132816314697266
43.49980163574219
43.35808563232422
42.79141616821289
42.65313720703125
42.129364013671875
41.97246551513672
41.45174026489258
41.30836486816406
40.842281341552734
40.72117233276367
40.288551330566406
40.1531982421875
39.736812591552734
39.62824630737305
39.26023864746094
39.196258544921875
38.82414245605469
38.72809982299805
38.42212677001953
38.323326110839844
38.003021240234375
37.92022705078125
37.66864013671875
37.58708190917969
37.33783721923828
37.26271057128906
37.033668518066406
36.94689178466797
36.70453643798828
36.664371490478516
36.46687316894531
36.40297317504883
36.21812057495117
36.15895080566406
35.9719123840332
35.904075622558594
35.70688247680664
35.67036437988281
35.516117095947266
35.45586395263672
35.28892135620117
35.233455657958984
35.092159271240234
35.0394172668457
34.88978958129883
34.83635711669922
34.699527740478516
34.65970993041992
34.563560485839844
34.49835205078125
34.3549919128418
34.330406188964844
34.22416305541992
34.185035705566406
34.06177520751953
34.018062591552734
33.93272018432617
33.893943786621094
33.795265197753906
33.7536735534668
33.660945892333984
33.65317916870117
33.56268310546875
33.5344123840332
33.470542907714844
33.43495559692383
33.35074234008789
33.33052062988281
33.27811813354492
33.27716064453125
33.212181091308594
33.18494415283203
33.155765533447266
33.13176345825195
33.05732345581055
33.05036926269531
33.015907287597656
33.01200866699219
32.955406188964844
32.955833435058594
32.91056442260742
32.89316177368164
32.8682975769043
32.855628967285156
32.81983184814453
32.80234909057617
32.79357147216797
32.75749969482422
32.73516082763672
32.732425689697266
32.68731689453125
32.694698333740234
32.67962646484375
32.67439651489258
32.63070297241211
32.638824462890625
32.6464958190918
no squeeze
424.1399230957031
272.5999755859375
238.12684631347656
142.00889587402344
128.06961059570312
99.38752746582031
95.03091430664062
82.95335388183594
80.58930206298828
73.25719451904297
71.71014404296875
66.7526626586914
65.68309783935547
62.18706130981445
61.42470169067383
58.83549880981445
58.24786376953125
56.29296112060547
55.837486267089844
54.25595474243164
53.8839111328125
52.60504913330078
52.27804183959961
51.164913177490234
50.89101028442383
49.94233703613281
49.70744323730469
48.871917724609375
48.65725326538086
47.91544723510742
47.7429313659668
47.0865478515625
46.91305923461914
46.320037841796875
46.19036102294922
45.70238494873047
45.572837829589844
45.12525177001953
44.999610900878906
44.5904541015625
44.48978805541992
44.14365768432617
44.05129623413086
43.75160598754883
43.66456604003906
43.385677337646484
43.31839370727539
43.070125579833984
43.0028076171875
42.798492431640625
42.756690979003906
42.551517486572266
42.49134063720703
42.30903625488281
42.25428009033203
42.09661102294922
42.03944778442383
41.89913558959961
41.8582763671875
41.7309684753418
41.69306182861328
41.55219268798828
41.510047912597656
41.4343376159668
41.378990173339844
41.255741119384766
41.220821380615234
41.144771575927734
41.108333587646484
41.04111862182617
41.003170013427734
40.90818786621094
40.88591003417969
40.796058654785156
40.77878189086914
40.71000289916992
40.66963195800781
40.613773345947266
40.577457427978516
40.52641296386719
40.5009765625
40.43513488769531
40.41422653198242
40.36479949951172
40.330970764160156
40.27934646606445
40.25809860229492
40.26022720336914
40.22236251831055
40.177101135253906
40.15904998779297
40.10985565185547
40.08250045776367
40.05034637451172
40.0194091796875
39.9887809753418
39.96705627441406
39.95940399169922
39.938716888427734
39.89275360107422
39.882076263427734
39.8715705871582
39.841190338134766
39.818580627441406
39.80125045776367
39.79001998901367
39.766292572021484
39.72853469848633
39.72610092163086
39.69144058227539
39.68547821044922
39.69455337524414
39.6709098815918
39.63102340698242
39.616539001464844
39.639976501464844
39.59700393676758
39.58628463745117
39.566585540771484
39.55615997314453
39.5614013671875
39.574928283691406
no squeeze
414.6562194824219
120.59476470947266
100.42234802246094
80.45840454101562
78.9155502319336
75.83794403076172
75.41849517822266
74.43199157714844
74.28276824951172
73.90276336669922
73.85230255126953
73.75617218017578
73.66399383544922
73.63726043701172
73.60033416748047
73.52689361572266
73.52979278564453
73.5482177734375
