no squeeze
0.7742947340011597
0.20550724864006042
0.11609704047441483
0.08402258157730103
0.06447774171829224
0.05692483112215996
0.043841663748025894
0.03527125343680382
0.03019397333264351
0.023988952860236168
0.023566769436001778
0.02230740152299404
0.017523258924484253
0.01669187843799591
0.014837986789643764
0.011610042303800583
0.01276399102061987
0.010103758424520493
0.008958334103226662
0.009051489643752575
0.008259104564785957
0.00912674330174923
0.006564146373420954
0.006126332096755505
0.006734009832143784
0.006953851785510778
0.011151548475027084
0.004889391828328371
0.0042906454764306545
0.004313972778618336
0.004329796880483627
0.003916190005838871
0.004184618592262268
0.0036943794693797827
0.0034080760087817907
0.0034741589333862066
0.003009781474247575
0.0031787045300006866
0.0028941258788108826
0.0032383003272116184
0.002629918744787574
0.002768138889223337
0.002517971210181713
0.001994286198168993
0.0022348754573613405
0.002027736511081457
0.002232383005321026
0.002174998866394162
0.0027738683857023716
0.0021702838130295277
0.0017866051057353616
0.0021071848459541798
0.001906906021758914
0.0015755159547552466
0.0016966528492048383
0.002013508230447769
0.0018658711342141032
0.0016046494711190462
0.0014764752704650164
0.001808607135899365
0.001364404452033341
0.001336845220066607
0.0018402679124847054
0.001881282776594162
0.002146556042134762
0.001260126125998795
0.0011266421061009169
0.0012877549743279815
0.0016460827318951488
0.001154101686552167
0.0008428083965554833
0.0009660687064751983
0.0013177747605368495
0.001358194975182414
0.0008441044483333826
0.000878453254699707
0.0009147821692749858
0.001885335543192923
0.0009669894934631884
0.0009556164732202888
0.0008038062369450927
0.0006382098654285073
0.000637537392321974
0.0008090055780485272
0.0017052398761734366
0.0012471372028812766
0.001764905289746821
0.0019483277574181557
0.0019061886705458164
0.0013831484830006957
0.0007028483669273555
0.0009021113510243595
0.0007976738852448761
no squeeze
0.8345796465873718
0.23578433692455292
0.13519805669784546
0.1142699271440506
0.09130978584289551
0.08819092065095901
0.08245160430669785
0.07201985269784927
0.06407075375318527
0.0636071041226387
0.05834411457180977
0.05581819266080856
0.060586947947740555
0.056404318660497665
0.050724394619464874
0.04804352670907974
0.05004356801509857
0.05264926329255104
0.051247090101242065
0.04831670969724655
0.04953710734844208
0.04457251355051994
0.04605616256594658
0.0511627160012722
0.04300441965460777
0.04272420331835747
0.04211505874991417
0.039636749774217606
0.03937237337231636
0.04372966289520264
0.04330335557460785
0.04113427549600601
0.03800486400723457
0.043268050998449326
0.040929824113845825
0.0445377416908741
0.04119335860013962
0.038573674857616425
0.0424933061003685
0.04453502222895622
0.042517032474279404
0.04135364666581154
0.040056146681308746
no squeeze
1.1107527017593384
0.4085017144680023
0.2573029100894928
0.22166375815868378
0.1646263599395752
0.14599768817424774
0.13241466879844666
0.11466551572084427
0.10302586853504181
0.08723924309015274
0.09025748074054718
0.12478163093328476
0.08201935887336731
0.08489397168159485
0.06764248013496399
0.06721509993076324
0.0603906475007534
0.05795964226126671
0.05392348766326904
0.0497153215110302
0.04427880421280861
0.04522733762860298
0.0504845455288887
0.05048668757081032
0.038438957184553146
0.04033512994647026
0.03905882313847542
0.03693367913365364
0.029997719451785088
0.029138850048184395
0.027466587722301483
0.02795802243053913
0.028751658275723457
0.030475476756691933
0.03302226588129997
0.029652809724211693
0.02477746270596981
0.06673695892095566
0.03506813198328018
0.042178478091955185
0.020481638610363007
0.02001016214489937
0.02011120691895485
0.02569010481238365
0.041425254195928574
0.03647777810692787
0.033588916063308716
0.02165687456727028
0.034445736557245255
0.020995305851101875
0.015189474448561668
0.012841652147471905
0.012210642918944359
0.012197325006127357
0.01111875381320715
0.011346063576638699
0.009918022900819778
0.009262320585548878
0.011388895101845264
0.020354481413960457
0.019402600824832916
0.011902173981070518
0.011210234835743904
0.009825213812291622
0.015196274034678936
0.019924145191907883
0.01964780129492283
0.031953420490026474
no squeeze
0.9237196445465088
0.44789600372314453
0.3497820794582367
0.2960466146469116
0.2554434537887573
0.22170931100845337
0.19818563759326935
0.17576278746128082
0.16500915586948395
0.14955678582191467
0.1361997276544571
0.13312017917633057
0.12570935487747192
0.11544356495141983
0.10849987715482712
0.10371621698141098
0.09603935480117798
0.09135999530553818
0.09236854314804077
0.09042805433273315
0.08414989709854126
0.07761313766241074
0.07468858361244202
0.07532034069299698
0.07533782720565796
0.07315026223659515
0.07106953859329224
0.07273813337087631
0.07034406065940857
0.07046470791101456
0.06441786140203476
0.06541679054498672
0.06573224067687988
0.06289053708314896
0.06233883649110794
0.06316561251878738
0.05911775678396225
0.05842858925461769
0.05981867015361786
0.057848602533340454
0.058951422572135925
0.056900735944509506
0.05858864262700081
0.05572587624192238
0.05556776002049446
0.056102022528648376
0.0564662329852581
0.05523192510008812
0.055156826972961426
0.05187182500958443
0.05078837648034096
0.05271606147289276
0.05215763673186302
0.051343608647584915
0.05274524912238121
0.050862934440374374
0.0491914302110672
0.04881395027041435
0.049079928547143936
0.049242064356803894
0.04564044252038002
0.045720141381025314
0.04463930428028107
0.04553309082984924
0.04587871953845024
0.044710300862789154
0.04572344571352005
0.0452909991145134
0.04400916397571564
0.04370942339301109
0.04255565628409386
0.044613100588321686
0.04330478608608246
0.04090090095996857
0.04272519797086716
0.043493278324604034
0.04242432117462158
0.041219279170036316
0.04207432642579079
0.0428130067884922
0.04143911972641945
0.039334703236818314
0.03890632465481758
0.04328003153204918
0.04088263213634491
0.04016045853495598
0.041378919035196304
0.03833511099219322
0.03854876011610031
0.04034753143787384
0.03887361288070679
0.040258388966321945
0.038369763642549515
0.03980298340320587
0.04098416864871979
0.03862722963094711
0.03717717155814171
0.03815528750419617
0.036593902856111526
0.037250492721796036
0.03771555423736572
0.036237750202417374
0.03484150394797325
0.03830023109912872
0.03744450956583023
0.037168778479099274
0.03573412448167801
0.03588821738958359
0.03659236058592796
0.03576106205582619
0.035932548344135284
0.035877667367458344
0.03575848415493965
no squeeze
0.6808595657348633
0.2646419107913971
0.18884068727493286
0.14615203440189362
0.11917288601398468
0.1084282249212265
0.09681646525859833
0.0887870341539383
0.07764222472906113
0.07623502612113953
0.0709516778588295
0.0644790530204773
0.06300842016935349
0.061775125563144684
0.05796736106276512
0.05390558019280434
0.04974238574504852
0.052370090037584305
0.05044764652848244
0.04897923767566681
0.048315487802028656
0.04490780085325241
0.043417710810899734
0.04021577537059784
0.04351966828107834
0.0413203090429306
0.04011032357811928
0.04178985208272934
0.037076935172080994
0.03631379082798958
0.034606579691171646
0.03584183752536774
0.0345005989074707
0.036731936037540436
0.035888105630874634
0.0340048149228096
0.03192572295665741
0.03201032429933548
0.03052334301173687
0.03189532831311226
0.031527139246463776
0.03218941390514374
0.035306692123413086
0.02671099081635475
0.027645083144307137
0.028679175302386284
0.028878582641482353
0.027267899364233017
0.027209563180804253
0.02856134995818138
0.02620084583759308
0.03188561648130417
0.02815733291208744
0.02763163484632969
0.02782692201435566
0.026577182114124298
0.025372270494699478
0.027243366464972496
0.025567252188920975
0.024091841652989388
0.024732114747166634
0.025432690978050232
0.02446264773607254
0.023307794705033302
0.023989155888557434
0.023143718019127846
0.023965347558259964
0.022017166018486023
0.02182643674314022
0.02168949320912361
0.025608841329813004
0.021600641310214996
0.02255796641111374
0.023525984957814217
0.02309120073914528
0.021222000941634178
0.02280300296843052
0.023117437958717346
0.022762348875403404
0.02183898165822029
0.0211096853017807
0.0194906834512949
0.020151857286691666
0.020375151187181473
0.019764721393585205
0.020367754623293877
0.01980680786073208
0.01939328759908676
0.01807304099202156
0.018114084377884865
0.0184981320053339
0.019921887665987015
0.019474869593977928
0.01909608207643032
0.021181892603635788
0.01728064939379692
0.018711304292082787
0.01815808191895485
0.02070731110870838
0.01811406761407852
0.01823643036186695
0.019330205395817757
0.019255632534623146
0.017765307798981667
0.017538882791996002
0.01817786879837513
no squeeze
0.6649552583694458
0.16029369831085205
0.11837076395750046
0.09632465243339539
0.0851183831691742
0.08409270644187927
0.07443369179964066
0.0794801190495491
0.07512611895799637
0.07044259458780289
0.0682966336607933
0.06396164000034332
0.06893949955701828
0.06979382783174515
0.07120183855295181
0.06363727897405624
0.07102155685424805
0.06259548664093018
0.05899317190051079
0.060176167637109756
0.06552890688180923
0.06207679212093353
0.05982925370335579
0.08336295932531357
0.06980135291814804
0.0629793331027031
0.0665958821773529
0.06672873347997665
0.06426030397415161
