no squeeze
4.400451183319092
1.6736091375350952
0.9794453382492065
0.6019055247306824
0.38617536425590515
0.30579227209091187
0.2069443017244339
0.2164173424243927
0.1962645798921585
0.14738959074020386
0.16429215669631958
0.15731212496757507
0.11733338981866837
0.1239335685968399
0.11855282634496689
0.08140936493873596
0.10094640403985977
0.07301860302686691
0.08141860365867615
0.08633837103843689
0.10973025858402252
0.07824396342039108
0.05662640556693077
0.08384229987859726
0.08319168537855148
0.0912150889635086
0.08332560956478119
0.10891997069120407
0.07022391259670258
0.06052878126502037
0.05062444135546684
0.05001308023929596
0.06876933574676514
0.05855939909815788
0.09827689081430435
0.07203022390604019
0.09997827559709549
0.062260620296001434
0.038734033703804016
0.07502200454473495
0.05013837665319443
0.062265049666166306
0.03987021744251251
0.0789874941110611
0.10225539654493332
0.06492169201374054
0.08339092880487442
0.054137688130140305
0.09267272800207138
no squeeze
3.7386467456817627
1.2998175621032715
0.7517105340957642
0.4297584295272827
0.3044397532939911
0.20438627898693085
0.16825838387012482
0.12191205471754074
0.11049316078424454
0.11137130111455917
0.06929905712604523
0.05698167532682419
0.044371578842401505
0.05038069188594818
0.029600176960229874
0.04920627176761627
0.029453042894601822
0.02466646023094654
0.024498384445905685
0.022189732640981674
0.0197899267077446
0.01630164496600628
0.0238143652677536
0.01971489004790783
0.018743112683296204
0.016217321157455444
0.01915915124118328
0.06299302726984024
0.03429391235113144
0.013011178001761436
0.014227424748241901
0.019586214795708656
0.01304289884865284
0.025612695142626762
0.02751103602349758
0.021396810188889503
0.01952703669667244
0.018893005326390266
0.013474682345986366
0.011316146701574326
0.01112376619130373
0.009994614869356155
0.01576804928481579
0.010789609514176846
0.02027955837547779
0.02412020042538643
0.010609853081405163
0.016597962006926537
0.02358054928481579
0.012055411003530025
0.012207088060677052
0.007443016394972801
0.016715500503778458
0.01437610574066639
0.012850997038185596
0.011803642846643925
0.010472866706550121
0.00904164370149374
0.008410531096160412
0.011692683212459087
0.019186271354556084
0.03324635699391365
no squeeze
4.458219051361084
1.7071945667266846
1.0884151458740234
0.7938395738601685
0.583752453327179
0.7367648482322693
0.3952816426753998
0.33669230341911316
0.2727544605731964
0.233710378408432
0.22619232535362244
0.1832391619682312
0.14075586199760437
0.28567826747894287
0.11775428056716919
0.1264035552740097
0.10214316099882126
0.10472512990236282
0.09186705946922302
0.10809610784053802
0.08937770873308182
0.06949585676193237
0.05095156282186508
0.04761034995317459
0.06465552747249603
0.060560647398233414
0.046027183532714844
0.06077615171670914
0.07485102117061615
0.06399422883987427
0.05493413656949997
0.05266834795475006
0.05530763044953346
0.05670003220438957
0.03353075683116913
0.041013725101947784
0.06183358654379845
0.030667586252093315
0.03637796640396118
0.07352229207754135
0.028059111908078194
0.028832679614424706
0.023141352459788322
0.027553291991353035
0.02567749284207821
0.028412874788045883
0.019675590097904205
0.043601203709840775
0.04343453422188759
0.015199829824268818
0.015465476550161839
0.03131977468729019
0.03079576976597309
0.02722511626780033
0.028563732281327248
0.014193146489560604
0.08445616811513901
0.01914946362376213
0.021300889551639557
0.019572235643863678
0.00923518929630518
0.00934362132102251
0.009665652178227901
0.011816667392849922
0.01812482252717018
0.014099015854299068
0.02106507495045662
0.01394654531031847
0.025484228506684303
0.012131844647228718
0.05313626676797867
no squeeze
4.892292022705078
2.394193410873413
1.9751832485198975
1.7278978824615479
1.472825050354004
1.3036173582077026
1.2344870567321777
1.1552702188491821
0.9926709532737732
0.9387494325637817
0.8478313088417053
0.8291872143745422
0.7625476121902466
0.684752881526947
0.668645977973938
0.6035230755805969
0.5841506123542786
0.5788536071777344
0.514092206954956
0.48781031370162964
0.48592644929885864
0.4262142777442932
0.42781808972358704
0.42467519640922546
0.3916562497615814
0.38102325797080994
0.3773399591445923
0.3295985758304596
0.33532166481018066
0.3127654790878296
0.3493618667125702
0.3209652304649353
0.310930073261261
0.3509599566459656
0.2967366874217987
0.2845791280269623
0.2721598446369171
0.30530276894569397
0.234775573015213
0.2587642967700958
0.25375962257385254
0.2442520409822464
0.23284010589122772
0.21143412590026855
0.24866923689842224
0.2190193384885788
0.22028742730617523
0.21042460203170776
0.20488038659095764
0.19731971621513367
0.20618465542793274
0.21973957121372223
0.19493667781352997
0.20276731252670288
0.22086453437805176
0.17064744234085083
0.20251138508319855
0.18173064291477203
0.1806231290102005
0.16055160760879517
0.1855727583169937
0.16445031762123108
0.16455867886543274
0.1649520844221115
0.17024515569210052
0.16068331897258759
0.15030477941036224
0.19504430890083313
0.15835179388523102
0.14165137708187103
0.16457907855510712
0.13814598321914673
0.16656562685966492
0.13685880601406097
0.14341935515403748
0.13768796622753143
0.13864098489284515
0.15517112612724304
0.130935400724411
0.13409340381622314
0.1395978480577469
0.1289738565683365
0.12615829706192017
0.17580179870128632
0.12036630511283875
0.13078244030475616
0.13709676265716553
0.12248360365629196
0.12116041779518127
0.1275651603937149
0.1339806765317917
0.11079266667366028
0.13047118484973907
0.10973662883043289
0.11592993885278702
0.1212126761674881
0.13980679214000702
0.09872448444366455
0.12109747529029846
0.12117195129394531
0.12808988988399506
0.10864291340112686
0.11840125173330307
0.11021436005830765
0.11291096359491348
0.11066341400146484
0.0955592468380928
0.10268335789442062
0.1149129867553711
0.10312358289957047
0.14219897985458374
0.09543989598751068
0.11103346198797226
0.09769025444984436
0.10964611917734146
0.10294482856988907
0.08988779783248901
0.08295860886573792
0.10842042416334152
0.089541494846344
0.0864943191409111
0.09016244113445282
0.10769219696521759
0.09625884145498276
0.08433901518583298
0.0905969887971878
0.11367051303386688
0.08205246925354004
0.0942712351679802
0.09329841285943985
0.09748200327157974
0.08756409585475922
0.08129478245973587
0.08719310164451599
0.10930429399013519
0.10440105944871902
0.09517715126276016
0.09396081417798996
0.08529488742351532
0.07891783118247986
0.08738354593515396
0.09135924279689789
0.08689728379249573
0.09613536298274994
0.09073828160762787
0.07875030487775803
0.08210266381502151
0.07749129831790924
0.08140219748020172
0.06537438184022903
0.07930852472782135
0.09289658814668655
0.07430706173181534
0.1130153238773346
0.09611795097589493
0.09023674577474594
0.0752282664179802
0.07738788425922394
0.0749184638261795
0.07303797453641891
no squeeze
4.757360458374023
1.5219447612762451
1.0775278806686401
0.8453719615936279
0.73454350233078
0.6030568480491638
0.5254748463630676
0.4715408682823181
0.4331870675086975
0.37912166118621826
0.33883222937583923
0.328025758266449
0.28591030836105347
0.2660585939884186
0.25134003162384033
0.25494396686553955
0.2607300579547882
0.24853314459323883
0.19926223158836365
0.1950657069683075
0.18499362468719482
0.1839507520198822
0.211051344871521
0.1625927984714508
0.1624801754951477
0.14214618504047394
0.1532997190952301
0.14341920614242554
0.15502966940402985
0.13230012357234955
0.13715536892414093
0.10929983109235764
0.10967099666595459
0.11560606956481934
0.11505455523729324
0.12343903630971909
0.11142299324274063
0.11244714260101318
0.10175855457782745
0.1037064865231514
0.10389690846204758
0.10516458749771118
0.09196511656045914
0.10082227736711502
0.08407236635684967
0.11436905711889267
0.08212043344974518
0.08062151819467545
0.07757610827684402
0.075990691781044
0.08396915346384048
0.07890303432941437
0.0801936537027359
0.06405337899923325
0.0728696808218956
0.07390612363815308
0.08069556206464767
0.09554561972618103
0.09227646887302399
0.07377589493989944
0.06910546869039536
0.057621441781520844
0.07112131267786026
0.06122417002916336
0.06534174829721451
0.05292221158742905
0.061508432030677795
0.060715608298778534
0.06842230260372162
0.05937664210796356
0.05453600734472275
0.07559876888990402
0.055282846093177795
0.0916849821805954
0.07692261785268784
0.06274164468050003
no squeeze
2.757357597351074
0.9694269299507141
0.6076817512512207
0.5656015872955322
0.6744921207427979
0.30451828241348267
0.31920483708381653
0.38515064120292664
0.2880937159061432
0.2639649510383606
0.25037622451782227
0.5075324177742004
0.4045359492301941
0.3150893747806549
0.27699756622314453
0.3138137757778168
0.5686681866645813
0.36551615595817566
0.3139406442642212
0.3662974238395691
0.23064714670181274
0.23431408405303955
0.2747804820537567
0.19771161675453186
0.38543134927749634
0.27228406071662903
0.2916349470615387
0.2041635811328888
0.4170895218849182
0.2479567527770996
0.1871551126241684
0.3032814562320709
0.23748166859149933
0.3625389039516449
0.24145062267780304
0.17360316216945648
0.2467157244682312
0.25349363684654236
0.22226843237876892
0.20356233417987823
0.18780702352523804
0.2036134898662567
0.15453006327152252
0.13553214073181152
0.3754277229309082
0.560057520866394
0.24571579694747925
0.17020033299922943
0.1749361902475357
0.3089384436607361
0.20273737609386444
0.17773133516311646
0.26930341124534607
0.2193501740694046
