no squeeze
1.7280818223953247
0.5746837258338928
0.2550995349884033
0.1327807605266571
0.07297312468290329
0.04816998913884163
0.03598879277706146
0.020924272015690804
0.013835219666361809
0.012519354932010174
0.0070476531982421875
0.005279557313770056
0.004525164142251015
0.003338745329529047
0.0026826553512364626
0.0028833060059696436
0.0024612604174762964
0.002387286862358451
0.0015206472016870975
0.0018772182520478964
0.0016467021778225899
0.001972213853150606
0.00105554168112576
0.0008383987587876618
0.0008877200307324529
0.0006911441450938582
0.0011513261124491692
0.0006014124373905361
0.0007153516635298729
0.000651669455692172
0.0008314463775604963
0.000770560116507113
0.00034900711034424603
0.0003251107409596443
0.0003516574506647885
0.0004102822858840227
0.0005805973778478801
0.0005506780580617487
0.00046920834574848413
0.0005023566773161292
0.0005786350229755044
0.00024883600417524576
0.0002268533135065809
0.0003393959777895361
0.0009356315131299198
0.004821379203349352
0.0008742742356844246
0.0004099917714484036
0.000755579152610153
0.00038012044387869537
0.0004929107963107526
0.0006174027803353965
0.0001598355156602338
0.00010614666825858876
0.00013772850797977298
0.00014663762704003602
0.00015723213437013328
0.0002183085452998057
0.00017267388466279954
0.00012186717503936961
0.0001662079303059727
0.0002820790105033666
5.189240982872434e-05
0.00012013530067633837
0.0002378586505074054
0.00042720555211417377
0.00015145765792112797
0.0009195832535624504
0.0004934149910695851
0.00016692290955688804
0.00031027160002849996
0.000233036233112216
0.0006552311242558062
no squeeze
1.5866549015045166
0.6394132375717163
0.38135504722595215
0.25436219573020935
0.1931324005126953
0.14607208967208862
0.12300363928079605
0.09949091821908951
0.08648964762687683
0.08761952072381973
0.08267616480588913
0.0674516037106514
0.07481034100055695
0.08170381188392639
0.06561707705259323
0.06636364758014679
0.05942724272608757
0.059629280120134354
0.06216718629002571
0.0636921152472496
0.05447716638445854
0.06444282084703445
0.0709185004234314
0.05041772127151489
0.06060275807976723
0.057052310556173325
0.05390544980764389
0.0440954715013504
0.05422310531139374
0.05775083974003792
0.04545671120285988
0.06768786162137985
0.049987807869911194
0.05329892039299011
0.054367318749427795
0.07019815593957901
0.045754607766866684
0.049062568694353104
no squeeze
1.9671852588653564
0.7460630536079407
0.4625200033187866
0.30279356241226196
0.2100970596075058
0.15174150466918945
0.11580360680818558
0.09322402626276016
0.07350800931453705
0.06076157093048096
0.05103117600083351
0.0431550033390522
0.03637518361210823
0.03399276360869408
0.03666500002145767
0.02979980781674385
0.02121276594698429
0.020362766459584236
0.02301512286067009
0.033436600118875504
0.0224427729845047
0.013689816929399967
0.018399553373456
0.009669811464846134
0.00759150693193078
0.006524480879306793
0.0058072698302567005
0.006744847632944584
0.006180636119097471
0.004834703169763088
0.004909807816147804
0.005842280108481646
0.004529153928160667
0.0038556025829166174
0.003461782354861498
0.008485429920256138
0.009676145389676094
0.005014331545680761
0.020253220573067665
0.004308159928768873
0.003386605763807893
0.003366695484146476
0.0051729269325733185
0.004495955538004637
0.0022344498429447412
0.0019454988650977612
0.0019005200592800975
0.0019277073442935944
0.0018859393894672394
0.0016939277993515134
0.0020079161040484905
0.001607034937478602
0.0017547104507684708
0.0016779137076810002
0.0016532536828890443
0.0031684732530266047
0.0023975311778485775
0.0037845682818442583
0.0022831507958471775
0.004377354867756367
0.03210601583123207
0.005830126814544201
no squeeze
1.7156378030776978
0.9129091501235962
0.7617542147636414
0.6448051333427429
0.5631240010261536
0.4951838254928589
0.4530194401741028
0.4016900360584259
0.3659431040287018
0.3380090594291687
0.31676456332206726
0.2862282395362854
0.2598744034767151
0.24602335691452026
0.22612635791301727
0.21139223873615265
0.19763854146003723
0.181400865316391
0.17473167181015015
0.16751375794410706
0.16222040355205536
0.1431913822889328
0.14203207194805145
0.1380213052034378
0.12485411018133163
0.12746673822402954
0.12631426751613617
0.11175040155649185
0.10916463285684586
0.10318013280630112
0.09714766591787338
0.09809470176696777
0.09583857655525208
0.09176989644765854
0.08591657131910324
0.08256244659423828
0.08134965598583221
0.08031625300645828
0.0801764726638794
0.07496971637010574
0.07469719648361206
0.07443974912166595
0.06929557770490646
0.06740964949131012
0.06942259520292282
0.06908547133207321
0.06454988569021225
0.06700874865055084
0.06403787434101105
0.06225913390517235
0.06052319332957268
0.06350013613700867
0.06296815723180771
0.058745093643665314
0.06883057206869125
0.0586824044585228
0.054791487753391266
0.05708298087120056
0.05286910757422447
0.054636672139167786
0.053131647408008575
0.04941636696457863
0.05467934533953667
0.05053209513425827
0.05802161246538162
0.05092984810471535
0.04680328816175461
0.05100595951080322
0.048578739166259766
0.04726022481918335
0.05080564692616463
0.047271594405174255
0.05442546308040619
0.048629771918058395
0.0450926311314106
0.045851968228816986
0.04372326284646988
0.04674195498228073
0.04457732290029526
0.04877610504627228
0.04468963295221329
0.044345904141664505
0.04749931022524834
0.04286181554198265
0.041478145867586136
0.04414106905460358
0.04388681799173355
0.04166209325194359
0.040557295083999634
0.04180426150560379
0.04386681690812111
0.042235635221004486
0.04270084947347641
0.03868487477302551
0.042864441871643066
0.04118175804615021
0.0424397736787796
0.042864661663770676
0.04578228294849396
0.039506036788225174
0.04295056685805321
0.044619154185056686
0.04236424341797829
0.04117881506681442
no squeeze
1.3362499475479126
0.6800667643547058
0.485662043094635
0.37269821763038635
0.2918960154056549
0.23850268125534058
0.1988547444343567
0.1892167031764984
0.1598038524389267
0.14234113693237305
0.12373466044664383
0.1173962950706482
0.1051660105586052
0.10525931417942047
0.10191875696182251
0.08369359374046326
0.08031224459409714
0.07152343541383743
0.07123146951198578
0.06519115716218948
0.07087425887584686
0.06520701199769974
0.05934789404273033
0.05463913455605507
0.05511074513196945
0.055324360728263855
0.059068046510219574
0.048578452318906784
0.05445794388651848
0.04791305586695671
0.05155932903289795
0.04554120451211929
0.04199102520942688
0.045253854244947433
0.04168034344911575
0.04683583229780197
0.03445776551961899
0.03738503158092499
0.037984926253557205
0.036929480731487274
0.03828522935509682
0.0398060567677021
0.037656597793102264
0.035546720027923584
0.029283758252859116
0.03263280913233757
0.030636610463261604
0.03865529224276543
0.03181977570056915
0.032878462225198746
0.028895551338791847
0.032393380999565125
0.026649994775652885
0.027295244857668877
0.025083454325795174
0.027006573975086212
0.02644161507487297
0.02670406736433506
0.02643970400094986
0.02772945910692215
0.02551950514316559
0.024490589275956154
0.023292625322937965
0.0238486398011446
0.027657411992549896
0.024487029761075974
0.024916768074035645
0.02785709872841835
0.02626783587038517
0.02453828975558281
0.022189971059560776
0.02010284923017025
0.027524584904313087
0.023700155317783356
0.0223374180495739
0.01961987279355526
0.019939681515097618
0.021718792617321014
0.021103382110595703
0.02178361266851425
0.018585216253995895
0.018660541623830795
0.02079045958817005
0.020637385547161102
0.02587224170565605
0.019880741834640503
0.01853811740875244
0.01812877133488655
0.019572464749217033
0.01906345598399639
0.020833196118474007
0.02025953121483326
0.017279792577028275
0.017001813277602196
0.017910003662109375
0.019284803420305252
0.017199108377099037
0.021270103752613068
0.018043598160147667
0.017569348216056824
0.018294012174010277
0.016395363956689835
0.01865377463400364
0.02081531286239624
0.017566869035363197
0.016125254333019257
0.019556250423192978
0.018357960507273674
0.01657690294086933
0.015751570463180542
0.01563171111047268
0.020440544933080673
0.01597823016345501
0.017231840640306473
0.017056236043572426
0.017611119896173477
0.015856457874178886
0.016337554901838303
0.020487943664193153
0.017790183424949646
0.014947337098419666
0.013861148618161678
0.01377497985959053
0.01481198612600565
0.014491686597466469
0.014698334969580173
0.016140256077051163
0.015780331566929817
0.01568083092570305
0.013846504501998425
0.01597297564148903
0.01367195975035429
0.014995726756751537
0.016502520069479942
0.01439546886831522
0.016064589843153954
0.0171123668551445
0.017471125349402428
0.014462333172559738
0.013588632456958294
0.013602104969322681
0.01573827676475048
0.014363064430654049
0.01894480735063553
0.012577295303344727
0.013853590004146099
0.014290631748735905
0.01353676151484251
0.014285096898674965
0.014672160148620605
0.013814741745591164
0.014268566854298115
0.012581662274897099
0.0159589983522892
0.01434838492423296
no squeeze
1.3725744485855103
0.4254564642906189
0.31307271122932434
0.2262457311153412
0.19545581936836243
0.1466892957687378
0.19594694674015045
0.23490983247756958
0.15973526239395142
0.14393605291843414
0.1462414413690567
0.1468326598405838
0.13478122651576996
0.15485797822475433
0.11695773899555206
0.15383946895599365
0.18296362459659576
0.1683102697134018
0.17557421326637268
0.13992419838905334
0.15326686203479767
0.12343565374612808
0.15911898016929626
0.11138482391834259
0.09067489951848984
0.09174605458974838
0.09836398810148239
0.11896722763776779
0.12224657833576202
0.10515501350164413
0.09196165949106216
0.08414541929960251
0.13344548642635345
0.10982219874858856
0.10605751723051071
0.1377931386232376
0.18870361149311066
0.1329846978187561
0.11048097908496857
0.13801294565200806
0.12591929733753204
0.19971007108688354
