no squeeze
220.81031799316406
97.52316284179688
76.023681640625
40.6389274597168
38.140708923339844
32.45645523071289
31.414499282836914
28.050565719604492
27.313390731811523
24.8443603515625
24.294973373413086
22.49799156188965
22.10210418701172
20.822172164916992
20.54149055480957
19.65390396118164
19.457847595214844
18.85015296936035
18.718017578125
18.308326721191406
18.225772857666016
17.942867279052734
17.88076400756836
17.69005012512207
17.649869918823242
17.525569915771484
17.50186538696289
17.407012939453125
17.382280349731445
17.31602668762207
17.2979679107666
17.25883674621582
17.249839782714844
17.214754104614258
17.207862854003906
17.18693733215332
17.184066772460938
17.163002014160156
17.15469741821289
17.149866104125977
17.153989791870117
17.14409065246582
17.13849449157715
17.123762130737305
17.12424659729004
17.118919372558594
17.115528106689453
17.119863510131836
17.110525131225586
17.109285354614258
17.10687828063965
17.111454010009766
17.09937858581543
17.09649085998535
17.104633331298828
17.09490394592285
17.09628677368164
17.100181579589844
no squeeze
221.1398162841797
114.36228942871094
92.1561508178711
42.03067398071289
36.69972610473633
24.63028335571289
22.654476165771484
17.2141056060791
16.211462020874023
13.320534706115723
12.751009941101074
11.054631233215332
10.720295906066895
9.690089225769043
9.482348442077637
8.8264741897583
8.684351921081543
8.242964744567871
8.150191307067871
7.8553385734558105
7.786480903625488
7.578492164611816
7.5299787521362305
7.378782749176025
7.339004993438721
7.220818042755127
7.194931983947754
7.100683212280273
7.07949161529541
7.0045318603515625
6.984243392944336
6.9171671867370605
6.903627872467041
6.8459649085998535
6.833477020263672
6.7814412117004395
6.768516540527344
6.7288737297058105
6.715967655181885
6.6702094078063965
6.663257122039795
6.626571178436279
6.617513179779053
6.5848069190979
6.579214572906494
6.548953533172607
6.54263162612915
6.519076824188232
6.514618396759033
6.4865827560424805
6.482612133026123
6.462099075317383
6.457974910736084
6.438743591308594
6.434212684631348
6.4208550453186035
6.416374206542969
6.406332492828369
6.4009809494018555
6.3894500732421875
6.388280391693115
6.377582550048828
6.372976779937744
6.36434268951416
6.36214017868042
6.35474157333374
6.360167980194092
6.345547199249268
6.343784332275391
6.345907688140869
6.33616828918457
6.330034255981445
6.327512264251709
6.323849201202393
6.325687885284424
6.318974494934082
6.317333221435547
6.311192035675049
6.314208030700684
6.307774066925049
6.305769443511963
6.305835247039795
6.30174446105957
6.3022847175598145
6.302057266235352
6.296331405639648
6.298030853271484
6.291952610015869
6.2918500900268555
6.29018497467041
6.290999412536621
6.290863990783691
no squeeze
220.86627197265625
101.10250854492188
79.30537414550781
39.76637649536133
36.13460159301758
27.604476928710938
26.110450744628906
21.651838302612305
20.720195770263672
17.684675216674805
17.0098819732666
14.691932678222656
14.153894424438477
12.258127212524414
11.813836097717285
10.24142837524414
9.861688613891602
8.513883590698242
8.19809627532959
7.072312355041504
6.8025312423706055
5.854833602905273
5.62881326675415
4.844213008880615
4.6581220626831055
4.014267444610596
3.8688809871673584
3.368194580078125
3.2542505264282227
2.8681910037994385
2.7806661128997803
2.4940481185913086
2.4273200035095215
2.209179639816284
2.1594276428222656
1.9948292970657349
1.9569523334503174
1.8322089910507202
1.803598403930664
1.7041728496551514
1.6811178922653198
1.6026602983474731
1.5845292806625366
1.5202680826187134
1.5057909488677979
1.452802062034607
1.441245675086975
1.3959882259368896
1.3858381509780884
1.349575161933899
1.340698480606079
1.3100730180740356
1.3026481866836548
1.2761038541793823
1.2699040174484253
1.2473781108856201
1.2423179149627686
1.2238131761550903
1.218585729598999
1.2028236389160156
1.198785424232483
1.1850535869598389
1.1817834377288818
1.1697027683258057
1.1668274402618408
1.1558014154434204
1.1538026332855225
1.144932508468628
1.1423876285552979
1.1347744464874268
1.1329500675201416
1.1260777711868286
1.1231697797775269
1.1175494194030762
1.1164710521697998
1.1106910705566406
1.109432578086853
1.103959083557129
1.102868676185608
1.0980461835861206
1.097713589668274
1.0939961671829224
1.092810034751892
1.0888029336929321
1.0880179405212402
1.0854483842849731
1.0849413871765137
1.0822477340698242
1.0810902118682861
1.0790756940841675
1.077309250831604
1.0753724575042725
1.0740745067596436
1.0729609727859497
1.0716900825500488
1.0705757141113281
1.0696250200271606
1.067017674446106
1.0670573711395264
1.0654247999191284
1.0648605823516846
1.0639545917510986
1.0627371072769165
1.0613479614257812
1.0609862804412842
1.0596182346343994
1.0586216449737549
1.0583820343017578
1.0581796169281006
1.0564846992492676
1.0564409494400024
1.0549774169921875
1.055664300918579
1.053462266921997
1.0532172918319702
1.0524723529815674
1.052526831626892
1.051247477531433
1.0519107580184937
1.050833821296692
1.0500222444534302
1.0496017932891846
1.0493481159210205
1.0486669540405273
1.0492132902145386
1.0485508441925049
1.048039436340332
1.0466423034667969
1.0462050437927246
1.0460656881332397
1.046034336090088
1.0455565452575684
1.0455251932144165
1.0454027652740479
1.0450037717819214
1.0448729991912842
1.0443224906921387
1.0434361696243286
1.0437779426574707
1.0424916744232178
1.0432140827178955
1.0425769090652466
no squeeze
223.453857421875
173.9907989501953
158.2122344970703
97.20886993408203
85.84650421142578
62.099063873291016
58.724769592285156
49.87932205200195
48.28114700317383
43.530235290527344
42.59048843383789
39.56801223754883
38.920570373535156
36.76919174194336
36.27332305908203
34.6219596862793
34.237083435058594
32.903076171875
32.59054946899414
31.48478126525879
31.21993637084961
30.27021026611328
30.036874771118164
29.200702667236328
29.009178161621094
28.27421760559082
28.080053329467773
27.398117065429688
27.23348045349121
26.598440170288086
26.441621780395508
25.846803665161133
25.698637008666992
25.139814376831055
24.988018035888672
24.44986915588379
24.317996978759766
23.80982780456543
23.68133544921875
23.199495315551758
23.059301376342773
22.591960906982422
22.463838577270508
22.018596649169922
21.896146774291992
21.462608337402344
21.349252700805664
20.93126106262207
20.817790985107422
20.429014205932617
20.32416343688965
19.950435638427734
19.84980583190918
19.4835147857666
19.3990535736084
19.07172203063965
18.97819709777832
18.674327850341797
18.581838607788086
18.28044891357422
18.205188751220703
17.92477035522461
17.85226821899414
17.593982696533203
17.528047561645508
17.287919998168945
17.227506637573242
17.0194091796875
16.956241607666016
16.7595157623291
16.698442459106445
16.5195255279541
16.464597702026367
16.29509925842285
16.25135612487793
16.093137741088867
16.059141159057617
15.909382820129395
15.875019073486328
15.75026798248291
15.708378791809082
15.600025177001953
15.556035041809082
15.46455192565918
15.423626899719238
15.33698558807373
15.312093734741211
15.221519470214844
15.18994426727295
15.12363052368164
15.093953132629395
15.021623611450195
15.00293254852295
14.932124137878418
14.91064167022705
14.858513832092285
14.832538604736328
14.773954391479492
14.763958930969238
14.716268539428711
14.697267532348633
14.647176742553711
14.633224487304688
14.596199035644531
14.579352378845215
14.539100646972656
14.520397186279297
14.468972206115723
14.461820602416992
14.4349365234375
14.432171821594238
14.391319274902344
14.378506660461426
14.342459678649902
14.34504222869873
14.304352760314941
14.29443645477295
14.256206512451172
14.242460250854492
14.207695960998535
14.213582038879395
14.176060676574707
14.162551879882812
14.152083396911621
14.146824836730957
14.104195594787598
14.086226463317871
14.072258949279785
14.060461044311523
14.055535316467285
14.047957420349121
14.031778335571289
14.011948585510254
13.994552612304688
13.993200302124023
13.960920333862305
13.952629089355469
13.93107795715332
13.921513557434082
13.912393569946289
13.898655891418457
13.884085655212402
13.873485565185547
13.855048179626465
13.853580474853516
13.841002464294434
13.838924407958984
13.812413215637207
13.804676055908203
13.798196792602539
13.776178359985352
13.772506713867188
13.756637573242188
13.75500774383545
13.746854782104492
13.726323127746582
13.731694221496582
13.71201229095459
13.70724868774414
13.696014404296875
13.684060096740723
13.672856330871582
13.675806999206543
13.66174030303955
13.6514892578125
13.631486892700195
13.637451171875
13.630213737487793
13.615928649902344
13.621682167053223
13.617802619934082
13.592227935791016
13.597066879272461
13.576054573059082
13.563966751098633
13.5711030960083
13.556272506713867
13.555865287780762
13.553947448730469
13.531929969787598
13.52568531036377
13.520398139953613
13.522383689880371
13.5181245803833
13.505306243896484
13.502415657043457
13.489396095275879
13.486414909362793
13.490838050842285
13.480274200439453
13.467550277709961
13.462259292602539
13.456720352172852
13.466933250427246
13.454610824584961
13.472199440002441
13.454451560974121
13.430811882019043
13.433816909790039
13.447392463684082
no squeeze
221.53543090820312
145.77627563476562
128.29232788085938
76.34568786621094
68.23906707763672
50.37519836425781
47.684791564941406
40.28840255737305
38.861305236816406
34.496482849121094
33.607635498046875
30.747716903686523
30.136398315429688
28.12581443786621
27.67631721496582
26.166236877441406
25.818918228149414
24.646076202392578
24.372230529785156
23.45130157470703
23.229352951049805
22.46898078918457
22.293153762817383
21.681133270263672
21.537988662719727
21.021564483642578
20.902057647705078
20.465822219848633
20.36172866821289
19.988086700439453
19.902301788330078
19.57994842529297
19.509178161621094
19.23084259033203
19.152620315551758
18.92116928100586
18.85726547241211
18.65138053894043
18.591114044189453
18.41053581237793
18.358360290527344
18.190391540527344
18.151344299316406
18.001483917236328
17.965068817138672
17.830570220947266
17.80010414123535
17.680583953857422
17.64665412902832
17.545576095581055
17.51403045654297
17.41429328918457
17.387495040893555
17.313377380371094
17.28343391418457
17.2154598236084
17.193702697753906
17.130332946777344
17.12000846862793
17.050289154052734
17.028852462768555
16.967723846435547
16.953100204467773
16.91158676147461
16.886314392089844
16.836563110351562
16.827482223510742
16.799785614013672
16.78043556213379
16.74388885498047
16.734121322631836
16.69481086730957
16.6769962310791
16.649873733520508
16.632761001586914
16.602127075195312
16.59829330444336
16.582624435424805
16.56428337097168
16.536571502685547
16.52970314025879
16.52330780029297
16.49615478515625
16.47337532043457
16.467086791992188
16.471128463745117
16.439897537231445
16.420835494995117
16.418752670288086
16.41351890563965
16.40304183959961
16.374971389770508
16.37428855895996
16.358844757080078
16.361064910888672
16.344646453857422
16.347217559814453
16.32710075378418
16.32478904724121
16.302297592163086
16.310657501220703
16.29668617248535
16.283376693725586
16.262531280517578
16.271570205688477
16.26686668395996
no squeeze
211.68930053710938
66.29486846923828
58.08010482788086
46.15678787231445
44.62297821044922
40.82368469238281
40.218021392822266
38.716636657714844
38.49346160888672
37.94676208496094
37.869991302490234
37.6955451965332
37.66625213623047
37.6072998046875
37.606746673583984
37.57978820800781
37.57518005371094
37.572086334228516
37.565574645996094
37.5692024230957
37.566768646240234
37.56767272949219
