no squeeze
381.3120422363281
155.41612243652344
111.21691131591797
29.85820770263672
24.429996490478516
13.417820930480957
11.727309226989746
7.3907389640808105
6.64573335647583
4.564939975738525
4.178740978240967
3.0391390323638916
2.8126823902130127
2.1232500076293945
1.9837162494659424
1.5519700050354004
1.4621295928955078
1.1738332509994507
1.112585186958313
0.9163942933082581
0.8732357025146484
0.7255174517631531
0.6929853558540344
0.5841568112373352
0.5599923729896545
0.474730908870697
0.45527154207229614
0.3885861039161682
0.3734736442565918
0.32016971707344055
0.3076835572719574
0.2641445994377136
0.2541283369064331
0.2190384566783905
0.21091210842132568
0.18249574303627014
0.17592602968215942
0.15244464576244354
0.14726193249225616
0.1282120794057846
0.12388992309570312
0.10808928310871124
0.10433638095855713
0.09143703430891037
0.08854879438877106
0.07800998538732529
0.07555228471755981
0.06679955124855042
0.06480585783720016
0.05765219032764435
0.056013740599155426
0.05011361464858055
0.04881942644715309
0.04389362782239914
0.04273639991879463
0.03886701166629791
0.03783296421170235
0.03450680896639824
0.03374633565545082
0.03108651004731655
0.030378621071577072
0.028183044865727425
0.02761111408472061
0.02571708709001541
0.025348898023366928
0.023872405290603638
0.023475846275687218
0.022226247936487198
0.022187067195773125
0.020762939006090164
0.02070622332394123
0.01991013064980507
0.019594306126236916
0.018926408141851425
0.018724311143159866
0.018197301775217056
0.017973002046346664
0.01770913228392601
0.017388295382261276
0.017097583040595055
0.01701919175684452
0.016540231183171272
0.016542617231607437
0.01641625352203846
0.016176283359527588
0.01604555733501911
0.01597786694765091
0.0157955139875412
0.015651477500796318
0.015431920066475868
0.015496164560317993
0.015356423333287239
0.015279652550816536
0.015096507966518402
0.015193560160696507
0.015035903081297874
0.015083723701536655
0.015119747258722782
no squeeze
382.6377868652344
165.45909118652344
120.7344741821289
31.16546630859375
24.782392501831055
14.951980590820312
13.860495567321777
11.356804847717285
10.949601173400879
9.775859832763672
9.552994728088379
8.858795166015625
8.71737289428711
8.276715278625488
8.183446884155273
7.8918843269348145
7.829590797424316
7.634265422821045
7.591084957122803
7.457921504974365
7.4295654296875
7.332968235015869
7.311618328094482
7.244941234588623
7.228447437286377
7.1813273429870605
7.167613506317139
7.132937908172607
7.125308513641357
7.095511436462402
7.094664573669434
7.076568126678467
7.068574905395508
7.052468776702881
7.045928478240967
7.038002014160156
7.029470443725586
7.019204616546631
7.015875339508057
7.00877571105957
7.0080718994140625
7.005616188049316
6.998150825500488
6.990626811981201
6.9888458251953125
6.9864091873168945
6.9840617179870605
6.984064102172852
6.981145858764648
6.978138446807861
6.977889537811279
6.972603797912598
6.972550868988037
6.974920272827148
6.9772467613220215
6.96790885925293
6.969544887542725
6.9677019119262695
6.9669389724731445
6.966461658477783
6.967835426330566
6.9609856605529785
6.965640544891357
6.966670989990234
no squeeze
385.3931884765625
257.0158996582031
220.21250915527344
87.3862533569336
64.19110870361328
22.620384216308594
19.088560104370117
12.838329315185547
11.986522674560547
9.517683982849121
9.042017936706543
7.526864051818848
7.196712970733643
6.101071834564209
5.875362396240234
5.079399585723877
4.9028825759887695
4.290544033050537
4.144687652587891
3.6359550952911377
3.524688243865967
3.100876569747925
3.0150327682495117
2.6946394443511963
2.6089885234832764
2.309857130050659
2.2448360919952393
2.002878427505493
1.9461051225662231
1.7393245697021484
1.6939759254455566
1.5242893695831299
1.483622670173645
1.3358708620071411
1.301007628440857
1.1765739917755127
1.1468474864959717
1.0413047075271606
1.0160813331604004
0.9246709942817688
0.9029346704483032
0.82505202293396
0.8059378266334534
0.7368096113204956
0.7207661271095276
0.6618362665176392
0.6476690173149109
0.5960447788238525
0.5836430191993713
0.5386006832122803
0.5275013446807861
0.4874671697616577
0.4778158962726593
0.44276076555252075
0.43407508730888367
0.4031665027141571
0.3955012261867523
0.3679567277431488
0.36097291111946106
0.33648478984832764
0.3304176926612854
0.30864518880844116
0.30324187874794006
0.2838628590106964
0.2790360748767853
0.26167187094688416
0.2573431134223938
0.24145986139774323
0.2378576397895813
0.22401322424411774
0.22048774361610413
0.20796121656894684
0.20495140552520752
0.19370239973068237
0.19107241928577423
0.18094705045223236
0.1784750372171402
0.1696539968252182
0.16733315587043762
0.158989816904068
0.15696249902248383
0.15027420222759247
0.14820626378059387
0.14138635993003845
0.13968169689178467
0.13344617187976837
0.13196200132369995
0.12672115862369537
0.125255286693573
0.11990410834550858
0.11862844228744507
0.11444168537855148
0.11306968331336975
0.10843796283006668
0.10736014693975449
0.10333599895238876
0.10250917822122574
0.09883224964141846
0.09815171360969543
0.09454398602247238
0.09398957341909409
0.09056802093982697
0.0898081511259079
0.08698433637619019
0.08622562885284424
0.08352754265069962
0.08276992291212082
0.0801476538181305
0.07948455959558487
0.07703323662281036
0.07641471922397614
0.07411103695631027
0.0735294446349144
0.07141188532114029
0.07093106955289841
0.06901295483112335
0.06862760335206985
0.06675208359956741
0.06622949987649918
0.06431949883699417
0.06370959430932999
0.06198086217045784
0.061500705778598785
0.060007911175489426
0.05960598960518837
0.05783494561910629
0.05756913870573044
0.0563003309071064
0.05579918622970581
0.054651327431201935
0.054116811603307724
0.052687644958496094
0.05223480612039566
0.050992757081985474
0.05065508186817169
0.04955229163169861
0.04911704733967781
0.04781503975391388
0.04766582325100899
0.046471983194351196
0.046113271266222
0.04495341330766678
0.04476011171936989
0.04367047920823097
0.04349556937813759
0.042580924928188324
0.042258746922016144
0.041142646223306656
0.040926262736320496
0.04006408527493477
0.039837390184402466
0.0391138419508934
0.03881010413169861
0.037969861179590225
0.037675805389881134
0.03696586564183235
0.036674875766038895
0.03574937954545021
0.03559843450784683
0.034845273941755295
0.03475511074066162
0.0339588038623333
0.03378370404243469
0.0330219529569149
0.032810505479574203
0.0321282297372818
0.03191942349076271
0.03128548339009285
0.031134599819779396
0.030539002269506454
0.030431367456912994
0.02981281653046608
0.02960546314716339
0.028967848047614098
0.028801726177334785
0.028221897780895233
0.02810904197394848
0.027583949267864227
0.02744542993605137
0.026908360421657562
0.02685742825269699
0.02634303830564022
0.026187799870967865
0.025724809616804123
0.025565262883901596
0.025123482570052147
0.024951165542006493
0.024539191275835037
0.024375341832637787
0.023999035358428955
0.02395642362535
0.023635422810912132
0.023465344682335854
0.022990817204117775
0.022942667827010155
0.02251102775335312
0.022416457533836365
0.02202209085226059
0.021904803812503815
0.021558033302426338
no squeeze
385.91802978515625
314.9707336425781
290.2025146484375
175.6365966796875
147.59805297851562
81.8045425415039
74.15961456298828
55.87204360961914
52.70634460449219
43.41933822631836
41.583030700683594
35.70703887939453
34.44319534301758
30.334945678710938
29.42974853515625
26.368179321289062
25.695438385009766
23.37909698486328
22.85955810546875
21.071712493896484
20.663188934326172
19.292430877685547
18.981151580810547
17.897119522094727
17.64006996154785
16.80686378479004
16.62303352355957
15.91818904876709
15.770501136779785
15.232233047485352
15.104095458984375
14.674273490905762
14.580195426940918
14.202134132385254
14.138360023498535
13.804893493652344
13.731310844421387
13.462508201599121
13.41486644744873
13.156521797180176
13.1268310546875
12.886482238769531
12.830470085144043
12.635321617126465
12.578253746032715
12.390645980834961
12.34655475616455
12.161463737487793
12.115660667419434
11.936744689941406
11.908588409423828
11.749731063842773
11.682518005371094
11.522876739501953
11.481573104858398
11.318451881408691
11.273456573486328
11.122923851013184
11.080184936523438
10.925331115722656
10.878654479980469
10.726421356201172
10.686250686645508
10.540063858032227
10.509353637695312
10.357678413391113
10.314711570739746
10.187806129455566
10.136298179626465
10.105170249938965
9.967970848083496
9.879572868347168
9.788111686706543
9.658367156982422
9.615781784057617
9.496818542480469
9.452349662780762
9.333357810974121
9.296773910522461
9.176018714904785
9.16490650177002
9.021883010864258
8.994743347167969
8.881729125976562
8.853592872619629
8.747942924499512
8.714371681213379
8.614113807678223
8.585968017578125
8.49114990234375
8.47074031829834
8.376934051513672
8.348776817321777
8.268575668334961
8.243083000183105
8.182036399841309
8.149346351623535
8.062871932983398
8.047449111938477
7.9743218421936035
7.955092430114746
7.892674922943115
7.87122917175293
7.808117389678955
7.787176132202148
7.730020999908447
7.712527751922607
7.653668403625488
7.640295028686523
7.5887627601623535
7.577912330627441
7.521548748016357
7.5033392906188965
7.457058906555176
7.440858364105225
7.390791416168213
7.3765387535095215
7.328571319580078
7.314717769622803
7.274040699005127
7.255021572113037
7.214563369750977
7.2001872062683105
7.155220985412598
7.144046783447266
7.0985002517700195
7.095638751983643
7.0487565994262695
7.035768985748291
6.99806022644043
6.982108116149902
6.945057392120361
6.935144424438477
6.897730350494385
6.882504940032959
6.8447065353393555
6.830723285675049
6.79722785949707
6.787026882171631
6.747481822967529
6.738539695739746
6.70920467376709
6.6946001052856445
6.66090202331543
6.653860092163086
6.618914604187012
6.605443477630615
6.582662105560303
6.566793441772461
6.5524749755859375
6.525578022003174
6.499748706817627
6.490751266479492
6.459522724151611
6.449736595153809
6.4258527755737305
6.414739608764648
6.3913960456848145
6.382187843322754
6.358826637268066
6.352219581604004
6.322480201721191
6.31270694732666
6.2908124923706055
6.280436038970947
6.259763717651367
6.248661994934082
6.229988098144531
6.220683574676514
6.197772026062012
6.191728591918945
6.170063018798828
6.179100513458252
6.143976211547852
6.1445136070251465
6.115464687347412
6.116723537445068
6.099110126495361
6.091757297515869
6.0713605880737305
6.0622239112854
6.045658588409424
6.043747901916504
6.0200395584106445
6.0139336585998535
5.997827053070068
5.990462303161621
5.9817023277282715
5.973048686981201
5.956166744232178
5.964297294616699
5.944696426391602
5.928842544555664
5.913854122161865
5.9099578857421875
5.9006500244140625
5.895635604858398
5.877323150634766
5.8736467361450195
5.8651604652404785
no squeeze
381.90985107421875
209.15122985839844
168.6475372314453
61.03828811645508
48.56863021850586
28.92306137084961
26.426942825317383
19.9955997467041
18.851234436035156
15.552282333374023
14.91028118133545
13.000642776489258
12.616353988647461
11.43576431274414
11.190323829650879
10.40857219696045
10.237923622131348
9.686625480651855
9.564995765686035
9.15735149383545
9.063882827758789
8.752951622009277
8.682454109191895
8.442749977111816
8.386175155639648
8.201096534729004
8.152355194091797
7.999326229095459
7.9610185623168945
7.835704326629639
7.803577899932861
7.6970953941345215
7.671952724456787
7.585457801818848
7.561911106109619
7.491726398468018
7.4666032791137695
7.40214729309082
7.384939193725586
7.323458671569824
7.309395790100098
7.257126808166504
7.246336936950684
7.196950912475586
7.1829681396484375
7.138916015625
7.129288196563721
7.089953899383545
7.077792167663574
7.041659355163574
7.031993389129639
6.998776912689209
6.986072063446045
6.956422328948975
6.946724891662598
6.9200119972229
6.910035610198975
6.880380630493164
6.871140480041504
6.844536304473877
6.841169834136963
6.812680721282959
6.8053693771362305
6.783589839935303
6.7752275466918945
6.7526750564575195
6.744609832763672
6.721390247344971
6.719137668609619
6.6992363929748535
6.688520908355713
6.667539119720459
6.662303447723389
6.64474630355835
6.638645172119141
6.618510723114014
6.6118903160095215
6.5997796058654785
6.592843532562256
6.570950984954834
6.566074848175049
6.555992126464844
6.5457282066345215
6.530513763427734
6.527187824249268
6.511656284332275
6.505824565887451
6.491662979125977
6.485013961791992
6.471460819244385
6.4694108963012695
6.4535675048828125
6.446541786193848
6.435061931610107
6.430732250213623
6.419667720794678
6.413690090179443
6.405455589294434
6.396389007568359
6.384913921356201
6.3815598487854
6.370334148406982
6.367278575897217
6.356100559234619
6.350391864776611
6.340176105499268
6.3344526290893555
6.324197292327881
6.322840213775635
6.311286449432373
6.308015823364258
6.295070648193359
6.295625686645508
6.282413959503174
6.278416633605957
6.262598991394043
6.26417875289917
6.260026454925537
6.258376598358154
6.240886688232422
6.2410430908203125
6.232725620269775
6.228738307952881
6.217730522155762
6.215893268585205
6.212000846862793
6.204422950744629
6.193928241729736
6.193967819213867
6.195338726043701
no squeeze
375.9064025878906
69.21459197998047
43.551513671875
22.38224983215332
20.975975036621094
19.028993606567383
18.84376335144043
18.51296043395996
18.491619110107422
18.412494659423828
18.40656280517578
18.3892765045166
18.390518188476562
18.3778076171875
18.386005401611328
18.37841033935547
