no squeeze
47.975032806396484
12.650838851928711
10.351400375366211
6.2459306716918945
5.63601541519165
4.022093296051025
3.733517646789551
2.93281626701355
2.78706431388855
2.3964855670928955
2.323629140853882
2.1353464126586914
2.1024632453918457
2.0177628993988037
2.00223708152771
1.9742299318313599
1.9615753889083862
1.9402985572814941
1.9366906881332397
1.9288407564163208
1.9312657117843628
1.9210761785507202
1.9195610284805298
1.921506643295288
1.9196528196334839
1.917029857635498
1.9179657697677612
1.9157298803329468
1.9138480424880981
1.9203574657440186
1.9172186851501465
1.9102678298950195
1.9106760025024414
1.9161547422409058
no squeeze
46.69601058959961
10.225713729858398
9.21677017211914
6.538328647613525
6.109344005584717
4.859335899353027
4.614939212799072
3.8020083904266357
3.634359836578369
3.1121714115142822
3.017655611038208
2.758551836013794
2.7132561206817627
2.599336624145508
2.5848612785339355
2.53574275970459
2.526913642883301
2.5118939876556396
2.507230520248413
2.5002927780151367
2.4997575283050537
2.4960720539093018
2.498227834701538
2.4925625324249268
2.492704391479492
2.495234727859497
no squeeze
47.46464538574219
14.788196563720703
11.008745193481445
5.473001003265381
4.760143280029297
2.9798319339752197
2.6708664894104004
1.8002692461013794
1.6370469331741333
1.1625585556030273
1.0708612203598022
0.8050217628479004
0.7536469101905823
0.6017500758171082
0.5719819664955139
0.47936421632766724
0.46010714769363403
0.40122437477111816
0.38870349526405334
0.34866827726364136
0.3397526443004608
0.3106384873390198
0.30466893315315247
0.28372693061828613
0.27891209721565247
0.2634658217430115
0.2598856985569
0.24772438406944275
0.24498465657234192
0.2356899380683899
0.233595609664917
0.22607354819774628
0.2245987504720688
0.21888549625873566
0.21759343147277832
0.21252505481243134
0.21144069731235504
0.2079290896654129
0.20686866343021393
0.20373044908046722
0.20301015675067902
0.2000121772289276
0.19936209917068481
0.1971113085746765
0.19672313332557678
0.19440250098705292
0.193939208984375
0.19215458631515503
0.19191384315490723
0.19051210582256317
0.18999336659908295
0.18897683918476105
0.1886533498764038
0.18757164478302002
0.1872553676366806
0.1863049566745758
0.1860053688287735
0.1850033700466156
0.18476125597953796
0.1840045005083084
0.18386492133140564
0.1833636462688446
0.18321137130260468
0.18253248929977417
0.18229791522026062
0.18198658525943756
0.1819254755973816
0.18125538527965546
0.18130162358283997
0.18060441315174103
0.18058699369430542
0.18026041984558105
0.1802523285150528
0.17982341349124908
0.17969651520252228
0.1794138252735138
0.17951487004756927
0.17895983159542084
0.17910197377204895
0.17883913218975067
0.17892064154148102
0.17854708433151245
0.17835192382335663
0.17853766679763794
0.17836415767669678
0.17823293805122375
0.17806284129619598
0.17784273624420166
0.1775740534067154
0.177762970328331
0.17807869613170624
0.17758430540561676
no squeeze
48.602012634277344
29.035743713378906
25.234956741333008
17.192415237426758
16.12238311767578
13.558608055114746
13.135643005371094
11.937121391296387
11.698701858520508
10.952973365783691
10.794754981994629
10.270158767700195
10.156665802001953
9.763550758361816
9.677517890930176
9.371358871459961
9.288639068603516
9.040379524230957
8.983724594116211
8.77195930480957
8.72131061553955
8.540077209472656
8.497597694396973
8.374255180358887
8.342291831970215
8.147200584411621
8.114546775817871
7.9733967781066895
7.9426960945129395
7.817010879516602
7.772787570953369
7.634849548339844
7.59841251373291
7.473321437835693
7.510089874267578
7.30804443359375
7.274807929992676
7.1360249519348145
7.112318992614746
6.968046188354492
6.942027568817139
6.776276111602783
6.725667476654053
6.589595794677734
6.530721664428711
6.364834308624268
6.3180317878723145
6.153306484222412
6.1039838790893555
5.93363618850708
5.878702640533447
5.695710182189941
5.6461710929870605
5.470253944396973
5.4114298820495605
5.2373738288879395
5.1873698234558105
5.023370742797852
4.9779558181762695
4.835476398468018
4.804900646209717
4.725686550140381
4.664793014526367
4.572323322296143
4.554541110992432
4.479673385620117
4.47668981552124
4.408384323120117
4.403071403503418
4.358147144317627
4.350353240966797
4.323766231536865
4.314535617828369
4.288066864013672
4.2835774421691895
4.259274005889893
4.2549543380737305
4.241950511932373
4.245365619659424
4.2202019691467285
4.213528156280518
4.201384544372559
4.208166599273682
4.180542469024658
4.176721572875977
4.1638407707214355
4.160722255706787
4.146247863769531
4.153383255004883
4.131139755249023
4.14443826675415
4.118862628936768
4.11597204208374
4.123916149139404
4.101706027984619
4.087465286254883
4.085483074188232
4.069664001464844
4.066327095031738
4.053701877593994
4.0539350509643555
4.0394463539123535
4.041501045227051
4.033741474151611
4.02945613861084
4.019656658172607
4.0107550621032715
3.997512102127075
3.9971892833709717
3.987257242202759
3.9826014041900635
3.979031562805176
3.970822811126709
3.971088409423828
3.9598777294158936
3.9489657878875732
3.9679970741271973
3.9592361450195312
no squeeze
47.35374069213867
19.000621795654297
16.70709228515625
12.273990631103516
11.632570266723633
9.933849334716797
9.61571979522705
8.589410781860352
8.387267112731934
7.709284782409668
7.559390544891357
7.054807186126709
6.94007682800293
6.551837921142578
6.4620208740234375
6.143838405609131
6.063979625701904
5.803466796875
5.732182502746582
5.5055928230285645
5.437585830688477
5.235584735870361
5.190065860748291
5.018316745758057
4.975419998168945
4.830728054046631
4.80010986328125
4.685333728790283
4.6515350341796875
4.574365615844727
4.5468220710754395
4.480478286743164
4.456418991088867
4.400229454040527
4.3914313316345215
4.3482794761657715
4.34177827835083
4.308132648468018
4.3020830154418945
4.272817611694336
4.266958713531494
4.240016937255859
4.252435684204102
4.220936298370361
4.21363639831543
4.197306156158447
4.20231819152832
4.180246353149414
4.1795220375061035
4.159736633300781
4.187986373901367
4.149740219116211
4.1461920738220215
4.136422634124756
4.1302032470703125
4.130581378936768
4.119960308074951
4.125687599182129
4.107830047607422
4.10097074508667
4.096917152404785
4.0893707275390625
4.08519983291626
4.084024906158447
4.091071128845215
4.071650505065918
4.090972900390625
4.071517467498779
4.0828094482421875
4.063405990600586
4.0638017654418945
4.047252178192139
4.048872947692871
4.0410871505737305
4.036160469055176
4.0372724533081055
4.041472434997559
4.03476095199585
4.026711463928223
4.02207612991333
4.021416187286377
4.017385482788086
4.018160343170166
4.017147541046143
4.014842987060547
4.00571346282959
4.017421245574951
4.0036492347717285
4.018856525421143
3.9949285984039307
3.989267349243164
3.9876105785369873
3.9884908199310303
3.984830379486084
3.9872806072235107
3.9811384677886963
3.9888174533843994
3.975492477416992
3.9745357036590576
3.992588520050049
3.9758150577545166
3.9670639038085938
3.9688217639923096
3.9664933681488037
3.9641644954681396
3.9807991981506348
3.9703519344329834
3.955349922180176
3.972393035888672
3.962221145629883
no squeeze
44.24152755737305
11.089386940002441
10.319756507873535
9.7697114944458
9.698046684265137
9.6922607421875
9.714740753173828
9.650111198425293
9.655767440795898
9.6628999710083
