no squeeze
1.9777060747146606
0.05474623665213585
0.028156742453575134
0.004517576657235622
0.00349283404648304
0.002279335865750909
0.002192714484408498
0.002059050602838397
0.0020552061032503843
0.0020014531910419464
0.0019913585856556892
0.0019552712328732014
0.0019465372897684574
0.0019315513782203197
0.0019225147552788258
0.0018946718191727996
0.0018923761090263724
0.0018833937356248498
0.0018893921514973044
0.0018725284608080983
0.0018682011868804693
0.001855409238487482
0.001857397030107677
0.0018614960135892034
no squeeze
1.998725175857544
0.058583006262779236
0.03421221673488617
0.012986776418983936
0.01210698951035738
0.010857553221285343
0.010831860825419426
0.010563164949417114
0.010563572868704796
0.010354476980865002
0.010298987850546837
0.010346472263336182
0.010320738889276981
0.010303759947419167
no squeeze
2.2076518535614014
0.14428174495697021
0.09938782453536987
0.0385766439139843
0.03250546008348465
0.01924358494579792
0.01731717586517334
0.012084182351827621
0.011236215010285378
0.008482313714921474
0.007991820573806763
0.006495708134025335
0.006115116644650698
0.005171980243176222
0.00495098577812314
0.004302373621612787
0.004172171466052532
0.003716464852914214
0.0036656945012509823
0.0033462720457464457
0.0032768850214779377
0.003067892510443926
0.003022987162694335
0.002856721170246601
0.0028281447011977434
0.0027162516489624977
0.0027007125318050385
0.002592054894194007
0.0025666619185358286
0.0024964630138128996
0.0024622089695185423
0.0023991866037249565
0.002399948425590992
0.0023195322137326
0.002321571111679077
0.0022760555148124695
0.002275465987622738
0.002223965246230364
0.002219132147729397
0.0021839416585862637
0.002176824025809765
0.0021386086009442806
0.002160930074751377
0.002115407260134816
0.002104757586494088
0.0020751701667904854
0.0020715417340397835
0.0020488135050982237
0.0020362166687846184
0.002025413326919079
0.002029803581535816
0.0020031114108860493
0.002002239925786853
0.00198462326079607
0.001986008370295167
0.001959844259545207
0.0019654405768960714
0.0019436153816059232
0.0019500332418829203
0.0019428650848567486
0.0019448779057711363
0.0019180888775736094
0.0019154142355546355
0.001930209924466908
0.001918825670145452
0.0019055671291425824
0.001908697304315865
0.0019109429558739066
no squeeze
2.4059014320373535
0.3507060706615448
0.2807946503162384
0.17468145489692688
0.16309712827205658
0.1315838247537613
0.12523579597473145
0.10639076679944992
0.10244537144899368
0.0892956331372261
0.08678574115037918
0.07591094076633453
0.07396098971366882
0.06618542224168777
0.0641307532787323
0.05778796225786209
0.05629129707813263
0.05105656757950783
0.04998277500271797
0.04694603756070137
0.044945962727069855
0.041587140411138535
0.04067877307534218
0.03810679912567139
0.037839896976947784
0.035364825278520584
0.0344020314514637
0.03277480974793434
0.0324968658387661
0.03086753934621811
0.030502716079354286
0.02955140732228756
0.029334979131817818
0.02839159034192562
0.028566382825374603
0.02805711328983307
0.02770337462425232
0.027191761881113052
0.02742701768875122
0.026671288534998894
0.02649730257689953
0.026311038061976433
0.02636842243373394
0.026250764727592468
0.025934508070349693
0.025909341871738434
0.025743668898940086
0.025227759033441544
0.025096146389842033
0.02496492862701416
0.02530599571764469
0.024630330502986908
0.024447059258818626
0.02445060759782791
0.02426397241652012
0.02386104129254818
0.02383466623723507
0.023447999730706215
0.023355768993496895
0.02300884574651718
0.022807080298662186
0.022503012791275978
0.022558480501174927
0.022021086886525154
0.021967167034745216
0.021501217037439346
0.021372312679886818
0.021007103845477104
0.02092008665204048
0.020236147567629814
0.02008913643658161
0.01939789392054081
0.019267847761511803
0.0186760351061821
0.018020303919911385
0.01715121418237686
0.016937652602791786
0.015855515375733376
0.015534235164523125
0.014509780332446098
0.01438949629664421
0.01347334310412407
0.01331033930182457
0.012614752165973186
0.012416701763868332
0.01203823834657669
0.011932451277971268
0.011674793437123299
0.011664729565382004
0.011451879516243935
0.011443670839071274
0.011352121829986572
0.011309740133583546
0.011268657632172108
0.011226344853639603
0.011253929696977139
0.011212794110178947
0.011143426410853863
0.011121779680252075
0.011078105308115482
0.011089724488556385
0.011061432771384716
0.010986938141286373
0.011027269065380096
0.011030031368136406
0.011061414144933224
no squeeze
2.327089309692383
0.1927102655172348
0.13952189683914185
0.06737440824508667
0.060027964413166046
0.04346330836415291
0.04079617187380791
0.033331338316202164
0.031829968094825745
0.027232348918914795
0.026262862607836723
0.023048024624586105
0.022451477125287056
0.01989479921758175
0.01940067484974861
0.01756933145225048
0.017151130363345146
0.0156856682151556
0.01536567322909832
0.014258920215070248
0.013989539816975594
0.013210572302341461
0.013022820465266705
0.012409943155944347
0.012253664433956146
0.011779703199863434
0.011700154282152653
0.011400999501347542
0.01132724154740572
0.011064513586461544
0.011059853248298168
0.01085688453167677
0.010900876484811306
0.010616659186780453
0.010635639540851116
0.01053078006953001
0.010470123030245304
0.010469683445990086
0.01043012272566557
0.010316809639334679
0.01030654925853014
0.010253394022583961
0.010259446687996387
0.010194402188062668
0.010226801969110966
0.010269522666931152
no squeeze
2.3409922122955322
0.07025830447673798
0.048165157437324524
0.03482873737812042
0.03457538038492203
0.03412967175245285
0.03388407453894615
0.03331167250871658
0.03528571501374245
0.03384999558329582
