no squeeze
12.501163482666016
3.3859331607818604
1.6511814594268799
0.7381198406219482
0.5153738856315613
0.4380491077899933
0.19029474258422852
0.15962746739387512
0.1752522885799408
0.10248769074678421
0.07755064964294434
0.12755300104618073
0.10296685248613358
0.15296201407909393
0.08887043595314026
0.0766068771481514
0.040103185921907425
0.009649310261011124
0.04706258326768875
0.02364972047507763
0.12090768665075302
0.06882177293300629
0.06107543408870697
0.028339983895421028
0.02813657559454441
0.09801638126373291
0.032939936965703964
0.027240866795182228
no squeeze
13.808457374572754
3.8959619998931885
2.2445878982543945
1.5323710441589355
1.0677094459533691
0.9192890524864197
0.8888949155807495
0.6889346837997437
0.6445388793945312
0.5845971703529358
0.5241392254829407
0.6062223315238953
0.5957012176513672
0.558744490146637
0.5196025967597961
0.44833844900131226
0.5206818580627441
0.48625004291534424
0.5548117756843567
0.5439668893814087
0.36715763807296753
0.4666457772254944
0.4392582178115845
0.4324036240577698
0.5016267895698547
0.4775885045528412
0.3749551773071289
0.397833913564682
0.40653175115585327
0.4707919955253601
0.40201693773269653
no squeeze
13.777765274047852
5.593563556671143
3.88620662689209
2.9762232303619385
2.270484209060669
1.901268482208252
1.6120679378509521
1.5135189294815063
2.6675312519073486
1.2839637994766235
0.8647664785385132
0.9228299856185913
0.9297272562980652
0.7666833400726318
0.7616318464279175
0.6173915863037109
0.7097879648208618
0.5573149919509888
0.9625884294509888
0.6689910292625427
0.5577144622802734
0.7902979850769043
0.5589619278907776
0.37798407673835754
0.39933401346206665
0.8694323301315308
0.5149004459381104
0.4247962534427643
0.4936777949333191
0.37589505314826965
0.3555144965648651
0.5278922915458679
1.7717703580856323
0.48545143008232117
0.3647436797618866
0.46821603178977966
0.40195125341415405
0.27369454503059387
0.3048293888568878
0.3759147524833679
0.19483914971351624
0.21987369656562805
0.23535822331905365
0.22107696533203125
0.39530736207962036
0.20312246680259705
0.1266031265258789
0.21148420870304108
0.1983693242073059
0.2766144871711731
0.15547505021095276
0.08335480093955994
0.11365377902984619
0.15057405829429626
0.09202907979488373
0.102695994079113
0.08256834745407104
0.19608038663864136
0.1344604790210724
0.37416979670524597
0.32355448603630066
0.19449852406978607
0.1682298332452774
0.11622191965579987
0.068316251039505
0.1401664763689041
0.18001386523246765
0.11346223950386047
0.1642741709947586
0.22978614270687103
0.19367177784442902
0.11272894591093063
0.09462876617908478
0.048234183341264725
0.10506382584571838
0.37783145904541016
0.2447018027305603
0.154918372631073
0.16088443994522095
0.11530661582946777
0.07366066426038742
0.06848011165857315
0.1034676805138588
0.06232283264398575
no squeeze
16.082996368408203
5.993911266326904
4.8016862869262695
3.9175093173980713
3.3322017192840576
2.930196762084961
2.6442816257476807
2.1997158527374268
2.1334383487701416
1.8479093313217163
1.6856223344802856
1.5981783866882324
1.356384515762329
1.4259724617004395
1.325054407119751
1.2259353399276733
1.3187249898910522
1.111531138420105
1.0383968353271484
1.0604526996612549
0.9290170073509216
0.9024125933647156
0.8190499544143677
0.913644552230835
0.77864009141922
0.7657803297042847
0.7433189749717712
0.7192032337188721
0.6885283589363098
0.6996544003486633
0.6523295044898987
0.666949987411499
0.6483022570610046
0.7024375796318054
0.6399196982383728
0.6275361180305481
0.660420835018158
0.555776834487915
0.5976656079292297
0.622753918170929
0.5813977122306824
0.5359396934509277
0.5499048233032227
0.5256388187408447
0.5098393559455872
0.521100640296936
0.47409677505493164
0.4627366065979004
0.5307396054267883
0.4838469326496124
0.43729662895202637
0.46952328085899353
0.4305766224861145
0.4140983819961548
0.45037370920181274
0.4553890526294708
0.4569907784461975
0.47497349977493286
0.4345678389072418
0.45304805040359497
0.44947779178619385
0.4102356433868408
0.4747273921966553
0.42693716287612915
0.4355781376361847
0.3596060872077942
0.3691675066947937
0.38068675994873047
0.4378024637699127
0.37867215275764465
0.37068429589271545
0.34830400347709656
0.35332629084587097
0.4196103513240814
0.37496325373649597
0.3524848520755768
0.3964223861694336
0.3584418296813965
0.3445793092250824
0.3141157627105713
0.30847683548927307
0.40024951100349426
0.35275813937187195
0.32275334000587463
0.3069380521774292
0.3366556465625763
0.3576687276363373
0.2884024679660797
0.3679368793964386
0.33829790353775024
0.2963215708732605
0.3523005247116089
0.3359616994857788
0.35158899426460266
0.3208147883415222
0.2909412682056427
0.2937743365764618
0.31954318284988403
no squeeze
16.07130241394043
5.628257751464844
3.947632312774658
3.1683409214019775
2.5047414302825928
2.319565534591675
1.8581147193908691
1.6516185998916626
1.5037063360214233
1.4289697408676147
1.329200029373169
1.154196858406067
1.091010332107544
1.0740077495574951
0.9212070107460022
0.9248306751251221
0.9380956888198853
0.9207350611686707
0.940326452255249
0.7625701427459717
0.8695879578590393
0.7409817576408386
0.6807012557983398
0.741757869720459
0.6368694305419922
0.6439881920814514
0.6589828133583069
0.5371373295783997
0.5940570831298828
0.7174143195152283
0.6172302961349487
0.6054808497428894
0.5521728992462158
0.6474192142486572
0.501224160194397
0.5746293067932129
0.514419674873352
0.5468139052391052
0.494327187538147
0.5917348265647888
0.4635111689567566
0.4627601206302643
0.4764290452003479
0.4478174149990082
0.5138425230979919
0.45447495579719543
0.5447781085968018
0.5029984712600708
0.4978606402873993
0.47875872254371643
0.4894098937511444
0.4377403259277344
0.4398829936981201
0.42045295238494873
0.3742178976535797
0.46730783581733704
0.4193839430809021
0.4254419803619385
0.3704702854156494
0.40964365005493164
0.36944854259490967
0.3593422472476959
0.4173423945903778
0.39140260219573975
0.3744743764400482
0.38833722472190857
0.33262521028518677
0.3687407076358795
0.38165345788002014
0.4118959903717041
0.3543373942375183
0.4412725269794464
0.37994831800460815
0.3964121341705322
0.4098351001739502
0.41212162375450134
0.39853131771087646
no squeeze
6.79833984375
2.1639840602874756
1.1621485948562622
1.564110517501831
0.7120042443275452
1.1094648838043213
0.8037033677101135
0.8337498307228088
0.9734510183334351
1.3816317319869995
1.0021653175354004
0.724154531955719
1.0002467632293701
0.6892350912094116
0.6985797882080078
0.47383609414100647
0.5613417625427246
0.7522974610328674
1.1283289194107056
1.1515357494354248
0.709460973739624
1.0718375444412231
0.8578800559043884
0.45400163531303406
0.42518842220306396
1.0111790895462036
0.5655951499938965
0.5805971622467041
0.5361907482147217
0.8084639310836792
0.627379834651947
0.780167281627655
0.7535626888275146
0.6505942940711975
0.4361352324485779
