no squeeze
39.210853576660156
4.342998504638672
3.3638508319854736
1.4822320938110352
1.2516099214553833
0.6901312470436096
0.5969362854957581
0.35135921835899353
0.30847832560539246
0.19267086684703827
0.17105910181999207
0.11408839374780655
0.10273604094982147
0.07259301096200943
0.06666021794080734
0.05026872828602791
0.047277990728616714
0.03928055614233017
0.0376424565911293
0.03312401473522186
0.03220423310995102
0.029829969629645348
0.029343459755182266
0.02810853160917759
0.027934079989790916
0.02707211673259735
0.026885559782385826
0.02657599188387394
0.02645636908710003
0.026114188134670258
0.02616618573665619
0.02595546655356884
0.02576400153338909
0.025648195296525955
0.025640441104769707
0.02544075809419155
0.02540535479784012
0.02534891851246357
0.025483878329396248
0.025174887850880623
0.02522643283009529
0.02504383772611618
0.02513856068253517
0.025021374225616455
0.025011373683810234
0.025061242282390594
0.025114737451076508
0.025043470785021782
no squeeze
40.03056716918945
13.111943244934082
9.023072242736816
3.2690718173980713
2.7788727283477783
1.6435848474502563
1.4510564804077148
0.9111389517784119
0.8109452128410339
0.5255146026611328
0.4725780785083771
0.31761300563812256
0.28869014978408813
0.2035938799381256
0.18694598972797394
0.13758043944835663
0.1282639503479004
0.09925719350576401
0.09331456571817398
0.07559969276189804
0.0720810666680336
0.06099186837673187
0.05872611328959465
0.051958970725536346
0.050570130348205566
0.046383086591959
0.04545405134558678
0.042706284672021866
0.04219133034348488
0.04048355668783188
0.040224649012088776
0.039003048092126846
0.038740891963243484
0.03794858604669571
0.03783725947141647
0.03718327358365059
0.03704636171460152
0.03654763102531433
0.03637317195534706
0.03596610948443413
0.03592541441321373
0.03563228249549866
0.03544165939092636
0.03513842821121216
0.03520093113183975
0.034865353256464005
0.03469515219330788
0.03473887965083122
0.03468238562345505
0.034305915236473083
0.03427635878324509
0.034103479236364365
0.03416218236088753
0.03396007791161537
0.03392137959599495
0.03373986855149269
0.033638741821050644
0.03358185663819313
0.03353774547576904
0.033327579498291016
0.03336189687252045
0.033251259475946426
0.033311109989881516
0.03307819738984108
0.033123526722192764
0.03304614499211311
0.0331239253282547
0.03288818150758743
0.03287074342370033
0.03291385993361473
0.033002302050590515
0.03288445621728897
no squeeze
39.095672607421875
11.09280776977539
8.439032554626465
4.501052379608154
3.9297091960906982
2.4511091709136963
2.1795907020568848
1.4079711437225342
1.262892723083496
0.8477010130882263
0.7644405364990234
0.5286630392074585
0.48547279834747314
0.35120368003845215
0.32937267422676086
0.25605735182762146
0.23736897110939026
0.18577983975410461
0.1752261221408844
0.14323551952838898
0.13682538270950317
0.11674366891384125
0.1120486930012703
0.09656529128551483
0.09339752793312073
0.08196962624788284
0.08004678040742874
0.07290801405906677
0.07116524130105972
0.06585603952407837
0.06460142135620117
0.060013219714164734
0.05919039249420166
0.05553804710507393
0.05502735450863838
0.05263841897249222
0.05183336138725281
0.0494740754365921
0.04874737933278084
0.04706390202045441
0.04648777097463608
0.04456287622451782
0.04407227039337158
0.04251375049352646
0.04222073778510094
0.04082103073596954
0.0403919480741024
0.03931567817926407
0.03890565037727356
0.03786231204867363
0.03760218247771263
0.036615632474422455
0.03636498376727104
0.0353267565369606
0.03523452579975128
0.03437056019902229
0.03404752165079117
0.03331004083156586
0.03310300409793854
0.03239975869655609
0.03233549743890762
0.0316484309732914
0.03146076947450638
0.03078315779566765
0.030605925247073174
0.02992192469537258
0.029866067692637444
0.029286254197359085
0.029240865260362625
0.028592493385076523
0.028489701449871063
0.028082741424441338
0.02796381711959839
0.02763976901769638
0.027567172423005104
0.027149545028805733
0.02702752873301506
0.02665199153125286
0.026560045778751373
0.026306984946131706
0.02616145648062229
0.025855883955955505
0.025836806744337082
0.025457652285695076
0.025393513962626457
0.025157321244478226
0.025179047137498856
0.0249690692871809
0.02489243634045124
0.02462904341518879
0.024542031809687614
0.024492736905813217
0.024441586807370186
0.02408655360341072
0.024158742278814316
0.02397817000746727
0.023979371413588524
0.023848243057727814
0.023825589567422867
0.023658284917473793
0.02352355420589447
0.023560354486107826
0.023443961516022682
0.02334100380539894
0.02329687401652336
0.0232576671987772
0.023281360045075417
0.023115362972021103
0.023187311366200447
0.02339131571352482
no squeeze
40.70041275024414
24.640338897705078
20.506980895996094
10.003623008728027
8.870697975158691
6.3957695960998535
5.975557804107666
4.739228248596191
4.482583522796631
3.6666457653045654
3.4961953163146973
2.9016153812408447
2.770491600036621
2.3385283946990967
2.2456367015838623
1.9358742237091064
1.8675289154052734
1.6522374153137207
1.5960297584533691
1.4349876642227173
1.4010921716690063
1.2914527654647827
1.2687307596206665
1.1854069232940674
1.1655097007751465
1.1082878112792969
1.0956101417541504
1.053236722946167
1.045482873916626
1.0122061967849731
1.0031366348266602
0.9806811809539795
0.977114200592041
0.9545844197273254
0.9501810669898987
0.9347245097160339
0.9323618412017822
0.9196714162826538
0.919832706451416
0.9114013314247131
0.910261869430542
0.8986568450927734
0.8912758827209473
0.8868904709815979
0.8859812021255493
0.8792944550514221
0.893886923789978
0.8968952894210815
no squeeze
39.327796936035156
12.24164867401123
9.353687286376953
4.668680667877197
4.122317314147949
2.796921491622925
2.5749671459198
1.9524186849594116
1.8347227573394775
1.4745997190475464
1.3990132808685303
1.1578795909881592
1.1022353172302246
0.9195963144302368
0.8796080350875854
0.7343047261238098
0.7019028663635254
0.5916846990585327
0.5618578195571899
0.4687293469905853
0.4479260742664337
0.3760881721973419
0.35881173610687256
0.30178403854370117
0.2896815836429596
0.2464497834444046
0.236545592546463
0.20394307374954224
0.1967530995607376
0.1720401644706726
0.16620837152004242
0.14745210111141205
0.14352449774742126
0.1300366371870041
0.1271837055683136
0.11652059853076935
0.11499979346990585
0.10652551800012589
0.10484712570905685
0.09844042360782623
0.09740545600652695
0.09256874024868011
0.09134455770254135
0.08761326968669891
0.08698534965515137
0.084608294069767
0.08305922150611877
0.08087057620286942
0.08166901022195816
0.07899415493011475
0.07781525701284409
0.07615136355161667
0.07553049921989441
0.0741877630352974
0.07389512658119202
0.07285007834434509
0.07241593301296234
0.07174713909626007
0.07162867486476898
0.07049848139286041
0.07026194781064987
0.06922610849142075
0.0695062205195427
0.06826767325401306
0.06983601301908493
0.06812536716461182
0.06814797222614288
0.06707299500703812
0.06695787608623505
0.06679600477218628
0.06684271991252899
0.06658686697483063
0.06645975261926651
0.0673733651638031
0.06569544970989227
0.0655403882265091
0.06555343419313431
0.06511037796735764
0.06500954180955887
0.06481638550758362
0.06470927596092224
0.06445088237524033
0.06454747170209885
0.0649760439991951
no squeeze
36.45512008666992
4.506541728973389
3.3624393939971924
1.7603962421417236
1.6061880588531494
1.250884771347046
1.1933948993682861
1.0737876892089844
1.057055115699768
1.0251009464263916
1.02093505859375
1.0199873447418213
1.0124868154525757
1.0085854530334473
1.0072240829467773
1.016499400138855
1.0417782068252563
1.00687575340271
1.0193135738372803
1.0050482749938965
1.0180344581604004
1.006840467453003
