no squeeze
28.826984405517578
7.1954169273376465
3.5927786827087402
2.0413475036621094
1.2156298160552979
0.7917364239692688
0.4621659219264984
0.26096484065055847
0.21916337311267853
0.2036350816488266
0.12998995184898376
0.11969010531902313
0.08705389499664307
0.08646100014448166
0.06205984205007553
0.1510312855243683
0.1646539866924286
0.03371562063694
0.01024102047085762
0.016985272988677025
0.023482711985707283
0.017177555710077286
0.027436792850494385
0.023043371737003326
0.03621156886219978
0.0134316710755229
0.02400863729417324
0.08942045271396637
0.024709481745958328
no squeeze
27.587886810302734
8.883533477783203
5.317297458648682
3.9094226360321045
3.2021844387054443
2.8640992641448975
2.1861178874969482
1.995177984237671
1.7378801107406616
1.4756786823272705
1.4100297689437866
1.526577115058899
1.5145211219787598
1.2614834308624268
1.785398244857788
1.2905384302139282
1.1721693277359009
1.2132303714752197
1.1545741558074951
1.187441349029541
1.0521955490112305
1.201302170753479
1.1725491285324097
1.0886286497116089
1.082227110862732
0.9865849614143372
0.8390378355979919
1.1507524251937866
0.9456095695495605
1.046136736869812
0.9968037009239197
0.8886228203773499
1.1708799600601196
0.8388808369636536
0.825840413570404
0.8461088538169861
0.9334127306938171
1.161767601966858
1.0963689088821411
0.8741556406021118
0.934391975402832
1.2626187801361084
0.9105126261711121
1.0490643978118896
0.880144476890564
no squeeze
29.061857223510742
11.341828346252441
7.391269207000732
5.6229567527771
3.9717323780059814
4.549617767333984
2.786892890930176
2.9948606491088867
1.9842923879623413
2.109001636505127
1.4102823734283447
1.2804856300354004
1.4464366436004639
1.7776752710342407
1.6360312700271606
1.2214446067810059
1.0285691022872925
1.6610455513000488
0.807127833366394
0.5727464556694031
0.4986807703971863
0.46708837151527405
0.4129847586154938
0.49801328778266907
0.46125492453575134
0.42407864332199097
0.3607316315174103
0.2890738844871521
0.4053138494491577
0.819879949092865
0.6894233822822571
0.7440109848976135
0.5600547194480896
2.0143680572509766
0.5649057626724243
0.3319283723831177
0.34707963466644287
0.2618786096572876
0.3002763092517853
0.23671717941761017
0.45314764976501465
0.35952430963516235
0.11942368000745773
0.10984586924314499
0.3005266785621643
0.12893594801425934
0.10466849058866501
0.29843342304229736
0.2417576014995575
0.37241098284721375
0.14571775496006012
0.0806627869606018
0.12217723578214645
0.1935340017080307
0.24293121695518494
0.546124279499054
0.27716460824012756
0.6890090703964233
0.25697726011276245
0.2848588824272156
0.09280893206596375
0.06292157620191574
0.2544560134410858
0.2898677587509155
0.14565938711166382
0.1376192718744278
0.10719572752714157
0.04716906324028969
0.04534441605210304
0.046596188098192215
0.19538229703903198
0.19934968650341034
0.29375159740448
0.21947509050369263
0.09595829993486404
0.13892537355422974
0.08637656271457672
0.11465147882699966
0.05283037945628166
no squeeze
29.244274139404297
12.697460174560547
9.691400527954102
7.846927642822266
6.834308624267578
5.699482440948486
5.075878620147705
4.52199125289917
4.047126770019531
3.5186574459075928
3.2866647243499756
2.8967912197113037
2.814710855484009
2.6929664611816406
2.319688558578491
2.503746747970581
2.1689751148223877
1.9739723205566406
1.9109978675842285
1.9931840896606445
1.8262624740600586
1.7817723751068115
1.9408437013626099
1.4616557359695435
1.5336228609085083
1.4786889553070068
1.4992965459823608
1.4919393062591553
1.4259344339370728
1.4141699075698853
1.3609044551849365
1.4226869344711304
1.3345094919204712
1.181264877319336
1.1932976245880127
1.2417213916778564
1.2255476713180542
1.328627347946167
1.3131023645401
1.1263247728347778
1.0058883428573608
0.9826293587684631
1.0654165744781494
0.9642757177352905
0.9344519972801208
0.962755560874939
1.0126149654388428
0.9491161108016968
0.8951612114906311
1.1013046503067017
0.8119601607322693
0.874158501625061
0.8980740904808044
0.8454558849334717
0.8634145855903625
1.0864955186843872
0.8548130393028259
0.9061382412910461
0.7856748700141907
0.9017006158828735
0.7879942655563354
0.681551456451416
0.7988726496696472
0.7014873027801514
0.844752848148346
0.8119189739227295
0.7268813252449036
0.7538046836853027
0.6520380973815918
0.7435622215270996
0.6179987192153931
0.691687822341919
0.7326197028160095
0.7512047290802002
0.724980890750885
0.6195624470710754
0.6620053648948669
0.5891810655593872
0.7264409065246582
0.7024471163749695
0.5808582305908203
0.6013137698173523
0.6180890798568726
0.6227977275848389
0.6210880279541016
0.6275370121002197
0.5921288728713989
0.6650969982147217
0.5666014552116394
0.5583321452140808
0.6691920161247253
0.5865511894226074
0.5780136585235596
0.565998375415802
0.5052053332328796
0.6080678701400757
0.5203267335891724
0.485853910446167
0.47911161184310913
0.6157442927360535
0.5394555330276489
0.5354986786842346
0.5172828435897827
0.5073495507240295
0.5713681578636169
0.47285184264183044
0.44809991121292114
0.4600866734981537
0.5269150733947754
0.4349483251571655
0.4721319377422333
0.39697936177253723
0.4357444941997528
0.4911072552204132
0.4553917646408081
0.5004635453224182
0.4335586130619049
0.434356153011322
0.5021768808364868
0.4400821924209595
0.4708179235458374
0.4118020236492157
no squeeze
27.0253963470459
9.912160873413086
6.635523796081543
5.1411871910095215
4.470110893249512
3.7034482955932617
3.1240720748901367
2.757873773574829
2.367809534072876
2.1775412559509277
2.122432231903076
1.8601347208023071
1.9764931201934814
1.697728157043457
1.448973536491394
1.393748164176941
1.353140950202942
1.3820204734802246
1.2507158517837524
1.2226207256317139
1.2681678533554077
1.1696040630340576
1.1030226945877075
1.111319661140442
1.0298727750778198
1.0257213115692139
1.021301031112671
0.905943751335144
1.0631816387176514
1.0544171333312988
0.943790853023529
0.9248247742652893
0.7960824966430664
0.8121914267539978
0.9370812773704529
0.9109988808631897
0.9212206602096558
0.8153645396232605
0.7254279255867004
0.7193388342857361
0.8302438855171204
0.9059609770774841
0.7289879322052002
0.7150833606719971
0.6844769716262817
0.6747243404388428
0.8501966595649719
0.7855291366577148
0.7008584141731262
0.6377686262130737
0.5793261528015137
0.5828558206558228
0.64390629529953
0.5486202836036682
0.5177399516105652
0.6667006611824036
0.7835638523101807
0.63616544008255
0.7078657150268555
0.5773107409477234
0.5244939923286438
0.6581332087516785
0.6137604713439941
0.5219407081604004
0.5220914483070374
no squeeze
18.241378784179688
6.017473220825195
3.411367416381836
2.654486894607544
2.031560182571411
1.564184308052063
3.5508692264556885
1.5129730701446533
2.0746684074401855
1.1731128692626953
1.7289105653762817
3.0572240352630615
1.367454171180725
1.3030070066452026
1.2642691135406494
1.5487990379333496
1.3923968076705933
1.4065696001052856
2.1486544609069824
2.1315317153930664
