no squeeze
420.4796447753906
245.0377655029297
204.9146728515625
101.8518295288086
89.59597778320312
65.79871368408203
61.992645263671875
50.563507080078125
48.20711898803711
40.39331817626953
38.64512634277344
32.68644332885742
31.329450607299805
26.63706398010254
25.550628662109375
21.76229476928711
20.880197525024414
17.823223114013672
17.129854202270508
14.74943733215332
14.20610523223877
12.375741004943848
11.968099594116211
10.62964916229248
10.333415985107422
9.367375373840332
9.164068222045898
8.501132011413574
8.357827186584473
7.902729034423828
7.804703235626221
7.4964280128479
7.4305033683776855
7.218902111053467
7.17630672454834
7.0308403968811035
6.995579242706299
6.899056434631348
6.877939224243164
6.811516284942627
6.794377326965332
6.745969295501709
6.73822021484375
6.700204849243164
6.693702697753906
6.668380260467529
6.664698123931885
6.64741325378418
6.649927616119385
6.628313064575195
6.625041961669922
6.61624002456665
6.611820697784424
6.606734275817871
6.601866245269775
6.597009658813477
6.59858512878418
6.5930585861206055
6.589736461639404
6.587866306304932
6.591020107269287
6.583461761474609
6.584901332855225
6.580515384674072
6.5811052322387695
6.584286689758301
no squeeze
420.55767822265625
245.27639770507812
205.05718994140625
102.64991760253906
91.16986846923828
70.14454650878906
66.85116577148438
57.12568664550781
55.124691009521484
48.693092346191406
47.32322311401367
42.79002380371094
41.8061408996582
38.571083068847656
37.86213302612305
35.53173828125
35.024139404296875
33.369232177734375
33.015384674072266
31.858154296875
31.59638786315918
30.78600311279297
30.604114532470703
30.02213478088379
29.888639450073242
29.47420310974121
29.394372940063477
29.099929809570312
29.037721633911133
28.826486587524414
28.77397346496582
28.621606826782227
28.586631774902344
28.47242546081543
28.441879272460938
28.362457275390625
28.33750343322754
28.27071762084961
28.248069763183594
28.212209701538086
28.194894790649414
28.164081573486328
28.14254379272461
28.113248825073242
28.102909088134766
28.08313751220703
28.088422775268555
28.04851722717285
28.041040420532227
28.036701202392578
28.027141571044922
28.042043685913086
28.016252517700195
28.02358055114746
28.002052307128906
27.999755859375
27.99427604675293
27.994295120239258
27.980491638183594
27.992403030395508
27.982662200927734
27.97933006286621
27.978961944580078
27.969152450561523
27.978511810302734
27.981201171875
no squeeze
425.5470886230469
331.4753723144531
302.38134765625
181.58560180664062
153.27700805664062
82.07382202148438
73.12550354003906
53.70359420776367
50.736148834228516
42.18569564819336
40.46905517578125
34.844573974609375
33.60226058959961
29.34825325012207
28.36578941345215
24.941194534301758
24.119796752929688
21.23655891418457
20.545278549194336
18.066431045532227
17.47214698791504
15.329534530639648
14.816882133483887
12.978142738342285
12.532744407653809
10.953388214111328
10.576436996459961
9.226943016052246
8.917219161987305
7.809337139129639
7.54844856262207
6.633597373962402
6.420879364013672
5.680300712585449
5.509222507476807
4.907772541046143
4.770506858825684
4.297641277313232
4.184231758117676
3.7937123775482178
3.703446865081787
3.385951042175293
3.314347982406616
3.0662827491760254
3.0069289207458496
2.799473762512207
2.752713203430176
2.587002754211426
2.5455260276794434
2.404813528060913
2.371992349624634
2.2612199783325195
2.2332921028137207
2.1348655223846436
2.111858606338501
2.0293972492218018
2.010413885116577
1.9431430101394653
1.927034854888916
1.8693128824234009
1.854950189590454
1.8054372072219849
1.7936762571334839
1.750800371170044
1.7411423921585083
1.7033277750015259
1.694814682006836
1.663672924041748
1.6561120748519897
1.6287081241607666
1.6222920417785645
1.5965464115142822
1.5909260511398315
1.5702797174453735
1.5662211179733276
1.544470191001892
1.5395278930664062
1.5241596698760986
1.5203496217727661
1.503550410270691
1.4997553825378418
1.4867422580718994
1.4840140342712402
1.4751179218292236
1.4696683883666992
1.4580764770507812
1.4562562704086304
1.446258306503296
1.4435797929763794
1.4336626529693604
1.4323883056640625
1.4247183799743652
1.4214727878570557
1.415440320968628
1.4117052555084229
1.4036738872528076
1.4023340940475464
1.397718906402588
1.396073579788208
1.389108419418335
1.3889003992080688
1.3827394247055054
1.382462739944458
1.3781031370162964
1.376799464225769
1.3726178407669067
1.3709819316864014
1.3665562868118286
1.3657264709472656
1.3611801862716675
1.3598202466964722
1.3570882081985474
1.3560662269592285
1.353615403175354
1.3525123596191406
1.350295066833496
1.347947359085083
1.34635329246521
1.3450496196746826
1.3413500785827637
1.3405935764312744
1.339429259300232
1.3388290405273438
1.336914300918579
1.3369348049163818
1.3347976207733154
1.3333802223205566
1.3311567306518555
1.330489158630371
1.3297368288040161
1.3299381732940674
1.3266819715499878
1.3277636766433716
1.3252959251403809
1.3247120380401611
1.3245667219161987
1.3235167264938354
1.3234120607376099
1.3214000463485718
1.3209476470947266
1.319715142250061
1.3187546730041504
1.3192836046218872
1.3175365924835205
1.3171972036361694
1.316942811012268
1.3164799213409424
1.3166764974594116
1.3155646324157715
1.3157869577407837
1.3154587745666504
1.3138967752456665
1.314486026763916
1.3122655153274536
1.3120225667953491
1.312277913093567
1.3124384880065918
1.3110495805740356
1.3106898069381714
1.3114043474197388
1.3096176385879517
1.310611605644226
1.3092910051345825
1.3090850114822388
1.3097851276397705
1.3082774877548218
1.30886971950531
1.3074215650558472
1.3072925806045532
1.3069578409194946
1.3072741031646729
1.306549310684204
1.3081016540527344
1.307144284248352
no squeeze
427.41339111328125
389.4658508300781
374.26678466796875
286.1842956542969
257.7242431640625
161.3231964111328
144.86940002441406
108.61611938476562
103.12129974365234
88.73068237304688
86.10275268554688
78.17378234863281
76.49520111083984
71.066650390625
69.86676788330078
65.84684753417969
64.89335632324219
61.661495208740234
60.93162155151367
58.35020446777344
57.72254180908203
55.51795196533203
55.001014709472656
53.12038803100586
52.67070007324219
51.00920104980469
50.631690979003906
49.14742660522461
48.761653900146484
47.421146392822266
47.090087890625
45.867164611816406
45.591129302978516
44.438232421875
44.16664505004883
43.09328842163086
42.829898834228516
41.8626708984375
41.61172103881836
40.69799041748047
40.46499252319336
39.62736129760742
39.40837478637695
38.6389045715332
38.440582275390625
37.72304916381836
37.53153991699219
36.85868835449219
36.695377349853516
36.08293533325195
35.92354965209961
35.35508728027344
35.2391357421875
34.672279357910156
34.53249740600586
34.015350341796875
33.89422607421875
33.445369720458984
33.33096694946289
32.850677490234375
32.731746673583984
32.31330871582031
32.210487365722656
31.801359176635742
31.695934295654297
31.312959671020508
31.210445404052734
30.84622573852539
30.763538360595703
30.396282196044922
30.27841567993164
29.918222427368164
29.823226928710938
29.483972549438477
29.38408660888672
29.060829162597656
29.00370979309082
28.639657974243164
28.546720504760742
28.229080200195312
28.13245964050293
27.798368453979492
27.728670120239258
27.431041717529297
27.372831344604492
27.0451717376709
26.951257705688477
26.622976303100586
26.56468963623047
26.293472290039062
26.180973052978516
25.935243606567383
25.814973831176758
25.560049057006836
25.483732223510742
25.229026794433594
25.170263290405273
24.91446304321289
24.90237808227539
24.67877197265625
24.58481216430664
24.377178192138672
24.36920166015625
24.133859634399414
24.098979949951172
23.929182052612305
23.883817672729492
23.73951530456543
23.692411422729492
23.572830200195312
23.516090393066406
23.412555694580078
23.365110397338867
23.265169143676758
23.28017807006836
23.142786026000977
23.11334228515625
23.019283294677734
22.994779586791992
22.92405128479004
22.893522262573242
22.83725929260254
22.819881439208984
22.742555618286133
22.72132682800293
22.656124114990234
22.63726043701172
22.600948333740234
22.597755432128906
22.487565994262695
22.475473403930664
22.44358253479004
22.40338897705078
22.353595733642578
22.337444305419922
22.284957885742188
22.266525268554688
22.22132110595703
22.208759307861328
22.15765953063965
22.144763946533203
22.109983444213867
22.075529098510742
22.051044464111328
22.01018524169922
22.006446838378906
21.982892990112305
21.94817543029785
21.91956329345703
21.8938045501709
21.875385284423828
21.830583572387695
21.827436447143555
21.7891902923584
21.759714126586914
21.747833251953125
21.711198806762695
21.704137802124023
21.660621643066406
21.681697845458984
21.717758178710938
21.6770076751709
no squeeze
425.5146484375
313.5737609863281
284.0029296875
178.0870361328125
156.83912658691406
106.81072235107422
99.89308166503906
82.32288360595703
79.08638000488281
69.30083465576172
67.294677734375
60.87520217895508
59.4875373840332
54.963714599609375
53.954246520996094
50.55658721923828
49.78556823730469
47.18136978149414
46.56583786010742
44.46731185913086
43.975711822509766
42.28191375732422
41.87251281738281
40.4761962890625
40.15359115600586
38.951263427734375
38.67763137817383
37.687156677246094
37.47687911987305
36.650245666503906
36.45100021362305
35.74945831298828
35.57472610473633
34.98646545410156
34.845027923583984
34.341312408447266
34.21388244628906
33.790489196777344
33.68537902832031
33.31972122192383
33.23146057128906
32.92108917236328
32.83754348754883
32.54677200317383
32.482383728027344
32.238834381103516
32.169273376464844
31.957983016967773
31.90714454650879
31.71807861328125
31.65385627746582
31.48618507385254
31.476720809936523
31.2894229888916
31.250139236450195
31.095195770263672
31.055784225463867
30.91419219970703
30.893306732177734
30.75843620300293
30.743623733520508
30.622333526611328
30.591739654541016
30.492063522338867
30.47142219543457
30.363201141357422
30.36630630493164
30.26865005493164
30.233867645263672
30.152536392211914
30.133014678955078
30.05092430114746
30.04710578918457
30.000747680664062
29.9472713470459
29.879457473754883
29.873754501342773
29.793882369995117
29.78350067138672
29.72553825378418
29.70574378967285
29.69051170349121
29.65224838256836
29.606403350830078
29.57430076599121
29.552772521972656
29.527414321899414
29.48296356201172
29.47673988342285
29.43857765197754
29.409744262695312
29.395742416381836
29.36697769165039
29.334089279174805
29.32870864868164
29.28409767150879
29.280330657958984
29.24993896484375
29.238567352294922
29.197975158691406
29.224184036254883
29.193315505981445
29.195695877075195
29.13785743713379
29.154464721679688
29.133699417114258
29.117958068847656
29.129146575927734
29.099435806274414
29.091341018676758
29.07345199584961
29.061622619628906
29.028738021850586
29.04823112487793
29.023752212524414
29.04258918762207
29.010465621948242
29.005653381347656
29.004505157470703
28.963632583618164
28.956501007080078
28.95149803161621
28.950119018554688
28.915311813354492
28.905302047729492
28.904062271118164
28.917001724243164
28.89799690246582
28.927515029907227
28.869346618652344
28.893110275268555
28.869915008544922
no squeeze
412.1354675292969
146.65621948242188
120.5350570678711
84.9506607055664
81.09236907958984
72.70336151123047
71.541259765625
68.78982543945312
68.37826538085938
67.4065170288086
67.24014282226562
66.88497161865234
66.83602905273438
66.69371795654297
66.67247772216797
66.62637329101562
66.60803985595703
66.62430572509766
66.61085510253906
66.57754516601562
66.59635925292969
66.62370300292969
