no squeeze
545.179443359375
386.0330505371094
342.81060791015625
189.04644775390625
159.46046447753906
95.6067123413086
87.84729766845703
68.68775939941406
65.15431213378906
54.58240509033203
52.414146423339844
45.68889617919922
44.266021728515625
39.84096145629883
38.9306755065918
36.03926086425781
35.42148971557617
33.512481689453125
33.0971794128418
31.81573486328125
31.543834686279297
30.680519104003906
30.4973087310791
29.90296745300293
29.772451400756836
29.33453369140625
29.2678279876709
28.98626136779785
28.894620895385742
28.674259185791016
28.62900161743164
28.463537216186523
28.446643829345703
28.310670852661133
28.311790466308594
28.23282814025879
28.217618942260742
28.14076805114746
28.114742279052734
28.096216201782227
28.087244033813477
28.030073165893555
28.01618003845215
27.99150848388672
27.984107971191406
27.97039222717285
27.98012924194336
27.95404815673828
27.95589256286621
27.919008255004883
27.934417724609375
27.907052993774414
27.913015365600586
27.930330276489258
no squeeze
543.4445190429688
366.7326965332031
321.2381896972656
176.6625213623047
153.4575958251953
107.90911865234375
101.9448013305664
85.5262451171875
82.28881072998047
72.09876251220703
69.90241241455078
62.86946487426758
61.368228912353516
56.44723892211914
55.3869514465332
51.93696594238281
51.17710494995117
48.748313903808594
48.22890853881836
46.55903244018555
46.165924072265625
44.97623062133789
44.698150634765625
43.867313385009766
43.70078659057617
43.11569595336914
43.00111389160156
42.577606201171875
42.452022552490234
42.153968811035156
42.09320068359375
41.85334777832031
41.805477142333984
41.67523956298828
41.618316650390625
41.462928771972656
41.43110656738281
41.35218811035156
41.31376647949219
41.22066116333008
41.19916915893555
41.15901184082031
41.12287902832031
41.06742858886719
41.04386901855469
41.00326156616211
40.990386962890625
40.959781646728516
40.93962860107422
40.89435958862305
40.88180923461914
40.865936279296875
40.8560791015625
40.825862884521484
40.808746337890625
40.7973518371582
40.782894134521484
40.76675033569336
40.756893157958984
40.74500274658203
40.73905563354492
40.77370834350586
40.72257614135742
40.71733093261719
40.713462829589844
40.66452407836914
40.66712951660156
40.686431884765625
no squeeze
541.8786010742188
367.6752014160156
323.24029541015625
184.49508666992188
161.7826690673828
114.53900146484375
107.49104309082031
86.62507629394531
82.26306915283203
67.95411682128906
64.78034210205078
54.02260208129883
51.58940124511719
43.26499938964844
41.362796783447266
34.81540298461914
33.3225212097168
28.184293746948242
27.013532638549805
23.00279426574707
22.088958740234375
18.968971252441406
18.252521514892578
15.829429626464844
15.275233268737793
13.394287109375
12.967402458190918
11.504799842834473
11.168574333190918
10.032304763793945
9.773233413696289
8.889265060424805
8.678468704223633
7.97990608215332
7.812182903289795
7.255463123321533
7.12583065032959
6.681676864624023
6.572624206542969
6.201552867889404
6.118063449859619
5.828434944152832
5.757740497589111
5.5092997550964355
5.454211235046387
5.2512993812561035
5.206292629241943
5.028773307800293
4.991888523101807
4.856644630432129
4.821628093719482
4.696919918060303
4.666754722595215
4.5633978843688965
4.5384416580200195
4.452281475067139
4.4303388595581055
4.345959663391113
4.327165603637695
4.258893966674805
4.242147445678711
4.1795573234558105
4.165152549743652
4.109500885009766
4.097265720367432
4.044004440307617
4.033837795257568
3.992074966430664
3.9820914268493652
3.9427669048309326
3.9333879947662354
3.8926515579223633
3.8840410709381104
3.8517282009124756
3.8429949283599854
3.8120172023773193
3.8040645122528076
3.775669574737549
3.7668569087982178
3.7393572330474854
3.7323453426361084
3.7060670852661133
3.7010481357574463
3.6771352291107178
3.671614170074463
3.6485536098480225
3.641143321990967
3.6207377910614014
3.615739583969116
3.595951557159424
3.590939521789551
3.5709307193756104
3.566779613494873
3.550823211669922
3.5458498001098633
3.5286920070648193
3.525157928466797
3.5090296268463135
3.503969192504883
3.4934771060943604
3.4884207248687744
3.474317789077759
3.469606876373291
3.457728862762451
3.456218719482422
3.4404137134552
3.4396965503692627
3.4278414249420166
3.4238827228546143
3.412489891052246
3.4097554683685303
3.399963855743408
3.398911476135254
3.3876421451568604
3.3843305110931396
3.3758304119110107
3.373422145843506
3.3662455081939697
3.3616607189178467
3.3551688194274902
3.354687213897705
3.3479692935943604
3.3462648391723633
3.3365023136138916
3.335584878921509
3.329650402069092
3.329038619995117
3.3228089809417725
3.3218834400177
3.3142073154449463
3.312124490737915
3.3058738708496094
3.3076415061950684
3.3020877838134766
3.299210786819458
3.2943174839019775
3.2950246334075928
3.288935899734497
3.289851665496826
3.2832729816436768
3.2821052074432373
3.279496192932129
3.2807791233062744
3.2748348712921143
3.274073362350464
3.2708756923675537
3.270463705062866
3.268000364303589
3.2680275440216064
3.265270948410034
3.2597529888153076
3.260524272918701
3.260468006134033
3.2570748329162598
3.2555713653564453
3.253319501876831
3.251539707183838
3.251997470855713
3.2495791912078857
3.249373197555542
3.2486302852630615
3.249782085418701
3.2463157176971436
3.2440755367279053
3.2441892623901367
3.238621711730957
3.242091417312622
3.24015736579895
no squeeze
546.3357543945312
466.8666687011719
438.774658203125
310.8923034667969
279.19482421875
199.54541015625
189.00047302246094
163.02890014648438
158.24766540527344
143.5546417236328
140.45242309570312
130.3186492919922
128.05908203125
120.43498992919922
118.68734741210938
112.62641906738281
111.21080780029297
106.23955535888672
105.05018615722656
100.81355285644531
99.80657958984375
96.12242889404297
95.21227264404297
91.92424011230469
91.12533569335938
88.1385726928711
87.40998840332031
84.68061065673828
83.98335266113281
81.39667510986328
80.7431640625
78.32709503173828
77.70272827148438
75.3793716430664
74.78682708740234
72.55838775634766
71.99983215332031
69.84837341308594
69.30549621582031
67.26639556884766
66.75543975830078
64.792724609375
64.3111343383789
62.443206787109375
61.96194076538086
60.20872497558594
59.78904342651367
58.122615814208984
57.69623947143555
56.15321350097656
55.78322982788086
54.31743240356445
53.95379638671875
52.60898971557617
52.25555419921875
50.970497131347656
50.656028747558594
49.455162048339844
49.128936767578125
47.99736022949219
47.71306610107422
46.650630950927734
46.36972427368164
45.38079071044922
45.13249206542969
44.17305374145508
43.92017364501953
43.04171371459961
42.81470489501953
42.003021240234375
41.79335403442383
41.029624938964844
40.837684631347656
40.136756896972656
39.951175689697266
39.320735931396484
39.152217864990234
38.597076416015625
38.44584655761719
37.887264251708984
37.7666015625
37.28669738769531
37.14146041870117
36.699771881103516
36.607845306396484
36.1979866027832
36.08625793457031
35.7170295715332
35.608341217041016
35.27272415161133
35.20100021362305
34.88200378417969
34.80067443847656
34.50527572631836
34.465789794921875
34.195499420166016
34.132835388183594
33.88564682006836
33.81666564941406
33.607337951660156
33.5707893371582
33.35505294799805
33.292293548583984
33.1029052734375
33.110225677490234
32.91257095336914
32.86343765258789
32.721683502197266
32.70120620727539
32.562564849853516
32.505428314208984
32.409732818603516
32.357688903808594
32.26826477050781
32.20412063598633
32.12118148803711
32.0799446105957
31.998558044433594
31.973236083984375
31.90580940246582
31.861562728881836
31.786649703979492
31.818105697631836
31.720664978027344
31.683061599731445
31.614511489868164
31.642131805419922
31.55323600769043
31.563453674316406
31.46963119506836
31.46656608581543
31.443195343017578
31.389467239379883
31.342269897460938
31.352846145629883
31.283733367919922
31.266576766967773
31.223892211914062
31.198040008544922
31.184986114501953
31.14840316772461
31.1328067779541
31.113548278808594
31.092002868652344
31.068870544433594
31.0385684967041
31.01137351989746
30.997365951538086
30.96054458618164
30.973196029663086
30.932626724243164
30.894620895385742
30.87118911743164
30.856138229370117
30.828920364379883
30.84026527404785
30.811098098754883
30.809829711914062
30.772232055664062
30.722820281982422
30.74407958984375
30.7414493560791
no squeeze
542.0611572265625
404.4620056152344
369.31573486328125
251.46449279785156
228.8617401123047
171.3890838623047
162.3665008544922
137.41390991210938
132.54669189453125
117.29798126220703
114.03071594238281
103.32869720458984
101.038330078125
93.15206146240234
91.3434829711914
85.18319702148438
83.8100357055664
78.96845245361328
77.86644744873047
74.0234375
73.12501525878906
70.03565216064453
69.29688262939453
66.78148651123047
66.17945098876953
64.0945816040039
63.61170959472656
61.88063049316406
61.477691650390625
60.00120544433594
59.66985321044922
58.38978958129883
58.09639358520508
56.99161148071289
56.71182632446289
55.76369094848633
55.51027297973633
54.63652038574219
54.418540954589844
53.67334747314453
53.466941833496094
52.77329635620117
52.59528350830078
51.98771667480469
51.81345748901367
51.25300216674805
51.11220169067383
50.60383605957031
50.48040008544922
50.05704879760742
49.92938995361328
49.51445388793945
49.40528106689453
49.04218673706055
48.94916534423828
48.63086700439453
48.535606384277344
48.23427963256836
48.16899490356445
47.894004821777344
47.816097259521484
47.57623291015625
47.510284423828125
47.29543685913086
47.22483825683594
47.045021057128906
46.976905822753906
46.800376892089844
46.75172424316406
46.57202911376953
46.548404693603516
46.39128875732422
46.37369155883789
46.19527816772461
46.16327667236328
46.051090240478516
46.00994110107422
45.90525817871094
45.888580322265625
45.77205276489258
45.74533462524414
45.643310546875
45.620906829833984
45.53003692626953
45.49528121948242
45.433292388916016
45.402652740478516
45.32490158081055
45.31093978881836
45.242820739746094
45.224853515625
45.186927795410156
45.13954162597656
45.07033920288086
45.04806137084961
44.984466552734375
44.98487854003906
44.92254638671875
44.91542434692383
44.882713317871094
44.87123489379883
44.85877227783203
44.83384323120117
44.780635833740234
44.7589111328125
44.712581634521484
44.68405532836914
44.666351318359375
44.6423225402832
44.61215591430664
44.58958053588867
44.58769226074219
44.55434036254883
44.53477096557617
44.532440185546875
44.50946807861328
44.481529235839844
44.467124938964844
44.4566535949707
44.4439697265625
44.43155288696289
44.39553451538086
44.37295150756836
44.351226806640625
44.371315002441406
44.353233337402344
no squeeze
540.136474609375
299.7693786621094
258.251953125
168.46209716796875
157.5161895751953
134.75973510742188
131.62142944335938
124.40664672851562
123.29044342041016
120.47913360595703
119.9651870727539
118.73238372802734
118.4844741821289
117.87509155273438
117.80241394042969
117.49942016601562
117.47857666015625
117.36119842529297
117.338623046875
117.30865478515625
117.31610107421875
117.23318481445312
117.23638916015625
117.20450592041016
117.23782348632812
117.2243423461914
