no squeeze
2.3097355365753174
0.766669511795044
0.34363052248954773
0.19244784116744995
0.09246627241373062
0.052735064178705215
0.03401930257678032
0.022685188800096512
0.01471738237887621
0.010206109844148159
0.010275041684508324
0.007807047106325626
0.005029086954891682
0.00504110986366868
0.004086306318640709
0.004432767629623413
0.0026667583733797073
0.0023861529771238565
0.0037254339549690485
0.0022005329374223948
0.0013734765816479921
0.0012938013533130288
0.0011777919717133045
0.0015350773464888334
0.0012390640331432223
0.0011483686976134777
0.0015127374790608883
0.0009847040055319667
0.001029384438879788
0.0007266020402312279
0.0008882535621523857
0.0005196280544623733
0.0004235172236803919
0.000807761971373111
0.0005467961891554296
0.004721019417047501
0.0008244781638495624
0.001366112963296473
0.0008584081660956144
0.0008718252647668123
0.0008468391606584191
0.0006030882359482348
0.0005630228552035987
no squeeze
2.618492364883423
0.9749006628990173
0.5708972215652466
0.37964701652526855
0.29544949531555176
0.21056780219078064
0.20229555666446686
0.15040390193462372
0.12584049999713898
0.11580006778240204
0.10294675081968307
0.09859610348939896
0.08403492718935013
0.10103873163461685
0.08260827511548996
0.08558983355760574
0.08967243880033493
0.0815734788775444
0.07729796320199966
0.06495550274848938
0.08053802698850632
0.07112075388431549
0.06574834883213043
0.07359764724969864
0.07597777992486954
0.0652235597372055
0.0649554654955864
0.07046718150377274
0.061216793954372406
0.1130337044596672
0.06049683690071106
0.06511121243238449
0.08036132901906967
0.05603303015232086
0.06576768308877945
0.06333129853010178
0.061609670519828796
0.053996309638023376
0.10907828062772751
0.06678280979394913
0.06027591973543167
0.0609607957303524
0.05098671466112137
0.07220984995365143
0.07531895488500595
0.05382814630866051
0.07293952256441116
0.06439771503210068
0.05164118856191635
0.06043936312198639
0.061114076524972916
0.056158646941185
0.059316862374544144
no squeeze
3.029344320297241
1.2945530414581299
0.8480592966079712
0.6423925757408142
0.4269416630268097
0.3567734360694885
0.31716835498809814
0.19000180065631866
0.2068275809288025
0.13377542793750763
0.11028042435646057
0.1432352364063263
0.07088293880224228
0.04818208888173103
0.042751871049404144
0.039460912346839905
0.0347975417971611
0.03182585537433624
0.02880469523370266
0.031858161091804504
0.029911138117313385
0.017899762839078903
0.015273298136889935
0.014449254609644413
0.012964900583028793
0.013024342246353626
0.010341981425881386
0.010616570711135864
0.013076342642307281
0.00867615919560194
0.009518289007246494
0.008176022209227085
0.007429355289787054
0.0087311752140522
0.010024153627455235
0.00746942637488246
0.006828058045357466
0.005252557341009378
0.005607348866760731
0.005316698923707008
0.005348197650164366
0.005044811405241489
0.00463362829759717
0.005579184740781784
0.0042679933831095695
0.003452886128798127
0.003967795986682177
0.005002446472644806
0.0041197906248271465
0.003941559698432684
0.0037767512258142233
0.0032062006648629904
0.004162863362580538
0.006039542146027088
0.0034360019490122795
0.008846589364111423
0.004608714021742344
0.00375173962675035
0.0034734474029392004
0.0033195142168551683
0.002745668403804302
0.02013906091451645
0.006643595639616251
0.012773383408784866
0.012977042235434055
0.0062574343755841255
0.008763543330132961
0.005843150429427624
0.0068274992518126965
0.007373408880084753
0.007283495739102364
no squeeze
2.8542275428771973
1.5702502727508545
1.3165664672851562
1.1294094324111938
0.959929347038269
0.8416019082069397
0.7727029919624329
0.6905020475387573
0.6276950836181641
0.5916122794151306
0.5397653579711914
0.49446001648902893
0.44589361548423767
0.4152985215187073
0.3860352635383606
0.37502866983413696
0.3453151285648346
0.3226484954357147
0.2990228533744812
0.28600451350212097
0.26879680156707764
0.25098946690559387
0.24263572692871094
0.22289937734603882
0.21255291998386383
0.20874716341495514
0.1980021893978119
0.1798994094133377
0.18098996579647064
0.16931875050067902
0.15675073862075806
0.14782294631004333
0.14326369762420654
0.13738811016082764
0.13690166175365448
0.13051681220531464
0.12976613640785217
0.1202518418431282
0.11415788531303406
0.11402726918458939
0.11066269874572754
0.11358455568552017
0.10602615028619766
0.10012166947126389
0.09894616156816483
0.10451480001211166
0.09618981182575226
0.09552133828401566
0.0930277556180954
0.09473806619644165
0.08690152317285538
0.08529846370220184
0.09205976128578186
0.08739259839057922
0.08396117389202118
0.09096742421388626
0.0843033418059349
0.07910079509019852
0.07941348105669022
0.07465378940105438
0.07628249377012253
0.07832034677267075
0.07217520475387573
0.07122429460287094
0.07207785546779633
0.06851792335510254
0.07062503695487976
0.06387206166982651
0.06382285058498383
0.06823627650737762
0.07537201046943665
0.06575058400630951
0.06304870545864105
0.059519149363040924
0.0636272206902504
0.06564538925886154
0.06675158441066742
0.06240510940551758
0.05889061465859413
0.06326939910650253
0.062166567891836166
0.05572380870580673
0.059904519468545914
0.06042824313044548
0.05714813992381096
0.05975613743066788
0.057529814541339874
0.05785483866930008
0.05598754435777664
0.058766189962625504
0.058177974075078964
0.05844276770949364
no squeeze
2.9120230674743652
1.3760457038879395
0.9969907402992249
0.7368307113647461
0.6042917370796204
0.4871872365474701
0.4246062636375427
0.3706924021244049
0.3272015452384949
0.28518620133399963
0.25497516989707947
0.23081304132938385
0.21601706743240356
0.19791299104690552
0.19070880115032196
0.17508211731910706
0.14964628219604492
0.1389966607093811
0.13873104751110077
0.13422280550003052
0.11498544365167618
0.11212106049060822
0.1102219969034195
0.09559193253517151
0.0976426973938942
0.09724215418100357
0.09107495844364166
0.08487962186336517
0.09589771926403046
0.08819937705993652
0.07898524403572083
0.07044267654418945
0.06745214760303497
0.05958970636129379
0.06750670075416565
0.07226017862558365
0.07869193702936172
0.05957899987697601
0.05473191291093826
0.059211067855358124
0.05756145343184471
0.05671648681163788
0.05519099161028862
0.05135292187333107
0.049459390342235565
0.04882223531603813
0.05095287039875984
0.04746368154883385
0.04905027523636818
0.047500886023044586
0.045687947422266006
0.04443429782986641
0.044877249747514725
0.03938128054141998
0.04458748921751976
0.04399583488702774
0.03764237090945244
0.043443091213703156
0.04317609965801239
0.04256431385874748
0.042651042342185974
0.0407211035490036
0.04062535986304283
0.03408399596810341
0.036995578557252884
0.040910832583904266
0.03154470771551132
0.03384948894381523
0.033453430980443954
0.03328445553779602
0.034412357956171036
0.03531547635793686
0.034333474934101105
0.03480987995862961
0.036397967487573624
0.03475920110940933
0.027703888714313507
0.033355869352817535
0.03179365023970604
0.033667802810668945
0.030790572986006737
0.03249349445104599
0.032274454832077026
0.03236222267150879
0.032951802015304565
0.031382519751787186
0.027446022257208824
0.031495220959186554
0.02911088429391384
0.03286553919315338
0.02968483231961727
0.029318107292056084
0.03154638037085533
0.025308998301625252
0.032709941267967224
0.03795408457517624
0.029087908565998077
0.026392333209514618
0.027322078123688698
0.03186465799808502
0.02774343639612198
0.021623099222779274
0.028231091797351837
0.027541661635041237
0.02883554995059967
0.028289295732975006
0.028102153912186623
0.02506440505385399
0.02419555000960827
0.026810549199581146
0.026709457859396935
0.024645932018756866
no squeeze
1.9001539945602417
1.039023995399475
0.7359406352043152
0.4981282353401184
0.40332645177841187
0.3224811255931854
0.267673134803772
0.27144548296928406
0.3026127219200134
0.326086163520813
0.3315335810184479
0.2804013192653656
0.20838506519794464
0.5336016416549683
0.38318750262260437
0.2618236839771271
0.30421483516693115
0.2635571360588074
0.25977057218551636
0.31179171800613403
0.35202082991600037
0.20015724003314972
0.22408773005008698
0.2640232741832733
0.20204386115074158
0.18228638172149658
0.2238364815711975
0.14931796491146088
0.1823958307504654
0.2688146233558655
0.25354158878326416
0.2269352227449417
0.15759669244289398
0.15127666294574738
0.23986174166202545
0.3641105592250824
0.21336932480335236
0.20650933682918549
