no squeeze
18.237747192382812
6.392906665802002
3.8879282474517822
2.5369527339935303
1.9304031133651733
1.8059660196304321
1.6922801733016968
1.4481183290481567
1.4616413116455078
1.6598118543624878
1.4106086492538452
1.1896432638168335
1.0408567190170288
1.2348867654800415
0.8471789956092834
1.1137064695358276
1.3167539834976196
0.9982832074165344
0.9723289012908936
1.1916135549545288
0.9812709093093872
1.0181076526641846
0.8997835516929626
1.2511652708053589
0.8958536982536316
no squeeze
20.055343627929688
4.970203876495361
2.190498113632202
1.515217900276184
0.9191955924034119
0.7365319132804871
0.641392171382904
0.47648531198501587
0.41991299390792847
0.41203418374061584
0.32177236676216125
0.4491681754589081
0.3998580276966095
0.3252885639667511
0.2619389295578003
0.28845521807670593
0.1917184591293335
0.155178964138031
0.2015426605939865
0.1325008124113083
0.13975419104099274
0.24042260646820068
0.10460806638002396
0.12140532582998276
0.15753164887428284
0.23576733469963074
0.1184152364730835
0.1984604299068451
0.21187441051006317
0.15729974210262299
0.1226637065410614
0.08120570331811905
0.08581038564443588
0.10595620423555374
0.06347368657588959
0.06330469250679016
0.13983966410160065
0.08125051856040955
0.1230955719947815
0.08026532083749771
0.12371476739645004
0.2619773745536804
0.22012782096862793
0.15273968875408173
0.05439133942127228
0.12097085267305374
0.06122947111725807
0.0443243533372879
0.05734077841043472
0.04638214781880379
0.04787560924887657
0.07476245611906052
0.08563534915447235
0.13704539835453033
0.03534482792019844
0.049823056906461716
0.0666537806391716
0.05687529593706131
0.07388552278280258
0.10742619633674622
0.06871680915355682
0.11421579122543335
0.13803859055042267
0.08415096998214722
0.09747723489999771
no squeeze
23.191415786743164
9.161102294921875
5.33760404586792
3.6841506958007812
2.597996711730957
2.3857674598693848
1.7355114221572876
1.649694561958313
1.475637435913086
1.29070246219635
1.3357486724853516
1.3354018926620483
1.2052708864212036
1.0334696769714355
1.178207278251648
0.9199705123901367
0.639767587184906
0.7758129239082336
0.6439354419708252
0.6721846461296082
0.89813232421875
0.8884705305099487
0.4652419090270996
0.49552440643310547
0.5720512866973877
0.48873013257980347
0.5318505764007568
0.5494384765625
0.36744749546051025
0.3494834005832672
0.536799967288971
0.36752817034721375
0.34687528014183044
0.3356512188911438
0.3314298987388611
0.45388010144233704
0.5367917418479919
0.3343659043312073
0.2846953272819519
0.2765233814716339
0.3830198347568512
0.5083301663398743
0.3573155701160431
0.19762296974658966
0.17580901086330414
0.18493297696113586
0.24483942985534668
0.1632976084947586
0.34300267696380615
0.19836513698101044
0.3200778663158417
0.21556849777698517
0.17650748789310455
0.28097283840179443
0.32776495814323425
0.1906842738389969
0.14863774180412292
0.120094433426857
0.1598370224237442
0.18026581406593323
0.20648795366287231
0.15285736322402954
0.216878741979599
0.2982197403907776
0.259660929441452
0.2293345183134079
0.11958573013544083
0.1485213190317154
0.11180412024259567
0.07679875940084457
0.13236071169376373
0.14256437122821808
0.14445173740386963
0.21087941527366638
0.37637585401535034
0.1807650327682495
0.19157296419143677
0.21249325573444366
0.14829961955547333
0.13672994077205658
no squeeze
21.41867446899414
9.772273063659668
6.7707672119140625
5.198492050170898
4.194081783294678
3.477151870727539
2.9185471534729004
2.690490961074829
2.417436122894287
2.2338991165161133
2.022310733795166
1.952216625213623
1.757359504699707
1.695897102355957
1.6884715557098389
1.4816253185272217
1.5398495197296143
1.5904695987701416
1.4208308458328247
1.3470699787139893
1.3117592334747314
1.2883671522140503
1.1911532878875732
1.2360130548477173
1.2014890909194946
1.331874132156372
1.1302015781402588
1.1323975324630737
1.1699788570404053
1.1980019807815552
1.0587127208709717
1.0810245275497437
1.0066066980361938
0.9030998349189758
0.9049830436706543
1.0557149648666382
0.9338805675506592
0.8957703709602356
0.8621480464935303
0.841521143913269
0.908309817314148
0.7971462607383728
0.8685163855552673
0.8350752592086792
0.7967744469642639
0.7818470597267151
0.8029912710189819
0.7643990516662598
0.7156999707221985
0.7911533117294312
0.7083503603935242
0.7463630437850952
0.7328078746795654
0.6601480841636658
0.699323832988739
0.5938494801521301
0.6576650738716125
0.6201868057250977
0.6801620721817017
0.6076443791389465
0.6883231997489929
0.6002231240272522
0.6120568513870239
0.6437970995903015
0.6249496936798096
0.5756090879440308
0.5244041085243225
0.5247296690940857
0.5007572174072266
0.5155156850814819
0.5555707812309265
0.5650079846382141
0.4825407862663269
0.5319551229476929
0.54119473695755
0.4717811942100525
0.5037007331848145
0.5055525898933411
0.4194677174091339
0.5260648131370544
0.4477163553237915
0.43561089038848877
0.42990028858184814
0.4543931186199188
0.44006985425949097
0.4249115586280823
0.44595232605934143
0.5318081378936768
0.4482540190219879
no squeeze
23.26154327392578
8.313251495361328
5.471440315246582
4.254736423492432
3.318221092224121
3.0033681392669678
2.433661937713623
2.1452689170837402
1.8816746473312378
1.8587099313735962
1.5911210775375366
1.5848100185394287
1.5273222923278809
1.4457906484603882
1.3816182613372803
1.300359845161438
1.1464124917984009
1.169765591621399
1.1113771200180054
1.0877041816711426
1.285416603088379
1.1636250019073486
1.132803201675415
0.951474666595459
0.9723223447799683
0.863732099533081
0.8953136205673218
0.9440784454345703
0.9829047918319702
0.8818820118904114
0.9135720133781433
0.8255963921546936
0.8432838916778564
0.892376184463501
0.8121002316474915
0.8591118454933167
0.7676128149032593
0.7796891331672668
0.7052848935127258
0.6928885579109192
0.6674586534500122
0.6420283317565918
0.694632887840271
0.6566511392593384
0.6378156542778015
0.631478488445282
0.7340912222862244
0.6358142495155334
0.706201434135437
0.5742611885070801
0.7375516295433044
0.584337592124939
0.7047607898712158
0.5951385498046875
0.6213310360908508
0.5419822931289673
0.530086874961853
0.597554087638855
0.5006775856018066
0.6220459342002869
0.4865599274635315
0.5462703704833984
0.46035924553871155
0.45317578315734863
0.49613988399505615
0.45938438177108765
0.47736090421676636
0.46183276176452637
0.5112300515174866
0.5213411450386047
0.44898876547813416
0.4201521873474121
0.4244439899921417
0.47379428148269653
0.4087775647640228
0.4289320409297943
0.3991158902645111
0.41706857085227966
0.41861820220947266
0.45689281821250916
0.3760007321834564
0.36985155940055847
0.3678736090660095
0.38884326815605164
0.4188788831233978
0.35871413350105286
0.46731314063072205
0.393189013004303
0.3535948097705841
0.3753206431865692
0.3327122628688812
0.32419371604919434
0.3711594045162201
0.3749069273471832
0.3487807810306549
0.30706706643104553
0.3858654201030731
0.3313677906990051
0.3439527451992035
0.32080724835395813
0.3616790771484375
0.30437105894088745
0.3616621196269989
0.3215019106864929
0.33657968044281006
0.3560962378978729
0.3165586292743683
0.2931370139122009
0.3454476594924927
0.2817583382129669
0.2737336754798889
0.27383431792259216
0.31866416335105896
0.3050195872783661
0.3159710168838501
0.2981458008289337
0.28281617164611816
0.2618825137615204
0.2613477110862732
0.2462063878774643
0.26614487171173096
0.24840781092643738
0.30291256308555603
0.29892870783805847
0.2851801812648773
0.2493268996477127
0.2918839752674103
0.3023388385772705
0.23859940469264984
0.25978633761405945
0.23362679779529572
0.3093554973602295
0.2597515285015106
0.24272732436656952
0.2543677091598511
0.3148210346698761
0.23087801039218903
0.2281830757856369
0.27250179648399353
0.2318372130393982
0.20869968831539154
0.25287458300590515
0.26530978083610535
0.24219068884849548
0.23707906901836395
0.2096427083015442
0.21080416440963745
0.20464955270290375
0.20367558300495148
0.19859391450881958
0.19432710111141205
0.2048603594303131
0.23483066260814667
0.2417934238910675
0.19669127464294434
0.20719285309314728
0.18085350096225739
0.19147734344005585
0.18146322667598724
0.1664634346961975
0.19332531094551086
0.2106391042470932
0.17753355205059052
0.2073347568511963
0.1857706755399704
0.20015375316143036
0.17941169440746307
0.192116379737854
0.19715328514575958
0.26227444410324097
no squeeze
13.833155632019043
4.633544921875
2.7380690574645996
1.771322250366211
2.5357120037078857
3.2800674438476562
1.3874289989471436
1.5187509059906006
1.3711415529251099
1.1492341756820679
2.5065972805023193
1.5526554584503174
1.8862158060073853
2.4286413192749023
1.5711039304733276
2.1323764324188232
2.7950005531311035
1.7441362142562866
0.9261980056762695
1.2899410724639893
0.9981018900871277
1.5678532123565674
1.737623929977417
1.1309438943862915
2.124005079269409
1.7222446203231812
1.4654725790023804
1.3541315793991089
1.5951787233352661
