no squeeze
47.52553176879883
15.11371898651123
11.13158893585205
5.706826210021973
5.15689754486084
3.8827743530273438
3.683455467224121
3.1489803791046143
3.0523555278778076
2.78556752204895
2.7347829341888428
2.5904903411865234
2.5631842613220215
2.4757368564605713
2.4559524059295654
2.4050419330596924
2.395038366317749
2.3573014736175537
2.3491103649139404
2.326003313064575
2.3236842155456543
2.30657958984375
2.304131507873535
2.2963438034057617
2.2918858528137207
2.283292531967163
2.2811412811279297
2.280168294906616
2.276881456375122
2.273503541946411
2.274601697921753
2.2734503746032715
2.2732315063476562
2.2742018699645996
2.2736263275146484
2.269263505935669
2.269880533218384
2.2700603008270264
no squeeze
48.14533233642578
13.215326309204102
9.022448539733887
4.244534969329834
3.764524459838867
2.6381266117095947
2.460662841796875
1.9817405939102173
1.897223949432373
1.664846420288086
1.6220762729644775
1.498157024383545
1.474174976348877
1.4000734090805054
1.3854920864105225
1.3392823934555054
1.328813076019287
1.29354727268219
1.2861124277114868
1.2633811235427856
1.258836269378662
1.2398749589920044
1.235677719116211
1.2243975400924683
1.2202422618865967
1.2109853029251099
1.2105858325958252
1.2063542604446411
1.203971028327942
1.1990413665771484
1.197884440422058
1.1959902048110962
1.1951730251312256
1.1925004720687866
1.192460298538208
1.1903703212738037
1.191131353378296
1.192100167274475
no squeeze
48.722408294677734
18.67228889465332
13.949278831481934
4.912065505981445
4.10886287689209
2.4884796142578125
2.2381997108459473
1.5686348676681519
1.445738434791565
1.0889513492584229
1.0176405906677246
0.7999718189239502
0.7562674880027771
0.6121094822883606
0.5826963782310486
0.48499834537506104
0.46373823285102844
0.3953979015350342
0.3802621364593506
0.33049434423446655
0.3198445737361908
0.2852294147014618
0.27748048305511475
0.25214722752571106
0.2464466542005539
0.22803212702274323
0.22375403344631195
0.20903243124485016
0.20572064816951752
0.1948413997888565
0.19237206876277924
0.18384386599063873
0.18196652829647064
0.17486530542373657
0.17358030378818512
0.16790486872196198
0.1665818691253662
0.16235782206058502
0.1613202691078186
0.15782113373279572
0.15698663890361786
0.1540898084640503
0.15329624712467194
0.15094509720802307
0.1506258249282837
0.14839453995227814
0.14778771996498108
0.14624936878681183
0.14598749577999115
0.14465443789958954
0.1442229151725769
0.14337243139743805
0.142999529838562
0.14193323254585266
0.14149746298789978
0.14105470478534698
0.14061148464679718
0.1399344950914383
0.13988672196865082
0.1394168734550476
0.13920879364013672
0.13852372765541077
0.13866578042507172
0.13811315596103668
0.13790775835514069
0.13764657080173492
0.13758264482021332
0.13713520765304565
0.13718761503696442
0.1367570012807846
0.1366339474916458
0.13672266900539398
0.1364458203315735
0.136211097240448
0.13613088428974152
0.1362241804599762
0.13590802252292633
0.13573484122753143
0.13578329980373383
0.13548238575458527
0.13571925461292267
0.13511912524700165
0.13552266359329224
0.13522563874721527
no squeeze
49.01032257080078
27.228971481323242
22.57801628112793
13.22597885131836
12.232293128967285
9.938173294067383
9.546004295349121
8.436746597290039
8.210411071777344
7.51309871673584
7.367442607879639
6.885403633117676
6.777500629425049
6.4197211265563965
6.338730335235596
6.0690531730651855
6.004621982574463
5.7904558181762695
5.7381696701049805
5.562800407409668
5.519722938537598
5.3737335205078125
5.336690425872803
5.207089900970459
5.178555011749268
5.070131301879883
5.039590358734131
4.941399097442627
4.920222759246826
4.822319984436035
4.801949977874756
4.710005760192871
4.690128326416016
4.60964298248291
4.586065769195557
4.519041061401367
4.4912495613098145
4.414356708526611
4.394165992736816
4.321173667907715
4.303861141204834
4.2308430671691895
4.211829662322998
4.146589279174805
4.121728897094727
4.050704002380371
4.0333662033081055
3.9640743732452393
3.9432570934295654
3.873814105987549
3.8562848567962646
3.785452365875244
3.7693638801574707
3.700756072998047
3.6877920627593994
3.618696689605713
3.600712776184082
3.5372774600982666
3.521503448486328
3.4565908908843994
3.4454658031463623
3.386136054992676
3.3631949424743652
3.3063371181488037
3.2916038036346436
3.235395908355713
3.2193048000335693
3.1685986518859863
3.1533665657043457
3.1029434204101562
3.0901854038238525
3.0531797409057617
3.031407117843628
2.9875388145446777
2.9742953777313232
2.9339592456817627
2.9288511276245117
2.8888230323791504
2.8792905807495117
2.8481388092041016
2.839747428894043
2.8092477321624756
2.7999584674835205
2.7743947505950928
2.7717502117156982
2.74853777885437
2.7479135990142822
2.721728801727295
2.7187294960021973
2.7025134563446045
2.694977283477783
2.682736873626709
2.676457405090332
2.667844533920288
2.659038782119751
2.648848295211792
2.6434435844421387
2.6342878341674805
2.6374406814575195
2.624880075454712
2.6162235736846924
2.6041042804718018
2.5997018814086914
2.5920872688293457
2.5892670154571533
2.579073905944824
2.5731608867645264
2.566544771194458
2.5631871223449707
2.5504746437072754
2.554704427719116
2.539055109024048
2.5417251586914062
2.5262022018432617
2.5244438648223877
2.5151567459106445
2.509614944458008
2.502110719680786
2.50404953956604
2.4885237216949463
2.484389066696167
2.4807748794555664
2.478377103805542
2.4652581214904785
2.4607584476470947
2.453765869140625
2.4504828453063965
2.444223403930664
2.4401497840881348
2.427974224090576
2.430802822113037
2.418050765991211
2.41927170753479
2.4158401489257812
2.410179376602173
2.3997738361358643
2.3994710445404053
2.398343563079834
2.3916404247283936
2.3861513137817383
2.383345603942871
2.37705397605896
2.373993396759033
2.366666555404663
2.3723349571228027
2.3635568618774414
2.3699634075164795
2.3548903465270996
2.3603055477142334
2.3448078632354736
2.3446578979492188
2.3450891971588135
2.3406331539154053
2.3391366004943848
2.33363676071167
2.330854892730713
2.3353002071380615
2.3240373134613037
2.338493824005127
2.3223085403442383
2.320958375930786
2.318950653076172
2.3154361248016357
2.3112239837646484
2.3138699531555176
2.308530569076538
2.3085834980010986
2.3053877353668213
2.307483673095703
2.299243927001953
2.2984566688537598
2.3006410598754883
2.2993392944335938
2.2934558391571045
2.2986295223236084
2.2897510528564453
2.287763833999634
2.2891533374786377
2.2898552417755127
2.2831826210021973
2.2817752361297607
2.2805986404418945
2.286985397338867
2.275317430496216
2.2768001556396484
2.271529197692871
2.276205062866211
2.2696712017059326
2.2732250690460205
2.2695279121398926
2.2729432582855225
2.2682435512542725
2.2669291496276855
2.266653537750244
2.267075538635254
2.2712223529815674
no squeeze
48.733604431152344
22.86272621154785
19.20182228088379
11.38778305053711
10.335029602050781
7.792680263519287
7.358973979949951
6.129519939422607
5.892953872680664
5.182962417602539
5.039011478424072
4.58914041519165
4.496048927307129
4.198746681213379
4.135120391845703
3.9264252185821533
3.876325845718384
3.7140660285949707
3.6781651973724365
3.554539680480957
3.523055076599121
3.4196364879608154
3.394284725189209
3.3111538887023926
3.2913131713867188
3.2294516563415527
3.2048399448394775
3.1425621509552
3.1320064067840576
3.080487012863159
3.066348075866699
3.0287468433380127
3.016878843307495
2.978848457336426
2.9755828380584717
2.9380481243133545
2.93196964263916
2.907057046890259
2.9054887294769287
2.8741531372070312
2.8685953617095947
2.8505845069885254
2.843625545501709
2.8274009227752686
2.8222496509552
2.8034260272979736
2.804952621459961
2.788222312927246
2.7845871448516846
2.775869846343994
2.771561622619629
2.762272357940674
2.7572367191314697
2.7455058097839355
2.742424964904785
2.7336297035217285
2.7312839031219482
2.7235164642333984
2.722872734069824
2.7140121459960938
2.7091121673583984
2.703173875808716
2.7009055614471436
2.695669174194336
2.701261281967163
2.6895275115966797
2.690030097961426
2.6825509071350098
2.679011583328247
2.6788017749786377
2.6731345653533936
2.6694743633270264
2.6690735816955566
2.6661763191223145
2.662785053253174
2.6581544876098633
2.655029058456421
2.6526095867156982
2.651036500930786
2.6489851474761963
2.647341728210449
2.6433513164520264
2.642817497253418
2.6395907402038574
2.6378304958343506
2.6365387439727783
2.63313627243042
2.6331734657287598
2.6356568336486816
2.6368870735168457
no squeeze
45.8275032043457
8.779153823852539
7.899999618530273
6.870728969573975
6.804024696350098
6.708303451538086
6.696480751037598
6.68398904800415
6.682170867919922
6.6779375076293945
6.679388523101807
6.682633876800537
