no squeeze
1.9408282041549683
0.46058258414268494
0.27146393060684204
0.20921838283538818
0.19282293319702148
0.19095776975154877
0.17551985383033752
0.15206509828567505
0.1549488604068756
0.12128956615924835
0.13489177823066711
0.12451357394456863
0.12569653987884521
0.13724824786186218
0.121000736951828
0.11115086823701859
0.1196209043264389
0.1423676759004593
0.11272193491458893
0.12022607773542404
0.10056836158037186
0.11429973691701889
0.10211098939180374
0.09999636560678482
0.09849587082862854
0.07750368118286133
0.11320530623197556
0.0985417515039444
0.10589630901813507
0.10345269739627838
0.09563235938549042
0.12015879154205322
0.12063312530517578
0.09588155150413513
0.08111616224050522
0.10150395333766937
no squeeze
1.7699642181396484
0.47862347960472107
0.25532639026641846
0.18459156155586243
0.1587878316640854
0.13320192694664001
0.14517846703529358
0.13825654983520508
0.12692998349666595
0.11976885050535202
0.1314878612756729
0.15248648822307587
0.11782240867614746
0.120966836810112
0.11813333630561829
0.12198885530233383
0.12419552356004715
0.1080605536699295
0.13037630915641785
0.1325940191745758
0.11593373864889145
0.12676137685775757
0.10915111005306244
0.11856954544782639
0.11852937191724777
0.11787828058004379
0.1000630110502243
0.10662642121315002
0.11088141798973083
0.11726826429367065
0.12024879455566406
0.11682181805372238
0.095755934715271
0.09817451983690262
0.09603621810674667
0.10456137359142303
0.10962896049022675
0.10745581239461899
0.1233372837305069
0.09564028680324554
0.10721208900213242
0.0906587764620781
0.08425670117139816
0.08940666168928146
0.0982639417052269
0.08891820907592773
0.0833878293633461
0.11084911972284317
0.12683439254760742
0.09141900390386581
0.1047908365726471
0.13136494159698486
0.11869380623102188
0.08615367114543915
0.08538765460252762
0.07390817254781723
0.08767510950565338
0.07542117685079575
0.07901430875062943
0.08383514732122421
0.09629807621240616
0.09240888804197311
0.08409634232521057
0.08214297145605087
0.10309206694364548
0.10701478272676468
no squeeze
2.5881807804107666
0.9466620087623596
0.5212433338165283
0.4033675491809845
0.31700584292411804
0.27006852626800537
0.24880850315093994
0.249894917011261
0.22641922533512115
0.2939491868019104
0.23891770839691162
0.24482686817646027
0.23247677087783813
0.1768971085548401
0.2247110903263092
0.1746874302625656
0.20511241257190704
0.18702979385852814
0.2021317034959793
0.232735276222229
0.2228168398141861
0.16904643177986145
0.20653952658176422
0.20827752351760864
0.22328203916549683
0.16979476809501648
0.16216890513896942
0.22072048485279083
0.18793421983718872
0.1855987310409546
0.19799235463142395
0.169705331325531
0.26105961203575134
0.20015060901641846
0.14030656218528748
0.17632900178432465
0.14476488530635834
0.1890874058008194
0.1811387985944748
0.22773465514183044
0.2175191342830658
0.14576537907123566
0.14727237820625305
0.16749884188175201
0.15986007452011108
no squeeze
2.6267929077148438
1.0175591707229614
0.6952652335166931
0.5054543614387512
0.4236691892147064
0.35015204548835754
0.3142434060573578
0.2734283208847046
0.28627198934555054
0.25008371472358704
0.24651770293712616
0.22488762438297272
0.201998770236969
0.20058423280715942
0.2046472430229187
0.21249644458293915
0.1839214563369751
0.17547689378261566
0.17413674294948578
0.16370746493339539
0.15766456723213196
0.17929495871067047
0.15114441514015198
0.15019026398658752
0.1418411135673523
0.14650464057922363
0.12486311793327332
0.1338481307029724
0.13953299820423126
0.1422184407711029
0.14393264055252075
0.13693375885486603
0.12304854393005371
0.1300562471151352
0.1363159567117691
0.12650254368782043
0.13316728174686432
0.13542130589485168
0.12652750313282013
0.12237124890089035
0.11947228014469147
0.13104312121868134
0.1180478110909462
0.11583848297595978
0.11815211176872253
0.11958850175142288
0.12170539051294327
0.11478136479854584
0.11525232344865799
0.11112766712903976
0.11017816513776779
0.11317688971757889
0.10254788398742676
0.11070036143064499
0.10401537269353867
0.11233782768249512
0.1159432902932167
0.10937299579381943
0.11195160448551178
0.10028129070997238
0.10785938799381256
0.09811720997095108
0.09897805750370026
0.09957807511091232
0.09751355648040771
0.09743986278772354
0.09832338243722916
0.10751030594110489
0.0977512001991272
0.10063043981790543
0.09554021060466766
0.10354773700237274
0.09465775638818741
0.10260337591171265
0.09854462742805481
0.10112767666578293
0.0905618891119957
0.09938813000917435
0.09354866296052933
0.09652631729841232
0.09094816446304321
0.09276198595762253
0.09275856614112854
0.0913219302892685
0.09418349713087082
0.092166967689991
0.08945605903863907
0.09138043224811554
0.08627122640609741
0.09428433328866959
0.08496277034282684
0.09430570155382156
0.08476324379444122
0.08773535490036011
0.08451937884092331
0.0910266637802124
0.08159278333187103
0.08421866595745087
0.08008994162082672
0.08556822687387466
0.08940352499485016
0.0820690467953682
0.08743295073509216
0.08444921672344208
0.07829716056585312
0.07992327958345413
0.07543852180242538
0.07988905906677246
0.08805183321237564
0.08589988201856613
0.07949414849281311
0.0764298215508461
0.07825016230344772
0.08192910999059677
0.08048468828201294
0.07286882400512695
0.0763983428478241
0.0734625905752182
0.07540465146303177
0.07541041076183319
0.07545513659715652
0.07303855568170547
0.07376326620578766
0.07067651301622391
0.0766795426607132
0.07196332514286041
0.07437684386968613
0.07624945789575577
0.07436653971672058
0.07300488650798798
0.07318530976772308
0.07022150605916977
0.07178029417991638
0.07504818588495255
0.0726209208369255
0.0698709636926651
0.07233830541372299
0.07072625309228897
0.0719413235783577
0.08088796585798264
0.07688096165657043
0.06944544613361359
0.06865330785512924
0.07687792181968689
0.07061824202537537
0.06958747655153275
0.07308253645896912
0.07379275560379028
0.0720985010266304
0.06778328120708466
0.07265591621398926
0.07045995444059372
0.07304394245147705
0.06957729905843735
0.06696801632642746
0.06724414229393005
0.06645876169204712
0.07288872450590134
0.06806730479001999
0.06463737785816193
0.06887559592723846
0.06555207818746567
0.06623397767543793
0.06419521570205688
0.06615211069583893
0.06514280289411545
0.06880352646112442
0.06649128347635269
0.06689834594726562
0.06557183712720871
0.06337802857160568
0.06342416256666183
0.06374716013669968
0.06560677289962769
0.06235816329717636
0.06489082425832748
0.061411596834659576
0.06323125213384628
0.06254378706216812
0.06300358474254608
0.060738954693078995
0.062271848320961
0.060882970690727234
0.06433852016925812
0.06954163312911987
0.06311006098985672
0.06245490536093712
0.059815023094415665
0.060592953115701675
0.06666097044944763
0.06164374202489853
0.05994556471705437
0.060918647795915604
0.06185479089617729
0.06139243021607399
0.06188797578215599
0.06085968762636185
0.057920027524232864
0.05855409801006317
0.058235038071870804
0.058735400438308716
0.05880969390273094
0.06258521229028702
0.060369547456502914
0.05759219825267792
0.055452872067689896
0.058238010853528976
0.05723370984196663
0.0603301003575325
0.05692021921277046
0.05637357756495476
0.06135609373450279
0.060205020010471344
0.056014399975538254
0.057494211941957474
0.05993638560175896
no squeeze
2.0261881351470947
0.7281073927879333
0.4720805883407593
0.38792988657951355
0.30979984998703003
0.3096151351928711
0.24222341179847717
0.20173437893390656
0.18980249762535095
0.17954882979393005
0.1898953765630722
0.19626425206661224
0.16732804477214813
0.1426761895418167
0.1444617211818695
0.14687421917915344
0.12813931703567505
0.14238019287586212
0.14293943345546722
0.12012270838022232
0.12768353521823883
0.11202718317508698
0.1162586435675621
0.11002650856971741
0.11861681193113327
0.11787434667348862
0.11831427365541458
0.1052200049161911
0.12345611304044724
0.10878321528434753
0.11743255704641342
0.09174469858407974
0.12018328905105591
0.1099974662065506
0.09904411435127258
0.10256167501211166
0.09293381869792938
0.12414974719285965
0.10256152600049973
0.09688202291727066
0.09000321477651596
0.09773281961679459
0.08583573251962662
0.08766358345746994
0.09430854767560959
0.08361794799566269
0.10377805680036545
0.09547314792871475
0.08925528079271317
0.08561386913061142
0.08896587044000626
0.0858195573091507
0.08155224472284317
0.08867458999156952
0.07918663322925568
0.0888701006770134
0.07855774462223053
0.09509748220443726
0.08183982968330383
0.07911527901887894
0.09105127304792404
0.07943996042013168
0.08198675513267517
0.08669087290763855
0.08321496099233627
0.07701142132282257
0.07259859144687653
0.07905910164117813
0.07458425313234329
0.07298164069652557
0.08023365586996078
0.07432358711957932
0.07428527623414993
0.07258134335279465
0.07421784847974777
0.07870672643184662
0.0836431011557579
0.07211580872535706
0.06993845850229263
0.06637205928564072
0.066724993288517
0.06811963021755219
0.06694578379392624
0.06851378083229065
0.07759228348731995
0.07945504784584045
0.07273367792367935
0.06372532248497009
0.06857308745384216
0.06336900591850281
0.0638362243771553
0.06041108816862106
0.0740911141037941
0.07207401841878891
0.0722728967666626
0.07373378425836563
0.06384353339672089
0.07527605444192886
0.06362605094909668
0.0664062649011612
0.06860948354005814
0.0709446370601654
no squeeze
2.113766670227051
0.32573792338371277
0.2510567307472229
0.15716402232646942
0.20290541648864746
0.16116540133953094
0.13404592871665955
0.16412074863910675
0.1534845530986786
0.14276188611984253
0.1488994061946869
0.11737143248319626
0.11296721547842026
0.13161078095436096
0.14001280069351196
0.10937771201133728
0.15334410965442657
0.1393509805202484
0.16329023241996765
0.18947336077690125
0.1492541879415512
0.10635186731815338
0.11909578740596771
0.10295473784208298
0.10949186980724335
0.11973405629396439
0.13371221721172333
0.0829552561044693
0.10469713807106018
0.08429250121116638
0.098780557513237
0.12843556702136993
0.09485569596290588
0.1077236607670784
0.10507864505052567
0.16988864541053772
0.12599021196365356
0.12415880709886551
