no squeeze
37.0021858215332
6.928150653839111
5.91287088394165
4.023608207702637
3.7717950344085693
3.153306722640991
3.046398162841797
2.741147756576538
2.6845827102661133
2.5087625980377197
2.47145676612854
2.36212420463562
2.3396754264831543
2.2666797637939453
2.2508623600006104
2.2046778202056885
2.1941797733306885
2.164785146713257
2.1606292724609375
2.143885612487793
2.1399550437927246
2.129697799682617
2.1265828609466553
2.1232542991638184
2.121082305908203
2.115417242050171
2.120786190032959
2.1151492595672607
2.113055944442749
2.1147208213806152
2.1154727935791016
2.1224474906921387
no squeeze
37.8336181640625
9.022228240966797
6.541033744812012
3.081413745880127
2.7166903018951416
1.919111728668213
1.798972249031067
1.4965075254440308
1.4461748600006104
1.3135836124420166
1.2902207374572754
1.229189157485962
1.218705654144287
1.1855705976486206
1.1805983781814575
1.1603387594223022
1.154910683631897
1.1464519500732422
1.1409326791763306
1.1339176893234253
1.1328880786895752
1.12834894657135
1.1267808675765991
1.1274397373199463
1.1258471012115479
1.1223499774932861
1.123642086982727
1.1250218152999878
no squeeze
38.15889358520508
8.44909381866455
6.904102802276611
3.678636312484741
3.217725992202759
2.049945831298828
1.8471778631210327
1.2792948484420776
1.1749738454818726
0.8736721873283386
0.8150733709335327
0.6385136246681213
0.6030398607254028
0.4903513491153717
0.46636587381362915
0.38871943950653076
0.3724261522293091
0.32073602080345154
0.3088163137435913
0.2709449529647827
0.2631238102912903
0.23723958432674408
0.23154865205287933
0.2125358283519745
0.20861883461475372
0.19516721367835999
0.1921544224023819
0.18239903450012207
0.18019841611385345
0.17235028743743896
0.17058773338794708
0.16453975439071655
0.16325818002223969
0.15875771641731262
0.15769633650779724
0.15417751669883728
0.15346920490264893
0.15051805973052979
0.14975593984127045
0.1471114456653595
0.14660459756851196
0.14459268748760223
0.14398518204689026
0.14234678447246552
0.14192533493041992
0.14027352631092072
0.13994264602661133
0.1385408490896225
0.1382986605167389
0.13685739040374756
0.136617049574852
0.13556024432182312
0.13526032865047455
0.13432197272777557
0.13411815464496613
0.1331753432750702
0.13298413157463074
0.1321575790643692
0.13212823867797852
0.13115298748016357
0.13115280866622925
0.13018222153186798
0.1301949918270111
0.12993744015693665
0.12965388596057892
0.1290135383605957
0.12888392806053162
0.12852314114570618
0.12851329147815704
0.1278757005929947
0.12784485518932343
0.12740835547447205
0.12732861936092377
0.12701500952243805
0.12684495747089386
0.1266099065542221
0.12658944725990295
0.1260167956352234
0.1261497139930725
0.12587043642997742
0.12607289850711823
0.12559913098812103
0.12546947598457336
0.12529230117797852
0.1250799000263214
0.12503185868263245
0.12499375641345978
0.12478813529014587
0.12499216943979263
0.12452619522809982
0.12436757981777191
0.12409941107034683
0.12435945123434067
0.12389184534549713
0.12397979199886322
0.12370696663856506
0.12401926517486572
0.12361966073513031
0.12375950813293457
0.12383408099412918
no squeeze
39.05542755126953
21.362581253051758
17.76656150817871
11.077977180480957
10.295379638671875
8.38943099975586
8.06442642211914
7.133001327514648
6.94107723236084
6.344625473022461
6.220312118530273
5.802809238433838
5.708889484405518
5.392482280731201
5.319665908813477
5.07266902923584
5.012669086456299
4.813417911529541
4.76344633102417
4.592051029205322
4.547689437866211
4.3949079513549805
4.3579020500183105
4.21781587600708
4.184483051300049
4.058045864105225
4.023097038269043
3.9014861583709717
3.8723185062408447
3.7606918811798096
3.731755256652832
3.6260716915130615
3.595790386199951
3.490736246109009
3.463860034942627
3.368821144104004
3.3441755771636963
3.2525575160980225
3.2289304733276367
3.142404794692993
3.1251399517059326
3.039001941680908
3.018578052520752
2.9410252571105957
2.9209654331207275
2.8478493690490723
2.829556465148926
2.7603816986083984
2.744262933731079
2.6793406009674072
2.663663148880005
2.6084001064300537
2.5903851985931396
2.536158323287964
2.521859645843506
2.472669839859009
2.462381601333618
2.4156315326690674
2.4030003547668457
2.362729549407959
2.351710796356201
2.31742525100708
2.3111679553985596
2.2755250930786133
2.2670750617980957
2.2361395359039307
2.2293856143951416
2.2019734382629395
2.194441080093384
2.1689305305480957
2.1637978553771973
2.140059232711792
2.1347122192382812
2.1140758991241455
2.110156536102295
2.0871284008026123
2.0837173461914062
2.0637409687042236
2.060492753982544
2.0408952236175537
2.035710096359253
2.021345376968384
2.014216184616089
2.004514455795288
1.998351812362671
1.9867454767227173
1.9822142124176025
1.9764578342437744
1.9740110635757446
1.955662727355957
1.9560145139694214
1.9448083639144897
1.94120454788208
1.9326449632644653
1.9325016736984253
1.9249598979949951
1.9202349185943604
1.9139249324798584
1.911550760269165
1.9080594778060913
1.903541088104248
1.8988330364227295
1.897714614868164
1.8923779726028442
1.8923585414886475
1.8838998079299927
1.8843003511428833
1.8803560733795166
1.8777202367782593
1.8756510019302368
1.8743669986724854
1.8675540685653687
1.866161584854126
1.8628383874893188
1.8595777750015259
1.8598977327346802
1.86003839969635
1.8531248569488525
1.8538035154342651
1.853384256362915
no squeeze
37.77006149291992
11.306920051574707
9.735072135925293
6.572605133056641
6.153506755828857
5.094858169555664
4.9110846519470215
4.383552074432373
4.2745537757873535
3.9306118488311768
3.860891819000244
3.6097233295440674
3.5537900924682617
3.35904598236084
3.3137223720550537
3.157588005065918
3.122042655944824
2.9964654445648193
2.969743490219116
2.868314504623413
2.841989040374756
2.7616159915924072
2.7395312786102295
2.6726303100585938
2.6547274589538574
2.597987413406372
2.5853869915008545
2.5387485027313232
2.5262327194213867
2.4869353771209717
2.476486921310425
2.4417850971221924
2.4348270893096924
2.4045395851135254
2.4013288021087646
2.3766353130340576
2.368940830230713
2.3461239337921143
2.3430261611938477
2.3235862255096436
2.3197286128997803
2.3036882877349854
2.2991061210632324
2.2867307662963867
2.284196138381958
2.270322322845459
2.2649941444396973
2.258620500564575
2.2527639865875244
2.2414817810058594
2.2394871711730957
2.234192371368408
2.2298123836517334
2.222658157348633
2.2174384593963623
2.2095389366149902
2.209120988845825
2.204195737838745
2.2020623683929443
2.1950361728668213
2.196228265762329
2.1898412704467773
2.1870200634002686
2.1821095943450928
2.1876161098480225
2.179189443588257
2.1758882999420166
2.171372652053833
2.169243574142456
2.1670498847961426
2.1658895015716553
2.1651861667633057
2.167273998260498
2.156672716140747
2.1578104496002197
2.1542036533355713
2.153301477432251
2.1556925773620605
2.1497461795806885
2.1462647914886475
2.1480069160461426
2.146305799484253
no squeeze
32.43394470214844
6.850830078125
6.516347885131836
6.132343292236328
6.108737468719482
6.047679901123047
6.0407795906066895
6.018897533416748
6.0102458000183105
6.005620956420898
6.003620624542236
5.996158599853516
5.995245456695557
5.998844623565674
6.000492095947266
5.993584156036377
6.0002970695495605
5.994616508483887
