no squeeze
3.657304525375366
1.3574261665344238
0.6563317775726318
0.3470580279827118
0.1696200966835022
0.09108123928308487
0.05328308418393135
0.035064175724983215
0.02042361907660961
0.012060670182108879
0.009423041716217995
0.008477111347019672
0.005863857455551624
0.004059505648910999
0.003975572995841503
0.00341679435223341
0.0020893472246825695
0.0015586216468364
0.0015472696395590901
0.0016393950209021568
0.0009499996085651219
0.0014642337337136269
0.0008843315881676972
0.0007376833818852901
0.0011207530042156577
0.0007894962909631431
0.0009517748840153217
0.0006415728130377829
0.0006553228595294058
0.0007130188751034439
0.0008645640918985009
0.0005355656030587852
0.00033558340510353446
0.0002749369596131146
0.00013171439059078693
0.0002569658390711993
0.00036298061604611576
0.000128998959553428
0.0003021721204277128
0.00012459552090149373
0.0003279376542195678
0.00018813481437973678
0.00017896975623443723
0.00023208785569295287
0.00019965112733189017
0.00011303095379844308
0.00011434263433329761
0.00011671858374029398
0.00020263360056560487
8.512488420819864e-05
0.00010685520101105794
0.00022800284205004573
0.00019166480342391878
0.00016750520444475114
0.00011904884740943089
4.309617725084536e-05
4.235981032252312e-05
3.954426938435063e-05
3.376821769052185e-05
6.322149420157075e-05
0.00044833539868704975
6.371217023115605e-05
3.699778608279303e-05
2.871023752959445e-05
3.777235542656854e-05
1.1190754776180256e-05
1.0944976565951947e-05
1.0125289918505587e-05
5.3676751122111455e-05
6.085524546506349e-06
1.0267560355714522e-05
8.067909220699221e-06
6.780916010029614e-06
1.3368971849558875e-05
4.0185695979744196e-05
2.8968520382477436e-06
8.745164450374432e-06
8.134178642649204e-06
2.9385923880909104e-06
3.6010094390803715e-06
6.507753369078273e-06
3.4228689855808625e-06
3.43863189300464e-06
3.0182127375155687e-06
2.8947611099283677e-06
2.736565875238739e-06
2.641906348799239e-06
3.361143171787262e-06
1.1481811270641629e-05
1.2493873327912297e-05
1.2205109669594094e-05
1.045969474944286e-05
9.172459613182582e-06
7.587935670017032e-06
1.2021017028018832e-05
2.0014935216750018e-05
0.03121543489396572
no squeeze
3.5060412883758545
1.3167613744735718
0.9390848278999329
0.7225203514099121
0.5292263031005859
0.4159782826900482
0.34840208292007446
0.3096264600753784
0.2546464502811432
0.21514779329299927
0.21420320868492126
0.19853200018405914
0.17960356175899506
0.14207372069358826
0.14982515573501587
0.1589105725288391
0.14159177243709564
0.14591042697429657
0.1308780461549759
0.13964304327964783
0.11891937255859375
0.12203508615493774
0.1291048675775528
0.09596123546361923
0.10402987897396088
0.11593437194824219
0.12907670438289642
0.09749316424131393
0.1136377602815628
0.10394532233476639
0.10518384724855423
0.18329554796218872
0.11938435584306717
0.1212659552693367
no squeeze
3.4282021522521973
1.7310999631881714
1.234468936920166
1.0034738779067993
0.8167911171913147
0.6597234606742859
0.5030705332756042
0.37803277373313904
0.3121567666530609
0.24771596491336823
0.20231781899929047
0.1995696872472763
0.1456792652606964
0.12131170928478241
0.10741378366947174
0.11152925342321396
0.11902797967195511
0.10235202312469482
0.06213225796818733
0.07465731352567673
0.055048659443855286
0.07310611009597778
0.05825694277882576
0.03759981319308281
0.04263046011328697
0.026881307363510132
0.024233736097812653
0.04449252411723137
0.02198302000761032
0.02805534191429615
0.037080053240060806
0.0444796085357666
0.08851335942745209
0.019124390557408333
0.024513211101293564
0.010533485561609268
0.012494727037847042
0.010968719609081745
0.030204689130187035
0.019815772771835327
0.016480468213558197
0.013860414735972881
0.0077080074697732925
0.0062332795932888985
0.004927989561110735
0.0052038077265024185
0.008116667158901691
0.005121274851262569
0.005762991029769182
0.0035202023573219776
0.004448778461664915
0.0039605251513421535
0.004175551701337099
0.004122304264456034
0.007046634331345558
0.00414454797282815
0.0031816104892641306
0.003398380009457469
0.002834218554198742
0.002683446044102311
0.00412123603746295
0.005916639231145382
0.004468271043151617
0.0035679324064403772
0.010397246107459068
0.08949116617441177
0.7907438278198242
0.13674309849739075
0.011534399352967739
0.003846901934593916
no squeeze
3.6807329654693604
1.552276849746704
1.3890529870986938
1.2550175189971924
1.1685672998428345
1.0613847970962524
0.9861164689064026
0.9121164083480835
0.8223471641540527
0.7768509387969971
0.7107287049293518
0.6842303276062012
0.6125452518463135
0.5800484418869019
0.5409567952156067
0.5189673900604248
0.4647822082042694
0.46875643730163574
0.41293367743492126
0.39078715443611145
0.3776301145553589
0.34345927834510803
0.34644120931625366
0.3083999454975128
0.3085920810699463
0.2784366011619568
0.2686992883682251
0.24300161004066467
0.26010048389434814
0.22478312253952026
0.22472156584262848
0.21326342225074768
0.19422148168087006
0.18881775438785553
0.19304537773132324
0.17244362831115723
0.15974614024162292
0.159976989030838
0.14767858386039734
0.16344797611236572
0.14834851026535034
0.14229293167591095
0.13803258538246155
0.13173891603946686
0.12460575997829437
0.13036392629146576
0.117254838347435
0.1117299348115921
0.12256192415952682
0.11837323009967804
0.11113344132900238
0.10678908228874207
0.10326813906431198
0.10593046247959137
0.10744848102331161
0.10455264151096344
0.09395860880613327
0.09070641547441483
0.08618023246526718
0.08886159211397171
0.09658259898424149
0.08820308744907379
0.0925728902220726
0.08605661988258362
0.09110366553068161
0.09346933662891388
0.08670543879270554
0.08433549106121063
0.07667895406484604
0.08737103641033173
0.07977065443992615
0.073500856757164
0.07541065663099289
0.07438494265079498
0.06966504454612732
0.07779204845428467
0.07254701852798462
0.08031339198350906
0.08114857971668243
0.07529792189598083
0.07182628661394119
0.07623828202486038
0.07111796736717224
0.07042196393013
0.06899472326040268
0.06673913449048996
0.07483308017253876
0.07933982461690903
0.07344960421323776
0.06374999135732651
0.061696723103523254
0.07046112418174744
0.06379155069589615
0.0689711794257164
0.05906684696674347
0.0622144378721714
0.05684121325612068
0.063856340944767
0.056075386703014374
0.06527058780193329
0.0636204406619072
0.05445018410682678
0.06522329151630402
0.053834859281778336
0.0601939857006073
0.05569830909371376
0.06152767315506935
0.061371512711048126
0.06763101369142532
0.05554581806063652
0.05904107168316841
0.05884581059217453
0.0541374646127224
0.05461639538407326
no squeeze
4.049357891082764
1.3644425868988037
1.0721778869628906
0.905509352684021
0.7818886041641235
0.6486533284187317
0.5615764856338501
0.48455360531806946
0.45534297823905945
0.401704877614975
0.36772099137306213
0.3276335895061493
0.29725462198257446
0.26952582597732544
0.2494070827960968
0.22658610343933105
0.20943933725357056
0.20216849446296692
0.1762152910232544
0.16404908895492554
0.15811286866664886
0.15728451311588287
0.15143819153308868
0.13662436604499817
0.12042199075222015
0.13011938333511353
0.12164551764726639
0.12374582886695862
0.12731783092021942
0.09589356929063797
0.09736528247594833
0.09887325018644333
0.11448808014392853
0.08580783009529114
0.08691230416297913
0.08391353487968445
0.08824952691793442
0.08424387872219086
0.07599028944969177
0.08549854904413223
0.07179376482963562
0.07298355549573898
0.07987657189369202
0.0789463147521019
0.06655508279800415
0.07039699703454971
0.06332820653915405
0.06233612820506096
0.09739258140325546
0.06126589700579643
0.060925111174583435
0.06724784523248672
0.07473452389240265
0.06451215595006943
0.0572744719684124
0.06282976269721985
0.0490814745426178
0.05041153356432915
0.058113161474466324
0.06045589968562126
0.056959010660648346
0.048128481954336166
0.05855175107717514
0.07665169984102249
0.05747842788696289
0.047584496438503265
0.06518758833408356
0.06197015196084976
0.04667429253458977
0.04233769699931145
0.051957663148641586
0.04694205895066261
0.04433692991733551
0.04097285121679306
0.04204902425408363
0.04318542033433914
0.04675547778606415
0.04091522470116615
0.04962928220629692
0.032854389399290085
0.043846797198057175
0.04956921935081482
0.04732220247387886
0.04815683886408806
0.04718498885631561
0.05924691632390022
0.046632569283246994
0.04367687180638313
0.04495867341756821
0.04531960189342499
no squeeze
3.462035655975342
1.1540439128875732
0.8098570704460144
0.649324893951416
0.5647073984146118
0.35795727372169495
0.28441956639289856
0.23693668842315674
0.2141277939081192
0.2652216851711273
0.2933359742164612
0.3582760989665985
0.18197204172611237
0.3791859745979309
0.47258684039115906
0.18293677270412445
0.2438984364271164
0.20308464765548706
0.2687351405620575
0.40311354398727417
0.242401123046875
0.25217756628990173
0.16522791981697083
0.20007598400115967
0.24206627905368805
0.17004084587097168
0.40862321853637695
0.18511360883712769
0.4452647268772125
0.24442848563194275
0.1957273632287979
0.3283444941043854
0.17035309970378876
