no squeeze
24.82231903076172
6.670106410980225
2.879392147064209
1.7303972244262695
1.2509229183197021
0.8855130076408386
0.7883073091506958
0.5501920580863953
0.773969829082489
0.7158501744270325
0.7861591577529907
0.6867988109588623
0.47374680638313293
0.4848805069923401
0.46292877197265625
0.49164897203445435
0.3959311842918396
0.42110779881477356
0.32447558641433716
0.531450092792511
0.39054960012435913
0.5266067981719971
0.3454819321632385
0.5086159110069275
0.26731547713279724
0.2916926145553589
0.28789907693862915
0.2817233204841614
0.40177252888679504
0.33965590596199036
0.3862309157848358
0.3741625249385834
0.4030051827430725
0.2715565264225006
0.2213502824306488
0.3518315851688385
0.2685070037841797
0.2319953441619873
0.24513372778892517
0.23675402998924255
0.3134829103946686
0.28409355878829956
0.34685608744621277
0.30048659443855286
0.30900606513023376
no squeeze
22.193382263183594
6.95489501953125
3.7674560546875
2.380018472671509
1.7906601428985596
1.4063893556594849
1.0801366567611694
1.1142586469650269
1.0128438472747803
1.1325805187225342
0.9930992722511292
0.9147564768791199
0.9942253232002258
0.9224651455879211
1.015143632888794
0.9320915341377258
0.9519823789596558
0.8436838388442993
0.8047398328781128
0.8690964579582214
0.8592286705970764
0.6942172050476074
0.7652052044868469
0.8176624774932861
0.7062323689460754
0.7683672904968262
0.7641244530677795
0.8224027752876282
0.6662934422492981
0.5804476141929626
0.7895486950874329
0.7203615307807922
0.7675132155418396
0.7187115550041199
0.6819322109222412
0.5736044049263
0.6857955455780029
0.7289167046546936
0.592616617679596
0.5964378714561462
0.6754975318908691
0.6963551044464111
0.807237446308136
0.7282899022102356
0.7876970171928406
0.5501648783683777
0.5983638167381287
0.6297248005867004
0.5188466310501099
0.533825159072876
0.6065727472305298
0.6360034942626953
0.6465396285057068
0.6436188220977783
0.668376088142395
0.5518785715103149
0.41849908232688904
0.5389699935913086
0.5835728645324707
0.4617193639278412
0.512694239616394
0.7119537591934204
0.5927568674087524
0.5872287750244141
0.5799607038497925
0.4685874581336975
0.6978433132171631
no squeeze
26.660686492919922
9.252827644348145
5.418972015380859
4.1417670249938965
2.828747272491455
2.5216269493103027
3.0789544582366943
1.8123408555984497
1.3873069286346436
1.7129629850387573
0.9977476596832275
1.164816975593567
0.8466984033584595
1.1508113145828247
0.8275365829467773
0.7710462212562561
0.7444353103637695
0.7424020171165466
0.6871575117111206
0.721179723739624
1.5721567869186401
0.5431590676307678
0.6186425089836121
0.5290141105651855
0.6020533442497253
0.7924291491508484
0.7094705104827881
0.41553789377212524
0.4888014495372772
0.6326675415039062
0.6007059216499329
0.33018404245376587
0.30609461665153503
0.47155672311782837
0.34274062514305115
0.26854637265205383
0.2560139000415802
0.5850784778594971
0.3207603693008423
0.4227704107761383
0.4274749755859375
0.471763551235199
0.488777220249176
0.31540536880493164
0.23882132768630981
0.5919959545135498
0.2722557485103607
0.20969955623149872
0.1235029324889183
0.2065490335226059
0.2044345736503601
0.12954923510551453
0.3710092008113861
0.2112657129764557
0.163988396525383
0.22357459366321564
0.15907533466815948
0.5521914958953857
0.43192049860954285
no squeeze
26.920413970947266
11.409136772155762
8.333584785461426
6.381381988525391
5.308286666870117
4.5943284034729
4.079290390014648
3.3879623413085938
3.1435060501098633
2.873863458633423
2.6518876552581787
2.4585492610931396
2.3979122638702393
2.2785017490386963
2.0357234477996826
1.995342493057251
1.8335977792739868
1.8409056663513184
1.7693191766738892
1.7295347452163696
1.657910943031311
1.710909128189087
1.5838298797607422
1.751223087310791
1.5355876684188843
1.6680725812911987
1.5171668529510498
1.3557088375091553
1.4031227827072144
1.3525419235229492
1.2463123798370361
1.319634199142456
1.441542148590088
1.1794637441635132
1.2298346757888794
1.2494513988494873
1.1852293014526367
1.198859691619873
1.1836634874343872
1.0760518312454224
1.145970106124878
1.0572726726531982
1.1649096012115479
1.0334986448287964
1.0505776405334473
1.0101920366287231
0.9988148808479309
0.9688308238983154
1.0583724975585938
1.000479817390442
0.8949213624000549
0.941580057144165
0.8835901021957397
0.8230040669441223
0.9343264698982239
0.8557079434394836
0.9062645435333252
0.8637171387672424
0.8289620280265808
1.0207394361495972
0.9346442222595215
0.7675642967224121
0.7919706106185913
0.7434438467025757
0.8190111517906189
0.7385750412940979
0.7046166658401489
0.8224910497665405
0.7718672156333923
0.7526833415031433
0.9062492847442627
0.6905084848403931
0.6774078607559204
0.6846214532852173
0.727347195148468
0.6557621359825134
0.6066879630088806
0.7101783752441406
0.6771978139877319
0.6951989531517029
0.6661872267723083
0.643052875995636
0.5589290261268616
0.6889629364013672
0.6041979193687439
0.6082890629768372
0.6514304280281067
0.5727259516716003
0.5723217129707336
0.5683736205101013
0.6082140803337097
0.5440700650215149
0.536769688129425
0.6486301422119141
0.5428972840309143
0.5476897954940796
0.5342171788215637
0.5571250319480896
0.527242124080658
0.525092363357544
0.4725160598754883
0.4833412170410156
0.46534863114356995
0.4858362376689911
0.47238796949386597
0.4686214029788971
0.45629480481147766
0.40973952412605286
0.4244040548801422
0.4122372567653656
0.399031400680542
0.4431717097759247
0.42125341296195984
0.39534488320350647
0.44283393025398254
0.3875783085823059
0.3945096731185913
0.3932115137577057
0.37058916687965393
0.35766515135765076
0.36395326256752014
0.3509756326675415
0.329094260931015
0.34116125106811523
0.3525444269180298
0.35412052273750305
0.3625854551792145
0.3396083414554596
0.32180294394493103
0.3328621983528137
0.35927560925483704
0.36198168992996216
0.40490397810935974
0.3242117762565613
0.32230517268180847
0.3701261281967163
0.32925984263420105
0.29818254709243774
0.3444204330444336
0.2965702712535858
0.3581232726573944
0.3246934413909912
0.2784058451652527
0.32559171319007874
0.3279400169849396
0.2709627151489258
0.32143354415893555
0.38050687313079834
0.3890243172645569
0.347678005695343
0.2943972051143646
0.28355780243873596
0.30963781476020813
0.2722398042678833
0.31656762957572937
0.3104897141456604
no squeeze
23.996641159057617
8.890780448913574
5.856290340423584
4.384409427642822
3.547140121459961
3.10050892829895
2.530552387237549
2.2721776962280273
2.0885837078094482
1.9541138410568237
1.7498106956481934
1.521159052848816
1.5535085201263428
1.4756053686141968
1.4447482824325562
1.2625138759613037
1.2007250785827637
1.1262447834014893
1.1391396522521973
1.2032749652862549
1.1733258962631226
1.1131867170333862
1.056938886642456
1.0214353799819946
0.9692341089248657
0.9865279793739319
0.9604299664497375
0.9687991738319397
0.9046339392662048
1.0373262166976929
0.9353483319282532
0.7881271839141846
0.7734093070030212
0.8463754057884216
0.8209317326545715
0.7207487225532532
0.7657003402709961
0.8948431611061096
0.8700916171073914
0.7295452356338501
0.6891131401062012
0.6654469966888428
0.5890907049179077
0.6737719178199768
0.6152132153511047
0.6545423269271851
0.574536919593811
0.7491567134857178
0.6388806104660034
0.6413275003433228
0.6410899758338928
0.563393235206604
0.6900467872619629
0.5206403136253357
0.5032281279563904
0.5127538442611694
0.5154948830604553
0.4979785978794098
0.49869686365127563
0.48555508255958557
0.46500036120414734
0.5100780129432678
0.5851648449897766
0.4917057156562805
0.4226711690425873
0.44058212637901306
0.5335103869438171
0.5250524282455444
0.5245395302772522
0.4137973487377167
0.41836974024772644
0.4438566267490387
0.4392239451408386
0.43742993474006653
0.4180842339992523
0.3483479619026184
0.4183446168899536
0.4565642774105072
0.49721235036849976
0.426531046628952
0.45061177015304565
0.3983136713504791
0.4382743239402771
0.3756588101387024
0.37009137868881226
0.37311795353889465
no squeeze
21.199668884277344
4.9524102210998535
4.001158237457275
2.1297223567962646
1.7526441812515259
2.0947375297546387
1.920952558517456
2.2350475788116455
1.3139333724975586
2.125678539276123
2.1288349628448486
1.8706679344177246
1.6297041177749634
2.8175241947174072
1.7486356496810913
1.4391875267028809
1.3625956773757935
1.6217637062072754
1.9769923686981201
