no squeeze
56.63774490356445
14.393020629882812
11.533430099487305
6.94328498840332
6.304801940917969
4.659428119659424
4.3663129806518555
3.5121102333068848
3.3458611965179443
2.8540232181549072
2.7587592601776123
2.4808952808380127
2.428692102432251
2.2773473262786865
2.247648239135742
2.1632466316223145
2.147876501083374
2.0984537601470947
2.0883283615112305
2.0590240955352783
2.054453134536743
2.0366973876953125
2.0316855907440186
2.0209484100341797
2.017946481704712
2.011385917663574
2.0099880695343018
2.005828857421875
2.0033199787139893
2.000615358352661
1.9992269277572632
1.9972189664840698
1.9992735385894775
1.996009349822998
1.9949378967285156
1.9941039085388184
1.996604561805725
2.0005369186401367
no squeeze
55.64578628540039
13.576859474182129
11.396184921264648
7.020147800445557
6.46964693069458
5.042347431182861
4.774232864379883
3.9817426204681396
3.82126522064209
3.3311755657196045
3.230921983718872
2.9256105422973633
2.8684592247009277
2.7044081687927246
2.672004461288452
2.5790669918060303
2.564845085144043
2.5228264331817627
2.5151102542877197
2.493882179260254
2.4911012649536133
2.4810774326324463
2.4798378944396973
2.4717531204223633
2.471428394317627
2.46871018409729
2.4736320972442627
2.467646360397339
2.4657251834869385
2.468362331390381
2.465383529663086
2.464801788330078
2.4641013145446777
2.461763381958008
2.4635026454925537
2.461514949798584
2.4637320041656494
2.4615604877471924
no squeeze
56.927398681640625
21.48967933654785
16.306303024291992
6.850794315338135
5.774659156799316
3.3858182430267334
3.0344600677490234
2.1391263008117676
1.9813995361328125
1.5309455394744873
1.4436441659927368
1.1723583936691284
1.115830898284912
0.9347177743911743
0.8950310349464417
0.7647701501846313
0.7371147274971008
0.6422520279884338
0.6219934821128845
0.5512112975120544
0.5362170338630676
0.48224520683288574
0.47040870785713196
0.4291378855705261
0.4199720621109009
0.38764530420303345
0.3805713355541229
0.35552895069122314
0.3495570719242096
0.32945573329925537
0.32492703199386597
0.308767169713974
0.3050941824913025
0.2917214035987854
0.28868624567985535
0.2782585620880127
0.27553683519363403
0.26712435483932495
0.2648330330848694
0.25706005096435547
0.25527217984199524
0.24937663972377777
0.24783894419670105
0.24245920777320862
0.24125425517559052
0.23640994727611542
0.23553310334682465
0.2318209558725357
0.2309783548116684
0.22765566408634186
0.22674357891082764
0.22401271760463715
0.22335699200630188
0.22104258835315704
0.2203444242477417
0.21816851198673248
0.21778585016727448
0.2157592475414276
0.21517141163349152
0.21320125460624695
0.21301031112670898
0.21137985587120056
0.21086207032203674
0.20948588848114014
0.20949861407279968
0.2081131637096405
0.20771846175193787
0.20678837597370148
0.20670340955257416
0.20550276339054108
0.20497509837150574
0.20404767990112305
0.20405955612659454
0.20302486419677734
0.20293091237545013
0.2021535485982895
0.20199351012706757
0.20110097527503967
0.2008257806301117
0.20018768310546875
0.20044511556625366
0.19958025217056274
0.1995437890291214
0.19887930154800415
0.19872485101222992
0.19839921593666077
0.198022723197937
0.19790802896022797
0.19769711792469025
0.1972029209136963
0.19698454439640045
0.1964881718158722
0.19653266668319702
0.19632694125175476
0.19607912003993988
0.19597117602825165
0.19561001658439636
0.19536471366882324
0.19512346386909485
0.19490019977092743
0.19491899013519287
0.1945468783378601
0.19460496306419373
0.19434235990047455
0.19449186325073242
0.1942555457353592
0.19411347806453705
0.19403067231178284
0.19394166767597198
0.1935652643442154
0.19360855221748352
0.19360223412513733
no squeeze
58.19734191894531
42.745826721191406
38.45741653442383
24.122970581054688
21.66045570373535
15.896012306213379
15.003499031066895
12.760859489440918
12.362929344177246
11.20095443725586
10.960596084594727
10.21090030670166
10.04860782623291
9.514724731445312
9.390144348144531
8.996917724609375
8.904656410217285
8.593375205993652
8.521780967712402
8.296289443969727
8.240020751953125
8.044177055358887
8.004049301147461
7.838963985443115
7.80708122253418
7.672053337097168
7.643045902252197
7.526978492736816
7.506290435791016
7.3978190422058105
7.367584705352783
7.2887749671936035
7.2628021240234375
7.1590681076049805
7.135543346405029
7.0576324462890625
7.026338577270508
6.940426349639893
6.919552326202393
6.8322296142578125
6.807440280914307
6.712202548980713
6.690524101257324
6.6048173904418945
6.5775275230407715
6.48341703414917
6.468466758728027
6.368113040924072
6.3371758460998535
6.241775989532471
6.2174973487854
6.124825954437256
6.087701797485352
5.98502779006958
5.952442646026611
5.852731704711914
5.81988525390625
5.726131916046143
5.693469524383545
5.572799205780029
5.5497941970825195
5.434902191162109
5.401124477386475
5.286661148071289
5.25671911239624
5.13680362701416
5.105752468109131
4.9934797286987305
4.963332176208496
4.854491233825684
4.820846080780029
4.708017826080322
4.6847004890441895
4.609641075134277
4.5689263343811035
4.493474960327148
4.4560160636901855
4.3828511238098145
4.376052379608154
4.309725284576416
4.293400287628174
4.254845142364502
4.237665176391602
4.1919846534729
4.185147762298584
4.1722941398620605
4.152908802032471
4.129180908203125
4.1240763664245605
4.102810382843018
4.096041679382324
4.085714817047119
4.076289653778076
4.05854606628418
4.053672790527344
4.041746616363525
4.03703498840332
4.026014804840088
4.017248630523682
4.003279209136963
4.0034918785095215
3.993001937866211
3.987502098083496
3.9765875339508057
3.9683845043182373
3.961973190307617
3.9614365100860596
3.9461538791656494
3.941105365753174
3.936826705932617
3.92653751373291
3.9144723415374756
3.914501667022705
3.9049184322357178
3.8991291522979736
3.888300895690918
3.886620044708252
3.8876945972442627
3.8763911724090576
3.8625917434692383
3.860222816467285
3.8507840633392334
3.8603475093841553
3.8400795459747314
3.8503949642181396
3.828518867492676
3.8222577571868896
3.8231098651885986
3.819974899291992
3.8067619800567627
3.8055903911590576
3.794867515563965
3.7944462299346924
3.785428524017334
3.78690767288208
3.7750613689422607
3.7741036415100098
3.7671544551849365
3.7746899127960205
3.7558751106262207
3.7535240650177
3.747471809387207
3.7464959621429443
3.7391650676727295
3.7392561435699463
3.7349953651428223
3.72585391998291
3.7289023399353027
3.720381021499634
3.7150328159332275
3.713758945465088
3.717282295227051
3.707395076751709
3.709043502807617
3.6996688842773438
3.698286294937134
3.6982905864715576
3.691638946533203
3.685692310333252
3.679356098175049
3.676462173461914
3.674314498901367
3.6718409061431885
3.667837619781494
3.683664321899414
3.660123348236084
3.6569130420684814
3.6584842205047607
3.654353618621826
3.647207260131836
3.6499509811401367
3.6476709842681885
no squeeze
56.08740997314453
22.12017822265625
18.430755615234375
12.272257804870605
11.486984252929688
9.521039009094238
9.167886734008789
8.147526741027832
7.9464569091796875
7.2922539710998535
7.147486209869385
6.680212020874023
6.580391883850098
6.217336654663086
6.129809379577637
5.842077255249023
5.770176887512207
5.529417514801025
5.470785617828369
5.268313884735107
5.219065189361572
5.053081512451172
5.014608383178711
4.872931003570557
4.837732315063477
4.723857879638672
4.6913580894470215
4.6008782386779785
4.571752071380615
4.490626811981201
4.469475269317627
4.406076431274414
4.3862786293029785
4.330041885375977
4.3167901039123535
4.275873184204102
4.256341457366943
4.213881969451904
4.204437732696533
4.1714324951171875
4.163002967834473
4.1338276863098145
4.126897811889648
4.1051483154296875
4.096452713012695
4.075699329376221
4.0680952072143555
4.046963214874268
4.04341983795166
4.026889324188232
4.016776084899902
3.999441146850586
4.0008063316345215
3.983656406402588
3.9782307147979736
3.9626052379608154
3.959540367126465
3.9466140270233154
3.9480230808258057
3.9365570545196533
3.9338431358337402
3.92454195022583
3.9193031787872314
3.9116761684417725
3.9080991744995117
3.903909206390381
3.900585174560547
3.8922781944274902
3.8865513801574707
3.8786394596099854
3.877002716064453
3.8804256916046143
3.8760201930999756
3.860521078109741
3.860311985015869
3.8545444011688232
3.8517653942108154
3.8469278812408447
3.849050521850586
3.847364664077759
no squeeze
53.56591796875
11.100223541259766
10.296979904174805
9.491602897644043
9.430351257324219
9.331238746643066
9.348660469055176
9.334525108337402
