no squeeze
53.3781623840332
11.07058334350586
8.543416976928711
4.445949554443359
3.8470265865325928
2.2724404335021973
1.9987481832504272
1.240352988243103
1.1028269529342651
0.7141172289848328
0.6426682472229004
0.44305112957954407
0.4065527319908142
0.3036007285118103
0.2850252091884613
0.23044486343860626
0.22000545263290405
0.1900920569896698
0.18446595966815948
0.16748154163360596
0.16443221271038055
0.1544845849275589
0.1525866985321045
0.1471613049507141
0.1456042379140854
0.14212141931056976
0.14142659306526184
0.13952527940273285
0.13921169936656952
0.1376935988664627
0.13744601607322693
0.13671158254146576
0.1365094929933548
0.1359739750623703
0.13588792085647583
0.1351546198129654
0.13517561554908752
0.13512089848518372
0.13510379195213318
0.13500738143920898
0.13469889760017395
0.1344592422246933
0.13477802276611328
0.13444247841835022
0.13447605073451996
0.1345299482345581
no squeeze
52.45615768432617
9.98745346069336
8.085641860961914
4.499324321746826
3.963146209716797
2.5152714252471924
2.2467381954193115
1.4860830307006836
1.343353271484375
0.9288488626480103
0.8490676879882812
0.612859845161438
0.5664148926734924
0.4253554046154022
0.3975442051887512
0.3137197494506836
0.2966533899307251
0.24618086218833923
0.236535906791687
0.20664842426776886
0.20084404945373535
0.1839795708656311
0.1806488335132599
0.17153017222881317
0.16983941197395325
0.16443689167499542
0.16355226933956146
0.16080893576145172
0.15988577902317047
0.15816298127174377
0.1576368510723114
0.15639376640319824
0.15586288273334503
0.15513953566551208
0.15444816648960114
0.15383855998516083
0.1537700742483139
0.153028666973114
0.15302105247974396
0.15215525031089783
0.1518605500459671
0.15187841653823853
0.15128770470619202
0.15121568739414215
0.15076154470443726
0.15031735599040985
0.15001221001148224
0.14959949254989624
0.14963407814502716
0.1490829885005951
0.14920008182525635
0.14915882050991058
no squeeze
54.7106819152832
17.3046932220459
12.530000686645508
6.1330671310424805
5.46647310256958
3.693025588989258
3.345262050628662
2.2969517707824707
2.0853419303894043
1.4425500631332397
1.3127808570861816
0.9249521493911743
0.8467082977294922
0.6108415126800537
0.5626261830329895
0.4172843396663666
0.3893505930900574
0.30500563979148865
0.28809162974357605
0.23793825507164001
0.22870594263076782
0.20115017890930176
0.19537794589996338
0.17786721885204315
0.17452183365821838
0.16331107914447784
0.1613892912864685
0.15445683896541595
0.15286362171173096
0.14731743931770325
0.14607834815979004
0.14237403869628906
0.14166274666786194
0.13885964453220367
0.13820165395736694
0.1360977739095688
0.13526587188243866
0.1333913654088974
0.1331232637166977
0.1315373182296753
0.1312132477760315
0.12961970269680023
0.12954579293727875
0.12840554118156433
0.12845049798488617
0.127317875623703
0.12701080739498138
0.1265210062265396
0.12635250389575958
0.12553805112838745
0.1253414899110794
0.12472868710756302
0.12461262196302414
0.1241287961602211
0.1242602989077568
0.12401756644248962
0.12368110567331314
0.12340597808361053
0.12317167967557907
0.12287969887256622
0.12300878018140793
0.12269218266010284
0.12245099991559982
0.12203456461429596
0.12212172150611877
0.12200028449296951
0.12175240367650986
0.12164410948753357
0.1216980591416359
0.12130619585514069
0.12156164646148682
0.12146467715501785
no squeeze
55.1711311340332
36.03411865234375
30.813175201416016
16.382539749145508
14.56359577178955
10.279526710510254
9.543525695800781
7.440108776092529
7.019227504730225
5.718016147613525
5.44631814956665
4.5509185791015625
4.3577494621276855
3.7296602725982666
3.5924761295318604
3.1366775035858154
3.036404609680176
2.7060141563415527
2.6346487998962402
2.3954827785491943
2.335367202758789
2.15580677986145
2.113581418991089
1.9780279397964478
1.9477485418319702
1.845177412033081
1.8180961608886719
1.7435219287872314
1.7226645946502686
1.659706473350525
1.6463347673416138
1.5987441539764404
1.591038465499878
1.552005648612976
1.5459016561508179
1.5142121315002441
1.5091618299484253
1.489415168762207
1.485162377357483
1.4806081056594849
1.4656672477722168
1.4551177024841309
1.4502384662628174
1.445912480354309
1.4417859315872192
1.433449387550354
1.4270802736282349
1.4215404987335205
1.4225025177001953
1.4146465063095093
1.4113303422927856
1.4135245084762573
1.405281901359558
1.3997235298156738
1.3964500427246094
1.389884114265442
1.3911590576171875
1.383375644683838
1.3805042505264282
1.374115228652954
1.375483751296997
1.367818832397461
1.377565622329712
1.3579719066619873
1.3624464273452759
1.3433897495269775
1.3432098627090454
1.341783046722412
1.3401151895523071
1.3172366619110107
1.314948320388794
1.3090587854385376
1.2990925312042236
1.28432035446167
1.2786924839019775
1.2605090141296387
1.2593342065811157
1.236629605293274
1.2304332256317139
1.208613395690918
1.2146670818328857
1.1768922805786133
1.1666215658187866
1.1361594200134277
1.1283031702041626
1.0907108783721924
1.0771501064300537
1.035261631011963
1.022724986076355
0.9693135619163513
0.9594460129737854
0.8922834396362305
0.8745494484901428
0.8022541999816895
0.784716784954071
0.7045620083808899
0.6864449977874756
0.5969850420951843
0.5763683319091797
0.5009644627571106
0.47616830468177795
0.4039778411388397
0.3810824751853943
0.3212840259075165
0.30776458978652954
0.26051250100135803
0.2518709897994995
0.21736368536949158
0.21030168235301971
0.1884085088968277
0.18362511694431305
0.169851616024971
0.16696016490459442
0.15751828253269196
0.15703773498535156
0.15084180235862732
0.1499326080083847
0.14715825021266937
0.1464167684316635
0.14443890750408173
0.14421521127223969
0.1428968906402588
0.14237283170223236
0.141950324177742
0.14212682843208313
0.14159588515758514
0.14132390916347504
0.14117960631847382
0.1408698409795761
0.14149732887744904
0.14104491472244263
0.1410800665616989
no squeeze
53.701026916503906
18.3312931060791
15.02700424194336
9.0364351272583
8.165675163269043
5.827212810516357
5.39878511428833
4.149857044219971
3.9061684608459473
3.1574547290802
3.006312608718872
2.5069773197174072
2.3951096534729004
2.031191825866699
1.9482002258300781
1.6748478412628174
1.6106798648834229
1.3963438272476196
1.3463523387908936
1.1763848066329956
1.1382551193237305
0.996415376663208
0.9631803631782532
0.846528172492981
0.8202190399169922
0.7223829030990601
0.6997790932655334
0.623198390007019
0.6015964150428772
0.5325695276260376
0.5207604765892029
0.4610377252101898
0.4478147327899933
0.40030938386917114
0.38965123891830444
0.35141444206237793
0.3429807126522064
0.3117507994174957
0.30443352460861206
0.2806120812892914
0.27386564016342163
0.25399211049079895
0.25050443410873413
0.2330986112356186
0.22995547950267792
0.21710118651390076
0.21443648636341095
0.20459067821502686
0.20204222202301025
0.19402621686458588
0.19288484752178192
0.18607927858829498
0.18419034779071808
0.17891988158226013
0.1778087466955185
0.1739214062690735
0.17275193333625793
0.16918787360191345
0.1684267669916153
0.165406733751297
0.16526944935321808
0.16201744973659515
0.1619371473789215
0.16001735627651215
0.15934285521507263
0.15739071369171143
0.1569482982158661
0.15523789823055267
0.15509849786758423
0.15394063293933868
0.15337812900543213
0.1530998796224594
0.15355142951011658
0.15091922879219055
0.15112563967704773
0.1500837504863739
0.14969567954540253
0.14875948429107666
0.14861293137073517
0.1481918841600418
0.1479170173406601
0.14728647470474243
0.14751139283180237
0.14619842171669006
0.14612774550914764
0.14609625935554504
0.14593027532100677
0.14571937918663025
0.14592958986759186
0.14558233320713043
0.14525461196899414
0.14447788894176483
0.1448448747396469
0.14403855800628662
0.14431574940681458
0.14432817697525024
no squeeze
50.54466247558594
5.748124599456787
4.483987331390381
2.571077823638916
2.34720516204834
1.8640525341033936
1.7919632196426392
1.6527998447418213
1.6360441446304321
1.6073848009109497
1.6037204265594482
1.6146233081817627
1.6015046834945679
1.5970343351364136
1.5918956995010376
1.5950349569320679
1.5904018878936768
1.5882434844970703
1.5881645679473877
1.6068072319030762
1.5952019691467285
1.5919486284255981
