no squeeze
1.8879445791244507
0.6508769392967224
0.29083141684532166
0.13095632195472717
0.06201505661010742
0.03227440267801285
0.019745318219065666
0.014303410425782204
0.010114704258739948
0.007388600148260593
0.00597919849678874
0.0044321403838694096
0.0029083010740578175
0.0021095823030918837
0.0018524513579905033
0.0014865703415125608
0.0014125495217740536
0.0011405099648982286
0.0014713206328451633
0.0009809202747419477
0.0011185439070686698
0.0007642636192031205
0.0009046501945704222
0.0007328209467232227
0.0008329572156071663
0.0008468550513498485
0.0005671449471265078
0.0004885421949438751
0.000491676211822778
0.0004819291934836656
0.00044458857155404985
0.0002865323913283646
0.0004836358712054789
0.0003022272721864283
0.00039967618067748845
0.0002554735983721912
0.0002790592552628368
0.00019777528359554708
0.0001751003146637231
0.0002584255416877568
0.00024055936955846846
0.00017575972015038133
0.00015108699153643101
0.0001732525124680251
0.00015284544497262686
0.00019644548592623323
0.00016928651893977076
0.0003303324629087001
0.0001318412832915783
0.0001552426110720262
0.0003478282887954265
0.00017704087076708674
0.0006591679411940277
0.00015957170398905873
0.00031226035207509995
0.0001884317462099716
0.00022526232351083308
0.00011313185677863657
0.00021748656581621617
0.0006675744662061334
0.0001538270153105259
9.830575436353683e-05
0.0001176990699605085
0.00014991000352893025
0.0004154041816946119
0.0003277166106272489
0.00029904875555075705
0.0002805587137117982
0.00018763581465464085
0.00019226594304200262
0.00026301268371753395
0.00022267959138844162
no squeeze
1.5412148237228394
0.6392421722412109
0.3773494064807892
0.2652242183685303
0.18957553803920746
0.14420807361602783
0.1237669512629509
0.10207513719797134
0.08735023438930511
0.0803980603814125
0.06875383853912354
0.07053732872009277
0.06304998695850372
0.0639217272400856
0.0626203790307045
0.0606875866651535
0.0631985068321228
0.05751509964466095
0.06101429834961891
0.05605290085077286
0.057270150631666183
0.07672148942947388
0.0567774698138237
0.058775220066308975
0.05126082897186279
0.0507320910692215
0.05855508893728256
0.05909810587763786
0.04792078211903572
0.056789595633745193
0.05060542747378349
0.051409762352705
0.04884779453277588
0.04301165044307709
0.04396115988492966
0.039474524557590485
0.05270878225564957
0.04460623487830162
0.04029100760817528
0.044138748198747635
0.04533357918262482
0.04412160441279411
0.03900240734219551
0.04137429594993591
0.04418685659766197
0.043600548058748245
0.04056897759437561
0.041295126080513
0.046211596578359604
0.03962763398885727
0.03805140405893326
0.050840411335229874
0.04244966804981232
0.03777656331658363
0.04645058512687683
0.03434543311595917
0.03555452823638916
0.04121259227395058
0.041038792580366135
0.048780862241983414
0.05440554767847061
0.043780408799648285
0.04175838828086853
0.04090678319334984
0.04061882942914963
0.0368180014193058
no squeeze
1.9263302087783813
0.7902342677116394
0.4797411262989044
0.3214954435825348
0.24911634624004364
0.1590861827135086
0.1184576228260994
0.08666261285543442
0.06844329088926315
0.05415380746126175
0.04296522215008736
0.038462866097688675
0.030754873529076576
0.024200761690735817
0.02118520624935627
0.018819661810994148
0.018699051812291145
0.01622922718524933
0.017055293545126915
0.01646348647773266
0.010576502420008183
0.009789981879293919
0.009347515180706978
0.01094167772680521
0.010632874444127083
0.012427568435668945
0.012766052037477493
0.010141322389245033
0.008302891626954079
0.0062987362034618855
0.006499059032648802
0.005749279633164406
0.005272876936942339
0.004872975870966911
0.004784261807799339
0.006253429222851992
0.008854230865836143
0.00894886627793312
0.005259908270090818
0.005077660083770752
0.006429831497371197
0.008351907134056091
0.0154569735750556
0.014468616805970669
0.008550582453608513
no squeeze
2.1273751258850098
1.1248091459274292
0.9436482787132263
0.8057059645652771
0.7193948030471802
0.6379402279853821
0.5852639675140381
0.5255916714668274
0.47600194811820984
0.43900829553604126
0.3858495354652405
0.3724927008152008
0.33612215518951416
0.3060190975666046
0.29434922337532043
0.2723553776741028
0.26626938581466675
0.2443188577890396
0.22159291803836823
0.22368963062763214
0.20391803979873657
0.194071963429451
0.1938556432723999
0.1773340106010437
0.1676121950149536
0.1618279218673706
0.15330344438552856
0.14785675704479218
0.1430313140153885
0.13023030757904053
0.13439945876598358
0.12717889249324799
0.12478463351726532
0.11823807656764984
0.12305407971143723
0.10907457023859024
0.10593686997890472
0.10818199068307877
0.10845822095870972
0.1021353006362915
0.092450812458992
0.10707196593284607
0.09467688202857971
0.09000138193368912
0.08458901941776276
0.08173415809869766
0.08144661784172058
0.0853114202618599
0.0868895947933197
0.08180234581232071
0.07663950324058533
0.0773567408323288
0.0775642916560173
0.0733298510313034
0.07883011549711227
0.071505606174469
0.07277946919202805
0.07014285027980804
0.07115175575017929
0.06452848017215729
0.06622301787137985
0.06395091861486435
0.06350282579660416
0.07564006745815277
0.060474079102277756
0.07150821387767792
0.06163083016872406
0.06270711123943329
0.06306198239326477
0.06541043519973755
0.05739098787307739
0.059458378702402115
0.05553600564599037
0.05607198551297188
0.055358391255140305
0.058193206787109375
0.053500790148973465
0.05791901424527168
0.05735994875431061
0.055941902101039886
0.058378033339977264
0.05593245476484299
0.05611717700958252
0.06558262556791306
0.05328560620546341
0.05292491614818573
0.05496497452259064
0.054010577499866486
0.0503728874027729
0.05506117269396782
0.05142580345273018
0.05144968628883362
0.05404302105307579
0.056244075298309326
0.053040795028209686
0.05742510408163071
0.05238742381334305
0.04970861226320267
0.04881782829761505
0.0478605218231678
0.050159186124801636
0.05213538557291031
0.05123693123459816
0.04755634814500809
0.048998571932315826
0.04982342943549156
0.051856786012649536
0.05907890945672989
0.04994501546025276
0.050509918481111526
0.049026113003492355
0.044995587319135666
0.04562797769904137
0.04636344313621521
0.04425285756587982
0.04737401753664017
0.04579019919037819
0.04389679804444313
0.049302224069833755
0.04537385702133179
0.04607422277331352
0.04452215135097504
0.04749098792672157
0.04604632034897804
0.042371347546577454
0.043411482125520706
0.04378269985318184
0.041986022144556046
0.04238910228013992
0.043303973972797394
0.041816990822553635
0.03933248668909073
0.0438750758767128
0.043331582099199295
0.0452471487224102
0.04622732475399971
0.04057110846042633
0.044676125049591064
0.04190715402364731
0.040214721113443375
0.04345736652612686
0.04463496804237366
no squeeze
1.3760095834732056
0.636817455291748
0.4734501540660858
0.36441221833229065
0.2969847321510315
0.25087958574295044
0.2186189442873001
0.18281714618206024
0.157802551984787
0.14531463384628296
0.12248304486274719
0.12064262479543686
0.10489810258150101
0.09973066300153732
0.09098821133375168
0.08283321559429169
0.08204706013202667
0.0801050215959549
0.07422029972076416
0.06488654762506485
0.06265708059072495
0.059999894350767136
0.058695483952760696
0.05688633769750595
0.050413187593221664
0.04972632974386215
0.05023106932640076
0.04786904156208038
0.04401521384716034
0.042375385761260986
0.04102630913257599
0.04033664986491203
0.040008094161748886
0.04096567630767822
0.036981578916311264
0.03749457746744156
0.035449594259262085
0.037696026265621185
0.03374071046710014
0.03769578039646149
0.03691008687019348
0.03279060870409012
0.031228523701429367
0.029131725430488586
0.034250080585479736
0.0332801416516304
0.029721451923251152
0.03293658047914505
0.028223372995853424
0.031775668263435364
0.029257796704769135
0.029760664328932762
0.030108755454421043
0.02763565443456173
0.02958536520600319
0.02705354243516922
0.028287887573242188
0.026834454387426376
0.027094682678580284
0.02313687466084957
0.02553892694413662
0.024322113022208214
0.023463444784283638
0.02595207653939724
0.02529161423444748
0.02391679771244526
0.024221401661634445
0.023153165355324745
0.027493583038449287
0.022130288183689117
0.02580850012600422
0.021690208464860916
0.0216431375592947
0.020229298621416092
0.019843703135848045
0.0199302826076746
0.020341631025075912
0.02362127974629402
0.02085338532924652
0.024723831564188004
0.020047763362526894
0.02015596628189087
0.020999543368816376
0.01926877349615097
0.01939237117767334
0.01788368634879589
0.01868758350610733
0.019900444895029068
0.018648827448487282
0.017674723640084267
0.01727084256708622
0.019824031740427017
0.020257875323295593
0.018543172627687454
0.016648167744278908
0.017398232594132423
0.01952429488301277
0.019698673859238625
0.018374143168330193
0.020408375188708305
0.018508007749915123
0.01888391375541687
0.01965714618563652
0.019434019923210144
0.016677752137184143
no squeeze
1.9195804595947266
0.693823516368866
0.40447890758514404
0.28946158289909363
0.26443248987197876
0.3321894109249115
0.2100721299648285
0.16411176323890686
0.18695083260536194
0.1536317616701126
0.22717948257923126
0.1990654319524765
0.18007180094718933
0.16625119745731354
0.1668422669172287
0.19212986528873444
0.12780459225177765
0.23714055120944977
0.2823580205440521
0.15401244163513184
0.1433774083852768
0.14365984499454498
0.1584935337305069
0.12607625126838684
0.23311349749565125
0.18414142727851868
0.16834262013435364
0.11377831548452377
0.15132944285869598
0.15753011405467987
0.2526088356971741
0.18335457146167755
0.2042018473148346
0.16113144159317017
0.13481949269771576
0.25507310032844543
0.16897881031036377
0.12320546805858612
