no squeeze
1.0188722610473633
0.325741171836853
0.1557231992483139
0.08589742332696915
0.04640558734536171
0.029910746961832047
0.022442426532506943
0.013566592708230019
0.012563221156597137
0.009957998059689999
0.007290576118975878
0.005490191746503115
0.003911759704351425
0.003821610240265727
0.004109922330826521
0.0028555949684232473
0.002221552887931466
0.0029146962333470583
0.002151798689737916
0.0016386003699153662
0.0025379997678101063
0.0014615169493481517
0.00142846186645329
0.0020882103126496077
0.0015314453048631549
0.0013955960748717189
0.0011045472929254174
0.0007956725894473493
0.0007830812828615308
0.0006856414838694036
0.0005621481686830521
0.0008749697590246797
0.0020708120428025723
0.0012945665512233973
0.0005246038199402392
0.0005917768576182425
0.0004931007279083133
0.00048645344213582575
0.0007110632141120732
0.0006279255612753332
0.0003715693892445415
0.0004100623482372612
0.00043548247776925564
0.0004367171786725521
0.0004287993360776454
0.00037719032843597233
0.0004090860893484205
0.00043056218419224024
0.0003616726025938988
0.00030787434661760926
0.0034982895012944937
0.006301225163042545
0.0028463087510317564
0.0006633453886024654
0.0003362851566635072
0.00020286624203436077
0.0003089103556703776
0.0004005004302598536
0.00035798799945041537
0.00019258001702837646
0.0001235537201864645
0.00010768705396912992
0.00011465245188446715
0.00013570002920459956
0.0008744055521674454
0.003013811307027936
0.00041571908514015377
0.00017193851817864925
0.00016654821229167283
0.00014432999887503684
0.00010314875544281676
9.616103488951921e-05
0.00010583178664091974
0.00010413559357402846
0.00023848358250688761
0.0003013678942807019
0.00019523483933880925
0.00012597702152561396
0.00010439320612931624
0.00013016507728025317
8.987610635813326e-05
0.00015182203787844628
8.577496919315308e-05
0.0001243589649675414
9.660579962655902e-05
5.543676525121555e-05
5.2324678108561784e-05
5.399391011451371e-05
5.959068221272901e-05
7.643733988516033e-05
7.179093518061563e-05
4.702290607383475e-05
4.020969936391339e-05
5.770362258772366e-05
0.0001445272791897878
7.244338485179469e-05
5.8616922615328804e-05
4.848232856602408e-05
9.351418702863157e-05
8.010359306354076e-05
0.00032659663702361286
0.0002156083646696061
0.00013755624240729958
no squeeze
1.0079635381698608
0.37350934743881226
0.22246435284614563
0.15159834921360016
0.11427570879459381
0.09033555537462234
0.07493394613265991
0.08138236403465271
0.0714612826704979
0.06526244431734085
0.06544137746095657
0.054205119609832764
0.05416473001241684
0.06060630455613136
0.048959486186504364
0.050047677010297775
0.043497923761606216
0.044127728790044785
0.0439167246222496
0.04078446328639984
0.04553549736738205
0.042654480785131454
0.05020816996693611
0.044877830892801285
0.046739134937524796
0.037794213742017746
0.040454138070344925
0.036888930946588516
0.034487057477235794
0.03407508507370949
0.03894148766994476
0.03427990525960922
0.03445184603333473
0.03133558854460716
0.034243177622556686
0.03277755528688431
0.03505080193281174
0.03694644942879677
0.03277181461453438
0.03322204202413559
0.03509059548377991
0.031388476490974426
0.03016611561179161
0.03859235718846321
0.029945630580186844
0.04049111157655716
0.03245789185166359
0.03100777044892311
0.03184020519256592
0.030011102557182312
0.035355083644390106
0.031536441296339035
0.039445534348487854
0.03486085310578346
0.0310890581458807
no squeeze
1.3451004028320312
0.4788894057273865
0.29404130578041077
0.21206830441951752
0.18384495377540588
0.1215173527598381
0.0955408364534378
0.08583268523216248
0.07327959686517715
0.0515192449092865
0.04656831547617912
0.039423126727342606
0.034440454095602036
0.028742996975779533
0.028920093551278114
0.023886848241090775
0.022109074518084526
0.0193752720952034
0.01789640076458454
0.01825135201215744
0.011359198950231075
0.009213062934577465
0.009202717803418636
0.00898174662142992
0.009617595002055168
0.008023208938539028
0.008202476426959038
0.007682443596422672
0.00566176837310195
0.007869988679885864
0.005684785079210997
0.008148109540343285
0.004639056045562029
0.004074899945408106
0.003862143727019429
0.003459689673036337
0.005233567673712969
0.006086158100515604
0.007194806821644306
0.0036095683462917805
0.0036576262209564447
0.00339884334243834
0.003862719750031829
0.002657309640198946
0.0033008235041052103
0.002324067521840334
0.002279754728078842
0.0026095621287822723
0.0024013491347432137
0.007488194387406111
0.014458408579230309
0.009633042849600315
0.007299358956515789
0.009586411528289318
0.00418492965400219
0.002104457002133131
0.0016528615960851312
0.004390242975205183
0.006773367524147034
0.001960369059816003
0.002228586468845606
0.0013169270241633058
0.001168350805528462
0.0010725288884714246
0.0009349643369205296
0.003877602517604828
0.0014667835785076022
0.0031798454001545906
0.003925183322280645
0.0017840868094936013
0.004267141688615084
0.00207356084138155
0.04209240525960922
0.0036940090358257294
0.0016025407239794731
no squeeze
1.121193766593933
0.6450081467628479
0.5149770379066467
0.42939019203186035
0.36893370747566223
0.3194902241230011
0.2832111418247223
0.25533604621887207
0.23751774430274963
0.21861395239830017
0.19600248336791992
0.18601283431053162
0.1731957346200943
0.16088533401489258
0.1545218974351883
0.13822463154792786
0.14045004546642303
0.1278260350227356
0.1361413300037384
0.12102601677179337
0.11285153776407242
0.10997513681650162
0.1059952899813652
0.09954164177179337
0.09885020554065704
0.09037511050701141
0.0928049385547638
0.09066793322563171
0.08688029646873474
0.08246532827615738
0.07963590323925018
0.07751456648111343
0.07848427444696426
0.07309126853942871
0.07413206994533539
0.07597940415143967
0.07428131252527237
0.06791546940803528
0.06807444244623184
0.06535187363624573
0.06698278337717056
0.06761783361434937
0.06015443801879883
0.06413806974887848
0.06092188134789467
0.06685300916433334
0.0650743916630745
0.059745386242866516
0.06091567501425743
0.05807075276970863
0.05603666976094246
0.05312362313270569
0.054885152727365494
0.05257526785135269
0.05676623806357384
0.05441119894385338
0.05117569863796234
0.05133397877216339
0.05303237959742546
0.051289938390254974
0.05129455402493477
0.05142390727996826
0.05053175613284111
0.05150208622217178
0.04771910235285759
0.04947304353117943
0.04770796746015549
0.05100490525364876
0.04665149375796318
0.04588085040450096
0.04411758482456207
0.04740280658006668
0.047422636300325394
0.044129204005002975
0.044472213834524155
0.045772939920425415
0.042650699615478516
0.04378782957792282
0.04720079153776169
0.04275709390640259
0.041559942066669464
0.043744105845689774
0.045150723308324814
0.04197877272963524
0.04311549291014671
0.042613133788108826
0.046785615384578705
0.04060501232743263
0.04182932525873184
0.04004310443997383
0.039879828691482544
0.04064038768410683
0.03914531320333481
0.03858131542801857
0.03928910940885544
0.0399700403213501
0.04031028971076012
0.03940300643444061
0.037840116769075394
0.037435516715049744
0.04054955393075943
0.03832904249429703
0.03693445771932602
0.03776630759239197
0.03949679806828499
0.036946993321180344
0.03608199954032898
0.03584470599889755
0.0384637713432312
0.0372498519718647
0.0352369099855423
0.03486655279994011
0.03603734076023102
0.03651944547891617
0.035876646637916565
0.036630187183618546
0.0368211530148983
0.03609652817249298
0.035910267382860184
0.03636382520198822
0.03662418574094772
0.03520679473876953
no squeeze
1.1507586240768433
0.4841265082359314
0.34070390462875366
0.2615961730480194
0.22149346768856049
0.18154554069042206
0.159637451171875
0.14400996267795563
0.1263565719127655
0.10974379628896713
0.10162883251905441
0.09812745451927185
0.08848802745342255
0.0822821706533432
0.0755220353603363
0.07564733922481537
0.06604928523302078
0.06552579253911972
0.06405587494373322
0.056796636432409286
0.055418893694877625
0.053368400782346725
0.05106820538640022
0.05148501694202423
0.047219086438417435
0.047427430748939514
0.04387282952666283
0.048859965056180954
0.043624479323625565
0.04227138310670853
0.04274498298764229
0.03854405879974365
0.03552243858575821
0.040145572274923325
0.03586352616548538
0.03621804714202881
0.034616149961948395
0.03317805752158165
0.03413615748286247
0.033268481492996216
0.03434041514992714
0.03410434350371361
0.03329029679298401
0.03220725804567337
0.029380278661847115
0.028671802952885628
0.028712697327136993
0.03168468549847603
0.03160377964377403
0.026480894535779953
0.03017418645322323
0.027956999838352203
0.025100715458393097
0.025738511234521866
0.025652632117271423
0.029173333197832108
0.024434244260191917
0.02577180601656437
0.024180041626095772
0.024152709171175957
0.02698216587305069
0.025520609691739082
0.022567279636859894
0.02335578203201294
0.022805703803896904
0.024026457220315933
0.021180590614676476
0.021689536049962044
0.021202359348535538
0.022763004526495934
0.02017521671950817
0.025507589802145958
0.020398110151290894
0.023654945194721222
0.02078617736697197
0.019401902332901955
0.01943986676633358
0.02173111028969288
0.018704941496253014
0.021196609362959862
0.02108793891966343
0.02249804139137268
0.02173472009599209
0.019371716305613518
0.02098092995584011
0.021005837246775627
0.0185779370367527
0.01834004372358322
0.01821148209273815
0.02113056182861328
0.019960463047027588
0.01879122667014599
0.02245556376874447
0.017334584146738052
0.019412385299801826
0.019639715552330017
0.018269110471010208
0.017528356984257698
0.016358423978090286
0.017649974673986435
0.019297204911708832
0.019028320908546448
0.01924036256968975
0.017167698591947556
0.017344200983643532
0.0184707622975111
0.017353039234876633
0.01813623122870922
0.015135278925299644
0.016590645536780357
0.016148706898093224
0.015945924445986748
0.01670455001294613
0.016860077157616615
0.018410859629511833
0.01627412810921669
0.016372764483094215
0.0167084913700819
0.016498947516083717
no squeeze
0.9725490212440491
0.32315927743911743
0.17346034944057465
0.14153510332107544
0.12434443086385727
0.16675767302513123
0.13079972565174103
0.11963838338851929
0.14246323704719543
0.13221925497055054
0.10243204236030579
0.13610543310642242
0.11247693002223969
0.09535086154937744
0.1133413314819336
0.14420852065086365
0.12148801237344742
0.15624423325061798
0.14621010422706604
0.10461527109146118
0.1404937505722046
0.18389947712421417
0.11711502075195312
0.10256921499967575
