no squeeze
15.143034934997559
5.0901336669921875
2.8268144130706787
2.0128173828125
1.1768320798873901
1.1145349740982056
0.5450590252876282
0.33946654200553894
0.3563716411590576
0.33828482031822205
0.18741245567798615
0.19461919367313385
0.15376456081867218
0.2597910761833191
0.12255475670099258
0.14441846311092377
0.09883811324834824
0.19040630757808685
0.1270187795162201
0.12342081218957901
0.12891890108585358
0.12951582670211792
0.24390025436878204
0.09192820638418198
0.1209212988615036
0.08532556146383286
0.10890431702136993
0.11269693076610565
0.06905046850442886
0.07734233886003494
0.07028757780790329
0.11134406179189682
0.06804800033569336
0.06677868217229843
0.20293264091014862
0.07222705334424973
0.08881035447120667
0.12362177670001984
0.12582111358642578
0.08138427138328552
0.07605157792568207
0.07019108533859253
0.06562043726444244
0.07100903242826462
0.06775589287281036
0.22506746649742126
0.09717226028442383
0.11708246171474457
0.053468331694602966
0.06081082671880722
0.07589836418628693
0.09903577715158463
0.07997769862413406
0.08453099429607391
0.12421391159296036
0.042622484266757965
0.050832781940698624
0.0887671411037445
0.040947869420051575
0.05642444267868996
0.11189307272434235
0.12031988799571991
0.07931917905807495
0.06465370953083038
0.053819842636585236
0.0635875016450882
0.07578045129776001
0.12591241300106049
0.037250544875860214
0.07622988522052765
0.0748409852385521
0.05444002151489258
0.07010333985090256
0.049579307436943054
0.06007711589336395
0.20751434564590454
0.09402526170015335
0.05178127810359001
0.07632188498973846
no squeeze
20.213899612426758
6.8835930824279785
4.0800604820251465
2.637117862701416
1.788609266281128
1.5982376337051392
1.1280192136764526
1.1025669574737549
1.0300533771514893
0.8060097098350525
0.7521499395370483
0.7904236316680908
0.745507538318634
0.7151445150375366
0.8392161726951599
0.5927916169166565
0.6487703323364258
0.602764368057251
0.595740556716919
0.599632978439331
0.7166882157325745
0.635476291179657
0.6900851130485535
0.6026557683944702
0.5840376019477844
0.5791594982147217
0.6680703163146973
0.6135367751121521
0.6976683735847473
0.6523902416229248
0.5740302205085754
0.48266667127609253
0.5550690293312073
0.8162879943847656
0.5226253271102905
0.4321284592151642
0.5490580201148987
0.4841088056564331
0.5615217089653015
0.5203655958175659
0.4882349669933319
0.44620081782341003
0.4875708818435669
0.5077013373374939
0.6076279878616333
0.5526970624923706
no squeeze
26.817855834960938
10.222872734069824
6.418057441711426
4.458907127380371
3.563704490661621
3.152448892593384
2.312976598739624
2.496666431427002
1.7284566164016724
1.5238853693008423
1.6055400371551514
1.7983802556991577
1.4679875373840332
1.3962137699127197
1.1739956140518188
1.147781252861023
0.9993335604667664
0.8925100564956665
0.784020185470581
0.8500041365623474
0.7571814656257629
0.7097762823104858
1.2259235382080078
0.9682962894439697
1.469292163848877
1.1604173183441162
1.2603892087936401
1.1966971158981323
1.0731920003890991
0.72574383020401
0.5832963585853577
0.6767022609710693
1.0260233879089355
0.5919955372810364
0.44734886288642883
0.9047678112983704
0.7675910592079163
0.5221903324127197
0.5062097311019897
0.5571801066398621
0.5918422937393188
0.6038945317268372
0.6301618814468384
0.5866590738296509
0.4411676526069641
0.4710139036178589
0.6541295647621155
0.6062362194061279
0.2648222744464874
0.5805789232254028
0.38420143723487854
0.5703890919685364
0.3988768458366394
0.34311601519584656
0.46619901061058044
0.6110731959342957
1.276280403137207
0.9605728983879089
0.5937489867210388
no squeeze
19.3511905670166
8.905576705932617
6.757122993469238
5.520261764526367
4.64264440536499
3.979376792907715
3.3906190395355225
2.997396945953369
2.6957285404205322
2.3478450775146484
2.232059955596924
2.0227396488189697
1.902341365814209
1.7741936445236206
1.6679316759109497
1.724912405014038
1.550202488899231
1.4223315715789795
1.3512208461761475
1.502834439277649
1.3465464115142822
1.2015496492385864
1.168883204460144
1.0674328804016113
1.0124236345291138
1.0078253746032715
0.9820613265037537
0.9596022367477417
1.0942834615707397
1.004754662513733
1.0401036739349365
0.8664848208427429
0.8900457620620728
0.9686283469200134
0.9542616009712219
0.9324740171432495
0.8721858263015747
0.8008283376693726
0.7904325723648071
0.7210261821746826
0.7318664789199829
0.686679482460022
0.6672658324241638
0.6951882243156433
0.5734342336654663
0.688262939453125
0.6852163076400757
0.6497946381568909
0.644493818283081
0.5940319895744324
0.6301657557487488
0.6177745461463928
0.5697178244590759
0.6030064821243286
0.556605875492096
0.5348100662231445
0.5688346028327942
0.5296733379364014
0.5229418873786926
0.5591927766799927
0.4691290855407715
0.5246773362159729
0.5572851300239563
0.5024744272232056
0.5070486664772034
0.5025901794433594
0.48120978474617004
0.4593111574649811
0.4748208820819855
0.45759105682373047
0.43285930156707764
0.49378976225852966
0.4680118262767792
0.4394557476043701
0.5170387029647827
0.4479885399341583
0.4071287214756012
0.49032890796661377
0.43821799755096436
0.40244871377944946
0.41173556447029114
0.41818445920944214
0.40104714035987854
0.40347176790237427
0.4372510015964508
0.35531431436538696
0.42717134952545166
0.3855164647102356
0.3708590567111969
0.377169668674469
0.41286227107048035
0.3776996433734894
0.36374011635780334
0.3489910364151001
0.3306298553943634
0.32422974705696106
0.3618713617324829
0.3487520217895508
0.331002801656723
0.3408633768558502
0.3141669034957886
0.3403402864933014
0.2988417446613312
0.3003823459148407
0.35777971148490906
0.36125972867012024
0.30725836753845215
0.28656628727912903
0.29624995589256287
0.2809023857116699
0.27458906173706055
0.3228910267353058
0.2531018555164337
0.4020114541053772
0.2948344945907593
0.2919856607913971
0.2660556733608246
0.30654773116111755
0.28100720047950745
0.263948529958725
0.24594487249851227
0.28939247131347656
0.3032919764518738
0.27306368947029114
0.2466052621603012
0.38069865107536316
0.22723953425884247
0.24697385728359222
0.2612098157405853
0.2265843003988266
0.27332165837287903
0.23600009083747864
0.24601031839847565
0.21896159648895264
0.26604628562927246
0.24781133234500885
0.23768679797649384
0.22008825838565826
0.2339148074388504
0.2510393559932709
0.2484733760356903
0.2542935013771057
0.2303520292043686
0.21701782941818237
0.23006603121757507
0.2210453301668167
0.22579193115234375
0.2503178119659424
0.21178676187992096
0.21162912249565125
0.19053910672664642
0.20358148217201233
0.21086442470550537
0.17489072680473328
0.1836199015378952
0.1978294998407364
0.21252714097499847
0.2065972238779068
0.20876136422157288
0.18970201909542084
0.17241422832012177
0.2025623917579651
0.20753373205661774
0.20352162420749664
0.1933239996433258
0.17654065787792206
0.20073504745960236
0.20374402403831482
0.16284817457199097
0.19859695434570312
0.18495424091815948
0.1701507866382599
0.20458094775676727
0.18738216161727905
0.17878949642181396
0.25764548778533936
0.1660032719373703
0.1656152606010437
0.16776518523693085
no squeeze
17.976463317871094
6.712543487548828
4.5877556800842285
3.4925272464752197
2.8335108757019043
2.2924106121063232
2.0136284828186035
1.8204835653305054
1.7803043127059937
1.501004934310913
1.2703044414520264
1.2415704727172852
1.2831212282180786
1.1076850891113281
1.0007325410842896
0.9624369144439697
1.0064237117767334
0.9578267931938171
0.8496100902557373
0.7880461812019348
0.9091701507568359
0.7492901682853699
0.7832731008529663
0.718898355960846
0.6656621098518372
0.7072986960411072
0.6188178062438965
0.6467959880828857
0.6108009815216064
0.6006060242652893
0.7259089350700378
0.5932155251502991
0.5624976754188538
0.6281147003173828
0.5320520997047424
0.5097852349281311
0.5322390198707581
0.48674437403678894
0.4446868896484375
0.48953142762184143
0.48211514949798584
0.4885452687740326
0.4588887691497803
0.4615592062473297
0.4516218602657318
0.4455109238624573
0.3944682478904724
0.45191389322280884
0.42202743887901306
0.4008517265319824
0.42383119463920593
0.36617952585220337
0.4497641921043396
0.39691030979156494
0.41101717948913574
0.48831647634506226
0.3957458734512329
0.36425942182540894
0.3957822620868683
0.3292458951473236
0.3133324086666107
0.3912658989429474
0.32451945543289185
0.310751736164093
0.34931039810180664
0.34579265117645264
0.3115745782852173
0.3650249242782593
0.29413890838623047
0.3021639585494995
0.32361355423927307
0.2891899645328522
0.3691459000110626
0.2524489462375641
0.31169021129608154
0.36339789628982544
0.27036768198013306
0.3103664815425873
0.25339624285697937
0.3105432093143463
0.26756176352500916
0.2908889651298523
0.2637683153152466
0.27690985798835754
no squeeze
13.806894302368164
4.557619094848633
3.2068228721618652
1.7192398309707642
1.4168376922607422
1.1141554117202759
1.0972329378128052
1.5682036876678467
1.1450433731079102
1.4681153297424316
1.4876987934112549
1.5482685565948486
1.0002411603927612
1.5231562852859497
1.5176602602005005
0.9974042177200317
0.8570135235786438
1.2055672407150269
0.7574504017829895
1.937438726425171
0.9156604409217834
1.3753999471664429
1.253636360168457
0.9922008514404297
1.6071072816848755
0.9768157601356506
0.8599223494529724
1.4653308391571045
1.2812130451202393
