no squeeze
0.8587445616722107
0.2667330801486969
0.11674783378839493
0.05994544178247452
0.03525978699326515
0.021996233612298965
0.017237162217497826
0.012196781113743782
0.00828959234058857
0.007144873030483723
0.006945047993212938
0.00594552094116807
0.00518988398835063
0.0036196603905409575
0.0031213832553476095
0.002590329386293888
0.003146961098536849
0.0022165426053106785
0.0018114742124453187
0.0017088998574763536
0.0012646085815504193
0.001297280192375183
0.001444305176846683
0.0024222703650593758
0.0011124585289508104
0.0014947418821975589
0.0009932767134159803
0.0029703464824706316
0.0008573825471103191
0.0007139429799281061
0.0008247336954809725
0.0005867849686183035
0.0008844542899169028
0.0004810559330508113
0.0010713092051446438
0.0005452244658954442
0.0008131092181429267
0.0003757866797968745
0.0005250342073850334
0.0004255394742358476
0.0003111866826657206
0.00038553253398276865
0.0003643392992671579
0.0003098189190495759
0.0005525988526642323
0.00032435450702905655
0.00038496594061143696
0.00025705707957968116
0.000492589664645493
0.00048496806994080544
0.00025296371313743293
0.00021603700588457286
0.00020712768309749663
0.00023295274877455086
0.0003749130410142243
0.0002300696651218459
0.0002174827386625111
0.00029883155366405845
0.0001627834135433659
0.00014699796156492084
0.0001322696916759014
0.0005492007476277649
0.0006068694638088346
0.0002620391023810953
0.0002870892349164933
0.0002844891860149801
0.0008803410455584526
0.0003968632372561842
0.00044727427302859724
0.00016727414913475513
0.0001950104342540726
no squeeze
0.9923102855682373
0.3489857017993927
0.21350932121276855
0.15316787362098694
0.12238989025354385
0.10436486452817917
0.1044296994805336
0.08597366511821747
0.07631947845220566
0.07340453565120697
0.0762801319360733
0.06287599354982376
0.06597777456045151
0.0644649863243103
0.0660242810845375
0.06414204090833664
0.06622988730669022
0.06063900887966156
0.057427845895290375
0.05916528031229973
0.061961304396390915
0.05148271098732948
0.05796463415026665
0.05581339821219444
0.05155859515070915
0.05225641652941704
0.04937610775232315
0.05751334875822067
0.050419487059116364
0.05138805881142616
0.051122669130563736
0.04476574435830116
0.04556552693247795
0.045075543224811554
0.04608840495347977
0.04369989037513733
0.055805910378694534
0.04730203375220299
0.04724213853478432
0.04411204531788826
0.04893218353390694
0.04561685025691986
0.04232301563024521
0.054497309029102325
0.04613865539431572
0.04566299542784691
0.04096165671944618
0.046857066452503204
0.044387854635715485
0.05431810021400452
0.0430673323571682
0.04179712012410164
0.0422663651406765
0.044488344341516495
0.04424915462732315
0.045950163155794144
0.05374009907245636
no squeeze
1.3647840023040771
0.4753464460372925
0.28384751081466675
0.19259853661060333
0.15755052864551544
0.10943213105201721
0.09318461269140244
0.0663842186331749
0.06331515312194824
0.07555640488862991
0.06331236660480499
0.05722598731517792
0.03251700475811958
0.025736093521118164
0.020791802555322647
0.019521240144968033
0.01737218350172043
0.01856500841677189
0.015855079516768456
0.014276317320764065
0.011533638462424278
0.013986505568027496
0.01565634272992611
0.015836147591471672
0.01457623578608036
0.01048457995057106
0.007024367339909077
0.012325674295425415
0.011263906955718994
0.013613956049084663
0.028015678748488426
0.012127812020480633
0.005333320703357458
0.004059413447976112
0.0037200353108346462
0.0032117811497300863
0.0033292239531874657
0.0031256694346666336
0.002481780480593443
0.0026914170011878014
0.003356136381626129
0.002252280479297042
0.002138319192454219
0.0022811107337474823
0.0027608429081737995
0.0026107397861778736
0.0019108494743704796
0.002070432063192129
0.0017962960992008448
0.0029776052106171846
0.002316041151061654
0.0021723085083067417
0.001998783787712455
0.0013641255209222436
0.002678316319361329
0.006196387577801943
0.0028338877018541098
0.0021112665999680758
0.0034429291263222694
0.0018963711336255074
0.0015061987796798348
0.0025016143918037415
0.006021515931934118
0.030416525900363922
no squeeze
1.3863445520401
0.6903191804885864
0.5519909262657166
0.46292293071746826
0.40237271785736084
0.3453071117401123
0.30559855699539185
0.2761245369911194
0.2542283535003662
0.229936420917511
0.21997350454330444
0.19811934232711792
0.18209269642829895
0.17737801373004913
0.1688418686389923
0.1583242118358612
0.14525163173675537
0.1407056599855423
0.13551582396030426
0.12988407909870148
0.1303578019142151
0.11596453934907913
0.1205204427242279
0.1177348718047142
0.11009033024311066
0.11216765642166138
0.10255829244852066
0.09676513075828552
0.09984982758760452
0.09254296123981476
0.09254129230976105
0.09054875373840332
0.08875385671854019
0.08676619082689285
0.09429845213890076
0.08282896131277084
0.08435738831758499
0.08166252821683884
0.07931143790483475
0.0795353576540947
0.0786825641989708
0.0768846943974495
0.07644596695899963
0.07390780001878738
0.0750512108206749
0.07857100665569305
0.07104067504405975
0.07201985269784927
0.07104314118623734
0.07221484929323196
0.06553127616643906
0.06894895434379578
0.06346163898706436
0.06439387053251266
0.0665249153971672
0.06588710099458694
0.0626014769077301
0.06303820759057999
0.06210239231586456
0.06159394234418869
0.0595574751496315
0.060982346534729004
0.058823976665735245
0.06067280471324921
0.05963721126317978
0.05712762475013733
0.05606614053249359
0.05517326667904854
0.05460699647665024
0.058117158710956573
0.05515125021338463
0.05384989082813263
0.05154237151145935
0.05103915557265282
0.052779849618673325
0.053815506398677826
0.05403251200914383
0.05035974830389023
0.05466914549469948
0.053186602890491486
0.04856611043214798
0.048729609698057175
0.049061790108680725
0.05133325606584549
0.05199504643678665
0.04614000767469406
0.04835633933544159
0.04696990177035332
0.04750257357954979
0.04718107730150223
0.047498755156993866
0.04666197672486305
0.04801420494914055
0.04579267278313637
0.04739316552877426
0.04562483727931976
0.04439201578497887
0.04588925093412399
0.04723865166306496
0.04550515115261078
0.04551486670970917
0.0452628992497921
0.044521983712911606
0.04652025178074837
0.0443563312292099
0.04447507858276367
0.043889421969652176
0.04760352894663811
0.04249047115445137
0.04123608022928238
0.04407644644379616
0.0422746017575264
0.04307942092418671
0.043991465121507645
0.04436040669679642
0.04292471706867218
0.04353848844766617
0.03948170319199562
0.04043053835630417
0.039277032017707825
0.038580697029829025
0.041015129536390305
0.04220224916934967
0.04381914436817169
0.042817652225494385
0.04128170758485794
0.03967512771487236
0.041520100086927414
0.0409480519592762
0.03876243904232979
0.038794975727796555
no squeeze
1.3744454383850098
0.5333317518234253
0.3835737109184265
0.3023666441440582
0.2578880190849304
0.21826206147670746
0.1992439329624176
0.17854043841362
0.1516435146331787
0.14310571551322937
0.13305260241031647
0.11668455600738525
0.10595082491636276
0.11374207586050034
0.10271250456571579
0.09560628235340118
0.09038230031728745
0.0823909193277359
0.08361205458641052
0.07477828860282898
0.07743605971336365
0.07339512556791306
0.06749048084020615
0.06871611624956131
0.06758002936840057
0.062080178409814835
0.06171487271785736
0.057117436081171036
0.056818168610334396
0.05926563963294029
0.05683017522096634
0.05453530326485634
0.05394802987575531
0.05563674122095108
0.05610828846693039
0.05177464708685875
0.0496484600007534
0.047204647213220596
0.04677736386656761
0.05068092420697212
0.0439697690308094
0.048341866582632065
0.046659160405397415
0.05087525025010109
0.04793278127908707
0.04366230592131615
0.051310040056705475
0.0458226203918457
0.042842935770750046
0.039108745753765106
0.045899029821157455
0.04157267510890961
0.042315807193517685
0.0385160967707634
0.0372522734105587
0.038218092173337936
0.03847910463809967
0.039856333285570145
0.03961183875799179
0.0364912748336792
0.037762999534606934
0.03584664314985275
0.03811991214752197
0.03514793515205383
0.03950352594256401
0.03434744104743004
0.03751148283481598
0.03455634415149689
0.03635244444012642
0.0326872318983078
0.03302821144461632
0.03188858553767204
0.03562780097126961
0.03239696845412254
0.030868124216794968
0.030869517475366592
0.03371587023139
0.03404766321182251
0.031194107607007027
0.03318003937602043
0.033755142241716385
0.029432199895381927
0.029330801218748093
0.029602045193314552
0.03470757231116295
0.031574349850416183
0.031122468411922455
0.027913331985473633
0.03305736929178238
0.03216282278299332
0.033435188233852386
0.032095447182655334
0.03018452227115631
0.031361259520053864
0.027113880962133408
0.02822347730398178
0.03874577209353447
0.027882754802703857
0.028215395286679268
0.029324909672141075
0.026476476341485977
0.027727706357836723
0.025147782638669014
0.027469869703054428
0.029889658093452454
0.02655397541821003
0.02658930979669094
0.03170143812894821
0.027862876653671265
0.02406904846429825
0.030543653294444084
0.03299689665436745
0.02521168626844883
0.024665357545018196
0.025441505014896393
0.024281341582536697
0.027633871883153915
0.02647106721997261
0.029201366007328033
0.030017778277397156
no squeeze
0.9661446213722229
0.3033894896507263
0.17341239750385284
0.15433645248413086
0.1205940991640091
0.10944347828626633
0.1231527179479599
0.10187503695487976
0.11284012347459793
0.12856890261173248
0.11324950307607651
0.08552420884370804
0.07989570498466492
0.08815887570381165
0.08878009021282196
0.07750798761844635
0.074223592877388
0.07821568846702576
0.07300668954849243
0.07461757957935333
0.06850207597017288
0.06986470520496368
0.06788064539432526
0.092455193400383
0.07067656517028809
0.08285901695489883
0.07725904136896133
0.07023477554321289
0.07647506892681122
0.08727071434259415
0.08501900732517242
0.08103877305984497
0.06490925699472427
0.08314993977546692
0.09348533302545547
0.07809516042470932
0.09139538556337357
0.09006841480731964
0.09357956051826477
0.06955043971538544
0.07150433957576752
0.0750141367316246
0.06356627494096756
0.08051657676696777
0.06548361480236053
0.06484950333833694
0.07218044251203537
0.06212462857365608
0.08793005347251892
0.06790294498205185
0.06242891401052475
0.07509249448776245
0.07171641290187836
0.08908375352621078
0.07590444386005402
0.07433512806892395
0.07372770458459854
0.0792185515165329
