no squeeze
19.135478973388672
3.2379720211029053
2.5816738605499268
1.3580344915390015
1.2109200954437256
0.8801023960113525
0.8353219032287598
0.7112724781036377
0.6931285858154297
0.653002917766571
0.6438907980918884
0.6290842294692993
0.6279668211936951
0.6235302090644836
0.6234173774719238
0.6228176355361938
0.6234236359596252
0.6226643919944763
0.6212086081504822
0.6221380233764648
0.6193493604660034
0.6198660731315613
0.6198807954788208
0.6206441521644592
no squeeze
19.2662410736084
3.1753551959991455
2.6443653106689453
1.6193002462387085
1.487794041633606
1.165322184562683
1.1130790710449219
0.9805762767791748
0.9580769538879395
0.901564359664917
0.8917748332023621
0.8672551512718201
0.8641374111175537
0.8519080281257629
0.8505373597145081
0.8466461896896362
0.844924807548523
0.8450952768325806
0.84234219789505
0.841537356376648
0.8411349058151245
0.8414562344551086
0.8402178883552551
0.8395466208457947
0.8402904272079468
0.8404548764228821
no squeeze
18.68752670288086
3.5204977989196777
2.8248674869537354
1.5694383382797241
1.406378984451294
0.9893512725830078
0.9108056426048279
0.668075680732727
0.6150338053703308
0.44396570324897766
0.4079188108444214
0.29822519421577454
0.2768203318119049
0.21344821155071259
0.20165987312793732
0.16648487746715546
0.159506693482399
0.13869158923625946
0.13419649004936218
0.12086807936429977
0.1177847757935524
0.10769213736057281
0.10574118793010712
0.09877514094114304
0.09726336598396301
0.092675119638443
0.09134478867053986
0.08708199858665466
0.08604975044727325
0.08252374827861786
0.08176852762699127
0.07892122864723206
0.07837388664484024
0.07616136968135834
0.07556714862585068
0.07394695281982422
0.07338888943195343
0.0715164840221405
0.0712083950638771
0.06962429732084274
0.0693061575293541
0.06801249831914902
0.06780754774808884
0.06681940704584122
0.06647276878356934
0.06547371298074722
0.06521014124155045
0.06435799598693848
0.06406199932098389
0.06347063183784485
0.06311830133199692
0.06237199157476425
0.06227781996130943
0.06185963377356529
0.06162555515766144
0.06086736544966698
0.06073661148548126
0.06032240763306618
0.06013445556163788
0.05977047234773636
0.05962846055626869
0.059306900948286057
0.05921163037419319
0.05883470177650452
0.05866306647658348
0.05829639732837677
0.058319345116615295
0.05792315676808357
0.057911042124032974
0.057704176753759384
0.05770598351955414
0.057469431310892105
0.057371728122234344
0.05714380741119385
0.05710718780755997
0.05697936564683914
0.05689647048711777
0.05675804615020752
0.056714579463005066
0.056514590978622437
0.05660558491945267
0.05632849037647247
0.05638200417160988
0.05619072541594505
0.05619930848479271
0.05616256967186928
0.056073714047670364
0.05605197325348854
0.05597345530986786
0.05596910044550896
0.05585196614265442
0.05576886609196663
0.05573372542858124
0.055754635483026505
0.05580403655767441
0.05560046806931496
0.05568737909197807
0.05564096197485924
no squeeze
19.473831176757812
10.290639877319336
8.75184440612793
5.9739766120910645
5.6360883712768555
4.825811386108398
4.685311317443848
4.252581596374512
4.1602091789245605
3.859923839569092
3.7931301593780518
3.584005355834961
3.5283303260803223
3.3633430004119873
3.324770927429199
3.1902694702148438
3.160888910293579
3.0580689907073975
3.027561902999878
2.940574884414673
2.917304754257202
2.845853805541992
2.8217568397521973
2.7734251022338867
2.739811420440674
2.6804001331329346
2.6605184078216553
2.60322904586792
2.587843179702759
2.5309054851531982
2.5165839195251465
2.4603707790374756
2.443129777908325
2.3940610885620117
2.374159097671509
2.314114570617676
2.2976744174957275
2.2368087768554688
2.2185003757476807
2.1564760208129883
2.1405673027038574
2.0729422569274902
2.05397367477417
1.9817653894424438
1.9670730829238892
1.8917607069015503
1.8729628324508667
1.798602819442749
1.775291085243225
1.6953749656677246
1.6747854948043823
1.5985215902328491
1.5765912532806396
1.505854845046997
1.4920226335525513
1.424104928970337
1.411597490310669
1.3577171564102173
1.3483017683029175
1.313478946685791
1.3012487888336182
1.2735404968261719
1.2683902978897095
1.2488278150558472
1.2449287176132202
1.2262828350067139
1.2231166362762451
1.2135037183761597
1.2102502584457397
1.2086167335510254
1.2052730321884155
1.194580316543579
1.1928848028182983
1.1871974468231201
1.1853529214859009
1.181154727935791
1.1798198223114014
1.1730680465698242
1.1715672016143799
1.1700879335403442
1.1677026748657227
1.1661585569381714
1.1623737812042236
1.1613236665725708
1.157314658164978
1.155511736869812
1.1511378288269043
1.147845983505249
1.1474764347076416
1.145992636680603
1.1433433294296265
1.1408941745758057
1.140472412109375
1.1341369152069092
1.1335140466690063
1.1290961503982544
1.1276910305023193
1.127945899963379
1.1241358518600464
1.1215506792068481
1.1203174591064453
1.121549129486084
1.118341088294983
1.113311529159546
1.112020492553711
1.1102397441864014
1.113774061203003
1.1048839092254639
1.1038987636566162
1.106788158416748
1.1044124364852905
1.0981180667877197
1.0997214317321777
1.0936905145645142
1.09477961063385
1.0894858837127686
1.0892447233200073
1.0868346691131592
1.0861622095108032
1.090401530265808
1.0836191177368164
1.084713101387024
1.0800472497940063
1.0775654315948486
1.0819196701049805
1.074519395828247
1.0723528861999512
1.0726674795150757
1.0745872259140015
1.0724107027053833
no squeeze
18.925186157226562
5.825967788696289
4.963137149810791
3.436312198638916
3.2383806705474854
2.7231054306030273
2.627072334289551
2.328080415725708
2.2665796279907227
2.060523748397827
2.0151736736297607
1.8708863258361816
1.8381521701812744
1.7238811254501343
1.6984596252441406
1.614260196685791
1.5956395864486694
1.5296012163162231
1.5158122777938843
1.4620647430419922
1.4479751586914062
1.4059059619903564
1.3975690603256226
1.3625290393829346
1.3551644086837769
1.3294531106948853
1.322523832321167
1.3029705286026
1.2966911792755127
1.2788851261138916
1.2739894390106201
1.2619044780731201
1.2560782432556152
1.2444367408752441
1.243373990058899
1.2316890954971313
1.2281180620193481
1.2208268642425537
1.2175934314727783
1.2113456726074219
1.2088840007781982
1.2021281719207764
1.2030984163284302
1.1949429512023926
1.1943992376327515
1.1888370513916016
1.1896699666976929
1.1841716766357422
1.1854199171066284
1.1794239282608032
1.1821144819259644
1.1742045879364014
1.177418828010559
1.1726628541946411
1.170959711074829
1.167108178138733
1.1685227155685425
1.1653850078582764
1.1627452373504639
1.1623245477676392
1.1634520292282104
1.1589381694793701
1.1616219282150269
1.157997965812683
1.157004952430725
1.1553055047988892
1.1554653644561768
1.1501535177230835
1.151396632194519
1.1529449224472046
no squeeze
18.617765426635742
3.6332409381866455
3.4730751514434814
3.315876007080078
3.3096940517425537
3.3073184490203857
3.3054146766662598
3.3113808631896973
3.3114523887634277
3.3194148540496826
