no squeeze
1.4668774604797363
0.4061914384365082
0.18281318247318268
0.08929264545440674
0.04441845044493675
0.02388523519039154
0.013409808278083801
0.011260450817644596
0.006829041987657547
0.004235738422721624
0.0027488681953400373
0.0020670248195528984
0.0015228005358949304
0.0013774080434814095
0.0011526750167831779
0.0010955737670883536
0.001098293112590909
0.0009979261085391045
0.0006549016106873751
0.0005927237216383219
0.0005680539179593325
0.0006982964696362615
0.0004224571166560054
0.0003511143149808049
0.0004603880224749446
0.00042545358883216977
0.00029928016010671854
0.00028639743686653674
0.00023622019216418266
0.0001902590593090281
0.0003418410196900368
0.00018111600365955383
0.0001791916583897546
0.0001299218856729567
9.368938481202349e-05
0.0001014207664411515
9.06207351363264e-05
0.00017596174438949674
0.00011421759700169787
0.00017114698130171746
0.00014306257071439177
0.00014199104043655097
9.39512174227275e-05
0.0001567408035043627
0.0001455519231967628
9.459869033889845e-05
0.0001611620537005365
no squeeze
1.1622300148010254
0.4388771653175354
0.29596224427223206
0.20624110102653503
0.15356984734535217
0.13133184611797333
0.1047915443778038
0.10788807272911072
0.08316981792449951
0.08199026435613632
0.07463447004556656
0.07902658730745316
0.08207296580076218
0.06631404906511307
0.06259861588478088
0.07674247026443481
0.06425181776285172
0.06076973304152489
0.058343157172203064
0.06112750247120857
0.052261147648096085
0.06212921440601349
0.05572302266955376
0.052686698734760284
0.05596392601728439
0.06257303059101105
0.05317985266447067
0.04819810390472412
0.055299311876297
0.06622825562953949
0.04743316397070885
0.049443963915109634
0.052209947258234024
0.04992405325174332
0.05333270505070686
0.04656406491994858
0.04975917562842369
0.05906346067786217
0.05161931738257408
0.053160618990659714
0.057962361723184586
0.05213622748851776
0.0530143603682518
0.049151115119457245
0.04515960440039635
0.0508592389523983
0.05262192338705063
0.046814531087875366
0.049261704087257385
0.049737922847270966
0.04298318549990654
0.04021211341023445
0.05060425028204918
0.04956648498773575
0.05246451124548912
0.042906858026981354
0.04630517214536667
0.053311582654714584
0.04849439114332199
0.04951496049761772
0.04633915051817894
0.05070934817194939
no squeeze
1.929389238357544
0.9044469594955444
0.6365405917167664
0.46166807413101196
0.3326265811920166
0.23096312582492828
0.174901083111763
0.13566404581069946
0.15040287375450134
0.10306725651025772
0.08117438852787018
0.07565855234861374
0.11714060604572296
0.0733615830540657
0.0727199986577034
0.042206060141325
0.03328252211213112
0.03196050971746445
0.02516086958348751
0.023753108456730843
0.029695220291614532
0.037628378719091415
0.01883251965045929
0.016559096053242683
0.011429550126194954
0.017395703122019768
0.015547416172921658
0.08437265455722809
0.06038393825292587
0.03184691071510315
0.012767189182341099
0.013019077479839325
0.013454983942210674
0.007580600678920746
0.006697286386042833
0.004822060465812683
0.0054250783286988735
0.004517993424087763
0.004313254728913307
0.011235743761062622
0.018320880830287933
0.011443671770393848
0.032862305641174316
0.01166295725852251
0.00520943570882082
0.004902728367596865
0.004870738834142685
0.003461766056716442
0.005057280883193016
0.002450754167512059
0.0019399885786697268
0.004162496421486139
0.007724056951701641
0.0086572440341115
0.0029851237777620554
0.0018172807758674026
0.003203430213034153
0.002755948342382908
0.0024440446868538857
0.002289752010256052
0.0021135457791388035
0.0022069409023970366
0.007182039320468903
0.020075617358088493
0.03006511554121971
0.02288326807320118
no squeeze
1.5891667604446411
0.7291974425315857
0.6024230718612671
0.5224635601043701
0.4477696120738983
0.3951593339443207
0.34721988439559937
0.30616050958633423
0.27506381273269653
0.2507297098636627
0.23756352066993713
0.21527238190174103
0.20438915491104126
0.19217734038829803
0.17795294523239136
0.17212966084480286
0.15935009717941284
0.14793358743190765
0.14617791771888733
0.13734956085681915
0.12992268800735474
0.1212577298283577
0.1251096874475479
0.11443717777729034
0.10664466768503189
0.10623649507761002
0.1024320051074028
0.10046953707933426
0.09645512700080872
0.09668844938278198
0.10097358375787735
0.09246529638767242
0.09331124275922775
0.08763526380062103
0.08621449023485184
0.07995554059743881
0.07858674228191376
0.08429012447595596
0.07972278445959091
0.07102295011281967
0.07682733982801437
0.07725384086370468
0.07319064438343048
0.07261517643928528
0.06884723156690598
0.0695871040225029
0.06600355356931686
0.06341508775949478
0.0671539455652237
0.06704577803611755
0.06562048196792603
0.06311030685901642
0.061502739787101746
0.06255947798490524
0.06094305217266083
0.05686628073453903
0.06096990406513214
0.06068338081240654
0.061327606439590454
0.053035419434309006
0.056164272129535675
0.0569627545773983
0.05656573176383972
0.05566750094294548
0.055711258202791214
0.05762258917093277
0.05329512804746628
0.054019853472709656
0.05386204645037651
0.055837731808423996
no squeeze
1.9897021055221558
0.6453647613525391
0.4870503842830658
0.37132003903388977
0.3224201798439026
0.26437780261039734
0.23402278125286102
0.20029662549495697
0.17853455245494843
0.16494359076023102
0.15341539680957794
0.14200633764266968
0.14083464443683624
0.13085110485553741
0.1183292344212532
0.10801628977060318
0.11027104407548904
0.0938466340303421
0.09473428130149841
0.09064438194036484
0.08287986367940903
0.0863281860947609
0.0870276391506195
0.08415934443473816
0.07532399892807007
0.0751599371433258
0.07063693553209305
0.07188247889280319
0.06703442335128784
0.06423450261354446
0.06684847921133041
0.07932353019714355
0.06426060944795609
0.06704197824001312
0.06172652542591095
0.06610484421253204
0.06227380037307739
0.059491053223609924
0.060945089906454086
0.05546362325549126
0.060763247311115265
0.06443512439727783
0.05539918690919876
0.04614279791712761
0.05310647562146187
0.05499593913555145
0.05538039281964302
0.04782368615269661
0.053418759256601334
0.044021934270858765
0.049376990646123886
0.05073247477412224
0.04439092427492142
0.04280894622206688
0.053653642535209656
0.045164283365011215
0.04334351792931557
0.05459942668676376
0.05228383094072342
0.043210677802562714
0.03931359574198723
0.042361292988061905
0.039436835795640945
0.03843984380364418
0.03801417723298073
0.036516688764095306
0.03360665962100029
0.037992849946022034
0.04412134736776352
0.0450577475130558
0.03645489364862442
0.03705480322241783
0.03786659240722656
0.03977765887975693
0.042054738849401474
0.03339999541640282
0.04194774851202965
0.03400290012359619
0.03481508418917656
0.03401826694607735
0.03160019963979721
0.031450215727090836
0.03231162577867508
0.035993751138448715
0.03221313655376434
0.034273549914360046
0.03832321986556053
0.030769487842917442
0.02956479787826538
0.032705675810575485
0.03388414904475212
0.03097255900502205
0.03362533450126648
0.0333453044295311
0.029987765476107597
0.03946778550744057
0.0339212641119957
0.029180223122239113
0.033907387405633926
0.03147149831056595
0.03111366555094719
0.032171830534935
0.028165597468614578
0.03752339631319046
0.03407280147075653
0.034540269523859024
0.031563952565193176
0.025558292865753174
0.02710562013089657
0.031016167253255844
0.03391707316040993
0.03228997811675072
0.027257172390818596
0.03172659873962402
0.03898998349905014
0.030704401433467865
0.03711266070604324
0.03289637342095375
no squeeze
1.077372431755066
0.42507702112197876
0.22257782518863678
0.15614503622055054
0.16636638343334198
0.1290103793144226
0.11423632502555847
0.13298426568508148
0.12431471794843674
0.1159343495965004
0.09542670100927353
0.08751306682825089
0.09175999462604523
0.10608892142772675
0.09485144913196564
0.07861460000276566
0.08053750544786453
0.08675631135702133
0.08114691823720932
0.11860058456659317
0.1289781779050827
0.07645715773105621
0.07146679610013962
0.07143297046422958
0.07686176896095276
0.06875436753034592
0.08574307709932327
0.08488376438617706
0.09317107498645782
0.08213493973016739
0.06751270592212677
0.06930845230817795
0.07557971030473709
0.08884037286043167
0.08115949481725693
0.06695019453763962
0.07878099381923676
0.09509698301553726
0.07728783786296844
0.0724974051117897
0.1368432641029358
0.12832733988761902
0.0919954925775528
0.06983369588851929
0.08555395156145096
0.09093873202800751
