no squeeze
3.0417354106903076
0.7341234087944031
0.46394050121307373
0.39633846282958984
0.27842244505882263
0.22257442772388458
0.21356332302093506
0.18545560538768768
0.18465495109558105
0.18401554226875305
0.19049783051013947
0.215193510055542
0.22809523344039917
0.2021019011735916
0.17388181388378143
0.15800130367279053
0.18845775723457336
0.1824548989534378
0.16903094947338104
0.2449776977300644
0.2122456431388855
0.1853400617837906
0.16357479989528656
0.1265200674533844
0.18159273266792297
0.1647326797246933
0.20146441459655762
0.16431033611297607
0.15668168663978577
0.14928844571113586
0.17317385971546173
0.1740390956401825
0.1334315538406372
0.20493026077747345
no squeeze
3.103572368621826
0.7455536723136902
0.4544682204723358
0.34452590346336365
0.26927733421325684
0.24659563601016998
0.23862281441688538
0.29381558299064636
0.28615957498550415
0.2311459332704544
0.2496359944343567
0.17871904373168945
0.19399511814117432
0.15328079462051392
0.19382061064243317
0.1818283349275589
0.21136565506458282
0.22960315644741058
0.28403791785240173
0.17817142605781555
0.21019330620765686
0.21657250821590424
0.1897355318069458
0.22783370316028595
no squeeze
3.466647148132324
1.310472011566162
1.1049350500106812
0.7259633541107178
0.6419299244880676
0.5069067478179932
0.5869109630584717
0.5079074501991272
0.44211018085479736
0.51845383644104
0.43283116817474365
0.34118086099624634
0.4426368474960327
0.4108095169067383
0.4449021518230438
0.3457895517349243
0.31705448031425476
0.3227563798427582
0.3175724446773529
0.28034499287605286
0.4655930697917938
0.4626327157020569
0.32285064458847046
0.28858786821365356
0.3427918553352356
0.28823208808898926
0.2475925087928772
0.3375358283519745
0.37793415784835815
0.31052640080451965
0.36443835496902466
0.24913300573825836
0.26187753677368164
0.2462802231311798
0.4003719687461853
0.3854129910469055
0.2014181762933731
0.27682363986968994
0.30331385135650635
0.26302480697631836
0.22755399346351624
0.29519757628440857
0.31707093119621277
0.38542959094047546
0.2473636418581009
0.22111214697360992
0.26265865564346313
no squeeze
4.160717964172363
1.440124273300171
1.0639853477478027
0.858391284942627
0.7185869812965393
0.6498708128929138
0.5470188856124878
0.5086777210235596
0.45741063356399536
0.4280202388763428
0.3979136049747467
0.3505875766277313
0.3228954076766968
0.3038511276245117
0.3089984059333801
0.27553632855415344
0.2616383135318756
0.26570019125938416
0.2281649261713028
0.22558103501796722
0.23374460637569427
0.21409551799297333
0.20039597153663635
0.20505541563034058
0.18399900197982788
0.21393786370754242
0.18906964361667633
0.17280398309230804
0.1866980642080307
0.17098723351955414
0.17340469360351562
0.14737768471240997
0.17618776857852936
0.18200995028018951
0.1614762842655182
0.16189044713974
0.1747867912054062
0.1584123969078064
0.14586882293224335
0.16459527611732483
0.15483832359313965
0.17644774913787842
0.1546347290277481
0.15669545531272888
0.14540576934814453
0.14738617837429047
0.15928442776203156
0.17077375948429108
0.1518227905035019
0.1409948468208313
0.16624252498149872
0.14996686577796936
0.13973668217658997
0.16791506111621857
0.13033616542816162
0.1453997939825058
0.13929277658462524
0.14635375142097473
0.13404469192028046
0.1386478990316391
0.13824069499969482
0.16148319840431213
0.13803371787071228
0.14544638991355896
0.14297880232334137
no squeeze
3.377260208129883
1.066151738166809
0.7043266296386719
0.5015251636505127
0.39666125178337097
0.34434226155281067
0.3266333043575287
0.29985135793685913
0.27496716380119324
0.23704427480697632
0.23439785838127136
0.23835813999176025
0.2261618822813034
0.30073803663253784
0.21390300989151
0.22119024395942688
0.19668838381767273
0.23001207411289215
0.1817101389169693
0.1967935711145401
0.16736610233783722
0.16376851499080658
0.18403086066246033
0.17184972763061523
0.19471882283687592
0.21917006373405457
0.16415788233280182
0.16158504784107208
0.1534610241651535
0.15041181445121765
0.14740410447120667
0.15250751376152039
0.15485134720802307
0.13631002604961395
0.13073380291461945
0.142429918050766
0.12774381041526794
0.13393110036849976
0.1176472082734108
0.11819083988666534
0.12298103421926498
0.12247753143310547
0.12952814996242523
0.14544281363487244
0.13031917810440063
0.13149365782737732
0.11851926147937775
0.1154085248708725
0.12435254454612732
0.15448790788650513
0.1500338912010193
0.12274770438671112
0.11717545241117477
0.10401996970176697
0.14094886183738708
0.11082451045513153
0.11767172813415527
0.11490892618894577
0.12705105543136597
0.11015252023935318
0.10615967959165573
0.13056689500808716
0.11160433292388916
0.10353422909975052
0.11006734520196915
0.0961105078458786
0.10706168413162231
0.10166830569505692
0.10772868245840073
0.11585985124111176
0.0985712930560112
0.09957648813724518
0.09972834587097168
0.09271616488695145
0.09293854981660843
0.10239210724830627
0.11190453916788101
0.1002594381570816
0.09715109318494797
0.11006884276866913
0.11031939834356308
0.09705933928489685
0.09245681017637253
0.0911257192492485
0.10416761785745621
0.08676210790872574
0.09935472905635834
0.0917760580778122
0.08085209876298904
0.10046873241662979
0.0951211228966713
0.09826554358005524
0.0828339010477066
0.08865492790937424
0.10018742829561234
0.08579788357019424
0.09006744623184204
0.08576879650354385
0.08203530311584473
no squeeze
3.9499599933624268
0.7288072109222412
0.3980211615562439
0.3814966380596161
0.20822978019714355
0.21571114659309387
0.28017932176589966
0.2051292210817337
0.27846264839172363
0.21615377068519592
0.4773409068584442
0.20597156882286072
0.26184579730033875
0.20736944675445557
0.2490091472864151
0.23440006375312805
0.1488049030303955
0.21484357118606567
0.16997863352298737
0.41340088844299316
0.18824724853038788
0.17054873704910278
0.1711277812719345
0.13793392479419708
0.13880349695682526
0.16520151495933533
0.22317920625209808
0.1814085841178894
0.1832371950149536
0.15354160964488983
0.34925639629364014
0.21022287011146545
0.12320804595947266
0.2681815028190613
0.13979385793209076
0.16835492849349976
0.11375536024570465
0.1836332231760025
0.13052377104759216
0.22433628141880035
0.20671942830085754
0.23066502809524536
0.14741386473178864
0.15762251615524292
0.14120420813560486
0.21295098960399628
0.16373932361602783
