no squeeze
42.967041015625
9.145780563354492
7.760335445404053
4.411831378936768
3.909945487976074
2.5907630920410156
2.3559958934783936
1.7003446817398071
1.5771574974060059
1.2268372774124146
1.162505865097046
0.9730868935585022
0.9388467073440552
0.8378270864486694
0.8182233572006226
0.7623816132545471
0.7505419254302979
0.7155117392539978
0.7075591087341309
0.6866307854652405
0.6820557713508606
0.6689091324806213
0.6660712957382202
0.6575211882591248
0.656427800655365
0.6519700288772583
0.6512810587882996
0.6478475332260132
0.6481561660766602
0.6473375558853149
0.645189106464386
0.644046425819397
0.6448244452476501
0.6449640393257141
no squeeze
44.68926239013672
9.648219108581543
8.25109577178955
5.798279285430908
5.450931072235107
4.5825347900390625
4.434564590454102
4.023808479309082
3.944856643676758
3.7136178016662598
3.6689255237579346
3.521181583404541
3.4912619590759277
3.3878731727600098
3.366486072540283
3.2981348037719727
3.2847206592559814
3.2422597408294678
3.2305805683135986
3.1951184272766113
3.187487840652466
3.1669328212738037
3.166746139526367
3.153137683868408
3.151947498321533
3.143584966659546
3.139845371246338
3.1388349533081055
3.138730764389038
3.132347345352173
3.1339194774627686
3.1362357139587402
no squeeze
44.57159423828125
15.57868766784668
12.512019157409668
6.878103256225586
6.040698051452637
3.962674140930176
3.6096584796905518
2.6274213790893555
2.4477357864379883
1.8999128341674805
1.796830415725708
1.462404489517212
1.3918769359588623
1.1618093252182007
1.1132558584213257
0.9480563998222351
0.912293553352356
0.7925195097923279
0.764828085899353
0.6739373207092285
0.6538136005401611
0.5837579369544983
0.5671129822731018
0.5131098628044128
0.5005159974098206
0.45752498507499695
0.4473147690296173
0.4144341051578522
0.4059726297855377
0.3765133321285248
0.3707348108291626
0.35018306970596313
0.3444334864616394
0.32567983865737915
0.32138022780418396
0.3053388297557831
0.3019266724586487
0.28859952092170715
0.2852482497692108
0.2749909460544586
0.27217528223991394
0.2637580633163452
0.26141056418418884
0.2536725401878357
0.25179529190063477
0.24456992745399475
0.24281194806098938
0.23740588128566742
0.23579828441143036
0.23094576597213745
0.22948619723320007
0.22518128156661987
0.22419507801532745
0.22009046375751495
0.21923290193080902
0.21626923978328705
0.2150976061820984
0.21184730529785156
0.21123456954956055
0.208537757396698
0.20779170095920563
0.20531906187534332
0.20550042390823364
0.2029162049293518
0.20177815854549408
0.20003025233745575
0.19975149631500244
0.19753217697143555
0.1976199746131897
0.19563904404640198
0.19542428851127625
0.1936522126197815
0.19382509589195251
0.19247373938560486
0.1919942945241928
0.19032438099384308
0.1901891976594925
0.18923810124397278
0.18962417542934418
0.18758715689182281
0.1881655752658844
0.1870570182800293
0.18711240589618683
0.18621252477169037
0.18577300012111664
0.18461290001869202
0.18489621579647064
0.1843082755804062
0.1841229647397995
0.18317435681819916
0.18323393166065216
0.1832842081785202
no squeeze
45.6386833190918
27.777761459350586
23.592283248901367
14.547978401184082
13.499781608581543
10.940347671508789
10.494061470031738
9.193617820739746
8.933266639709473
8.112499237060547
7.932347774505615
7.3556742668151855
7.229031562805176
6.804317474365234
6.70865535736084
6.387510299682617
6.313464641571045
6.07058048248291
6.010354995727539
5.817287445068359
5.7670111656188965
5.617069721221924
5.5716423988342285
5.4459004402160645
5.414809226989746
5.30364465713501
5.278721809387207
5.182751178741455
5.158129692077637
5.075412750244141
5.056334018707275
4.985939025878906
4.959413528442383
4.8909687995910645
4.870694637298584
4.8068132400512695
4.786217212677002
4.72292423248291
4.704919815063477
4.650261402130127
4.6282958984375
4.574267387390137
4.55756139755249
4.498234272003174
4.480803966522217
4.426269054412842
4.410805702209473
4.358678817749023
4.342629909515381
4.289334774017334
4.2753705978393555
4.223887920379639
4.220973968505859
4.1633477210998535
4.148048400878906
4.099081039428711
4.085743427276611
4.037753582000732
4.020757675170898
3.9788925647735596
3.97141170501709
3.9229772090911865
3.9084079265594482
3.8622891902923584
3.8469321727752686
3.80659818649292
3.7917072772979736
3.750993251800537
3.7398252487182617
3.7010586261749268
3.6895530223846436
3.648719310760498
3.631254196166992
3.591212272644043
3.5781326293945312
3.5445964336395264
3.535583972930908
3.4875500202178955
3.4776198863983154
3.4425413608551025
3.445478677749634
3.3923580646514893
3.382572650909424
3.3474338054656982
3.340604782104492
3.3076577186584473
3.305751085281372
3.2751412391662598
3.272142171859741
3.2388405799865723
3.2395894527435303
3.210108518600464
3.2098817825317383
3.1871674060821533
3.1916463375091553
3.1661124229431152
3.159926652908325
3.1469573974609375
3.1407418251037598
3.1248092651367188
3.1221158504486084
3.111994743347168
3.103393077850342
3.105053186416626
3.0951120853424072
3.0863187313079834
3.0914077758789062
3.070401668548584
3.0696544647216797
3.05220627784729
3.054518222808838
3.0427329540252686
3.041609287261963
3.0346996784210205
3.0326576232910156
3.0227949619293213
3.0183064937591553
3.0154976844787598
3.022016763687134
3.000903844833374
3.0268781185150146
2.994094133377075
2.9927961826324463
2.9861440658569336
2.983781576156616
2.990098714828491
2.9772684574127197
2.9718844890594482
2.9734411239624023
2.9611258506774902
2.963162899017334
2.9533543586730957
2.951988458633423
2.9502875804901123
2.9407756328582764
2.9400076866149902
2.9422004222869873
2.9309539794921875
2.9297122955322266
2.935798168182373
2.926517963409424
2.9187216758728027
2.9200222492218018
2.9187800884246826
no squeeze
44.22157287597656
18.575267791748047
15.389711380004883
9.854011535644531
9.141597747802734
7.343369483947754
7.027266979217529
6.142094135284424
5.969818592071533
5.4550042152404785
5.345582008361816
5.0151214599609375
4.951782703399658
4.716430187225342
4.6656928062438965
4.5030198097229
4.463162899017334
4.33530855178833
4.3102545738220215
4.2059431076049805
4.18637228012085
4.098660469055176
4.079657554626465
4.0172038078308105
3.9979124069213867
3.951144218444824
3.9228618144989014
3.8807899951934814
3.870610237121582
3.825706958770752
3.8174402713775635
3.7822036743164062
3.7711641788482666
3.7446341514587402
3.7388532161712646
3.7204248905181885
3.708461284637451
3.6883468627929688
3.6776680946350098
3.663738250732422
3.6571123600006104
3.643763542175293
3.64656925201416
3.618584156036377
3.6147639751434326
3.6049916744232178
3.6014528274536133
3.592388153076172
3.5816423892974854
3.5737316608428955
3.5733373165130615
3.57401967048645
3.5636417865753174
3.5560734272003174
3.5518124103546143
3.5416104793548584
3.541555881500244
3.533362865447998
3.535982608795166
3.5297446250915527
3.527219295501709
3.5252573490142822
3.5211057662963867
3.5126283168792725
3.509200096130371
3.5041840076446533
3.501671314239502
3.496677875518799
3.4889585971832275
3.4930994510650635
3.4863641262054443
3.4888358116149902
3.483181953430176
3.494795083999634
3.4816057682037354
3.4815733432769775
3.4837520122528076
3.4743239879608154
3.473102569580078
3.467343330383301
3.4638617038726807
3.4613442420959473
3.4727609157562256
3.459674835205078
3.4615478515625
3.4565927982330322
3.453329563140869
3.4535939693450928
3.4516069889068604
3.4609885215759277
3.4567010402679443
3.450812816619873
3.444246768951416
3.454817771911621
3.45355224609375
3.441436767578125
3.4399125576019287
3.4394431114196777
3.4395720958709717
3.434645175933838
3.435344696044922
3.437521457672119
no squeeze
42.44807052612305
8.913060188293457
8.346244812011719
7.696811199188232
7.647409439086914
7.542024612426758
7.528286933898926
7.497045516967773
7.510706424713135
7.505776882171631
