no squeeze
23.844463348388672
6.214288711547852
2.756948232650757
1.9740509986877441
1.2402074337005615
1.156114101409912
0.7537124752998352
0.7275086641311646
0.6336908340454102
0.6211766004562378
0.5228325128555298
0.5759623646736145
0.4790566563606262
0.4345232844352722
0.35482361912727356
0.4999547600746155
0.48300784826278687
0.3613438904285431
0.46349576115608215
0.49166083335876465
0.43095874786376953
0.2963221073150635
0.42212170362472534
0.5282286405563354
0.3135099709033966
0.30955687165260315
0.4661572575569153
0.45790916681289673
0.2751414179801941
0.34269827604293823
0.3127223551273346
0.3035759925842285
0.39665254950523376
0.24810810387134552
0.37066712975502014
0.5631659626960754
0.33829519152641296
0.31243696808815
0.36516568064689636
0.4080933928489685
0.28447240591049194
0.3089761734008789
0.5163386464118958
0.3070858418941498
no squeeze
16.23394012451172
4.742838382720947
2.397169351577759
1.6817113161087036
1.4775097370147705
1.2554725408554077
1.1221904754638672
0.8567271828651428
0.8205090761184692
1.0293878316879272
0.9500036835670471
0.7257249355316162
0.6941497921943665
0.7929201126098633
0.5572153329849243
0.721790075302124
0.8725495934486389
0.6042176485061646
0.5773440599441528
0.6991013884544373
0.7241346836090088
0.5342537760734558
0.6310346126556396
0.4828172028064728
0.5507652759552002
0.5467501878738403
0.5439953804016113
0.5038775205612183
0.5372565984725952
0.5004532337188721
0.38466623425483704
0.4165692925453186
0.5464194416999817
0.4717661440372467
0.5111062526702881
0.49635571241378784
0.5730776786804199
0.7359724044799805
0.4437018036842346
0.4078581929206848
0.46382999420166016
no squeeze
24.47984504699707
9.493343353271484
5.800602436065674
3.888197422027588
3.3652193546295166
2.646146535873413
2.190572738647461
2.3109285831451416
1.6676357984542847
1.4245445728302002
1.2653977870941162
1.3080952167510986
1.2899572849273682
1.2460323572158813
1.429864525794983
1.0375628471374512
0.9889131188392639
0.7748050689697266
0.689518392086029
0.8147608041763306
0.6370961666107178
1.1982154846191406
0.7741318345069885
0.896237850189209
0.5988638997077942
0.6866618990898132
0.3429949879646301
0.3209351897239685
0.3901681900024414
0.5853956937789917
0.5290854573249817
1.3741611242294312
0.5844464898109436
0.6562466025352478
0.2878751754760742
0.35145145654678345
0.3301050364971161
0.3384729027748108
0.2610553801059723
0.1774759590625763
0.21346043050289154
0.2566746771335602
0.26227524876594543
0.14246053993701935
0.28069981932640076
0.14306820929050446
0.1377803236246109
0.19766086339950562
0.23214684426784515
0.22033481299877167
0.5213057398796082
0.36037003993988037
0.614720344543457
0.30187276005744934
0.19332818686962128
0.27193501591682434
0.2519817650318146
no squeeze
24.08314323425293
11.00533390045166
7.9390387535095215
6.310964107513428
5.044797897338867
4.3503289222717285
3.628378391265869
3.3923351764678955
3.0163471698760986
2.8365836143493652
2.6345536708831787
2.3644137382507324
2.189317464828491
2.2954227924346924
2.2370994091033936
1.9125123023986816
2.0010435581207275
1.9088023900985718
1.7168190479278564
1.7846043109893799
1.6948741674423218
1.5312831401824951
1.6202362775802612
1.4372684955596924
1.506130337715149
1.477615475654602
1.4462735652923584
1.4667084217071533
1.3478825092315674
1.2897900342941284
1.2376317977905273
1.2194781303405762
1.2015516757965088
1.1256992816925049
1.1649268865585327
1.178841471672058
1.2501089572906494
1.045248031616211
1.0218942165374756
1.040938377380371
1.0322222709655762
0.9738308787345886
1.0476800203323364
1.0178539752960205
0.9016271829605103
0.9250375032424927
0.9194143414497375
0.8935068249702454
0.8528624773025513
0.85381019115448
0.8163045644760132
0.8016201853752136
0.7850729823112488
0.8207606077194214
0.8313223123550415
0.7414964437484741
0.8002799153327942
0.7410376667976379
0.7142216563224792
0.8072241544723511
0.7596039772033691
0.7372387051582336
0.7189087867736816
0.6860259771347046
0.7465686798095703
0.7339702844619751
0.6827942132949829
0.6490465402603149
0.6341484189033508
0.6008915305137634
0.661403477191925
0.6484150290489197
0.6018531322479248
0.6534345746040344
0.5712258219718933
0.5698612928390503
0.5367519855499268
0.5455349087715149
0.541268527507782
0.5355448126792908
0.5740123391151428
0.52496337890625
0.4959698021411896
0.5651092529296875
0.544975221157074
0.48788878321647644
0.47316792607307434
0.48299869894981384
0.49557748436927795
0.4481991231441498
0.4815223515033722
0.4814732074737549
0.4571872055530548
0.48121142387390137
0.4625621736049652
0.44503650069236755
0.4484312832355499
0.44174689054489136
0.4225287437438965
0.4297136962413788
0.404074490070343
0.3990683853626251
0.4053333103656769
0.46876123547554016
0.4418427050113678
0.41593557596206665
0.3960131108760834
0.4197220802307129
0.36722612380981445
0.41164079308509827
0.3909304141998291
0.3681236505508423
0.39978691935539246
0.3668913245201111
0.33619770407676697
0.3603624999523163
0.3494461178779602
0.39475834369659424
0.3557735085487366
0.37705758213996887
0.32296544313430786
0.3353281021118164
0.3792603015899658
0.3588653802871704
0.3344900608062744
0.32841727137565613
0.3341774642467499
0.3914704918861389
0.4191780686378479
0.35326728224754333
0.31145334243774414
0.2908857464790344
0.312958300113678
0.31940358877182007
0.3273669183254242
0.2962394952774048
0.29503148794174194
0.29696032404899597
0.31625035405158997
0.2937875986099243
0.2931411862373352
0.26551342010498047
0.34501180052757263
0.2983328402042389
0.27359268069267273
0.31735798716545105
0.28116732835769653
0.3109475076198578
0.24968194961547852
0.26582077145576477
0.2657276391983032
0.2745477855205536
0.29834651947021484
0.30460041761398315
0.29436126351356506
0.2589212954044342
0.25150030851364136
0.25630074739456177
0.2661350667476654
no squeeze
25.4658260345459
9.209526062011719
6.029425621032715
4.4576802253723145
3.6649773120880127
3.1018619537353516
2.81085467338562
2.318207263946533
2.1670405864715576
1.9805569648742676
1.7777096033096313
1.7417305707931519
1.6001964807510376
1.4920921325683594
1.4826492071151733
1.6133946180343628
1.4641069173812866
1.3457220792770386
1.2362486124038696
1.263522982597351
1.1469285488128662
1.1956331729888916
1.1043561697006226
1.0364066362380981
1.2202931642532349
1.1502559185028076
0.8875023722648621
0.9725692272186279
0.9599435925483704
0.9502370357513428
0.8689963817596436
0.8880980014801025
0.8717977404594421
0.942473292350769
0.7640975713729858
0.9218663573265076
0.8715847134590149
0.7841053009033203
0.7901859879493713
0.7717267274856567
0.7257169485092163
0.7841313481330872
0.76698899269104
0.7386651039123535
0.7668749690055847
0.6798194050788879
0.7332600355148315
0.6380351781845093
0.7316616773605347
0.6210427284240723
0.6536819934844971
0.5981115102767944
0.5503625273704529
0.5891000032424927
0.5901585817337036
0.5283870100975037
0.4857006371021271
0.5241468548774719
0.5656154751777649
0.5419397950172424
0.5501261353492737
0.45873650908470154
0.5174694061279297
0.5685626864433289
0.5031848549842834
0.5561618208885193
0.5248795747756958
0.4918305575847626
0.46225878596305847
0.4339921772480011
0.4842633306980133
0.4953276515007019
0.4559588134288788
0.4447610676288605
0.49130740761756897
0.45782673358917236
0.4162267744541168
0.43927258253097534
0.4407808482646942
0.43766674399375916
0.42480579018592834
0.5687993764877319
0.426392138004303
0.42852655053138733
0.4295969307422638
0.5001047849655151
0.4045722186565399
0.3667547404766083
0.46113666892051697
0.4518122971057892
0.33564722537994385
0.3752875030040741
0.3641120493412018
0.37970685958862305
0.42657575011253357
0.3748401701450348
0.31304556131362915
0.390269011259079
0.4165796637535095
0.33906519412994385
0.3253796696662903
0.31441745162010193
0.30400514602661133
0.3640630543231964
0.3259343206882477
0.33645689487457275
0.34073692560195923
0.3090846538543701
0.324591726064682
0.3320816457271576
0.33084091544151306
0.30916664004325867
0.32579898834228516
no squeeze
20.21392822265625
4.625633716583252
2.4191699028015137
2.8740649223327637
2.1420576572418213
1.9009956121444702
2.1157431602478027
1.7837193012237549
1.440260887145996
1.5128484964370728
1.8754831552505493
1.9094533920288086
2.519301652908325
1.7297242879867554
1.6933344602584839
1.2296572923660278
1.2979857921600342
1.277738094329834
1.0014324188232422
1.409021258354187
1.5263094902038574
1.2285093069076538
1.5935900211334229
1.0636385679244995
1.4349530935287476
1.4347949028015137
1.2229200601577759
0.9003254175186157
1.0517122745513916
1.1228868961334229
1.1461050510406494
1.1576672792434692
1.1290168762207031
0.9416447281837463
0.8167406916618347
1.0481163263320923
1.3804582357406616
1.0930663347244263
0.7042006254196167
1.1959978342056274
1.2913626432418823
1.125571370124817
1.655748724937439
1.2796719074249268
0.8902475833892822
1.4330931901931763
1.364561915397644
0.7626044750213623
1.4586132764816284
