no squeeze
1.467278003692627
0.4460502862930298
0.27472177147865295
0.17865602672100067
0.14808590710163116
0.10493246465921402
0.10186683386564255
0.09251336008310318
0.0841764435172081
0.06621543318033218
0.07133749127388
0.05889902636408806
0.051410794258117676
0.04698418080806732
0.04351373761892319
0.040906164795160294
0.0664653405547142
0.03893011435866356
0.03961203619837761
0.03220779076218605
0.029634321108460426
0.04374513402581215
0.03527214005589485
0.037987060844898224
0.03561605513095856
0.03326568007469177
0.024238184094429016
0.029743565246462822
0.025059005245566368
0.028160393238067627
0.03854844346642494
0.035073861479759216
0.0308979544788599
0.020731626078486443
0.025122148916125298
0.023504961282014847
0.01969335414469242
0.03187243640422821
0.02569420076906681
0.02527705952525139
0.02408134564757347
0.02050654962658882
0.02151748351752758
0.018153300508856773
0.021934999153017998
0.023029187694191933
0.03758852556347847
0.05026523396372795
0.019771140068769455
0.02828816883265972
0.016448915004730225
0.0160656850785017
0.01644476130604744
0.015049280598759651
0.018986962735652924
0.01516574528068304
0.022897660732269287
0.02344636246562004
0.015751583501696587
0.022427912801504135
0.016991350799798965
0.013634284026920795
0.02495252527296543
0.016037316992878914
0.013513445854187012
0.013421028852462769
0.023082401603460312
0.020018117502331734
0.018289437517523766
0.01919812150299549
0.016073524951934814
0.01602267101407051
0.012873799540102482
0.013639374636113644
0.013657305389642715
0.01896466128528118
0.012086819857358932
0.0185099970549345
0.021582014858722687
0.027962777763605118
0.019284768030047417
0.030639780685305595
0.018079519271850586
0.025488097220659256
0.02558378502726555
0.033099107444286346
0.01859440840780735
no squeeze
1.916390299797058
0.5066917538642883
0.3195917308330536
0.2049444317817688
0.15156546235084534
0.12436509132385254
0.10465124249458313
0.08241327852010727
0.07563590258359909
0.07388582080602646
0.07583291083574295
0.05057322978973389
0.04670005291700363
0.040997665375471115
0.041658759117126465
0.04711785167455673
0.04890361428260803
0.03117513656616211
0.03133527934551239
0.025992505252361298
0.027925971895456314
0.021654829382896423
0.03405445069074631
0.025517350062727928
0.02466852404177189
0.02191586047410965
0.026651771739125252
0.019249800592660904
0.019879372790455818
0.017518188804388046
0.0161540936678648
0.01588910073041916
0.02014189027249813
0.02168983221054077
0.012289011850953102
0.010036484338343143
0.014755276963114738
0.017743434756994247
0.016418106853961945
0.019982241094112396
0.012171977199614048
0.014224821701645851
0.012748335488140583
0.023640969768166542
0.010206942446529865
0.009600095450878143
0.008814708329737186
0.008498286828398705
0.00813383050262928
0.009567605331540108
0.03156502917408943
0.012468192726373672
0.030848320573568344
0.012720570899546146
0.015137188136577606
0.012070423923432827
0.009090539067983627
0.009421488270163536
0.01049153320491314
no squeeze
1.812522053718567
0.6622806787490845
0.4349296987056732
0.2987254858016968
0.23749998211860657
0.24676543474197388
0.20846164226531982
0.15856114029884338
0.13409017026424408
0.1146061047911644
0.10638405382633209
0.14462439715862274
0.09069401025772095
0.07888814806938171
0.11655662208795547
0.07079840451478958
0.0762103721499443
0.05021471530199051
0.058461930602788925
0.045548394322395325
0.06320122629404068
0.053158096969127655
0.046670734882354736
0.06411688029766083
0.11394723504781723
0.07199631631374359
0.035640962421894073
0.032086461782455444
0.03928622230887413
0.04752712696790695
0.03791341930627823
0.0324883759021759
0.07768643647432327
0.06050439178943634
0.04919245466589928
0.02750779502093792
0.02224581129848957
0.03204233571887016
0.03078484907746315
0.03710457310080528
0.028782624751329422
0.022002877667546272
0.025535784661769867
0.03119012899696827
0.04444633051753044
0.0454305075109005
0.023758241906762123
0.03326483815908432
0.03661395236849785
0.045497994869947433
0.018504928797483444
0.024071328341960907
0.014080816879868507
0.0110560217872262
0.011073006317019463
0.02336469292640686
0.024427739903330803
0.0306068267673254
0.022552715614438057
0.11212283372879028
0.02740355208516121
0.017075764015316963
0.011720200069248676
0.00806442741304636
0.0118534155189991
0.01618032343685627
0.00973066221922636
0.006587297189980745
0.012133775278925896
0.014519425109028816
0.021662145853042603
0.02259926125407219
0.027304822579026222
0.01322184782475233
0.011310247704386711
0.010862370021641254
0.013519569300115108
0.015035117976367474
no squeeze
1.523214340209961
0.7573683857917786
0.585000216960907
0.49629053473472595
0.41889071464538574
0.37397849559783936
0.3317088484764099
0.30534854531288147
0.29242947697639465
0.27825501561164856
0.2528477907180786
0.2317027598619461
0.22036361694335938
0.2043386995792389
0.1994924545288086
0.1927587240934372
0.1871371865272522
0.16424450278282166
0.16097062826156616
0.16149325668811798
0.16531966626644135
0.15008284151554108
0.15465404093265533
0.14774276316165924
0.13458013534545898
0.12214399129152298
0.12314248085021973
0.1285402625799179
0.11890095472335815
0.11578236520290375
0.12761136889457703
0.11890511959791183
0.11512281745672226
0.12073604762554169
0.10617199540138245
0.1108517125248909
0.10246682167053223
0.11723073571920395
0.09337742626667023
0.10098188370466232
0.0940922275185585
0.11417095363140106
0.09376248717308044
0.10290031880140305
0.09044655412435532
0.09048357605934143
0.08782044798135757
0.082879438996315
0.08509884029626846
0.0832158774137497
0.07960288226604462
0.08477314561605453
0.08281919360160828
0.08190352469682693
0.0787745788693428
0.07768013328313828
0.08073603361845016
0.07744629681110382
0.07108394056558609
0.07714907079935074
0.07191777229309082
0.0703534260392189
0.07455208152532578
0.06838390231132507
0.08060003817081451
0.06888863444328308
0.07252476364374161
0.0719807967543602
0.06641168147325516
0.06647654622793198
0.06575736403465271
0.06080994755029678
0.06512654572725296
0.06947244703769684
0.06356732547283173
0.06269915401935577
0.07129684835672379
0.06162654608488083
0.06117894873023033
0.060495294630527496
0.05894717201590538
0.05902274698019028
0.05674166977405548
0.06643951684236526
0.061376236379146576
0.05795201286673546
0.06618081778287888
0.05686996504664421
0.054744821041822433
0.056105837225914
0.057704973965883255
0.059575874358415604
0.05694577470421791
0.05422377958893776
0.0534476600587368
0.059433627873659134
0.054962076246738434
0.05332266166806221
0.05819551646709442
0.05622512474656105
0.053009793162345886
0.05544226989150047
0.05147169157862663
0.05204382911324501
0.052558738738298416
0.05428082495927811
0.05295494571328163
0.05614553764462471
0.049430329352617264
0.05071311071515083
0.04778578504920006
0.05282019451260567
0.05286003649234772
0.06189080700278282
0.05275357887148857
0.047084469348192215
0.0527024082839489
0.04942603036761284
0.04765642061829567
0.048995889723300934
0.047128815203905106
0.05496065318584442
0.04957527294754982
0.05132031813263893
0.04707049950957298
0.05248450115323067
0.0474090613424778
0.04844527319073677
0.046569716185331345
0.04629255458712578
0.046922676265239716
0.04488636925816536
0.04320240765810013
0.04788213595747948
0.04727625101804733
0.044055283069610596
0.048670992255210876
0.045652929693460464
0.044969651848077774
0.0454179123044014
0.04462847486138344
0.046246036887168884
0.04814620688557625
no squeeze
1.9556999206542969
0.7119975090026855
0.4893607199192047
0.37725743651390076
0.315483033657074
0.27191489934921265
0.2353866845369339
0.22261454164981842
0.206764817237854
0.1826697289943695
0.1683165580034256
0.16819314658641815
0.14536450803279877
0.14096219837665558
0.13399405777454376
0.1293453425168991
0.12486419081687927
0.12367969006299973
0.11524341255426407
0.11312843859195709
0.10584040731191635
0.10111097991466522
0.09311216324567795
0.08779146522283554
0.08020316064357758
0.09704125672578812
0.09079432487487793
0.0929783508181572
0.08157097548246384
0.08934420347213745
0.08630024641752243
0.07102374732494354
0.08976868540048599
0.07403397560119629
0.08225138485431671
0.07001706212759018
0.0663023367524147
0.08406908810138702
0.06468688696622849
0.0698573961853981
0.06944924592971802
0.07436477392911911
0.059183936566114426
0.06852487474679947
0.06124057248234749
0.05587377771735191
0.05745052173733711
0.05449062958359718
0.05546615645289421
0.05983888357877731
0.05560343712568283
0.04857999458909035
0.05040423944592476
0.06169551983475685
0.05450361594557762
0.04845939204096794
0.05304087698459625
0.047434136271476746
0.0628058984875679
0.0623784139752388
0.047858450561761856
0.05012846738100052
0.04984715208411217
0.047078121453523636
0.054698653519153595
0.05898672714829445
0.051605403423309326
0.04904399439692497
0.0470418706536293
0.0544612817466259
0.04943745955824852
0.041594576090574265
0.044564586132764816
0.04861009493470192
0.04176342487335205
0.04636325687170029
0.0415504090487957
0.04333461821079254
0.037843577563762665
0.03677251562476158
0.04827030003070831
0.0400213785469532
0.045097287744283676
0.0434596911072731
0.04087819531559944
0.03979532793164253
0.03970416262745857
0.03754312917590141
0.04067424684762955
0.04452141746878624
no squeeze
1.0564327239990234
0.35210922360420227
0.2674109637737274
0.1624867469072342
0.181052565574646
0.25826767086982727
0.3182746469974518
0.15344667434692383
0.14954978227615356
0.13186140358448029
0.14796137809753418
0.11599553376436234
0.13790513575077057
0.13052807748317719
0.11665106564760208
0.15911319851875305
0.16955514252185822
0.18021653592586517
0.11907023936510086
0.11534610390663147
0.12193100154399872
0.12579500675201416
0.17446355521678925
0.14403657615184784
0.12911507487297058
0.14300771057605743
0.19811490178108215
0.1561858057975769
0.1727956384420395
0.11577954143285751
