no squeeze
1.034081220626831
0.29893624782562256
0.20053137838840485
0.1403467357158661
0.12388599663972855
0.11066761612892151
0.08339761942625046
0.07509224861860275
0.06258033215999603
0.057311102747917175
0.0521344318985939
0.050422027707099915
0.03540150076150894
0.03733539953827858
0.038066405802965164
0.031035296618938446
0.033768679946660995
0.028393961489200592
0.02447529137134552
0.023405855521559715
0.0187213197350502
0.019170526415109634
0.019518379122018814
0.029560698196291924
0.020221300423145294
0.016039598733186722
0.013765503652393818
0.011013294570147991
0.010027395561337471
0.013566537760198116
0.016501925885677338
0.010165776126086712
0.009402613155543804
0.009433381259441376
0.00924652349203825
0.009051982313394547
0.006979924626648426
0.007568001747131348
0.007086135447025299
0.007178120780736208
0.006145806517452002
0.007227523718029261
0.01192836370319128
0.009685401804745197
0.008244379423558712
0.005918934941291809
0.006760875228792429
0.007092215120792389
0.005835445132106543
0.004178003873676062
0.007479122839868069
0.004918897990137339
0.004112210590392351
0.004759082570672035
0.004637775477021933
0.003284695791080594
0.003205458866432309
0.005782231222838163
0.004243410658091307
0.004617450293153524
0.007905792444944382
0.004692858085036278
0.0034253178164362907
0.005129542667418718
0.006513608619570732
0.005301693454384804
0.004069979768246412
no squeeze
1.0739634037017822
0.27555516362190247
0.20136462152004242
0.1501329243183136
0.1244904026389122
0.11103392392396927
0.11560262739658356
0.10194310545921326
0.11077284812927246
0.12151850759983063
0.08591262251138687
0.08460045605897903
0.09465279430150986
0.08170883357524872
0.07567694038152695
0.07525879889726639
0.07079291343688965
0.06159985437989235
0.06878045201301575
0.06056017801165581
0.06747382134199142
0.07171664386987686
0.0583258718252182
0.05547740310430527
0.0674387738108635
0.05566839128732681
0.050019510090351105
0.05085156485438347
0.05481135845184326
0.059209272265434265
0.05272304266691208
0.054845135658979416
0.05042902007699013
0.06105737388134003
0.05407814681529999
0.046966392546892166
0.05080631747841835
0.059648364782333374
0.05194307863712311
0.0516732782125473
0.05351240560412407
0.048647452145814896
0.05159500241279602
0.0445416159927845
0.050801776349544525
0.04802053049206734
0.05127367004752159
0.0466512069106102
0.04438566043972969
0.051857221871614456
0.041765954345464706
0.04312921315431595
0.05005353316664696
0.04653074964880943
0.04445887356996536
0.04451877996325493
0.04832587018609047
0.04522211477160454
0.04555604234337807
0.047010693699121475
0.04222746565937996
no squeeze
1.2061364650726318
0.47442343831062317
0.3062037527561188
0.24040745198726654
0.19007129967212677
0.17029529809951782
0.17330987751483917
0.1537596732378006
0.12903913855552673
0.10535720735788345
0.11499936133623123
0.1149073988199234
0.09366726875305176
0.1152205541729927
0.10276854783296585
0.0721159502863884
0.09454772621393204
0.0974549651145935
0.0761655941605568
0.06211617588996887
0.07032199949026108
0.06074259430170059
0.053110990673303604
0.0904514417052269
0.06420950591564178
0.045783501118421555
0.04376222938299179
0.03860533609986305
0.042419321835041046
0.05319036915898323
0.03967883065342903
0.03409302234649658
0.03625010699033737
0.029873386025428772
0.0330425500869751
0.028837764635682106
0.03528447076678276
0.03463459387421608
0.02780330553650856
0.023448500782251358
0.02144867181777954
0.03070986457169056
0.021512703970074654
0.020535465329885483
0.03821411356329918
0.026785166934132576
0.07379554212093353
0.0269769299775362
0.024600060656666756
0.04360867664217949
0.030795251950621605
0.029323574155569077
0.022767608985304832
0.01672259159386158
0.01654239371418953
0.020766515284776688
0.015805313363671303
0.021247759461402893
0.018359674140810966
0.02070036716759205
0.02038920298218727
0.023144543170928955
0.01391088217496872
0.0115459393709898
0.014529206790030003
0.013672356493771076
0.014217049814760685
0.015088499523699284
0.016638372093439102
0.016489503905177116
0.015316317789256573
0.009162236005067825
0.010322586633265018
0.008803374134004116
0.009724697098135948
0.015386620536446571
0.011378061957657337
0.013487095944583416
0.012817302718758583
0.008648563176393509
0.009312201291322708
0.007588254287838936
0.0067397658713161945
0.007264468353241682
0.007373213768005371
0.006337238010019064
0.005250415299087763
0.007952181622385979
0.0062016029842197895
0.008046859875321388
0.014005044475197792
0.023564161732792854
0.03456864878535271
0.023257242515683174
0.011040084064006805
0.007972201332449913
0.010615781880915165
no squeeze
1.2223604917526245
0.5062135457992554
0.35456615686416626
0.290069043636322
0.2454204112291336
0.21769754588603973
0.19311103224754333
0.1788518875837326
0.1624974012374878
0.1527392715215683
0.14545957744121552
0.1379762440919876
0.1295073926448822
0.13173812627792358
0.12294507771730423
0.12458135187625885
0.1202431246638298
0.1120975911617279
0.10968688875436783
0.10605426877737045
0.10646702349185944
0.09430231899023056
0.09741923213005066
0.10551877319812775
0.097572460770607
0.09445496648550034
0.08869568258523941
0.08808497339487076
0.08736380189657211
0.08609282225370407
0.08914189785718918
0.07903380692005157
0.08371127396821976
0.08642183989286423
0.08648619055747986
0.07643257826566696
0.07667708396911621
0.07276570796966553
0.07887112349271774
0.0753275528550148
0.07391810417175293
0.07257047295570374
0.0759756937623024
0.07580135017633438
0.07142088562250137
0.07149491459131241
0.06844405084848404
0.0677252933382988
0.07181604951620102
0.0684795081615448
0.06674012541770935
0.06747805327177048
0.07025287300348282
0.06919208914041519
0.06193738058209419
0.06170453131198883
0.060248326510190964
0.06156275048851967
0.0612880177795887
0.06053437292575836
0.060463111847639084
0.06270638108253479
0.058409884572029114
0.058891668915748596
0.059447187930345535
0.05925733223557472
0.056082725524902344
0.06106042116880417
0.05358029529452324
0.05378279089927673
0.05906199663877487
0.055300235748291016
0.053121790289878845
0.05547945946455002
0.05525362864136696
0.05456870049238205
0.05367697775363922
0.0523235946893692
0.05144192650914192
0.05260314419865608
0.049474023282527924
0.04847864434123039
0.04842236638069153
0.04924383759498596
0.05277407169342041
0.04807324707508087
0.04901476576924324
0.049080196768045425
0.04561756178736687
0.047679249197244644
0.04522297903895378
0.04732425510883331
0.045659419149160385
0.04637928307056427
0.05058664083480835
0.04709487035870552
0.04490816593170166
0.04714157059788704
0.04341597855091095
0.04376453161239624
0.04138163477182388
0.043303750455379486
0.04302014037966728
0.040613267570734024
0.04124544933438301
0.04292559251189232
0.04161602631211281
0.04168940335512161
0.04146004095673561
0.044136956334114075
0.044681813567876816
0.04342445358633995
0.04186094552278519
0.041536521166563034
no squeeze
0.9962211847305298
0.36015236377716064
0.236142098903656
0.18151669204235077
0.16043993830680847
0.1463499367237091
0.12665192782878876
0.11459933966398239
0.10869497805833817
0.1050625741481781
0.10148946940898895
0.08929657936096191
0.09188051521778107
0.08343400806188583
0.07954587787389755
0.08339348435401917
0.07043507695198059
0.07039378583431244
0.06932809203863144
0.06389110535383224
0.07284953445196152
0.06623482704162598
0.06310196965932846
0.056308746337890625
0.06161860004067421
0.05901549011468887
0.05642623454332352
0.05354226008057594
0.053267545998096466
0.05106048658490181
0.05522764474153519
0.0492495559155941
0.049485769122838974
0.049163710325956345
0.05310981348156929
0.05044819042086601
0.047260165214538574
0.04370923712849617
0.042556390166282654
0.041159551590681076
0.04373413696885109
0.04183751717209816
0.046147141605615616
0.0391252301633358
0.04122285172343254
0.03876210004091263
0.04126720130443573
0.03796456754207611
0.03855283930897713
0.03732781112194061
0.039047375321388245
0.038697268813848495
0.03678809106349945
0.038863927125930786
0.038744084537029266
0.03648388013243675
0.032970234751701355
0.03490995243191719
0.0346207432448864
0.034288760274648666
0.03795166313648224
0.03229910135269165
0.03086550533771515
0.030183637514710426
0.03238058462738991
0.031664423644542694
0.0323045589029789
0.03602533042430878
0.030252395197749138
0.03239260986447334
0.030562369152903557
0.03267403692007065
0.03163210302591324
0.028290336951613426
0.029565291479229927
0.031216846778988838
0.029272865504026413
0.02802985906600952
0.025869756937026978
0.02849593013525009
0.027939829975366592
0.02886802889406681
0.02780723199248314
0.02820759266614914
0.026328736916184425
0.027808798477053642
0.03173264116048813
0.02498997561633587
0.031096823513507843
0.027036385610699654
0.025299852713942528
0.025020603090524673
0.026305582374334335
0.024423936381936073
0.02305677905678749
0.02466685324907303
0.02485150285065174
0.024023516103625298
0.0243349839001894
0.024430695921182632
0.02496771141886711
0.023173900321125984
0.024743998423218727
0.025335807353258133
0.026781531050801277
no squeeze
0.7086560130119324
0.15829896926879883
0.11285952478647232
0.10455208271741867
0.13052786886692047
0.10255113989114761
0.08496155589818954
0.11944936960935593
0.11139743030071259
0.11686623841524124
0.07764758914709091
0.07362443953752518
0.07408928126096725
0.08323211967945099
0.08893267065286636
0.08938512206077576
0.07373187690973282
0.08501777052879333
0.06758413463830948
0.06667674332857132
0.07788489013910294
0.08018798381090164
0.08878125250339508
0.06524135917425156
0.0927082747220993
0.10750744491815567
0.07571288198232651
0.06847266107797623
0.06614363938570023
0.06588806211948395
0.07378663867712021
0.06010468676686287
0.06027958169579506
0.06267093867063522
0.06323330104351044
0.06644632667303085
0.0633816197514534
0.08382564038038254
0.07103898376226425
0.06675456464290619
0.06657406687736511
0.06333977729082108
