no squeeze
3.539928436279297
1.1346019506454468
0.6163759827613831
0.32981663942337036
0.17422060668468475
0.0906396359205246
0.05925183370709419
0.035049375146627426
0.021490534767508507
0.019725413993000984
0.010930653661489487
0.008160067722201347
0.008069485425949097
0.005300282035022974
0.003856485243886709
0.004441281780600548
0.0037737039383500814
0.0021145143546164036
0.002673642709851265
0.0015061625745147467
0.002075931755825877
0.001183678861707449
0.0015976551221683621
0.0016072663711383939
0.0010979952057823539
0.0008152825757861137
0.000513471313752234
0.0008419470395892859
0.0003300663665868342
0.00044168380554765463
0.0003096157743129879
0.0003270693705417216
0.00033060144050978124
0.0004779399314429611
0.00033802067628130317
0.00032532293698750436
0.0002972132642753422
0.00019283828441984951
0.00034063373459503055
0.000256549334153533
0.0003547508385963738
0.0001878845359897241
0.00014572220970876515
0.0002626962377689779
0.0006337161175906658
0.0003182504733558744
0.00024352240143343806
0.00013074788148514926
9.51186812017113e-05
0.000126178958453238
0.0007006262894719839
0.0002979672572109848
0.00023971479095052928
0.0010653699282556772
0.00023152057838160545
0.0001362675684504211
6.812932406319305e-05
0.00012655237514991313
0.0003672869352158159
0.0025690665934234858
0.0005147779593244195
8.741440979065374e-05
0.00013300860882736742
0.0001665019808569923
7.372067921096459e-05
0.0001359227899229154
0.0008121281862258911
no squeeze
3.4627315998077393
1.4174308776855469
1.010934829711914
0.7216132283210754
0.5149619579315186
0.4380543828010559
0.31375768780708313
0.3031882345676422
0.24427780508995056
0.2640038728713989
0.22848565876483917
0.19218821823596954
0.1952279806137085
0.20634597539901733
0.15253885090351105
0.17657245695590973
0.14002351462841034
0.1739489883184433
0.13456206023693085
0.22231441736221313
0.12310602515935898
0.1403360664844513
0.11484380066394806
0.1419757902622223
0.13162821531295776
0.1471794992685318
0.10637722909450531
0.12801669538021088
0.11366229504346848
0.11010690033435822
0.11250241845846176
0.09915632754564285
0.09620217978954315
0.10975149273872375
0.12010914832353592
0.10838445276021957
0.10428428649902344
0.10587512701749802
0.07916158437728882
0.09719103574752808
0.10465827584266663
0.10686913877725601
0.11027421802282333
0.10562219470739365
0.10970617085695267
0.09932979196310043
0.09266876429319382
0.09513033926486969
0.15313208103179932
no squeeze
4.208014488220215
1.8628044128417969
1.214026927947998
1.0287810564041138
0.7645953893661499
0.5815551280975342
0.49282896518707275
0.3735637664794922
0.26865527033805847
0.23250101506710052
0.1888846755027771
0.1577657014131546
0.11294342577457428
0.09994156658649445
0.08015655726194382
0.06357352435588837
0.056171417236328125
0.10255350172519684
0.18404731154441833
0.16155889630317688
0.06370300054550171
0.038362786173820496
0.02303377352654934
0.016414504498243332
0.016030754894018173
0.01701979525387287
0.012441547587513924
0.012465671636164188
0.018336283043026924
0.013606569729745388
0.021211646497249603
0.019702544435858727
0.012673658318817616
0.009872084483504295
0.008306537754833698
0.0143579775467515
0.010386588051915169
0.007225431501865387
0.017263248562812805
0.01509716734290123
0.017387954518198967
0.009027671068906784
0.007921230979263783
0.008449451066553593
0.007910358719527721
0.006507696118205786
0.005920936353504658
0.02793794497847557
0.017566991969943047
0.029714060947299004
0.009628568775951862
0.024311887100338936
0.007022909354418516
0.00539185618981719
0.016656266525387764
0.06690613925457001
0.04313113912940025
0.00873936340212822
0.009740234352648258
0.011875144205987453
0.004470792133361101
0.003910427913069725
0.0033729819115251303
0.0037927930243313313
0.0033155514393001795
0.0036756000481545925
0.0027931691147387028
0.0042670294642448425
0.012039165012538433
0.010732102207839489
0.010988861322402954
0.01981113851070404
0.004980067722499371
0.004430742003023624
0.004370002541691065
0.004145969171077013
0.003914089873433113
no squeeze
3.999685764312744
1.5648900270462036
1.412049651145935
1.26076340675354
1.1887257099151611
1.0918986797332764
0.9930933117866516
0.9043424725532532
0.8821424841880798
0.7819611430168152
0.725581705570221
0.6661213040351868
0.6319470405578613
0.5708537697792053
0.5252951979637146
0.5045808553695679
0.46394526958465576
0.4318208694458008
0.40579041838645935
0.3859385848045349
0.355852335691452
0.33590394258499146
0.3084030747413635
0.29372426867485046
0.2798456847667694
0.2595112919807434
0.24424493312835693
0.2349988967180252
0.21205377578735352
0.21282869577407837
0.19818679988384247
0.19445891678333282
0.18363189697265625
0.1714787483215332
0.15227188169956207
0.15947291254997253
0.1468084305524826
0.1449585258960724
0.15462622046470642
0.1309138536453247
0.12862391769886017
0.1214531734585762
0.12893298268318176
0.11982768028974533
0.10649283230304718
0.11576414853334427
0.11272042989730835
0.11173182725906372
0.10724322497844696
0.10961220413446426
0.10236052423715591
0.10423723608255386
0.09553652256727219
0.09044156223535538
0.09462744742631912
0.08460699766874313
0.09242305159568787
0.1000531017780304
0.09386872500181198
0.08568794280290604
0.08667615801095963
0.08509527146816254
0.08217747509479523
0.09031297266483307
0.08662407100200653
0.08283396810293198
0.08283568918704987
0.07537297159433365
0.0768352597951889
0.0878429114818573
0.07438839972019196
0.06855299323797226
0.0780542865395546
0.07260430604219437
0.07431631535291672
0.07413081079721451
0.07025101035833359
0.07102827727794647
0.07106701284646988
0.07265102118253708
0.07744906097650528
0.0767367035150528
no squeeze
3.518118381500244
1.3119326829910278
0.9661340117454529
0.802008330821991
0.6820734143257141
0.5814549326896667
0.4929010570049286
0.41826510429382324
0.36995968222618103
0.3322477340698242
0.2978969216346741
0.2674432694911957
0.25793468952178955
0.24253879487514496
0.21844995021820068
0.2104385644197464
0.18853601813316345
0.17371584475040436
0.16612458229064941
0.15431690216064453
0.14826276898384094
0.15007877349853516
0.13471363484859467
0.12005631625652313
0.15163594484329224
0.11414625495672226
0.10785003751516342
0.11191640794277191
0.10462043434381485
0.1026192307472229
0.09837934374809265
0.10238467901945114
0.08793783187866211
0.09182887524366379
0.09342673420906067
0.10055743157863617
0.08633667230606079
0.0795774981379509
0.0793803408741951
0.10100340843200684
0.08146768808364868
0.09003392606973648
0.0854264572262764
0.0717996284365654
0.06625360995531082
0.07105040550231934
0.06139384210109711
0.06328349560499191
0.05463304743170738
0.07179781049489975
0.05798973888158798
0.057047076523303986
0.056530945003032684
0.06303774565458298
0.06685804575681686
0.052215129137039185
0.05245030298829079
0.048963967710733414
0.06481108069419861
0.05497941002249718
0.05531070753931999
0.056347474455833435
0.053811248391866684
0.048741165548563004
0.04491236433386803
0.05832687020301819
0.04856253042817116
0.048223741352558136
0.05563430115580559
0.04419359192252159
0.06535119563341141
0.06446127593517303
0.040959782898426056
0.04691040515899658
0.04721289500594139
0.04566822201013565
0.03700464591383934
0.046103931963443756
0.03985535353422165
0.038004204630851746
0.052885234355926514
0.03804253414273262
0.04018940031528473
0.034032706171274185
0.04206240922212601
0.03746221587061882
0.039080262184143066
0.04234861955046654
0.034114181995391846
0.04405348747968674
0.0422758050262928
0.03650931268930435
0.03274007886648178
0.03257395327091217
0.03301255777478218
0.03420109674334526
0.03551070764660835
0.035459671169519424
0.03794233873486519
0.037254784256219864
0.04151016101241112
0.03202943503856659
0.03767240047454834
0.03341268375515938
0.03342157602310181
0.034691549837589264
0.038679320365190506
0.03718048334121704
0.03317401558160782
0.03955763578414917
0.03366591036319733
0.02937806397676468
0.03415737301111221
0.03122313693165779
0.03298438712954521
0.03121008165180683
0.026924923062324524
0.02928832545876503
0.02996174432337284
0.032870929688215256
0.03641726076602936
0.033294226974248886
0.03200386464595795
0.028185490518808365
0.028332943096756935
0.03243878483772278
0.03948734328150749
no squeeze
2.848761796951294
1.0063737630844116
0.7594708800315857
0.5540754199028015
0.4386441111564636
0.34631940722465515
0.2690812349319458
0.26010042428970337
0.21415024995803833
0.1768539994955063
0.19618430733680725
0.14941468834877014
0.1726762354373932
0.13582877814769745
0.18264329433441162
0.19824989140033722
0.20032277703285217
0.21791641414165497
0.1961490362882614
0.19398100674152374
0.21508146822452545
0.15026985108852386
0.11066829413175583
0.21065382659435272
0.0992879867553711
0.12140078097581863
0.2128150314092636
0.14122365415096283
0.120786651968956
0.17510481178760529
0.09380370378494263
0.2088494747877121
0.11395265907049179
0.09261143952608109
0.09225910156965256
0.15106843411922455
0.1539093405008316
0.2091480791568756
0.13979052007198334
0.1469293087720871
0.1277729570865631
0.11203000694513321
0.1434461772441864
0.1171795204281807
0.23322385549545288
