no squeeze
2.5641562938690186
0.7781112790107727
0.35320761799812317
0.20853285491466522
0.1531357765197754
0.11442434787750244
0.07930485904216766
0.076646588742733
0.06389351934194565
0.05105843394994736
0.036362309008836746
0.029804660007357597
0.0440671481192112
0.02644338458776474
0.026179632171988487
0.032778628170490265
0.03487313166260719
0.0335657000541687
0.02119995653629303
0.02614634670317173
0.025030821561813354
0.020981796085834503
0.02592596225440502
0.01701417565345764
0.016071349382400513
0.014818422496318817
0.01617010496556759
0.032277271151542664
0.022386299446225166
0.021354807540774345
0.018118176609277725
0.015690049156546593
0.019970852881669998
0.011127161793410778
0.016005581244826317
0.025833580642938614
0.035542313009500504
0.02813199907541275
0.011989619582891464
0.010552546940743923
0.023947548121213913
0.04258369281888008
0.016367310658097267
0.012126714922487736
0.019844884052872658
0.011987016536295414
0.009680201299488544
0.02779320254921913
0.011940266005694866
0.006158064119517803
0.008878536522388458
0.013724345713853836
0.018627993762493134
0.02273089438676834
0.018671473488211632
0.01074416097253561
0.005104816518723965
0.022048471495509148
0.011292601935565472
0.011156332679092884
0.01659640483558178
0.009109308011829853
0.010792501270771027
0.020957814529538155
0.01718531921505928
0.022122526541352272
0.01204524002969265
no squeeze
2.5394740104675293
0.7180867791175842
0.43908068537712097
0.2599210739135742
0.2231372743844986
0.18141454458236694
0.1554073840379715
0.14635151624679565
0.15415926277637482
0.13186869025230408
0.12033013999462128
0.12490588426589966
0.10962019115686417
0.1092754602432251
0.1083608940243721
0.10481256991624832
0.09685750305652618
0.09267798811197281
0.0968063473701477
0.0870644673705101
0.12606051564216614
0.09917214512825012
0.09961332380771637
0.08657871931791306
0.12659040093421936
0.09270959347486496
0.10175798833370209
0.09300486743450165
0.12815314531326294
0.10491311550140381
0.07966788113117218
0.07841406017541885
0.08928949385881424
0.09187448024749756
0.07257574051618576
0.08719758689403534
0.07861509919166565
0.08815856277942657
0.07561614364385605
0.07754602283239365
0.08135829120874405
0.08887270838022232
0.075774185359478
0.0737212523818016
0.08311457186937332
no squeeze
3.5045392513275146
1.2292375564575195
0.737431526184082
0.5670132040977478
0.42728161811828613
0.33415713906288147
0.24571441113948822
0.2468421757221222
0.23425748944282532
0.21712543070316315
0.2049260139465332
0.14511524140834808
0.1308153122663498
0.14253152906894684
0.17921414971351624
0.10048053413629532
0.08351566642522812
0.07890920341014862
0.16107793152332306
0.1097862720489502
0.10734625160694122
0.19697579741477966
0.16247324645519257
0.09948764741420746
0.06772567331790924
0.06984052062034607
0.06096651777625084
0.0835290476679802
0.08728377521038055
0.209820955991745
0.07643045485019684
0.04648853838443756
0.04512326791882515
0.03500557690858841
0.05015673115849495
0.04976416006684303
0.041306037455797195
0.07190665602684021
0.06488357484340668
0.03893594443798065
0.028907202184200287
0.0738358348608017
0.05265532061457634
0.02770228497684002
0.053934693336486816
0.042674459517002106
0.03282685577869415
0.026633042842149734
0.04354401305317879
0.016854334622621536
0.02247781679034233
0.028207583352923393
0.02266177348792553
0.036946289241313934
0.04361506551504135
0.04247280955314636
0.05486859753727913
0.0895795151591301
0.05415726825594902
0.08765950798988342
no squeeze
2.759572982788086
1.2232575416564941
0.9211992621421814
0.7591651678085327
0.6520146727561951
0.5620348453521729
0.4895217716693878
0.4382754862308502
0.40595927834510803
0.3554685413837433
0.32885318994522095
0.3080959618091583
0.3055199384689331
0.2858888506889343
0.2623070776462555
0.24862514436244965
0.2635037302970886
0.2461327463388443
0.24184219539165497
0.2460050880908966
0.21040897071361542
0.20127937197685242
0.1965676099061966
0.19959601759910583
0.17981664836406708
0.1708240807056427
0.17593669891357422
0.1755523979663849
0.17759612202644348
0.1674892008304596
0.17231884598731995
0.16030697524547577
0.15436671674251556
0.16234596073627472
0.14441008865833282
0.14482957124710083
0.14599336683750153
0.13374122977256775
0.14637114107608795
0.15078210830688477
0.12705156207084656
0.12999959290027618
0.13513785600662231
0.12819631397724152
0.13465209305286407
0.13689909875392914
0.13028515875339508
0.12388034909963608
0.12354709208011627
0.12323186546564102
0.11552057415246964
0.11788109689950943
0.11038634926080704
0.11098837107419968
0.11612556129693985
0.10849414020776749
0.107291579246521
0.10395491123199463
0.10170068591833115
0.11539820581674576
0.11259329319000244
0.11495053768157959
0.10505349189043045
0.10329850763082504
0.09476731717586517
0.09377258270978928
0.09636756032705307
0.09162411838769913
0.09931649267673492
0.08919842541217804
0.09428704530000687
0.09345528483390808
0.08889950066804886
0.0936085432767868
0.08580206334590912
0.08571215718984604
0.09603465348482132
0.08861606568098068
0.08452921360731125
0.08211272209882736
0.08046440780162811
0.0831637904047966
0.08392462879419327
0.0791710764169693
0.08238240331411362
0.08657920360565186
0.08056675642728806
0.07611700147390366
0.07747875154018402
0.07626499980688095
0.0769546627998352
0.07862377911806107
0.07712037116289139
0.08138764649629593
0.0727534219622612
0.07537396997213364
0.06810320913791656
0.0687655434012413
0.07092861831188202
0.06482812017202377
0.07096719741821289
0.06368008255958557
0.07353575527667999
0.06458032876253128
0.06793616712093353
0.06539137661457062
0.06299189478158951
0.06918764859437943
0.06909315288066864
0.06318914145231247
0.07121729105710983
0.06618255376815796
0.06373784691095352
0.05930819362401962
0.05844782665371895
0.06246129050850868
0.06016458198428154
0.06296864151954651
0.06602505594491959
0.05810975283384323
0.06064264476299286
0.06814482063055038
0.0601581335067749
0.059961628168821335
0.058354854583740234
0.0564122274518013
0.055329423397779465
0.06675276905298233
0.055665791034698486
0.05660349503159523
0.05701858177781105
0.06078819930553436
0.058774903416633606
0.05885247513651848
0.057063858956098557
0.05887578800320625
0.054070472717285156
0.05875668674707413
0.05581643804907799
0.0640389546751976
0.05207529291510582
0.05338084325194359
0.05226416513323784
0.057720035314559937
0.06369337439537048
0.05966823175549507
0.056436583399772644
0.056146249175071716
0.051727451384067535
0.054802145808935165
0.05548465996980667
0.05676266923546791
0.056517478078603745
0.0587051697075367
0.05665960535407066
0.054549526423215866
0.05862538143992424
0.0511639378964901
0.05335104838013649
0.04939499497413635
0.05017546936869621
0.05081111937761307
0.050493024289608
0.04934227094054222
0.04825644940137863
0.05008223280310631
0.0510818250477314
0.05126815661787987
0.056162964552640915
0.050263661891222
0.050059981644153595
0.049758002161979675
0.0483999103307724
0.054790597409009933
0.05428609624505043
no squeeze
2.5130984783172607
1.0111570358276367
0.6741612553596497
0.5221340656280518
0.42351749539375305
0.3585759401321411
0.3182789981365204
0.2831495404243469
0.2528860569000244
0.22036013007164001
0.21329978108406067
0.19576534628868103
0.18331938982009888
0.17931917309761047
0.18883252143859863
0.16235928237438202
0.1813967078924179
0.15722814202308655
0.16699765622615814
0.15075917541980743
0.14848782122135162
0.13309894502162933
0.12977127730846405
0.13570578396320343
0.1181405782699585
0.11782260984182358
0.1116786077618599
0.11494146287441254
0.14080572128295898
0.12616795301437378
0.10163400322198868
0.11431063711643219
0.10397329926490784
0.10012345761060715
0.09847304970026016
0.0924193486571312
0.0973171666264534
0.09364544600248337
0.08431614190340042
0.09692610055208206
0.09876728802919388
0.10863162577152252
0.10012824833393097
0.09203047305345535
0.08467158675193787
0.08774256706237793
0.08784075826406479
0.07856238633394241
0.07447406649589539
0.07159091532230377
0.08678892999887466
0.06964831799268723
0.07771389931440353
0.08184109628200531
0.07404302060604095
0.07111919671297073
0.06383700668811798
0.07104037702083588
0.06892886012792587
0.07772652804851532
0.07124072313308716
0.06729225069284439
0.07474076002836227
0.06728515028953552
0.05879424884915352
0.06393522024154663
0.0674552321434021
0.06930802017450333
0.06732619553804398
0.0669158548116684
0.06506569683551788
0.06266555190086365
0.0558307059109211
0.058307986706495285
0.057755518704652786
0.055571235716342926
0.06436115503311157
0.056237783282995224
0.0501272939145565
0.06853277236223221
0.04954875633120537
0.059626027941703796
0.05884362384676933
0.06146985664963722
0.06046101450920105
0.05174291133880615
0.053915370255708694
0.06572308391332626
0.06362372636795044
0.056983742862939835
0.053819552063941956
no squeeze
3.058093309402466
0.6282716989517212
0.4580015242099762
0.31620338559150696
0.29762816429138184
0.23072770237922668
0.18820808827877045
0.2979357838630676
0.2630445063114166
0.21490152180194855
0.16061316430568695
0.1666582226753235
0.16487190127372742
0.22415582835674286
0.22601695358753204
0.23355898261070251
0.21305185556411743
0.1620907485485077
0.2335437387228012
0.28458791971206665
0.2427036017179489
