no squeeze
4.259321689605713
1.0296550989151
0.49532219767570496
0.2724003493785858
0.14793553948402405
0.1045379489660263
0.12790243327617645
0.03543679416179657
0.035933174192905426
0.064946748316288
0.02323600836098194
0.028999222442507744
0.019061733037233353
0.018023766577243805
0.03273889049887657
0.03269784525036812
0.011672458611428738
0.014091609045863152
0.01271058153361082
0.012058393098413944
0.032556213438510895
0.012663369067013264
0.007547708228230476
0.007134346757084131
0.019735978916287422
0.018333548679947853
0.008061223663389683
0.014530299231410027
0.034821007400751114
0.009481762535870075
0.01627066731452942
0.009102973155677319
0.00868733786046505
0.006878476589918137
0.004637803882360458
0.007665248587727547
0.009418647736310959
0.00904212798923254
0.014909070916473866
0.0105943838134408
0.025492960587143898
0.011004839092493057
0.009144390001893044
0.0033845470752567053
0.012717161327600479
0.0181124284863472
0.008228467777371407
0.015122012235224247
0.012514152564108372
0.007733654696494341
0.014190689660608768
0.008056571707129478
0.0035604657605290413
0.005687288008630276
no squeeze
2.9987242221832275
0.8619864583015442
0.44612744450569153
0.32284873723983765
0.27377718687057495
0.25050100684165955
0.26656901836395264
0.2254217565059662
0.274989515542984
0.20846295356750488
0.2348063886165619
0.19458122551441193
0.19084088504314423
0.1755106896162033
0.16675861179828644
0.18155328929424286
0.16332706809043884
0.16085384786128998
0.13661566376686096
0.16565418243408203
0.20822221040725708
0.15061888098716736
0.17843377590179443
0.15112431347370148
0.15317188203334808
0.13582636415958405
0.18983030319213867
0.12836554646492004
0.22535160183906555
0.17940481007099152
0.15779182314872742
0.1570262461900711
0.13031701743602753
0.15529686212539673
0.13175182044506073
0.16440702974796295
0.15217356383800507
0.14758680760860443
no squeeze
2.9753291606903076
1.3423391580581665
0.7747704982757568
0.6452663540840149
0.41745486855506897
0.3152541518211365
0.2967771291732788
0.3016274571418762
0.4189281165599823
0.29027315974235535
0.18109402060508728
0.15746499598026276
0.2278454452753067
0.19848723709583282
0.14213784039020538
0.19872286915779114
0.14619024097919464
0.12136827409267426
0.15347689390182495
0.09894075989723206
0.10755544155836105
0.1414823830127716
0.12289261817932129
0.11949677765369415
0.06201041117310524
0.0811256393790245
0.11444912850856781
0.09839007258415222
0.1022055372595787
0.09650811553001404
0.12291651964187622
0.10678697377443314
0.06941455602645874
0.1008126363158226
0.05143488943576813
0.11496087908744812
0.15124626457691193
0.0879821926355362
0.06946099549531937
0.045564476400613785
0.06023933365941048
0.06056953966617584
0.07368035614490509
0.1807132363319397
0.09568054229021072
0.08382749557495117
0.14399978518486023
0.08229087293148041
0.2878568470478058
0.07103879749774933
no squeeze
4.074997901916504
1.534351110458374
1.1738735437393188
0.9070605039596558
0.7548220157623291
0.6763729453086853
0.5635092854499817
0.49927055835723877
0.44466325640678406
0.4166468381881714
0.36920690536499023
0.3602563738822937
0.35371482372283936
0.3161811828613281
0.31875690817832947
0.3254835307598114
0.28843000531196594
0.2924139201641083
0.25345098972320557
0.27599263191223145
0.2709224224090576
0.24268633127212524
0.22924034297466278
0.23960170149803162
0.2328839749097824
0.2054399847984314
0.22489547729492188
0.2180631011724472
0.20249535143375397
0.21073311567306519
0.20287016034126282
0.19755175709724426
0.208796888589859
0.19898737967014313
0.1794276237487793
0.18015362322330475
0.18340936303138733
0.18202322721481323
0.16978991031646729
0.1979863941669464
0.17132650315761566
0.17105649411678314
0.18266180157661438
0.18315552175045013
0.1675299108028412
0.16951027512550354
0.16017358005046844
0.16241179406642914
0.16490505635738373
0.17135316133499146
0.15552416443824768
0.1463891863822937
0.1511920988559723
0.15609772503376007
0.14758631587028503
0.1525813490152359
0.13563449680805206
0.13044945895671844
0.12925416231155396
0.1447526216506958
0.14680178463459015
0.15214486420154572
0.1495410054922104
0.15208937227725983
0.14228926599025726
0.15665605664253235
0.13158856332302094
0.14025168120861053
0.13456663489341736
no squeeze
3.242709159851074
1.3271273374557495
0.8812062740325928
0.694521963596344
0.5194600224494934
0.45108532905578613
0.4490652084350586
0.360302597284317
0.33469220995903015
0.2979643940925598
0.2716819643974304
0.28812816739082336
0.24623920023441315
0.24415789544582367
0.23364534974098206
0.20938612520694733
0.21898408234119415
0.21680772304534912
0.22239647805690765
0.1952660083770752
0.18270283937454224
0.19088268280029297
0.19384469091892242
0.1634666621685028
0.1561613529920578
0.15064580738544464
0.15541943907737732
0.17244024574756622
0.1706397533416748
0.16021688282489777
0.16788803040981293
0.12950541079044342
0.12748795747756958
0.13635896146297455
0.1327780783176422
0.1255018562078476
0.13132157921791077
0.14279046654701233
0.14355260133743286
0.1509820818901062
0.16023316979408264
0.13632287085056305
0.15342752635478973
0.1470550000667572
0.14144915342330933
0.12463704496622086
0.13416044414043427
0.12730026245117188
0.11357646435499191
0.10067036002874374
0.11362608522176743
0.11960361152887344
0.11358842998743057
0.12820997834205627
0.10837175697088242
0.11609815806150436
0.1206599548459053
0.12871694564819336
0.11164010316133499
0.11725398153066635
no squeeze
2.2236313819885254
0.5508385896682739
0.36602574586868286
0.3016936779022217
0.266810804605484
0.4051453769207001
0.3151262104511261
0.2833680510520935
0.3722541332244873
0.3164192736148834
0.2894582450389862
0.33707985281944275
0.31268879771232605
0.23077672719955444
0.33052313327789307
0.2625480592250824
0.3609951436519623
0.21317489445209503
0.22989216446876526
0.23915395140647888
0.20447158813476562
0.289993017911911
0.1743546426296234
0.2723907232284546
0.2329382747411728
0.2663640081882477
0.23578542470932007
0.25412842631340027
0.20461365580558777
0.16409240663051605
0.309305876493454
0.20632223784923553
0.22341084480285645
0.2733767032623291
0.3099144697189331
0.15497814118862152
0.1431938260793686
0.15865162014961243
0.27248814702033997
0.16839194297790527
0.21263179183006287
0.17700155079364777
0.17378582060337067
0.2090754359960556
0.1905364841222763
0.1569426953792572
0.3587464690208435
