no squeeze
2.204493522644043
0.9541301131248474
0.42315974831581116
0.1962447166442871
0.09474484622478485
0.0548524372279644
0.03280956298112869
0.021381577476859093
0.01649322360754013
0.012488656677305698
0.007821410894393921
0.008415067568421364
0.007847783155739307
0.00462640356272459
0.003208597656339407
0.00310908374376595
0.0025250581093132496
0.001773847732692957
0.0022182834800332785
0.00260239839553833
0.0036445821169763803
0.0011928691528737545
0.001286213519051671
0.0010595974745228887
0.0009511428652331233
0.0012416034005582333
0.0020167739130556583
0.0009967803489416838
0.0009479332948103547
0.0007199231185950339
0.000764754309784621
0.0012315745698288083
0.0007887271931394935
0.0006844066665507853
0.0004284110036678612
0.0007402829360216856
0.0007206958252936602
0.00047147757140919566
0.0003466834605205804
0.0015164450742304325
0.001609913189895451
0.0007691876380704343
0.0002889980096369982
0.001677594380453229
0.0008032115874812007
0.00032670359360054135
0.0007506248657591641
0.0005917421658523381
0.0007626032456755638
0.0005452660261653364
0.0011351670837029815
0.0009846225148066878
0.000676439143717289
no squeeze
2.9231796264648438
0.9465078115463257
0.547274112701416
0.39125892519950867
0.2863633632659912
0.21488751471042633
0.1678849309682846
0.15944254398345947
0.12144505232572556
0.11476583778858185
0.11081539839506149
0.09287219494581223
0.09741862118244171
0.08734643459320068
0.07481177151203156
0.08278794586658478
0.08171387761831284
0.06294656544923782
0.07769882678985596
0.0654895156621933
0.06558500230312347
0.07520949095487595
0.0559975765645504
0.06133659929037094
0.04849721118807793
0.07246243208646774
0.0632493644952774
0.0648907795548439
0.08954484015703201
0.08231759071350098
0.05574410781264305
0.06841084361076355
0.06253541260957718
0.06100821867585182
0.04822701960802078
0.0655345767736435
0.054527975618839264
0.058872539550065994
0.04900870472192764
0.052741408348083496
0.06100201979279518
0.07411258667707443
0.055131204426288605
0.06332502514123917
0.0799144059419632
no squeeze
2.8614861965179443
1.1439485549926758
0.7266162037849426
0.5145002007484436
0.391849160194397
0.27073875069618225
0.2194521576166153
0.16032730042934418
0.14101770520210266
0.12204699218273163
0.07880907505750656
0.06767574697732925
0.0501989908516407
0.042141079902648926
0.042516496032476425
0.033064864575862885
0.03091116063296795
0.03175850212574005
0.0238258708268404
0.021874358877539635
0.018867570906877518
0.018798159435391426
0.017378926277160645
0.016623616218566895
0.014635840430855751
0.017330406233668327
0.018747536465525627
0.026107057929039
0.015404408797621727
0.013820907101035118
0.013560168445110321
0.017062289640307426
0.018432091921567917
0.015225975774228573
0.014301157556474209
0.012550232000648975
0.014066929928958416
0.030198369175195694
0.015747297555208206
0.011667977087199688
0.024816595017910004
0.02586691826581955
0.025444483384490013
0.043181098997592926
0.058556053787469864
0.011395469307899475
0.013834050856530666
0.010466445237398148
0.006873524747788906
0.006711731664836407
0.006743147969245911
0.006944599095731974
0.009175322949886322
0.007927781902253628
0.007485461886972189
0.0067935665138065815
0.005926515441387892
0.0068426416255533695
0.005101342219859362
0.0045342049561440945
0.01216848287731409
0.008567147888243198
0.006746073719114065
0.004914018791168928
0.004342143423855305
0.004376797936856747
0.006866003852337599
0.007826108485460281
0.007040159311145544
0.005546180997043848
0.004570513963699341
0.004378502257168293
0.0038522889371961355
0.005879790987819433
0.0050026969984173775
0.004705183673650026
0.01378206629306078
0.009539609774947166
0.008025774732232094
0.024467039853334427
0.013187606818974018
0.006403378210961819
0.012134729884564877
no squeeze
2.8992810249328613
1.6853846311569214
1.3764305114746094
1.1770577430725098
1.0244027376174927
0.902876615524292
0.8225441575050354
0.7492411136627197
0.6874342560768127
0.6270665526390076
0.5805756449699402
0.550896406173706
0.5116910934448242
0.47991740703582764
0.44863930344581604
0.4273416996002197
0.4084842801094055
0.3761175572872162
0.3466546833515167
0.33784952759742737
0.31526410579681396
0.2991795837879181
0.29169121384620667
0.26701390743255615
0.2630281150341034
0.25419938564300537
0.23252928256988525
0.23574881255626678
0.21470265090465546
0.20036979019641876
0.19302940368652344
0.1847960501909256
0.17766210436820984
0.19058333337306976
0.1745462715625763
0.15375623106956482
0.15924318134784698
0.15133006870746613
0.1436363309621811
0.14016146957874298
0.13353657722473145
0.13685034215450287
0.1373031884431839
0.140074223279953
0.11626914888620377
0.1163158044219017
0.11395470798015594
0.11469777673482895
0.11218395829200745
0.11194292455911636
0.09909134358167648
0.10788226127624512
0.09435952454805374
0.10150159150362015
0.107462078332901
0.0896398276090622
0.08532243221998215
0.08738720417022705
0.08591809123754501
0.08556243032217026
0.08732647448778152
0.08698863536119461
0.08449617028236389
0.08164123445749283
0.08590571582317352
0.07592415064573288
0.08029355853796005
0.08149334788322449
0.07577050477266312
0.06932620704174042
0.06324312090873718
0.06900203227996826
0.0788932740688324
0.08201190084218979
0.07470840215682983
0.07479045540094376
0.07765882462263107
0.07919733971357346
0.07417696714401245
0.06534474343061447
0.0647665336728096
no squeeze
2.7197020053863525
1.2492470741271973
0.8499758839607239
0.6523392200469971
0.5362249612808228
0.4335553050041199
0.37404361367225647
0.32461386919021606
0.2899860143661499
0.24600031971931458
0.22683827579021454
0.21017327904701233
0.18271160125732422
0.17901413142681122
0.16131779551506042
0.1471504420042038
0.13866762816905975
0.133979931473732
0.11892712861299515
0.12188825011253357
0.11010263115167618
0.10988739877939224
0.10802488029003143
0.0917937159538269
0.09299078583717346
0.09704156219959259
0.08296899497509003
0.08028824627399445
0.07836248725652695
0.07433132082223892
0.0754854679107666
0.07488847523927689
0.07032515108585358
0.06991038471460342
0.06103292107582092
0.05691218748688698
0.06943436712026596
0.05223110690712929
0.05300252512097359
0.05759542062878609
0.06971166282892227
0.06326302140951157
0.05680311471223831
0.05722014233469963
0.05016004294157028
0.05343320593237877
0.059888437390327454
0.057450659573078156
0.05438369885087013
0.04403422027826309
0.0476655438542366
0.04440407454967499
0.045582227408885956
0.0428302101790905
0.043048277497291565
0.041208960115909576
0.045444294810295105
0.04979179799556732
0.04114437848329544
0.0465332455933094
0.03994234651327133
0.038737356662750244
0.03669179230928421
0.038812056183815
0.04383852332830429
0.037352532148361206
0.040026310831308365
0.03584541380405426
0.033087871968746185
0.03525090590119362
0.03467145189642906
0.0360146127641201
0.03707076981663704
0.038798101246356964
0.03263673558831215
0.033393874764442444
0.032215386629104614
0.031824469566345215
0.02857106365263462
0.02948007918894291
0.043420691043138504
0.03330868110060692
0.03145361691713333
0.029935043305158615
0.03072437085211277
0.027850529178977013
0.02842656895518303
0.031185084953904152
0.026141665875911713
0.02989182621240616
0.026857417076826096
0.025025298818945885
0.026127837598323822
0.03610300272703171
0.03635641559958458
0.027705121785402298
0.027897020801901817
0.03308213874697685
0.023256774991750717
0.02884822152554989
0.0263835396617651
0.025795573368668556
0.02446337416768074
0.02805563434958458
0.02276250720024109
0.024005824699997902
0.02498627081513405
0.0244250800460577
0.02466200664639473
0.02673855982720852
0.027436185628175735
0.02856900542974472
0.029132893308997154
0.02469373121857643
0.024366965517401695
no squeeze
2.860067367553711
1.0021402835845947
0.6835537552833557
0.5854182839393616
0.34977102279663086
0.3201761245727539
0.2938820421695709
0.24117103219032288
0.5219300389289856
0.43487054109573364
0.31757089495658875
0.41468438506126404
0.22305616736412048
0.22847457230091095
0.2955796718597412
0.18338628113269806
0.2756107449531555
0.19415608048439026
0.30967938899993896
0.310355007648468
0.3228946030139923
0.18739931285381317
0.25098174810409546
0.2002638280391693
0.29773661494255066
0.25154659152030945
