no squeeze
705.3099365234375
577.0921020507812
537.5208740234375
368.998046875
326.8785400390625
198.1164093017578
175.24911499023438
117.17842102050781
107.68179321289062
81.96005249023438
77.13845825195312
62.74279022216797
59.77539825439453
50.27741622924805
48.215614318847656
41.47171401977539
40.004302978515625
35.06392288208008
33.97616195678711
30.338077545166016
29.50621795654297
26.72865104675293
26.100955963134766
23.91240882873535
23.415861129760742
21.66390037536621
21.2540225982666
19.830690383911133
19.4727783203125
18.25642967224121
17.973302841186523
16.899259567260742
16.63474464416504
15.728082656860352
15.498987197875977
14.683319091796875
14.492201805114746
13.73366641998291
13.55017375946045
12.860718727111816
12.702707290649414
12.11933708190918
11.980447769165039
11.48547077178955
11.342147827148438
10.850768089294434
10.762506484985352
10.358757972717285
10.256590843200684
9.90127182006836
9.819413185119629
9.501066207885742
9.42408561706543
9.1288423538208
9.06518268585205
8.817811012268066
8.759020805358887
8.541449546813965
8.485719680786133
8.301478385925293
8.25903034210205
8.08991813659668
8.056724548339844
7.9007487297058105
7.863346099853516
7.746750831604004
7.711240291595459
7.587857246398926
7.557782173156738
7.462422847747803
7.4388041496276855
7.337152481079102
7.318896770477295
7.236859321594238
7.215635776519775
7.139070510864258
7.1198201179504395
7.051751613616943
7.042451858520508
6.974252700805664
6.9593682289123535
6.905447006225586
6.8915696144104
6.847537994384766
6.828079700469971
6.793603897094727
6.768864631652832
6.7439703941345215
6.728180408477783
6.672600269317627
6.6656012535095215
6.628658771514893
6.6183762550354
6.594516277313232
6.585965633392334
6.541419506072998
6.537496089935303
6.508133888244629
6.504987716674805
6.4754252433776855
6.471719264984131
6.446816921234131
6.438223361968994
6.4137725830078125
6.413461208343506
6.388387203216553
6.385784149169922
6.362715721130371
6.361541748046875
6.3409576416015625
6.341530799865723
6.316702842712402
6.317826747894287
6.296069145202637
6.2906575202941895
6.276978969573975
6.271518707275391
6.2606611251831055
6.25983190536499
6.242280006408691
6.238892078399658
6.2322492599487305
6.223618507385254
6.208835601806641
6.204202175140381
6.199070930480957
6.192352771759033
6.1832051277160645
6.177433490753174
6.166749000549316
6.16414737701416
6.159213542938232
6.157155513763428
6.146515846252441
6.14333963394165
6.1396989822387695
6.139553546905518
6.125960826873779
6.119093894958496
6.115832805633545
6.109539031982422
6.106416702270508
6.106043338775635
6.094692230224609
6.096127033233643
6.086143970489502
6.085026264190674
6.075316905975342
6.073939800262451
6.07326602935791
6.069878578186035
6.067380905151367
6.064199924468994
6.058168888092041
6.054047584533691
6.059035301208496
6.0546746253967285
6.04935884475708
6.04536247253418
6.045116424560547
6.047237873077393
6.038115501403809
6.028843402862549
6.0284647941589355
6.026244640350342
6.021566390991211
6.019109725952148
6.0234832763671875
6.018372058868408
6.013009548187256
6.0149760246276855
6.013336181640625
no squeeze
700.3717651367188
477.15325927734375
423.4649963378906
255.1211700439453
224.067138671875
143.7718963623047
130.7028045654297
95.7222671508789
89.16034698486328
69.54595184326172
65.558837890625
52.64985656738281
49.877349853515625
40.74987030029297
38.7519645690918
32.15943145751953
30.701133728027344
25.85685157775879
24.801971435546875
21.269847869873047
20.477947235107422
17.82489585876465
17.233808517456055
15.237311363220215
14.796551704406738
13.296433448791504
12.953401565551758
11.793353080749512
11.532003402709961
10.64884090423584
10.435879707336426
9.718648910522461
9.556264877319336
8.999517440795898
8.868412971496582
8.421408653259277
8.315442085266113
7.9484710693359375
7.86904239654541
7.581483364105225
7.512986183166504
7.2800984382629395
7.224545955657959
7.036093235015869
6.996572494506836
6.853490352630615
6.814955711364746
6.6976118087768555
6.66775369644165
6.574187278747559
6.551126956939697
6.483757019042969
6.464873313903809
6.403928279876709
6.392787456512451
6.350654125213623
6.335014343261719
6.301666736602783
6.290892124176025
6.262164115905762
6.259738922119141
6.2353997230529785
6.234953880310059
6.216350078582764
6.213541030883789
6.199249267578125
6.1950883865356445
6.183496475219727
6.183746814727783
6.17583703994751
6.173943042755127
6.166505336761475
6.1640238761901855
6.151418209075928
6.1525187492370605
6.152745723724365
no squeeze
704.7366333007812
564.0803833007812
523.393798828125
364.492431640625
328.0319519042969
221.2869873046875
202.34776306152344
151.8177490234375
142.8573760986328
115.39954376220703
109.60104370117188
90.66719055175781
86.36674499511719
71.79554748535156
68.41494750976562
56.7597541809082
54.0283317565918
44.68618392944336
42.5152473449707
35.0926513671875
33.46291732788086
27.878459930419922
26.633094787597656
22.510570526123047
21.58074378967285
18.58660888671875
17.921525955200195
15.763702392578125
15.278670310974121
13.716313362121582
13.349089622497559
12.122934341430664
11.861066818237305
10.962573051452637
10.762453079223633
10.038265228271484
9.898101806640625
9.363500595092773
9.239363670349121
8.776121139526367
8.688867568969727
8.352337837219238
8.265070915222168
7.9819512367248535
7.899986267089844
7.62049674987793
7.561448097229004
7.3364057540893555
7.291149616241455
7.120375633239746
7.0730881690979
6.915242671966553
6.88059139251709
6.7390875816345215
6.705111503601074
6.58071756362915
6.5564117431640625
6.447923183441162
6.42570686340332
6.331709861755371
6.308874607086182
6.227202415466309
6.207099437713623
6.146996974945068
6.1280059814453125
6.059063911437988
6.045706272125244
5.989072799682617
5.976076602935791
5.9212236404418945
5.910826683044434
5.867650985717773
5.859189510345459
5.825089931488037
5.813624858856201
5.781834125518799
5.774159908294678
5.7434000968933105
5.732672691345215
5.701715469360352
5.6966447830200195
5.672002792358398
5.667816638946533
5.645440578460693
5.641123294830322
5.620672702789307
5.612674236297607
5.598143100738525
5.592548847198486
5.5771589279174805
5.572084426879883
5.552728652954102
5.552689552307129
5.5403852462768555
5.5359063148498535
5.522950172424316
5.519626140594482
5.507857322692871
5.5028862953186035
5.497585773468018
5.491053581237793
5.478176593780518
5.478691101074219
5.466552734375
5.465761184692383
5.461390018463135
5.457263469696045
5.449464797973633
5.447678089141846
5.439212322235107
5.43397855758667
5.428037166595459
5.427892208099365
5.421872615814209
5.4172563552856445
5.409765243530273
5.409735202789307
5.402148723602295
5.406457424163818
5.401271343231201
5.400012016296387
5.391726493835449
5.3962202072143555
5.384768486022949
5.384634494781494
5.384556770324707
5.384494304656982
5.3806304931640625
5.377721786499023
5.373497009277344
5.371909141540527
5.3729448318481445
5.369507789611816
5.368509292602539
5.3671488761901855
5.36566686630249
5.366390705108643
5.3587822914123535
5.363956451416016
5.3626604080200195
no squeeze
710.0717163085938
641.9454345703125
616.6722412109375
485.15625
445.4496765136719
305.6866760253906
277.9386291503906
204.53240966796875
191.9873809814453
155.99462890625
148.76844787597656
125.79332733154297
120.87543487548828
104.43024444580078
100.71286010742188
88.2579574584961
85.42609405517578
75.77999114990234
73.58683776855469
66.17354583740234
64.4933090209961
58.782554626464844
57.47410202026367
53.02801513671875
52.04780197143555
48.63554382324219
47.850563049316406
45.23131561279297
44.60321807861328
42.560218811035156
42.24156951904297
40.49285125732422
40.10637283325195
38.85643768310547
38.56742477416992
37.57597351074219
37.35017013549805
36.570613861083984
36.421905517578125
35.74923324584961
35.61136245727539
35.12051010131836
34.98617172241211
34.584861755371094
34.63054656982422
34.1523323059082
34.11764907836914
33.81223678588867
33.727115631103516
33.492366790771484
33.44214630126953
33.247413635253906
33.195003509521484
33.02702713012695
33.13569259643555
32.9443473815918
32.808223724365234
32.64724349975586
32.59592056274414
32.423038482666016
32.396305084228516
32.545875549316406
32.32375717163086
32.104759216308594
32.11823654174805
31.95185661315918
31.95393943786621
31.77764129638672
31.72643280029297
31.696643829345703
31.615999221801758
31.500080108642578
31.425670623779297
31.27265167236328
31.185945510864258
30.997966766357422
31.00391960144043
30.78260612487793
30.771198272705078
30.551586151123047
30.66798210144043
30.270259857177734
30.196571350097656
30.121896743774414
29.927734375
29.639633178710938
29.58049964904785
29.290000915527344
29.212383270263672
28.863069534301758
28.766984939575195
28.55821990966797
28.338600158691406
27.897293090820312
27.782590866088867
27.385025024414062
27.246585845947266
26.78892707824707
26.643766403198242
25.925739288330078
25.753707885742188
25.054641723632812
24.891551971435547
24.14747428894043
23.948862075805664
23.157991409301758
23.07762336730957
22.030527114868164
21.775114059448242
20.80198860168457
20.547883987426758
19.579036712646484
19.252777099609375
18.162151336669922
17.903417587280273
16.90691566467285
16.572246551513672
15.451645851135254
15.105035781860352
14.01848030090332
13.742199897766113
12.775961875915527
12.474316596984863
11.492363929748535
11.276912689208984
10.414368629455566
10.200916290283203
9.414320945739746
9.237330436706543
8.588501930236816
8.426563262939453
7.8871049880981445
7.739424228668213
7.372418403625488
7.206696510314941
6.8377861976623535
6.7370452880859375
6.4466166496276855
6.388442039489746
6.156775951385498
6.114715576171875
5.924890518188477
5.873870849609375
5.7251410484313965
5.695234775543213
5.5787434577941895
5.546987533569336
5.455075263977051
5.4283342361450195
5.348461627960205
5.330554485321045
5.276500225067139
5.255679607391357
5.199102878570557
5.1863112449646
5.1405415534973145
5.129886150360107
5.086041450500488
5.078773498535156
5.05104923248291
5.038970470428467
5.015935897827148
5.006648063659668
4.97634744644165
4.970552921295166
4.953898906707764
4.946476459503174
4.928252696990967
4.9196672439575195
4.8976850509643555
4.89842414855957
4.890016555786133
4.88809061050415
4.872125148773193
4.865281105041504
4.85505485534668
4.851141929626465
4.837347507476807
4.838473796844482
4.8444037437438965
no squeeze
706.6194458007812
580.3220825195312
543.4646606445312
390.9849853515625
352.9062194824219
233.57269287109375
211.52700805664062
152.25775146484375
141.84649658203125
112.22859191894531
106.38072204589844
88.31590270996094
84.49048614501953
72.019775390625
69.30016326904297
60.062652587890625
58.024452209472656
51.079261779785156
49.53636169433594
44.32419204711914
43.10617446899414
39.050743103027344
38.13158416748047
34.93964767456055
34.218536376953125
31.700870513916016
31.0927734375
28.97199058532715
28.457983016967773
26.656667709350586
26.24732780456543
24.670360565185547
24.269775390625
22.859304428100586
22.538143157958984
21.289594650268555
20.971776962280273
19.76517677307129
19.48699951171875
18.429889678955078
18.15684700012207
17.14838218688965
16.899940490722656
15.968973159790039
15.743451118469238
14.895430564880371
14.664363861083984
13.857534408569336
13.65090274810791
12.926681518554688
12.744078636169434
12.084877967834473
11.90398120880127
11.282215118408203
11.139835357666016
10.60724925994873
10.474248886108398
9.993038177490234
9.874556541442871
9.456446647644043
9.346687316894531
8.978493690490723
8.891220092773438
8.567917823791504
8.489747047424316
8.204439163208008
8.127785682678223
7.884218692779541
7.8249993324279785
7.613112449645996
7.561984062194824
7.3755998611450195
7.3307085037231445
7.1717329025268555
7.13337516784668
6.992436408996582
6.955812931060791
6.83476448059082
6.803878307342529
6.697890281677246
6.669336795806885
6.584688663482666
6.557743072509766
6.479987144470215
6.454538345336914
6.3778815269470215
6.362260818481445
6.300819396972656
6.2827534675598145
6.227883815765381
6.214306354522705
6.164536952972412
6.153698444366455
6.1050615310668945
6.094989776611328
6.062084197998047
6.046821117401123
6.0106658935546875
6.004393577575684
5.972503185272217
5.964363098144531
5.937984943389893
5.9308319091796875
5.908782958984375
5.8999199867248535
5.87814474105835
5.871252059936523
5.8504767417907715
5.847452640533447
5.826758861541748
5.817930221557617
5.801431655883789
5.800668239593506
5.786839485168457
5.783791542053223
5.772797584533691
5.7679901123046875
5.752571105957031
5.749263763427734
5.737731456756592
5.7332258224487305
5.731390476226807
5.718312740325928
5.712189674377441
5.7067084312438965
5.708003997802734
5.701027870178223
5.687770843505859
5.683441638946533
5.680563926696777
5.673137664794922
5.675246238708496
5.667574882507324
5.65922737121582
5.661805629730225
5.659673690795898
no squeeze
699.82470703125
379.3901062011719
314.88861083984375
155.6667022705078
133.21197509765625
83.10347747802734
75.62036895751953
57.02808380126953
53.9857063293457
45.90061950683594
44.5487060546875
40.790035247802734
40.121578216552734
38.24692153930664
37.911556243896484
37.00691604614258
36.939300537109375
36.358917236328125
36.26988220214844
36.03623962402344
35.97948455810547
35.90614700317383
36.10504913330078
35.86007308959961
35.75278091430664
35.85676574707031
35.735870361328125
35.63741683959961
35.77529525756836
35.789100646972656
