no squeeze
4.065092086791992
1.4746387004852295
0.7773996591567993
0.46382027864456177
0.24928788840770721
0.1442386507987976
0.17145857214927673
0.09210830181837082
0.06011531129479408
0.04917678236961365
0.03491413593292236
0.037792522460222244
0.03957531973719597
0.022645266726613045
0.016269970685243607
0.014770716428756714
0.015814583748579025
0.01718352921307087
0.011506803333759308
0.011897662654519081
0.018897809088230133
0.022802148014307022
0.01009606383740902
0.01821552962064743
0.013921894133090973
0.019396435469388962
0.014861062169075012
0.018293285742402077
0.010578135959804058
0.039359286427497864
0.05154163017868996
0.01309897843748331
0.0198975782841444
no squeeze
4.197563171386719
1.4199498891830444
0.8742991089820862
0.5440276861190796
0.3861592411994934
0.33865731954574585
0.2628898322582245
0.28390026092529297
0.20920270681381226
0.20085684955120087
0.21025201678276062
0.21313275396823883
0.14616955816745758
0.1352042257785797
0.14354746043682098
0.12779554724693298
0.14415308833122253
0.1303572952747345
0.14295412600040436
0.1455337554216385
0.10154817253351212
0.12245729565620422
0.10582231730222702
0.14242982864379883
0.10166043043136597
0.1139376163482666
0.10414742678403854
0.12809258699417114
0.14766539633274078
0.1322922706604004
0.11315489560365677
no squeeze
5.117829322814941
1.7474303245544434
1.3155555725097656
0.8601476550102234
0.7600867748260498
0.5757618546485901
0.46132856607437134
0.40265074372291565
0.31953293085098267
0.3983127772808075
0.3180179297924042
0.2447815239429474
0.1788025200366974
0.16071882843971252
0.1606520116329193
0.15779955685138702
0.22434839606285095
0.12508410215377808
0.15574325621128082
0.12058050185441971
0.11220716685056686
0.08850014954805374
0.10513490438461304
0.05673963949084282
0.066529281437397
0.07636816799640656
0.12982437014579773
0.0961802676320076
0.10574883222579956
0.046898528933525085
0.0677708312869072
0.03618231043219566
0.030571144074201584
0.030693132430315018
0.06707027554512024
0.034961216151714325
0.037520769983530045
0.045896779745817184
0.21812684834003448
0.06753137707710266
0.025832394137978554
0.022576387971639633
0.02226538397371769
0.0207724217325449
0.02343011274933815
0.02317095175385475
0.0174354687333107
0.013960188254714012
0.02197146974503994
0.016394389793276787
0.013803764246404171
0.010058294981718063
0.008907412178814411
0.012124617584049702
0.0374518521130085
0.02101476676762104
0.027576236054301262
0.018124694004654884
0.01283665094524622
0.01627582684159279
0.007536555174738169
0.008773773908615112
0.00690227746963501
0.006068983115255833
0.006864063907414675
0.009510157629847527
0.009053976275026798
0.01651744171977043
0.011278110556304455
0.021991927176713943
0.012437853962182999
0.02420523762702942
0.030384927988052368
0.01684505119919777
no squeeze
4.86670446395874
2.2591629028320312
1.804936408996582
1.4998748302459717
1.2941519021987915
1.1486728191375732
1.0332186222076416
0.9436241388320923
0.821332573890686
0.7471292614936829
0.6995937824249268
0.664862871170044
0.6093487739562988
0.5679194331169128
0.5261924266815186
0.48240023851394653
0.4266422390937805
0.4162256717681885
0.4036952555179596
0.40618079900741577
0.3610405921936035
0.33766356110572815
0.34751051664352417
0.32549673318862915
0.3253347873687744
0.30632030963897705
0.2848687469959259
0.2760416865348816
0.2843364477157593
0.24555590748786926
0.2560119926929474
0.25303274393081665
0.24582642316818237
0.2581639587879181
0.24419890344142914
0.25034478306770325
0.232286274433136
0.22485552728176117
0.21375824511051178
0.18964052200317383
0.19300413131713867
0.19146893918514252
0.20720742642879486
0.1870686113834381
0.16722458600997925
0.18326875567436218
0.16384507715702057
0.15432395040988922
0.19069308042526245
0.17100688815116882
0.14999154210090637
0.13947694003582
0.15042273700237274
0.14132781326770782
0.1653541475534439
0.14434276521205902
0.17631672322750092
0.1278672218322754
0.17752180993556976
0.15109068155288696
0.1258562207221985
0.12816865742206573
0.133462056517601
0.12441980838775635
0.1198066845536232
0.11057789623737335
0.12791013717651367
0.12663666903972626
0.11580472439527512
0.10124675184488297
0.10881447792053223
0.1249832883477211
0.1039436012506485
0.11122303456068039
0.11188607662916183
0.10434786975383759
0.11276325583457947
0.1060524731874466
0.10128463059663773
0.12155096977949142
no squeeze
5.4551544189453125
1.911203145980835
1.3738027811050415
1.0806876420974731
0.8625286221504211
0.6992027163505554
0.6202942132949829
0.5421401262283325
0.4899813234806061
0.4337352514266968
0.41223371028900146
0.35621875524520874
0.34691426157951355
0.30221113562583923
0.31934744119644165
0.2920483946800232
0.28598669171333313
0.25308433175086975
0.25840839743614197
0.2308482825756073
0.19868585467338562
0.21260714530944824
0.19468310475349426
0.19514165818691254
0.19265636801719666
0.19733180105686188
0.16652612388134003
0.18447138369083405
0.18082334101200104
0.17567755281925201
0.14551788568496704
0.14731544256210327
0.15056343376636505
0.1578109711408615
0.17174042761325836
0.15402436256408691
0.1316397488117218
0.14454059302806854
0.12847483158111572
0.13256274163722992
0.12667083740234375
0.1392919421195984
0.11592107266187668
0.11273591965436935
0.11046653240919113
0.10432849079370499
0.12169138342142105
0.13219250738620758
0.10856041312217712
0.11471862345933914
0.09415253251791
0.14999210834503174
0.11375997215509415
0.10894493013620377
0.1048070639371872
0.12447074800729752
0.10533061623573303
0.10249847173690796
0.08736692368984222
0.09325587749481201
0.08150797337293625
0.10219300538301468
0.10340385884046555
0.12830905616283417
0.09735067188739777
0.08019387722015381
0.08769228309392929
0.08950164914131165
0.08297735452651978
0.09048525243997574
0.09819383174180984
0.08705130219459534
0.07534930855035782
0.0757589116692543
0.09440396726131439
0.08518321067094803
0.08605527877807617
0.07864946126937866
0.07765328884124756
0.0875181183218956
0.0751972422003746
0.0712335854768753
0.07606834918260574
0.08630876243114471
0.09791506081819534
0.06764380633831024
0.07362177222967148
0.06634438037872314
0.08056821674108505
0.07206708192825317
0.0690561980009079
0.06859277188777924
0.07838625460863113
0.0685553029179573
0.07220811396837234
0.065151646733284
0.08047981560230255
0.0587071068584919
0.07562560588121414
0.07387316226959229
0.08186126500368118
0.08023883402347565
0.062465716153383255
0.06723363697528839
0.06597845256328583
0.07456345111131668
0.05664612352848053
0.07436200231313705
0.06409415602684021
0.058729950338602066
0.05292452871799469
0.06029981002211571
0.058912016451358795
0.06253816187381744
0.06517333537340164
0.06357645243406296
0.06903678923845291
0.06020084023475647
0.05136672034859657
0.052623096853494644
0.046620119363069534
0.0711505115032196
0.05968125909566879
0.07948333024978638
0.06519117206335068
0.050429414957761765
0.05640885606408119
0.0543513223528862
0.04872890189290047
0.059512313455343246
0.05495306849479675
no squeeze
5.774611473083496
1.8967211246490479
1.1475392580032349
1.2605690956115723
0.988023042678833
0.69928377866745
0.6606112122535706
0.9270107746124268
0.6248079538345337
0.7229563593864441
0.7135903239250183
0.6996901631355286
0.927854061126709
0.530154824256897
0.688600480556488
0.8868051767349243
0.8987433910369873
0.7334666848182678
0.7144789695739746
0.6828919649124146
0.958603024482727
0.45725151896476746
0.629530131816864
0.6662793755531311
0.6411682367324829
0.9640324711799622
0.6570903658866882
0.5702592730522156
0.5941005945205688
0.8888627290725708
0.5800852179527283
0.5230073928833008
