no squeeze
570.887451171875
371.4725646972656
323.91583251953125
185.7892608642578
164.12130737304688
116.2812728881836
109.02793884277344
88.08567810058594
83.70733642578125
69.3319320678711
66.12400817871094
55.23613739013672
52.783721923828125
44.39573669433594
42.48779296875
35.94892501831055
34.484642028808594
29.403488159179688
28.262619018554688
24.381681442260742
23.496044158935547
20.54201316833496
19.86969757080078
17.633012771606445
17.135513305664062
15.489750862121582
15.132833480834961
13.959315299987793
13.685596466064453
12.835062026977539
12.64677619934082
12.042022705078125
11.910341262817383
11.486757278442383
11.399513244628906
11.100899696350098
11.031928062438965
10.813244819641113
10.77110767364502
10.616604804992676
10.583821296691895
10.465699195861816
10.437685012817383
10.35010814666748
10.333819389343262
10.268057823181152
10.247284889221191
10.193686485290527
10.177119255065918
10.134100914001465
10.125391006469727
10.0863676071167
10.075796127319336
10.0419282913208
10.036635398864746
10.004135131835938
9.997072219848633
9.96895980834961
9.959648132324219
9.936351776123047
9.927350044250488
9.91051197052002
9.90105152130127
9.876341819763184
9.872865676879883
9.846944808959961
9.846390724182129
9.826722145080566
9.81733512878418
9.807214736938477
9.81027603149414
9.777899742126465
9.773904800415039
9.759852409362793
9.747354507446289
9.7347993850708
9.733585357666016
9.714638710021973
9.708043098449707
9.688100814819336
9.687933921813965
9.672183990478516
9.666672706604004
9.652716636657715
9.649589538574219
9.635493278503418
9.628656387329102
9.611266136169434
9.615961074829102
9.591461181640625
9.586159706115723
9.574342727661133
9.57724666595459
9.558645248413086
9.555196762084961
9.5494384765625
9.545825958251953
9.525888442993164
9.525606155395508
9.508448600769043
9.499988555908203
9.503206253051758
9.49213981628418
9.483644485473633
9.492227554321289
9.464692115783691
9.470571517944336
9.456067085266113
9.45146369934082
9.436410903930664
9.435614585876465
9.426098823547363
9.43057632446289
9.415874481201172
9.40996265411377
9.399993896484375
9.396919250488281
9.399507522583008
9.39113712310791
9.385885238647461
9.379372596740723
9.3627347946167
9.366131782531738
9.354503631591797
9.362375259399414
9.35849666595459
no squeeze
574.7319946289062
408.5106201171875
363.6006164550781
211.43222045898438
183.05494689941406
117.564453125
108.2679214477539
83.79821014404297
79.04295349121094
63.79908752441406
60.536067962646484
49.759033203125
47.40799331665039
39.601497650146484
37.91545867919922
32.3229866027832
31.102108001708984
27.034639358520508
26.154796600341797
23.118722915649414
22.445316314697266
20.16144371032715
19.64205551147461
17.87228775024414
17.470062255859375
16.060144424438477
15.757872581481934
14.641322135925293
14.406343460083008
13.56979751586914
13.369391441345215
12.676248550415039
12.527596473693848
12.008103370666504
11.891585350036621
11.482942581176758
11.394145965576172
11.08507251739502
11.015644073486328
10.77768611907959
10.72512435913086
10.54086971282959
10.493767738342285
10.347723960876465
10.318882942199707
10.202159881591797
10.172682762145996
10.086153030395508
10.060575485229492
10.001445770263672
9.990365028381348
9.921834945678711
9.902172088623047
9.854279518127441
9.840075492858887
9.803793907165527
9.787261962890625
9.753029823303223
9.743537902832031
9.719207763671875
9.720556259155273
9.689628601074219
9.685602188110352
9.65700626373291
9.651150703430176
9.630838394165039
9.634329795837402
9.616555213928223
9.610836029052734
9.591503143310547
9.594511985778809
9.590082168579102
9.579376220703125
9.568035125732422
9.563453674316406
9.561399459838867
9.559074401855469
9.546501159667969
9.543664932250977
9.537200927734375
9.539063453674316
9.52616024017334
9.52078914642334
9.52208423614502
9.520130157470703
9.522159576416016
9.510732650756836
9.503385543823242
9.501769065856934
9.497355461120605
9.492085456848145
9.49069595336914
9.492921829223633
9.490175247192383
9.48850154876709
9.480094909667969
9.484804153442383
9.474738121032715
9.478157997131348
9.471640586853027
9.474386215209961
9.471205711364746
9.470681190490723
9.467716217041016
9.4616060256958
9.458568572998047
9.458648681640625
9.45407772064209
9.445233345031738
9.447707176208496
9.446571350097656
9.449132919311523
no squeeze
577.5068359375
459.7909851074219
424.1852111816406
279.7471923828125
245.48809814453125
149.3798828125
134.0550994873047
95.20952606201172
88.42864227294922
68.07971954345703
63.99250411987305
50.77421951293945
47.92849349975586
38.506473541259766
36.492862701416016
29.798784255981445
28.359575271606445
23.60017967224121
22.591381072998047
19.295026779174805
18.571353912353516
16.222490310668945
15.726330757141113
14.113779067993164
13.7586030960083
12.608063697814941
12.35812759399414
11.543972969055176
11.362367630004883
10.756731033325195
10.63962459564209
10.210441589355469
10.117865562438965
9.784601211547852
9.715837478637695
9.480618476867676
9.420879364013672
9.223050117492676
9.181049346923828
9.018756866455078
8.982285499572754
8.869438171386719
8.838005065917969
8.748419761657715
8.7190580368042
8.630716323852539
8.613709449768066
8.54394245147705
8.529891014099121
8.477470397949219
8.463753700256348
8.424169540405273
8.410140991210938
8.367049217224121
8.360684394836426
8.324824333190918
8.321249008178711
8.298605918884277
8.289979934692383
8.269084930419922
8.259556770324707
8.239882469177246
8.235255241394043
8.222363471984863
8.213715553283691
8.203531265258789
8.201333045959473
8.183859825134277
8.18088150024414
8.173852920532227
8.173514366149902
8.159046173095703
8.15301513671875
8.142909049987793
8.142735481262207
8.139663696289062
8.134634971618652
8.128486633300781
8.131922721862793
8.124739646911621
8.1242036819458
8.118720054626465
8.112153053283691
8.113114356994629
8.110060691833496
8.103262901306152
8.108205795288086
8.101702690124512
8.098852157592773
8.09817886352539
8.092672348022461
8.097437858581543
8.095772743225098
8.091607093811035
8.084783554077148
8.088836669921875
8.090531349182129
8.086368560791016
no squeeze
579.5349731445312
523.8663940429688
502.71038818359375
391.5760803222656
358.3737487792969
244.91387939453125
223.9362335205078
171.4599609375
162.5972900390625
136.77197265625
131.45391845703125
114.17346954345703
110.32374572753906
97.17351531982422
94.168701171875
83.57799530029297
81.14080810546875
72.71359252929688
70.74190521240234
63.9088134765625
62.3667106628418
57.05039596557617
55.81550598144531
51.65297317504883
50.676998138427734
47.36777114868164
46.6172981262207
44.0314826965332
43.421791076660156
41.34687423706055
40.887367248535156
39.239402770996094
38.865238189697266
37.744625091552734
37.3369026184082
36.19833755493164
35.95270538330078
35.115325927734375
34.915592193603516
34.2515869140625
34.08100891113281
33.5308952331543
33.36732482910156
32.961219787597656
32.915287017822266
32.39980697631836
32.30955505371094
31.98525619506836
31.914602279663086
31.69871711730957
31.584367752075195
31.37657356262207
31.298805236816406
31.17939567565918
31.04195785522461
30.8559513092041
30.816650390625
30.720096588134766
30.63191795349121
30.47271728515625
30.452335357666016
30.362146377563477
30.440425872802734
30.2541561126709
30.138256072998047
30.019344329833984
30.028091430664062
29.875062942504883
29.822481155395508
29.69793128967285
29.677366256713867
29.670780181884766
29.53058433532715
29.3809757232666
29.368877410888672
29.293180465698242
29.18951988220215
29.062973022460938
29.077220916748047
28.857925415039062
28.805572509765625
28.652099609375
28.59722900390625
28.421964645385742
28.36967658996582
28.19866371154785
28.136272430419922
27.932147979736328
27.865070343017578
27.610300064086914
27.54896354675293
27.281408309936523
27.187782287597656
26.893314361572266
26.79305076599121
26.46354866027832
26.399951934814453
25.99547004699707
25.844524383544922
25.40489959716797
25.295917510986328
24.7908935546875
24.662311553955078
24.084259033203125
23.980512619018555
23.318994522094727
23.14130401611328
22.432649612426758
22.22271156311035
21.47176742553711
21.242576599121094
20.397459030151367
20.20874786376953
19.298315048217773
19.04069709777832
18.090917587280273
17.90184211730957
16.960424423217773
16.636228561401367
15.65029239654541
15.408717155456543
14.451488494873047
14.216691970825195
13.314230918884277
13.1598482131958
12.29960823059082
12.096402168273926
11.39611530303955
11.248047828674316
10.582752227783203
10.4489107131958
9.910618782043457
9.782999992370605
9.366781234741211
9.282235145568848
8.940673828125
8.856420516967773
8.61699104309082
8.538429260253906
8.343377113342285
8.295975685119629
8.158638954162598
8.150873184204102
8.03140926361084
7.997274875640869
7.914109230041504
7.894440650939941
7.8380513191223145
7.82830810546875
7.779573440551758
7.764472484588623
7.726162910461426
7.7163166999816895
7.702937126159668
7.69139289855957
7.677175521850586
7.659272193908691
7.648229598999023
7.6356120109558105
7.623329162597656
7.614330768585205
7.595574855804443
7.586856365203857
7.57655143737793
7.576412200927734
7.5619120597839355
7.560024738311768
7.553408145904541
7.5498151779174805
7.5393242835998535
7.533877849578857
7.525541305541992
7.512892723083496
7.505509853363037
7.512301445007324
7.502551555633545
7.505361557006836
7.4862823486328125
7.4800944328308105
7.4747538566589355
7.465603828430176
7.485698699951172
7.461597919464111
7.440696716308594
7.4448723793029785
7.434207439422607
7.424128532409668
7.428231239318848
7.437220096588135
7.424374103546143
no squeeze
574.5813598632812
424.8348388671875
386.3742980957031
252.29786682128906
224.53512573242188
150.61911010742188
138.77198791503906
108.4071273803711
102.93124389648438
86.15833282470703
82.54855346679688
70.59456634521484
67.95941925048828
59.02648162841797
57.01190948486328
50.12879943847656
48.585933685302734
43.265953063964844
42.044986724853516
37.87824249267578
36.897705078125
33.496028900146484
32.70570373535156
29.943872451782227
29.2521915435791
26.85365104675293
26.325397491455078
24.249309539794922
23.73687744140625
21.87995147705078
21.44178581237793
19.850210189819336
19.470460891723633
18.10034942626953
17.74785804748535
16.500526428222656
16.212247848510742
15.178533554077148
14.920228004455566
14.041309356689453
13.829695701599121
13.099104881286621
12.932271957397461
12.304967880249023
12.162012100219727
11.682450294494629
11.558648109436035
11.166380882263184
11.077099800109863
10.757625579833984
10.67770004272461
10.4304780960083
10.367399215698242
10.162002563476562
10.123504638671875
9.957540512084961
9.91612434387207
9.777393341064453
9.763862609863281
9.647001266479492
9.61996841430664
9.52684497833252
9.50164794921875
9.42870044708252
9.412985801696777
9.350123405456543
9.333635330200195
9.286147117614746
9.281326293945312
9.219829559326172
9.206038475036621
9.161199569702148
9.160069465637207
9.118928909301758
9.11070442199707
9.079405784606934
9.071539878845215
9.059191703796387
9.042113304138184
9.017541885375977
9.008999824523926
9.001651763916016
8.985135078430176
8.963424682617188
8.953418731689453
8.937630653381348
8.936161994934082
8.918606758117676
8.909865379333496
8.909253120422363
8.888749122619629
8.882563591003418
8.876364707946777
8.858298301696777
8.852514266967773
8.844597816467285
8.838155746459961
8.83718490600586
8.853270530700684
8.821189880371094
8.81374740600586
8.795008659362793
8.793413162231445
8.788196563720703
8.782855987548828
8.798442840576172
8.777200698852539
8.765495300292969
8.765888214111328
8.753678321838379
8.760120391845703
8.74614143371582
8.750465393066406
8.739019393920898
8.724703788757324
8.724562644958496
8.71988296508789
8.721929550170898
8.720282554626465
8.711591720581055
8.708285331726074
8.696122169494629
8.70804214477539
8.693944931030273
8.681803703308105
8.690935134887695
8.693868637084961
8.674891471862793
8.685124397277832
8.673552513122559
8.663626670837402
8.662651062011719
8.652121543884277
8.65860366821289
8.661243438720703
8.652588844299316
no squeeze
574.4639892578125
371.5908508300781
324.86846923828125
189.8123321533203
167.83506774902344
114.71794128417969
105.912353515625
81.07051849365234
76.20449829101562
61.54132080078125
58.55010986328125
49.44858932495117
47.647621154785156
42.21735763549805
41.15605163574219
38.12907028198242
37.561195373535156
35.93428039550781
35.60071563720703
34.72065353393555
34.55459213256836
34.0958366394043
34.00563049316406
33.76759719848633
33.72120666503906
33.53398132324219
33.50436782836914
33.388370513916016
33.4025764465332
33.32071304321289
33.34709548950195
33.30021667480469
33.29463577270508
33.23453903198242
33.21669006347656
33.193931579589844
33.19392013549805
33.19643020629883
33.2037467956543
33.19487762451172
