no squeeze
130.25485229492188
43.8626823425293
32.312007904052734
13.471273422241211
11.512319564819336
6.87821102142334
6.091887950897217
3.921830892562866
3.5250308513641357
2.3952431678771973
2.17691969871521
1.537957787513733
1.4147558212280273
1.0351377725601196
0.9622316360473633
0.7282879948616028
0.6790890097618103
0.5264952778816223
0.494693398475647
0.39461228251457214
0.37298384308815
0.30507490038871765
0.2909858524799347
0.24765978753566742
0.2377023994922638
0.2061169147491455
0.1999458521604538
0.17963023483753204
0.17453716695308685
0.15916599333286285
0.15575622022151947
0.14464262127876282
0.14192907512187958
0.13360583782196045
0.13161438703536987
0.12569981813430786
0.12412978708744049
0.1189568042755127
0.11788764595985413
0.11342073231935501
0.1125154122710228
0.10918518155813217
0.10859183222055435
0.10585752874612808
0.10524723678827286
0.10331591963768005
0.10243703424930573
0.10090460628271103
0.1001221090555191
0.09862332046031952
0.09816199541091919
0.09699387103319168
0.09654225409030914
0.09532761573791504
0.09483608603477478
0.09396014362573624
0.09374801069498062
0.09288967400789261
0.09249505400657654
0.09150522202253342
0.09145069867372513
0.09056406468153
0.09041666239500046
0.09007304161787033
0.08965122699737549
0.08914875239133835
0.08876586705446243
0.08824493736028671
0.08806626498699188
0.08783230185508728
0.08759989589452744
0.08696214109659195
0.08683448284864426
0.08646196871995926
0.0864899680018425
0.0858658030629158
0.08580552786588669
0.08543874323368073
0.08534318953752518
0.0854162648320198
0.08503097295761108
0.08468431234359741
0.0846535786986351
0.0842062309384346
0.08416497707366943
0.08393976092338562
0.08380793780088425
0.0839841216802597
0.08370612561702728
0.08333700150251389
0.08334309607744217
0.08312986046075821
0.08327822387218475
0.08295122534036636
0.08290479332208633
0.08280984312295914
0.08274216204881668
0.08248413354158401
0.08253980427980423
0.08242217451334
0.08242298662662506
0.08230394870042801
0.08232014626264572
0.08230912685394287
no squeeze
129.52296447753906
53.03912353515625
40.605648040771484
17.25777816772461
14.811233520507812
9.111434936523438
8.142457008361816
5.397528171539307
4.8759589195251465
3.3305609226226807
3.0257797241210938
2.1098101139068604
1.9270663261413574
1.3652085065841675
1.2513903379440308
0.9006419777870178
0.8288654685020447
0.6076441407203674
0.5620707273483276
0.4234049320220947
0.3947036564350128
0.3076416850090027
0.28967902064323425
0.23504839837551117
0.22386187314987183
0.18910913169384003
0.18173667788505554
0.15920312702655792
0.1547074168920517
0.14113569259643555
0.13857008516788483
0.12796133756637573
0.12599395215511322
0.11974899470806122
0.11853068321943283
0.11412417143583298
0.11324933171272278
0.11037854850292206
0.1098054051399231
0.10781462490558624
0.10741961747407913
0.10618681460618973
0.10574082285165787
0.10475478321313858
0.1044788509607315
0.10398447513580322
0.10379563271999359
0.10302994400262833
0.10290858894586563
0.10236958414316177
0.10234233736991882
0.10192815959453583
0.10182621330022812
0.10135163366794586
0.10121878981590271
0.10120368748903275
0.10100314021110535
0.10067784041166306
0.1004340797662735
0.10025647282600403
0.10024800896644592
0.09991300851106644
0.09991427510976791
0.09961974620819092
0.09967989474534988
0.09946698695421219
0.09938964247703552
0.09933331608772278
0.09959559142589569
0.09920871257781982
0.09913253784179688
0.09882699698209763
0.09873688966035843
0.0987076684832573
0.09860289841890335
0.09874208271503448
0.09865427017211914
0.09850480407476425
0.0987248569726944
0.09817034006118774
0.09811742603778839
0.09808700531721115
0.09801936894655228
0.09806430339813232
0.09811440110206604
0.09800119698047638
0.09790650755167007
0.09789843112230301
0.09807199984788895
0.09767282754182816
0.09786196798086166
0.09757494181394577
0.09759898483753204
0.0974014401435852
0.09768742322921753
0.09741011261940002
no squeeze
131.7825469970703
69.66797637939453
57.61105728149414
27.39942741394043
22.758981704711914
12.761176109313965
11.367505073547363
7.7168169021606445
7.058445453643799
5.115400791168213
4.7193989753723145
3.4967968463897705
3.2367186546325684
2.412809371948242
2.239389419555664
1.6867717504501343
1.568991780281067
1.202242136001587
1.1208800077438354
0.8619139194488525
0.8079184293746948
0.6363317966461182
0.5978400707244873
0.4785962402820587
0.453339159488678
0.37135618925094604
0.3522207736968994
0.2921072542667389
0.2797260880470276
0.2383955419063568
0.22906789183616638
0.19884155690670013
0.1921233832836151
0.16970854997634888
0.16479040682315826
0.14889433979988098
0.14462122321128845
0.13196057081222534
0.12929213047027588
0.11988978087902069
0.11772971600294113
0.11001734435558319
0.10852682590484619
0.1030922681093216
0.10175327956676483
0.09744622558355331
0.09641893953084946
0.09282119572162628
0.09208976477384567
0.08927076309919357
0.0887008085846901
0.08673243969678879
0.08609750866889954
0.08455050736665726
0.0839620903134346
0.08238252252340317
0.08204101771116257
0.08105050772428513
0.08082672953605652
0.07974698394536972
0.07969971001148224
0.07874732464551926
0.07866222411394119
0.078145831823349
0.07791407406330109
0.07753919064998627
0.07741750776767731
0.07688344269990921
0.07688652724027634
0.07632900774478912
0.07640784233808517
0.07594935595989227
0.07595527917146683
0.07570724189281464
0.07558052986860275
0.07528720796108246
0.07527697831392288
0.07527278363704681
0.075199194252491
0.07510992139577866
0.0750483050942421
0.07477016746997833
0.07488173246383667
0.07471372932195663
0.07470429688692093
0.07457239925861359
0.07446947693824768
0.07429643720388412
0.07434206455945969
0.07450098544359207
no squeeze
132.77536010742188
107.898681640625
98.99053192138672
59.15233612060547
50.16792297363281
29.77393913269043
27.207117080688477
20.795753479003906
19.615840911865234
16.060901641845703
15.316990852355957
12.936269760131836
12.407356262207031
10.679718017578125
10.302496910095215
9.041910171508789
8.754525184631348
7.810229778289795
7.595174312591553
6.8912434577941895
6.743282794952393
6.213562965393066
6.098708152770996
5.707993984222412
5.6152753829956055
5.332032203674316
5.2624711990356445
5.046487331390381
5.0005388259887695
4.835851669311523
4.802191257476807
4.689256191253662
4.6596550941467285
4.5818705558776855
4.55355167388916
4.494052410125732
4.477199077606201
4.419055938720703
4.405702114105225
4.36922025680542
4.355398178100586
4.321619033813477
4.316450119018555
4.309651851654053
4.287937641143799
4.2665581703186035
4.263822555541992
4.246441841125488
4.254395484924316
4.225229740142822
4.220401763916016
4.204531192779541
4.199826240539551
4.190345764160156
4.183436393737793
4.182126998901367
4.173151016235352
4.158190727233887
4.151025772094727
4.14328145980835
4.138371467590332
4.128547191619873
4.1340012550354
4.1101603507995605
4.101937770843506
4.0893096923828125
4.084523677825928
4.075320720672607
4.073274612426758
4.045895099639893
4.041775703430176
4.029259204864502
4.023283004760742
4.006588935852051
4.058426856994629
3.9662978649139404
3.9777638912200928
3.9773480892181396
no squeeze
130.26907348632812
64.07096862792969
53.238739013671875
29.03141212463379
25.759967803955078
17.839611053466797
16.460412979125977
12.507787704467773
11.731998443603516
9.404519081115723
8.930501937866211
7.453404903411865
7.142840385437012
6.160126686096191
5.9453558921813965
5.219546794891357
5.061680793762207
4.5068559646606445
4.3801116943359375
3.936924934387207
3.8304443359375
3.4632251262664795
3.380415916442871
3.043001651763916
2.9640562534332275
2.6782913208007812
2.6047403812408447
2.3573994636535645
2.287487745285034
2.0510470867156982
1.9963735342025757
1.7838736772537231
1.7415915727615356
1.542371153831482
1.4953514337539673
1.3194561004638672
1.2775018215179443
1.1293965578079224
1.0932801961898804
0.9627808332443237
0.9338166117668152
0.8254361748695374
0.7980051636695862
0.7089035511016846
0.6878540515899658
0.6169452667236328
0.6036531925201416
0.5445998311042786
0.5317191481590271
0.4841805398464203
0.4737967550754547
0.43746912479400635
0.4290612041950226
0.4020829200744629
0.3950059115886688
0.370945543050766
0.36511433124542236
0.34654274582862854
0.3421832323074341
0.3268904387950897
0.3276568651199341
0.3121468424797058
0.30715125799179077
0.29604363441467285
0.2932409644126892
0.2844529449939728
0.2828231751918793
0.2773025631904602
0.2729393243789673
0.2676839828491211
0.2652840316295624
0.2608863413333893
0.25747764110565186
0.2527411878108978
0.2518165707588196
0.25053632259368896
0.24818779528141022
0.24387076497077942
0.24093690514564514
0.23780658841133118
0.23692435026168823
0.232852965593338
0.233183816075325
0.23154988884925842
0.22939607501029968
0.22707407176494598
0.22680212557315826
0.2243313044309616
0.22327648103237152
0.22259244322776794
0.22504650056362152
0.22262819111347198
no squeeze
127.06652069091797
19.374656677246094
14.023054122924805
7.49226188659668
6.836581707000732
5.480124473571777
5.292341709136963
4.869470119476318
4.775876522064209
4.618656158447266
4.6154069900512695
4.555896282196045
4.551750659942627
4.528801918029785
4.541591167449951
4.523479461669922
4.56721830368042
4.523841381072998
