no squeeze
40.67223358154297
7.874650478363037
6.510902404785156
3.391402244567871
2.9658210277557373
1.8842650651931763
1.7039393186569214
1.2442442178726196
1.1645399332046509
0.9669581055641174
0.9353601932525635
0.8532605767250061
0.8404445648193359
0.8109636306762695
0.8050608038902283
0.7935720086097717
0.7950853109359741
0.7884737253189087
0.7880092859268188
0.7849256992340088
0.7862991094589233
0.7841004133224487
0.7843409180641174
0.7837886810302734
0.7845814228057861
0.7845503687858582
no squeeze
40.38568115234375
8.859783172607422
7.670661449432373
5.280282020568848
5.002061367034912
4.384818077087402
4.281661510467529
4.0117506980896
3.9586026668548584
3.791198253631592
3.753628730773926
3.6373326778411865
3.6169822216033936
3.5474441051483154
3.529489517211914
3.4942338466644287
3.4847795963287354
3.4580419063568115
3.4553449153900146
3.4401369094848633
3.4389870166778564
3.4343008995056152
3.4334428310394287
3.433704376220703
3.4314424991607666
3.4306480884552
3.4292547702789307
3.431696891784668
3.432389259338379
3.4301915168762207
no squeeze
40.9864616394043
13.127006530761719
10.296942710876465
4.699858665466309
4.035840034484863
2.5377280712127686
2.299654006958008
1.651494026184082
1.5312608480453491
1.1779124736785889
1.1074780225753784
0.8925526738166809
0.8477442264556885
0.7068220973014832
0.6776793599128723
0.5831502676010132
0.5634718537330627
0.4988161027431488
0.4856576919555664
0.44021928310394287
0.43096932768821716
0.399016797542572
0.3921465575695038
0.36999890208244324
0.36459386348724365
0.3481580913066864
0.34426960349082947
0.3314933776855469
0.3283734619617462
0.3183496296405792
0.3164235055446625
0.3088015615940094
0.3069058656692505
0.30120331048965454
0.29971781373023987
0.29449939727783203
0.29339078068733215
0.28974542021751404
0.28883543610572815
0.2854655981063843
0.28429609537124634
0.2821868360042572
0.28147995471954346
0.27918195724487305
0.27865490317344666
0.27676427364349365
0.27633145451545715
0.27452194690704346
0.27441591024398804
0.27306994795799255
0.27257493138313293
0.27144572138786316
0.27115845680236816
0.2697085440158844
0.2693382501602173
0.2692389190196991
0.26874983310699463
0.26819610595703125
0.26810765266418457
0.2672092318534851
0.26723578572273254
0.266733318567276
0.2663669288158417
0.2659969925880432
0.26579955220222473
0.26532378792762756
0.2649315893650055
0.2646286189556122
0.26458898186683655
0.2644640803337097
0.2642369866371155
0.2640155255794525
0.2637729048728943
0.2631849944591522
0.263319730758667
0.263253390789032
no squeeze
42.256187438964844
26.019132614135742
22.62849998474121
15.629908561706543
14.693306922912598
12.294097900390625
11.860390663146973
10.52830982208252
10.258082389831543
9.358663558959961
9.165007591247559
8.526741981506348
8.380104064941406
7.900874137878418
7.783467769622803
7.4130964279174805
7.325170040130615
7.017989635467529
6.949259281158447
6.713394641876221
6.659572124481201
6.474785327911377
6.437799453735352
6.277829647064209
6.24821662902832
6.116089820861816
6.08468770980835
5.985593318939209
5.960362911224365
5.874392986297607
5.8554205894470215
5.777353763580322
5.7676544189453125
5.696634769439697
5.6763596534729
5.624701499938965
5.614009380340576
5.557863235473633
5.540050983428955
5.4961981773376465
5.4820427894592285
5.4363627433776855
5.4229936599731445
5.378612518310547
5.376501560211182
5.325107574462891
5.318349838256836
5.265933990478516
5.264239311218262
5.229061603546143
5.2182698249816895
5.171194076538086
5.171623229980469
5.1227617263793945
5.1142964363098145
5.098950386047363
5.0706400871276855
5.0423688888549805
5.026836395263672
4.988949775695801
4.977687358856201
4.941795825958252
4.9342732429504395
4.9029927253723145
4.8898491859436035
4.856571674346924
4.848274230957031
4.82188606262207
4.816989421844482
4.7838544845581055
4.777033805847168
4.74423885345459
4.7356157302856445
4.71062707901001
4.700544357299805
4.67368745803833
4.6861252784729
4.65017557144165
4.6378350257873535
4.612089157104492
4.6075263023376465
4.588072776794434
4.579453945159912
4.557442665100098
4.5555572509765625
4.548696517944336
4.5336384773254395
4.514672756195068
4.509120464324951
4.493493556976318
4.487424850463867
4.477306365966797
4.474189281463623
4.454013347625732
4.4528303146362305
4.439530372619629
4.4350714683532715
4.420084476470947
4.414579391479492
4.411028861999512
4.402561187744141
4.399445056915283
4.39385986328125
4.378471374511719
4.385418891906738
4.372681617736816
4.3932366371154785
4.359419822692871
4.359198570251465
4.350466728210449
4.3487629890441895
4.353401184082031
4.344441890716553
4.335432529449463
4.333885192871094
4.312406063079834
4.308467388153076
4.3056559562683105
4.321595191955566
4.3107147216796875
no squeeze
41.19414520263672
14.377558708190918
12.23794937133789
8.956876754760742
8.490494728088379
7.263613224029541
7.033722400665283
6.357789993286133
6.222469806671143
5.8160481452941895
5.733452796936035
5.477232933044434
5.4244489669799805
5.252019882202148
5.211877346038818
5.095037937164307
5.062836647033691
4.973058223724365
4.950453281402588
4.877694129943848
4.8600921630859375
4.805371284484863
4.800349235534668
4.744941234588623
4.731544017791748
4.696099281311035
4.685359954833984
4.652294158935547
4.6535563468933105
4.617886066436768
4.606073379516602
4.587149620056152
4.5715012550354
4.549961566925049
4.5416436195373535
4.525230407714844
4.523033618927002
4.514163494110107
4.507934093475342
4.488669395446777
4.4833083152771
4.469772815704346
4.465884685516357
4.454501152038574
4.4508490562438965
4.471174716949463
4.439570426940918
4.436246871948242
4.431698322296143
4.41929817199707
4.422974586486816
4.423459529876709
no squeeze
37.81130599975586
9.987303733825684
9.536869049072266
8.88530445098877
8.795221328735352
8.575108528137207
8.516693115234375
8.396289825439453
8.37515640258789
8.330188751220703
8.336767196655273
8.339600563049316
