no squeeze
8.897552490234375
3.9393765926361084
1.9429057836532593
1.5685229301452637
1.1004042625427246
0.7414661645889282
0.576830267906189
0.49662360548973083
0.5797151923179626
0.5252059102058411
0.5414554476737976
0.4566177725791931
0.418368935585022
0.4225066006183624
0.283059298992157
0.35171499848365784
0.3211651146411896
0.25669392943382263
0.33330732583999634
0.3427888751029968
0.27309176325798035
0.316228985786438
0.25227800011634827
0.24374233186244965
0.2905517816543579
0.36287128925323486
0.381782591342926
0.2513352632522583
0.2029188722372055
0.22816531360149384
0.2055450826883316
0.2636307179927826
0.3057383596897125
0.2541891038417816
0.27931976318359375
0.2212902456521988
0.1982562094926834
0.19390612840652466
0.19342821836471558
0.24032136797904968
0.2203783243894577
0.23707008361816406
0.18339239060878754
0.17208996415138245
0.20648321509361267
0.2185876965522766
0.20825587213039398
0.26626163721084595
0.3196708559989929
0.1580032855272293
0.22147856652736664
0.22135061025619507
0.20669031143188477
0.1544128954410553
0.1856205016374588
0.1914484053850174
0.24690043926239014
0.1941959261894226
0.26520228385925293
0.2642726004123688
0.23126107454299927
0.24962252378463745
0.2912920117378235
0.18127503991127014
no squeeze
11.889245986938477
4.096409797668457
2.047483205795288
1.1211825609207153
0.7572473883628845
0.49676162004470825
0.3526257872581482
0.2524884045124054
0.20899614691734314
0.2625758647918701
0.1199507787823677
0.11551155894994736
0.08835476636886597
0.08555888384580612
0.055375147610902786
0.09391507506370544
0.05716463178396225
0.060885317623615265
0.0706058070063591
0.05626804754137993
0.04926665872335434
0.07312114536762238
0.10405898094177246
0.059169694781303406
0.05819222331047058
0.09882460534572601
0.04112382233142853
0.026711875572800636
0.0203052069991827
0.023469140753149986
0.021543409675359726
0.05108660086989403
0.03468270227313042
0.01609964482486248
0.02114202454686165
0.01510606799274683
0.015138981863856316
0.022018028423190117
0.02523874118924141
0.024805862456560135
0.015807118266820908
0.03327840566635132
0.023990996181964874
0.009516434744000435
0.00898574199527502
0.012860091403126717
0.022937992587685585
0.020814567804336548
0.024889012798666954
0.018163273110985756
0.010927683673799038
0.012960719875991344
0.00926565658301115
0.04567970335483551
0.010051846504211426
no squeeze
10.19824504852295
4.319032192230225
2.7887561321258545
1.9877870082855225
1.418447732925415
1.083310604095459
0.8197529911994934
0.692075788974762
0.5574353933334351
0.5561742186546326
0.5330702066421509
0.3983134627342224
0.3014049232006073
0.3009505867958069
0.24488718807697296
0.22640587389469147
0.22447600960731506
0.25820279121398926
0.2994099259376526
0.22644200921058655
0.18896602094173431
0.1654507964849472
0.12943702936172485
0.20397885143756866
0.14471690356731415
0.14834058284759521
0.12537328898906708
0.08205431699752808
0.07716961950063705
0.09132922440767288
0.09551455080509186
0.07850982248783112
0.06469486653804779
0.08997639268636703
0.06064338982105255
0.06256277859210968
0.11823884397745132
0.06398631632328033
0.04990702494978905
0.06455603241920471
0.07250580191612244
0.09041905403137207
0.15622463822364807
0.12240368872880936
0.050483278930187225
0.04415220767259598
0.03169739246368408
0.029048925265669823
0.043176326900720596
0.03895081952214241
0.03732681646943092
0.02299530617892742
0.04615283012390137
0.04544208198785782
0.12017171829938889
0.11380474269390106
0.0808543711900711
0.15231117606163025
0.18109823763370514
0.04994696006178856
0.05212634056806564
0.021669739857316017
0.015582733787596226
0.018768347799777985
0.028970789164304733
0.013266537338495255
0.01864154264330864
0.03529250621795654
0.01937045156955719
0.018880203366279602
0.03872412070631981
0.02012731321156025
0.01797862909734249
0.029663825407624245
0.15924520790576935
0.07400982826948166
no squeeze
12.01207160949707
5.61544942855835
4.611236095428467
3.999099016189575
3.386357307434082
2.976069688796997
2.664510726928711
2.3159375190734863
2.0958340167999268
2.0844931602478027
1.7193504571914673
1.6505142450332642
1.4564672708511353
1.397567629814148
1.3685511350631714
1.2591208219528198
1.2289656400680542
1.1156126260757446
1.1486084461212158
0.996080756187439
0.9239198565483093
0.9280756115913391
0.8807168006896973
0.8797568678855896
0.9597645401954651
0.7513113021850586
0.7414557933807373
0.7077670097351074
0.7574775218963623
0.6279668211936951
0.6589835286140442
0.6561667919158936
0.6755667328834534
0.6143438220024109
0.5659154057502747
0.5310959815979004
0.532788872718811
0.5507274270057678
0.5033658742904663
0.4611189067363739
0.49463212490081787
0.4831816554069519
0.4871174693107605
0.46534788608551025
0.4137733578681946
0.4393922984600067
0.42434385418891907
0.42593348026275635
0.355134516954422
0.4272489547729492
0.4031762182712555
0.38622668385505676
0.38663941621780396
0.39188215136528015
0.37846988439559937
0.4409855008125305
0.33280444145202637
0.3458491861820221
0.32435160875320435
0.3535349667072296
0.3515469431877136
0.3033088147640228
0.3208974003791809
0.2928906977176666
0.36080658435821533
0.31984323263168335
0.33332934975624084
0.28880390524864197
0.31221187114715576
0.28441551327705383
0.2886384129524231
0.2808290123939514
0.3045338988304138
0.29072943329811096
0.3198690116405487
0.2840733826160431
0.28701794147491455
0.27799856662750244
0.30660489201545715
0.2619186341762543
0.266004353761673
0.23356400430202484
0.2089582234621048
0.29294589161872864
0.26305273175239563
0.25989899039268494
0.3168783187866211
0.2250194549560547
0.2943516671657562
0.2580846846103668
0.22126436233520508
0.26029786467552185
0.22171705961227417
no squeeze
13.17756462097168
4.899322509765625
3.2886247634887695
2.524622917175293
2.015505790710449
1.7038484811782837
1.5032721757888794
1.2431373596191406
1.1587456464767456
1.0220563411712646
0.9131684899330139
0.8863343000411987
0.8027030229568481
0.7965080738067627
0.7309933304786682
0.6625410318374634
0.5974379777908325
0.6722021698951721
0.5948182344436646
0.6135437488555908
0.525576651096344
0.49891161918640137
0.5214118957519531
0.5777472257614136
0.4773995578289032
0.4145464301109314
0.38397732377052307
0.3780069351196289
0.4114537239074707
0.3348260223865509
0.40155157446861267
0.3545822501182556
0.32057133316993713
0.36800023913383484
0.3354306221008301
0.3571043908596039
0.31606799364089966
0.3524169623851776
0.31710323691368103
0.27927708625793457
0.3414081633090973
0.3187929689884186
0.2869740128517151
0.28338590264320374
0.2967742383480072
0.31132206320762634
0.24082374572753906
0.2561625838279724
0.2531300187110901
0.25238001346588135
0.2573913335800171
0.2274162471294403
0.25621700286865234
0.2567042112350464
0.29352667927742004
0.3009076416492462
0.22231656312942505
0.21460099518299103
0.23797371983528137
0.20316538214683533
0.21109937131404877
0.19657759368419647
0.19216826558113098
0.22280138731002808
0.20660799741744995
0.2509707808494568
0.23485171794891357
0.16959449648857117
0.20602524280548096
0.16565340757369995
0.21392713487148285
0.21937784552574158
0.24962204694747925
0.18366070091724396
0.24350805580615997
0.1774131953716278
0.18833571672439575
0.16092504560947418
0.16544963419437408
0.19381467998027802
0.21377140283584595
0.13655997812747955
0.16946429014205933
0.164047971367836
0.17297297716140747
0.16401900351047516
0.17288769781589508
0.1584671586751938
0.15908075869083405
0.11608034372329712
0.1343185305595398
0.12821809947490692
0.14956727623939514
0.13925649225711823
0.17028479278087616
0.15228097140789032
0.13521797955036163
0.16075478494167328
0.1364244520664215
0.16161952912807465
no squeeze
4.943813800811768
1.7507641315460205
1.5763099193572998
0.9014500379562378
0.8872414827346802
0.9002587199211121
0.705703854560852
0.9432356953620911
0.6251955032348633
0.698307454586029
0.9827689528465271
1.001670241355896
0.6198909878730774
0.5940060615539551
0.5991212129592896
0.8258245587348938
0.9460697174072266
0.5904487371444702
0.6184173822402954
0.8975620865821838
0.7899366021156311
0.3677586317062378
0.7447091937065125
0.5753366351127625
0.46332746744155884
0.4383242726325989
0.8919963836669922
0.4835166037082672
0.6474288702011108
0.3570054769515991
0.34445086121559143
0.7369600534439087
0.964245080947876
0.4449639618396759
0.3434995710849762
0.2663811147212982
0.6475082039833069
0.3694738745689392
0.5166956186294556
0.623306393623352
0.3722652792930603
0.341179758310318
0.5029730796813965
0.3948192000389099
0.5569827556610107
0.4102958142757416
