no squeeze
0.6761795878410339
0.262081503868103
0.1470661461353302
0.08331126719713211
0.05184592306613922
0.03907668590545654
0.02704600617289543
0.02321658842265606
0.020309368148446083
0.01725144498050213
0.01316338125616312
0.011582775041460991
0.009503788314759731
0.009077022783458233
0.006653221324086189
0.008585124276578426
0.006641976069658995
0.006117453332990408
0.00942784734070301
0.0051490021869540215
0.004438893869519234
0.0038851173594594
0.0037375304382294416
0.005456781014800072
0.0036931901704519987
0.003099641529843211
0.0031416809652000666
0.0028785543981939554
0.0023446478880941868
0.0029819116462022066
0.0028522151987999678
0.0024210186675190926
0.002155158668756485
0.0034704951103776693
0.00276092323474586
0.005256426986306906
0.002576871309429407
0.001845531864091754
0.0031812924426048994
0.004056814592331648
0.0020961761474609375
0.002448700601235032
0.001732444390654564
0.0019272849895060062
0.0017612252850085497
0.005172934848815203
0.00290539744310081
0.00478410767391324
0.002158278366550803
0.001790442387573421
0.0012803550343960524
0.001959992339834571
0.003016906790435314
0.001263997401110828
0.0017211170634254813
0.0012040977599099278
0.0009801901178434491
0.0009592257556505501
0.0016092598671093583
0.0011634919792413712
0.0015939533477649093
0.006847932003438473
0.014295992441475391
0.00412275455892086
0.0046308645978569984
0.001583655015565455
0.0017872957978397608
0.001484158099628985
no squeeze
0.9731655120849609
0.32502812147140503
0.21105754375457764
0.13841021060943604
0.10130193084478378
0.08186093717813492
0.06633652746677399
0.05211818218231201
0.04724443331360817
0.041329845786094666
0.039109643548727036
0.04270598664879799
0.03359619155526161
0.0305903609842062
0.029611296951770782
0.023672668263316154
0.020666155964136124
0.019889792427420616
0.023755257949233055
0.02717827446758747
0.023137953132390976
0.02173715829849243
0.016488848254084587
0.01976705715060234
0.02204381674528122
0.013089727610349655
0.01674989052116871
0.013751237653195858
0.014160439372062683
0.012545770965516567
0.014130919240415096
0.014748337678611279
0.012747309170663357
0.031474221497774124
0.012431797571480274
0.011765750125050545
0.012451991438865662
0.011095679365098476
0.011035028845071793
0.0103212995454669
0.013365170918405056
0.012321297079324722
0.014430488459765911
0.009981771931052208
0.011739073321223259
0.01150333322584629
0.009876207448542118
0.01712574064731598
0.017214320600032806
0.017194371670484543
0.01277946773916483
0.01125608291476965
0.009135561063885689
0.008278864435851574
0.011928636580705643
0.008569489233195782
0.008696772158145905
0.008226301521062851
0.00970455538481474
0.010169881395995617
0.007604104932397604
0.00799588207155466
0.006759269628673792
0.008196244947612286
0.012067927978932858
0.011347735300660133
0.013108676299452782
0.009455651044845581
0.007402368355542421
0.010529701597988605
0.008435734547674656
0.010585480369627476
0.007375117391347885
no squeeze
0.7972882986068726
0.35135218501091003
0.23927146196365356
0.1816866248846054
0.1311064511537552
0.0975835844874382
0.07744321972131729
0.07085833698511124
0.061488207429647446
0.060024868696928024
0.053735554218292236
0.04228712245821953
0.03889257833361626
0.030177952721714973
0.027628907933831215
0.031138073652982712
0.03382500633597374
0.02197989635169506
0.018957074731588364
0.016830451786518097
0.016732363030314445
0.020849091932177544
0.018096134066581726
0.02290019951760769
0.013745029456913471
0.012228897772729397
0.011375480331480503
0.009178616106510162
0.011443163268268108
0.014104151166975498
0.00815801601856947
0.011154714971780777
0.0075316475704312325
0.008308029733598232
0.006925731431692839
0.007877363823354244
0.006180588621646166
0.006233654450625181
0.005760481581091881
0.005893696565181017
0.005304375197738409
0.00477592134848237
0.006028437055647373
0.005506571847945452
0.005911905784159899
0.004462331533432007
0.0050295572727918625
0.004093769006431103
0.0040327697061002254
0.004296096507459879
0.004629225470125675
0.005484173074364662
0.009455316700041294
0.007944727316498756
0.003372006583958864
0.004759630654007196
0.004127131775021553
0.003139820182695985
0.0038818535394966602
0.003014991758391261
0.003768227295950055
0.003054247470572591
0.003006362123414874
0.0032734256237745285
0.002962173195555806
0.004471699707210064
0.004786456935107708
0.0037098259199410677
0.0037199072539806366
0.007885465398430824
0.008786913007497787
0.004383274354040623
0.0026311089750379324
0.0035872014705091715
0.004712553694844246
0.001935164793394506
0.001768599497154355
0.0017867262940853834
0.0017941874684765935
0.0016227986197918653
0.005517240148037672
0.004010187461972237
0.006471747532486916
0.0022099940106272697
0.002486700192093849
0.0018285732949152589
0.0014899785164743662
0.0014163957675918937
0.0013934541493654251
0.0017173527739942074
0.0013911719433963299
0.0011816665064543486
0.0027604338247328997
0.001709591830149293
0.00157522177323699
0.0012515485286712646
0.0012778252130374312
0.0018110169330611825
0.0013726622564718127
0.0013881823979318142
0.0012182677164673805
0.0023279539309442043
no squeeze
0.7982797026634216
0.41624385118484497
0.3499741852283478
0.29626864194869995
0.2631872296333313
0.23009297251701355
0.2070039063692093
0.19136188924312592
0.17337997257709503
0.16229836642742157
0.1494758427143097
0.1428067684173584
0.13430149853229523
0.1289246678352356
0.12120160460472107
0.11472569406032562
0.11010424792766571
0.10758605599403381
0.10026153177022934
0.09962967783212662
0.09249288588762283
0.09056161344051361
0.08967377990484238
0.08381747454404831
0.08430241793394089
0.0803157314658165
0.079522043466568
0.07412953674793243
0.07198526710271835
0.07118615508079529
0.06820385158061981
0.07044580578804016
0.06532992422580719
0.06373733282089233
0.0637383833527565
0.060783982276916504
0.05966570973396301
0.0573357529938221
0.05862777307629585
0.05524823069572449
0.05393330007791519
0.05390844866633415
0.053181491792201996
0.05437245965003967
0.05198143795132637
0.052683476358652115
0.05072110891342163
0.05161338672041893
0.04897494614124298
0.04967169463634491
0.046411361545324326
0.05083507299423218
0.0466620996594429
0.047575853765010834
0.04460664093494415
0.047728199511766434
0.044120073318481445
0.04355581849813461
0.043638262897729874
0.04334056377410889
0.04301395267248154
0.041092243045568466
0.04217654839158058
0.041958242654800415
0.041055236011743546
0.04295716434717178
0.039332468062639236
0.03926849365234375
0.038336921483278275
0.039585914462804794
0.04122350364923477
0.037812042981386185
0.03704353794455528
0.037548571825027466
0.03973732143640518
0.03749822825193405
0.03565447777509689
0.03726975619792938
0.03624158725142479
0.036604393273591995
0.03743961825966835
0.03547680377960205
0.03620576485991478
0.035839665681123734
0.036733198910951614
0.03556699678301811
0.03441635146737099
0.03670712932944298
0.03449840843677521
0.035149529576301575
0.03401079773902893
0.03436131402850151
0.034812334924936295
0.03432345390319824
0.03541136533021927
0.03463771566748619
0.03394065424799919
0.03382962569594383
0.03450248762965202
0.03394841030240059
0.03342506289482117
0.03244917467236519
0.034844957292079926
0.0331396609544754
0.03341661021113396
0.03336554393172264
0.032324064522981644
0.03341742977499962
0.032814908772706985
0.03270474821329117
0.03515790402889252
0.0330180898308754
0.032600339502096176
0.0345369428396225
0.032741956412792206
0.0322212278842926
0.03194008022546768
0.03241626173257828
0.03072301670908928
0.030658075585961342
0.03093257173895836
0.03100384585559368
0.030913513153791428
0.031025409698486328
0.030806975439190865
0.03146468102931976
0.03070686385035515
0.029944460839033127
0.03143821284174919
0.03057360276579857
0.03206221014261246
0.03158397600054741
0.030565481632947922
0.03141629695892334
0.029856504872441292
0.03128085657954216
0.0302273016422987
0.029872918501496315
0.030785949900746346
0.03051794320344925
0.03078765980899334
0.03008512407541275
0.028980834409594536
0.030390607193112373
0.029982440173625946
0.029237419366836548
0.029596712440252304
0.029905566945672035
0.0305489469319582
0.030419709160923958
0.029328173026442528
0.029944565147161484
0.030024243518710136
no squeeze
0.8289289474487305
0.37000906467437744
0.27051660418510437
0.21321110427379608
0.17862264811992645
0.15538658201694489
0.13137786090373993
0.12389347702264786
0.11370190978050232
0.10378432273864746
0.09181289374828339
0.08259863406419754
0.08523757755756378
0.0740872323513031
0.06884325295686722
0.06629034876823425
0.06141500920057297
0.05514112859964371
0.05462542921304703
0.0565277636051178
0.05161998048424721
0.048786211758852005
0.04615344852209091
0.0439109168946743
0.04278269410133362
0.04286951944231987
0.04087425768375397
0.043625589460134506
0.050052084028720856
0.038176197558641434
0.03561943396925926
0.034712061285972595
0.03613530844449997
0.034295495599508286
0.03423341363668442
0.03199586272239685
0.031176304444670677
0.03068135678768158
0.032200124114751816
0.030194589868187904
0.02887915074825287
0.030084192752838135
0.029293084517121315
0.02655782550573349
0.027516772970557213
0.025444447994232178
0.025480298325419426
0.025805586948990822
0.025718199089169502
0.023829495534300804
0.025390231981873512
0.02379036322236061
0.024124078452587128
0.023642053827643394
0.024840904399752617
0.022919030860066414
0.02312876097857952
0.022542499005794525
0.02305883914232254
0.02248278446495533
0.02336924895644188
0.023596689105033875
0.02273053675889969
0.021313248202204704
0.020557023584842682
0.021307002753019333
0.020456446334719658
0.019870752468705177
0.020220156759023666
0.01926659233868122
0.019144687801599503
0.018773414194583893
0.019889583811163902
0.019781792536377907
0.021072877570986748
0.019888726994395256
0.01917678862810135
0.020217815414071083
0.02061234787106514
0.01807180978357792
0.017640329897403717
0.01672305539250374
0.017892900854349136
0.020721083506941795
0.018502159044146538
0.020643793046474457
0.01780719682574272
0.016380764544010162
0.01728077419102192
0.017012275755405426
0.01760118454694748
0.016408385708928108
0.01756962202489376
0.016579732298851013
0.018494170159101486
0.017642511054873466
0.017031528055667877
0.01604595221579075
0.015352143906056881
0.016735436394810677
0.015074729919433594
0.015776341781020164
0.015202788636088371
0.01639535278081894
0.01650565303862095
0.014820994809269905
0.016235988587141037
0.015757646411657333
0.0158685352653265
0.015915371477603912
0.01630694605410099
0.01618361845612526
0.01617838442325592
0.014396438375115395
0.015075323171913624
0.013705426827073097
0.014566157013177872
0.014388302341103554
0.013916156254708767
0.015891702845692635
0.01588885299861431
0.014124125242233276
0.014730832539498806
0.016185391694307327
0.01411321759223938
0.01329816598445177
0.013095824979245663
0.013357063755393028
0.013682792894542217
0.013480812311172485
0.013494779355823994
0.014582883566617966
0.01291703525930643
0.013243939727544785
0.014006382785737514
0.014677022583782673
0.014334652572870255
0.014220276847481728
0.01516046468168497
0.014656633138656616
0.012578489258885384
0.014122946187853813
0.01640409044921398
0.01338045671582222
0.014440728351473808
0.012797235511243343
0.0150655722245574
0.013833384960889816
0.012896121479570866
0.012756846845149994
0.012290176935493946
0.013549664057791233
0.012188716791570187
0.012978139333426952
0.013065757229924202
0.01325171533972025
0.013300133869051933
0.013281521387398243
0.014354710467159748
0.011867011897265911
0.012101855129003525
0.013771613128483295
0.01195025909692049
0.012835265137255192
0.012061317451298237
0.014071487821638584
0.01454592403024435
0.012462087906897068
0.011893563903868198
0.012255141511559486
no squeeze
0.6915391683578491
0.28749942779541016
0.19132742285728455
0.12959322333335876
0.10498636215925217
0.09126408398151398
0.12381142377853394
0.09220972657203674
0.09282271564006805
0.09044934809207916
0.08471197634935379
0.07740189880132675
0.08001529425382614
0.07377593219280243
0.07383258640766144
0.07320433109998703
0.07809865474700928
0.1037994921207428
0.08357357978820801
0.07088761776685715
0.0888177752494812
0.08479286730289459
0.07312087714672089
0.08028137683868408
0.07827547192573547
0.07544633001089096
0.09155146032571793
0.11352069675922394
0.08169860392808914
0.09474688023328781
