no squeeze
116.23533630371094
40.453514099121094
33.11857986450195
20.329614639282227
18.549156188964844
14.05739974975586
13.279629707336426
11.055815696716309
10.642768859863281
9.395413398742676
9.152377128601074
8.412130355834961
8.260912895202637
7.814468860626221
7.7203874588012695
7.450767517089844
7.3975982666015625
7.231099605560303
7.195956230163574
7.097031593322754
7.081409931182861
7.016888618469238
7.0059332847595215
6.960851669311523
6.963528633117676
6.9331231117248535
6.929758071899414
6.901790618896484
6.907620429992676
6.8884992599487305
6.877336025238037
6.8669514656066895
6.868213176727295
6.863148212432861
6.858155727386475
6.853455543518066
6.846628189086914
6.840032577514648
6.839596271514893
6.84419059753418
6.83637809753418
6.830255508422852
6.826143264770508
6.829187870025635
6.830170154571533
6.831392288208008
no squeeze
115.14894104003906
43.4941291809082
34.12826156616211
20.046062469482422
18.354644775390625
14.01127815246582
13.225500106811523
10.891716003417969
10.443948745727539
9.070643424987793
8.788697242736816
7.926718235015869
7.748708724975586
7.208546161651611
7.098362445831299
6.751999855041504
6.681931495666504
6.46804141998291
6.429405689239502
6.265169143676758
6.235714435577393
6.142013072967529
6.1220221519470215
6.06093168258667
6.044009685516357
5.998934268951416
5.992622375488281
5.965758800506592
5.958245754241943
5.946402549743652
5.939613342285156
5.92431640625
5.923936367034912
5.920271873474121
5.916599273681641
5.911888122558594
5.908631324768066
5.912350177764893
5.908175945281982
5.903095722198486
5.9001145362854
5.901750564575195
5.89730167388916
5.901795864105225
5.897178649902344
5.899641990661621
5.903152942657471
5.901895046234131
no squeeze
118.34882354736328
46.512027740478516
36.1768798828125
19.483173370361328
17.6138973236084
12.869454383850098
12.018235206604004
9.431262969970703
8.894902229309082
7.114058017730713
6.724551677703857
5.402401447296143
5.103955268859863
4.105022430419922
3.8764398097991943
3.12713360786438
2.9635062217712402
2.427866220474243
2.312814235687256
1.9397236108779907
1.858976125717163
1.599593997001648
1.5437226295471191
1.3597439527511597
1.319892406463623
1.1873668432235718
1.1592206954956055
1.0630865097045898
1.0425083637237549
0.9730414748191833
0.9571216106414795
0.9065945148468018
0.8942100405693054
0.8547056913375854
0.8448994755744934
0.8154413104057312
0.8077486157417297
0.7846059799194336
0.7790486216545105
0.7619116306304932
0.7579179406166077
0.7433623671531677
0.7411562204360962
0.730373740196228
0.7276729345321655
0.7182410955429077
0.7166348099708557
0.7088428139686584
0.7078019976615906
0.7014594674110413
0.700240969657898
0.6951825618743896
0.6940507292747498
0.689351499080658
0.6887468099594116
0.6845883131027222
0.6839541792869568
0.6808469295501709
0.6799041032791138
0.6770579814910889
0.6764100790023804
0.6740058064460754
0.6735631227493286
0.6710461974143982
0.6705160140991211
0.6692189574241638
0.6684558391571045
0.666032612323761
0.6656557321548462
0.6647699475288391
0.6643384099006653
0.6625652313232422
0.66251540184021
0.6608691811561584
0.6603742837905884
0.6594715118408203
0.6593713164329529
0.6582067608833313
0.6576375365257263
0.6564112305641174
0.6562175154685974
0.6557378768920898
0.6552156209945679
0.654607355594635
0.6538943648338318
0.6534651517868042
0.6533598899841309
0.6525390148162842
0.6526087522506714
0.6528224945068359
no squeeze
118.78278350830078
93.90044403076172
85.88126373291016
54.29873275756836
48.56016540527344
37.54194641113281
36.028751373291016
31.88561248779297
31.09210205078125
28.58336067199707
28.040695190429688
26.247753143310547
25.84437370300293
24.458927154541016
24.133190155029297
23.02591896057129
22.765043258666992
21.849645614624023
21.624391555786133
20.839841842651367
20.650297164916992
19.99083709716797
19.81819725036621
19.23933982849121
19.09239959716797
18.572673797607422
18.446372985839844
17.99088478088379
17.867671966552734
17.448293685913086
17.330909729003906
16.93890380859375
16.83336067199707
16.46735191345215
16.365772247314453
16.013280868530273
15.9182710647583
15.585638999938965
15.494587898254395
15.16921329498291
15.070293426513672
14.772789001464844
14.672553062438965
14.358875274658203
14.261311531066895
13.953313827514648
13.87807559967041
13.560708999633789
13.480348587036133
13.18529224395752
13.11316204071045
12.817536354064941
12.743575096130371
12.469202995300293
12.395174980163574
12.11420726776123
12.042876243591309
11.790112495422363
11.72118854522705
11.466509819030762
11.399066925048828
11.181142807006836
11.108393669128418
10.889211654663086
10.832833290100098
10.629402160644531
10.577034950256348
10.397648811340332
10.353134155273438
10.191901206970215
10.143768310546875
9.993894577026367
9.954090118408203
9.827657699584961
9.7912015914917
9.687714576721191
9.646550178527832
9.546977996826172
9.517449378967285
9.437915802001953
9.409393310546875
9.333088874816895
9.30727767944336
9.236160278320312
9.22046947479248
9.167158126831055
9.145832061767578
9.087306022644043
9.071878433227539
9.03707218170166
9.014049530029297
8.970623016357422
8.95956039428711
8.924088478088379
8.913466453552246
8.878326416015625
8.864813804626465
8.830961227416992
8.82271671295166
8.80396556854248
8.79294490814209
8.766427993774414
8.756887435913086
8.734993934631348
8.723368644714355
8.694498062133789
8.691804885864258
8.674952507019043
8.665566444396973
8.64277172088623
8.639610290527344
8.620580673217773
8.610577583312988
8.59347915649414
8.588913917541504
8.564995765686035
8.560552597045898
8.54711627960205
8.548139572143555
8.526628494262695
8.523837089538574
8.509810447692871
8.495546340942383
8.478964805603027
8.469470977783203
8.454424858093262
8.454183578491211
8.442164421081543
8.446301460266113
8.418551445007324
8.412745475769043
8.397964477539062
8.391112327575684
8.36823844909668
8.371606826782227
8.353546142578125
8.351862907409668
8.338811874389648
8.330760955810547
8.320734977722168
8.312211990356445
8.29768180847168
8.297006607055664
8.278951644897461
8.276741981506348
8.26488208770752
8.261143684387207
8.24144172668457
8.231424331665039
8.221418380737305
8.219728469848633
8.20642375946045
8.195942878723145
8.186871528625488
8.185014724731445
8.164926528930664
8.163005828857422
8.157959938049316
8.150406837463379
8.140830039978027
8.135852813720703
8.126568794250488
8.112006187438965
8.100589752197266
8.104878425598145
8.085433006286621
8.090743064880371
8.070048332214355
8.070113182067871
8.058884620666504
8.058586120605469
8.044707298278809
8.035876274108887
8.0320463180542
8.027946472167969
8.01852035522461
8.012505531311035
8.001311302185059
8.009786605834961
7.9871721267700195
7.984250545501709
7.977505683898926
7.977356910705566
7.9607038497924805
7.961798191070557
7.955578327178955
7.950719356536865
7.93484354019165
7.939556121826172
7.924469947814941
7.921548366546631
7.907649040222168
7.925276279449463
7.923410415649414
no squeeze
117.44584655761719
66.16592407226562
58.50021743774414
40.4351692199707
37.556434631347656
29.97182273864746
28.65677261352539
24.90178680419922
24.171293258666992
21.923288345336914
21.436744689941406
19.835031509399414
19.475749969482422
18.233562469482422
17.943822860717773
16.93437385559082
16.702482223510742
15.890742301940918
15.683638572692871
15.008647918701172
14.845993041992188
14.26884937286377
14.13457202911377
13.662806510925293
13.54868221282959
13.130152702331543
13.023730278015137
12.668609619140625
12.577457427978516
12.29687213897705
12.209090232849121
11.937665939331055
11.861152648925781
11.619396209716797
11.562769889831543
11.353272438049316
11.302781105041504
11.124629974365234
11.076227188110352
10.908454895019531
10.863992691040039
10.725367546081543
10.699893951416016
10.57919979095459
10.542742729187012
10.438566207885742
10.406801223754883
10.327500343322754
10.301023483276367
10.220931053161621
10.200843811035156
10.130002975463867
10.11532211303711
10.061287879943848
10.053024291992188
10.006312370300293
9.989114761352539
9.952526092529297
9.935985565185547
9.902207374572754
9.891852378845215
9.865625381469727
9.851968765258789
9.830437660217285
9.818099975585938
9.786388397216797
9.782002449035645
9.759652137756348
9.754300117492676
9.733160972595215
9.731413841247559
9.712944984436035
9.712099075317383
9.690042495727539
9.686006546020508
9.670793533325195
9.668539047241211
9.648395538330078
9.650923728942871
9.634703636169434
9.633347511291504
9.62206745147705
9.627018928527832
9.603059768676758
9.600071907043457
9.591721534729004
9.587462425231934
9.584447860717773
9.587211608886719
9.564454078674316
9.568185806274414
9.567111015319824
no squeeze
116.43102264404297
28.580129623413086
26.57534408569336
24.185550689697266
24.038188934326172
23.813241958618164
23.81845474243164
23.797527313232422
23.794803619384766
23.788311004638672
23.770362854003906
23.776315689086914
23.780527114868164
23.779077529907227
