no squeeze
1.1304961442947388
0.37073370814323425
0.148228257894516
0.06841546297073364
0.034708596765995026
0.019115770235657692
0.01139103714376688
0.007808403577655554
0.004833538085222244
0.004464858211576939
0.002591789700090885
0.0031722213607281446
0.0015173752326518297
0.0017262776382267475
0.0014070800971239805
0.0013675543013960123
0.0011438499204814434
0.001049612881615758
0.000762338750064373
0.0007663074065931141
0.0007801636238582432
0.0009156246087513864
0.000664249702822417
0.0006197058828547597
0.0007218022365123034
0.000814947416074574
0.00044038626947440207
0.000681642850395292
0.0004035315942019224
0.0003566215164028108
0.00036531456862576306
0.0007944455137476325
0.00037347865873016417
0.00031380675500258803
0.0001655590458540246
0.0002230214886367321
0.00016067591786850244
0.00012238752970006317
0.0001137567451223731
0.0001568969018990174
0.0003268907021265477
0.0004595673526637256
0.0005866468418389559
0.00034713713102974
0.00021879053383599967
0.00016522782971151173
0.0005016698851250112
0.0001337233406957239
0.0001892440632218495
no squeeze
1.4480335712432861
0.5822485089302063
0.33000871539115906
0.2240924835205078
0.1694081872701645
0.1394544392824173
0.122165247797966
0.09476442635059357
0.08382010459899902
0.10638381540775299
0.08742077648639679
0.084282785654068
0.07021395117044449
0.06223323568701744
0.06251899152994156
0.06424784660339355
0.05475028604269028
0.055384859442710876
0.06254883855581284
0.058849774301052094
0.05871742591261864
0.06695672869682312
0.05849439278244972
0.053191184997558594
0.05003939941525459
0.04826046898961067
0.0556214265525341
0.048866454511880875
0.051527563482522964
0.04323351010680199
0.0431026965379715
0.04420080780982971
0.04757619649171829
0.04625904560089111
0.043708737939596176
0.04371931031346321
0.04587254300713539
0.04402586817741394
0.04278635233640671
0.04180268198251724
0.048320796340703964
0.04337168484926224
0.06036238372325897
0.04703829064965248
0.049703966826200485
0.0519113689661026
0.05668242648243904
0.039698462933301926
0.038669705390930176
0.038157619535923004
0.04060531407594681
0.051074884831905365
0.04421770200133324
0.044446565210819244
0.045963261276483536
0.03922032192349434
0.04282550886273384
0.04358558729290962
0.047811634838581085
0.051595691591501236
no squeeze
1.6252788305282593
0.5703924894332886
0.37174877524375916
0.24775943160057068
0.15961049497127533
0.1196066364645958
0.09113650768995285
0.06609059125185013
0.05678176134824753
0.044175781309604645
0.03444798290729523
0.03286212682723999
0.025493672117590904
0.019952481612563133
0.018906839191913605
0.014387387782335281
0.01038326881825924
0.017511995509266853
0.009701978415250778
0.00769937364384532
0.006362120620906353
0.011442290619015694
0.007170800119638443
0.005934542044997215
0.0052687060087919235
0.004391943570226431
0.003934664186090231
0.0033735621254891157
0.0030814597848802805
0.0031807594932615757
0.003326807403936982
0.0025141295045614243
0.0018895583925768733
0.002006233436986804
0.0025678519159555435
0.0018154241843149066
0.0018326053395867348
0.002668161876499653
0.001814522547647357
0.0014394220197573304
0.0017436582129448652
0.0020529599860310555
0.0021020134445279837
0.001800226280465722
0.001793709467165172
0.002045066561549902
0.002630243543535471
0.0013070139102637768
0.0018118273001164198
0.002039165236055851
0.0028213446494191885
0.002385205589234829
0.0010063290828838944
0.0009149869438260794
0.0006193487206473947
0.0006326160510070622
0.0005824160180054605
0.0006067673093639314
0.0005629961378872395
0.0006069399532862008
0.0006903543253429234
0.0008742937934584916
0.0007838379242457449
0.0009178241598419845
0.0008287237142212689
0.0010232389904558659
0.001805375679396093
0.0034471533726900816
0.004701189696788788
no squeeze
1.178186297416687
0.6760916113853455
0.5388826131820679
0.4505062699317932
0.3899981379508972
0.33925989270210266
0.3047895133495331
0.2746823728084564
0.24594348669052124
0.22804532945156097
0.21308648586273193
0.19912089407444
0.1854667067527771
0.17205317318439484
0.1686665266752243
0.15617887675762177
0.15161167085170746
0.14959727227687836
0.13647980988025665
0.13285161554813385
0.13576199114322662
0.11987927556037903
0.11481786519289017
0.11477568000555038
0.11694961041212082
0.108625128865242
0.09929314255714417
0.10229268670082092
0.09671887010335922
0.09169726818799973
0.09072735160589218
0.08906859904527664
0.0844486802816391
0.08195813000202179
0.07824591547250748
0.08328026533126831
0.07840991765260696
0.07510378956794739
0.07320713996887207
0.06972935795783997
0.07494713366031647
0.06811400502920151
0.0689840018749237
0.06708089262247086
0.05941944569349289
0.06446359306573868
0.060845084488391876
0.059881750494241714
0.058872681111097336
0.05783325806260109
0.05835460498929024
0.05608421191573143
0.058563362807035446
0.053917087614536285
0.05077386647462845
0.05344446748495102
0.0515209436416626
0.053390420973300934
0.054703488945961
0.049246449023485184
0.04995187371969223
0.05564682185649872
0.049216315150260925
0.04872714728116989
0.049864061176776886
0.04772239550948143
0.04576282948255539
0.04800533875823021
0.04642542079091072
0.04754169285297394
0.04798002168536186
0.04593699797987938
0.04989094287157059
0.04518740996718407
0.04522935301065445
0.04666958376765251
0.04470475763082504
0.04349385201931
0.04358288645744324
0.04138211905956268
0.041729915887117386
0.03994005545973778
0.04039504751563072
0.04141617193818092
0.04078434035181999
0.041297897696495056
0.040607839822769165
0.03890467435121536
0.039894651621580124
0.03974968194961548
0.03851966932415962
0.0403740219771862
0.0375901535153389
0.039842765778303146
0.03809245303273201
0.03919818624854088
0.03810332342982292
0.03922974690794945
0.03765537217259407
0.041176047176122665
0.04254399240016937
0.038191936910152435
0.03730717673897743
0.0407780222594738
0.039991553872823715
0.040515005588531494
0.04001089930534363
0.03763210400938988
0.03816831856966019
0.04015442728996277
0.03690309450030327
0.03678164631128311
0.03608771413564682
0.036119494587183
0.03705409914255142
0.035776104778051376
0.03767574951052666
0.03843959420919418
0.03628705441951752
0.035594526678323746
0.037130746990442276
0.036767370998859406
0.034063056111335754
0.037577297538518906
0.03485475108027458
0.03762093931436539
0.03529245778918266
0.03312961012125015
0.03371556103229523
0.033313505351543427
0.03298439458012581
0.03396982699632645
0.03359668329358101
0.03559374064207077
0.04084036499261856
0.03610839322209358
0.033209674060344696
0.03328181058168411
0.0326637402176857
0.032540954649448395
0.03356780484318733
0.03248589485883713
0.03258207067847252
0.03218042105436325
0.03477630391716957
0.03709191828966141
0.03189583122730255
0.036455895751714706
0.03322611749172211
0.03229812905192375
0.031834665685892105
0.03233986347913742
0.03164828568696976
0.031792234629392624
0.03324538841843605
0.031109916046261787
0.030932649970054626
0.03612105920910835
0.032319627702236176
0.03092273883521557
0.03278559073805809
0.031613174825906754
0.031074756756424904
0.032194554805755615
0.03143765404820442
0.02975001186132431
0.032258011400699615
0.029987376183271408
0.03305025026202202
0.03388391435146332
0.03114285320043564
0.03004566766321659
0.03068413957953453
0.03147409111261368
0.03175533562898636
0.03140264004468918
no squeeze
1.0839956998825073
0.48792198300361633
0.3449040651321411
0.2785404920578003
0.21029841899871826
0.17706915736198425
0.14942847192287445
0.13422124087810516
0.11855761706829071
0.10637791454792023
0.09730195999145508
0.08641039580106735
0.07930408418178558
0.07569130510091782
0.06859511882066727
0.06410248577594757
0.06935355812311172
0.0594179704785347
0.05578869208693504
0.054295070469379425
0.05053923651576042
0.051324520260095596
0.04619690030813217
0.04502879083156586
0.045887719839811325
0.044433172792196274
0.03953325003385544
0.04079827293753624
0.041948676109313965
0.04280121996998787
0.03673399239778519
0.04141142964363098
0.03836081549525261
0.03465517982840538
0.038685932755470276
0.03378865495324135
0.03319428488612175
0.030872242525219917
0.031111150979995728
0.031090039759874344
0.030590534210205078
0.029323840513825417
0.027493098750710487
0.031542204320430756
0.029934901744127274
0.029501181095838547
0.028950201347470284
0.03232715278863907
0.025253944098949432
0.025170737877488136
0.0277110505849123
0.029311329126358032
0.026070736348628998
0.028756530955433846
0.026161562651395798
0.025698134675621986
0.027190862223505974
0.023778213188052177
0.02593150921165943
0.024966208264231682
0.02539808489382267
0.023206952959299088
0.026301123201847076
0.02406095154583454
0.022889235988259315
0.020825546234846115
0.022630173712968826
0.0219263955950737
0.021077759563922882
0.021778296679258347
0.022835468873381615
0.023516669869422913
0.020468996837735176
0.02259415201842785
0.01956946589052677
0.01928471215069294
0.021564166992902756
0.020057570189237595
0.019184516742825508
0.020942186936736107
0.019365990534424782
0.020629197359085083
0.022251969203352928
0.01967751421034336
0.01964927650988102
0.018780283629894257
0.0197307076305151
0.017121408134698868
0.020989099517464638
0.020311210304498672
0.01799382083117962
0.018333591520786285
0.020095104351639748
0.021144000813364983
0.02036208286881447
0.0183398574590683
0.01788485236465931
0.017505325376987457
no squeeze
1.1862285137176514
0.4262271821498871
0.2524024546146393
0.19530856609344482
0.17026816308498383
0.14489248394966125
0.17540273070335388
0.1616663634777069
0.1033712774515152
0.14109626412391663
0.11615212261676788
0.10051767528057098
0.17105884850025177
0.1166735589504242
0.1725667417049408
0.08997436612844467
0.1322009116411209
0.1516873687505722
0.0831569954752922
0.10874477028846741
0.12037821114063263
0.09773241728544235
0.08898591250181198
0.10641995817422867
0.10217241197824478
0.10437101870775223
0.12328993529081345
0.08864682912826538
0.10073284804821014
