no squeeze
18.781816482543945
4.530826091766357
2.2711875438690186
1.7407557964324951
1.3828133344650269
1.359444499015808
1.146222472190857
1.4292082786560059
1.2343207597732544
1.2749440670013428
1.020090937614441
1.0158101320266724
1.3492398262023926
1.205562710762024
1.0238679647445679
1.1556187868118286
0.9491376280784607
1.0667839050292969
0.8852980136871338
0.7787490487098694
1.1335855722427368
1.1821955442428589
0.9690861701965332
1.018662691116333
1.0308642387390137
1.0873045921325684
0.9613440632820129
1.1879054307937622
1.1706466674804688
0.8444942235946655
no squeeze
23.549739837646484
5.48576545715332
2.6617612838745117
1.9858590364456177
1.9571733474731445
1.7197552919387817
1.3522135019302368
1.7670772075653076
1.3949912786483765
1.20012629032135
1.3936750888824463
1.2254546880722046
1.1086078882217407
1.2374821901321411
1.384060025215149
1.2043627500534058
1.0132102966308594
1.351029872894287
0.9915364980697632
1.1122888326644897
0.9493388533592224
0.9064517617225647
1.1934791803359985
0.8981800675392151
0.9718896150588989
1.3873287439346313
1.1297186613082886
0.8435465097427368
1.0649393796920776
1.2020843029022217
1.3258508443832397
1.0702273845672607
1.1562366485595703
0.883425235748291
0.9752520322799683
0.7935391068458557
0.9471403956413269
1.2108266353607178
0.8044669032096863
0.9557291269302368
0.7368091940879822
0.8508667349815369
0.8961464166641235
0.8784083724021912
0.8549836277961731
0.9745618104934692
0.8734578490257263
0.8781192302703857
0.9272969961166382
0.9165637493133545
1.0687404870986938
no squeeze
26.879764556884766
9.670768737792969
5.8600945472717285
4.113157272338867
3.393115520477295
2.6414718627929688
2.3647968769073486
2.378509044647217
2.224241018295288
1.8158458471298218
2.007089853286743
2.063973903656006
2.1919188499450684
2.133448839187622
1.9965437650680542
1.7618598937988281
2.2883472442626953
1.853872299194336
1.3729417324066162
1.479864478111267
1.9996639490127563
2.0164296627044678
2.113438367843628
1.902670979499817
2.1078999042510986
1.4182418584823608
1.6348106861114502
1.4189256429672241
1.470893144607544
no squeeze
26.097463607788086
8.919229507446289
5.630431175231934
4.172238826751709
3.353875160217285
2.8593246936798096
2.4732372760772705
2.1072049140930176
1.9515602588653564
1.9843519926071167
1.7504732608795166
1.610518217086792
1.6016348600387573
1.4748605489730835
1.555748701095581
1.4103325605392456
1.3744730949401855
1.320273756980896
1.251676321029663
1.2736084461212158
1.305828332901001
1.2122126817703247
1.0753540992736816
1.1544811725616455
1.2055398225784302
1.1569981575012207
1.090165615081787
1.156099557876587
1.074355125427246
1.1553248167037964
1.079519510269165
0.9831350445747375
1.092154622077942
0.9516799449920654
0.9003748893737793
0.9670622944831848
1.0572423934936523
0.9167483448982239
0.8896252512931824
0.9107428193092346
0.9806556105613708
0.940273642539978
0.8611780405044556
0.8471760749816895
0.9100164175033569
0.8744140267372131
0.8050840497016907
0.7979202270507812
0.8466916680335999
0.7846102714538574
0.8593172430992126
0.732047975063324
0.8407829403877258
0.7972148656845093
0.7486481666564941
0.7396324276924133
0.7025638818740845
0.7759580016136169
0.7927690744400024
0.8068984150886536
0.7671553492546082
0.7983842492103577
0.7191701531410217
0.6774502992630005
0.6944694519042969
0.6231738924980164
0.73075270652771
0.825964093208313
0.7150255441665649
0.7231616973876953
0.7046849727630615
0.6051669716835022
0.6431795358657837
0.7857862710952759
0.7041423320770264
0.65586918592453
0.6757042407989502
0.6251881718635559
0.643997311592102
0.5778595805168152
0.6302228569984436
0.6228982210159302
0.5803198218345642
0.5898735523223877
0.6425405144691467
0.5865388512611389
0.5595523118972778
0.6137001514434814
0.6340242624282837
0.5778331756591797
0.5870485901832581
0.5771971344947815
0.553977370262146
0.5686883330345154
0.47818899154663086
0.5220232605934143
0.5681376457214355
0.587236762046814
0.46663540601730347
0.48909708857536316
0.5249941945075989
0.48512744903564453
0.45269671082496643
0.5230541825294495
0.526228129863739
0.4797969162464142
0.48953256011009216
0.48753467202186584
0.5067786574363708
0.45886528491973877
0.4903063178062439
0.49967581033706665
0.47548314929008484
no squeeze
23.797269821166992
7.588655471801758
4.404214859008789
3.2207212448120117
2.6064720153808594
2.408453941345215
1.8905328512191772
1.779822826385498
1.686992883682251
1.6187950372695923
1.4840296506881714
1.3648704290390015
1.2856018543243408
1.2141704559326172
1.291695475578308
1.150918960571289
1.1581394672393799
1.0777589082717896
1.1188563108444214
1.0410234928131104
0.9357482194900513
0.8593606352806091
0.9770334362983704
0.8679242730140686
0.9251453280448914
0.8329139947891235
1.037552833557129
0.922939121723175
0.8770140409469604
0.9587180614471436
0.8069560527801514
0.8647385835647583
0.7822224497795105
0.8687024712562561
0.8292906880378723
0.9386831521987915
0.6902372241020203
0.8200514316558838
0.8906235098838806
0.8060622215270996
0.8038531541824341
0.7506757974624634
0.7654592394828796
0.7637855410575867
0.7133868932723999
0.7354385256767273
0.7049045562744141
no squeeze
15.223682403564453
3.023315906524658
2.2263553142547607
1.3897325992584229
1.8431739807128906
1.9885555505752563
1.9003099203109741
2.2503907680511475
1.7691941261291504
0.9621250033378601
1.3550944328308105
1.6052976846694946
1.5972797870635986
1.0382115840911865
2.2000951766967773
1.5010961294174194
1.6690394878387451
1.5729472637176514
1.9933832883834839
1.230999231338501
