no squeeze
34.04749298095703
5.59621000289917
4.362110137939453
2.2175135612487793
1.9492908716201782
1.3120347261428833
1.209427833557129
0.9360942840576172
0.8879269957542419
0.7545884251594543
0.7300426959991455
0.6601183414459229
0.6474907398223877
0.6097469329833984
0.6032025814056396
0.5798696875572205
0.5758763551712036
0.5603837966918945
0.5572383403778076
0.5474868416786194
0.5464379787445068
0.5388820767402649
0.5376265645027161
0.5321385264396667
0.530617356300354
0.5278701186180115
0.5269811749458313
0.5248849987983704
0.5241157412528992
0.5227205753326416
0.5227287411689758
0.5217074155807495
0.5202582478523254
0.5204386115074158
0.5203090310096741
0.5192411541938782
0.5197096467018127
0.5187664031982422
0.5203849673271179
0.5201393365859985
no squeeze
35.33564758300781
8.555910110473633
6.909631729125977
4.179620742797852
3.835376739501953
3.0297348499298096
2.9072039127349854
2.5889968872070312
2.5354413986206055
2.397552251815796
2.3724071979522705
2.3036839962005615
2.2900960445404053
2.2564139366149902
2.2457258701324463
2.22042179107666
2.214879274368286
2.1992900371551514
2.1979615688323975
2.1848607063293457
2.1846818923950195
2.176370859146118
2.1774861812591553
2.170175790786743
2.1749348640441895
2.1678006649017334
2.1647326946258545
2.167417287826538
2.1649186611175537
2.1620681285858154
2.159949779510498
2.1611597537994385
2.161055326461792
2.1635689735412598
no squeeze
35.044837951660156
10.946393966674805
8.530760765075684
4.3319854736328125
3.758608341217041
2.4497058391571045
2.2403275966644287
1.656882405281067
1.5484163761138916
1.2094391584396362
1.139809250831604
0.9174177646636963
0.8656790852546692
0.6930952668190002
0.6580442786216736
0.5424320697784424
0.5132806897163391
0.4242417514324188
0.40449896454811096
0.3429926037788391
0.3281824290752411
0.28309017419815063
0.27315855026245117
0.24125364422798157
0.23401297628879547
0.2113904505968094
0.2061053216457367
0.1891590654850006
0.18584978580474854
0.17448171973228455
0.1720477193593979
0.16310204565525055
0.16113032400608063
0.15490050613880157
0.15325459837913513
0.14804401993751526
0.14672736823558807
0.1424766629934311
0.14167886972427368
0.13863851130008698
0.13754357397556305
0.13476991653442383
0.13401730358600616
0.13150736689567566
0.1310998797416687
0.12901738286018372
0.12852264940738678
0.1270778477191925
0.12659023702144623
0.12482035160064697
0.12437145411968231
0.12302453070878983
0.12252043187618256
0.12136553227901459
0.12094680964946747
0.12024230509996414
0.11990567296743393
0.11883314698934555
0.11870503425598145
0.11752461642026901
0.11716244369745255
0.11670331656932831
0.11622894555330276
0.11556485295295715
0.11539113521575928
0.1149868294596672
0.11469218879938126
0.11439351737499237
0.11382578313350677
0.11371614784002304
0.11323267221450806
0.11292612552642822
0.11254533380270004
0.11238041520118713
0.11250286549329758
0.11196407675743103
0.11170299351215363
0.11130989342927933
0.11109817773103714
0.11132053285837173
0.1109146997332573
0.1107664480805397
0.11046256124973297
0.11040567606687546
0.110285684466362
0.11022283136844635
0.1101369857788086
0.10963436216115952
0.11010652780532837
0.10954590886831284
0.10981608182191849
0.10959454625844955
no squeeze
35.16786575317383
19.662660598754883
16.831928253173828
10.82409381866455
10.012699127197266
8.018260955810547
7.665742874145508
6.630780220031738
6.419760227203369
5.748408794403076
5.608852386474609
5.1295952796936035
5.017433166503906
4.653684616088867
4.568639278411865
4.281519889831543
4.215373992919922
3.9953830242156982
3.9429807662963867
3.7594480514526367
3.715996265411377
3.5752415657043457
3.5340607166290283
3.4121296405792236
3.3844175338745117
3.282789945602417
3.2548940181732178
3.1709444522857666
3.1474006175994873
3.0694923400878906
3.0500199794769287
2.9824318885803223
2.9657466411590576
2.9010744094848633
2.8848204612731934
2.8257665634155273
2.811176300048828
2.7577710151672363
2.740553617477417
2.6879193782806396
2.6762611865997314
2.6258113384246826
2.6097428798675537
2.5638444423675537
2.553929090499878
2.5077097415924072
2.4943766593933105
2.452096939086914
2.4397261142730713
2.403502941131592
2.3965628147125244
2.3507304191589355
2.342212438583374
2.3100156784057617
2.2993781566619873
2.2610087394714355
2.2506368160247803
2.216064929962158
2.2093429565429688
2.1773674488067627
2.1690006256103516
2.143480062484741
2.134517192840576
2.109078884124756
2.1009626388549805
2.073894739151001
2.067368507385254
2.0491714477539062
2.0419068336486816
2.0216381549835205
2.015714406967163
1.9989932775497437
1.995664358139038
1.9754536151885986
1.9709436893463135
1.9572087526321411
1.9553470611572266
1.936861276626587
1.9367164373397827
1.9221643209457397
1.9229413270950317
1.9087302684783936
1.9053853750228882
1.9029866456985474
1.8935837745666504
1.894282341003418
1.8836750984191895
1.8765952587127686
1.8712663650512695
1.861663818359375
1.8646206855773926
1.8540045022964478
1.8561571836471558
1.8481358289718628
1.8431220054626465
1.8409548997879028
1.8378307819366455
1.829442024230957
1.8314226865768433
1.8284666538238525
1.825284719467163
1.8183079957962036
1.8158378601074219
1.8095903396606445
1.8117409944534302
1.803288459777832
1.8075147867202759
1.8024169206619263
1.8011674880981445
1.7970937490463257
1.7940013408660889
1.7964810132980347
1.794001579284668
1.7840306758880615
1.7851712703704834
1.788543939590454
no squeeze
35.24599075317383
12.283883094787598
10.320758819580078
6.905065536499023
6.430267333984375
5.164822578430176
4.929858207702637
4.233185768127441
4.096096038818359
3.665249824523926
3.578937530517578
3.304945230484009
3.247352361679077
3.0600876808166504
3.020522117614746
2.889280319213867
2.8584022521972656
2.7600619792938232
2.7390823364257812
2.6618492603302
2.641969919204712
2.580631971359253
2.566988945007324
2.5170443058013916
2.5038974285125732
2.4648361206054688
2.4543569087982178
2.4220826625823975
2.412917137145996
2.3874309062957764
2.3824121952056885
2.3540079593658447
2.347541332244873
2.328296422958374
2.323500633239746
2.3086788654327393
2.3058340549468994
2.2892870903015137
2.2870492935180664
2.2713236808776855
2.2680253982543945
2.258241653442383
2.26090931892395
2.245157241821289
2.2423746585845947
2.2443299293518066
2.236937999725342
2.2256762981414795
2.223932981491089
2.2189321517944336
2.215390920639038
2.211670398712158
2.2187187671661377
2.2004003524780273
2.201765775680542
2.1957898139953613
2.1938788890838623
2.1960835456848145
2.19157338142395
2.1843016147613525
2.1848764419555664
2.180241584777832
2.177910089492798
2.176475763320923
2.1752498149871826
2.172283887863159
2.170579433441162
2.1657588481903076
2.1664581298828125
2.1673331260681152
no squeeze
32.47971725463867
6.516393661499023
5.922654628753662
5.477444648742676
5.4480180740356445
5.397066116333008
5.38641881942749
5.3780646324157715
5.3746137619018555
5.380404472351074
5.391870021820068
5.372339248657227
5.376600742340088
5.3720316886901855
5.372201919555664
5.3753461837768555
