no squeeze
2.448244571685791
0.7087408304214478
0.34476417303085327
0.1578696072101593
0.08440001308917999
0.047175195068120956
0.030675720423460007
0.01770203933119774
0.012364035472273827
0.009098619222640991
0.006118893623352051
0.004921070300042629
0.004328506998717785
0.0022243724670261145
0.0021274005994200706
0.0015466926852241158
0.001198968500830233
0.002253997139632702
0.0012221882352605462
0.000794618739746511
0.000548134499695152
0.00040420485311187804
0.0006381773855537176
0.0005981387803331017
0.0010787687497213483
0.00043639432988129556
0.0003914127591997385
0.00021481594012584537
0.000255640537943691
0.00023506231082137674
0.0003341256233397871
0.00016866657824721187
0.00014035249478183687
0.00024337945797014982
0.0001989979500649497
0.0002514464140404016
0.0001819981262087822
0.00015924072067718953
0.0001274123351322487
0.00011409108992666006
0.00010948238923447207
9.569405665388331e-05
9.178015170618892e-05
6.0267546359682456e-05
7.565808482468128e-05
0.00013042782666161656
0.00030955910915508866
0.00678618298843503
0.0002853299374692142
8.713346323929727e-05
7.532726158387959e-05
6.436755211325362e-05
0.00037022173637524247
9.337786468677223e-05
no squeeze
2.6952056884765625
0.9425731301307678
0.6506476998329163
0.46650364995002747
0.35365328192710876
0.2865191698074341
0.2261090725660324
0.19708073139190674
0.16334933042526245
0.1738022416830063
0.146681010723114
0.1477496325969696
0.11739667505025864
0.14610520005226135
0.12042204290628433
0.14095765352249146
0.10773283243179321
0.1164587065577507
0.10052407532930374
0.12299580872058868
0.09776648879051208
0.09461364150047302
0.09168064594268799
0.1090448796749115
0.10357920825481415
0.10741080343723297
0.09496933221817017
0.09068574756383896
0.0983785092830658
0.07483959197998047
0.0959266722202301
0.09388501197099686
0.07565305382013321
0.09202654659748077
0.10598494857549667
0.10078371316194534
0.09539706259965897
0.09452542662620544
0.08598586171865463
0.09006107598543167
no squeeze
2.222890853881836
0.9604129791259766
0.6692068576812744
0.5188108682632446
0.377350389957428
0.3069567382335663
0.25033891201019287
0.20615166425704956
0.1684272736310959
0.11186756938695908
0.09706205874681473
0.1208372637629509
0.06884755194187164
0.05135299637913704
0.03548179939389229
0.027029482647776604
0.021446416154503822
0.02336445450782776
0.01989022083580494
0.022973857820034027
0.01670217327773571
0.010850966908037663
0.010543746873736382
0.009901223704218864
0.009951639920473099
0.008818659000098705
0.00768853398039937
0.007421123329550028
0.006791967898607254
0.0056804269552230835
0.0050359368324279785
0.004779779817909002
0.0055731781758368015
0.004251514095813036
0.003760105697438121
0.004345205146819353
0.010306654497981071
0.009469044394791126
0.012290416285395622
0.05609073117375374
0.05623551085591316
0.036453381180763245
0.03240448236465454
0.04195786267518997
0.0061384704895317554
no squeeze
2.5222671031951904
1.1327190399169922
0.9779375791549683
0.8652146458625793
0.7959117889404297
0.7140645384788513
0.6283454895019531
0.5614681839942932
0.5067014098167419
0.45729130506515503
0.4285752475261688
0.4125080704689026
0.37043997645378113
0.33233141899108887
0.32953760027885437
0.303473562002182
0.2914165258407593
0.25722289085388184
0.24734452366828918
0.24102334678173065
0.21284489333629608
0.2131091058254242
0.19876283407211304
0.19084376096725464
0.1787034124135971
0.15815459191799164
0.16243058443069458
0.15319585800170898
0.1442788690328598
0.13746878504753113
0.1361992508172989
0.13385337591171265
0.1196683794260025
0.11181977391242981
0.11033324152231216
0.1070011556148529
0.1046072468161583
0.10224225372076035
0.10299623012542725
0.0991361141204834
0.09875169396400452
0.09260447323322296
0.08994423598051071
0.0939042940735817
0.09478379040956497
0.09259316325187683
0.08800878375768661
0.08355012536048889
0.08236479759216309
0.07892676442861557
0.07957838475704193
0.09138179570436478
0.07200542837381363
0.07064824551343918
0.07926254719495773
0.0695311427116394
0.07393203675746918
0.06639889627695084
0.07781418412923813
0.0709552988409996
0.06386205554008484
0.07369028031826019
0.06720593571662903
0.07232256978750229
0.06409034132957458
0.07050961256027222
0.06183855980634689
0.06751202791929245
0.06351978331804276
0.060536064207553864
0.06024717167019844
0.06032166630029678
0.06182490289211273
0.06304886937141418
0.05746601149439812
0.05909387767314911
0.0570826455950737
0.057098377496004105
0.054596517235040665
0.05479178577661514
0.0540105402469635
0.0507812425494194
0.05365651100873947
0.047783877700567245
0.05112852901220322
0.05018874257802963
0.05524216592311859
0.051772840321063995
0.054540764540433884
0.056241560727357864
0.04757626727223396
0.049827732145786285
0.04951866716146469
0.04811469465494156
0.054007213562726974
0.05479785427451134
0.05514603108167648
0.04565927013754845
0.048036471009254456
0.0499124675989151
0.048231303691864014
0.05301707610487938
0.05024376139044762
0.04977541044354439
0.05573035031557083
0.0457891970872879
0.048303041607141495
0.04756350815296173
no squeeze
2.7168989181518555
1.0192856788635254
0.7654275298118591
0.6243276000022888
0.48319491744041443
0.4254550635814667
0.3616248667240143
0.3133193850517273
0.27969545125961304
0.25404977798461914
0.24005261063575745
0.19067998230457306
0.18710382282733917
0.17441459000110626
0.1574850231409073
0.1509614884853363
0.13278807699680328
0.13189974427223206
0.13035698235034943
0.1225622370839119
0.10933870822191238
0.10272424668073654
0.10613736510276794
0.09831753373146057
0.09575708955526352
0.09087107330560684
0.09066826105117798
0.08691776543855667
0.08055642247200012
0.0837835893034935
0.079497329890728
0.07414942979812622
0.07684456557035446
0.07119923084974289
0.07882685214281082
0.07895247638225555
0.07498165965080261
0.0679631307721138
0.06976786255836487
0.06440143287181854
0.059858545660972595
0.059328433126211166
0.061361320316791534
0.05947064608335495
0.057998836040496826
0.05032602697610855
0.05286870151758194
0.0615621842443943
0.05820517614483833
0.05589909851551056
0.055711183696985245
0.057269301265478134
0.046788290143013
0.0516982339322567
0.05556848272681236
0.054511088877916336
0.07403967529535294
0.06085981801152229
0.04169534891843796
0.04622314125299454
0.056630779057741165
0.05771200358867645
0.05055639520287514
0.04806818068027496
0.04715096578001976
0.0499681793153286
0.03772810101509094
0.03936570882797241
0.03935941681265831
0.047800347208976746
0.04302171617746353
0.04943835362792015
0.04139302670955658
0.03366902470588684
0.031615689396858215
0.03818055987358093
0.0408593975007534
0.0374632328748703
0.03695594519376755
0.039350591599941254
0.040241342037916183
0.03793982043862343
0.03968387842178345
0.03613155707716942
0.044264305382966995
no squeeze
2.1618692874908447
0.8685262203216553
0.4553450047969818
0.39708346128463745
0.2830390930175781
0.23836249113082886
0.23466862738132477
0.23903849720954895
0.24004708230495453
0.1532425582408905
0.3633555471897125
0.2621349096298218
0.12577977776527405
0.1781064122915268
0.12564696371555328
0.16216011345386505
0.16442644596099854
0.18901872634887695
0.19868235290050507
0.16038699448108673
0.12874773144721985
0.13214628398418427
0.14209969341754913
0.17644953727722168
0.11208806931972504
0.1991465836763382
0.1322433203458786
0.12099066376686096
0.15091408789157867
0.14462420344352722
0.1361822783946991
0.1857864111661911
0.10725872218608856
0.09307397902011871
0.25297707319259644
0.17936930060386658
0.12794916331768036
0.10443446785211563
0.14786839485168457
0.17495958507061005
0.12210869789123535
0.0951588898897171
0.15644623339176178
0.09679795801639557
