no squeeze
2.376254081726074
0.8247449994087219
0.3420773148536682
0.17124369740486145
0.09421020746231079
0.05567844212055206
0.03314049541950226
0.024694398045539856
0.017221949994564056
0.011523700319230556
0.010739685967564583
0.008413421921432018
0.00783589854836464
0.004960027989000082
0.006602487992495298
0.004845867864787579
0.004393032751977444
0.004129530396312475
0.0030149214435368776
0.002544411225244403
0.002854978898540139
0.002494350541383028
0.0034196325577795506
0.0026394363958388567
0.0013112948508933187
0.001306623569689691
0.001497579040005803
0.0016268851468339562
0.0015096120769158006
0.0010605233255773783
0.0017552548088133335
0.0013406286016106606
0.002491994062438607
0.0011723755160346627
0.0011410403531044722
0.0008114514057524502
0.0010075439931824803
0.0006456102128140628
0.0008025020360946655
0.0014571590581908822
0.0011256239376962185
0.0013526100665330887
0.0009435020620003343
0.0006665250402875245
0.0008042308618314564
0.0005138028645887971
0.0003908881626557559
0.0005511989584192634
0.0005580303259193897
0.000674175622407347
0.0005923825083300471
0.0007954571628943086
0.0011771217687055469
0.0006235013133846223
0.0005702095804736018
0.0005541989812627435
0.0009165917290374637
no squeeze
2.37245512008667
0.972203254699707
0.5814970135688782
0.41851910948753357
0.28418830037117004
0.21320779621601105
0.19144481420516968
0.1569547951221466
0.1488480567932129
0.13032731413841248
0.12210264056921005
0.1065337285399437
0.1105947494506836
0.08910375088453293
0.08367417007684708
0.09353438019752502
0.07837587594985962
0.07372701913118362
0.09461129456758499
0.11706909537315369
0.07898130267858505
0.0809326320886612
0.07554897665977478
0.07559520751237869
0.06290525197982788
0.06191064789891243
0.06058409437537193
0.07573917508125305
0.0848243236541748
0.06355026364326477
0.08648120611906052
0.06446953862905502
0.06194649264216423
0.08141658455133438
0.06379412114620209
0.10276973992586136
0.072731152176857
no squeeze
3.231677770614624
1.3170881271362305
0.8268474340438843
0.5609403848648071
0.38582560420036316
0.2813335955142975
0.22394360601902008
0.1807200014591217
0.16356372833251953
0.11742335557937622
0.09984512627124786
0.08498712629079819
0.06397044658660889
0.05752820521593094
0.05079871788620949
0.034911155700683594
0.03474240005016327
0.035696208477020264
0.034990161657333374
0.024509722366929054
0.02153572253882885
0.019133945927023888
0.015390889719128609
0.01442402321845293
0.011386377736926079
0.010457206517457962
0.010463323444128036
0.010624658316373825
0.008478781208395958
0.006918641738593578
0.006741036660969257
0.00682965898886323
0.0058223409578204155
0.010158777236938477
0.018472127616405487
0.007120844442397356
0.005821222439408302
0.004841268993914127
0.00429561035707593
0.0038973817136138678
0.0041128285229206085
0.004461944568902254
0.00745416060090065
0.0042613171972334385
0.003018694929778576
0.003486116649582982
0.006476495414972305
0.0036322479136288166
0.002745875855907798
0.03228671848773956
0.028564276173710823
0.021773098036646843
0.016848623752593994
0.007278827019035816
0.017031775787472725
0.019999969750642776
0.006021596025675535
0.0055342563427984715
0.003428723895922303
no squeeze
2.8134942054748535
1.5061590671539307
1.2456908226013184
1.0407124757766724
0.8940334320068359
0.7866672277450562
0.721663773059845
0.6514225006103516
0.5795538425445557
0.5233688950538635
0.49026668071746826
0.4573499858379364
0.4089963436126709
0.386769562959671
0.3691645860671997
0.3342416286468506
0.3365226984024048
0.2923673391342163
0.29564183950424194
0.2671952545642853
0.24932165443897247
0.23673659563064575
0.22385945916175842
0.21471364796161652
0.19567641615867615
0.19030556082725525
0.20182138681411743
0.18792009353637695
0.16505023837089539
0.1658613234758377
0.15341952443122864
0.15501661598682404
0.142279714345932
0.1405160129070282
0.12718285620212555
0.12221886217594147
0.12910610437393188
0.125603586435318
0.11480746418237686
0.1140473484992981
0.11499029397964478
0.10991502553224564
0.10623455047607422
0.10651801526546478
0.09923547506332397
0.09651090204715729
0.10035094618797302
0.08902592211961746
0.10351456701755524
0.09044457972049713
0.09718161076307297
0.08489646762609482
0.08473719656467438
0.08795147389173508
0.08556170016527176
0.07863306999206543
0.08489970117807388
0.07546395063400269
0.0807160809636116
0.0822819322347641
0.07773150503635406
0.07435043901205063
0.07811712473630905
0.07170754671096802
0.07233738154172897
0.07185382395982742
0.08460545539855957
0.06895019859075546
0.06590524315834045
0.06916315108537674
0.0672343447804451
0.06182178854942322
0.06514277309179306
0.059705380350351334
0.06163717061281204
0.07227378338575363
0.0666603222489357
0.06341975182294846
0.06108620762825012
0.06404172629117966
0.0654684379696846
0.06083674728870392
0.05926212668418884
0.0623653382062912
0.06192409247159958
0.059877824038267136
0.05827866494655609
0.05902606248855591
0.06158031150698662
0.05669811740517616
0.059404224157333374
0.05684798210859299
0.05615904554724693
0.05918782204389572
0.06103494018316269
0.06149657815694809
0.06102816015481949
0.05154148489236832
0.05171480029821396
0.05707075074315071
0.05540914833545685
0.05745013430714607
0.05275040119886398
0.05687243118882179
0.05319486930966377
0.050286442041397095
0.053014062345027924
0.05186409875750542
0.047278933227062225
0.050335872918367386
0.04903993010520935
0.05033639445900917
0.051780179142951965
0.050110649317502975
0.051865383982658386
0.05001715198159218
0.04770009592175484
0.050479236990213394
0.04872460663318634
no squeeze
2.5076346397399902
1.1222997903823853
0.7957825660705566
0.6185066103935242
0.5047841668128967
0.4190618395805359
0.361520916223526
0.31804126501083374
0.28587669134140015
0.2383064180612564
0.2195594161748886
0.20791786909103394
0.18097388744354248
0.17039097845554352
0.16542811691761017
0.14142043888568878
0.1364763081073761
0.1366611272096634
0.12391786277294159
0.12102288007736206
0.108785480260849
0.1083175465464592
0.10027468949556351
0.10124308615922928
0.08683717250823975
0.09139353036880493
0.08827361464500427
0.07558882236480713
0.07484860718250275
0.07014527916908264
0.07222511619329453
0.06925643235445023
0.07359082251787186
0.05948517471551895
0.07269524782896042
0.06909424811601639
0.057953841984272
0.05377409607172012
0.06184627488255501
0.05719996243715286
0.0573761872947216
0.05883052200078964
0.05414033308625221
0.055361129343509674
0.057366110384464264
0.05147414654493332
0.05520780384540558
0.04697243124246597
0.05369175970554352
0.04556073248386383
0.062128279358148575
0.04449012130498886
0.05378697067499161
0.04353736713528633
0.03923402726650238
0.044213443994522095
0.04452379792928696
0.040272291749715805
0.04142221808433533
0.043192677199840546
0.03634542599320412
0.03615988418459892
0.03785161301493645
0.037320081144571304
0.035718102008104324
0.03745121508836746
0.03555573523044586
0.0390993170440197
0.03865916281938553
0.03680173680186272
0.03461967036128044
0.035829827189445496
0.0414409302175045
0.030466854572296143
0.03251444548368454
0.0347210094332695
0.03512413427233696
0.032441455870866776
0.03305240720510483
0.03031221590936184
0.030426371842622757
0.03326928988099098
0.034434009343385696
0.032274287194013596
0.029592901468276978
0.03262556344270706
0.030170001089572906
0.027869487181305885
0.029463328421115875
0.03975503891706467
0.032282985746860504
0.02621280401945114
0.024853665381669998
0.030475882813334465
0.026303613558411598
0.03125660493969917
0.02942556142807007
0.027555741369724274
0.026604946702718735
0.02577904611825943
0.028873752802610397
0.024797480553388596
0.025000926107168198
0.027317939326167107
0.0323345772922039
0.02755994349718094
0.02734122984111309
0.028057627379894257
0.025795558467507362
0.02293795719742775
0.023997370153665543
0.024131527170538902
0.02746390737593174
0.0228583961725235
0.024129917845129967
0.02185392752289772
0.025440208613872528
0.0327405110001564
0.026839807629585266
0.022023437544703484
0.027775442227721214
0.02308550663292408
0.0199848935008049
0.0234343521296978
0.02560429833829403
0.02187642827630043
0.020305931568145752
0.02135383151471615
0.02311156690120697
0.023747503757476807
0.020951826125383377
0.0208778977394104
0.02174784243106842
no squeeze
1.5450643301010132
0.6866629123687744
0.4349105656147003
0.3504321873188019
0.3416200876235962
0.2626374363899231
0.2007717788219452
0.27805906534194946
0.26860159635543823
0.2385673224925995
0.2706207036972046
0.16204394400119781
0.34414049983024597
0.22037607431411743
0.15826117992401123
0.17216598987579346
0.19639171659946442
0.21636365354061127
0.15362237393856049
0.14887972176074982
0.16601522266864777
0.2683662176132202
0.3082830011844635
0.1605241894721985
0.22332218289375305
0.28133249282836914
0.2441856563091278
0.1955711841583252
0.19988514482975006
0.26371800899505615
