no squeeze
6.651485443115234
0.43469446897506714
0.26125478744506836
0.05737478658556938
0.04504738375544548
0.02955153025686741
0.028298115357756615
0.025928635150194168
0.025534963235259056
0.02478250116109848
0.024863403290510178
0.024402225390076637
0.024314850568771362
0.024305075407028198
0.024223079904913902
0.02424711361527443
0.024161411449313164
0.024144232273101807
0.024205991998314857
0.024203909561038017
no squeeze
5.516499996185303
0.49315395951271057
0.3624221384525299
0.14175064861774445
0.11681430041790009
0.06453671306371689
0.05711662024259567
0.039833441376686096
0.03741536661982536
0.03169969096779823
0.03085310198366642
0.028991390019655228
0.028801534324884415
0.02820839174091816
0.02806132845580578
0.02776437997817993
0.027781574055552483
0.027508921921253204
0.027547849342226982
0.027435509487986565
0.027343815192580223
0.02735774777829647
0.027341483160853386
0.027225937694311142
0.027165096253156662
0.027127068489789963
0.027062026783823967
0.027153925970196724
0.027190199121832848
0.02708960510790348
no squeeze
5.953042030334473
0.7324041128158569
0.559779703617096
0.25756800174713135
0.22198033332824707
0.1353837251663208
0.12183729559183121
0.08333064615726471
0.07653294503688812
0.05820029601454735
0.05445561930537224
0.043886784464120865
0.042635735124349594
0.03784685954451561
0.03693731874227524
0.03411377966403961
0.033407825976610184
0.031156104058027267
0.030824553221464157
0.029522623866796494
0.02929786965250969
0.027980046346783638
0.027794726192951202
0.02710941806435585
0.026938719674944878
0.02616703324019909
0.025982936844229698
0.025389788672327995
0.02531163953244686
0.024947112426161766
0.024755939841270447
0.024367013946175575
0.024236347526311874
0.023813042789697647
0.023822054266929626
0.023471707478165627
0.023370349779725075
0.02315058931708336
0.023049749433994293
0.022934535518288612
0.022875668480992317
0.022718872874975204
0.02276923507452011
0.022478429600596428
0.02249874919652939
0.02243807353079319
0.022398468106985092
0.022337324917316437
0.022227080538868904
0.02222965471446514
0.022135261446237564
0.02209431491792202
0.022049857303500175
0.02210128866136074
0.02211780846118927
0.021983863785862923
0.021999167278409004
0.022043798118829727
no squeeze
6.123315811157227
2.2005527019500732
1.8294798135757446
1.107685923576355
1.0066725015640259
0.7468580007553101
0.7006770372390747
0.5576763153076172
0.5287850499153137
0.43780216574668884
0.4173312485218048
0.3531116247177124
0.33963868021965027
0.29208821058273315
0.2813420593738556
0.24684908986091614
0.23831135034561157
0.2116512954235077
0.206012561917305
0.18641799688339233
0.18297316133975983
0.16798169910907745
0.1647464632987976
0.15392212569713593
0.15152065455913544
0.14416484534740448
0.1429738998413086
0.13670605421066284
0.1362108439207077
0.13142205774784088
0.13078603148460388
0.12755687534809113
0.1278258115053177
0.12452849745750427
0.1239701434969902
0.1210954338312149
0.12034797668457031
0.11811613291501999
0.11755270510911942
0.11642586439847946
0.11452044546604156
0.1117125153541565
0.11105439811944962
0.10870946198701859
0.10710925608873367
0.10334774106740952
0.10258054733276367
0.09845524281263351
0.09678210318088531
0.09234131127595901
0.09012576937675476
0.08391976356506348
0.08235858380794525
0.07517728954553604
0.07387129217386246
0.06707937270402908
0.0637262687087059
0.055153489112854004
0.05319586023688316
0.0461190901696682
0.044267021119594574
0.0387861393392086
0.03751523420214653
0.0344301275908947
0.033353980630636215
0.03085692599415779
0.03060165047645569
0.029227454215288162
0.02922358363866806
0.02841455303132534
0.02834569849073887
0.027879977598786354
0.02763771079480648
0.027438346296548843
0.027434436604380608
0.027250826358795166
0.027322161942720413
0.027156690135598183
0.027107074856758118
0.02722032368183136
0.02706112712621689
0.026968104764819145
0.027073265984654427
0.027007034048438072
no squeeze
5.670379161834717
1.104905605316162
0.8918106555938721
0.4832026958465576
0.4251420795917511
0.2822502851486206
0.2569875717163086
0.18709000945091248
0.17379945516586304
0.13450957834720612
0.12647581100463867
0.10196841508150101
0.0969887524843216
0.08115612715482712
0.07750854641199112
0.06649908423423767
0.06393277645111084
0.0563245490193367
0.05456245690584183
0.049468617886304855
0.04793292656540871
0.04366364702582359
0.04286381974816322
0.03988685831427574
0.039289120584726334
0.03698418289422989
0.0365704782307148
0.03476276993751526
0.03445040434598923
0.03319290652871132
0.0330096036195755
0.03209168091416359
0.031937140971422195
0.03124447539448738
0.030985206365585327
0.030681820586323738
0.030475381761789322
0.029999367892742157
0.02983999252319336
0.02971004880964756
0.029483603313565254
0.029259873554110527
0.029491759836673737
0.0290573388338089
0.028920581564307213
0.028732674196362495
0.02896369807422161
0.028461895883083344
0.02844422496855259
0.029081329703330994
0.02836715057492256
0.02835511602461338
0.02825901098549366
0.028182977810502052
0.028132200241088867
0.028214603662490845
0.02804333157837391
0.028051352128386497
0.028189033269882202
0.027856752276420593
0.028022004291415215
0.027863334864377975
no squeeze
4.706939220428467
0.3193100392818451
0.2574748992919922
0.17836208641529083
0.17063607275485992
0.1573011726140976
0.15643635392189026
0.15363894402980804
0.15281878411769867
0.15220069885253906
0.15203560888767242
0.15155869722366333
0.15119929611682892
0.15138638019561768
0.15214502811431885
0.15070520341396332
0.15229669213294983
0.1539398580789566
