no squeeze
321.57183837890625
188.98922729492188
158.79421997070312
75.17173767089844
63.35523223876953
38.61381530761719
34.772300720214844
23.665081024169922
21.472633361816406
14.690011024475098
13.321008682250977
9.123502731323242
8.28290843963623
5.756546497344971
5.256511211395264
3.740616798400879
3.4426052570343018
2.524822235107422
2.338852882385254
1.7735191583633423
1.6521568298339844
1.2796871662139893
1.2045522928237915
0.9661931395530701
0.9172955751419067
0.7623717784881592
0.7318564653396606
0.6346321105957031
0.6138890981674194
0.5502265095710754
0.5374473333358765
0.49730512499809265
0.48819059133529663
0.4600338041782379
0.4549402594566345
0.4367937743663788
0.4327000677585602
0.42013630270957947
0.41696855425834656
0.40757304430007935
0.4058813154697418
0.3993830680847168
0.39763498306274414
0.3926459848880768
0.3910501003265381
0.3873038589954376
0.38619914650917053
0.3823931813240051
0.3812143802642822
0.37770015001296997
0.37714946269989014
0.3744504153728485
0.37387165427207947
0.3709023594856262
0.3703470230102539
0.36835405230522156
0.3685813844203949
0.36543184518814087
0.36494752764701843
0.3625888228416443
0.3622266948223114
0.36003097891807556
0.3593427538871765
0.35771462321281433
0.3568931221961975
0.3554345667362213
0.3545498251914978
0.35283198952674866
0.35218775272369385
0.3508244752883911
0.35015448927879333
0.34880000352859497
0.34797394275665283
0.3466707766056061
0.3459295630455017
0.3444911241531372
0.34474778175354004
0.34274008870124817
0.34222155809402466
0.3405663073062897
0.3401702642440796
0.33921384811401367
0.3388144373893738
0.33725669980049133
0.33747273683547974
0.33617085218429565
0.3359472155570984
0.33460351824760437
0.33430033922195435
0.332992285490036
0.33244070410728455
0.33186814188957214
0.3313771188259125
0.33026963472366333
0.3296525180339813
0.3286439776420593
0.3283396065235138
0.3280263841152191
0.3270922899246216
0.3267069458961487
0.32699599862098694
0.3252447843551636
0.3253261148929596
0.3239508867263794
0.32393521070480347
0.32399800419807434
0.32331040501594543
0.3223937749862671
0.3223954737186432
0.3213898539543152
0.3208421468734741
0.3206546902656555
0.320143461227417
0.31983253359794617
0.31935015320777893
0.31856536865234375
0.3187844455242157
0.3181508183479309
0.3179340660572052
0.3174598813056946
0.3171464502811432
0.31658655405044556
0.3169300854206085
0.3160625100135803
0.31629034876823425
0.3157792389392853
0.31539908051490784
0.31526073813438416
0.31482067704200745
0.31478023529052734
0.3157368302345276
0.31444892287254333
0.313613623380661
0.3134981691837311
0.313614159822464
0.31409505009651184
no squeeze
318.3837890625
206.38258361816406
177.73207092285156
89.81867980957031
75.5378646850586
44.310707092285156
39.67393112182617
27.00817108154297
24.602563858032227
17.276437759399414
15.82145881652832
11.365096092224121
10.460245132446289
7.683141231536865
7.123233318328857
5.409963130950928
5.059280872344971
3.9248154163360596
3.700077533721924
2.9736549854278564
2.822662830352783
2.3325541019439697
2.230825424194336
1.8982884883880615
1.8255585432052612
1.586692214012146
1.5347267389297485
1.3579235076904297
1.3199878931045532
1.191236972808838
1.1620110273361206
1.063807487487793
1.042061448097229
0.9628243446350098
0.945033073425293
0.8814143538475037
0.8662947416305542
0.8154934048652649
0.8034767508506775
0.7597966194152832
0.7483533024787903
0.7135242819786072
0.7027692198753357
0.6706573367118835
0.6622986197471619
0.6347487568855286
0.62908536195755
0.6054708361625671
0.599469006061554
0.5777744650840759
0.5725659132003784
0.5525786876678467
0.5479409694671631
0.5332763195037842
0.530196487903595
0.5129638314247131
0.5093721151351929
0.4962656497955322
0.49334102869033813
0.4829259216785431
0.4795474112033844
0.4703967571258545
0.46861934661865234
0.45783284306526184
0.4556032717227936
0.44795945286750793
0.4462766647338867
0.43950527906417847
0.43772730231285095
0.4301438629627228
0.42907094955444336
0.42404139041900635
0.42294207215309143
0.4177018702030182
0.41674309968948364
0.4114380478858948
0.4105769693851471
0.40746763348579407
0.40564674139022827
0.4021332859992981
0.40124067664146423
0.3983834683895111
0.39769574999809265
0.39431896805763245
0.3934939503669739
0.39096933603286743
0.3907262682914734
0.3883214294910431
0.38865789771080017
0.38530755043029785
0.3849104642868042
0.3829232454299927
0.38234809041023254
0.3808527886867523
0.38042017817497253
0.3785792887210846
0.3779909014701843
0.37716564536094666
0.37626391649246216
0.3752352297306061
0.3749793767929077
0.3730204999446869
0.37285614013671875
0.37162068486213684
0.37166252732276917
0.3702809810638428
0.36991778016090393
0.36902135610580444
0.3687193691730499
0.3673584461212158
0.3672739267349243
0.36603930592536926
0.3664512038230896
0.3652539849281311
0.36524370312690735
0.36435455083847046
0.3641795516014099
0.3632301986217499
0.36292019486427307
0.36187660694122314
0.36192578077316284
0.36154547333717346
0.36138400435447693
0.360580712556839
0.36004263162612915
0.3597785532474518
0.3597734570503235
0.35902196168899536
0.35939398407936096
0.35841527581214905
0.35874873399734497
0.35786181688308716
0.3579263687133789
0.3571358919143677
0.3576170802116394
0.3572162687778473
no squeeze
318.6566162109375
182.68609619140625
155.38262939453125
88.54609680175781
78.63973999023438
54.21902847290039
49.71529006958008
36.511783599853516
33.994041442871094
25.96601104736328
24.292417526245117
18.814571380615234
17.642704010009766
13.887776374816895
13.065779685974121
10.40356159210205
9.824847221374512
7.926756381988525
7.507317066192627
6.1251325607299805
5.821339130401611
4.7922258377075195
4.568911552429199
3.825441837310791
3.6530063152313232
3.080203056335449
2.9526522159576416
2.5103530883789062
2.4093446731567383
2.07334041595459
1.9955273866653442
1.7210233211517334
1.664430856704712
1.462914228439331
1.4139399528503418
1.2479017972946167
1.2088254690170288
1.0750532150268555
1.0439860820770264
0.9312848448753357
0.9083961248397827
0.8233758211135864
0.8034657835960388
0.7345285415649414
0.7174438238143921
0.6588751673698425
0.6458829641342163
0.6015177965164185
0.5893794894218445
0.5503106713294983
0.5408421158790588
0.5081964135169983
0.5008039474487305
0.4739034175872803
0.4677293002605438
0.44553059339523315
0.44003820419311523
0.4225533604621887
0.41822806000709534
0.40123361349105835
0.3977000117301941
0.38481980562210083
0.38154304027557373
0.37010252475738525
0.367941290140152
0.3581595718860626
0.3557642102241516
0.3482009172439575
0.3461396396160126
0.33897289633750916
0.33737727999687195
0.3304342031478882
0.3294792175292969
0.3242749273777008
0.3235008418560028
0.31910210847854614
0.31801891326904297
0.31368449330329895
0.31293731927871704
0.3098229765892029
0.30871185660362244
0.3058454394340515
0.3052510917186737
0.30255377292633057
0.3018434941768646
0.2993476390838623
0.29900139570236206
0.2975427508354187
0.2965725362300873
0.29493147134780884
0.294804185628891
0.2931416630744934
0.29274001717567444
0.2915814518928528
0.2908647358417511
0.2900950014591217
0.28948819637298584
0.28890350461006165
0.28793904185295105
0.2876148819923401
0.28706488013267517
0.2857481837272644
0.28587353229522705
0.28472328186035156
0.28495296835899353
0.2844390571117401
0.28398215770721436
0.2834482192993164
0.2832200825214386
0.28328973054885864
0.28281134366989136
0.28230756521224976
0.28220146894454956
0.28114452958106995
0.2819419205188751
0.280855268239975
0.28069883584976196
0.28060296177864075
0.2802295982837677
0.2797507643699646
0.27997517585754395
0.27975985407829285
no squeeze
320.3832702636719
245.4563446044922
222.56350708007812
135.536865234375
118.02912902832031
77.48915100097656
71.69657135009766
56.25782012939453
53.37134552001953
44.402320861816406
42.5395622253418
36.47510528564453
35.124786376953125
30.674560546875
29.672199249267578
26.29534339904785
25.524641036987305
22.908842086791992
22.322843551635742
20.23130989074707
19.765195846557617
18.118457794189453
17.737815856933594
16.44434928894043
16.150175094604492
15.140823364257812
14.890337944030762
14.069787979125977
13.851818084716797
13.19515323638916
13.043395042419434
12.533357620239258
12.412042617797852
11.950112342834473
11.856206893920898
11.487378120422363
11.419840812683105
11.137970924377441
11.054476737976074
10.954446792602539
10.855864524841309
10.53858757019043
10.499176025390625
10.280139923095703
10.229507446289062
10.104781150817871
10.041365623474121
9.888941764831543
9.817391395568848
9.669256210327148
9.62438678741455
9.471611022949219
9.424457550048828
9.272378921508789
9.2289400100708
9.072884559631348
9.032787322998047
8.896614074707031
8.8550443649292
8.651026725769043
8.607311248779297
8.5254487991333
8.41881275177002
8.21743392944336
8.12938404083252
7.8861083984375
7.820585250854492
7.617145538330078
7.534344673156738
7.2345781326293945
7.157805919647217
6.875467777252197
6.787840843200684
6.469344615936279
6.379817962646484
6.045867919921875
5.912180423736572
5.6157965660095215
5.4363226890563965
5.038125514984131
4.94386100769043
4.497364044189453
4.398796558380127
3.997349262237549
3.8649380207061768
3.4584755897521973
3.3815786838531494
2.9751672744750977
2.8767528533935547
2.5159268379211426
2.4309144020080566
2.125791311264038
2.054887056350708
1.8002614974975586
1.744476079940796
1.5161123275756836
1.4681196212768555
1.3047332763671875
1.2615848779678345
1.1301103830337524
1.1040141582489014
1.0039916038513184
0.9861565232276917
0.9099836349487305
0.8915113210678101
0.8382269144058228
0.8241146802902222
0.7844725251197815
0.7740247845649719
0.7452732920646667
0.7437741160392761
0.7183786630630493
0.7183845043182373
0.6980013251304626
0.693437397480011
0.6807078123092651
0.6793053150177002
0.6689162850379944
0.6650577783584595
0.6587583422660828
0.6566375494003296
0.6504961848258972
0.6509537100791931
0.6450058817863464
0.6408658027648926
0.6386705040931702
0.6403664946556091
0.6385617852210999
0.6397073268890381
0.6391646265983582
no squeeze
318.4483337402344
214.94137573242188
190.15420532226562
112.59235382080078
98.71829223632812
64.8110580444336
59.474876403808594
44.59385299682617
41.72308349609375
32.98440170288086
31.220539093017578
25.679431915283203
24.518333435058594
20.79187774658203
19.99129867553711
17.358749389648438
16.785539627075195
14.827925682067871
14.388326644897461
12.89130973815918
12.537835121154785
11.333625793457031
11.046960830688477
10.061055183410645
9.804168701171875
8.963057518005371
8.77199649810791
8.000262260437012
7.817328929901123
7.148692607879639
6.984787940979004
6.376591205596924
6.224616050720215
5.7058258056640625
5.5345611572265625
5.004395008087158
4.8763628005981445
4.397269248962402
4.287546634674072
3.8698842525482178
3.7560956478118896
3.366896629333496
3.2717671394348145
2.929804801940918
2.852325201034546
2.5530948638916016
2.481519937515259
2.2368056774139404
2.1975209712982178
1.9572032690048218
1.909677505493164
1.7251943349838257
1.6886509656906128
1.538596272468567
1.5020936727523804
1.3986884355545044
1.3537899255752563
1.253119707107544
1.2304402589797974
1.1497358083724976
1.1319795846939087
1.0668057203292847
1.0516817569732666
0.9967280626296997
0.9851562976837158
0.9449518322944641
0.9342005252838135
0.8965102434158325
0.8901832699775696
0.8590136170387268
0.8513985276222229
0.8270496726036072
0.8255902528762817
0.8017823100090027
0.7966621518135071
0.7803159356117249
0.7760827541351318
0.7619197964668274
0.7608059048652649
0.7458362579345703
0.7428416013717651
0.730158269405365
0.7278573513031006
0.7207525968551636
0.7177186608314514
0.7128902673721313
0.7087175846099854
0.6996279358863831
0.6971402168273926
0.689939022064209
0.6879664063453674
0.6891141533851624
0.6929962635040283
0.6791761517524719
0.6785761117935181
0.6737126111984253
0.672444224357605
0.6712554097175598
0.6663250923156738
0.662693440914154
0.6615428924560547
0.6581260561943054
0.6588755249977112
0.6541184186935425
0.6550447344779968
0.651134729385376
0.650611162185669
0.6485450267791748
0.6546536087989807
0.6470725536346436
0.6448209881782532
0.6508458256721497
0.6472486257553101
0.6402536630630493
0.6394193768501282
0.6392996907234192
0.6430477499961853
0.6379604339599609
0.6377542018890381
0.6340224742889404
0.6364974975585938
0.641164243221283
no squeeze
313.2662048339844
72.81961059570312
52.9124755859375
24.95588493347168
22.08538055419922
16.178943634033203
15.308680534362793
13.174633979797363
12.829845428466797
11.904608726501465
11.762450218200684
11.341525077819824
11.261701583862305
11.10009765625
11.177511215209961
10.994365692138672
10.97399616241455
10.949616432189941
10.946422576904297
10.931265830993652
10.927018165588379
10.965970039367676
10.937250137329102
10.975568771362305
