no squeeze
3.8041441440582275
1.19361412525177
0.7164426445960999
0.46285590529441833
0.3077145516872406
0.23692987859249115
0.1749558299779892
0.1685427874326706
0.14120665192604065
0.1415565311908722
0.12889470160007477
0.11695025861263275
0.09258078783750534
0.09576726704835892
0.08318693935871124
0.11679746955633163
0.07037461549043655
0.06434615701436996
0.054696232080459595
0.06542567163705826
0.0650596097111702
0.06033455953001976
0.06134564056992531
0.042296454310417175
0.050659019500017166
0.048713281750679016
0.11331319063901901
0.09409249573945999
0.062427718192338943
0.06032988801598549
0.04420292377471924
0.0421135276556015
0.0438721626996994
0.07896524667739868
0.06075822561979294
0.048637546598911285
0.07430864125490189
0.07084862887859344
0.032658495008945465
0.030083585530519485
0.03740233927965164
0.037984248250722885
0.03932803496718407
0.033287763595581055
0.03492320328950882
0.098426952958107
0.03850322961807251
0.02585705742239952
0.041975900530815125
0.03543694689869881
0.028137724846601486
0.04273368790745735
0.036682792007923126
0.10715645551681519
0.04650840908288956
0.040157802402973175
0.040329404175281525
0.03149519860744476
no squeeze
3.4398117065429688
1.1643227338790894
0.6944504380226135
0.3954024910926819
0.2681354880332947
0.16479437053203583
0.13069024682044983
0.11949314922094345
0.08526232838630676
0.0679529681801796
0.06639588624238968
0.047340478748083115
0.055970750749111176
0.045208483934402466
0.03521839901804924
0.03266318887472153
0.031706761568784714
0.02977290377020836
0.040804602205753326
0.027776572853326797
0.075464628636837
0.026944788172841072
0.024137962609529495
0.016388284042477608
0.015412627719342709
0.019740791991353035
0.01326468214392662
0.023803768679499626
0.012231315486133099
0.010433882474899292
0.011119695380330086
0.016771046444773674
0.022481640800833702
0.015638219192624092
0.011740248650312424
0.016177376732230186
0.021763980388641357
0.02283794991672039
0.013090748339891434
0.008448355831205845
0.011411960236728191
0.02118479646742344
0.01688711903989315
0.018779423087835312
0.022143369540572166
0.011887394823133945
0.022094275802373886
0.12952645123004913
0.02453281730413437
0.044424138963222504
no squeeze
4.044589042663574
1.654333233833313
1.0240343809127808
0.7603728175163269
0.5531476140022278
0.5447537899017334
0.3495999872684479
0.27794042229652405
0.22593817114830017
0.1697947382926941
0.158351868391037
0.1931011825799942
0.15526235103607178
0.1611301153898239
0.10684466361999512
0.08133456856012344
0.08286361396312714
0.08616285771131516
0.08374826610088348
0.0845177173614502
0.18946996331214905
0.15960955619812012
0.15785109996795654
0.055720094591379166
0.08860637247562408
0.07101753354072571
0.04029811918735504
0.04293985292315483
0.03067936562001705
0.026401370763778687
0.023232456296682358
0.030038390308618546
0.031109660863876343
0.025942638516426086
0.036015596240758896
0.03222741559147835
0.021347764879465103
0.016781166195869446
0.024182802066206932
0.01748683676123619
0.024432236328721046
0.013855579309165478
0.014201399870216846
0.01683117263019085
0.01319832168519497
0.021617643535137177
0.02449272759258747
0.09583377093076706
0.12734746932983398
0.10756456851959229
0.050295665860176086
0.03553691506385803
0.015437320806086063
0.009252648800611496
0.008456883952021599
0.011827945709228516
0.012680314481258392
0.03303439915180206
0.01566205359995365
0.021589228883385658
0.09404504299163818
0.0866246446967125
0.042355094105005264
0.07065556943416595
0.027155375108122826
no squeeze
4.7281317710876465
2.0478451251983643
1.6684821844100952
1.4007641077041626
1.1812742948532104
1.0647635459899902
0.9263548254966736
0.8598801493644714
0.793494462966919
0.7162755727767944
0.7015440464019775
0.6218999624252319
0.5804998874664307
0.5470142960548401
0.5532206296920776
0.49242937564849854
0.4836786985397339
0.39789828658103943
0.40422967076301575
0.35955554246902466
0.37131109833717346
0.3267369568347931
0.3132539391517639
0.3414456248283386
0.3015153408050537
0.31183820962905884
0.29470887780189514
0.2572213411331177
0.2901638448238373
0.27738457918167114
0.2300640195608139
0.23287047445774078
0.23082149028778076
0.2080691158771515
0.26643630862236023
0.19986476004123688
0.18542571365833282
0.18597422540187836
0.1749664843082428
0.17048487067222595
0.15748195350170135
0.18475185334682465
0.16164937615394592
0.1824313998222351
0.1726050078868866
0.15965817868709564
0.1565055102109909
0.1499451994895935
0.15209555625915527
0.135850727558136
0.1380157470703125
0.1463121622800827
0.11600396782159805
0.1409970372915268
0.12217897176742554
0.13888081908226013
0.13993564248085022
0.12289935350418091
0.11447227746248245
0.1267434060573578
0.10566815733909607
0.10603015124797821
0.10249261558055878
0.11993642151355743
0.11433784663677216
0.10571961849927902
0.11028145998716354
0.09705155342817307
0.1092577576637268
0.10816976428031921
0.11655028164386749
0.11208125203847885
0.10308919101953506
0.10277961939573288
0.0954018160700798
0.09989553689956665
0.10029272735118866
0.11454621702432632
0.09017873555421829
0.08762048184871674
0.09893373399972916
0.10099609941244125
0.09002994745969772
0.08659204095602036
0.09633748233318329
0.09357425570487976
0.08338531851768494
0.09626321494579315
0.07854719460010529
0.09206526726484299
0.09360606223344803
0.09353254735469818
0.10001436620950699
0.1030481606721878
0.08704708516597748
0.07580101490020752
0.08939479291439056
0.0759597048163414
0.08710035681724548
0.08222144842147827
0.07850116491317749
0.09329606592655182
0.09890569001436234
0.08160948008298874
0.07603760808706284
0.08727313578128815
no squeeze
3.5019419193267822
1.403405785560608
1.0464011430740356
0.8193715810775757
0.6936060786247253
0.5855725407600403
0.5039840936660767
0.4342562258243561
0.41191738843917847
0.3707684576511383
0.35983771085739136
0.28749895095825195
0.27092617750167847
0.2532203495502472
0.21240361034870148
0.20411230623722076
0.19407828152179718
0.1943211406469345
0.17766016721725464
0.16921252012252808
0.16429857909679413
0.16287776827812195
0.14608284831047058
0.14190107583999634
0.16146664321422577
0.13735413551330566
0.15806391835212708
0.14104148745536804
0.11882370710372925
0.1072722002863884
0.10375542938709259
0.11575660109519958
0.096083864569664
0.08664918690919876
0.0983404889702797
0.12308219820261002
0.12047562003135681
0.09084703028202057
0.09844502806663513
0.08761933445930481
0.07937444001436234
0.08920680731534958
0.07933299988508224
0.0907575786113739
0.07850821316242218
0.0865384191274643
0.08913658559322357
0.08040553331375122
0.08038371801376343
0.08336856216192245
0.06379016488790512
0.0762690082192421
0.06534592807292938
0.060427840799093246
0.06561029702425003
0.06875904649496078
0.07231805473566055
0.09207286685705185
0.0676027163863182
0.06299680471420288
0.06660933047533035
0.07683085650205612
0.05760400369763374
0.056178394705057144
0.0560174360871315
0.06617733836174011
0.05556071922183037
0.055840831249952316
0.049877192825078964
0.044133368879556656
0.05538623407483101
0.04506053775548935
0.052469074726104736
0.05212804302573204
0.06716075539588928
0.059050288051366806
0.048963841050863266
0.06254494935274124
0.056335870176553726
0.04991091415286064
no squeeze
4.050944805145264
1.3714587688446045
0.8763288259506226
0.48916304111480713
0.6045830249786377
0.5660753846168518
0.4749402105808258
0.6025028228759766
0.4166496694087982
0.5994642972946167
0.42731916904449463
0.3662088215351105
0.7590656280517578
0.4677269160747528
0.4698123037815094
0.4860171377658844
0.2596834599971771
0.25801509618759155
0.48096704483032227
0.3984493911266327
0.3848620355129242
0.40819230675697327
0.3350290358066559
0.3567914664745331
0.1796109974384308
0.19863063097000122
0.3203546404838562
0.3497423529624939
0.40942156314849854
0.3882633149623871
0.24968263506889343
0.3008778691291809
0.2896396219730377
0.4710492789745331
0.29389843344688416
