no squeeze
3.85811710357666
0.408159464597702
0.3157489597797394
0.15104267001152039
0.1335417777299881
0.09609424322843552
0.09108592569828033
0.07894782721996307
0.07720924913883209
0.07218970358371735
0.07165012508630753
0.06970810890197754
0.06949920207262039
0.06885044276714325
0.06869873404502869
0.06835310906171799
0.06866353750228882
0.06839718669652939
no squeeze
3.904163360595703
0.5865691900253296
0.4979334771633148
0.3664807677268982
0.34952086210250854
0.3156185448169708
0.31109824776649475
0.30268043279647827
0.30084899067878723
0.2983423173427582
0.29987964034080505
0.2989141345024109
no squeeze
4.0775041580200195
0.4440155625343323
0.32280680537223816
0.14368024468421936
0.12451154738664627
0.08072362095117569
0.0737743005156517
0.05457484349608421
0.051028650254011154
0.04009969159960747
0.037885840982198715
0.030950017273426056
0.02949286438524723
0.024948060512542725
0.02398565039038658
0.02092905156314373
0.02031862735748291
0.01844646967947483
0.01807749643921852
0.016859930008649826
0.016552677378058434
0.015728158876299858
0.015522531233727932
0.014961140230298042
0.014852778054773808
0.014398004859685898
0.014313396997749805
0.014014113694429398
0.013987302780151367
0.013757118955254555
0.013716759160161018
0.01353495754301548
0.013471313752233982
0.013363460078835487
0.013375820592045784
0.01322956383228302
0.013257430866360664
0.013130138628184795
0.013138611800968647
0.013086835853755474
0.013060434721410275
0.012991861440241337
0.012988836504518986
0.01296713761985302
0.012967296876013279
0.01290743425488472
0.012900413945317268
0.012851896695792675
0.012828532606363297
0.012856272980570793
0.012850447557866573
0.012804903090000153
0.012816160917282104
0.012794923037290573
0.012768816202878952
0.012764745391905308
0.012757612392306328
0.0126797491684556
0.012729518115520477
0.01273935753852129
no squeeze
4.68619441986084
1.734595775604248
1.527791976928711
1.1539344787597656
1.1045137643814087
0.9739263653755188
0.9500070810317993
0.873698353767395
0.8586922883987427
0.8074763417243958
0.7951927781105042
0.7565578818321228
0.749461829662323
0.7172209024429321
0.7096297144889832
0.6854737401008606
0.6794164776802063
0.6589420437812805
0.6572260856628418
0.6346988081932068
0.6301445960998535
0.6124016046524048
0.6081770062446594
0.5931926369667053
0.5887112617492676
0.5722008943557739
0.5690946578979492
0.5559491515159607
0.548619270324707
0.5316877961158752
0.5319666862487793
0.5095934271812439
0.5015630125999451
0.4826422333717346
0.47624215483665466
0.45113036036491394
0.44460242986679077
0.4228755533695221
0.41832858324050903
0.3963633179664612
0.3924066126346588
0.3788830041885376
0.37744370102882385
0.36772385239601135
0.3666034936904907
0.3623332679271698
0.3607718348503113
0.3581390976905823
0.3570972681045532
0.35434162616729736
0.3536718785762787
0.35294482111930847
0.3513738214969635
0.3491688370704651
0.34953418374061584
0.34716251492500305
0.34645894169807434
0.3438687324523926
0.34705930948257446
0.3430771827697754
0.3426862955093384
0.34009483456611633
0.34024274349212646
0.3374497592449188
0.33727627992630005
0.3350706696510315
0.33512482047080994
0.33272358775138855
0.3319677412509918
0.32945966720581055
0.3307684063911438
0.3284651041030884
0.32791730761528015
0.325315922498703
0.3246752619743347
0.32369735836982727
0.3229769170284271
0.32175958156585693
0.32448023557662964
0.31969118118286133
0.31981196999549866
0.31823644042015076
0.318406879901886
0.3174554407596588
0.31598490476608276
0.3136466443538666
0.31407955288887024
0.312345415353775
0.31239813566207886
0.3122696578502655
0.311739444732666
0.30901211500167847
0.3111749291419983
0.3082912564277649
0.30771633982658386
0.3074359893798828
0.3073531687259674
0.30513036251068115
0.30548664927482605
0.3036559820175171
0.30365949869155884
0.3060760200023651
no squeeze
4.481794357299805
0.9371879696846008
0.8317922353744507
0.6494591236114502
0.6274852752685547
0.5585305094718933
0.5449233055114746
0.5029371976852417
0.4930357038974762
0.46117132902145386
0.45251524448394775
0.4253454804420471
0.41898950934410095
0.3990767300128937
0.39474955201148987
0.38054540753364563
0.376796156167984
0.36740201711654663
0.3651072382926941
0.3568045496940613
0.3566986918449402
0.35247811675071716
0.35110172629356384
0.3468741774559021
0.3522176742553711
0.34513038396835327
0.3446196913719177
0.3457864224910736
0.3407631814479828
0.3398929536342621
0.33914291858673096
0.3357066810131073
0.3364381790161133
0.3345044255256653
0.3407706916332245
0.3331460952758789
0.3330589830875397
0.33670637011528015
0.3339385688304901
0.3304171562194824
0.3299499452114105
0.3291836380958557
0.3288958668708801
0.32839080691337585
0.32822293043136597
0.3292829990386963
0.33139511942863464
0.32682058215141296
0.3274008631706238
0.3254851698875427
0.3258691132068634
0.32711169123649597
no squeeze
4.301569938659668
0.8949332237243652
0.8527476191520691
0.8016713857650757
0.8076715469360352
0.8137343525886536
