no squeeze
3.715068817138672
0.9213243722915649
0.541904628276825
0.3789644241333008
0.28781387209892273
0.3619765341281891
0.2676124572753906
0.20027725398540497
0.25436583161354065
0.22558268904685974
0.18432402610778809
0.19809362292289734
0.1762227863073349
0.2042941004037857
0.23035991191864014
0.15419404208660126
0.1859966367483139
0.19190944731235504
0.18440985679626465
0.19276948273181915
0.22545163333415985
0.13739211857318878
0.17992772161960602
0.1651579588651657
0.15020599961280823
0.14303717017173767
0.1409997045993805
0.18272091448307037
0.14351361989974976
0.13316462934017181
0.14670327305793762
0.1768195778131485
0.15737441182136536
0.16569456458091736
0.2201290875673294
0.16470471024513245
0.16633844375610352
0.15756340324878693
0.1772375851869583
0.1731473058462143
no squeeze
3.094924211502075
0.8686098456382751
0.5247840285301208
0.42853862047195435
0.317800909280777
0.2894415557384491
0.27483993768692017
0.21958918869495392
0.23712703585624695
0.22810812294483185
0.21285580098628998
0.20016975700855255
0.2438884824514389
0.1993662416934967
0.1949796974658966
0.19906842708587646
0.2286982387304306
0.23381750285625458
0.22703267633914948
0.2426702380180359
0.21329089999198914
0.1760796457529068
0.1492946445941925
0.16823607683181763
0.1664886772632599
0.2050049901008606
0.20711594820022583
0.2921479344367981
0.21367263793945312
0.23645135760307312
0.19220231473445892
0.24845224618911743
0.21644000709056854
no squeeze
4.728279113769531
1.501344084739685
0.9415223598480225
0.85430508852005
0.6409738063812256
0.6548112630844116
0.5588351488113403
0.42963558435440063
0.3565268814563751
0.4778120219707489
0.3204502463340759
0.4153588116168976
0.47211283445358276
0.33802127838134766
0.3488475978374481
0.3920765519142151
0.31185483932495117
0.25053736567497253
0.31119728088378906
0.4437219202518463
0.5452368259429932
0.5561438798904419
0.3282322585582733
0.3261600434780121
0.22104883193969727
0.3679531514644623
0.29392513632774353
0.22905518114566803
0.3118264377117157
0.3619927167892456
0.2579464018344879
0.26551809906959534
0.3713332712650299
0.29861295223236084
0.25165921449661255
no squeeze
4.3866376876831055
1.4690930843353271
1.0234601497650146
0.7898556590080261
0.6559853553771973
0.5407223701477051
0.4689815938472748
0.3895815312862396
0.38293951749801636
0.3244806230068207
0.30305376648902893
0.2827656865119934
0.26495519280433655
0.2864859104156494
0.2678559720516205
0.22484846413135529
0.23049283027648926
0.22428898513317108
0.21205471456050873
0.2195286750793457
0.22214601933956146
0.24758893251419067
0.19636879861354828
0.1948244869709015
0.19400277733802795
0.18365028500556946
0.20094306766986847
0.16591989994049072
0.16490426659584045
0.17080602049827576
0.16840563714504242
0.1825937181711197
0.186788871884346
0.14640873670578003
0.16772611439228058
0.175075963139534
0.1614997386932373
0.14840863645076752
0.173043355345726
0.1673189103603363
0.17869992554187775
0.17606881260871887
0.161414235830307
0.1660124957561493
no squeeze
3.4575297832489014
1.0965993404388428
0.7189888954162598
0.5294842720031738
0.4030762314796448
0.3528311848640442
0.30296212434768677
0.2736819386482239
0.26159176230430603
0.2428794950246811
0.23005564510822296
0.2173887938261032
0.2199401557445526
0.21155758202075958
0.19610479474067688
0.17050746083259583
0.1741064190864563
0.1692611277103424
0.17785049974918365
0.18328629434108734
0.17591120302677155
0.1812293827533722
0.17936144769191742
0.16462014615535736
0.17436818778514862
0.16184473037719727
0.16642771661281586
0.1556650698184967
0.15689797699451447
0.14338354766368866
0.14561748504638672
0.14155517518520355
0.1244136169552803
0.14622345566749573
0.13540667295455933
0.13195274770259857
0.1453244388103485
0.15502850711345673
0.1369478553533554
0.1391686052083969
0.124487966299057
0.15397953987121582
0.13606752455234528
no squeeze
5.21085262298584
0.7317653894424438
0.40718013048171997
0.3298170864582062
0.4749028980731964
0.36137890815734863
0.29920694231987
0.2862020432949066
0.38906294107437134
0.46867671608924866
0.2572881281375885
0.21569353342056274
0.22679045796394348
0.19362981617450714
0.2092466652393341
0.3135894238948822
0.33782821893692017
0.32635802030563354
0.16638405621051788
0.44175535440444946
0.26705536246299744
0.2692488729953766
0.24860788881778717
0.16722510755062103
0.25877973437309265
0.2832237780094147
0.20606747269630432
0.15594907104969025
0.2959536015987396
0.2639051079750061
0.29671546816825867
0.39436522126197815
0.20742681622505188
0.21999160945415497
0.22653239965438843
0.2806369364261627
0.30447161197662354
0.194450244307518
