no squeeze
12.796771049499512
0.901639461517334
0.5545508861541748
0.14718057215213776
0.11416976153850555
0.05044182389974594
0.041922055184841156
0.023079147562384605
0.020238498225808144
0.013643134385347366
0.012648781761527061
0.010120944119989872
0.00974112469702959
0.008752060122787952
0.008581629022955894
0.008139065466821194
0.008065517991781235
0.007827653549611568
0.0077950297854840755
0.007672983221709728
0.007620899472385645
0.007563204038888216
0.0075294822454452515
0.007472784258425236
0.007446104194968939
0.007417770102620125
0.007427499629557133
0.007351450156420469
0.007355649024248123
0.0073214429430663586
0.007330690044909716
0.007288353983312845
0.007278613280504942
0.007252143695950508
0.0072561572305858135
0.0072493948973715305
0.007234919350594282
0.007221883628517389
0.007214069366455078
0.007212901953607798
0.007187796290963888
0.007203367538750172
0.007191772572696209
0.007174090016633272
0.00717578362673521
0.007159140892326832
0.007164554204791784
0.007145663257688284
0.007177312858402729
0.007167258765548468
no squeeze
12.355830192565918
2.120999336242676
1.7743993997573853
1.3175263404846191
1.261527180671692
1.140097975730896
1.1220760345458984
1.0805150270462036
1.0726063251495361
1.0560790300369263
1.056199073791504
1.0505632162094116
1.0490204095840454
1.0449045896530151
1.0459413528442383
1.0470603704452515
no squeeze
12.916834831237793
2.384977102279663
1.8257180452346802
0.8315281867980957
0.7219389081001282
0.47646018862724304
0.43527430295944214
0.31508100032806396
0.29165318608283997
0.216634601354599
0.20098046958446503
0.14981640875339508
0.13967831432819366
0.10640322417020798
0.09981007874011993
0.07809020578861237
0.07345709949731827
0.05950272083282471
0.05630482733249664
0.046579793095588684
0.04457344859838486
0.03799423575401306
0.03668978437781334
0.03225741162896156
0.031304772943258286
0.02820589393377304
0.027619188651442528
0.025262927636504173
0.024717748165130615
0.022798392921686172
0.02244812250137329
0.021184587851166725
0.020773472264409065
0.019502324983477592
0.019161999225616455
0.018193313851952553
0.017957760021090508
0.01707369275391102
0.016907311975955963
0.016069967299699783
0.015905899927020073
0.015183063223958015
0.01505068689584732
0.014464291743934155
0.014331401325762272
0.013770208694040775
0.013613098300993443
0.013211341574788094
0.013060756959021091
0.012622514739632607
0.0125208655372262
0.012090027332305908
0.01202048547565937
0.011632004752755165
0.011549556627869606
0.011228633113205433
0.011151335202157497
0.010822232812643051
0.01075585838407278
0.010537921451032162
0.01044747419655323
0.010241814889013767
0.010163873434066772
0.009894990362226963
0.009838417172431946
0.009670739062130451
0.009627819061279297
0.009380987845361233
0.00935231801122427
0.009175997227430344
0.00914030335843563
0.008955848403275013
0.008939727209508419
0.008776615373790264
0.008711046539247036
0.008593479171395302
0.008527426049113274
0.008437213487923145
0.008404386229813099
0.00827361736446619
0.008234001696109772
0.00811928790062666
0.00809864979237318
0.00799926370382309
0.00795572716742754
0.00784200057387352
0.007878297008574009
0.007737075909972191
0.00771794468164444
0.007640028838068247
0.007626925129443407
0.007557844743132591
0.007516883313655853
0.007461231201887131
0.007428339682519436
0.007382542360574007
0.007371211424469948
0.007271894253790379
0.007276606280356646
0.007201441563665867
0.00721105607226491
0.0071787177585065365
0.007130011450499296
0.007112477440387011
0.007090272847563028
0.007070022169500589
0.007062262389808893
0.006999214179813862
0.0070092808455228806
0.0069634076207876205
0.006960991770029068
0.0069242361932992935
0.0069105979055166245
0.0069024828262627125
0.006899101193994284
0.006882515735924244
0.006851277779787779
0.006836656015366316
0.006831762846559286
0.006852687336504459
0.006854755338281393
0.006790737621486187
0.0068073999136686325
0.006808936595916748
no squeeze
13.121471405029297
5.744516372680664
4.775408744812012
3.129774332046509
2.9338274002075195
2.4401721954345703
2.353456497192383
2.0906906127929688
2.0383570194244385
1.8685897588729858
1.8315836191177368
1.7114146947860718
1.684877872467041
1.5980383157730103
1.578599452972412
1.5106223821640015
1.4948444366455078
1.4428893327713013
1.4318244457244873
1.3903084993362427
1.3797187805175781
1.3473427295684814
1.3396353721618652
1.3097152709960938
1.3037419319152832
1.2771177291870117
1.2723674774169922
1.246543526649475
1.2411812543869019
1.2200546264648438
1.213908314704895
1.1949816942214966
1.1884992122650146
1.1669319868087769
1.1628262996673584
1.1438206434249878
1.140123963356018
1.120747447013855
1.1156243085861206
1.0975747108459473
1.0934698581695557
1.077648639678955
1.073751449584961
1.0531367063522339
1.0508418083190918
1.0330051183700562
1.0302966833114624
1.0171682834625244
1.0128169059753418
0.9991177916526794
0.9951003193855286
0.9838606715202332
0.980862021446228
0.9692885875701904
0.9671699404716492
0.9579100012779236
0.9557185769081116
0.9457286596298218
0.9438788890838623
0.9344081878662109
0.9321369528770447
0.9254826307296753
0.9222763776779175
0.9126707911491394
0.9108442068099976
0.9026455283164978
0.9033628106117249
0.8955450654029846
0.8955079317092896
0.8869835734367371
0.8876716494560242
0.8812268972396851
0.878882884979248
0.8735219836235046
0.8745098114013672
0.8646050095558167
0.8653002381324768
0.8611310720443726
0.8577351570129395
0.8515150547027588
0.8541732430458069
0.8487198352813721
0.8467531204223633
0.8449723720550537
0.8437612652778625
0.83931565284729
0.839285135269165
0.8361367583274841
0.8326427936553955
0.8312814831733704
0.8321676850318909
0.8258591294288635
0.8249420523643494
0.823485255241394
0.826545000076294
0.8223206400871277
0.8229811787605286
0.8202142119407654
0.8202253580093384
0.8163846135139465
0.8160786032676697
0.815509557723999
0.8161793351173401
0.8121657967567444
0.8125128149986267
0.8120406270027161
0.810646653175354
0.8083658218383789
0.8084679841995239
0.8098998665809631
no squeeze
12.388312339782715
2.9952878952026367
2.511810779571533
1.7203142642974854
1.6242808103561401
1.3937654495239258
1.3566200733184814
1.2524068355560303
1.2326616048812866
1.173275113105774
1.1619855165481567
1.1237976551055908
1.1147717237472534
1.0891748666763306
1.0810129642486572
1.0619187355041504
1.0566260814666748
1.04074227809906
1.0379256010055542
1.0228101015090942
1.0205121040344238
1.0060518980026245
1.0033050775527954
0.9934526085853577
0.9916864633560181
0.9833732843399048
0.9819149374961853
0.9729310870170593
0.971612811088562
0.9650853276252747
0.9642018675804138
0.9565990567207336
0.9553052186965942
0.9512621164321899
0.950413703918457
0.9453992247581482
0.9459940195083618
0.9416927695274353
0.9409316182136536
0.9375013113021851
0.9380285143852234
0.9338510632514954
0.9320460557937622
0.9310543537139893
0.9320089221000671
0.9290300607681274
0.9270920157432556
0.927214503288269
0.9247855544090271
0.9221606850624084
0.9227297902107239
0.9212646484375
0.9205881357192993
0.9197629690170288
0.9193071722984314
0.917434573173523
0.9183495044708252
0.9137965440750122
0.9163336753845215
0.9161697030067444
no squeeze
10.757140159606934
2.001945972442627
1.935711145401001
1.8187352418899536
1.8124024868011475
1.8062496185302734
1.8054887056350708
1.8058887720108032
1.8061559200286865
1.8082911968231201
