no squeeze
226.24183654785156
89.63430786132812
69.34729766845703
37.383949279785156
34.2857666015625
26.230276107788086
24.689992904663086
19.9228458404541
18.934972763061523
15.766793251037598
15.092955589294434
12.915604591369629
12.44567584991455
10.940178871154785
10.624463081359863
9.590128898620605
9.37142276763916
8.647904396057129
8.498703956604004
7.994669437408447
7.880230903625488
7.520073413848877
7.4424896240234375
7.192249774932861
7.144700050354004
6.959898948669434
6.915798664093018
6.786296844482422
6.754063129425049
6.665987968444824
6.639863967895508
6.578603744506836
6.569797039031982
6.5114850997924805
6.4938859939575195
6.457569599151611
6.446627140045166
6.417369365692139
6.416100025177002
6.392920017242432
6.383967399597168
6.3703742027282715
6.3691558837890625
6.359477996826172
6.357028484344482
6.339343070983887
6.336612701416016
6.3362321853637695
6.343437671661377
6.325004577636719
6.327792644500732
6.320572376251221
6.319929122924805
6.326750755310059
6.318356037139893
6.313519477844238
6.309734344482422
6.305996417999268
6.30548620223999
6.309905052185059
6.3040690422058105
6.303402423858643
6.3069868087768555
6.304009914398193
no squeeze
229.4327850341797
131.4042205810547
108.68344116210938
51.96839141845703
45.3643798828125
32.05905532836914
29.999807357788086
24.36981201171875
23.316076278686523
20.2294864654541
19.622133255004883
17.839153289794922
17.503633499145508
16.505435943603516
16.309171676635742
15.748183250427246
15.630743980407715
15.294447898864746
15.232089042663574
15.036822319030762
14.992548942565918
14.875404357910156
14.842933654785156
14.774026870727539
14.75324535369873
14.704963684082031
14.691729545593262
14.661111831665039
14.647256851196289
14.630309104919434
14.608381271362305
14.597574234008789
14.593448638916016
14.598179817199707
14.578531265258789
14.567427635192871
14.562541007995605
14.567586898803711
14.571451187133789
14.563840866088867
no squeeze
229.8268585205078
131.81173706054688
109.72445678710938
55.71937942504883
49.47878646850586
36.01908874511719
33.73686981201172
27.017118453979492
25.672130584716797
21.382165908813477
20.45705223083496
17.35149574279785
16.65578269958496
14.244937896728516
13.691842079162598
11.7562837600708
11.300233840942383
9.717146873474121
9.350264549255371
8.074371337890625
7.7782135009765625
6.754641056060791
6.517702579498291
5.7047834396362305
5.516802787780762
4.870815753936768
4.722354412078857
4.213167667388916
4.095043659210205
3.6912009716033936
3.5987842082977295
3.2792418003082275
3.2048943042755127
2.949767589569092
2.8900980949401855
2.682422399520874
2.63390851020813
2.469547986984253
2.4294018745422363
2.2911601066589355
2.258800745010376
2.14510440826416
2.1183624267578125
2.0265626907348633
2.002761125564575
1.925567626953125
1.9056416749954224
1.8366243839263916
1.8217854499816895
1.762693166732788
1.7499192953109741
1.7017780542373657
1.6900317668914795
1.6457244157791138
1.6378992795944214
1.6017652750015259
1.5918033123016357
1.5590572357177734
1.5518476963043213
1.5259953737258911
1.5180596113204956
1.4926116466522217
1.486454725265503
1.4634809494018555
1.4578531980514526
1.4372631311416626
1.4327770471572876
1.416090726852417
1.4111436605453491
1.3936337232589722
1.3898760080337524
1.376114010810852
1.3732333183288574
1.3612513542175293
1.3570003509521484
1.3448654413223267
1.341354250907898
1.3293882608413696
1.3262118101119995
1.3166929483413696
1.3138506412506104
1.305191993713379
1.303087830543518
1.2939586639404297
1.2921686172485352
1.2839622497558594
1.2820663452148438
1.2780091762542725
1.2740581035614014
1.2655025720596313
1.264888882637024
1.2585655450820923
1.2563068866729736
1.2516441345214844
1.2507622241973877
1.245644211769104
1.2438510656356812
1.2387049198150635
1.237815499305725
1.2344995737075806
1.2339659929275513
1.2282572984695435
1.2270896434783936
1.2237776517868042
1.2223341464996338
1.219476580619812
1.2185735702514648
1.2143735885620117
1.216086983680725
1.2115063667297363
1.211615800857544
1.20723295211792
1.2060989141464233
1.205026626586914
1.2056059837341309
1.2036049365997314
1.2031601667404175
1.200068712234497
1.1991074085235596
1.196228265762329
1.196041464805603
1.1950958967208862
1.1930192708969116
1.1933728456497192
1.1929516792297363
1.1918755769729614
1.1922507286071777
1.1883571147918701
1.1885745525360107
1.1889915466308594
no squeeze
231.33505249023438
174.75357055664062
157.03018188476562
91.31983947753906
79.51888275146484
57.03250503540039
54.18905258178711
46.612308502197266
45.171451568603516
40.754573822021484
39.82081985473633
36.77573776245117
36.10845947265625
33.8341064453125
33.31625747680664
31.52406883239746
31.100418090820312
29.620025634765625
29.27143669128418
28.005075454711914
27.702434539794922
26.61601448059082
26.345487594604492
25.36622428894043
25.129465103149414
24.26984214782715
24.0544490814209
23.292856216430664
23.096729278564453
22.41168785095215
22.23240089416504
21.601627349853516
21.454389572143555
20.897706985473633
20.76148796081543
20.255617141723633
20.12635040283203
19.678258895874023
19.560813903808594
19.158628463745117
19.040658950805664
18.666950225830078
18.582054138183594
18.20359992980957
18.1108455657959
17.782371520996094
17.6907901763916
17.372573852539062
17.286357879638672
16.992828369140625
16.901836395263672
16.600234985351562
16.51230239868164
16.217329025268555
16.149856567382812
15.85480785369873
15.77383041381836
15.482955932617188
15.405550956726074
15.117053031921387
15.053227424621582
14.752534866333008
14.683656692504883
14.396170616149902
14.3232421875
14.059562683105469
13.982125282287598
13.708412170410156
13.630946159362793
13.369983673095703
13.317785263061523
13.055903434753418
12.984569549560547
12.756000518798828
12.698701858520508
12.488571166992188
12.424393653869629
12.234933853149414
12.183865547180176
12.01425838470459
11.962085723876953
11.802739143371582
11.766807556152344
11.62240219116211
11.591268539428711
11.472306251525879
11.42758560180664
11.312633514404297
11.283535957336426
11.197848320007324
11.173327445983887
11.084356307983398
11.057512283325195
10.985672950744629
10.960333824157715
10.883968353271484
10.858132362365723
10.794793128967285
10.772868156433105
10.729048728942871
10.703875541687012
10.647889137268066
10.627628326416016
10.58757495880127
10.560434341430664
10.516864776611328
10.510337829589844
10.46585750579834
10.44320011138916
10.4074068069458
10.39076042175293
10.357809066772461
10.352880477905273
10.305230140686035
10.284360885620117
10.264918327331543
10.249484062194824
10.218517303466797
10.209282875061035
10.169624328613281
10.170252799987793
10.127863883972168
10.119881629943848
10.09585952758789
10.082483291625977
10.055578231811523
10.052448272705078
10.016490936279297
10.013154029846191
9.997146606445312
9.98721694946289
9.958521842956543
9.946588516235352
9.918971061706543
9.917022705078125
9.896821975708008
9.902315139770508
9.857110977172852
9.855902671813965
9.842525482177734
9.848268508911133
9.82957935333252
9.812019348144531
9.784204483032227
9.78076457977295
9.764382362365723
9.745742797851562
9.735736846923828
9.719820022583008
9.707072257995605
9.718903541564941
9.697464942932129
9.685089111328125
9.6832857131958
9.659253120422363
9.638162612915039
9.63619327545166
9.614398002624512
9.619007110595703
9.612271308898926
9.602848052978516
9.600772857666016
9.576784133911133
9.5728120803833
9.55848503112793
9.558600425720215
9.542957305908203
9.528281211853027
9.535379409790039
9.514890670776367
9.504772186279297
9.487654685974121
9.491104125976562
9.472061157226562
9.46835994720459
9.46733283996582
9.462203025817871
9.450434684753418
9.440934181213379
9.449177742004395
9.44481086730957
9.428595542907715
9.432051658630371
9.411582946777344
9.410542488098145
9.397021293640137
9.396758079528809
9.382667541503906
9.404088020324707
9.402158737182617
no squeeze
228.89825439453125
122.96876525878906
103.07394409179688
59.3211555480957
54.26426315307617
42.858497619628906
40.86164093017578
34.9073486328125
33.709293365478516
29.93511962890625
29.13100814819336
26.53887939453125
25.96492576599121
24.07945442199707
23.65964126586914
22.255760192871094
21.943626403808594
20.88093376159668
20.646583557128906
19.809085845947266
19.61927032470703
18.95931625366211
18.801246643066406
18.2625732421875
18.13544273376465
17.689363479614258
17.576139450073242
17.20561408996582
17.1094913482666
16.787710189819336
16.70868682861328
16.440711975097656
16.368322372436523
16.124473571777344
16.063980102539062
15.865569114685059
15.809165954589844
15.627410888671875
15.579627990722656
15.421958923339844
15.38286018371582
15.235494613647461
15.199951171875
15.077043533325195
15.052449226379395
14.944788932800293
14.91169548034668
14.811507225036621
14.79257869720459
14.70585823059082
14.681315422058105
14.595497131347656
14.575450897216797
14.498566627502441
14.48237419128418
14.415451049804688
14.401219367980957
14.339469909667969
14.32356071472168
14.269347190856934
14.260862350463867
14.207347869873047
14.191574096679688
14.151845932006836
14.135050773620605
14.100214958190918
14.094451904296875
14.052713394165039
14.037878036499023
14.013561248779297
13.997621536254883
13.966375350952148
13.955111503601074
13.934993743896484
13.930245399475098
13.905912399291992
13.88945484161377
13.873955726623535
13.860671997070312
13.839269638061523
13.824968338012695
13.808830261230469
13.802066802978516
13.790608406066895
13.782838821411133
13.772638320922852
13.775222778320312
13.770323753356934
13.74697208404541
13.724453926086426
13.720246315002441
13.723775863647461
13.710674285888672
13.693222999572754
13.688206672668457
13.688511848449707
13.690309524536133
13.676894187927246
13.663346290588379
13.660265922546387
13.653746604919434
13.647595405578613
13.645458221435547
13.631603240966797
13.644859313964844
13.630006790161133
13.617208480834961
13.614013671875
13.60898494720459
13.612372398376465
13.617659568786621
13.59470272064209
13.589010238647461
13.599159240722656
13.579732894897461
13.591512680053711
13.58884048461914
13.581040382385254
no squeeze
231.88116455078125
61.3135986328125
53.47126770019531
42.97259521484375
42.15943145751953
40.65208053588867
40.4693489074707
40.10425567626953
40.06254959106445
39.966796875
39.959999084472656
39.93251037597656
39.918556213378906
39.92411422729492
39.91214370727539
39.9079475402832
39.8972282409668
39.90934753417969
39.910762786865234
39.905094146728516
