no squeeze
2.3022842407226562
0.7993643879890442
0.3528192639350891
0.18033842742443085
0.09194423258304596
0.041963666677474976
0.026773575693368912
0.017798304557800293
0.011130663566291332
0.010451693087816238
0.0057096597738564014
0.004960909485816956
0.0038833722937852144
0.0034142141230404377
0.0037385933101177216
0.0026301394682377577
0.001727430266328156
0.0019520689966157079
0.002188459038734436
0.0014651322271674871
0.0021294315811246634
0.0017869791481643915
0.002284486312419176
0.001089539029635489
0.0013267938047647476
0.0012304906267672777
0.0010770547669380903
0.0006979797035455704
0.0009024610626511276
0.001465244684368372
0.0008243306656368077
0.000641984399408102
0.0004113674513064325
0.0004741169686894864
0.0009475052356719971
0.00034678526571951807
0.001292292377911508
0.0004038825863972306
0.0006503936019726098
0.0006435638060793281
0.0007115629850886762
0.0006183263030834496
0.0005694465944543481
0.0004775488341692835
0.00029325459036044776
0.0006769416504539549
0.0013925861567258835
0.0008457140647806227
0.00034288366441614926
0.00044493749737739563
0.0004662046558223665
0.0004585857386700809
0.0002949804184027016
0.0003848854685202241
0.0027246142271906137
no squeeze
2.295220375061035
0.851709246635437
0.5179626941680908
0.3263967037200928
0.23462273180484772
0.1798829287290573
0.15350832045078278
0.13165275752544403
0.11985098570585251
0.11418523639440536
0.09365548938512802
0.07867072522640228
0.07223204523324966
0.06800757348537445
0.06024232506752014
0.06189852952957153
0.07621818035840988
0.06396273523569107
0.05657864362001419
0.05565471947193146
0.05714591220021248
0.05843342840671539
0.05023731291294098
0.051668111234903336
0.050626881420612335
0.056764155626297
0.050323616713285446
0.05824112519621849
0.055666014552116394
0.04328490048646927
0.07981494814157486
0.07027753442525864
0.05246742069721222
0.052243851125240326
0.054135460406541824
0.05571391433477402
0.04432375729084015
0.049449093639850616
0.042105745524168015
0.043725401163101196
0.04258710518479347
0.05816711112856865
0.04683670029044151
0.04848635569214821
0.053530704230070114
0.05323946848511696
0.047905586659908295
0.05288834497332573
0.04755090922117233
no squeeze
2.6247153282165527
1.1130497455596924
0.6945287585258484
0.495557576417923
0.3448663055896759
0.2661297917366028
0.17876751720905304
0.14014138281345367
0.09661566466093063
0.08150477707386017
0.06402046978473663
0.05226833000779152
0.04433293640613556
0.035606518387794495
0.031012190505862236
0.02640875056385994
0.021261904388666153
0.01920853927731514
0.03374677523970604
0.026085611432790756
0.017903905361890793
0.012015859596431255
0.010325110517442226
0.009532737545669079
0.031322259455919266
0.023833924904465675
0.013981055468320847
0.011250314302742481
0.010658463463187218
0.009921387769281864
0.013682234100997448
0.007371187210083008
0.011009053327143192
0.010604300536215305
0.0054905712604522705
0.005073516629636288
0.005515922326594591
0.006449687760323286
0.011264772154390812
0.008967424742877483
0.01371806487441063
0.00731777586042881
0.013534143567085266
0.007328304927796125
0.006126985419541597
0.005454366095364094
no squeeze
2.7355339527130127
1.5348215103149414
1.2194870710372925
1.0626732110977173
0.9138886332511902
0.8075586557388306
0.7291131019592285
0.6611964702606201
0.6005001068115234
0.5523768067359924
0.5197171568870544
0.472059428691864
0.4312972128391266
0.4042542278766632
0.3815738260746002
0.34725579619407654
0.3266443908214569
0.31213703751564026
0.2901805639266968
0.2845815122127533
0.2645662724971771
0.2619051933288574
0.22985005378723145
0.23785288631916046
0.20860469341278076
0.20717710256576538
0.19161902368068695
0.1809406876564026
0.18150369822978973
0.16573244333267212
0.16103601455688477
0.14907805621623993
0.15100745856761932
0.13908988237380981
0.1315518468618393
0.1307925581932068
0.13073723018169403
0.12633933126926422
0.12114012241363525
0.12096214294433594
0.10561984032392502
0.1046765074133873
0.11515233665704727
0.10280977934598923
0.09493043273687363
0.09552077949047089
0.09563353657722473
0.09529927372932434
0.09307393431663513
0.09381753206253052
0.08790124207735062
0.08455508947372437
0.09220631420612335
0.08513877540826797
0.08432866632938385
0.07682566344738007
0.08490964770317078
0.07620803266763687
0.08153515309095383
0.08031453937292099
0.07164598256349564
0.07656677812337875
0.07115606963634491
0.07016882300376892
0.07386261224746704
0.07115644961595535
0.0665760487318039
0.06781108677387238
0.06956103444099426
0.06742875277996063
0.06644599139690399
0.06602712720632553
0.06575429439544678
0.06326567381620407
0.06175084412097931
0.0656484067440033
0.06403741240501404
0.05944621190428734
0.06245630607008934
0.061427388340234756
0.06853613257408142
0.060857780277729034
0.057902123779058456
0.06070005148649216
0.06327792257070541
0.06025894731283188
0.054137930274009705
0.05796978622674942
0.054560232907533646
0.061147045344114304
0.05476619675755501
0.059612471610307693
0.05691562220454216
0.06168210506439209
0.05269557237625122
0.056618399918079376
0.0693012923002243
0.055468764156103134
0.05383569374680519
0.05040737986564636
0.05990341678261757
0.060949746519327164
0.05515982210636139
0.06016191840171814
0.05793582648038864
0.05758149176836014
0.04943034052848816
0.05145411938428879
0.05209452658891678
0.05033869296312332
0.056726448237895966
0.05227985605597496
0.05396997183561325
0.04842698946595192
0.05291761830449104
0.04888926073908806
0.05274170637130737
0.05111128091812134
0.053020965307950974
0.051899503916502
0.04980562627315521
0.052364248782396317
0.05353904515504837
0.05201726034283638
no squeeze
2.3022537231445312
1.1037768125534058
0.8220535516738892
0.6634212136268616
0.5370856523513794
0.4293675720691681
0.3721921741962433
0.3158210813999176
0.2887045443058014
0.2513374090194702
0.23973555862903595
0.19991126656532288
0.17995288968086243
0.17378632724285126
0.1676807403564453
0.15083225071430206
0.13427598774433136
0.12478602677583694
0.11648247390985489
0.11791511625051498
0.10161662846803665
0.11124106496572495
0.0964774489402771
0.09839984029531479
0.09143750369548798
0.08145791292190552
0.07955049723386765
0.077000193297863
0.07751490920782089
0.07099861651659012
0.07404869794845581
0.06864451617002487
0.08077824860811234
0.057499583810567856
0.0639205053448677
0.0625319555401802
0.06816520541906357
0.054588448256254196
0.0572088398039341
0.05227671563625336
0.053833335638046265
0.056624896824359894
0.05240416154265404
0.05390821769833565
0.049046535044908524
0.04598737508058548
0.04568852111697197
0.048323553055524826
0.04699553921818733
0.0486261285841465
0.04387596994638443
0.04508473724126816
0.04293525218963623
0.04409288242459297
0.04416912421584129
0.04159611463546753
0.03733767941594124
0.0418277233839035
0.045844290405511856
0.04114623740315437
0.04084714129567146
0.032739050686359406
0.036597512662410736
0.03686860203742981
0.0391232855618
0.03925131633877754
0.038918498903512955
0.03566417098045349
0.03419668599963188
0.030622225254774094
0.0336301364004612
0.040342237800359726
0.03485728055238724
0.032810527831315994
0.036036472767591476
0.03295902907848358
0.028686612844467163
0.030794551596045494
0.02754427306354046
0.030406424775719643
0.028295375406742096
0.02810460887849331
0.024709710851311684
0.024912742897868156
0.025942618027329445
0.028059804812073708
0.030396409332752228
0.027901368215680122
0.025486284866929054
0.026490343734622
0.027284977957606316
0.032407622784376144
0.034204524010419846
no squeeze
1.981149435043335
0.8328597545623779
0.5128985047340393
0.439552903175354
0.2686302661895752
0.24977746605873108
0.3641519546508789
0.28276166319847107
0.1705126166343689
0.20066052675247192
0.22297559678554535
0.2886597514152527
0.2943892180919647
0.23441575467586517
0.32988154888153076
0.14819100499153137
0.15388785302639008
0.2964105010032654
0.2345723658800125
0.14511530101299286
0.134699746966362
0.1568746268749237
0.21215449273586273
0.17591015994548798
0.23083701729774475
0.19259558618068695
0.21894896030426025
0.2553379535675049
0.16261959075927734
0.17643266916275024
0.20748043060302734
