no squeeze
1.999176025390625
0.06696459650993347
0.042455483227968216
0.019284408539533615
0.017972644418478012
0.01587301678955555
0.01567615568637848
0.015294437296688557
0.015243209898471832
0.014964187517762184
0.015108535997569561
0.01493721641600132
0.014865195378661156
0.014772503636777401
0.014759276062250137
0.014704708941280842
0.014690305106341839
0.014732331037521362
0.014724229462444782
0.014576496556401253
0.014649744145572186
0.014736082404851913
no squeeze
1.917327880859375
0.10636043548583984
0.08267951756715775
0.058719053864479065
0.057300060987472534
0.054853253066539764
0.05438513681292534
0.05310807377099991
0.052976515144109726
0.05249878764152527
0.05251849815249443
0.05180155858397484
0.05176359415054321
0.05171576514840126
0.0519525483250618
0.05164197459816933
0.052357058972120285
0.05161350592970848
0.05192268267273903
0.05222500115633011
no squeeze
1.8714320659637451
0.12984074652194977
0.09111670404672623
0.03738917037844658
0.032249584794044495
0.020944885909557343
0.01900189183652401
0.013532722368836403
0.012572233565151691
0.009760028682649136
0.009171226061880589
0.007313981652259827
0.006923746783286333
0.005687554832547903
0.005433383863419294
0.004581449553370476
0.0044071548618376255
0.003869245294481516
0.0037433388642966747
0.0032932490576058626
0.0032056209165602922
0.002905062399804592
0.002852974459528923
0.0026613713707774878
0.002612959360703826
0.0024682676885277033
0.002421111101284623
0.0023137552198022604
0.002284663962200284
0.0022185619454830885
0.0021996430587023497
0.002113890368491411
0.0021046220790594816
0.0020649454090744257
0.002054800745099783
0.0020074641797691584
0.0019910414703190327
0.001961349742487073
0.0019577965140342712
0.0019345730543136597
0.0019298405386507511
0.0018935921834781766
0.0018851271597668529
0.0018624829826876521
0.001872047781944275
0.001854421105235815
0.0018532132962718606
0.0018198986072093248
0.0018344302661716938
0.001820570440031588
no squeeze
2.018622398376465
0.2978702783584595
0.24885918200016022
0.181344673037529
0.17366865277290344
0.1551906019449234
0.15208175778388977
0.1422172486782074
0.14001725614070892
0.13337792456150055
0.13212376832962036
0.1273421198129654
0.12613114714622498
0.12200815230607986
0.12102410942316055
0.11792731285095215
0.11686749011278152
0.11407072097063065
0.11343900114297867
0.11097543686628342
0.10972774773836136
0.10696354508399963
0.10659916698932648
0.10299312323331833
0.10207916796207428
0.09866881370544434
0.09795636683702469
0.0929979756474495
0.09214538335800171
0.08871854096651077
0.08716011047363281
0.081177718937397
0.07923606783151627
0.0755729228258133
0.07557152956724167
0.07046279311180115
0.07003555446863174
0.06780175119638443
0.06729797273874283
0.0662141740322113
0.06578440964221954
0.06498104333877563
0.0650598406791687
0.06450079381465912
0.0639776811003685
0.06358519196510315
0.0634911060333252
0.06305516511201859
0.0634409636259079
0.06339070200920105
no squeeze
2.778825283050537
0.2499922513961792
0.1957377940416336
0.12156789004802704
0.11345487833023071
0.09702906757593155
0.09454218298196793
0.08777519315481186
0.08510971069335938
0.07974904775619507
0.07830540835857391
0.07517829537391663
0.07427939027547836
0.07364640384912491
0.0743613913655281
0.0711166188120842
0.06978791952133179
0.06857207417488098
0.06822921335697174
0.06807374209165573
0.06729237735271454
0.0669354498386383
0.06673252582550049
0.06650543957948685
0.06631296873092651
0.06537764519453049
0.0658806562423706
0.06563296169042587
no squeeze
2.5067734718322754
0.16727356612682343
0.14702220261096954
0.13000568747520447
0.12949475646018982
0.13028684258460999
0.13041609525680542
0.13119851052761078
