no squeeze
3.612241268157959
1.260680913925171
0.6589632630348206
0.3678444027900696
0.19344821572303772
0.1296495646238327
0.08419767767190933
0.10293903946876526
0.052876949310302734
0.03791818395256996
0.031916115432977676
0.02416856959462166
0.03046576678752899
0.021854521706700325
0.022163303568959236
0.012857683934271336
0.013794767670333385
0.009229964576661587
0.01032318826764822
0.008582371287047863
0.008104040287435055
0.00652845436707139
0.01130132470279932
0.012268342077732086
0.008655068464577198
0.013518274761736393
0.006419191602617502
0.00977727584540844
0.005222187843173742
0.005568191409111023
0.004820785950869322
0.019367782399058342
0.008084744215011597
0.006817480083554983
0.009916230104863644
0.006203727796673775
0.007890094071626663
0.007259368896484375
0.016929181292653084
0.010042799636721611
0.005375740118324757
no squeeze
3.1153688430786133
1.2394452095031738
0.7512549161911011
0.44656530022621155
0.2833307385444641
0.1918848156929016
0.15974880754947662
0.10368385910987854
0.0875718966126442
0.0655866488814354
0.06369801610708237
0.05032672733068466
0.03393131121993065
0.03208034858107567
0.0331411212682724
0.02055928483605385
0.019956815987825394
0.022504212334752083
0.012959788553416729
0.018014315515756607
0.012902908958494663
0.012670055963099003
0.011158389039337635
0.01336213480681181
0.01081338431686163
0.011297916062176228
0.007706064730882645
0.009312599897384644
0.008776274509727955
0.008838111534714699
0.00851588323712349
0.00551982456818223
0.009985898621380329
0.008952097035944462
0.016244258731603622
0.009798798710107803
0.006093007978051901
0.008294528350234032
0.0053249541670084
0.006001458037644625
0.005498289130628109
0.017890088260173798
0.013010887429118156
0.014467050321400166
0.00997774675488472
0.006449537817388773
0.0035674525424838066
0.0027838011737912893
0.0025964591186493635
0.0026684764306992292
0.0030074683018028736
0.006344756577163935
0.005811604671180248
0.020540624856948853
0.031210146844387054
0.010923187248408794
0.011348329484462738
0.007966016419231892
0.005174200050532818
no squeeze
3.7691690921783447
1.6629668474197388
1.046183466911316
0.7156409025192261
0.538950502872467
0.3817376494407654
0.29430121183395386
0.2592141032218933
0.3029917776584625
0.18168741464614868
0.13128824532032013
0.1163775846362114
0.08974480628967285
0.08351195603609085
0.07223303616046906
0.06162596866488457
0.056662287563085556
0.04133519157767296
0.05796549469232559
0.04143732041120529
0.04809930920600891
0.03966079279780388
0.03122601844370365
0.02754339575767517
0.028926579281687737
0.032555487006902695
0.026941435411572456
0.02443631924688816
0.017879141494631767
0.014956247992813587
0.01447425689548254
0.01749211922287941
0.015192781575024128
0.01401053462177515
0.01385459490120411
0.012751352041959763
0.015353859402239323
0.015336657874286175
0.01381610706448555
0.013368829153478146
0.012264635413885117
0.01487866509705782
0.011949741281569004
0.012199408374726772
0.020623549818992615
0.06520446389913559
0.025407373905181885
0.02650611475110054
0.01316940039396286
0.010241469368338585
0.014814313501119614
0.013222940266132355
0.01615806296467781
0.016992412507534027
0.016965651884675026
0.012956270016729832
0.012036038562655449
0.02130955457687378
0.008711684495210648
0.01145103108137846
0.010016120038926601
0.01086154580116272
0.009749382734298706
0.009300454519689083
0.008179583586752415
0.010343760251998901
0.009532392956316471
0.009541130624711514
0.009692634455859661
0.007699841167777777
0.006250077858567238
0.008166220039129257
0.009067174047231674
0.02000606060028076
0.017167773097753525
0.014009915292263031
0.015421911142766476
0.024274390190839767
0.009964518249034882
0.009137523360550404
0.009812859818339348
no squeeze
3.457782745361328
2.0329678058624268
1.6845673322677612
1.4474856853485107
1.2715325355529785
1.1025965213775635
1.0320008993148804
0.9390433430671692
0.8665980696678162
0.7810544967651367
0.7276930809020996
0.6596481204032898
0.6567144393920898
0.5811224579811096
0.5473558306694031
0.5212617516517639
0.4799381494522095
0.45022836327552795
0.4301917254924774
0.40242257714271545
0.3927561044692993
0.384726345539093
0.363996297121048
0.34221750497817993
0.3173614740371704
0.3113609552383423
0.2878764569759369
0.28799405694007874
0.2552155554294586
0.24832262098789215
0.23424452543258667
0.3111967444419861
0.2759699821472168
0.208928644657135
0.19784197211265564
0.18954654037952423
0.2053183764219284
0.1925060749053955
0.18467752635478973
0.18080167472362518
0.17076437175273895
0.1747206598520279
0.16172479093074799
0.16315291821956635
0.16430945694446564
0.15115855634212494
0.13615216314792633
0.16469275951385498
0.14612901210784912
0.1281341016292572
0.13839223980903625
0.14324863255023956
0.12917748093605042
0.1240483969449997
0.1193997859954834
0.1112375482916832
0.11315245181322098
0.12532582879066467
0.10880756378173828
0.09796655923128128
0.10073360800743103
0.10594411194324493
0.1006254255771637
0.0995136946439743
0.09445837885141373
0.1054636612534523
0.09320180118083954
0.090133897960186
0.09218050539493561
0.09280833601951599
0.09765985608100891
0.08323029428720474
0.08773532509803772
0.09995629638433456
0.09497569501399994
0.10256347060203552
0.0866338387131691
0.0873078927397728
0.0823035016655922
0.07692714780569077
0.09172061085700989
0.09293115884065628
0.08745778352022171
0.07981883734464645
0.09144558757543564
0.08041359484195709
0.07558614015579224
0.07245876640081406
0.08534736931324005
0.06843100488185883
0.07675953954458237
0.07516980916261673
0.08142481744289398
0.06621167808771133
0.07644419372081757
0.0742054134607315
0.07173456251621246
0.09201715886592865
0.07359567284584045
0.07392484694719315
0.07589234411716461
0.0779118686914444
0.07360737770795822
0.06495965272188187
0.07210705429315567
0.06918269395828247
0.06817056238651276
0.08263375610113144
0.069022037088871
0.058804962784051895
0.07719060033559799
0.07873577624559402
0.06405451893806458
0.06867477297782898
0.06723332405090332
0.05844147875905037
0.06109609827399254
0.058320552110672
0.05741186812520027
0.06663713604211807
0.06226362660527229
0.05801009014248848
0.06616374105215073
0.06494561582803726
0.056597258895635605
0.05910646915435791
0.05650613084435463
0.07257869839668274
0.055659081786870956
0.05728466436266899
0.05904670059680939
0.06125739961862564
0.061437297612428665
0.0545378215610981
0.053955599665641785
0.0553954653441906
0.05625007674098015
0.057084821164608
0.051127638667821884
0.06414787471294403
0.05139759182929993
0.051578305661678314
0.05364479497075081
0.05092860013246536
0.060374341905117035
0.047578468918800354
0.05298514664173126
0.05206192284822464
0.05064244940876961
0.05415630340576172
0.05176080763339996
0.04933730885386467
0.05540025979280472
0.04940146952867508
0.051154110580682755
0.04941245913505554
no squeeze
3.7683842182159424
1.5424901247024536
1.0956008434295654
0.8874542713165283
0.7206414341926575
0.6168506145477295
0.5210283994674683
0.44914501905441284
0.3849593698978424
0.3683845102787018
0.32333576679229736
0.3207146227359772
0.27844423055648804
0.24896416068077087
0.23582395911216736
0.21682338416576385
0.20760132372379303
0.20706981420516968
0.18597254157066345
0.18737053871154785
0.20897969603538513
0.17181895673274994
0.1522148847579956
0.1455853134393692
0.1330927461385727
0.12752480804920197
0.13097161054611206
0.1294146329164505
0.1311352252960205
0.11707092821598053
0.11543659120798111
0.11098860204219818
0.11595849692821503
0.09982950240373611
0.10014321655035019
0.10233898460865021
0.08563641458749771
0.0923096165060997
0.10780245065689087
0.08413153141736984
0.08600302785634995
0.07582823932170868
0.07806549966335297
0.07631094008684158
0.07546260952949524
0.07474777847528458
0.08730550110340118
0.0760786309838295
0.07068105787038803
0.06216500699520111
0.07475649565458298
0.0719270184636116
0.06582728028297424
0.08194433152675629
0.05917347967624664
0.06971634924411774
0.05786304175853729
0.06485679000616074
0.06026962026953697
0.07282392680644989
0.0603763647377491
0.049151647835969925
0.046423155814409256
0.053672678768634796
0.05183275789022446
0.07541020959615707
0.056727662682533264
0.08671204000711441
0.06364428251981735
0.04685600847005844
0.06636980175971985
0.04940880835056305
0.05293671414256096
no squeeze
4.246782302856445
1.243783950805664
0.9638084173202515
1.1218819618225098
0.5003986358642578
0.5483501553535461
0.5940548181533813
0.46348586678504944
0.407265305519104
0.599657416343689
0.8177157044410706
0.5349876880645752
0.7564873099327087
0.5071709156036377
0.41013196110725403
0.4719260036945343
0.35563766956329346
0.8039997816085815
1.0394827127456665
0.5186907052993774
0.3587026596069336
0.6640646457672119
0.6328601837158203
0.41085192561149597
0.33023515343666077
0.2440425306558609
0.3019086718559265
0.31935811042785645
0.47433653473854065
0.2965671122074127
0.5207724571228027
0.5981501936912537
0.3394468426704407
0.5588862895965576
0.35174787044525146
0.22058281302452087
0.4207192063331604
0.3783714771270752
0.265546590089798
0.4596630334854126
0.2922881245613098
0.307890921831131
0.262886643409729
0.3042021095752716
0.38549327850341797
0.4337914288043976
