no squeeze
15.502920150756836
1.7278690338134766
1.1527800559997559
0.3561326861381531
0.2810535430908203
0.1275300830602646
0.10753951221704483
0.06365947425365448
0.057273294776678085
0.04095962271094322
0.03878377377986908
0.03295575827360153
0.031515710055828094
0.02832736261188984
0.027417359873652458
0.025047950446605682
0.024565916508436203
0.02332012541592121
0.022971367463469505
0.02176271565258503
0.02149011753499508
0.0204654298722744
0.020248906686902046
0.01932898350059986
0.019105447456240654
0.018415125086903572
0.018248669803142548
0.017515012994408607
0.017356297001242638
0.01692730188369751
0.01677289418876171
0.01620381511747837
0.01603950560092926
0.015633629634976387
0.015532603487372398
0.015180814079940319
0.01510922983288765
0.014748554676771164
0.014670995995402336
0.014385940507054329
0.014366918243467808
0.014142394065856934
0.014100119471549988
0.013967800885438919
0.013949939049780369
0.013775979168713093
0.01373748853802681
0.013665718026459217
0.013627089560031891
0.013575656339526176
0.013606637716293335
0.013505745679140091
0.01347398478537798
0.013467185199260712
0.013455318287014961
0.013418309390544891
0.013429719023406506
0.013414508663117886
0.013460014015436172
0.013396866619586945
0.01340511068701744
0.013432631269097328
no squeeze
15.504387855529785
2.5856082439422607
2.2039105892181396
1.7037742137908936
1.6506133079528809
1.5273706912994385
1.5136216878890991
1.4623327255249023
1.4519942998886108
1.4343596696853638
1.4308303594589233
1.4258084297180176
1.4261707067489624
1.4220328330993652
1.4206938743591309
1.4198194742202759
1.4196577072143555
1.4226607084274292
1.4277212619781494
1.4229673147201538
no squeeze
15.522979736328125
2.754255533218384
2.1681737899780273
1.0847766399383545
0.9524487853050232
0.6254186034202576
0.5700648427009583
0.40170907974243164
0.36911237239837646
0.26857200264930725
0.24791684746742249
0.18721865117549896
0.17412295937538147
0.13470719754695892
0.12649662792682648
0.10113933682441711
0.09575393795967102
0.07882914692163467
0.0755467638373375
0.06462009996175766
0.062440574169158936
0.05484248325228691
0.053303174674510956
0.04807565361261368
0.0468791238963604
0.042535845190286636
0.04155481234192848
0.03824926167726517
0.03744420036673546
0.03489750251173973
0.034236934036016464
0.03178299590945244
0.03128787502646446
0.029683595523238182
0.029156992211937904
0.027233997359871864
0.02693784423172474
0.025697801262140274
0.025341255590319633
0.0240873284637928
0.023822268471121788
0.022708525881171227
0.02248888649046421
0.02146860957145691
0.021321384236216545
0.02053055725991726
0.02037263847887516
0.019756421446800232
0.019549204036593437
0.01893225871026516
0.018788404762744904
0.018277613446116447
0.018122998997569084
0.017705367878079414
0.01753530092537403
0.017143281176686287
0.017012838274240494
0.016715245321393013
0.016577037051320076
0.01625126786530018
0.01616063341498375
0.015883613377809525
0.01584155112504959
0.015602235682308674
0.015523399226367474
0.015346053056418896
0.015248902142047882
0.015033514238893986
0.014987452886998653
0.014865973964333534
0.014775951392948627
0.014635366387665272
0.014592296443879604
0.014414694160223007
0.014384811744093895
0.014283591881394386
0.014245443977415562
0.014118121936917305
0.014098597690463066
0.014014538377523422
0.013958774507045746
0.013850001618266106
0.01386289019137621
0.013744989410042763
0.01375227328389883
0.013693325221538544
0.013716810382902622
0.013599563390016556
0.013598140329122543
0.013473071157932281
0.013476506806910038
0.013475029729306698
no squeeze
16.743074417114258
7.923842430114746
6.747003555297852
4.519055366516113
4.225650310516357
3.4904098510742188
3.356398820877075
2.9518580436706543
2.8658664226531982
2.598317861557007
2.5406570434570312
2.3459484577178955
2.3042147159576416
2.1589865684509277
2.1236355304718018
2.0063486099243164
1.9779106378555298
1.8933957815170288
1.8654587268829346
1.7862213850021362
1.7685869932174683
1.7014316320419312
1.6857407093048096
1.6289057731628418
1.6160603761672974
1.5675687789916992
1.5543118715286255
1.511173963546753
1.4987767934799194
1.462044596672058
1.4511592388153076
1.4138531684875488
1.4035929441452026
1.3732402324676514
1.3649832010269165
1.3364607095718384
1.329686164855957
1.3035295009613037
1.2977099418640137
1.275721788406372
1.2695368528366089
1.2489709854125977
1.243285894393921
1.2260181903839111
1.2211729288101196
1.205727458000183
1.2020936012268066
1.1874136924743652
1.1833077669143677
1.1710275411605835
1.1684033870697021
1.155015468597412
1.1522761583328247
1.1415175199508667
1.1386057138442993
1.1284306049346924
1.1256353855133057
1.1163631677627563
1.11508309841156
1.102987289428711
1.1034979820251465
1.0918959379196167
1.090145230293274
1.0845545530319214
1.0802197456359863
1.072121500968933
1.0691585540771484
1.0623981952667236
1.062988042831421
1.0551278591156006
1.0531374216079712
1.046425700187683
1.045454502105713
1.039658546447754
1.0385046005249023
1.0321449041366577
1.029451847076416
1.0246250629425049
1.0237922668457031
1.0183203220367432
1.0215871334075928
1.0130424499511719
1.0130996704101562
1.0061384439468384
1.0064736604690552
1.001044750213623
1.0000368356704712
0.9982179999351501
0.9963032007217407
0.9912073612213135
0.991218090057373
0.9918414950370789
no squeeze
16.226648330688477
4.395970344543457
3.654463052749634
2.4922590255737305
2.349555253982544
1.9976447820663452
1.9338977336883545
1.7633415460586548
1.7248350381851196
1.6200714111328125
1.5969557762145996
1.527237892150879
1.5100746154785156
1.4587454795837402
1.4455006122589111
1.4086213111877441
1.3997641801834106
1.3685935735702515
1.3611223697662354
1.3340392112731934
1.3280693292617798
1.30891752243042
1.3025763034820557
1.2851121425628662
1.2803127765655518
1.2649259567260742
1.260594129562378
1.248742699623108
1.244769811630249
1.2320964336395264
1.2323024272918701
1.2214624881744385
1.218835473060608
1.2079637050628662
1.2058731317520142
1.2004281282424927
1.1980841159820557
1.1900886297225952
1.187389612197876
1.1842639446258545
1.1819453239440918
1.1755752563476562
1.1747989654541016
1.1730238199234009
1.1697566509246826
1.1652554273605347
1.1655972003936768
1.1581847667694092
1.1570239067077637
1.1544921398162842
1.1538771390914917
1.1523149013519287
1.1507377624511719
1.148258090019226
1.1489601135253906
1.1445133686065674
1.1419645547866821
1.1419486999511719
1.1423712968826294
1.1384197473526
1.1393967866897583
1.135668396949768
1.136939525604248
1.1335283517837524
1.1329377889633179
1.130523681640625
1.1309045553207397
1.1272069215774536
1.1294125318527222
1.130692720413208
no squeeze
14.599068641662598
2.7514750957489014
2.6693320274353027
2.5546445846557617
2.54852557182312
2.5470352172851562
2.545919895172119
2.548218011856079
2.5493075847625732
2.5643603801727295
