no squeeze
327.84130859375
126.35215759277344
99.75879669189453
62.45420455932617
58.18967056274414
45.404380798339844
42.754703521728516
34.143001556396484
32.27865219116211
26.149147033691406
24.822946548461914
20.48053741455078
19.544240951538086
16.483795166015625
15.819917678833008
13.696677207946777
13.232282638549805
11.779153823852539
11.466605186462402
10.484410285949707
10.279337882995605
9.623476028442383
9.486757278442383
9.054309844970703
8.966286659240723
8.674792289733887
8.615973472595215
8.420289993286133
8.376200675964355
8.238839149475098
8.209372520446777
8.111236572265625
8.089110374450684
8.013245582580566
7.996448040008545
7.941662311553955
7.928582668304443
7.883616924285889
7.875065803527832
7.843786239624023
7.8373613357543945
7.8098835945129395
7.801365375518799
7.783697605133057
7.783053874969482
7.7647199630737305
7.760961532592773
7.75074577331543
7.7460103034973145
7.740108966827393
7.7357330322265625
7.72676944732666
7.725096702575684
7.723248481750488
7.7194132804870605
7.713321685791016
7.715602397918701
7.7182698249816895
no squeeze
329.4630432128906
145.665283203125
116.81661224365234
70.11475372314453
65.5279312133789
53.899559020996094
51.76077651977539
45.2697639465332
43.994468688964844
39.894466400146484
38.99748611450195
36.22641372680664
35.65701675415039
33.864013671875
33.49505615234375
32.34413528442383
32.10327911376953
31.354894638061523
31.217700958251953
30.755346298217773
30.649438858032227
30.30518913269043
30.233417510986328
30.012910842895508
29.967817306518555
29.794458389282227
29.750627517700195
29.62030029296875
29.579360961914062
29.463815689086914
29.435806274414062
29.343975067138672
29.31294059753418
29.227066040039062
29.207542419433594
29.12615966796875
29.096416473388672
29.05628776550293
29.011375427246094
28.941884994506836
28.912128448486328
28.867341995239258
28.83624267578125
28.764144897460938
28.75421142578125
28.69552230834961
28.686227798461914
28.66474723815918
28.615345001220703
28.57262420654297
28.553955078125
28.511564254760742
28.516563415527344
28.460474014282227
28.454349517822266
28.425416946411133
28.42207145690918
28.384695053100586
28.378738403320312
28.377742767333984
28.36607551574707
28.354026794433594
28.33237075805664
28.299240112304688
28.302898406982422
28.293970108032227
28.291208267211914
28.274494171142578
28.269620895385742
28.260517120361328
28.26447105407715
28.266305923461914
no squeeze
333.9560546875
224.0115966796875
194.75942993164062
98.60359954833984
83.22455596923828
55.18332290649414
51.53081130981445
41.000083923339844
38.81519317626953
31.706342697143555
30.105998992919922
24.755661010742188
23.551738739013672
19.470558166503906
18.542158126831055
15.361924171447754
14.651230812072754
12.234935760498047
11.688929557800293
9.843061447143555
9.429092407226562
8.035841941833496
7.727321147918701
6.704529762268066
6.4713006019592285
5.708183765411377
5.537252902984619
4.972894191741943
4.84514856338501
4.424313068389893
4.330259323120117
4.011982440948486
3.944003105163574
3.7095870971679688
3.6560847759246826
3.47336483001709
3.4332175254821777
3.294567823410034
3.261134386062622
3.1495003700256348
3.1240553855895996
3.0378353595733643
3.0175905227661133
2.9470906257629395
2.930568218231201
2.8724019527435303
2.857537269592285
2.808464765548706
2.7987852096557617
2.7591476440429688
2.7501630783081055
2.7147226333618164
2.7061824798583984
2.6788113117218018
2.67130970954895
2.643481731414795
2.637237310409546
2.616063356399536
2.6103451251983643
2.588585138320923
2.583828926086426
2.564467668533325
2.561596632003784
2.5472946166992188
2.541938304901123
2.5262532234191895
2.522568941116333
2.506892681121826
2.5038058757781982
2.4917469024658203
2.488694667816162
2.478680372238159
2.474987268447876
2.4638020992279053
2.462151050567627
2.4514431953430176
2.449399709701538
2.4383339881896973
2.4372880458831787
2.429151773452759
2.427152156829834
2.4207706451416016
2.4185218811035156
2.4100522994995117
2.4088244438171387
2.4035606384277344
2.4003043174743652
2.394226551055908
2.3924310207366943
2.385989189147949
2.383525848388672
2.37796950340271
2.37697434425354
2.372771739959717
2.3721604347229004
2.366797685623169
2.3654568195343018
2.3612003326416016
2.3607256412506104
2.3563404083251953
2.3544845581054688
2.350855827331543
2.3492624759674072
2.3455922603607178
2.345073938369751
2.3430168628692627
2.3408854007720947
2.3378093242645264
2.336362600326538
2.332237958908081
2.332754611968994
2.330064296722412
2.328712224960327
2.3259153366088867
2.3258745670318604
2.3246395587921143
2.3245065212249756
2.321902275085449
2.3204588890075684
2.318668842315674
2.3173325061798096
2.3178484439849854
2.317206859588623
2.3142952919006348
2.3139877319335938
2.312335968017578
2.311460494995117
2.3105287551879883
2.309113025665283
2.3095932006835938
2.3094427585601807
2.3081459999084473
2.306774377822876
2.305432081222534
2.3053317070007324
2.3063042163848877
2.3036255836486816
2.303823471069336
2.3031022548675537
2.301893711090088
2.3011817932128906
2.3015997409820557
2.3009533882141113
2.2979676723480225
2.2981796264648438
2.2981107234954834
no squeeze
334.115234375
272.50439453125
252.00486755371094
169.06057739257812
151.64822387695312
111.20718383789062
105.08956909179688
88.96308135986328
86.04474639892578
77.53623962402344
75.83741760253906
70.45217895507812
69.31087493896484
65.44256591796875
64.58419036865234
61.605873107910156
60.9102783203125
58.48518753051758
57.905399322509766
55.83984375
55.35616683959961
53.5975227355957
53.16364669799805
51.597023010253906
51.20362091064453
49.80137252807617
49.44548797607422
48.164676666259766
47.84663391113281
46.670814514160156
46.36954879760742
45.2684326171875
44.98778533935547
43.93130874633789
43.682472229003906
42.69639205932617
42.43412780761719
41.50009536743164
41.25975036621094
40.3492317199707
40.126625061035156
39.244789123535156
39.01738357543945
38.17432403564453
37.96171569824219
37.16644287109375
36.95726776123047
36.18730163574219
35.97834396362305
35.235416412353516
35.044681549072266
34.345375061035156
34.151241302490234
33.482852935791016
33.305152893066406
32.69770812988281
32.500022888183594
31.898883819580078
31.730501174926758
31.165283203125
31.01544189453125
30.481258392333984
30.333974838256836
29.83627700805664
29.716819763183594
29.243459701538086
29.115612030029297
28.684226989746094
28.57611846923828
28.187833786010742
28.073518753051758
27.721860885620117
27.61264991760254
27.2822265625
27.193010330200195
26.884296417236328
26.807043075561523
26.529706954956055
26.454797744750977
26.18397331237793
26.11774253845215
25.88726806640625
25.824626922607422
25.593069076538086
25.550352096557617
25.340559005737305
25.286128997802734
25.107698440551758
25.05303955078125
24.890718460083008
24.841421127319336
24.680591583251953
24.629350662231445
24.477928161621094
24.444734573364258
24.309101104736328
24.264440536499023
24.14008140563965
24.103939056396484
23.982154846191406
23.947879791259766
23.82047462463379
23.79292106628418
23.69261360168457
23.655616760253906
23.566938400268555
23.519020080566406
23.429630279541016
23.392847061157227
23.302457809448242
23.28598403930664
23.17298698425293
23.160776138305664
23.07718276977539
23.040273666381836
22.963821411132812
22.947364807128906
22.854154586791992
22.821025848388672
22.743572235107422
22.721426010131836
22.671024322509766
22.65216636657715
22.597990036010742
22.55570411682129
22.472896575927734
22.44829750061035
22.396930694580078
22.37493324279785
22.307010650634766
22.2822265625
22.24113655090332
22.211538314819336
22.16341209411621
22.146793365478516
22.090965270996094
22.068174362182617
22.021610260009766
22.0081787109375
21.962566375732422
21.964147567749023
21.897254943847656
21.872568130493164
21.828622817993164
21.838380813598633
21.796632766723633
21.777000427246094
21.725746154785156
21.727968215942383
21.67011070251465
21.664541244506836
21.644411087036133
21.616615295410156
21.587238311767578
21.573440551757812
21.525236129760742
21.534343719482422
21.4947452545166
21.47588348388672
21.448755264282227
21.437129974365234
21.418073654174805
21.407989501953125
21.386178970336914
21.39832878112793
21.347368240356445
21.32497215270996
21.296417236328125
21.284404754638672
21.280529022216797
21.27242088317871
21.2399959564209
21.227436065673828
21.204620361328125
21.20701789855957
21.17238998413086
21.18558120727539
21.148805618286133
21.12819480895996
21.124404907226562
21.102008819580078
21.077926635742188
21.066417694091797
21.095380783081055
21.058195114135742
21.0266056060791
21.018774032592773
21.002235412597656
20.98685073852539
20.981487274169922
20.96758270263672
20.950641632080078
20.949588775634766
20.93042755126953
20.91398811340332
20.92293357849121
20.965049743652344
20.876243591308594
20.870906829833984
20.861682891845703
no squeeze
332.98077392578125
228.86209106445312
203.960205078125
126.46216583251953
113.27420806884766
84.67125701904297
80.44855499267578
68.7828140258789
66.5093002319336
59.405147552490234
57.88426971435547
52.93532943725586
51.85600280761719
48.23350143432617
47.417789459228516
44.654258728027344
44.02935028076172
41.871734619140625
41.4128303527832
39.7626953125
39.37560272216797
38.051658630371094
37.7470703125
36.68543243408203
36.4539794921875
35.60199737548828
35.39310836791992
34.68922424316406
34.52144241333008
33.94274139404297
33.80640411376953
33.309513092041016
33.189109802246094
32.77143859863281
32.66345977783203
32.2943115234375
32.203311920166016
31.89191246032715
31.811542510986328
31.529640197753906
31.462024688720703
31.210712432861328
31.150691986083984
30.931344985961914
30.87846565246582
30.685096740722656
30.633440017700195
30.453968048095703
30.40877342224121
30.26478385925293
30.213647842407227
30.069215774536133
30.027435302734375
29.914430618286133
29.86993980407715
29.75965690612793
29.72180938720703
29.614866256713867
29.580862045288086
29.49472999572754
29.462966918945312
29.374601364135742
29.34735870361328
29.267562866210938
29.245145797729492
29.17123794555664
29.141658782958984
29.087316513061523
29.064205169677734
28.997631072998047
28.974184036254883
28.915454864501953
28.89604377746582
28.854835510253906
28.82579231262207
28.771839141845703
28.774681091308594
28.730775833129883
28.74637222290039
28.658479690551758
28.651586532592773
28.599292755126953
28.592744827270508
28.54384422302246
28.52264404296875
28.49295425415039
28.473373413085938
28.44745635986328
28.431203842163086
28.400989532470703
28.394861221313477
28.35350227355957
28.348407745361328
28.317033767700195
28.31298828125
28.294816970825195
28.27143096923828
28.257219314575195
28.247352600097656
28.22760009765625
28.216724395751953
28.178571701049805
28.172128677368164
28.15935707092285
28.151430130004883
28.135377883911133
28.12164306640625
28.115373611450195
28.114669799804688
28.098562240600586
28.104928970336914
28.06646728515625
28.081806182861328
28.05092430114746
28.026447296142578
28.019689559936523
28.020795822143555
27.999229431152344
27.9857120513916
28.001354217529297
27.970291137695312
27.976238250732422
27.963647842407227
27.95733642578125
27.955493927001953
27.93665885925293
27.930744171142578
27.92333984375
27.946863174438477
27.90880584716797
27.89936065673828
27.905029296875
27.889331817626953
27.885652542114258
27.891319274902344
27.86341667175293
27.870338439941406
27.880107879638672
no squeeze
315.56512451171875
88.11592864990234
82.68299102783203
71.53614044189453
70.19933319091797
67.0259017944336
66.5180435180664
65.28599548339844
65.11326599121094
64.681396484375
64.62213134765625
64.5171890258789
64.51751708984375
64.49842071533203
64.47657775878906
64.48007202148438
64.45677185058594
64.49522399902344
64.46686553955078
64.46331024169922
