no squeeze
1.2955882549285889
0.3041400909423828
0.16785059869289398
0.12801407277584076
0.10211486369371414
0.09896954149007797
0.07424675673246384
0.0581011138856411
0.05103162303566933
0.05191350728273392
0.0446801483631134
0.03928385302424431
0.03208451345562935
0.02596309967339039
0.027765581384301186
0.023367900401353836
0.026461133733391762
0.024548154324293137
0.025493336841464043
0.017537420615553856
0.017130257561802864
0.013516156934201717
0.01525900885462761
0.01188927423208952
0.01046582031995058
0.011775598861277103
0.017107991501688957
0.012375383637845516
0.013115146197378635
0.008538114838302135
0.010801387019455433
0.008237332105636597
0.006470707710832357
0.008492013439536095
0.006728115025907755
0.006891359109431505
0.005875489674508572
0.006685400381684303
0.0070234304293990135
0.005621334537863731
0.005246022716164589
0.004710960201919079
0.004945605061948299
0.006152568385004997
0.0053860098123550415
0.005024815443903208
0.008709653280675411
0.004951548296958208
0.00676258048042655
0.003394519444555044
0.0039864638820290565
0.004401843063533306
0.002664450090378523
0.0034769761841744184
0.004604123532772064
0.003679760033264756
0.003871174296364188
0.005313404370099306
0.004934404976665974
0.004537811502814293
0.004140011500567198
0.0028652921319007874
0.0036392726469784975
no squeeze
1.1146066188812256
0.300209105014801
0.17398808896541595
0.1313684582710266
0.12581202387809753
0.1121300756931305
0.09985612332820892
0.09037812799215317
0.0876685231924057
0.08153039962053299
0.08248213678598404
0.08170611411333084
0.0722571313381195
0.07591113448143005
0.06882350146770477
0.07408245652914047
0.06805751472711563
0.07738138735294342
0.06549856811761856
0.05860089510679245
0.05669429153203964
0.056426357477903366
0.06624364107847214
0.054282233119010925
0.06970825046300888
0.05343111976981163
0.05680103972554207
0.05123644322156906
0.05720069631934166
0.05798603594303131
0.05696506053209305
0.05325626954436302
0.05572354421019554
0.045429956167936325
0.06067106872797012
0.05281176418066025
0.0512184202671051
0.05343533679842949
0.04639146849513054
0.05175204575061798
0.04705122858285904
0.06072290241718292
0.04826553538441658
0.046250972896814346
no squeeze
1.2243003845214844
0.41468456387519836
0.2988492250442505
0.2208356261253357
0.19537200033664703
0.1540050208568573
0.12793517112731934
0.13419388234615326
0.13625867664813995
0.13176485896110535
0.10971071571111679
0.12714369595050812
0.15280881524085999
0.09969041496515274
0.08563326299190521
0.09584426879882812
0.11703138053417206
0.07897110283374786
0.07894487679004669
0.0975525975227356
0.09575127065181732
0.07729440182447433
0.05588044598698616
0.057407528162002563
0.05116746574640274
0.04878877475857735
0.04872768744826317
0.05759322643280029
0.049799442291259766
0.048679109662771225
0.042858317494392395
0.03902099281549454
0.04007648676633835
0.0555117093026638
0.0489019900560379
0.04593218117952347
0.03395140543580055
0.03136235103011131
0.026644112542271614
0.02416381426155567
0.03456822782754898
0.03619270771741867
0.04226114600896835
0.03044538013637066
0.03499380126595497
0.03130408003926277
0.030370643362402916
0.02911263331770897
0.021188218146562576
0.02616981416940689
0.035194769501686096
0.03338193893432617
0.030031878501176834
0.02748015709221363
0.02032807655632496
0.03685564175248146
0.015650268644094467
0.024711214005947113
0.030863499268889427
0.018177324905991554
0.018262354657053947
0.020945919677615166
0.02761428989470005
0.03742312267422676
0.02817259170114994
0.03895311430096626
0.01725376583635807
no squeeze
1.380202293395996
0.5435419678688049
0.3939998745918274
0.32555148005485535
0.2710126042366028
0.24934573471546173
0.21215584874153137
0.1932753324508667
0.1893826574087143
0.18021731078624725
0.16273421049118042
0.1553119421005249
0.14775308966636658
0.1399342119693756
0.133524090051651
0.13512776792049408
0.12993495166301727
0.12427779287099838
0.1175689697265625
0.11162865906953812
0.10950168967247009
0.11520456522703171
0.10556387901306152
0.11065230518579483
0.10181125998497009
0.10039136558771133
0.09449514746665955
0.09799428284168243
0.0937357172369957
0.09364661574363708
0.09383455663919449
0.08714844286441803
0.09275318682193756
0.08568446338176727
0.08764839917421341
0.08563642203807831
0.08230236917734146
0.08088497072458267
0.0791243240237236
0.07910715788602829
0.08035069704055786
0.07523608207702637
0.0759781152009964
0.07478950917720795
0.07375404983758926
0.07195771485567093
0.0739530622959137
0.07244689762592316
0.07102811336517334
0.06940548866987228
0.0717732310295105
0.07676871120929718
0.06912844628095627
0.0656624585390091
0.06683719903230667
0.06818076968193054
0.06802110373973846
0.06472055613994598
0.07242504507303238
0.06565176695585251
0.06265043467283249
0.062099654227495193
0.06411799788475037
0.06480484455823898
0.061559855937957764
0.05946959927678108
0.058013614267110825
0.0648961216211319
0.058871522545814514
0.055967461317777634
0.06133055314421654
0.0530192032456398
0.054697055369615555
0.05833451822400093
0.05687563866376877
0.056123245507478714
0.05232173204421997
0.054013703018426895
0.05549846962094307
0.052015312016010284
0.051067788153886795
0.0533975325524807
0.05971767380833626
0.05260399356484413
0.05134345218539238
0.049660708755254745
0.04849840700626373
0.0494205579161644
0.049222204834222794
0.04789813607931137
0.05046823248267174
0.04928667098283768
0.04938613995909691
0.04670388624072075
0.04961517080664635
0.04457307606935501
0.04545452818274498
0.04706423729658127
0.04535558074712753
0.04563535749912262
0.04815911501646042
0.04254923015832901
0.04546302929520607
0.04410558566451073
0.04225471615791321
0.04173484817147255
0.04322062060236931
0.04400882497429848
0.046335190534591675
0.046449922025203705
0.042724572122097015
0.04078449681401253
0.04126046970486641
0.041419364511966705
0.04142611846327782
0.04179856926202774
0.040865618735551834
0.03971673175692558
0.04279981181025505
0.04186344891786575
0.04104367271065712
0.039856232702732086
0.04215037822723389
0.04012507572770119
0.041489239782094955
0.043773677200078964
0.04117298871278763
0.036928657442331314
0.038762178272008896
0.036905355751514435
0.038236454129219055
0.038974881172180176
0.0384577140212059
0.03922003135085106
0.0364270955324173
0.03734978660941124
0.03562042489647865
0.03493975102901459
0.038025837391614914
0.037199247628450394
0.036587804555892944
0.037364374846220016
0.03750083968043327
0.03609194606542587
0.039069607853889465
0.03817218914628029
0.03759191557765007
0.03719424456357956
no squeeze
1.2287663221359253
0.4221080541610718
0.30524903535842896
0.23120203614234924
0.19702520966529846
0.16827960312366486
0.15725268423557281
0.1396312564611435
0.12579649686813354
0.12044953554868698
0.10704243928194046
0.11443740129470825
0.09930477291345596
0.0953134223818779
0.08665204048156738
0.09395793825387955
0.08214031904935837
0.07274768501520157
0.0781417265534401
0.07358255237340927
0.07171544432640076
0.06863449513912201
0.06446506083011627
0.07096350938081741
0.062305375933647156
0.06817829608917236
0.0581672340631485
0.057317424565553665
0.06218157708644867
0.05383169651031494
0.05736761540174484
0.056744419038295746
0.055442098528146744
0.05207343026995659
0.04923845827579498
0.050074487924575806
0.05400003120303154
0.04868873208761215
0.047448765486478806
0.04419124126434326
0.04755882918834686
0.046761080622673035
0.043587826192379
0.042542263865470886
0.04321382939815521
0.042884260416030884
0.04184691235423088
0.04174238443374634
0.04212852567434311
0.041019901633262634
0.0427488274872303
0.04148833453655243
0.04190128296613693
0.03854779899120331
0.03641794994473457
0.03744065389037132
0.03831622749567032
0.042832788079977036
0.034288495779037476
0.03529815003275871
0.034529563039541245
0.038256820291280746
0.03679199516773224
0.03496365249156952
0.03345998376607895
0.03517869859933853
0.035697076469659805
0.032111816108226776
0.03165315464138985
0.034219127148389816
0.031024690717458725
0.033399101346731186
0.03174351528286934
0.029856229200959206
0.02977011166512966
0.028888680040836334
0.029445521533489227
0.029417866840958595
0.026924951002001762
0.030142929404973984
0.03178740665316582
0.03108864650130272
0.033670973032712936
0.03629046306014061
0.02803165651857853
0.03051680326461792
0.0287745613604784
0.027527859434485435
0.02716837078332901
no squeeze
1.1111208200454712
0.2285798341035843
0.13060353696346283
0.12655599415302277
0.10673873126506805
0.09897752851247787
0.0934450700879097
0.08224935084581375
0.09228461235761642
0.08564107120037079
0.07832720875740051
0.08216045051813126
0.0795476883649826
0.08718639612197876
0.06991788744926453
0.07807396352291107
0.06820520013570786
0.06836274266242981
0.0749717652797699
0.06739155203104019
0.06555940210819244
0.07645414024591446
0.06955957412719727
0.07200077176094055
0.07266832143068314
0.09031987935304642
0.06879270821809769
0.07578010112047195
0.07039257138967514
0.07555416971445084
0.07864775508642197
