no squeeze
3.3079001903533936
0.20362180471420288
0.1398141235113144
0.054346729069948196
0.04704752191901207
0.03402067348361015
0.03265981376171112
0.03028116561472416
0.030157538130879402
0.029790177941322327
0.029798733070492744
0.02969951741397381
0.029629917815327644
0.029697628691792488
0.029655443504452705
0.02964460663497448
no squeeze
3.58817720413208
0.42033231258392334
0.3669379651546478
0.3072797656059265
0.30339258909225464
0.2964124083518982
0.29593467712402344
0.2941189706325531
0.2933122217655182
0.29217833280563354
0.29236388206481934
0.29169589281082153
0.29177889227867126
0.2918989658355713
no squeeze
3.707350730895996
0.410981684923172
0.3078092336654663
0.1443149596452713
0.12523657083511353
0.08101183921098709
0.0737076848745346
0.0538792721927166
0.05016818270087242
0.039855629205703735
0.03786683455109596
0.03205564245581627
0.03092331625521183
0.027463987469673157
0.026732448488473892
0.024418586865067482
0.02389710210263729
0.022276626899838448
0.02195465937256813
0.020795295014977455
0.02052648738026619
0.0195161085575819
0.0193223487585783
0.018653593957424164
0.0184446033090353
0.017888575792312622
0.017761124297976494
0.01725447177886963
0.017085891216993332
0.016711268573999405
0.016576111316680908
0.01624070294201374
0.016176167875528336
0.015965016558766365
0.015891321003437042
0.015599509701132774
0.015513489954173565
0.015294746495783329
0.015299920924007893
0.015046423301100731
0.015054338611662388
0.014890172518789768
0.01487650815397501
0.014755911193788052
0.014725834131240845
0.014663312584161758
0.014648215845227242
0.014540237374603748
0.014484889805316925
0.014410720206797123
0.014400049112737179
0.01439672615379095
0.014341515488922596
0.014257407747209072
0.014294357970356941
0.014186026528477669
0.014214379712939262
0.014219449833035469
no squeeze
4.0780158042907715
1.5461534261703491
1.3430076837539673
0.946587324142456
0.8919343948364258
0.7505004405975342
0.7251849174499512
0.6503279805183411
0.6344215869903564
0.5832582712173462
0.5723825693130493
0.5363057851791382
0.5282835364341736
0.5020164847373962
0.49562469124794006
0.4750320017337799
0.4706098735332489
0.45657047629356384
0.4525720179080963
0.44058936834335327
0.4386419951915741
0.4287493824958801
0.42962872982025146
0.41932836174964905
0.4172801673412323
0.4117329716682434
0.4096209406852722
0.4040997624397278
0.40232229232788086
0.39735889434814453
0.39568957686424255
0.3906470239162445
0.38907867670059204
0.384387731552124
0.38275671005249023
0.3779359459877014
0.37747418880462646
0.36987072229385376
0.3690677881240845
0.36478886008262634
0.3627883791923523
0.3576638400554657
0.35610565543174744
0.35103192925453186
0.34941181540489197
0.34559327363967896
0.34400591254234314
0.340926855802536
0.33954039216041565
0.33838921785354614
0.3365681767463684
0.3340693414211273
0.33351966738700867
0.3319212794303894
0.33081120252609253
0.3291628658771515
0.3293914794921875
0.32780271768569946
0.3271912932395935
0.32635974884033203
0.326031893491745
0.3252211809158325
0.324828177690506
0.3226338028907776
0.3228611648082733
0.3220897912979126
0.32206836342811584
0.3204197883605957
0.3206208050251007
0.3197937607765198
0.32000255584716797
0.31858599185943604
0.31792211532592773
0.3173321485519409
0.3172704875469208
0.31614699959754944
0.3168790638446808
0.3163171410560608
no squeeze
3.647047281265259
0.7531368732452393
0.6603760719299316
0.505806565284729
0.4871320426464081
0.4404011070728302
0.43234530091285706
0.4090988337993622
0.403948575258255
0.38751357793807983
0.3842587471008301
0.3739798963069916
0.3706773817539215
0.3613605201244354
0.3596116602420807
0.35281607508659363
0.35170403122901917
0.3458336293697357
0.3441939055919647
0.33984288573265076
0.3395058214664459
0.3363608717918396
0.3357507586479187
0.3315342962741852
0.33236539363861084
0.32958459854125977
0.3286091089248657
0.3274785578250885
0.3275400698184967
0.3249305486679077
0.3244166076183319
0.32285571098327637
0.3230557441711426
0.32225480675697327
0.32365262508392334
0.32094332575798035
0.32077756524086
0.31916967034339905
0.3207932114601135
0.31816157698631287
0.3182922303676605
0.31893664598464966
no squeeze
3.802527904510498
0.6444922089576721
0.6131651997566223
0.5885912775993347
0.5844940543174744
0.5847539901733398
0.5856585502624512
0.5846213102340698
