no squeeze
11.232731819152832
3.5232770442962646
1.90230393409729
1.1305396556854248
0.819765567779541
0.5800014138221741
0.5410001873970032
0.3930044174194336
0.5325653553009033
0.3066568374633789
0.2395099252462387
0.23120810091495514
0.22637037932872772
0.2085871696472168
0.19936829805374146
0.21717920899391174
0.14598624408245087
0.24511337280273438
0.13580097258090973
0.12140107899904251
0.15518629550933838
0.12989284098148346
0.14392971992492676
0.1364375501871109
0.11475230008363724
0.1206265389919281
0.11553996056318283
0.28663140535354614
0.210952490568161
0.16819870471954346
0.13441970944404602
0.11028449237346649
0.11598289757966995
0.12321629375219345
0.0816500186920166
0.060950979590415955
0.08725523948669434
0.1452089101076126
0.10354364663362503
0.10547254234552383
0.07845887541770935
0.10087864845991135
0.08164066821336746
0.12428833544254303
0.17709346115589142
0.10530468076467514
no squeeze
9.880980491638184
3.6055333614349365
2.0123841762542725
1.2899848222732544
1.1818592548370361
1.0172274112701416
0.7845611572265625
0.6490209698677063
0.708808183670044
0.8833208680152893
0.6309401988983154
0.6754887104034424
0.6007190942764282
0.5257818102836609
0.6605837345123291
0.4330367147922516
0.45681697130203247
0.6700886487960815
0.5619099140167236
0.4916563630104065
0.44138801097869873
0.5178409218788147
0.49988681077957153
0.5261508226394653
0.4012300372123718
0.45455268025398254
0.3840791583061218
0.5180472135543823
0.3345169126987457
0.3700917065143585
0.3036586046218872
0.45061251521110535
0.34830668568611145
0.4921661913394928
0.40973979234695435
0.299343466758728
0.2784016728401184
0.3107217848300934
0.38715848326683044
0.4774742126464844
0.38066887855529785
0.3423839509487152
0.4534633755683899
0.5638622045516968
0.47231703996658325
0.4860287308692932
0.3913247883319855
no squeeze
11.693652153015137
4.361376762390137
2.759564161300659
2.050703763961792
1.428206443786621
1.1090714931488037
1.0419472455978394
1.067229151725769
0.6553152203559875
0.5598914623260498
0.5269007086753845
0.6545819640159607
0.5549564361572266
0.3642992675304413
0.3735261857509613
0.32431286573410034
0.3429703116416931
0.24565505981445312
0.3988693654537201
0.5203019976615906
0.30605167150497437
0.33730894327163696
0.2654880881309509
0.3100892901420593
0.26105114817619324
0.15004125237464905
0.18979428708553314
0.17467106878757477
0.15693794190883636
0.207461878657341
0.2788032293319702
0.2527199685573578
0.19023878872394562
0.1527479737997055
0.17025521397590637
0.19295953214168549
no squeeze
11.289148330688477
5.171351909637451
3.9952266216278076
3.096615791320801
2.6686971187591553
2.3004064559936523
2.0562398433685303
1.7201992273330688
1.5941344499588013
1.4617464542388916
1.3533058166503906
1.3142186403274536
1.2903803586959839
1.119426965713501
1.1031471490859985
1.0640314817428589
0.9942983388900757
0.9147897958755493
0.9439288973808289
0.8754003047943115
0.8559814095497131
0.8334621787071228
0.7689540982246399
0.7610092759132385
0.7612561583518982
0.7353488206863403
0.682101845741272
0.6587072610855103
0.6693989038467407
0.6179076433181763
0.5985068082809448
0.6367878913879395
0.5874922871589661
0.5873545408248901
0.564788818359375
0.5336802005767822
0.5109884738922119
0.5041933059692383
0.5245723128318787
0.5022264122962952
0.4919566810131073
0.4560779631137848
0.4704575836658478
0.46906399726867676
0.456156849861145
0.4306395351886749
0.45510342717170715
0.41341540217399597
0.41716960072517395
0.44769322872161865
0.4160255789756775
0.5019179582595825
0.3617875874042511
0.40915215015411377
0.3873910903930664
0.39077016711235046
0.4051508903503418
0.37547335028648376
0.38093337416648865
0.33998575806617737
0.330034077167511
0.3454725742340088
0.3526097536087036
0.3851924240589142
0.32389065623283386
0.3391266465187073
0.3233897089958191
0.32289522886276245
0.3006589412689209
0.327928751707077
0.30499905347824097
0.3244233727455139
0.3134205937385559
0.27071449160575867
0.2833038568496704
0.3011810779571533
0.305497407913208
0.3281621038913727
0.27842777967453003
0.2721533477306366
0.2890060245990753
0.28378939628601074
0.25628283619880676
0.2612927556037903
0.2530829608440399
0.28176265954971313
0.23294584453105927
0.2748786509037018
0.24217744171619415
0.2776077091693878
0.2613304853439331
0.28326615691185
0.2316633015871048
0.23839737474918365
0.2434615045785904
0.23195962607860565
0.22604721784591675
0.2288435846567154
0.21524132788181305
0.19540761411190033
0.20449534058570862
0.2432721108198166
0.20783372223377228
0.20155663788318634
0.18721003830432892
0.2307390421628952
0.20630109310150146
0.22223378717899323
0.23813338577747345
0.2018439620733261
0.22731196880340576
0.20455263555049896
0.18471339344978333
0.20037800073623657
0.20609502494335175
0.1869259923696518
0.18627740442752838
0.1873825341463089
0.2028127759695053
0.21611326932907104
0.19508232176303864
0.17997367680072784
0.18874038755893707
0.18685582280158997
0.17084932327270508
0.19669298827648163
0.18699030578136444
0.17118056118488312
0.18550659716129303
0.18614941835403442
0.1668519228696823
0.18359114229679108
0.16218696534633636
0.17376936972141266
0.1539531797170639
0.15070758759975433
0.1531289517879486
0.16042321920394897
0.18328392505645752
0.16222980618476868
0.14432087540626526
0.17265982925891876
0.1610344797372818
0.17507493495941162
0.14087283611297607
0.15120898187160492
0.1644418090581894
0.15506891906261444
0.14036498963832855
0.14977827668190002
0.15644825994968414
0.14111419022083282
0.15010902285575867
0.1482781320810318
0.14169321954250336
0.14216190576553345
0.16636589169502258
0.13567613065242767
0.1316959708929062
0.12990133464336395
0.13049209117889404
0.14249609410762787
0.13485345244407654
0.1177169606089592
0.12837658822536469
0.13728021085262299
0.12381584942340851
0.12371828407049179
0.13255687057971954
0.14678996801376343
0.11466854810714722
0.14215265214443207
0.13447970151901245
0.11900800466537476
0.15668487548828125
0.14518272876739502
0.13862894475460052
0.11991416662931442
0.11948985606431961
0.10997425764799118
0.1190749853849411
0.12462204694747925
0.11664462089538574
0.1163422092795372
0.10473208129405975
0.11856456845998764
0.12116118520498276
0.11726594716310501
0.11000195145606995
0.13180646300315857
0.12048279494047165
0.12740454077720642
0.11556868255138397
0.105494424700737
0.12112043797969818
no squeeze
11.374707221984863
4.418340682983398
2.879404306411743
2.2177906036376953
1.7653093338012695
1.5189441442489624
1.2516064643859863
1.1480046510696411
1.0276401042938232
0.9507500529289246
0.9113497138023376
0.7777666449546814
0.7749947309494019
0.6837807297706604
0.671827495098114
0.7030277252197266
0.7172773480415344
0.7028943300247192
0.6093382835388184
0.5307613015174866
0.5314571857452393
0.5044172406196594
0.48266592621803284
0.5486791729927063
0.4489026665687561
0.4391098618507385
0.45815157890319824
0.41373535990715027
0.4104093313217163
0.39134928584098816
0.4241262674331665
0.4726017117500305
0.41820475459098816
0.3658626079559326
0.4151361584663391
0.36605843901634216
0.35074496269226074
0.31918150186538696
0.31947025656700134
0.34117230772972107
0.36628156900405884
0.32914724946022034
0.31837981939315796
0.3619958162307739
0.37756773829460144
0.3502586781978607
0.3017245829105377
0.3532903790473938
0.28085851669311523
0.31393346190452576
0.30772286653518677
0.28455618023872375
0.30353909730911255
0.2767697274684906
0.25185009837150574
0.2769258916378021
0.25421422719955444
0.2686908543109894
0.2402307391166687
0.22878684103488922
0.23855777084827423
0.2564915418624878
0.2534908056259155
0.22259484231472015
0.23335322737693787
0.25675928592681885
0.26853135228157043
0.25894227623939514
0.2319307178258896
0.24776902794837952
0.22457414865493774
0.19952814280986786
0.22459381818771362
0.21416758000850677
0.20915533602237701
0.23497898876667023
0.2156897634267807
0.21173597872257233
0.2527216672897339
0.19866658747196198
0.18534588813781738
0.20069386065006256
0.17065873742103577
0.22682590782642365
0.20346227288246155
0.21041829884052277
0.22207190096378326
0.19212788343429565
0.19874122738838196
0.227524995803833
0.20035985112190247
0.1745767444372177
0.16742490231990814
0.16069993376731873
0.17888830602169037
0.17320239543914795
0.16629600524902344
0.1571422666311264
0.16225922107696533
0.17637374997138977
0.18274259567260742
0.15168067812919617
0.16379991173744202
0.1489502638578415
0.14691902697086334
0.1543806791305542
0.150602787733078
0.14986078441143036
0.1343022584915161
0.19707918167114258
0.21816134452819824
0.15810106694698334
0.14573799073696136
0.1276141256093979
0.15896448493003845
0.15454567968845367
0.1574372798204422
0.14519479870796204
0.14458799362182617
0.1444748044013977
0.14264701306819916
0.12599658966064453
0.14834609627723694
0.14603564143180847
0.13616031408309937
0.15812194347381592
0.13528528809547424
0.12965551018714905
0.13092395663261414
0.14407148957252502
0.1455601304769516
0.12530232965946198
0.15316122770309448
0.15446846187114716
0.17557024955749512
0.14424331486225128
0.13558872044086456
0.11529526114463806
0.13331343233585358
0.11374317854642868
0.1150946170091629
0.1483297199010849
0.1113162487745285
0.12814921140670776
0.13752460479736328
0.11479707062244415
0.14014802873134613
0.13918976485729218
0.1202196404337883
0.11858699470758438
0.10985042154788971
0.10831988602876663
0.11249116063117981
0.10138066858053207
0.1229158267378807
0.11602380871772766
0.11649861186742783
0.10399085283279419
0.10776139795780182
0.09722153097391129
0.10565070062875748
0.1054689958691597
0.09457522630691528
0.12282667309045792
0.104637011885643
0.09598664194345474
0.11817488819360733
0.11483876407146454
0.10539869964122772
0.08647732436656952
0.10384078323841095
0.1111912652850151
0.10202468186616898
0.09448761492967606
0.1082976832985878
0.10183517634868622
0.12001342326402664
0.10259630531072617
0.09007014334201813
0.09487895667552948
no squeeze
10.559165954589844
3.21799898147583
2.051917552947998
1.6472663879394531
1.4753414392471313
2.2946269512176514
1.4149460792541504
2.154651641845703
1.05292546749115
1.0911692380905151
1.2213923931121826
1.2347525358200073
1.2039262056350708
1.5276814699172974
1.2254313230514526
1.911414384841919
1.1412264108657837
1.259759545326233
0.7839785218238831
1.3026494979858398
0.9108662009239197
0.9798057079315186
1.2436286211013794
0.9766151905059814
0.893889307975769
1.6064426898956299
1.1323233842849731
0.8805102109909058
1.071953535079956
