no squeeze
11.297079086303711
3.9054553508758545
2.1012983322143555
1.270495891571045
0.7749709486961365
0.5472010970115662
0.2655266523361206
0.3043495714664459
0.15665364265441895
0.13236311078071594
0.07010175287723541
0.0706196054816246
0.08222144842147827
0.04244951903820038
0.019400278106331825
0.024301055818796158
0.023371312767267227
0.019814882427453995
0.03686210885643959
0.030739285051822662
0.011058425530791283
0.010884779505431652
0.00785826239734888
0.008136216551065445
0.005011683329939842
0.006474487483501434
0.004402317106723785
0.026870466768741608
0.0114737618714571
0.00998791866004467
0.017740247771143913
0.008571709506213665
0.003673950908705592
0.010106866247951984
0.008686734363436699
0.0015867326874285936
0.00619310699403286
0.005572792142629623
0.017489762976765633
0.017869316041469574
0.01857941411435604
0.016594061627984047
0.009216416627168655
0.009460654109716415
0.0040281470865011215
0.05564114823937416
no squeeze
12.9721040725708
5.346530437469482
3.307141065597534
2.1063501834869385
1.6246764659881592
1.3604158163070679
1.1955785751342773
0.9456028342247009
0.7993130087852478
1.0563262701034546
0.7925243377685547
0.8557145595550537
0.6519060730934143
0.7344058752059937
0.6534411311149597
0.7414799928665161
0.7449166178703308
0.5106403827667236
0.4804489314556122
0.5484883189201355
0.7384403944015503
0.7661060690879822
0.8097378015518188
0.6475555896759033
0.5958781242370605
0.5430657267570496
0.6531935334205627
0.6072995662689209
0.43013590574264526
0.6472631692886353
0.5125563144683838
0.6073868274688721
0.4244208037853241
0.619286298751831
0.45918723940849304
0.47014275193214417
0.5085720419883728
0.5226171016693115
0.4743678569793701
0.41392213106155396
0.3936227560043335
0.5509145855903625
0.45187219977378845
0.447878360748291
0.5378109216690063
0.518007218837738
0.6187962889671326
0.46362730860710144
0.594262957572937
0.5217028260231018
0.5800568461418152
no squeeze
20.697954177856445
7.552142143249512
5.230307102203369
3.609055995941162
2.705207586288452
2.030412435531616
1.6370974779129028
1.6214290857315063
1.1036916971206665
0.9804884791374207
0.9901742339134216
1.1484776735305786
1.1177557706832886
0.9031119346618652
1.2313343286514282
0.7110303640365601
0.4910975992679596
0.49670007824897766
0.7248050570487976
0.6168442964553833
0.32999685406684875
0.48673734068870544
0.4997519552707672
0.4230175316333771
0.29023483395576477
0.3541184961795807
0.29190078377723694
0.21494075655937195
0.1966060847043991
0.14274641871452332
0.11103085428476334
0.12772203981876373
0.08636930584907532
0.10414550453424454
0.09008507430553436
0.16601134836673737
0.23288360238075256
0.23246046900749207
0.28350499272346497
0.15133675932884216
0.0943935364484787
0.11975356191396713
0.1572820544242859
no squeeze
18.853837966918945
7.280773639678955
5.74751091003418
4.809353828430176
4.256704330444336
3.6942403316497803
3.3385441303253174
2.924940824508667
2.648435115814209
2.32208514213562
2.1276907920837402
1.9933186769485474
1.8429630994796753
1.9037977457046509
1.6672791242599487
1.5546214580535889
1.489798665046692
1.4482277631759644
1.387648344039917
1.268097162246704
1.3929470777511597
1.1892404556274414
1.2443068027496338
1.0713318586349487
0.9770925045013428
0.9503170847892761
0.9502777457237244
0.9729738235473633
0.8546461462974548
0.8178327679634094
0.8733586668968201
0.8213430643081665
0.8495228886604309
0.7099012136459351
0.7238560914993286
0.7584682703018188
0.7304518222808838
0.6757316589355469
0.6566649675369263
0.6161808371543884
0.5713613033294678
0.6229420304298401
0.5673553347587585
0.5895971655845642
0.6384648680686951
0.5742661356925964
0.5862910151481628
0.5851647257804871
0.5162387490272522
0.5076659321784973
0.4789467453956604
0.4649410545825958
0.47115519642829895
0.4838596284389496
0.474778950214386
0.5194048285484314
0.41640570759773254
0.48494696617126465
0.5231742858886719
0.4391697943210602
0.41283440589904785
0.4247799217700958
0.40406572818756104
0.4231146275997162
0.464119017124176
0.3874581754207611
0.39492014050483704
0.4191986322402954
0.45297175645828247
0.4817555546760559
0.41824856400489807
0.40070390701293945
0.40479958057403564
0.3826786279678345
0.35999825596809387
0.3875608444213867
0.40777742862701416
0.3866548538208008
0.35891392827033997
0.3628811836242676
0.37576785683631897
0.32792797684669495
0.3241366744041443
0.4128107726573944
0.3698732554912567
0.35999491810798645
0.34208932518959045
0.2807770371437073
0.29162150621414185
0.3116285502910614
0.35697153210639954
0.3263857960700989
0.31476056575775146
0.35139209032058716
0.38505786657333374
0.34534186124801636
0.3371105194091797
0.3004341423511505
no squeeze
15.522980690002441
5.667338848114014
4.192144393920898
3.342294216156006
2.7066192626953125
2.3616762161254883
2.1316490173339844
1.8623853921890259
1.7067383527755737
1.4236871004104614
1.3866608142852783
1.211200475692749
1.086269736289978
1.0220087766647339
0.9597499966621399
0.9497423768043518
0.893312931060791
0.9123328924179077
0.8090404868125916
0.8403098583221436
0.844103217124939
0.6572456955909729
0.7634686231613159
0.7652179002761841
0.6391134262084961
0.6052473783493042
0.6393320560455322
0.7261383533477783
0.6360991597175598
0.5568796992301941
0.6083542108535767
0.5643715858459473
0.5772671699523926
0.5644727349281311
0.5593249201774597
0.534874677658081
0.4935288727283478
0.5078086256980896
0.433258056640625
0.44387033581733704
0.40443602204322815
0.46278080344200134
0.46893230080604553
0.44956934452056885
0.39909929037094116
0.5022889375686646
0.49865567684173584
0.5198639631271362
0.40494105219841003
0.35185617208480835
0.4525223672389984
0.3611204922199249
0.34775206446647644
0.4113357961177826
0.3131854832172394
0.3361262083053589
0.32903653383255005
0.33641642332077026
0.36971259117126465
0.3773808777332306
0.36143991351127625
0.36731183528900146
0.3176114857196808
0.32662925124168396
0.32470330595970154
no squeeze
11.366218566894531
4.552950382232666
2.5972020626068115
1.5431010723114014
1.4231230020523071
2.1672146320343018
1.0824942588806152
1.0319523811340332
1.2472325563430786
1.1224793195724487
1.3333816528320312
1.4249082803726196
1.2092108726501465
0.9115976095199585
1.4266623258590698
0.9998533725738525
1.4328649044036865
1.1766586303710938
1.010236382484436
1.6212549209594727
1.2480889558792114
1.24270498752594
1.0962163209915161
1.616657018661499
