no squeeze
816.1950073242188
576.8021240234375
509.9524230957031
269.2375183105469
222.54852294921875
126.09564208984375
115.53543853759766
89.89373779296875
85.08231353759766
69.78352355957031
66.40965270996094
55.14259719848633
52.57292556762695
43.960365295410156
41.949947357177734
35.0811767578125
33.500736236572266
28.065921783447266
26.802560806274414
22.41608238220215
21.417457580566406
17.938899993896484
17.136348724365234
14.348512649536133
13.708147048950195
11.486658096313477
10.975979804992676
9.192938804626465
8.788421630859375
7.38211727142334
7.061223983764648
5.931637763977051
5.670726776123047
4.777726650238037
4.5727033615112305
3.869913101196289
3.708444595336914
3.1527397632598877
3.0228288173675537
2.5823075771331787
2.4813454151153564
2.1396946907043457
2.059459924697876
1.7914656400680542
1.7297111749649048
1.5215619802474976
1.4757755994796753
1.314815640449524
1.2792762517929077
1.1553056240081787
1.128495693206787
1.033828854560852
1.01382577419281
0.9420459270477295
0.9250679612159729
0.8700711131095886
0.8577948212623596
0.8172011971473694
0.8074855804443359
0.7764207124710083
0.7692487239837646
0.7461072206497192
0.7406408190727234
0.7231054902076721
0.7187627553939819
0.7045296430587769
0.7020362019538879
0.6905820965766907
0.689802885055542
0.679541289806366
0.6773431301116943
0.6707776784896851
0.6699607372283936
0.6633062362670898
0.6626371741294861
0.6577053070068359
0.6563351154327393
0.6522343158721924
0.6514112949371338
0.6480437517166138
0.6472880840301514
0.6444122195243835
0.6433828473091125
0.641017496585846
0.6403732895851135
0.6383468508720398
0.6376391053199768
0.6354068517684937
0.6345686316490173
0.6327041983604431
0.6322109699249268
0.6304369568824768
0.6298601031303406
0.6282670497894287
0.627829909324646
0.6269913911819458
0.6260771751403809
0.6243205666542053
0.6238732933998108
0.6230383515357971
0.6219536662101746
0.6209667325019836
0.6208661794662476
0.6199445724487305
0.6198388338088989
0.6188057065010071
0.6181568503379822
0.6168537735939026
0.6165918707847595
0.6158188581466675
0.616029679775238
0.6144835352897644
0.6143866777420044
0.613167941570282
0.6133239269256592
0.6126291751861572
0.6125773787498474
0.6116411089897156
0.6113907098770142
0.6108525395393372
0.6107940673828125
0.6097444295883179
0.6094773411750793
0.6094393134117126
0.609305202960968
0.6087519526481628
0.6088698506355286
0.6079895496368408
0.6082688570022583
0.6073278188705444
0.607525646686554
0.6074225902557373
no squeeze
818.272216796875
568.9364624023438
504.22265625
293.1767578125
256.7088928222656
180.2259979248047
169.8939666748047
142.28457641601562
137.05332946777344
121.23602294921875
118.01960754394531
107.88925170898438
105.78081512451172
98.99485778808594
97.54468536376953
92.8632583618164
91.82476043701172
88.48562622070312
87.75276184082031
85.379638671875
84.83673858642578
83.09342956542969
82.69309997558594
81.4031753540039
81.1120834350586
80.17626953125
79.9423599243164
79.21733856201172
79.04472351074219
78.49256134033203
78.36714172363281
77.96208190917969
77.8719253540039
77.539306640625
77.472900390625
77.23946380615234
77.16554260253906
76.96187591552734
76.9201889038086
76.75454711914062
76.7225341796875
76.59671783447266
76.5638427734375
76.488037109375
76.45597076416016
76.37901306152344
76.35507202148438
76.27632904052734
76.24690246582031
76.21013641357422
76.20531463623047
76.14252471923828
76.1396255493164
76.08448028564453
76.09207916259766
76.08069610595703
76.04016876220703
76.04055786132812
76.0191421508789
75.98440551757812
75.98260498046875
75.99961853027344
75.96435546875
75.9665756225586
75.9540023803711
75.94992065429688
75.94031524658203
75.90961456298828
75.91824340820312
75.95415496826172
no squeeze
821.2477416992188
606.3172607421875
546.1396484375
321.75408935546875
274.8506164550781
165.84242248535156
152.73629760742188
122.19950866699219
116.72407531738281
99.69160461425781
95.98668670654297
83.55929565429688
80.69971466064453
70.81239318847656
68.51725769042969
60.45477294921875
58.55249786376953
51.80473327636719
50.19244384765625
44.39969253540039
43.05755615234375
38.17911148071289
36.9938850402832
32.76256561279297
31.739946365356445
28.123981475830078
27.23316764831543
24.062673568725586
23.32197380065918
20.613969802856445
19.97163200378418
17.683441162109375
17.11916732788086
15.137843132019043
14.659852981567383
12.948824882507324
12.538333892822266
11.096996307373047
10.744274139404297
9.490138053894043
9.210494041442871
8.169589042663574
7.92552375793457
7.051237106323242
6.8429718017578125
6.1087212562561035
5.93561315536499
5.305292129516602
5.164116382598877
4.670805931091309
4.542607307434082
4.113542556762695
4.0096635818481445
3.6437976360321045
3.5596206188201904
3.264091968536377
3.193281412124634
2.9408183097839355
2.8831892013549805
2.6812050342559814
2.6298952102661133
2.4494740962982178
2.410820960998535
2.2678472995758057
2.2326009273529053
2.1116139888763428
2.079817771911621
1.966585636138916
1.9419456720352173
1.8529857397079468
1.8311235904693604
1.7524985074996948
1.7314714193344116
1.6575376987457275
1.6418482065200806
1.5811227560043335
1.566592812538147
1.5107929706573486
1.4979329109191895
1.451634168624878
1.438104271888733
1.3937128782272339
1.3829772472381592
1.3420705795288086
1.332638144493103
1.2971978187561035
1.2867348194122314
1.2524642944335938
1.243596076965332
1.2125604152679443
1.2049403190612793
1.1757965087890625
1.1683732271194458
1.1432435512542725
1.1351590156555176
1.1098270416259766
1.1027027368545532
1.082708477973938
1.0748730897903442
1.0517297983169556
1.0456963777542114
1.0218520164489746
1.0177192687988281
0.9973763823509216
0.9929890632629395
0.975825846195221
0.9704570174217224
0.9516462087631226
0.9468351006507874
0.9290413856506348
0.9256511330604553
0.9090983271598816
0.9051743745803833
0.8884481191635132
0.8844218850135803
0.8700538873672485
0.8668186068534851
0.8536328673362732
0.8490968942642212
0.8335884213447571
0.8309034109115601
0.8188938498497009
0.8161028623580933
0.804369330406189
0.8008446097373962
0.7892633080482483
0.7854748368263245
0.7747755646705627
0.7713711261749268
0.7602748274803162
0.7576783299446106
0.746252715587616
0.7438300848007202
0.7344533801078796
0.7324496507644653
0.7234387397766113
0.7204717397689819
0.7119963765144348
0.7089510560035706
0.7000548839569092
0.697859525680542
0.690666913986206
0.6879456043243408
0.6798760294914246
0.6779140830039978
0.6720167994499207
0.6697024703025818
0.6623895168304443
0.6599490642547607
0.6524255275726318
0.650802731513977
0.6455356478691101
0.6435568928718567
0.6368744373321533
0.6355278491973877
0.6286896467208862
0.627810537815094
0.6215906143188477
0.6204962730407715
0.6154338121414185
0.6145106554031372
0.6097720861434937
0.6080717444419861
0.6034002304077148
0.602503776550293
0.5975823402404785
0.5967585444450378
0.5941027998924255
0.5924333333969116
0.588302493095398
0.5868775248527527
0.5835188031196594
0.5825555324554443
0.5796559453010559
0.5784203410148621
0.5751960277557373
0.5738743543624878
0.5714015364646912
0.5705462098121643
0.5678473114967346
0.566375195980072
0.5634515285491943
0.5628449320793152
0.5612297058105469
0.5597991347312927
0.5578169822692871
0.556779146194458
0.5547284483909607
0.5541718006134033
0.5523165464401245
0.5517433285713196
0.5495927333831787
0.5493636131286621
0.5472072958946228
0.547190248966217
0.5455324649810791
0.5454793572425842
0.5437759757041931
0.5432922840118408
0.5418251156806946
no squeeze
822.3240356445312
732.7753295898438
699.1472778320312
523.5016479492188
470.8237609863281
297.1318359375
268.7901306152344
209.24575805664062
200.48643493652344
175.9960174560547
171.3510284423828
157.15689086914062
154.2183380126953
144.75735473632812
142.70787048339844
135.8343505859375
134.26406860351562
128.9248504638672
127.69429779052734
123.39564514160156
122.36345672607422
118.79729461669922
117.94749450683594
114.89642333984375
114.18828582763672
111.5670394897461
110.92752838134766
108.60279083251953
108.04218292236328
105.97948455810547
105.49832153320312
103.6023941040039
103.10906219482422
101.3628921508789
100.91569519042969
99.26318359375
98.83848571777344
97.32475280761719
96.92180633544922
95.35969543457031
94.97245788574219
93.52224731445312
93.16158294677734
91.74890899658203
91.36469268798828
90.00148010253906
89.6241226196289
88.27415466308594
87.91942596435547
86.6384048461914
86.27128601074219
85.01101684570312
84.68620300292969
83.44169616699219
83.108642578125
81.93391418457031
81.59207916259766
80.43500518798828
80.13322448730469
79.02300262451172
78.7304458618164
77.6784439086914
77.44296264648438
76.36687469482422
76.09651184082031
75.12043762207031
74.83867645263672
73.93523406982422
73.64759063720703
72.75576782226562
72.51350402832031
71.65897369384766
71.42439270019531
70.59230041503906
70.38227081298828
69.60414123535156
69.39009094238281
68.67658996582031
68.4436264038086
67.7617416381836
67.55982208251953
66.90208435058594
66.72277069091797
66.10932159423828
65.94719696044922
65.35612487792969
65.20193481445312
64.5937271118164
64.453369140625
63.93315505981445
63.7928352355957
63.341556549072266
63.173423767089844
62.69791793823242
62.584877014160156
62.16417694091797
62.046051025390625
61.646636962890625
61.53803634643555
61.16596603393555
61.06179428100586
60.725502014160156
60.635921478271484
60.30537796020508
60.22175598144531
59.929656982421875
59.82548522949219
59.55543518066406
59.46665573120117
59.208656311035156
59.14097213745117
58.8917236328125
58.816932678222656
58.57251739501953
58.490455627441406
58.26737594604492
58.2055778503418
57.979244232177734
57.91796875
57.7462158203125
57.6602897644043
57.437278747558594
57.3651008605957
57.17661666870117
57.12295913696289
56.92817306518555
56.84529113769531
56.644168853759766
56.60442352294922
56.417930603027344
56.34865951538086
56.16338348388672
56.119293212890625
55.9589729309082
55.889686584472656
55.73418426513672
55.6845703125
55.503822326660156
55.454856872558594
55.293540954589844
55.255035400390625
55.12407302856445
55.062042236328125
54.96125411987305
54.88746643066406
54.73615646362305
54.7119255065918
54.61093521118164
54.573551177978516
54.484642028808594
54.426090240478516
54.31721878051758
54.28934860229492
54.202476501464844
54.150306701660156
54.07791519165039
54.0431022644043
53.97616195678711
53.9223518371582
53.85165786743164
53.834510803222656
53.74941635131836
53.7363395690918
53.708621978759766
53.67280197143555
53.59493637084961
53.56306457519531
53.506412506103516
53.5125732421875
53.415069580078125
53.414466857910156
53.371925354003906
53.34077072143555
53.29160690307617
53.279056549072266
53.2407112121582
53.20486831665039
53.15791320800781
53.14379119873047
53.12217712402344
53.08720779418945
53.026084899902344
53.0440673828125
53.008514404296875
52.95635986328125
52.92743682861328
52.9023323059082
52.90498733520508
52.85397720336914
52.81786346435547
52.803707122802734
52.78919219970703
52.76716995239258
52.73081588745117
52.72028350830078
52.69422149658203
52.67447280883789
52.63847351074219
52.60661315917969
52.58964538574219
no squeeze
814.861328125
610.6691284179688
554.0549926757812
341.0207824707031
295.1093444824219
183.76084899902344
170.32833862304688
142.95138549804688
138.6371612548828
126.04753112792969
123.45540618896484
115.22537231445312
113.44998168945312
107.52139282226562
106.19678497314453
101.66649627685547
100.6142807006836
97.01493072509766
96.17446899414062
93.24610137939453
92.56248474121094
90.15364074707031
89.56368255615234
87.51143646240234
87.02323913574219
85.2880859375
84.85755920410156
83.3624267578125
82.99604797363281
81.7070083618164
81.38053894042969
80.2599105834961
79.98303985595703
78.97976684570312
78.73605346679688
77.86051940917969
77.63471984863281
76.84022521972656
76.63758850097656
75.93505096435547
75.75123596191406
75.11854553222656
74.94731903076172
74.35698699951172
74.21414947509766
73.67645263671875
73.5531997680664
73.10608673095703
72.96348571777344
72.51459503173828
72.4062271118164
71.98938751220703
71.8899917602539
71.51204681396484
71.40904998779297
71.0653305053711
70.97684478759766
70.67782592773438
70.57678985595703
70.28824615478516
70.19983673095703
69.94221496582031
69.8425064086914
69.57188415527344
69.51984405517578
69.28980255126953
69.22245788574219
69.02864837646484
68.9644546508789
68.73848724365234
68.68668365478516
68.51306915283203
68.44473266601562
68.2718734741211
68.21151733398438
68.04066467285156
67.99269104003906
67.84550476074219
67.80475616455078
67.69927215576172
67.61968231201172
67.48125457763672
67.43955993652344
67.31404113769531
67.25555419921875
67.1556625366211
67.12037658691406
67.00730895996094
66.9740982055664
66.85411071777344
66.84194946289062
66.759765625
66.68789672851562
66.56555938720703
66.55872344970703
66.47817993164062
66.45549011230469
66.35669708251953
66.31726837158203
66.27513122558594
66.21890258789062
66.16442108154297
66.12627410888672
66.04467010498047
66.0302505493164
65.97217559814453
65.95130157470703
65.8933334350586
65.85147094726562
65.77593231201172
65.74800872802734
65.70318603515625
65.70831298828125
65.63504791259766
65.61476135253906
65.57917785644531
65.54102325439453
65.4800033569336
65.47250366210938
65.46347045898438
65.4284896850586
65.36795806884766
65.35114288330078
65.31149291992188
65.30268096923828
65.24980926513672
65.2463607788086
65.20719146728516
65.1957778930664
65.15225219726562
65.13632202148438
65.12985229492188
65.11764526367188
65.05863952636719
65.06134033203125
65.04815673828125
65.03047943115234
64.99666595458984
64.96922302246094
64.95005798339844
64.93553161621094
64.92229461669922
64.8934097290039
64.88005065917969
64.86024475097656
64.86532592773438
64.8416748046875
64.79110717773438
64.79591369628906
64.80449676513672
no squeeze
802.8799438476562
279.61322021484375
227.79986572265625
169.90057373046875
163.66236877441406
147.0648651123047
144.1728057861328
136.4331817626953
135.07470703125
131.54898071289062
130.94906616210938
129.36000061035156
129.15081787109375
128.3554229736328
128.31793212890625
127.89830017089844
127.8542251586914
127.65778350830078
127.65559387207031
127.49463653564453
127.45777893066406
127.41398620605469
127.40084838867188
127.37809753417969
127.34989929199219
127.40996551513672
127.31389617919922
127.30363464355469
127.31990814208984
127.2984619140625
127.29743194580078
127.31885528564453
127.28699493408203
127.26763916015625
127.98200225830078
127.26907348632812
