no squeeze
4.294423580169678
1.4933435916900635
0.6378827095031738
0.3462730944156647
0.2145279049873352
0.10649587959051132
0.05736552178859711
0.03431175649166107
0.03733134642243385
0.04093170911073685
0.0552758164703846
0.03533364459872246
0.034089941531419754
0.030793193727731705
0.011117855086922646
0.008034199476242065
0.006645985879004002
0.011564149521291256
0.0038455643225461245
0.0025185015983879566
0.01731671206653118
0.013360164128243923
0.01945483684539795
0.008077017031610012
0.00526805967092514
0.006458337884396315
0.0014293919084593654
0.006121662445366383
0.0015218473272398114
0.003011898370459676
0.00277704163454473
0.004741518292576075
0.0028837115969508886
0.001641267677769065
0.006416935473680496
0.0039057591930031776
0.004103317856788635
no squeeze
5.812641620635986
1.6085623502731323
0.9913305044174194
0.7461099028587341
0.5327803492546082
0.414833128452301
0.38911017775535583
0.28286415338516235
0.26673832535743713
0.31096789240837097
0.2572246193885803
0.28397488594055176
0.219061940908432
0.2161419838666916
0.24478018283843994
0.21697993576526642
0.2142660766839981
0.1813325434923172
0.19107991456985474
0.19537360966205597
0.24129027128219604
0.20889510214328766
0.2006007432937622
0.19714424014091492
0.16728010773658752
0.21153636276721954
0.16335859894752502
0.1559465527534485
0.1875423640012741
0.1544538289308548
0.1982763558626175
0.168521448969841
0.24358884990215302
0.21027210354804993
0.1540677547454834
0.1810622662305832
0.17734180390834808
0.20779287815093994
0.1505960375070572
0.19315223395824432
0.2124464362859726
0.17116384208202362
0.1773587167263031
0.20651958882808685
0.17015765607357025
0.13958677649497986
0.18113383650779724
0.21552762389183044
0.15982353687286377
0.1749604195356369
0.16018687188625336
0.17503124475479126
0.1751161366701126
0.15033796429634094
0.1395483911037445
0.14654581248760223
0.1754588931798935
0.11781011521816254
0.15961098670959473
0.12798011302947998
0.15655486285686493
0.16798822581768036
0.13175535202026367
0.13717463612556458
0.13991132378578186
0.14407014846801758
0.14707544445991516
0.15014000236988068
no squeeze
6.13742208480835
2.504699945449829
1.6861162185668945
1.3249528408050537
1.0244989395141602
0.9748528003692627
0.7495362162590027
0.7371886372566223
0.6077848076820374
0.37678438425064087
0.43673160672187805
0.4680352509021759
0.5259895920753479
0.3823918402194977
0.25229960680007935
0.2250487357378006
0.33872100710868835
0.24692824482917786
0.3139686584472656
0.19333310425281525
0.17737804353237152
0.26742085814476013
0.3216124176979065
0.390302836894989
0.21424569189548492
0.22843068838119507
0.33649805188179016
0.22456786036491394
0.16285069286823273
0.15406939387321472
0.11305703967809677
0.1068541556596756
0.10222190618515015
0.08705848455429077
0.06277242302894592
0.1703585833311081
0.18254797160625458
0.06092284619808197
0.05608582869172096
0.14178882539272308
0.15813302993774414
0.27529898285865784
0.23179762065410614
0.11544055491685867
0.16863767802715302
0.17911286652088165
0.06317830085754395
0.07774747163057327
0.05653167515993118
no squeeze
6.064403057098389
2.3182008266448975
1.7817156314849854
1.4772835969924927
1.2341792583465576
1.1136407852172852
0.960888147354126
0.8318590521812439
0.8021745085716248
0.7301081418991089
0.6397217512130737
0.6093299388885498
0.5795614123344421
0.5275331735610962
0.5121522545814514
0.461999773979187
0.47038906812667847
0.4271140694618225
0.5520229339599609
0.39751720428466797
0.38147062063217163
0.38932350277900696
0.36253461241722107
0.3179876208305359
0.31815895438194275
0.304944783449173
0.31129205226898193
0.31797900795936584
0.30318939685821533
0.2748567461967468
0.26144734025001526
0.28518375754356384
0.2535254657268524
0.25651147961616516
0.2608156204223633
0.258389413356781
0.23158657550811768
0.21879956126213074
0.2352277785539627
0.2230229526758194
0.2312302589416504
0.23504187166690826
0.22929830849170685
0.21566995978355408
0.23013918101787567
0.20293715596199036
0.22862325608730316
0.21691183745861053
0.19011545181274414
0.18502210080623627
0.22378645837306976
0.19609077274799347
0.20068247616291046
0.18020005524158478
0.18771123886108398
0.1832658350467682
0.18495570123195648
0.17075489461421967
0.17129690945148468
0.19348156452178955
0.16856396198272705
0.16302914917469025
0.16272658109664917
0.15893788635730743
0.17762607336044312
0.15234562754631042
0.17544254660606384
0.14107513427734375
0.1620861291885376
0.1450488567352295
0.1422315090894699
0.1380220353603363
0.1586662083864212
0.1459256261587143
0.1401074081659317
0.1559356302022934
0.1488903909921646
0.15081502497196198
0.15078671276569366
0.1442742496728897
0.13137276470661163
0.14759419858455658
0.13896970450878143
0.13543711602687836
0.13168230652809143
0.141505166888237
0.12931329011917114
0.1413736790418625
0.11652179807424545
0.12275458872318268
0.11635946482419968
0.12726525962352753
0.11932380497455597
0.12093344330787659
0.14096873998641968
0.11687849462032318
0.12542636692523956
0.12156499922275543
0.11239547282457352
0.12743155658245087
0.12289495766162872
0.13310670852661133
0.12293428182601929
0.12322390079498291
0.12015249580144882
0.10514231771230698
0.10077036172151566
0.10694289207458496
0.11309687048196793
0.11275986582040787
0.11410896480083466
0.11212818324565887
0.11249125003814697
0.11098435521125793
0.10965756326913834
0.11142878234386444
0.112728551030159
no squeeze
5.2878546714782715
1.997438669204712
1.4050425291061401
1.0669925212860107
0.9027681946754456
0.7901365756988525
0.6424639225006104
0.5675525665283203
0.5778715014457703
0.47035589814186096
0.4427502751350403
0.40515848994255066
0.42801883816719055
0.3490085005760193
0.32228565216064453
0.3514012098312378
0.3355810344219208
0.30110394954681396
0.26617056131362915
0.29183119535446167
0.27908438444137573
0.2514995336532593
0.2882724404335022
0.2576996386051178
0.2739790081977844
0.24293741583824158
0.20806609094142914
0.22843360900878906
0.2382322996854782
0.25254523754119873
0.2672031819820404
0.19125530123710632
0.23058871924877167
0.2411947101354599
0.24277418851852417
0.20281022787094116
0.20217010378837585
0.1952195018529892
0.17683705687522888
0.16942834854125977
0.1759634166955948
0.20374928414821625
0.17388390004634857
0.17654778063297272
0.16417008638381958
0.1963970810174942
0.1941533386707306
0.14810046553611755
0.17473305761814117
0.15945661067962646
0.15824463963508606
0.14985843002796173
0.20072337985038757
0.14589178562164307
0.1537502408027649
0.15890759229660034
0.15280376374721527
0.13378876447677612
0.151432603597641
0.16397905349731445
0.1546027511358261
0.14641554653644562
0.13297322392463684
0.12014690041542053
0.14400699734687805
0.14502541720867157
0.16015799343585968
0.14854031801223755
0.15789072215557098
0.12184464186429977
0.14853978157043457
0.1496521532535553
0.11769872158765793
0.12195230275392532
0.1235932931303978
0.10300649702548981
0.1252935379743576
0.12170092761516571
0.10777707397937775
0.09233132004737854
0.10777544975280762
0.103578120470047
0.10301987081766129
0.1273435652256012
0.10080137848854065
0.1108492910861969
0.11372783035039902
0.1140701025724411
0.11606757342815399
0.12161412090063095
no squeeze
2.2442643642425537
0.9607757925987244
0.560194730758667
0.3767489492893219
0.21061769127845764
0.35106390714645386
0.27310532331466675
0.4005032181739807
0.22809746861457825
0.232794851064682
0.27094364166259766
0.27785903215408325
0.22290977835655212
0.16351614892482758
0.16386857628822327
0.1825042963027954
0.16489098966121674
0.13660672307014465
0.2907063364982605
0.2886318564414978
0.2169657051563263
0.26937708258628845
0.20567090809345245
0.2858799397945404
0.3516727685928345
0.2350025475025177
0.16796159744262695
0.25218987464904785
