no squeeze
3.8062186241149902
0.32874298095703125
0.24057205021381378
0.11511630564928055
0.1043710708618164
0.08563075959682465
0.08364424854516983
0.07924302667379379
0.0789092555642128
0.07786785811185837
0.07771708816289902
0.07738378643989563
0.0772334486246109
0.07723943889141083
0.07702337950468063
0.07733649015426636
0.07688812166452408
0.07714937627315521
0.07695293426513672
0.0767512172460556
0.0767507404088974
0.07699626684188843
0.0782952755689621
0.07683654874563217
no squeeze
4.417285442352295
0.679156482219696
0.5981502532958984
0.44838064908981323
0.42503848671913147
0.3615976572036743
0.3507811725139618
0.327920138835907
0.32442837953567505
0.3179565668106079
0.31634777784347534
0.3139735758304596
0.31352245807647705
0.31505224108695984
0.31290772557258606
0.31416386365890503
0.3134227693080902
0.3154662847518921
no squeeze
4.567534923553467
0.49512779712677
0.3523174822330475
0.14826607704162598
0.1260921061038971
0.074805349111557
0.06673910468816757
0.04584302753210068
0.04221867024898529
0.03246721997857094
0.03056943230330944
0.025006776675581932
0.024110013619065285
0.02111683413386345
0.02046559564769268
0.018476810306310654
0.018065687268972397
0.0167582705616951
0.01640491373836994
0.015421966090798378
0.015225591138005257
0.014451088383793831
0.014317890629172325
0.013734627515077591
0.013644716702401638
0.013245037756860256
0.013159849680960178
0.012796000577509403
0.012772045098245144
0.012476704083383083
0.012411592528223991
0.012197041884064674
0.012130212038755417
0.011912044137716293
0.011865687556564808
0.011717311106622219
0.011671394109725952
0.01153811626136303
0.011483991518616676
0.011379255913197994
0.011363455094397068
0.011304385960102081
0.01134396344423294
0.011175407096743584
0.011188289150595665
0.011084673926234245
0.011114896275103092
0.011011997237801552
0.010986295528709888
0.010932906530797482
0.010950920172035694
0.010903796181082726
0.010863994248211384
0.010853187181055546
0.010869830846786499
0.010805840604007244
0.01081690564751625
0.010789078660309315
0.010798036120831966
0.010786192491650581
0.010776576586067677
0.010731248185038567
0.010716034099459648
0.01068357564508915
0.010708595626056194
0.010644461028277874
0.010712598450481892
0.010674611665308475
no squeeze
4.61666202545166
1.7432236671447754
1.5461280345916748
1.1746470928192139
1.1236772537231445
0.992374837398529
0.9741462469100952
0.8907349109649658
0.8781400322914124
0.8250572681427002
0.8112150430679321
0.7735353708267212
0.7658754587173462
0.73811936378479
0.7346294522285461
0.7075914144515991
0.7011364102363586
0.6828558444976807
0.6784844994544983
0.6613732576370239
0.6580562591552734
0.6400470733642578
0.6381094455718994
0.618994951248169
0.6156397461891174
0.5966619253158569
0.5909836888313293
0.571068525314331
0.5658388733863831
0.5440202355384827
0.5387809872627258
0.5185685157775879
0.5074283480644226
0.4809490442276001
0.4733557403087616
0.450361967086792
0.4433196485042572
0.42402583360671997
0.41936418414115906
0.4080144464969635
0.40340304374694824
0.394946426153183
0.39461013674736023
0.3879833221435547
0.38803818821907043
0.38407954573631287
0.3824627995491028
0.38038933277130127
0.37928998470306396
0.3760719895362854
0.3755807876586914
0.37666475772857666
0.37549251317977905
0.3722389042377472
0.37101346254348755
0.36837390065193176
0.3691655397415161
0.3676483631134033
0.3665001690387726
0.3660867214202881
0.3643260598182678
0.3637438714504242
0.3659050762653351
0.36287668347358704
0.3609321117401123
0.36267298460006714
0.3598874509334564
0.36122336983680725
0.35974982380867004
0.3579159379005432
0.35949939489364624
0.35884198546409607
no squeeze
4.345492362976074
1.0895758867263794
0.9818871021270752
0.7918579578399658
0.7661951184272766
0.6933034658432007
0.6768293380737305
0.6299001574516296
0.6185033321380615
0.5758795142173767
0.5616081953048706
0.5210719704627991
0.5086042284965515
0.4720366299152374
0.46655482053756714
0.43326738476753235
0.42813029885292053
0.4142613112926483
0.4051661193370819
0.39529120922088623
0.39329734444618225
0.3882996439933777
0.3875882625579834
0.38148579001426697
0.38211387395858765
0.3785981833934784
0.3773375451564789
0.37422946095466614
0.37429580092430115
0.37327840924263
0.37145620584487915
0.37124741077423096
0.369873583316803
0.3712315559387207
0.3687887191772461
0.3677281439304352
0.3708314895629883
0.3656631112098694
0.3656480312347412
0.36485153436660767
0.3646395802497864
0.36447253823280334
0.3650948107242584
0.3641100525856018
0.36367014050483704
0.3663191497325897
0.3633235692977905
0.3635883927345276
0.3622214198112488
0.3629368841648102
0.36110860109329224
0.3614993095397949
0.36267924308776855
0.36285173892974854
no squeeze
5.693867206573486
0.9210285544395447
0.881212592124939
0.8575685024261475
0.8549565076828003
0.859951376914978
0.8532726764678955
0.8510857820510864
0.849840521812439
0.8585793375968933
0.8482069373130798
0.8550944328308105
0.8528164029121399
0.8471412062644958
0.8502170443534851
0.8542502522468567
