no squeeze
0.9993380308151245
0.30348432064056396
0.15009741485118866
0.09729311615228653
0.05738597735762596
0.04281459003686905
0.0325719490647316
0.02410430833697319
0.019565939903259277
0.013683060184121132
0.012252112850546837
0.008806887082755566
0.00887911207973957
0.007785156834870577
0.005962058901786804
0.006684071850031614
0.006276046857237816
0.005397394299507141
0.004434266593307257
0.004003806505352259
0.0033371595200151205
0.0039763012900948524
0.0031154712196439505
0.003129264572635293
0.002300405176356435
0.001992403995245695
0.0018634542357176542
0.002107946900650859
0.0017866161651909351
0.0016521033830940723
0.0029599228873848915
0.001750065479427576
0.0031436625868082047
0.0017582870787009597
0.0015673215966671705
0.0017528502503409982
0.0011051344918087125
0.0011872675968334079
0.001123351976275444
0.001325138728134334
0.001658411929383874
0.0015446190955117345
0.0011470116442069411
0.0009046213235706091
0.0009355695801787078
0.0008998300181701779
0.0011421325616538525
0.0014413195895031095
0.0017678443109616637
0.0007784243207424879
0.0006960428436286747
0.0007438695756718516
0.000921260507311672
0.0008850746671669185
0.001078320317901671
0.0007635974907316267
0.0011018305085599422
0.001294359564781189
0.0009562212508171797
0.0005523795844055712
0.0017703351331874728
0.010312637314200401
0.006854167208075523
0.0036915026139467955
0.003455415600910783
0.0012459016870707273
0.000714333145879209
0.00038666877662763
0.00045905570732429624
0.00034994553425349295
0.00040307879680767655
0.0019767945632338524
0.003945379052311182
0.003747017355635762
0.0017355260206386447
0.0016388790681958199
0.0009302747785113752
0.0011811914155259728
0.0003511279937811196
0.00025574161554686725
0.000347557186614722
0.0003954172716476023
0.000463405012851581
0.0003680335357785225
0.0003869073116220534
0.0003589124244172126
0.0003884001343976706
0.0009104464552365243
0.0002510854392312467
0.0004549746518023312
0.0005945065058767796
0.0006185994134284556
0.0006538638263009489
0.004390662536025047
0.0031440132297575474
0.0052153365686535835
0.020783675834536552
0.015149224549531937
0.0017213976243510842
no squeeze
0.680217444896698
0.2623000144958496
0.1476200968027115
0.09755004942417145
0.07152946293354034
0.05583944544196129
0.044934775680303574
0.043083757162094116
0.03385045751929283
0.029488934203982353
0.02491866983473301
0.023501846939325333
0.020877551287412643
0.02148452401161194
0.019182374700903893
0.01677793264389038
0.017107922583818436
0.014949127100408077
0.01420525275170803
0.014191384427249432
0.013112584128975868
0.012713479809463024
0.011081358417868614
0.012737183831632137
0.012779883109033108
0.011249959468841553
0.015229200012981892
0.013069507665932178
0.011289456859230995
0.011200959794223309
0.009348138235509396
0.009568669833242893
0.008657782338559628
0.007795593235641718
0.008260643109679222
0.007182599510997534
0.007590461056679487
0.008085937239229679
0.008254884742200375
0.012019668705761433
0.007980450056493282
0.009409337304532528
0.011193200014531612
0.00975878071039915
0.008259578607976437
0.00803553406149149
no squeeze
1.0799353122711182
0.41852712631225586
0.27468371391296387
0.2017987221479416
0.1476219743490219
0.11818165332078934
0.09263287484645844
0.07677861303091049
0.07074490934610367
0.06577607244253159
0.05819842591881752
0.06836272776126862
0.03987676650285721
0.03806889429688454
0.029790513217449188
0.03283381834626198
0.037630584090948105
0.025424370542168617
0.02161252312362194
0.021490097045898438
0.02144833840429783
0.02077571675181389
0.02297954261302948
0.033051736652851105
0.02230319194495678
0.01854665018618107
0.03337442874908447
0.020062781870365143
0.03619384765625
0.04086080938577652
0.013620030134916306
0.01191377267241478
0.014545248821377754
0.009947068057954311
0.007018961012363434
0.006044846959412098
0.005960469134151936
0.005737436003983021
0.009816027246415615
0.006309622898697853
0.00580576853826642
0.0069264862686395645
0.008713463321328163
0.00970969907939434
0.00570706045255065
0.00496384222060442
0.004224370699375868
0.00400206632912159
0.005331652704626322
0.0038390050176531076
0.0038110543973743916
0.0032961866818368435
0.003301417687907815
0.0031097554601728916
0.0032680360600352287
0.003071415238082409
0.003509053960442543
0.010150331072509289
0.026364943012595177
0.021907933056354523
0.008504057303071022
0.004689631052315235
0.0034471903927624226
0.0029505924321711063
0.002586089540272951
0.0029532755725085735
0.003088653087615967
0.0023021860979497433
0.00219644489698112
0.002937126439064741
0.0023369246628135443
0.0020995568484067917
0.002165918704122305
0.002215245272964239
0.0021254639141261578
0.002671103458851576
0.0027395824436098337
0.0021158515010029078
0.002075240248814225
0.002001354703679681
0.0023603346198797226
0.002282516099512577
0.003116968087852001
0.01992475800216198
0.023143572732806206
0.002869937103241682
0.0022145274560898542
0.0020261022727936506
0.0015230390708893538
0.0022503938525915146
0.0016226264415308833
0.0015652058646082878
0.0015473973471671343
0.001565638929605484
0.002909902948886156
0.0025635724887251854
0.0023743892088532448
0.0022139879874885082
0.003408206393942237
no squeeze
1.2475240230560303
0.6693518757820129
0.5469338893890381
0.47357332706451416
0.4092199206352234
0.3606138229370117
0.3188439905643463
0.2884078323841095
0.2634165585041046
0.2442644238471985
0.22839362919330597
0.20552687346935272
0.19037587940692902
0.17306144535541534
0.16037672758102417
0.151351198554039
0.14700350165367126
0.1396445482969284
0.12799929082393646
0.12588346004486084
0.12579861283302307
0.11906500160694122
0.10820206999778748
0.10401973128318787
0.09684707969427109
0.09551707655191422
0.09272915869951248
0.09477030485868454
0.08742125332355499
0.08073980361223221
0.08142543584108353
0.08183781802654266
0.07467682659626007
0.07413742691278458
0.06992429494857788
0.07000599801540375
0.07100266218185425
0.06818439066410065
0.06626102328300476
0.06598573178052902
0.06534852832555771
0.06441739201545715
0.06307753175497055
0.06412379443645477
0.06730418652296066
0.06038336828351021
0.061280131340026855
0.05832619592547417
0.056990884244441986
0.057592689990997314
0.05320518836379051
0.05450490117073059
0.05433892458677292
0.05728711560368538
0.052502624690532684
0.05096150189638138
0.04898066818714142
0.05319759622216225
0.05451809987425804
0.048198360949754715
0.04839884117245674
0.05005436763167381
0.04808099940419197
0.054111894220113754
0.04681530222296715
0.04691826179623604
0.046831365674734116
0.04825632646679878
0.047213561832904816
0.05290716886520386
0.04602140188217163
0.043348997831344604
0.044271331280469894
0.044444773346185684
0.04159887880086899
0.04218660295009613
0.044424235820770264
0.04579034075140953
0.03973916172981262
0.04143358767032623
0.04129328206181526
0.040638718754053116
0.04196200519800186
0.04143613949418068
0.04148232564330101
0.037723422050476074
0.04013780131936073
0.03984973207116127
0.04008316993713379
0.038242243230342865
0.04212008789181709
0.03877075016498566
0.03845881670713425
0.03782753273844719
0.04128909111022949
0.035418108105659485
0.038577850908041
0.03936838358640671
0.036827221512794495
0.04108487814664841
0.037862468510866165
0.038301076740026474
0.04046149551868439
0.036611560732126236
0.0390506349503994
0.03683822974562645
no squeeze
1.32096529006958
0.5005859732627869
0.35991182923316956
0.2745852470397949
0.22169888019561768
0.19140495359897614
0.1679173707962036
0.1458718180656433
0.12925805151462555
0.11140944808721542
0.10666563361883163
0.09626857191324234
0.08660642802715302
0.08616536110639572
0.07774952799081802
0.07084625214338303
0.0653441995382309
0.0636933222413063
0.05708075314760208
0.057510677725076675
0.056278638541698456
0.048353616148233414
0.04811495169997215
0.05465342849493027
0.04788587987422943
0.04191617667675018
0.04197851940989494
0.04013948515057564
0.042421091347932816
0.03986598551273346
0.0406874418258667
0.038232482969760895
0.03456105291843414
0.03088957630097866
0.03203167766332626
0.03327639400959015
0.029124263674020767
0.030850961804389954
0.028354309499263763
0.028935903683304787
0.03369619697332382
0.030864709988236427
0.028326688334345818
0.028005540370941162
0.02626163884997368
0.02685762383043766
0.025109874084591866
0.024312488734722137
0.025271328166127205
0.024208497256040573
0.03000173717737198
0.030161768198013306
0.030939143151044846
0.023655295372009277
0.022441446781158447
0.023575808852910995
0.023443961516022682
0.026386724784970284
0.026282068341970444
0.02365136705338955
0.022586477920413017
0.024188222363591194
0.02252877503633499
0.019982626661658287
0.020940477028489113
0.02190823294222355
0.02058763988316059
0.02112537808716297
0.022383878007531166
0.02105497010052204
0.026756472885608673
0.022108493372797966
0.020907660946249962
0.021122653037309647
no squeeze
0.7343026399612427
0.35853639245033264
0.21418868005275726
0.243350088596344
0.146218404173851
0.12935589253902435
0.12267164885997772
0.10143008083105087
0.13820548355579376
0.1646450161933899
0.11909651011228561
0.08773776143789291
0.08928915113210678
0.09770739078521729
0.17302031815052032
0.1290169507265091
0.11188888549804688
0.11407427489757538
0.24817264080047607
0.14430665969848633
0.10915973037481308
0.09089886397123337
