no squeeze
6.455316543579102
2.2352206707000732
1.1956309080123901
0.6996684074401855
0.3937378525733948
0.2690381705760956
0.20360685884952545
0.10896816849708557
0.12126310914754868
0.12901142239570618
0.08261803537607193
0.044485852122306824
0.04323381930589676
0.043141189962625504
0.02741348184645176
0.01641842909157276
0.017150919884443283
0.01726404018700123
0.014853044413030148
0.013267919421195984
0.01786329783499241
0.014409614726901054
0.010783996433019638
0.01405477337539196
0.007708045653998852
0.006467520724982023
0.01422728318721056
0.023328935727477074
0.014305226504802704
0.010896103456616402
0.010958118364214897
0.006241537164896727
0.01050292607396841
0.008744108490645885
0.005975788459181786
0.007073432672768831
0.005148735363036394
0.005667443387210369
0.0046461354941129684
0.006718277931213379
0.01175706833600998
0.029450632631778717
0.007253789342939854
0.013310311362147331
0.008041469380259514
0.005914835259318352
0.008803757838904858
0.010833384469151497
0.010890779085457325
no squeeze
5.881081581115723
2.1458332538604736
1.3674185276031494
0.967990517616272
0.6825511455535889
0.592831015586853
0.47113487124443054
0.47496727108955383
0.3236626088619232
0.29312726855278015
0.2913864254951477
0.2813405394554138
0.41236409544944763
0.19593249261379242
0.18857026100158691
0.22068259119987488
0.1915273815393448
0.21143648028373718
0.2030368447303772
0.15049320459365845
0.16284291446208954
0.16402798891067505
0.15731535851955414
0.22786985337734222
0.17643745243549347
0.19976237416267395
0.18173673748970032
0.17243032157421112
0.16390232741832733
0.21624186635017395
no squeeze
5.910558700561523
2.832266092300415
1.9283678531646729
1.2807297706604004
1.025453805923462
1.0403062105178833
0.6274739503860474
0.5753163695335388
0.3847216069698334
0.38572993874549866
0.26161113381385803
0.24431756138801575
0.22841015458106995
0.1564544141292572
0.1521451473236084
0.15778149664402008
0.1975959688425064
0.11552941799163818
0.09098020195960999
0.08150137960910797
0.0704471692442894
0.07729866355657578
0.0672924593091011
0.061970457434654236
0.0490102581679821
0.05759761855006218
0.06007374823093414
0.05944698676466942
0.05758016183972359
0.06383633613586426
0.14270855486392975
0.07424556463956833
0.03613530471920967
0.03497018292546272
0.02027975209057331
0.02149849757552147
0.04555528983473778
0.06575214862823486
0.0852574035525322
0.025287026539444923
0.18529760837554932
0.14555318653583527
0.24487054347991943
0.03447623550891876
0.028360487893223763
no squeeze
7.679409980773926
3.355867385864258
2.6397275924682617
2.2777934074401855
1.9606248140335083
1.7373276948928833
1.5828933715820312
1.4066240787506104
1.3631865978240967
1.175636887550354
1.0583226680755615
1.0303905010223389
0.9676962494850159
0.8577315807342529
0.835054874420166
0.7384927272796631
0.7403025031089783
0.6934908032417297
0.6904407739639282
0.6306177973747253
0.573401689529419
0.5372174978256226
0.5033975839614868
0.5109674334526062
0.4770680069923401
0.46895986795425415
0.44994640350341797
0.4148710072040558
0.4036944508552551
0.4322248697280884
0.4030282497406006
0.3866042196750641
0.33304306864738464
0.36899569630622864
0.3461182415485382
0.3259815573692322
0.3083564341068268
0.3211044669151306
0.3074728846549988
0.27234798669815063
0.30273371934890747
0.29007071256637573
0.2861095368862152
0.2955738604068756
0.2521882653236389
0.23886056244373322
0.2704477310180664
0.2525841295719147
0.24395246803760529
0.247268408536911
0.24301229417324066
0.21805275976657867
0.21972443163394928
0.25409069657325745
0.21154163777828217
0.20101256668567657
0.21571573615074158
0.2251037210226059
0.20388726890087128
0.191895991563797
0.18745534121990204
0.2094113528728485
0.19708645343780518
0.19740509986877441
0.18172098696231842
0.18141688406467438
0.17629821598529816
0.1897774040699005
0.17263342440128326
0.15601858496665955
0.17529216408729553
0.1646076887845993
0.15284281969070435
0.15170373022556305
0.15904290974140167
0.16074499487876892
0.17152439057826996
0.14879412949085236
0.15720802545547485
0.1646408885717392
0.1452273279428482
0.13129237294197083
0.13830158114433289
0.14435772597789764
0.18118950724601746
0.14321132004261017
0.14498662948608398
0.12923991680145264
0.1390342116355896
0.1390324980020523
0.12175238132476807
0.13588924705982208
0.1487705260515213
0.13995519280433655
0.13686899840831757
0.15087804198265076
0.12733207643032074
0.1410364806652069
0.12966972589492798
0.1385941505432129
0.1356866955757141
no squeeze
6.938063621520996
2.86515474319458
2.060879707336426
1.6243131160736084
1.334812879562378
1.102555513381958
0.9357739686965942
0.7965685129165649
0.7401884198188782
0.6189247965812683
0.5858169198036194
0.5472049713134766
0.5173479318618774
0.4707910120487213
0.4193281829357147
0.4148668944835663
0.3833217918872833
0.39259976148605347
0.3313169777393341
0.2921256422996521
0.3209167420864105
0.3202340006828308
0.26612138748168945
0.26854032278060913
0.24323740601539612
0.2661096155643463
0.23685809969902039
0.22674186527729034
0.2268623560667038
0.20840290188789368
0.19231843948364258
0.17978647351264954
0.2132602035999298
0.177033931016922
0.18658141791820526
0.18022972345352173
0.16777807474136353
0.16293329000473022
0.1674071103334427
0.1741315722465515
0.13513897359371185
0.14164291322231293
0.15347769856452942
0.14402972161769867
0.1428688019514084
0.13554224371910095
0.14747469127178192
0.12557464838027954
0.15558461844921112
0.14809000492095947
0.1199667900800705
0.15068034827709198
0.13117340207099915
0.11764885485172272
0.11439365893602371
0.11201005429029465
0.11431527137756348
0.11300767213106155
0.11541078239679337
0.10746260732412338
0.1439075767993927
0.12545019388198853
0.10244949162006378
0.1178567185997963
0.10534566640853882
0.10923679172992706
0.11747728288173676
0.10864010453224182
0.09025979042053223
0.09968673437833786
0.09837260097265244
0.09441208094358444
0.08661413937807083
0.1043749451637268
0.11422789841890335
0.09646984934806824
0.12137383222579956
0.1039222851395607
0.10768671333789825
0.09878864884376526
0.08137642592191696
0.11839978396892548
0.10229336470365524
0.11465626209974289
0.08062705397605896
0.08313867449760437
0.0882854163646698
0.0958627462387085
0.10065663605928421
0.08674176037311554
0.08800169080495834
0.07881893962621689
0.08918099105358124
0.092164047062397
0.08823863416910172
0.08595409244298935
0.09315691888332367
0.06871401518583298
0.07481682300567627
0.0694962814450264
0.07449698448181152
0.06753253936767578
0.07322414219379425
0.07852067798376083
0.06772172451019287
0.06337594240903854
0.07237441837787628
0.07083304971456528
0.08459512144327164
0.08292342722415924
0.06943994015455246
0.06906092166900635
0.0684865415096283
0.08735882490873337
0.0734565258026123
0.06778975576162338
no squeeze
3.9581267833709717
1.3628642559051514
1.0088380575180054
0.6894866824150085
0.594474196434021
0.5567812323570251
0.524948239326477
0.5412837266921997
0.6804519891738892
0.6698712110519409
0.5434231162071228
0.5133426189422607
0.6720883846282959
0.4564414620399475
0.42863112688064575
0.38361865282058716
0.5110040903091431
0.41512244939804077
0.3611169755458832
0.3776175379753113
0.4888550937175751
0.3805333375930786
0.29814383387565613
0.266165554523468
0.3992346227169037
0.4266945421695709
0.3173680603504181
0.3022218644618988
0.3973645865917206
0.36915212869644165
0.33878928422927856
0.33645376563072205
0.27084943652153015
0.3406378924846649
