no squeeze
596.949951171875
418.1275329589844
370.7552795410156
213.753173828125
185.07623291015625
113.62590026855469
102.15292358398438
71.7607421875
66.32769775390625
50.204193115234375
46.92332458496094
36.44070053100586
34.213504791259766
26.987619400024414
25.41657066345215
20.324247360229492
19.218364715576172
15.610175132751465
14.838998794555664
12.289525032043457
11.724660873413086
9.87132453918457
9.442338943481445
8.042332649230957
7.7359395027160645
6.701657772064209
6.469382286071777
5.6700286865234375
5.489436626434326
4.8792619705200195
4.737916469573975
4.232865810394287
4.130244255065918
3.7485756874084473
3.659821033477783
3.3523943424224854
3.280390977859497
3.0260696411132812
2.9691359996795654
2.7753007411956787
2.7363884449005127
2.5473742485046387
2.509038209915161
2.3702096939086914
2.3388123512268066
2.231302261352539
2.1935462951660156
2.097224473953247
2.0724284648895264
1.9863314628601074
1.968569278717041
1.9054975509643555
1.8848662376403809
1.8217172622680664
1.8090378046035767
1.7598997354507446
1.7465742826461792
1.7060257196426392
1.69746994972229
1.662081003189087
1.6532660722732544
1.6208094358444214
1.6110535860061646
1.5839459896087646
1.577280044555664
1.5586951971054077
1.5504406690597534
1.536073923110962
1.5265153646469116
1.5082001686096191
1.504205584526062
1.4901026487350464
1.4860224723815918
1.471998691558838
1.468685269355774
1.4569813013076782
1.4544873237609863
1.4440819025039673
1.4424071311950684
1.4324055910110474
1.4304652214050293
1.4207470417022705
1.419258713722229
1.4109218120574951
1.4104971885681152
1.4036177396774292
1.3998714685440063
1.3936938047409058
1.3919023275375366
1.3860270977020264
1.3846529722213745
1.3803364038467407
1.3776835203170776
1.3731064796447754
1.3708686828613281
1.3663097620010376
1.3667081594467163
1.3616862297058105
1.3602427244186401
1.3567416667938232
1.3551514148712158
1.350583791732788
1.3511894941329956
1.3473700284957886
1.3466365337371826
1.3425557613372803
1.343235731124878
1.3398692607879639
1.3385584354400635
1.3354970216751099
1.33452570438385
1.3324825763702393
1.3325104713439941
1.3304678201675415
1.3287986516952515
1.326220154762268
1.3247435092926025
1.3244702816009521
1.3221386671066284
1.3210200071334839
1.3229165077209473
1.3185884952545166
1.3206160068511963
1.317940592765808
1.3170875310897827
1.3151286840438843
1.315263271331787
1.312333345413208
1.3129373788833618
1.3128328323364258
no squeeze
594.171630859375
444.4019470214844
401.85107421875
246.9521026611328
215.5193328857422
135.44223022460938
122.6747817993164
89.7740707397461
83.86304473876953
66.29505920410156
62.66706848144531
50.79401397705078
48.15713119506836
39.26079177856445
37.22932052612305
30.332834243774414
28.767263412475586
23.43507194519043
22.239810943603516
18.174123764038086
17.26296043395996
14.199774742126465
13.513152122497559
11.211875915527344
10.702666282653809
8.999435424804688
8.620650291442871
7.332544803619385
7.04477596282959
6.089415073394775
5.874290466308594
5.151268482208252
4.988885402679443
4.422487735748291
4.294729709625244
3.8599026203155518
3.754415988922119
3.406771183013916
3.327010154724121
3.050034999847412
2.9869561195373535
2.7627251148223877
2.712496519088745
2.533153772354126
2.4926116466522217
2.3492283821105957
2.3165500164031982
2.1979846954345703
2.170166492462158
2.0732839107513428
2.0499894618988037
1.9706286191940308
1.9523258209228516
1.8876687288284302
1.8732380867004395
1.8217014074325562
1.8117178678512573
1.7644802331924438
1.7554620504379272
1.716927409172058
1.7086619138717651
1.6787992715835571
1.6710219383239746
1.6441599130630493
1.637231707572937
1.6174343824386597
1.6122294664382935
1.5933159589767456
1.5889614820480347
1.57198965549469
1.5683263540267944
1.556107997894287
1.5530505180358887
1.5396157503128052
1.5372511148452759
1.52688467502594
1.5247917175292969
1.5155210494995117
1.5138463973999023
1.5071789026260376
1.5047911405563354
1.497219204902649
1.4962202310562134
1.4900691509246826
1.4887841939926147
1.4816055297851562
1.4808628559112549
1.4767447710037231
1.4749846458435059
1.4714999198913574
1.4712494611740112
1.4663887023925781
1.4648035764694214
1.46271550655365
1.4604331254959106
1.4571852684020996
1.4566411972045898
1.453613519668579
1.4522943496704102
1.4510676860809326
1.4496134519577026
1.4477856159210205
1.4467658996582031
1.4443658590316772
1.4432117938995361
1.441796898841858
1.4416654109954834
1.4381963014602661
1.4378573894500732
1.4375883340835571
1.4379817247390747
1.4355088472366333
1.4352689981460571
1.4319658279418945
1.432190179824829
1.4318315982818604
1.4308738708496094
1.4280779361724854
1.4303574562072754
1.4282952547073364
no squeeze
597.004638671875
464.7098693847656
425.79833984375
274.55511474609375
240.971923828125
146.53497314453125
130.42897033691406
87.48841094970703
79.703125
57.26950454711914
52.96419143676758
39.49765396118164
36.65799331665039
27.491252899169922
25.547208786010742
19.26019287109375
17.920650482177734
13.627525329589844
12.711097717285156
9.790538787841797
9.17747974395752
7.215794086456299
6.808128356933594
5.508582592010498
5.2220988273620605
4.323884963989258
4.1313910484313965
3.5056564807891846
3.3756744861602783
2.9396300315856934
2.847306251525879
2.539400815963745
2.470005989074707
2.239546775817871
2.18877911567688
2.01554799079895
1.97922682762146
1.849814534187317
1.8199185132980347
1.7239718437194824
1.6993772983551025
1.6187753677368164
1.6013704538345337
1.5376174449920654
1.5244487524032593
1.4774270057678223
1.465509295463562
1.4243463277816772
1.4151371717453003
1.3834432363510132
1.375855565071106
1.3509926795959473
1.343902826309204
1.32010817527771
1.3149147033691406
1.2973699569702148
1.2922574281692505
1.2763803005218506
1.2728209495544434
1.262016773223877
1.2576134204864502
1.2448915243148804
1.2430851459503174
1.2340723276138306
1.2315073013305664
1.2236990928649902
1.221785306930542
1.2144347429275513
1.2114742994308472
1.205812931060791
1.204347848892212
1.200779676437378
1.198508858680725
1.194060206413269
1.1934107542037964
1.188557744026184
1.1876355409622192
1.1838672161102295
1.1831403970718384
1.1789913177490234
1.1782400608062744
1.1762546300888062
1.1747257709503174
1.1722708940505981
1.1724060773849487
1.169084072113037
1.169418215751648
1.1681454181671143
1.1668000221252441
1.1644600629806519
1.1639958620071411
1.1624960899353027
1.1619946956634521
1.1609916687011719
1.160874843597412
1.1598325967788696
1.158876657485962
1.157647967338562
1.1575697660446167
1.156053066253662
1.1562222242355347
1.1560122966766357
1.1550391912460327
1.15419602394104
1.153602957725525
1.1530911922454834
1.1532801389694214
1.1523411273956299
1.1518986225128174
1.1525001525878906
1.1523916721343994
1.1514339447021484
1.1513206958770752
1.1500434875488281
1.1495684385299683
1.1488845348358154
1.1488884687423706
1.1491408348083496
no squeeze
599.4896850585938
539.5933227539062
517.3994750976562
398.8289794921875
362.1554260253906
231.08680725097656
205.41180419921875
138.7915496826172
127.71595001220703
97.72074890136719
92.22542572021484
75.67381286621094
72.31381225585938
61.53681945800781
59.22595977783203
51.569000244140625
49.876220703125
44.2364501953125
42.96120071411133
38.68757629394531
37.736671447753906
34.47163391113281
33.740325927734375
31.25977897644043
30.74453353881836
28.761310577392578
28.334041595458984
26.865623474121094
26.525386810302734
25.389047622680664
25.165878295898438
24.247953414916992
24.051856994628906
23.385507583618164
23.221166610717773
22.708818435668945
22.569990158081055
22.220603942871094
22.061023712158203
21.697458267211914
21.62805938720703
21.34512710571289
21.27495765686035
21.123088836669922
20.98987579345703
20.771442413330078
20.731412887573242
20.551734924316406
20.5014591217041
20.34515380859375
20.29405403137207
20.22034454345703
20.106576919555664
19.933841705322266
19.967504501342773
19.75200080871582
19.71307373046875
19.567903518676758
19.607898712158203
19.39645004272461
19.34229278564453
19.11195182800293
19.092836380004883
18.919754028320312
18.833637237548828
18.632984161376953
18.69593048095703
18.31592559814453
18.316659927368164
18.075885772705078
17.965412139892578
17.7160701751709
17.585519790649414
17.249662399291992
17.162458419799805
16.80576515197754
16.72001075744629
16.33884048461914
16.202436447143555
15.744646072387695
15.6824312210083
15.109903335571289
14.968055725097656
14.40195083618164
14.246410369873047
13.662331581115723
13.480013847351074
12.785173416137695
12.607734680175781
11.909835815429688
11.712360382080078
10.958536148071289
10.751646041870117
9.990026473999023
9.869672775268555
8.988336563110352
8.793726921081543
7.987949848175049
7.79482889175415
7.030492305755615
6.8494157791137695
6.155576229095459
5.9957990646362305
5.32908821105957
5.2038044929504395
4.619018077850342
4.486433982849121
4.008528232574463
3.9046475887298584
3.4907920360565186
3.396937370300293
3.0824341773986816
3.011064291000366
2.7616429328918457
2.699995517730713
2.5079946517944336
2.4712588787078857
2.3220207691192627
2.2922580242156982
2.1731486320495605
2.1506025791168213
2.0807132720947266
2.0548181533813477
1.9893559217453003
1.9813346862792969
1.9326021671295166
1.921565294265747
1.8812174797058105
1.902522087097168
1.8688043355941772
1.847829818725586
1.8272780179977417
1.8151682615280151
1.8065481185913086
1.7969039678573608
1.7868014574050903
1.7818976640701294
1.7665401697158813
1.7664188146591187
1.7625412940979004
1.7538760900497437
1.745692491531372
1.7460901737213135
1.7467139959335327
no squeeze
595.3505859375
390.91461181640625
343.89288330078125
206.3311767578125
183.4481201171875
128.3927459716797
119.64048767089844
95.48871612548828
90.87592315673828
76.06124877929688
72.8377456665039
61.87519073486328
59.34342575073242
50.668975830078125
48.68771743774414
41.860713958740234
40.27115249633789
34.882633209228516
33.63632583618164
29.37759017944336
28.41609764099121
25.073068618774414
24.313356399536133
21.579011917114258
20.979705810546875
18.798681259155273
18.25664520263672
16.392459869384766
15.950770378112793
14.375946044921875
14.032882690429688
12.628613471984863
12.336089134216309
11.105012893676758
10.823559761047363
9.769205093383789
9.528672218322754
8.56930160522461
8.3511381149292
7.540735244750977
7.345429420471191
6.64531135559082
6.473442554473877
5.86052942276001
5.7481255531311035
5.2009992599487305
5.071500301361084
4.634491443634033
4.534200668334961
4.165438652038574
4.07865571975708
3.7767693996429443
3.7049553394317627
3.4542593955993652
3.396853446960449
3.1939775943756104
3.149758815765381
2.986450672149658
2.9474520683288574
2.8057503700256348
2.7742631435394287
2.659331798553467
2.633005142211914
2.5413742065429688
2.5187082290649414
2.4402031898498535
2.4215216636657715
2.3558096885681152
2.3400871753692627
2.2869620323181152
2.2711586952209473
2.2234976291656494
2.2167959213256836
2.1717512607574463
2.162539005279541
2.1289238929748535
2.1185410022735596
2.0875437259674072
2.0793392658233643
2.055912733078003
2.0478873252868652
2.0291998386383057
2.017747163772583
1.9986778497695923
1.9941426515579224
1.9754295349121094
1.9713996648788452
1.9551873207092285
1.951242446899414
1.936964988708496
1.9319915771484375
1.9183030128479004
1.9170711040496826
1.90449857711792
1.9031704664230347
1.8979153633117676
1.893259048461914
1.8938077688217163
1.876053810119629
1.8681260347366333
1.8673385381698608
1.8607327938079834
1.8535252809524536
1.8502968549728394
1.844344139099121
1.8382083177566528
1.8358471393585205
1.831794261932373
1.8295369148254395
1.8255603313446045
1.8252016305923462
1.8303093910217285
1.8246263265609741
1.8126163482666016
1.8092349767684937
1.804574728012085
1.8039437532424927
1.7993582487106323
1.798476219177246
1.7958412170410156
1.7919206619262695
1.7865170240402222
1.7863026857376099
1.7890245914459229
1.7843047380447388
1.7790335416793823
1.7820225954055786
1.7790007591247559
1.782584309577942
1.7736588716506958
1.7703653573989868
1.7681714296340942
1.7725474834442139
1.7658071517944336
1.7640365362167358
1.801515817642212
1.8160349130630493
1.7651423215866089
no squeeze
588.6028442382812
321.142578125
269.0867004394531
139.2554931640625
120.00897979736328
74.06177520751953
66.85417175292969
47.70531463623047
44.25761413574219
34.755985260009766
33.05803680419922
28.36468505859375
27.510032653808594
25.195266723632812
24.774625778198242
23.596221923828125
23.37499237060547
22.77450180053711
22.660676956176758
22.336811065673828
22.274629592895508
22.113914489746094
22.34722900390625
22.023441314697266
21.970802307128906
21.97850799560547
21.91558837890625
21.90802764892578
21.881248474121094
22.013206481933594
21.885272979736328
21.824918746948242
21.828266143798828
21.84062385559082
