no squeeze
12.225712776184082
3.3317644596099854
1.7416954040527344
0.9631761908531189
0.6959871649742126
0.6257905960083008
0.5755017995834351
0.3724706768989563
0.39345455169677734
0.34209415316581726
0.303954541683197
0.2438904196023941
0.3415868580341339
0.2637373208999634
0.25306782126426697
0.24333171546459198
0.21994000673294067
0.23580707609653473
0.3066426217556
0.29159432649612427
0.3044516146183014
0.27184733748435974
0.3688170313835144
0.3133871257305145
0.2847425639629364
0.2147100418806076
0.17923761904239655
0.18613865971565247
0.21268832683563232
0.22118894755840302
0.1907418966293335
0.1711561679840088
0.18372409045696259
0.21517367660999298
0.24949103593826294
0.43428295850753784
0.28428587317466736
0.2083890587091446
0.1907844841480255
0.1731586456298828
0.23052579164505005
0.20496827363967896
no squeeze
13.396524429321289
4.254716873168945
2.1475250720977783
1.3804035186767578
0.9769315123558044
0.7543110847473145
0.7835874557495117
0.6090711951255798
0.6238845586776733
0.7543662190437317
0.6777940392494202
0.5779391527175903
0.588386595249176
0.5857563018798828
0.6468415260314941
0.6501628160476685
0.4713277816772461
0.4844638705253601
0.5572412610054016
0.4711507260799408
0.48893582820892334
0.6047349572181702
0.4542083144187927
0.5707617402076721
0.40356066823005676
0.4473889470100403
0.39357444643974304
0.4606403112411499
0.4270217716693878
0.4468762278556824
0.37548214197158813
0.4872429072856903
0.3732336163520813
0.3817054033279419
0.40225180983543396
0.39309290051460266
0.38286229968070984
0.294131338596344
0.6324009299278259
0.4244288206100464
0.4296349883079529
0.48296746611595154
0.310505747795105
0.3773113489151001
0.4508524239063263
0.4556904137134552
0.3779526948928833
0.36285191774368286
no squeeze
14.495950698852539
5.562281131744385
3.53999662399292
2.6779837608337402
1.868215799331665
1.538055419921875
1.308501124382019
1.2584983110427856
1.2286614179611206
0.7809886932373047
0.6713658571243286
0.6716066002845764
0.6371846199035645
0.672268271446228
0.6176507472991943
0.6367125511169434
0.6162543296813965
0.6425436735153198
0.6333692669868469
0.47046467661857605
1.2187473773956299
0.965015172958374
0.704334557056427
0.5344060659408569
0.567760169506073
0.6062281727790833
0.5321952104568481
0.39021503925323486
0.4926612079143524
0.9013007283210754
0.5013049840927124
0.737084150314331
0.4373154640197754
0.46556684374809265
0.5007597208023071
0.545261025428772
0.4745357632637024
0.3090272843837738
0.30731871724128723
0.22621449828147888
0.25488394498825073
0.2637903392314911
0.4729817509651184
0.17952844500541687
0.144493967294693
0.18981949985027313
0.2117336094379425
0.43901631236076355
0.37727829813957214
0.3935113549232483
0.4201512634754181
0.30658337473869324
0.18435971438884735
0.3116442561149597
0.28654560446739197
no squeeze
15.058553695678711
6.0974931716918945
4.575355529785156
3.62186861038208
3.0430850982666016
2.5121002197265625
2.0873451232910156
1.7791908979415894
1.5869823694229126
1.3952231407165527
1.2232577800750732
1.1583845615386963
1.1169291734695435
1.079342007637024
1.031937599182129
0.9353801012039185
0.8882521390914917
0.9292237162590027
0.9313737154006958
0.8998895883560181
0.8006282448768616
0.7778028249740601
0.7943127751350403
0.7828090786933899
0.7304388880729675
0.7427108287811279
0.6678608059883118
0.6918197870254517
0.7967621088027954
0.6479790806770325
0.6935511231422424
0.6593467593193054
0.6525090336799622
0.618379533290863
0.5681688189506531
0.6397044062614441
0.6105633974075317
0.5652308464050293
0.5806100368499756
0.6546048521995544
0.5940614342689514
0.6382729411125183
0.6140760183334351
0.5077802538871765
0.5006483793258667
0.4822397530078888
0.5195525288581848
0.5060248970985413
0.4730513393878937
0.4971151351928711
0.4887169599533081
0.5406575202941895
0.472068727016449
0.4896843135356903
0.4879400134086609
0.45846888422966003
0.4875829517841339
0.4766925871372223
0.4761151373386383
0.4713232219219208
0.45360511541366577
0.44343411922454834
0.3903927505016327
0.41027405858039856
0.4390735328197479
0.4647827744483948
0.39290645718574524
0.42716503143310547
0.41171279549598694
0.38737499713897705
0.40939298272132874
0.37680938839912415
0.36493349075317383
0.3717257082462311
0.37277165055274963
0.36197975277900696
0.36019036173820496
0.35821568965911865
0.3694898188114166
0.34982699155807495
0.37472230195999146
0.35598140954971313
0.3699547350406647
0.3164539635181427
0.2942516803741455
0.3336290121078491
0.3265197277069092
0.30976182222366333
0.3204179108142853
0.31916287541389465
0.29161596298217773
0.32479211688041687
0.26266881823539734
0.30104267597198486
0.28319746255874634
0.31497281789779663
0.2755955159664154
0.30488425493240356
0.30235588550567627
0.31466144323349
0.30702298879623413
0.2410852015018463
0.21492315828800201
0.24315814673900604
0.26605579257011414
0.24637001752853394
0.27566784620285034
0.26539939641952515
0.2662743031978607
0.22211605310440063
0.2652110159397125
0.2380814254283905
0.2435493767261505
no squeeze
12.941832542419434
5.61719274520874
3.741177558898926
2.7835447788238525
2.1526987552642822
1.806837797164917
1.6044111251831055
1.4855427742004395
1.3128602504730225
1.2026262283325195
1.1051260232925415
1.0191047191619873
1.0345289707183838
0.9725455641746521
0.8661518692970276
0.8886826634407043
0.7784215211868286
0.7816493511199951
0.8393431901931763
0.7254961729049683
0.6704936623573303
0.6739779114723206
0.665185272693634
0.620134711265564
0.632712721824646
0.6774930357933044
0.6592078804969788
0.6047207117080688
0.560016393661499
0.5527427196502686
0.61443030834198
0.6011059880256653
0.5960745215415955
0.5005930662155151
0.5959957242012024
0.55907142162323
0.49847859144210815
0.479040265083313
0.4833683669567108
0.4245723485946655
0.4724040925502777
0.4613378345966339
0.4255179464817047
0.4725258946418762
0.4551756680011749
0.5164259076118469
0.46565306186676025
0.49856650829315186
0.40906909108161926
0.4389851689338684
0.4399639368057251
0.40072447061538696
0.40636390447616577
0.40741854906082153
0.5012247562408447
0.3926362991333008
0.3733437657356262
0.3468013405799866
0.310649037361145
0.37907400727272034
0.39965230226516724
0.3776512145996094
0.3779926002025604
0.38913416862487793
0.3981887102127075
0.2980155944824219
0.36091381311416626
0.4148821532726288
0.34694889187812805
0.31739145517349243
0.3249039947986603
0.31239762902259827
0.2976173162460327
0.3255864679813385
0.31363818049430847
0.3249983787536621
0.318535715341568
0.25990888476371765
0.2533268332481384
0.2861114740371704
0.274983286857605
0.3321256637573242
0.29102200269699097
0.2930704653263092
0.27759698033332825
0.25108063220977783
0.29950982332229614
0.2552541494369507
0.2753707468509674
0.28139352798461914
0.269182413816452
0.2772578299045563
0.2705325782299042
0.23503068089485168
0.2481420636177063
0.25313490629196167
0.2308173030614853
0.23062914609909058
0.2754574716091156
0.2316724807024002
0.24736905097961426
0.22169435024261475
0.23553821444511414
0.24815477430820465
0.2492627054452896
0.23927438259124756
0.2613675892353058
0.20944879949092865
0.20105470716953278
0.22968153655529022
0.2527807354927063
0.222438782453537
0.25921377539634705
0.2440391182899475
0.20619477331638336
0.24584829807281494
0.19215981662273407
0.2392982691526413
0.2111700028181076
0.20476554334163666
0.1957833617925644
0.20414377748966217
0.19378137588500977
0.22238211333751678
0.21119970083236694
0.17181004583835602
0.17739827930927277
0.1799437403678894
0.22404858469963074
0.18056556582450867
0.21421010792255402
0.15397171676158905
0.1651764065027237
0.23058517277240753
0.16762098670005798
0.18922685086727142
0.18966716527938843
0.18467387557029724
0.18113645911216736
0.16328686475753784
0.17776308953762054
0.2092890590429306
no squeeze
15.34423828125
3.619021415710449
2.0351016521453857
1.4986534118652344
2.0617332458496094
1.2485984563827515
1.2706505060195923
1.0751398801803589
1.615788459777832
1.3193044662475586
1.1956731081008911
0.9402518272399902
1.4415373802185059
1.3720040321350098
1.3346762657165527
1.0955220460891724
1.2711007595062256
1.4289833307266235
0.7123850584030151
1.1635466814041138
0.7003094553947449
1.8519213199615479
0.7682599425315857
0.7863729000091553
0.9036745429039001
1.2215429544448853
1.3197529315948486
1.07550847530365
1.0877357721328735
1.5686376094818115
1.1003400087356567
