no squeeze
2.827578544616699
0.19403749704360962
0.13969871401786804
0.06790861487388611
0.062229055911302567
0.051674239337444305
0.050197750329971313
0.04532318562269211
0.044576965272426605
0.0423736646771431
0.04212145507335663
0.04136856272816658
0.04126210883259773
0.040771033614873886
0.04069170355796814
0.04072125628590584
0.04073227569460869
0.04044247418642044
0.040689148008823395
0.040425077080726624
0.04032422602176666
0.040754787623882294
0.04059493914246559
0.04031284898519516
0.040299396961927414
0.040403809398412704
0.04042631387710571
0.0401788204908371
0.04033729061484337
0.040255334228277206
no squeeze
2.775132894515991
0.30979618430137634
0.2631950080394745
0.20828011631965637
0.20348455011844635
0.1944165974855423
0.1938719004392624
0.19077201187610626
0.1894931048154831
0.18819692730903625
0.18774725496768951
0.18655483424663544
0.1877341866493225
0.1878979355096817
no squeeze
3.073939323425293
0.32259318232536316
0.229536235332489
0.10012716799974442
0.08605393022298813
0.053293563425540924
0.047772858291864395
0.033031314611434937
0.030456388369202614
0.023086341097950935
0.02166210301220417
0.017451126128435135
0.016666993498802185
0.014187481254339218
0.013726774603128433
0.01220949087291956
0.011896844021975994
0.010949208401143551
0.010729672387242317
0.009959970600903034
0.009802676737308502
0.009362457320094109
0.009230418130755424
0.008738418109714985
0.008635827340185642
0.008271662518382072
0.008202403783798218
0.007951505482196808
0.007867062464356422
0.007651435676962137
0.007585067301988602
0.007418046705424786
0.007373196538537741
0.0072175487875938416
0.007169188000261784
0.007044989615678787
0.007044701371341944
0.0069283233024179935
0.00688815675675869
0.00681504188105464
0.006799580063670874
0.006745630409568548
0.006718045100569725
0.0066647217608988285
0.006646677851676941
0.006610318552702665
0.006603091489523649
0.006542494520545006
0.006519740447402
0.006505819968879223
0.006489555351436138
0.006468359846621752
0.006476155947893858
0.006436605006456375
0.006442079320549965
0.00642068637534976
0.006409510970115662
0.006405075546354055
0.0063697537407279015
0.0063640340231359005
0.006375244352966547
0.006346642971038818
0.006328053772449493
0.0063153537921607494
0.006357356905937195
0.0063112713396549225
0.006314244121313095
0.006305600516498089
0.006326349917799234
0.00631702272221446
no squeeze
3.2133066654205322
0.9476075768470764
0.8319706916809082
0.6210119724273682
0.5942642688751221
0.5262089371681213
0.5134838223457336
0.4751885235309601
0.4680229425430298
0.44616684317588806
0.43919283151626587
0.42171382904052734
0.4181070327758789
0.40409865975379944
0.4014304280281067
0.39058148860931396
0.3877147138118744
0.3781130015850067
0.3757322132587433
0.37251192331314087
0.367870569229126
0.35898318886756897
0.3572568893432617
0.3501211404800415
0.3475344181060791
0.3409467935562134
0.3395153284072876
0.3312531113624573
0.3302263617515564
0.32223671674728394
0.31968608498573303
0.31033432483673096
0.3072187006473541
0.2968881130218506
0.29769062995910645
0.2813985049724579
0.2800416946411133
0.26453596353530884
0.2608492970466614
0.24650532007217407
0.24389570951461792
0.23374538123607635
0.22978252172470093
0.22405055165290833
0.2230662852525711
0.2179742306470871
0.21813036501407623
0.21485185623168945
0.21412505209445953
0.2136101871728897
0.2121029645204544
0.20994317531585693
0.21054776012897491
0.20849934220314026
0.20808851718902588
0.20611484348773956
0.20654746890068054
0.20448768138885498
0.2047613263130188
0.2032051384449005
0.20228764414787292
0.20101214945316315
0.20118017494678497
0.19992761313915253
0.19988131523132324
0.19826224446296692
0.19844697415828705
0.19749923050403595
0.1966881901025772
0.19650794565677643
0.1964295208454132
0.1949426680803299
0.1952425241470337
0.1943420171737671
0.19545911252498627
0.19372066855430603
0.1933494359254837
0.19316831231117249
0.19410835206508636
0.19241072237491608
0.19232019782066345
0.1916080266237259
0.19063600897789001
0.1913851648569107
0.19037045538425446
0.19031302630901337
0.1899363249540329
0.18917302787303925
0.18933548033237457
0.19067056477069855
no squeeze
3.222109794616699
0.5796030759811401
0.5088234543800354
0.3967083990573883
0.385688453912735
0.3516295254230499
0.34479379653930664
0.32661160826683044
0.3231121301651001
0.30663734674453735
0.3030184805393219
0.28908222913742065
0.28618574142456055
0.27341750264167786
0.2702184021472931
0.2592536509037018
0.25663670897483826
0.2480282485485077
0.24679209291934967
0.23872286081314087
0.23787730932235718
0.23208637535572052
0.2307494580745697
0.2269338071346283
0.22680813074111938
0.2239237129688263
0.22227321565151215
0.2206399142742157
0.22162851691246033
0.21824930608272552
0.21798475086688995
0.21659420430660248
0.21642407774925232
0.21504956483840942
0.21578404307365417
0.21446292102336884
0.21368670463562012
0.21230371296405792
0.21363255381584167
0.21449893712997437
no squeeze
2.5699422359466553
0.4930309057235718
0.4734687805175781
0.46160104870796204
0.46459147334098816
0.45888662338256836
0.45742496848106384
0.4552585482597351
0.4637865722179413
0.454802930355072
0.45511695742607117
0.4543091952800751
0.45374202728271484
0.45396333932876587
0.453532338142395
0.4580627977848053
0.4535059630870819
0.4549340009689331
0.4523959457874298
0.45322176814079285
0.45478519797325134
0.4519237279891968
0.454514741897583
0.44904381036758423
0.45069247484207153
0.4524874985218048
