no squeeze
2.0997300148010254
0.0708819255232811
0.03939127177000046
0.008120455779135227
0.006135378964245319
0.002874538069590926
0.0025212764739990234
0.001813096459954977
0.0017283447086811066
0.0015428587794303894
0.0015224338276311755
0.0014643091708421707
0.0014516779920086265
0.0014062745030969381
0.0013961185468360782
0.00136792182456702
0.0013615527423098683
0.0013362590689212084
0.0013301086146384478
0.0013130956795066595
0.001308559556491673
0.0012929507065564394
0.0012964308261871338
0.0012849678751081228
0.0012800905387848616
0.0012731481110677123
0.0012779051903635263
0.0012727497378364205
0.0012724496191367507
0.0012663762317970395
0.0012600441696122289
0.0012609189143404365
0.0012628322001546621
0.0012617824831977487
no squeeze
2.3071017265319824
0.16266459226608276
0.13775917887687683
0.11452875286340714
0.11379645764827728
0.11125659942626953
0.11152813583612442
0.11146844923496246
no squeeze
2.009686231613159
0.1389666646718979
0.09159506857395172
0.03243091702461243
0.027489133179187775
0.017353171482682228
0.01588873751461506
0.011984894052147865
0.01129109412431717
0.009255383163690567
0.008850589394569397
0.007464854512363672
0.007206344977021217
0.006269561592489481
0.006063326261937618
0.005400237161666155
0.005247140768915415
0.004668464884161949
0.0045309970155358315
0.004059480037540197
0.003946339711546898
0.0035917693749070168
0.003497392637655139
0.003248569555580616
0.0031935556326061487
0.0028998570051044226
0.0028559917118400335
0.0026721227914094925
0.0026327352970838547
0.002448789309710264
0.0024048290215432644
0.0022970745339989662
0.0022612835746258497
0.002126781502738595
0.00208948808722198
0.0019930393900722265
0.001978664891794324
0.0019122244557365775
0.0018997337901964784
0.0018135186983272433
0.0017892016330733895
0.0017364936647936702
0.0017250352539122105
0.0016626137075945735
0.0016520319040864706
0.0016145490808412433
0.0016064614756032825
0.001568374689668417
0.001556634670123458
0.001529803965240717
0.0015332673210650682
0.0015131162945181131
0.0014879483496770263
0.0014632160309702158
0.0014791249996051192
0.0014424256514757872
0.0014342645881697536
0.0014191187219694257
0.0014178642304614186
0.00140581710729748
0.0014022578252479434
0.0013864843640476465
0.001383380964398384
0.0013644371647387743
0.0013685220619663596
0.0013605799758806825
0.0013624295825138688
0.0013428287347778678
0.0013496489264070988
0.001341026509180665
0.0013365077320486307
0.0013238469837233424
0.0013259612023830414
0.0013229339383542538
0.001312157022766769
0.0013228898169472814
0.0013175643980503082
0.0013141235103830695
no squeeze
2.4450466632843018
0.47049593925476074
0.39706629514694214
0.283764123916626
0.26948028802871704
0.23305436968803406
0.22601726651191711
0.20419356226921082
0.19930852949619293
0.184875026345253
0.18239158391952515
0.17092926800251007
0.1685165911912918
0.1603778898715973
0.1586373746395111
0.1522587388753891
0.1507580429315567
0.14565366506576538
0.1445973515510559
0.13973039388656616
0.13891802728176117
0.1353600174188614
0.13462059199810028
0.13165061175823212
0.1312219351530075
0.12788332998752594
0.12728270888328552
0.12444647401571274
0.12415547668933868
0.12181481719017029
0.12197485566139221
0.11894601583480835
0.11861634254455566
0.11615695059299469
0.11569831520318985
0.11412379145622253
0.11363740265369415
0.11187244951725006
0.11113091558218002
0.1089528426527977
0.10879916697740555
0.10666350275278091
0.10667036473751068
0.1041671484708786
0.10387502610683441
0.10248696058988571
0.10188599675893784
0.10080472379922867
0.10009560734033585
0.0985930785536766
0.09864915162324905
0.09721965342760086
0.09705223143100739
0.09551940113306046
0.095148466527462
0.09446558356285095
0.0941229835152626
0.09322289377450943
0.09298363327980042
0.09193628281354904
0.09138598293066025
0.09068850427865982
0.09071202576160431
0.08960898965597153
0.08926978707313538
0.08887124806642532
0.08842411637306213
0.08757060021162033
0.08764202147722244
0.08709747344255447
0.08689751476049423
0.0859886184334755
0.08569953590631485
0.0848512127995491
0.08470279723405838
0.08441361784934998
0.08418070524930954
0.08358900249004364
0.08341498672962189
0.08304400742053986
0.08284112066030502
0.08219005167484283
0.08255303651094437
0.0817975178360939
0.08175213634967804
0.08143557608127594
0.0815434679389
0.08075077086687088
0.08094597607851028
0.08078290522098541
no squeeze
2.3414242267608643
0.2787223160266876
0.226516455411911
0.15507975220680237
0.14759844541549683
0.1316841095685959
0.12927542626857758
0.12254948914051056
0.12121022492647171
0.11680737137794495
0.1162436231970787
0.11342054605484009
0.11237891018390656
0.11055464297533035
0.11000479757785797
0.10841154307126999
0.10823450237512589
0.10628929734230042
0.10604485869407654
0.10481782257556915
0.10450965166091919
0.1031634658575058
0.10290136188268661
0.10232788324356079
0.10229680687189102
0.10142327100038528
0.10120490938425064
0.10028553009033203
0.1005275622010231
0.10004723817110062
0.09974901378154755
0.09924200922250748
0.09895342588424683
0.09876468032598495
0.0984288677573204
0.09785445034503937
0.09808232635259628
0.0975642278790474
0.09745007753372192
0.0970798060297966
0.09691707044839859
0.09670508652925491
0.09667527675628662
0.09673328697681427
0.09654294699430466
0.09624014049768448
0.09644845128059387
0.09571701288223267
0.09624772518873215
0.09590159356594086
no squeeze
1.944335699081421
0.21670569479465485
0.20022642612457275
0.18423810601234436
0.1840420812368393
0.18343083560466766
0.1838727742433548
0.18333570659160614
0.18343546986579895
0.1839340627193451
