no squeeze
12.173027992248535
2.1177945137023926
1.277935266494751
0.9743941426277161
0.8642430305480957
0.7182669043540955
0.554175853729248
0.6636210083961487
0.6822441220283508
0.7669626474380493
0.6830484867095947
0.5671467185020447
0.524528443813324
0.5163758397102356
0.581480860710144
0.5330270528793335
0.7101203799247742
0.5672165751457214
0.5855492949485779
0.5440834760665894
0.5254512429237366
0.5478697419166565
0.4443419873714447
0.5712091326713562
0.45433664321899414
0.4829304814338684
0.571193277835846
0.5559068918228149
0.42971786856651306
0.47491535544395447
0.47039976716041565
0.47773703932762146
0.8010205030441284
0.4471987783908844
0.4890076816082001
0.6922575831413269
0.4336237609386444
0.4929077923297882
0.4899273216724396
no squeeze
14.557463645935059
2.783428430557251
1.5021777153015137
1.0745879411697388
0.935065746307373
0.7684783339500427
0.7619413137435913
0.7744232416152954
0.7401553988456726
0.5774851441383362
0.5709162950515747
0.7716052532196045
0.6268655061721802
0.6137140989303589
0.6147459745407104
0.6860511302947998
0.5522059798240662
0.5278661847114563
0.6238213777542114
0.5740476846694946
0.41986361145973206
0.6357212066650391
0.5034373998641968
0.4138999283313751
0.5667198300361633
0.602618932723999
0.5770282745361328
0.971642255783081
0.5825868844985962
0.6357156038284302
0.5756184458732605
0.6315638422966003
0.47209662199020386
0.5825551748275757
no squeeze
13.570192337036133
4.348135471343994
2.5482795238494873
2.0651984214782715
1.5414787530899048
1.5322657823562622
1.6340367794036865
1.148446798324585
1.1270731687545776
1.8662620782852173
1.562865972518921
1.5332159996032715
0.941196858882904
1.0281459093093872
1.1593217849731445
1.3283019065856934
1.2082880735397339
0.9493345618247986
0.9839679598808289
1.0922033786773682
1.2207252979278564
0.9092543721199036
1.1097629070281982
1.0736266374588013
1.2427562475204468
1.2556653022766113
1.5488141775131226
1.11908757686615
0.7691840529441833
0.8282839059829712
1.1391352415084839
0.9232590794563293
1.0536185503005981
0.8250846862792969
1.297457218170166
0.9593513011932373
0.8736168742179871
0.9542592763900757
0.8174856305122375
no squeeze
15.09911823272705
4.660022735595703
3.212183713912964
2.383854866027832
1.9742536544799805
1.6776219606399536
1.5015714168548584
1.4730818271636963
1.3419864177703857
1.2014586925506592
0.9805086851119995
1.062786340713501
1.0541950464248657
0.9258748888969421
0.9260843396186829
0.8533247709274292
0.7929838299751282
0.8185667395591736
0.8246628642082214
0.8082910180091858
0.7289527058601379
0.7797036170959473
0.7476685047149658
0.6606891751289368
0.6794008612632751
0.7059364318847656
0.5888335108757019
0.6135724782943726
0.599940836429596
0.6514894962310791
0.5586004853248596
0.58003169298172
0.6060944199562073
0.47855401039123535
0.5200469493865967
0.5117611885070801
0.5900911092758179
0.5711191892623901
0.569290280342102
0.5051365494728088
0.5348453521728516
0.5208770632743835
0.5699372291564941
0.5005425810813904
no squeeze
13.528372764587402
4.240422248840332
2.559842348098755
1.8961265087127686
1.5770456790924072
1.4498530626296997
1.508981466293335
1.1873297691345215
1.0545775890350342
1.0335296392440796
1.0219804048538208
0.863917887210846
0.9223679304122925
0.7563327550888062
0.6492496728897095
0.6393730640411377
0.5965936779975891
0.7809906601905823
0.6514962911605835
0.6913172006607056
0.6398398876190186
0.5907347798347473
0.5634579062461853
0.49580031633377075
0.4800718128681183
0.6116144061088562
0.5566440224647522
0.7854002118110657
0.5411161184310913
0.5139036774635315
0.4775027930736542
0.5415520668029785
0.5792139172554016
0.5712293386459351
0.5098031163215637
0.4937642514705658
0.46585410833358765
0.47612568736076355
0.4975467622280121
0.43789464235305786
0.44830843806266785
0.4613129198551178
0.47293952107429504
0.4679132401943207
0.47575289011001587
0.5510933995246887
0.4955717921257019
0.43582573533058167
0.43900081515312195
0.4593612253665924
0.43438780307769775
0.5627453327178955
0.42841675877571106
0.44933924078941345
0.40134990215301514
0.4144524931907654
0.3881368935108185
0.3919406533241272
0.34357842803001404
0.39960265159606934
0.3926675617694855
0.4810360372066498
0.4088006317615509
0.40386083722114563
0.3382812440395355
0.35762834548950195
0.31514057517051697
0.4215572774410248
0.353024959564209
0.31433793902397156
0.3666402995586395
0.3754974901676178
0.34671008586883545
0.38040876388549805
0.37849801778793335
0.38208621740341187
0.32026249170303345
0.30095067620277405
0.31410929560661316
0.31906458735466003
0.3255527913570404
0.4534759521484375
0.3958198130130768
0.3870154917240143
0.2847776412963867
0.3258736729621887
0.33735546469688416
0.35387739539146423
0.4653075933456421
0.302165687084198
0.3347516655921936
0.3899616003036499
0.29252171516418457
0.3720230460166931
0.36867305636405945
no squeeze
6.5388898849487305
1.7435446977615356
0.9482346773147583
1.2132618427276611
1.3623442649841309
0.7471987009048462
0.546912431716919
0.7613719701766968
1.0122982263565063
0.5920481085777283
1.158776879310608
0.555007815361023
0.9361656308174133
0.8145369291305542
0.784068763256073
0.5935071110725403
0.6867562532424927
