no squeeze
1.8407596349716187
0.07479972392320633
0.044787004590034485
0.009404950775206089
0.006948618683964014
0.0028420863673090935
0.0024922587908804417
0.001826382358558476
0.0017591086216270924
0.0015972770052030683
0.0015723627293482423
0.0014714794233441353
0.0014560448471456766
0.0013619153760373592
0.0013499076012521982
0.0012920869048684835
0.001258043572306633
0.0011917741503566504
0.001170381554402411
0.0011168629862368107
0.001105543808080256
0.001070789061486721
0.0010537388734519482
0.0010195159120485187
0.0010175710776820779
0.0009792970959097147
0.0009736698120832443
0.0009534903801977634
0.0009488885407336056
0.0009348982712253928
0.000931071990635246
0.0009168167598545551
0.0009233381715603173
0.0009079580195248127
0.0009080694289878011
0.0008964160224422812
0.0009020509896799922
0.0008976664394140244
no squeeze
2.1947569847106934
0.16905151307582855
0.14232255518436432
0.1139339879155159
0.11333142220973969
0.11005143821239471
0.10948410630226135
0.10845141112804413
0.10887613147497177
0.11058768630027771
no squeeze
2.2736575603485107
0.14944176375865936
0.09818755090236664
0.031745877116918564
0.02575046382844448
0.013864620588719845
0.012220111675560474
0.00816733855754137
0.00750722037628293
0.005763257388025522
0.005431149620562792
0.004610207863152027
0.004513283260166645
0.0038686629850417376
0.003753096330910921
0.0033722606021910906
0.0032766268122941256
0.002989404834806919
0.0029430962167680264
0.0027245578821748495
0.002686198800802231
0.002505541779100895
0.0024485569447278976
0.0022814394906163216
0.002250711666420102
0.002128715394064784
0.002078432124108076
0.0019497856264933944
0.001951205893419683
0.0018454480450600386
0.0018040891736745834
0.0017318961909040809
0.0016980248037725687
0.00163377879653126
0.001600507996045053
0.001555354450829327
0.0015238781925290823
0.0014608113560825586
0.0014509534230455756
0.0013966315891593695
0.0013767072232440114
0.0013235575752332807
0.0013377428986132145
0.0012814239598810673
0.0012702546082437038
0.0012458798009902239
0.0012273751199245453
0.0011972549837082624
0.0012013567611575127
0.0011634817346930504
0.0011629780055955052
0.0011576745891943574
0.0011353649897500873
0.0011042788391932845
0.0010982296662405133
0.00109482416883111
0.0010854516876861453
0.0010663471184670925
0.0010553859174251556
0.0010487845866009593
0.0010373841505497694
0.0010179942473769188
0.001044922391884029
0.001024482655338943
no squeeze
2.5537643432617188
0.6149358153343201
0.5261701345443726
0.3708578050136566
0.34904471039772034
0.28136032819747925
0.2687174081802368
0.22923900187015533
0.22159358859062195
0.19681216776371002
0.19230464100837708
0.17657937109470367
0.1736988127231598
0.16226914525032043
0.16001765429973602
0.15168151259422302
0.15012437105178833
0.14363107085227966
0.14238876104354858
0.13795684278011322
0.1369045227766037
0.1332358568906784
0.13235752284526825
0.12891852855682373
0.12851886451244354
0.1254419982433319
0.12476685643196106
0.12253813445568085
0.12202322483062744
0.11975180357694626
0.1199125349521637
0.11744974553585052
0.11672481894493103
0.11518832296133041
0.1146320104598999
0.11311312764883041
0.1127728670835495
0.11111751198768616
0.11050371825695038
0.10885313898324966
0.1083691194653511
0.10724200308322906
0.10670598596334457
0.10525771230459213
0.1049676239490509
0.10383853316307068
0.10373025387525558
0.1021527349948883
0.10221955180168152
0.10080507397651672
0.10073334723711014
0.0998317077755928
0.10012349486351013
0.09868687391281128
0.0984024927020073
0.09751521050930023
0.09750841557979584
0.0969119518995285
0.09678785502910614
0.09602867811918259
0.09587753564119339
0.0953441932797432
0.09513550996780396
0.09458080679178238
0.09428548067808151
0.09364572167396545
0.09389985352754593
0.09279821813106537
0.09301373362541199
0.09293097257614136
no squeeze
2.0936646461486816
0.28180935978889465
0.23281072080135345
0.15801094472408295
0.15033262968063354
0.1324792206287384
0.12975893914699554
0.12182985991239548
0.12075523287057877
0.11612463742494583
0.11534129828214645
0.11230412125587463
0.11147356778383255
0.10945247113704681
0.10886764526367188
0.10775618255138397
0.10666794329881668
0.10515879094600677
0.10522208362817764
0.10406006127595901
0.10398625582456589
0.1026306301355362
0.10248814523220062
0.10206740349531174
0.10172762721776962
0.10132729262113571
0.10109671205282211
0.10069533437490463
0.10039084404706955
0.09975511580705643
0.09974975138902664
0.09915320575237274
0.09926693886518478
0.09823070466518402
0.09873425215482712
0.09798704087734222
0.09796974062919617
0.09829674661159515
0.09762692451477051
0.09734173864126205
0.09761761128902435
0.09745104610919952
no squeeze
2.46933650970459
0.21743972599506378
0.19365490972995758
0.1805591881275177
0.17952314019203186
0.18024030327796936
0.1805310994386673
0.1796562373638153
