no squeeze
15.182727813720703
3.6550581455230713
2.761430263519287
1.2504445314407349
1.130866289138794
0.8963518738746643
0.8587677478790283
0.7533902525901794
0.7293589115142822
0.6629581451416016
0.650596022605896
0.6152153015136719
0.6084167957305908
0.5898990631103516
0.5859492421150208
0.5753224492073059
0.5736181735992432
0.5684987902641296
0.567487359046936
0.5616635680198669
0.5625028014183044
0.5595241189002991
0.5599262714385986
0.5565063953399658
0.5587968826293945
0.5550342202186584
0.5556281805038452
0.5495285391807556
0.5497546792030334
0.5544430613517761
no squeeze
14.362314224243164
2.6486735343933105
2.1698532104492188
1.3750633001327515
1.2603603601455688
0.9585768580436707
0.9104865789413452
0.7773445248603821
0.7560641169548035
0.7014026641845703
0.6927245855331421
0.6717494130134583
0.6679297089576721
0.6602678894996643
0.6564401984214783
0.6525533199310303
0.6519637107849121
0.6490850448608398
0.6481026411056519
0.6469098925590515
0.6463141441345215
0.6461365818977356
0.6458519697189331
0.6452931761741638
0.6468492746353149
0.6453712582588196
no squeeze
15.072646141052246
3.085355281829834
2.473433494567871
1.3531320095062256
1.197395920753479
0.7921740412712097
0.7181785106658936
0.5067101120948792
0.46596622467041016
0.34574806690216064
0.32179635763168335
0.24937944114208221
0.23446835577487946
0.18855108320713043
0.1790446639060974
0.1492961198091507
0.14319005608558655
0.12403783947229385
0.11996480822563171
0.10704648494720459
0.10450297594070435
0.09613824635744095
0.09412939101457596
0.08801368623971939
0.08674390614032745
0.08270038664340973
0.08172165602445602
0.07853605598211288
0.07779963314533234
0.0754304826259613
0.07489411532878876
0.07301852852106094
0.07271277159452438
0.07131674140691757
0.07087446749210358
0.0697522833943367
0.06946521997451782
0.06848053634166718
0.06835268437862396
0.06749530881643295
0.06713466346263885
0.06674632430076599
0.06643381714820862
0.065819151699543
0.06572156399488449
0.06532198190689087
0.06513083726167679
0.06463859230279922
0.06454889476299286
0.06416939944028854
0.06410163640975952
0.06377553939819336
0.06364408135414124
0.0633467584848404
0.06334415823221207
0.06298492103815079
0.06291627883911133
0.06269801408052444
0.06257610023021698
0.0624450221657753
0.0625009685754776
0.06231347471475601
0.06218482181429863
0.06208420917391777
0.06203893572092056
0.06171099469065666
0.06167605519294739
0.06169961392879486
0.06155090779066086
0.06146389618515968
0.06147543340921402
0.061180684715509415
0.061293479055166245
0.061214108020067215
no squeeze
15.693904876708984
8.635308265686035
7.507390975952148
5.0754570960998535
4.722237586975098
3.8522825241088867
3.70045804977417
3.275489568710327
3.1898446083068848
2.924527168273926
2.86545729637146
2.6732473373413086
2.6296253204345703
2.4878225326538086
2.4598095417022705
2.3547661304473877
2.32448673248291
2.2285208702087402
2.2072594165802
2.1323630809783936
2.1106550693511963
2.0469744205474854
2.036257743835449
1.9691500663757324
1.9552626609802246
1.8997408151626587
1.8871887922286987
1.831446886062622
1.8337153196334839
1.7673863172531128
1.7551628351211548
1.7110404968261719
1.6959547996520996
1.653613805770874
1.6384998559951782
1.594834804534912
1.5792546272277832
1.5390586853027344
1.523313283920288
1.4774471521377563
1.4654744863510132
1.4231224060058594
1.4122605323791504
1.3707956075668335
1.3583089113235474
1.3211177587509155
1.3108547925949097
1.271926760673523
1.2621443271636963
1.2275644540786743
1.2207380533218384
1.1888600587844849
1.1823803186416626
1.1565673351287842
1.1503359079360962
1.1265201568603516
1.1265748739242554
1.1079761981964111
1.1031181812286377
1.0875188112258911
1.0851001739501953
1.0800261497497559
1.0750795602798462
1.0645904541015625
1.061023473739624
1.0568660497665405
1.0556267499923706
1.0483263731002808
1.0482704639434814
1.0445448160171509
1.042014241218567
1.0389518737792969
1.0377936363220215
1.0336300134658813
1.0353187322616577
1.0287463665008545
1.0364729166030884
1.0280662775039673
1.0272902250289917
1.0222152471542358
1.0212370157241821
1.0175658464431763
1.0205382108688354
1.0149935483932495
1.0169328451156616
1.0104572772979736
1.0110218524932861
1.0196737051010132
no squeeze
15.881474494934082
3.9216315746307373
3.3874309062957764
2.495897054672241
2.375235080718994
2.043428659439087
1.9797099828720093
1.7708208560943604
1.7275989055633545
1.5815669298171997
1.55630362033844
1.4354010820388794
1.4107160568237305
1.3229873180389404
1.3018678426742554
1.2372454404830933
1.2211189270019531
1.1727577447891235
1.1632252931594849
1.1298339366912842
1.1217679977416992
1.0984994173049927
1.093319058418274
1.0745099782943726
1.0723545551300049
1.0559237003326416
1.0559988021850586
1.0427227020263672
1.0402189493179321
1.0355620384216309
1.0279966592788696
1.0214728116989136
1.0183149576187134
1.013757348060608
1.0105596780776978
1.0048948526382446
1.0034847259521484
0.9976308941841125
0.9949397444725037
0.9899112582206726
0.9900103211402893
0.9874393343925476
0.9848861694335938
0.9835694432258606
0.9813482165336609
0.9772712588310242
0.9762368202209473
0.9709286093711853
0.9707227349281311
0.9677070379257202
0.9674486517906189
0.9658414125442505
0.9630059599876404
0.9646126627922058
0.9633979201316833
0.9593181014060974
0.9579066634178162
0.9569942951202393
0.9597525596618652
0.9553862810134888
0.9558397531509399
0.9531260132789612
0.9564982056617737
0.9527028799057007
0.9497149586677551
0.9494150280952454
0.9468624591827393
0.948472261428833
0.9454981684684753
0.9444396495819092
0.9430010914802551
0.9427358508110046
0.943963885307312
0.9417685866355896
0.9473559856414795
0.9436986446380615
no squeeze
14.870797157287598
2.7617781162261963
2.6484286785125732
2.5354976654052734
2.559037923812866
2.5321080684661865
2.5315468311309814
2.5293126106262207
2.5296037197113037
2.53084659576416
