no squeeze
3.0430922508239746
0.8094763159751892
0.4847705364227295
0.2551143169403076
0.1458190381526947
0.08321192860603333
0.049824997782707214
0.029740439727902412
0.019786903634667397
0.014719382859766483
0.011601245030760765
0.012294703163206577
0.006985955405980349
0.004112641792744398
0.003948374651372433
0.0043549444526433945
0.003638987895101309
0.0028344085440039635
0.0023246847558766603
0.0015174467116594315
0.0016272679204121232
0.001268313848413527
0.00104439293500036
0.0008567427285015583
0.00201425701379776
0.001168569433502853
0.0010522021912038326
0.0007329549407586455
0.0005617782007902861
0.0006570307305082679
0.0014096014201641083
0.0005720903864130378
0.0004156565701123327
0.0005839524674229324
0.0008895882638171315
0.0004823390336241573
0.0006925963680259883
0.0004862405185122043
0.0004171981127001345
0.00025193174951709807
0.00023205819888971746
0.00029500151867978275
0.0005005695857107639
0.0003467995848041028
0.00036974484100937843
0.00024028784537222236
0.00020954181673005223
0.0001362983457511291
0.00041388082900084555
0.0001444513036403805
0.0001922243245644495
0.00021873159857932478
0.00021966743224766105
7.320640725083649e-05
0.00015466187323909253
9.559503087075427e-05
5.242980842012912e-05
7.985389675013721e-05
0.0002384803374297917
6.901093729538843e-05
6.40451253275387e-05
0.00034493845305405557
0.00048082738067023456
0.0001135403654188849
0.00027442106511443853
0.00018900822033174336
7.448367250617594e-05
no squeeze
2.9286961555480957
1.221647024154663
0.9458966851234436
0.6599090099334717
0.5714459419250488
0.4362148940563202
0.34988895058631897
0.2947685122489929
0.271694540977478
0.2549416422843933
0.24412447214126587
0.22132275998592377
0.1804780811071396
0.17759527266025543
0.18363618850708008
0.15512408316135406
0.1799798160791397
0.1430356651544571
0.1332898885011673
0.13072289526462555
0.13627935945987701
0.1382347047328949
0.10777053236961365
0.11300253123044968
0.17158813774585724
0.12995070219039917
0.11169016361236572
0.11160168051719666
0.11793579906225204
0.12715665996074677
0.11858148872852325
0.12042462825775146
0.15204580128192902
no squeeze
3.3875300884246826
1.5815364122390747
1.1692264080047607
0.9171192049980164
0.6624430418014526
0.546373724937439
0.4061538279056549
0.3179475963115692
0.2992819845676422
0.21880115568637848
0.18970656394958496
0.15554241836071014
0.19129890203475952
0.1560026854276657
0.22038625180721283
0.1784239560365677
0.10200278460979462
0.08904670178890228
0.10326509922742844
0.10053062438964844
0.07838498800992966
0.06218196824193001
0.08439535647630692
0.04939546436071396
0.045204754918813705
0.06062490865588188
0.04304264485836029
0.08024214208126068
0.038254398852586746
0.06824152916669846
0.052621860057115555
0.04275355860590935
0.033396705985069275
0.030347086489200592
0.04046220704913139
0.0562828965485096
0.042402975261211395
0.0587710477411747
0.06055194139480591
0.06451283395290375
0.017893299460411072
0.019181666895747185
0.012116440571844578
0.019008193165063858
0.012616993859410286
0.008932325057685375
0.012597457505762577
0.008569378405809402
0.00855953898280859
0.008068791590631008
0.013227369636297226
0.06900002807378769
0.053958334028720856
0.03030760958790779
0.018394848331809044
0.013345659710466862
0.008516746573150158
0.014173416420817375
0.020266355946660042
0.006971174385398626
0.006100389640778303
0.009060646407306194
0.012685701251029968
0.006436742376536131
0.00494061503559351
0.008746432140469551
0.007445313036441803
0.006704998668283224
0.006131880450993776
0.012191817164421082
0.00792408362030983
0.01501342561095953
0.010209113359451294
0.030817121267318726
0.015612335875630379
no squeeze
4.30557107925415
1.638715147972107
1.4192490577697754
1.321073293685913
1.1921565532684326
1.1242785453796387
1.0150763988494873
0.9077528715133667
0.8302395343780518
0.7795006632804871
0.7175576686859131
0.6715074181556702
0.6191246509552002
0.5802942514419556
0.5390600562095642
0.5157819390296936
0.4842892289161682
0.43533259630203247
0.4103182554244995
0.39998945593833923
0.3680874705314636
0.3441118001937866
0.30985909700393677
0.2942861318588257
0.2798345386981964
0.267775297164917
0.27042528986930847
0.2487657219171524
0.24328234791755676
0.22245492041110992
0.2289922684431076
0.21940459311008453
0.18900465965270996
0.18035195767879486
0.16768573224544525
0.17875894904136658
0.15975321829319
0.1478414386510849
0.15318404138088226
0.1593279391527176
0.1479341834783554
0.13639816641807556
0.13505499064922333
0.13246247172355652
0.1283680498600006
0.12858141958713531
0.12224874645471573
0.12157223373651505
0.11522409319877625
0.11546619236469269
0.11436067521572113
0.1064581349492073
0.10800673812627792
0.10828657448291779
0.09995020925998688
0.10688258707523346
0.09838657081127167
0.09589383006095886
0.09988099336624146
0.09571819752454758
0.0958779975771904
0.10807444900274277
0.09030592441558838
0.0908643901348114
0.08733412623405457
0.08650524914264679
0.0868304893374443
0.10212920606136322
0.08849440515041351
0.09052957594394684
0.08674492686986923
0.08335497975349426
0.07437756657600403
0.08483336120843887
0.08190669119358063
0.09337006509304047
0.08395420759916306
0.08455030620098114
0.07393813133239746
0.07952816039323807
0.08984538167715073
0.08224926888942719
0.07638533413410187
0.07448925077915192
0.0768747553229332
0.07807431370019913
0.08385965973138809
0.07127823680639267
0.07089175283908844
0.07182303071022034
0.08438233286142349
0.07613065838813782
0.07131398469209671
0.05888223648071289
0.06647191196680069
0.06911052763462067
0.06684095412492752
0.07434528321027756
0.06707422435283661
0.06879183650016785
0.07249195873737335
0.06470202654600143
0.06466445326805115
0.0641784816980362
no squeeze
4.235915184020996
1.5114542245864868
1.1778385639190674
1.039941430091858
0.8435490727424622
0.7090865969657898
0.6331174373626709
0.548847496509552
0.4859251081943512
0.4609140157699585
0.39321964979171753
0.3604578673839569
0.31002604961395264
0.30315905809402466
0.2771577537059784
0.24185879528522491
0.23056891560554504
0.24012674391269684
0.21711337566375732
0.23007456958293915
0.1958942860364914
0.18038246035575867
0.18681558966636658
0.15971334278583527
0.17154091596603394
0.15343008935451508
0.15974263846874237
0.13577978312969208
0.14225554466247559
0.13223348557949066
0.12280062586069107
0.12639130651950836
0.12248553335666656
0.11586795002222061
0.11239618808031082
0.11937006562948227
0.10342397540807724
0.0922846868634224
0.09935586154460907
0.1241660788655281
0.09831821918487549
0.09650043398141861
0.11248317360877991
0.08690570294857025
0.0993007943034172
0.08654707670211792
0.08967030793428421
0.07367713749408722
0.0813966616988182
0.08509857207536697
0.070066899061203
0.07642044872045517
0.07724614441394806
0.08185020089149475
0.07832878828048706
0.06411957740783691
0.07372268289327621
0.07212883234024048
0.06990651041269302
0.06766919046640396
0.06135758012533188
0.06988707184791565
0.060834258794784546
0.0686415284872055
0.07135371118783951
0.06015830859541893
0.07633550465106964
0.0780130922794342
0.0637650266289711
0.05785238742828369
0.06509274244308472
0.05726102739572525
0.05864742770791054
0.06493304669857025
0.06347460299730301
0.053535088896751404
0.05829828605055809
0.0617133229970932
0.05675172060728073
0.05394406244158745
0.05878254771232605
0.05565565824508667
0.05774818733334541
0.0550152063369751
0.05167379602789879
0.06286460906267166
0.05524776503443718
0.050073929131031036
0.04922566935420036
0.04792028293013573
0.04471879079937935
0.06034287437796593
0.05832431837916374
0.05669471248984337
0.046991925686597824
0.04235776513814926
0.060579270124435425
0.04978940635919571
0.047180578112602234
0.04535365849733353
0.048034630715847015
0.055764760822057724
0.04759013652801514
0.04628507047891617
0.05536056309938431
0.052311010658741
no squeeze
4.358764171600342
1.6045538187026978
1.12690007686615
0.7112715840339661
0.8219384551048279
0.4960622489452362
0.44253331422805786
0.45311877131462097
0.4163539409637451
0.37049123644828796
0.2600623667240143
0.3632197678089142
0.2661326825618744
0.2322048842906952
0.27455320954322815
0.3835929036140442
0.4078589379787445
0.20563474297523499
0.4131917357444763
0.3723176121711731
0.27737322449684143
0.30854344367980957
0.28968170285224915
0.23464953899383545
0.38603660464286804
0.23819391429424286
0.2445160299539566
0.28118225932121277
