no squeeze
3.6887691020965576
0.1653037965297699
0.10704334080219269
0.02922811731696129
0.022339463233947754
0.009084206074476242
0.007408760488033295
0.003885996760800481
0.0033830334432423115
0.0022660328540951014
0.002102475380524993
0.0017242972971871495
0.0016575552290305495
0.0015035656979307532
0.0014782052021473646
0.0014216186245903373
0.0014092496130615473
0.0013752103550359607
0.0013770910445600748
0.0013485602103173733
0.0013485007220879197
0.0013454786967486143
0.0013330667279660702
0.0013225132133811712
0.0013228543102741241
0.001311769592575729
0.0013037213357165456
0.0013071103021502495
0.0013060836354270577
0.0013012829003855586
0.0012974233832210302
0.001297383802011609
0.0012941766763105989
0.0012924785260111094
0.0012974070850759745
0.0012886510230600834
0.001285458798520267
0.0012922020396217704
0.0012916590785607696
0.0012897710548713803
no squeeze
4.032558441162109
0.3897688090801239
0.3311469852924347
0.27123546600341797
0.26770949363708496
0.2613895833492279
0.2607537806034088
0.2588365375995636
0.2597300708293915
0.25721874833106995
0.2577269971370697
0.2576841115951538
no squeeze
3.4213707447052
0.40267229080200195
0.28039807081222534
0.09240937978029251
0.07598790526390076
0.04126575589179993
0.03596346825361252
0.022627560421824455
0.020153306424617767
0.01373682264238596
0.012522311881184578
0.009117159061133862
0.00843022856861353
0.006565588526427746
0.006210378371179104
0.005088002420961857
0.004845530726015568
0.0040891701355576515
0.003927810583263636
0.0034683842677623034
0.003369355807080865
0.0029438163619488478
0.0028877127915620804
0.002604289213195443
0.0025670717004686594
0.0023705940693616867
0.0023157596588134766
0.0021954323165118694
0.0021351792383939028
0.002003530040383339
0.0019592877943068743
0.0018733941251412034
0.0018435991369187832
0.0017639263533055782
0.0017479041125625372
0.001671108533628285
0.0016708894399926066
0.0016334842657670379
0.0016063970979303122
0.001576840877532959
0.0015580167528241873
0.0015387460589408875
0.001515610027126968
0.00149082625284791
0.0014794598100706935
0.0014573405496776104
0.0014625784242525697
0.0014240836026147008
0.0014232477406039834
0.0014254889683797956
0.0014123959699645638
0.0014015253400430083
0.0013899757759645581
0.0013746283948421478
0.001374857616610825
0.0013774835970252752
no squeeze
3.877135753631592
1.0988415479660034
0.947127103805542
0.6835504174232483
0.6491783261299133
0.5564830899238586
0.5386940836906433
0.4837726354598999
0.4714125990867615
0.434124231338501
0.42604437470436096
0.3983117938041687
0.391551673412323
0.3707118630409241
0.36627626419067383
0.34977930784225464
0.3453981876373291
0.3319505453109741
0.3290301561355591
0.3175599277019501
0.3157566487789154
0.3064781725406647
0.3040173053741455
0.2962467670440674
0.29430297017097473
0.287554532289505
0.2861175239086151
0.2802274823188782
0.27936089038848877
0.27331095933914185
0.27266597747802734
0.267524778842926
0.2664799094200134
0.26121246814727783
0.26069822907447815
0.2565681040287018
0.25503236055374146
0.25110775232315063
0.2503209412097931
0.24592241644859314
0.24508307874202728
0.24210533499717712
0.24134767055511475
0.23772355914115906
0.23719601333141327
0.23465007543563843
0.23359647393226624
0.23130536079406738
0.2310795933008194
0.2282605618238449
0.22708922624588013
0.22525304555892944
0.2250513881444931
0.22210954129695892
0.2216525822877884
0.22025735676288605
0.21947577595710754
0.2175815850496292
0.21700455248355865
0.2152193933725357
0.21413010358810425
0.2123538851737976
0.21147343516349792
0.21005529165267944
0.20935583114624023
0.20838433504104614
0.20766636729240417
0.20606331527233124
0.20547369122505188
0.2041495442390442
0.2033310979604721
0.20172421634197235
0.20103038847446442
0.20030805468559265
0.1998390257358551
0.1986895501613617
0.1986413151025772
0.19757692515850067
0.1974087804555893
0.1965341567993164
0.1961149424314499
0.19561617076396942
0.19557872414588928
0.19464179873466492
0.1942661553621292
0.1935618370771408
0.19332456588745117
0.19249467551708221
0.19232241809368134
0.19238343834877014
0.192152202129364
0.19123029708862305
0.19139762222766876
0.19060666859149933
0.19056600332260132
0.19097822904586792
0.19024984538555145
0.1902320235967636
0.19010254740715027
0.18919230997562408
0.19054003059864044
0.18928629159927368
no squeeze
3.5973317623138428
0.612916886806488
0.5106106400489807
0.35641899704933167
0.3389756381511688
0.2975156307220459
0.29062777757644653
0.2723703384399414
0.2694319486618042
0.2585753798484802
0.2568018436431885
0.2510415315628052
0.24913059175014496
0.24507877230644226
0.2437426596879959
0.24113018810749054
0.24064938724040985
0.2374006062746048
0.23709262907505035
0.23531050980091095
0.23433516919612885
0.23311322927474976
0.23255270719528198
0.23134630918502808
0.23070783913135529
0.22926533222198486
0.22893692553043365
0.22770772874355316
0.2272179275751114
0.22642681002616882
0.22576703131198883
0.2249159812927246
0.22621305286884308
0.22438150644302368
0.22447925806045532
0.22313076257705688
0.2239457368850708
0.22239744663238525
0.22213341295719147
0.22214847803115845
0.22142304480075836
0.2207322120666504
0.22071734070777893
0.22057783603668213
0.21975022554397583
0.21928203105926514
0.22003741562366486
0.21905431151390076
0.21866154670715332
0.2183574140071869
0.2183685600757599
0.21773479878902435
0.21787624061107635
0.21779072284698486
no squeeze
4.128739833831787
0.4909822940826416
0.4571685791015625
0.43148982524871826
0.4314397871494293
0.43095195293426514
0.43023523688316345
0.4307229816913605
0.43104150891304016
0.43443089723587036
