no squeeze
21.030515670776367
6.271296977996826
3.0437211990356445
1.8921990394592285
1.3085432052612305
1.353449821472168
0.8354766368865967
0.7564256191253662
0.6492314338684082
0.7885064482688904
0.7922648787498474
0.6864542961120605
0.49913427233695984
0.4719105064868927
0.3974807858467102
0.3620639741420746
0.38015758991241455
0.44945651292800903
0.4835086762905121
0.5871686935424805
0.34759587049484253
0.3500465154647827
0.3485342860221863
0.2904590964317322
0.28052935004234314
0.4167385697364807
0.337491899728775
0.2532508671283722
0.31651583313941956
0.6199831366539001
0.39440038800239563
0.30721578001976013
0.22474291920661926
0.35816624760627747
0.270768940448761
0.2631945312023163
0.19772471487522125
0.28810378909111023
0.2655353844165802
0.48669105768203735
0.4593963027000427
0.4188019335269928
0.448580265045166
0.451860636472702
0.36027392745018005
0.22714346647262573
0.38200560212135315
no squeeze
23.04863739013672
7.275956630706787
3.8919761180877686
2.6478383541107178
2.0252633094787598
2.1970913410186768
1.4639276266098022
1.3242120742797852
1.0873732566833496
0.96303391456604
1.0548921823501587
1.0811532735824585
0.900826096534729
1.268235445022583
0.8516247272491455
0.8380892872810364
0.7088103294372559
0.6969603300094604
0.6521686911582947
0.8568941354751587
1.0427759885787964
0.9082660675048828
0.6989409923553467
0.6722885966300964
0.7428488731384277
0.7434003949165344
0.6948213577270508
0.5806782245635986
0.8837670683860779
0.625286340713501
0.6750183701515198
0.6322208642959595
0.7729442119598389
0.668887734413147
0.5425814986228943
0.5740448236465454
0.5594897270202637
0.7034626603126526
0.5644275546073914
0.6226838827133179
0.6872976422309875
0.5743781328201294
0.5391943454742432
0.5810850262641907
0.8238204121589661
0.7483437061309814
0.46873438358306885
0.6365484595298767
0.4367964565753937
0.46590372920036316
0.4223678410053253
0.5588128566741943
0.5251091122627258
0.4133540093898773
0.4533926844596863
0.5086066126823425
0.5174469351768494
0.4334683120250702
0.5036681294441223
0.5078049898147583
0.6210955381393433
0.483487069606781
0.4787934124469757
0.5004993677139282
no squeeze
31.47475814819336
11.325329780578613
6.816555500030518
4.957325458526611
3.77752685546875
3.4726760387420654
2.5776991844177246
1.998164176940918
1.6925363540649414
1.5558888912200928
1.6529629230499268
1.2844667434692383
1.6173161268234253
1.4245613813400269
0.9412473440170288
1.3861488103866577
0.7158812284469604
0.8374364376068115
1.039262294769287
0.8654428720474243
0.8881192803382874
0.4796888530254364
0.49998557567596436
0.49016720056533813
0.4738498032093048
0.522508442401886
0.5606287717819214
0.30314332246780396
0.39676186442375183
0.7462723851203918
0.3834269940853119
0.4969671070575714
0.47157907485961914
0.36602020263671875
0.38936567306518555
0.32077980041503906
0.25439128279685974
0.2988928556442261
0.1965528428554535
0.24646209180355072
0.20472288131713867
0.24459360539913177
0.3069678843021393
0.23648259043693542
0.41035711765289307
0.20586071908473969
0.28895384073257446
0.33100464940071106
0.44722652435302734
no squeeze
33.661102294921875
14.803365707397461
10.566370010375977
8.046135902404785
6.821355819702148
5.456841945648193
4.814641952514648
4.3177080154418945
4.364720344543457
3.5226986408233643
3.3863461017608643
3.1036314964294434
2.9186489582061768
2.966139316558838
2.59891676902771
2.519899606704712
2.496413230895996
2.2919976711273193
2.1339709758758545
2.125805377960205
2.095248222351074
2.0285096168518066
1.9783965349197388
2.076979160308838
2.0954537391662598
1.7429031133651733
1.7125135660171509
1.6695879697799683
1.6490055322647095
1.5815423727035522
1.6517479419708252
1.6352912187576294
1.5830754041671753
1.5937511920928955
1.4835705757141113
1.4472448825836182
1.4325077533721924
1.426964521408081
1.3743557929992676
1.4024732112884521
1.2752376794815063
1.4651708602905273
1.2459865808486938
1.3287227153778076
1.2034759521484375
1.308193325996399
1.228220820426941
1.2186492681503296
1.2209423780441284
1.1440296173095703
1.2021474838256836
1.047960638999939
1.0861537456512451
1.0382331609725952
1.1257878541946411
1.1066590547561646
1.249413013458252
1.0051313638687134
1.0026040077209473
1.0175801515579224
0.966915488243103
0.9080545902252197
0.914543628692627
0.8637285828590393
0.8626645803451538
0.953420877456665
0.994176983833313
0.9455128312110901
0.9099728465080261
0.959662914276123
0.876117467880249
0.8587967753410339
0.9020089507102966
0.8408283591270447
0.8582323789596558
0.777725875377655
0.7949719429016113
0.8694341778755188
0.7644680738449097
0.7746203541755676
0.8902074694633484
0.7208485007286072
0.722224771976471
0.6960899233818054
0.672305703163147
0.6748247146606445
0.6554940342903137
0.6040157675743103
0.6985684633255005
0.6630423665046692
0.6759939193725586
0.6547609567642212
0.6877287030220032
0.6329755783081055
0.6851523518562317
0.5821517705917358
0.5939713716506958
0.6279603838920593
0.5789368152618408
0.6300715208053589
0.5527321696281433
0.6102726459503174
0.6101707816123962
0.5746107697486877
0.6143867373466492
0.5761758089065552
0.525000274181366
0.5198969841003418
0.4838341474533081
0.5072683095932007
0.4908866882324219
0.587274432182312
0.523644745349884
0.471798837184906
0.477814257144928
0.443278431892395
0.49282535910606384
0.5791560411453247
0.5493450164794922
0.5018171668052673
0.4474918246269226
0.423414021730423
0.4530992805957794
0.44068413972854614
0.531729519367218
0.46127620339393616
0.4830239415168762
0.4633868932723999
0.3990982472896576
0.45487338304519653
0.4284410774707794
0.48632752895355225
0.4295145571231842
0.48500779271125793
0.40053194761276245
0.4118962585926056
0.3917226195335388
0.46527203917503357
0.3941892683506012
0.4129273295402527
0.4042327105998993
0.3923969566822052
0.3674159646034241
0.363034725189209
0.38012319803237915
0.3602210581302643
0.457319974899292
0.34902113676071167
0.3424219787120819
0.3769894242286682
0.41775229573249817
0.37504252791404724
0.34531790018081665
0.3707067668437958
0.3475637435913086
0.3686254918575287
0.36859065294265747
0.3345537483692169
0.41289907693862915
0.39174869656562805
0.3478621542453766
0.3097713887691498
0.34221890568733215
0.3413974344730377
0.3537532389163971
0.4225468933582306
0.33784055709838867
0.34003040194511414
0.35523828864097595
0.3129340410232544
0.3629782199859619
0.295843243598938
0.28292471170425415
0.2827746868133545
0.2886297404766083
0.33447185158729553
0.3037649691104889
0.2588903307914734
0.294196218252182
0.2685455083847046
0.2674201428890228
0.3044871985912323
0.28358903527259827
0.2762562930583954
0.27948224544525146
0.2573406994342804
0.2528577446937561
0.24590477347373962
0.26371607184410095
0.255485475063324
0.23067593574523926
0.26646578311920166
0.3024851083755493
0.25048476457595825
0.26599937677383423
0.2327532023191452
0.2592715322971344
0.25401923060417175
0.24171245098114014
0.25085175037384033
0.21874628961086273
0.22789345681667328
0.2132991999387741
0.23683562874794006
0.2313757985830307
0.25962069630622864
0.24971681833267212
0.21287162601947784
0.22280839085578918
0.22677837312221527
0.2022698074579239
0.21075057983398438
0.21511514484882355
0.20319850742816925
0.22322027385234833
0.23006319999694824
0.23048053681850433
0.20363666117191315
0.2226579636335373
0.20954221487045288
0.19495247304439545
0.19832997024059296
0.21865242719650269
0.2176555097103119
0.1928652673959732
0.16816554963588715
0.2065824568271637
0.17720167338848114
0.19440105557441711
0.17570817470550537
0.18853963911533356
0.19212228059768677
0.21802756190299988
0.20390170812606812
0.1809239536523819
0.16468168795108795
0.20388782024383545
0.1912248730659485
0.18675506114959717
0.18217407166957855
0.1809818148612976
0.16484762728214264
0.15817251801490784
0.16906939446926117
0.1789894849061966
0.16916418075561523
0.13897979259490967
0.16391399502754211
0.15970401465892792
0.16073788702487946
0.1632782518863678
0.18098238110542297
0.14684298634529114
0.17767421901226044
0.14325667917728424
0.13621346652507782
0.14170242846012115
0.1646152287721634
0.13618972897529602
0.1405337005853653
0.15457336604595184
0.16559602320194244
0.14455752074718475
0.14344313740730286
0.13741689920425415
0.16476906836032867
0.1406676471233368
0.16840091347694397
0.12535889446735382
0.1302613765001297
0.13439618051052094
0.13615523278713226
0.12214238196611404
0.12280818074941635
0.13044756650924683
0.12482546269893646
0.12070820480585098
0.12271430343389511
0.11665907502174377
0.12131527811288834
0.11620211601257324
0.12714698910713196
0.11169765144586563
0.11389891803264618
0.11580311506986618
0.10924246162176132
0.14052943885326385
0.1273081749677658
0.11709721386432648
0.1372385323047638
0.11476664990186691
0.12054748088121414
0.1183943822979927
0.10227381438016891
0.10328909754753113
0.11065611988306046
0.10045202821493149
0.09648328274488449
0.10550880432128906
0.11100606620311737
0.10101820528507233
0.11138315498828888
0.09506922960281372
0.10315896570682526
0.10438266396522522
0.09741047769784927
0.0924358144402504
0.0981750562787056
0.09420575201511383
0.11363962292671204
0.09198865294456482
0.08049668371677399
0.09916248172521591
0.09283606708049774
0.09514711052179337
0.08389665186405182
0.08592652529478073
0.08119452744722366
0.08894659578800201
0.08213698118925095
0.07507911324501038
0.08665532618761063
0.08417825400829315
0.0907086506485939
0.07791703939437866
0.0871260017156601
0.09799900650978088
0.10625595599412918
0.09408783912658691
0.07650827616453171
0.07909776270389557
no squeeze
27.077180862426758
10.229464530944824
6.731411457061768
4.72616720199585
3.890117645263672
3.2777247428894043
2.7649192810058594
2.3879282474517822
2.2380294799804688
2.207296371459961
1.888319492340088
1.8672889471054077
1.6074786186218262
1.6271640062332153
1.7213757038116455
1.6072888374328613
1.417981743812561
1.338077425956726
1.4364004135131836
1.1780152320861816
1.1967395544052124
1.1784348487854004
1.1365686655044556
1.100687026977539
1.1667563915252686
1.0030052661895752
1.1945337057113647
1.0322973728179932
1.185791015625
0.955051064491272
1.0754019021987915
0.947295069694519
0.8642054200172424
0.9684609770774841
1.0111916065216064
0.9506023526191711
0.8793175220489502
0.8242937326431274
0.7505295872688293
0.7567958831787109
0.7796124815940857
0.7958492040634155
0.7729000449180603
0.6987509727478027
0.8096669316291809
0.8330161571502686
0.7391586899757385
0.8796805739402771
0.679857611656189
0.71559077501297
0.6908482313156128
0.692992091178894
0.772682249546051
0.9604969024658203
0.8026030659675598
0.6518313884735107
0.7049811482429504
0.619007408618927
0.6566735506057739
0.6445667743682861
0.6659477949142456
0.6610699892044067
0.6141677498817444
0.6122900247573853
0.6651198863983154
0.5265088677406311
0.623508870601654
0.609451949596405
0.558284342288971
0.5146763324737549
0.5730733871459961
0.6015389561653137
0.5883395075798035
0.49031898379325867
0.5808262228965759
0.5685779452323914
0.5261866450309753
0.4448198974132538
0.5629338622093201
0.562870442867279
0.45732414722442627
0.491604208946228
0.522681474685669
0.49533095955848694
0.44750848412513733
0.5108218193054199
0.523971676826477
0.43069958686828613
0.4604884684085846
0.45971789956092834
0.4694933295249939
0.47316810488700867
0.4621143639087677
0.4526178538799286
0.48663029074668884
0.484886109828949
0.46491533517837524
0.42201343178749084
0.4351004660129547
0.3867371082305908
0.38582751154899597
0.39297524094581604
0.4216087758541107
0.39961302280426025
0.418756365776062
0.4735895097255707
0.384382039308548
0.4029196798801422
0.3528878390789032
0.36519572138786316
0.39078864455223083
0.36613279581069946
0.4248959422111511
0.40961524844169617
0.33863529562950134
0.3893662989139557
0.43026119470596313
0.35211536288261414
0.32565414905548096
0.3241860568523407
0.3041830360889435
0.3841942250728607
0.46619752049446106
0.329908162355423
0.35682302713394165
0.33226320147514343
0.30369508266448975
0.3230409324169159
0.29527512192726135
0.30689796805381775
0.2865537106990814
0.2695746123790741
0.32061436772346497
0.37465551495552063
0.2984207272529602
0.3464972674846649
0.30367574095726013
0.31175872683525085
0.35300642251968384
0.30052822828292847
0.2460421770811081
0.27343037724494934
0.3027566373348236
0.37277913093566895
0.3084130883216858
0.3112748861312866
0.2967921793460846
0.3855077922344208
0.3014393150806427
0.26703736186027527
0.29609939455986023
no squeeze
21.14282989501953
5.579897880554199
2.5653412342071533
2.131256103515625
2.6051666736602783
2.2707908153533936
1.534783959388733
2.2788946628570557
1.6776602268218994
1.1408323049545288
1.6603868007659912
1.9472004175186157
1.836902141571045
1.3793025016784668
1.3063416481018066
1.1224414110183716
1.4006534814834595
1.2689309120178223
1.2086189985275269
1.753100872039795
1.2292224168777466
1.4761730432510376
1.438449501991272
0.9951364994049072
1.5466728210449219
1.05557119846344
1.2511534690856934
1.8071988821029663
0.982541561126709
2.2848825454711914
1.212022066116333
1.615875005722046
1.4585109949111938
1.629752516746521
1.1992121934890747
1.302390217781067
1.27080237865448
0.8974348902702332
1.37185800075531
1.8926583528518677
1.2004190683364868
1.0730112791061401
2.152604341506958
1.2655296325683594
1.2162859439849854
1.0556557178497314
1.5279086828231812
1.5565829277038574
