no squeeze
4.4345293045043945
1.4285547733306885
0.6923546195030212
0.4210593104362488
0.24436737596988678
0.16465656459331512
0.10063529759645462
0.08359938114881516
0.0685448870062828
0.06039043515920639
0.04889817535877228
0.036906808614730835
0.03954098001122475
0.037690941244363785
0.022467412054538727
0.01707182265818119
0.02751621976494789
0.01482323557138443
0.015558144077658653
0.024169085547327995
0.02624288760125637
0.012306714430451393
0.011751913465559483
0.009253683499991894
0.007591161411255598
0.010319208726286888
0.01655271276831627
0.01162097416818142
0.008373499847948551
0.006987730506807566
0.007726837415248156
0.008345289155840874
0.011910500004887581
0.005895697511732578
0.002539626322686672
0.012465142644941807
0.01793951913714409
0.01701001077890396
0.008873111568391323
0.005521704908460379
0.02257646434009075
0.010405872017145157
0.007136541418731213
0.004776242654770613
0.0058241309598088264
no squeeze
4.099231719970703
1.5241029262542725
0.8762943148612976
0.5630806684494019
0.4478299617767334
0.3304540514945984
0.26267480850219727
0.2518239915370941
0.20690563321113586
0.2352745682001114
0.18143801391124725
0.17870667576789856
0.17719849944114685
0.16391362249851227
0.161253422498703
0.16318769752979279
0.20157575607299805
0.1360863894224167
0.13092093169689178
0.1325250118970871
0.1160176619887352
0.135048970580101
0.14605587720870972
0.15067684650421143
0.26150861382484436
0.1225806400179863
0.12857303023338318
0.10258761793375015
0.13007624447345734
0.12498090416193008
0.16410815715789795
0.13891905546188354
0.10470755398273468
0.11143388599157333
0.09895146638154984
0.14477775990962982
0.12238550931215286
0.10593117028474808
0.11590218544006348
0.12493851780891418
0.12316618114709854
0.11962058395147324
0.09973842650651932
0.1208244040608406
0.11908290535211563
no squeeze
4.589779853820801
1.8139164447784424
1.1664601564407349
0.7865361571311951
0.5780003070831299
0.47570809721946716
0.37382203340530396
0.3422453701496124
0.2522391378879547
0.19991768896579742
0.15179066359996796
0.1361701935529709
0.11612307280302048
0.12776616215705872
0.15505148470401764
0.10304279625415802
0.1434226930141449
0.09053000062704086
0.04385480284690857
0.0471336729824543
0.062124140560626984
0.06894923746585846
0.044087909162044525
0.03156806901097298
0.026880774646997452
0.03324456512928009
0.02246883325278759
0.01938127912580967
0.03229302912950516
0.03693791478872299
0.030572934076189995
0.017727339640259743
0.01982455514371395
0.012690942734479904
0.008871102705597878
0.009629650041460991
0.007959914393723011
0.00795759353786707
0.008605435490608215
0.009754018858075142
0.02152397483587265
0.01134022418409586
0.013083918951451778
0.008923946879804134
0.015575196593999863
0.03886367008090019
0.014729703776538372
0.031153462827205658
no squeeze
4.973232746124268
2.2107839584350586
1.7852280139923096
1.4903390407562256
1.220803141593933
1.0684361457824707
0.9307218194007874
0.8412925601005554
0.7481493353843689
0.6801013350486755
0.6386364698410034
0.5846459269523621
0.5406817197799683
0.5150749683380127
0.4763238728046417
0.4478444755077362
0.42650550603866577
0.39881977438926697
0.39023923873901367
0.3939971625804901
0.3496916890144348
0.3328329026699066
0.3262034058570862
0.3134402632713318
0.32681164145469666
0.2821210026741028
0.30969274044036865
0.26625505089759827
0.24893039464950562
0.29859182238578796
0.24940228462219238
0.24327322840690613
0.22855433821678162
0.2616446614265442
0.20614905655384064
0.2246686965227127
0.20555000007152557
0.1851867288351059
0.22546027600765228
0.21672660112380981
0.17715643346309662
0.1737069934606552
0.1852903664112091
0.20903699100017548
0.17362253367900848
0.15102675557136536
0.16849252581596375
0.17982962727546692
0.15665847063064575
0.15854626893997192
0.14911289513111115
0.1557866632938385
0.14061039686203003
0.16096098721027374
0.13498778641223907
0.14381372928619385
0.12885627150535583
0.1428099423646927
0.12393856048583984
0.12335342913866043
0.12634684145450592
0.13208667933940887
0.12090609967708588
0.12609261274337769
0.13009050488471985
0.12191913276910782
0.12180791795253754
0.13643041253089905
0.12843641638755798
0.13978073000907898
0.1487894356250763
0.12775728106498718
0.12197062373161316
no squeeze
5.982641220092773
2.1555137634277344
1.5022315979003906
1.137276530265808
0.929672122001648
0.8026679158210754
0.6458330154418945
0.6155897974967957
0.4928439259529114
0.44429847598075867
0.4199504554271698
0.3814116418361664
0.3664417862892151
0.334103524684906
0.3458482325077057
0.28102055191993713
0.2964765429496765
0.2960951030254364
0.26576197147369385
0.24238568544387817
0.2284323275089264
0.2250966578722
0.2406441867351532
0.25907763838768005
0.2221919149160385
0.1969062089920044
0.21820895373821259
0.18572187423706055
0.19396503269672394
0.16746337711811066
0.16844144463539124
0.1419626772403717
0.1698225736618042
0.15126357972621918
0.16189557313919067
0.13944151997566223
0.13469257950782776
0.13553746044635773
0.14145411550998688
0.15287651121616364
0.1305641084909439
0.13633063435554504
0.10991876572370529
0.1325644701719284
0.1177738755941391
0.12324623018503189
0.13044264912605286
0.12671855092048645
0.12894421815872192
0.12724675238132477
0.1265869140625
0.11990311741828918
0.11793600767850876
no squeeze
3.558779716491699
1.4447849988937378
0.7998057007789612
0.5537334680557251
0.470833957195282
0.5389667749404907
0.4631669819355011
0.5320888757705688
0.5172237753868103
0.35145458579063416
0.4077588617801666
0.3578375577926636
0.3057993948459625
0.276929646730423
0.466966837644577
0.4467564821243286
0.2832711338996887
0.34892234206199646
0.45034611225128174
0.5711275339126587
0.3992118239402771
0.43855687975883484
0.3935847282409668
0.5385794639587402
