no squeeze
92.61101531982422
33.26297378540039
24.76984405517578
13.514677047729492
12.490450859069824
9.732337951660156
9.195985794067383
7.496100902557373
7.13380241394043
5.92736291885376
5.648334503173828
4.7177581787109375
4.512639999389648
3.8105380535125732
3.6504900455474854
3.1102852821350098
2.9891340732574463
2.6036500930786133
2.516289472579956
2.2488043308258057
2.1956100463867188
2.0107545852661133
1.9728291034698486
1.8540990352630615
1.8302695751190186
1.756394863128662
1.7425035238265991
1.6958725452423096
1.6906355619430542
1.6549559831619263
1.6476550102233887
1.6312541961669922
1.6299793720245361
1.6178505420684814
1.6138577461242676
1.6106194257736206
1.607672095298767
1.5996172428131104
1.598084807395935
1.596887230873108
1.598535180091858
1.594168782234192
1.594918131828308
1.5916244983673096
1.5920734405517578
1.5913352966308594
1.5910106897354126
1.590904712677002
1.5885335206985474
1.5907764434814453
1.5907237529754639
1.5913634300231934
no squeeze
92.55459594726562
56.96657943725586
47.863651275634766
22.074371337890625
18.883089065551758
12.880783081054688
12.038616180419922
9.989768028259277
9.660120964050293
8.77873420715332
8.6246919631958
8.169421195983887
8.07885456085205
7.803225040435791
7.742242336273193
7.558140277862549
7.5199971199035645
7.393767833709717
7.376521110534668
7.284285068511963
7.262276649475098
7.199100017547607
7.187444686889648
7.151187419891357
7.133820056915283
7.0997843742370605
7.097803592681885
7.074417591094971
7.065081596374512
7.050167083740234
7.044316291809082
7.0351972579956055
7.030263900756836
7.0237812995910645
7.018402576446533
7.018143177032471
7.015781879425049
7.013954162597656
7.011704444885254
7.016849517822266
7.009456634521484
7.007165908813477
7.00319766998291
7.021429061889648
7.004312038421631
7.0029802322387695
7.001070976257324
7.002955913543701
7.001077175140381
7.020010948181152
no squeeze
91.85758972167969
42.59003829956055
34.07489776611328
17.00606918334961
15.152313232421875
10.47765827178955
9.634422302246094
7.195045471191406
6.724767684936523
5.304620265960693
5.001210689544678
4.058271408081055
3.861027717590332
3.219390630722046
3.079871416091919
2.6156044006347656
2.5132505893707275
2.1705777645111084
2.0928330421447754
1.8304674625396729
1.770713448524475
1.5673394203186035
1.5213176012039185
1.3628685474395752
1.326415777206421
1.2034308910369873
1.174122929573059
1.074051856994629
1.0511066913604736
0.9723292589187622
0.954430103302002
0.8910822868347168
0.8766903281211853
0.8278846144676208
0.8154449462890625
0.7743302583694458
0.7641953825950623
0.7303256988525391
0.7222427725791931
0.6956681609153748
0.6886463761329651
0.6644928455352783
0.6592534184455872
0.640269935131073
0.6358901858329773
0.6180458664894104
0.6144403219223022
0.6005594730377197
0.5973849892616272
0.5844721794128418
0.5815304517745972
0.5712255835533142
0.5686770677566528
0.558158814907074
0.5558475852012634
0.5472291111946106
0.5459292531013489
0.5393650531768799
0.5368093848228455
0.5300928354263306
0.5283058285713196
0.5234998464584351
0.5216304063796997
0.5155127048492432
0.5140697360038757
0.5090980529785156
0.5087417960166931
0.5043090581893921
0.5029094219207764
0.4988228976726532
0.49768880009651184
0.49468275904655457
0.49398982524871826
0.49055585265159607
0.49020639061927795
0.48678699135780334
0.48615121841430664
0.48422765731811523
0.4831434488296509
0.48107364773750305
0.4801844656467438
0.47819340229034424
0.4772753417491913
0.4759780466556549
0.47522780299186707
0.4739246964454651
0.47308799624443054
0.4711901545524597
0.47134846448898315
0.46932828426361084
0.46930769085884094
0.4681873619556427
0.4674736261367798
0.46692049503326416
0.46647411584854126
0.46564656496047974
0.46523135900497437
0.46445658802986145
0.46332213282585144
0.4627663195133209
0.4622308909893036
0.46217137575149536
0.46186283230781555
0.4612886905670166
0.46144425868988037
0.4604363441467285
0.46079546213150024
0.45917370915412903
0.4594532251358032
0.4588806927204132
0.45884740352630615
0.45902639627456665
0.4586421847343445
0.45784005522727966
0.4576835632324219
0.4573095142841339
0.45735931396484375
0.4570592939853668
0.4576495289802551
0.45634469389915466
0.4561832547187805
0.4560098946094513
0.4562636613845825
0.45594707131385803
0.4562346637248993
0.4554605782032013
0.45575907826423645
0.4554215967655182
0.4551679790019989
0.45531561970710754
0.4546094536781311
0.45531943440437317
0.4545467495918274
0.45508748292922974
0.45484358072280884
0.45517706871032715
no squeeze
93.85221099853516
71.792236328125
64.69439697265625
39.464942932128906
35.41508102416992
26.857669830322266
25.463768005371094
21.6123046875
20.881446838378906
18.660778045654297
18.188278198242188
16.68876075744629
16.36595344543457
15.283459663391113
15.030598640441895
14.187647819519043
14.00029468536377
13.346787452697754
13.1925687789917
12.66339111328125
12.541304588317871
12.11788558959961
12.014673233032227
11.673961639404297
11.591475486755371
11.30909538269043
11.241889953613281
11.010319709777832
10.956853866577148
10.762805938720703
10.716832160949707
10.544618606567383
10.501055717468262
10.36231517791748
10.327445983886719
10.195131301879883
10.160456657409668
10.045561790466309
10.01400375366211
9.906440734863281
9.880997657775879
9.776591300964355
9.754138946533203
9.65090560913086
9.623771667480469
9.52865219116211
9.500065803527832
9.413127899169922
9.384181022644043
9.295047760009766
9.271536827087402
9.172990798950195
9.153392791748047
9.065530776977539
9.040942192077637
8.95200252532959
8.935057640075684
8.844965934753418
8.814549446105957
8.73731803894043
8.711276054382324
8.628823280334473
8.597612380981445
8.52579402923584
8.499862670898438
8.415994644165039
8.389863967895508
8.308895111083984
8.286670684814453
8.207674026489258
8.188737869262695
8.111034393310547
8.091017723083496
8.014510154724121
7.9893903732299805
7.914212226867676
7.891439914703369
7.826603889465332
7.818591594696045
7.726283550262451
7.708549976348877
7.6482086181640625
7.624455451965332
7.5565361976623535
7.545177936553955
7.473173141479492
7.4523468017578125
7.396922588348389
7.3802337646484375
7.325972080230713
7.305085182189941
7.251232624053955
7.2347002029418945
7.191241264343262
7.166720390319824
7.119761943817139
7.1093831062316895
7.0622239112854
7.045048713684082
7.008883953094482
6.994709014892578
6.949950218200684
6.9352521896362305
6.904267311096191
6.897361755371094
6.864058971405029
6.849672794342041
6.822105407714844
6.809201717376709
6.778392314910889
6.7710113525390625
6.74370002746582
6.735269069671631
6.710362911224365
6.7001519203186035
6.672779560089111
6.692922592163086
6.653384685516357
6.650357246398926
6.621868133544922
6.626132011413574
6.599762439727783
6.592706680297852
6.57810115814209
6.5744853019714355
6.572360992431641
6.55205774307251
6.553109645843506
6.562272548675537
6.52856969833374
6.526359558105469
6.509077548980713
6.509712219238281
6.504505634307861
6.493489742279053
6.4880757331848145
6.476939678192139
6.471713542938232
6.468212127685547
6.455595970153809
6.455747127532959
6.446107864379883
6.457027435302734
6.429942607879639
6.422483921051025
6.424818515777588
6.422740936279297
6.404254913330078
6.411190032958984
6.404048919677734
6.40053653717041
6.400191307067871
6.404183864593506
6.389554500579834
6.394686222076416
6.380259037017822
6.373137950897217
6.376401901245117
6.3725433349609375
6.359182834625244
6.351990222930908
6.352312088012695
6.351756572723389
6.345465183258057
6.3415350914001465
6.343719005584717
6.339786052703857
6.32974910736084
6.329893112182617
6.335163116455078
no squeeze
92.50373840332031
51.75584411621094
44.41163635253906
27.822385787963867
25.518831253051758
19.636560440063477
18.625425338745117
15.700326919555664
15.12551498413086
13.403985977172852
13.0502347946167
11.96908950805664
11.743108749389648
11.040699005126953
10.8859224319458
10.392759323120117
10.282073020935059
9.921243667602539
9.842350959777832
9.578453063964844
9.517382621765137
9.312952041625977
9.268336296081543
9.11228084564209
9.072161674499512
8.939925193786621
8.90543270111084
8.79444694519043
8.772758483886719
8.674470901489258
8.646312713623047
8.566205024719238
8.549675941467285
8.469793319702148
8.45211410522461
8.39116096496582
8.367974281311035
8.30940055847168
8.29537296295166
8.259710311889648
8.230368614196777
8.178887367248535
8.166074752807617
8.126252174377441
8.114957809448242
8.073659896850586
8.062291145324707
8.032755851745605
8.026863098144531
7.990288257598877
7.978307723999023
7.952489376068115
7.949275016784668
7.9197916984558105
7.914337635040283
7.888523578643799
7.886295318603516
7.86008358001709
7.8549113273620605
7.836052417755127
7.829504013061523
7.807083606719971
7.8054046630859375
7.788984775543213
7.802135944366455
7.775304794311523
7.764132499694824
7.755661964416504
7.752442359924316
7.751432418823242
7.7344207763671875
7.721902370452881
7.718046188354492
7.720914840698242
7.7062153816223145
7.69693660736084
7.6977667808532715
7.683474063873291
7.6842498779296875
7.67141056060791
7.674911022186279
7.6738810539245605
no squeeze
88.81950378417969
19.845687866210938
18.577436447143555
16.632247924804688
16.461322784423828
16.128154754638672
16.085750579833984
15.992668151855469
15.974241256713867
15.942047119140625
15.946117401123047
15.93789291381836
15.933633804321289
15.925101280212402
15.927018165588379
15.922751426696777
15.924203872680664
15.925318717956543
