no squeeze
26.300912857055664
7.479781627655029
3.5649125576019287
1.7735700607299805
1.2517850399017334
1.3489749431610107
0.8745335936546326
0.664653480052948
0.752388060092926
0.7624745965003967
0.4443643391132355
0.4699864089488983
0.404615581035614
0.3664625883102417
0.3169659674167633
0.4643767774105072
0.45689016580581665
0.2417934536933899
0.22253739833831787
0.23456890881061554
0.20360566675662994
0.20414775609970093
0.1779816895723343
0.30229854583740234
0.35915952920913696
0.5892267823219299
0.3639013469219208
0.4289049506187439
0.10822848230600357
0.11511892080307007
0.11008184403181076
0.1620325744152069
0.2467631995677948
0.16170212626457214
0.15231721103191376
0.11287464946508408
0.10122928023338318
0.03541138768196106
0.045828357338905334
0.1238686591386795
0.15534473955631256
0.2075401097536087
0.050439734011888504
0.059792060405015945
0.03524021804332733
0.15018686652183533
0.1726781725883484
0.050691016018390656
0.10914789140224457
0.08928916603326797
0.45002830028533936
0.1400051712989807
0.04344440996646881
0.5304679274559021
0.14799369871616364
no squeeze
40.47016143798828
11.864465713500977
6.5068745613098145
4.333961486816406
3.40750789642334
2.9240975379943848
2.436049699783325
2.3749186992645264
2.5142621994018555
1.8072434663772583
1.8629710674285889
1.8643391132354736
2.113598585128784
2.2608747482299805
1.9769326448440552
1.5970913171768188
1.7270463705062866
1.410224437713623
1.5188312530517578
2.19226336479187
1.6180915832519531
1.5554325580596924
1.5290406942367554
1.7081756591796875
1.3853111267089844
1.5011616945266724
1.4384187459945679
1.7603169679641724
1.236480474472046
1.3689004182815552
1.2394605875015259
1.267642855644226
1.3929675817489624
1.3163173198699951
1.3119853734970093
1.2303682565689087
1.1834278106689453
1.3686305284500122
1.6433489322662354
1.6684519052505493
1.2130117416381836
1.2327909469604492
1.2281889915466309
1.1404178142547607
1.2730519771575928
1.0389498472213745
1.1847726106643677
1.5282742977142334
1.107816457748413
1.2489780187606812
1.1037960052490234
1.2118384838104248
1.2080280780792236
1.0799809694290161
1.3812328577041626
1.189989447593689
no squeeze
38.91741180419922
14.706851959228516
9.233330726623535
7.520991325378418
7.02525520324707
4.716596603393555
4.682101249694824
3.1944241523742676
2.7506282329559326
2.7689990997314453
2.908005714416504
2.5723764896392822
2.315953493118286
2.505194902420044
2.384516477584839
2.739285945892334
1.9571566581726074
1.8313673734664917
1.8237324953079224
1.4240589141845703
1.389591932296753
1.4481565952301025
2.3247311115264893
3.072312831878662
1.3214786052703857
1.0586849451065063
1.0474598407745361
2.0073764324188232
1.323455572128296
1.058597207069397
1.2890545129776
0.8677803874015808
0.7868063449859619
0.6153963208198547
0.9599121809005737
1.5178920030593872
1.2061229944229126
2.8510422706604004
1.3838149309158325
0.8146125078201294
0.5385721325874329
0.5921752452850342
0.5609391927719116
0.5927735567092896
1.3251632452011108
0.6743898987770081
0.4880888760089874
0.5498926043510437
0.6166467070579529
1.0469639301300049
1.6166197061538696
1.2106508016586304
0.629447340965271
0.7438106536865234
0.4928300678730011
0.772951066493988
0.6239882111549377
no squeeze
39.96063995361328
16.37410545349121
11.750052452087402
9.234539985656738
7.359835624694824
6.051859378814697
5.420310974121094
4.634606838226318
4.476983547210693
3.759171485900879
3.2467944622039795
3.2773666381835938
3.1834206581115723
2.6215195655822754
2.63326358795166
2.5624077320098877
2.5100865364074707
2.340200901031494
2.361126661300659
2.133892297744751
2.0988972187042236
1.8994795083999634
2.0949535369873047
1.9061883687973022
1.7784790992736816
1.7756212949752808
1.9441046714782715
1.7758857011795044
1.9416600465774536
1.6213237047195435
1.5835946798324585
1.5451973676681519
1.4864338636398315
1.5427063703536987
1.3781311511993408
1.6703596115112305
1.4713507890701294
1.5269804000854492
1.5258009433746338
1.4211493730545044
1.4623363018035889
1.5402019023895264
1.421644687652588
1.4376261234283447
1.4036445617675781
no squeeze
42.49610137939453
14.154911994934082
9.338812828063965
6.682472229003906
5.418578147888184
4.450807571411133
4.034109592437744
3.35551381111145
3.1844050884246826
2.8597683906555176
3.0153534412384033
2.681074380874634
2.3731961250305176
2.3687403202056885
2.1288135051727295
2.4900076389312744
2.038349151611328
2.157897710800171
2.2333648204803467
1.7539042234420776
1.8741954565048218
1.9163259267807007
1.8192757368087769
1.5151994228363037
1.7107244729995728
1.5358012914657593
1.5706357955932617
1.5756357908248901
1.5796483755111694
1.730071783065796
1.3158012628555298
1.4970163106918335
1.3399745225906372
1.3959169387817383
1.3461906909942627
1.3534806966781616
1.2892658710479736
1.081391453742981
1.518110990524292
1.301849603652954
1.1948717832565308
1.2930138111114502
1.2648837566375732
1.3844316005706787
1.360803484916687
1.0775080919265747
1.2486076354980469
1.151153802871704
1.3253605365753174
1.0374747514724731
1.242728352546692
1.0183525085449219
1.1242117881774902
0.9600341320037842
1.2573148012161255
1.0174574851989746
0.9812920093536377
0.8889315724372864
1.1353505849838257
0.9842774868011475
0.9905195236206055
0.8742174506187439
0.75291907787323
1.0180670022964478
0.9063305258750916
0.8386847972869873
0.818740963935852
0.8909081816673279
0.9376835823059082
0.9448619484901428
0.880854606628418
0.8619462251663208
0.8931980729103088
no squeeze
35.328941345214844
8.185297012329102
3.492927074432373
3.2500240802764893
1.6794867515563965
3.0724639892578125
1.4901697635650635
3.58396577835083
2.037038803100586
1.670912265777588
2.557046890258789
2.0850422382354736
2.4522619247436523
1.4940276145935059
3.633864402770996
2.239652395248413
2.868103504180908
