no squeeze
11.818047523498535
1.829815149307251
1.3455755710601807
0.5193629264831543
0.43510115146636963
0.26617541909217834
0.2423189878463745
0.18341712653636932
0.17383456230163574
0.14987988770008087
0.14609406888484955
0.13598762452602386
0.13425558805465698
0.13032875955104828
0.12911410629749298
0.1272164136171341
0.12686856091022491
0.12675799429416656
0.12617523968219757
0.12637484073638916
0.12648269534111023
0.1256422996520996
0.1253621131181717
0.12589208781719208
0.1255958378314972
0.12570379674434662
no squeeze
12.007951736450195
1.7531851530075073
1.4604477882385254
1.0808424949645996
1.0465167760849
0.9768440127372742
0.9679023623466492
0.9455017447471619
0.9402428865432739
0.9315049648284912
0.9337512850761414
0.9292938709259033
0.9308480620384216
0.9307140707969666
no squeeze
11.585580825805664
2.399232864379883
1.9089328050613403
0.9491901993751526
0.817306637763977
0.5084061622619629
0.4604981541633606
0.3322163224220276
0.3080759644508362
0.23763439059257507
0.2241010069847107
0.1813468635082245
0.17274467647075653
0.1451641023159027
0.13946415483951569
0.12080118060112
0.11678621172904968
0.10380541533231735
0.10075414925813675
0.09086159616708755
0.08889559656381607
0.08171448111534119
0.08015968650579453
0.07519186288118362
0.07372801005840302
0.06929120421409607
0.06833910942077637
0.06493289768695831
0.06431638449430466
0.061695463955402374
0.061152178794145584
0.05904398858547211
0.058592844754457474
0.056844133883714676
0.05636192858219147
0.05511965602636337
0.054688286036252975
0.05362945422530174
0.05330101400613785
0.0523025281727314
0.05206051096320152
0.051172707229852676
0.05093834921717644
0.05028922110795975
0.05000338703393936
0.04941065236926079
0.04921010881662369
0.04872725158929825
0.04855890944600105
0.04807235673069954
0.047873180359601974
0.047508545219898224
0.04743027314543724
0.04710416495800018
0.04697827994823456
0.046598222106695175
0.04652160406112671
0.04628341272473335
0.04630254954099655
0.04593854770064354
0.04581696167588234
0.04566982015967369
0.0455399826169014
0.04540641978383064
0.04525035247206688
0.045021578669548035
0.04509781301021576
0.04493097588419914
0.044896431267261505
0.04472982883453369
0.04486989974975586
0.044516321271657944
0.04456811025738716
0.04442518204450607
0.044382497668266296
0.04417290538549423
0.04416638985276222
0.04418111592531204
0.044226355850696564
0.0439586415886879
0.04404456540942192
0.04397271201014519
no squeeze
13.049671173095703
7.264219760894775
6.251345157623291
3.763899326324463
3.4442873001098633
2.745469331741333
2.626847743988037
2.297604560852051
2.2324459552764893
2.0305979251861572
1.986533284187317
1.8429045677185059
1.8090332746505737
1.699216365814209
1.6744283437728882
1.586425542831421
1.565752387046814
1.4926682710647583
1.4758710861206055
1.4171353578567505
1.4024806022644043
1.3528027534484863
1.3408063650131226
1.3000333309173584
1.290899634361267
1.254326581954956
1.245697021484375
1.2135529518127441
1.2065370082855225
1.1797903776168823
1.1702730655670166
1.145827293395996
1.1408122777938843
1.1158244609832764
1.1104552745819092
1.0881832838058472
1.0840781927108765
1.0630451440811157
1.0569146871566772
1.0380219221115112
1.0341910123825073
1.016178011894226
1.0131809711456299
0.9963398575782776
0.9939753413200378
0.9775426983833313
0.9734996557235718
0.95850670337677
0.956874430179596
0.9423539042472839
0.9398670792579651
0.9266847968101501
0.9228047728538513
0.9140633940696716
0.9111642241477966
0.9013606309890747
0.8976386785507202
0.8899383544921875
0.8875385522842407
0.879676342010498
0.878315806388855
0.8695560097694397
0.8671351671218872
0.8617989420890808
0.858697772026062
0.8536851406097412
0.8515095710754395
0.8448248505592346
0.8425858616828918
0.8381972908973694
0.8394994139671326
0.8339008688926697
0.8305249810218811
0.8288710713386536
0.826887309551239
0.8189494013786316
0.8181087970733643
0.8151801824569702
0.8140465617179871
0.8106749653816223
0.8087171912193298
0.8072240948677063
0.8066861033439636
0.8052969574928284
0.8024311065673828
0.798243522644043
0.7986629605293274
0.7960699200630188
0.7937670350074768
0.7926327586174011
0.7905983924865723
0.7876121997833252
0.7874906063079834
0.7849987149238586
0.7853018641471863
0.7823246717453003
0.7822573184967041
0.7831183075904846
0.7813361883163452
0.7775381207466125
0.7775519490242004
0.7762587070465088
0.7758381366729736
0.7751824855804443
0.7739716172218323
0.7716827988624573
0.7715651988983154
0.7690354585647583
0.769394040107727
0.7667255997657776
0.7654443979263306
0.7651186585426331
0.7647489309310913
0.7640200257301331
0.7643125653266907
0.7627050280570984
0.7609996795654297
0.7599012851715088
0.7588053941726685
0.7581219673156738
0.757960855960846
0.7560573816299438
0.7568158507347107
0.7543503046035767
0.753814160823822
0.7522861361503601
0.7538197636604309
0.7505594491958618
0.7488437294960022
0.7486813068389893
0.7482321262359619
0.7470543384552002
0.748731255531311
0.7455371618270874
0.7450289130210876
0.7441595196723938
0.7447072863578796
0.7414522767066956
0.7419122457504272
0.738411009311676
0.7406315207481384
0.7376105785369873
0.7380065321922302
0.7360149025917053
0.7397257089614868
0.7361259460449219
no squeeze
12.241351127624512
3.3824374675750732
2.9124703407287598
1.9719452857971191
1.8441009521484375
1.5339856147766113
1.4815363883972168
1.333797574043274
1.3044874668121338
1.2168720960617065
1.1983668804168701
1.1389409303665161
1.1257270574569702
1.0842853784561157
1.074791431427002
1.0440858602523804
1.0365092754364014
1.0134737491607666
1.0066096782684326
0.9893364906311035
0.9854269623756409
0.9722086191177368
0.968315839767456
0.9577509760856628
0.9547026753425598
0.9445152878761292
0.9424397945404053
0.9346593022346497
0.9337081909179688
0.925444483757019
0.9243708848953247
0.9203003644943237
0.9188344478607178
0.9134886860847473
0.913661003112793
0.9085727334022522
0.9058163166046143
0.903633713722229
0.9020057916641235
0.8983502984046936
0.8980467319488525
0.8948135375976562
0.8948203921318054
0.8931888937950134
0.8922134041786194
0.8906609416007996
0.8882461190223694
0.8855974078178406
0.8848450183868408
0.8835263848304749
0.8830458521842957
0.8821689486503601
0.8824540972709656
0.8804196715354919
0.8801614046096802
0.8779507875442505
0.8783359527587891
0.8761051893234253
0.8759442567825317
0.8753006458282471
0.8733303546905518
0.8740341663360596
0.8730906844139099
0.8719793558120728
0.8706105947494507
0.8710994720458984
0.8714848160743713
0.8683543801307678
0.867658257484436
0.869004487991333
0.8672024607658386
0.8663864135742188
0.8677470088005066
0.8657726049423218
0.8664175271987915
0.8672014474868774
no squeeze
13.090564727783203
2.233995199203491
2.069901704788208
1.9362610578536987
1.9340814352035522
1.9299046993255615
1.932286024093628
1.9302808046340942
