no squeeze
18.109914779663086
4.488631725311279
3.110586166381836
2.5075254440307617
1.9075909852981567
1.4226634502410889
1.0053952932357788
0.7608602643013
0.6603238582611084
0.4771665632724762
0.42601945996284485
0.32714971899986267
0.29325658082962036
0.24163168668746948
0.22065496444702148
0.13636016845703125
0.09215734153985977
0.10159038007259369
0.17235155403614044
0.11199193447828293
0.10508397221565247
0.05728437379002571
0.04242725670337677
0.03269524127244949
0.023819249123334885
0.016489097848534584
0.025845937430858612
0.02087709680199623
0.062414731830358505
0.025925029069185257
0.03548469766974449
0.016406327486038208
0.01577634923160076
0.02166019193828106
0.009822869673371315
0.015502626076340675
0.029229631647467613
0.005429444834589958
0.012354236096143723
0.010533912107348442
0.033084310591220856
0.02084784023463726
0.014004894532263279
0.003581042867153883
0.002725793980062008
0.03315132111310959
0.054277222603559494
0.020835302770137787
0.010461456142365932
0.003734616097062826
0.004666561726480722
0.013273061253130436
0.0033680114429444075
0.004498074296861887
0.004860624670982361
no squeeze
18.683143615722656
4.905205726623535
3.9074935913085938
3.0497255325317383
2.7557873725891113
2.3497543334960938
2.0481514930725098
1.6620204448699951
1.6022560596466064
1.3067249059677124
1.3376015424728394
1.5356682538986206
1.145621418952942
1.1096898317337036
1.0706355571746826
0.8494879007339478
0.8412150740623474
0.7713132500648499
0.9172325730323792
0.829555332660675
0.7255172729492188
0.9128023386001587
0.8665116429328918
0.7451614141464233
0.8085440993309021
0.7042236328125
0.7203112244606018
0.5501273274421692
0.7143168449401855
0.5236139893531799
0.5625981688499451
0.7742742896080017
0.6098489761352539
0.6698570847511292
0.6458166241645813
0.596924901008606
0.5615872740745544
0.45695143938064575
0.7894863486289978
0.5117304921150208
0.41498029232025146
0.5014467835426331
0.5295830965042114
0.6000236868858337
0.5816918611526489
0.6409987211227417
0.6452903151512146
0.7888650298118591
0.49813148379325867
0.6179274916648865
0.5962769389152527
no squeeze
19.918540954589844
5.9964189529418945
4.426365852355957
3.936185836791992
3.4827349185943604
3.183821678161621
2.7624588012695312
3.0607755184173584
2.6167867183685303
2.4205074310302734
2.2082290649414062
2.0378000736236572
2.3869998455047607
2.7488210201263428
1.859757423400879
1.6415818929672241
1.6862517595291138
1.5959824323654175
1.3449519872665405
1.1845542192459106
1.2785552740097046
1.2866628170013428
1.1612701416015625
2.0659756660461426
2.2637429237365723
2.1326184272766113
1.12775456905365
0.8012752532958984
0.7363755106925964
1.1859261989593506
0.8584320545196533
0.6025893092155457
0.5206316113471985
0.384512722492218
0.45884886384010315
0.4479292333126068
0.4997529983520508
1.0310453176498413
0.9308143854141235
0.7223368287086487
0.6278437376022339
0.5863049626350403
0.7660555839538574
0.5880277752876282
no squeeze
21.18041229248047
5.640984058380127
4.761313438415527
4.70762300491333
4.248399257659912
3.933793544769287
3.860355854034424
3.8260529041290283
3.424527168273926
3.142491579055786
3.0324547290802
3.0095224380493164
2.7617106437683105
2.6711301803588867
2.6495115756988525
2.5497701168060303
2.2980728149414062
2.2528927326202393
2.2870981693267822
2.136120557785034
2.121710777282715
1.8925739526748657
1.7953861951828003
1.9344837665557861
1.8195140361785889
1.5985969305038452
1.6935380697250366
1.6501308679580688
1.4427642822265625
1.4293156862258911
1.475007176399231
1.4063688516616821
1.3769208192825317
1.2586227655410767
1.2864681482315063
1.1936191320419312
1.1542359590530396
1.1457573175430298
1.1133720874786377
1.087320327758789
1.0798983573913574
1.0513571500778198
0.9703266024589539
0.9210225939750671
0.9559558033943176
0.8498116135597229
0.8337970972061157
0.7749755382537842
0.8697989583015442
0.7928576469421387
0.7988449931144714
0.711815595626831
0.7028278708457947
0.7006073594093323
0.7185774445533752
0.6908259391784668
0.6862145662307739
0.5877452492713928
0.6300159096717834
0.6431562304496765
0.6531044244766235
0.6016066074371338
0.5723774433135986
0.5834974050521851
0.5867502689361572
0.5242229104042053
0.515448272228241
0.5354722738265991
0.5107924938201904
0.5259433388710022
0.507764995098114
0.5653855204582214
0.4840843975543976
0.5525428056716919
0.5393901467323303
0.44742709398269653
0.47199299931526184
0.45288145542144775
0.3867887556552887
0.4366737902164459
0.4393140971660614
0.3972249925136566
0.4138270616531372
0.40952160954475403
0.38362011313438416
0.4274945557117462
0.40218451619148254
0.3566366136074066
0.3315543830394745
0.3925938606262207
0.37736546993255615
0.3399367034435272
0.3870852589607239
0.36568111181259155
0.33637070655822754
0.33818376064300537
0.3501121401786804
0.38277214765548706
0.4335208833217621
no squeeze
19.525798797607422
4.6587443351745605
3.639698028564453
3.525439739227295
3.0222740173339844
2.754912853240967
2.6012260913848877
2.127588987350464
2.013915538787842
2.082543134689331
1.8816334009170532
1.622202754020691
1.4777699708938599
1.5422186851501465
1.459690809249878
1.2709927558898926
1.268303394317627
1.1970598697662354
1.1067416667938232
1.0877702236175537
0.924406886100769
0.954230785369873
0.9153648614883423
0.962419867515564
0.9720423221588135
0.9321927428245544
0.9402182698249817
0.7120433449745178
0.7772520780563354
0.6994193196296692
0.7571372389793396
0.7614855170249939
0.6566579937934875
0.5873297452926636
0.6650170683860779
0.7309005260467529
0.7211056351661682
0.6625881791114807
0.5709896087646484
0.7270427942276001
0.7459710240364075
0.6424977779388428
0.652473509311676
0.5022168159484863
0.4677029252052307
0.5454410314559937
0.521249532699585
0.5111414790153503
0.6016492247581482
0.5215581655502319
0.47858408093452454
0.48025333881378174
0.4435224235057831
0.4137074649333954
0.45144975185394287
0.41119807958602905
0.4448750615119934
0.41704851388931274
0.4045867621898651
0.3588421642780304
0.3771993815898895
0.3612624704837799
0.3320517838001251
0.38808009028434753
0.32568880915641785
0.384996622800827
0.3355006277561188
0.41952112317085266
0.34737855195999146
0.3811967670917511
0.4059450328350067
0.40371212363243103
0.29094836115837097
0.3589307963848114
0.3460384011268616
0.3327038288116455
0.28597158193588257
0.30335575342178345
0.34605225920677185
0.38610363006591797
0.35829317569732666
0.26990970969200134
0.24080155789852142
0.30257532000541687
0.29988986253738403
0.3143100142478943
0.3288889527320862
0.2778856158256531
0.3022424280643463
0.2602604329586029
0.2775719463825226
0.2738255262374878
0.239485502243042
0.23558737337589264
0.2389545887708664
0.24567162990570068
0.2751902639865875
0.2125873863697052
0.2667052745819092
0.2572707235813141
0.24727992713451385
0.19901952147483826
0.2474958449602127
0.3677225410938263
0.24344395101070404
0.20564968883991241
0.2935854494571686
0.25282928347587585
0.23535612225532532
0.22283029556274414
0.28211361169815063
0.2501484155654907
no squeeze
10.041873931884766
2.767627477645874
2.079991102218628
2.097580909729004
1.3781015872955322
1.6404842138290405
1.1740392446517944
1.2758814096450806
1.4404575824737549
1.2144701480865479
0.7546736598014832
1.0844634771347046
0.7596343159675598
1.233908772468567
0.7970521450042725
0.7235438823699951
0.5617705583572388
0.8997809886932373
0.9316108822822571
0.49125924706459045
0.6224695444107056
0.6397340893745422
1.0629045963287354
0.7726620435714722
0.5579572916030884
0.3769475817680359
1.914720058441162
1.0735533237457275
0.5682283043861389
0.8240629434585571
0.7374078035354614
0.7108549475669861
0.41438665986061096
1.7077851295471191
0.6140235066413879
0.49571093916893005
