no squeeze
0.8352670073509216
0.2010740488767624
0.11278536170721054
0.08161365240812302
0.06325460225343704
0.049454960972070694
0.041704896837472916
0.0374305434525013
0.03316659480333328
0.029900163412094116
0.027775511145591736
0.023160086944699287
0.02239060401916504
0.019386323168873787
0.017642715945839882
0.015529705211520195
0.013604075647890568
0.013434620574116707
0.01390842068940401
0.012676096521317959
0.011941688135266304
0.009331687353551388
0.008076698519289494
0.009590646252036095
0.008714333176612854
0.0075418222695589066
0.0070301201194524765
0.007480135187506676
0.006577514111995697
0.006165400613099337
0.0058844974264502525
0.006400281097739935
0.006106704473495483
0.005699752829968929
0.0053056166507303715
0.0048738340847194195
0.0052971006371080875
0.004877214320003986
0.004161081742495298
0.00373784638941288
0.0035895309410989285
0.004394692834466696
0.004433967638760805
0.0045954277738928795
0.0037126014940440655
0.0038517112843692303
0.003461109008640051
0.002922786632552743
0.0029751118272542953
0.0036436563823372126
0.0028857875149697065
0.0027859250549227
0.00303941173478961
0.00308038922958076
0.0026622337754815817
0.0025373788084834814
0.002707173116505146
0.0030852421186864376
0.002558638108894229
0.0024744225665926933
0.0028243146371096373
0.0019162975950166583
0.003330076579004526
0.002228642115369439
0.001840206328779459
0.0016263822326436639
0.00239050411619246
0.002498391317203641
0.0026954396162182093
0.0020757955498993397
0.0018963521579280496
0.0013955255271866918
0.0017064257990568876
0.0013532359153032303
0.00206018821336329
0.0014635028783231974
0.0013621601974591613
0.0022172732278704643
0.0026968412566930056
0.004835732746869326
0.0019262901041656733
0.0019359755096957088
0.0014192279195412993
0.0020188980270177126
no squeeze
0.8644688725471497
0.23970715701580048
0.1524210125207901
0.12046302109956741
0.10484358668327332
0.09438071399927139
0.08828172832727432
0.09015748649835587
0.08039788901805878
0.07133881002664566
0.06912035495042801
0.0705195739865303
0.06306818872690201
0.06265800446271896
0.05643855035305023
0.058322589844465256
0.0585956871509552
0.056444235146045685
0.057165902107954025
0.05933840200304985
0.054397404193878174
0.05492052435874939
0.05315469205379486
0.0499831847846508
0.048763956874608994
0.05116545781493187
0.05256099998950958
0.05407719686627388
0.050418682396411896
0.048720087856054306
0.048694632947444916
0.04446951299905777
0.04753362014889717
0.04606073722243309
0.0421006977558136
0.0485973097383976
0.04717094078660011
0.04100226238369942
0.044719647616147995
0.04648274555802345
0.045975878834724426
0.04622555896639824
0.04842618852853775
0.043590206652879715
0.04589388146996498
0.04290521889925003
0.052646420896053314
0.04773178696632385
no squeeze
0.7939409613609314
0.2998614013195038
0.22633233666419983
0.15571431815624237
0.12631332874298096
0.10225872695446014
0.09265483170747757
0.09218177944421768
0.07739046961069107
0.07509949058294296
0.07144666463136673
0.066376693546772
0.06815876811742783
0.06369089335203171
0.054014261811971664
0.05008534714579582
0.04644674435257912
0.04096638411283493
0.05755044147372246
0.05545089766383171
0.04010030999779701
0.03763696923851967
0.03482990711927414
0.03400659188628197
0.034756653010845184
0.029519880190491676
0.027789555490016937
0.032583028078079224
0.026386434212327003
0.03569450229406357
0.028344107791781425
0.030361797660589218
0.044031962752342224
0.06330535560846329
0.02834710292518139
0.026339545845985413
0.02073519490659237
0.019593628123402596
0.021523095667362213
0.024367766454815865
0.01870446465909481
0.02185121551156044
0.017219239845871925
0.015218107961118221
0.014169237576425076
0.01415710337460041
0.012894837185740471
0.012605294585227966
0.013728052377700806
0.027909409254789352
0.013598852790892124
0.012603972107172012
0.012284455820918083
0.012819257564842701
0.012888061814010143
0.012058292515575886
0.01191084273159504
0.011315396055579185
0.014397557824850082
0.011684853583574295
0.01361751276999712
0.009804883040487766
0.013025767169892788
0.011207514442503452
0.011771176941692829
0.00787109974771738
0.007292871363461018
0.008047538809478283
0.008763039484620094
0.007974222302436829
0.006268762052059174
0.008023214526474476
0.007862105965614319
0.005150774959474802
0.004703470040112734
0.006863696966320276
0.005819675046950579
0.0047674402594566345
0.005404436029493809
0.008259734138846397
0.007963301613926888
0.024119894951581955
0.013392799533903599
0.008780883625149727
0.006330767646431923
no squeeze
0.8901525735855103
0.40453413128852844
0.3109513521194458
0.2622581720352173
0.2216235250234604
0.19545383751392365
0.1703237146139145
0.15507109463214874
0.14855723083019257
0.13621225953102112
0.1310955137014389
0.12287149578332901
0.11751026660203934
0.11267450451850891
0.11341430246829987
0.10440394282341003
0.09938497096300125
0.09804948419332504
0.0971728041768074
0.0915277898311615
0.08919136971235275
0.08512742817401886
0.08333958685398102
0.0797102153301239
0.07562634348869324
0.08155572414398193
0.08339641243219376
0.07388322800397873
0.07500674575567245
0.06927815824747086
0.0690075233578682
0.07013126462697983
0.068671315908432
0.06691085547208786
0.06920713931322098
0.06715183705091476
0.06434771418571472
0.06849316507577896
0.06402286887168884
0.05962344631552696
0.061566248536109924
0.062025267630815506
0.05881689861416817
0.05960223451256752
0.05796128511428833
0.060241010040044785
0.05643141269683838
0.05530587583780289
0.05517735332250595
0.05704310163855553
0.05504336953163147
0.05411551892757416
0.05352744087576866
0.051866814494132996
0.053984303027391434
0.054606661200523376
0.050167012959718704
0.05084730684757233
0.0490163117647171
0.04843991994857788
0.04743387550115585
0.04777868837118149
0.05114811286330223
0.046768005937337875
0.0469057634472847
0.04612541198730469
0.044913411140441895
0.04609585180878639
0.0436876118183136
0.044179558753967285
0.04532581567764282
0.04626600071787834
0.04239235073328018
0.04484311491250992
0.043262675404548645
0.044694144278764725
0.041599441319704056
0.041308578103780746
0.04274957999587059
0.04137204959988594
0.04253555089235306
0.04039851576089859
0.040541768074035645
0.0393449030816555
0.039797261357307434
0.04263969883322716
0.03915456309914589
0.0403616689145565
0.03855428472161293
0.03957829996943474
0.037195369601249695
0.039016954600811005
0.03822196647524834
0.03773055598139763
0.03979327902197838
0.03757922351360321
0.037408340722322464
0.03879961743950844
0.0368097685277462
0.03604341670870781
0.0371602363884449
0.037536777555942535
0.037846390157938004
0.0368548147380352
0.03624158352613449
0.03572635352611542
0.03458750620484352
0.03599637746810913
0.03605825826525688
0.03572545200586319
0.03437306359410286
0.03388405963778496
0.03444686904549599
0.03480572998523712
0.032358646392822266
0.0353698767721653
0.0333874374628067
0.035041581839323044
0.033535897731781006
0.03515567258000374
0.03368048369884491
0.03505872189998627
0.03171830624341965
0.03313969448208809
0.03398406133055687
0.03375120088458061
0.03491220995783806
0.03349073603749275
0.032899223268032074
0.03253355994820595
0.03232947364449501
0.03320256993174553
0.033610545098781586
no squeeze
0.8020244240760803
0.2860926389694214
0.18760992586612701
0.14758194983005524
0.12673012912273407
0.11253479868173599
0.10159945487976074
0.0913790911436081
0.0868815928697586
0.08331529796123505
0.07524256408214569
0.07311554998159409
0.06626670062541962
0.06696827709674835
0.06512641161680222
0.05953656882047653
0.05911344662308693
0.056721433997154236
0.05263414606451988
0.05111408233642578
0.04724804684519768
0.052533019334077835
0.048576198518276215
0.04915130138397217
0.04602142423391342
0.044713668525218964
0.04442741721868515
0.04200718551874161
0.04383184388279915
0.04346470907330513
0.0395461842417717
0.03965575993061066
0.038096386939287186
0.040465451776981354
0.03944816440343857
0.034336790442466736
0.035472456365823746
0.03491314500570297
0.03529556840658188
0.037293147295713425
0.03376895561814308
0.03456733003258705
0.03507360443472862
0.031020641326904297
0.03337489813566208
0.03150084242224693
0.03179299458861351
0.029496867209672928
0.031034328043460846
0.030230525881052017
0.02911466173827648
0.02832013927400112
0.029402803629636765
0.03194200247526169
0.028219474479556084
0.027009468525648117
0.028731469064950943
0.029881075024604797
0.028555341064929962
0.02697080373764038
0.02518981695175171
0.02738136053085327
0.02801121026277542
0.026628967374563217
0.025709908455610275
0.024232713505625725
0.026924531906843185
0.02532091736793518
0.025766795501112938
0.0294038075953722
0.024179993197321892
0.025265609845519066
0.026216216385364532
0.025153106078505516
0.02313484251499176
0.022120220586657524
0.024262068793177605
0.02229553461074829
0.021069591864943504
0.021200040355324745
0.023556556552648544
0.021167878061532974
0.02111745998263359
0.02226436510682106
0.020590929314494133
0.02235213667154312
0.021211378276348114
0.02552540972828865
0.01881021074950695
0.022389911115169525
0.020759103819727898
0.021610183641314507
0.021118734031915665
0.021849695593118668
0.020005974918603897
0.020667459815740585
0.020048970356583595
0.020701434463262558
0.02070131152868271
no squeeze
0.6455727815628052
0.18444445729255676
0.12676379084587097
0.09832615405321121
0.09578961879014969
0.0945209190249443
0.08224524557590485
0.09796596318483353
0.08171097189188004
0.0875970795750618
0.07792294770479202
0.07272269576787949
0.06505604088306427
0.07125119864940643
0.06904590874910355
0.08200446516275406
0.06250708550214767
0.06490929424762726
0.06289007514715195
0.06891520321369171
0.08941581845283508
0.07219161838293076
0.06950030475854874
0.060241177678108215
0.06410569697618484
0.06668153405189514
0.06456531584262848
0.06470837444067001
0.06505037844181061
0.06401912868022919
0.059161532670259476
0.06291614472866058
0.062203556299209595
0.062386903911828995
0.06248944252729416
0.062275923788547516
0.061483681201934814
0.061277493834495544
0.06395554542541504
0.058776143938302994
0.06093515828251839
0.06838919222354889
0.05939982086420059
0.05773262679576874
0.07282639294862747
0.06001128628849983
0.0689697191119194
0.059806741774082184
0.06484448909759521
0.05780355632305145
0.06707435846328735
0.060342226177453995
0.056723110377788544
0.05702868476510048
0.05805187672376633
0.06595402210950851
0.06113690882921219
0.05948319286108017
0.060690730810165405
0.059016164392232895
0.06318088620901108
0.062224987894296646
0.057539619505405426
