no squeeze
7.274307727813721
2.1081221103668213
1.1092394590377808
0.5745425820350647
0.42382821440696716
0.23669302463531494
0.12810805439949036
0.07029538601636887
0.03069976158440113
0.018984712660312653
0.023292632773518562
0.015839261934161186
0.0172926876693964
0.014417351223528385
0.007382032927125692
0.0153410779312253
0.018498504534363747
0.004472996108233929
0.0028373466338962317
0.0029933766927570105
0.010742612183094025
0.0027358727529644966
0.0017576618120074272
0.0021603538189083338
0.004243831615895033
0.007349519524723291
0.0015856402460485697
0.0018451610812917352
0.0008051167824305594
0.0006438529235310853
0.0009429302881471813
0.0008759803604334593
0.0010199801763519645
0.004903932102024555
0.0008779694326221943
0.0016213413327932358
0.001007592654787004
0.02670743502676487
0.0010321622248739004
0.001346211414784193
no squeeze
8.36544418334961
2.7232391834259033
1.6652677059173584
1.207480788230896
0.8536162972450256
0.6792354583740234
0.5936471223831177
0.5112613439559937
0.5137324333190918
0.41640862822532654
0.5211341381072998
0.31814420223236084
0.3550022840499878
0.35569941997528076
0.277103990316391
0.36859917640686035
0.3289124071598053
0.36661478877067566
0.35463976860046387
0.2837105095386505
0.384750097990036
0.3363186717033386
0.3000132441520691
0.3320297598838806
0.275765061378479
0.26685476303100586
0.2898579239845276
0.26370835304260254
0.302552729845047
0.2621200680732727
0.21066972613334656
0.2741357684135437
0.2887115180492401
0.20679335296154022
0.23245425522327423
0.2465960830450058
0.1982969343662262
0.26723504066467285
0.23157423734664917
0.22749920189380646
0.2546752393245697
0.31727656722068787
0.23695378005504608
0.2609085738658905
0.2589808702468872
0.3013966679573059
0.2986607849597931
no squeeze
6.422390460968018
2.735975503921509
2.132754325866699
1.799201250076294
1.6662145853042603
1.1756256818771362
0.8092600107192993
0.7465929985046387
0.5505504608154297
0.514354407787323
0.45903104543685913
0.35996028780937195
0.4264483153820038
0.3375362753868103
0.2819283604621887
0.21317043900489807
0.21074067056179047
0.19959521293640137
0.2467389851808548
0.22762778401374817
0.4356563985347748
0.3966231942176819
0.3291822671890259
0.1022305116057396
0.11336474865674973
0.11004490405321121
0.07482127845287323
0.06991593539714813
0.0800706148147583
0.10698286443948746
0.06474292278289795
0.07269269227981567
0.08865787833929062
0.1310926079750061
0.0969657450914383
0.12725137174129486
0.056462276726961136
0.032357342541217804
0.035770315676927567
0.021452803164720535
0.049704913049936295
0.046068236231803894
0.0286867655813694
0.0396432988345623
0.02577267773449421
0.02123226784169674
0.013817410916090012
0.01576545275747776
0.07878193259239197
0.08328992128372192
0.11869952827692032
0.035041309893131256
0.047979921102523804
0.081699900329113
0.08466997742652893
0.02114233374595642
0.029338009655475616
no squeeze
8.523519515991211
3.5206830501556396
2.899597644805908
2.4778945446014404
2.3024556636810303
2.0311813354492188
1.7846479415893555
1.662082552909851
1.545027494430542
1.4225900173187256
1.3139406442642212
1.281138300895691
1.1681506633758545
1.0278087854385376
0.9852181077003479
0.9732164740562439
0.8541070222854614
0.8255355358123779
0.7602671980857849
0.7201637625694275
0.7509258389472961
0.6553606390953064
0.5896667242050171
0.5602613687515259
0.5538132190704346
0.5093207955360413
0.5207237601280212
0.4909908175468445
0.49889224767684937
0.4736895263195038
0.4363224506378174
0.42002859711647034
0.4161401689052582
0.4354689419269562
0.3708975315093994
0.37244027853012085
0.42119574546813965
0.33647316694259644
0.4292948246002197
0.33237648010253906
0.31768858432769775
0.31392455101013184
0.36633995175361633
0.29363077878952026
0.31618669629096985
0.2834243178367615
0.29516640305519104
0.3102346658706665
0.2892322838306427
0.2842632532119751
0.2870173156261444
0.26990488171577454
0.27102163434028625
0.24532389640808105
0.2351376712322235
0.2415575236082077
0.270405650138855
0.2601239085197449
0.2499464452266693
0.28276363015174866
0.25215670466423035
0.22843806445598602
0.22247369587421417
0.19125443696975708
0.23620623350143433
0.24641115963459015
0.22458413243293762
0.20034216344356537
0.18851497769355774
0.21085865795612335
0.19070790708065033
0.2240835726261139
0.21202847361564636
0.21488900482654572
0.22080136835575104
0.1899787038564682
0.21928903460502625
0.1932750642299652
0.20688822865486145
no squeeze
6.5923566818237305
2.430539608001709
1.7764261960983276
1.4825254678726196
1.2151542901992798
1.0349851846694946
0.943291187286377
0.8464487195014954
0.6916723251342773
0.6264951825141907
0.6207678914070129
0.5608776211738586
0.5090016722679138
0.5025619268417358
0.4551612138748169
0.44080084562301636
0.4355730414390564
0.3631792366504669
0.4246259331703186
0.3953673541545868
0.3374195098876953
0.3413638174533844
0.33187636733055115
0.30669185519218445
0.28930413722991943
0.30349013209342957
0.27879568934440613
0.28336378931999207
0.2878075838088989
0.2591269016265869
0.26732808351516724
0.23868989944458008
0.21232111752033234
0.23827716708183289
0.22393932938575745
0.19889958202838898
0.20571079850196838
0.21373502910137177
0.19817768037319183
0.21868327260017395
0.2169065773487091
0.19833330810070038
0.17318591475486755
0.17359308898448944
0.1784251183271408
0.2059369683265686
0.20639553666114807
0.1981646567583084
0.19221888482570648
0.18382035195827484
0.22501246631145477
0.17185132205486298
0.17671383917331696
0.13363522291183472
0.16215161979198456
0.18219679594039917
0.16527968645095825
0.17997333407402039
0.1662014275789261
0.17311885952949524
0.13992169499397278
0.1635681837797165
0.17704613506793976
0.17045080661773682
no squeeze
4.105846405029297
1.870788335800171
1.2920079231262207
0.7849530577659607
0.5779646039009094
0.5597127079963684
0.5291821360588074
0.620179295539856
0.6556503772735596
0.30747708678245544
0.8207398653030396
0.7413703799247742
0.32588332891464233
0.5719904899597168
1.1510125398635864
0.4517032504081726
0.8536927103996277
0.3087051510810852
0.32778996229171753
1.025722861289978
