no squeeze
43.92937469482422
9.769427299499512
5.180929660797119
3.0032105445861816
2.0457029342651367
2.019613265991211
1.5507750511169434
1.0818473100662231
0.9663394093513489
0.6674252152442932
0.4833570122718811
0.7548835277557373
0.41800278425216675
0.4143533706665039
0.28970593214035034
0.5474632382392883
0.5958172082901001
0.2874577045440674
0.4058421552181244
0.2937972843647003
0.23732024431228638
0.0738353431224823
0.47314754128456116
0.25005823373794556
0.15066401660442352
0.5345595479011536
0.2589605748653412
0.5615826845169067
0.13431110978126526
0.1024777889251709
0.12035055458545685
0.2228175550699234
no squeeze
50.6885986328125
15.270000457763672
9.011509895324707
6.671745777130127
5.824827671051025
4.645563125610352
3.4912378787994385
3.129448175430298
3.658296585083008
3.2890889644622803
4.727533340454102
2.882976770401001
3.286717653274536
2.512949228286743
3.2282705307006836
2.0721535682678223
2.1466407775878906
2.9470975399017334
3.4522705078125
2.72031831741333
2.141547679901123
2.316096067428589
2.7397360801696777
2.284437894821167
2.4611668586730957
2.3727457523345947
no squeeze
56.059024810791016
20.202898025512695
12.627063751220703
9.411661148071289
7.280865669250488
6.73480224609375
6.096853256225586
5.447902679443359
4.021727085113525
5.428936958312988
7.1889190673828125
4.555680274963379
4.058434963226318
5.0703043937683105
3.3207180500030518
2.55233097076416
3.748678684234619
3.6953470706939697
3.4782474040985107
5.276961803436279
3.20920729637146
2.6689233779907227
2.1331770420074463
4.103453636169434
2.499595880508423
2.1630067825317383
1.9432121515274048
3.7275564670562744
1.6495357751846313
2.153355121612549
2.756267786026001
3.3470566272735596
1.637760043144226
1.4338889122009277
1.5026733875274658
1.108767032623291
2.2296557426452637
2.592041492462158
2.707669258117676
1.9992772340774536
2.2877609729766846
3.2013967037200928
0.99738609790802
0.9662719368934631
1.202547550201416
1.7172285318374634
1.3051893711090088
1.3343383073806763
1.5046756267547607
4.477347373962402
4.303603172302246
2.482988119125366
1.400376796722412
0.8342168927192688
1.8323097229003906
1.4084068536758423
0.6113463044166565
0.6643828749656677
0.4511375427246094
0.8386983275413513
0.7701192498207092
0.8645516633987427
0.8205800652503967
0.7669433951377869
0.9513029456138611
0.5495766401290894
1.5430033206939697
1.0382004976272583
1.5284433364868164
no squeeze
55.01908874511719
20.533329010009766
15.935932159423828
13.331603050231934
11.806306838989258
9.800294876098633
8.848775863647461
7.528400421142578
6.6512980461120605
6.01704740524292
5.657886505126953
5.295257568359375
4.695364952087402
4.223583698272705
4.09505033493042
3.7947680950164795
4.224701881408691
3.4903366565704346
3.3699710369110107
3.235652208328247
3.206918239593506
3.0422098636627197
2.8094985485076904
2.8845911026000977
2.9480700492858887
2.5695793628692627
2.637373208999634
2.590485095977783
2.2348721027374268
2.787989616394043
2.5324337482452393
2.4276626110076904
2.3692026138305664
2.287876605987549
2.3087737560272217
2.4649405479431152
2.2179787158966064
2.4891951084136963
2.210946798324585
2.0839931964874268
1.9148844480514526
1.987492561340332
2.0824480056762695
1.9221221208572388
1.8630015850067139
1.9270312786102295
1.9029182195663452
1.813593864440918
1.9644930362701416
1.862954020500183
1.9167605638504028
1.9572902917861938
1.8307350873947144
1.6658055782318115
1.880058765411377
1.7332664728164673
1.9049186706542969
1.746579647064209
1.7454136610031128
1.5548521280288696
1.5956059694290161
1.5495681762695312
1.6508170366287231
1.5967087745666504
1.3971467018127441
1.563767910003662
1.3790229558944702
1.530367136001587
1.3407130241394043
1.3733476400375366
1.4288700819015503
1.500549554824829
1.1768535375595093
1.5745716094970703
1.2388020753860474
1.5976448059082031
1.3132309913635254
1.227412462234497
1.2422541379928589
1.3145902156829834
1.491665005683899
1.3495832681655884
1.1921724081039429
no squeeze
45.72938919067383
16.03285026550293
11.336362838745117
8.780533790588379
7.155140399932861
6.3957695960998535
5.497784614562988
4.643798351287842
4.1106462478637695
4.098102569580078
3.6365020275115967
3.6620266437530518
3.2462997436523438
3.1473658084869385
2.867494821548462
2.685875177383423
2.794936418533325
2.3998498916625977
2.3271517753601074
2.331376075744629
2.2995474338531494
2.7499277591705322
2.038726329803467
1.938576579093933
2.277848958969116
2.330782175064087
2.018705368041992
2.043787717819214
1.7375940084457397
1.7240794897079468
1.5740764141082764
1.7855807542800903
1.7258944511413574
1.7530122995376587
1.8634942770004272
1.6963491439819336
1.929936408996582
1.6386067867279053
1.7608821392059326
1.7258259057998657
1.4727214574813843
1.4367914199829102
1.6525161266326904
1.7558079957962036
1.7703930139541626
1.496275544166565
1.5499610900878906
1.2846988439559937
1.372909665107727
1.4231350421905518
1.4181876182556152
1.2086207866668701
1.2235255241394043
1.3812944889068604
1.4018012285232544
1.1765849590301514
1.1756978034973145
1.2742630243301392
1.3581591844558716
1.2703592777252197
1.476863145828247
1.0850011110305786
1.2588109970092773
1.1431865692138672
0.9604420065879822
1.0229343175888062
1.0695836544036865
1.1720446348190308
1.0514134168624878
1.0711922645568848
0.9953623414039612
0.996105432510376
1.3725383281707764
1.364685297012329
1.042865514755249
no squeeze
42.732547760009766
11.218381881713867
5.9456915855407715
6.6016998291015625
5.426054954528809
4.3350934982299805
6.447759628295898
3.6104676723480225
2.922278881072998
5.711588382720947
3.9986977577209473
3.5769951343536377
5.926331996917725
3.1749989986419678
5.135810852050781
4.677246570587158
4.171564102172852
2.952225923538208
3.890225410461426
