no squeeze
14.821081161499023
4.307291507720947
2.3926291465759277
1.4279981851577759
1.208993673324585
1.012446403503418
0.7978053092956543
0.7495276927947998
0.5847698450088501
0.7047140598297119
0.5124354362487793
0.5542799234390259
0.5664075613021851
0.4221450984477997
0.638698160648346
0.6647825241088867
0.5108682513237
0.518403947353363
0.43548384308815
0.4068032503128052
0.5328417420387268
0.445202112197876
0.44456496834754944
0.44088825583457947
0.4412219524383545
0.46377643942832947
0.4379359185695648
0.4453265070915222
0.3583880066871643
0.4045937955379486
0.544553816318512
0.4344943165779114
0.37343233823776245
0.3377067744731903
0.3979247212409973
0.44883450865745544
0.3377445340156555
0.42375871539115906
0.3403058350086212
0.29999595880508423
0.40411221981048584
0.2685445547103882
0.3745358884334564
0.3615959584712982
0.39918309450149536
0.5145829916000366
0.3450184464454651
0.4686742126941681
0.357850581407547
0.327905535697937
0.4124281108379364
0.34250354766845703
no squeeze
13.441431999206543
3.691054344177246
1.7673026323318481
1.0907790660858154
0.6872624158859253
0.5368948578834534
0.3510817289352417
0.260125070810318
0.24068649113178253
0.165598064661026
0.21546633541584015
0.1951301246881485
0.29961687326431274
0.18705548346042633
0.13724881410598755
0.06799151003360748
0.08333681523799896
0.047849539667367935
0.09358992427587509
0.11968947947025299
0.06930752843618393
0.04075434431433678
0.05081120878458023
0.0323062539100647
0.05285908281803131
0.05640503764152527
0.029499109834432602
0.0212700217962265
0.030193548649549484
0.03900517523288727
0.09079533815383911
0.05502578243613243
0.046866077929735184
0.04920043423771858
0.0628163143992424
0.0814787968993187
0.09185480326414108
0.04694288223981857
no squeeze
13.494789123535156
6.538827419281006
3.8088536262512207
2.6130380630493164
1.937126874923706
1.617408037185669
1.2645217180252075
1.2696925401687622
0.9564501047134399
0.7755506634712219
0.8543582558631897
0.6245356202125549
0.5365997552871704
0.7753430008888245
0.6137743592262268
0.5091304183006287
0.3239419460296631
0.42727917432785034
0.33848080039024353
0.2559261918067932
0.3098376989364624
0.4452551305294037
0.333437979221344
0.2357085645198822
0.28123459219932556
0.2714627683162689
0.3703460097312927
0.2201332002878189
0.17676247656345367
0.16338953375816345
0.13074642419815063
0.16695648431777954
0.33600950241088867
0.22331973910331726
0.13648051023483276
0.11010801792144775
0.21228647232055664
0.25444185733795166
0.17174966633319855
0.258243590593338
0.11952749639749527
0.14928719401359558
0.16047994792461395
0.1253851354122162
0.2401147335767746
0.2791464030742645
no squeeze
15.606998443603516
7.128772258758545
5.458863258361816
4.454893589019775
3.580667018890381
3.0393171310424805
2.6147971153259277
2.394587516784668
2.1058080196380615
2.10589599609375
1.7860347032546997
1.5912455320358276
1.6151719093322754
1.416957139968872
1.3228267431259155
1.2688894271850586
1.3603453636169434
1.321271538734436
1.0625050067901611
1.0664825439453125
0.9906222820281982
0.9502077698707581
1.012778401374817
0.9721355438232422
0.9020304679870605
0.9543335437774658
0.8803558349609375
0.8489105701446533
0.8822663426399231
0.7587534785270691
0.6744821071624756
0.7974381446838379
0.6368798613548279
0.6560249924659729
0.5927931666374207
0.73052978515625
0.6809163093566895
0.6031269431114197
0.5991974472999573
0.6110281348228455
0.5770070552825928
0.6234240531921387
0.5371014475822449
0.5530414581298828
0.6154360771179199
0.5695233345031738
0.5202233195304871
0.5276528596878052
0.5223574042320251
0.5561157464981079
0.4825729727745056
0.4847106337547302
0.5476255416870117
0.42313992977142334
0.502620279788971
0.46288424730300903
0.5774781107902527
0.4694855809211731
0.5035712122917175
0.4392767548561096
0.40000277757644653
0.42472466826438904
0.39189231395721436
0.405010849237442
0.35305190086364746
0.3794151246547699
0.3977634310722351
0.5397679805755615
0.3733007609844208
0.3949868381023407
0.3071518540382385
0.3890192210674286
0.3960784673690796
0.4126993715763092
0.33689993619918823
0.4789430797100067
0.31574636697769165
0.3127427399158478
0.33488592505455017
0.35220807790756226
0.30902302265167236
no squeeze
14.96741008758545
6.1709885597229
4.177699565887451
3.117220401763916
2.550947666168213
2.018449544906616
1.7764081954956055
1.6190780401229858
1.367027759552002
1.2852460145950317
1.3596298694610596
1.1717997789382935
1.1056259870529175
1.0322612524032593
0.9930550456047058
0.9074189066886902
0.8849393129348755
0.840906023979187
0.8017658591270447
0.7352293133735657
0.8155712485313416
0.7755597829818726
0.8654224276542664
0.6765859723091125
0.7423651814460754
0.6758806109428406
0.7037956714630127
0.6487951874732971
0.7525520324707031
0.5874024629592896
0.542473316192627
0.5668946504592896
0.5611292719841003
0.5064014792442322
0.4858333468437195
0.6124500632286072
0.5212036967277527
0.5733642578125
0.6328199505805969
0.5123547315597534
0.5272645950317383
0.5932146310806274
0.4629584848880768
0.43097740411758423
0.5045872330665588
0.49101781845092773
0.4139063358306885
0.425115168094635
0.5342764854431152
0.4491286277770996
0.39737725257873535
0.405522882938385
0.529522716999054
0.4487653970718384
0.39610612392425537
0.4149625599384308
0.3856179118156433
0.3718695640563965
0.46528223156929016
0.4052363932132721
0.37529146671295166
0.42365434765815735
0.3997552692890167
0.357660174369812
0.34891968965530396
0.38749873638153076
0.40542861819267273
0.3980324864387512
0.3730938136577606
0.40504270792007446
0.35404911637306213
0.34085461497306824
0.35952553153038025
0.3246934115886688
0.34029728174209595
0.33176925778388977
0.32086169719696045
0.3797380030155182
0.3143329322338104
0.27810853719711304
0.33051493763923645
0.33656254410743713
0.287795752286911
0.27627962827682495
0.3003998398780823
0.2774900794029236
0.3268266022205353
0.2639337480068207
0.35205644369125366
0.32968777418136597
0.3153987526893616
0.26064324378967285
0.3419308364391327
0.34294912219047546
0.27521848678588867
0.37814927101135254
0.2564484179019928
0.2947368323802948
0.24470148980617523
0.26420655846595764
0.30451953411102295
0.2688741683959961
0.23731866478919983
0.30201396346092224
0.23927119374275208
0.2323666363954544
0.24878953397274017
0.28203049302101135
0.21898691356182098
0.20536711812019348
0.24482689797878265
0.2299831658601761
0.2972623109817505
0.24984408915042877
0.23097892105579376
0.23795199394226074
0.23344072699546814
0.2755618691444397
0.2178322672843933
0.22792984545230865
no squeeze
13.263701438903809
3.2589190006256104
2.5150339603424072
1.547037124633789
1.1800692081451416
1.3987972736358643
1.6671124696731567
1.3101404905319214
1.7536424398422241
1.3506319522857666
1.6110366582870483
1.5022127628326416
1.6208224296569824
1.6997220516204834
0.8043701648712158
1.1627603769302368
1.2949804067611694
1.0711009502410889
1.170074701309204
1.695209264755249
0.913411021232605
1.0767515897750854
1.1660077571868896
1.9256155490875244
1.2358258962631226
