no squeeze
1516.1475830078125
1120.5164794921875
1009.3276977539062
593.0911865234375
504.28326416015625
283.649658203125
254.5181427001953
191.38772583007812
181.0734405517578
149.84034729003906
143.25701904296875
121.173095703125
116.26947021484375
99.20446014404297
95.29563903808594
81.59327697753906
78.36615753173828
67.00836181640625
64.32518005371094
54.88507080078125
52.63060760498047
44.710960388183594
42.83686828613281
36.1778564453125
34.63974380493164
29.220640182495117
27.932626724243164
23.489606857299805
22.44811248779297
18.86751937866211
18.030338287353516
15.156060218811035
14.512918472290039
12.29655647277832
11.793545722961426
10.085174560546875
9.699845314025879
8.393438339233398
8.099056243896484
7.119090557098389
6.898734092712402
6.147935390472412
5.984410762786865
5.436831951141357
5.312986850738525
4.9041571617126465
4.811941146850586
4.510138988494873
4.439146518707275
4.204828262329102
4.153961181640625
3.9824037551879883
3.9435393810272217
3.8125710487365723
3.7837953567504883
3.685297966003418
3.660149097442627
3.583261489868164
3.56783390045166
3.503880500793457
3.4899537563323975
3.442502975463867
3.4309866428375244
3.3916122913360596
3.381666660308838
3.351686477661133
3.3423850536346436
3.315544843673706
3.307213068008423
3.2826712131500244
3.2809581756591797
3.2594785690307617
3.2527029514312744
3.235783815383911
3.230090379714966
3.2137181758880615
3.2097182273864746
3.1957898139953613
3.1949315071105957
3.1799709796905518
3.178025722503662
3.160881996154785
3.156874179840088
3.14627742767334
3.143709182739258
3.130488872528076
3.1272573471069336
3.1176350116729736
3.1130740642547607
3.1031274795532227
3.099215507507324
3.090425491333008
3.087465763092041
3.0793135166168213
3.075681447982788
3.0656814575195312
3.0643506050109863
3.0551154613494873
3.0532844066619873
3.04441499710083
3.0430867671966553
3.0344550609588623
3.031205415725708
3.0226776599884033
3.0206384658813477
3.012404680252075
3.0113484859466553
3.0036542415618896
3.0012552738189697
2.994096517562866
2.9909098148345947
2.9877054691314697
2.984452724456787
2.981630563735962
2.978712797164917
2.969658374786377
2.9679861068725586
2.96528959274292
2.9624040126800537
2.957156181335449
2.9541304111480713
2.948869466781616
2.9458529949188232
2.9412753582000732
2.9425101280212402
2.9364657402038574
2.934720039367676
2.9303677082061768
2.9278323650360107
2.9225070476531982
2.921051263809204
2.9180493354797363
2.9194517135620117
2.9137210845947266
2.9110491275787354
2.908322334289551
2.9065921306610107
2.9088311195373535
2.9053196907043457
2.898970603942871
2.8982601165771484
2.8969361782073975
2.895082950592041
2.892698287963867
2.8907461166381836
2.8902792930603027
2.8873982429504395
2.8865408897399902
2.8845133781433105
2.8829727172851562
2.881916046142578
2.880542278289795
2.87758731842041
2.8771896362304688
2.876507043838501
2.87479305267334
2.874957799911499
2.873128890991211
2.873840808868408
2.8727405071258545
2.869624614715576
2.8701701164245605
2.8683454990386963
2.8653948307037354
2.866678237915039
2.8649494647979736
2.864804744720459
2.8678183555603027
2.8655214309692383
2.862457513809204
2.863494634628296
2.8619916439056396
2.8614020347595215
2.8607583045959473
2.861927032470703
2.8598039150238037
2.8618602752685547
2.85939884185791
2.8602778911590576
2.8582301139831543
2.8591537475585938
2.8600258827209473
no squeeze
1509.43603515625
1028.8221435546875
906.6233520507812
517.9203491210938
452.3619689941406
322.7572021484375
308.49554443359375
275.2722473144531
269.42193603515625
251.05569458007812
247.0721435546875
233.5591278076172
230.4691619873047
219.81637573242188
217.3011932373047
208.55699157714844
206.5063018798828
199.33201599121094
197.572265625
191.42018127441406
189.9523468017578
184.6577911376953
183.44358825683594
178.96510314941406
177.8709716796875
173.95863342285156
173.01956176757812
169.63742065429688
168.7987060546875
165.83538818359375
165.15728759765625
162.6316680908203
162.025146484375
159.8329315185547
159.31968688964844
157.46060180664062
157.00039672851562
155.4586944580078
155.06980895996094
153.7806396484375
153.4452667236328
152.32508850097656
152.07904052734375
151.22659301757812
151.00164794921875
150.24075317382812
150.0743408203125
149.48867797851562
149.32594299316406
148.90036010742188
148.74403381347656
148.33799743652344
148.232177734375
147.9339141845703
147.826904296875
147.55197143554688
147.49624633789062
147.28968811035156
147.2421417236328
147.07957458496094
147.03529357910156
146.85971069335938
146.82781982421875
146.76278686523438
146.71881103515625
146.61660766601562
146.5919952392578
146.4398956298828
146.4605255126953
146.4097442626953
146.3872833251953
146.31040954589844
146.26763916015625
146.21566772460938
146.2105255126953
146.16116333007812
146.14779663085938
146.10768127441406
146.104736328125
146.1040802001953
146.09632873535156
146.02769470214844
145.9892578125
146.03050231933594
145.9843292236328
146.00340270996094
145.9976348876953
145.9525604248047
145.91603088378906
145.94638061523438
145.89051818847656
145.87904357910156
145.85459899902344
145.84959411621094
145.83819580078125
145.82395935058594
145.81173706054688
145.83926391601562
145.84228515625
145.7597198486328
145.7435302734375
145.82298278808594
145.77066040039062
145.78323364257812
no squeeze
1520.0406494140625
1278.8858642578125
1206.7091064453125
901.7740478515625
824.2339477539062
577.072021484375
530.6610717773438
399.35418701171875
374.8339538574219
303.1005554199219
289.0751953125
246.13063049316406
237.1244354248047
208.06124877929688
201.7839813232422
180.62181091308594
175.63938903808594
158.49298095703125
154.67750549316406
140.97523498535156
137.51177978515625
125.24017333984375
122.21353912353516
111.16976928710938
108.55158996582031
98.75688934326172
96.33727264404297
87.33092498779297
85.08019256591797
76.64124298095703
74.64913940429688
67.27098846435547
65.43221282958984
58.63447952270508
56.9878044128418
51.009796142578125
49.54143524169922
44.221858978271484
42.929386138916016
38.29502487182617
37.2062873840332
33.3375244140625
32.358612060546875
28.863557815551758
28.076215744018555
25.29979705810547
24.59143829345703
22.1041316986084
21.5413875579834
19.542802810668945
19.06606674194336
17.351276397705078
16.956695556640625
15.528461456298828
15.185802459716797
13.953153610229492
13.667085647583008
12.649947166442871
12.395936965942383
11.523794174194336
11.302543640136719
10.524239540100098
10.339447021484375
9.67790699005127
9.523283004760742
8.951704978942871
8.811832427978516
8.32000732421875
8.195629119873047
7.741497993469238
7.632143497467041
7.247923374176025
7.146695137023926
6.793350696563721
6.710360527038574
6.412687301635742
6.3366618156433105
6.0522565841674805
5.984607696533203
5.7522501945495605
5.686915874481201
5.445062160491943
5.398478031158447
5.212833881378174
5.162485122680664
5.0007853507995605
4.951301097869873
4.781425952911377
4.744462013244629
4.601211071014404
4.565008163452148
4.426008224487305
4.3970627784729
4.28914737701416
4.25812292098999
4.146216869354248
4.123435020446777
4.030311107635498
4.003380298614502
3.9125006198883057
3.8897640705108643
3.810615062713623
3.789309024810791
3.7153830528259277
3.6968941688537598
3.6300814151763916
3.6131160259246826
3.5532538890838623
3.536478042602539
3.4801666736602783
3.4645678997039795
3.4080770015716553
3.3942768573760986
3.3453285694122314
3.331733226776123
3.2843077182769775
3.2729058265686035
3.23716402053833
3.221123456954956
3.179170846939087
3.1685101985931396
3.136483907699585
3.125093698501587
3.086855888366699
3.075645685195923
3.0405147075653076
3.0342085361480713
3.0036697387695312
2.997424840927124
2.967536449432373
2.9610238075256348
2.936337947845459
2.9285507202148438
2.9038500785827637
2.8965518474578857
2.870882272720337
2.8640503883361816
2.843830108642578
2.8370699882507324
2.8171136379241943
2.810927629470825
2.7897531986236572
2.783452033996582
2.7623419761657715
2.761953592300415
2.7421231269836426
2.7372114658355713
2.7213029861450195
2.7169156074523926
2.703913927078247
2.696254014968872
2.6812098026275635
2.675483226776123
2.6640748977661133
2.660026788711548
2.646493673324585
2.6426260471343994
2.6273093223571777
2.6260814666748047
2.6134140491485596
2.609165668487549
2.598098039627075
2.595989942550659
2.5861661434173584
2.583102226257324
2.573688507080078
2.571446180343628
2.5605380535125732
2.558654546737671
2.548309803009033
2.548733711242676
2.539320468902588
2.5399739742279053
2.529574155807495
2.526352643966675
2.5201475620269775
2.5175681114196777
2.5107598304748535
2.5066404342651367
2.501967430114746
2.499915838241577
2.493009090423584
2.492635488510132
2.485809326171875
2.485168933868408
2.4791111946105957
2.479508638381958
2.47537899017334
2.4729180335998535
2.467175245285034
2.4676132202148438
2.4609813690185547
2.4595787525177
2.4560976028442383
2.4546947479248047
2.450613498687744
2.4507102966308594
2.4450645446777344
2.445611000061035
2.4427895545959473
no squeeze
1524.56201171875
1384.8472900390625
1334.63671875
1071.94580078125
991.4924926757812
696.740234375
637.068603515625
484.9393615722656
460.5942687988281
393.7608947753906
381.2937316894531
343.4051208496094
335.59014892578125
310.7091979980469
305.4136657714844
287.9619445800781
284.0709228515625
271.18670654296875
268.2483825683594
258.2378845214844
255.9159393310547
247.86741638183594
245.96946716308594
239.27255249023438
237.6465301513672
231.86932373046875
230.46836853027344
225.49537658691406
224.2265167236328
219.68856811523438
218.53150939941406
214.29776000976562
213.29139709472656
209.38778686523438
208.41049194335938
204.7263641357422
203.81004333496094
200.30015563964844
199.36744689941406
196.03680419921875
195.1282958984375
191.84503173828125
191.0271453857422
187.88201904296875
187.03787231445312
183.92477416992188
183.11819458007812
180.15924072265625
179.32321166992188
176.3722686767578
175.62893676757812
172.73202514648438
172.01361083984375
169.1545867919922
168.41488647460938
165.77708435058594
164.99395751953125
162.3423614501953
161.64804077148438
159.11090087890625
158.4752197265625
156.0313262939453
155.38848876953125
153.0693817138672
152.4271240234375
150.15354919433594
149.6571044921875
147.54042053222656
146.9652557373047
144.95130920410156
144.44383239746094
142.5077667236328
142.0302734375
140.2671661376953
139.81088256835938
138.20065307617188
137.75465393066406
136.10646057128906
135.7172393798828
134.30361938476562
133.89231872558594
132.4732208251953
132.12510681152344
130.85935974121094
130.4981689453125
129.4242401123047
129.0511932373047
127.93763732910156
127.59870910644531
126.57025146484375
126.3124771118164
125.36102294921875
125.11747741699219
124.24388885498047
124.01024627685547
123.20915222167969
123.016357421875
122.25743103027344
122.05572509765625
121.37580871582031
121.18501281738281
120.5650863647461
120.38092041015625
119.79328918457031
119.64909362792969
119.11656951904297
119.02014923095703
118.49388885498047
118.37044525146484
117.93173217773438
117.79914855957031
117.39241027832031
117.26763153076172
116.84400177001953
116.74760437011719
116.39198303222656
116.30223846435547
115.98085021972656
115.8724365234375
115.57797241210938
115.49507904052734
115.2096939086914
115.10299682617188
114.84783172607422
114.72512817382812
114.46021270751953
114.37942504882812
114.13336944580078
114.0638427734375
113.87067413330078
113.76282501220703
113.57571411132812
113.48546600341797
113.2594985961914
113.20226287841797
113.06578826904297
112.97830963134766
112.81820678710938
112.72265625
112.53641510009766
112.46919250488281
112.31676483154297
112.23753356933594
112.09112548828125
112.02356719970703
111.89705657958984
111.84198760986328
111.70950317382812
111.62171173095703
111.5023193359375
111.48810577392578
111.31999206542969
111.26487731933594
111.15113830566406
111.101806640625
110.99543762207031
110.93995666503906
110.79781341552734
110.74889373779297
110.6800308227539
110.61163330078125
110.47845458984375
110.44216918945312
110.370849609375
110.3326416015625
110.17853546142578
110.16532897949219
110.10357666015625
110.03651428222656
109.89337921142578
109.89311218261719
109.88275909423828
109.80746459960938
109.68357849121094
109.64447784423828
109.59323120117188
109.55579376220703
109.46636199951172
109.4540023803711
109.359130859375
109.30567932128906
109.22698211669922
109.23108673095703
109.1314926147461
109.09809875488281
109.02694702148438
109.0527114868164
109.00990295410156
108.90518188476562
108.8672866821289
108.82090759277344
108.76702117919922
108.71038055419922
108.61758422851562
108.61864471435547
108.61846923828125
no squeeze
1512.24462890625
1233.272216796875
1153.2611083984375
826.169677734375
744.6968994140625
491.6786193847656
447.8516540527344
348.2518615722656
333.7697448730469
295.60552978515625
288.3124694824219
265.4437255859375
260.554931640625
244.16493225097656
240.44091796875
227.673828125
224.7211151123047
214.43516540527344
212.00582885742188
203.51026916503906
201.48716735839844
194.3163604736328
192.6229248046875
186.5147247314453
185.0412139892578
179.73883056640625
178.4947509765625
173.91529846191406
172.79856872558594
168.74034118652344
167.74000549316406
164.1636962890625
163.26853942871094
160.08143615722656
159.3005828857422
156.43153381347656
155.72677612304688
153.12210083007812
152.50469970703125
150.19671630859375
149.6170196533203
147.53443908691406
147.0177001953125
145.1213836669922
144.6836700439453
142.9783172607422
142.5845184326172
141.05848693847656
140.7065887451172
139.36805725097656
139.0424346923828
137.8517608642578
137.52896118164062
136.4540557861328
136.1783905029297
135.1792755126953
134.95387268066406
134.108642578125
133.8863067626953
133.0854949951172
132.90420532226562
132.2090301513672
132.01409912109375
131.3932342529297
131.24583435058594
130.69618225097656
130.52359008789062
130.00279235839844
129.89825439453125
129.4195098876953
129.3187713623047
128.90907287597656
128.80502319335938
128.45545959472656
128.32467651367188
127.98332214355469
127.89646911621094
127.61465454101562
127.5077133178711
127.22982025146484
127.1597900390625
126.92652893066406
126.84415435791016
126.6026382446289
126.52104949951172
126.30675506591797
126.27571868896484
126.0484848022461
126.01995086669922
125.9202651977539
125.81167602539062
125.63907623291016
125.58238983154297
125.44102478027344
125.386962890625
125.20956420898438
125.21377563476562
125.08025360107422
125.03463745117188
124.91122436523438
124.88197326660156
124.76616668701172
124.73631286621094
124.61307525634766
124.59288787841797
124.50249481201172
124.44990539550781
124.33847045898438
124.33281707763672
124.28841400146484
124.2281723022461
124.18460845947266
124.1415786743164
124.0562744140625
124.02106475830078
123.96061706542969
123.93431854248047
123.85298156738281
123.82141876220703
123.84394073486328
123.78888702392578
123.6625747680664
123.63240814208984
123.61127471923828
123.59500885009766
123.53385162353516
123.50572204589844
123.497314453125
123.43125915527344
123.38719940185547
123.39604949951172
123.32645416259766
123.34867095947266
123.25662994384766
123.26788330078125
123.25753021240234
no squeeze
1487.5782470703125
686.1571655273438
554.8431396484375
324.6734924316406
307.25555419921875
279.9106140136719
276.8103942871094
269.3048400878906
268.0091247558594
264.42724609375
263.7438659667969
261.8590087890625
261.4134521484375
260.2388610839844
260.1207275390625
259.27960205078125
259.0965270996094
258.61859130859375
258.56304931640625
258.2457275390625
258.2933349609375
258.027587890625
258.02435302734375
257.9319152832031
257.8480529785156
257.73651123046875
257.7443542480469
257.8941650390625
