no squeeze
3.3034932613372803
0.17151622474193573
0.10539539158344269
0.0238329004496336
0.01809232123196125
0.00825490616261959
0.0071164523251354694
0.00482121342793107
0.0045020729303359985
0.0038480390794575214
0.0037611722946166992
0.0034528509713709354
0.003405341412872076
0.0032560317777097225
0.00323753640986979
0.003138090018182993
0.0031191499438136816
0.0030705886892974377
0.0030601476319134235
0.0030303900130093098
0.0030310978181660175
0.0029987171292304993
0.0029944698326289654
0.0029851871076971292
0.0029723194893449545
0.0029601433780044317
0.002968510380014777
0.002958976663649082
0.002959465840831399
0.002950427820906043
0.002956187352538109
0.0029564080759882927
no squeeze
3.1864430904388428
0.30447062849998474
0.26558560132980347
0.23068636655807495
0.22841139137744904
0.22665320336818695
0.22655348479747772
0.22745290398597717
0.2276293784379959
0.22704528272151947
no squeeze
3.7451775074005127
0.2836454510688782
0.19024935364723206
0.073186494410038
0.06278309971094131
0.03956391662359238
0.036268774420022964
0.02728923223912716
0.025364939123392105
0.01993812434375286
0.018978459760546684
0.01554330624639988
0.014817047864198685
0.012519114650785923
0.012003621086478233
0.01041044294834137
0.010076156817376614
0.00901653990149498
0.008741741068661213
0.007927476428449154
0.00776530709117651
0.00711712334305048
0.007033454719930887
0.006496439687907696
0.006387723609805107
0.006002930924296379
0.005914635024964809
0.005581788253039122
0.005494077689945698
0.005200408399105072
0.005147666670382023
0.004885732661932707
0.004845533054322004
0.004645820241421461
0.004600193817168474
0.00441766856238246
0.004370138049125671
0.0042272466234862804
0.00417855940759182
0.004053962882608175
0.004001271910965443
0.003893190296366811
0.003857166040688753
0.003756364807486534
0.003741547930985689
0.0036296139005571604
0.0036285221576690674
0.0035601253621280193
0.0035390835255384445
0.0034761521965265274
0.0034457859583199024
0.0033983681350946426
0.003384864889085293
0.0033254383597522974
0.0033128319773823023
0.0032754610292613506
0.0032619016710668802
0.0032268627546727657
0.0032194836530834436
0.003175347112119198
0.0032116088550537825
0.0031456148717552423
0.003148691263049841
0.0031171233858913183
0.003123403526842594
0.0031123447697609663
0.0030784003902226686
0.003092344617471099
0.0030670815613120794
0.0030558654107153416
0.0030559683218598366
0.003032504115253687
0.0030538032297044992
0.003041146555915475
no squeeze
3.172671318054199
1.0296777486801147
0.8671866059303284
0.5910786986351013
0.5597483515739441
0.4769292175769806
0.4620504081249237
0.4197601079940796
0.40994197130203247
0.3819412589073181
0.37633296847343445
0.35656309127807617
0.35257792472839355
0.3363620936870575
0.3329946994781494
0.32046130299568176
0.31735295057296753
0.30728235840797424
0.3053401708602905
0.2963632047176361
0.29432493448257446
0.2874957025051117
0.28481853008270264
0.2787809371948242
0.27733534574508667
0.2716294229030609
0.2703838646411896
0.2646893560886383
0.26444917917251587
0.25951671600341797
0.2584022879600525
0.25400859117507935
0.25345566868782043
0.2493201345205307
0.24873656034469604
0.24480277299880981
0.24421563744544983
0.24106310307979584
0.24013672769069672
0.23745843768119812
0.23666775226593018
0.23345538973808289
0.2328539490699768
0.2299422025680542
0.22915330529212952
0.2268575131893158
0.22628754377365112
0.22333385050296783
0.22273662686347961
0.22008372843265533
0.21989701688289642
0.21770784258842468
0.21702691912651062
0.21489334106445312
0.21441900730133057
0.21255306899547577
0.21128126978874207
0.20954251289367676
0.20916861295700073
0.206998810172081
0.20684880018234253
0.2045697420835495
0.20363706350326538
0.2027154117822647
0.20199574530124664
0.19976097345352173
0.1991432011127472
0.19751280546188354
0.19758588075637817
0.19542382657527924
0.19474093616008759
0.19337144494056702
0.19284223020076752
0.19212043285369873
0.19123506546020508
0.19006262719631195
0.19001717865467072
0.18801970779895782
0.18721918761730194
0.18641133606433868
0.18676666915416718
0.18539826571941376
0.18492725491523743
0.18341852724552155
0.18382374942302704
0.18239720165729523
0.18264824151992798
0.1815454512834549
0.1814190298318863
0.1804940551519394
0.18074943125247955
0.17924852669239044
0.17971912026405334
0.1784861534833908
0.17849601805210114
0.1778254210948944
0.17777006328105927
0.1771291196346283
0.1767430603504181
0.17611484229564667
0.1762022227048874
0.1752370297908783
0.17596961557865143
0.17552123963832855
no squeeze
3.4407894611358643
0.5122143626213074
0.4270709156990051
0.30680051445961
0.2932412624359131
0.2620614469051361
0.25689536333084106
0.2430477887392044
0.24004869163036346
0.23194491863250732
0.2300654500722885
0.22454844415187836
0.22372981905937195
0.22009482979774475
0.21915152668952942
0.2158936858177185
0.21553996205329895
0.2135203778743744
0.2134145051240921
0.21031701564788818
0.2099779099225998
0.20845256745815277
0.2078537940979004
0.20698854327201843
0.20676584541797638
0.2056151032447815
0.2053646445274353
0.20408408343791962
0.20391078293323517
0.20361565053462982
0.20328721404075623
0.20250311493873596
0.20268578827381134
0.20166844129562378
0.20135322213172913
0.20090508460998535
0.2007298767566681
0.19986814260482788
0.20054249465465546
0.19933371245861053
0.19969870150089264
0.1991620659828186
0.19896627962589264
0.1990090161561966
0.1982453316450119
0.19869093596935272
0.1980782449245453
0.1973719745874405
0.19761396944522858
0.19710232317447662
0.19698800146579742
0.19763045012950897
0.19727596640586853
0.19668452441692352
0.1970343440771103
0.19691693782806396
no squeeze
2.6632649898529053
0.4075046479701996
0.38568252325057983
0.3660617172718048
0.36491861939430237
0.36570385098457336
0.3651658296585083
0.3646750748157501
0.3647936284542084
0.36455729603767395
0.3646273910999298
0.3655652701854706
