no squeeze
25.774980545043945
5.048402786254883
4.105386734008789
2.3140718936920166
2.1077828407287598
1.6877094507217407
1.6352061033248901
1.5238466262817383
1.5064201354980469
1.4669774770736694
1.4604183435440063
1.446058750152588
1.446057915687561
1.4353514909744263
1.4339027404785156
1.4297047853469849
1.4257957935333252
1.4250367879867554
1.4253501892089844
1.421346664428711
1.4216103553771973
1.4196163415908813
1.4205780029296875
1.4208124876022339
no squeeze
25.529865264892578
3.831531047821045
2.9907169342041016
1.4368362426757812
1.2445428371429443
0.8056748509407043
0.7409076690673828
0.5877783894538879
0.5639252662658691
0.5076903104782104
0.4983328878879547
0.4733203053474426
0.46865329146385193
0.4561852812767029
0.45249637961387634
0.4429839849472046
0.44131582975387573
0.4344470500946045
0.43332090973854065
0.4276576340198517
0.4268916845321655
0.42477947473526
0.42263874411582947
0.41992083191871643
0.41885727643966675
0.4177592992782593
0.41746070981025696
0.4161737561225891
0.416081964969635
0.41645145416259766
0.4156835377216339
0.41326865553855896
0.41456568241119385
0.4118291735649109
0.4117588996887207
0.41177594661712646
0.41143131256103516
0.41375067830085754
0.41426363587379456
0.41086772084236145
0.40994805097579956
0.40947070717811584
0.4091065526008606
0.4097357988357544
0.4100947976112366
0.4086807668209076
0.40985777974128723
0.40876564383506775
no squeeze
26.9420108795166
5.6159539222717285
4.27712345123291
2.1446783542633057
1.8774003982543945
1.2091693878173828
1.0926893949508667
0.7615650296211243
0.6998721361160278
0.5171164870262146
0.4812653660774231
0.3746638894081116
0.3535265326499939
0.2877458930015564
0.27419403195381165
0.23071232438087463
0.22101174294948578
0.19008001685142517
0.18340368568897247
0.161582350730896
0.1567341387271881
0.1402864009141922
0.13670596480369568
0.12456190586090088
0.12192857265472412
0.11283960193395615
0.11069204658269882
0.10303371399641037
0.1014242097735405
0.09605007618665695
0.09468214213848114
0.0898880735039711
0.08888932317495346
0.08509725332260132
0.08421654999256134
0.08126583695411682
0.08057692646980286
0.07790355384349823
0.07729441672563553
0.07526009529829025
0.07469247281551361
0.07301581650972366
0.07244197279214859
0.07085851579904556
0.07042260468006134
0.06920941174030304
0.06881892681121826
0.06761205941438675
0.06742558628320694
0.06639493256807327
0.06618676334619522
0.06521432846784592
0.06511515378952026
0.06441179662942886
0.06417216360569
0.06341855973005295
0.06334087997674942
0.06279831379652023
0.06258375942707062
0.0620221346616745
0.06194339320063591
0.06162219122052193
0.06147516518831253
0.060957618057727814
0.060838960111141205
0.06061520427465439
0.06052812933921814
0.06024399772286415
0.06008702889084816
0.05995028465986252
0.05995761603116989
0.05962647870182991
0.059569116681814194
0.05939066782593727
0.05941922217607498
0.059237752109766006
0.05913069471716881
0.05905885994434357
0.05893750116229057
0.05885682627558708
0.05882555618882179
0.05856826528906822
0.058576639741659164
0.05855417251586914
0.058552518486976624
0.05834033340215683
0.05832459777593613
0.05820242688059807
0.05834959074854851
0.058135025203228
0.05819769203662872
0.058187127113342285
no squeeze
27.727439880371094
15.830540657043457
13.617960929870605
8.565631866455078
7.877089500427246
6.131044864654541
5.829685211181641
4.98699426651001
4.815643787384033
4.300675392150879
4.18916654586792
3.8358218669891357
3.760258674621582
3.497501850128174
3.441758155822754
3.2380971908569336
3.1976654529571533
3.0380024909973145
2.997710704803467
2.869624376296997
2.8362200260162354
2.7281315326690674
2.7031924724578857
2.612682580947876
2.5877716541290283
2.5132343769073486
2.494199275970459
2.425021171569824
2.4061977863311768
2.3475120067596436
2.333277940750122
2.284240245819092
2.2680506706237793
2.224398612976074
2.2080976963043213
2.1683521270751953
2.161938190460205
2.121389150619507
2.112201452255249
2.0789661407470703
2.0742995738983154
2.038249969482422
2.0291383266448975
2.0021188259124756
1.9936565160751343
1.9731534719467163
1.9652835130691528
1.9407237768173218
1.932494878768921
1.9076799154281616
1.903719186782837
1.8799229860305786
1.874448299407959
1.8538715839385986
1.8482037782669067
1.8296810388565063
1.8231631517410278
1.8037432432174683
1.80332612991333
1.7839710712432861
1.7735439538955688
1.7545968294143677
1.7495712041854858
1.734581470489502
1.7310036420822144
1.7149951457977295
1.7123712301254272
1.6919169425964355
1.6856639385223389
1.669269323348999
1.6659367084503174
1.6497668027877808
1.6547309160232544
1.6308025121688843
1.6285884380340576
1.6154539585113525
1.613961100578308
1.6023380756378174
1.597196340560913
1.5827802419662476
1.5951907634735107
1.5824830532073975
1.5704821348190308
1.5528032779693604
1.5506988763809204
1.5377899408340454
1.5352638959884644
1.533171534538269
1.5222944021224976
1.514234185218811
1.5100806951522827
1.5001933574676514
1.4983775615692139
1.4936281442642212
1.4930167198181152
1.477063536643982
1.476436972618103
1.4656988382339478
1.4698762893676758
1.460059642791748
1.4550319910049438
1.4410064220428467
1.4469655752182007
1.4400346279144287
1.4361974000930786
1.4314229488372803
1.4289361238479614
1.4208706617355347
1.420433521270752
1.4116894006729126
1.410061001777649
1.4054243564605713
1.405428171157837
1.4018625020980835
1.401796817779541
1.3950237035751343
1.3946694135665894
1.3893729448318481
1.3871055841445923
1.3868792057037354
1.3819996118545532
1.386794924736023
1.3809876441955566
1.3765355348587036
1.3758426904678345
1.3714878559112549
1.3717061281204224
1.364509105682373
1.3794300556182861
1.3642070293426514
1.3604367971420288
1.3574854135513306
1.3619384765625
1.3488988876342773
1.350245714187622
1.3517861366271973
no squeeze
26.533273696899414
8.373339653015137
6.9608073234558105
3.965129852294922
3.5823919773101807
2.7396388053894043
2.610379695892334
2.2877700328826904
2.2304232120513916
2.072002410888672
2.040489912033081
1.9468351602554321
1.9257756471633911
1.8622214794158936
1.8473498821258545
1.7994614839553833
1.7888219356536865
1.751462459564209
1.7414335012435913
1.7149436473846436
1.7039328813552856
1.675854206085205
1.6695460081100464
1.6452633142471313
1.6413482427597046
1.620665192604065
1.6160720586776733
1.5983617305755615
1.59255850315094
1.5796107053756714
1.5722583532333374
1.5584349632263184
1.5542429685592651
1.5419560670852661
1.5419743061065674
1.5302579402923584
1.5260816812515259
1.5167665481567383
1.5098122358322144
1.4996205568313599
1.4961525201797485
1.486192226409912
1.484954833984375
1.4808846712112427
1.4739387035369873
1.4673000574111938
1.464424967765808
1.456483006477356
1.4551877975463867
1.452318787574768
1.4507441520690918
1.4432731866836548
1.4408377408981323
1.4359726905822754
1.4367852210998535
1.4316333532333374
1.4288287162780762
1.4291256666183472
1.4273136854171753
1.4192558526992798
1.4168035984039307
1.434333324432373
1.4207580089569092
1.4180749654769897
no squeeze
28.434368133544922
4.5287981033325195
4.2684197425842285
3.8499624729156494
3.8206441402435303
3.763833999633789
3.7546064853668213
3.7360000610351562
3.7331511974334717
3.7222630977630615
3.7178332805633545
3.7138009071350098
3.7141435146331787
3.7097067832946777
3.710045337677002
3.7192699909210205
