no squeeze
5.9701995849609375
0.4739150404930115
0.3232152760028839
0.09796855598688126
0.07905679196119308
0.047472450882196426
0.044503118842840195
0.03889874741435051
0.03817729651927948
0.036420632153749466
0.036122605204582214
0.03532659634947777
0.03526296094059944
0.03473178297281265
0.03479587286710739
0.034459568560123444
0.034420132637023926
0.034130681306123734
0.0341142937541008
0.033915817737579346
0.0339212566614151
0.03356572613120079
0.033584218472242355
0.03322942927479744
0.03329240158200264
0.033062923699617386
0.03300630673766136
0.032954778522253036
0.03287923336029053
0.03266851603984833
0.032776180654764175
0.032395556569099426
0.03240739181637764
0.032404299825429916
no squeeze
5.825873374938965
0.769107460975647
0.5610971450805664
0.21655602753162384
0.17692285776138306
0.09214642643928528
0.08000805974006653
0.052625853568315506
0.04877901449799538
0.04018934443593025
0.03901015594601631
0.036422885954380035
0.03602953255176544
0.0353475846350193
0.03516271337866783
0.03489166125655174
0.03488272428512573
0.03472466766834259
0.03474712744355202
0.03454050049185753
0.034580014646053314
0.03439485281705856
0.03445405885577202
0.03440803661942482
no squeeze
6.250275611877441
0.9457442760467529
0.7178704142570496
0.2944334149360657
0.240675151348114
0.11858605593442917
0.10189764946699142
0.062278904020786285
0.05654383823275566
0.04329485818743706
0.04120839759707451
0.036380864679813385
0.035594336688518524
0.03358999267220497
0.03317342698574066
0.03213933855295181
0.03195326775312424
0.03126493841409683
0.031075075268745422
0.03057772107422352
0.030646173283457756
0.030143657699227333
0.030176261439919472
0.029832873493433
0.02999177761375904
0.02965685911476612
0.02966606430709362
0.02953922562301159
0.0294975433498621
0.02935057505965233
0.02947079949080944
0.029262201860547066
0.029249925166368484
0.0290728360414505
0.029248002916574478
0.02906857803463936
0.02907790057361126
0.029094265773892403
no squeeze
6.495925426483154
2.2051210403442383
1.8047165870666504
1.1240558624267578
1.0324835777282715
0.7812625765800476
0.7348172664642334
0.5843396782875061
0.5511170625686646
0.4484087824821472
0.42557159066200256
0.3531932234764099
0.3380317986011505
0.2868456542491913
0.27586930990219116
0.24297519028186798
0.23351790010929108
0.21127727627754211
0.2059725821018219
0.19066984951496124
0.18748639523983002
0.1771051287651062
0.17459066212177277
0.17047131061553955
0.1662534922361374
0.16110193729400635
0.16016992926597595
0.1571720540523529
0.1569596230983734
0.1557713747024536
0.15518800914287567
0.15147818624973297
0.15484879910945892
0.1507721245288849
0.15038402378559113
0.14916487038135529
0.14919351041316986
0.14876340329647064
0.14950443804264069
0.1480557918548584
0.14757218956947327
0.14698706567287445
0.14691148698329926
0.14586877822875977
0.14530706405639648
0.14523077011108398
0.14988358318805695
0.14443795382976532
0.14442850649356842
0.1461367905139923
0.1435844600200653
0.14530956745147705
0.1441773921251297
0.14232301712036133
0.14207710325717926
0.14209400117397308
0.142435222864151
0.14014683663845062
0.1397969126701355
0.14177429676055908
0.14054538309574127
0.13912945985794067
0.13982708752155304
0.1381276398897171
0.1381690800189972
0.13709542155265808
0.13990655541419983
0.13612769544124603
0.13657501339912415
0.13521096110343933
0.13507048785686493
0.13364329934120178
0.1334800273180008
0.13200289011001587
0.1338309347629547
0.13132010400295258
0.13319067656993866
0.13186541199684143
no squeeze
6.3957133293151855
1.1151548624038696
0.893996000289917
0.4938315451145172
0.4403221309185028
0.3022928237915039
0.2784188985824585
0.20735250413417816
0.19336135685443878
0.15109483897686005
0.14325302839279175
0.114956796169281
0.1094302386045456
0.09130237996578217
0.08744384348392487
0.0751456692814827
0.07226991653442383
0.06394435465335846
0.062105488032102585
0.056053075939416885
0.05441048741340637
0.05012337863445282
0.04916568100452423
0.04587528482079506
0.04522795230150223
0.04279077798128128
0.04223892465233803
0.040426257997751236
0.04017438367009163
0.03889169171452522
0.03870012238621712
0.037608880549669266
0.037403132766485214
0.03660799562931061
0.036590974777936935
0.03599384054541588
0.03585171326994896
0.03529747202992439
0.03513053059577942
0.03476180136203766
0.03467134013772011
0.0343632772564888
0.03422955423593521
0.03407297655940056
0.03399771451950073
0.0336323045194149
0.03356568142771721
0.03375460207462311
0.033338140696287155
0.033411361277103424
0.03326207771897316
0.033036552369594574
0.03342750295996666
0.03299029543995857
0.03287801146507263
0.03280666097998619
0.03285069018602371
0.03275280073285103
0.03267554193735123
0.03296844661235809
0.0327971987426281
0.03263117000460625
0.03266170620918274
0.03256842494010925
0.032499734312295914
0.03242914006114006
0.032447587698698044
0.03241189196705818
0.03224658966064453
0.03218476101756096
0.032238658517599106
0.03219161182641983
no squeeze
5.7148237228393555
0.2928605377674103
0.22275573015213013
0.1763400137424469
0.17882566154003143
0.17221574485301971
0.17058053612709045
0.170597642660141
0.16786745190620422
0.1671237051486969
0.1674751192331314
0.16815990209579468
