no squeeze
22.549043655395508
5.665191173553467
3.133322238922119
1.9769843816757202
1.35251784324646
1.1486889123916626
1.0394117832183838
0.7721787691116333
0.8027547597885132
0.7987516522407532
0.6093567609786987
0.623081386089325
0.5306122303009033
0.7032772898674011
0.5468816757202148
0.4753277897834778
0.5388961434364319
0.7041647434234619
0.47817349433898926
0.5127082467079163
0.5067734718322754
0.6334984302520752
0.5440276265144348
0.48895883560180664
0.5335506796836853
0.5595147013664246
no squeeze
12.151641845703125
3.9812705516815186
2.0464165210723877
1.2265369892120361
0.7382874488830566
0.5880279541015625
0.47976675629615784
0.36359941959381104
0.26696741580963135
0.3799269497394562
0.22528116405010223
0.2452603131532669
0.1508730798959732
0.3009117841720581
0.11112374067306519
0.23447920382022858
0.16093797981739044
0.0910789966583252
0.06274142116308212
0.09812457114458084
0.04971369355916977
0.060173239558935165
0.06081334128975868
0.35042089223861694
0.08234191685914993
0.043817609548568726
0.048768915235996246
0.0363566018640995
0.04301345348358154
0.07982251048088074
0.06597407162189484
0.13756747543811798
0.055564504116773605
0.0902288630604744
0.09735385328531265
0.026916420087218285
0.047724634408950806
0.06825286895036697
0.027071351185441017
0.037598930299282074
0.1031486988067627
0.10142935067415237
0.05764724686741829
0.04674087464809418
0.03015534020960331
0.03064785711467266
no squeeze
21.05453872680664
7.259890079498291
4.356860637664795
3.268447160720825
2.689755439758301
1.8261772394180298
1.73366379737854
1.393380045890808
1.1960808038711548
1.3013548851013184
1.1520042419433594
1.0036474466323853
1.0752534866333008
0.6883995532989502
0.5781924724578857
0.5323919057846069
0.7951226830482483
0.7189683318138123
0.8722144961357117
0.5134445428848267
0.4368320405483246
0.4222487807273865
0.4662574231624603
0.5241549611091614
0.589073896408081
0.39277219772338867
0.2860190272331238
0.21444043517112732
0.2531087100505829
0.3366663157939911
0.486371785402298
0.22401879727840424
0.17212997376918793
0.2344735860824585
0.17465296387672424
0.16286683082580566
0.13210807740688324
0.10131120681762695
0.14402180910110474
0.2625502645969391
0.1397949904203415
0.15133288502693176
0.12279908359050751
0.16415812075138092
0.16672034561634064
0.13271014392375946
0.11388923227787018
0.07631389051675797
0.14025618135929108
0.17833130061626434
0.12711866199970245
0.08658690750598907
0.07444265484809875
0.08419163525104523
0.1344888061285019
0.09140457957983017
0.08868514001369476
0.16706331074237823
0.09855203330516815
0.16335949301719666
0.22161810100078583
0.12655627727508545
0.07614146173000336
no squeeze
16.842409133911133
7.0958123207092285
5.340785503387451
4.306851387023926
3.646822929382324
3.0616037845611572
2.646343469619751
2.3065693378448486
2.0032010078430176
1.9243768453598022
1.8367115259170532
1.6382702589035034
1.5501034259796143
1.4669146537780762
1.3341830968856812
1.2858033180236816
1.3015388250350952
1.2599034309387207
1.2352808713912964
1.099795937538147
1.2362353801727295
1.1108884811401367
1.1039738655090332
1.023114800453186
0.9963459372520447
0.8468150496482849
0.8438249230384827
0.9135969281196594
0.8264651894569397
0.8067982792854309
0.8801850080490112
0.799126386642456
0.7864881753921509
0.8073273301124573
0.739311933517456
0.6817611455917358
0.7177103757858276
0.8323478102684021
0.6886510252952576
0.6544895172119141
0.6497249007225037
0.6264873743057251
0.5732764601707458
0.6278018951416016
0.6217837929725647
0.6507138609886169
0.6442564129829407
0.5701451301574707
0.5899674296379089
0.585420548915863
0.5535504221916199
0.4468437731266022
0.5976638793945312
0.5696006417274475
0.5760024785995483
0.4671432673931122
0.5248163938522339
0.5437049865722656
0.4681513011455536
0.4777264893054962
0.5072774291038513
0.4277125895023346
0.3940144181251526
0.43045124411582947
0.4441280663013458
0.47992947697639465
0.5006477236747742
0.43050816655158997
0.42122671008110046
0.42233121395111084
0.3639688491821289
0.4169763922691345
0.4022918939590454
0.40100935101509094
0.3666074573993683
0.37770381569862366
0.3184927999973297
0.35365933179855347
0.44020962715148926
0.37572455406188965
0.3411247134208679
0.37387582659721375
0.3618934452533722
0.336750864982605
0.34924161434173584
0.3088548481464386
0.3122929334640503
0.27679067850112915
0.2933163642883301
0.3396635055541992
0.33965596556663513
0.3125823736190796
0.29434168338775635
0.30164653062820435
0.29006749391555786
0.28916630148887634
0.2877045273780823
0.34456270933151245
no squeeze
14.88647747039795
5.5057477951049805
3.7403786182403564
2.8312828540802
2.26993989944458
1.8563337326049805
1.6412934064865112
1.3958382606506348
1.2391437292099
1.1819636821746826
1.1063507795333862
1.0059070587158203
0.9427450299263
0.8489644527435303
0.7389025688171387
0.7363139390945435
0.7324113249778748
0.7699099183082581
0.8158676624298096
0.5916632413864136
0.5628526210784912
0.6685019135475159
0.5615063905715942
0.5594480037689209
0.5404286980628967
0.5417682528495789
0.49081751704216003
0.4647250473499298
0.4762621223926544
0.4988947808742523
0.43764951825141907
0.4473383128643036
0.48476535081863403
0.42627692222595215
0.433332234621048
0.4018077254295349
0.4051936864852905
0.3790070414543152
0.37045595049858093
0.3957049250602722
0.4224170446395874
0.36661267280578613
0.3573746979236603
0.33306261897087097
0.3683852553367615
0.42120659351348877
0.31322380900382996
0.3240697681903839
0.35420918464660645
0.3037624955177307
0.33552297949790955
0.316626638174057
0.36408093571662903
0.2914522886276245
0.3431738615036011
0.3198384940624237
0.30568113923072815
0.3988514244556427
0.28731003403663635
0.3111777603626251
0.3069808781147003
0.33619052171707153
0.31777223944664
0.30842483043670654
0.2917509078979492
0.3078705668449402
0.2677251398563385
0.33060911297798157
0.30062296986579895
0.2993517518043518
0.2605404257774353
0.27591457962989807
0.2507374882698059
0.25886309146881104
0.2372010201215744
0.25430920720100403
0.24795712530612946
0.2302834838628769
0.23814579844474792
0.22579574584960938
0.28143998980522156
0.2615673542022705
0.25685861706733704
0.29231053590774536
0.25391247868537903
0.20366117358207703
0.23788253962993622
0.29741811752319336
0.21656905114650726
0.22122621536254883
0.2245493084192276
0.25583741068840027
0.221502423286438
0.20459024608135223
0.2094968855381012
0.19288717210292816
0.25143879652023315
0.2176574170589447
0.24143756926059723
0.25316181778907776
0.20669077336788177
0.2058458775281906
0.21606621146202087
0.20747973024845123
0.16603489220142365
0.22670121490955353
0.23704062402248383
0.22603976726531982
0.17404286563396454
0.18141552805900574
0.18780574202537537
0.23029835522174835
0.15528449416160583
0.17425349354743958
0.17004838585853577
0.20587436854839325
0.1606229841709137
0.19053249061107635
0.19054609537124634
0.14353394508361816
0.18368853628635406
0.17729686200618744
0.25622257590293884
0.19983631372451782
0.16330179572105408
0.17210309207439423
0.14768800139427185
0.15463565289974213
0.16630694270133972
0.18389730155467987
no squeeze
12.47236156463623
3.323774576187134
1.7935823202133179
2.7752561569213867
1.5390324592590332
1.3303765058517456
1.243164300918579
1.6848719120025635
1.744642734527588
1.6706504821777344
0.931465744972229
0.9284871220588684
1.9672154188156128
1.987400770187378
1.9136990308761597
1.4076248407363892
1.426011562347412
1.1765323877334595
1.1175719499588013
0.8331834077835083
0.9822807908058167
1.140267014503479
0.7641355395317078
2.416212797164917
1.4657434225082397
1.0711742639541626
0.8535640835762024
1.4548358917236328
1.0962612628936768
1.5659458637237549
0.954584002494812
0.7984433770179749
1.1649366617202759
