no squeeze
2.1615021228790283
0.07464630156755447
0.04335952550172806
0.009016153402626514
0.006935530807822943
0.0037515403237193823
0.0033969299402087927
0.0027596005238592625
0.002658061683177948
0.00242997775785625
0.0023997477255761623
0.0022691134363412857
0.00224240287207067
0.002176502486690879
0.0021597514860332012
0.002089275512844324
0.0020712220575660467
0.00203292490914464
0.002019219333305955
0.0019801417365670204
0.0019796460401266813
0.0019418977899476886
0.0019334368407726288
0.001906862948089838
0.0019014220451936126
0.0018863157602027059
0.001880329567939043
0.0018692300654947758
0.001864749938249588
0.0018573558190837502
0.001861138385720551
0.0018505273619666696
0.0018492125673219562
0.0018448419868946075
0.0018374533392488956
0.0018377513624727726
0.0018351288745179772
0.0018335559871047735
0.0018329438753426075
0.0018361803377047181
0.0018339017406105995
0.0018343335250392556
no squeeze
2.0688302516937256
0.2215205579996109
0.19309000670909882
0.16445046663284302
0.1631939560174942
0.16048948466777802
0.16019552946090698
0.1585923135280609
0.15827859938144684
0.15839435160160065
0.15860359370708466
0.15851497650146484
no squeeze
2.4604620933532715
0.19984152913093567
0.14040179550647736
0.05600801855325699
0.04732126370072365
0.028332602232694626
0.025369377806782722
0.017346037551760674
0.016026219353079796
0.011890405789017677
0.011041366495192051
0.008515439927577972
0.00802252534776926
0.006388440728187561
0.00611879350617528
0.0050936597399413586
0.004863877780735493
0.004191848915070295
0.004044535104185343
0.0035722788888961077
0.003480559913441539
0.0031524694059044123
0.0030921814031898975
0.002843262394890189
0.002788698533549905
0.0026456124614924192
0.002601716434583068
0.0024578715674579144
0.002432761248201132
0.0023478379007428885
0.0023141687270253897
0.0022252064663916826
0.0022005450446158648
0.002152517670765519
0.0021245877724140882
0.0020659032743424177
0.0020751880947500467
0.0020220393780618906
0.0020170004572719336
0.001993094338104129
0.001983169000595808
0.001960588386282325
0.0019701768178492785
0.001928921090438962
0.0019354198593646288
0.0019022799097001553
0.0018965427298098803
0.001884672325104475
0.0018744615372270346
0.0018687538104131818
0.0018730383599177003
0.0018672149162739515
0.0018510601948946714
0.001848977291956544
0.001844444777816534
0.0018434177618473768
0.0018429955234751105
0.0018304882105439901
0.0018286877311766148
0.001821981044486165
0.0018193558789789677
0.0018400526605546474
0.0018301763338968158
0.0018151835538446903
0.0018361766124144197
0.0018139055464416742
0.0018280181102454662
0.0018316600471735
no squeeze
3.0911636352539062
0.7280318737030029
0.6191388368606567
0.4456739127635956
0.42283758521080017
0.3644661009311676
0.35399356484413147
0.31934624910354614
0.3122309744358063
0.28870081901550293
0.2839409112930298
0.26678207516670227
0.2630250155925751
0.24991510808467865
0.24676813185214996
0.23669423162937164
0.23365749418735504
0.22570370137691498
0.2239702194929123
0.21628500521183014
0.21525581181049347
0.2084076851606369
0.20729362964630127
0.2024841457605362
0.20068371295928955
0.1962854266166687
0.19567134976387024
0.1911662220954895
0.19018962979316711
0.18647168576717377
0.18535900115966797
0.1816745549440384
0.18102243542671204
0.17736464738845825
0.17657019197940826
0.17298847436904907
0.17269185185432434
0.16918250918388367
0.1685744673013687
0.1654805839061737
0.16509723663330078
0.16136884689331055
0.1610228568315506
0.1580064296722412
0.15750698745250702
0.15515674650669098
0.1541036069393158
0.15193861722946167
0.15097478032112122
0.14916285872459412
0.1488175094127655
0.14709283411502838
0.14568962156772614
0.1449747085571289
0.14458197355270386
0.1429993361234665
0.14280195534229279
0.14145663380622864
0.140761598944664
0.13945282995700836
0.13941310346126556
0.13802112638950348
0.13814319670200348
0.13690878450870514
0.1365373134613037
0.1362573504447937
0.13579577207565308
0.13483072817325592
0.13481707870960236
0.134391188621521
0.13390304148197174
0.13303282856941223
0.13330110907554626
0.13293537497520447
0.13261039555072784
0.13219833374023438
0.13212068378925323
0.13143225014209747
0.13208375871181488
0.13125048577785492
0.13176527619361877
0.1308431476354599
0.13023243844509125
0.12998639047145844
0.1300271451473236
0.1298133134841919
0.1292523890733719
0.1291043907403946
0.12900131940841675
0.12858960032463074
0.1292658895254135
0.12897108495235443
no squeeze
2.6891844272613525
0.3843404948711395
0.3182433843612671
0.22687196731567383
0.21696271002292633
0.19376744329929352
0.19005727767944336
0.17990794777870178
0.17774447798728943
0.17157141864299774
0.17024032771587372
0.16576771438121796
0.16500887274742126
0.1616039127111435
0.16104061901569366
0.15807975828647614
0.15756259858608246
0.15512998402118683
0.1548864096403122
0.15301679074764252
0.15269051492214203
0.151230588555336
0.1508946418762207
0.14978860318660736
0.14948710799217224
0.14810091257095337
0.14826065301895142
0.14707821607589722
0.1469517946243286
0.14718246459960938
0.14682252705097198
0.1454533338546753
0.14552567899227142
0.14472514390945435
0.1446826010942459
0.14449664950370789
0.14399567246437073
0.1437421292066574
0.14420542120933533
0.1430632621049881
0.1432802975177765
0.14340220391750336
no squeeze
2.491330146789551
0.3100326359272003
0.2809746563434601
0.2623805105686188
0.2613776922225952
0.2616232633590698
0.2607528865337372
0.26100659370422363
0.26086950302124023
0.25985532999038696
0.25998425483703613
0.2601468861103058
