no squeeze
4.3183159828186035
0.39217379689216614
0.28486552834510803
0.13196194171905518
0.11818293482065201
0.09268087148666382
0.09001120924949646
0.08262437582015991
0.08183692395687103
0.07996074110269547
0.07972991466522217
0.07914824038743973
0.07908712327480316
0.07858049124479294
0.07886140048503876
0.07829639315605164
0.07823500037193298
0.07832241803407669
0.0781625434756279
0.07801131159067154
0.07803618162870407
0.07784201204776764
0.07781065255403519
0.07777157425880432
0.07766032218933105
0.07735022902488708
0.07769490778446198
0.07726891338825226
0.07730630785226822
0.07730282098054886
no squeeze
4.4027557373046875
0.6921102404594421
0.5976654887199402
0.4324037730693817
0.41148999333381653
0.36854279041290283
0.36226773262023926
0.3541262745857239
0.35048165917396545
0.3485175669193268
0.34705278277397156
0.34723618626594543
0.3462114930152893
0.34610527753829956
0.34573182463645935
0.34622976183891296
0.3456627428531647
0.3462778925895691
0.3457505702972412
0.3456180989742279
0.34756168723106384
0.34626367688179016
no squeeze
4.473499298095703
0.5312254428863525
0.40306904911994934
0.1952650547027588
0.1699276715517044
0.10996294766664505
0.09986352920532227
0.07224705070257187
0.06691881269216537
0.051372818648815155
0.048366282135248184
0.039124950766563416
0.03717212751507759
0.03134701028466225
0.030087031424045563
0.02612309716641903
0.02533121407032013
0.022744320333003998
0.022155635058879852
0.020243879407644272
0.019868390634655952
0.01860528439283371
0.018407708033919334
0.01744043454527855
0.017230790108442307
0.016569096595048904
0.016438525170087814
0.0158703550696373
0.015766892582178116
0.015369297936558723
0.015272911638021469
0.014986569061875343
0.014934014528989792
0.014620164409279823
0.014543991535902023
0.014367843978106976
0.01428078394383192
0.014114554971456528
0.014128152281045914
0.013920211233198643
0.013910181820392609
0.013761934824287891
0.013707198202610016
0.013578352518379688
0.013568275608122349
0.013532159850001335
0.013481039553880692
0.013318286277353764
0.013347294181585312
0.01326458528637886
0.013216317631304264
0.013172720558941364
0.01312613021582365
0.01310830656439066
0.013062498532235622
0.013027085922658443
0.013059164397418499
0.012926074676215649
0.012941023334860802
0.012913605198264122
0.012928089126944542
0.012883119285106659
0.012880900874733925
0.012811259366571903
0.012842869386076927
0.012797475792467594
0.012808330357074738
0.012724889442324638
0.012752200476825237
0.012778853066265583
no squeeze
4.72722053527832
2.0564188957214355
1.805764079093933
1.3207112550735474
1.2568910121917725
1.1025197505950928
1.0769346952438354
0.996814489364624
0.9812982678413391
0.925786018371582
0.9140294194221497
0.8755820989608765
0.8648110032081604
0.8323181867599487
0.8251024484634399
0.7998122572898865
0.7920024991035461
0.7686700820922852
0.7628424763679504
0.7439652681350708
0.737768828868866
0.7157207727432251
0.7114658951759338
0.6940200328826904
0.6879141926765442
0.6712453961372375
0.6632360219955444
0.6420502662658691
0.6376121044158936
0.6161562204360962
0.6089751720428467
0.5859741568565369
0.5783529281616211
0.5541592240333557
0.5458434820175171
0.5196472406387329
0.5108049511909485
0.4852975606918335
0.4777301847934723
0.4578423500061035
0.4517890512943268
0.4366706311702728
0.43426617980003357
0.4251907765865326
0.4239819645881653
0.41850242018699646
0.4173043370246887
0.41549625992774963
0.4142872393131256
0.41337665915489197
0.41015303134918213
0.40775787830352783
0.4067801833152771
0.4064839482307434
0.40425586700439453
0.40123605728149414
0.4019872844219208
0.4003036320209503
0.4002699553966522
0.39656201004981995
0.39605632424354553
0.39542484283447266
0.3946988880634308
0.39375782012939453
0.3935803174972534
0.39162594079971313
0.3962469696998596
0.39011433720588684
0.3887786269187927
0.3868917226791382
0.3874059021472931
0.3854934871196747
0.38605037331581116
0.38442662358283997
0.384282648563385
0.38319632411003113
0.3833892345428467
0.38141489028930664
0.3807447552680969
0.3810223340988159
0.38038864731788635
0.37957608699798584
0.3792429268360138
0.3798355460166931
0.37832340598106384
0.377060204744339
0.376651406288147
0.375068724155426
0.3755793273448944
0.37412089109420776
0.3743150532245636
0.3733961582183838
0.3730190694332123
0.372361958026886
0.372861385345459
0.37202733755111694
0.37109050154685974
0.37007176876068115
0.36983180046081543
0.3695986270904541
0.36957791447639465
0.3688024878501892
0.36902520060539246
0.3682485520839691
0.3685005307197571
0.36695101857185364
0.3651403486728668
0.3649017810821533
0.3641433119773865
0.3631758987903595
0.3633330464363098
0.36287885904312134
0.3632088899612427
0.36095157265663147
0.3621225655078888
0.3619897961616516
no squeeze
4.586772918701172
1.1893463134765625
1.059312105178833
0.814558207988739
0.7793036103248596
0.6836414337158203
0.6631603837013245
0.6070209741592407
0.5930089354515076
0.5516986846923828
0.542556643486023
0.5124269723892212
0.505074143409729
0.478857159614563
0.47655391693115234
0.46075284481048584
0.45560476183891296
0.4446966350078583
0.4436216950416565
0.4348404109477997
0.4322832226753235
0.42898881435394287
0.4259939193725586
0.4206715226173401
0.41996315121650696
0.4165053963661194
0.4148175120353699
0.4135630428791046
0.41296857595443726
0.412553608417511
0.4102535545825958
0.40616661310195923
0.4072955250740051
0.4042147099971771
0.4050641357898712
0.40225109457969666
0.40176182985305786
0.40367990732192993
0.4026000201702118
0.398937463760376
0.39828094840049744
0.3966556191444397
0.39706119894981384
0.39826637506484985
no squeeze
4.175529479980469
0.9648019075393677
0.9319213032722473
0.9103315472602844
0.9186301231384277
0.9276823401451111
