no squeeze
1.0422807931900024
0.34260326623916626
0.15446387231349945
0.07948186248540878
0.0470987893640995
0.03228147327899933
0.021809246391057968
0.015647025778889656
0.012277372181415558
0.013177962973713875
0.009409104473888874
0.006377576384693384
0.005500837229192257
0.0038111077155917883
0.003868361236527562
0.00413780240342021
0.0031157713383436203
0.002451265463605523
0.0037187952548265457
0.00218754424713552
0.0017768462421372533
0.0018301468808203936
0.0016112319426611066
0.0011679024901241064
0.001218294375576079
0.0015331022441387177
0.0011130408383905888
0.0011621195590123534
0.0007684384472668171
0.0007670584018342197
0.0008475185604766011
0.0008683152263984084
0.0009504207409918308
0.0006718678050674498
0.0006477627903223038
0.0007498592603951693
0.0008399971993640065
0.0007079064380377531
0.0004083739186171442
0.0012552571715787053
0.0005965150776319206
0.0009710653102956712
0.00041309811058454216
0.0003787017776630819
0.00043795001693069935
0.0004412817652337253
0.00037608345155604184
0.0007657421519979835
0.0004786076315212995
0.0004007680981885642
0.000300898973364383
0.0002591364027466625
0.00036032660864293575
0.00027117683202959597
0.00032314902637153864
0.0005099945119582117
0.0002866463619284332
0.000997876632027328
0.0010435933945700526
0.00576991168782115
0.014982085675001144
0.0025699243415147066
no squeeze
1.1656529903411865
0.40710315108299255
0.24996495246887207
0.1807284653186798
0.17020028829574585
0.12088818848133087
0.10008465498685837
0.0971318781375885
0.08099524676799774
0.07002489268779755
0.06771733611822128
0.06661808490753174
0.06251458078622818
0.05735970661044121
0.05561652034521103
0.0543394573032856
0.05224492773413658
0.05323963612318039
0.05119466409087181
0.05539427325129509
0.053104009479284286
0.04888257756829262
0.04042753577232361
0.05160921812057495
0.04239168390631676
0.0464722104370594
0.05450228229165077
0.0542093887925148
0.04825595021247864
0.04618849605321884
0.043041400611400604
0.038728855550289154
0.04199466481804848
0.04156243056058884
0.0420193150639534
0.04128457233309746
0.03963262960314751
0.04121098667383194
0.03952302038669586
0.033351458609104156
0.035672541707754135
0.037088748067617416
0.04221869632601738
0.04130049794912338
0.03579406440258026
0.03787672519683838
0.0429253913462162
0.037099458277225494
0.04136192053556442
0.05175763741135597
no squeeze
1.314725637435913
0.5435469150543213
0.3368857800960541
0.2382933348417282
0.18087050318717957
0.13693752884864807
0.0985398069024086
0.0826660543680191
0.07410892099142075
0.061337001621723175
0.05016494542360306
0.04679623246192932
0.041584864258766174
0.03733902424573898
0.031082890927791595
0.027297304943203926
0.027432890608906746
0.030551746487617493
0.033568643033504486
0.02236611768603325
0.021220766007900238
0.017619553953409195
0.022807853296399117
0.01712619699537754
0.013076518662273884
0.01280996948480606
0.018888844177126884
0.02466968446969986
0.021551206707954407
0.028002871200442314
0.013155443593859673
0.013032953254878521
0.009150305762887001
0.009508992545306683
0.03749311715364456
0.012599969282746315
0.010301257483661175
0.008132311515510082
0.013127777725458145
0.006297358777374029
0.007246203254908323
0.008753778412938118
0.0086522763594985
0.008355271071195602
0.006433998234570026
0.00528764259070158
0.00473264092579484
0.005650280509144068
0.005411373917013407
0.011279447935521603
0.005147563759237528
0.00418810173869133
0.006881967652589083
0.0074736508540809155
0.00519045302644372
0.005407868418842554
0.00494530750438571
0.004017948638647795
0.07471571862697601
0.018316781148314476
0.011497894302010536
0.0058552599512040615
0.004408635199069977
0.00762068061158061
0.004589010961353779
0.006215641740709543
0.004732186906039715
0.0029118594247847795
0.0047184075228869915
0.02395719289779663
0.004701427649706602
0.002860261360183358
0.0027687912806868553
0.002571843098849058
0.002615995705127716
0.005057893227785826
0.0025847074575722218
0.0025560343638062477
0.003133259015157819
0.00285773491486907
0.002446332247927785
0.002536362735554576
0.002284788526594639
0.0038494840264320374
0.0029636987019330263
0.005443423055112362
0.020179446786642075
0.017104294151067734
0.006130614783614874
0.006206840742379427
0.0059908474795520306
0.00336452666670084
0.02832856774330139
no squeeze
1.0747160911560059
0.5633640289306641
0.46155908703804016
0.3802117705345154
0.32490503787994385
0.2888520658016205
0.25543156266212463
0.2254926711320877
0.21510827541351318
0.19482596218585968
0.17773568630218506
0.16321411728858948
0.1547008901834488
0.1450750231742859
0.13781492412090302
0.12804198265075684
0.11947769671678543
0.11584751307964325
0.10878042876720428
0.10811503231525421
0.11122886836528778
0.09953823685646057
0.10037170350551605
0.09970977902412415
0.0889926627278328
0.08887122571468353
0.0847804844379425
0.08707183599472046
0.07832655310630798
0.07947269827127457
0.07520828396081924
0.07865753024816513
0.07481556385755539
0.07066185772418976
0.0697445198893547
0.07197917252779007
0.06878172606229782
0.06500272452831268
0.0644645094871521
0.06603429466485977
0.06210353225469589
0.06310116499662399
0.058344122022390366
0.0585009902715683
0.057053372263908386
0.062277380377054214
0.06090468168258667
0.05674249306321144
0.057346608489751816
0.0579380989074707
0.054698750376701355
0.05642591044306755
0.05316682159900665
0.05306404456496239
0.05198218673467636
0.05050044506788254
0.05240714177489281
0.05024605244398117
0.0506187304854393
0.049158867448568344
0.049262598156929016
0.04851353541016579
0.0488087460398674
0.04707769677042961
0.04662691056728363
0.04520465433597565
0.045104511082172394
0.04487967863678932
0.04408540576696396
0.04336854815483093
0.0444476343691349
0.04200068116188049
0.043744105845689774
0.04299916699528694
0.04349973425269127
0.04122138023376465
0.043312620371580124
0.04676360636949539
0.042969778180122375
0.04034716635942459
0.04116946458816528
0.038753166794776917
0.040420837700366974
0.03922362998127937
0.03765284642577171
0.04010317102074623
0.03907844051718712
0.03901961073279381
0.03883646801114082
0.04037419706583023
0.03837927430868149
0.03859800472855568
0.039425432682037354
0.03798070177435875
0.03807183355093002
no squeeze
1.0543574094772339
0.4554477632045746
0.32053494453430176
0.24295668303966522
0.1973349153995514
0.16485776007175446
0.14137353003025055
0.13371984660625458
0.11632297188043594
0.10902541130781174
0.09961871057748795
0.09006178379058838
0.08225374668836594
0.08006186783313751
0.07466337829828262
0.0736611932516098
0.066409170627594
0.06352133303880692
0.060842886567115784
0.059966761618852615
0.062299057841300964
0.0552985705435276
0.048843029886484146
0.04899901524186134
0.05037356913089752
0.0472281314432621
0.04548400267958641
0.04618387296795845
0.04279445856809616
0.044171012938022614
0.04326329752802849
0.03980907052755356
0.036742184311151505
0.040342461317777634
0.03913167119026184
0.03687390312552452
0.03669635206460953
0.04099116101861
0.03572748973965645
0.034093376249074936
0.03253619372844696
0.034074608236551285
0.03238620609045029
0.03365107998251915
0.029594875872135162
0.030168959870934486
0.028237782418727875
0.031883880496025085
0.03132528066635132
0.028682362288236618
0.02834928408265114
0.028221050277352333
0.026460587978363037
0.026359746232628822
0.02717594988644123
0.024951424449682236
0.02651062235236168
0.024070439860224724
0.024450378492474556
0.025883760303258896
0.027439402416348457
0.022471588104963303
0.02651336044073105
0.02439894713461399
0.025217054411768913
0.022422831505537033
0.024310380220413208
0.02382054179906845
0.02394801937043667
0.02155696228146553
0.023195289075374603
0.023761386051774025
0.026022372767329216
0.02105012722313404
0.021627152338624
0.022377878427505493
0.022280128672719002
0.025699876248836517
0.022679250687360764
0.021468259394168854
0.0207342728972435
0.02155265025794506
0.021575070917606354
0.021195458248257637
0.022454503923654556
0.022847291082143784
0.019140247255563736
0.019013497978448868
0.019499562680721283
0.020071841776371002
0.02049880288541317
0.021300101652741432
0.01832512952387333
0.01869957335293293
0.017847474664449692
0.016944725066423416
0.018325721845030785
0.018457554280757904
0.017413541674613953
0.018857106566429138
0.02031209133565426
0.020032823085784912
0.01744372770190239
0.01916937157511711
0.018409421667456627
0.018301106989383698
no squeeze
0.811673641204834
0.34095409512519836
0.20309463143348694
0.1476016789674759
0.14422821998596191
0.1309574544429779
0.12737473845481873
0.10358914732933044
0.09319527447223663
0.1627655178308487
0.11628291755914688
0.11833063513040543
0.14524726569652557
0.10701990872621536
0.0744815394282341
0.11586727946996689
0.11195343732833862
0.09643815457820892
0.0896684005856514
0.08465321362018585
0.0687176063656807
0.06830024719238281
0.0981585830450058
0.09859002381563187
0.07324664294719696
0.06643062829971313
0.07073500007390976
0.07073161751031876
0.1444939523935318
0.10198748856782913
0.1833685338497162
0.10238391906023026
0.10772892087697983
0.07324890792369843
0.06503831595182419
0.07458944618701935
0.06675542145967484
0.09812270849943161
0.1545557975769043
0.09360352158546448
0.09549503028392792
0.08122054487466812
0.08838915824890137
0.09511663019657135
0.11473184078931808
