no squeeze
7.19631290435791
2.514449119567871
1.3574906587600708
0.9438413381576538
0.8270678520202637
0.6340641379356384
0.6056491732597351
0.42892104387283325
0.6655603647232056
0.49173101782798767
0.5988909006118774
0.4632885456085205
0.4032762348651886
0.29752057790756226
0.35956260561943054
0.4013621211051941
0.4353660047054291
0.34280142188072205
0.3362126648426056
0.29967400431632996
0.42590105533599854
0.38957396149635315
0.5431018471717834
0.2921435236930847
0.2996758222579956
0.29161542654037476
0.5179189443588257
0.28987082839012146
0.427812397480011
0.247227281332016
0.2629760801792145
0.32518988847732544
0.3034118413925171
0.28222033381462097
0.36122462153434753
0.3101198673248291
0.26277488470077515
0.3576377332210541
0.2931322753429413
0.32095059752464294
no squeeze
11.844079971313477
3.4032669067382812
1.6422889232635498
0.8858075737953186
0.529600203037262
0.4502785801887512
0.3724386692047119
0.3044021427631378
0.26471444964408875
0.23894433677196503
0.27680614590644836
0.1785617619752884
0.12608365714550018
0.20044949650764465
0.10658049583435059
0.17011842131614685
0.12293943017721176
0.12182296067476273
0.08498802781105042
0.1644885390996933
0.18757516145706177
0.2522980868816376
0.09051942825317383
0.09217051416635513
0.16519606113433838
0.07582417130470276
0.052223335951566696
0.18492953479290009
0.20035605132579803
0.09366761147975922
0.24063608050346375
0.0802922397851944
0.08867192268371582
0.11126041412353516
0.11414525657892227
0.08031582087278366
0.05497412383556366
no squeeze
10.945368766784668
4.1338419914245605
2.7065489292144775
1.9165476560592651
1.5550868511199951
1.3916659355163574
1.2787202596664429
0.9691140055656433
0.7943932414054871
0.8589094877243042
0.778040885925293
1.0314340591430664
0.680263102054596
0.3936395049095154
0.7553643584251404
0.6729819178581238
0.3504140377044678
0.3819843530654907
0.6035881638526917
0.6017299294471741
0.6518540382385254
0.3450216054916382
0.34930187463760376
0.30070754885673523
0.3734891712665558
0.20875683426856995
0.7677114009857178
0.4117901921272278
0.208299458026886
0.3300870656967163
0.27044153213500977
0.18143826723098755
0.27784839272499084
0.1564858853816986
0.6640782356262207
0.9177087545394897
0.286326140165329
0.2177906483411789
0.2525239586830139
0.22257119417190552
0.2922198176383972
0.17161259055137634
0.1551656723022461
0.22977720201015472
0.1023218110203743
0.11770405620336533
0.16183282434940338
0.15358054637908936
0.0952213704586029
0.09289353340864182
0.061038270592689514
0.5083668231964111
0.4891422688961029
0.27629798650741577
0.12565667927265167
0.14275459945201874
0.1720282882452011
0.08446550369262695
0.06370431184768677
0.5265012979507446
0.21148991584777832
no squeeze
10.816601753234863
4.5166168212890625
3.3632209300994873
2.6998045444488525
2.255126953125
1.8950245380401611
1.759695291519165
1.5664974451065063
1.3296492099761963
1.2925289869308472
1.0718528032302856
1.1519972085952759
1.0137091875076294
0.8796011209487915
0.8143649697303772
0.8373995423316956
0.8918328285217285
0.8545577526092529
0.7065964341163635
0.749108076095581
0.6612402200698853
0.6569272875785828
0.6420102715492249
0.6057904362678528
0.5980739593505859
0.5771730542182922
0.5675294995307922
0.5568485260009766
0.6396403908729553
0.5722927451133728
0.5638947486877441
0.5151338577270508
0.6316975355148315
0.4900725185871124
0.4660770297050476
0.47501546144485474
0.4610440135002136
0.41778579354286194
0.428278386592865
0.4560130834579468
0.3856225609779358
0.4303410053253174
0.3899388611316681
0.39024215936660767
0.4212475121021271
0.41286444664001465
0.4172089397907257
0.4697053134441376
0.3366521894931793
0.4068758487701416
0.34730449318885803
0.3395279049873352
0.357826292514801
0.36827051639556885
0.3583458364009857
0.3338054418563843
0.37159261107444763
0.3520122766494751
0.3773919939994812
0.3129216134548187
0.32160863280296326
0.33636465668678284
0.3409247398376465
0.37711745500564575
0.2821957767009735
0.32942503690719604
0.347234845161438
0.25416725873947144
0.308779776096344
0.2803649306297302
0.26218628883361816
0.2684004306793213
0.26331019401550293
0.2705056071281433
0.2532412111759186
0.247056782245636
0.24276171624660492
0.24139104783535004
0.2645166218280792
0.30335694551467896
0.3180291950702667
0.2456582486629486
0.27475324273109436
0.27738577127456665
0.26871222257614136
0.23943038284778595
0.2449382245540619
0.25189417600631714
0.2473713755607605
0.24325838685035706
0.2521267831325531
0.23068001866340637
0.2495790421962738
0.23461215198040009
0.2311982661485672
0.2284267246723175
0.2510606348514557
0.2000734657049179
0.21193340420722961
0.22299990057945251
0.20103436708450317
0.20876525342464447
0.19606447219848633
0.2056557685136795
0.2039279341697693
0.21954768896102905
0.17219363152980804
0.17934472858905792
0.21243540942668915
0.1961984932422638
0.18469157814979553
0.22142276167869568
0.18309110403060913
0.19213715195655823
0.20938320457935333
0.18523021042346954
0.1740434169769287
no squeeze
8.814824104309082
3.2491414546966553
2.1585869789123535
1.5836631059646606
1.2397191524505615
1.0938055515289307
0.9322783946990967
0.8145831823348999
0.7796730995178223
0.7153955698013306
0.6671698093414307
0.6511744260787964
0.5394579768180847
0.5882358551025391
0.6006785035133362
0.527516782283783
0.5083733797073364
0.5612687468528748
0.5037403106689453
0.4423823654651642
0.41634824872016907
0.4344522953033447
0.36082831025123596
0.3391702473163605
0.4378856420516968
0.3718780279159546
0.3209819197654724
0.3483019471168518
0.391597718000412
0.33057424426078796
0.302473247051239
0.3447764217853546
0.2904175817966461
0.31045323610305786
0.33664625883102417
0.32008740305900574
0.27856120467185974
0.25737181305885315
0.29887497425079346
0.26474279165267944
0.2730705738067627
0.31485629081726074
0.24160726368427277
0.32064229249954224
0.30854707956314087
0.23717278242111206
0.2487315684556961
0.2617594301700592
0.2679734230041504
0.2827889919281006
0.2967638671398163
0.2176593691110611
0.2020338922739029
0.2642778754234314
0.25163042545318604
0.23051220178604126
0.2057204246520996
0.20833943784236908
0.2866300642490387
0.22028759121894836
0.21104119718074799
0.24447055160999298
0.18852072954177856
0.25225821137428284
0.18403667211532593
0.22603140771389008
0.21170462667942047
0.24955151975154877
0.2256634384393692
0.2486763447523117
0.17595332860946655
0.22298793494701385
0.1826425939798355
0.1732078492641449
0.18219003081321716
0.210562601685524
0.16924241185188293
0.17048022150993347
0.19932521879673004
0.16504794359207153
0.19344373047351837
0.14837311208248138
0.15431086719036102
0.17866607010364532
0.16040915250778198
0.17142748832702637
0.155115008354187
0.14992834627628326
0.17026378214359283
0.14213334023952484
0.14155764877796173
0.16182741522789001
0.1536881923675537
0.15177921950817108
0.18940797448158264
0.14971110224723816
0.1595943421125412
0.14809481799602509
0.1581311970949173
0.1595136970281601
0.1664586067199707
no squeeze
8.511969566345215
2.3873674869537354
1.1681056022644043
1.1905673742294312
1.339483618736267
1.230088710784912
0.5292880535125732
0.8702284693717957
0.9467772245407104
0.9405670166015625
0.5756987929344177
0.9111763834953308
0.6855854988098145
0.5712001323699951
0.9672517776489258
0.7290447950363159
0.6022595763206482
