no squeeze
18.211992263793945
4.4131011962890625
2.1695008277893066
1.4626185894012451
0.6613638997077942
0.43984347581863403
0.3199322819709778
0.21727396547794342
0.22405029833316803
0.33327585458755493
0.23114323616027832
0.13993260264396667
0.19739140570163727
0.43814900517463684
0.06883721053600311
0.12276782095432281
0.09285783022642136
0.253613144159317
0.11664291471242905
0.10005435347557068
0.09814926981925964
0.11512262374162674
0.35280895233154297
0.2914787232875824
0.1162702739238739
no squeeze
24.83222770690918
7.057942867279053
3.9715077877044678
2.8826916217803955
1.9881465435028076
1.471367359161377
1.390083909034729
1.2106289863586426
1.1685317754745483
1.2522221803665161
1.1305485963821411
0.8994776606559753
1.142078161239624
1.254399299621582
1.0137073993682861
1.0770742893218994
0.7459988594055176
1.037874698638916
0.9038336873054504
0.9960625171661377
0.8355972766876221
1.0663360357284546
0.9212965369224548
1.1806621551513672
1.2466624975204468
0.9313085079193115
1.6601321697235107
no squeeze
21.564210891723633
8.60403823852539
5.3491997718811035
3.8191044330596924
3.4322192668914795
2.5640296936035156
1.9783103466033936
1.7637807130813599
1.9601924419403076
2.5497477054595947
1.3442503213882446
1.1730507612228394
1.255855679512024
1.6257983446121216
1.3754298686981201
1.2879486083984375
0.7785974740982056
0.804375410079956
1.9454787969589233
1.5011640787124634
0.5878009796142578
0.9130736589431763
1.0090516805648804
0.7883877158164978
0.97892165184021
0.8417343497276306
0.933637261390686
0.6462606191635132
0.6730409860610962
0.7805567383766174
0.49755382537841797
0.4623536467552185
0.8112457394599915
0.5952710509300232
0.8024647235870361
0.388500839471817
0.43913155794143677
0.3744272291660309
0.9305546879768372
0.583946168422699
0.7184142470359802
0.5968494415283203
0.5913404226303101
0.4185551702976227
0.48060041666030884
0.49880698323249817
0.3760659992694855
0.7184508442878723
no squeeze
26.049718856811523
10.323917388916016
7.6146626472473145
6.269067764282227
4.8007707595825195
3.9910635948181152
3.541761875152588
2.869055986404419
2.695340156555176
2.2001876831054688
2.0896530151367188
1.8962982892990112
1.780348300933838
1.6957486867904663
1.4893667697906494
1.5230209827423096
1.6237525939941406
1.5612496137619019
1.2580713033676147
1.4330500364303589
1.4323710203170776
1.2589890956878662
1.332237720489502
1.2777888774871826
1.223091959953308
1.1683871746063232
1.002964973449707
1.2460334300994873
1.075386643409729
1.0794934034347534
1.1068540811538696
1.1355398893356323
1.1334172487258911
1.0011757612228394
1.11173415184021
1.1304614543914795
1.1833751201629639
1.0173137187957764
0.9187806248664856
1.0325982570648193
0.9820083975791931
0.9115942120552063
0.9873030185699463
1.1004619598388672
0.9330008625984192
0.8443810343742371
0.8850712776184082
0.8869935870170593
1.0272449254989624
0.8822945952415466
0.9483072757720947
0.9598689675331116
0.8665308952331543
0.9265694618225098
0.8982481360435486
0.8748987317085266
no squeeze
19.796199798583984
6.598880290985107
4.5422749519348145
3.6790013313293457
2.901014804840088
2.538437604904175
2.006330966949463
1.7358359098434448
1.6403064727783203
1.7203258275985718
1.601447582244873
1.36667001247406
1.3445631265640259
1.2461086511611938
1.1314291954040527
1.1938692331314087
0.9882307052612305
1.2272491455078125
1.1058740615844727
1.034959316253662
0.9501491189002991
0.9288489818572998
0.9421564936637878
0.9292201399803162
0.9797087907791138
0.8598942756652832
0.8781334161758423
0.8507195711135864
0.7986498475074768
0.8066824078559875
0.7308852076530457
0.7652791142463684
0.813359797000885
0.6940116882324219
0.7024444937705994
0.6523764729499817
0.816117525100708
0.7305469512939453
0.747269868850708
0.7580324411392212
0.6493593454360962
0.7459243535995483
0.8485668301582336
0.7706005573272705
0.7811735272407532
0.6600014567375183
0.6780065894126892
0.7252597212791443
0.6957016587257385
0.6474547982215881
0.5859227180480957
0.5872707366943359
0.5389626026153564
0.5993636250495911
0.6157621145248413
0.6664528250694275
0.5631073713302612
0.5861261487007141
0.6838531494140625
0.5806665420532227
0.5731826424598694
0.536760151386261
0.4474368393421173
0.5322014689445496
0.5452812910079956
0.49040916562080383
0.5851325392723083
0.4904497265815735
0.46387752890586853
0.49758926033973694
0.4956858158111572
0.43128135800361633
0.4536963999271393
0.5340024828910828
0.47879305481910706
0.46092739701271057
0.49907901883125305
0.4898267388343811
0.420704185962677
0.42445141077041626
0.46523523330688477
0.4457440674304962
0.45916351675987244
0.3951939642429352
0.4325006604194641
0.42487192153930664
0.41044044494628906
0.39049404859542847
0.3448718786239624
0.45324817299842834
0.44924846291542053
0.40767741203308105
0.36175835132598877
0.3777771592140198
0.3433362543582916
0.37668555974960327
0.37340304255485535
0.37291431427001953
0.3645905554294586
0.385372519493103
0.347065269947052
0.3658434748649597
0.32254108786582947
0.36952582001686096
0.3164840042591095
0.35701659321784973
0.30675485730171204
0.3825591504573822
0.3207365870475769
0.3045048713684082
0.4145786166191101
0.3799268901348114
0.3346445560455322
0.3199251890182495
0.34404343366622925
0.37086743116378784
0.3166278004646301
0.3136003315448761
0.3408719003200531
0.3073746860027313
no squeeze
17.365196228027344
2.6845109462738037
2.2710349559783936
2.7421634197235107
1.7449578046798706
3.1232786178588867
1.6375744342803955
1.0938712358474731
2.0829360485076904
1.3401639461517334
1.78165864944458
1.3577150106430054
1.5370867252349854
1.7098631858825684
1.4783059358596802
1.9075137376785278
1.5550612211227417
1.2950026988983154
