no squeeze
2.155796766281128
0.1253208965063095
0.08885843306779861
0.03696438670158386
0.03218407928943634
0.023555852472782135
0.022937262430787086
0.02168809436261654
0.021630527451634407
0.021350178867578506
0.02130102925002575
0.02132386900484562
0.021307041868567467
0.02125314436852932
0.021313918754458427
0.021262768656015396
no squeeze
1.691845417022705
0.14245066046714783
0.11325746029615402
0.07963687181472778
0.07820659130811691
0.07346947491168976
0.07279907166957855
0.07163702696561813
0.07152558863162994
0.07164915651082993
0.07137081027030945
0.07121396064758301
0.07121080905199051
0.07111067324876785
0.07098864763975143
0.07170994579792023
0.07125955820083618
0.07103705406188965
no squeeze
2.006763458251953
0.14612329006195068
0.0980251356959343
0.03713395074009895
0.03160696476697922
0.01957971788942814
0.01776219718158245
0.012781450524926186
0.011761123314499855
0.008954094722867012
0.008375403471291065
0.006684709805995226
0.006350124720484018
0.005322013981640339
0.005091088358312845
0.004399041645228863
0.004279245622456074
0.00383733119815588
0.00372709590010345
0.00338250445201993
0.003317437833175063
0.003102339571341872
0.0030492236837744713
0.0028698830865323544
0.002849225653335452
0.0026873513124883175
0.002682324266061187
0.00256312545388937
0.00255199964158237
0.002460257615894079
0.0024320532102137804
0.0023613451048731804
0.0023390569258481264
0.0022991581354290247
0.0022871973924338818
0.002231977880001068
0.002228007186204195
0.002184997545555234
0.0021731206215918064
0.0021448193583637476
0.0021392996422946453
0.0021121548488736153
0.002107718726620078
0.0020967614836990833
0.002072371309623122
0.002047169953584671
0.002054033102467656
0.0020286610815674067
0.0020247874781489372
0.002003190340474248
0.001994457794353366
0.0020051461178809404
0.001991185825318098
0.0019880388863384724
0.0019739314448088408
0.0019584749825298786
0.0019447474041953683
0.001939356909133494
0.0019302376313135028
0.0019326601177453995
0.0019356879638507962
0.0019170241430401802
0.0019153011962771416
0.0019213363993912935
0.00191442109644413
0.0019141511293128133
0.0019096489995718002
0.0018967227078974247
0.0018995326245203614
0.001885317382402718
0.0018825464649125934
0.0018739034421741962
0.0018766557332128286
0.0018828017637133598
no squeeze
2.2588188648223877
0.41678357124328613
0.35066577792167664
0.25716355443000793
0.2476022094488144
0.22427521646022797
0.2203880399465561
0.2075929045677185
0.20512475073337555
0.19732017815113068
0.19470438361167908
0.18812626600265503
0.18587899208068848
0.18269777297973633
0.1803818643093109
0.1756225973367691
0.17511813342571259
0.17097215354442596
0.17183218896389008
0.1657784879207611
0.1647278368473053
0.16111083328723907
0.1601986140012741
0.15598194301128387
0.1549142301082611
0.15179960429668427
0.15012383460998535
0.1440325826406479
0.1436726152896881
0.13701125979423523
0.13487577438354492
0.12854298949241638
0.1267876774072647
0.12013871222734451
0.11718302965164185
0.10890431702136993
0.10728100687265396
0.10336587578058243
0.10116393119096756
0.09692246466875076
0.09722752124071121
0.09476979076862335
0.09439406543970108
0.09331674873828888
0.09334680438041687
0.09217870235443115
0.0925772562623024
0.09157495200634003
0.09141713380813599
0.09089566022157669
0.090972900390625
0.09087070822715759
0.09011499583721161
0.08971220254898071
0.08935290575027466
0.08922862261533737
0.08921626955270767
0.08850419521331787
0.08842881768941879
0.08795032650232315
0.0878261923789978
0.08748503774404526
0.08808422833681107
0.08750436455011368
no squeeze
2.0329995155334473
0.2815629541873932
0.2352653294801712
0.16787298023700714
0.1596905142068863
0.1388428956270218
0.13482971489429474
0.12175393849611282
0.1187237799167633
0.10979834198951721
0.10783021152019501
0.10317040234804153
0.10176307708024979
0.09889543056488037
0.0982908308506012
0.09656880795955658
0.09598318487405777
0.09554482996463776
0.09475389122962952
0.09377983957529068
0.09418591111898422
0.09289351105690002
0.09308193624019623
0.09252433478832245
0.09248694032430649
0.09161315858364105
0.09162095934152603
0.09135616570711136
0.09128549695014954
0.09139762073755264
0.09137978404760361
0.09032948315143585
0.09039007872343063
0.09109707921743393
no squeeze
2.0285770893096924
0.22076202929019928
0.20919063687324524
0.20170028507709503
0.19946613907814026
0.19848404824733734
0.19551831483840942
0.20737731456756592
0.20087847113609314
0.19420990347862244
0.19328147172927856
0.19323842227458954
0.19412748515605927
0.19391930103302002
