no squeeze
3.6151344776153564
0.23363249003887177
0.15890465676784515
0.05474013090133667
0.046624016016721725
0.0336027592420578
0.032352205365896225
0.030348267406225204
0.03011719323694706
0.02987012080848217
0.029814496636390686
0.029831422492861748
0.02982012927532196
0.029879573732614517
no squeeze
3.433925151824951
0.5056949257850647
0.4431973695755005
0.35702019929885864
0.34828776121139526
0.3283812999725342
0.3260901868343353
0.3193648159503937
0.31829747557640076
0.31497445702552795
0.3143415153026581
0.31448855996131897
0.31319448351860046
0.3132454752922058
0.31388553977012634
0.31483522057533264
no squeeze
3.8120906352996826
0.464846670627594
0.3522588908672333
0.17034901678562164
0.1475495845079422
0.09349276125431061
0.08458724617958069
0.06013812497258186
0.05587013065814972
0.04397592321038246
0.04171394929289818
0.03532599285244942
0.03388917073607445
0.029897309839725494
0.029105300083756447
0.026444649323821068
0.026006493717432022
0.024368928745388985
0.02396906353533268
0.022680874913930893
0.02248474769294262
0.021607346832752228
0.021457485854625702
0.02081899717450142
0.020627090707421303
0.020145811140537262
0.019998081028461456
0.01959993876516819
0.019465966150164604
0.01913772150874138
0.019083870574831963
0.018796155229210854
0.018699198961257935
0.018537458032369614
0.018428277224302292
0.018266718834638596
0.018170220777392387
0.017920413985848427
0.017961671575903893
0.017781397327780724
0.017746424302458763
0.017608409747481346
0.017555784434080124
0.017459677532315254
0.017413754016160965
0.017324848100543022
0.017315078526735306
0.017288338392972946
0.017213597893714905
0.017146984115242958
0.01707652397453785
0.017010323703289032
0.016984127461910248
0.016967549920082092
0.016960103064775467
0.016863152384757996
0.016881056129932404
0.016866395249962807
no squeeze
3.952312469482422
1.3563228845596313
1.1910609006881714
0.9006996750831604
0.8627039194107056
0.7628005743026733
0.7430694103240967
0.6843643188476562
0.6727972626686096
0.6317039728164673
0.6234683990478516
0.5948980450630188
0.5878966450691223
0.5670276880264282
0.5611512064933777
0.5437634587287903
0.5396233797073364
0.5250447988510132
0.5217558145523071
0.5116450190544128
0.5078952312469482
0.5000573396682739
0.4984871447086334
0.4876517653465271
0.4850681722164154
0.47857943177223206
0.4767211675643921
0.4689905345439911
0.4679732024669647
0.4602842330932617
0.4582754969596863
0.45258572697639465
0.45060619711875916
0.4438355267047882
0.44185638427734375
0.43536922335624695
0.43299418687820435
0.4256947934627533
0.42321282625198364
0.41618579626083374
0.41429805755615234
0.4065306484699249
0.4055207371711731
0.3978590667247772
0.3962000906467438
0.3905118405818939
0.38979366421699524
0.38563862442970276
0.3846553564071655
0.3805133104324341
0.37946727871894836
0.3762357831001282
0.3753680884838104
0.3742431104183197
0.37263670563697815
0.37108027935028076
0.37070566415786743
0.36893993616104126
0.3675665557384491
0.3662033975124359
0.3666475713253021
0.3638668656349182
0.36425286531448364
0.36255910992622375
0.3618948757648468
0.36101967096328735
0.36006829142570496
0.3593605160713196
0.3601663112640381
0.356330007314682
0.35758113861083984
0.3558087646961212
0.35576701164245605
0.35495641827583313
0.3544853925704956
0.35263192653656006
0.35242655873298645
0.3548243045806885
0.3523298501968384
0.35049986839294434
0.35009342432022095
0.3492383360862732
0.34780997037887573
0.3486652374267578
0.34816378355026245
0.34679797291755676
0.34689024090766907
0.3469395041465759
no squeeze
3.8597006797790527
0.8451932668685913
0.7393689751625061
0.563922643661499
0.5408540964126587
0.48491159081459045
0.47548002004623413
0.448414146900177
0.44294530153274536
0.4269822835922241
0.4239863455295563
0.4114750325679779
0.40918007493019104
0.39996975660324097
0.3979490101337433
0.39016276597976685
0.38857099413871765
0.3814046084880829
0.3810940980911255
0.37462615966796875
0.3743191063404083
0.37182480096817017
0.36974531412124634
0.3660849630832672
0.36545470356941223
0.36385577917099
0.3626353144645691
0.36158275604248047
0.36073529720306396
0.3598692715167999
0.3588815927505493
0.35692691802978516
0.3573356568813324
0.35575640201568604
0.35525891184806824
0.35624071955680847
0.35452136397361755
0.3539210259914398
0.3538517355918884
0.35304713249206543
0.3533950746059418
0.35331884026527405
no squeeze
3.4061660766601562
0.6955172419548035
0.6663252711296082
0.6484519839286804
0.6471512317657471
0.6483420729637146
0.647731602191925
0.6464614868164062
0.6476702094078064
0.6468977928161621
