no squeeze
27.14891242980957
5.190499782562256
2.700847864151001
1.871945858001709
1.8004076480865479
1.5792279243469238
1.8558062314987183
1.470581293106079
1.5978343486785889
1.3870428800582886
1.1537548303604126
1.323876976966858
1.4720247983932495
1.6401863098144531
1.8287218809127808
1.3766721487045288
1.0371443033218384
1.1375784873962402
1.2215420007705688
1.3704349994659424
1.2894519567489624
1.3184140920639038
1.0639159679412842
1.1038132905960083
1.6117459535598755
1.4357236623764038
1.3158366680145264
no squeeze
23.555940628051758
5.801303386688232
3.1222927570343018
2.873241424560547
1.8718980550765991
2.2119808197021484
2.2656073570251465
1.6051981449127197
2.193114995956421
1.7449684143066406
1.7034498453140259
1.9319825172424316
2.163947343826294
1.5719377994537354
1.3327891826629639
1.2725886106491089
1.3235770463943481
1.3173238039016724
1.5085413455963135
1.429919958114624
1.1912455558776855
1.251267910003662
1.5619521141052246
1.3523082733154297
1.2131719589233398
1.5412013530731201
1.2216668128967285
1.1505898237228394
1.4940236806869507
1.4220354557037354
1.2778306007385254
1.3090112209320068
1.0805549621582031
1.175571322441101
1.0993794202804565
1.1941975355148315
1.1588335037231445
1.6062958240509033
1.517289400100708
1.5030492544174194
1.0544060468673706
1.0802979469299316
1.4839948415756226
1.3703980445861816
1.251800775527954
1.2299284934997559
1.25425386428833
1.1359328031539917
1.2559235095977783
1.3789020776748657
0.8457789421081543
1.3518714904785156
1.1694532632827759
1.3580971956253052
0.9848449230194092
1.3520435094833374
1.182531476020813
1.2499099969863892
0.9669240117073059
1.1787101030349731
1.0468623638153076
no squeeze
32.60948944091797
10.805419921875
5.957901477813721
4.228262424468994
3.2672672271728516
2.767012119293213
3.700331926345825
3.226490020751953
3.712592601776123
2.333137273788452
2.0553994178771973
2.8255014419555664
2.2509524822235107
2.5589611530303955
2.3600993156433105
2.4035685062408447
2.2429721355438232
2.0336854457855225
2.717456579208374
2.1649506092071533
2.227954864501953
2.835691213607788
2.155991792678833
1.6037336587905884
2.4193813800811768
1.8896089792251587
1.5305507183074951
1.5635133981704712
1.59067964553833
2.5197794437408447
1.8802508115768433
2.1957459449768066
2.7363765239715576
1.6940797567367554
1.6302217245101929
2.0256457328796387
1.9467207193374634
no squeeze
30.66027069091797
10.221573829650879
6.398951530456543
4.790674686431885
3.7504220008850098
3.079141139984131
2.8975484371185303
2.591468095779419
2.3756368160247803
2.1451427936553955
1.9420809745788574
1.9827812910079956
1.875927209854126
1.8570353984832764
1.8982945680618286
1.8115414381027222
1.6208711862564087
1.607541799545288
1.644035816192627
1.4124045372009277
1.4526739120483398
1.3983404636383057
1.355607271194458
1.2868491411209106
1.2293739318847656
1.2738838195800781
1.280105710029602
1.1997058391571045
1.1357613801956177
1.2058271169662476
1.1676297187805176
1.0709270238876343
1.1002781391143799
1.118350625038147
1.1548490524291992
1.0603981018066406
1.0406399965286255
1.0788825750350952
0.9799559712409973
1.031902551651001
1.0591189861297607
1.001875638961792
0.9514365196228027
0.9065113067626953
0.930261492729187
0.9551903605461121
0.88764488697052
0.9068167805671692
1.0683276653289795
0.7913239598274231
0.9697754979133606
0.8726778030395508
0.925510048866272
0.9835030436515808
0.813529908657074
0.9217933416366577
0.841138482093811
0.8063011765480042
0.8516455292701721
0.7169084548950195
0.9172258377075195
0.8250710368156433
0.9393997192382812
0.8020421862602234
0.786154568195343
0.8353588581085205
0.7338027954101562
0.6634988784790039
0.7484328150749207
0.7810634970664978
0.857578694820404
0.8515110611915588
0.710019588470459
0.711496114730835
0.8027788996696472
0.7124346494674683
0.6934305429458618
0.6774795055389404
no squeeze
24.188499450683594
7.447851181030273
4.385703086853027
3.0868616104125977
2.4271457195281982
2.16338849067688
1.8063228130340576
1.8111659288406372
1.6085529327392578
1.64167058467865
1.4214556217193604
1.4018983840942383
1.3975141048431396
1.2108627557754517
1.1411641836166382
1.1721340417861938
1.1704339981079102
1.1040130853652954
1.2348982095718384
1.1142005920410156
1.087144374847412
1.1184477806091309
1.2209751605987549
1.4541982412338257
1.010837435722351
0.9334984421730042
0.9984214901924133
1.0433837175369263
1.0617458820343018
0.9681705832481384
0.9491252303123474
0.9114457964897156
1.01848566532135
0.853123128414154
0.8497381806373596
1.1063421964645386
0.9237059354782104
0.9028841257095337
1.0072691440582275
0.8871942758560181
0.8106074929237366
0.8127434253692627
0.8318929076194763
0.7751644253730774
0.8142796754837036
0.8227437734603882
0.7632629871368408
0.7273305654525757
0.9636715054512024
0.7744094729423523
0.6591956615447998
0.7505642771720886
0.6238371133804321
0.7257473468780518
0.782383382320404
0.7260967493057251
0.7663435339927673
0.7521883249282837
0.7127605676651001
0.6834878325462341
0.7151976227760315
0.6316906809806824
0.6526792645454407
no squeeze
20.516456604003906
3.5667779445648193
1.6852489709854126
2.047799825668335
1.1441224813461304
1.7699172496795654
2.2030677795410156
1.8703280687332153
1.5685700178146362
1.0998653173446655
3.0674805641174316
1.4856507778167725
1.1182968616485596
1.7969996929168701
1.341533899307251
1.2899019718170166
1.2299537658691406
1.479643702507019
1.6252937316894531
1.8583804368972778
