no squeeze
49.49414825439453
10.115650177001953
8.140477180480957
4.902449131011963
4.462533473968506
3.426194190979004
3.2585413455963135
2.8222708702087402
2.7463724613189697
2.5358316898345947
2.497849702835083
2.3965554237365723
2.376862049102783
2.3216240406036377
2.3137238025665283
2.2825376987457275
2.2769906520843506
2.2613229751586914
2.257302761077881
2.245668888092041
2.243278980255127
2.2367913722991943
2.237135171890259
2.2298223972320557
2.2299487590789795
2.2278058528900146
2.230543851852417
2.222519874572754
2.222590446472168
2.2235894203186035
no squeeze
51.65627670288086
15.422176361083984
11.648996353149414
6.140122413635254
5.486485958099365
3.979008197784424
3.7390472888946533
3.1174566745758057
3.0149590969085693
2.7326102256774902
2.6850414276123047
2.5569212436676025
2.536045789718628
2.4755165576934814
2.463552236557007
2.4361350536346436
2.4272091388702393
2.405874252319336
2.4031848907470703
2.3900420665740967
2.3885536193847656
2.380544900894165
2.3793561458587646
2.3745064735412598
2.3780059814453125
2.3804049491882324
no squeeze
50.077659606933594
13.70424747467041
10.410134315490723
5.501424312591553
4.9315900802612305
3.504385471343994
3.2407712936401367
2.4687552452087402
2.3129079341888428
1.822972297668457
1.7186839580535889
1.3822389841079712
1.3096787929534912
1.0747559070587158
1.0236637592315674
0.8559421896934509
0.8195508718490601
0.7004389762878418
0.6741567850112915
0.5866755247116089
0.5678184032440186
0.504170298576355
0.49013468623161316
0.44389477372169495
0.4332233667373657
0.3970494568347931
0.38914579153060913
0.3614834249019623
0.3553229570388794
0.3348393142223358
0.3297608494758606
0.3123733103275299
0.3088419735431671
0.2957518696784973
0.2925676703453064
0.2810671329498291
0.2788662910461426
0.2707352936267853
0.2683643102645874
0.26070311665534973
0.25895294547080994
0.2525726556777954
0.2512942850589752
0.2460891604423523
0.24477338790893555
0.24064727127552032
0.23955471813678741
0.23596422374248505
0.2352360337972641
0.23205269873142242
0.23126818239688873
0.22872553765773773
0.2282952219247818
0.22569681704044342
0.22513119876384735
0.2236175239086151
0.2229553610086441
0.22103673219680786
0.22080601751804352
0.2192169725894928
0.21894334256649017
0.2178822010755539
0.2177913784980774
0.21643534302711487
0.21624991297721863
0.21525850892066956
0.21500535309314728
0.21436212956905365
0.21416634321212769
0.21341605484485626
0.2134207934141159
0.21259057521820068
0.21245421469211578
0.21189135313034058
0.2118411362171173
0.21148759126663208
0.21110261976718903
0.21080787479877472
0.2105630338191986
0.21020589768886566
0.21020421385765076
0.20998618006706238
0.20988909900188446
0.2093619853258133
0.20938752591609955
0.20915073156356812
0.20890240371227264
0.2087225764989853
0.20872168242931366
0.2083929181098938
0.2082800418138504
0.2079315185546875
0.2079818844795227
0.20805363357067108
no squeeze
51.87451171875
34.57867431640625
30.163917541503906
18.808513641357422
17.287363052368164
13.743584632873535
13.164079666137695
11.608325958251953
11.302960395812988
10.389345169067383
10.196017265319824
9.577860832214355
9.445550918579102
9.002922058105469
8.898319244384766
8.557636260986328
8.473034858703613
8.204864501953125
8.143707275390625
7.921962261199951
7.878440856933594
7.680727481842041
7.633184432983398
7.469349384307861
7.431469440460205
7.292574882507324
7.262635231018066
7.131949424743652
7.098245143890381
6.977786540985107
6.948391437530518
6.840770244598389
6.8022308349609375
6.701468467712402
6.671159267425537
6.569533348083496
6.5398335456848145
6.444863319396973
6.4251861572265625
6.3193769454956055
6.293931484222412
6.1905598640441895
6.164493083953857
6.074522972106934
6.059495449066162
5.9489827156066895
5.919217109680176
5.822576999664307
5.8114519119262695
5.697470664978027
5.670307636260986
5.565619945526123
5.53939962387085
5.433903217315674
5.407313346862793
5.306230068206787
5.278325080871582
5.1800642013549805
5.1420392990112305
5.032391548156738
5.006588935852051
4.899503231048584
4.873479843139648
4.76616907119751
4.738617420196533
4.644314289093018
4.617054462432861
4.513940811157227
4.488473415374756
4.409269332885742
4.382089138031006
4.298460483551025
4.289946556091309
4.2137250900268555
4.200058937072754
4.139212608337402
4.125824928283691
4.0734992027282715
4.0697550773620605
4.025646209716797
4.013762474060059
3.9843971729278564
3.9842171669006348
3.950378894805908
3.9424540996551514
3.9178664684295654
3.917191505432129
3.90775203704834
3.8947365283966064
3.8773014545440674
3.870713710784912
3.8546621799468994
3.851710796356201
3.837808609008789
3.8323967456817627
3.818902015686035
3.821101188659668
3.8062994480133057
3.8008716106414795
3.7956008911132812
3.788074493408203
3.7768023014068604
3.771897792816162
3.7601699829101562
3.7594692707061768
3.750998020172119
3.7461094856262207
3.735034942626953
3.7300045490264893
3.723845958709717
3.7210729122161865
3.717914581298828
3.7140285968780518
3.701188802719116
3.6999170780181885
3.6947038173675537
3.686357259750366
3.6966326236724854
3.6784849166870117
3.667855739593506
3.667417526245117
3.6574175357818604
3.6567656993865967
3.658081531524658
3.6488330364227295
3.6365950107574463
3.6392123699188232
3.624725818634033
3.6232798099517822
3.6155803203582764
3.616072177886963
3.6155624389648438
3.605412006378174
3.5969314575195312
3.6109278202056885
3.5929291248321533
3.587376594543457
3.5804288387298584
3.580503463745117
3.571089744567871
3.565250873565674
3.5651299953460693
3.5586655139923096
3.55662202835083
3.5543434619903564
3.5454823970794678
3.54158353805542
3.5473885536193848
3.547870635986328
3.5310745239257812
3.5296361446380615
3.5191352367401123
3.5139644145965576
3.5154006481170654
3.5111734867095947
3.5055272579193115
3.5076963901519775
3.493779182434082
3.4965837001800537
3.4957737922668457
no squeeze
52.16762161254883
17.03110122680664
15.372116088867188
11.524097442626953
10.905220031738281
9.129302024841309
8.774540901184082
7.687419891357422
7.470574855804443
6.7913899421691895
6.656276226043701
6.2081074714660645
6.1219635009765625
5.7938151359558105
5.738569259643555
5.475703716278076
5.404388427734375
5.1990227699279785
5.1528239250183105
4.989445686340332
4.951726913452148
4.813508033752441
4.784019470214844
4.670931816101074
4.643464088439941
4.5562663078308105
4.5403008460998535
4.456475734710693
4.4412713050842285
4.375729084014893
4.36561918258667
4.3106842041015625
4.301488876342773
4.255120754241943
4.239152431488037
4.20089054107666
4.193087577819824
4.159191131591797
4.147213935852051
4.125333786010742
4.111651420593262
4.084197998046875
4.073594093322754
4.055881023406982
4.050521373748779
4.028682231903076
4.018245697021484
4.003553867340088
3.9959189891815186
3.9802048206329346
3.971717357635498
3.974012851715088
3.9568307399749756
3.9357378482818604
3.929229259490967
3.922729969024658
3.9194753170013428
3.909336566925049
3.899501323699951
3.8955609798431396
3.8878748416900635
3.8784139156341553
3.875166893005371
3.864104747772217
3.86538028717041
3.8563153743743896
3.856154680252075
3.840911865234375
3.8382065296173096
3.8341519832611084
3.831486701965332
3.82291841506958
3.8238027095794678
3.827440023422241
no squeeze
47.815792083740234
10.208130836486816
9.510477066040039
8.899791717529297
8.856390953063965
8.783369064331055
8.774117469787598
8.758930206298828
8.771595001220703
8.763601303100586
