no squeeze
30.37744140625
7.611340045928955
3.8817389011383057
2.7081663608551025
2.0473968982696533
1.6528555154800415
1.4449377059936523
1.6607192754745483
1.2804327011108398
1.2241216897964478
1.1454887390136719
1.2729572057724
1.219141960144043
0.9781627058982849
0.8763929009437561
1.0648006200790405
1.4611269235610962
1.0504634380340576
1.0304685831069946
1.3558459281921387
0.9187928438186646
1.0123023986816406
0.999164342880249
1.0674707889556885
1.0357661247253418
no squeeze
28.044776916503906
6.36088228225708
3.1561410427093506
1.7164130210876465
1.153903841972351
0.8770366311073303
1.001987338066101
0.7195385694503784
0.4406786262989044
0.3776632845401764
0.3345792889595032
0.21519024670124054
0.47444847226142883
0.3151453733444214
0.46947839856147766
0.6475200653076172
0.3069444000720978
0.4328453838825226
0.22822780907154083
0.4995836019515991
0.3393782675266266
0.3073779344558716
no squeeze
28.019886016845703
9.699164390563965
6.857172012329102
4.587014198303223
3.3927805423736572
2.6882691383361816
2.69638729095459
2.3078806400299072
2.004127025604248
1.9063565731048584
2.2317376136779785
3.234511375427246
1.9503189325332642
1.711167573928833
1.1368958950042725
0.8491095900535583
0.9431332945823669
0.9714699983596802
1.629960536956787
1.322226881980896
1.3663331270217896
1.2879904508590698
1.237296462059021
1.088114619255066
0.7949217557907104
0.8751261234283447
0.8246251940727234
0.670478343963623
0.5658294558525085
0.3893097937107086
0.5839223861694336
0.4823215901851654
0.35325953364372253
0.38422760367393494
0.593812108039856
0.3472565710544586
0.6820473074913025
0.618812620639801
0.9677867889404297
0.6668306589126587
0.36807528138160706
0.4423472285270691
0.6673847436904907
0.8319536447525024
0.4585574269294739
0.5457421541213989
no squeeze
32.17611312866211
13.009638786315918
8.9368314743042
7.040600299835205
5.836719512939453
4.510242938995361
3.8546130657196045
3.5790913105010986
3.1809310913085938
3.178055763244629
2.6760551929473877
2.6023597717285156
2.5456058979034424
2.322842597961426
2.4711081981658936
2.1793885231018066
2.06191086769104
2.0205235481262207
1.9373447895050049
1.9710743427276611
1.8301012516021729
1.9109994173049927
1.7270663976669312
1.6890232563018799
1.684378743171692
1.8308894634246826
1.7424625158309937
1.5825395584106445
1.7163399457931519
1.6268560886383057
1.4742563962936401
1.6445335149765015
1.5496095418930054
1.5843873023986816
1.431395173072815
1.3998757600784302
1.4016884565353394
1.3857359886169434
1.4117155075073242
1.3289916515350342
1.3681260347366333
1.4292429685592651
1.3708570003509521
1.2856593132019043
1.4791650772094727
1.3620768785476685
1.2826462984085083
1.1034295558929443
1.1963332891464233
1.0853079557418823
1.2734012603759766
1.1990938186645508
1.3309946060180664
1.0995122194290161
0.9122730493545532
1.1344066858291626
0.9960805773735046
1.004872441291809
1.0156383514404297
0.9398079514503479
0.9959088563919067
0.9310718774795532
0.9318538308143616
0.8583430647850037
0.8152367472648621
0.8157526254653931
0.7952628135681152
0.9354121088981628
0.8715397119522095
0.9497692584991455
0.9059410691261292
0.8555740714073181
0.8151106238365173
0.7266477346420288
0.7226990461349487
0.7286783456802368
0.699672520160675
0.7462592124938965
0.7724927663803101
0.6928004622459412
0.7042701840400696
0.638329803943634
0.7021570801734924
0.7675291299819946
0.7143707871437073
0.5793384909629822
0.6242053508758545
0.6030746698379517
0.7511603832244873
0.6853876113891602
0.6455484628677368
0.5191076993942261
0.6717780232429504
0.6552289724349976
0.7176764607429504
0.7106242179870605
0.552599310874939
0.6883969306945801
0.608969509601593
0.5880937576293945
0.5040977001190186
0.5817611217498779
0.4807935059070587
0.5023790001869202
0.4992254674434662
0.4578191637992859
0.4506831467151642
0.5449731945991516
0.4960690140724182
0.417907178401947
0.4811917543411255
0.5793977975845337
0.445274293422699
0.4337233006954193
0.4492703676223755
0.441278338432312
0.42061570286750793
0.40055936574935913
0.3759364187717438
0.4464566111564636
0.42834964394569397
0.44656527042388916
0.4033808410167694
0.44300004839897156
0.4414503276348114
0.43464720249176025
0.44799670577049255
0.4111526310443878
0.37814584374427795
no squeeze
31.15517234802246
10.508940696716309
6.706477165222168
4.863951206207275
3.767256021499634
3.2783851623535156
2.977942705154419
2.5113954544067383
2.3534975051879883
2.1763417720794678
2.0463693141937256
1.9857064485549927
1.9171867370605469
1.6677395105361938
1.6471554040908813
1.555739402770996
1.4031944274902344
1.4352155923843384
1.6034501791000366
1.3774651288986206
1.366498589515686
1.212012767791748
1.3081849813461304
1.266098141670227
1.2035067081451416
1.2699509859085083
1.1316232681274414
1.3944758176803589
1.222029685974121
1.1307013034820557
1.088862419128418
0.9570421576499939
0.9467355012893677
1.0224943161010742
0.9062706828117371
1.0436722040176392
0.9329075813293457
0.9680888056755066
1.0084985494613647
1.0619597434997559
0.9969304203987122
0.9927953481674194
0.8422709107398987
0.9299054741859436
1.0323677062988281
0.7401981353759766
0.7229180932044983
0.9878267645835876
0.9401934742927551
0.833085298538208
0.8199276328086853
0.8093591928482056
0.7620197534561157
0.7882546782493591
0.6966312527656555
0.7358435988426208
0.7492278218269348
0.6356670260429382
0.5665227770805359
0.604856550693512
0.7181282043457031
0.6900814771652222
0.7380082011222839
0.6901331543922424
0.6302531957626343
0.7910647988319397
0.7327953577041626
0.6741750836372375
0.7918249368667603
no squeeze
20.538833618164062
5.092494487762451
2.5490822792053223
2.5864439010620117
2.8531570434570312
3.2673959732055664
2.282588005065918
2.6519453525543213
2.8655683994293213
2.0204944610595703
2.566372871398926
2.9667282104492188
1.6903165578842163
2.375927209854126
3.1609513759613037
2.9513051509857178
1.5828019380569458
1.882411241531372
1.876347303390503
2.508051872253418
2.4243593215942383
1.7258845567703247
3.430446147918701
2.9287948608398438
1.7187087535858154
2.5917067527770996
2.1439437866210938
