no squeeze
763.5031127929688
498.2670593261719
431.96942138671875
223.47357177734375
188.16015625
112.36371612548828
101.7909927368164
73.61782836914062
68.37708282470703
52.174522399902344
48.79759216308594
37.87734603881836
35.53648376464844
27.830854415893555
26.146808624267578
20.562917709350586
19.34791374206543
15.301911354064941
14.422914505004883
11.47663402557373
10.839255332946777
8.711556434631348
8.243083953857422
6.67519474029541
6.330394268035889
5.1858696937561035
4.928030967712402
4.075089931488037
3.882112503051758
3.2439985275268555
3.1020350456237793
2.6232306957244873
2.5149807929992676
2.1467583179473877
2.0673727989196777
1.7866312265396118
1.726344347000122
1.5144654512405396
1.4660038948059082
1.3017648458480835
1.2640267610549927
1.1372387409210205
1.1082091331481934
1.0082370042800903
0.9858518242835999
0.9094095826148987
0.8913977742195129
0.8327340483665466
0.8182021975517273
0.7697451710700989
0.7598756551742554
0.7235312461853027
0.7152134776115417
0.6853692531585693
0.6789986491203308
0.6558408141136169
0.6504095196723938
0.6323623657226562
0.6280965209007263
0.6138455867767334
0.6102773547172546
0.5982707142829895
0.5954043865203857
0.5863968729972839
0.5841731429100037
0.5766294002532959
0.5750712752342224
0.5697125196456909
0.5674610733985901
0.5621359944343567
0.5604285001754761
0.5559304356575012
0.5551308393478394
0.5512482523918152
0.5506314039230347
0.5467653870582581
0.546078085899353
0.5431461334228516
0.5425898432731628
0.5397306680679321
0.5389860272407532
0.537360668182373
0.5359813570976257
0.5336504578590393
0.5335285663604736
0.5313032269477844
0.5308880805969238
0.529015302658081
0.5281903743743896
0.5269810557365417
0.5263144969940186
0.524784505367279
0.524627149105072
0.5224575996398926
0.5219818949699402
0.5212681889533997
0.5202780365943909
0.5191097259521484
0.5194349884986877
0.5176293253898621
0.517715334892273
0.5164919495582581
0.51549232006073
0.5142917633056641
0.5138759613037109
0.5134572386741638
0.5126181244850159
0.5115358233451843
0.5113433003425598
0.5109485387802124
0.5102910995483398
0.5093056559562683
0.5092807412147522
0.5084817409515381
0.507958173751831
0.5074150562286377
0.5073146820068359
0.5066051483154297
0.5060725808143616
0.5057892203330994
0.5055646300315857
0.5049578547477722
0.5050331950187683
0.5044245719909668
0.505035936832428
0.504180908203125
0.5032398700714111
0.5026921629905701
0.5025454163551331
0.5028232932090759
0.502104640007019
0.5012865662574768
0.5027216076850891
0.5025689005851746
no squeeze
765.3712158203125
597.76806640625
546.7373046875
341.2400207519531
294.9974365234375
181.10189819335938
165.98468017578125
132.39822387695312
127.15619659423828
113.25630187988281
110.77705383300781
103.48342895507812
102.0073013305664
97.34103393554688
96.34111785888672
93.02657318115234
92.26277923583984
89.65609741210938
89.03155517578125
86.93963623046875
86.45478057861328
84.71174621582031
84.303955078125
82.84219360351562
82.50225830078125
81.28921508789062
80.99322509765625
79.94898223876953
79.71416473388672
78.86878204345703
78.65467071533203
77.93710327148438
77.76934051513672
77.19149780273438
77.03524780273438
76.53842163085938
76.43412017822266
76.04813385009766
75.93779754638672
75.60140228271484
75.53851318359375
75.28417205810547
75.20592498779297
74.9953384399414
74.94831085205078
74.76509857177734
74.72744750976562
74.58484649658203
74.522216796875
74.38395690917969
74.35731506347656
74.27586364746094
74.24285888671875
74.17809295654297
74.13638305664062
74.0992660522461
74.04534912109375
73.99845886230469
73.98416900634766
73.93760681152344
73.91242980957031
73.85543823242188
73.86044311523438
73.85828399658203
no squeeze
766.7449340820312
586.0850830078125
533.11328125
327.7750244140625
285.0097961425781
181.32940673828125
167.08795166015625
132.3909912109375
126.0039291381836
106.38087463378906
102.57069396972656
90.00496673583984
87.16059112548828
77.87313079833984
75.8094711303711
68.5321273803711
66.82852172851562
60.64406967163086
59.1337776184082
53.590274810791016
52.2315559387207
47.184043884277344
45.92542266845703
41.268226623535156
40.11833953857422
35.88397979736328
34.836639404296875
30.97817039489746
30.039522171020508
26.597976684570312
25.75510597229004
22.691282272338867
21.942930221557617
19.24094581604004
18.589942932128906
16.235471725463867
15.673255920410156
13.639158248901367
13.161702156066895
11.445001602172852
11.031609535217285
9.577566146850586
9.235624313354492
8.01791000366211
7.734467506408691
6.73436164855957
6.495380878448486
5.690165042877197
5.4928364753723145
4.8257036209106445
4.668969631195068
4.125403881072998
4.000746726989746
3.570101737976074
3.467595100402832
3.1128768920898438
3.034684896469116
2.751552104949951
2.6846060752868652
2.453739643096924
2.401588201522827
2.210862636566162
2.1675961017608643
2.0143423080444336
1.9776464700698853
1.84678316116333
1.8168774843215942
1.7050317525863647
1.6809335947036743
1.5899908542633057
1.5686583518981934
1.4939924478530884
1.473142147064209
1.4026316404342651
1.3866735696792603
1.3255174160003662
1.3117799758911133
1.2619216442108154
1.247901201248169
1.199023723602295
1.1874668598175049
1.1439259052276611
1.1338039636611938
1.0964988470077515
1.0873774290084839
1.0507416725158691
1.0435742139816284
1.018100619316101
1.0074352025985718
0.9779899716377258
0.9703405499458313
0.9403925538063049
0.935096263885498
0.9112786650657654
0.9049781560897827
0.8818639516830444
0.8761392831802368
0.8545547127723694
0.8492032289505005
0.8302043080329895
0.8246553540229797
0.8075114488601685
0.802360475063324
0.7859451174736023
0.7814033031463623
0.7647779583930969
0.7605276107788086
0.7462922930717468
0.7420124411582947
0.7270908355712891
0.7236453890800476
0.7101354002952576
0.7067785859107971
0.6937257051467896
0.6900734305381775
0.6781972050666809
0.675530195236206
0.6651738286018372
0.6619904041290283
0.6503243446350098
0.6481446027755737
0.6396101713180542
0.6362391114234924
0.6260640025138855
0.6237772107124329
0.6154580116271973
0.6125596761703491
0.6045730113983154
0.6022613048553467
0.5928486585617065
0.5913614630699158
0.5832958221435547
0.5818064212799072
0.5747567415237427
0.5730662941932678
0.5666690468788147
0.5644627809524536
0.5585733652114868
0.5573345422744751
0.5521311163902283
0.5497269630432129
0.5436672568321228
0.5419336557388306
0.5365997552871704
0.534706711769104
0.5306610465049744
0.5291764736175537
0.5247709155082703
0.52323979139328
0.519149899482727
0.517755389213562
0.5134409666061401
0.5125203728675842
0.508205235004425
0.507370114326477
0.5029473304748535
0.5016512274742126
0.498890221118927
0.4982449412345886
0.49449390172958374
0.4945763349533081
0.49090853333473206
0.49042758345603943
0.4873197078704834
0.4868418574333191
0.4838451147079468
0.483107328414917
0.4809250235557556
0.48034152388572693
0.47764843702316284
0.47655120491981506
0.4744756519794464
0.4737229645252228
0.472182035446167
0.47144564986228943
0.4696710407733917
0.46918928623199463
0.46713513135910034
0.46661311388015747
0.4652811586856842
0.464389443397522
0.46292009949684143
0.46246272325515747
0.46105673909187317
0.4608961343765259
0.4596307575702667
0.45931556820869446
0.4577028751373291
0.45760735869407654
0.45648565888404846
0.45663243532180786
0.4551946818828583
0.454414963722229
0.4537106156349182
0.45345941185951233
0.45218315720558167
0.45190197229385376
0.45116692781448364
0.4512213170528412
0.4505237638950348
no squeeze
773.5546875
723.01904296875
701.1463623046875
561.982666015625
512.7512817382812
323.0477294921875
287.38214111328125
215.50881958007812
205.89389038085938
180.04747009277344
175.11146545410156
159.9181671142578
156.78330993652344
146.46083068847656
144.1514129638672
136.45045471191406
134.70004272460938
128.68948364257812
127.29484558105469
122.44127655029297
121.31405639648438
117.3814926147461
116.40638732910156
113.05803680419922
112.24917602539062
109.39175415039062
108.69083404541016
106.2389144897461
105.6170425415039
103.4032211303711
102.87956237792969
100.89967346191406
100.42683410644531
98.62974548339844
98.18092346191406
96.53898620605469
96.11328125
94.54159545898438
94.14804077148438
92.68416595458984
92.29414367675781
90.82420349121094
90.53783416748047
89.0834732055664
88.70887756347656
87.37268829345703
86.98709869384766
85.62279510498047
85.29625701904297
83.92650604248047
83.58903503417969
82.27738952636719
81.92418670654297
80.61720275878906
80.27747344970703
78.9758529663086
78.67174530029297
77.39119720458984
77.07026672363281
75.87417602539062
75.55083465576172
74.31764221191406
74.00032043457031
72.82671356201172
72.56741333007812
71.34089660644531
71.0573959350586
69.96576690673828
69.69204711914062
68.64237976074219
68.39509582519531
67.40059661865234
67.12329864501953
66.18587493896484
65.91474151611328
65.0379409790039
64.7800521850586
63.94218444824219
63.729454040527344
62.94298553466797
62.739009857177734
61.95149612426758
61.79110336303711
61.08269119262695
60.91415786743164
60.25246047973633
60.100826263427734
59.49637985229492
59.33945083618164
58.83290481567383
58.665401458740234
58.1321907043457
57.99204635620117
57.504356384277344
57.40057373046875
56.95578384399414
56.85392761230469
56.50223159790039
56.37153625488281
56.03544616699219
55.894283294677734
55.590267181396484
55.49110794067383
55.215457916259766
55.13127136230469
54.83784103393555
54.77070617675781
54.52706527709961
54.469852447509766
54.238128662109375
54.1720085144043
53.99088668823242
53.94050598144531
53.74993133544922
53.685508728027344
53.513328552246094
53.4700813293457
53.33165740966797
53.29489517211914
53.1417236328125
53.13265609741211
52.971282958984375
52.92969512939453
52.81818771362305
52.76951217651367
52.67985534667969
52.62349319458008
52.527793884277344
52.48461151123047
52.411773681640625
52.35971450805664
52.243831634521484
52.20610046386719
52.12250518798828
52.09658432006836
52.047149658203125
52.0067253112793
51.91688919067383
51.87602615356445
51.796871185302734
51.759525299072266
51.714115142822266
51.666542053222656
51.559303283691406
51.559749603271484
51.50819778442383
51.483848571777344
51.42734909057617
51.417198181152344
51.325199127197266
51.30754089355469
51.262577056884766
51.23808670043945
51.17569351196289
51.15876770019531
51.11050796508789
51.08905029296875
51.05741882324219
51.022769927978516
50.95027160644531
50.94107437133789
50.9413948059082
50.8721923828125
50.83006286621094
50.810142517089844
50.78829574584961
50.76929473876953
50.71072006225586
50.70779800415039
50.668128967285156
50.658687591552734
50.612648010253906
50.59459686279297
50.6019287109375
50.54981994628906
50.511600494384766
50.517276763916016
50.48594284057617
50.48340606689453
50.4600944519043
50.417415618896484
50.40894317626953
50.38137435913086
50.35157012939453
50.345863342285156
50.32297897338867
50.29116439819336
50.311622619628906
50.27849578857422
50.25919723510742
50.236000061035156
50.22252655029297
50.200870513916016
50.184814453125
50.14928436279297
50.13887023925781
50.1226692199707
50.100650787353516
50.084716796875
50.073944091796875
no squeeze
767.1364135742188
529.1350708007812
470.0337829589844
280.6162109375
247.59539794921875
179.0542755126953
170.59457397460938
148.5109405517578
144.17100524902344
130.4683837890625
127.52867889404297
117.91903686523438
115.79846954345703
108.67436218261719
107.10246276855469
101.75178527832031
100.52119445800781
96.28063201904297
95.30480194091797
91.93799591064453
91.1318130493164
88.36544036865234
87.71607208251953
85.46937561035156
84.923583984375
83.02175903320312
82.57233428955078
80.9687271118164
80.59583282470703
79.24720001220703
78.92484283447266
77.74162292480469
77.46096801757812
76.46209716796875
76.21513366699219
75.32889556884766
75.10575866699219
74.34307861328125
74.14481353759766
73.44471740722656
73.27605438232422
72.67208862304688
72.5175552368164
71.95104217529297
71.82324981689453
71.33516693115234
71.2011489868164
70.76104736328125
70.64364624023438
70.24458312988281
70.13569641113281
69.76211547851562
69.65735626220703
69.32915496826172
69.251953125
68.94219970703125
68.85845947265625
68.59154510498047
68.52491760253906
68.26744079589844
68.19100952148438
67.97415924072266
67.90058135986328
67.68685913085938
67.62167358398438
67.45825958251953
67.38670349121094
67.20272827148438
67.15306854248047
66.99247741699219
66.9596939086914
66.7837905883789
66.75143432617188
66.6115951538086
66.56594848632812
66.4704360961914
66.42192840576172
66.2739028930664
66.26348114013672
66.16699981689453
66.12281036376953
66.01669311523438
65.96395111083984
65.86580657958984
65.840576171875
65.7442626953125
65.725830078125
65.6703872680664
65.62503051757812
65.53406524658203
65.48939514160156
65.4283447265625
65.40220642089844
65.36102294921875
65.32063293457031
65.24164581298828
65.24131774902344
65.18136596679688
65.17447662353516
65.13404846191406
65.08692932128906
65.05326843261719
64.99874114990234
64.948486328125
64.94522094726562
64.88350677490234
64.86405944824219
64.83087158203125
64.81204223632812
64.80110931396484
64.75597381591797
64.73103332519531
64.70648956298828
64.68051147460938
64.64148712158203
64.59992980957031
64.59127807617188
64.5779800415039
64.56443786621094
64.55746459960938
64.51782989501953
64.47834014892578
64.45545196533203
64.46167755126953
64.43878936767578
64.42761993408203
64.39507293701172
64.42411804199219
64.38497161865234
64.34789276123047
64.33383178710938
64.30427551269531
64.2989501953125
64.28321838378906
64.26720428466797
64.257080078125
64.26365661621094
64.28705596923828
no squeeze
759.765625
403.5211181640625
335.3254699707031
200.26866149902344
187.6624298095703
159.7510986328125
155.03436279296875
141.96202087402344
139.5393524169922
132.78672790527344
131.49049377441406
127.90879821777344
127.24978637695312
125.39582824707031
125.09330749511719
124.07280731201172
123.90044403076172
123.4098129272461
123.3376235961914
122.99982452392578
122.99209594726562
122.70561981201172
122.65446472167969
122.50863647460938
122.46328735351562
122.3022232055664
122.27495574951172
122.15874481201172
122.13874816894531
122.05030059814453
122.12084197998047
122.01409149169922
121.97174072265625
121.88858032226562
121.87733459472656
121.87530517578125
121.82686614990234
121.83951568603516
121.7872085571289
121.75624084472656
121.78948211669922
121.75647735595703
