no squeeze
15.285460472106934
4.958044528961182
2.7248733043670654
1.5775941610336304
1.214451789855957
1.0488933324813843
0.6382370591163635
0.5772320628166199
0.4874728322029114
1.0245450735092163
0.7774417400360107
0.5545423030853271
0.31592339277267456
0.493175745010376
0.3003455400466919
0.33515384793281555
0.33309003710746765
0.4114985466003418
0.38850292563438416
0.34312885999679565
0.2688169777393341
0.3209698796272278
0.32565921545028687
0.3066980242729187
0.26338422298431396
0.2527022063732147
0.25764232873916626
0.30295541882514954
0.3110770583152771
0.39003145694732666
0.31625017523765564
0.35363277792930603
0.3776063323020935
0.3968297243118286
0.2238672375679016
0.20555232465267181
0.1717168092727661
0.21975314617156982
0.3431089222431183
0.24411050975322723
0.2618574798107147
0.25430917739868164
0.23261922597885132
0.20311759412288666
0.17287671566009521
0.20196090638637543
0.202236145734787
no squeeze
15.852745056152344
5.496707439422607
2.8632991313934326
1.7945512533187866
1.3532558679580688
1.3804142475128174
1.343896508216858
1.0434037446975708
0.869549036026001
0.8356202244758606
0.8249266147613525
1.0880308151245117
0.6844345331192017
0.7547471523284912
0.9186132550239563
1.0551549196243286
0.6449655294418335
0.7364786863327026
0.7617164254188538
0.5877842307090759
0.8402069807052612
0.6313199400901794
0.7788215279579163
0.5696318745613098
0.7168707251548767
0.6409755349159241
0.5633794069290161
0.5500342845916748
0.5844789743423462
0.5355589985847473
0.4813421070575714
0.788378894329071
0.5728740096092224
0.6304401755332947
0.6481741666793823
0.5711868405342102
0.39522838592529297
0.5850272178649902
0.46403539180755615
0.4566243290901184
0.4861660599708557
0.4884110987186432
0.5188432931900024
0.5235599279403687
0.6081379652023315
0.48465079069137573
0.4134569466114044
no squeeze
19.1562557220459
7.11784553527832
4.518246173858643
3.4137375354766846
2.402097225189209
2.0416347980499268
1.7252458333969116
1.6913901567459106
1.2942639589309692
1.2027103900909424
0.8711017966270447
1.2607840299606323
1.1098729372024536
1.383678674697876
1.6755781173706055
0.9213635325431824
0.574127197265625
0.8230438828468323
1.3628349304199219
0.7360074520111084
0.5331598520278931
0.5214837789535522
0.7967348694801331
0.6758095026016235
0.593462347984314
0.6669384241104126
0.536306619644165
0.3909795582294464
0.45068973302841187
0.3736634850502014
0.39998969435691833
0.5409995913505554
0.4014832079410553
0.30665671825408936
0.4698888957500458
0.4723789095878601
0.2921065092086792
0.2659088373184204
0.23197820782661438
0.1860586255788803
0.36831748485565186
0.3172566592693329
0.49368661642074585
0.824760377407074
0.30518633127212524
0.3584021031856537
0.6360923051834106
0.25640904903411865
0.15926748514175415
0.1945401281118393
0.17156735062599182
0.21260389685630798
0.22040310502052307
0.3223332464694977
0.17743241786956787
0.16391317546367645
0.3351130485534668
0.3924387991428375
0.391884982585907
no squeeze
17.166906356811523
7.340754508972168
5.550326824188232
4.4644246101379395
3.7565996646881104
3.1595652103424072
2.826917886734009
2.4087090492248535
2.2783236503601074
2.136169910430908
1.7349443435668945
1.5828642845153809
1.6228276491165161
1.4353916645050049
1.3932721614837646
1.3134032487869263
1.239249587059021
1.1894569396972656
1.2388302087783813
1.0679835081100464
1.1008646488189697
1.0993245840072632
0.9814428091049194
0.9861592054367065
1.0257422924041748
0.8791055083274841
0.9158185720443726
0.782164990901947
0.8455098271369934
0.8323367238044739
0.769839346408844
0.7894787192344666
0.956679105758667
0.7694995403289795
0.8173781037330627
0.7597962021827698
0.6928658485412598
0.699912965297699
0.6628331542015076
0.6818841695785522
0.6587502360343933
0.6396351456642151
0.7153016924858093
0.6743058562278748
0.675954282283783
0.689280092716217
0.6372811198234558
0.6672245264053345
0.6628251075744629
0.5815141201019287
0.6211414337158203
0.5786584615707397
0.585541307926178
0.5722350478172302
0.5856226086616516
0.609013020992279
0.5206282734870911
0.5289592742919922
0.546227216720581
0.5455319881439209
0.46389061212539673
0.49238571524620056
0.4630812108516693
0.4652414619922638
0.5122014284133911
0.4908381402492523
0.4241625666618347
0.4763272702693939
0.46810829639434814
0.465192973613739
0.4538978040218353
0.48819515109062195
0.43515777587890625
0.43126678466796875
0.4547562003135681
0.4468952417373657
0.3757690489292145
0.41216611862182617
0.42529553174972534
0.42327356338500977
0.44715777039527893
0.4168066680431366
0.3686334788799286
0.39137953519821167
0.40647321939468384
0.44998762011528015
0.3811168074607849
0.3741733729839325
0.3305933475494385
0.3621285557746887
0.35310080647468567
0.31924623250961304
0.2981421947479248
0.38559043407440186
0.33525314927101135
0.3412274718284607
0.33393144607543945
0.3698444664478302
0.34124475717544556
0.353626549243927
0.34895452857017517
0.3221997916698456
0.3251652419567108
no squeeze
15.74858570098877
5.996978759765625
3.8507039546966553
3.02777361869812
2.3825714588165283
1.8531209230422974
1.8338783979415894
1.5228240489959717
1.2998919486999512
1.1997861862182617
1.1875602006912231
1.025742769241333
1.0167714357376099
0.9336494207382202
0.9676244258880615
0.8832260966300964
0.9490002989768982
0.864090085029602
0.8409857749938965
0.7111319899559021
0.7392268776893616
0.7185416221618652
0.6147732734680176
0.6916541457176208
0.6343778371810913
0.6864029765129089
0.5931495428085327
0.6181919574737549
0.5763422250747681
0.5547205209732056
0.5981478095054626
0.5181179642677307
0.5272551774978638
0.5690065026283264
0.6237842440605164
0.5288792848587036
0.4979960024356842
0.5136747360229492
0.5444806814193726
0.4540267586708069
0.4758644700050354
0.5210816860198975
0.4529598355293274
0.4761180579662323
0.5861916542053223
0.4287349283695221
0.41221264004707336
0.3896729350090027
0.4093681871891022
0.4666943848133087
0.43479934334754944
0.4573744833469391
0.4063534438610077
0.41349726915359497
0.39699795842170715
0.34356990456581116
0.34321585297584534
0.33714643120765686
0.3591032028198242
0.5073004364967346
0.42869389057159424
0.3577536344528198
0.3578519821166992
0.369219034910202
0.3634042739868164
0.43822208046913147
0.31279096007347107
0.34041792154312134
0.3449919521808624
0.30819687247276306
0.33807694911956787
0.35376691818237305
0.31263411045074463
0.3288985788822174
0.29596349596977234
0.26732465624809265
0.2650791108608246
0.26445749402046204
0.30332523584365845
0.2689276933670044
0.2641634941101074
0.24991147220134735
0.2579077482223511
0.2957882583141327
0.24194107949733734
0.2575671374797821
0.24876715242862701
0.3096431493759155
0.25451555848121643
0.28288692235946655
0.24473993480205536
0.2387293577194214
0.3199647068977356
0.2191079556941986
0.25870874524116516
0.2652944028377533
0.24831685423851013
0.21630220115184784
0.22894062101840973
0.26237669587135315
0.24061381816864014
0.28871816396713257
0.21871136128902435
0.20747417211532593
0.24619686603546143
0.2496209293603897
0.26907145977020264
0.2187947779893875
0.26684167981147766
0.19793100655078888
0.21697190403938293
0.23606766760349274
0.25432324409484863
0.20875780284404755
0.21623143553733826
0.2541208565235138
0.2250739485025406
0.21777687966823578
0.2166084498167038
0.2377856820821762
no squeeze
12.420292854309082
3.757093667984009
1.7112761735916138
1.501996636390686
0.8918434977531433
0.6995490193367004
1.327059030532837
0.9659154415130615
0.7985727190971375
0.7084095478057861
0.9366586804389954
0.9078102707862854
1.143677830696106
0.7237394452095032
0.7682649493217468
1.0702868700027466
