no squeeze
1.1620315313339233
0.39529237151145935
0.20988379418849945
0.11618547141551971
0.06916170567274094
0.04852771386504173
0.037078939378261566
0.0307896938174963
0.023720089346170425
0.021464837715029716
0.014104176312685013
0.0157586932182312
0.011067709885537624
0.01074663084000349
0.009174376726150513
0.006880790926516056
0.006423264276236296
0.0053208512254059315
0.0064160763286054134
0.006092982832342386
0.007073902525007725
0.007294050417840481
0.006056986283510923
0.003629713086411357
0.0034495312720537186
0.0038068650756031275
0.005466311238706112
0.0024226547684520483
0.003166861366480589
0.002898914972320199
0.0028058832976967096
0.002339043188840151
0.005233348812907934
0.0021554932463914156
0.0028177290223538876
0.0019723724108189344
0.0017841713270172477
0.0011251629330217838
0.002010565949603915
0.0018275897018611431
0.0016118052881211042
0.002339084167033434
0.0010558826616033912
0.0010946006514132023
0.0011699198512360454
0.003874384332448244
0.0014025317505002022
0.0029139919206500053
0.0013259409461170435
0.0009980852482840419
0.006467875093221664
0.007274882402271032
0.0022928123362362385
0.001633262261748314
0.0007436629384756088
0.002235779771581292
0.0010208706371486187
0.0012078216532245278
0.0010900484630838037
0.001191028393805027
0.0023553455248475075
0.000831597310025245
0.0009231232688762248
0.0009238410275429487
0.0006548219826072454
0.003980980720371008
0.002552698366343975
0.0009920469019562006
0.001022796961478889
0.0008629988296888769
0.000528255186509341
0.0005486016161739826
0.0006386364693753421
0.0005186077323742211
0.0010496010072529316
0.010119535960257053
0.00581623800098896
0.003410171717405319
0.003265567822381854
0.00344409910030663
0.0037750934716314077
0.0035166763700544834
0.0009658116032369435
0.0009423719602636993
no squeeze
0.9559851288795471
0.4026056230068207
0.23034504055976868
0.1328379213809967
0.0943150743842125
0.07342012226581573
0.05438319593667984
0.04162644222378731
0.03774839639663696
0.03099455125629902
0.025576334446668625
0.025032514706254005
0.022510560229420662
0.017205018550157547
0.028530297800898552
0.018539302051067352
0.01633206009864807
0.014764916151762009
0.01437382586300373
0.018168671056628227
0.018306482583284378
0.014154013246297836
0.011651366949081421
0.014144682325422764
0.010345527902245522
0.012995286844670773
0.010268447920680046
0.01720503717660904
0.01002937089651823
0.009036194533109665
0.01011733990162611
0.011982392519712448
0.013552258722484112
0.016408564522862434
0.008540118113160133
0.007724123541265726
0.007609957363456488
0.007391755469143391
0.006337600294500589
0.007073461078107357
0.006344983819872141
0.00608744565397501
0.008350487798452377
0.008201127871870995
0.007814561016857624
0.006180001888424158
0.007364147808402777
0.008638768456876278
0.011052853427827358
0.006995663046836853
0.005516357254236937
0.00581370061263442
0.0078010340221226215
0.005127737298607826
0.00741425808519125
0.007296828553080559
0.006256297696381807
0.009789342060685158
0.008168946951627731
0.009972675703465939
0.00630122609436512
0.008201501332223415
0.006107280030846596
0.01035589911043644
no squeeze
1.2130345106124878
0.6079632043838501
0.3854422867298126
0.2547575533390045
0.17977191507816315
0.12698516249656677
0.09137161821126938
0.07745222747325897
0.06559707224369049
0.054693613201379776
0.048159774392843246
0.046928390860557556
0.03641843423247337
0.02671707049012184
0.02043643221259117
0.01864534616470337
0.019171541556715965
0.01861494593322277
0.016910605132579803
0.012853909283876419
0.011887222528457642
0.012583985924720764
0.01200241968035698
0.013435274362564087
0.009369098581373692
0.008588687516748905
0.00790840107947588
0.00738825649023056
0.0071971602737903595
0.006865412462502718
0.007039958611130714
0.007799171842634678
0.006884176284074783
0.005964160896837711
0.009816637262701988
0.006324985530227423
0.0042921691201627254
0.003928977996110916
0.005052349530160427
0.010263487696647644
0.004675691016018391
0.004401677753776312
0.003855821443721652
0.004541371017694473
0.0032882527448236942
0.002785924356430769
0.0024061661679297686
0.003804690670222044
0.004843093920499086
0.003384062321856618
0.002610493451356888
0.0036655382718890905
0.0028046835213899612
0.002519067842513323
0.0019326513865962625
0.0024956357665359974
0.0023632757365703583
0.0019938454497605562
0.0029697928112000227
0.005139347165822983
0.0029563922435045242
0.0014936543302610517
0.0015674092574045062
0.0011415701592341065
0.0018433931982144713
0.0015714217443019152
0.001406243653036654
0.0009378751274198294
0.0009611941641196609
0.0009442092850804329
0.001012489665299654
0.001089100376702845
0.0010289541678503156
0.0020597949624061584
0.0024012532085180283
0.001867756829597056
0.004771694540977478
0.0019741884898394346
no squeeze
1.2931020259857178
0.6972594261169434
0.563651442527771
0.47884422540664673
0.4225499629974365
0.37336063385009766
0.3316522240638733
0.30655789375305176
0.2768785059452057
0.24937371909618378
0.2305169254541397
0.21722857654094696
0.19947822391986847
0.18627983331680298
0.16885417699813843
0.163508802652359
0.15161313116550446
0.14591427147388458
0.13581018149852753
0.1293584704399109
0.12126751989126205
0.11102700233459473
0.10884307324886322
0.11791674047708511
0.0979798212647438
0.10241367667913437
0.09094049036502838
0.08791487663984299
0.0842243880033493
0.09123215824365616
0.0790129005908966
0.07392529398202896
0.0775892361998558
0.07043754309415817
0.06636321544647217
0.0705813392996788
0.06611984968185425
0.06547247618436813
0.060513935983181
0.059679388999938965
0.06535320729017258
0.06388245522975922
0.05983475223183632
0.05528682842850685
0.059503424912691116
0.054981473833322525
0.05513789877295494
0.05984034016728401
0.060099534690380096
0.05239206925034523
0.04729359596967697
0.049447063356637955
0.05034533888101578
0.04768155887722969
0.04840165749192238
0.04624250531196594
0.045668408274650574
0.04629863053560257
0.04686237871646881
0.04535014554858208
0.048327650874853134
0.046320244669914246
0.04084697738289833
0.03888599947094917
0.04464254900813103
0.04417802020907402
0.044578369706869125
0.040564801543951035
0.03892103210091591
0.043549858033657074
0.041563499718904495
0.04224804788827896
0.04252726584672928
0.04198792576789856
no squeeze
1.3752875328063965
0.5716254711151123
0.4019063711166382
0.3269035518169403
0.2603544592857361
0.21969787776470184
0.18454687297344208
0.16546157002449036
0.1480199098587036
0.12376024574041367
0.11911407113075256
0.10809274017810822
0.09444726258516312
0.09174239635467529
0.08124147355556488
0.07958558946847916
0.07159487903118134
0.0657523050904274
0.060579393059015274
0.0566658154129982
0.0517793707549572
0.051967501640319824
0.05156337842345238
0.04563966393470764
0.04498854652047157
0.050630807876586914
0.04745059087872505
0.044794805347919464
0.04242853447794914
0.03881446272134781
0.03550285845994949
0.03423959016799927
0.03310457244515419
0.03505084291100502
0.03482606261968613
0.029319070279598236
0.0320587195456028
0.03132167458534241
0.03076218254864216
0.02826942317187786
0.026239989325404167
0.03343779593706131
0.026355041190981865
0.02665555290877819
0.02365213632583618
0.02360115386545658
0.02510751225054264
0.02586996927857399
0.027718760073184967
0.02447780780494213
0.024127725511789322
0.023637987673282623
0.02463415078818798
0.02133963257074356
0.02204905077815056
0.0322401188313961
0.020326193422079086
0.023447120562195778
0.02128422074019909
0.02038499154150486
0.020272672176361084
0.027017606422305107
0.02249026671051979
0.01911473646759987
0.0186880212277174
0.01876622810959816
0.017589731141924858
0.01763465628027916
0.016662560403347015
0.01616673730313778
0.01642533577978611
0.015462251380085945
0.015587981790304184
0.01895952969789505
0.017320377752184868
0.014492493122816086
0.014972918666899204
0.01537241879850626
0.014494149945676327
0.014865255914628506
0.015283852815628052
0.01607619971036911
0.01674809493124485
0.017278989776968956
0.014745695516467094
0.014004473574459553
0.01506253331899643
0.015462414361536503
0.013859869912266731
0.01469928864389658
0.015399090945720673
0.014042571187019348
0.014065573923289776
0.013850975781679153
0.013641959987580776
0.012575270608067513
0.017565777525305748
0.013810996897518635
0.015632349997758865
0.014873964712023735
0.01422800961881876
0.01788567379117012
0.012711538933217525
0.015624099411070347
0.014196515083312988
0.013223201036453247
no squeeze
1.0465925931930542
0.4461943805217743
0.27418452501296997
0.21474969387054443
0.2061489075422287
0.18571802973747253
0.1935274451971054
0.14770866930484772
0.12278880178928375
0.10194607079029083
0.10881592333316803
0.16023866832256317
0.14995989203453064
0.1377207636833191
0.09284339845180511
0.09758903831243515
0.12478859722614288
0.0977165699005127
0.15472514927387238
0.1512642353773117
0.16222558915615082
0.11552397161722183
0.09673197567462921
0.09192850440740585
0.09393595159053802
0.08808142691850662
0.07502667605876923
0.06986384093761444
0.10850008577108383
0.08574443310499191
0.1549912542104721
0.11462264508008957
0.09352708607912064
0.10942912101745605
0.13072942197322845
0.22815446555614471
0.1176692396402359
0.08657627552747726
