no squeeze
16.938772201538086
3.8391239643096924
2.0301244258880615
1.4562385082244873
1.2274471521377563
1.213897943496704
1.0118422508239746
1.0994441509246826
1.1348153352737427
0.9237717390060425
1.1148871183395386
0.9493034482002258
0.998821496963501
0.8248564004898071
0.7849164009094238
1.0883848667144775
1.0847973823547363
0.939895510673523
0.8562387228012085
1.0191504955291748
0.9835067391395569
0.8128535151481628
0.7390401363372803
1.0586491823196411
1.1935206651687622
1.0515700578689575
0.9158539175987244
0.7252846956253052
0.8013119101524353
1.0134034156799316
0.8864541053771973
0.7802906036376953
0.7475572824478149
0.8045622706413269
0.8328396677970886
0.8211585283279419
0.7165088057518005
0.8926237225532532
0.8352119326591492
0.7236661314964294
0.8268715739250183
0.758148729801178
0.8819659352302551
0.6728203296661377
0.6972362995147705
0.7143540978431702
0.6805592775344849
0.5810301899909973
0.7814595103263855
0.8325997591018677
1.0468140840530396
0.8088852763175964
0.6499180197715759
0.6688327193260193
0.629865288734436
0.7858878374099731
0.8145528435707092
0.7924978733062744
no squeeze
23.056610107421875
4.472430229187012
2.403245449066162
1.738591194152832
1.7862392663955688
1.3850034475326538
1.325701355934143
1.0176206827163696
1.1256797313690186
1.1601970195770264
1.2811658382415771
0.9386160969734192
1.0728157758712769
1.1240313053131104
1.153235912322998
1.0833983421325684
1.2778464555740356
1.0732988119125366
1.0105043649673462
1.0950125455856323
1.0473624467849731
0.9402990937232971
no squeeze
18.93126106262207
6.723064422607422
3.6190993785858154
2.429616928100586
2.278911590576172
2.0089211463928223
2.1275527477264404
1.8700989484786987
2.116976737976074
2.346656560897827
1.485978126525879
2.3424324989318848
1.9717772006988525
1.450839638710022
2.181267261505127
2.4168736934661865
1.7117246389389038
1.6672031879425049
1.6827095746994019
2.9793288707733154
1.6330398321151733
1.2852234840393066
1.5021625757217407
1.6492195129394531
1.7277512550354004
1.1957389116287231
1.4779006242752075
1.378031611442566
1.5237582921981812
1.1483128070831299
1.266386866569519
1.2811622619628906
1.233537197113037
2.101922035217285
1.137433648109436
1.1955091953277588
1.0638421773910522
1.1235125064849854
2.0018811225891113
1.7319509983062744
1.245641827583313
1.3641419410705566
1.4372045993804932
1.4702659845352173
1.237326741218567
1.2651612758636475
1.2585644721984863
no squeeze
18.890066146850586
6.074667453765869
4.21476411819458
3.137505531311035
2.462503671646118
2.1230435371398926
1.865013599395752
1.5905152559280396
1.459391474723816
1.3575305938720703
1.2519792318344116
1.2967523336410522
1.1691828966140747
1.0624237060546875
1.117541790008545
1.0258688926696777
0.9258937835693359
0.9267723560333252
0.9698818325996399
0.8714007139205933
0.7752560973167419
0.8827330470085144
0.869499683380127
0.7928571105003357
0.7952495217323303
0.8705487847328186
0.7763775587081909
0.7169127464294434
0.7053253650665283
0.7020393013954163
0.6731837391853333
0.7621123194694519
0.7173424959182739
0.657530665397644
0.6738393902778625
0.6358206272125244
0.6450377106666565
0.6524046659469604
0.5660654306411743
0.651809811592102
0.6658379435539246
0.6207021474838257
0.6387529969215393
0.6690856218338013
0.6027019023895264
0.6032680869102478
0.5192406177520752
0.5309882164001465
0.6058405637741089
0.5950168967247009
0.5977529287338257
0.7065656781196594
0.5827411413192749
0.5351182222366333
0.5622109174728394
0.5651455521583557
0.5283218622207642
no squeeze
17.74103355407715
5.079403877258301
2.9961488246917725
2.2698702812194824
1.8717166185379028
1.591144323348999
1.5557633638381958
1.2019485235214233
1.171744465827942
1.1787790060043335
1.1101347208023071
1.084324836730957
0.9667932987213135
0.9808028340339661
0.9306347370147705
0.8325618505477905
0.7362854480743408
0.7848396897315979
0.741504967212677
0.7565080523490906
0.7280497550964355
0.7468407154083252
0.864249587059021
0.7240289449691772
0.7539619207382202
0.8776728510856628
0.7253544330596924
0.6512070298194885
0.6640523672103882
0.651512861251831
0.7283332347869873
0.7533254027366638
0.673457145690918
0.6705935597419739
0.6465103626251221
0.7159157991409302
0.5950575470924377
0.6340907216072083
0.7399394512176514
0.5541497468948364
0.6659938097000122
0.6343940496444702
0.6062003374099731
0.5160952806472778
0.572067379951477
0.6123802065849304
0.8605512976646423
0.6182770133018494
0.8639910817146301
0.5513588786125183
0.5292870402336121
0.6422353386878967
0.5434457063674927
0.7435882091522217
no squeeze
16.70111846923828
2.2481839656829834
1.5306898355484009
1.3186793327331543
1.4918574094772339
0.9443865418434143
1.2349034547805786
1.2359721660614014
1.2358620166778564
0.9895696043968201
1.2025789022445679
1.8465582132339478
1.4461989402770996
1.5167356729507446
1.1921517848968506
0.8490047454833984
0.7070178389549255
1.0161751508712769
1.0827362537384033
0.8654983043670654
1.1692399978637695
1.2855069637298584
0.8094647526741028
0.889575719833374
0.6213310360908508
1.1726384162902832
1.0830214023590088
0.7937290668487549
1.3555246591567993
1.0263469219207764
0.9199561476707458
1.163143277168274
0.9835576415061951
0.7282510995864868
0.8667448163032532
