no squeeze
1.645283818244934
0.07127642631530762
0.04365309327840805
0.01031916867941618
0.007698560133576393
0.003034242196008563
0.0025259582325816154
0.0015213522128760815
0.0013921638019382954
0.0010747989872470498
0.0010259882546961308
0.0008917964878492057
0.0008716859156265855
0.0008238152367994189
0.0008086517918854952
0.000772492028772831
0.0007729216595180333
0.0007471527787856758
0.0007427672971971333
0.0007351234089583158
0.0007277900585904717
0.0007168417214415967
0.0007202654960565269
0.0007072871667332947
0.0007087166304700077
0.0007068740087561309
0.0007054557208903134
0.0006947331712581217
0.0006931587704457343
0.0006932774558663368
0.0006976539152674377
0.0006976632284931839
no squeeze
1.8185200691223145
0.06245765462517738
0.040363915264606476
0.016765980049967766
0.015122984535992146
0.012218511663377285
0.01185245905071497
0.01101069524884224
0.010793781839311123
0.010246521793305874
0.010060261003673077
0.009661566466093063
0.00952756404876709
0.009285610169172287
0.009211068972945213
0.009120024740695953
0.009072085842490196
0.008980296552181244
0.008941524662077427
0.00891161896288395
0.008905320428311825
0.008886421099305153
0.008842800743877888
0.00882019568234682
0.008886056020855904
0.008889748714864254
no squeeze
2.2754814624786377
0.16045287251472473
0.10784833133220673
0.03999502211809158
0.03390682488679886
0.020049218088388443
0.017693588510155678
0.011705046519637108
0.010666118934750557
0.007738408166915178
0.007206021808087826
0.005547098349779844
0.005238267593085766
0.004291308578103781
0.004090089816600084
0.003419789019972086
0.003288869047537446
0.002851444762200117
0.0027637486346066
0.00243139429949224
0.0023681160528212786
0.0021307291463017464
0.0020712940022349358
0.0018654915038496256
0.0018185838125646114
0.001667182776145637
0.001633657026104629
0.0014811608707532287
0.0014550224877893925
0.0013494701124727726
0.001323286211118102
0.0012382258428260684
0.0012161092599853873
0.0011392568703740835
0.0011283246567472816
0.0010685548186302185
0.0010510282590985298
0.0009832847863435745
0.0009701870149001479
0.0009250750299543142
0.0009154706494882703
0.0008753700531087816
0.0008691676193848252
0.0008345108944922686
0.0008298871689476073
0.0008054948993958533
0.0007914497400633991
0.0007698730332776904
0.0007747508934698999
0.0007482162327505648
0.000742933654692024
0.0007361655589193106
0.0007247839821502566
0.000712099950760603
0.0007032733992673457
0.0006905511836521327
0.000694557442329824
0.0006821711431257427
0.0006839545676484704
0.0006701415404677391
0.0006681438535451889
0.0006651100120507181
0.0006617337348870933
0.0006579468608833849
0.0006540081813000143
0.0006502954056486487
0.0006481377640739083
0.0006523671909235418
0.0006420103018172085
0.0006376950186677277
0.0006356623489409685
0.0006353394710458815
0.000638049328699708
0.000629968533758074
0.0006356138619594276
0.0006308642332442105
no squeeze
2.210954427719116
0.4942357838153839
0.4174843728542328
0.27112871408462524
0.24927647411823273
0.19015371799468994
0.17779792845249176
0.1413426697254181
0.13325391709804535
0.10836049914360046
0.10284344851970673
0.08485066145658493
0.08076304197311401
0.06776630133390427
0.06486405432224274
0.05534595623612404
0.053222279995679855
0.04634038358926773
0.045001838356256485
0.040134429931640625
0.0390716977417469
0.03585219010710716
0.03520042076706886
0.03305606171488762
0.032901961356401443
0.03109007328748703
0.030853303149342537
0.029856575652956963
0.02992910146713257
0.028875024989247322
0.029277170076966286
0.02837757021188736
0.028378065675497055
0.028031207621097565
0.02837645262479782
0.027635084465146065
0.02769763208925724
0.02759288251399994
0.027366872876882553
0.02762504108250141
0.027342988178133965
0.027239931747317314
0.02718363143503666
0.02699357457458973
0.02680080011487007
0.027250641956925392
0.026712540537118912
0.026638232171535492
0.026807093992829323
0.0264058168977499
0.026099400594830513
0.026036590337753296
0.025997469201683998
0.02606556937098503
0.025743266567587852
0.025755662471055984
0.025782736018300056
0.025485141202807426
0.025709660723805428
0.02527735009789467
0.02522384189069271
0.024968618527054787
0.02505180612206459
0.02466583251953125
0.024625636637210846
0.02434193529188633
0.02451464533805847
0.024323390796780586
0.0243974719196558
0.02397584542632103
0.023977005854249
0.0242242980748415
no squeeze
2.646714925765991
0.23024873435497284
0.1694086343050003
0.0846901386976242
0.07519945502281189
0.05233708769083023
0.04837636649608612
0.03718111291527748
0.034970056265592575
0.028244739398360252
0.0269445963203907
0.02276051789522171
0.021987080574035645
0.01911117695271969
0.01853092573583126
0.016561521217226982
0.016146764159202576
0.014810113236308098
0.014480570331215858
0.013495039194822311
0.013268345035612583
0.01252039335668087
0.012325745075941086
0.011828145012259483
0.011688532307744026
0.011322890408337116
0.011207225732505322
0.010981435887515545
0.01085115410387516
0.010564864613115788
0.010490820743143559
0.010294551029801369
0.010261301882565022
0.010170168243348598
0.010115795768797398
0.01003522239625454
0.010002881288528442
0.009869944304227829
0.00981030985713005
0.009778445586562157
0.009704106487333775
0.009664594195783138
0.009638100862503052
0.009563528001308441
0.009525482542812824
0.009508153423666954
0.009467707946896553
0.009445253759622574
0.009456219151616096
0.009405972436070442
0.009470739401876926
0.009344244375824928
0.009469641372561455
0.009349815547466278
no squeeze
1.700420618057251
0.0667203739285469
0.05171367898583412
0.03541835397481918
0.034330785274505615
0.034872472286224365
0.034083038568496704
0.034003451466560364
0.03385438397526741
0.03367314860224724
0.0332443006336689
0.0328727588057518
0.032948851585388184
0.03643592447042465
