no squeeze
8.908804893493652
3.062913179397583
1.714395523071289
1.0834426879882812
0.7276763319969177
0.5887805223464966
0.5001398921012878
0.4796822667121887
0.43938103318214417
0.29392409324645996
0.2879931926727295
0.33358168601989746
0.37569406628608704
0.22455847263336182
0.22554491460323334
0.24767149984836578
0.3257301449775696
0.2227558046579361
0.21456699073314667
0.26216819882392883
0.1950865536928177
0.17877502739429474
0.15188081562519073
0.15960051119327545
0.18530459702014923
0.14405328035354614
0.2098972201347351
0.186287060379982
0.18568965792655945
0.1584770530462265
0.1586116999387741
0.1738290637731552
0.17170263826847076
0.21847482025623322
0.14181895554065704
0.1625911444425583
0.14010125398635864
0.24379752576351166
0.19120538234710693
0.1563657522201538
0.1769256442785263
0.12508055567741394
0.13061602413654327
0.17697758972644806
0.13875041902065277
0.13774782419204712
0.20845864713191986
0.16305895149707794
0.16114746034145355
0.1368231475353241
0.15661124885082245
0.1314464956521988
no squeeze
8.902233123779297
3.1481494903564453
1.6947675943374634
0.961396336555481
0.6185414791107178
0.3890743553638458
0.3289295732975006
0.3125273287296295
0.21905767917633057
0.13905635476112366
0.10160781443119049
0.21286197006702423
0.13723158836364746
0.09276209026575089
0.06884191930294037
0.09172219038009644
0.06505518406629562
0.073277547955513
0.04821695014834404
0.04443603381514549
0.06553568691015244
0.17040424048900604
0.1196010634303093
0.08516170084476471
0.05129588395357132
0.15869741141796112
0.07390426844358444
0.06992850452661514
0.04877664893865585
0.057608604431152344
no squeeze
11.428694725036621
4.243008136749268
2.623385429382324
1.8315976858139038
1.3870519399642944
1.0735480785369873
0.8432043194770813
0.7612557411193848
0.575206995010376
0.43093204498291016
0.44618189334869385
0.4327109158039093
0.4314765930175781
0.28529608249664307
0.29408666491508484
0.17793616652488708
0.2652533948421478
0.27161064743995667
0.20147210359573364
0.14090596139431
0.12939050793647766
0.20153731107711792
0.17826655507087708
0.13930672407150269
0.13923421502113342
0.06635796278715134
0.06599646061658859
0.07653049379587173
0.07639339566230774
0.06001552939414978
0.06695503741502762
0.06148390844464302
0.06664134562015533
0.07180851697921753
0.0837755799293518
0.11632765829563141
0.058284226804971695
0.07366254180669785
0.051514238119125366
0.058450449258089066
0.05431580916047096
0.05814821645617485
0.07167946547269821
0.05406218767166138
0.046129148453474045
0.034974709153175354
0.08714791387319565
0.19409476220607758
0.07004614174365997
0.07518864423036575
0.06584237515926361
0.05848633870482445
0.03339552879333496
0.051730331033468246
0.25043874979019165
0.05344928428530693
0.052443988621234894
0.03826094791293144
0.03487388417124748
0.048916347324848175
0.02606169506907463
0.05124488100409508
0.017160875722765923
0.028962479904294014
0.023253170773386955
0.05897977575659752
0.028543004766106606
0.019486689940094948
0.08047591894865036
0.0544624887406826
0.01838834583759308
0.015754640102386475
0.018112562596797943
0.022221136838197708
0.019079672172665596
0.022359825670719147
0.023818889632821083
0.017924165353178978
0.01682567037642002
0.03470326215028763
0.017832687124609947
0.07460270822048187
no squeeze
10.8385591506958
5.0546770095825195
4.030148029327393
3.479898452758789
2.9739761352539062
2.684450387954712
2.3921523094177246
2.0985019207000732
1.9231839179992676
1.762542486190796
1.7936186790466309
1.5764979124069214
1.4040242433547974
1.4166626930236816
1.1932406425476074
1.1446733474731445
1.1238130331039429
1.011545181274414
1.0260910987854004
0.9213698506355286
0.8627781271934509
0.8845887780189514
0.8692033290863037
0.7747990489006042
0.7951787710189819
0.7293959856033325
0.6852322220802307
0.7417287826538086
0.6663074493408203
0.6855910420417786
0.662251889705658
0.6079047322273254
0.636360764503479
0.5702035427093506
0.5477445721626282
0.5320289134979248
0.5626009702682495
0.4321518838405609
0.539860188961029
0.5132825374603271
0.5567518472671509
0.4518701136112213
0.43862494826316833
0.41097763180732727
0.4680759012699127
0.40358656644821167
0.3823646306991577
0.350051611661911
0.38822048902511597
0.34073275327682495
0.3659091889858246
0.40077298879623413
0.3536017835140228
0.35173115134239197
0.3902350068092346
0.33655205368995667
0.35658594965934753
0.313186377286911
0.33039993047714233
0.2762296497821808
0.3169354498386383
0.36194100975990295
0.34965458512306213
0.304048091173172
0.28574836254119873
0.2758583426475525
0.331277459859848
0.23392018675804138
0.2574838101863861
0.23807814717292786
0.2744733691215515
0.2665957510471344
0.2869575321674347
0.25052139163017273
0.21946051716804504
0.2186630517244339
0.3032289445400238
0.2517105042934418
0.25979697704315186
0.23388062417507172
0.23788286745548248
0.21553373336791992
0.2112530767917633
0.2243625372648239
0.24845321476459503
0.2050573080778122
0.21376247704029083
0.23264631628990173
0.20743122696876526
0.23541641235351562
0.1973508596420288
0.25689399242401123
0.1874985694885254
0.2437913566827774
0.23968049883842468
0.21323738992214203
0.2015424370765686
0.22682780027389526
0.19972120225429535
0.17013661563396454
0.21066586673259735
0.2184581309556961
0.19946423172950745
0.19608943164348602
0.15929728746414185
0.2035953253507614
0.180944561958313
0.19329966604709625
0.1834380179643631
0.1699649542570114
0.15971985459327698
0.1743447333574295
0.1844133585691452
0.1768856942653656
0.20199018716812134
no squeeze
11.590152740478516
4.695371150970459
3.4239628314971924
2.6407158374786377
2.1469709873199463
1.854079008102417
1.5655336380004883
1.3760051727294922
1.2289880514144897
1.077831506729126
1.0039845705032349
0.9062530994415283
0.8498907685279846
0.7363567352294922
0.6912733316421509
0.7177587747573853
0.6453362107276917
0.6463618278503418
0.5136992931365967
0.5419371724128723
0.5382952690124512
0.45817044377326965
0.5125439763069153
0.47775372862815857
0.43855994939804077
0.41086292266845703
0.40544235706329346
0.39064744114875793
0.409903883934021
0.3546336889266968
0.3394586741924286
0.34076809883117676
0.3290184438228607
0.3849126696586609
0.31242576241493225
0.30343925952911377
0.31137117743492126
0.2909034788608551
0.27120164036750793
0.276729941368103
0.2844752371311188
0.2851439416408539
0.3246830701828003
0.29493242502212524
0.2916007936000824
0.235719233751297
0.2398533821105957
0.26886308193206787
0.27610883116722107
0.24101175367832184
0.22249312698841095
0.260685533285141
0.23297803103923798
0.2157473862171173
0.23028811812400818
0.2136467546224594
0.24710187315940857
0.19547255337238312
0.2125999629497528
0.20660920441150665
0.2155628204345703
0.20980550348758698
0.20350441336631775
0.15642450749874115
0.1975366324186325
0.19343043863773346
0.22817069292068481
0.17619067430496216
0.22027654945850372
0.22937145829200745
0.1650335192680359
0.21872150897979736
0.20087473094463348
0.19928228855133057
no squeeze
5.116998672485352
2.118346929550171
1.5044523477554321
1.515333652496338
0.9492000341415405
1.4430174827575684
0.8644005060195923
1.1610479354858398
1.6056406497955322
0.8637909293174744
0.6820651292800903
0.7129063010215759
0.9790273904800415
0.7994934916496277
0.6283566355705261
0.6286713480949402
1.757132649421692
0.7675614953041077
1.4467498064041138
0.799462080001831
0.8708631992340088
0.6101287007331848
0.5183967351913452
0.7714675068855286
1.1727454662322998
1.261031985282898
0.6141489148139954
0.7566414475440979
0.649204671382904
0.7491682171821594
0.6455941200256348
0.7073547840118408
0.8446926474571228
