no squeeze
0.716900646686554
0.2643713653087616
0.1361563354730606
0.08159175515174866
0.04737859219312668
0.031242841854691505
0.024152183905243874
0.01916368678212166
0.016817811876535416
0.013071953319013119
0.01073781680315733
0.007966810837388039
0.010201547294855118
0.008772787638008595
0.006398047786206007
0.0057081677950918674
0.004486382938921452
0.004294465761631727
0.004435989540070295
0.003531447844579816
0.00418389867991209
0.0032107713632285595
0.003357518697157502
0.002800230635330081
0.002653055125847459
0.002712986432015896
0.0036951755173504353
0.0023923118133097887
0.002310676034539938
0.0021287885028868914
0.0029270739760249853
0.0018500987207517028
0.0023569380864501
0.003545247483998537
0.002738869283348322
0.001915425295010209
0.0023234437685459852
0.0021687594708055258
0.001848232583142817
0.0017368677072227001
0.001901860348880291
0.0013731360668316483
0.0023676790297031403
0.002020162995904684
0.0013181330868974328
0.001278808107599616
0.001463595894165337
0.001171365613117814
0.0014146112371236086
0.0011353412410244346
0.001494909985922277
0.00570127135142684
0.004509696736931801
0.002251042053103447
0.0017643814207985997
0.0016067015239968896
0.0012105973437428474
0.0008942062268033624
0.0012092553079128265
0.0010969177819788456
0.0012555826688185334
0.0012345300056040287
0.0007621041731908917
0.0006639219936914742
0.0011040106182917953
0.001446145004592836
0.00216608215123415
0.0017111666966229677
0.001374338986352086
0.0023830286227166653
0.0008344178204424679
0.0010347040370106697
0.0006503905169665813
0.0020341596100479364
0.001876800088211894
0.0019014851422980428
0.001042511546984315
0.0012083936017006636
0.0008431069436483085
0.0006053873221389949
0.0007725046016275883
0.0014199577271938324
0.0015094237169250846
0.0015293138567358255
0.0007814607233740389
0.0016921062488108873
0.0008384985849261284
0.0010153682669624686
0.0010545419063419104
0.002482306445017457
no squeeze
0.8022888898849487
0.3188883066177368
0.18815064430236816
0.11708684265613556
0.08080784976482391
0.059927649796009064
0.05075376480817795
0.03692100942134857
0.03350721672177315
0.028071170672774315
0.02492988109588623
0.024030501022934914
0.019098471850156784
0.020831860601902008
0.02122185379266739
0.017059193924069405
0.01746092364192009
0.016409099102020264
0.0144650312140584
0.016219010576605797
0.013249640353024006
0.012655257247388363
0.013581112958490849
0.015789611265063286
0.01972411386668682
0.01671420969069004
0.013912970200181007
0.016537651419639587
0.009748116135597229
0.009652872569859028
0.010763915255665779
0.008176378905773163
0.008946750313043594
0.009618514217436314
0.008423928171396255
0.009540189988911152
0.010232786647975445
0.008509806357324123
0.007788325194269419
0.006726091727614403
0.007316721137613058
0.007281510625034571
0.0068513937294483185
0.009020576253533363
0.009283863008022308
0.005903206299990416
0.007184837479144335
0.012292889878153801
0.010707206092774868
0.009277105331420898
0.00566636910662055
0.007599632255733013
0.005966494791209698
0.006933158729225397
0.0062676724046468735
0.0057488116435706615
0.0050561437383294106
0.007214642129838467
0.006268927827477455
0.00513566704466939
0.0056995186023414135
0.005650398321449757
0.005612213164567947
0.006403764244168997
0.014260535128414631
0.008233223110437393
0.008135880343616009
no squeeze
1.1982649564743042
0.514127254486084
0.3511815369129181
0.24009020626544952
0.17058123648166656
0.13327109813690186
0.10198605805635452
0.07734671235084534
0.06143723428249359
0.05119677633047104
0.04454239085316658
0.036436066031455994
0.032773248851299286
0.035248663276433945
0.028440391644835472
0.023810071870684624
0.022979184985160828
0.021460479125380516
0.023603396490216255
0.015298333950340748
0.014960099011659622
0.012202810496091843
0.012585433200001717
0.011623453348875046
0.009645123034715652
0.010333510115742683
0.011070417240262032
0.009417875669896603
0.013605249114334583
0.00845424272119999
0.011887517757713795
0.006499914918094873
0.005742586217820644
0.004790658131241798
0.005135398358106613
0.0051445444114506245
0.009028158150613308
0.004848465323448181
0.00979851558804512
0.012819904834032059
0.006954906973987818
0.0058114430867135525
0.005966019816696644
0.005138099193572998
no squeeze
0.9834513664245605
0.5712680816650391
0.4865567088127136
0.40886056423187256
0.3485909104347229
0.3113148808479309
0.27932509779930115
0.25176510214805603
0.22953400015830994
0.21811115741729736
0.19385957717895508
0.1726789027452469
0.16568957269191742
0.15983761847019196
0.14478348195552826
0.1374865621328354
0.12496069818735123
0.12054772675037384
0.11895351856946945
0.11118202656507492
0.10859084129333496
0.10242144018411636
0.09660664200782776
0.09239035099744797
0.09227784723043442
0.08562753349542618
0.08250758051872253
0.08167435228824615
0.07819881290197372
0.07573143392801285
0.07242313027381897
0.07144042104482651
0.06923450529575348
0.0699131041765213
0.06389354914426804
0.06318610161542892
0.062344010919332504
0.06257858872413635
0.06095782294869423
0.06122299283742905
0.0591435506939888
0.058543700724840164
0.057009778916835785
0.05587998777627945
0.05344781652092934
0.05267849937081337
0.052442606538534164
0.05161738023161888
0.051135268062353134
0.05162131041288376
0.0527166873216629
0.0481884740293026
0.04680940881371498
0.04908180236816406
0.04699207842350006
0.046275559812784195
0.04655904695391655
0.04774982109665871
0.04612280800938606
0.04402245208621025
0.04429960250854492
0.04312889277935028
0.04268861562013626
0.042284734547138214
0.0421425923705101
0.04200614243745804
0.04247613251209259
0.04216952621936798
0.043894216418266296
0.03977912664413452
0.039980869740247726
0.042517296969890594
0.041428517550230026
0.041823819279670715
0.04081524536013603
0.043148793280124664
0.039231374859809875
0.04134116694331169
0.039257023483514786
0.038673724979162216
0.03770856186747551
0.03762632608413696
0.0386684387922287
0.03848687931895256
0.037631966173648834
0.03632858023047447
0.03760652244091034
0.037805911153554916
0.03630969300866127
0.035873863846063614
0.035022325813770294
0.03793206065893173
0.03487764671444893
0.0367325022816658
0.0354158990085125
0.03592626750469208
0.036787163466215134
0.036606937646865845
0.03823722526431084
0.033655133098363876
0.03376384824514389
0.033964913338422775
0.034484945237636566
0.03353533148765564
0.034194692969322205
0.03345782682299614
0.03511732444167137
0.035098154097795486
0.03485661745071411
0.03483503311872482
0.033377259969711304
0.03162830322980881
0.03309956565499306
0.03516058623790741
0.033546313643455505
0.033281389623880386
0.032976362854242325
0.03443719819188118
0.032020896673202515
0.03124646097421646
0.03346448391675949
0.031662117689847946
0.032701097428798676
0.0326918326318264
0.0356910303235054
0.033201951533555984
0.033702872693538666
0.032360564917325974
0.03293495252728462
0.03131991997361183
no squeeze
1.092288851737976
0.47014686465263367
0.3193517029285431
0.2500721216201782
0.20379792153835297
0.17085210978984833
0.14982189238071442
0.1307823807001114
0.11876781284809113
0.1084805279970169
0.10087952017784119
0.1029224768280983
0.08568424731492996
0.0762263685464859
0.07177432626485825
0.06730648130178452
0.06214630976319313
0.06218685582280159
0.05627518892288208
0.056781984865665436
0.05027785524725914
0.047546710819005966
0.04858583211898804
0.04640743136405945
0.04481358453631401
0.04318150877952576
0.041052430868148804
0.04040869325399399
0.04094938933849335
0.039575476199388504
0.03740072250366211
0.04017546400427818
0.03399701416492462
0.03943805396556854
0.03455663472414017
0.03466973081231117
0.031857721507549286
0.028705134987831116
0.031207703053951263
0.029995964840054512
0.02973644994199276
0.02974000759422779
0.029095513746142387
0.029671579599380493
0.029191549867391586
0.02961302362382412
0.030579177662730217
0.02560223825275898
0.025084085762500763
0.02781309001147747
0.02615530416369438
0.02588246576488018
0.026825295761227608
0.024944579228758812
0.02474239654839039
0.026249054819345474
0.029750917106866837
0.022045699879527092
0.02432830072939396
0.021971827372908592
0.022012466564774513
0.021651318296790123
0.0198555625975132
0.020395876839756966
0.02148982509970665
0.022954653948545456
0.02041522227227688
0.019541123881936073
0.022612866014242172
0.0209723599255085
0.020341206341981888
0.02213091403245926
0.02210063673555851
0.023010220378637314
0.02327999286353588
0.020803013816475868
0.01768125407397747
0.017644453793764114
0.01968621462583542
0.01791037619113922
0.022256791591644287
0.023308657109737396
0.019983846694231033
0.02098948322236538
0.01830153353512287
0.02059636265039444
0.01804213970899582
0.027931321412324905
no squeeze
1.1787359714508057
0.35651418566703796
0.2587287425994873
0.18660585582256317
0.14777150750160217
0.1655302345752716
0.16751977801322937
0.11850503087043762
0.13995805382728577
0.13444846868515015
0.11249781399965286
0.14226950705051422
0.1014382466673851
0.26382261514663696
0.2399616241455078
0.16049805283546448
0.10958252847194672
0.11728902161121368
0.1448439210653305
0.09585767239332199
0.11003624647855759
0.11187092959880829
0.08972609788179398
0.0818672701716423
0.18366238474845886
0.11879047751426697
0.12856805324554443
0.13524405658245087
0.072400763630867
0.07599594444036484
0.12950311601161957
0.2796885371208191
0.17990581691265106
0.2446073591709137
0.10426794737577438
0.11968614161014557
0.09527678042650223
0.1015632301568985
0.08197251707315445
