no squeeze
163.85545349121094
67.9314956665039
51.618988037109375
18.54461669921875
14.91323471069336
8.075632095336914
7.121465682983398
4.6171040534973145
4.180289268493652
2.9060850143432617
2.651904344558716
1.8979064226150513
1.751502275466919
1.3037182092666626
1.2080837488174438
0.9150304198265076
0.8523074984550476
0.6567039489746094
0.6181700825691223
0.49113836884498596
0.46506965160369873
0.3845236897468567
0.36668241024017334
0.3117044270038605
0.30092716217041016
0.26532724499702454
0.2580721974372864
0.23484596610069275
0.23018108308315277
0.21504881978034973
0.2117711305618286
0.20075097680091858
0.19844655692577362
0.19098933041095734
0.1893806755542755
0.1839514523744583
0.18247662484645844
0.1787576824426651
0.17777769267559052
0.17505918443202972
0.1744426041841507
0.17179624736309052
0.1713789999485016
0.16971775889396667
0.1691504418849945
0.16775427758693695
0.16765137016773224
0.1662185788154602
0.16585953533649445
0.16505366563796997
0.16476215422153473
0.16422319412231445
0.1637946218252182
0.16314516961574554
0.16321508586406708
0.1624433547258377
0.16199496388435364
0.1618279367685318
0.16133849322795868
0.16094428300857544
0.16099442541599274
0.16063626110553741
0.1603531688451767
0.15968328714370728
0.15995164215564728
0.15932844579219818
0.1590036004781723
0.15884286165237427
0.15863272547721863
0.15849578380584717
0.15826016664505005
0.1579274833202362
0.1579113006591797
0.15756361186504364
0.15749883651733398
0.15761058032512665
0.15727919340133667
0.15673314034938812
0.157060906291008
0.15632662177085876
0.1567058116197586
0.15643805265426636
no squeeze
162.86154174804688
86.13420867919922
70.15235900878906
32.27701187133789
27.402873992919922
17.1215877532959
15.583086967468262
11.317854881286621
10.4771146774292
7.816540241241455
7.2589545249938965
5.451857566833496
5.0730881690979
3.8488972187042236
3.589874267578125
2.76861572265625
2.593961715698242
2.0366768836975098
1.9148484468460083
1.525623083114624
1.4442499876022339
1.1800583600997925
1.1220672130584717
0.928937554359436
0.8904610276222229
0.7595762014389038
0.7324838638305664
0.6390306353569031
0.6201378703117371
0.5521741509437561
0.5380385518074036
0.4903198778629303
0.4792134761810303
0.4428826868534088
0.4346950054168701
0.4054816961288452
0.40012234449386597
0.3821123540401459
0.3770044445991516
0.3607816994190216
0.35651904344558716
0.3415429890155792
0.3376275897026062
0.32763463258743286
0.3241833448410034
0.3134027123451233
0.31077128648757935
0.3017740547657013
0.29976341128349304
0.29268088936805725
0.2907586395740509
0.28450825810432434
0.28201305866241455
0.2749958634376526
0.27315154671669006
0.2668626606464386
0.26535195112228394
0.2604060173034668
0.2589612603187561
0.25530368089675903
0.25440385937690735
0.24861766397953033
0.2477380335330963
0.2432921975851059
0.2423117458820343
0.2382383942604065
0.23740193247795105
0.2340208739042282
0.23363147675991058
0.23060540854930878
0.22962376475334167
0.22608982026576996
0.22570855915546417
0.2233198881149292
0.22242359817028046
0.2193925976753235
0.21918484568595886
0.21738359332084656
0.2163160741329193
0.21435901522636414
0.21355463564395905
0.21114259958267212
0.21098795533180237
0.20982693135738373
0.2093665450811386
0.20707720518112183
0.20683395862579346
0.20500151813030243
0.20478275418281555
0.2039259821176529
0.20349396765232086
0.20211882889270782
0.20165133476257324
0.20079566538333893
0.20074595510959625
0.19967031478881836
0.19943557679653168
0.19825491309165955
0.198147714138031
0.19756543636322021
0.19738052785396576
0.19645708799362183
0.19645661115646362
0.19535741209983826
0.19555975496768951
0.19480109214782715
0.19473494589328766
0.19400812685489655
0.19376376271247864
0.19387087225914001
0.1936759501695633
0.19310954213142395
0.19285249710083008
0.19282039999961853
0.19245554506778717
0.19188138842582703
0.19223718345165253
0.19201231002807617
no squeeze
163.75938415527344
88.52538299560547
73.03546142578125
35.22433853149414
29.97841453552246
18.05938720703125
16.143159866333008
10.868558883666992
9.8799409866333
7.00691032409668
6.430095672607422
4.704538822174072
4.369647979736328
3.320610284805298
3.1049442291259766
2.4135758876800537
2.267523765563965
1.794325351715088
1.697298526763916
1.3759845495224
1.304687738418579
1.0767192840576172
1.023266077041626
0.8520082831382751
0.8151657581329346
0.6939900517463684
0.6663777232170105
0.5757744908332825
0.555342972278595
0.49097105860710144
0.4745141565799713
0.4215700626373291
0.4099346399307251
0.36958906054496765
0.36122122406959534
0.330845445394516
0.3236876130104065
0.3000919222831726
0.29450365900993347
0.27589094638824463
0.27081501483917236
0.2551394999027252
0.2511898875236511
0.23811425268650055
0.23513786494731903
0.2253226488828659
0.2226632535457611
0.2144625037908554
0.21204234659671783
0.20447656512260437
0.20246568322181702
0.1963958889245987
0.1948462575674057
0.18923674523830414
0.1882520467042923
0.18302924931049347
0.18239274621009827
0.1783861368894577
0.17711858451366425
0.17383836209774017
0.17307338118553162
0.17003172636032104
0.16936466097831726
0.16649271547794342
0.16594985127449036
0.16353552043437958
0.1629478931427002
0.160865917801857
0.16004393994808197
0.15876367688179016
0.15792910754680634
0.1564488559961319
0.1557627022266388
0.15477408468723297
0.15415841341018677
0.15271787345409393
0.15255674719810486
0.15135833621025085
0.15114302933216095
0.14975696802139282
0.149481400847435
0.1483519822359085
0.14829573035240173
0.1476489156484604
0.14744146168231964
0.14662061631679535
0.14641228318214417
0.14557316899299622
0.14537136256694794
0.14521296322345734
0.14482836425304413
0.14396095275878906
0.14384335279464722
0.14297455549240112
0.1428983062505722
0.14273780584335327
0.14239120483398438
0.1422802358865738
0.14196118712425232
0.14127971231937408
0.14124198257923126
0.14102278649806976
0.14087583124637604
0.1407129317522049
0.140363410115242
0.1401347666978836
0.13995082676410675
0.13957248628139496
0.13955067098140717
0.13944387435913086
0.13906393945217133
0.1390315592288971
0.13903726637363434
0.13900338113307953
0.13825808465480804
0.13869114220142365
0.13821960985660553
0.13799893856048584
0.13827446103096008
0.13780583441257477
0.1377405971288681
0.13754595816135406
0.13743232190608978
0.13736368715763092
0.13751977682113647
0.13727755844593048
0.13747216761112213
0.13704389333724976
0.1366732120513916
0.13656242191791534
0.13676823675632477
0.13640061020851135
0.13613000512123108
0.1364578753709793
0.1364019513130188
0.1364080160856247
no squeeze
165.74159240722656
130.19757080078125
118.03002166748047
69.75594329833984
60.180301666259766
38.340389251708984
35.310218811035156
27.518474578857422
26.077476501464844
21.636091232299805
20.700031280517578
17.652997970581055
16.98621368408203
14.763504028320312
14.281177520751953
12.631556510925293
12.258532524108887
11.038473129272461
10.729792594909668
9.780590057373047
9.5639066696167
8.83603286743164
8.66736125946045
8.1045503616333
7.983224868774414
7.54847526550293
7.441335678100586
7.087282657623291
7.008759498596191
6.7288923263549805
6.664500713348389
6.435910224914551
6.380987644195557
6.196285247802734
6.147821426391602
5.990529537200928
5.953163146972656
5.8234992027282715
5.789751052856445
5.679916858673096
5.649978160858154
5.543021202087402
5.520021915435791
5.467955112457275
5.422946929931641
5.345484256744385
5.3576459884643555
5.243751525878906
5.231321811676025
5.171477317810059
5.174190044403076
5.101411819458008
5.059505939483643
4.994352340698242
4.989901542663574
4.955930709838867
4.908098220825195
4.832118034362793
4.826729774475098
4.749325275421143
4.722620964050293
4.669434070587158
4.627974033355713
4.547796249389648
4.516108989715576
4.420223712921143
4.396074295043945
4.292847156524658
4.259982109069824
4.1459269523620605
4.102041721343994
3.9599478244781494
3.919666290283203
3.771883964538574
3.7161178588867188
3.520887851715088
3.5032994747161865
3.2691855430603027
3.210911273956299
2.987352132797241
2.927626371383667
2.699530601501465
2.6197619438171387
2.3634824752807617
2.298712968826294
2.0490243434906006
1.9830352067947388
1.7566498517990112
1.689234733581543
1.4605623483657837
1.4147032499313354
1.2197661399841309
1.1704432964324951
1.0002224445343018
0.9626505374908447
0.8391792178153992
0.8077255487442017
0.6966235637664795
0.6729868650436401
0.5919689536094666
0.5753080248832703
0.5166236162185669
0.5052505135536194
0.46110856533050537
0.4525190591812134
0.42046594619750977
0.4148099720478058
0.3941211998462677
0.3900246322154999
0.3711598217487335
0.36955899000167847
0.3621331751346588
0.3572178781032562
0.34979549050331116
0.34739384055137634
0.3453499972820282
0.3425186276435852
0.3382938802242279
0.3369516432285309
0.3344917893409729
0.3324170410633087
0.3313085436820984
0.3299489915370941
0.3288334012031555
0.3290850520133972
0.32741034030914307
0.32771745324134827
0.3286656439304352
no squeeze
162.67044067382812
94.57205963134766
82.51074981689453
50.375343322753906
44.963802337646484
30.745271682739258
28.225915908813477
20.995973587036133
19.588823318481445
15.330358505249023
14.466522216796875
11.713334083557129
11.137983322143555
9.297442436218262
8.905533790588379
7.630427360534668
7.3422770500183105
6.4079365730285645
6.192251682281494
5.457836627960205
5.286808490753174
4.6893534660339355
4.544528007507324
4.029348850250244
3.899106025695801
3.4394729137420654
3.333615303039551
2.922847270965576
2.8210599422454834
2.478046417236328
2.3817355632781982
2.0618908405303955
1.9926016330718994
1.7208701372146606
1.6563458442687988
1.4356809854507446
1.3815091848373413
1.2037965059280396
1.1623097658157349
1.0224071741104126
0.9907271862030029
0.8820187449455261
0.8561674952507019
0.7744917869567871
0.7586439251899719
0.6887595653533936
0.6765968799591064
0.628259003162384
0.6164054274559021
0.577077329158783
0.5711650848388672
0.5415159463882446
0.5338442921638489
0.5095903873443604
0.5049412846565247
0.48530450463294983
0.48336178064346313
0.46553531289100647
0.4696815311908722
0.4496362507343292
0.4455986022949219
0.4344938099384308
0.43277686834335327
0.42576032876968384
0.4215516448020935
0.41127490997314453
0.41001787781715393
0.40294507145881653
0.40226536989212036
0.39497947692871094
0.3938003182411194
0.39071986079216003
0.3878161907196045
0.3832811713218689
0.3817390203475952
0.37826377153396606
0.37765148282051086
0.37354379892349243
0.37388065457344055
0.36974722146987915
0.3669973611831665
0.36411041021347046
0.37191519141197205
0.3606926202774048
0.3603922724723816
0.3571089506149292
0.35922664403915405
0.3542563319206238
0.35765960812568665
0.3521730899810791
0.35178208351135254
0.3541829586029053
0.3516872525215149
0.349870890378952
0.3515257239341736
0.3478655219078064
0.3453752100467682
0.3442772626876831
0.3429771661758423
0.341693639755249
0.34370672702789307
0.34050050377845764
0.3510662913322449
0.3401447534561157
0.34019961953163147
0.34111645817756653
no squeeze
159.3679962158203
29.89765739440918
21.493484497070312
10.119002342224121
9.10595703125
7.191350936889648
6.945165634155273
6.3175883293151855
6.218997001647949
5.9732441902160645
5.930922508239746
5.8610334396362305
5.829464435577393
5.764628887176514
5.752086639404297
5.738229751586914
5.734498500823975
5.726118087768555
5.718114852905273
5.731203556060791
5.718866348266602
5.711983680725098
5.7968902587890625
5.736466407775879
