no squeeze
13.479068756103516
1.024522304534912
0.7892005443572998
0.2861851751804352
0.23651380836963654
0.12332147359848022
0.10552499443292618
0.0589272566139698
0.05096745491027832
0.029069235548377037
0.02516179531812668
0.014724324457347393
0.012856348417699337
0.007942037656903267
0.007067946717143059
0.0047196378000080585
0.004304443020373583
0.0031785082537680864
0.0029556252993643284
0.002366781933233142
0.0022765935864299536
0.0019982175435870886
0.0019443815108388662
0.0017945331055670977
0.0017637459095567465
0.0016897835303097963
0.0016719707055017352
0.0016358705470338464
0.0016212419141083956
0.001601148396730423
0.0015942418249323964
0.001575393951497972
0.0015660165809094906
0.0015515447594225407
0.0015399083495140076
0.0015319985104724765
0.0015241382643580437
0.0015274645993486047
0.001521762227639556
0.001518094097264111
0.0015019482234492898
0.0014841770753264427
0.0014854581095278263
0.001487733330577612
no squeeze
13.818206787109375
2.380160331726074
1.9406894445419312
1.1881943941116333
1.107935905456543
0.9516459703445435
0.9326876401901245
0.8968748450279236
0.8936233520507812
0.8867387771606445
0.8858385682106018
0.8826612234115601
0.8812628388404846
0.8846161961555481
0.8824043869972229
0.8805574774742126
0.8816846609115601
0.8834904432296753
no squeeze
14.428936004638672
2.287485361099243
1.6932594776153564
0.8244982361793518
0.7109934091567993
0.44024723768234253
0.39693981409072876
0.27723428606987
0.2554609775543213
0.18943238258361816
0.17557330429553986
0.1327856183052063
0.12431533634662628
0.09643777459859848
0.09030446410179138
0.0708196759223938
0.06651052832603455
0.05360359326004982
0.050618547946214676
0.04089527949690819
0.03877394646406174
0.03172287344932556
0.030182944610714912
0.025190554559230804
0.024044884368777275
0.020128818228840828
0.0194321908056736
0.016703715547919273
0.01602514460682869
0.014110132120549679
0.013555849902331829
0.01167226955294609
0.011277132667601109
0.010121182538568974
0.009885972365736961
0.008714512921869755
0.008656271733343601
0.007798553444445133
0.0075311847031116486
0.006862611044198275
0.006668784189969301
0.006122942548245192
0.005989768076688051
0.0056136734783649445
0.0054936655797064304
0.005051444284617901
0.005173977464437485
0.004719056189060211
0.004602632485330105
0.004322877153754234
0.004283464979380369
0.004045336041599512
0.003960783127695322
0.003722195979207754
0.003691341495141387
0.003539732191711664
0.0035383421927690506
0.0033141998574137688
0.0033183086197823286
0.0031770591158419847
0.00311216595582664
0.003047401551157236
0.002957697957754135
0.002834379207342863
0.002819165587425232
0.0027056243270635605
0.002672762144356966
0.0026220146100968122
0.0025945461820811033
0.0025071026757359505
0.002477060304954648
0.002389592817053199
0.0024104502517729998
0.002292115241289139
0.0023229944054037333
0.0022303604055196047
0.002212756546214223
0.0021822117269039154
0.002175205387175083
0.0020972401835024357
0.0020782679785043
0.0020769359543919563
0.002058906713500619
0.0019859238527715206
0.0019694410730153322
0.001936079002916813
0.001961890608072281
0.0019221457187086344
0.0018965417984873056
0.001868362887762487
0.0018497713608667254
0.0018415809608995914
0.0018259035423398018
0.001810783869586885
0.0018021066207438707
0.0017610443755984306
0.0017534198705106974
0.001746815163642168
0.0017360072815790772
0.0017323251813650131
0.001721602980978787
0.0017115746159106493
0.0016948027769103646
0.0017252175603061914
0.001699757413007319
0.0016766107873991132
0.001662601949647069
0.0016598973888903856
0.0016513536684215069
0.0016361962771043181
0.0016474308213219047
0.0016539886128157377
no squeeze
14.700434684753418
5.199068069458008
4.523459434509277
3.220614433288574
3.041001558303833
2.5644915103912354
2.4728081226348877
2.1957755088806152
2.1354072093963623
1.943530797958374
1.9010488986968994
1.762497901916504
1.7317944765090942
1.62621009349823
1.602405071258545
1.5195798873901367
1.4994456768035889
1.4336625337600708
1.4182226657867432
1.365097165107727
1.3535521030426025
1.3094831705093384
1.2990670204162598
1.2643815279006958
1.2533308267593384
1.2238743305206299
1.2142759561538696
1.185954213142395
1.180003046989441
1.1509230136871338
1.1441618204116821
1.1205520629882812
1.1140996217727661
1.0918216705322266
1.0861631631851196
1.0640560388565063
1.0592842102050781
1.0387402772903442
1.0320531129837036
1.0131494998931885
1.0105209350585938
0.9911743998527527
0.9867885708808899
0.9689875841140747
0.9642325043678284
0.9486768841743469
0.9461483359336853
0.9314299821853638
0.9301276206970215
0.917760968208313
0.9163572788238525
0.9042967557907104
0.9028009176254272
0.8962287306785583
0.8928345441818237
0.8830733895301819
0.8809458613395691
0.8732190728187561
0.8739258646965027
0.8660039305686951
0.8641782402992249
0.8577835559844971
0.8572547435760498
0.8512929677963257
0.849801778793335
0.8450160026550293
0.8433652520179749
0.8379981517791748
0.8365764021873474
0.832268476486206
0.8309080600738525
0.8275194764137268
0.8252643942832947
0.8212166428565979
0.819546103477478
0.8163046836853027
0.8156235814094543
0.8118911981582642
0.8109639286994934
0.8066568970680237
0.8056765198707581
0.8011532425880432
0.8021939396858215
0.7980318665504456
0.7959820032119751
0.7925693988800049
0.7926810383796692
0.7919694781303406
0.788518488407135
0.7851555943489075
0.7842926979064941
0.7806461453437805
0.7802709341049194
0.7798171043395996
0.7777620553970337
0.772979736328125
0.7736916542053223
0.7718677520751953
0.7701523900032043
0.7671039700508118
0.7656594514846802
0.7628269195556641
0.7640978693962097
0.7610936164855957
0.7590900659561157
0.7588005065917969
0.7577163577079773
0.7559319734573364
0.7538692951202393
0.7523703575134277
0.7527989745140076
0.749477744102478
0.7484337687492371
0.7492719888687134
0.7468854188919067
0.7456690073013306
0.7452250123023987
0.7430594563484192
0.7427467703819275
0.7391824722290039
0.7388989329338074
0.7365131378173828
0.7371726036071777
0.7345264554023743
0.7359579205513
0.7325485348701477
0.7318359017372131
0.7297881841659546
0.728915274143219
0.7277354001998901
0.7282332181930542
0.7266467809677124
0.7264693379402161
0.724109947681427
0.7218883633613586
0.7218509912490845
0.7215632200241089
0.7198713421821594
0.718328595161438
0.7173694968223572
0.7171897888183594
0.7137532830238342
0.7138813138008118
0.712483286857605
0.7124187350273132
0.7111794352531433
0.71012282371521
0.7067749500274658
0.7090847492218018
0.7050559520721436
0.7053365111351013
0.7037087678909302
0.7039335370063782
0.7021787762641907
0.7024533152580261
0.6998615264892578
0.7003582119941711
0.6987073421478271
0.6975627541542053
0.6966313719749451
0.6945491433143616
0.6947729587554932
0.6950822472572327
0.6921194195747375
0.6918344497680664
0.6920438408851624
0.6903934478759766
0.6886287331581116
0.688518226146698
0.686813235282898
0.68901526927948
0.686281681060791
0.6871137619018555
0.6853575110435486
0.6830554604530334
0.6816982626914978
0.6831851005554199
0.6803505420684814
0.6822104454040527
0.6791149973869324
0.6791415810585022
0.6791340112686157
no squeeze
14.492003440856934
2.5866897106170654
2.2095792293548584
1.5524853467941284
1.4651421308517456
1.248491883277893
1.2116304636001587
1.112871766090393
1.092163324356079
1.034466028213501
1.0219820737838745
0.9825466275215149
0.9726167321205139
0.9449771046638489
0.940224289894104
0.9153863191604614
0.9096013903617859
0.8912822008132935
0.8868820667266846
0.8730180263519287
0.8699119687080383
0.8591673374176025
0.8567344546318054
0.8466917872428894
0.8444582223892212
0.8366257548332214
0.8354066014289856
0.8282893896102905
0.8277097940444946
0.8217654228210449
0.8201425075531006
0.8153742551803589
0.8141798973083496
0.8097981214523315
0.8101696372032166
0.8056139349937439
0.8049562573432922
0.8021653890609741
0.8009678721427917
0.7981563806533813
0.7976993918418884
0.7944892048835754
0.7917072176933289
0.7903608679771423
0.7906512022018433
0.7883016467094421
0.7885860800743103
0.7852648496627808
0.7845216989517212
0.7837441563606262
0.7828973531723022
0.7816594839096069
0.7801746726036072
0.780117392539978
0.7786276936531067
0.7776076197624207
0.7766443490982056
0.7770587205886841
0.7759012579917908
0.7736738324165344
0.7746177911758423
0.773630678653717
0.7736164331436157
0.7715140581130981
0.7720275521278381
0.7708886861801147
0.7701340913772583
0.7701616883277893
0.7698262333869934
0.7698668241500854
0.7700654864311218
0.7678866982460022
0.7675127983093262
0.7695321440696716
0.768435001373291
0.7675782442092896
no squeeze
13.166411399841309
1.8572094440460205
1.7446949481964111
1.6461830139160156
1.648118257522583
1.641256332397461
1.639858365058899
1.64326810836792
1.6405960321426392
1.647388219833374
