no squeeze
8.879176139831543
1.877922773361206
1.0533944368362427
0.7317247986793518
0.7091202735900879
0.5034988522529602
0.6422716379165649
0.5162479877471924
0.5624825358390808
0.4651333689689636
0.6414626240730286
0.4424231946468353
0.40073153376579285
0.4420458674430847
0.5050455927848816
0.4146001636981964
0.4859907329082489
0.6565544605255127
0.53026282787323
0.6065225601196289
0.43970444798469543
0.43574315309524536
0.525079071521759
no squeeze
11.463294982910156
2.688009023666382
1.263762354850769
0.9004949331283569
0.7381781339645386
0.7551000714302063
0.5348251461982727
0.5093749165534973
0.576274573802948
0.5141202807426453
0.6245720386505127
0.5616474151611328
0.7879788875579834
0.646922767162323
0.47834619879722595
0.5517994165420532
0.5428637862205505
0.43721479177474976
0.501124382019043
0.5229979753494263
0.5739756226539612
0.641671895980835
0.6033051013946533
0.5442976355552673
0.4031471014022827
0.6291978359222412
0.5008202791213989
0.504223644733429
0.5199446678161621
0.5012642741203308
0.636720597743988
0.506356954574585
0.5443149209022522
0.3968801498413086
0.4986484944820404
0.3695753216743469
0.455905020236969
0.5902948975563049
0.5787606239318848
0.4917384684085846
0.4832358956336975
0.46528273820877075
0.4658612310886383
0.5017175078392029
0.5023069977760315
0.3868427872657776
no squeeze
11.312127113342285
3.7810041904449463
2.293121099472046
2.06148099899292
1.7163381576538086
1.4515254497528076
1.4047300815582275
1.1438417434692383
1.255964756011963
1.1909199953079224
1.1647957563400269
1.2370766401290894
1.2693626880645752
0.9399122595787048
0.9683561325073242
0.9364148378372192
1.0001047849655151
1.4408972263336182
1.1005046367645264
1.0466288328170776
1.1401091814041138
0.9983728528022766
1.2402974367141724
1.5148817300796509
1.1509748697280884
0.7494593858718872
0.9769371151924133
0.9129689931869507
1.0605792999267578
1.1196033954620361
0.8914872407913208
1.488484501838684
1.2113463878631592
0.8814070224761963
1.038805365562439
1.177132487297058
no squeeze
12.663471221923828
4.275791645050049
2.9783973693847656
2.3108925819396973
1.835953712463379
1.4801788330078125
1.3064043521881104
1.1443490982055664
0.9907887578010559
0.9598433375358582
0.876595139503479
0.8504471182823181
0.819288969039917
0.7630954384803772
0.6858418583869934
0.6420102715492249
0.6644585132598877
0.6119049191474915
0.6012058854103088
0.5810608863830566
0.5825682282447815
0.5530748963356018
0.5553281903266907
0.5244107246398926
0.48082202672958374
0.5162367820739746
0.4903698265552521
0.4578196406364441
0.4605638086795807
0.4559662938117981
0.5477180480957031
0.4760652482509613
0.46364790201187134
0.5036495923995972
0.45851463079452515
0.4767094850540161
0.45341604948043823
0.4391542375087738
0.4434750974178314
0.4026149809360504
0.41956838965415955
0.4097958207130432
0.36601826548576355
0.4599987268447876
0.4392017424106598
0.43901994824409485
0.41520294547080994
0.39717796444892883
0.4285779297351837
0.43451330065727234
0.4538881778717041
0.47151118516921997
0.40666455030441284
no squeeze
12.272717475891113
3.735424041748047
2.237196445465088
1.626142144203186
1.3030236959457397
1.1438173055648804
0.9887526631355286
0.9078739881515503
0.8156573176383972
0.8197072148323059
0.7839221954345703
0.7267201542854309
0.6672102212905884
0.6377426981925964
0.6975365877151489
0.5947542786598206
0.6878935694694519
0.4738297462463379
0.5629044771194458
0.5335856676101685
0.5475763082504272
0.5110512375831604
0.4602350890636444
0.5513362288475037
0.4675482213497162
0.5275911092758179
0.49891677498817444
0.4187163710594177
0.4487817883491516
0.47604894638061523
0.4837467670440674
0.45113101601600647
0.3579772412776947
0.4081615209579468
0.408814400434494
0.34740352630615234
0.3637578785419464
0.39382991194725037
0.33673232793807983
0.3943578898906708
0.4046993851661682
0.38855019211769104
0.42689865827560425
0.5339304208755493
0.45995622873306274
0.37945473194122314
0.39584818482398987
0.37594062089920044
0.376585990190506
no squeeze
11.337501525878906
2.6115970611572266
1.6377074718475342
0.8007848858833313
0.9547291398048401
1.122133493423462
0.9293609261512756
0.6483993530273438
1.5592073202133179
1.069839596748352
0.954264760017395
0.9842138886451721
1.0157285928726196
0.6619365811347961
1.41221284866333
0.7784069776535034
0.6357587575912476
1.1221779584884644
1.4705135822296143
0.6489996314048767
0.9108835458755493
0.9429489970207214
0.8979966640472412
1.0739023685455322
0.7906457185745239
1.3682655096054077
0.9259130358695984
