no squeeze
11.608175277709961
2.6720986366271973
1.7277870178222656
1.1327146291732788
0.9474037289619446
0.8472608327865601
0.8766528964042664
0.8819955587387085
0.7853711247444153
0.7570579648017883
0.7548856735229492
0.8945434093475342
0.7151957750320435
0.7275916337966919
0.7672212719917297
0.6583453416824341
0.6670630574226379
0.5897666811943054
0.5024746060371399
0.513973593711853
0.5849795341491699
0.6461220979690552
0.7239390015602112
0.7172960042953491
0.7122223377227783
0.4937038719654083
0.5689290165901184
0.6200510859489441
0.833019495010376
0.9745583534240723
0.5142250061035156
0.4806744456291199
0.7263296246528625
0.4905761480331421
0.4744025766849518
0.4841974079608917
0.5612713694572449
0.5710012912750244
0.6182246208190918
0.493632972240448
0.3809558153152466
0.540109395980835
0.6352193355560303
0.47307711839675903
0.5548484325408936
0.4802412986755371
0.5359395742416382
0.4604416787624359
0.48567911982536316
0.4292859733104706
0.5398982167243958
no squeeze
12.550654411315918
2.396491765975952
1.3153367042541504
0.9447328448295593
0.805759072303772
0.6865935325622559
0.6658935546875
0.5740106701850891
0.5868548154830933
0.6607949733734131
0.7411460280418396
0.5553153157234192
0.5556946396827698
0.5652440190315247
0.6000968217849731
0.6169023513793945
0.5859280228614807
0.5093981623649597
0.503777265548706
0.5896422863006592
0.47337669134140015
0.4892337918281555
0.6557598114013672
0.466342568397522
0.6323314309120178
0.5311194062232971
0.49788424372673035
0.5084766745567322
0.46763595938682556
0.4643861949443817
0.6078604459762573
0.5470014810562134
0.6852092146873474
0.4995841979980469
0.3729326128959656
0.4180237948894501
0.4141949713230133
0.4054999053478241
0.416939377784729
0.3952561616897583
0.572481095790863
0.5019981265068054
0.39653947949409485
0.40396976470947266
0.4145583510398865
no squeeze
11.992294311523438
3.883730411529541
2.8577077388763428
2.231433629989624
1.6375652551651
1.8106378316879272
2.1686527729034424
1.465658187866211
1.0378121137619019
1.2587484121322632
1.3061859607696533
1.092485785484314
1.6763625144958496
1.6596307754516602
0.8985193371772766
1.0779062509536743
0.9345776438713074
0.8685323596000671
1.1366584300994873
1.4142277240753174
0.987703800201416
0.8857418894767761
0.952330470085144
1.0757925510406494
0.9261847138404846
0.7804214358329773
1.1624846458435059
0.7955520153045654
0.8960241079330444
0.7528480887413025
1.2111493349075317
0.8810212016105652
0.952678918838501
0.6971829533576965
0.8212824463844299
1.092056155204773
1.2452762126922607
0.6649470925331116
0.6625853180885315
0.7351899743080139
0.8031368255615234
0.9168373346328735
0.8963710069656372
0.7731698155403137
1.0921516418457031
1.1755170822143555
0.7904309630393982
1.254430890083313
1.1462348699569702
no squeeze
13.453950881958008
4.120697498321533
2.7673676013946533
2.074828863143921
1.7298758029937744
1.4886162281036377
1.442014217376709
1.0963507890701294
1.072243094444275
0.9799644351005554
0.9149670004844666
0.9572908282279968
0.8630244135856628
0.8231210708618164
0.7909362316131592
0.7696146965026855
0.6849982142448425
0.6846211552619934
0.7948416471481323
0.643351674079895
0.6211135387420654
0.6237515807151794
0.6007437705993652
0.6125951409339905
0.6050117015838623
0.5436674356460571
0.527067244052887
0.5564472675323486
0.5452151298522949
0.5213509798049927
0.5235447287559509
0.5071952939033508
0.5529337525367737
0.4929906129837036
0.5301737189292908
0.5009700059890747
0.44442689418792725
0.5640873908996582
0.5184317827224731
0.5024838447570801
0.45927727222442627
0.45594704151153564
0.45598626136779785
0.44979408383369446
0.4026910960674286
0.4704234004020691
0.4400610029697418
0.4504261612892151
0.42730075120925903
0.44162869453430176
0.426982581615448
0.38034355640411377
0.4120562672615051
0.47539272904396057
0.4162420332431793
0.39027178287506104
0.42431238293647766
0.3471893072128296
0.3775310516357422
0.3788003921508789
0.38717737793922424
0.41558322310447693
0.36472102999687195
0.40152448415756226
0.38563793897628784
0.3824812173843384
0.39874985814094543
0.38802972435951233
no squeeze
12.979894638061523
3.446807861328125
2.0605227947235107
1.638720154762268
1.6398762464523315
1.28294837474823
1.1086134910583496
1.120369791984558
0.9775661826133728
1.0343695878982544
0.8701096773147583
0.7547905445098877
0.7895063161849976
0.7316793203353882
0.7453454732894897
0.8043103814125061
0.7312813997268677
0.7445682883262634
0.5796464085578918
0.6425499320030212
0.6881340146064758
0.5562162399291992
0.7613012194633484
0.6276668310165405
0.5794733762741089
0.544253945350647
0.5344679951667786
0.602547824382782
0.4519834518432617
0.48274537920951843
0.46663525700569153
0.4651089906692505
0.47235107421875
0.49183663725852966
0.45558294653892517
0.6190884709358215
0.40845248103141785
0.4757779538631439
0.49403756856918335
0.46809154748916626
0.4426599442958832
0.41300398111343384
0.43419983983039856
0.5852907299995422
0.37782585620880127
0.400345116853714
0.3939380943775177
0.3726971745491028
0.3827521800994873
0.4527161717414856
0.40715140104293823
0.4308604896068573
0.3703517019748688
0.3248513340950012
0.36313945055007935
0.350459486246109
0.3764790892601013
0.42596435546875
0.3731731176376343
0.3276117146015167
0.4377143681049347
0.3217358887195587
0.35796689987182617
0.3181471526622772
0.3953665792942047
0.3415684103965759
0.33813464641571045
0.35449087619781494
0.3471265733242035
0.37636783719062805
0.40201741456985474
0.42946383357048035
0.29947736859321594
0.33552154898643494
0.3283715546131134
0.3589041233062744
0.3168947398662567
0.32152578234672546
0.27716273069381714
0.3294167220592499
0.35293078422546387
0.29262903332710266
0.3284579813480377
0.3256157338619232
0.2683223485946655
0.3383428454399109
0.3027563989162445
0.28256332874298096
0.26476383209228516
0.280290812253952
0.44102972745895386
0.3379931151866913
0.30842047929763794
0.23842725157737732
0.2692374289035797
0.273090660572052
0.303854763507843
0.4535914361476898
0.34593310952186584
0.30877700448036194
0.23883101344108582
0.27301767468452454
0.2948282063007355
0.23767511546611786
0.20243114233016968
0.24460799992084503
0.25867030024528503
0.2405683845281601
0.23427870869636536
0.2634999752044678
0.2240862101316452
0.2708280086517334
0.22989340126514435
0.25955837965011597
0.25804439187049866
no squeeze
6.992250919342041
1.5680863857269287
0.7399266958236694
0.5679531097412109
0.6444264650344849
0.7970199584960938
0.5571378469467163
0.3305930197238922
0.6536701917648315
0.5948312878608704
0.43657466769218445
1.302040934562683
0.7149600982666016
0.5750733613967896
0.5585999488830566
0.6813933253288269
0.587889552116394
0.487072229385376
