no squeeze
1.7194615602493286
0.06439632177352905
0.04050188884139061
0.017214547842741013
0.016111964359879494
0.014559888280928135
0.014496436342597008
0.014270922169089317
0.014201376587152481
0.01406843587756157
0.014037877321243286
0.01417960599064827
0.014092476107180119
0.01416495256125927
no squeeze
1.5997322797775269
0.10621998459100723
0.08217145502567291
0.05450907722115517
0.052553195506334305
0.04924359172582626
0.04917168989777565
0.04866062104701996
0.04842526093125343
0.04830755665898323
0.048613063991069794
0.04880791902542114
no squeeze
2.1653659343719482
0.1375097781419754
0.09252916276454926
0.033881545066833496
0.02864258550107479
0.017380952835083008
0.01569722220301628
0.011189361102879047
0.010348476469516754
0.007825913839042187
0.007336157374083996
0.005797804798930883
0.005467325448989868
0.004500300623476505
0.004321048967540264
0.0037240057718008757
0.003623254131525755
0.0032462344970554113
0.0031369253993034363
0.002875641454011202
0.002810315927490592
0.002635243581607938
0.002611840143799782
0.002467639511451125
0.0024251346476376057
0.0023645563051104546
0.002335870172828436
0.002291259588673711
0.0022623660042881966
0.0022257452365010977
0.0022000072058290243
0.00218221009708941
0.002149172592908144
0.0021261435467749834
0.002122404519468546
0.0020955130457878113
0.0020754742436110973
0.002065854612737894
0.002062635263428092
0.0020566191524267197
0.0020535653457045555
0.0020285267382860184
0.002034773351624608
0.0020263614133000374
0.002023902488872409
0.0019874966237694025
0.002004487905651331
0.001975261839106679
0.0019678405951708555
0.001982632093131542
0.001964943716302514
0.001961667323485017
0.0019450091058388352
0.0019576330669224262
0.0019390047527849674
0.001926972297951579
0.0019372166134417057
0.0019315761746838689
no squeeze
1.939969539642334
0.3378587067127228
0.28170013427734375
0.19791698455810547
0.18907684087753296
0.16642870008945465
0.16233299672603607
0.15039949119091034
0.14779673516750336
0.13958482444286346
0.1381588727235794
0.13220824301242828
0.13080689311027527
0.1263931691646576
0.1260923147201538
0.12194275856018066
0.12169690430164337
0.11838199198246002
0.11826920509338379
0.11569567024707794
0.11499208211898804
0.11294259876012802
0.11304238438606262
0.11107105761766434
0.11028998345136642
0.10821451246738434
0.10788818448781967
0.10596494376659393
0.10600767284631729
0.10414493829011917
0.1034088283777237
0.10158167034387589
0.1015806496143341
0.10039172321557999
0.09903982281684875
0.09589989483356476
0.09546791017055511
0.09281463921070099
0.09192465245723724
0.0889039933681488
0.08811431378126144
0.08476386964321136
0.08350785821676254
0.07914568483829498
0.07824400812387466
0.0734066441655159
0.07232163101434708
0.06893464922904968
0.06848937273025513
0.06552276760339737
0.06448134779930115
0.06331057101488113
0.06306500732898712
0.06169541925191879
0.062016598880290985
0.06074522063136101
0.06073857098817825
0.06053973361849785
0.0602196529507637
0.06007213890552521
0.05983346328139305
0.05953787639737129
0.05917906388640404
0.05856722593307495
0.058639563620090485
0.058488212525844574
0.05828026309609413
0.05822506919503212
0.05834933742880821
0.05755617842078209
0.057595204561948776
0.057574354112148285
no squeeze
2.258355140686035
0.23990821838378906
0.19028614461421967
0.12184618413448334
0.11469630151987076
0.09650889039039612
0.09335771203041077
0.08415403217077255
0.08241099119186401
0.07697907835245132
0.07567857950925827
0.07269161939620972
0.07201796770095825
0.06883601099252701
0.0682377964258194
0.06628695875406265
0.0659048780798912
0.06491004675626755
0.06541982293128967
0.06372556835412979
0.06339044123888016
0.06314405053853989
0.0632929801940918
0.06271561980247498
0.06292294710874557
0.06199909746646881
0.06198717653751373
0.06324557214975357
0.06210080161690712
0.06151413545012474
0.06164110451936722
0.062444884330034256
no squeeze
2.404130697250366
0.1666475236415863
0.14688976109027863
0.13060228526592255
0.12998414039611816
0.13098154962062836
0.13086247444152832
0.12931126356124878
0.12966935336589813
0.12872350215911865
0.12876248359680176
0.12918128073215485
