no squeeze
164.43588256835938
58.984832763671875
44.614810943603516
22.757761001586914
20.570457458496094
14.538588523864746
13.365641593933105
9.748549461364746
8.999092102050781
6.621379852294922
6.121512413024902
4.517365455627441
4.1821513175964355
3.122960090637207
2.9038097858428955
2.224069833755493
2.0879199504852295
1.6670732498168945
1.5859085321426392
1.3349601030349731
1.2837876081466675
1.1274778842926025
1.0952174663543701
0.9936610460281372
0.9731355309486389
0.9051865339279175
0.8893709182739258
0.840038537979126
0.8277134895324707
0.7909518480300903
0.7827612161636353
0.7534122467041016
0.748506486415863
0.7241885662078857
0.7183851003646851
0.700463056564331
0.6958004236221313
0.682243824005127
0.6778439283370972
0.6658580899238586
0.6628060340881348
0.6526923775672913
0.6511545181274414
0.6443764567375183
0.642976701259613
0.6349788308143616
0.6337741613388062
0.6289275288581848
0.6274648904800415
0.6223613023757935
0.6215644478797913
0.618506908416748
0.6171014904975891
0.615760862827301
0.6138230562210083
0.611038088798523
0.6113945841789246
0.6098434329032898
0.6089067459106445
0.6063037514686584
0.6065173745155334
0.6048181653022766
0.6048473119735718
0.6036759614944458
0.6023606657981873
0.6017901301383972
0.6020371913909912
0.600581705570221
0.6003398895263672
0.5989632606506348
0.5989639759063721
0.5988486409187317
0.5982968807220459
0.5974078178405762
0.5973403453826904
0.5957616567611694
0.5953797698020935
0.5961409211158752
0.5950638651847839
0.5942193865776062
0.5938736796379089
0.5941917896270752
0.5936551094055176
0.5928596258163452
0.5944512486457825
0.5930675864219666
no squeeze
165.00550842285156
72.343017578125
56.43857192993164
25.95484161376953
22.696117401123047
14.98337459564209
13.652205467224121
9.823957443237305
9.081099510192871
6.796476364135742
6.32289981842041
4.822358131408691
4.502192497253418
3.4548697471618652
3.2276089191436768
2.4910073280334473
2.3320119380950928
1.8256076574325562
1.7199480533599854
1.39198899269104
1.3239542245864868
1.1137559413909912
1.0707712173461914
0.9394444227218628
0.9132837057113647
0.8331766724586487
0.8164363503456116
0.765174388885498
0.7550676465034485
0.7224057912826538
0.7145592570304871
0.6945809125900269
0.6903863549232483
0.6781160235404968
0.67445307970047
0.665431559085846
0.6627626419067383
0.6570855379104614
0.6565308570861816
0.6524237990379333
0.6517594456672668
0.649553656578064
0.6482611298561096
0.6453351378440857
0.6452811360359192
0.6441472768783569
0.6445257663726807
0.6421769261360168
0.6426833271980286
0.6400807499885559
0.6406249403953552
0.6398518085479736
0.6399110555648804
0.6397847533226013
0.6389515399932861
0.6384569406509399
0.6380144357681274
0.6376867294311523
0.6368952393531799
0.6382079124450684
0.6372919678688049
0.6368389129638672
0.6365317106246948
0.6360762715339661
0.6351422667503357
0.6357305645942688
0.6361060738563538
0.6344223022460938
0.6355067491531372
0.6352921724319458
no squeeze
165.26600646972656
97.8094711303711
82.16726684570312
38.94346618652344
32.885013580322266
19.80645179748535
17.81871795654297
12.521171569824219
11.521580696105957
8.529726028442383
7.931777000427246
6.075170040130615
5.679187774658203
4.437073230743408
4.176980018615723
3.3342511653900146
3.163325548171997
2.5855185985565186
2.4609484672546387
2.0522961616516113
1.96482515335083
1.672987937927246
1.6085395812988281
1.4069573879241943
1.3571827411651611
1.1992076635360718
1.1626771688461304
1.0431495904922485
1.0166012048721313
0.9368453621864319
0.9125101566314697
0.8434349298477173
0.8256010413169861
0.7670943140983582
0.7561107873916626
0.7155967354774475
0.7063237428665161
0.6738550662994385
0.6670572757720947
0.6409440636634827
0.6342812776565552
0.6154683828353882
0.6109486222267151
0.5935889482498169
0.5903688669204712
0.5799469947814941
0.5756687521934509
0.5659139156341553
0.5631840825080872
0.5544246435165405
0.5523439645767212
0.5449879765510559
0.5451214909553528
0.539526641368866
0.537422239780426
0.5342815518379211
0.5321582555770874
0.5293654203414917
0.5271498560905457
0.5247734785079956
0.5227144956588745
0.5199670791625977
0.5202959775924683
0.5182608962059021
0.516846239566803
0.5145635008811951
0.5146514177322388
0.5131767392158508
0.5126146078109741
0.5105323195457458
0.5092229843139648
0.5085533261299133
0.5089390277862549
0.5078946948051453
0.5072447061538696
0.5056731104850769
0.5046066641807556
0.5052908062934875
0.5040751695632935
0.502790629863739
0.5029646754264832
0.502078652381897
0.5014528632164001
0.5007685422897339
0.5012004971504211
0.4999313950538635
0.49977514147758484
0.5004982352256775
0.4982149302959442
0.49774259328842163
0.49873360991477966
0.4976515471935272
0.4978911280632019
0.4977797567844391
no squeeze
167.3313751220703
125.2660903930664
111.96084594726562
62.3642463684082
53.34581756591797
34.788551330566406
32.26444625854492
25.537076950073242
24.28257942199707
20.324581146240234
19.476472854614258
16.718631744384766
16.106517791748047
14.044907569885254
13.575353622436523
12.029330253601074
11.684802055358887
10.480273246765137
10.215872764587402
9.336553573608398
9.111160278320312
8.41815185546875
8.260047912597656
7.757319450378418
7.673104286193848
7.177231788635254
7.076028347015381
6.7325358390808105
6.660802364349365
6.3797831535339355
6.319416522979736
6.0785017013549805
6.0340189933776855
5.828170299530029
5.781131267547607
5.615819931030273
5.611153602600098
5.4339494705200195
5.397950172424316
5.272276878356934
5.247446060180664
5.160182476043701
5.111474990844727
5.0070576667785645
4.980780124664307
4.927853107452393
4.864140033721924
4.764474868774414
4.741477012634277
4.64943790435791
4.6270623207092285
4.535836219787598
4.519593238830566
4.4150896072387695
4.375645160675049
4.2612996101379395
4.241120338439941
4.129961013793945
4.0780534744262695
3.95001220703125
3.895474910736084
3.7424986362457275
3.7000985145568848
3.5374906063079834
3.4750397205352783
3.2784314155578613
3.228989601135254
3.01412296295166
2.9520065784454346
2.7311666011810303
2.649569511413574
2.402538537979126
2.3346269130706787
2.1057941913604736
2.052399158477783
1.8109755516052246
1.74104642868042
1.5390483140945435
1.4730833768844604
1.299479603767395
1.2483563423156738
1.1112529039382935
1.0799839496612549
0.9569965600967407
0.927578330039978
0.8409346342086792
0.8209912180900574
0.7626612186431885
0.7488158345222473
0.7069400548934937
0.6987583041191101
0.6712956428527832
0.6673922538757324
0.6471046209335327
0.6442409157752991
0.6317868828773499
0.6282373070716858
0.6182026267051697
0.6203229427337646
0.6114828586578369
0.6132579445838928
0.6074612140655518
0.6055709719657898
0.6039242148399353
0.6032252907752991
0.600019633769989
0.5993257761001587
0.597886860370636
0.5980871319770813
0.5955001711845398
0.594663679599762
0.5951513051986694
0.5949435234069824
0.5950900316238403
no squeeze
166.90167236328125
117.76602935791016
104.78549194335938
60.14162063598633
51.721435546875
32.28398132324219
29.391735076904297
21.622535705566406
20.17810821533203
15.901327133178711
15.045685768127441
12.362260818481445
11.808831214904785
10.0071439743042
9.61925220489502
8.335086822509766
8.051804542541504
7.107154846191406
6.900030136108398
6.165192604064941
5.998177528381348
5.419640064239502
5.286096572875977
4.813413143157959
4.699933052062988
4.302918434143066
4.206249713897705
3.8764595985412598
3.7895920276641846
3.466151714324951
3.3895394802093506
3.1089885234832764
3.037806749343872
2.787209987640381
2.7199034690856934
2.4786558151245117
2.4218037128448486
2.1977202892303467
2.1435720920562744
1.9509307146072388
1.9008753299713135
1.7281553745269775
1.6833606958389282
1.5395562648773193
1.4982619285583496
1.3652186393737793
1.3356375694274902
1.2353583574295044
1.208418369293213
1.1176872253417969
1.0955770015716553
1.028265357017517
1.009660243988037
0.9534355401992798
0.942543625831604
0.9003340601921082
0.8925718665122986
0.8570405840873718
0.8476548790931702
0.8202863335609436
0.8142850995063782
0.7942413687705994
0.7878381013870239
0.7697570323944092
0.7679342031478882
0.752048909664154
0.7482444047927856
0.7383400797843933
0.7357488870620728
0.7245100140571594
0.7230150103569031
0.7145230770111084
0.7126402854919434
0.7059186697006226
0.703782320022583
0.6978755593299866
0.6958019733428955
0.69053053855896
0.6892240047454834
0.6853146553039551
0.6846591234207153
0.6791638731956482
0.6780980825424194
0.6749509572982788
0.6744144558906555
0.6717025637626648
0.6702213287353516
0.6678911447525024
0.668164849281311
0.6643863916397095
0.6639661192893982
0.6617343425750732
0.6619212031364441
0.6603365540504456
0.6584857702255249
0.6571395397186279
0.6562888622283936
0.6540398597717285
0.6536702513694763
0.6524180173873901
0.6552239656448364
0.6494213938713074
0.6524991393089294
0.6488027572631836
0.6487497091293335
0.6468973159790039
0.6492586731910706
0.6460393071174622
0.6445291638374329
0.6456105709075928
0.6465912461280823
0.6440505385398865
0.6422972083091736
0.6419751644134521
0.6425840854644775
0.6424198746681213
no squeeze
159.8060760498047
33.04184341430664
26.642539978027344
15.132601737976074
13.4641695022583
9.285731315612793
8.613607406616211
6.9528021812438965
6.705143928527832
6.1099138259887695
6.02983283996582
5.822705268859863
5.797086238861084
5.735969066619873
5.726375102996826
5.7059526443481445
5.7167792320251465
5.7100629806518555
