no squeeze
7.656294345855713
0.6501880288124084
0.493541955947876
0.25743117928504944
0.23034338653087616
0.16721965372562408
0.1565081924200058
0.12678883969783783
0.12183544784784317
0.10709507763385773
0.10463175922632217
0.09774576872587204
0.09646810591220856
0.09305085986852646
0.09250791370868683
0.09145160019397736
0.09085265547037125
0.09031963348388672
0.0903363898396492
0.08963484317064285
0.08920536190271378
0.08930808305740356
0.0890868678689003
0.08879195153713226
0.0886899083852768
0.08906973898410797
0.08873852342367172
0.08849520236253738
0.0883651077747345
0.0883345752954483
0.08880726993083954
0.08895111829042435
no squeeze
8.779182434082031
0.9827697277069092
0.8044276833534241
0.6079140901565552
0.5898098349571228
0.5552731156349182
0.5502709746360779
0.5404545664787292
0.5403053760528564
0.5368800759315491
0.5350074768066406
0.5348897576332092
0.5329135656356812
0.5343479514122009
0.5332922339439392
0.5323312878608704
0.5318766832351685
0.5319839715957642
0.5320855379104614
0.5343763828277588
no squeeze
8.335383415222168
1.2759596109390259
0.961428165435791
0.41002440452575684
0.34456509351730347
0.1922227442264557
0.1689978390932083
0.11107037216424942
0.10082289576530457
0.07281188666820526
0.06810928881168365
0.05492725595831871
0.05227438360452652
0.04453298822045326
0.04310469329357147
0.03868097439408302
0.03783787414431572
0.03509921953082085
0.03450213000178337
0.03250045329332352
0.03208093345165253
0.030554164201021194
0.03024047054350376
0.02919129654765129
0.028954893350601196
0.028119366616010666
0.027887588366866112
0.027032647281885147
0.02686496265232563
0.02611386589705944
0.025945859029889107
0.025357434526085854
0.02522064372897148
0.02469336800277233
0.024631427600979805
0.024107305333018303
0.02405841276049614
0.023638173937797546
0.023505927994847298
0.02312440611422062
0.023042453452944756
0.022672124207019806
0.022571515291929245
0.022244831547141075
0.022229565307497978
0.021941915154457092
0.02189514972269535
0.02170070819556713
0.02160428650677204
0.021452149376273155
0.02136101759970188
0.021143605932593346
0.021125754341483116
0.02098463661968708
0.020943086594343185
0.02078779973089695
0.020809831097722054
0.02068580873310566
0.020663980394601822
0.02051285095512867
0.020491722971200943
0.020364802330732346
0.0203285813331604
0.020284710451960564
0.020247718319296837
0.02018519677221775
0.020171741023659706
0.02021149918437004
0.020101051777601242
0.020001595839858055
0.020006230100989342
0.01997690461575985
0.019915184006094933
0.019970040768384933
0.019980538636446
0.019835038110613823
0.019824976101517677
0.01984764263033867
0.019844673573970795
0.019746694713830948
0.019841019064188004
0.01977166347205639
no squeeze
8.994696617126465
4.337992191314697
3.6767475605010986
2.3574016094207764
2.193161964416504
1.7743159532546997
1.6965006589889526
1.4678153991699219
1.4209144115447998
1.2719727754592896
1.241715908050537
1.1381638050079346
1.1164381504058838
1.0429285764694214
1.0269920825958252
0.9729407429695129
0.9626506567001343
0.919297456741333
0.911756157875061
0.8812987804412842
0.8729853630065918
0.8459523320198059
0.840355634689331
0.8179908990859985
0.8134376406669617
0.7927592992782593
0.7887973785400391
0.7709233164787292
0.7666155099868774
0.7499704360961914
0.7480773329734802
0.730861246585846
0.7253758311271667
0.7150466442108154
0.7101587057113647
0.6950302124023438
0.6922125220298767
0.6771880984306335
0.6743037104606628
0.6602807641029358
0.6576625108718872
0.6427462100982666
0.640444278717041
0.6276108622550964
0.625569760799408
0.6127474904060364
0.6094173192977905
0.5979956388473511
0.5929703116416931
0.5822826027870178
0.5794520974159241
0.5678538680076599
0.5636470317840576
0.5552559494972229
0.5531741380691528
0.5421046018600464
0.540482759475708
0.5322027802467346
0.5303409099578857
0.5239965915679932
0.5221657752990723
0.5167231559753418
0.5156863927841187
0.5114552974700928
0.5097423791885376
0.5074244141578674
0.5054426193237305
0.5045514106750488
0.5027206540107727
0.5007049441337585
0.4986400902271271
0.4987095296382904
0.4958569407463074
0.49538055062294006
0.4936279058456421
0.49447983503341675
0.49248459935188293
0.4902401268482208
0.4884715974330902
0.48675695061683655
0.48780861496925354
0.48793843388557434
no squeeze
8.149198532104492
1.809983253479004
1.5498862266540527
1.0907530784606934
1.031535267829895
0.8832266926765442
0.8572127819061279
0.7853327393531799
0.7731422185897827
0.729893147945404
0.7203584909439087
0.6933428049087524
0.6855040788650513
0.665765643119812
0.6596243381500244
0.6441228985786438
0.6401544213294983
0.6258237361907959
0.6217361092567444
0.6132115721702576
0.6091598272323608
0.6004950404167175
0.599698007106781
0.5910754203796387
0.5902838706970215
0.5853924751281738
0.581950306892395
0.5763123035430908
0.5763784646987915
0.5703749060630798
0.5680299997329712
0.5644947290420532
0.5629919171333313
0.5606962442398071
0.5597063302993774
0.556873083114624
0.555351734161377
0.5539647936820984
0.5537272095680237
0.551252543926239
0.5509133338928223
0.5504260659217834
0.548572301864624
0.549058198928833
0.5467597842216492
0.5470042824745178
0.5454675555229187
0.5438905954360962
0.5451855063438416
0.5448900461196899
no squeeze
8.130914688110352
1.3254179954528809
1.2572879791259766
1.2195971012115479
1.2228803634643555
1.2124491930007935
1.2137283086776733
1.2134917974472046
