no squeeze
5.391109943389893
1.3341422080993652
0.6948472261428833
0.34777459502220154
0.19488511979579926
0.12771761417388916
0.06765686720609665
0.0605023130774498
0.03647598251700401
0.03586854413151741
0.02203289605677128
0.018871266394853592
0.012467246502637863
0.013310879468917847
0.009119277819991112
0.005845753941684961
0.006799694150686264
0.007040650583803654
0.004481833893805742
0.004679568577557802
0.0022731914650648832
0.005495195277035236
0.006218343041837215
0.014207152649760246
0.008504420518875122
0.0062469965778291225
0.017124084755778313
0.011914108879864216
0.0022347213234752417
0.005033599678426981
0.005876959301531315
0.009776796214282513
0.01650548353791237
0.006269457750022411
0.0073610590770840645
0.0032614965457469225
0.01256205327808857
0.03128066286444664
0.0043764119036495686
no squeeze
3.9222071170806885
1.2214206457138062
0.6862974762916565
0.4964538812637329
0.42637380957603455
0.34043100476264954
0.2681741416454315
0.2752132713794708
0.2411813884973526
0.2452792078256607
0.19953224062919617
0.18604609370231628
0.208489328622818
0.1900053471326828
0.14771291613578796
0.22283034026622772
0.1390116959810257
0.2078205645084381
0.1878502070903778
0.17434857785701752
0.1384458690881729
0.18243002891540527
0.14227767288684845
0.13388703763484955
0.12929663062095642
0.15648436546325684
0.12826049327850342
0.1727115958929062
0.14701637625694275
0.21957296133041382
0.17112399637699127
0.14421162009239197
0.13102969527244568
0.11329757422208786
0.1756431609392166
0.14441436529159546
0.15429948270320892
0.15047822892665863
0.1560702621936798
0.12107110023498535
0.12801319360733032
0.11723890900611877
0.14847445487976074
0.144240140914917
no squeeze
4.8771748542785645
1.9633104801177979
1.4106343984603882
0.9602497816085815
0.9024169445037842
0.645789384841919
0.5406416058540344
0.6454766392707825
0.43285176157951355
0.4362337589263916
0.36745190620422363
0.26735296845436096
0.21987661719322205
0.2697896361351013
0.28665581345558167
0.19773663580417633
0.1450602412223816
0.3019418716430664
0.1394251585006714
0.2563002407550812
0.3262627422809601
0.12756101787090302
0.12511344254016876
0.0855225920677185
0.0941581279039383
0.12219329923391342
0.06562311202287674
0.058724045753479004
0.17232878506183624
0.09798495471477509
0.19652360677719116
0.20221097767353058
0.09761924296617508
0.1296381652355194
0.1255497932434082
0.09488925337791443
0.051881179213523865
0.10339275002479553
0.10439053177833557
0.048551399260759354
0.08034513145685196
0.0719664990901947
0.07464081794023514
0.07879199087619781
0.08438550680875778
0.03605881333351135
0.06152680516242981
0.07546817511320114
0.022153018042445183
0.016833940520882607
0.09574875980615616
0.027902500703930855
0.032356470823287964
0.03524709492921829
0.06451892107725143
0.0215032659471035
0.032833125442266464
0.01998188905417919
0.03301004692912102
0.040287937968969345
no squeeze
5.757641315460205
2.270643949508667
1.8086682558059692
1.528897762298584
1.3330332040786743
1.117571234703064
0.9733015894889832
0.901628851890564
0.7781514525413513
0.7140817046165466
0.6906607747077942
0.6351031064987183
0.5924876928329468
0.6036739945411682
0.5346336364746094
0.490556001663208
0.49396565556526184
0.4442455768585205
0.42590415477752686
0.40582019090652466
0.39742934703826904
0.39701586961746216
0.37225279211997986
0.38305890560150146
0.32909855246543884
0.32907751202583313
0.3318942189216614
0.29669591784477234
0.3107677698135376
0.31790971755981445
0.3175828754901886
0.2788088321685791
0.3023710250854492
0.2656400501728058
0.23679935932159424
0.2535598576068878
0.25557029247283936
0.23896008729934692
0.23873838782310486
0.2492169439792633
0.23148034512996674
0.22680646181106567
0.21718747913837433
0.2116413116455078
0.20532108843326569
0.2392003983259201
0.19455358386039734
0.2267162948846817
0.21568873524665833
0.23802633583545685
0.21250410377979279
0.18400618433952332
0.20547252893447876
0.17560194432735443
0.21532033383846283
0.16815488040447235
0.15746870636940002
0.16774970293045044
0.16699276864528656
0.16589553654193878
0.17935456335544586
0.1820244938135147
0.16882236301898956
0.16565577685832977
0.13855166733264923
0.16472811996936798
0.1505148559808731
0.16665998101234436
0.16969887912273407
0.17660869657993317
0.17303110659122467
0.15185436606407166
0.15960922837257385
0.1459507793188095
0.15105655789375305
no squeeze
3.7319395542144775
1.551560878753662
1.064099669456482
0.825169026851654
0.6824941039085388
0.5909437537193298
0.48905041813850403
0.46201419830322266
0.42492184042930603
0.39722052216529846
0.3445109724998474
0.31447890400886536
0.3090088963508606
0.2839570939540863
0.2806074917316437
0.2557549476623535
0.24453836679458618
0.2279690057039261
0.22330868244171143
0.2266038954257965
0.2516067922115326
0.20676255226135254
0.18135999143123627
0.20079796016216278
0.1665424108505249
0.18676409125328064
0.18532319366931915
0.1630084365606308
0.1771005094051361
0.17690324783325195
0.15804485976696014
0.14564906060695648
0.14421316981315613
0.13953714072704315
0.14381910860538483
0.14299814403057098
0.14815692603588104
0.1493692249059677
0.13848987221717834
0.14656975865364075
0.13153818249702454
0.13179197907447815
0.14715616405010223
0.1298169493675232
0.12106086313724518
0.11960781365633011
0.12396219372749329
0.12443271279335022
0.11414851248264313
0.11442229896783829
0.11391285806894302
0.11274431645870209
0.1087232157588005
0.11537855118513107
0.10403655469417572
0.10937038064002991
0.10874386876821518
0.09845013916492462
0.10995233058929443
0.1295337975025177
0.10234338045120239
0.09122291207313538
0.10276389122009277
0.13246041536331177
0.12383648008108139
0.10243166983127594
0.0909954383969307
0.08532240986824036
0.0972488671541214
0.09664041548967361
0.11015966534614563
0.08393685519695282
0.0942806825041771
0.08518235385417938
0.08810114860534668
0.08197678625583649
0.11125209182500839
0.10565213859081268
0.08294953405857086
0.07819832116365433
0.07746054977178574
0.09340178966522217
0.09550756961107254
0.08278761804103851
0.07970620691776276
0.08064742386341095
0.07063940167427063
0.0806489884853363
0.08261512964963913
0.08309918642044067
0.06905946135520935
0.07596465200185776
0.0682896301150322
0.08026853203773499
0.07969117909669876
0.08341413736343384
0.0961240902543068
0.06600724905729294
0.06724583357572556
0.07123082131147385
0.06829017400741577
0.07363498210906982
0.07676021009683609
0.06853337585926056
0.07632886618375778
0.06481616944074631
0.06257183849811554
0.08802895247936249
0.07850342988967896
0.0742824524641037
0.06644188612699509
0.05783139169216156
0.06151970848441124
0.06843743473291397
0.0706518143415451
0.0770823284983635
0.06516486406326294
0.059494756162166595
0.06542547792196274
0.05972149968147278
0.07507627457380295
0.05701897293329239
0.06445104628801346
0.06502266973257065
0.061183106154203415
0.07130701094865799
0.06178579106926918
0.06272841989994049
0.06454601883888245
0.06587085127830505
0.06172458827495575
0.05748866870999336
no squeeze
4.504742622375488
1.3200697898864746
0.8413164019584656
0.48924338817596436
0.3858503997325897
0.4057858884334564
0.42460930347442627
0.46555426716804504
0.4860028326511383
0.40756598114967346
0.31505724787712097
0.3134923577308655
0.5032464265823364
0.2736627459526062
0.2998364567756653
0.24967265129089355
0.6379843950271606
0.3082294464111328
0.3134608864784241
0.2386038452386856
0.3954946994781494
0.4109989106655121
0.29010194540023804
0.42361676692962646
0.34133246541023254
0.17875604331493378
0.28146180510520935
0.25340983271598816
0.37323227524757385
0.3733421266078949
0.4699817895889282
0.28295233845710754
0.30460935831069946
0.466732382774353
0.15975309908390045
0.30224066972732544
0.2805563807487488
0.20316733419895172
0.22966241836547852
0.2259882688522339
0.2623575031757355
0.24409238994121552
0.2751561999320984
0.42073139548301697
0.2283705174922943
