no squeeze
493.8521728515625
313.9944152832031
271.02740478515625
146.18064880371094
126.61009979248047
84.53912353515625
78.55555725097656
61.9863166809082
58.5885009765625
47.10630416870117
44.47439193725586
35.34925079345703
33.24061965942383
26.003570556640625
24.357770919799805
18.79970359802246
17.56551742553711
13.491353988647461
12.606389045715332
9.727717399597168
9.108388900756836
7.127496242523193
6.707054138183594
5.341623306274414
5.05100679397583
4.123750686645508
3.923285484313965
3.282532215118408
3.1447627544403076
2.6960620880126953
2.60202693939209
2.285808563232422
2.222209930419922
2.0075228214263916
1.9597855806350708
1.8020128011703491
1.7667618989944458
1.6535613536834717
1.6288660764694214
1.543265461921692
1.527063012123108
1.470258355140686
1.4567580223083496
1.4082777500152588
1.3982489109039307
1.3655986785888672
1.357772946357727
1.3303948640823364
1.3247829675674438
1.3031741380691528
1.2992517948150635
1.2819527387619019
1.2773362398147583
1.2643764019012451
1.2610282897949219
1.2491732835769653
1.247677206993103
1.2385321855545044
1.235264539718628
1.2268054485321045
1.224697470664978
1.2171871662139893
1.2151813507080078
1.2084636688232422
1.2062140703201294
1.2008227109909058
1.1988091468811035
1.193740725517273
1.1926443576812744
1.1881219148635864
1.18645179271698
1.1820744276046753
1.1813089847564697
1.17575204372406
1.1751909255981445
1.1714060306549072
1.1703121662139893
1.1679065227508545
1.165244698524475
1.1616982221603394
1.1603314876556396
1.1573970317840576
1.156328558921814
1.152446985244751
1.1514724493026733
1.148468255996704
1.1475878953933716
1.1446385383605957
1.1445581912994385
1.1413276195526123
1.1394444704055786
1.1379157304763794
1.1372392177581787
1.134133219718933
1.133914828300476
1.1319055557250977
1.1316132545471191
1.1291029453277588
1.1282492876052856
1.125860571861267
1.1253340244293213
1.1220388412475586
1.1210829019546509
1.1196537017822266
1.1195849180221558
1.1183797121047974
1.1169575452804565
1.1157951354980469
1.114715576171875
1.1129732131958008
1.1118924617767334
1.1128515005111694
1.1121128797531128
1.1080355644226074
1.1082563400268555
1.1079511642456055
1.1067129373550415
1.1056115627288818
1.1039531230926514
1.1041618585586548
1.103226900100708
1.1022379398345947
1.1021114587783813
1.1009910106658936
1.1014701128005981
1.09916353225708
1.0992815494537354
1.098475456237793
1.098297357559204
1.0973610877990723
1.0966246128082275
1.0969569683074951
1.0954644680023193
1.0955232381820679
1.0947030782699585
1.094803810119629
1.0937420129776
1.093149185180664
1.0924152135849
1.0916633605957031
1.092542052268982
1.0918625593185425
no squeeze
493.3033752441406
308.9521484375
266.59027099609375
144.24929809570312
124.45182037353516
78.95577239990234
71.92752838134766
52.40648651123047
48.60710906982422
36.934749603271484
34.50034713745117
26.836109161376953
25.22768783569336
20.130767822265625
19.046390533447266
15.561595916748047
14.829508781433105
12.429500579833984
11.907288551330566
10.153666496276855
9.744945526123047
8.438141822814941
8.138124465942383
7.1127495765686035
6.880401134490967
6.080214500427246
5.89381217956543
5.236492156982422
5.097353458404541
4.567573547363281
4.443262577056885
4.01935338973999
3.920283317565918
3.579495906829834
3.5012218952178955
3.1938633918762207
3.1243977546691895
2.883582353591919
2.824063777923584
2.6303458213806152
2.5837643146514893
2.4102962017059326
2.3723952770233154
2.2240335941314697
2.190688133239746
2.07340145111084
2.0422496795654297
1.9428925514221191
1.9245309829711914
1.8300590515136719
1.8116586208343506
1.7308385372161865
1.713301181793213
1.6515772342681885
1.6386923789978027
1.5794670581817627
1.5661338567733765
1.5219894647598267
1.5083322525024414
1.4685343503952026
1.4600579738616943
1.4258953332901
1.4181996583938599
1.3902333974838257
1.383136510848999
1.3588546514511108
1.3535008430480957
1.335632562637329
1.330732822418213
1.3144079446792603
1.3117159605026245
1.2951987981796265
1.2920438051223755
1.2819850444793701
1.2786866426467896
1.2685798406600952
1.2674463987350464
1.258779764175415
1.2565122842788696
1.2490366697311401
1.2478054761886597
1.2432829141616821
1.2459535598754883
1.2375743389129639
1.2359720468521118
1.2318350076675415
1.2300602197647095
1.2309144735336304
1.230122685432434
1.2248892784118652
1.224137306213379
1.222603678703308
1.2213324308395386
1.2190223932266235
1.2180110216140747
1.2156983613967896
1.215765357017517
1.2142835855484009
1.215395212173462
1.2129900455474854
1.212256669998169
1.2141058444976807
1.213126301765442
1.2108540534973145
1.2107675075531006
1.2101383209228516
1.209744930267334
1.2084412574768066
1.2087703943252563
1.2088068723678589
no squeeze
497.9115295410156
362.02484130859375
325.870849609375
201.72482299804688
177.05810546875
112.82107543945312
102.32096862792969
73.63514709472656
67.96172332763672
51.035404205322266
47.600894927978516
36.528377532958984
34.167884826660156
26.327247619628906
24.634662628173828
19.012996673583984
17.793380737304688
13.824962615966797
12.97217845916748
10.22365665435791
9.639883041381836
7.771886348724365
7.364418029785156
6.050590515136719
5.774574279785156
4.8622822761535645
4.666506290435791
4.008574962615967
3.8635222911834717
3.3908307552337646
3.273055076599121
2.9001340866088867
2.8170552253723145
2.5402638912200928
2.4752979278564453
2.253943681716919
2.200456380844116
2.023308038711548
1.983109951019287
1.8450320959091187
1.8138437271118164
1.6993563175201416
1.6745809316635132
1.5875499248504639
1.5658987760543823
1.4938673973083496
1.4761332273483276
1.4140533208847046
1.4001514911651611
1.3512221574783325
1.3388137817382812
1.2978941202163696
1.2881871461868286
1.2552616596221924
1.246483325958252
1.2174785137176514
1.2112760543823242
1.18767511844635
1.1816279888153076
1.1615872383117676
1.1567761898040771
1.140215516090393
1.1365219354629517
1.1228116750717163
1.1190335750579834
1.1078089475631714
1.1043578386306763
1.0935152769088745
1.0918078422546387
1.0834707021713257
1.0804805755615234
1.0730838775634766
1.0707088708877563
1.0642575025558472
1.0627741813659668
1.0569789409637451
1.0553017854690552
1.0503758192062378
1.0492058992385864
1.0451717376708984
1.0441824197769165
1.0397979021072388
1.0386520624160767
1.0357834100723267
1.0347598791122437
1.0314762592315674
1.0304744243621826
1.0281370878219604
1.027044415473938
1.024268388748169
1.0242815017700195
1.0229833126068115
1.0221983194351196
1.0218544006347656
1.0189197063446045
1.0173360109329224
1.0174037218093872
1.015869379043579
1.0143977403640747
1.0132887363433838
1.0121476650238037
1.0120892524719238
1.011207938194275
1.0106074810028076
1.0093374252319336
1.0085841417312622
1.008005976676941
1.0076502561569214
1.0071252584457397
1.0057262182235718
1.0051301717758179
1.0064769983291626
1.005720615386963
1.0034255981445312
1.0045450925827026
1.003306269645691
1.0024473667144775
1.0015130043029785
1.0021395683288574
1.0003911256790161
1.0040215253829956
1.0001096725463867
1.0007632970809937
1.0003407001495361
no squeeze
499.57025146484375
445.58404541015625
425.6291198730469
320.6889953613281
288.9134826660156
179.6619873046875
159.57046508789062
111.78885650634766
104.35457611083984
83.39717864990234
79.2064208984375
65.95387268066406
63.130775451660156
53.797489166259766
51.70933151245117
44.7895622253418
43.2565803527832
38.134613037109375
36.994773864746094
33.15623092651367
32.2967529296875
29.423866271972656
28.77577018737793
26.60600471496582
26.12590789794922
24.506816864013672
24.162588119506836
22.896408081054688
22.615264892578125
21.683626174926758
21.470476150512695
20.76198387145996
20.604650497436523
20.04802894592285
19.921072006225586
19.489587783813477
19.395193099975586
19.080209732055664
18.965682983398438
18.697608947753906
18.653303146362305
18.368589401245117
18.291603088378906
18.17540168762207
18.040834426879883
17.845314025878906
17.840927124023438
17.606813430786133
17.549537658691406
17.35508918762207
17.310274124145508
17.12589454650879
17.098979949951172
16.86330223083496
16.811445236206055
16.624454498291016
16.566389083862305
16.42843246459961
16.29014778137207
16.01075553894043
16.024843215942383
15.683544158935547
15.619174003601074
15.312021255493164
15.379786491394043
14.887271881103516
14.791518211364746
14.414067268371582
14.30810546875
13.882302284240723
13.77302074432373
13.32866096496582
13.186367988586426
12.672971725463867
12.561445236206055
12.075267791748047
11.825565338134766
11.245233535766602
11.050642967224121
10.378336906433105
10.20882511138916
9.516942977905273
9.32667350769043
8.670947074890137
8.466761589050293
7.752180576324463
7.554905414581299
6.8676838874816895
6.718682765960693
6.024139881134033
5.850671768188477
5.23677396774292
5.0775933265686035
4.531154155731201
4.391181945800781
3.909095287322998
3.775829792022705
3.3571419715881348
3.2570149898529053
2.903254270553589
2.8210041522979736
2.540480852127075
2.4725546836853027
2.2481698989868164
2.1941323280334473
2.0138728618621826
1.9746360778808594
1.848233699798584
1.8099650144577026
1.7032667398452759
1.6823227405548096
1.6073139905929565
1.5962437391281128
1.5381630659103394
1.5227140188217163
1.4904383420944214
1.4719798564910889
1.4428640604019165
1.4303374290466309
1.410685658454895
1.401091456413269
1.3832156658172607
1.377611756324768
1.362121820449829
1.359168529510498
1.347670078277588
1.3563112020492554
1.3409010171890259
1.338231086730957
1.3326518535614014
1.3287956714630127
1.327108383178711
1.3255125284194946
1.327806830406189
1.3199386596679688
1.3164435625076294
1.3160057067871094
1.3140636682510376
1.3142290115356445
1.3119310140609741
1.3124988079071045
1.3071333169937134
1.3074061870574951
1.3065487146377563
1.3050323724746704
1.3042043447494507
1.3054587841033936
1.3048667907714844
no squeeze
495.367431640625
374.1265869140625
343.9255676269531
237.16200256347656
214.00167846679688
147.45458984375
135.8367462158203
105.12268829345703
99.39885711669922
81.44297790527344
77.52664947509766
64.5072250366211
61.60923385620117
51.8359260559082
49.66433334350586
42.325477600097656
40.66293716430664
35.088172912597656
33.84024429321289
29.60611915588379
28.651382446289062
25.350399017333984
24.599754333496094
22.00098991394043
21.378253936767578
19.27613639831543
18.782081604003906
16.913381576538086
16.47393798828125
14.902647972106934
14.525527000427246
13.16119384765625
12.839896202087402
11.606327056884766
11.298659324645996
10.182098388671875
9.92032527923584
8.969643592834473
8.726912498474121
7.854781627655029
7.64640998840332
6.88239860534668
6.706470012664795
6.04024600982666
5.885838508605957
5.328733921051025
5.203271865844727
4.714658737182617
4.59420919418335
4.189531326293945
4.0890793800354
3.7473556995391846
3.666499137878418
3.3772895336151123
3.3100132942199707
3.079521656036377
3.0241382122039795
2.821016550064087
2.777101755142212
2.6167194843292236
2.572181224822998
2.43873929977417
2.403425931930542
2.289647102355957
2.2612335681915283
2.167457103729248
2.1428253650665283
2.0632376670837402
2.044229507446289
1.9781161546707153
1.960787057876587
1.9007508754730225
1.885483741760254
1.8401261568069458
1.8266527652740479
1.7840913534164429
1.7729250192642212
1.7383064031600952
1.7301603555679321
1.69352388381958
1.6862949132919312
1.6607969999313354
1.6543233394622803
1.629586100578308
1.6229808330535889
1.6019583940505981
1.5949856042861938
1.5727806091308594
1.5728808641433716
1.5526469945907593
1.5489064455032349
1.533494472503662
1.5292448997497559
1.5206670761108398
1.5179729461669922
1.5003575086593628
1.4984492063522339
1.4863499402999878
1.484971523284912
1.4729489088058472
1.4712176322937012
1.4630357027053833
1.459992527961731
1.4566371440887451
1.450479507446289
1.4421547651290894
1.4463756084442139
1.437004804611206
1.4375864267349243
1.4278874397277832
1.426120400428772
1.423302173614502
1.4185447692871094
1.4122684001922607
1.4148468971252441
1.4066710472106934
1.4059293270111084
1.3997106552124023
1.4038382768630981
1.3976633548736572
1.3973402976989746
1.3943588733673096
1.3910243511199951
1.390339732170105
1.3867918252944946
1.3818665742874146
1.3827974796295166
1.3803998231887817
1.3804994821548462
1.3772507905960083
1.3754870891571045
1.370173692703247
1.3740782737731934
1.372088074684143
no squeeze
488.6720886230469
181.60511779785156
144.3926239013672
76.85301971435547
68.38726806640625
47.18566131591797
43.45193099975586
33.02494812011719
31.168376922607422
26.085983276367188
25.18971061706543
22.75990104675293
22.39479637145996
21.274354934692383
21.332077026367188
20.567283630371094
20.488489151000977
20.270633697509766
20.19481086730957
20.1200008392334
20.102018356323242
20.026443481445312
19.999279022216797
20.000682830810547
19.959026336669922
20.020477294921875
19.96537208557129
19.93987464904785
19.934602737426758
20.002527236938477
19.954265594482422
20.029237747192383
