no squeeze
32.46288299560547
4.459499835968018
3.387737274169922
1.4670383930206299
1.265636682510376
0.7699669003486633
0.6846598386764526
0.4439944922924042
0.39904263615608215
0.26893526315689087
0.24369217455387115
0.172204852104187
0.1581784337759018
0.11639769375324249
0.10784844309091568
0.0811755433678627
0.07594610750675201
0.05868741497397423
0.05517235025763512
0.04435884952545166
0.042047400027513504
0.03547210246324539
0.03414095938205719
0.030251717194914818
0.029395833611488342
0.027134263888001442
0.02672148123383522
0.025454800575971603
0.02518276497721672
0.024429604411125183
0.02425585314631462
0.023873502388596535
0.023740675300359726
0.02344563603401184
0.02344495616853237
0.02314862236380577
0.023098483681678772
0.02291182428598404
0.022886253893375397
0.022676929831504822
0.022648395970463753
0.0225691981613636
0.02249099314212799
0.0223751999437809
0.02227739989757538
0.022185275331139565
0.022127266973257065
0.022023113444447517
0.021977350115776062
0.021921873092651367
0.0218652430921793
0.021751288324594498
0.02173258550465107
0.02166643925011158
0.021665504202246666
0.021581916138529778
0.02152027189731598
0.021484021097421646
0.021457063034176826
0.021405711770057678
0.021394522860646248
0.02131403423845768
0.021310333162546158
0.02132992446422577
0.02128155343234539
0.021182434633374214
0.02114342898130417
0.021097784861922264
0.02113492228090763
0.021086793392896652
0.021091319620609283
0.021099301055073738
no squeeze
32.01144790649414
5.192554950714111
4.677725791931152
3.388582229614258
3.2576825618743896
2.9675683975219727
2.9288718700408936
2.8137505054473877
2.7995409965515137
2.7478525638580322
2.7374706268310547
2.7252678871154785
2.7134320735931396
2.704464912414551
2.7048451900482178
2.695064067840576
2.695643424987793
2.692357063293457
2.690535545349121
2.701572895050049
2.693129062652588
2.690540313720703
no squeeze
33.178287506103516
11.23827838897705
7.659335136413574
2.7545905113220215
2.454528331756592
1.7665579319000244
1.6540693044662476
1.3020808696746826
1.2245744466781616
0.9797424674034119
0.9250296950340271
0.742436408996582
0.7034355998039246
0.5683574676513672
0.5396909713745117
0.43993309140205383
0.41749265789985657
0.3416624069213867
0.3252050578594208
0.26862096786499023
0.2565602660179138
0.21541523933410645
0.20583808422088623
0.17451781034469604
0.16745620965957642
0.14390669763088226
0.13850897550582886
0.1202705055475235
0.11598274856805801
0.10257617384195328
0.09925591200590134
0.088522769510746
0.08619683235883713
0.07764994353055954
0.07586107403039932
0.06932542473077774
0.06756345182657242
0.06210837885737419
0.061076026409864426
0.0564969964325428
0.055713195353746414
0.052141256630420685
0.05132167413830757
0.04834828898310661
0.04774826392531395
0.045466430485248566
0.044814445078372955
0.042512137442827225
0.0422392264008522
0.04051618650555611
0.03997534140944481
0.03829653188586235
0.037930771708488464
0.036709707230329514
0.036304913461208344
0.03546573221683502
0.03504621237516403
0.033808350563049316
0.0336184948682785
0.03257729858160019
0.03243212401866913
0.03145651891827583
0.03147311508655548
0.03047841601073742
0.030215656384825706
0.029415210708975792
0.02925647608935833
0.02859320491552353
0.028432108461856842
0.027992263436317444
0.027791373431682587
0.02716909721493721
0.027030691504478455
0.026555389165878296
0.026448048651218414
0.025878023356199265
0.025812458246946335
0.0254253800958395
0.025365907698869705
0.024972163140773773
0.02480928599834442
0.024482615292072296
0.024487700313329697
0.02404385432600975
0.02405773662030697
0.023802179843187332
0.023672638460993767
0.023518474772572517
0.02336185798048973
0.02310304529964924
0.023006275296211243
0.022850610315799713
0.022683102637529373
0.02255227230489254
0.02244788222014904
0.022277778014540672
0.022232146933674812
0.022043269127607346
0.022051623091101646
0.021847326308488846
0.021807605400681496
0.02165098860859871
0.021694926545023918
0.021603748202323914
0.021512655541300774
0.021377060562372208
0.021330390125513077
0.021270010620355606
0.021233752369880676
0.021234259009361267
0.02118719182908535
0.02107013203203678
0.020988229662179947
0.021024540066719055
0.020934469997882843
0.02080788090825081
0.020881736651062965
0.020761821419000626
0.020724914968013763
0.020667117089033127
0.02071363478899002
0.02059278078377247
0.0206198301166296
0.02054463140666485
0.020539764314889908
0.02048790641129017
0.020436512306332588
0.02036396786570549
0.02044362761080265
0.020392192527651787
no squeeze
33.405067443847656
16.313961029052734
13.698237419128418
8.753257751464844
8.064723014831543
6.482962131500244
6.232102870941162
5.546721935272217
5.41373872756958
4.987967014312744
4.895435333251953
4.593840599060059
4.5267510414123535
4.307440757751465
4.250675678253174
4.0793561935424805
4.036613941192627
3.900411605834961
3.865872859954834
3.7545320987701416
3.72831392288208
3.6356089115142822
3.6120636463165283
3.5331361293792725
3.512753486633301
3.44218373298645
3.4267427921295166
3.364077568054199
3.344928741455078
3.29068922996521
3.2779150009155273
3.222684144973755
3.2062056064605713
3.1567158699035645
3.1469156742095947
3.099207639694214
3.0848917961120605
3.042166233062744
3.0291059017181396
2.988647699356079
2.9772531986236572
2.9363887310028076
2.9262609481811523
2.8889553546905518
2.876380681991577
2.8437705039978027
2.8324267864227295
2.7965080738067627
2.7942051887512207
2.7538352012634277
2.7470836639404297
2.718614101409912
2.7106401920318604
2.68282151222229
2.6746933460235596
2.643425464630127
2.6368331909179688
2.613560438156128
2.6087934970855713
2.580115556716919
2.57546067237854
2.5513124465942383
2.545245409011841
2.5226752758026123
2.51877498626709
2.4962522983551025
2.4892895221710205
2.4674322605133057
2.466259717941284
2.4439780712127686
2.438246726989746
2.4211173057556152
2.4146475791931152
2.398542881011963
2.394209861755371
2.3750529289245605
2.3699874877929688
2.3542027473449707
2.3524389266967773
2.3369407653808594
2.330536365509033
2.312382698059082
2.30855655670166
2.295484781265259
2.290278911590576
2.2753913402557373
2.275887966156006
2.2593538761138916
2.2563109397888184
2.2401161193847656
2.2382774353027344
2.2276620864868164
2.224229335784912
2.2082784175872803
2.205561399459839
2.192521810531616
2.1894333362579346
2.1814112663269043
2.1770143508911133
2.16614031791687
2.1613192558288574
2.1495213508605957
2.145934581756592
2.1395785808563232
2.135699510574341
2.1237733364105225
2.1217241287231445
2.11069393157959
2.111354351043701
2.1018340587615967
2.102156162261963
2.090700149536133
2.0867092609405518
2.0803074836730957
2.079939126968384
2.070782423019409
2.0698916912078857
2.0637574195861816
2.0617566108703613
2.0507636070251465
2.0529489517211914
2.0448646545410156
2.0414576530456543
2.0366134643554688
2.033311128616333
2.032017946243286
2.027570962905884
2.0209977626800537
2.019881248474121
2.0159072875976562
2.0143094062805176
2.0089328289031982
2.008183479309082
2.0048980712890625
2.001739740371704
1.9961886405944824
1.9949206113815308
1.9932377338409424
1.9890915155410767
1.9872691631317139
1.9841381311416626
1.9786268472671509
1.9759677648544312
1.9774008989334106
1.9758720397949219
1.971423864364624
1.9708170890808105
1.9654685258865356
1.965033769607544
1.962273120880127
1.9643982648849487
1.9585427045822144
1.9587372541427612
1.956263780593872
1.9577513933181763
1.9482699632644653
1.9507347345352173
1.9459999799728394
1.9488123655319214
1.9409478902816772
1.9423505067825317
1.935882806777954
1.9366685152053833
1.9331629276275635
1.9364166259765625
1.9337400197982788
no squeeze
33.11670684814453
11.4806547164917
9.497350692749023
5.6921491622924805
5.207574844360352
4.0569539070129395
3.877084732055664
3.4172885417938232
3.3384788036346436
3.109182596206665
3.0642824172973633
2.928267478942871
2.8972630500793457
2.8079640865325928
2.7888400554656982
2.725956678390503
2.712334156036377
2.6616532802581787
2.6521177291870117
2.616307497024536
2.60634183883667
2.5781354904174805
2.570451498031616
2.5485422611236572
2.542128801345825
2.5204362869262695
2.51397705078125
2.5009686946868896
2.497634172439575
2.4814279079437256
2.4752769470214844
2.464478015899658
2.4596874713897705
2.4503698348999023
2.4461028575897217
2.4360523223876953
2.433455467224121
2.4257357120513916
2.423367738723755
2.4131124019622803
2.4113118648529053
2.4027976989746094
2.403740644454956
2.3991012573242188
2.3932933807373047
2.3849093914031982
2.3851375579833984
2.3767664432525635
2.378195285797119
2.370192527770996
2.3672165870666504
2.362410068511963
2.365232467651367
2.3594415187835693
2.3561224937438965
2.3540079593658447
2.3528518676757812
2.346233367919922
2.343930959701538
2.3375747203826904
2.3401401042938232
2.337498188018799
2.333019495010376
2.330457925796509
2.330571174621582
2.333857536315918
no squeeze
31.44246482849121
4.992342472076416
4.793691635131836
4.536484718322754
4.53074312210083
4.531238555908203
4.530577182769775
4.5322794914245605
4.536255836486816
4.53833532333374
