no squeeze
2.4244816303253174
0.06394053995609283
0.03399204462766647
0.0058042872697114944
0.0043619307689368725
0.0021555551793426275
0.0019669916946440935
0.001576908864080906
0.0015081710880622268
0.001378180575557053
0.001329441205598414
0.0012193262809887528
0.0011866000713780522
0.0011014597257599235
0.0010849813697859645
0.0010141159873455763
0.0010035630548372865
0.000962144578807056
0.0009490700322203338
0.0009098727605305612
0.0008999993442557752
0.000864017813000828
0.0008596142288297415
0.000833926082123071
0.000836780876852572
0.0008184119360521436
0.0008148964843712747
0.0008042555418796837
0.0008025041315704584
0.0007958124624565244
0.0007948822458274662
0.0007849788526073098
0.0007867781678214669
0.0007830777321942151
0.0007834522984921932
0.0007810802781023085
0.0007827391964383423
0.000783548632171005
no squeeze
2.4548239707946777
0.18834073841571808
0.1536603718996048
0.11741163581609726
0.11512024700641632
0.11150305718183517
0.11160080134868622
0.11027407646179199
0.11030064523220062
0.11039373278617859
no squeeze
2.6354308128356934
0.19557370245456696
0.13727569580078125
0.055321525782346725
0.04687371850013733
0.027979832142591476
0.025152022019028664
0.01779067888855934
0.016462944447994232
0.01254594512283802
0.011787512339651585
0.009616601280868053
0.009055628441274166
0.007301078177988529
0.006997240241616964
0.005823081359267235
0.005548079498112202
0.004636402241885662
0.004418827127665281
0.0037749772891402245
0.0036275426391512156
0.0031104357913136482
0.0029832860454916954
0.0025903317146003246
0.0025064931251108646
0.002200249582529068
0.002134055597707629
0.001892394619062543
0.0018472981173545122
0.0016889043617993593
0.0016422662883996964
0.0014968232717365026
0.0014732407871633768
0.0013482540380209684
0.001335088163614273
0.0012429924681782722
0.0012212588917464018
0.001170086208730936
0.0011460037203505635
0.0010836116271093488
0.0010851904517039657
0.001039991737343371
0.0010290533537045121
0.0009963747579604387
0.000981557066552341
0.0009545482462272048
0.0009406018652953207
0.0009286434506066144
0.000917039520572871
0.0008982479921542108
0.0009037915151566267
0.0008800285286270082
0.0008830787846818566
0.0008580670109950006
0.0008537135436199605
0.0008489304454997182
0.0008455810020677745
0.0008236520807258785
0.0008410484297201037
0.0008313326979987323
no squeeze
2.4086179733276367
0.5361537337303162
0.46095043420791626
0.3334110379219055
0.31682753562927246
0.2698177099227905
0.26154011487960815
0.23272940516471863
0.22663497924804688
0.20803788304328918
0.20394422113895416
0.19023281335830688
0.18715134263038635
0.17705383896827698
0.17499986290931702
0.16704107820987701
0.1651611179113388
0.15893292427062988
0.15789368748664856
0.15296871960163116
0.15156735479831696
0.14784720540046692
0.14739660918712616
0.14371220767498016
0.14300546050071716
0.14000125229358673
0.13926470279693604
0.1368490606546402
0.13632021844387054
0.1339370608329773
0.1333647221326828
0.1315675675868988
0.13083602488040924
0.12878656387329102
0.1282481998205185
0.1262192279100418
0.1257723569869995
0.12361522763967514
0.12352597713470459
0.12149009108543396
0.12112165242433548
0.119232177734375
0.11894448101520538
0.1177121102809906
0.11644482612609863
0.11466151475906372
0.1147618442773819
0.11276983469724655
0.11213015019893646
0.11029940843582153
0.10971791297197342
0.10798680782318115
0.10740227997303009
0.1057824194431305
0.10550746321678162
0.10411060601472855
0.10373137146234512
0.10229592025279999
0.10202993452548981
0.10045234113931656
0.09975665807723999
0.09835851937532425
0.09794218838214874
0.09626545011997223
0.09688947349786758
0.09469972550868988
0.09499771893024445
0.09360421448945999
0.09338373690843582
0.09250698983669281
0.09196070581674576
0.09068767726421356
0.09099507331848145
0.08983591943979263
0.08966054022312164
0.08893051743507385
0.08895232528448105
0.08793497085571289
0.08782392740249634
0.08674455434083939
0.08675380796194077
0.08671588450670242
0.08622924238443375
0.08556590229272842
0.08593342453241348
0.08533244580030441
0.08492419868707657
0.08489898592233658
0.08442328870296478
0.08416465669870377
0.08378975093364716
0.0840412974357605
0.08366396278142929
0.08325134962797165
0.08376890420913696
0.08288349211215973
0.08310560137033463
0.08287301659584045
0.0829077661037445
0.08248518407344818
0.08258088678121567
0.08225785195827484
0.08212035149335861
0.08281690627336502
0.08229564875364304
0.08222619444131851
no squeeze
2.3859505653381348
0.30402716994285583
0.2472643405199051
0.16297705471515656
0.1541200876235962
0.13371542096138
0.13052327930927277
0.12212053686380386
0.12067880481481552
0.11648701876401901
0.11544723063707352
0.11261347681283951
0.11161323636770248
0.11002145707607269
0.10913095623254776
0.10783202946186066
0.10757384449243546
0.10594259202480316
0.10581322759389877
0.10518477857112885
0.10487765818834305
0.10409826040267944
0.10372182726860046
0.10282242298126221
0.1028653159737587
0.10223992168903351
0.1024262085556984
0.10178042203187943
0.10215310007333755
0.1013336330652237
0.10081443935632706
0.10069933533668518
0.10077368468046188
0.10036074370145798
0.10101371258497238
0.1001899316906929
0.10022855550050735
0.09959698468446732
0.09997835755348206
0.09900625050067902
0.09915175288915634
0.09914594888687134
no squeeze
2.9160149097442627
0.22762328386306763
0.20311060547828674
0.18718722462654114
0.1863529533147812
0.18609170615673065
0.18626083433628082
0.18567007780075073
0.18649154901504517
0.18547672033309937
0.1856852024793625
0.18808390200138092
