no squeeze
1.8397561311721802
0.09255202114582062
0.05931328982114792
0.014669271185994148
0.010939296334981918
0.004611327778548002
0.004006849601864815
0.0029936381615698338
0.0028991394210606813
0.0027428409084677696
0.0027228298131376505
0.0026802688371390104
0.002683681435883045
0.0026642249431461096
0.002665604930371046
0.0026397525798529387
0.0026392575819045305
0.0026261538732796907
0.0026262912433594465
0.0026169305201619864
0.0026174155063927174
0.0026010675355792046
0.002603001892566681
0.002597253071144223
0.0025878502056002617
0.0025855503045022488
0.002586232963949442
0.0025777993723750114
0.0025781725998967886
0.0025817989371716976
no squeeze
2.4239518642425537
0.21708042919635773
0.18907950818538666
0.1664896309375763
0.1652851402759552
0.1646680384874344
0.1649380624294281
0.16451574862003326
0.16453717648983002
0.16417290270328522
0.16619928181171417
0.16441935300827026
no squeeze
2.6676082611083984
0.21121324598789215
0.14848019182682037
0.05634457617998123
0.047707103192806244
0.028105566278100014
0.025139164179563522
0.016952402889728546
0.015535961836576462
0.011776359751820564
0.011041865684092045
0.008939928375184536
0.00859974604099989
0.00748224463313818
0.007283296901732683
0.006657972000539303
0.006514371372759342
0.006048292387276888
0.005930008832365274
0.005585684906691313
0.0055154296569526196
0.005239088553935289
0.005201179999858141
0.00495581328868866
0.004902951419353485
0.004755767527967691
0.0046937065199017525
0.004488738719373941
0.004469013772904873
0.004338771104812622
0.00429260591045022
0.004133852198719978
0.0040962109342217445
0.003969715442508459
0.0039415666833519936
0.0038342487532645464
0.003816588083282113
0.0037028901278972626
0.003671889193356037
0.0035684278700500727
0.0035539583768695593
0.0034605644177645445
0.0034603553358465433
0.003348583122715354
0.0033401944674551487
0.0032807777170091867
0.003254916053265333
0.00317837530747056
0.003167981281876564
0.003106371033936739
0.0030941690783947706
0.003045345889404416
0.003035344183444977
0.0029904788825660944
0.002964922459796071
0.0029336547013372183
0.0029221687000244856
0.002885530237108469
0.0028760924469679594
0.0028431580867618322
0.0028346185572445393
0.0027993186376988888
0.002812590915709734
0.002775901695713401
0.0027666627429425716
0.0027365186251699924
0.002735946560278535
0.0027267697732895613
0.002734212437644601
0.002695422852411866
0.0027081845328211784
0.002693225396797061
0.0027038634289056063
0.002682003891095519
0.0026732904370874166
0.0026647576596587896
0.002669591223821044
0.002647039480507374
0.0026516641955822706
0.002639720682054758
0.0026380415074527264
0.0026366717647761106
0.002644337946549058
0.0026466134004294872
no squeeze
2.677349090576172
0.5799435973167419
0.4942665994167328
0.35447412729263306
0.33730268478393555
0.29195958375930786
0.28324705362319946
0.25782376527786255
0.2521427571773529
0.23538537323474884
0.23178397119045258
0.21927493810653687
0.2162703275680542
0.2076048105955124
0.20547500252723694
0.19854487478733063
0.1965312957763672
0.1914403885602951
0.19032108783721924
0.18569053709506989
0.1845932900905609
0.1812540888786316
0.1803150177001953
0.17647577822208405
0.17658109962940216
0.17329981923103333
0.1727559119462967
0.1700325459241867
0.16921965777873993
0.16747444868087769
0.16594025492668152
0.16385245323181152
0.16362065076828003
0.16126349568367004
0.160641610622406
0.15848632156848907
0.15822573006153107
0.15591950714588165
0.15538644790649414
0.1536204069852829
0.15330789983272552
0.15127649903297424
0.15060320496559143
0.14933742582798004
0.14856597781181335
0.14707612991333008
0.1470361053943634
0.14494231343269348
0.1445721536874771
0.1431436687707901
0.14267754554748535
0.14136691391468048
0.14083117246627808
0.1398422122001648
0.13994954526424408
0.13781385123729706
0.13797929883003235
0.1365007609128952
0.13656651973724365
0.13518762588500977
0.13495616614818573
0.13410860300064087
0.1340792179107666
0.13274945318698883
0.1328226625919342
0.1324058175086975
0.13171668350696564
0.13089704513549805
0.1310887485742569
0.12991437315940857
0.13014470040798187
0.12939731776714325
0.1294645518064499
0.1290031224489212
0.12794862687587738
0.12822489440441132
0.12755505740642548
0.12729202210903168
0.12697488069534302
0.1267579197883606
0.12687264382839203
0.12605558335781097
0.12623216211795807
0.1253470629453659
0.12539984285831451
0.12519089877605438
0.1250225156545639
0.12406730651855469
0.12421828508377075
0.12409178912639618
no squeeze
2.5146536827087402
0.38438111543655396
0.31975048780441284
0.2293766289949417
0.21974080801010132
0.19738909602165222
0.1936483085155487
0.18326233327388763
0.18115682899951935
0.17423507571220398
0.1723213791847229
0.16773253679275513
0.1664411723613739
0.16289536654949188
0.16198678314685822
0.15884454548358917
0.1583465039730072
0.15614333748817444
0.15567408502101898
0.15373972058296204
0.15345996618270874
0.15199194848537445
0.15220136940479279
0.15018196403980255
0.15008223056793213
0.14907678961753845
0.14917445182800293
0.14814381301403046
0.1481160968542099
0.14815913140773773
0.14747072756290436
0.14712181687355042
0.14686895906925201
0.1463451236486435
0.14582018554210663
0.14578360319137573
0.14541929960250854
0.14543046057224274
0.14527824521064758
0.14420770108699799
0.14436988532543182
0.14415621757507324
0.14437679946422577
0.14411894977092743
0.1439708024263382
0.14373591542243958
0.14392408728599548
0.1435946673154831
0.14393405616283417
0.14328117668628693
0.14332300424575806
0.1429569125175476
0.14335936307907104
0.14271442592144012
0.1433364301919937
0.14302873611450195
no squeeze
2.1320269107818604
0.2945218086242676
0.2768956422805786
0.26602256298065186
0.2664952874183655
0.265262246131897
0.26542964577674866
0.2652825117111206
