no squeeze
4.054904460906982
0.28441017866134644
0.1894550919532776
0.06444353610277176
0.05363457649946213
0.03464552387595177
0.03262368589639664
0.029117625206708908
0.028733154758810997
0.028337880969047546
0.02811420150101185
0.02791649103164673
0.028038175776600838
0.027952933683991432
no squeeze
4.60366678237915
0.5266399383544922
0.4489707946777344
0.3690255284309387
0.360822468996048
0.34742817282676697
0.3457014858722687
0.34110891819000244
0.34101244807243347
0.33923080563545227
0.3391971290111542
0.3365800082683563
0.3365114629268646
0.33794620633125305
0.3380224406719208
0.3363003730773926
0.33674657344818115
0.33662888407707214
no squeeze
4.161459922790527
0.6596413850784302
0.47192829847335815
0.18918287754058838
0.16237886250019073
0.10596521943807602
0.09754745662212372
0.07261478900909424
0.06821633875370026
0.05421380326151848
0.05142896622419357
0.042446304112672806
0.04053680971264839
0.034697845578193665
0.03337881341576576
0.029229402542114258
0.028483381494879723
0.025998661294579506
0.025320585817098618
0.02331884391605854
0.022952860221266747
0.021587127819657326
0.021333377808332443
0.02037343755364418
0.020212717354297638
0.019429709762334824
0.01929617114365101
0.01865307241678238
0.018547002226114273
0.018063999712467194
0.017972365021705627
0.01761859655380249
0.017552664503455162
0.01722737029194832
0.017159055918455124
0.0168839730322361
0.016827641054987907
0.01663576252758503
0.016587911173701286
0.016378939151763916
0.016323085874319077
0.01625089906156063
0.01616840809583664
0.016004012897610664
0.016024965792894363
0.015908336266875267
0.015854161232709885
0.015760628506541252
0.015776293352246284
0.015699224546551704
0.015666095539927483
0.015548070892691612
0.015569827519357204
0.0155063821002841
0.015459406189620495
0.015459425747394562
0.015452097170054913
0.015422996133565903
0.015396316535770893
0.0153197031468153
0.015336387790739536
0.015279347077012062
0.015276148915290833
0.015273021534085274
0.015290704555809498
0.015236357226967812
0.015262354165315628
0.015175096690654755
0.01525755226612091
0.015180318616330624
no squeeze
4.231203556060791
1.5482178926467896
1.3693938255310059
1.0349647998809814
0.9897037744522095
0.8577143549919128
0.8338559865951538
0.7570365071296692
0.7400153279304504
0.6871489882469177
0.6771524548530579
0.639811635017395
0.6318925619125366
0.6073691844940186
0.6008411049842834
0.579823911190033
0.5753769874572754
0.5613718032836914
0.5574573278427124
0.5453417897224426
0.5419536232948303
0.5317859649658203
0.530554473400116
0.5195598602294922
0.5172590017318726
0.5099940896034241
0.5068827867507935
0.5005803108215332
0.49806663393974304
0.4902251064777374
0.4896279275417328
0.4812189042568207
0.47951412200927734
0.47184649109840393
0.47003838419914246
0.4621201455593109
0.4608953297138214
0.4539296627044678
0.4517814815044403
0.44369110465049744
0.44082310795783997
0.4340492784976959
0.43121257424354553
0.42216482758522034
0.4207206964492798
0.4114052951335907
0.40821573138237
0.4008394479751587
0.39717990159988403
0.3893446922302246
0.3868551254272461
0.38011422753334045
0.3787573277950287
0.37314578890800476
0.3721224367618561
0.3694289028644562
0.36897921562194824
0.3666210472583771
0.3650647699832916
0.3624440133571625
0.3626648485660553
0.36002862453460693
0.36014145612716675
0.36024364829063416
no squeeze
4.278198719024658
0.9037391543388367
0.7916446328163147
0.5966669321060181
0.5723510384559631
0.5095357298851013
0.4986731708049774
0.4664807617664337
0.45977580547332764
0.43974894285202026
0.4355572760105133
0.4217891991138458
0.42057597637176514
0.40614554286003113
0.40389907360076904
0.3961541950702667
0.39340877532958984
0.38659965991973877
0.3852463960647583
0.37990009784698486
0.3790106773376465
0.3746172785758972
0.3738847076892853
0.36997830867767334
0.371850848197937
0.3679305613040924
0.3687455952167511
0.3664751350879669
0.3669416308403015
0.3623877763748169
0.36406099796295166
0.36149531602859497
0.3606662154197693
0.35892316699028015
0.35915058851242065
0.3572843372821808
0.3584384024143219
0.35753580927848816
no squeeze
3.8135569095611572
0.7466487884521484
0.7068437337875366
0.6776657104492188
0.6767042279243469
0.6725488901138306
0.6729551553726196
0.6766637563705444
