no squeeze
13.502750396728516
1.3726035356521606
0.9573079943656921
0.37298253178596497
0.3170551061630249
0.18082952499389648
0.1567288041114807
0.0920124500989914
0.08085916191339493
0.05261367931962013
0.04828627407550812
0.03557615727186203
0.03409162908792496
0.030182860791683197
0.02941763587296009
0.028071464970707893
0.02790110372006893
0.027317849919199944
0.02718127891421318
0.0267837755382061
0.0266641303896904
0.0263155959546566
0.02628503553569317
0.025944683700799942
0.025933902710676193
0.02567122131586075
0.025601932778954506
0.025454938411712646
0.025350552052259445
0.025158604606986046
0.025145841762423515
0.02502862736582756
0.02506537362933159
0.02482263557612896
0.02484768070280552
0.024722548201680183
0.024686098098754883
0.024638522416353226
0.024573098868131638
0.024578092619776726
0.02460557222366333
0.024507829919457436
0.024465026333928108
0.02445628121495247
0.024457387626171112
0.024393007159233093
0.02435458078980446
0.024481311440467834
0.024435056373476982
0.024339014664292336
0.024445299059152603
0.024406244978308678
no squeeze
12.72600269317627
1.3613039255142212
0.9209755063056946
0.2776787281036377
0.2163219153881073
0.09997397661209106
0.0856936052441597
0.05634240806102753
0.05278567969799042
0.04561933875083923
0.04467787593603134
0.041406285017728806
0.04100095108151436
0.03967084735631943
0.0392378568649292
0.03825615346431732
0.03806664049625397
0.037042971700429916
0.03687559813261032
0.03645097836852074
0.03618224710226059
0.03561112657189369
0.035521913319826126
0.03503111004829407
0.03488823026418686
0.03479607403278351
0.03466412425041199
0.034327853471040726
0.03433676064014435
0.034146711230278015
0.034072283655405045
0.03385632112622261
0.03394651040434837
0.03388660401105881
no squeeze
13.89936351776123
3.2278647422790527
2.400452136993408
0.889838457107544
0.7139962315559387
0.34861117601394653
0.2988350987434387
0.18075908720493317
0.16202116012573242
0.11168386787176132
0.10321425646543503
0.07978840172290802
0.0748513787984848
0.05998986214399338
0.05723702535033226
0.04816749319434166
0.046667054295539856
0.041203033179044724
0.04007136821746826
0.03653772920370102
0.03573702648282051
0.03318723291158676
0.032718587666749954
0.031062494963407516
0.03060200624167919
0.02919831871986389
0.028921443969011307
0.02800867147743702
0.02774888277053833
0.027177108451724052
0.026939135044813156
0.026362691074609756
0.026278452947735786
0.02583448216319084
0.025725174695253372
0.02541007101535797
0.025320913642644882
0.025018706917762756
0.02495541237294674
0.024676628410816193
0.024714550003409386
0.024504458531737328
0.02449585124850273
0.024276012554764748
0.02421325445175171
0.024106144905090332
0.024079160764813423
0.023920411244034767
0.023880422115325928
0.02389051578938961
0.02384215220808983
0.023738976567983627
0.02377036213874817
0.023655863478779793
0.02366381138563156
0.02360331453382969
0.023629717528820038
0.023611541837453842
no squeeze
14.024049758911133
5.103155136108398
4.162006378173828
2.6063342094421387
2.4023549556732178
1.8657166957855225
1.7673094272613525
1.4584707021713257
1.3946608304977417
1.1886627674102783
1.1434791088104248
0.9991217255592346
0.9669705629348755
0.8633568286895752
0.8388703465461731
0.7629162669181824
0.7467526197433472
0.690978467464447
0.6795753240585327
0.6373738646507263
0.628576934337616
0.5955479741096497
0.5978440046310425
0.5641635060310364
0.5586708188056946
0.5421697497367859
0.5372064709663391
0.5233193635940552
0.5188485383987427
0.5060286521911621
0.5078620314598083
0.4941725432872772
0.49358391761779785
0.48461204767227173
0.48172661662101746
0.47380349040031433
0.47288602590560913
0.4661233127117157
0.46248528361320496
0.4552251994609833
0.45694637298583984
0.44502341747283936
0.44344234466552734
0.43243297934532166
0.43319395184516907
0.4181724190711975
0.4159306585788727
0.3994172513484955
0.3924385607242584
0.3728898763656616
0.3637745678424835
0.3362428843975067
0.3292374014854431
0.29202336072921753
0.2819071114063263
0.23467232286930084
0.22148016095161438
0.17771700024604797
0.16332422196865082
0.12186991423368454
0.11278843879699707
0.0860406830906868
0.0806984007358551
0.06510473787784576
0.062253259122371674
0.05454186722636223
0.052745867520570755
0.04876095429062843
0.047844864428043365
0.045967306941747665
0.0455426387488842
0.04463048279285431
0.043934885412454605
0.043316278606653214
0.04333137720823288
0.04281417652964592
0.04303605109453201
0.042670927941799164
0.042613353580236435
0.04259788617491722
0.04266121983528137
0.04245941713452339
0.04258153215050697
0.04264208674430847
no squeeze
13.443716049194336
3.615896224975586
2.940884590148926
1.6099412441253662
1.4242594242095947
0.9581944942474365
0.8769400715827942
0.6430289149284363
0.5979881286621094
0.4587728679180145
0.43027976155281067
0.3387773633003235
0.31896692514419556
0.2530515491962433
0.2393723726272583
0.1934538036584854
0.18332235515117645
0.1509677916765213
0.14329060912132263
0.12044171243906021
0.11534196883440018
0.09956400096416473
0.09609245508909225
0.08450912684202194
0.08210550993680954
0.07435151189565659
0.07254940271377563
0.06700382381677628
0.06598981469869614
0.06148168817162514
0.06073977053165436
0.05802971497178078
0.05708089470863342
0.054781850427389145
0.05411042645573616
0.05210070312023163
0.05189305916428566
0.05030689761042595
0.050006892532110214
0.04888789355754852
0.04857021942734718
0.04781758412718773
0.04768083617091179
0.046814996749162674
0.046540070325136185
0.04595526307821274
0.04585813730955124
0.045432157814502716
0.04518614336848259
0.04467573016881943
0.04466993361711502
0.044362347573041916
0.044480375945568085
0.04433683305978775
0.0439176931977272
0.04356961324810982
0.04363689199090004
0.04345213994383812
0.043299634009599686
0.04318955913186073
0.043229375034570694
0.042784035205841064
0.04312661662697792
0.04299186170101166
no squeeze
12.731978416442871
0.7819499373435974
0.6573939323425293
0.5511791706085205
0.5488731861114502
0.5502542853355408
0.5465664863586426
0.5450276136398315
0.5447875261306763
0.5446988344192505
0.543087363243103
0.5499638915061951
0.544329822063446
0.5417603850364685
0.5430088043212891
0.553175151348114
