no squeeze
1.3894121646881104
0.371401846408844
0.20668458938598633
0.16200567781925201
0.12470991164445877
0.10636778175830841
0.09334541857242584
0.07655365765094757
0.06703653931617737
0.056336741894483566
0.04937667399644852
0.04660908132791519
0.04097053036093712
0.035986121743917465
0.033070411533117294
0.028582334518432617
0.025632543489336967
0.02349488064646721
0.02189149707555771
0.022972825914621353
0.01910802535712719
0.021476300433278084
0.01686270721256733
0.019729455932974815
0.014230174012482166
0.01209964044392109
0.014824901707470417
0.01193582359701395
0.01176744420081377
0.014273148030042648
0.011277352459728718
0.010146582499146461
0.00908371340483427
0.009772294200956821
0.012617893517017365
0.010110449977219105
0.01081654243171215
0.008415884338319302
0.009507247246801853
0.006848187185823917
0.0073293158784508705
0.00744986766949296
0.006444328464567661
0.006427284330129623
0.012756258249282837
0.006321711000055075
0.005067279562354088
0.01046640332788229
0.005357220768928528
0.016871897503733635
0.005322969052940607
0.005488315597176552
0.004113133996725082
0.004512797109782696
0.004046378191560507
0.0037666659336537123
0.004733907990157604
0.003991864155977964
0.004620540887117386
0.010851764120161533
0.01640266925096512
0.004825281910598278
0.00417695939540863
0.003429315285757184
0.0022627604193985462
0.0031955603044480085
0.009239044971764088
0.005130097270011902
0.004497157409787178
0.006084627937525511
0.004305655136704445
0.006768486928194761
0.0031254179775714874
0.003277233336120844
0.0034915173891931772
no squeeze
1.2954075336456299
0.3481205999851227
0.19702185690402985
0.14455239474773407
0.14632660150527954
0.13526923954486847
0.11522788554430008
0.09698598086833954
0.10258811712265015
0.0998879224061966
0.09296508878469467
0.09102940559387207
0.0838763564825058
0.0862066000699997
0.11043322831392288
0.07470190525054932
0.0805232897400856
0.07729069888591766
0.06462393701076508
0.07284245640039444
0.06961067020893097
0.06903217732906342
0.06842643767595291
0.07037466764450073
0.06844440847635269
0.06072045490145683
0.08110317587852478
0.1007312759757042
0.07350647449493408
0.062022190541028976
0.06784535199403763
0.06190737709403038
0.05894346907734871
0.06325984001159668
0.05571344867348671
0.06241695582866669
0.06398242712020874
0.0560251884162426
0.0539812296628952
0.0687321200966835
0.05743671953678131
0.055693402886390686
0.05499003827571869
0.052399586886167526
0.05494873970746994
0.05289158225059509
0.060157205909490585
0.055924173444509506
0.0528317354619503
0.049773912876844406
0.053292881697416306
0.05710776895284653
0.050608474761247635
0.05103209614753723
0.0518442764878273
0.06129630282521248
0.055297981947660446
0.04834596812725067
0.04688112065196037
0.048374369740486145
0.045804522931575775
0.05531178414821625
0.05085387080907822
0.04609107971191406
0.0489434190094471
0.04543374478816986
0.05254477262496948
0.049210235476493835
0.051092322915792465
0.046259887516498566
0.05076660215854645
0.04532980918884277
0.04814596101641655
0.053043216466903687
0.05540289357304573
0.04361458495259285
0.0427364856004715
0.054596416652202606
0.04491663724184036
0.049042556434869766
0.050115637481212616
0.04783567041158676
0.03940362110733986
0.04614811763167381
0.04278693348169327
0.04235195741057396
0.045728884637355804
0.04828626662492752
0.054296184331178665
0.04845687747001648
0.045139897614717484
0.049045369029045105
0.04958309978246689
no squeeze
1.0606733560562134
0.3839012384414673
0.27162232995033264
0.20186391472816467
0.16759568452835083
0.15523682534694672
0.1322677880525589
0.1281084567308426
0.10592301189899445
0.09933299571275711
0.09858474880456924
0.11309511959552765
0.10246150195598602
0.07902011275291443
0.08571850508451462
0.08165313303470612
0.09132994711399078
0.07430410385131836
0.06998828053474426
0.07487331330776215
0.06722411513328552
0.08573838323354721
0.07207918912172318
0.06376495212316513
0.07892221957445145
0.06668321788311005
0.06268405169248581
0.0752527043223381
0.07508020848035812
0.05273531749844551
0.0465368777513504
0.045311734080314636
0.041111286729574203
0.04824012890458107
0.04189668223261833
0.043152522295713425
0.03882237896323204
0.038556117564439774
0.02975422330200672
0.030465522781014442
0.03864268958568573
0.0435224249958992
0.03692654147744179
0.03132622689008713
0.03493814542889595
0.0319664366543293
0.037967875599861145
0.028832823038101196
0.02767949551343918
0.04287407547235489
0.0394061915576458
0.030204594135284424
0.03339119628071785
0.03131663054227829
0.03595923259854317
0.028041979297995567
0.02639438584446907
0.022663746029138565
0.033134955912828445
0.03546567261219025
0.04449673369526863
0.026750793680548668
0.020844262093305588
0.02398989349603653
0.037390630692243576
0.024953750893473625
0.02267983742058277
0.024927817285060883
0.04262855648994446
0.016457287594676018
0.020862936973571777
0.02098877914249897
0.01842695102095604
0.024280626326799393
0.016821058467030525
0.018218837678432465
0.010337973944842815
0.01572151854634285
0.021500587463378906
0.012069188989698887
0.010801959782838821
0.010538462549448013
0.012385264970362186
0.025272144004702568
0.018687771633267403
0.013406016863882542
0.010024143382906914
0.011844508349895477
0.015123170800507069
0.01393108256161213
0.05463522672653198
0.028302380815148354
0.02520536072552204
0.012760277837514877
0.017013657838106155
0.013682980090379715
0.013955941423773766
no squeeze
1.252267599105835
0.5216812491416931
0.3699858784675598
0.2977057695388794
0.2559026777744293
0.22510910034179688
0.20590946078300476
0.19146303832530975
0.17940592765808105
0.16880083084106445
0.1515888124704361
0.14081285893917084
0.14105874300003052
0.12884804606437683
0.12680457532405853
0.12041176110506058
0.12225531041622162
0.11657614260911942
0.11295163631439209
0.1076631024479866
0.10924137383699417
0.0979338213801384
0.09473736584186554
0.09798388928174973
0.09485416114330292
0.08995909243822098
0.08952456712722778
0.08997148275375366
0.09497449547052383
0.09125988185405731
0.08294302970170975
0.08109831064939499
0.08196333795785904
0.08277837932109833
0.08037488162517548
0.08156417310237885
0.0751977488398552
0.07437704503536224
0.07376366853713989
0.0760321319103241
0.06850417703390121
0.07048901915550232
0.06972920149564743
0.07116779685020447
0.06760141998529434
0.07276804745197296
0.06603402644395828
0.07269791513681412
0.06675021350383759
0.06622833758592606
0.06577854603528976
0.0642070472240448
0.06526494026184082
0.0629393607378006
0.06013091653585434
0.061253245919942856
0.06131305918097496
0.05884881317615509
0.05881185084581375
0.06057053804397583
0.05768745020031929
0.056997962296009064
0.05453774333000183
0.05638524517416954
0.05719976872205734
0.059574685990810394
0.057797871530056
0.0526362881064415
0.05446288362145424
0.054074082523584366
0.051800455898046494
0.053024061024188995
0.049902208149433136
0.05347415432333946
0.05788152292370796
0.050147660076618195
0.049938518553972244
0.049295343458652496
0.047998055815696716
0.0482870452105999
0.05206659808754921
0.046937137842178345
0.04881836473941803
0.04831749573349953
0.044902704656124115
0.04614449664950371
0.047408316284418106
0.04470738023519516
0.0473141148686409
0.0453239306807518
0.04702170565724373
0.04427437484264374
0.04221859201788902
0.04518073424696922
0.0423751138150692
0.04570287466049194
0.04606039077043533
0.045215506106615067
0.043461188673973083
0.043985702097415924
0.043064944446086884
0.04527663812041283
0.04099033400416374
0.04377584159374237
0.0426754355430603
0.041392263025045395
0.046232230961322784
0.04217356815934181
0.04129616916179657
0.04176189750432968
0.040552012622356415
0.04050847142934799
0.037364888936281204
0.03892688453197479
0.03808870166540146
0.03979530930519104
0.038989126682281494
0.04103570058941841
0.03695809096097946
0.03984599560499191
0.03881152719259262
0.039200909435749054
0.038276877254247665
0.03961139917373657
0.03608676418662071
0.03627422824501991
0.03641404211521149
0.040254365652799606
0.03703230991959572
0.0350286029279232
0.036901429295539856
0.03647924214601517
0.03604303300380707
0.03693585842847824
0.03572668507695198
0.037770435214042664
0.03438834846019745
0.03651091083884239
0.035343583673238754
0.03602287173271179
0.0374649241566658
0.036311570554971695
0.03446481004357338
0.035155732184648514
0.036160845309495926
0.03435492143034935
0.033833492547273636
0.035406991839408875
0.03522028028964996
0.03485918790102005
0.035609327256679535
0.03402524068951607
0.03261946141719818
0.03509387746453285
0.03359529376029968
0.03310925140976906
0.03262951970100403
0.032537996768951416
0.03330855816602707
0.03378159925341606
0.03442709892988205
0.035085827112197876
0.033835817128419876
0.03136241436004639
0.032022301107645035
0.033547624945640564
0.03294942155480385
0.03288179263472557
0.035017259418964386
0.03323115408420563
0.03270105645060539
0.034280844032764435
0.03391150012612343
0.03181709721684456
no squeeze
1.2256399393081665
0.4081921875476837
0.2633736729621887
0.20798787474632263
0.1713957041501999
0.15475767850875854
0.1330699473619461
0.12488032877445221
0.11726435273885727
0.11928253620862961
0.10370061546564102
0.10229252278804779
0.09278043359518051
0.08468068391084671
0.08124332875013351
0.07789970934391022
0.07666967809200287
0.07361221313476562
0.07409441471099854
0.06952204555273056
0.06513635069131851
0.06802818924188614
0.06370463967323303
0.061534300446510315
0.060149092227220535
0.06017819792032242
0.05298745259642601
0.05986502766609192
0.054949257522821426
0.055133968591690063
0.05532210320234299
0.05461921915411949
0.048499979078769684
0.05358397960662842
0.0514480359852314
0.04843471571803093
0.04923201724886894
0.045555032789707184
0.04381951317191124
0.04295065626502037
0.04396753013134003
0.0455639585852623
0.04400906711816788
0.04228094592690468
0.04563852772116661
0.04859063774347305
0.04236554354429245
0.041943613439798355
0.04095714911818504
0.046314358711242676
0.03947803005576134
0.03932511806488037
0.03811488673090935
0.041769109666347504
0.042228639125823975
0.042893972247838974
0.037078797817230225
0.03494693338871002
0.032966312021017075
0.033875972032547
0.036297619342803955
0.03514315187931061
0.035318512469530106
0.0350365974009037
0.036066118627786636
0.035650547593832016
0.03368888050317764
0.03226905316114426
0.03555098921060562
0.030567126348614693
0.035939473658800125
0.03244511038064957
0.03061738610267639
0.033507395535707474
0.034639596939086914
0.027644207701086998
0.036095064133405685
0.02905714325606823
0.02944360487163067
0.02686454728245735
0.02840375527739525
0.028596654534339905
0.03173001855611801
0.037075940519571304
0.02828974276781082
0.03061433508992195
0.02690158598124981
0.02784019336104393
0.029817720875144005
0.02973097376525402
no squeeze
1.2494999170303345
0.25013408064842224
0.193504199385643
0.1548844426870346
0.12334480881690979
0.14212439954280853
0.10497128963470459
0.14281760156154633
0.12419747561216354
0.09117402881383896
0.09292149543762207
0.1145058423280716
0.08801371604204178
0.1028767079114914
0.07762551307678223
0.07911799848079681
0.0865243673324585
0.08915475755929947
0.08585154265165329
0.08933348953723907
0.09222107380628586
0.08093806356191635
0.08913030475378036
0.09035296738147736
0.0845109298825264
