no squeeze
8.440089225769043
2.91656231880188
1.327696442604065
0.7453009486198425
0.42300137877464294
0.3136795461177826
0.2798402011394501
0.19794636964797974
0.21104778349399567
0.1395137906074524
0.10071469843387604
0.12047694623470306
0.13153432309627533
0.0929611325263977
0.07079562544822693
0.09937556833028793
0.09194368869066238
0.0843343511223793
0.0893721655011177
0.14701581001281738
0.0694413036108017
0.10343845933675766
0.10526610910892487
0.10837989300489426
0.06951110064983368
0.161137655377388
0.06474340707063675
0.06253623217344284
0.06291193515062332
0.05391901731491089
0.08661510050296783
0.08597169071435928
0.08125215768814087
0.06738515943288803
0.09890884906053543
0.08744710683822632
0.11819274723529816
0.057731565088033676
0.0933990627527237
0.04903406277298927
0.06512711942195892
0.0676034539937973
0.08018337935209274
0.05836084112524986
0.059166643768548965
0.10967058688402176
0.03810371458530426
0.07266905158758163
0.0614640936255455
0.05604485049843788
0.05409138649702072
0.029068559408187866
0.06704910099506378
0.06976056098937988
0.11260797828435898
0.041997555643320084
0.03597206249833107
0.0780801847577095
0.03382524475455284
0.04739006608724594
0.0590752512216568
0.08176446706056595
no squeeze
10.46584701538086
3.5474319458007812
1.907947063446045
1.309378981590271
0.9422312378883362
0.8254110813140869
0.663511335849762
0.6195366382598877
0.641059160232544
0.5869596600532532
0.5248717069625854
0.4437839984893799
0.5512057542800903
0.4619014263153076
0.44138914346694946
0.4755437672138214
0.4946553707122803
0.5100647807121277
0.4951879680156708
0.367887020111084
0.38844674825668335
0.3260045349597931
0.33812713623046875
0.3378472328186035
0.38933536410331726
0.40143612027168274
0.43327152729034424
0.4181900918483734
0.4440033733844757
0.34667545557022095
0.3484283983707428
0.34062162041664124
no squeeze
10.827338218688965
4.54716157913208
3.058551549911499
2.4228248596191406
1.832442045211792
1.2678037881851196
1.1279555559158325
0.8236409425735474
0.7399563193321228
0.7034456729888916
0.6487733125686646
0.9563997983932495
0.7795482277870178
0.4809553921222687
0.662916362285614
0.37574711441993713
0.5749132037162781
0.3218854069709778
0.401838093996048
0.4340778589248657
0.3612406253814697
0.28733450174331665
0.27379754185676575
0.30999040603637695
0.4566410183906555
0.3071538805961609
0.19229058921337128
0.1860145777463913
0.3909211754798889
0.4221785366535187
0.3130919337272644
0.2768853008747101
0.21894271671772003
0.34728384017944336
0.1505768597126007
0.2183130383491516
0.12751872837543488
0.15897400677204132
0.14060668647289276
0.13132116198539734
0.19290189445018768
0.1325753629207611
0.13071374595165253
0.08710479736328125
0.12663397192955017
0.0913759246468544
0.13497960567474365
0.11726904660463333
0.3371860682964325
0.14107365906238556
0.22575697302818298
0.19478698074817657
0.08132687211036682
0.1031404361128807
0.060839585959911346
0.0677640363574028
0.15415611863136292
0.09305347502231598
0.058995768427848816
0.04135631024837494
0.1611168533563614
0.1749163717031479
0.17749109864234924
0.193266823887825
0.05728594586253166
0.11998166888952255
0.10278718173503876
0.19916260242462158
0.1072782576084137
0.12902921438217163
no squeeze
12.030740737915039
5.06906270980835
3.886347770690918
3.1823225021362305
2.70934796333313
2.3243982791900635
1.9784420728683472
1.791275978088379
1.5401021242141724
1.4266769886016846
1.2853327989578247
1.2533243894577026
1.2129795551300049
1.057466745376587
0.9743866324424744
0.9899486899375916
0.879440188407898
0.8390991687774658
0.9705777764320374
0.8128320574760437
0.8380269408226013
0.8033855557441711
0.8013086915016174
0.6646193861961365
0.6270818710327148
0.6524158120155334
0.6356881260871887
0.6215226054191589
0.5775715112686157
0.5896660685539246
0.5900625586509705
0.5339714884757996
0.5833191871643066
0.48840922117233276
0.48533952236175537
0.5266253352165222
0.46338316798210144
0.5128911137580872
0.5062881112098694
0.46080392599105835
0.4116222858428955
0.4427972137928009
0.5255675911903381
0.4746059477329254
0.45100170373916626
0.43104487657546997
0.403993159532547
0.41981056332588196
0.45467039942741394
0.3620540201663971
0.40121281147003174
0.4020410478115082
0.4071962833404541
0.4286210238933563
0.327245831489563
0.33700650930404663
0.3334295451641083
0.3447239398956299
0.3308976888656616
0.35430631041526794
0.34570780396461487
0.33374902606010437
0.32751452922821045
0.2964933514595032
0.33220309019088745
0.3210899531841278
0.33062314987182617
0.32199209928512573
0.2686363756656647
0.39008238911628723
0.28689008951187134
0.2566118538379669
0.2943132221698761
0.256216824054718
0.2506633996963501
0.2529532015323639
0.2493482381105423
0.30335530638694763
0.2757868766784668
0.2767149806022644
0.2300327867269516
0.237761452794075
0.2499256581068039
0.23214463889598846
0.2434699535369873
0.2344622164964676
0.2654489576816559
0.25576066970825195
0.231787770986557
0.21900664269924164
0.2497548609972
0.22727294266223907
0.20579180121421814
0.20606617629528046
0.20562894642353058
0.23686252534389496
0.22540248930454254
0.19366233050823212
0.23978812992572784
0.21605023741722107
0.22527585923671722
0.1944236308336258
0.19527380168437958
0.21021634340286255
0.22211576998233795
0.1796383112668991
0.21338047087192535
0.19106702506542206
0.19052347540855408
0.19031648337841034
0.19729728996753693
0.20095521211624146
0.19710174202919006
0.19672755897045135
0.18852436542510986
0.19270765781402588
no squeeze
11.263609886169434
3.9295284748077393
2.747974157333374
2.059573173522949
1.6453825235366821
1.360914707183838
1.2270783185958862
1.0544968843460083
1.0171891450881958
0.8609306812286377
0.8473312854766846
0.7288289070129395
0.7165866494178772
0.679521918296814
0.6650570034980774
0.6555874347686768
0.5411020517349243
0.6339846253395081
0.6022838354110718
0.5421720743179321
0.5205805897712708
0.4490870535373688
0.4787982702255249
0.4703301787376404
0.44576773047447205
0.41006574034690857
0.4274772107601166
0.38607025146484375
0.41749417781829834
0.41906461119651794
0.3823215961456299
0.37813037633895874
0.34669795632362366
0.3539153039455414
0.3134688436985016
0.34045928716659546
0.37162891030311584
0.3327401578426361
0.31532689929008484
0.3256663382053375
0.2863112986087799
0.2685338258743286
0.299638956785202
0.2775632441043854
0.2794012725353241
0.29527848958969116
0.26904743909835815
0.3626119792461395
0.2695598900318146
0.27895209193229675
0.24173055589199066
0.30035966634750366
0.26883822679519653
0.26109322905540466
0.2543858289718628
0.25103759765625
0.24932967126369476
0.2537911832332611
0.2755468189716339
0.2579815983772278
0.2901320457458496
no squeeze
8.158833503723145
2.676060676574707
1.3863335847854614
0.9952751398086548
0.8309142589569092
0.9447494149208069
0.7067244648933411
0.734742283821106
1.0332790613174438
1.074434518814087
0.7559243440628052
0.5482280254364014
0.6701644062995911
0.8193492889404297
0.815767765045166
0.5052177906036377
0.9546401500701904
0.6067009568214417
0.8377618193626404
0.726716935634613
0.46941938996315
0.6392323970794678
0.9037155508995056
0.6606768369674683
0.6939701437950134
0.968636155128479
0.8254171013832092
0.5783125162124634
1.1316503286361694
0.7616332173347473
0.47208791971206665
