no squeeze
343.27728271484375
199.04052734375
165.85862731933594
80.46625518798828
70.12804412841797
49.607242584228516
46.42356491088867
37.04454803466797
35.112586975097656
28.906490325927734
27.56723403930664
23.15110969543457
22.19078254699707
19.012771606445312
18.30647850036621
15.967313766479492
15.459404945373535
13.76167106628418
13.388619422912598
12.179874420166016
11.919168472290039
11.069037437438965
10.882904052734375
10.280107498168945
10.147787094116211
9.7239351272583
9.621265411376953
9.311863899230957
9.237813949584961
9.002344131469727
8.95409870147705
8.778609275817871
8.739864349365234
8.60019588470459
8.576350212097168
8.46294116973877
8.440975189208984
8.345938682556152
8.32754898071289
8.2551851272583
8.235128402709961
8.179505348205566
8.164663314819336
8.116986274719238
8.100118637084961
8.053394317626953
8.048601150512695
8.017773628234863
8.006026268005371
7.965473175048828
7.9638190269470215
7.934624195098877
7.9251298904418945
7.895686149597168
7.889446258544922
7.868569850921631
7.8621826171875
7.857965469360352
7.8453216552734375
7.82567024230957
7.82265567779541
7.811642169952393
7.806809425354004
7.802707195281982
7.799237251281738
7.7909674644470215
7.788958549499512
7.7848591804504395
7.773862361907959
7.766096591949463
7.7651801109313965
7.759346961975098
7.757861614227295
7.763010025024414
7.752125263214111
7.751328468322754
7.762103080749512
7.7455973625183105
7.74301815032959
7.748458385467529
7.7428507804870605
7.748010635375977
7.739711284637451
7.743056297302246
7.7357635498046875
7.733270168304443
7.734767436981201
7.746437072753906
no squeeze
342.87896728515625
183.73931884765625
150.20457458496094
78.80779266357422
71.8653335571289
57.1412353515625
54.72026443481445
47.7142219543457
46.326141357421875
41.99089050292969
41.09359359741211
38.232154846191406
37.58749771118164
35.54940414428711
35.12677764892578
33.720359802246094
33.423011779785156
32.45622253417969
32.237552642822266
31.55450439453125
31.40726089477539
30.933177947998047
30.830747604370117
30.501373291015625
30.42372703552246
30.19207191467285
30.130271911621094
29.968290328979492
29.929542541503906
29.80895233154297
29.792724609375
29.71463394165039
29.68003273010254
29.62544059753418
29.6174259185791
29.57322883605957
29.560781478881836
29.52071762084961
29.523658752441406
29.519062042236328
29.510345458984375
29.477319717407227
29.471622467041016
29.487342834472656
29.473461151123047
29.456998825073242
29.460416793823242
29.461196899414062
no squeeze
342.654541015625
218.56072998046875
187.26797485351562
96.50025939941406
83.47901916503906
56.00716018676758
51.7955322265625
39.79108428955078
37.439510345458984
30.11238670349121
28.56207275390625
23.466989517211914
22.3417911529541
18.56484603881836
17.714277267456055
14.836770057678223
14.184944152832031
11.969428062438965
11.469741821289062
9.768200874328613
9.384195327758789
8.078248023986816
7.784220218658447
6.7952117919921875
6.568170547485352
5.802663326263428
5.631486892700195
5.048249244689941
4.918871879577637
4.479572772979736
4.382349967956543
4.045599460601807
3.969496726989746
3.7121763229370117
3.653339385986328
3.456502914428711
3.4114561080932617
3.2648825645446777
3.2305893898010254
3.110877275466919
3.084580421447754
2.994422197341919
2.972397804260254
2.9004271030426025
2.8839118480682373
2.8257529735565186
2.8119256496429443
2.7646853923797607
2.754210948944092
2.7155160903930664
2.705444812774658
2.6740365028381348
2.6661264896392822
2.6376938819885254
2.6317343711853027
2.6081526279449463
2.6028847694396973
2.585728168487549
2.5795419216156006
2.5620696544647217
2.5578255653381348
2.542694330215454
2.5387625694274902
2.523944854736328
2.5223231315612793
2.5117218494415283
2.5072765350341797
2.496938467025757
2.493340015411377
2.4852752685546875
2.482569932937622
2.4735701084136963
2.471590995788574
2.4640073776245117
2.4611785411834717
2.4520833492279053
2.451071262359619
2.443891763687134
2.4416890144348145
2.4347445964813232
2.435201644897461
2.4275548458099365
2.4264042377471924
2.4233949184417725
2.4202041625976562
2.4142308235168457
2.4140443801879883
2.408017158508301
2.4065723419189453
2.4033010005950928
2.4015657901763916
2.3974952697753906
2.3953680992126465
2.3924057483673096
2.3919689655303955
2.3901290893554688
2.387617588043213
2.3851077556610107
2.3826465606689453
2.3782730102539062
2.3780834674835205
2.375478744506836
2.375398874282837
2.373549699783325
2.3715708255767822
2.3704347610473633
2.368987798690796
2.3662686347961426
2.3649752140045166
2.3640544414520264
2.3638596534729004
2.3610661029815674
2.359429121017456
2.3574390411376953
2.3579533100128174
2.3558027744293213
2.356032609939575
2.353069305419922
2.354132890701294
2.3515396118164062
2.351034164428711
2.3508801460266113
2.350137233734131
2.347909450531006
2.348740816116333
2.3466885089874268
2.3459012508392334
2.345001459121704
2.345548629760742
2.3447396755218506
2.3442771434783936
2.341916799545288
2.3432023525238037
2.343172550201416
no squeeze
346.3852844238281
294.7222595214844
276.9882507324219
196.70022583007812
176.57655334472656
124.72571563720703
117.26595306396484
97.81517028808594
94.3174057006836
84.04964447021484
82.01411437988281
75.5824966430664
74.20207214355469
69.57443237304688
68.53209686279297
64.9596939086914
64.11524963378906
61.181575775146484
60.49894714355469
58.05778884887695
57.475502014160156
55.39474868774414
54.87748718261719
53.060428619384766
52.59767150878906
50.958343505859375
50.5590705871582
49.13588333129883
48.788604736328125
47.460811614990234
47.14088439941406
45.97304153442383
45.67321014404297
44.58443832397461
44.3194580078125
43.33979797363281
43.09035110473633
42.18450927734375
41.95864486694336
41.116539001464844
40.899375915527344
40.109039306640625
39.91801452636719
39.17340087890625
38.9851188659668
38.28474044799805
38.103824615478516
37.431941986083984
37.276641845703125
36.636566162109375
36.4681282043457
35.85883712768555
35.717689514160156
35.14115905761719
35.00614547729492
34.45079040527344
34.30783462524414
33.796287536621094
33.6605224609375
33.170345306396484
33.05467224121094
32.60538864135742
32.472042083740234
32.065494537353516
31.945537567138672
31.52827262878418
31.433574676513672
31.0573673248291
30.965740203857422
30.65401840209961
30.541217803955078
30.232303619384766
30.138490676879883
29.837196350097656
29.76677894592285
29.503896713256836
29.425447463989258
29.183685302734375
29.106975555419922
28.91694450378418
28.833515167236328
28.632526397705078
28.576736450195312
28.380985260009766
28.333566665649414
28.168725967407227
28.114168167114258
27.962594985961914
27.910003662109375
27.75721549987793
27.729888916015625
27.595613479614258
27.543716430664062
27.429304122924805
27.383291244506836
27.275001525878906
27.25203514099121
27.142318725585938
27.12177276611328
27.019262313842773
26.976097106933594
26.887643814086914
26.848661422729492
26.777143478393555
26.73284912109375
26.6663761138916
26.628538131713867
26.56410026550293
26.522092819213867
26.462743759155273
26.43145751953125
26.36517906188965
26.328495025634766
26.279634475708008
26.245481491088867
26.19204330444336
26.20094871520996
26.122718811035156
26.081192016601562
26.036588668823242
26.009042739868164
25.963083267211914
25.94451332092285
25.890121459960938
25.865663528442383
25.82648277282715
25.814712524414062
25.768535614013672
25.745197296142578
25.69007110595703
25.676931381225586
25.639604568481445
25.615877151489258
25.577268600463867
25.58625602722168
25.52806854248047
25.510826110839844
25.54978370666504
25.491966247558594
25.450687408447266
25.408039093017578
25.383045196533203
25.362197875976562
25.32246971130371
25.31728744506836
25.299089431762695
25.268938064575195
25.233274459838867
25.222885131835938
25.185476303100586
25.176532745361328
25.159433364868164
25.129493713378906
25.10721778869629
25.108787536621094
25.07904052734375
25.06243896484375
25.041696548461914
25.014892578125
24.990345001220703
24.976119995117188
24.959806442260742
24.957916259765625
24.963157653808594
24.939777374267578
24.94398307800293
24.937137603759766
24.847309112548828
24.86334228515625
24.836889266967773
24.81163787841797
24.81324005126953
24.796735763549805
24.765872955322266
24.75030517578125
24.750194549560547
24.730802536010742
24.730083465576172
24.692245483398438
24.66514778137207
24.662187576293945
24.67203140258789
24.64449691772461
24.668115615844727
24.607370376586914
24.5789737701416
24.55952262878418
24.570768356323242
24.563621520996094
24.550033569335938
24.510971069335938
24.501026153564453
24.487903594970703
24.487194061279297
24.462331771850586
24.454042434692383
24.462594985961914
24.429298400878906
24.459983825683594
24.394107818603516
no squeeze
344.1769714355469
249.20977783203125
224.9327850341797
142.0037384033203
126.25262451171875
89.19654083251953
84.02429962158203
70.41747283935547
67.92058563232422
60.52180862426758
59.011966705322266
54.23951721191406
53.243003845214844
49.99353790283203
49.286746978759766
46.91777038574219
46.39069747924805
44.6024169921875
44.18682861328125
42.78124237060547
42.467037200927734
41.34792709350586
41.0883674621582
40.161563873291016
39.933929443359375
39.16443634033203
38.96488952636719
38.32047653198242
38.16661071777344
37.570369720458984
37.42164993286133
36.925132751464844
36.80275344848633
36.345699310302734
36.23086166381836
35.819129943847656
35.715396881103516
35.367652893066406
35.271385192871094
34.9354248046875
34.84844970703125
34.55941390991211
34.471214294433594
34.20200729370117
34.13254165649414
33.89723205566406
33.82402420043945
33.58988952636719
33.54084014892578
33.33079528808594
33.286399841308594
33.1120491027832
33.04484939575195
32.875511169433594
32.825809478759766
32.67966079711914
32.643821716308594
32.50442886352539
32.469818115234375
32.33814239501953
32.29542922973633
32.182403564453125
32.14389419555664
32.053287506103516
32.01398468017578
31.924819946289062
31.90447998046875
31.81829833984375
31.81602668762207
31.72466278076172
31.703901290893555
31.635278701782227
31.601404190063477
31.547353744506836
31.538209915161133
31.482149124145508
31.451929092407227
31.396760940551758
31.3743839263916
31.337621688842773
31.323932647705078
31.284719467163086
31.26987648010254
31.236671447753906
31.234920501708984
31.18129539489746
31.191415786743164
31.152536392211914
31.22577667236328
31.1202335357666
31.109350204467773
31.107614517211914
31.063705444335938
31.039976119995117
31.016204833984375
31.027816772460938
30.99843978881836
30.985782623291016
30.979536056518555
30.954307556152344
30.956974029541016
30.939865112304688
30.92900848388672
30.906509399414062
30.900434494018555
30.890193939208984
30.880126953125
30.89813995361328
30.8615779876709
30.85096549987793
30.835641860961914
30.837158203125
30.869098663330078
30.838483810424805
no squeeze
343.01824951171875
105.89161682128906
90.73246002197266
75.62798309326172
74.11559295654297
70.65520477294922
70.10962677001953
68.71055603027344
68.46311950683594
67.77762603759766
67.64543914794922
67.29425811767578
67.21859741210938
67.01748657226562
66.98589324951172
66.87659454345703
66.85372161865234
66.78447723388672
66.7766342163086
66.76385498046875
66.76866912841797
66.753662109375
66.75927734375
66.72380065917969
66.71294403076172
66.72731018066406
66.71360778808594
66.73360443115234
