no squeeze
16.448381423950195
4.439370632171631
2.4112024307250977
1.6109503507614136
1.1185017824172974
0.9350610971450806
0.8665370345115662
0.7115147113800049
0.8739545941352844
0.6415781378746033
0.7813315391540527
0.6887952089309692
0.7233231663703918
0.6327935457229614
0.5534670352935791
0.5919945240020752
0.6826126575469971
0.6251281499862671
0.5289227962493896
0.4690764248371124
0.5508045554161072
0.5447947382926941
0.5233622789382935
0.5547431111335754
0.5540934801101685
0.42759960889816284
0.47394269704818726
0.4536506235599518
0.5055238008499146
0.5653963685035706
0.43101710081100464
0.4332217276096344
0.48904162645339966
0.4136694669723511
0.5427298545837402
0.37878748774528503
0.42130047082901
0.40822964906692505
0.40785184502601624
0.43714186549186707
0.5002014636993408
0.45800840854644775
0.41538670659065247
0.37992414832115173
0.4271160066127777
0.4866967499256134
no squeeze
17.526723861694336
4.72825813293457
1.8970913887023926
0.9928672313690186
0.7024945020675659
0.4883247911930084
0.2984122037887573
0.22165265679359436
0.15163858234882355
0.20460732281208038
0.22030213475227356
0.1369849592447281
0.19199331104755402
0.1858152598142624
0.11436669528484344
0.10080765187740326
0.09177470952272415
0.06846407800912857
0.1296197474002838
0.04795767739415169
0.058812662959098816
0.09250488877296448
0.07994194328784943
0.1227702721953392
0.04903913661837578
0.03417474403977394
0.03678397834300995
0.1065264642238617
0.05735909566283226
0.10777115821838379
0.128296360373497
0.19600921869277954
0.15038588643074036
0.08826284855604172
0.060762032866477966
0.06561838835477829
no squeeze
16.30145263671875
5.906992435455322
3.946873188018799
2.6858739852905273
2.324892997741699
1.5629254579544067
1.2127107381820679
1.1491156816482544
0.9123982787132263
0.8378041386604309
0.6911056041717529
0.5879576802253723
0.4891207218170166
0.4639679193496704
0.42708003520965576
0.5370498895645142
0.5148957371711731
0.4391006827354431
0.5346502065658569
0.5772936940193176
0.3275495767593384
0.3189842700958252
0.20551377534866333
0.7702279090881348
0.3843317925930023
0.2989887595176697
0.3434109091758728
0.2635239362716675
0.30027976632118225
0.15169793367385864
0.13590173423290253
0.18254554271697998
0.21209758520126343
0.1495300680398941
0.23751233518123627
0.11110784858465195
0.1353631317615509
0.20757147669792175
0.5817050337791443
0.12608347833156586
0.16284698247909546
0.18893857300281525
0.24030162394046783
0.1166825219988823
0.09819504618644714
0.09796327352523804
0.1555240899324417
0.5945829749107361
0.2367962896823883
0.10023363679647446
0.1985735148191452
0.16835765540599823
0.1185292974114418
0.13237205147743225
0.17841507494449615
0.0872260183095932
0.14476968348026276
0.11294811964035034
0.17575758695602417
0.3761710226535797
0.15487933158874512
0.17906881868839264
0.08562617748975754
0.04738491773605347
0.0949859470129013
0.15995058417320251
0.08193250000476837
0.10967211425304413
0.07842518389225006
0.06536488980054855
0.1729532927274704
0.09493422508239746
0.05496593564748764
0.0510384701192379
no squeeze
14.788296699523926
6.759585857391357
5.2850165367126465
4.218684673309326
3.4975526332855225
3.009584665298462
2.5641603469848633
2.2928013801574707
2.0491855144500732
1.795983076095581
1.6239920854568481
1.5190423727035522
1.3972207307815552
1.4174773693084717
1.335785984992981
1.2996665239334106
1.1315855979919434
1.0104666948318481
1.089516043663025
1.0484391450881958
1.0792813301086426
0.9483955502510071
0.8592371940612793
0.8771387338638306
0.8943180441856384
0.9344738125801086
0.8195896744728088
0.8023599982261658
0.8290951251983643
0.7756243348121643
0.7186477184295654
0.7876643538475037
0.7656804323196411
0.731688380241394
0.680657148361206
0.6320828199386597
0.6589227914810181
0.6677206754684448
0.6541838645935059
0.661191463470459
0.6268230080604553
0.5717955827713013
0.5740923881530762
0.5701695680618286
0.6485167741775513
0.5536613464355469
0.581200897693634
0.60364830493927
0.5509790182113647
0.4999823570251465
0.476615309715271
0.5285160541534424
0.4873282313346863
0.5092849135398865
0.5001445412635803
0.45804110169410706
0.46404364705085754
0.4616178572177887
0.4689556062221527
0.4428674876689911
0.4738256335258484
0.39741554856300354
0.4662293791770935
0.4318491518497467
0.3851507604122162
0.42244863510131836
0.39009007811546326
0.40715283155441284
0.4186651408672333
0.38242629170417786
0.39078351855278015
0.3643997013568878
0.3443277180194855
0.3642866611480713
0.3701086640357971
0.3178046643733978
0.35118600726127625
0.3264303505420685
0.37816667556762695
0.31996777653694153
0.35350438952445984
0.37523767352104187
0.3182106614112854
0.35450297594070435
0.4226505756378174
0.30385351181030273
0.3441125154495239
0.35340994596481323
0.2756892740726471
0.31716352701187134
0.2894165813922882
0.2777525782585144
0.2554551661014557
0.281445175409317
0.2902846336364746
0.32148802280426025
0.27880802750587463
0.24462278187274933
0.2732072174549103
0.27798187732696533
0.2857573330402374
0.24541354179382324
0.24386203289031982
0.26219111680984497
0.2866443991661072
0.22457845509052277
0.26471155881881714
0.2556147575378418
0.34665316343307495
0.27150774002075195
0.25822901725769043
0.21248717606067657
0.2653171122074127
0.25311216711997986
0.21572184562683105
0.22891968488693237
0.22556599974632263
0.24649149179458618
0.22733455896377563
0.26145756244659424
0.21459980309009552
0.2207322120666504
no squeeze
15.062807083129883
5.864660739898682
3.925535202026367
2.8602588176727295
2.289588451385498
1.8276985883712769
1.5660998821258545
1.3887138366699219
1.2419486045837402
1.199899673461914
1.0345667600631714
1.0899320840835571
0.9083491563796997
0.9072756171226501
0.7870438098907471
0.995625376701355
0.7142791152000427
0.6637623906135559
0.6701189279556274
0.6706265807151794
0.6335563063621521
0.6524178385734558
0.5318074226379395
0.6201580762863159
0.6221844553947449
0.5138415694236755
0.5083624720573425
0.5216244459152222
0.5153785943984985
0.5337093472480774
0.4799603521823883
0.4683634638786316
0.44122523069381714
0.4490494132041931
0.41403770446777344
0.4054265320301056
0.4003221094608307
0.41078105568885803
0.3877047598361969
0.3911288380622864
0.4617592990398407
0.45267099142074585
0.4084877371788025
0.37687546014785767
0.3646683096885681
0.3991844654083252
0.38586553931236267
0.401227742433548
0.37951862812042236
0.3584689199924469
0.3418787717819214
0.3447200059890747
0.3316529393196106
0.3790901005268097
0.35778743028640747
0.3262655735015869
0.3105747401714325
0.33175215125083923
0.3211974501609802
0.29433146119117737
0.3164883852005005
0.29973241686820984
0.32870298624038696
0.3421413004398346
0.2715827524662018
0.33470484614372253
0.25877514481544495
0.3001808524131775
0.26508793234825134
0.2556993067264557
0.3241099715232849
0.32471296191215515
0.25647327303886414
0.26852163672447205
0.2872064411640167
0.2504188120365143
0.2626420259475708
0.3597531318664551
0.23279523849487305
0.2504323720932007
0.22953464090824127
0.21589791774749756
0.22370249032974243
0.19909726083278656
0.2373024821281433
0.22229094803333282
0.22817537188529968
0.24070271849632263
0.23934800922870636
0.22752107679843903
0.19275285303592682
0.2399466335773468
0.2643789052963257
0.203517884016037
0.25557202100753784
0.1809137761592865
0.20665064454078674
0.22552946209907532
0.2038227617740631
0.19348947703838348
0.21796868741512299
0.1878264844417572
0.22892537713050842
0.20246578752994537
0.20005351305007935
0.17797522246837616
0.19713382422924042
0.20092758536338806
0.16090907156467438
0.17924074828624725
0.16674159467220306
0.2131405621767044
0.18761411309242249
0.18724194169044495
0.1692156344652176
0.18004368245601654
0.1568906009197235
0.14693325757980347
0.14278018474578857
0.16903527081012726
0.1774473339319229
0.2047635167837143
0.19710363447666168
0.16272814571857452
0.1454428881406784
0.14661556482315063
0.1669037938117981
0.2281624972820282
0.1550896018743515
no squeeze
9.433207511901855
3.1859328746795654
1.7837802171707153
1.3678243160247803
1.0543848276138306
1.4163134098052979
1.6984750032424927
1.2070561647415161
0.7645830512046814
1.1194963455200195
1.5132352113723755
0.8710059523582458
0.6457435488700867
1.0558961629867554
1.325142502784729
0.8419243693351746
1.0057424306869507
0.9088676571846008
0.7122836709022522
0.7391167283058167
0.8449366092681885
1.1189008951187134
1.0173006057739258
