no squeeze
0.9856169819831848
0.31825166940689087
0.14305844902992249
0.07184553146362305
0.041306398808956146
0.02859528362751007
0.018692759796977043
0.012387772090733051
0.009508984163403511
0.008279911242425442
0.006447060965001583
0.005183912348002195
0.004133792128413916
0.004470860585570335
0.0034172816667705774
0.003107115626335144
0.0024515052791684866
0.002277736784890294
0.0020263760816305876
0.0018688287818804383
0.0017408158164471388
0.0018017224501818419
0.0015563694760203362
0.0013312635710462928
0.0019622724503278732
0.001386580290272832
0.0011101519921794534
0.0013575763441622257
0.0010846533114090562
0.0007848608656786382
0.0007882841164246202
0.0009096498833969235
0.0007096860208548605
0.0007997957873158157
0.0008987797191366553
0.0007336608250625432
0.0009404977317899466
0.0005914787179790437
0.0008002889226190746
0.0005238266894593835
0.0007474025478586555
0.000670718727633357
0.0008615524275228381
0.0007328043575398624
0.0005843968247063458
0.00034447701182216406
0.0003622711810749024
0.0003790029732044786
0.00034426484489813447
0.00029508242732845247
0.0003223879321012646
0.00029779848409816623
0.0005086137680336833
0.00028512542485259473
0.00025827097124420106
0.0003036001871805638
0.0002482698764652014
0.00023317834711633623
0.000852590543217957
0.000690501881763339
0.0003423271409701556
0.0003580601478461176
0.0002484824799466878
0.0003672844613902271
0.00022723506845068187
0.0002936517703346908
0.00020553369540721178
0.0002235287829535082
0.0002058667450910434
0.0002168624778278172
0.00017499826208222657
0.00017091920017264783
0.00017148979532066733
0.00016535376198589802
0.00018045878096017987
0.0002522590511944145
0.00018957446445710957
0.00018219799676444381
0.00016675819642841816
0.00016113925084937364
0.00017166986071970314
0.0002036832011071965
0.00021192866552155465
0.0003955543215852231
0.0005042353877797723
0.00036385911516845226
0.0002122846490237862
0.0001778204896254465
0.00011559329141164199
0.0001043535812641494
0.000494693114887923
0.00014031892351340503
0.00011625727347563952
0.00012092922406736761
9.98363975668326e-05
8.672551484778523e-05
7.616978109581396e-05
8.07544493000023e-05
7.36700530978851e-05
8.26272735139355e-05
0.0001228084583999589
0.0013290216447785497
0.0008373505552299321
0.0006551577826030552
0.00041789619717746973
0.0008277861052192748
0.0019361958838999271
0.0008344011730514467
0.00017053178453352302
no squeeze
0.6616929173469543
0.24848167598247528
0.1550481766462326
0.10852609574794769
0.09145275503396988
0.0819292962551117
0.07302089035511017
0.06072460487484932
0.059405747801065445
0.05480368062853813
0.05767720565199852
0.053308550268411636
0.052899498492479324
0.043565306812524796
0.04345855489373207
0.041740309447050095
0.03672580048441887
0.03671878203749657
0.03477983549237251
0.0349031426012516
0.03646447882056236
0.033736784011125565
0.033402517437934875
0.03610233590006828
0.03271770477294922
0.030719608068466187
0.03364233672618866
0.03446030989289284
0.03333761543035507
0.03202052414417267
0.0349324569106102
0.03598403558135033
0.038228943943977356
0.03869502991437912
0.032501302659511566
0.03043884038925171
0.029080471023917198
0.026757357642054558
0.02912079729139805
0.028183193877339363
0.027668101713061333
0.027099044993519783
0.028292706236243248
0.028232930228114128
0.03297025337815285
0.027111269533634186
0.03329833224415779
0.02948569320142269
no squeeze
0.9050659537315369
0.35400882363319397
0.2246851772069931
0.17136837542057037
0.12511588633060455
0.09200415015220642
0.08976981788873672
0.07124393433332443
0.05255071073770523
0.042233824729919434
0.03846520930528641
0.031813278794288635
0.02796250768005848
0.023213276639580727
0.02046680450439453
0.019322557374835014
0.017497556284070015
0.019036823883652687
0.01613120548427105
0.013188102282583714
0.01928463578224182
0.0174267515540123
0.010865245014429092
0.011148336343467236
0.010142140090465546
0.008722156286239624
0.009510446339845657
0.007588603999465704
0.00953616201877594
0.006257426459342241
0.006053832359611988
0.0053714546374976635
0.004626656416803598
0.005492374300956726
0.009240067563951015
0.005360521841794252
0.008099888451397419
0.005123551934957504
0.003931321203708649
0.002989213215187192
0.002725770231336355
0.0034834123216569424
0.0030001674313098192
0.0026781170163303614
0.0026263799518346786
0.008587252348661423
0.0035288853105157614
0.002373287919908762
0.007439781911671162
0.002942099468782544
0.00290632713586092
0.002470583887770772
0.002940918318927288
0.0021465527825057507
0.002275577513501048
0.0019919828046113253
0.002358816796913743
0.00793885812163353
0.014034319669008255
0.0054189045913517475
0.0034025779459625483
0.003413615981116891
0.0030980573501437902
0.0020238126162439585
0.00295876688323915
0.00427166698500514
no squeeze
0.9404993653297424
0.4689130485057831
0.36472269892692566
0.2968786060810089
0.25253477692604065
0.2277299165725708
0.1970420926809311
0.18596197664737701
0.1685277819633484
0.15448763966560364
0.14769437909126282
0.13650237023830414
0.1318332403898239
0.12754684686660767
0.12212858349084854
0.11345145851373672
0.11099465936422348
0.10569223016500473
0.10508424788713455
0.10547366738319397
0.09757483750581741
0.09653601050376892
0.09484022110700607
0.09211484342813492
0.08634881675243378
0.09084860235452652
0.08275514096021652
0.08184266835451126
0.0840095579624176
0.07814738154411316
0.07579261809587479
0.07531310617923737
0.07338433712720871
0.07126158475875854
0.07243548333644867
0.07183295488357544
0.0678005963563919
0.06629809737205505
0.06830573081970215
0.06550005823373795
0.06297975778579712
0.06408748030662537
0.06354574859142303
0.060989584773778915
0.061202272772789
0.06028935685753822
0.05782168731093407
0.061761293560266495
0.055566899478435516
0.05585157126188278
0.056071843951940536
0.053718820214271545
0.05400100350379944
0.05447719618678093
0.05539849400520325
0.05329202115535736
0.051409583538770676
0.05377289652824402
0.054477982223033905
0.05531017482280731
0.05106541886925697
0.050330471247434616
0.049775414168834686
0.047369372099637985
0.048385776579380035
0.04948846250772476
0.046229880303144455
0.045353032648563385
0.04549391195178032
0.04632221534848213
0.04441893845796585
0.04436492919921875
0.044966623187065125
0.04473170265555382
0.04423799365758896
0.04247376695275307
0.042728397995233536
0.04413173720240593
0.044110629707574844
0.04408339038491249
0.042132001370191574
0.041073061525821686
0.04091089591383934
0.041905950754880905
0.0412544310092926
0.04117405787110329
0.03851933404803276
0.03795992583036423
0.03979521617293358
0.03989844024181366
0.039341386407613754
0.04000580310821533
0.04450476914644241
0.03902159631252289
0.040372978895902634
0.03873090445995331
0.03889741748571396
0.039408691227436066
no squeeze
0.9297712445259094
0.42895984649658203
0.30423685908317566
0.23191384971141815
0.1939801722764969
0.1698966771364212
0.14744307100772858
0.1305171102285385
0.1183515265583992
0.10815715789794922
0.10196226090192795
0.09428708255290985
0.088160939514637
0.08150601387023926
0.07818087935447693
0.07432031631469727
0.06596074998378754
0.06739770621061325
0.06061749532818794
0.058986373245716095
0.062178678810596466
0.05455760657787323
0.05263790488243103
0.050646569579839706
0.0490846186876297
0.05204036086797714
0.04662936180830002
0.04524453729391098
0.04330525919795036
0.044366300106048584
0.04135255888104439
0.03967992588877678
0.0405813604593277
0.04061482846736908
0.045975953340530396
0.03914221376180649
0.037732187658548355
0.037384822964668274
0.03298816457390785
0.03423965722322464
0.036317966878414154
0.03866008296608925
0.03256992623209953
0.03125844523310661
0.03191833198070526
0.029621338471770287
0.033316049724817276
0.031119253486394882
0.030324861407279968
0.030299007892608643
0.028530718758702278
0.030532831326127052
0.028265850618481636
0.029049914330244064
0.025673752650618553
0.025616619735956192
0.025159871205687523
0.026686668395996094
0.026176607236266136
0.026748862117528915
0.03032742254436016
0.02891271375119686
0.024054324254393578
0.027637701481580734
0.02532261237502098
0.025751186534762383
0.02318660169839859
0.024825220927596092
0.026683863252401352
0.02307191677391529
0.024351613596081734
0.0221848264336586
0.023280540481209755
0.023830417543649673
0.022142857313156128
0.02353997528553009
0.021729115396738052
0.022559287026524544
0.021488064900040627
0.02138451300561428
0.02391872927546501
0.022994793951511383
0.021872222423553467
0.021690042689442635
0.02159917913377285
0.02244938164949417
0.021501151844859123
0.023716215044260025
0.01988942362368107
0.02050485834479332
0.01939343847334385
0.021256228908896446
0.01936298795044422
0.020589210093021393
0.020921994000673294
0.017884036526083946
0.01837056875228882
0.021426696330308914
0.01893117092549801
0.018658524379134178
0.01759769767522812
0.01715327985584736
0.019854063168168068
0.01979534514248371
0.017785636708140373
0.017966682091355324
0.017827672883868217
0.018966641277074814
0.019080661237239838
0.017668114975094795
0.018020829185843468
0.018334561958909035
no squeeze
0.7581933736801147
0.28722092509269714
0.17851604521274567
0.15170186758041382
0.1170484870672226
0.1006702110171318
0.09187684208154678
0.10002684593200684
0.11344172805547714
0.11216185986995697
0.08218861371278763
0.07603775709867477
0.0869104191660881
0.0750594288110733
0.07865463942289352
0.09453742206096649
0.08567898720502853
0.09317183494567871
0.09007301926612854
0.09915267676115036
0.0832730159163475
0.07464344799518585
0.09581410139799118
0.10294179618358612
0.16710981726646423
0.10183242708444595
0.07541760802268982
0.07297694683074951
0.07435186207294464
0.11094686388969421
0.06727288663387299
0.08646277338266373
0.07856444269418716
0.06503263860940933
0.0701359435915947
0.0974375456571579
0.09597054123878479
0.09811066091060638
0.1295860856771469
0.09590952843427658
0.0957159474492073
0.11867602169513702
0.06874644756317139
0.10077500343322754
