no squeeze
0.9373475909233093
0.25619444251060486
0.14606182277202606
0.13516493141651154
0.095894455909729
0.07604017853736877
0.073387011885643
0.07517640292644501
0.05700541287660599
0.049639251083135605
0.049323953688144684
0.039435409009456635
0.034153521060943604
0.03499508276581764
0.031543415039777756
0.024532726034522057
0.027341436594724655
0.02243359573185444
0.02567552961409092
0.019451173022389412
0.020475180819630623
0.016803719103336334
0.017657505348324776
0.015200750902295113
0.014644496142864227
0.014789551496505737
0.016206195577979088
0.016352515667676926
0.011881408281624317
0.01374618150293827
0.010097842663526535
0.008987190201878548
0.007957917638123035
0.009206672199070454
0.01098842266947031
0.009150463156402111
0.007456658873707056
0.007718338631093502
0.006714915856719017
0.006741903722286224
0.0070839980617165565
0.0068271346390247345
0.006424540188163519
0.006814382970333099
0.006034031510353088
0.004558851011097431
0.005572277121245861
0.006511263083666563
0.006784810684621334
0.004908574745059013
0.0046693067997694016
0.0054392823949456215
0.005320772994309664
0.005282846745103598
0.005927241872996092
0.0038582137785851955
0.003656325861811638
0.004688568878918886
0.005510278046131134
0.005637601017951965
0.004192063584923744
0.003481845138594508
0.003148898482322693
0.004046124406158924
0.003088626079261303
0.003721331711858511
0.004867184441536665
0.004151534289121628
0.0035426756367087364
0.005353698506951332
0.0030110846273601055
0.00291926390491426
0.0038142313715070486
0.0032571847550570965
0.0019415175775066018
0.0037904628552496433
0.002174197230488062
0.002353834453970194
0.002879111096262932
0.0021470794454216957
0.001882877666503191
0.0019747051410377026
0.002612821292132139
0.006532835308462381
0.008749882690608501
0.003664779243990779
0.0025868068914860487
0.004940245766192675
0.004299982916563749
0.002860781503841281
0.0023367851972579956
no squeeze
0.7500861287117004
0.21535050868988037
0.13773171603679657
0.13162675499916077
0.1073123887181282
0.09921354800462723
0.08832141011953354
0.09488364309072495
0.09747032821178436
0.0810668021440506
0.08043980598449707
0.06904773414134979
0.08716505765914917
0.0699036493897438
0.06389473378658295
0.06146935001015663
0.07590080797672272
0.06360378861427307
0.0687149241566658
0.06382665038108826
0.05397083982825279
0.05778656527400017
0.06148452311754227
0.059371985495090485
0.0589677132666111
0.05182483419775963
0.054750487208366394
0.0767323225736618
0.05516098067164421
0.050722695887088776
0.051327917724847794
0.049053825438022614
0.05184636637568474
0.047523584216833115
0.04660731926560402
0.04916396364569664
0.05340387299656868
0.04852088540792465
0.04869316518306732
0.04194348677992821
0.05914256349205971
0.04668687283992767
0.048704344779253006
0.043526168912649155
0.049444615840911865
0.048974987119436264
0.04999188706278801
0.04628288745880127
0.05391673743724823
0.043386559933423996
no squeeze
1.3953818082809448
0.5086770057678223
0.32809123396873474
0.22008828818798065
0.1877514272928238
0.16829699277877808
0.19181138277053833
0.17820465564727783
0.14664535224437714
0.1200108453631401
0.12143650650978088
0.11620873212814331
0.09953012317419052
0.10373987257480621
0.09733032435178757
0.10123644769191742
0.08859751373529434
0.09396540373563766
0.08524991571903229
0.07035142183303833
0.05781633034348488
0.059325192123651505
0.05189236253499985
0.07758314162492752
0.07528086751699448
0.05766773968935013
0.04682985693216324
0.05280137434601784
0.06572280824184418
0.08424870669841766
0.06787489354610443
0.04532286524772644
0.05171628296375275
0.05153976008296013
0.04992600530385971
0.054338932037353516
0.035892337560653687
0.03308781981468201
0.031286414712667465
0.02734392322599888
0.03038395568728447
0.024256205186247826
0.043361444026231766
0.04047247767448425
0.03211994841694832
0.053995683789253235
0.06849367916584015
0.04680813476443291
0.02774350345134735
0.02747204340994358
0.020403753966093063
0.022331848740577698
0.018837496638298035
0.028430990874767303
0.022105157375335693
0.025538215413689613
0.021117955446243286
0.024493683129549026
0.022818079218268394
0.016905123367905617
0.016567835584282875
0.018602726981043816
0.019873082637786865
0.0658569186925888
0.04003206267952919
0.02509205788373947
0.02785860188305378
0.04508905112743378
0.020113714039325714
0.01596798002719879
0.015575172379612923
0.0313100703060627
0.027349883690476418
0.02056244947016239
0.02633719891309738
0.01690436713397503
0.014258265495300293
0.01877960003912449
0.01360340416431427
0.012814170680940151
0.011725365184247494
0.017698943614959717
0.011891000904142857
0.01771579310297966
0.011989866383373737
0.012587086297571659
0.013811944052577019
0.01044656801968813
0.008115974254906178
0.007757301442325115
0.006671297829598188
0.009578302502632141
0.010231134481728077
0.014611686579883099
0.02760934829711914
0.01438883226364851
0.020073361694812775
0.020195387303829193
0.02875741384923458
0.024004273116588593
0.02902575582265854
no squeeze
1.2617534399032593
0.5850842595100403
0.45782411098480225
0.39057180285453796
0.33688947558403015
0.3049185276031494
0.2682802379131317
0.24136820435523987
0.22351320087909698
0.1964290291070938
0.18975558876991272
0.17676714062690735
0.16779448091983795
0.16099867224693298
0.15401290357112885
0.14720265567302704
0.14008428156375885
0.14220045506954193
0.12700818479061127
0.12421803921461105
0.12326064705848694
0.11657163500785828
0.11687559634447098
0.11646910011768341
0.11335825175046921
0.10866162925958633
0.11443430185317993
0.1065620481967926
0.10069810599088669
0.10527803748846054
0.0960865244269371
0.10307422280311584
0.09235461801290512
0.10213174670934677
0.08732576668262482
0.08967903256416321
0.08834950625896454
0.08477488905191422
0.08576555550098419
0.08382082730531693
0.08840123564004898
0.08332742005586624
0.08485142886638641
0.08120370656251907
0.07945752143859863
0.0824989303946495
0.08122418820858002
0.07937215268611908
0.0781359151005745
0.07831347733736038
0.08352433890104294
0.07540677487850189
0.07620978355407715
0.06851132214069366
0.06858761608600616
0.07063860446214676
0.0684884563088417
0.07228752970695496
0.06873580068349838
0.07310210913419724
0.07555948942899704
0.06509552150964737
0.0656619668006897
0.06569090485572815
0.06479349732398987
0.06863633543252945
0.06532105803489685
0.06596818566322327
0.06462962925434113
0.06524062156677246
0.06490929424762726
0.05988573655486107
0.06098617985844612
0.05974293872714043
0.061818551272153854
0.060300856828689575
0.06191302090883255
0.05663084611296654
0.05705017223954201
0.05941155180335045
0.055285900831222534
0.05463700369000435
0.05560705438256264
0.05588226765394211
0.06099395081400871
0.05665629357099533
0.05729065462946892
0.05482899770140648
0.052126165479421616
0.05273027718067169
0.05315274000167847
0.051552917808294296
0.05149823799729347
0.05112123489379883
0.051181986927986145
0.05152992159128189
0.051622189581394196
0.051225028932094574
0.0531972274184227
0.04821167513728142
0.04991747811436653
0.04912359640002251
0.05119990184903145
0.04737570509314537
0.04643424600362778
0.04735437035560608
0.04816465452313423
0.04820027947425842
0.048086777329444885
0.044572871178388596
0.04661649838089943
0.05027095973491669
0.04576871171593666
0.0444246381521225
0.043726108968257904
0.04312337562441826
0.04704342409968376
0.04318859055638313
0.043684858828783035
0.04189199581742287
0.049417704343795776
0.04424942284822464
0.04164348170161247
0.0432300940155983
0.043230850249528885
0.042492810636758804
0.04261835664510727
0.04204428195953369
0.04255320504307747
0.04057178646326065
0.04185108840465546
0.0370294563472271
0.03917240723967552
0.038147494196891785
0.044186729937791824
0.03989817202091217
0.03906397148966789
0.04343361780047417
0.03835226222872734
0.03865140303969383
0.03900798410177231
0.03892276808619499
no squeeze
1.122206687927246
0.37111198902130127
0.25489541888237
0.20963215827941895
0.17943114042282104
0.16690947115421295
0.15108023583889008
0.13606970012187958
0.12615524232387543
0.11214426904916763
0.10635190457105637
0.10037153214216232
0.10438378900289536
0.09662537276744843
0.09808296710252762
0.08765074610710144
0.08317980170249939
0.07820934802293777
0.07672426104545593
0.07689501345157623
0.07481084018945694
0.07036904245615005
0.06880605965852737
0.0679144635796547
0.06518107652664185
0.0615030899643898
0.05749638006091118
0.05783749371767044
0.058162037283182144
0.05625035986304283
0.05518445745110512
0.04887709394097328
0.056468281894922256
0.050185538828372955
0.04802955687046051
0.049976229667663574
0.051920417696237564
0.04707397520542145
0.04704584553837776
0.04574986919760704
0.046348121017217636
0.04792474955320358
0.0441729836165905
0.046944599598646164
0.0431019626557827
0.04473733901977539
0.042110271751880646
0.0396643728017807
0.03953113406896591
0.04120694845914841
0.03826316073536873
0.03903231397271156
0.03961130976676941
0.03867267817258835
0.039036743342876434
0.04061863571405411
0.03920210897922516
0.041245799511671066
0.03720007464289665
0.03660329431295395
0.03470470383763313
0.04026238992810249
0.03382154181599617
0.03167275711894035
0.032483041286468506
0.03198447823524475
0.032795872539281845
0.03632502257823944
0.033462975174188614
0.03154086694121361
0.03150884062051773
0.03220568224787712
0.029981525614857674
0.033691857010126114
0.030271848663687706
0.031999554485082626
0.03058754839003086
0.03303654491901398
0.029944056645035744
0.034063778817653656
0.029259035363793373
0.034421227872371674
0.03885533660650253
0.031466420739889145
0.027800770476460457
0.03179096058011055
0.02790168672800064
0.03138074278831482
0.02831239253282547
0.030100444331765175
0.02590746246278286
0.02678549662232399
0.027013543993234634
0.026360895484685898
0.02653435990214348
0.026905009523034096
0.02557627484202385
0.03128799796104431
0.025587964802980423
0.027944304049015045
0.032148703932762146
0.02540411986410618
0.027207940816879272
0.027662960812449455
0.02691698633134365
0.02551044151186943
0.02593635395169258
0.02755412831902504
0.023859651759266853
0.024653805419802666
0.02526025101542473
0.0295086782425642
0.023036614060401917
0.024389486759901047
0.02379927784204483
0.024269048124551773
0.02190762385725975
0.02558932453393936
0.022512944415211678
0.024828428402543068
0.02267499640583992
0.022319890558719635
0.024906054139137268
0.02535638026893139
0.025055227801203728
0.024816622957587242
0.025723567232489586
no squeeze
1.1296699047088623
0.27449455857276917
0.2219896912574768
0.16044241189956665
0.1473325490951538
0.13261418044567108
0.11866544932126999
0.1305685043334961
0.12382740527391434
0.1251593679189682
0.11648662388324738
0.0986180305480957
0.10015750676393509
0.12939538061618805
0.13796941936016083
0.0991782397031784
0.10394122451543808
0.08170706033706665
0.08721219748258591
0.09560506045818329
0.11082464456558228
0.11684238165616989
0.10281076282262802
0.13067585229873657
0.08800303936004639
0.0841749757528305
0.08825068175792694
0.09636874496936798
