no squeeze
27.123544692993164
5.645517826080322
3.935181140899658
1.2972296476364136
1.0480091571807861
0.5797127485275269
0.5215156674385071
0.3908558487892151
0.3718230128288269
0.32420140504837036
0.3159138262271881
0.2964780330657959
0.2924572825431824
0.2812652885913849
0.27949199080467224
0.27258944511413574
0.2712259292602539
0.2667989432811737
0.26571720838546753
0.2627100646495819
0.26214122772216797
0.25952690839767456
0.2591582238674164
0.2581040859222412
0.25793540477752686
0.25615397095680237
0.2557612359523773
0.2558368146419525
0.2553340494632721
0.25443464517593384
0.2544430196285248
0.2540159523487091
0.2539111375808716
0.2537780702114105
0.2540434002876282
0.2533656656742096
0.2533107399940491
0.25288498401641846
0.254025399684906
0.2537340521812439
no squeeze
26.524290084838867
8.34510612487793
6.471253395080566
3.8000199794769287
3.5164825916290283
2.8593850135803223
2.7571768760681152
2.491279363632202
2.4446582794189453
2.320652723312378
2.296037435531616
2.2295289039611816
2.2188186645507812
2.184980630874634
2.1782729625701904
2.161226272583008
2.157585620880127
2.14756441116333
2.147780656814575
2.142563819885254
2.1406090259552
2.1397688388824463
2.143907308578491
2.1366283893585205
2.135732650756836
2.1355481147766113
2.1345860958099365
2.134002685546875
2.134265184402466
2.1316957473754883
2.1314456462860107
2.134589195251465
2.1335747241973877
2.129591703414917
2.1317942142486572
2.1309659481048584
no squeeze
27.470773696899414
7.258646488189697
5.4144439697265625
2.5459704399108887
2.2023696899414062
1.3750650882720947
1.2372705936431885
0.854987382888794
0.7851751446723938
0.5785691738128662
0.5386122465133667
0.41673460602760315
0.3918626606464386
0.3159533441066742
0.3005571961402893
0.25150150060653687
0.24135686457157135
0.2092287838459015
0.2023865282535553
0.18027257919311523
0.1760217249393463
0.1613255888223648
0.1579972356557846
0.1473405957221985
0.1448969841003418
0.13749268651008606
0.13570904731750488
0.12991498410701752
0.12876470386981964
0.1245202049612999
0.1236664429306984
0.12031788378953934
0.11974256485700607
0.11717294901609421
0.11663646250963211
0.11463329941034317
0.11430196464061737
0.11276306957006454
0.11229231208562851
0.11106186360120773
0.1107282042503357
0.10964423418045044
0.10929989814758301
0.10837823897600174
0.10808449238538742
0.10746631026268005
0.10713549703359604
0.10646183788776398
0.10624445974826813
0.10568369925022125
0.1054672971367836
0.10514844954013824
0.10487814992666245
0.10445544868707657
0.10447492450475693
0.10389979183673859
0.10385705530643463
0.10350807756185532
0.10356411337852478
0.10318181663751602
0.10297451168298721
0.10271086543798447
0.10274249315261841
0.10236311703920364
0.10251714289188385
0.10204217582941055
0.10213599354028702
0.10178233683109283
0.10195791721343994
0.10165727138519287
0.10161200165748596
0.10144748538732529
0.10148119926452637
0.10121089220046997
0.10140946507453918
0.10109494626522064
0.10109305381774902
0.10087937861680984
0.10106989741325378
0.10074348747730255
0.10105831921100616
0.1006910651922226
0.10096138715744019
0.10045555979013443
0.10046971589326859
0.10048159956932068
no squeeze
27.886112213134766
16.28241729736328
14.16645336151123
9.459758758544922
8.820359230041504
7.240693092346191
6.9548163414001465
6.108055114746094
5.933875560760498
5.375030994415283
5.249663829803467
4.8439249992370605
4.752695560455322
4.444185256958008
4.37484073638916
4.131775856018066
4.077845573425293
3.8845412731170654
3.843045711517334
3.6898443698883057
3.657538414001465
3.534575939178467
3.501920223236084
3.3999838829040527
3.3770458698272705
3.293138265609741
3.270250082015991
3.2024660110473633
3.1870086193084717
3.1211702823638916
3.1050262451171875
3.048753499984741
3.0306074619293213
2.9823050498962402
2.9700474739074707
2.92494535446167
2.915796995162964
2.8692104816436768
2.8599965572357178
2.816628932952881
2.8056752681732178
2.7753679752349854
2.76347279548645
2.726426839828491
2.7124412059783936
2.6819522380828857
2.667579174041748
2.6347975730895996
2.6241250038146973
2.5899922847747803
2.5803275108337402
2.549006938934326
2.5396294593811035
2.5101330280303955
2.49855375289917
2.46797513961792
2.4572250843048096
2.427744150161743
2.4254262447357178
2.39404559135437
2.3830606937408447
2.359731435775757
2.3535752296447754
2.3304455280303955
2.321561098098755
2.2998046875
2.2951345443725586
2.271615982055664
2.2654380798339844
2.2472870349884033
2.2419846057891846
2.2223660945892334
2.218738079071045
2.1997194290161133
2.203878164291382
2.1812257766723633
2.1783735752105713
2.165088653564453
2.159099578857422
2.146099328994751
2.1413180828094482
2.1291069984436035
2.1283676624298096
2.114784002304077
2.1117208003997803
2.0997495651245117
2.095320224761963
2.086808919906616
2.083493709564209
2.075392484664917
2.073714017868042
2.0582051277160645
2.064093828201294
2.050964117050171
2.0486552715301514
2.040208578109741
2.0365278720855713
2.0303657054901123
2.032680034637451
2.0234808921813965
2.019477128982544
2.014940023422241
2.014694929122925
2.005824089050293
2.007211685180664
2.0004348754882812
1.9998453855514526
1.9947147369384766
1.9962226152420044
1.986269474029541
1.984208345413208
1.9820359945297241
1.97658109664917
1.9760433435440063
1.972139596939087
1.9750070571899414
1.972776174545288
1.9638334512710571
1.9633116722106934
1.958956003189087
1.9600316286087036
1.9563140869140625
1.955937385559082
1.9472357034683228
1.9500977993011475
1.950812816619873
no squeeze
26.920137405395508
8.79362964630127
7.449690341949463
4.978203773498535
4.671931266784668
3.9350483417510986
3.8082072734832764
3.444744110107422
3.3726727962493896
3.156661033630371
3.112666368484497
2.9648048877716064
2.930424451828003
2.8295798301696777
2.804152011871338
2.7256855964660645
2.707843780517578
2.6438961029052734
2.631385326385498
2.5801069736480713
2.5710346698760986
2.5270438194274902
2.517007827758789
2.4832603931427
2.4733574390411377
2.4456546306610107
2.4393646717071533
2.4132630825042725
2.4088737964630127
2.390063524246216
2.37926983833313
2.3619446754455566
2.3581793308258057
2.339796304702759
2.3368592262268066
2.3221070766448975
2.317805767059326
2.306574821472168
2.303901433944702
2.290553331375122
2.2870266437530518
2.277313709259033
2.2760534286499023
2.264089345932007
2.2637693881988525
2.2560203075408936
2.256513833999634
2.243382692337036
2.241591691970825
2.2371773719787598
2.2338414192199707
2.2278800010681152
2.227908134460449
2.220961332321167
2.218675374984741
2.2115278244018555
2.214158058166504
2.2115299701690674
no squeeze
25.525148391723633
6.051011562347412
5.4206953048706055
4.7457404136657715
4.69397497177124
4.618642807006836
4.612131118774414
4.603300094604492
4.604246616363525
4.603947639465332
