no squeeze
515.855712890625
310.3367614746094
266.6202392578125
146.2948455810547
126.60704040527344
79.10990142822266
71.8660659790039
53.333763122558594
50.01350784301758
39.82888412475586
37.6954345703125
30.75203514099121
29.258522033691406
24.298114776611328
23.20897102355957
19.565229415893555
18.76261329650879
16.068782806396484
15.468902587890625
13.462855339050293
13.011445999145508
11.503569602966309
11.16061782836914
9.984305381774902
9.721625328063965
8.820837020874023
8.615358352661133
7.906711101531982
7.742735862731934
7.15931510925293
7.026561260223389
6.5659260749816895
6.457038879394531
6.076524257659912
5.98920202255249
5.683874607086182
5.611214637756348
5.358834266662598
5.29931640625
5.077155113220215
5.0305938720703125
4.854557037353516
4.814925670623779
4.667103290557861
4.6337103843688965
4.516757011413574
4.4848222732543945
4.3838605880737305
4.358959674835205
4.272976398468018
4.2532172203063965
4.17690372467041
4.159061908721924
4.0969343185424805
4.080463409423828
4.0286664962768555
4.014793395996094
3.970424175262451
3.9637045860290527
3.914762020111084
3.9043428897857666
3.8697173595428467
3.8596060276031494
3.8279354572296143
3.818675994873047
3.787128448486328
3.7772445678710938
3.759493827819824
3.7527318000793457
3.7300972938537598
3.7298026084899902
3.7005410194396973
3.69313383102417
3.6808016300201416
3.6720521450042725
3.654702663421631
3.6511070728302
3.6375930309295654
3.6323583126068115
3.622732639312744
3.6167702674865723
3.6082332134246826
3.5994718074798584
3.588026285171509
3.587110757827759
3.576228141784668
3.572147846221924
3.5658700466156006
3.5626473426818848
3.552335262298584
3.552856922149658
3.543339729309082
3.544693946838379
3.5353901386260986
3.5350570678710938
3.529224395751953
3.5266647338867188
3.5222280025482178
3.5239007472991943
3.5189669132232666
3.518519401550293
3.512552261352539
3.5146102905273438
3.5088937282562256
3.5073916912078857
3.5060641765594482
3.4993226528167725
3.4999465942382812
3.5026605129241943
3.50264310836792
no squeeze
514.102783203125
323.2846374511719
281.3558349609375
162.20924377441406
142.43133544921875
94.60720825195312
87.3017349243164
68.35846710205078
64.77289581298828
53.16042709350586
50.521636962890625
41.46979904174805
39.40010452270508
32.2250862121582
30.599565505981445
25.037704467773438
23.754636764526367
19.496971130371094
18.56365394592285
15.451913833618164
14.76735782623291
12.494889259338379
11.99671745300293
10.359147071838379
9.998495101928711
8.80285930633545
8.544008255004883
7.662796497344971
7.4615583419799805
6.79571533203125
6.645956516265869
6.138476371765137
6.0251569747924805
5.627993106842041
5.539710998535156
5.229304313659668
5.1594743728637695
4.9236650466918945
4.862929344177246
4.6670966148376465
4.623525619506836
4.469529628753662
4.4298095703125
4.306706428527832
4.278642177581787
4.179035663604736
4.154757976531982
4.073851585388184
4.057304859161377
3.994157552719116
3.9813148975372314
3.928133487701416
3.9220221042633057
3.8836252689361572
3.8756234645843506
3.838418960571289
3.833354949951172
3.807046413421631
3.800652027130127
3.7798988819122314
3.773622989654541
3.75461483001709
3.7528555393218994
3.7365305423736572
3.734499454498291
3.7207260131835938
3.718514919281006
3.705641746520996
3.700685977935791
3.6936256885528564
3.692187786102295
3.680081367492676
3.6773838996887207
3.673710346221924
3.6706387996673584
3.6610119342803955
3.6598269939422607
3.6566226482391357
3.653127670288086
3.6451821327209473
3.6450817584991455
3.6412699222564697
3.6398003101348877
3.6375300884246826
3.6357533931732178
3.6279776096343994
3.6269102096557617
3.6251728534698486
3.6252076625823975
3.621034622192383
3.622755289077759
3.618684768676758
3.614795207977295
3.60762882232666
3.611616611480713
3.60540771484375
3.6069843769073486
3.6011064052581787
3.603085517883301
3.6004409790039062
3.600355625152588
3.594224452972412
3.5972530841827393
3.5935962200164795
3.5878331661224365
3.5856964588165283
3.588766574859619
3.585625171661377
3.5844194889068604
3.5814406871795654
3.582784652709961
3.5822370052337646
no squeeze
520.542724609375
422.79852294921875
394.3930358886719
280.78106689453125
253.43310546875
167.76246643066406
151.36279296875
106.359130859375
98.20133209228516
74.6433334350586
70.0517349243164
55.63536071777344
52.662391662597656
42.98518371582031
40.86297607421875
33.81916046142578
32.273956298828125
27.009382247924805
25.821340560913086
21.778093338012695
20.86145782470703
17.714096069335938
17.005220413208008
14.587179183959961
14.02790641784668
12.143560409545898
11.71038818359375
10.242913246154785
9.917572021484375
8.78091049194336
8.523357391357422
7.644105434417725
7.442507266998291
6.759110927581787
6.596162796020508
6.0481390953063965
5.922013282775879
5.493319988250732
5.390934944152832
5.043520927429199
4.960534572601318
4.6808695793151855
4.616312026977539
4.3910675048828125
4.3377556800842285
4.159134864807129
4.111601829528809
3.9588701725006104
3.9238884449005127
3.80515193939209
3.775951862335205
3.6711456775665283
3.6466691493988037
3.5657272338867188
3.545546054840088
3.473060131072998
3.4561808109283447
3.4016196727752686
3.3870999813079834
3.338688373565674
3.3258001804351807
3.286255121231079
3.2745158672332764
3.2387466430664062
3.230468273162842
3.199859619140625
3.1936733722686768
3.1677427291870117
3.160881757736206
3.1385481357574463
3.133721351623535
3.1158924102783203
3.112372398376465
3.0909171104431152
3.0875978469848633
3.0725369453430176
3.0683231353759766
3.056476593017578
3.0530521869659424
3.040038585662842
3.037036180496216
3.0264947414398193
3.0258522033691406
3.014315366744995
3.0145742893218994
3.0044667720794678
3.002779006958008
2.993340015411377
2.993234872817993
2.9877593517303467
2.9856414794921875
2.97756028175354
2.9786534309387207
2.973522901535034
2.970322370529175
2.9652466773986816
2.9660391807556152
2.9619271755218506
2.959516763687134
2.9559669494628906
2.953885316848755
2.950576066970825
2.9484128952026367
2.9469234943389893
2.9471652507781982
2.9413766860961914
2.9421920776367188
2.9386000633239746
2.938477039337158
2.940765142440796
2.9359140396118164
2.9341092109680176
2.935041904449463
2.933631420135498
2.9328901767730713
2.9320688247680664
2.9302268028259277
2.9360263347625732
2.9301505088806152
2.9292895793914795
2.92537260055542
2.925959348678589
2.9247519969940186
2.92385196685791
2.9233169555664062
2.9239747524261475
2.920116662979126
2.9202382564544678
2.9200990200042725
2.91812801361084
2.9179296493530273
2.9158852100372314
2.9162039756774902
2.9213156700134277
no squeeze
519.3189086914062
456.37615966796875
434.64215087890625
330.3833312988281
301.56927490234375
207.43743896484375
189.8573760986328
142.81153869628906
134.72665405273438
112.04582214355469
107.55003356933594
93.1495361328125
89.9937973022461
79.2388916015625
76.77427673339844
68.2475814819336
66.2797622680664
59.413814544677734
57.8240966796875
52.28651809692383
51.019927978515625
46.52954864501953
45.50255584716797
41.90793228149414
41.08551025390625
38.206703186035156
37.5416374206543
35.304771423339844
34.74559020996094
32.89616012573242
32.494075775146484
30.996774673461914
30.66179847717285
29.519350051879883
29.25429916381836
28.273469924926758
28.102333068847656
27.286569595336914
27.12666130065918
26.47161865234375
26.30447006225586
25.811729431152344
25.66526985168457
25.21721649169922
25.076663970947266
24.684680938720703
24.557804107666016
24.176959991455078
24.07422637939453
23.73015022277832
23.778120040893555
23.355487823486328
23.340532302856445
22.87274742126465
22.78485679626465
22.464353561401367
22.377044677734375
22.03448486328125
21.937047958374023
21.598857879638672
21.485111236572266
21.14992904663086
20.98489761352539
20.592594146728516
20.442493438720703
20.031171798706055
19.913433074951172
19.37523651123047
19.230934143066406
18.793371200561523
18.56243133544922
17.972923278808594
17.855642318725586
17.207237243652344
17.044097900390625
16.32622718811035
16.15810775756836
15.422964096069336
15.231572151184082
14.482706069946289
14.295462608337402
13.468807220458984
13.26917839050293
12.474347114562988
12.293766975402832
11.498873710632324
11.324854850769043
10.568364143371582
10.328042984008789
9.580119132995605
9.381690979003906
8.701151847839355
8.526369094848633
7.8978729248046875
7.749805927276611
7.209089756011963
7.091490745544434
6.610800266265869
6.485904693603516
6.06637716293335
5.970346450805664
5.6262054443359375
5.5426716804504395
5.263300895690918
5.191163539886475
4.963069915771484
4.909074306488037
4.7007012367248535
4.657344818115234
4.496307373046875
4.453189373016357
4.3165974617004395
4.287633419036865
4.176535606384277
4.144012451171875
4.0522661209106445
4.022642612457275
3.9423704147338867
3.9274322986602783
3.848705768585205
3.8339879512786865
3.777939796447754
3.7643630504608154
3.7074363231658936
3.7028791904449463
3.6548240184783936
3.6393120288848877
3.6046793460845947
3.600599765777588
3.5556118488311768
3.5519845485687256
3.5364506244659424
3.520486354827881
3.488117218017578
3.4821255207061768
3.4667000770568848
3.4591362476348877
3.442716121673584
3.438784599304199
3.4167139530181885
3.4205162525177
3.406008720397949
3.4081227779388428
3.390988349914551
3.3874166011810303
3.3835370540618896
3.371953010559082
3.3616385459899902
3.359440803527832
3.3518528938293457
3.348851203918457
3.3387720584869385
3.3591501712799072
3.349433422088623
no squeeze
521.0863037109375
364.5782775878906
327.9924011230469
211.72970581054688
189.36439514160156
128.95181274414062
118.81548309326172
92.17847442626953
87.45416259765625
73.22853088378906
70.28765106201172
60.55546188354492
58.411048889160156
51.18302917480469
49.5484619140625
43.93086242675781
42.62324523925781
38.071693420410156
37.0031852722168
33.20985412597656
32.29997634887695
29.017562866210938
28.235570907592773
25.420997619628906
24.740694046020508
22.276674270629883
21.689620971679688
19.52610969543457
19.00848388671875
17.15773582458496
16.715232849121094
15.09191608428955
14.693990707397461
13.294745445251465
12.956640243530273
11.752542495727539
11.469132423400879
10.457610130310059
10.2163667678833
9.354452133178711
9.160759925842285
8.437329292297363
8.271489143371582
7.6685943603515625
7.5220537185668945
7.026592254638672
6.911541938781738
6.4934916496276855
6.4163031578063965
6.045426368713379
5.962506294250488
5.669112682342529
5.591198444366455
5.345034599304199
5.2809224128723145
5.0717058181762695
5.026461601257324
4.852082252502441
4.81805419921875
4.6679158210754395
4.635639667510986
4.513193607330322
4.479748249053955
4.375240802764893
4.355213642120361
4.269649982452393
4.248153209686279
4.174069881439209
4.155430793762207
4.100885391235352
4.088439464569092
4.034523010253906
4.024754047393799
3.988861083984375
3.978238105773926
3.9358890056610107
3.9305593967437744
3.8958170413970947
3.885495662689209
3.8576390743255615
3.8601386547088623
3.8369123935699463
3.828127384185791
3.805373430252075
3.8160784244537354
3.779510974884033
3.7779147624969482
3.7576029300689697
3.7590572834014893
3.7428958415985107
3.7457046508789062
3.7289445400238037
3.723720073699951
3.7224419116973877
3.7222111225128174
3.706580638885498
3.7044191360473633
3.692923069000244
3.6886565685272217
3.68412709236145
3.6790871620178223
3.6749050617218018
3.6699893474578857
3.6676814556121826
3.663670063018799
3.657414436340332
3.6604714393615723
3.6585545539855957
no squeeze
513.8056030273438
320.20550537109375
276.8735656738281
152.42601013183594
131.6615753173828
83.14171600341797
76.18699645996094
59.393775939941406
56.4891242980957
47.702064514160156
45.88222122192383
40.14862060546875
38.95059585571289
35.16635513305664
34.37445068359375
31.951372146606445
31.448955535888672
29.909534454345703
29.58587074279785
28.650203704833984
28.448591232299805
27.81474494934082
27.717185974121094
27.314294815063477
27.239961624145508
26.99703598022461
26.95199966430664
26.81166648864746
26.77626609802246
26.769392013549805
26.797039031982422
26.60696792602539
26.679227828979492
26.59476661682129
26.583011627197266
26.5643367767334
26.54120445251465
26.519817352294922
26.505277633666992
26.50032615661621
26.49968719482422
26.486759185791016
26.565387725830078
26.56390380859375
