no squeeze
15.408473014831543
2.177015542984009
1.6354752779006958
0.7414215207099915
0.6422170996665955
0.39858371019363403
0.3558408319950104
0.23965196311473846
0.21905308961868286
0.16298477351665497
0.15325476229190826
0.127742737531662
0.1231999322772026
0.11177392303943634
0.10941603034734726
0.10392472892999649
0.1030576229095459
0.1007021889090538
0.10021809488534927
0.09870956093072891
0.09857388585805893
0.09817025065422058
0.09804912656545639
0.09780316799879074
0.09815692156553268
0.0976465716958046
0.09771418571472168
0.09733739495277405
0.09753423184156418
0.09751808643341064
no squeeze
15.676651954650879
2.5976521968841553
2.1345643997192383
1.4660824537277222
1.4011274576187134
1.2545669078826904
1.2310539484024048
1.1715683937072754
1.1603490114212036
1.1342579126358032
1.1255946159362793
1.1071281433105469
1.1088615655899048
1.0954724550247192
1.0977028608322144
1.0923404693603516
1.0937891006469727
1.0873408317565918
1.0917730331420898
1.0886174440383911
no squeeze
15.542142868041992
2.5806257724761963
2.053410530090332
1.048095464706421
0.9146831631660461
0.5882148146629333
0.5324540734291077
0.376668781042099
0.3470126688480377
0.2579157054424286
0.24012644588947296
0.18600046634674072
0.17479179799556732
0.14083051681518555
0.13412848114967346
0.113568514585495
0.10949132591485977
0.09692483395338058
0.09418794512748718
0.08551404625177383
0.08404816687107086
0.07885461300611496
0.07770957797765732
0.07366402447223663
0.07272153347730637
0.06958606094121933
0.06887808442115784
0.06642348319292068
0.06588896363973618
0.06401706486940384
0.06358496844768524
0.06169046089053154
0.06135464459657669
0.06011750549077988
0.059701647609472275
0.05835079029202461
0.05818461254239082
0.056955017149448395
0.05661359429359436
0.05560127645730972
0.055410049855709076
0.05454281345009804
0.05428924039006233
0.05338004231452942
0.05326605960726738
0.05247819051146507
0.052395109087228775
0.051687322556972504
0.05158524587750435
0.05086146667599678
0.05081792175769806
0.05029827728867531
0.050083719193935394
0.0497119314968586
0.04954296723008156
0.04911244288086891
0.04889550432562828
0.04849209263920784
0.048469044268131256
0.04795604571700096
0.047913532704114914
0.04754115268588066
0.0474805012345314
0.04716906324028969
0.04702285677194595
0.04690369963645935
0.04679844528436661
0.04675840586423874
0.04655161872506142
0.0462433323264122
0.046362780034542084
0.04597942531108856
0.045936789363622665
0.04587704315781593
0.04575565457344055
0.04575343802571297
0.045604441314935684
0.04541541635990143
0.04540976136922836
0.045382462441921234
0.04520246759057045
0.04522755742073059
0.04512663558125496
0.04501527175307274
0.04491777345538139
0.044858790934085846
0.04494386911392212
0.04485626146197319
0.044839177280664444
0.04472265765070915
0.04464548081159592
0.044753339141607285
0.04453909769654274
0.044607941061258316
0.04459919407963753
0.044486213475465775
0.04456893727183342
0.04442885145545006
0.044402383267879486
0.044462211430072784
0.04428199306130409
0.04446638375520706
0.04434027150273323
0.044408366084098816
no squeeze
16.631492614746094
9.387500762939453
8.23361873626709
5.398946762084961
4.954226970672607
3.8327324390411377
3.6417157649993896
3.1065587997436523
3.0028998851776123
2.6857035160064697
2.620609998703003
2.408519744873047
2.3635952472686768
2.2110278606414795
2.1758761405944824
2.061720132827759
2.0346710681915283
1.9448697566986084
1.9227821826934814
1.8498212099075317
1.8324270248413086
1.7721117734909058
1.7597746849060059
1.7093216180801392
1.7000534534454346
1.6567637920379639
1.644694447517395
1.6104975938796997
1.6008762121200562
1.5662920475006104
1.5613957643508911
1.5299155712127686
1.5232875347137451
1.494078278541565
1.4886434078216553
1.4639699459075928
1.4569846391677856
1.4341973066329956
1.4295439720153809
1.4080146551132202
1.4006859064102173
1.3805001974105835
1.3739606142044067
1.353987216949463
1.3496673107147217
1.33254873752594
1.3261405229568481
1.3054128885269165
1.3020799160003662
1.284827709197998
1.2810789346694946
1.2636845111846924
1.2591900825500488
1.244718313217163
1.2415802478790283
1.2266377210617065
1.223985195159912
1.2085323333740234
1.2035648822784424
1.1880909204483032
1.1878334283828735
1.1733598709106445
1.1729347705841064
1.162078857421875
1.1579457521438599
1.1481281518936157
1.1464478969573975
1.1336807012557983
1.1334102153778076
1.124626874923706
1.1206417083740234
1.112937569618225
1.1107691526412964
1.1038063764572144
1.1011772155761719
1.0955322980880737
1.0960688591003418
1.088036060333252
1.0913487672805786
1.0817011594772339
1.0814974308013916
1.075761318206787
1.0756568908691406
1.0711162090301514
1.0688732862472534
1.065144419670105
1.0649513006210327
1.064017653465271
1.060384750366211
1.0592319965362549
1.0577845573425293
1.0550830364227295
1.0571765899658203
1.0502032041549683
1.0486321449279785
1.0473185777664185
1.0471065044403076
1.0446714162826538
1.0445061922073364
1.041077733039856
1.0401356220245361
1.0383644104003906
1.0371840000152588
1.0378849506378174
1.034262776374817
1.0325125455856323
1.0310401916503906
1.0297719240188599
1.0264596939086914
1.027008056640625
1.024401307106018
1.0220463275909424
1.0239336490631104
1.0192774534225464
1.0207350254058838
1.0192501544952393
1.0165636539459229
1.0161638259887695
1.017259955406189
1.011802077293396
1.0123666524887085
1.0113893747329712
1.0100916624069214
1.0079319477081299
1.0109472274780273
1.0093369483947754
no squeeze
15.87019157409668
3.9255189895629883
3.376211166381836
2.371497392654419
2.2334423065185547
1.880427360534668
1.8181735277175903
1.6379889249801636
1.6045751571655273
1.500105381011963
1.4798353910446167
1.416784405708313
1.4032539129257202
1.3604968786239624
1.3502663373947144
1.3171699047088623
1.3131111860275269
1.2832372188568115
1.278190016746521
1.256611704826355
1.2533833980560303
1.2428034543991089
1.2342305183410645
1.218898892402649
1.214828610420227
1.203621745109558
1.200538158416748
1.1914712190628052
1.1870899200439453
1.1795713901519775
1.1785310506820679
1.1719638109207153
1.1682616472244263
1.162518858909607
1.1616742610931396
1.1546227931976318
1.1544151306152344
1.1479157209396362
1.1481719017028809
1.1438342332839966
1.1426749229431152
1.1404929161071777
1.1395195722579956
1.1360267400741577
1.1348563432693481
1.1321364641189575
1.1312265396118164
1.1294946670532227
1.1308159828186035
1.126630425453186
1.1265112161636353
1.1269375085830688
1.1256190538406372
1.123164176940918
1.123278021812439
1.1270874738693237
no squeeze
15.195841789245605
2.633723020553589
2.503321409225464
2.36476993560791
2.3616721630096436
2.3543741703033447
2.3543365001678467
2.352367639541626
2.3532135486602783
2.352259635925293
2.3584179878234863
2.3556504249572754
