no squeeze
3.3004331588745117
1.0390574932098389
0.5208741426467896
0.29742828011512756
0.16245105862617493
0.12591519951820374
0.10911965370178223
0.08377639204263687
0.07923956960439682
0.05451764166355133
0.06467486917972565
0.04782659187912941
0.031568996608257294
0.04222172126173973
0.035124994814395905
0.0379331037402153
0.01979435794055462
0.04584008455276489
0.03284233808517456
0.011831634677946568
0.021563919261097908
0.016987549141049385
0.03230031207203865
0.014403878711163998
0.02175120636820793
0.021483052521944046
0.01186829898506403
0.01728229597210884
0.012315484695136547
0.011503654532134533
0.015091931447386742
0.014514009468257427
0.01815902069211006
0.022252362221479416
0.010724414139986038
0.009077079594135284
0.013450762256979942
0.012676134705543518
0.024011075496673584
0.028570646420121193
0.013182319700717926
0.017504047602415085
0.01399494893848896
0.009577513672411442
0.009235484525561333
0.01845557615160942
no squeeze
5.087779521942139
1.4104655981063843
0.7979581952095032
0.5110262632369995
0.42527443170547485
0.34696945548057556
0.28686442971229553
0.2780119776725769
0.2452584058046341
0.21389295160770416
0.20461174845695496
0.19124820828437805
0.18325896561145782
0.22232553362846375
0.16582505404949188
0.18474015593528748
0.17765022814273834
0.20431604981422424
0.2135002762079239
0.21756717562675476
0.16098889708518982
0.14414149522781372
0.17838679254055023
0.18779046833515167
0.14622493088245392
0.15320657193660736
0.1282239705324173
0.15721842646598816
0.18410885334014893
0.14727172255516052
0.16032694280147552
0.21505337953567505
0.13806428015232086
0.10723797976970673
0.142391175031662
0.12757691740989685
0.14423280954360962
0.14546912908554077
0.11795079708099365
0.1260274201631546
0.11335552483797073
0.10639848560094833
0.11114833503961563
0.12645098567008972
0.09714671969413757
0.14612115919589996
0.12289811670780182
0.10779348760843277
0.12258024513721466
0.1386059820652008
0.10058753937482834
0.15273083746433258
0.15205852687358856
0.129842147231102
0.12723904848098755
no squeeze
3.966379165649414
1.5581156015396118
1.1265066862106323
0.7670782208442688
0.7068437337875366
0.49351343512535095
0.42919299006462097
0.3457237780094147
0.3318938612937927
0.2938597500324249
0.3101239502429962
0.4274978041648865
0.27101871371269226
0.3021150529384613
0.5425252318382263
0.2450982630252838
0.1772497594356537
0.2366374433040619
0.1857321411371231
0.24221408367156982
0.3229800760746002
0.3382968306541443
0.24965323507785797
0.14710690081119537
0.22557897865772247
0.12700502574443817
0.11317884922027588
0.0784386694431305
0.10455229133367538
0.13584990799427032
0.10082045197486877
0.09435784816741943
0.07317456603050232
0.07420258224010468
0.08517003059387207
0.054466575384140015
0.1582941710948944
0.07672004401683807
0.09715289622545242
0.09912951290607452
0.14044833183288574
0.14273129403591156
0.08284682780504227
0.08546315878629684
0.21797393262386322
0.06671866774559021
no squeeze
4.70182466506958
2.006037473678589
1.5886796712875366
1.321205735206604
1.1138955354690552
0.9706229567527771
0.8469208478927612
0.7597464919090271
0.6682834625244141
0.630280077457428
0.5670642852783203
0.5346643328666687
0.5142210125923157
0.498526394367218
0.4707197844982147
0.44900140166282654
0.4012967348098755
0.37051457166671753
0.3632703721523285
0.35613375902175903
0.32403364777565
0.33940181136131287
0.33074796199798584
0.3054332137107849
0.3058009445667267
0.31398525834083557
0.2682344615459442
0.2670426368713379
0.27756550908088684
0.2720155119895935
0.2523980438709259
0.23407071828842163
0.24983324110507965
0.22527499496936798
0.23687806725502014
0.2591703236103058
0.24405142664909363
0.2650332450866699
0.2382291853427887
0.20753495395183563
0.2050141841173172
0.18426720798015594
0.21660254895687103
0.20920585095882416
0.20641477406024933
0.19654269516468048
0.19654923677444458
0.17921674251556396
0.18919852375984192
0.1823911964893341
0.18588531017303467
0.16365960240364075
0.1548485904932022
0.17746561765670776
0.1506110280752182
0.14899374544620514
0.1613922268152237
0.1618751436471939
0.153446763753891
0.15289369225502014
0.154342919588089
0.13482069969177246
0.14196178317070007
0.14323090016841888
0.13164158165454865
0.14019612967967987
0.13374051451683044
0.12991638481616974
0.123501718044281
0.12630268931388855
0.13354907929897308
0.1455618441104889
0.12086965888738632
0.12559401988983154
0.12150098383426666
0.11441731452941895
0.10814587771892548
0.11687316000461578
0.12657922506332397
0.1179300919175148
0.12355200946331024
0.11823412775993347
0.12447347491979599
0.11750645935535431
0.10724858194589615
0.10462495684623718
0.10969626158475876
0.103824682533741
0.10724952071905136
0.10082174837589264
0.1094655767083168
0.10003267973661423
0.0985364019870758
0.10279446840286255
0.10841160267591476
0.10448005050420761
0.10133937001228333
0.09847274422645569
0.10082303732633591
0.08692097663879395
0.09673359990119934
0.0924442932009697
0.08552828431129456
0.09138476103544235
0.09555595368146896
0.08646431565284729
0.09109583497047424
0.08816361427307129
0.10200263559818268
0.10078959912061691
0.10720042139291763
0.10105008631944656
0.08739951252937317
no squeeze
4.7097907066345215
1.6626359224319458
1.1245719194412231
0.8782179355621338
0.7006573677062988
0.6126292943954468
0.5137470364570618
0.4822634756565094
0.4081096053123474
0.40321794152259827
0.3618880808353424
0.3224114775657654
0.315926730632782
0.3028363287448883
0.280828595161438
0.26172924041748047
0.24010464549064636
0.23013867437839508
0.21159018576145172
0.22947615385055542
0.2121945470571518
0.20450910925865173
0.21631743013858795
0.20682471990585327
0.1885170340538025
0.18254409730434418
0.17423363029956818
0.1634359061717987
0.20159229636192322
0.17230506241321564
0.15223056077957153
0.14836160838603973
0.14184214174747467
0.1415937840938568
0.149993434548378
0.13557687401771545
0.14334747195243835
0.14816462993621826
0.15150609612464905
0.13123537600040436
0.1276022493839264
0.14151445031166077
0.12773817777633667
0.11137315630912781
0.1218981072306633
0.12850970029830933
0.12469945847988129
0.12880511581897736
0.12840186059474945
0.11108352243900299
0.09900905936956406
0.1181790754199028
0.11784902960062027
0.10458418726921082
0.10723746567964554
0.1064317375421524
0.10124251991510391
0.1162213534116745
0.11685837060213089
0.10066358745098114
0.11439739912748337
no squeeze
2.1404690742492676
0.7240712642669678
0.40130969882011414
0.49310192465782166
0.46429869532585144
0.3587937355041504
0.49550575017929077
0.2946663498878479
0.3239628076553345
0.29644638299942017
0.31003767251968384
0.2414618879556656
0.3157972991466522
0.2836175560951233
0.24477621912956238
0.29444876313209534
0.3727622628211975
0.34356385469436646
0.2139233499765396
0.3443257808685303
0.35515403747558594
0.3384552299976349
0.3869129419326782
0.20569057762622833
0.21629486978054047
0.22090840339660645
0.286448210477829
0.20389068126678467
0.3973439335823059
0.2086724191904068
0.2825613021850586
0.2311200499534607
0.21402589976787567
0.5787268877029419
0.2771265208721161
0.25896093249320984
0.234514057636261
0.19243310391902924
0.17836560308933258
0.31299537420272827
0.3015150725841522
0.45309358835220337
0.20063389837741852
0.3431810438632965
0.21857279539108276
0.2748209536075592
0.21712157130241394
0.14106538891792297
0.2869682013988495
0.35730212926864624
0.2554391026496887
0.3372434675693512
0.1585453748703003
0.1356240063905716
0.32764941453933716
0.22495755553245544
0.15208879113197327
0.19292977452278137
0.16528429090976715
0.30687442421913147
0.25986286997795105
0.15274952352046967
0.24369977414608002
0.14727483689785004
