no squeeze
4.379581451416016
0.870651364326477
0.5133965015411377
0.3730854094028473
0.28088608384132385
0.24739159643650055
0.29563969373703003
0.2663569450378418
0.17259907722473145
0.1676895022392273
0.20925801992416382
0.18704484403133392
0.21192072331905365
0.21583175659179688
0.22056052088737488
0.1837892383337021
0.18447645008563995
0.1541181355714798
0.18284320831298828
0.23235073685646057
0.2222488969564438
0.1744813621044159
0.19590026140213013
0.22145816683769226
0.162723109126091
0.16549594700336456
0.15089772641658783
0.1695084422826767
0.1804267168045044
0.16416996717453003
0.20396919548511505
0.14323972165584564
0.1695593297481537
0.15677529573440552
0.13290874660015106
0.1437421292066574
0.17622794210910797
0.13910947740077972
0.15384386479854584
0.17309969663619995
0.11738233268260956
0.13227912783622742
0.1753375232219696
0.14806053042411804
0.1757686287164688
0.15632443130016327
0.1506221741437912
0.1955525279045105
0.14130030572414398
0.1366194784641266
0.1469016969203949
no squeeze
3.490118980407715
0.9690744876861572
0.49642324447631836
0.3471510410308838
0.31387823820114136
0.254226952791214
0.2731737792491913
0.30347391963005066
0.221952885389328
0.2132459431886673
0.26021283864974976
0.22379153966903687
0.23216749727725983
0.2000967413187027
0.21822264790534973
0.20135216414928436
0.20350906252861023
0.2182249128818512
0.14911526441574097
0.1770777702331543
0.20236898958683014
0.18739938735961914
0.19526423513889313
0.15301886200904846
0.19827881455421448
0.2421218305826187
0.1736343502998352
0.17148040235042572
0.2003469169139862
no squeeze
4.4256978034973145
1.5825482606887817
0.9575877785682678
0.7772884368896484
0.8205245137214661
0.5200898051261902
0.5271384119987488
0.5134294033050537
0.43978697061538696
0.40106773376464844
0.4453967213630676
0.35112297534942627
0.42945295572280884
0.4191102981567383
0.6113051772117615
0.4384324252605438
0.48570993542671204
0.39515331387519836
0.46503016352653503
0.37973079085350037
0.34440016746520996
0.41819530725479126
0.4749576151371002
0.37855422496795654
0.4988398253917694
0.5663535594940186
0.43472298979759216
0.5482161045074463
0.41804468631744385
0.36574435234069824
0.4507741630077362
no squeeze
4.362983226776123
1.4992961883544922
1.0404688119888306
0.8258344531059265
0.6397527456283569
0.5458765625953674
0.47653600573539734
0.42208781838417053
0.3900827467441559
0.35011884570121765
0.3336713910102844
0.3176938593387604
0.28668591380119324
0.273072749376297
0.2746483087539673
0.25860175490379333
0.24742096662521362
0.2468559443950653
0.2292996495962143
0.2292427271604538
0.23105475306510925
0.2607443034648895
0.22985395789146423
0.221432626247406
0.2197807878255844
0.22832198441028595
0.2099936306476593
0.1890944391489029
0.1714683324098587
0.19080297648906708
0.19986310601234436
0.18308275938034058
0.20380133390426636
0.20610004663467407
0.17879536747932434
0.17881110310554504
0.1730964630842209
0.1679200679063797
0.18062147498130798
0.16684402525424957
0.20101119577884674
0.20209413766860962
0.16466139256954193
0.1570102572441101
0.17985272407531738
0.15382087230682373
0.17767520248889923
0.16569873690605164
0.16631123423576355
0.1471952348947525
0.15847738087177277
0.16515806317329407
0.1612177938222885
0.1547548621892929
0.1468537449836731
0.14218370616436005
0.14339452981948853
0.13385534286499023
0.1368672400712967
0.1585848480463028
0.1344069391489029
0.15297435224056244
0.13432477414608002
0.14928202331066132
0.14213815331459045
0.15376721322536469
0.13963672518730164
0.1349775493144989
no squeeze
4.482483386993408
1.2526715993881226
0.8134362697601318
0.5983096957206726
0.5345587730407715
0.4282214641571045
0.36262768507003784
0.3533668518066406
0.34476274251937866
0.2934267818927765
0.2857939600944519
0.26018500328063965
0.2516753077507019
0.32040807604789734
0.23998087644577026
0.22020137310028076
0.22682365775108337
0.2191738337278366
0.2082667201757431
0.21973225474357605
0.24353039264678955
0.22927366197109222
0.22165612876415253
0.21780724823474884
0.1958431452512741
0.22442428767681122
0.20642438530921936
0.1834382265806198
0.20411215722560883
0.18369822204113007
0.1856035441160202
0.1766921579837799
0.17710264027118683
0.1734081357717514
0.1903437376022339
0.20541279017925262
0.1492277830839157
0.15369634330272675
0.16386927664279938
0.15009725093841553
0.1491270810365677
0.13803522288799286
0.13083718717098236
0.1470351666212082
0.14212076365947723
0.14946164190769196
0.14797113835811615
0.1448386013507843
0.1438276171684265
0.16108573973178864
0.18183206021785736
0.1337922364473343
0.16220708191394806
no squeeze
3.7472927570343018
0.8148818612098694
0.4788794219493866
0.2895303964614868
0.3083290457725525
0.2710915803909302
0.39645591378211975
0.23913446068763733
0.20257112383842468
0.2805572748184204
0.29832085967063904
0.27083906531333923
0.45347243547439575
0.3636833727359772
0.1948283165693283
0.2432551383972168
0.11840067058801651
0.43557611107826233
0.4177033007144928
0.23428015410900116
0.1857297122478485
0.21129293739795685
0.5307958722114563
0.19864283502101898
0.32143229246139526
0.27969664335250854
0.14713388681411743
