no squeeze
8.466851234436035
2.875924587249756
1.6917710304260254
1.0297760963439941
0.6678891777992249
0.47975990176200867
0.4124239385128021
0.3011353611946106
0.2301231026649475
0.18774494528770447
0.17386415600776672
0.16751374304294586
0.1700943112373352
0.12968656420707703
0.10619837045669556
0.11399282515048981
0.10267684608697891
0.1244126707315445
0.07668254524469376
0.0900404080748558
0.09264767915010452
0.09611465781927109
0.07724002003669739
0.061839357018470764
0.07511335611343384
0.0803675651550293
0.06091989949345589
0.08201931416988373
0.09954258799552917
0.07246582210063934
0.05369669571518898
0.06760383397340775
0.05860942229628563
0.06172720715403557
0.06480380147695541
0.04293273761868477
0.07202371954917908
0.06430722028017044
0.05249404162168503
0.048736322671175
0.0347844697535038
0.04691942781209946
0.05436668172478676
0.03565661236643791
0.05600181221961975
0.07565836608409882
0.06512829661369324
0.06220752373337746
0.0580466203391552
0.0591389499604702
0.030317312106490135
0.055771902203559875
0.03708517551422119
0.037421293556690216
0.037752214819192886
0.05294330418109894
0.05347512662410736
0.055700235068798065
0.042805809527635574
0.03699950501322746
0.07661852985620499
no squeeze
7.669468402862549
2.5579147338867188
1.3295621871948242
0.8079875707626343
0.5225725769996643
0.34763485193252563
0.24503588676452637
0.1770765483379364
0.1554298847913742
0.10097569227218628
0.08987227082252502
0.0793788731098175
0.0786174088716507
0.05008979141712189
0.054903000593185425
0.041342031210660934
0.038438260555267334
0.04478614404797554
0.028593478724360466
0.027867523953318596
0.022271770983934402
0.01784888654947281
0.018306536599993706
0.016472311690449715
0.03545982018113136
0.023274175822734833
0.02505403384566307
0.013413454405963421
0.016722844913601875
0.02035081386566162
0.013391176238656044
0.015664493665099144
0.013870181515812874
0.016323326155543327
0.01930391974747181
0.013335042633116245
0.013957085087895393
0.01389345247298479
0.02673926018178463
0.015256966464221478
0.020707199349999428
0.013961120508611202
0.008476031012833118
0.02470303885638714
0.02239961363375187
0.013071236200630665
0.010803154669702053
0.010184796527028084
0.01913287490606308
0.011432575061917305
0.01881563663482666
0.034573785960674286
0.013151222839951515
no squeeze
5.994397163391113
2.604010581970215
1.895242691040039
1.3078229427337646
0.925553560256958
0.637923538684845
0.5612689256668091
0.5344648957252502
0.3391600251197815
0.24580413103103638
0.21601372957229614
0.18990248441696167
0.15764978528022766
0.14647312462329865
0.12004581093788147
0.11669960618019104
0.12249945104122162
0.258315771818161
0.1064186692237854
0.07235103100538254
0.06567719578742981
0.06489821523427963
0.05764157325029373
0.060257770121097565
0.056403134018182755
0.045612987130880356
0.04210115596652031
0.04761767014861107
0.1163460984826088
0.04520701244473457
0.03385523706674576
0.02743922546505928
0.03231476619839668
0.035114824771881104
0.08175773918628693
0.042379092425107956
0.026603465899825096
0.024462740868330002
0.023783816024661064
0.027260364964604378
0.022194795310497284
0.027885619550943375
0.028020508587360382
0.0669136568903923
0.051967836916446686
0.020620867609977722
0.02373705431818962
0.023097777739167213
0.0159818883985281
0.031489934772253036
0.013724925927817822
0.01337816659361124
0.016857553273439407
0.017877541482448578
0.015706118196249008
0.013416288420557976
0.013745476491749287
0.01490069180727005
0.014191141352057457
0.015567881986498833
0.019161095842719078
0.0169505812227726
no squeeze
7.29805850982666
3.4459564685821533
2.768779754638672
2.4390769004821777
2.115468740463257
1.8870211839675903
1.6711509227752686
1.5151176452636719
1.394203782081604
1.3964967727661133
1.1955506801605225
1.0877189636230469
1.0542463064193726
0.9549544453620911
0.889878511428833
0.8500126600265503
0.7861261963844299
0.7344440221786499
0.7365900278091431
0.6456127166748047
0.637030303478241
0.6259570121765137
0.6179745197296143
0.5522667765617371
0.5781528353691101
0.5054734349250793
0.4871397018432617
0.46963202953338623
0.4576791524887085
0.44176191091537476
0.3886600136756897
0.4322700500488281
0.3772852420806885
0.4055496156215668
0.36566051840782166
0.35835397243499756
0.3294662833213806
0.3291463255882263
0.35538244247436523
0.36288660764694214
0.30410030484199524
0.2904459536075592
0.29302531480789185
0.2755005955696106
0.3150985538959503
0.2508147954940796
0.2682839035987854
0.2515171766281128
0.2536921799182892
0.2474394142627716
0.23885861039161682
0.22504743933677673
0.23338867723941803
0.2505115866661072
0.24185851216316223
0.2361188679933548
0.21147383749485016
0.23062269389629364
0.18765653669834137
0.20306852459907532
0.27531614899635315
0.19553697109222412
0.2203318327665329
0.19666703045368195
0.20951955020427704
0.21178559958934784
0.19974787533283234
0.1861712485551834
0.17680571973323822
0.18227389454841614
0.18154992163181305
0.18748675286769867
0.20384161174297333
0.1748579889535904
0.16317810118198395
0.1702227145433426
0.18126702308654785
0.18038415908813477
0.1594650149345398
0.14355002343654633
0.14256615936756134
0.15820525586605072
0.15211474895477295
0.14229826629161835
0.15048404037952423
0.12943151593208313
0.1555747538805008
0.14080283045768738
0.14191828668117523
0.19812487065792084
0.13574697077274323
0.12852692604064941
0.15233644843101501
0.15662239491939545
0.12138213217258453
0.14594316482543945
0.13585513830184937
0.15403048694133759
0.13294155895709991
0.14147944748401642
0.12380442768335342
0.13423402607440948
0.12906372547149658
0.12436813861131668
0.15230315923690796
no squeeze
5.683720111846924
2.5281834602355957
1.7955421209335327
1.5371215343475342
1.1664378643035889
0.9687706232070923
0.848219633102417
0.7421895861625671
0.6653233170509338
0.5830652713775635
0.562944769859314
0.4982558786869049
0.4268167316913605
0.4552135765552521
0.3907822072505951
0.3440166413784027
0.3135629892349243
0.3147679567337036
0.29701900482177734
0.2838297188282013
0.259955495595932
0.241968035697937
0.2555237114429474
0.21062158048152924
0.22270314395427704
0.22443407773971558
0.20691511034965515
0.21876181662082672
0.17840580642223358
0.18738476932048798
0.16615664958953857
0.16956226527690887
0.1637677103281021
0.16281883418560028
0.18094798922538757
0.14833064377307892
0.1563657522201538
0.13772498071193695
0.12862208485603333
0.139605313539505
0.15200655162334442
0.14011183381080627
0.11136790364980698
0.10402604937553406
0.1263584941625595
0.12622994184494019
0.10745551437139511
0.11494611948728561
0.09926018118858337
0.12545113265514374
0.10877735912799835
0.1001444086432457
0.09184153378009796
0.09578152000904083
0.09805845469236374
0.08491859585046768
0.10174833983182907
0.14080718159675598
0.1179451122879982
0.10380833595991135
0.10357829183340073
0.08719947189092636
0.07856099307537079
0.08408129960298538
0.09456071257591248
0.07643098384141922
0.08120717108249664
0.08983013033866882
0.08311791718006134
0.08527731895446777
0.08902844041585922
0.100298672914505
0.09226195514202118
0.0689353197813034
0.08892463892698288
0.06292962282896042
0.07371288537979126
0.06871604174375534
0.0785149410367012
0.1044173389673233
0.0712055116891861
0.0772952288389206
0.06477158516645432
0.06499068439006805
0.07246816158294678
0.08699319511651993
no squeeze
5.770794868469238
2.758802652359009
1.7516311407089233
1.3685383796691895
1.6971229314804077
0.8341132998466492
0.9767881035804749
1.3940147161483765
0.8056409955024719
2.1144790649414062
0.967298150062561
0.7630698084831238
1.3291358947753906
1.7933591604232788
0.6722165942192078
0.5369454622268677
0.7269352674484253
0.6843160390853882
0.6398278474807739
0.6543677449226379
0.5764548778533936
0.7820849418640137
0.5107762813568115
1.6603996753692627
0.7355865836143494
0.7573938965797424
0.5457829833030701
1.3509734869003296
0.7982650995254517
0.5253621935844421
1.3747743368148804
1.3451955318450928
0.8798950910568237
