no squeeze
2.1075937747955322
0.10438737273216248
0.06986919790506363
0.028282521292567253
0.024716895073652267
0.017643721774220467
0.016815928742289543
0.014435738325119019
0.014041599817574024
0.013019096106290817
0.012782354839146137
0.012226033955812454
0.012068688869476318
0.011814531870186329
0.01170061994343996
0.011534974910318851
0.011492603458464146
0.011377188377082348
0.011407524347305298
0.01133305300027132
0.011352959088981152
0.011249292641878128
0.011397185735404491
0.011294955387711525
no squeeze
2.2119410037994385
0.19114640355110168
0.1625160425901413
0.1291210949420929
0.12767229974269867
0.12441515922546387
0.12369561940431595
0.12400603294372559
0.12379644066095352
0.1236313134431839
0.12438009679317474
0.12324598431587219
0.12433139979839325
0.12362351268529892
no squeeze
2.203141927719116
0.19600960612297058
0.1387593150138855
0.05763067677617073
0.04921700805425644
0.030837997794151306
0.02807021141052246
0.02102145366370678
0.019779497757554054
0.01619485765695572
0.01542759221047163
0.013163764961063862
0.01266198605298996
0.011024429462850094
0.010671167634427547
0.009458114393055439
0.009176507592201233
0.00835126917809248
0.00812961719930172
0.007504058536142111
0.007390582002699375
0.006835562642663717
0.006746889092028141
0.006422861944884062
0.00632114801555872
0.006035717204213142
0.005944299511611462
0.0057070087641477585
0.005653368774801493
0.0054855747148394585
0.005440636072307825
0.005293527152389288
0.005272914655506611
0.005152789410203695
0.005110372789204121
0.005033669527620077
0.004986030515283346
0.004910003859549761
0.0048988694325089455
0.004814643878489733
0.004791412502527237
0.004741379525512457
0.0047379834577441216
0.004672425799071789
0.00465724291279912
0.00460541108623147
0.004596588667482138
0.004566514398902655
0.004569618031382561
0.004525662399828434
0.004521389491856098
0.0044810594990849495
0.004482421558350325
0.004448570776730776
0.004446846898645163
0.004403145518153906
0.0044109392911195755
0.004385057836771011
0.004381281789392233
0.004372057970613241
0.004374587442725897
0.004346346482634544
0.004341168329119682
0.004335007630288601
0.004327699076384306
0.004301861394196749
0.004332813899964094
0.0043069301173090935
no squeeze
2.5003714561462402
0.527339518070221
0.4465855658054352
0.3315645456314087
0.3184272050857544
0.2854469120502472
0.2795022130012512
0.2611357569694519
0.25680696964263916
0.2435026466846466
0.24069449305534363
0.2300982028245926
0.22814421355724335
0.21945185959339142
0.21750673651695251
0.2105550318956375
0.20953376591205597
0.2033102810382843
0.20248104631900787
0.1976042538881302
0.19656038284301758
0.19285264611244202
0.1918930560350418
0.18895617127418518
0.18780797719955444
0.18475602567195892
0.1839383840560913
0.18168869614601135
0.18106213212013245
0.1789386123418808
0.17848561704158783
0.17607755959033966
0.17643938958644867
0.17320363223552704
0.17248450219631195
0.17037653923034668
0.16983021795749664
0.16743285953998566
0.16689610481262207
0.16539371013641357
0.16439926624298096
0.16141410171985626
0.1614164113998413
0.15931807458400726
0.15869420766830444
0.15461356937885284
0.1539173424243927
0.15117749571800232
0.1501808613538742
0.14735744893550873
0.14680029451847076
0.14374740421772003
0.14312945306301117
0.1412404328584671
0.1404305398464203
0.1378197968006134
0.13736437261104584
0.13584306836128235
0.13587550818920135
0.13442055881023407
0.13425718247890472
0.133732408285141
0.1332760900259018
0.13216125965118408
0.1318831592798233
0.13064391911029816
0.13132347166538239
0.1295895278453827
0.12996183335781097
0.12940824031829834
0.12922587990760803
0.12793992459774017
0.12777097523212433
0.1275636851787567
0.12738928198814392
0.12672992050647736
0.12637105584144592
0.12597543001174927
0.12590068578720093
0.125702902674675
0.12525367736816406
0.12430951744318008
0.1245657429099083
0.12434087693691254
no squeeze
2.5129635334014893
0.33220064640045166
0.27991536259651184
0.20386910438537598
0.1963559240102768
0.1772022545337677
0.17401273548603058
0.16429933905601501
0.16213785111904144
0.1549745351076126
0.15311822295188904
0.1478356271982193
0.1470237672328949
0.14298482239246368
0.14229954779148102
0.13938593864440918
0.13857710361480713
0.13690026104450226
0.13674123585224152
0.1357390135526657
0.13542741537094116
0.1343754678964615
0.13377389311790466
0.13233409821987152
0.13266772031784058
0.1317824125289917
0.13136602938175201
0.13110589981079102
0.13087525963783264
0.13157451152801514
0.13015036284923553
0.13013239204883575
0.1302284449338913
0.12962289154529572
0.12931597232818604
0.12874992191791534
0.129148468375206
0.12819162011146545
0.12902246415615082
0.1282704770565033
no squeeze
2.119997978210449
0.27313554286956787
0.25555872917175293
0.24350383877754211
0.24321047961711884
0.24442949891090393
0.24422687292099
0.24263818562030792
0.24277694523334503
0.2438843995332718
