no squeeze
41.054874420166016
8.051685333251953
6.6558732986450195
3.5730488300323486
3.1318893432617188
2.015756130218506
1.8263815641403198
1.303842544555664
1.207899808883667
0.9373795390129089
0.8859875202178955
0.7406543493270874
0.7146332263946533
0.6413668394088745
0.6283289194107056
0.5889166593551636
0.5819095969200134
0.561316967010498
0.556993305683136
0.5415830612182617
0.5377283096313477
0.5280376076698303
0.5255682468414307
0.5196416974067688
0.517493724822998
0.5096814036369324
0.5087325572967529
0.5053492784500122
0.5039605498313904
0.4994330108165741
0.4988670349121094
0.49599140882492065
0.4969088137149811
0.49335339665412903
0.49354448914527893
0.4936131536960602
no squeeze
38.89239501953125
7.1053876876831055
5.7597737312316895
3.5376603603363037
3.3203506469726562
2.899390697479248
2.845644235610962
2.7289469242095947
2.7119863033294678
2.6661977767944336
2.6566457748413086
2.6343941688537598
2.628967761993408
2.61403489112854
2.6135025024414062
2.593763589859009
2.5902838706970215
2.5805013179779053
2.578058958053589
2.5697882175445557
2.567781925201416
2.5595672130584717
2.5583431720733643
2.55619740486145
2.5553064346313477
2.554607629776001
2.5509488582611084
2.546954393386841
2.5463223457336426
2.5456063747406006
2.546851873397827
2.543532371520996
2.5445196628570557
2.5441601276397705
no squeeze
39.77971267700195
10.724801063537598
8.143610000610352
4.016033172607422
3.499685287475586
2.2326889038085938
2.016498565673828
1.4231771230697632
1.3118491172790527
0.9854848384857178
0.9203178286552429
0.7240795493125916
0.6833193898200989
0.5574914216995239
0.5307251811027527
0.4449460506439209
0.4268752336502075
0.36860352754592896
0.3558700680732727
0.3142430782318115
0.30492204427719116
0.27401357889175415
0.26740047335624695
0.24477316439151764
0.23993121087551117
0.22216187417507172
0.21808327734470367
0.2045321762561798
0.20129889249801636
0.19044660031795502
0.18781305849552155
0.17881518602371216
0.176622211933136
0.16948027908802032
0.16778814792633057
0.16161908209323883
0.16009239852428436
0.1552031934261322
0.15379583835601807
0.15004631876945496
0.1488603800535202
0.14495761692523956
0.14401094615459442
0.14095987379550934
0.14020158350467682
0.13734804093837738
0.1367776244878769
0.13461805880069733
0.13393914699554443
0.13226017355918884
0.13155344128608704
0.1297939270734787
0.12971162796020508
0.12793713808059692
0.12742815911769867
0.1263664811849594
0.12599335610866547
0.12469039112329483
0.1247355118393898
0.12389293313026428
0.12319581210613251
0.12272869795560837
0.12236252427101135
0.12160277366638184
0.12126196920871735
0.1206335797905922
0.12041439861059189
0.11979805678129196
0.11971597373485565
0.11909306794404984
0.11900994926691055
0.118367999792099
0.11864332854747772
0.11800290644168854
0.11792813241481781
0.11773271858692169
0.11750314384698868
0.11717969924211502
0.1173584833741188
0.11681351065635681
0.11676457524299622
0.11622733622789383
0.11642491072416306
0.11616364121437073
0.11606163531541824
0.11604131013154984
0.11540582776069641
0.1155833825469017
0.1154199168086052
0.11524681001901627
0.11544635146856308
0.11535390466451645
no squeeze
41.12322235107422
23.18173599243164
19.415239334106445
11.781960487365723
10.914443969726562
8.799742698669434
8.435107231140137
7.345970153808594
7.120988368988037
6.4049391746521
6.247635364532471
5.7326531410217285
5.622158527374268
5.2508225440979
5.1652631759643555
4.8859405517578125
4.82493257522583
4.623033046722412
4.57403039932251
4.412233352661133
4.375986576080322
4.251458168029785
4.2204999923706055
4.11991548538208
4.0937652587890625
4.009551525115967
3.9857490062713623
3.9111883640289307
3.890204906463623
3.832460880279541
3.810361862182617
3.7478597164154053
3.7303788661956787
3.6753532886505127
3.659919261932373
3.605024814605713
3.5898544788360596
3.542390823364258
3.5278337001800537
3.4778788089752197
3.4639744758605957
3.420340061187744
3.401681900024414
3.359985828399658
3.3424935340881348
3.2961618900299072
3.285226821899414
3.235628604888916
3.2222728729248047
3.18099045753479
3.1627309322357178
3.117246150970459
3.105577230453491
3.060610771179199
3.053454875946045
3.0052084922790527
2.991328239440918
2.9456570148468018
2.936732769012451
2.895141839981079
2.885770320892334
2.8424148559570312
2.8326199054718018
2.7917115688323975
2.7809078693389893
2.7413265705108643
2.7310564517974854
2.694169759750366
2.68845534324646
2.6513774394989014
2.645789384841919
2.6120481491088867
2.600717544555664
2.56954026222229
2.5613551139831543
2.533010482788086
2.528120994567871
2.5017948150634766
2.4933319091796875
2.4687716960906982
2.4614064693450928
2.4377048015594482
2.428725481033325
2.4123172760009766
2.4039957523345947
2.3843331336975098
2.380884885787964
2.362605094909668
2.3585517406463623
2.34291410446167
2.338510036468506
2.324084758758545
2.3205654621124268
2.3071208000183105
2.3057339191436768
2.293163537979126
2.287686347961426
2.2809407711029053
2.277831554412842
2.270561933517456
2.2648415565490723
2.2556891441345215
2.255499839782715
2.246697425842285
2.2444698810577393
2.236297369003296
2.2335526943206787
2.2306478023529053
2.2277255058288574
2.2213571071624756
2.221104860305786
2.210926055908203
2.2090392112731934
2.203449010848999
2.203756809234619
2.200850248336792
2.196695566177368
2.190826892852783
2.193373918533325
2.1918411254882812
no squeeze
40.26049041748047
16.466272354125977
13.319225311279297
8.019524574279785
7.421011924743652
5.891440391540527
5.6120429039001465
4.789643287658691
4.628838062286377
4.144770622253418
4.045859336853027
3.7413885593414307
3.6772654056549072
3.4799015522003174
3.4393310546875
3.3002333641052246
3.2671725749969482
3.169233798980713
3.142886161804199
3.0636913776397705
3.045468807220459
2.9818801879882812
2.967336654663086
2.9174046516418457
2.9098808765411377
2.8655765056610107
2.8564229011535645
2.8244006633758545
2.8189046382904053
2.786856174468994
2.7787580490112305
2.7573814392089844
2.747785806655884
2.7367165088653564
2.724545478820801
2.7093899250030518
2.7028603553771973
2.68563175201416
2.681211233139038
2.668269395828247
2.6634714603424072
2.652334690093994
2.6491191387176514
2.638495922088623
2.636690378189087
2.6262576580047607
2.6219053268432617
2.615229368209839
2.610609769821167
2.6041221618652344
2.6045444011688232
2.596116781234741
2.594228744506836
2.5848612785339355
2.5834848880767822
2.5782461166381836
2.5736100673675537
2.571180820465088
2.5705654621124268
2.5629358291625977
2.5616419315338135
2.560309886932373
2.555725574493408
2.548121690750122
2.5523476600646973
2.548130989074707
no squeeze
37.08594512939453
7.023508071899414
6.451199054718018
5.936227321624756
5.917527198791504
5.900896072387695
5.897247791290283
5.894690990447998
5.8955206871032715
5.8944244384765625
5.899862766265869
5.901808261871338
