no squeeze
2.0170421600341797
0.06332189589738846
0.032310787588357925
0.005042863078415394
0.003688804805278778
0.0018526152707636356
0.0016871658153831959
0.0013682221760973334
0.0013201633701100945
0.0012208817061036825
0.0012197919422760606
0.001150325988419354
0.0011527568567544222
0.001100342022255063
0.0010933621088042855
0.0010754120303317904
0.0010728718480095267
0.0010505045065656304
0.0010431250557303429
0.0010366477072238922
0.0010306190233677626
0.0010179803939536214
0.0010130534647032619
0.001001339522190392
0.001013030530884862
0.001004351768642664
no squeeze
1.2953828573226929
0.05490563064813614
0.034977808594703674
0.01459972932934761
0.013211656361818314
0.01060932595282793
0.010280580259859562
0.00974854826927185
0.00961894728243351
0.009482665918767452
0.009507760405540466
0.009421080350875854
0.00940446462482214
0.009403575211763382
0.009399075992405415
0.009465091861784458
0.009369642473757267
0.009360848926007748
0.009460367262363434
0.009475375525653362
no squeeze
1.7887755632400513
0.10363470762968063
0.06875356286764145
0.024986524134874344
0.020875509828329086
0.012186252512037754
0.01072869636118412
0.007047533057630062
0.006349504925310612
0.004601928871124983
0.004274237900972366
0.003405954223126173
0.003230035537853837
0.002627080073580146
0.002515758154913783
0.002199284266680479
0.0021259679924696684
0.0019128599669784307
0.0018651412101462483
0.001700923079624772
0.0016748697962611914
0.0015758477384224534
0.0015376496594399214
0.0014468824956566095
0.0014356626197695732
0.0013753067469224334
0.0013547369744628668
0.0013031658018007874
0.0012878489214926958
0.0012463218299672008
0.0012444030726328492
0.0012224250240251422
0.0012086378410458565
0.0011762595968320966
0.0011816906044259667
0.0011535712983459234
0.0011445642448961735
0.0011538725811988115
0.0011327811516821384
0.001116866827942431
0.0011181514710187912
0.00109487387817353
0.0010945964604616165
0.001077943597920239
0.0010799282463267446
0.001060553826391697
0.001072985352948308
0.0010673173237591982
no squeeze
2.1994898319244385
0.3261561393737793
0.2553969919681549
0.1517251431941986
0.13971324265003204
0.11027070134878159
0.10430239140987396
0.08736918866634369
0.08396023511886597
0.0717710331082344
0.06945816427469254
0.0605914480984211
0.058521512895822525
0.05158711224794388
0.05005590617656708
0.044643279165029526
0.04337574169039726
0.039140861481428146
0.038150280714035034
0.0346301794052124
0.03393430635333061
0.0312209315598011
0.03065430000424385
0.028610752895474434
0.028207506984472275
0.026753224432468414
0.02635287679731846
0.025275129824876785
0.02505425177514553
0.024143334478139877
0.02423686906695366
0.023519061505794525
0.023535026237368584
0.023098381236195564
0.022855374962091446
0.02291782572865486
0.023047981783747673
0.02239268086850643
0.022324105724692345
0.022300181910395622
0.022224366664886475
0.02190513350069523
0.02221152000129223
0.02172759734094143
0.02168186753988266
0.021601369604468346
0.021519526839256287
0.021264947950839996
0.021268708631396294
0.02131929248571396
no squeeze
1.9819284677505493
0.15844222903251648
0.11436948925256729
0.05440865457057953
0.04855078458786011
0.03563988581299782
0.03360209986567497
0.027812430635094643
0.02693290263414383
0.02322501130402088
0.022492991760373116
0.020109327509999275
0.01957404799759388
0.017859237268567085
0.017413312569260597
0.016130827367305756
0.015746230259537697
0.014521959237754345
0.01435933355242014
0.01338125392794609
0.013201487250626087
0.012537751346826553
0.01232902705669403
0.011774890124797821
0.011638694442808628
0.01121617667376995
0.011118019931018353
0.010806755162775517
0.010737587697803974
0.010492051020264626
0.01041613332927227
0.010210040025413036
0.010229491628706455
0.010046154260635376
0.010006031021475792
0.009880715049803257
0.009818309918045998
0.00980535987764597
0.009770217351615429
0.009694441221654415
0.00964217260479927
0.009576918557286263
0.009582329541444778
0.009585126303136349
no squeeze
2.7043967247009277
0.07385876774787903
0.048476848751306534
0.029434213414788246
0.0291251540184021
0.02889815904200077
0.028525568544864655
0.029158301651477814
0.02852657251060009
0.028427166864275932
0.02926117740571499
0.02873583510518074
