no squeeze
15.752433776855469
2.4350969791412354
2.047043800354004
1.4204522371292114
1.3556691408157349
1.1898901462554932
1.1586854457855225
1.0680806636810303
1.0523369312286377
1.0017094612121582
0.9912840723991394
0.968619704246521
0.9628267288208008
0.9549485445022583
0.9510438442230225
0.944791316986084
0.9444231390953064
0.9414072632789612
0.9424036145210266
0.9397298693656921
0.940794825553894
0.9422279596328735
no squeeze
16.701919555664062
3.750393867492676
2.661323308944702
0.9937054514884949
0.8315461277961731
0.5439035892486572
0.513145387172699
0.4453522264957428
0.4344673156738281
0.40470579266548157
0.39918994903564453
0.38236111402511597
0.37965574860572815
0.36698514223098755
0.36434853076934814
0.3555915653705597
0.3538881540298462
0.3486732840538025
0.34741467237472534
0.34379276633262634
0.3423198163509369
0.3396378457546234
0.3386073708534241
0.33697348833084106
0.33730655908584595
0.3351811468601227
0.33615753054618835
0.33527228236198425
no squeeze
16.535648345947266
3.774580478668213
2.6700148582458496
1.2372936010360718
1.0816826820373535
0.7284213900566101
0.6693093776702881
0.5014392733573914
0.4680463969707489
0.3604952096939087
0.3380052447319031
0.2629718482494354
0.24688071012496948
0.1946290135383606
0.1833687275648117
0.14733968675136566
0.13961680233478546
0.11574625223875046
0.11066929996013641
0.09455212950706482
0.09146527945995331
0.08120907098054886
0.07904061675071716
0.07249054312705994
0.0709412544965744
0.06588520109653473
0.0649631917476654
0.06166785582900047
0.06101752445101738
0.05845573917031288
0.057926394045352936
0.05603373423218727
0.055681511759757996
0.054222818464040756
0.05384306609630585
0.05277775600552559
0.052426233887672424
0.05151118338108063
0.05120038986206055
0.05046328902244568
0.05031507462263107
0.04963938891887665
0.0495869442820549
0.04891595616936684
0.04886072501540184
0.04840124398469925
0.048265036195516586
0.04792856052517891
0.04773753136396408
0.04731661081314087
0.047274649143218994
0.04694443568587303
0.04691940173506737
0.04669029638171196
0.046700380742549896
0.04637458920478821
0.04645399749279022
0.04615435749292374
0.046163495630025864
0.045878197997808456
0.045782171189785004
0.045788057148456573
0.045645300298929214
0.04548114165663719
0.04540717974305153
0.04531308636069298
0.045240189880132675
0.045267313718795776
0.04512461647391319
0.045003924518823624
0.04503437131643295
0.04501781240105629
no squeeze
17.200475692749023
9.414458274841309
8.022378921508789
5.070785999298096
4.657129287719727
3.6672918796539307
3.4988222122192383
3.016177177429199
2.9167397022247314
2.6144449710845947
2.549088954925537
2.3389785289764404
2.2924270629882812
2.140167474746704
2.102565288543701
1.9867395162582397
1.958791732788086
1.865224838256836
1.8429938554763794
1.7717381715774536
1.7546638250350952
1.6904786825180054
1.6794570684432983
1.6250370740890503
1.6147927045822144
1.5694129467010498
1.556412696838379
1.516096830368042
1.5060350894927979
1.4653462171554565
1.454795479774475
1.4198981523513794
1.4082776308059692
1.3746546506881714
1.3650785684585571
1.3355697393417358
1.3290119171142578
1.2936720848083496
1.285934329032898
1.2541091442108154
1.2479662895202637
1.2183963060379028
1.2103124856948853
1.1841425895690918
1.175650715827942
1.1498249769210815
1.1428453922271729
1.1159588098526
1.1103315353393555
1.086110234260559
1.0810598134994507
1.0582027435302734
1.052167296409607
1.029578685760498
1.0239182710647583
1.0035326480865479
1.0002447366714478
0.9782778024673462
0.9741635918617249
0.957627534866333
0.954576849937439
0.9343401193618774
0.9324723482131958
0.9171883463859558
0.9129502177238464
0.9001726508140564
0.8962052464485168
0.8850404024124146
0.8821061253547668
0.8713293671607971
0.8702974319458008
0.8622580170631409
0.8611176013946533
0.8520958423614502
0.8492006659507751
0.8449887633323669
0.8440779447555542
0.839008092880249
0.8411669135093689
0.8312095403671265
0.8311090469360352
0.8286577463150024
0.8274918794631958
0.824368953704834
0.8238576650619507
0.8245084285736084
0.8250344395637512
0.8181247711181641
0.8184889554977417
0.815511167049408
0.8153926134109497
0.8150034546852112
0.8132594227790833
0.8126073479652405
0.8116601705551147
0.8076857328414917
0.8082857728004456
0.8057079911231995
0.8067892789840698
0.8057754039764404
no squeeze
16.78346824645996
5.639672756195068
4.722867965698242
2.9524686336517334
2.7174267768859863
2.1235125064849854
2.0184755325317383
1.7241662740707397
1.6669212579727173
1.4954026937484741
1.4619503021240234
1.3551759719848633
1.332992434501648
1.2625712156295776
1.2464725971221924
1.1946183443069458
1.1848576068878174
1.1443352699279785
1.1349049806594849
1.1048530340194702
1.097780466079712
1.0722384452819824
1.0655643939971924
1.0445411205291748
1.0397160053253174
1.021407127380371
1.01893949508667
1.0039042234420776
1.0014113187789917
0.9872760772705078
0.9842058420181274
0.9742649793624878
0.9697343707084656
0.9617342352867126
0.9613825678825378
0.9498558640480042
0.9484139680862427
0.9416143298149109
0.939835786819458
0.9353008270263672
0.9351533055305481
0.9273489117622375
0.9295054078102112
0.923079252243042
0.9195261597633362
0.9170415997505188
0.9161942601203918
0.9111608266830444
0.9109216928482056
0.9088221788406372
0.9116706252098083
0.903597354888916
0.9024815559387207
0.9011683464050293
0.9035983681678772
0.9011763334274292
no squeeze
16.441781997680664
2.616013288497925
2.4983105659484863
2.3903591632843018
2.3875577449798584
2.383925199508667
2.3830490112304688
2.3871753215789795
2.38687801361084
2.383885622024536
