no squeeze
0.5051631927490234
0.18428166210651398
0.10480599850416183
0.06841032952070236
0.04558068886399269
0.033479515463113785
0.028249161317944527
0.021123694255948067
0.01826191321015358
0.016644412651658058
0.012898022308945656
0.012503382749855518
0.011489122174680233
0.01086457259953022
0.009928005747497082
0.007618133910000324
0.007266961969435215
0.006063397973775864
0.0051432219333946705
0.005512363743036985
0.005423255730420351
0.005071375053375959
0.004926050081849098
0.004392619710415602
0.0036199940368533134
0.0033088515046983957
0.0034772222861647606
0.003734120400622487
0.0038534309715032578
0.004192066844552755
0.0032080577220767736
0.004967384040355682
0.0024812559131532907
0.003300781361758709
0.0033788711298257113
0.00273830140940845
0.0029128803871572018
0.002451231935992837
0.001918490044772625
0.0018665696261450648
0.0025224443525075912
0.0019444627687335014
0.0016682357527315617
0.0021414351649582386
0.0017510865582153201
0.0020323835778981447
0.004526941571384668
0.0017147925682365894
0.002605016343295574
0.0016078712651506066
0.0018082705792039633
0.0023598785046488047
0.0032715650741010904
0.0017061990220099688
0.0016065327217802405
0.001131777884438634
0.0013970740837976336
0.0021553686819970608
0.0016951210564002395
0.001253723748959601
0.0011617018608376384
0.0018501816084608436
0.0016924419905990362
0.0012804565485566854
0.0014655542327091098
0.0011058191303163767
0.0014594828244298697
0.007205762434750795
0.0026057730428874493
0.0013185602147132158
0.0014589553466066718
0.000988361076451838
0.001675250823609531
0.0008667719084769487
0.0008405813714489341
0.0011504808207973838
0.0010166056454181671
0.0009791369084268808
0.001141558401286602
0.0008403425454162061
0.0009530968382023275
0.000991852255538106
0.0008074186625890434
0.0007184515125118196
0.000910721835680306
0.0008145422907546163
0.0006049099611118436
0.001097800792194903
0.0008123036241158843
0.0005824891268275678
0.0008777628536336124
0.0018503449391573668
0.0008242930634878576
0.009980937466025352
0.0016572440508753061
0.003114458406344056
0.016254732385277748
0.007455171085894108
0.0028820913285017014
0.00105676194652915
no squeeze
0.6639017462730408
0.25177764892578125
0.1537354290485382
0.10572981089353561
0.08350476622581482
0.06177551671862602
0.05053260549902916
0.043866097927093506
0.03733797371387482
0.03366386517882347
0.03125249594449997
0.02867063693702221
0.032847724854946136
0.026736240833997726
0.023716794326901436
0.018863489851355553
0.019017856568098068
0.017342176288366318
0.02324633114039898
0.01629195362329483
0.015062895603477955
0.01844678446650505
0.016593387350440025
0.01448645256459713
0.015514757484197617
0.014073221944272518
0.017276672646403313
0.011810130439698696
0.013040968216955662
0.011845147237181664
0.014465900138020515
0.01442395243793726
0.013876250945031643
0.014513116329908371
0.01126741524785757
0.010601072572171688
0.009061245247721672
0.01051283534616232
0.008851018734276295
0.008927902206778526
0.008780520409345627
0.008640405721962452
0.009443010203540325
0.008968624286353588
0.008508910425007343
0.013036645948886871
0.009440944530069828
0.008392794989049435
0.007455483544617891
0.008826729841530323
0.009802097454667091
0.010418185032904148
0.013437507674098015
0.007887070998549461
0.007707205135375261
0.007279444020241499
0.007405094336718321
0.009510510601103306
0.008778234012424946
0.00620797136798501
0.0072189560160040855
0.00705821393057704
0.00893794558942318
0.008402976207435131
0.006624366622418165
0.005928335711359978
0.005956313107162714
0.00631607323884964
0.013594129122793674
0.00783801730722189
0.006868788041174412
0.005135423969477415
0.005323964636772871
0.014014776796102524
0.010079275816679
0.008361105807125568
0.005875470116734505
0.005741213448345661
0.005832518916577101
0.009061934426426888
0.007069294340908527
0.006770947482436895
no squeeze
0.7238125205039978
0.2693980038166046
0.17153221368789673
0.12249069660902023
0.09032820910215378
0.06890635192394257
0.05924280732870102
0.05358824133872986
0.04218409210443497
0.03280933201313019
0.031117556616663933
0.02905021421611309
0.024587580934166908
0.024561362341046333
0.021030696108937263
0.017858589068055153
0.01722024939954281
0.013721887022256851
0.013607051223516464
0.014474758878350258
0.013924078084528446
0.011674516834318638
0.010047400370240211
0.011556874960660934
0.01687549240887165
0.011217032559216022
0.011158689856529236
0.017474746331572533
0.009539377875626087
0.009287936612963676
0.007890903390944004
0.008742946200072765
0.008168410509824753
0.0077464161440730095
0.00737378653138876
0.007923553697764874
0.0071479021571576595
0.009531449526548386
0.010486992076039314
0.012666032649576664
0.009227357804775238
0.01139932218939066
0.006889548618346453
0.0073400381952524185
0.005523466970771551
0.0048006996512413025
0.004660774953663349
0.004894633777439594
0.004980572033673525
0.004917232785373926
0.005943069234490395
0.004077248740941286
0.0040591987781226635
0.005007143132388592
0.004070436581969261
0.0039110430516302586
0.003856974421069026
0.003645086893811822
0.0037067129742354155
0.0038261611480265856
0.00399963092058897
0.0037324365694075823
0.0037578390911221504
0.005089036654680967
0.0052243564277887344
0.004617730155587196
0.004524059593677521
0.005267891567200422
no squeeze
0.8506860136985779
0.455604612827301
0.3632311522960663
0.31343188881874084
0.27005210518836975
0.24170401692390442
0.21702851355075836
0.19702987372875214
0.18012869358062744
0.165960893034935
0.15227769315242767
0.14526619017124176
0.1330195814371109
0.1274418830871582
0.12016593664884567
0.1128590852022171
0.10384184122085571
0.10047177970409393
0.09978384524583817
0.0930512398481369
0.08817001432180405
0.08610528707504272
0.08486863970756531
0.08044646680355072
0.0786336213350296
0.07525968551635742
0.07226633280515671
0.06970376521348953
0.07106713950634003
0.06894326210021973
0.06594168394804001
0.06296230852603912
0.06284930557012558
0.06207321956753731
0.05970798060297966
0.05780941992998123
0.05835370346903801
0.05849166214466095
0.0576770044863224
0.05537545680999756
0.05362115055322647
0.05362648889422417
0.05186516419053078
0.05190974846482277
0.04882922023534775
0.05093245208263397
0.0503164604306221
0.04754715785384178
0.04731621965765953
0.047333043068647385
0.04990330711007118
0.04801354557275772
0.04534619674086571
0.046935904771089554
0.0445975661277771
0.04452934488654137
0.04440557211637497
0.04374800994992256
0.04345111548900604
0.042807042598724365
0.04187241196632385
0.04132717847824097
0.04119943827390671
0.041472386568784714
0.04093370959162712
0.038708508014678955
0.0391523614525795
0.038208045065402985
0.03891509398818016
0.0384201779961586
0.040603045374155045
0.03831668570637703
0.03690393641591072
0.037342652678489685
0.03753328323364258
0.03636325150728226
0.036552783101797104
0.03475167229771614
0.036742717027664185
0.03513694554567337
0.035280536860227585
0.03519998490810394
0.03688696399331093
0.03427324816584587
0.034521013498306274
0.03427542373538017
0.033657558262348175
0.036097925156354904
0.0340130589902401
0.03458891436457634
0.03339040279388428
0.03493126481771469
0.03384464234113693
0.03435508906841278
0.034476522356271744
0.03424438089132309
0.03273875266313553
0.03283160924911499
0.032729580998420715
0.03368828818202019
0.033524997532367706
0.03212297335267067
0.03311457112431526
0.03145214542746544
0.0325205959379673
0.03247738629579544
0.03248703479766846
0.03119758516550064
0.031548887491226196
0.031019920483231544
0.0312360692769289
0.03187532722949982
0.03146114945411682
0.0309611689299345
0.0319695807993412
0.030907930806279182
0.03191191330552101
0.031395141035318375
0.030261235311627388
0.03026130609214306
0.0317159928381443
0.030340291559696198
0.030900580808520317
0.031200984492897987
0.030246805399656296
0.029672589153051376
0.030154526233673096
0.030649274587631226
0.03125686198472977
0.032030701637268066
0.030746230855584145
0.03188307210803032
0.030006470158696175
0.029452277347445488
0.030771587044000626
0.029755232855677605
0.03092522732913494
0.030633702874183655
0.03167308121919632
0.029377857223153114
0.029640547931194305
0.028492124751210213
0.028981469571590424
0.02835487760603428
0.02976635843515396
0.030730215832591057
0.02950018085539341
0.02940623089671135
0.029359959065914154
0.029822219163179398
0.029297292232513428
0.02937019243836403
0.029597226530313492
0.027860913425683975
0.029831761494278908
0.029464062303304672
0.02930600382387638
0.029353337362408638
0.02874309942126274
0.028413215652108192
0.02888927236199379
0.028459889814257622
0.028883367776870728
0.02861761674284935
no squeeze
0.7251603007316589
0.31762582063674927
0.2273758202791214
0.17620055377483368
0.1460769772529602
0.12593236565589905
0.11057902127504349
0.10064832866191864
0.08937626332044601
0.07940272986888885
0.07370515912771225
0.06792747974395752
0.06421292573213577
0.05785667896270752
0.0552343875169754
0.05564402788877487
0.05310271680355072
0.047385361045598984
0.04701435938477516
0.04375692456960678
0.041628990322351456
0.0401214100420475
0.04315037652850151
0.04533962905406952
0.03746326267719269
0.036853011697530746
0.03669292852282524
0.035255782306194305
0.032712239772081375
0.03446972742676735
0.032337743788957596
0.030215619131922722
0.03225716948509216
0.028323622420430183
0.02916964888572693
0.027128031477332115
0.027272144332528114
0.02614479325711727
0.02757679857313633
0.028821954503655434
0.026212705299258232
0.024548765271902084
0.024604234844446182
0.024542607367038727
0.02335081622004509
0.023011043667793274
0.024331307038664818
0.02387072518467903
0.02350611612200737
0.024026472121477127
0.021244052797555923
0.021505020558834076
0.02135445922613144
0.020692957565188408
0.021227199584245682
0.02430771291255951
0.021461160853505135
0.02056882530450821
0.02064467780292034
0.021140487864613533
0.019540302455425262
0.021286454051733017
0.022397391498088837
0.020319631323218346
0.019497066736221313
0.021812785416841507
0.020355666056275368
0.018684420734643936
0.019140828400850296
0.020640263333916664
0.018361352384090424
0.017956655472517014
0.017997169867157936
0.017076287418603897
0.018035968765616417
0.01805305667221546
0.01766126975417137
0.016966208815574646
0.01692010648548603
0.017493976280093193
0.017592770978808403
0.016646236181259155
0.017305690795183182
0.018785879015922546
0.016335558146238327
0.016980331391096115
0.016411205753684044
0.016072630882263184
0.01691632904112339
0.016237014904618263
0.015482491813600063
0.015945466235280037
0.0168753731995821
0.014738407917320728
0.014879703521728516
0.01586846262216568
0.01708080619573593
0.015011869370937347
0.01737201400101185
0.01635751686990261
0.015807155519723892
0.015116340480744839
0.016454093158245087
0.014662805944681168
0.015095419250428677
0.015159054659307003
0.015419219620525837
0.01605871692299843
0.015897247940301895
0.016918329522013664
0.015055876225233078
0.015216988511383533
0.01578623428940773
0.01451394334435463
0.014227121137082577
0.013303200714290142
0.015765879303216934
0.014908584766089916
0.014203247614204884
0.013632470741868019
0.013400407508015633
0.01538791786879301
0.013975835405290127
0.013983427546918392
0.014600728638470173
0.013464650139212608
no squeeze
1.0422675609588623
0.28951534628868103
0.19844867289066315
0.1367950737476349
0.1068492978811264
0.09097772091627121
0.09405649453401566
0.09561962634325027
0.08667706698179245
0.07206954807043076
0.0803229808807373
0.08212418109178543
0.08389613032341003
0.08279158174991608
0.0725279301404953
0.07071064412593842
0.06823212653398514
0.09229140728712082
0.07472500950098038
0.07695318013429642
0.0873253345489502
0.07412398606538773
0.06672986596822739
0.07318652421236038
0.07408203929662704
0.0901353731751442
0.08704381436109543
0.07107916474342346
0.08300159871578217
0.07766545563936234
0.06436154246330261
0.08362313359975815
0.08806771039962769
0.07046162337064743
0.06637901067733765
0.08641726523637772
0.09687618911266327
0.11923273652791977
0.06453259289264679
0.06330877542495728
0.08136021345853806
0.07668133080005646
0.07334037870168686
0.07854531705379486
0.06429585814476013
0.0632890835404396
0.06479109078645706
0.06203502044081688
0.06242728978395462
0.06763613969087601
0.08452164381742477
0.11566244810819626
0.08268915116786957
0.07797261327505112
0.06498870998620987
0.06136375293135643
0.060512833297252655
0.06253023445606232
0.06348593533039093
0.0611487478017807
0.0632273480296135
0.07765486091375351
0.07738231122493744
0.08519142121076584
0.08468233048915863
0.0720396414399147
0.06352410465478897
