no squeeze
11.087808609008789
3.3247287273406982
1.7900968790054321
1.1119235754013062
0.820418655872345
0.43760547041893005
0.335380882024765
0.27799737453460693
0.24597011506557465
0.24242569506168365
0.20536889135837555
0.21868613362312317
0.1940552294254303
0.11548610776662827
0.1973370611667633
0.13755688071250916
0.12365232408046722
0.1396537870168686
0.3074713349342346
0.18502138555049896
0.13216392695903778
0.09413710236549377
0.11153996735811234
0.10529858618974686
0.0727497786283493
0.09670550376176834
0.12985503673553467
0.1307966113090515
0.12849237024784088
0.10380370169878006
0.1621096134185791
0.10472191125154495
0.13820400834083557
0.09757407754659653
0.08027470111846924
no squeeze
9.917451858520508
3.68705415725708
2.186584234237671
1.5890274047851562
1.091378092765808
0.843852162361145
0.8123264312744141
0.5901160836219788
0.554328203201294
0.5076975226402283
0.49808987975120544
0.5604220032691956
0.5267290472984314
0.360077440738678
0.5318183302879333
0.43264538049697876
0.41519755125045776
0.36507147550582886
0.39736905694007874
0.41933995485305786
0.4925563931465149
0.4238213300704956
0.44311389327049255
0.2945614457130432
0.30986443161964417
0.329034686088562
0.33160215616226196
0.5778594017028809
0.4140353798866272
0.4863084554672241
0.5549753308296204
0.4291680157184601
0.31242844462394714
0.28609856963157654
0.29137250781059265
0.46384379267692566
0.27421632409095764
0.2903442978858948
0.45278218388557434
0.3862786591053009
0.3303760290145874
0.4890800714492798
0.3095920979976654
0.33784544467926025
0.3931063711643219
0.32864198088645935
0.2759483754634857
no squeeze
10.040879249572754
4.060297012329102
2.787235736846924
2.0821609497070312
1.6810266971588135
1.2537223100662231
1.1309051513671875
1.0686243772506714
0.9550750255584717
0.7662675380706787
0.6151250600814819
0.6757003664970398
0.7505573034286499
0.5198308229446411
0.5711032152175903
0.3867965340614319
0.34246641397476196
0.458351731300354
0.4825369119644165
0.4868695139884949
0.38451746106147766
0.4078095853328705
0.7357887625694275
0.3765963315963745
0.3444795608520508
0.40776416659355164
0.38993939757347107
no squeeze
12.072601318359375
5.223686218261719
4.176512241363525
3.337887763977051
2.844367742538452
2.435349225997925
2.1487321853637695
1.8589764833450317
1.7351505756378174
1.5358039140701294
1.3440587520599365
1.2803727388381958
1.185090184211731
1.0872489213943481
1.0180881023406982
0.9436625838279724
0.8751007914543152
0.8909744620323181
0.8095579743385315
0.684165358543396
0.7360469698905945
0.7334282398223877
0.6511078476905823
0.6094433069229126
0.6102170348167419
0.6123542189598083
0.5682389140129089
0.5340411067008972
0.5542630553245544
0.5893804430961609
0.5148428082466125
0.49706095457077026
0.565581738948822
0.49713173508644104
0.5623882412910461
0.46195459365844727
0.417499840259552
0.43979471921920776
0.4225829839706421
0.40566301345825195
0.3965489864349365
0.3883948028087616
0.4184710383415222
0.4171043038368225
0.45387718081474304
0.35473179817199707
0.39291098713874817
0.39449402689933777
0.3283437490463257
0.34237971901893616
0.32789063453674316
0.36448684334754944
0.3257659673690796
0.3277922570705414
0.3581557273864746
0.3392580449581146
0.3140047788619995
0.3949688673019409
0.2949123978614807
0.30779871344566345
0.34331631660461426
0.29854223132133484
0.29254087805747986
0.29842859506607056
0.2861071228981018
0.2759399116039276
0.2822433114051819
0.3002578318119049
0.295440673828125
0.24602167308330536
0.28188812732696533
0.26100149750709534
0.24469749629497528
0.23872110247612
0.26702579855918884
0.25472912192344666
0.2429014891386032
0.279852032661438
0.24115334451198578
0.272916704416275
0.23277387022972107
0.2287897914648056
0.26867008209228516
0.23197844624519348
0.22720126807689667
0.21502168476581573
0.23265954852104187
0.24481013417243958
0.22472912073135376
0.22676827013492584
0.20716939866542816
0.21538697183132172
0.19886647164821625
0.24197237193584442
0.20127075910568237
0.21666467189788818
0.22202739119529724
0.22623854875564575
0.24595728516578674
0.2212810218334198
0.19235241413116455
0.22043736279010773
0.17553667724132538
0.18407414853572845
0.19648374617099762
0.20681063830852509
0.20155005156993866
0.21780167520046234
0.17284484207630157
0.17725016176700592
0.1884276270866394
0.19128312170505524
0.18528498709201813
0.16020357608795166
0.197243794798851
0.18230845034122467
0.17288336157798767
0.16410604119300842
0.17153368890285492
0.17964667081832886
0.1614747792482376
0.16758577525615692
0.20267507433891296
0.1580292284488678
0.17073597013950348
0.1715516597032547
0.15307554602622986
0.1946735680103302
0.15698976814746857
0.1682654321193695
0.15714044868946075
0.15649288892745972
0.16287101805210114
0.1420273333787918
0.16901808977127075
0.13567788898944855
0.14850600063800812
0.13554826378822327
0.14940451085567474
0.1384575515985489
0.17239677906036377
0.1528291553258896
0.15788514912128448
0.13116054236888885
0.15059125423431396
0.12433205544948578
0.15139377117156982
0.1426132321357727
0.14237229526042938
0.14072728157043457
0.131102055311203
0.13136859238147736
0.15740464627742767
0.12776480615139008
0.13645443320274353
0.138065367937088
no squeeze
10.052835464477539
4.1274847984313965
3.137061357498169
2.318477153778076
1.7689526081085205
1.555137276649475
1.2711894512176514
1.1490315198898315
1.007002353668213
1.0543103218078613
0.80442214012146
0.7759588360786438
0.7342104911804199
0.6907660961151123
0.6393120288848877
0.6853709816932678
0.6496706604957581
0.5466641187667847
0.49642518162727356
0.5333556532859802
0.5204144716262817
0.4551382064819336
0.4958701729774475
0.5177789926528931
0.4391682744026184
0.4298500418663025
0.5214083790779114
0.41786110401153564
0.3901202380657196
0.3987363576889038
0.3905389606952667
0.4070170521736145
0.37785768508911133
0.3835107088088989
0.3560710549354553
0.3472432792186737
0.38752463459968567
0.3849569261074066
0.34177127480506897
0.3623310327529907
0.3641546666622162
0.3078831136226654
0.3174944519996643
0.30259862542152405
0.32257428765296936
0.3457087576389313
0.30213481187820435
0.2736802399158478
0.3208385407924652
0.3927425146102905
0.3466784954071045
0.25840580463409424
0.3520096242427826
0.2766515016555786
0.26308706402778625
0.2851139008998871
0.2825337052345276
0.2554333508014679
0.2563139796257019
0.2887119650840759
0.29819318652153015
0.22895151376724243
0.2700067162513733
0.2330009937286377
0.2325744926929474
0.2412409782409668
0.2057436853647232
0.20390161871910095
0.25372862815856934
0.2875470221042633
0.3414435088634491
0.23267245292663574
0.23184889554977417
0.20978352427482605
0.21348388493061066
0.2440207600593567
0.23083308339118958
0.18651314079761505
0.2083863765001297
0.18242986500263214
0.19368889927864075
0.20224398374557495
0.20794957876205444
0.1996307075023651
0.20191439986228943
0.20007069408893585
0.17394009232521057
0.2191920131444931
0.18358160555362701
0.17410559952259064
0.1787065714597702
0.23722943663597107
0.2315836101770401
0.1616702675819397
0.17672976851463318
0.1774507611989975
0.18506017327308655
0.20893290638923645
0.18846851587295532
0.1721024066209793
0.181001216173172
0.1655663400888443
0.1644955724477768
0.1747732311487198
no squeeze
5.419641494750977
2.5346438884735107
1.2586708068847656
1.3580809831619263
1.0959223508834839
1.2130929231643677
0.9855201840400696
0.6641843914985657
0.6716594696044922
0.8106570243835449
0.8710619211196899
0.8342604041099548
0.7238328456878662
0.6534777283668518
0.5097851753234863
0.598020076751709
0.7613961100578308
0.6653922200202942
0.7137439846992493
0.5212715268135071
0.6855570077896118
0.8009150624275208
0.5523098707199097
0.883429765701294
0.9785509705543518
