no squeeze
3.332986354827881
0.24022793769836426
0.18282777070999146
0.1200392097234726
0.11513640731573105
0.10785489529371262
0.10754695534706116
0.10626208037137985
0.10577300935983658
0.10570058226585388
0.10540277510881424
0.10530933737754822
0.10598358511924744
0.10519308596849442
0.10537999868392944
0.10536955296993256
no squeeze
3.309887647628784
0.2256641834974289
0.16767719388008118
0.09537642449140549
0.08966565132141113
0.07874413579702377
0.07711081206798553
0.0735471174120903
0.0738905593752861
0.071528859436512
0.07150691747665405
0.07075642794370651
0.07073473930358887
0.07073184102773666
0.07044386863708496
0.07030972093343735
0.07063835859298706
0.07029736787080765
0.07024014741182327
0.0702105239033699
0.07033839076757431
0.07018215209245682
0.07008595019578934
0.07027719914913177
0.07002762705087662
0.07007794827222824
0.0699756070971489
0.07000894099473953
0.07030037045478821
0.07033651322126389
no squeeze
3.4930922985076904
0.35295525193214417
0.2542898654937744
0.10553266853094101
0.08988842368125916
0.05566627159714699
0.050644587725400925
0.03743099421262741
0.03518717363476753
0.028791524469852448
0.027568990364670753
0.023656465113162994
0.022945918142795563
0.020440878346562386
0.019932463765144348
0.018109014257788658
0.01772068813443184
0.016371624544262886
0.016043569892644882
0.014987148344516754
0.014740660786628723
0.013941093347966671
0.013720930553972721
0.013024336658418179
0.012879285030066967
0.012399500235915184
0.012340501882135868
0.01186556089669466
0.011833064258098602
0.01155124045908451
0.01148731168359518
0.011238547042012215
0.011307859793305397
0.011200494132936
0.01106326188892126
0.01096543949097395
0.010888775810599327
0.010793115012347698
0.010827744379639626
0.010682042688131332
0.010728930123150349
0.010722524486482143
no squeeze
3.8498857021331787
1.3453181982040405
1.1579108238220215
0.7858120203018188
0.7317550182342529
0.5879698991775513
0.5626134276390076
0.48515909910202026
0.47115176916122437
0.42302149534225464
0.41231516003608704
0.38010403513908386
0.37457275390625
0.3504793643951416
0.3460160791873932
0.33024927973747253
0.3258363604545593
0.3131760060787201
0.3104039132595062
0.30101773142814636
0.2975757122039795
0.2889198064804077
0.28784361481666565
0.280124694108963
0.27835318446159363
0.2705722749233246
0.26993855834007263
0.263235479593277
0.2619055211544037
0.25704553723335266
0.25618061423301697
0.25016918778419495
0.2486562281847
0.24418489634990692
0.2426561415195465
0.23796598613262177
0.2365085333585739
0.23196056485176086
0.2302890419960022
0.2256183624267578
0.224625825881958
0.22133111953735352
0.21935540437698364
0.21439607441425323
0.21296919882297516
0.20846909284591675
0.20693771541118622
0.20159393548965454
0.20098575949668884
0.19501425325870514
0.1945219337940216
0.1891336590051651
0.18709643185138702
0.18247388303279877
0.18236477673053741
0.17640505731105804
0.17606262862682343
0.17070212960243225
0.16976383328437805
0.16611191630363464
0.16490507125854492
0.16229413449764252
0.16153773665428162
0.15857619047164917
0.1585741937160492
0.15586695075035095
0.15628942847251892
0.15394531190395355
0.15360896289348602
0.15305215120315552
0.1517564207315445
0.15003633499145508
0.15100814402103424
0.14977410435676575
0.14885030686855316
0.1473092883825302
0.14709025621414185
0.1458558589220047
0.1458566039800644
0.14435510337352753
0.14462241530418396
0.14434054493904114
0.14399407804012299
0.1438586562871933
0.14480111002922058
0.14246605336666107
0.1419200450181961
0.14118558168411255
0.14131677150726318
0.1419227421283722
no squeeze
3.7818567752838135
0.6986477375030518
0.5883991122245789
0.3984386622905731
0.3736494481563568
0.30706414580345154
0.29427096247673035
0.2575661838054657
0.24968397617340088
0.22490273416042328
0.21962513029575348
0.2028697282075882
0.2002747803926468
0.18897052109241486
0.1860324591398239
0.17787855863571167
0.17632965743541718
0.17034681141376495
0.1691523641347885
0.16581639647483826
0.165232315659523
0.16129070520401
0.16064512729644775
0.1598682999610901
0.15812069177627563
0.1576814353466034
0.15704987943172455
0.15507185459136963
0.15620873868465424
0.15382742881774902
0.1533261388540268
0.15260182321071625
0.1526842564344406
0.1515844464302063
0.15158586204051971
0.1516675502061844
no squeeze
3.2309634685516357
0.4304795265197754
0.41308069229125977
0.3874819874763489
0.38841989636421204
0.3866134285926819
0.38595253229141235
0.38639870285987854
0.38643741607666016
0.3857641816139221
0.3855680525302887
0.3859120011329651
0.3849888741970062
0.38545140624046326
0.385775625705719
0.38545429706573486
