no squeeze
1.6894830465316772
0.6421915292739868
0.3065538704395294
0.14888451993465424
0.09425439685583115
0.07756060361862183
0.03834260627627373
0.029662255197763443
0.02151343785226345
0.018315846100449562
0.015066593885421753
0.015166904777288437
0.010789182968437672
0.010008438490331173
0.009628484956920147
0.00736624700948596
0.007026011124253273
0.006225382909178734
0.007412337698042393
0.004709789529442787
0.0038643688894808292
0.0023525638971477747
0.003658002009615302
0.004276162013411522
0.003898238530382514
0.002708644839003682
0.0023382618092000484
0.0017669547814875841
0.002333213808014989
0.001956755295395851
0.0016761258011683822
0.0028153674211353064
0.001332482323050499
0.001473537995480001
0.0022339143324643373
0.0018119473243132234
0.0018448496703058481
0.0014125012094154954
0.0018062717281281948
0.001405614777468145
0.001991964876651764
0.0029036481864750385
0.001217386801727116
0.001146618276834488
0.001228255103342235
0.002392530208453536
0.00113561877515167
0.001861453871242702
0.007814723998308182
0.0008734692237339914
0.0013769784709438682
0.0024397014640271664
0.002096779877319932
0.0013057184405624866
0.0015719245420768857
0.0009223395027220249
0.0011007094290107489
0.009178956970572472
0.0030484001617878675
0.010587368160486221
no squeeze
1.5487310886383057
0.7343389391899109
0.44846928119659424
0.2646244168281555
0.189748615026474
0.1372852921485901
0.1054488867521286
0.0798611268401146
0.06783560663461685
0.05302540585398674
0.04854217916727066
0.04650222137570381
0.05681563541293144
0.031019696965813637
0.025457095354795456
0.025842685252428055
0.022621463984251022
0.030695274472236633
0.03476155549287796
0.024609198793768883
0.026245882734656334
0.02123010903596878
0.017879776656627655
0.01954600214958191
0.013483315706253052
0.016223160549998283
0.015061219222843647
0.01147156860679388
0.017223969101905823
0.012709623202681541
0.01871425099670887
0.018295954912900925
0.013666783459484577
0.013407586142420769
0.009200772270560265
0.010810714215040207
0.0075965081341564655
0.008070465177297592
0.010111967101693153
0.00827817339450121
0.007835721597075462
0.008298557251691818
0.016354886814951897
0.01200849935412407
0.012908226810395718
0.011763515882194042
0.010577528737485409
no squeeze
1.9808876514434814
0.8484978675842285
0.5577080845832825
0.41058918833732605
0.2886074483394623
0.20252388715744019
0.16024047136306763
0.10466212779283524
0.08283991366624832
0.0705621987581253
0.048602838069200516
0.043204713612794876
0.03411632403731346
0.03552787005901337
0.028749652206897736
0.03541628271341324
0.025396017357707024
0.022434841841459274
0.018958590924739838
0.017250001430511475
0.01664622314274311
0.021048763766884804
0.021371249109506607
0.02784440480172634
0.021119121462106705
0.02356126345694065
0.00972882378846407
0.008462364785373211
0.008152448572218418
0.010253427550196648
0.017403190955519676
0.021299337968230247
0.008988222107291222
0.008606984280049801
0.008193672634661198
0.008244744502007961
0.007368525955826044
0.008257207460701466
0.008297041989862919
0.006691681686788797
0.006636852398514748
0.009240337647497654
0.00775145785883069
0.010280173271894455
0.006217273883521557
0.006392673123627901
0.00490119494497776
0.004421865567564964
0.0056597343645989895
0.007198715582489967
0.008650481700897217
0.015365484170615673
0.010910209268331528
0.011401735246181488
0.01183997094631195
0.015730373561382294
0.009401903487741947
0.008590695448219776
no squeeze
2.1578845977783203
1.0963385105133057
0.9043117165565491
0.7881789207458496
0.7107895612716675
0.6419256329536438
0.5721889138221741
0.5144600868225098
0.48806291818618774
0.4401371479034424
0.4016167223453522
0.3686760365962982
0.3419555127620697
0.3168988525867462
0.2941034734249115
0.27606505155563354
0.2581375539302826
0.24440708756446838
0.2420741468667984
0.22517746686935425
0.20618654787540436
0.21085421741008759
0.1888267546892166
0.18462039530277252
0.1756245195865631
0.16328667104244232
0.14798475801944733
0.14236176013946533
0.1351468414068222
0.1337040811777115
0.12013846635818481
0.11817239969968796
0.12233450263738632
0.10826016962528229
0.10420318692922592
0.10047774761915207
0.10686913132667542
0.0980340838432312
0.08796073496341705
0.08936628699302673
0.09312110394239426
0.09243236482143402
0.08261943608522415
0.08565014600753784
0.09679790586233139
0.08678319305181503
0.0755472481250763
0.08007963746786118
0.0719151720404625
0.07012971490621567
0.06738334149122238
0.06629213690757751
0.0634247213602066
0.06923941522836685
0.060845907777547836
0.06583277136087418
0.06552840024232864
0.06679345667362213
0.06488266587257385
0.06563226133584976
0.05444835126399994
0.06139620766043663
0.05659428611397743
0.057221293449401855
0.060449112206697464
0.05457291752099991
0.054837070405483246
0.05233747139573097
0.0514039508998394
0.05161837488412857
0.05741596966981888
0.05104606971144676
0.050080034881830215
0.047671712934970856
0.05009201169013977
0.04508012533187866
0.04907502979040146
0.04771360009908676
0.047927286475896835
0.04657357186079025
0.04750826954841614
0.04341326281428337
0.046207934617996216
0.04511088877916336
0.04384789243340492
0.048152439296245575
0.04401044920086861
0.0437154620885849
0.04690297693014145
0.04357262700796127
0.041808731853961945
0.04363299533724785
0.04236667975783348
0.04441886022686958
0.04209659993648529
0.04576023295521736
0.0460146926343441
0.042154550552368164
0.0404152050614357
0.04073838144540787
0.039032112807035446
0.03997817263007164
0.04256105050444603
0.0445365272462368
0.03808099403977394
0.039598602801561356
0.04011870175600052
0.040240585803985596
0.04296434670686722
0.04096061363816261
0.04095481336116791
0.04105975106358528
0.03583252429962158
0.035367533564567566
0.03713759779930115
0.04110007360577583
0.03969798609614372
0.03696265444159508
0.03922466188669205
0.04114828258752823
0.04088101536035538
0.03576240316033363
0.036967407912015915
0.03716427832841873
no squeeze
2.2279293537139893
0.8797630071640015
0.6185488104820251
0.4758914113044739
0.3798362910747528
0.32396820187568665
0.2666396498680115
0.2458653599023819
0.23428498208522797
0.1897401511669159
0.17953559756278992
0.15253445506095886
0.13461053371429443
0.12423121184110641
0.12054349482059479
0.1189107745885849
0.1025705635547638
0.10028224438428879
0.09885028004646301
0.09015811234712601
0.08822198957204819
0.07813744246959686
0.07503198832273483
0.07249929010868073
0.08699739724397659
0.07862450927495956
0.07223337888717651
0.059111714363098145
0.06609597057104111
0.05363481119275093
0.054344918578863144
0.059207502752542496
0.056543052196502686
0.05609406530857086
0.05340755730867386
0.051774390041828156
0.05207391083240509
0.05106862634420395
0.045246243476867676
0.040950749069452286
0.03939858451485634
0.04228924959897995
0.03738032281398773
0.03580388426780701
0.046591877937316895
0.04213899374008179
0.03578402101993561
0.04450872167944908
0.037389740347862244
0.03803103789687157
0.036299142986536026
0.0353630967438221
0.03056284599006176
0.02878793515264988
0.029722653329372406
0.03465375304222107
0.03327317535877228
0.03452249616384506
0.03422125056385994
0.0325542576611042
0.030356071889400482
0.030655084177851677
0.02619074285030365
0.032041776925325394
0.026518195867538452
0.02563999593257904
0.02742433175444603
0.04293536767363548
0.030001429840922356
0.025194596499204636
0.025769414380192757
0.025695331394672394
0.023115623742341995
0.025072328746318817
0.026994554325938225
0.02282283455133438
0.023701049387454987
0.025375083088874817
0.030770255252718925
0.026955174282193184
0.025319701060652733
0.020821550861001015
0.02199496701359749
0.022443952038884163
0.022370390594005585
0.021239204332232475
0.02248632349073887
0.02396753616631031
0.020851561799645424
0.022657109424471855
0.02215765044093132
0.0262531116604805
no squeeze
1.6084297895431519
0.6623558402061462
0.5009517669677734
0.3212030827999115
0.3115019202232361
0.9472637176513672
0.5497904419898987
0.3094800114631653
0.20838423073291779
0.17841856181621552
0.3151925206184387
0.26927074790000916
0.3035351037979126
0.2767600119113922
0.1812470257282257
0.6085861325263977
0.41863489151000977
0.2796200215816498
0.21346570551395416
0.17909692227840424
