no squeeze
12.58448600769043
2.1243367195129395
1.650566577911377
0.8646911978721619
0.7735545039176941
0.5854548811912537
0.5564832091331482
0.4892897307872772
0.4760713577270508
0.44332173466682434
0.43706661462783813
0.42132142186164856
0.4174579679965973
0.40902140736579895
0.4071744382381439
0.4039876461029053
0.4031541645526886
0.4009653925895691
0.4011889100074768
0.40052464604377747
0.40076160430908203
0.39872777462005615
0.3984585702419281
0.39846011996269226
0.3982478380203247
0.3992372155189514
0.3990301787853241
0.39860984683036804
no squeeze
13.180800437927246
2.900723695755005
2.513193368911743
1.8044782876968384
1.7162543535232544
1.4465830326080322
1.407354712486267
1.2813990116119385
1.2599478960037231
1.2046477794647217
1.1960381269454956
1.1622885465621948
1.1572781801223755
1.1390740871429443
1.1390244960784912
1.133967399597168
1.1300638914108276
1.1247538328170776
1.1291271448135376
1.1259204149246216
no squeeze
12.156237602233887
2.3334474563598633
1.8099793195724487
0.8727980852127075
0.7496861815452576
0.44983914494514465
0.4005904197692871
0.27399247884750366
0.2520139515399933
0.19169551134109497
0.1805291473865509
0.14893509447574615
0.1428356170654297
0.12439850717782974
0.12052872776985168
0.1083647832274437
0.10572963207960129
0.09713508933782578
0.09524884074926376
0.08898410201072693
0.08745504170656204
0.08292439579963684
0.08180437982082367
0.07804212719202042
0.07710999995470047
0.07432136684656143
0.07354207336902618
0.07113682478666306
0.07063964754343033
0.06877318769693375
0.06838658452033997
0.06684281677007675
0.06653687357902527
0.06544093042612076
0.06511476635932922
0.06434626132249832
0.06410185247659683
0.06323836743831635
0.06312472373247147
0.0624929703772068
0.062425531446933746
0.06185493245720863
0.061795759946107864
0.061411406844854355
0.06132874637842178
0.06093011423945427
0.060908932238817215
0.06051984429359436
0.06055637449026108
0.06029265373945236
0.06021713837981224
0.060011837631464005
0.06005144119262695
0.05975009873509407
0.05986033007502556
0.05973904952406883
0.0596628300845623
0.05947992950677872
0.05949639528989792
0.05935988575220108
0.05929693579673767
0.05934024229645729
0.05922204628586769
0.05910415202379227
0.059207234531641006
0.059051137417554855
0.05925516039133072
0.05897581949830055
0.05900311842560768
0.05888684466481209
0.05900360643863678
0.05883406847715378
0.059059664607048035
0.058867957442998886
no squeeze
13.048356056213379
7.507007122039795
6.682357311248779
5.0361738204956055
4.8349080085754395
4.332442283630371
4.23545503616333
3.9473555088043213
3.88900089263916
3.6843936443328857
3.640486001968384
3.4938485622406006
3.4545466899871826
3.3329198360443115
3.300678014755249
3.2037248611450195
3.178912878036499
3.082576274871826
3.064859628677368
2.990851402282715
2.9724929332733154
2.905565023422241
2.8914263248443604
2.83017897605896
2.817108154296875
2.7593727111816406
2.7458674907684326
2.692476272583008
2.676689624786377
2.6280031204223633
2.61535382270813
2.5616347789764404
2.549365997314453
2.492706775665283
2.4757044315338135
2.413266897201538
2.392042398452759
2.332379102706909
2.314986228942871
2.235276460647583
2.2167909145355225
2.123835325241089
2.1126747131347656
2.0124855041503906
1.9871927499771118
1.8930283784866333
1.8829283714294434
1.7841202020645142
1.7624900341033936
1.6928887367248535
1.6793714761734009
1.6361929178237915
1.62539541721344
1.6009418964385986
1.5948289632797241
1.5777028799057007
1.5705541372299194
1.5599790811538696
1.5595494508743286
1.5485411882400513
1.5449116230010986
1.5421841144561768
1.5429916381835938
1.5289931297302246
1.5302516222000122
1.5227411985397339
1.5215967893600464
1.513962984085083
1.511715292930603
1.5134937763214111
1.5129237174987793
1.502596139907837
1.503983974456787
1.4983676671981812
1.4936262369155884
1.4944508075714111
1.4945802688598633
1.4862358570098877
1.480422854423523
1.4815516471862793
1.477615475654602
1.4730368852615356
1.4842840433120728
1.4668257236480713
1.471354603767395
1.4667980670928955
1.4653016328811646
1.4606306552886963
1.4554152488708496
1.4552403688430786
1.459075927734375
1.4492783546447754
1.4493370056152344
1.443642258644104
1.448502779006958
1.4386379718780518
1.4480735063552856
1.434770941734314
1.433070421218872
1.4293718338012695
1.428171992301941
1.4270007610321045
1.4249969720840454
1.4277135133743286
1.4299067258834839
1.4174333810806274
1.418601155281067
1.4145088195800781
1.4121286869049072
1.4120219945907593
1.408644437789917
1.4191038608551025
1.4092398881912231
1.4024289846420288
1.400386929512024
1.4036856889724731
1.4034100770950317
1.3960216045379639
1.3960316181182861
1.391013264656067
1.3928239345550537
1.3967335224151611
no squeeze
12.923542976379395
4.462618827819824
4.047388076782227
3.229851007461548
3.10947847366333
2.7552731037139893
2.6849007606506348
2.44474720954895
2.4035592079162598
2.200653553009033
2.1571342945098877
2.0109822750091553
1.9759202003479004
1.8652615547180176
1.839388132095337
1.756561279296875
1.7392619848251343
1.6857898235321045
1.6740893125534058
1.6515198945999146
1.639059066772461
1.607784628868103
1.6081498861312866
1.585839033126831
1.5885987281799316
1.5687381029129028
1.5647462606430054
1.5533469915390015
1.5532742738723755
1.5459271669387817
1.5414875745773315
1.533116102218628
1.5317679643630981
1.527526617050171
1.5330488681793213
1.521907925605774
1.517622947692871
1.5137101411819458
1.5127758979797363
1.5052244663238525
1.5113364458084106
1.5020692348480225
1.5018776655197144
1.4979708194732666
1.5039904117584229
1.4933505058288574
1.4909659624099731
1.489598274230957
1.496708631515503
1.4861958026885986
1.4852910041809082
1.4821833372116089
1.4810771942138672
1.4828029870986938
1.4792442321777344
1.4777910709381104
1.4793061017990112
1.4832085371017456
no squeeze
12.672325134277344
3.4935548305511475
3.4073989391326904
3.3354313373565674
3.3451650142669678
3.3380677700042725
