no squeeze
2.0697288513183594
0.10840017348527908
0.07329141348600388
0.03001820296049118
0.026266248896718025
0.01832854002714157
0.017163442447781563
0.014411424286663532
0.013916848227381706
0.012870825827121735
0.01271979883313179
0.01231877040117979
0.012222698889672756
0.01210627518594265
0.012048153206706047
0.012023353017866611
0.012013057246804237
0.012035850435495377
0.012096408754587173
0.011978598311543465
0.012014742009341717
0.01201828196644783
no squeeze
2.388915538787842
0.18334293365478516
0.15284615755081177
0.12243742495775223
0.12035613507032394
0.11956289410591125
0.11719240248203278
0.11750359833240509
0.11611863970756531
0.11591356247663498
0.11607510596513748
0.11594133079051971
no squeeze
2.3690977096557617
0.21062330901622772
0.156732439994812
0.07667051255702972
0.0674704983830452
0.04501616582274437
0.04093542695045471
0.02949252352118492
0.027223261073231697
0.020539795979857445
0.01917111873626709
0.015240014530718327
0.014430277049541473
0.012052328325808048
0.011575252749025822
0.010115143842995167
0.009815199300646782
0.008788008242845535
0.008581246249377728
0.0079513443633914
0.007794155739247799
0.007368679158389568
0.007242332678288221
0.006946617271751165
0.006871293764561415
0.0066023631952703
0.0065580615773797035
0.006361263804137707
0.006330067291855812
0.00618017790839076
0.006159712560474873
0.005995861254632473
0.005970052909106016
0.005894101224839687
0.005854697898030281
0.00577339855954051
0.005722305737435818
0.005676099564880133
0.005652626045048237
0.0055880481377244
0.005598457995802164
0.005553774069994688
0.005528235342353582
0.005485625471919775
0.005451538134366274
0.005439630709588528
0.005433174315840006
0.0054814754985272884
0.005424138158559799
0.005389465484768152
0.005383774638175964
0.005352245643734932
0.0053537264466285706
0.005339708179235458
0.005352394189685583
0.0053057000041007996
0.005306976847350597
0.005345442797988653
no squeeze
2.6487843990325928
0.5295577645301819
0.44919005036354065
0.32809531688690186
0.31458765268325806
0.27902868390083313
0.27324432134628296
0.25312796235084534
0.24840553104877472
0.23441961407661438
0.23153184354305267
0.22109895944595337
0.2191346138715744
0.21163831651210785
0.21024774014949799
0.20420564711093903
0.20260542631149292
0.20044103264808655
0.1981409192085266
0.19308343529701233
0.19201697409152985
0.1887364536523819
0.18819952011108398
0.18484309315681458
0.18400710821151733
0.18116258084774017
0.18053178489208221
0.1776539385318756
0.17696669697761536
0.17413373291492462
0.1736147701740265
0.17084814608097076
0.1709727793931961
0.16727212071418762
0.1673917919397354
0.1644669622182846
0.16377577185630798
0.16098469495773315
0.16066554188728333
0.15845027565956116
0.15836367011070251
0.15429018437862396
0.15381748974323273
0.15134425461292267
0.15088362991809845
0.14753270149230957
0.14725275337696075
0.1436198651790619
0.14303214848041534
0.13975194096565247
0.13978037238121033
0.13592533767223358
0.13542641699314117
0.13249801099300385
0.13126042485237122
0.12875543534755707
0.12865346670150757
0.1263086348772049
0.1260589063167572
0.12386525422334671
0.12368464469909668
0.12286820262670517
0.12303130328655243
0.12094458192586899
0.12129341810941696
0.12047430872917175
0.12084321677684784
0.11951499432325363
0.11934197694063187
0.11800498515367508
0.11774127185344696
0.11695035547018051
0.11688487231731415
0.11656005680561066
0.11632136255502701
0.11552995443344116
0.11552800983190536
0.11566010862588882
0.11543576419353485
0.1146315410733223
0.11477943509817123
0.11456482112407684
0.11413466185331345
0.11343718320131302
0.11360356956720352
0.11296539753675461
0.11299058794975281
0.11287236213684082
0.11225956678390503
0.11231392621994019
0.11220207810401917
0.11185035109519958
0.11269558221101761
0.11157778650522232
0.11148416996002197
0.1140085831284523
0.11254550516605377
0.1110326498746872
0.11144230514764786
0.11023889482021332
0.11060972511768341
0.11041770130395889
no squeeze
2.070802688598633
0.3171134889125824
0.27093857526779175
0.20122666656970978
0.19384655356407166
0.1742069274187088
0.17104816436767578
0.1608051359653473
0.15874136984348297
0.1522243171930313
0.15021532773971558
0.1455831676721573
0.14452879130840302
0.14047572016716003
0.13975083827972412
0.1371428668498993
0.13634906709194183
0.13430339097976685
0.13423795998096466
0.13228954374790192
0.13141681253910065
0.13040336966514587
0.13011981546878815
0.12920992076396942
0.12876491248607635
0.12797072529792786
0.12828148901462555
0.12701177597045898
0.12715427577495575
0.12652607262134552
0.12637409567832947
0.12571154534816742
0.12615233659744263
0.12602472305297852
no squeeze
2.0488381385803223
0.2646196186542511
0.24592646956443787
0.23484200239181519
0.23446375131607056
0.2342565506696701
0.23501692712306976
0.2361917644739151
