no squeeze
383.5671691894531
208.38623046875
170.7959442138672
79.6256332397461
68.47245025634766
44.23937225341797
40.236080169677734
28.26816177368164
25.80828094482422
17.989383697509766
16.352794647216797
11.175829887390137
10.097982406616211
6.809640884399414
6.148074626922607
4.188467979431152
3.7988874912261963
2.671372652053833
2.453796625137329
1.8249813318252563
1.707181453704834
1.3586307764053345
1.2911276817321777
1.0931360721588135
1.0558345317840576
0.9425874352455139
0.9188991189002991
0.8476036190986633
0.8310478925704956
0.7852814197540283
0.7748976349830627
0.7433557510375977
0.7356067895889282
0.7099855542182922
0.7042407989501953
0.6846581101417542
0.6799520254135132
0.6644072532653809
0.6605774760246277
0.6469566226005554
0.6444318294525146
0.6314824819564819
0.6289377212524414
0.6189725995063782
0.6160476207733154
0.6079581379890442
0.6054586172103882
0.5972849130630493
0.5953888893127441
0.5888444185256958
0.5874119997024536
0.5813088417053223
0.5812373161315918
0.5751248002052307
0.5742346048355103
0.5696433186531067
0.5681385397911072
0.5648618936538696
0.5636529326438904
0.5603249669075012
0.559531033039093
0.5570650696754456
0.5559903979301453
0.5537959933280945
0.5528630018234253
0.5506547093391418
0.5501253604888916
0.5484826564788818
0.5481354594230652
0.5464595556259155
0.5456193685531616
0.5443977117538452
0.5445788502693176
0.5433188080787659
0.5425445437431335
0.5412386059761047
0.5412248373031616
0.5406069159507751
0.5401276350021362
0.539493978023529
0.5390903949737549
0.538128674030304
0.5381973385810852
0.5376999378204346
0.5378696918487549
0.5368046164512634
0.5366289019584656
0.5358862280845642
0.5363246202468872
0.5346753001213074
0.5353098511695862
0.5346819758415222
no squeeze
380.7226257324219
224.4805908203125
188.38916015625
89.11367797851562
74.99132537841797
45.723819732666016
41.458499908447266
29.991987228393555
27.83965301513672
21.360912322998047
20.015405654907227
15.724143028259277
14.798772811889648
11.755393981933594
11.083322525024414
8.875849723815918
8.381916999816895
6.7677435874938965
6.409476280212402
5.210723876953125
4.978905200958252
4.133128643035889
3.9481732845306396
3.3414394855499268
3.204561233520508
2.7543652057647705
2.6620993614196777
2.3464550971984863
2.2710072994232178
2.009598731994629
1.9508050680160522
1.7530879974365234
1.7084718942642212
1.5527681112289429
1.5141897201538086
1.387215256690979
1.3586018085479736
1.2556202411651611
1.2287160158157349
1.1375977993011475
1.1172696352005005
1.045078158378601
1.0280617475509644
0.9675995707511902
0.9531336426734924
0.8985438346862793
0.8884173035621643
0.8449952602386475
0.8322095274925232
0.7946412563323975
0.7861078977584839
0.7552911043167114
0.7476848363876343
0.7220737338066101
0.7161308526992798
0.6945950388908386
0.6902724504470825
0.672228991985321
0.668274998664856
0.6537427306175232
0.6504958271980286
0.6385257244110107
0.6355440020561218
0.6257966756820679
0.6233372092247009
0.6155819296836853
0.6138161420822144
0.6077578067779541
0.6064296960830688
0.6010260581970215
0.5998055338859558
0.5960168838500977
0.5943852066993713
0.5908709764480591
0.5902404189109802
0.5878201127052307
0.5879854559898376
0.5853580832481384
0.584601879119873
0.5831373929977417
0.5824976563453674
0.5809537768363953
0.580466091632843
0.5795803666114807
0.57844477891922
0.5782855749130249
0.5777240991592407
0.5764719247817993
0.5771192312240601
0.5754666328430176
0.5761287212371826
0.576257050037384
no squeeze
385.8555603027344
270.8864440917969
239.98287963867188
133.44271850585938
113.93246459960938
70.77627563476562
64.89623260498047
49.09523010253906
46.106075286865234
36.60660171508789
34.541465759277344
27.622573852539062
26.100994110107422
20.880544662475586
19.723886489868164
15.741294860839844
14.861919403076172
11.890833854675293
11.230607986450195
9.030519485473633
8.55217456817627
6.958199501037598
6.620273113250732
5.486395835876465
5.238013744354248
4.391202449798584
4.214711666107178
3.6129748821258545
3.4716789722442627
3.013291358947754
2.899711847305298
2.536266565322876
2.4532742500305176
2.1845858097076416
2.1123604774475098
1.9010788202285767
1.8354765176773071
1.6405384540557861
1.5985832214355469
1.449629783630371
1.416211485862732
1.3056612014770508
1.276075839996338
1.169518232345581
1.1441664695739746
1.0595805644989014
1.0417816638946533
0.9798992276191711
0.9620445370674133
0.899517297744751
0.8880469799041748
0.8442137241363525
0.8337616324424744
0.7941200733184814
0.784721851348877
0.7494593262672424
0.7434622645378113
0.7212381958961487
0.7128912806510925
0.6920132637023926
0.6852260231971741
0.6631051301956177
0.6581792831420898
0.6403536796569824
0.6370777487754822
0.6239399313926697
0.6202512383460999
0.607383668422699
0.6045230031013489
0.5928105115890503
0.5897890329360962
0.580045223236084
0.5784990191459656
0.5695506930351257
0.5673344135284424
0.5594603419303894
0.5577273368835449
0.5519692301750183
0.5501984357833862
0.5422919392585754
0.5401550531387329
0.5349462032318115
0.533345103263855
0.5283622741699219
0.5270429849624634
0.5228877067565918
0.5220432281494141
0.5168902277946472
0.5163611173629761
0.512271523475647
0.5110645890235901
0.5071249604225159
0.5055803060531616
0.5028048157691956
0.5022708177566528
0.49899405241012573
0.4980070888996124
0.4953440725803375
0.4940374195575714
0.4914933741092682
0.4910057783126831
0.48857325315475464
0.4880995750427246
0.4853922724723816
0.48453882336616516
0.48330000042915344
0.48300060629844666
0.47976207733154297
0.4802405536174774
0.478590726852417
0.47769927978515625
0.4765492081642151
0.475996196269989
0.4743337631225586
0.4747105836868286
0.4728541076183319
0.4719780385494232
0.47115904092788696
0.4715289771556854
0.4695815443992615
0.4694570004940033
0.4682779610157013
0.4677698314189911
0.4673713445663452
0.46741580963134766
0.4667705297470093
0.46627816557884216
0.46557101607322693
0.4653460383415222
0.46387797594070435
0.463731050491333
0.4629583954811096
0.46288058161735535
0.46246927976608276
0.4622668921947479
0.4618467390537262
0.46219882369041443
0.46166467666625977
0.46141552925109863
0.46117207407951355
0.46079134941101074
0.4603269100189209
0.4598328173160553
0.4596693813800812
0.459561288356781
0.4597702622413635
0.45892220735549927
0.45903345942497253
0.4584862291812897
0.45814013481140137
0.45858263969421387
0.4583318531513214
no squeeze
388.49884033203125
335.4327392578125
316.2583312988281
222.2192840576172
196.8986053466797
123.8671646118164
112.53707122802734
83.74293518066406
78.56189727783203
63.2050895690918
60.07766342163086
50.27936553955078
48.187496185302734
41.3886833190918
39.901851654052734
35.00016784667969
33.9265022277832
30.183326721191406
29.368375778198242
26.555255889892578
25.925739288330078
23.751224517822266
23.256582260131836
21.589988708496094
21.214765548706055
19.912141799926758
19.59621238708496
18.558626174926758
18.336660385131836
17.537263870239258
17.3364200592041
16.715293884277344
16.538496017456055
16.021841049194336
15.925980567932129
15.449797630310059
15.343419075012207
14.97319221496582
14.882065773010254
14.580209732055664
14.501517295837402
14.175968170166016
14.103781700134277
13.922271728515625
13.767958641052246
13.503209114074707
13.415218353271484
13.180122375488281
13.096417427062988
12.786994934082031
12.708815574645996
12.421577453613281
12.345531463623047
12.032915115356445
11.935919761657715
11.586031913757324
11.481865882873535
11.106401443481445
11.055818557739258
10.582825660705566
10.462603569030762
10.005438804626465
9.898289680480957
9.403532981872559
9.329713821411133
8.695446968078613
8.550773620605469
7.97445011138916
7.823639392852783
7.2367753982543945
7.041460990905762
6.422039985656738
6.289087295532227
5.639038562774658
5.480589389801025
4.859263896942139
4.717098712921143
4.176651954650879
4.020996570587158
3.495540142059326
3.37153959274292
2.907604932785034
2.7991647720336914
2.425992012023926
2.333747148513794
2.01625919342041
1.9582178592681885
1.7045369148254395
1.6468303203582764
1.4630601406097412
1.4191433191299438
1.2795487642288208
1.2471203804016113
1.140450358390808
1.1251736879348755
1.0544764995574951
1.0317647457122803
0.973595380783081
0.9601512551307678
0.9217017292976379
0.9109344482421875
0.879269003868103
0.8872407078742981
0.8551149964332581
0.8481684327125549
0.8317517638206482
0.8308408260345459
0.8158811330795288
0.8145406246185303
0.8054928183555603
0.7989934682846069
0.7925598621368408
0.7896526455879211
0.7851011157035828
0.7823425531387329
0.7839725017547607
0.7779337167739868
0.7739995121955872
0.7714598178863525
0.7682529091835022
0.7666277885437012
0.7657636404037476
0.7716559171676636
0.7642512917518616
0.7724422812461853
0.7619806528091431
0.7602959871292114
0.7577294707298279
0.760237455368042
0.760625958442688
no squeeze
383.0317687988281
266.662841796875
238.4976348876953
146.3184356689453
128.7415313720703
84.32621765136719
77.3381118774414
58.55048370361328
55.034629821777344
44.19582748413086
41.956172943115234
34.74506759643555
33.191650390625
28.060222625732422
26.920669555664062
23.153837203979492
22.3356990814209
19.47699737548828
18.84415626525879
16.625513076782227
16.10948371887207
14.2926607131958
13.864246368408203
12.344085693359375
11.969536781311035
10.632187843322754
10.329243659973145
9.15419864654541
8.865791320800781
7.816474437713623
7.579952239990234
6.678962230682373
6.459016799926758
5.657719612121582
5.468306064605713
4.790831565856934
4.623341083526611
4.033359050750732
3.9139654636383057
3.4185988903045654
3.3074498176574707
2.897686004638672
2.805511951446533
2.4895682334899902
2.4076201915740967
2.1508066654205322
2.0954394340515137
1.8914644718170166
1.8431895971298218
1.6838113069534302
1.648285984992981
1.5265717506408691
1.4967076778411865
1.3957993984222412
1.3776811361312866
1.2970682382583618
1.278266429901123
1.2114030122756958
1.1984050273895264
1.1482902765274048
1.1379923820495605
1.1006360054016113
1.0902024507522583
1.0582735538482666
1.0488914251327515
1.0196713209152222
1.0139433145523071
0.9911407828330994
0.9885213971138
0.9656097888946533
0.9605591297149658
0.9468016028404236
0.941023588180542
0.9275756478309631
0.9244363903999329
0.909629225730896
0.9076318144798279
0.8986445665359497
0.8962799906730652
0.8846191763877869
0.8816769123077393
0.8743926286697388
0.8723958134651184
0.8660597205162048
0.8650130033493042
0.8593686819076538
0.8555300831794739
0.8512791395187378
0.8482978343963623
0.8424074053764343
0.8415180444717407
0.8368814587593079
0.8348563313484192
0.8319694995880127
0.8302536606788635
0.8310539722442627
0.8280221223831177
0.8251292705535889
0.8251102566719055
0.8190873861312866
0.8200108408927917
0.8146460652351379
0.8137233853340149
0.8127897381782532
0.8198206424713135
0.8113772869110107
0.8077187538146973
0.8081217408180237
0.8061231970787048
0.8098533749580383
0.8023411631584167
0.8007275462150574
0.8007640242576599
0.7984970808029175
0.8027357459068298
0.7984323501586914
0.7963073253631592
0.795199990272522
0.7939927577972412
0.7963581681251526
0.7934037446975708
0.7958528995513916
0.7912311553955078
0.7908037900924683
0.7886711359024048
0.7895394563674927
0.7880700826644897
0.790381669998169
0.7904309630393982
0.7869519591331482
0.7862067818641663
0.7872027158737183
0.7850284576416016
0.7846938371658325
0.7853623032569885
0.7829585075378418
0.7891972064971924
0.7890044450759888
no squeeze
366.2691955566406
77.0561294555664
63.03683853149414
40.718788146972656
37.84286117553711
29.715993881225586
28.130985260009766
22.94569969177246
21.88197135925293
18.714323043823242
18.137182235717773
16.585670471191406
16.324520111083984
15.64641284942627
15.557873725891113
15.464255332946777
15.319838523864746
15.20419979095459
15.189516067504883
15.17748737335205
15.17324447631836
15.13735294342041
15.190951347351074
15.109332084655762
15.181851387023926
15.121723175048828
