no squeeze
8.853668212890625
2.616184949874878
1.3800803422927856
0.8540506958961487
0.5219117999076843
0.3439105749130249
0.27809810638427734
0.3335159718990326
0.20242638885974884
0.13881076872348785
0.09659723192453384
0.07890191674232483
0.03034101612865925
0.11069857329130173
0.08785869926214218
0.15786166489124298
0.0379224494099617
0.05105940252542496
0.058531660586595535
0.07476714998483658
0.022561298683285713
0.04104360565543175
0.07498100399971008
0.03129882365465164
0.08274780958890915
0.028947237879037857
0.02188209444284439
0.026780497282743454
0.12751832604408264
0.06478174030780792
0.08225655555725098
0.06622578948736191
0.05175231024622917
0.09519397467374802
0.06136975437402725
0.04109090194106102
0.041885681450366974
no squeeze
9.212982177734375
2.783796548843384
1.5185514688491821
1.048263430595398
0.8938263654708862
0.7411074042320251
0.7229514122009277
0.6063764095306396
0.5334121584892273
0.6609874367713928
0.44216984510421753
0.5123339295387268
0.5213861465454102
0.5672019124031067
0.5760444402694702
0.6319393515586853
0.47349950671195984
0.4366684556007385
0.5322697758674622
0.5148658156394958
0.4470841586589813
0.40549564361572266
0.3971417546272278
0.4151071608066559
0.4708712697029114
0.5398003458976746
0.5534802675247192
0.41071751713752747
0.4680771827697754
0.6184461712837219
0.6029580235481262
0.47765958309173584
0.615918755531311
no squeeze
11.364359855651855
4.647533416748047
2.9986331462860107
2.2097280025482178
1.7353476285934448
2.0997750759124756
1.5329962968826294
1.183789849281311
1.1494747400283813
1.0582568645477295
1.1121406555175781
0.7730626463890076
0.8580467104911804
0.8124961256980896
0.9106152057647705
0.5560336709022522
0.5997475385665894
0.8998854756355286
0.8398439288139343
0.6848031878471375
0.5060895681381226
0.7364419102668762
0.579473614692688
0.6100673079490662
0.5221332907676697
0.5676262378692627
0.46781018376350403
0.5954324007034302
0.3809775412082672
0.5869539976119995
0.5930030345916748
0.5383028388023376
0.5487918853759766
0.43968266248703003
0.31183385848999023
0.6860691905021667
0.36568504571914673
0.4677901268005371
0.46282264590263367
0.3170948624610901
0.7032310962677002
0.5470770001411438
0.54941725730896
0.3530608117580414
0.43585124611854553
no squeeze
12.393651008605957
4.648161888122559
3.474785804748535
2.866257905960083
2.414649486541748
2.1442666053771973
1.7883548736572266
1.525577187538147
1.4020756483078003
1.1789946556091309
1.0899399518966675
0.9965485334396362
0.9395047426223755
0.8716205954551697
0.83837890625
0.7650108933448792
0.6864684820175171
0.7069796919822693
0.6455150246620178
0.6456489562988281
0.5815085768699646
0.6371076703071594
0.5905971527099609
0.6302715539932251
0.5652903914451599
0.5389124155044556
0.5039510130882263
0.5083239078521729
0.5090194344520569
0.510457456111908
0.5090530514717102
0.5508245825767517
0.4472523033618927
0.47518593072891235
0.4063741862773895
0.44161948561668396
0.4518193304538727
0.43706080317497253
0.397105872631073
0.395536333322525
0.38124898076057434
0.38158124685287476
0.466228187084198
0.434278666973114
0.43717387318611145
0.36729827523231506
0.39278459548950195
0.3979041576385498
0.43858247995376587
0.4613000452518463
0.3793201744556427
0.36323100328445435
0.37201830744743347
0.3934480547904968
0.39351239800453186
0.34550774097442627
0.334302693605423
0.3386809229850769
0.35127559304237366
0.3197813332080841
0.3112809658050537
0.33757901191711426
0.34319761395454407
0.29445213079452515
0.3120311498641968
0.288671612739563
0.32147708535194397
0.32757851481437683
0.29696398973464966
0.3264709711074829
0.3429044187068939
0.323377400636673
0.28376027941703796
0.2950318157672882
0.25469541549682617
0.2684101164340973
0.28009846806526184
0.3305468261241913
0.28309038281440735
0.2891263961791992
0.2977338135242462
0.3422231674194336
0.31539618968963623
0.2938385605812073
0.2492647022008896
0.28673508763313293
0.2893000841140747
0.24497151374816895
0.27109330892562866
0.26686081290245056
0.2640422582626343
0.28871941566467285
0.2621588706970215
0.2572932243347168
0.25499236583709717
0.25847625732421875
0.21439248323440552
0.22979627549648285
0.25192296504974365
0.24175229668617249
0.21152129769325256
0.22822436690330505
0.2724055349826813
0.21709966659545898
0.21266523003578186
0.2414533644914627
0.20396839082241058
0.22970367968082428
0.24217692017555237
0.21667993068695068
0.2275076061487198
0.22749799489974976
0.21406681835651398
0.19939206540584564
0.20141007006168365
0.20178218185901642
0.20132775604724884
0.1933148056268692
0.21530623733997345
0.21658585965633392
0.20099802315235138
0.1915879249572754
0.18863649666309357
0.18092840909957886
0.16658802330493927
0.17881359159946442
0.17300185561180115
0.18038895726203918
0.18759210407733917
0.17377698421478271
0.1895587295293808
0.17071180045604706
0.19815431535243988
0.17566147446632385
0.20282123982906342
no squeeze
11.531954765319824
4.171061992645264
2.729475736618042
2.179443359375
1.7510178089141846
1.5085067749023438
1.240944743156433
1.0846346616744995
1.0021998882293701
0.9367656707763672
0.8558409214019775
0.7538246512413025
0.6639767289161682
0.7169455289840698
0.6578245162963867
0.6263427734375
0.5438008904457092
0.5653719902038574
0.5183623433113098
0.4951336979866028
0.4280553162097931
0.48929014801979065
0.4916510283946991
0.4521351456642151
0.45535457134246826
0.443001925945282
0.4417487680912018
0.42647597193717957
0.3905524015426636
0.3857998847961426
0.3745570182800293
0.42729151248931885
0.3366827964782715
0.4115145802497864
0.39026883244514465
0.39326512813568115
0.3931596577167511
0.3849254548549652
0.3736320734024048
0.4264775514602661
0.40147387981414795
0.3950936496257782
0.32646191120147705
0.3045760989189148
0.3334275484085083
0.3271333873271942
0.31868976354599
0.34183603525161743
0.3379945755004883
0.32578951120376587
0.3362886607646942
0.33730030059814453
0.2728894352912903
0.3210071325302124
0.305387020111084
0.29140836000442505
0.33227816224098206
0.30445006489753723
0.29549092054367065
0.27210521697998047
0.2906621992588043
0.2993509769439697
0.3036794662475586
0.27498355507850647
0.2526475191116333
0.2621317207813263
0.28902924060821533
0.22147926688194275
0.2791062295436859
0.2904778718948364
0.22180651128292084
0.3143702447414398
0.25766512751579285
0.2556963860988617
0.26945048570632935
0.24944335222244263
0.267307847738266
0.23822276294231415
no squeeze
6.116718292236328
2.1270298957824707
0.9630327820777893
1.5029972791671753
0.9269287586212158
0.9097988605499268
1.4678895473480225
1.4625121355056763
0.9219843745231628
0.6572068929672241
1.3783718347549438
0.8163566589355469
1.1844853162765503
0.6034497618675232
0.9475198984146118
0.8097079992294312
1.2484411001205444
0.6678714156150818
0.7032387256622314
0.5633469820022583
0.8644930124282837
1.2223759889602661
1.072614073753357
0.7112471461296082
0.5619369745254517
0.5223791599273682
0.5982577204704285
1.2320059537887573
0.6053072214126587
0.4314711391925812
0.8544431328773499
0.6641433238983154
0.820835292339325
0.5480904579162598
0.6994174122810364
0.7478592395782471
0.7993617653846741
0.772382378578186
0.7147669196128845
0.6313225030899048
