no squeeze
3.491058349609375
0.21459782123565674
0.137821763753891
0.038845792412757874
0.0303263571113348
0.013310540467500687
0.01097538135945797
0.005842476151883602
0.00506466394290328
0.003470581490546465
0.0032541563268750906
0.002769972663372755
0.0026962312404066324
0.002535743871703744
0.0024943691678345203
0.0024171399418264627
0.0024059065617620945
0.002364161191508174
0.0023543292190879583
0.0023403915110975504
0.002332851057872176
0.0023148979526013136
0.0023180185817182064
0.0022986719850450754
0.0022994077298790216
0.0022897759918123484
0.002290768316015601
0.002278662286698818
0.0022872292902320623
0.002270905300974846
0.0022718331310898066
0.002266665454953909
0.0022568737622350454
0.0022629499435424805
0.00226221582852304
0.002250193851068616
0.002252838108688593
0.0022631140891462564
no squeeze
3.6586759090423584
0.2603590190410614
0.17359964549541473
0.05688363313674927
0.0474969744682312
0.028996136039495468
0.026261722669005394
0.019060185179114342
0.017918573692440987
0.014762149192392826
0.014208910055458546
0.012880339287221432
0.01261910330504179
0.011967997066676617
0.0117944972589612
0.011482659727334976
0.011402406729757786
0.011137423105537891
0.011093329638242722
0.010971068404614925
0.010901451110839844
0.01081609632819891
0.010868246667087078
0.010650033131241798
0.01059644017368555
0.010551957413554192
0.010537096299231052
0.010527935810387135
0.010510655120015144
0.010536568239331245
0.010496113449335098
0.01055864430963993
0.010476602241396904
0.010391180403530598
0.010517118498682976
0.010509323328733444
no squeeze
3.664048910140991
0.4340263903141022
0.317524790763855
0.13789604604244232
0.11581259965896606
0.06382892280817032
0.055187344551086426
0.03318331763148308
0.028983261436223984
0.017850501462817192
0.015985410660505295
0.010856685228645802
0.009884406812489033
0.007291312329471111
0.0067601813934743404
0.005346844904124737
0.005073718726634979
0.004331172443926334
0.0041470336727797985
0.0037039665039628744
0.0035902909003198147
0.0033261512871831656
0.0032299889717251062
0.0030260570347309113
0.00300963269546628
0.0028573796153068542
0.002835408318787813
0.002730343956500292
0.0026976000517606735
0.002634782111272216
0.0026063532568514347
0.002544506685808301
0.0025222753174602985
0.0024748381692916155
0.002456547925248742
0.002430161228403449
0.0024024241138249636
0.0023859634529799223
0.0023774891160428524
0.0023455689661204815
0.0023330305702984333
0.0023125414736568928
0.0022955986205488443
0.002292033052071929
0.002274524187669158
0.002273355843499303
0.0022588344290852547
0.0022404028568416834
0.0022439274471253157
0.0022449661046266556
no squeeze
4.3747711181640625
1.0757403373718262
0.8803374767303467
0.5533983707427979
0.5121937394142151
0.4020495116710663
0.3812330663204193
0.3143633008003235
0.29988789558410645
0.2555355429649353
0.24522358179092407
0.2125650942325592
0.20547762513160706
0.18027624487876892
0.175579234957695
0.15721850097179413
0.15361467003822327
0.1386508047580719
0.13502086699008942
0.12476988881826401
0.12299590557813644
0.11367975920438766
0.11190962791442871
0.10559308528900146
0.10437794774770737
0.09958089888095856
0.09844191372394562
0.09374844282865524
0.0929240807890892
0.09029267728328705
0.08961834758520126
0.08652548491954803
0.08831027150154114
0.08512254804372787
0.08437181264162064
0.08343508094549179
0.08277571946382523
0.0826074630022049
0.0817493349313736
0.0809505507349968
0.08093859255313873
0.07955535501241684
0.07955072075128555
0.07929407060146332
0.08060058951377869
0.07932621985673904
no squeeze
3.7964022159576416
0.5643541812896729
0.44544872641563416
0.23316556215286255
0.20609888434410095
0.14074814319610596
0.12763787806034088
0.09406530857086182
0.08731326460838318
0.06778071820735931
0.06334494054317474
0.05127524957060814
0.04837336018681526
0.04029393941164017
0.038501936942338943
0.032814547419548035
0.03157084062695503
0.027576690539717674
0.026764359325170517
0.02386407181620598
0.023226773366332054
0.021196892485022545
0.020745398476719856
0.019374141469597816
0.018993418663740158
0.01788395829498768
0.01761547289788723
0.01683545671403408
0.016605669632554054
0.016002360731363297
0.015869317576289177
0.015503413043916225
0.015427897684276104
0.014943246729671955
0.01485415268689394
0.014696209691464901
0.014522024430334568
0.014408794231712818
0.014319060370326042
0.014163201674818993
0.014052634127438068
0.013986339792609215
0.013859059661626816
0.013885021209716797
0.013768239878118038
0.013911237940192223
0.01381874829530716
0.013522285968065262
0.013595539145171642
0.01352468878030777
no squeeze
3.1443324089050293
0.16002129018306732
0.12784434854984283
0.09714579582214355
0.096049964427948
0.09533045440912247
0.09575489163398743
0.09467016160488129
0.09438691288232803
0.0949360579252243
0.0943826362490654
0.09477392584085464
0.0963282361626625
0.09680592268705368
