no squeeze
2.607267141342163
0.9059204459190369
0.4290022552013397
0.2017533779144287
0.12216003239154816
0.05439746007323265
0.037823207676410675
0.02646973542869091
0.014174767769873142
0.01053681317716837
0.009053826332092285
0.0068632145412266254
0.007810794748365879
0.003989310935139656
0.0038109486922621727
0.005041974131017923
0.003912848886102438
0.002664756029844284
0.002336586359888315
0.002649743342772126
0.004031766671687365
0.0017316699959337711
0.0017642065649852157
0.001760047976858914
0.0014484177809208632
0.0024557725992053747
0.0025255463551729918
0.002354133641347289
0.001177514554001391
0.0007918891496956348
0.002159288851544261
0.0011073205387219787
0.0007069026469253004
0.0009279549121856689
0.0007855181465856731
0.0005268341628834605
0.0010336304549127817
0.0008343255030922592
0.0009179488988593221
0.0004627139132935554
0.0016078241169452667
0.0016476629534736276
0.00062714604428038
0.0006052524549886584
0.0024774624034762383
0.0008883306873030961
0.000409093830967322
0.0009442291338928044
0.0004888823023065925
0.00036158080911263824
0.00040890072705224156
0.0006352750933729112
0.0004502730444073677
0.0003521471517160535
0.00035441748332232237
0.0012642451329156756
0.0018395445076748729
0.000738638686016202
0.0019866079092025757
0.0002838807995431125
0.0009734304621815681
0.003163407789543271
0.0017508013406768441
0.0043279561214149
0.003132702549919486
0.003323674900457263
0.003777775214985013
0.012629617005586624
0.012463502585887909
0.0027152032125741243
no squeeze
2.017547130584717
0.6500754952430725
0.39353686571121216
0.28524884581565857
0.20310625433921814
0.15892471373081207
0.12077189236879349
0.10735979676246643
0.11233163625001907
0.09602224081754684
0.08108767867088318
0.07117443531751633
0.07282035052776337
0.0682956725358963
0.056279707700014114
0.057264093309640884
0.05636689439415932
0.04946715012192726
0.05327436700463295
0.05784470587968826
0.046376150101423264
0.05105668678879738
0.04801821708679199
0.05959519371390343
0.054365456104278564
0.04653577506542206
0.0407765693962574
0.04440965875983238
0.04059716686606407
0.045818425714969635
0.04650129750370979
0.050368715077638626
0.05464210733771324
0.03977223113179207
0.0420977808535099
0.04476490616798401
0.04320565611124039
0.04445795714855194
0.04415131360292435
0.05123700946569443
0.042033661156892776
0.045080047100782394
0.03719935938715935
0.04160436615347862
0.04318195953965187
0.056479666382074356
0.046583160758018494
0.041350629180669785
0.040471017360687256
0.04301496595144272
0.037208881229162216
0.048209842294454575
0.04665456712245941
no squeeze
2.22506046295166
1.1078801155090332
0.7032590508460999
0.4779130518436432
0.34810101985931396
0.2597121298313141
0.23560340702533722
0.15954142808914185
0.11603453010320663
0.11048274487257004
0.0754634290933609
0.08905892074108124
0.05638554319739342
0.058603763580322266
0.0421338714659214
0.04799773916602135
0.02977946773171425
0.023826124146580696
0.02598213218152523
0.02443418651819229
0.020922381430864334
0.01840067096054554
0.013766770251095295
0.013878623023629189
0.012851682491600513
0.01449735276401043
0.010675722733139992
0.010199756361544132
0.00867431703954935
0.014493189752101898
0.011040435172617435
0.008661949075758457
0.011262740008533001
0.008661763742566109
0.015094100497663021
0.008193000219762325
0.00744727673009038
0.007802761159837246
0.006716578733175993
0.007471805438399315
0.007973266765475273
0.00803783442825079
0.0072819627821445465
0.006760341580957174
0.006526209879666567
0.005543895531445742
0.0056183189153671265
0.004705546423792839
0.02052135020494461
0.012790694832801819
0.012660142965614796
0.008692088536918163
0.02109164372086525
0.027400769293308258
0.008089086040854454
0.011369024403393269
0.009387760423123837
0.007833830080926418
no squeeze
3.203441858291626
1.680049180984497
1.3268086910247803
1.1299976110458374
0.9848697185516357
0.8814248442649841
0.7962097525596619
0.7142112255096436
0.6422442197799683
0.6068441271781921
0.582655668258667
0.5169945955276489
0.484718382358551
0.4507787227630615
0.421947717666626
0.3970612585544586
0.3673459589481354
0.35411176085472107
0.336235374212265
0.33478260040283203
0.29557836055755615
0.27950260043144226
0.28327587246894836
0.2580720782279968
0.2467605024576187
0.23175449669361115
0.21987825632095337
0.21140408515930176
0.21107374131679535
0.1940298080444336
0.19659669697284698
0.17892181873321533
0.1668628752231598
0.18115895986557007
0.15328241884708405
0.1772705763578415
0.1639634370803833
0.1472984105348587
0.13975787162780762
0.13598008453845978
0.13209621608257294
0.1276652067899704
0.12606604397296906
0.12943074107170105
0.11533254384994507
0.12510906159877777
0.1053813099861145
0.11956482380628586
0.11545811593532562
0.11239655315876007
0.11497069150209427
0.1125079095363617
0.09410925209522247
0.09056997299194336
0.10134781152009964
0.09374064207077026
0.09633525460958481
0.08958975970745087
0.08347582817077637
0.09499060362577438
0.08798610419034958
0.08902164548635483
0.0823737159371376
0.08391332626342773
0.08808157593011856
0.0885511115193367
0.0846819207072258
0.07700887322425842
0.07142277806997299
0.07738321274518967
0.07735169678926468
0.07010544836521149
0.07371724396944046
0.0767904594540596
0.06987302005290985
0.07139789313077927
0.07027648389339447
0.07241219282150269
0.07454574108123779
0.07019595056772232
0.0678151324391365
0.06380441784858704
0.06797150522470474
0.0663456842303276
0.06700199097394943
0.06877420097589493
0.07877256721258163
0.06838539242744446
0.07299710065126419
0.06615331768989563
0.06146447733044624
0.06654883176088333
0.06877074390649796
0.05903893709182739
0.061026666313409805
0.05686638504266739
0.06488096714019775
0.06850598752498627
0.06032375246286392
0.06274683028459549
0.05902234464883804
0.05811844393610954
0.06466672569513321
0.060206200927495956
0.05910124257206917
0.05778379738330841
no squeeze
2.5387957096099854
1.1633588075637817
0.8073513507843018
0.6196730732917786
0.49897876381874084
0.4146777391433716
0.3548111319541931
0.30217623710632324
0.2733743488788605
0.24353177845478058
0.22731909155845642
0.20739400386810303
0.18536174297332764
0.17392687499523163
0.16629034280776978
0.1502620428800583
0.14165690541267395
0.1274818629026413
0.11952661722898483
0.11246512830257416
0.10987483710050583
0.10493830591440201
0.09666237235069275
0.09952866286039352
0.08952366560697556
0.08659911155700684
0.08036574721336365
0.07993248850107193
0.07332909107208252
0.06930706650018692
0.07585576921701431
0.07322833687067032
0.06595741212368011
0.06365654617547989
0.06981819123029709
0.05895187333226204
0.057866938412189484
0.055042024701833725
0.055925726890563965
0.05025390908122063
0.05164391174912453
0.047718826681375504
0.05109213665127754
0.05428516864776611
0.046321891248226166
0.040430739521980286
0.04681019484996796
0.046906061470508575
0.04457423835992813
0.05350813269615173
0.04641864076256752
0.046744026243686676
0.03579367697238922
0.04709455743432045
0.0391821414232254
0.03993555158376694
0.03604265674948692
0.0354815348982811
0.03842590004205704
0.03466687351465225
0.03280872851610184
0.03185104578733444
0.03630490601062775
0.03350410982966423
0.03067205846309662
0.03293333575129509
0.027654418721795082
0.03449930623173714
0.03866947442293167
0.03654899820685387
0.03029821440577507
0.0291399247944355
0.029705379158258438
0.03237961605191231
0.028056547045707703
0.03168599680066109
0.030165888369083405
no squeeze
1.775665283203125
0.6084378361701965
0.36445707082748413
0.2828928232192993
0.21560242772102356
0.1945820152759552
0.2789321839809418
0.27018988132476807
0.1882314532995224
0.16924236714839935
0.24181388318538666
0.15274205803871155
0.11549597978591919
0.26617431640625
0.16149194538593292
0.11348538845777512
0.22921225428581238
0.17852887511253357
0.2471691519021988
0.15470178425312042
0.1766870617866516
0.18627877533435822
0.11499586701393127
0.12099902331829071
0.16292886435985565
0.16421985626220703
