no squeeze
30.14104652404785
4.492257118225098
3.4528982639312744
1.3300175666809082
1.0752284526824951
0.49705249071121216
0.4118425250053406
0.20628133416175842
0.1745467185974121
0.0961315929889679
0.08361451327800751
0.052043136209249496
0.046871617436409
0.03332894295454025
0.0309453047811985
0.024601280689239502
0.023468077182769775
0.020488649606704712
0.01987265981733799
0.01820075884461403
0.017932120710611343
0.017028121277689934
0.016811395063996315
0.01623460464179516
0.016128674149513245
0.015714095905423164
0.015702469274401665
0.015334206633269787
0.015214702114462852
0.014881818555295467
0.014932290650904179
0.014463880099356174
0.014385214075446129
0.014257489703595638
0.014181322418153286
0.01379068661481142
0.013701986521482468
0.013405825011432171
0.01335062924772501
0.013113942928612232
0.013036665506660938
0.012778262607753277
0.012712925672531128
0.012450272217392921
0.012382904067635536
0.012144873850047588
0.012097875587642193
0.011841188184916973
0.011796411126852036
0.011566012166440487
0.01150942500680685
0.011292673647403717
0.011272624135017395
0.01106923446059227
0.010978792794048786
0.010854311287403107
0.01087710727006197
0.010595237836241722
0.010590501129627228
0.010340312495827675
0.010364809073507786
0.010144163854420185
0.010107280686497688
0.009961290284991264
0.00992179661989212
0.009768208488821983
0.009771138429641724
0.009614408947527409
0.00959477387368679
0.009427000768482685
0.009399866685271263
0.00928532239049673
0.009277502074837685
0.009187331423163414
0.009138867259025574
0.00906241126358509
0.009036673232913017
0.008957475423812866
0.009035836905241013
0.008869633078575134
0.00886025931686163
0.008784755133092403
0.008762291632592678
0.008706492371857166
0.008689158596098423
0.008632627315819263
0.008620318956673145
0.008568019606173038
0.008534724824130535
0.008493542671203613
0.008505413308739662
0.008483505807816982
0.008434871211647987
0.008393379859626293
0.008406166918575764
0.008354191668331623
0.008345579728484154
0.008330903016030788
0.008338210172951221
0.008343029767274857
no squeeze
29.83497428894043
4.642484188079834
3.902008056640625
2.67983078956604
2.5601727962493896
2.2979037761688232
2.2596547603607178
2.166077136993408
2.1496918201446533
2.108438014984131
2.1029226779937744
2.0732476711273193
2.0683367252349854
2.056117057800293
2.051645040512085
2.0420050621032715
2.0409364700317383
2.037501573562622
2.0338597297668457
2.031257152557373
2.035997152328491
2.030782461166382
2.0306546688079834
2.0267961025238037
2.0270144939422607
2.025860071182251
2.0259931087493896
2.027557849884033
no squeeze
29.699098587036133
5.577469348907471
4.361494064331055
2.1185989379882812
1.8341072797775269
1.182235836982727
1.0701701641082764
0.7535660266876221
0.6920117139816284
0.5067565441131592
0.4693332612514496
0.3546702265739441
0.3314424455165863
0.2607609033584595
0.24566145241260529
0.1989872008562088
0.18894682824611664
0.1563776284456253
0.1492481827735901
0.12577882409095764
0.12058652192354202
0.10237710177898407
0.09856352210044861
0.085494264960289
0.08245006948709488
0.07147742062807083
0.06908579915761948
0.06080518290400505
0.05884253978729248
0.0523231104016304
0.05080454424023628
0.045376308262348175
0.04429744556546211
0.04019063338637352
0.03928119316697121
0.035841524600982666
0.03523176908493042
0.032608527690172195
0.03196540102362633
0.029802106320858
0.029253557324409485
0.02738167718052864
0.0269564688205719
0.02551988512277603
0.025127865374088287
0.02374180592596531
0.023368166759610176
0.02223995141685009
0.02190912328660488
0.02089780755341053
0.02060658112168312
0.019682476297020912
0.01947230100631714
0.01866222731769085
0.01843702234327793
0.017616059631109238
0.017475765198469162
0.01674334704875946
0.016603294759988785
0.016073759645223618
0.015910068526864052
0.015329908579587936
0.015227393247187138
0.01471258606761694
0.01455263514071703
0.014133707620203495
0.014013239182531834
0.013564583845436573
0.013449900783598423
0.013036211021244526
0.012953954748809338
0.012579837813973427
0.012474306859076023
0.012245049700140953
0.012160500511527061
0.011795314028859138
0.011715555563569069
0.011488580144941807
0.011433348059654236
0.011090376414358616
0.011014898307621479
0.010831644758582115
0.01075354591012001
0.010532357729971409
0.010496190749108791
0.010416337288916111
0.010316154919564724
0.010083730332553387
0.010051288641989231
0.00997611042112112
0.009879873134195805
0.009704012423753738
0.009631667286157608
0.009521372616291046
0.009493865072727203
0.009346771985292435
0.00930197536945343
0.009212789125740528
0.009188833646476269
0.009084075689315796
0.009040281176567078
0.008953330107033253
0.00892830640077591
0.008778149262070656
0.008826403878629208
0.008727245964109898
0.008699850179255009
0.008628390729427338
0.008611086755990982
0.008556338027119637
0.00852248352020979
0.008456557057797909
0.00844559259712696
0.00837264209985733
0.008350301533937454
0.008293628692626953
0.008275488391518593
0.008234172128140926
0.008209969848394394
0.008184416219592094
0.008198299445211887
0.00811738707125187
0.00812437478452921
0.008077762089669704
0.008114811964333057
0.00801746267825365
0.008014380000531673
0.007976610213518143
0.007968726567924023
0.007955263368785381
0.007920738309621811
0.007906736806035042
0.00790233351290226
0.00788107980042696
0.00788048654794693
0.007841566577553749
0.007854972034692764
0.007840672507882118
0.007811848074197769
0.007831498980522156
0.007778725121170282
0.00778141338378191
0.007752517703920603
0.007748194504529238
0.007749234791845083
0.00772114610299468
0.007706294767558575
0.0077047101221978664
0.007703457493335009
0.0076898932456970215
0.007697508670389652
0.007682020775973797
0.007679637987166643
0.0076654753647744656
0.007682010065764189
0.007672799285501242
no squeeze
31.45615005493164
19.165908813476562
16.158750534057617
9.034944534301758
8.240349769592285
6.380568504333496
6.061374664306641
5.1779913902282715
5.00191593170166
4.459076404571533
4.341100215911865
3.969778060913086
3.890634059906006
3.621084213256836
3.5609796047210693
3.350421905517578
3.3069183826446533
3.1435861587524414
3.104391574859619
2.9804863929748535
2.95041561126709
2.845559597015381
2.8223299980163574
2.7389931678771973
2.7175347805023193
2.645080804824829
2.6267194747924805
2.5643296241760254
2.547391653060913
2.4939157962799072
2.4795420169830322
2.430142402648926
2.4142837524414062
2.3712780475616455
2.35906720161438
2.314990520477295
2.3022451400756836
2.266845941543579
2.2529048919677734
2.2159714698791504
2.2052550315856934
2.17111873626709
2.1615054607391357
2.125666379928589
2.1162102222442627
2.0884923934936523
2.0790138244628906
2.0485329627990723
2.040318489074707
2.011218547821045
2.003082036972046
1.980757713317871
1.973050832748413
1.9483553171157837
1.940161943435669
1.9181455373764038
1.9120033979415894
1.8879843950271606
1.8839085102081299
1.866347312927246
1.864161491394043
1.8418513536453247
1.8368748426437378
1.8201353549957275
1.8141225576400757
1.8014405965805054
1.7963271141052246
1.7810142040252686
1.776602029800415
1.7622666358947754
1.758237361907959
1.7470308542251587
1.741814374923706
1.7296169996261597
1.7281533479690552
1.7154074907302856
1.7121827602386475
1.7035980224609375
1.7005388736724854
1.6926653385162354
1.6871258020401
1.6771149635314941
1.6746653318405151
1.6666977405548096
1.6616874933242798
1.6564158201217651
1.6533781290054321
1.6466518640518188
1.6442573070526123
1.6355432271957397
1.6361013650894165
1.6283118724822998
1.623694658279419
1.6204296350479126
1.6192305088043213
1.6128402948379517
1.6112933158874512
1.6065465211868286
1.6061087846755981
1.600489616394043
1.5976288318634033
1.5934303998947144
1.5917965173721313
1.587882161140442
1.5866907835006714
1.583957552909851
1.58052396774292
1.5756632089614868
1.5747394561767578
1.5718892812728882
1.5700498819351196
1.5648659467697144
1.5644981861114502
1.5580495595932007
1.5580521821975708
1.5565154552459717
1.5519582033157349
1.5497139692306519
1.5467878580093384
1.544946551322937
1.5434603691101074
1.54219388961792
1.5383563041687012
1.5322767496109009
1.531696081161499
1.5303798913955688
1.5301554203033447
1.5239925384521484
1.5224894285202026
1.5198938846588135
1.5161246061325073
1.515036702156067
1.5140788555145264
1.5094246864318848
1.5106145143508911
1.5060213804244995
1.5063165426254272
1.499394416809082
1.5007058382034302
1.4943264722824097
1.492292881011963
1.4888460636138916
1.4923908710479736
1.4874013662338257
1.4859755039215088
1.4842032194137573
1.4848047494888306
1.48030686378479
1.479810357093811
1.4758217334747314
1.4800262451171875
1.4727580547332764
1.4736127853393555
1.4696770906448364
1.4674928188323975
1.4679588079452515
1.4677438735961914
1.4651920795440674
1.4612853527069092
1.463692545890808
1.4625332355499268
1.4555106163024902
1.4568126201629639
1.4555569887161255
no squeeze
30.149709701538086
9.226067543029785
7.676873683929443
5.164484977722168
4.803618431091309
3.859206438064575
3.6860978603363037
3.1906161308288574
3.092278242111206
2.7907345294952393
2.729360818862915
2.533844470977783
2.491291046142578
2.3588898181915283
2.3304922580718994
2.2315571308135986
2.2123806476593018
2.140498161315918
2.1261675357818604
2.072458505630493
2.06040358543396
2.0229837894439697
2.01349139213562
1.9830780029296875
1.9754303693771362
1.9538685083389282
1.9462083578109741
1.9277700185775757
1.922624111175537
1.9067436456680298
1.906325101852417
1.8882147073745728
1.884911060333252
1.873877763748169
1.872028112411499
1.861161231994629
1.8603694438934326
1.851052165031433
1.850791096687317
1.8412562608718872
1.8406621217727661
1.8328148126602173
1.83042311668396
1.8263276815414429
1.8223192691802979
1.8188508749008179
1.8168541193008423
1.8121223449707031
1.8125855922698975
1.8057748079299927
1.8063368797302246
1.8030978441238403
1.799248218536377
1.7974146604537964
1.7951558828353882
1.7923046350479126
1.790043592453003
1.7867153882980347
1.7873495817184448
1.7833272218704224
1.783759593963623
1.7840110063552856
no squeeze
29.167936325073242
4.272073745727539
4.0145955085754395
3.750638961791992
3.733341693878174
3.7105791568756104
3.697978973388672
3.7007977962493896
3.6947715282440186
3.6923446655273438
3.7020370960235596
3.6935007572174072
