no squeeze
148.15599060058594
32.887542724609375
25.04681396484375
13.733967781066895
12.156046867370605
7.897818565368652
7.110751628875732
4.797182083129883
4.3442063331604
2.9840710163116455
2.717790365219116
1.9086644649505615
1.7480767965316772
1.2545758485794067
1.155468225479126
0.8484369516372681
0.7852860689163208
0.5903630256652832
0.5501003861427307
0.4262743890285492
0.40054085850715637
0.3208433985710144
0.3043636679649353
0.25546491146087646
0.24385994672775269
0.21171492338180542
0.2048707753419876
0.18289972841739655
0.17871525883674622
0.16458244621753693
0.16135981678962708
0.15133142471313477
0.14961399137973785
0.14109620451927185
0.13975781202316284
0.13375569880008698
0.13276349008083344
0.12783589959144592
0.1270274817943573
0.12297514081001282
0.12188465893268585
0.11861462891101837
0.11754658818244934
0.11513747274875641
0.11379363387823105
0.11126232147216797
0.11031565815210342
0.10794328898191452
0.10717738419771194
0.10471680760383606
0.10382638871669769
0.1016506552696228
0.10101589560508728
0.09903161227703094
0.09826131165027618
0.09610357880592346
0.09529344737529755
0.09331858903169632
0.09256847947835922
0.09097262471914291
0.09039858728647232
0.08844935894012451
0.08769971132278442
0.0857347920536995
0.08533494174480438
0.08383411914110184
0.08336357027292252
0.0816735103726387
0.08194639533758163
0.0801817998290062
0.07897406816482544
0.0772983655333519
0.07687325030565262
0.075313039124012
0.07534030079841614
0.07387543469667435
0.07342930883169174
0.07190767675638199
0.07166070491075516
0.0702286958694458
0.06993060559034348
0.06862732023000717
0.0685989111661911
0.06725312769412994
0.06712883710861206
0.0659230574965477
0.0658201277256012
0.06478171795606613
0.06453360617160797
0.06364542245864868
0.06331416219472885
0.06241639330983162
0.06222699582576752
0.061596132814884186
0.06143021211028099
0.060553792864084244
0.06032933294773102
0.059626635164022446
0.05944562330842018
0.05879669636487961
0.05861542373895645
0.05816592648625374
0.057930152863264084
0.05743839964270592
0.05733692646026611
0.056823667138814926
0.05673299357295036
0.05627474933862686
0.056152839213609695
0.055799856781959534
0.05572466924786568
0.055559515953063965
0.05527260899543762
0.054998211562633514
0.05484717711806297
0.05453506112098694
0.054618604481220245
0.05424924194812775
0.054224107414484024
0.0539383627474308
0.053874146193265915
0.05371303856372833
0.05368609353899956
0.05353516340255737
0.05356365814805031
0.05320674180984497
0.05312279239296913
0.053058333694934845
0.05296878144145012
0.052908606827259064
0.05299866572022438
0.0528239943087101
0.052791669964790344
0.052624449133872986
0.05269284173846245
0.052560191601514816
0.0525614395737648
0.052496470510959625
0.05241704359650612
0.052433423697948456
0.05243876203894615
0.05227028951048851
0.05229989066720009
0.05223942548036575
0.05222159996628761
0.05225241556763649
0.05226776376366615
0.05215967446565628
0.052254509180784225
0.05211083963513374
0.05213609337806702
0.05231838673353195
no squeeze
154.05433654785156
66.46874237060547
49.70445251464844
22.47735595703125
20.87213134765625
17.562681198120117
17.003469467163086
15.325030326843262
14.981358528137207
13.885735511779785
13.640181541442871
12.878965377807617
12.70970630645752
12.173912048339844
12.047698020935059
11.669877052307129
11.584569931030273
11.327205657958984
11.272514343261719
11.105766296386719
11.063096046447754
10.94859504699707
10.928285598754883
10.85619068145752
10.841751098632812
10.797356605529785
10.7809419631958
10.75449275970459
10.748189926147461
10.731072425842285
10.721163749694824
10.705817222595215
10.702751159667969
10.69606876373291
10.694957733154297
10.68561840057373
10.686759948730469
10.682840347290039
10.676182746887207
10.66989803314209
10.684135437011719
10.67334270477295
no squeeze
152.50051879882812
54.314971923828125
40.57777404785156
19.278013229370117
17.109905242919922
11.845769882202148
10.939685821533203
8.372579574584961
7.869218349456787
6.2935357093811035
5.952352523803711
4.86127233505249
4.619503498077393
3.8175108432769775
3.6373350620269775
3.0264124870300293
2.8870527744293213
2.4057085514068604
2.2987301349639893
1.9256364107131958
1.8371450901031494
1.537514567375183
1.4714272022247314
1.2412745952606201
1.188141107559204
1.0082483291625977
0.9672537446022034
0.827089250087738
0.796424150466919
0.6912211179733276
0.666316032409668
0.5850002765655518
0.565663754940033
0.5032449960708618
0.4882968068122864
0.43849024176597595
0.4268026351928711
0.38786792755126953
0.378896027803421
0.3489132821559906
0.3412228226661682
0.31478390097618103
0.30905336141586304
0.2890617251396179
0.2836468815803528
0.26526230573654175
0.26107677817344666
0.24643680453300476
0.24224849045276642
0.22947606444358826
0.2262944132089615
0.21340003609657288
0.2110159993171692
0.20303378999233246
0.19943304359912872
0.18992333114147186
0.1875704675912857
0.17798227071762085
0.1762154996395111
0.1681557297706604
0.16669531166553497
0.15973524749279022
0.15795132517814636
0.15108518302440643
0.14952580630779266
0.14302968978881836
0.14165997505187988
0.13646414875984192
0.1347869336605072
0.12959080934524536
0.12811732292175293
0.12288264185190201
0.12160957604646683
0.11756563931703568
0.11610979586839676
0.11144556105136871
0.11031251400709152
0.10605021566152573
0.10503555834293365
0.1004297211766243
0.1000223234295845
0.09698262810707092
0.09584940969944
0.09284312278032303
0.09164408594369888
0.08817743510007858
0.08773072063922882
0.08472157269716263
0.08388856053352356
0.08146151900291443
0.08051048964262009
0.07834362983703613
0.07745132595300674
0.07512529194355011
0.07457148283720016
0.07234098762273788
0.07179170846939087
0.06908737868070602
0.06911743432283401
0.06754057109355927
0.06692871451377869
0.0655161440372467
0.06486953049898148
0.06332756578922272
0.0629354864358902
0.06156138703227043
0.061075154691934586
0.05970805138349533
0.059344030916690826
0.0582631416618824
0.058052223175764084
0.05694499611854553
0.05673455446958542
0.05614925175905228
0.05581067502498627
0.05464963614940643
0.05451209843158722
0.053645387291908264
0.05354183912277222
0.05320124700665474
0.052794065326452255
0.052075356245040894
0.0518326535820961
0.05125683173537254
0.05120522156357765
0.05054446682333946
0.050390493124723434
0.04989920184016228
0.04981290549039841
0.04957426339387894
0.04935232549905777
0.048966530710458755
0.049061063677072525
0.048648275434970856
0.048541489988565445
0.04820111766457558
0.048115022480487823
0.047847725450992584
0.04793967679142952
0.047621626406908035
0.04756825789809227
0.047384113073349
0.047296423465013504
0.047139931470155716
0.04715292528271675
0.046932220458984375
0.04691392183303833
0.04668330401182175
0.04668967425823212
0.04652177914977074
0.04647349193692207
0.04647013917565346
0.046480290591716766
0.046225689351558685
0.046190474182367325
0.04614337533712387
0.04604138806462288
0.04622092843055725
0.04600941762328148
0.045843616127967834
0.04580816999077797
0.0457993820309639
0.045881111174821854
0.045653242617845535
0.04570602998137474
0.04561541602015495
0.04561813920736313
0.04553135856986046
0.045461080968379974
0.04557842016220093
0.04549071565270424
0.04531802237033844
0.04542136564850807
0.04528376832604408
0.045288898050785065
0.04547612741589546
no squeeze
156.60231018066406
129.34634399414062
119.49896240234375
74.38375854492188
64.13893127441406
41.53700256347656
38.609737396240234
31.03729248046875
29.654464721679688
25.65964698791504
24.883556365966797
22.459806442260742
21.93861961364746
20.25571632385254
19.885974884033203
18.659439086914062
18.381359100341797
17.441349029541016
17.218116760253906
16.469823837280273
16.291181564331055
15.694769859313965
15.551703453063965
15.05051040649414
14.932165145874023
14.506354331970215
14.410999298095703
14.037613868713379
13.94645881652832
13.627182960510254
13.541975021362305
13.238079071044922
13.160516738891602
12.895103454589844
12.830267906188965
12.553112983703613
12.478269577026367
12.238299369812012
12.187263488769531
11.935018539428711
11.871036529541016
11.667083740234375
11.589000701904297
11.374553680419922
11.324036598205566
11.11217975616455
11.054414749145508
10.862902641296387
10.79849624633789
10.61745834350586
10.564711570739746
10.383052825927734
10.33516788482666
10.166234016418457
10.117809295654297
9.961488723754883
9.913130760192871
9.75256061553955
9.707486152648926
9.56805419921875
9.530312538146973
9.390634536743164
9.3572359085083
9.224113464355469
9.194437026977539
9.077876091003418
9.043501853942871
8.939970970153809
8.899589538574219
8.793919563293457
8.76552677154541
8.668259620666504
8.638300895690918
8.549290657043457
8.531976699829102
8.452025413513184
8.421297073364258
8.345100402832031
8.321255683898926
8.254179000854492
8.234798431396484
8.16717529296875
8.142011642456055
8.07889175415039
8.064298629760742
8.006051063537598
7.9901556968688965
7.940562725067139
7.9218668937683105
7.863741874694824
7.843655586242676
7.7992143630981445
7.790525913238525
7.740561008453369
7.717187881469727
7.677793979644775
7.664340496063232
7.6191864013671875
7.6037068367004395
7.564678192138672
7.550144672393799
7.516021251678467
7.5053558349609375
7.464974403381348
7.452154159545898
7.426333904266357
7.413394451141357
7.382460594177246
7.371731758117676
7.3382978439331055
7.330973148345947
7.3024373054504395
7.292749404907227
7.261024475097656
7.257572174072266
7.237650394439697
7.2227630615234375
7.200355529785156
7.200936317443848
7.177206516265869
7.170220851898193
7.146730899810791
7.136020183563232
7.126469612121582
7.1165900230407715
7.092998504638672
7.084561347961426
7.072515964508057
7.066727161407471
7.051920413970947
7.0422797203063965
7.030582427978516
7.024267196655273
7.0062642097473145
6.999735355377197
6.9869256019592285
6.98405647277832
6.974476337432861
6.964798450469971
6.954283237457275
6.944458961486816
6.930208206176758
6.927207946777344
6.9174017906188965
6.916166305541992
6.894708156585693
6.890719890594482
6.8766655921936035
6.87369441986084
6.866280555725098
6.859828472137451
6.856215476989746
6.848128795623779
6.832093238830566
6.827014446258545
6.8199334144592285
6.817099094390869
6.8092474937438965
6.802903175354004
6.798494338989258
6.789033889770508
6.774233341217041
6.77646541595459
6.763453960418701
6.7601447105407715
6.755799293518066
6.7543745040893555
6.737476825714111
6.735435485839844
6.7273736000061035
6.728580474853516
6.714900016784668
6.715832233428955
6.701419353485107
6.697079181671143
6.695649147033691
6.693663597106934
6.6766462326049805
6.6758904457092285
6.662195682525635
6.661578178405762
6.658633708953857
6.655542850494385
6.644450664520264
6.642533779144287
6.6391377449035645
6.6251444816589355
6.6169328689575195
6.615594863891602
6.613548755645752
6.606168746948242
6.607903003692627
6.603415012359619
6.587794303894043
6.583008289337158
6.572232246398926
6.568018913269043
6.563714027404785
6.561904430389404
6.558654308319092
no squeeze
154.4796600341797
75.16817474365234
61.45518493652344
33.6901969909668
30.49624252319336
22.95775604248047
21.700115203857422
18.22869873046875
17.57997703552246
15.696390151977539
15.319862365722656
14.186863899230957
13.954371452331543
13.216464042663574
13.05881118774414
12.533429145812988
12.417901992797852
12.026931762695312
11.937215805053711
11.618741035461426
11.546131134033203
11.295065879821777
11.233084678649902
11.015270233154297
10.962467193603516
10.771073341369629
10.725823402404785
10.562280654907227
10.525948524475098
10.379905700683594
10.34457778930664
10.21906852722168
10.183051109313965
10.064820289611816
10.041971206665039
9.938431739807129
9.910750389099121
9.823447227478027
9.797636032104492
9.720121383666992
9.697869300842285
9.626765251159668
9.60729694366455
9.541925430297852
9.52867603302002
9.476428031921387
9.458834648132324
9.4086332321167
9.391043663024902
9.355794906616211
9.346936225891113
9.298877716064453
9.28930377960205
9.24612045288086
9.23978042602539
9.204110145568848
9.198901176452637
9.173849105834961
9.158110618591309
9.13444995880127
9.128630638122559
9.100703239440918
9.095938682556152
9.072877883911133
9.069265365600586
9.039397239685059
9.033130645751953
9.014092445373535
9.002644538879395
8.985584259033203
8.976325035095215
8.9630708694458
8.958756446838379
8.934370994567871
8.937840461730957
8.920675277709961
8.912576675415039
8.893993377685547
8.887882232666016
8.876814842224121
8.875965118408203
8.863585472106934
8.856511116027832
8.837569236755371
8.833828926086426
8.827495574951172
8.826666831970215
8.80496597290039
8.805679321289062
8.803057670593262
8.790019989013672
8.781637191772461
8.777618408203125
8.772205352783203
8.765359878540039
8.755926132202148
8.759974479675293
8.745923042297363
8.744327545166016
8.730242729187012
8.728271484375
8.721175193786621
8.722823143005371
8.712967872619629
8.70075511932373
8.699002265930176
8.693514823913574
8.696677207946777
8.696249961853027
8.68631362915039
8.687230110168457
8.678788185119629
8.678791046142578
8.665403366088867
8.665329933166504
8.660368919372559
8.662675857543945
8.658981323242188
8.657059669494629
8.648261070251465
8.653746604919434
8.649473190307617
no squeeze
146.162841796875
27.904953002929688
25.495609283447266
20.808645248413086
20.469587326049805
19.97920799255371
19.938764572143555
19.88810920715332
19.87698745727539
19.870649337768555
19.865671157836914
19.859142303466797
19.884483337402344
19.894554138183594
