no squeeze
2.1294093132019043
0.10709056258201599
0.07794587314128876
0.0372156947851181
0.0332350879907608
0.023254627361893654
0.021696319803595543
0.01663183607161045
0.015731684863567352
0.012983005493879318
0.012398569844663143
0.010649380274116993
0.010322144255042076
0.009194116108119488
0.008914430625736713
0.00826378632336855
0.008182646706700325
0.0077505651861429214
0.007716617081314325
0.007451798301190138
0.007459715474396944
0.007357917260378599
0.007311656139791012
0.007310223300009966
0.007257500197738409
0.007251674309372902
0.007248138543218374
0.007337672170251608
0.00724096829071641
0.0072117215022444725
0.007248859852552414
0.00724375806748867
no squeeze
2.1720612049102783
0.15876518189907074
0.12577781081199646
0.09287986159324646
0.08932878077030182
0.08244355767965317
0.08153975754976273
0.07890120893716812
0.07838252931833267
0.0772181823849678
0.0770932137966156
0.07765332609415054
0.07718066871166229
0.07668653130531311
0.07665807008743286
0.0766463503241539
0.07662004977464676
0.07686543464660645
0.07686414569616318
0.0775754451751709
no squeeze
2.098722219467163
0.15059655904769897
0.10586094856262207
0.04389193281531334
0.03768351674079895
0.023704228922724724
0.02162419818341732
0.016052797436714172
0.015010067261755466
0.011942261829972267
0.01131310872733593
0.009501648135483265
0.009097550995647907
0.007844780571758747
0.007607485633343458
0.006807173136621714
0.006649574730545282
0.006078807171434164
0.005945458076894283
0.005495176650583744
0.005419973749667406
0.005150774493813515
0.005078657530248165
0.004827569238841534
0.004796770401299
0.004591598641127348
0.004537670407444239
0.004391532391309738
0.004353728611022234
0.004218863323330879
0.0042195082642138
0.004064447712153196
0.004062492400407791
0.003976438660174608
0.003966708667576313
0.0038708727806806564
0.0038587977178394794
0.0038365493528544903
0.003821729449555278
0.0037597734481096268
0.0038041321095079184
0.0037042193580418825
0.0036961061414331198
0.003685957519337535
0.003671377431601286
0.003614561166614294
0.003626907477155328
0.0035918811336159706
0.0036027238238602877
0.0035622722934931517
0.003549067536368966
0.0035229066852480173
0.0035716008860617876
0.003536761272698641
no squeeze
2.4905893802642822
0.4889948070049286
0.40868693590164185
0.27727288007736206
0.2620998024940491
0.2241595834493637
0.21709629893302917
0.1960011124610901
0.19181394577026367
0.17801669239997864
0.1747138351202011
0.16512152552604675
0.16310110688209534
0.1546558439731598
0.15329641103744507
0.14738070964813232
0.14619778096675873
0.1415718048810959
0.14030101895332336
0.13675647974014282
0.13576558232307434
0.13227470219135284
0.13172568380832672
0.12893013656139374
0.1284620463848114
0.12595154345035553
0.1258709877729416
0.12354027479887009
0.12312683463096619
0.12088169902563095
0.12028072029352188
0.11870352178812027
0.11898760497570038
0.11642719805240631
0.11687251180410385
0.11403165757656097
0.11369413137435913
0.11213820427656174
0.11170695722103119
0.10973281413316727
0.10926923155784607
0.10743077099323273
0.10687021911144257
0.10526380687952042
0.1042332574725151
0.10262338072061539
0.10227528214454651
0.10056420415639877
0.10008857399225235
0.0980091318488121
0.09750892221927643
0.09650404006242752
0.09568238258361816
0.09384074807167053
0.09403534233570099
0.09259937703609467
0.0921725183725357
0.0911836177110672
0.09057402610778809
0.08986248821020126
0.08975493907928467
0.08905203640460968
0.089060939848423
0.08791524171829224
0.08790586143732071
0.08750531822443008
0.08751727640628815
0.08685777336359024
0.08684024214744568
0.08705548942089081
0.08683702349662781
0.08620168268680573
0.08576662838459015
0.08462750166654587
0.08486158400774002
0.08455834537744522
0.08434750884771347
0.0836491733789444
0.08383464813232422
0.0834454745054245
0.08340855687856674
0.08290671557188034
0.08270162343978882
0.08258312195539474
0.08261764049530029
0.08231113106012344
0.08283855020999908
0.08224526047706604
0.08181946724653244
0.08141068369150162
0.0816868245601654
0.08206067234277725
no squeeze
1.8988925218582153
0.26037487387657166
0.21354839205741882
0.1465846598148346
0.13963209092617035
0.12283149361610413
0.11962847411632538
0.11163193732500076
0.10999326407909393
0.10563143342733383
0.10471060127019882
0.10121965408325195
0.10078443586826324
0.09835583716630936
0.09824296087026596
0.0959307923913002
0.09571061283349991
0.0936463251709938
0.09550823271274567
0.09241189062595367
0.09220065176486969
0.09343210607767105
0.09104185551404953
0.09054864197969437
0.08977460116147995
0.08909899741411209
0.08943181484937668
0.08819520473480225
0.0880218893289566
0.08805400133132935
0.08835577964782715
0.087537482380867
0.08808739483356476
0.08773717284202576
no squeeze
2.077385663986206
0.19782717525959015
0.18017080426216125
0.16694457828998566
0.16784332692623138
0.1664896458387375
0.16633692383766174
0.1650432050228119
0.16479870676994324
0.1656479388475418
0.16578875482082367
0.16707205772399902
