no squeeze
344.982666015625
185.3804168701172
152.01588439941406
76.25328063964844
67.90827941894531
50.09628677368164
47.013145446777344
37.5082893371582
35.52845764160156
28.990812301635742
27.55336570739746
22.75042724609375
21.681974411010742
18.107200622558594
17.33230209350586
14.768638610839844
14.216509819030762
12.429590225219727
12.036892890930176
10.82419490814209
10.549086570739746
9.733976364135742
9.563782691955566
9.034055709838867
8.913281440734863
8.555094718933105
8.491541862487793
8.223999977111816
8.1638765335083
7.97930908203125
7.937642574310303
7.789187908172607
7.7602434158325195
7.6352458000183105
7.605947494506836
7.514646053314209
7.487746238708496
7.406196117401123
7.393463611602783
7.320877552032471
7.304479598999023
7.232858657836914
7.22371768951416
7.171231269836426
7.166956424713135
7.119625568389893
7.108621120452881
7.063998699188232
7.053454875946045
7.02500057220459
7.022922039031982
6.991340160369873
6.990389823913574
6.961053848266602
6.95706844329834
6.938621520996094
6.93360710144043
6.9201202392578125
6.913902282714844
6.8989434242248535
6.89840030670166
6.887100696563721
6.888821125030518
6.881808757781982
6.875081539154053
6.868036270141602
6.865477085113525
6.854910850524902
6.855640888214111
6.850279331207275
6.848138809204102
6.84299373626709
6.84300422668457
6.839938640594482
6.840295791625977
6.836400508880615
6.8381452560424805
6.834841251373291
6.831476211547852
6.8266143798828125
6.824517726898193
6.829011917114258
6.829986095428467
6.824580192565918
no squeeze
343.8000183105469
184.63958740234375
152.23611450195312
86.3400650024414
80.40913391113281
67.59078979492188
65.2733383178711
58.08800506591797
56.52969741821289
51.515159606933594
50.41180419921875
46.8140983581543
45.99245834350586
43.31305694580078
42.71875762939453
40.80392074584961
40.37349319458008
38.975948333740234
38.67454528808594
37.71507263183594
37.50278854370117
36.846744537353516
36.692298889160156
36.256534576416016
36.161376953125
35.8607292175293
35.7974739074707
35.6032600402832
35.555992126464844
35.42442321777344
35.40032196044922
35.300418853759766
35.286312103271484
35.24736404418945
35.21438217163086
35.16233825683594
35.159297943115234
35.13472366333008
35.11830520629883
35.10005187988281
35.1015510559082
35.08171081542969
35.07157897949219
35.05715560913086
35.05314254760742
35.05903625488281
35.0570068359375
35.05475997924805
no squeeze
347.60357666015625
241.5261993408203
212.75987243652344
118.39156341552734
102.72502899169922
70.26068115234375
65.74787139892578
53.08615493774414
50.54724884033203
42.364906311035156
40.56434631347656
34.41450500488281
32.96626663208008
27.88785743713379
26.696237564086914
22.486228942871094
21.491416931152344
18.005542755126953
17.196666717529297
14.422712326049805
13.775344848632812
11.61199951171875
11.120003700256348
9.47431755065918
9.113176345825195
7.906662940979004
7.6319403648376465
6.725500106811523
6.520884990692139
5.8438920974731445
5.6920857429504395
5.175103187561035
5.058676719665527
4.671331405639648
4.5774760246276855
4.2637434005737305
4.194987773895264
3.964219570159912
3.9078586101531982
3.711261749267578
3.6672792434692383
3.5084779262542725
3.475642681121826
3.3518569469451904
3.324042320251465
3.2241506576538086
3.201046943664551
3.1149325370788574
3.0965919494628906
3.032790422439575
3.0146377086639404
2.9534103870391846
2.9398257732391357
2.894421100616455
2.881438970565796
2.8378512859344482
2.8278558254241943
2.7920820713043213
2.7832727432250977
2.7526395320892334
2.7445313930511475
2.715986490249634
2.708460569381714
2.6813929080963135
2.6764519214630127
2.6527576446533203
2.647718667984009
2.6301286220550537
2.622727394104004
2.6021833419799805
2.597466230392456
2.581430196762085
2.5755953788757324
2.5593607425689697
2.555445432662964
2.5411341190338135
2.5375280380249023
2.5226080417633057
2.518300771713257
2.5052483081817627
2.5022144317626953
2.4903416633605957
2.4881486892700195
2.4783384799957275
2.473450183868408
2.4642391204833984
2.461001396179199
2.451956272125244
2.4495737552642822
2.440980911254883
2.439486265182495
2.4288575649261475
2.427299976348877
2.4201903343200684
2.4177284240722656
2.4102773666381836
2.4086227416992188
2.4016427993774414
2.3998985290527344
2.3945510387420654
2.3933231830596924
2.3871865272521973
2.385540246963501
2.380481481552124
2.37933349609375
2.37459659576416
2.373090982437134
2.3686816692352295
2.3678128719329834
2.3635005950927734
2.361793279647827
2.357269525527954
2.3554625511169434
2.35404896736145
2.3530843257904053
2.3489151000976562
2.348480224609375
2.3439371585845947
2.345402956008911
2.3409173488616943
2.340336561203003
2.336540937423706
2.33638596534729
2.3349945545196533
2.3342130184173584
2.3305962085723877
2.3317792415618896
2.3285884857177734
2.328836441040039
2.325958013534546
2.324537515640259
2.3257529735565186
2.323746919631958
2.323744058609009
2.3221018314361572
2.3200254440307617
2.320240020751953
2.3198814392089844
2.318068742752075
2.3167800903320312
2.317458391189575
2.3160054683685303
2.3139522075653076
2.3131418228149414
2.3126282691955566
2.3113925457000732
2.3106234073638916
2.309722423553467
2.3108174800872803
2.3097012042999268
2.3083384037017822
2.3101003170013428
2.308245897293091
2.3083136081695557
2.305302619934082
2.3066158294677734
2.306800365447998
2.3054022789001465
no squeeze
349.528564453125
280.0876770019531
257.22808837890625
165.01853942871094
146.3971405029297
109.59508514404297
105.30158233642578
94.01760864257812
91.8460922241211
85.04438018798828
83.5869369506836
78.74366760253906
77.68230438232422
73.97651672363281
73.1207504272461
70.12895965576172
69.43250274658203
66.91914367675781
66.31932830810547
64.14724731445312
63.61589431762695
61.66843032836914
61.18724060058594
59.436180114746094
59.03827667236328
57.43672180175781
57.03462219238281
55.57694625854492
55.21073913574219
53.858314514160156
53.539024353027344
52.30377197265625
52.0077018737793
50.86543655395508
50.57212448120117
49.5035400390625
49.223384857177734
48.23324203491211
47.97496795654297
47.0564079284668
46.81616973876953
45.94673156738281
45.71299362182617
44.8889045715332
44.69324493408203
43.874412536621094
43.672447204589844
42.94551086425781
42.77201461791992
42.044124603271484
41.885894775390625
41.213897705078125
41.0234375
40.40118408203125
40.217403411865234
39.643917083740234
39.498573303222656
38.94215774536133
38.77246856689453
38.23503494262695
38.096431732177734
37.6249885559082
37.47548294067383
37.05047607421875
36.91440200805664
36.48115158081055
36.390708923339844
35.98288345336914
35.89140701293945
35.56266784667969
35.46221923828125
35.115421295166016
35.041072845458984
34.74509048461914
34.65928649902344
34.394615173339844
34.328453063964844
34.08327865600586
34.022891998291016
33.786705017089844
33.725032806396484
33.51165771484375
33.44126510620117
33.2587890625
33.21440505981445
33.035587310791016
32.975013732910156
32.82427215576172
32.7736701965332
32.59959030151367
32.54860305786133
32.39910888671875
32.344581604003906
32.19757843017578
32.154232025146484
32.0397834777832
31.9739933013916
31.837919235229492
31.850969314575195
31.701684951782227
31.656919479370117
31.50224494934082
31.460105895996094
31.322690963745117
31.29741096496582
31.17061996459961
31.131969451904297
31.0218448638916
30.98867416381836
30.868192672729492
30.821796417236328
30.708707809448242
30.675466537475586
30.5485897064209
30.523542404174805
30.41290855407715
30.374582290649414
30.24799346923828
30.235939025878906
30.11163902282715
30.082937240600586
29.98154640197754
29.934890747070312
29.857349395751953
29.80773162841797
29.719070434570312
29.7055721282959
29.586938858032227
29.551294326782227
29.486515045166016
29.471364974975586
29.358421325683594
29.32842254638672
29.244131088256836
29.257104873657227
29.217836380004883
29.121931076049805
29.053466796875
29.02935028076172
28.966346740722656
28.93250846862793
28.972200393676758
28.859508514404297
28.801921844482422
28.790388107299805
28.71235466003418
28.722684860229492
28.687854766845703
28.679418563842773
28.57065200805664
28.555803298950195
28.527807235717773
28.507080078125
28.43199348449707
28.41954803466797
28.38219451904297
28.36509132385254
28.324209213256836
28.309858322143555
28.26837730407715
28.254898071289062
28.214820861816406
28.181488037109375
28.152860641479492
28.13702964782715
28.118240356445312
28.089752197265625
28.066251754760742
28.047622680664062
28.0557804107666
28.005414962768555
28.007612228393555
28.08091926574707
27.940439224243164
27.92879295349121
27.888652801513672
27.885034561157227
27.843088150024414
27.836254119873047
27.81800651550293
27.806285858154297
27.80059814453125
27.76061248779297
27.789852142333984
27.732698440551758
27.714969635009766
27.709083557128906
27.667509078979492
27.660207748413086
27.648414611816406
27.647245407104492
27.638668060302734
27.67466163635254
27.58310890197754
27.593524932861328
27.55522346496582
27.54848289489746
27.55894660949707
27.55307388305664
27.511690139770508
no squeeze
342.0346984863281
211.6600341796875
185.23974609375
119.06270599365234
110.01641082763672
89.59272003173828
86.3485336303711
77.08633422851562
75.23506927490234
69.26062774658203
67.95962524414062
63.49421691894531
62.47358703613281
58.96855163574219
58.14495086669922
55.28855514526367
54.62479782104492
52.275054931640625
51.70377731323242
49.686344146728516
49.25669479370117
47.59937286376953
47.19786834716797
45.806949615478516
45.45906066894531
44.28640365600586
43.99570846557617
42.98158645629883
42.75526809692383
41.937164306640625
41.709800720214844
40.99671173095703
40.81236267089844
40.19361114501953
40.047882080078125
39.53358840942383
39.3826789855957
38.93680191040039
38.8086051940918
38.42096710205078
38.31779098510742
37.999019622802734
37.9278450012207
37.56678009033203
37.49149703979492
37.22623062133789
37.14507293701172
36.922943115234375
36.86146545410156
36.65383529663086
36.59043502807617
36.407649993896484
36.35652542114258
36.19942092895508
36.14268112182617
35.99427032470703
35.989566802978516
35.84074401855469
35.800601959228516
35.711097717285156
35.656089782714844
35.577701568603516
35.54374694824219
35.42916488647461
35.439823150634766
35.37451171875
35.32223892211914
35.25046157836914
35.23161697387695
35.17948913574219
35.16819763183594
35.084556579589844
35.079490661621094
35.064598083496094
35.025962829589844
34.951255798339844
34.94819641113281
34.89470291137695
34.897281646728516
34.8572998046875
34.84589385986328
34.80815124511719
34.81728744506836
34.76420593261719
34.744117736816406
34.740413665771484
34.72407150268555
34.71576690673828
34.80842208862305
34.665557861328125
34.6561393737793
34.639915466308594
34.60914993286133
34.5977668762207
34.64161682128906
34.573829650878906
34.568031311035156
34.57070541381836
34.55503845214844
34.52745819091797
34.51132583618164
34.52518081665039
34.52265167236328
34.46052551269531
34.47872543334961
34.46272277832031
no squeeze
337.1429443359375
118.3260726928711
103.52570343017578
86.30155944824219
84.21637725830078
79.162109375
78.35369110107422
76.37354278564453
76.06231689453125
75.28803253173828
75.16325378417969
74.85204315185547
74.8051528930664
74.64224243164062
74.62399291992188
74.5782241821289
74.57270050048828
74.55233001708984
74.54814910888672
74.52690887451172
74.53254699707031
74.5244140625
74.52766418457031
74.55838775634766
