no squeeze
229.83612060546875
81.1476821899414
60.76713943481445
30.69432258605957
27.179414749145508
17.632217407226562
15.849748611450195
10.569479942321777
9.528101921081543
6.407589912414551
5.798221111297607
3.9626495838165283
3.6030032634735107
2.519878625869751
2.3049473762512207
1.6528326272964478
1.5228617191314697
1.1259641647338867
1.0454926490783691
0.8014636635780334
0.749680757522583
0.5949987173080444
0.5631237030029297
0.4650925397872925
0.4445459544658661
0.38109204173088074
0.36729684472084045
0.323973149061203
0.31497377157211304
0.2855157256126404
0.2794925272464752
0.2591131031513214
0.25474780797958374
0.24086914956569672
0.23752832412719727
0.22734372317790985
0.22569185495376587
0.21577344834804535
0.21396516263484955
0.20807519555091858
0.20661740005016327
0.20188431441783905
0.20081479847431183
0.19760294258594513
0.1964520364999771
0.19386176764965057
0.19287072122097015
0.19031132757663727
0.18982619047164917
0.18804076313972473
0.1875341683626175
0.18582318723201752
0.1854228377342224
0.18422025442123413
0.183783158659935
0.18259596824645996
0.18215623497962952
0.18115001916885376
0.18098293244838715
0.18008749186992645
0.17981401085853577
0.17897778749465942
0.1787327080965042
0.1780325174331665
0.17803213000297546
0.1777314841747284
0.17716312408447266
0.17665903270244598
0.1764380782842636
0.17566733062267303
0.1755475252866745
0.17507082223892212
0.17489419877529144
0.17467810213565826
0.17431242763996124
0.17395605146884918
0.17382748425006866
0.17343299090862274
0.17317909002304077
0.1730087250471115
0.17278200387954712
0.1726643443107605
0.17241062223911285
0.17211183905601501
0.17200767993927002
0.17208369076251984
0.17182163894176483
0.17156976461410522
0.1715763509273529
0.17109639942646027
0.1712559461593628
0.17100106179714203
0.17115581035614014
0.17091920971870422
0.17091277241706848
0.17068706452846527
0.17047196626663208
0.1705605536699295
0.17061536014080048
0.17027102410793304
0.17039906978607178
0.17044109106063843
no squeeze
235.62997436523438
112.95909881591797
87.66422271728516
37.50952911376953
33.87975311279297
27.598073959350586
26.76007652282715
24.55035972595215
24.146080017089844
22.98728370666504
22.759719848632812
22.091266632080078
21.9542236328125
21.544601440429688
21.4644718170166
21.213600158691406
21.15782356262207
21.004690170288086
20.970449447631836
20.873313903808594
20.845470428466797
20.769947052001953
20.760774612426758
20.736360549926758
20.708044052124023
20.68076515197754
20.675758361816406
20.667741775512695
20.652259826660156
20.62836265563965
20.626569747924805
20.617727279663086
20.61720848083496
20.61114501953125
20.62158203125
20.60536003112793
20.592405319213867
20.592634201049805
20.58644676208496
20.58180809020996
20.579181671142578
20.5883731842041
20.58094596862793
20.57069206237793
20.578256607055664
20.570690155029297
20.577180862426758
20.568889617919922
20.57289695739746
20.5688419342041
20.56831169128418
20.566444396972656
20.561643600463867
20.57513427734375
20.56373405456543
20.560306549072266
20.558502197265625
20.59352684020996
20.562053680419922
20.554166793823242
20.549694061279297
20.611766815185547
20.577058792114258
20.54956817626953
20.55095100402832
20.55498504638672
no squeeze
236.6132354736328
153.39125061035156
131.61065673828125
62.92491912841797
52.30739212036133
31.289220809936523
28.24059295654297
20.15653419494629
18.639888763427734
14.320480346679688
13.459604263305664
10.776643753051758
10.211101531982422
8.36659049987793
7.956230640411377
6.5899658203125
6.281894207000732
5.24657678604126
5.01066255569458
4.211669921875
4.028079032897949
3.406968593597412
3.264404535293579
2.767456531524658
2.6542184352874756
2.2637147903442383
2.1745054721832275
1.8687607049942017
1.7978622913360596
1.5556584596633911
1.4991647005081177
1.3068903684616089
1.2634165287017822
1.1135847568511963
1.0787103176116943
0.961682915687561
0.9345985651016235
0.8428187966346741
0.8223652243614197
0.7494195699691772
0.7331432104110718
0.6759201884269714
0.662749707698822
0.6178589463233948
0.6065787076950073
0.5677655935287476
0.558596670627594
0.5272039175033569
0.5198604464530945
0.49578335881233215
0.48711782693862915
0.46234744787216187
0.4562869966030121
0.4365575313568115
0.4312540590763092
0.41349413990974426
0.408962219953537
0.39225688576698303
0.38858655095100403
0.37409114837646484
0.3701929450035095
0.3567635715007782
0.35342633724212646
0.3426235616207123
0.33953866362571716
0.32834774255752563
0.32541710138320923
0.3150588572025299
0.3122832477092743
0.30255836248397827
0.3002190887928009
0.2919160723686218
0.2898007929325104
0.28139519691467285
0.2796034514904022
0.27231988310813904
0.27072638273239136
0.2639419436454773
0.2623325288295746
0.2557483911514282
0.2543186843395233
0.248948872089386
0.24754910171031952
0.24199971556663513
0.2407272607088089
0.2360944300889969
0.23469573259353638
0.2297353595495224
0.2287614941596985
0.22447215020656586
0.22359417378902435
0.21994739770889282
0.21895591914653778
0.21496835350990295
0.21424821019172668
0.21131309866905212
0.21024158596992493
0.20807404816150665
0.20715448260307312
0.20430970191955566
0.20360055565834045
0.20086444914340973
0.20022065937519073
0.19787146151065826
0.1972818523645401
0.19551244378089905
0.1949087530374527
0.19310343265533447
0.19239546358585358
0.19049514830112457
0.19014325737953186
0.18848775327205658
0.18805904686450958
0.18637259304523468
0.18599852919578552
0.1845359355211258
0.18417558073997498
0.18280084431171417
0.18267607688903809
0.1816083788871765
0.18118993937969208
0.1800660640001297
0.18002982437610626
0.17886096239089966
0.17863084375858307
0.17751696705818176
0.17732883989810944
0.1765657365322113
0.17620831727981567
0.17520327866077423
0.17517580091953278
0.17450673878192902
0.17408263683319092
0.17337317764759064
0.1733834594488144
0.17265771329402924
0.1726028472185135
0.17210152745246887
0.17210029065608978
0.17108705639839172
0.1710311621427536
0.17067232728004456
0.17048779129981995
0.16974587738513947
0.169695645570755
0.16927935183048248
0.1692020744085312
0.168638676404953
0.16857238113880157
0.16854450106620789
0.16827088594436646
0.16777057945728302
0.16777141392230988
0.16739001870155334
0.16730554401874542
0.16702960431575775
0.16682441532611847
0.16659468412399292
0.1666194051504135
0.16610446572303772
0.16636182367801666
0.16587233543395996
0.1658255159854889
0.16574124991893768
0.16540956497192383
0.16524535417556763
0.16548766195774078
0.1651628166437149
0.16496171057224274
0.16478320956230164
0.16470953822135925
0.16492368280887604
0.16473516821861267
0.16449318826198578
0.16457542777061462
0.16428613662719727
0.16432230174541473
0.1640975922346115
0.1636916995048523
0.16405002772808075
0.16389231383800507
0.16352331638336182
0.1633559912443161
0.1634935438632965
0.16332541406154633
0.16346266865730286
0.16338953375816345
0.16326673328876495
0.16358104348182678
0.163360133767128
no squeeze
236.53707885742188
193.26841735839844
177.72055053710938
108.91877746582031
93.97718048095703
62.993133544921875
59.1942024230957
49.78365707397461
48.12580108642578
43.213783264160156
42.20751190185547
38.98292922973633
38.28860092163086
35.954586029052734
35.42375946044922
33.63908767700195
33.24456787109375
31.842355728149414
31.503068923950195
30.360074996948242
30.085041046142578
29.124780654907227
28.891550064086914
28.071653366088867
27.87558364868164
27.14425277709961
26.963499069213867
26.328495025634766
26.160669326782227
25.57097053527832
25.422428131103516
24.888816833496094
24.75331687927246
24.25190544128418
24.12137222290039
23.649545669555664
23.526304244995117
23.093711853027344
22.981281280517578
22.56862449645996
22.468414306640625
22.089025497436523
21.98554801940918
21.63581085205078
21.55652618408203
21.211990356445312
21.1328182220459
20.834035873413086
20.759052276611328
20.483139038085938
20.39858055114746
20.148117065429688
20.081125259399414
19.843219757080078
19.778594970703125
19.556428909301758
19.501516342163086
19.314292907714844
19.252418518066406
19.071760177612305
19.011375427246094
18.840803146362305
18.787206649780273
18.629087448120117
18.584829330444336
18.435258865356445
18.394437789916992
18.261075973510742
18.214614868164062
18.08045196533203
18.048254013061523
17.913455963134766
17.873498916625977
17.750530242919922
17.715740203857422
17.58812713623047
17.561445236206055
17.456134796142578
17.41347312927246
17.301677703857422
17.278640747070312
17.168437957763672
17.140594482421875
17.03588104248047
16.997013092041016
16.899959564208984
16.866989135742188
16.76319694519043
16.733348846435547
16.640596389770508
16.60950469970703
16.523225784301758
16.496288299560547
16.39168930053711
16.36307144165039
16.29031753540039
16.24811553955078
16.1409969329834
16.12066650390625
16.041410446166992
16.009613037109375
15.922051429748535
15.893726348876953
15.807394981384277
15.77912712097168
15.69692325592041
15.665778160095215
15.584553718566895
15.556607246398926
15.474146842956543
15.45088005065918
15.371919631958008
15.342597007751465
15.256184577941895
15.232217788696289
15.150076866149902
15.134085655212402
15.058140754699707
15.037841796875
14.960391998291016
14.936568260192871
14.867161750793457
14.837950706481934
14.771183013916016
14.74558162689209
14.671187400817871
14.653861045837402
14.583867073059082
14.567198753356934
14.508255958557129
14.490012168884277
14.433574676513672
14.41089153289795
14.345650672912598
14.339244842529297
14.286765098571777
14.270336151123047
14.214271545410156
14.215540885925293
14.166044235229492
14.147261619567871
14.104395866394043
14.089929580688477
14.048686981201172
14.037410736083984
14.000476837158203
13.987268447875977
13.955982208251953
13.94374942779541
13.907724380493164
13.90068244934082
13.868471145629883
13.848371505737305
13.834650039672852
13.819113731384277
13.807025909423828
13.790958404541016
13.775040626525879
13.751601219177246
13.739849090576172
13.731871604919434
13.70537281036377
13.70810317993164
13.687068939208984
13.677291870117188
13.659303665161133
13.652496337890625
13.634212493896484
13.613987922668457
13.612445831298828
13.595051765441895
13.587990760803223
13.578170776367188
13.567831039428711
13.55529499053955
13.549942970275879
13.543006896972656
13.52143669128418
13.512937545776367
13.512223243713379
13.497025489807129
13.481212615966797
13.47365665435791
13.469290733337402
13.46506118774414
13.470470428466797
13.449973106384277
13.445463180541992
13.444123268127441
13.428160667419434
13.412750244140625
13.399491310119629
13.407004356384277
13.396890640258789
13.402496337890625
13.38090705871582
13.384218215942383
13.361578941345215
13.363555908203125
13.344978332519531
no squeeze
235.11868286132812
134.07244873046875
111.62699127197266
55.476688385009766
49.20246505737305
37.68168640136719
35.99309539794922
31.333404541015625
30.446781158447266
27.78723907470703
27.243709564208984
25.541255950927734
25.17345428466797
23.997995376586914
23.74131965637207
22.87945556640625
22.68810272216797
22.031694412231445
21.884540557861328
21.35767936706543
21.23493003845215
20.815677642822266
20.706228256225586
20.341896057128906
20.26299285888672
19.957611083984375
19.87706184387207
19.616313934326172
19.549406051635742
19.3267879486084
19.262523651123047
19.058290481567383
19.011592864990234
18.823009490966797
18.777273178100586
18.621706008911133
18.572511672973633
18.426265716552734
18.392847061157227
18.262990951538086
18.22749900817871
18.102487564086914
18.0682430267334
17.96854591369629
17.941078186035156
17.838977813720703
17.811450958251953
17.715465545654297
17.69593620300293
17.614543914794922
17.58889389038086
17.509490966796875
17.48732566833496
17.425382614135742
17.411792755126953
17.34771156311035
17.32468032836914
17.274551391601562
17.255348205566406
17.192262649536133
17.176239013671875
17.136293411254883
17.12554359436035
17.07818603515625
17.06597328186035
17.016361236572266
17.001445770263672
16.972518920898438
16.96550941467285
16.924245834350586
16.91817855834961
16.884546279907227
16.872655868530273
16.853404998779297
16.83418083190918
16.803722381591797
16.802597045898438
16.789093017578125
16.766807556152344
16.751256942749023
16.7484130859375
16.72462272644043
16.713890075683594
16.699552536010742
16.69373893737793
16.68370819091797
16.671539306640625
16.650657653808594
16.645193099975586
16.6320743560791
16.62501335144043
16.61343002319336
16.605512619018555
16.592487335205078
16.594127655029297
16.592456817626953
16.574708938598633
16.564899444580078
16.557167053222656
16.546751022338867
16.543041229248047
16.535104751586914
16.536588668823242
16.53422737121582
16.51568603515625
16.511079788208008
16.501375198364258
16.49681282043457
16.497882843017578
16.487993240356445
16.483692169189453
16.47745132446289
16.484403610229492
16.478988647460938
no squeeze
224.08827209472656
50.05210494995117
45.960567474365234
38.1550178527832
37.37596130371094
35.63508987426758
35.39627456665039
34.833030700683594
34.744544982910156
34.569549560546875
34.545753479003906
34.48390197753906
34.47829818725586
34.463802337646484
34.46572494506836
34.478919982910156
