no squeeze
21.37333106994629
5.133472442626953
2.750459671020508
2.1213207244873047
1.772087812423706
1.6307710409164429
1.5023025274276733
1.280519723892212
1.254635214805603
1.3133736848831177
1.1156995296478271
1.2222988605499268
1.2352714538574219
1.1920533180236816
1.2990299463272095
1.0241410732269287
1.1861293315887451
1.0745288133621216
1.0613893270492554
1.081986427307129
1.1809217929840088
1.3957734107971191
1.063741683959961
0.9733009934425354
0.9481615424156189
1.1326220035552979
0.9624245166778564
0.8308306336402893
0.9311103224754333
0.9470804333686829
0.9678263664245605
0.821998655796051
0.682475745677948
0.8728436827659607
0.8942646980285645
0.9879630208015442
0.7992760539054871
0.8898008465766907
0.7778859734535217
0.8730453848838806
0.8597044348716736
0.8612213134765625
0.8365026712417603
no squeeze
25.23314094543457
6.7664408683776855
3.4076364040374756
2.539431571960449
2.264218330383301
1.9962669610977173
1.6893302202224731
1.7170335054397583
1.3513537645339966
1.5573105812072754
1.812722086906433
1.4176985025405884
1.2630559206008911
1.5068647861480713
1.1869783401489258
1.5613560676574707
1.5611971616744995
1.2580498456954956
1.2810662984848022
1.3525758981704712
1.2561081647872925
1.339107871055603
1.2831084728240967
1.332650899887085
1.3682180643081665
no squeeze
30.151697158813477
10.271267890930176
6.360393524169922
5.1518449783325195
3.8575925827026367
3.6174063682556152
3.0382089614868164
3.6678965091705322
3.035388469696045
2.666694402694702
2.426894187927246
2.9094865322113037
2.671849489212036
2.3099396228790283
2.060671329498291
2.851101875305176
2.540022611618042
1.7391504049301147
1.9855481386184692
2.3962221145629883
1.9466490745544434
1.7355073690414429
2.0377044677734375
2.486569404602051
2.217346668243408
2.5599851608276367
1.7113878726959229
2.16109561920166
1.8357136249542236
1.8047065734863281
1.6600768566131592
1.4328558444976807
1.2630258798599243
1.4606187343597412
2.0636770725250244
1.3230302333831787
1.5142589807510376
1.3702706098556519
1.6997078657150269
1.7653449773788452
1.8741248846054077
1.4465733766555786
1.9423738718032837
no squeeze
31.111955642700195
9.989286422729492
5.908999919891357
4.331719875335693
3.5934717655181885
3.113515853881836
2.8640880584716797
2.5951008796691895
2.3113255500793457
2.058716297149658
2.1456077098846436
1.925039291381836
1.7345004081726074
1.7086197137832642
1.7297160625457764
1.6624094247817993
1.6313517093658447
1.4937870502471924
1.458284854888916
1.4705222845077515
1.376792311668396
1.339088797569275
1.2202560901641846
1.2114766836166382
1.420798897743225
1.2680261135101318
1.1941754817962646
1.164190411567688
1.1551671028137207
1.2174943685531616
1.0764169692993164
1.0516557693481445
0.9908918142318726
0.9556822180747986
1.0072811841964722
1.0352529287338257
0.9642348885536194
1.0087944269180298
0.9497314095497131
0.9041652679443359
0.9143970012664795
0.9614077210426331
0.9426113963127136
0.8728589415550232
0.9831112027168274
1.0046297311782837
0.936919093132019
0.8970073461532593
0.8667777180671692
0.9291164875030518
0.8804872035980225
0.8080809712409973
0.899550199508667
0.8058241605758667
0.8418015241622925
0.894322395324707
0.7813591361045837
0.8473615050315857
0.8754994869232178
0.9505373239517212
0.8147900700569153
0.8749315142631531
0.7825063467025757
0.7204908132553101
0.6699327230453491
0.6804824471473694
0.7809129953384399
0.7294674515724182
0.7178657054901123
0.8002564311027527
0.688753068447113
0.7260438799858093
0.6558231115341187
0.6813022494316101
0.6451608538627625
0.7139575481414795
0.6455810070037842
0.6415960788726807
0.7164357900619507
0.7064655423164368
0.6009570956230164
0.6673629283905029
0.6543494462966919
0.698989987373352
0.7129130363464355
0.6541614532470703
0.5763439536094666
0.5549590587615967
0.5829938650131226
0.6003456115722656
0.6570534706115723
0.7151380777359009
0.5507219433784485
0.6569581627845764
0.6470186710357666
0.5767679810523987
0.539196252822876
0.620732307434082
0.5366597175598145
0.5414034724235535
0.5496747493743896
0.5362705588340759
0.5041968822479248
0.517601728439331
0.5674692988395691
0.5332764387130737
0.4733344316482544
0.5193477869033813
0.4719012975692749
0.4516778886318207
0.4511733651161194
0.47258588671684265
0.48560526967048645
0.4790201187133789
0.45498162508010864
0.4532603323459625
0.4642499089241028
0.44203701615333557
0.42765283584594727
0.4299584925174713
0.4952487647533417
0.41555294394493103
0.3813158869743347
0.4253477156162262
0.4503663182258606
0.44042274355888367
0.47133591771125793
0.3924984037876129
0.43988147377967834
0.40673741698265076
0.40081560611724854
0.37094199657440186
0.37691041827201843
0.3628251850605011
0.42565542459487915
0.3631353974342346
0.3914196789264679
0.3368539810180664
0.37476426362991333
0.36257854104042053
0.3882306218147278
0.33994075655937195
0.38931694626808167
0.3514012396335602
0.3463677167892456
0.3919842839241028
0.32762575149536133
0.31965598464012146
0.3504873216152191
0.37590816617012024
0.3337900638580322
0.3503996729850769
0.3040674030780792
0.325156033039093
0.31607165932655334
0.2853001356124878
0.3108102083206177
0.32826974987983704
0.27624547481536865
0.3241637945175171
0.2802583873271942
0.28109055757522583
0.29314905405044556
0.2759779989719391
0.2817429304122925
0.259400874376297
0.24766166508197784
0.26237738132476807
0.25430935621261597
0.25770434737205505
0.2736448347568512
0.2752518355846405
0.2767883837223053
0.26260438561439514
0.27139613032341003
0.24000388383865356
0.2472478747367859
0.2659103274345398
0.23731404542922974
0.22391480207443237
0.2606777250766754
0.2561991214752197
0.25226080417633057
0.25921469926834106
0.2535783052444458
0.2287854701280594
0.22871659696102142
0.20414994657039642
0.21326473355293274
0.2269313931465149
0.22946444153785706
0.21493810415267944
0.22645235061645508
0.23010417819023132
0.20373259484767914
0.19018322229385376
0.18755383789539337
0.19115819036960602
0.20865271985530853
0.17006348073482513
0.19334863126277924
0.18026484549045563
0.1929599642753601
0.18472595512866974
0.1921985000371933
0.18931040167808533
0.161446213722229
0.18194569647312164
0.17655128240585327
0.16022807359695435
0.17063969373703003
0.16893652081489563
0.19498631358146667
0.18554805219173431
0.15714696049690247
0.16115210950374603
0.137261301279068
0.13800814747810364
0.16860580444335938
0.16459093987941742
0.14267069101333618
0.1677636206150055
0.14770761132240295
0.1418992131948471
0.14709512889385223
0.1446024477481842
0.14808739721775055
no squeeze
30.600969314575195
9.61667251586914
5.73165225982666
4.297828197479248
3.580632209777832
3.137709617614746
2.676086187362671
2.403093099594116
2.3772950172424316
2.026636838912964
1.9165958166122437
2.0072295665740967
1.8556309938430786
1.6773436069488525
1.723146677017212
1.522927165031433
1.676175832748413
1.4368125200271606
1.4675288200378418
1.7180020809173584
1.3436025381088257
1.2732988595962524
1.1825584173202515
1.2773537635803223
1.418261170387268
1.1846786737442017
1.2684266567230225
1.1386538743972778
1.1537704467773438
1.1808897256851196
1.121504783630371
1.1538716554641724
1.2030495405197144
0.9855356812477112
1.026023030281067
1.0780495405197144
1.1896536350250244
1.0130194425582886
0.9999657273292542
0.9696441292762756
0.934162974357605
0.880824863910675
1.2271519899368286
0.948042631149292
0.9089465737342834
0.8909875154495239
0.8905184864997864
0.9672471880912781
0.9621328115463257
1.0489591360092163
0.9860289096832275
0.8589672446250916
0.955176591873169
0.8553078174591064
1.0147346258163452
0.8865651488304138
0.8431472778320312
0.7915498614311218
0.7706994414329529
0.83194899559021
0.7170219421386719
0.8696275353431702
0.9050053954124451
1.053534746170044
0.8639761209487915
0.8269863724708557
0.8578760623931885
0.7758631706237793
0.7105093002319336
0.9326428771018982
0.8100910186767578
0.7916845679283142
0.8899497389793396
0.7607728242874146
0.9407113790512085
0.7732371687889099
0.7885630130767822
0.7580112814903259
0.800371527671814
no squeeze
23.7445011138916
3.7491261959075928
2.8626208305358887
1.8253401517868042
1.5664088726043701
1.3898893594741821
1.8874455690383911
1.8097989559173584
1.5806403160095215
1.2915382385253906
1.1914976835250854
1.2285631895065308
1.7757409811019897
2.1729915142059326
1.3155933618545532
1.037217378616333
1.0693235397338867
1.7513182163238525
1.3181304931640625
1.3021767139434814
1.4857391119003296
1.7180020809173584
1.6322048902511597
1.579966425895691
1.815114974975586
0.6838507056236267
0.9899747967720032
0.9308082461357117
1.053633213043213
2.043250322341919
1.1773996353149414
1.7072502374649048
0.935420036315918
1.1083974838256836
1.5226601362228394
1.267016053199768
