no squeeze
21.502443313598633
5.243544578552246
2.7870965003967285
1.701556921005249
1.6196210384368896
1.1974986791610718
0.9082526564598083
0.8530451059341431
0.7517924904823303
0.6389665007591248
0.6429124474525452
0.5655162930488586
0.6025803685188293
0.538364827632904
0.530190110206604
0.5993772745132446
0.48961132764816284
0.5978235602378845
0.5792686343193054
0.582004189491272
0.5309361219406128
0.4606822729110718
0.5192852020263672
0.5713549256324768
0.6396471858024597
0.3706344962120056
0.38310831785202026
0.4205348491668701
0.4221721589565277
0.44943103194236755
0.45787158608436584
0.4515724182128906
0.4407851994037628
0.40777936577796936
0.4034881889820099
0.48071378469467163
no squeeze
13.103086471557617
3.87577748298645
2.021763324737549
1.143661618232727
0.6817024946212769
0.40571799874305725
0.3952641785144806
0.32200145721435547
0.18033739924430847
0.20060601830482483
0.0982409417629242
0.09160777181386948
0.056749653071165085
0.18041889369487762
0.08023642003536224
0.1332780122756958
0.1344023048877716
0.11135060340166092
0.05548575147986412
0.03432011231780052
0.04391907528042793
0.04785153269767761
0.03309089317917824
0.032081615179777145
0.03654070943593979
0.037279851734638214
0.0759589895606041
0.04768695309758186
0.024276426061987877
0.0358084999024868
0.029290063306689262
0.032220471650362015
0.04724530875682831
0.10615610331296921
0.08176970481872559
0.016627993434667587
0.028600692749023438
0.07143831998109818
0.038384903222322464
0.11487134546041489
0.031017238274216652
0.019347842782735825
0.014756365679204464
0.016547711566090584
0.013684848323464394
0.08814796060323715
0.023382429033517838
0.016558850184082985
0.023231150582432747
0.02022329345345497
0.019958017393946648
0.026212312281131744
0.01416975911706686
0.014248953200876713
0.02260836772620678
no squeeze
22.204912185668945
8.048531532287598
5.401744842529297
3.5302071571350098
2.7721688747406006
2.0330231189727783
1.800908088684082
1.5193634033203125
1.1799482107162476
1.0017292499542236
1.0062446594238281
0.8335874676704407
0.6570769548416138
0.6517117619514465
0.6142812371253967
0.6494553685188293
0.5618531703948975
0.5596477389335632
0.3792300820350647
0.4973274767398834
0.43232837319374084
0.34021249413490295
0.44311973452568054
0.2759963274002075
0.20269009470939636
0.2824162542819977
0.6386045217514038
0.31950294971466064
0.17190712690353394
0.3612889051437378
0.18547385931015015
0.2613820731639862
0.1488582044839859
0.1398451030254364
0.10978448390960693
0.20365308225154877
0.15512579679489136
0.24097731709480286
0.10514341294765472
0.21454983949661255
0.23912855982780457
0.2752551734447479
0.10287816822528839
0.0907866507768631
0.0892488956451416
0.10200752317905426
0.05824409797787666
0.06689846515655518
0.11805848777294159
0.10132478177547455
0.10409672558307648
0.12095826864242554
0.0716267004609108
0.05674340948462486
0.06670234352350235
0.07544231414794922
0.06771039217710495
0.05045943707227707
0.11788783222436905
0.20705167949199677
0.2200598567724228
0.06855874508619308
0.0734255313873291
0.09740640223026276
0.19890423119068146
0.12635177373886108
0.15800343453884125
0.21913164854049683
no squeeze
19.703031539916992
8.856542587280273
6.735276222229004
5.1791839599609375
4.2964277267456055
3.6692278385162354
3.3412859439849854
2.7847728729248047
2.529881715774536
2.2477023601531982
2.122958183288574
1.9752458333969116
1.8455867767333984
1.6714893579483032
1.6072380542755127
1.5133428573608398
1.5066531896591187
1.4207872152328491
1.397594690322876
1.267282247543335
1.260681390762329
1.20322847366333
1.1181399822235107
1.0639595985412598
1.0923936367034912
0.964762806892395
0.9096299409866333
1.003359317779541
0.9065027832984924
0.9343701601028442
0.8089917898178101
0.9152588248252869
0.8299388885498047
0.7970202565193176
0.774354875087738
0.7299566864967346
0.6894781589508057
0.8008652925491333
0.6632934212684631
0.8016283512115479
0.7594603300094604
0.6409834027290344
0.7281281352043152
0.687436044216156
0.6666231155395508
0.6936903595924377
0.7134582996368408
0.6481071710586548
0.6152106523513794
0.641875147819519
0.5581336617469788
0.6455771923065186
0.5453969836235046
0.5709852576255798
0.6041608452796936
0.4994533658027649
0.5079218149185181
0.6044886708259583
0.5302852392196655
0.5018251538276672
0.509300947189331
0.556623101234436
0.5183501243591309
0.5120683908462524
0.5004857778549194
0.4800426959991455
0.45935267210006714
0.44118693470954895
0.4620729982852936
0.4464714229106903
0.4582245945930481
0.4712519943714142
0.4056210219860077
0.48320454359054565
0.39637455344200134
0.37806466221809387
0.4307922124862671
0.3912056088447571
0.4135805070400238
0.40180039405822754
0.3871007263660431
0.39352893829345703
0.4133569896221161
0.3359982967376709
0.41036731004714966
0.4389958679676056
0.41513317823410034
0.40162548422813416
0.4504939913749695
0.41721636056900024
0.3555777072906494
0.380304753780365
0.4093259572982788
0.34675413370132446
no squeeze
19.391345977783203
7.594333171844482
4.999044895172119
3.7562992572784424
2.9630320072174072
2.591398000717163
2.257164239883423
1.8775242567062378
1.6989129781723022
1.6068060398101807
1.4141463041305542
1.2982268333435059
1.2670485973358154
1.1741267442703247
1.128922462463379
1.1324712038040161
0.9035131335258484
0.9584504961967468
0.9426209330558777
1.1297417879104614
0.9250064492225647
1.1148097515106201
0.8017534613609314
0.793193519115448
0.8864117860794067
0.7206859588623047
0.7342591285705566
0.6931555867195129
0.6705077886581421
0.7810152769088745
0.583439826965332
0.6102287173271179
0.6212462186813354
0.5385468006134033
0.5878955125808716
0.5229712128639221
0.6445130705833435
0.5241671800613403
0.6046508550643921
0.5575477480888367
0.501487135887146
0.4706921875476837
0.5450778603553772
0.4870266020298004
0.5752049684524536
0.4454303979873657
0.5598580241203308
0.541096568107605
0.5130523443222046
0.50849449634552
0.5107691287994385
0.4503956437110901
0.49165037274360657
0.461273193359375
0.4312647581100464
0.4673486053943634
0.39193353056907654
0.3954504430294037
0.39868998527526855
0.4150161147117615
0.446540892124176
0.3772825598716736
0.38430649042129517
0.41610777378082275
0.37529605627059937
0.37256568670272827
0.36143621802330017
0.37444785237312317
0.3485829532146454
0.3606399595737457
0.3985441029071808
0.38238731026649475
0.3650220036506653
0.3398359715938568
0.292386919260025
0.3230079710483551
0.4636634290218353
0.3305829167366028
0.26321491599082947
0.31265488266944885
0.28392264246940613
0.33414125442504883
0.30126434564590454
0.3389332592487335
0.4088740050792694
0.3476427495479584
0.2683221995830536
0.3069133460521698
0.3169212341308594
no squeeze
21.599201202392578
5.809910774230957
2.653153896331787
2.3781683444976807
2.0373637676239014
1.8916919231414795
1.4634264707565308
2.129265785217285
1.5183278322219849
1.1292833089828491
1.1795694828033447
1.3579899072647095
2.0543172359466553
1.5548349618911743
1.625819444656372
1.5717381238937378
1.8299405574798584
2.8208248615264893
1.8428832292556763
1.420784831047058
