no squeeze
451.12921142578125
252.37596130371094
212.12030029296875
119.05248260498047
108.27676391601562
86.26458740234375
82.9300537109375
73.6083755493164
71.79560089111328
65.99713134765625
64.73614501953125
60.764320373535156
59.900569915771484
57.16110610961914
56.542118072509766
54.67213439941406
54.2376708984375
52.912925720214844
52.613075256347656
51.65694808959961
51.49565124511719
50.86764907836914
50.6986083984375
50.28050994873047
50.119873046875
49.785037994384766
49.73076248168945
49.492820739746094
49.434776306152344
49.34168243408203
49.234561920166016
49.16718292236328
49.08034896850586
48.954078674316406
48.93077087402344
48.898902893066406
48.882381439208984
48.79872512817383
48.82406234741211
48.75571823120117
48.734893798828125
48.7606315612793
48.69234085083008
48.609130859375
48.64170837402344
48.6782112121582
no squeeze
451.5616760253906
301.4383850097656
262.9433288574219
139.66700744628906
119.46835327148438
77.6976318359375
72.14286804199219
57.29808044433594
54.51374816894531
45.71284103393555
43.80622863769531
37.51491928100586
36.13441467285156
31.464725494384766
30.429588317871094
26.92599105834961
26.14512825012207
23.510286331176758
22.924102783203125
20.965417861938477
20.530643463134766
19.07733154296875
18.75945281982422
17.672719955444336
17.438068389892578
16.626056671142578
16.452470779418945
15.8836669921875
15.742504119873047
15.305158615112305
15.214139938354492
14.898155212402344
14.819074630737305
14.593376159667969
14.540548324584961
14.389572143554688
14.341828346252441
14.210772514343262
14.186901092529297
14.106806755065918
14.07248592376709
14.017796516418457
13.99921703338623
13.945051193237305
13.935175895690918
13.905479431152344
13.89262580871582
13.86194133758545
13.862510681152344
13.836310386657715
13.846966743469238
13.815544128417969
13.813495635986328
13.809616088867188
13.802385330200195
13.779356956481934
13.778952598571777
13.774474143981934
13.775491714477539
13.763772010803223
13.766252517700195
13.763607025146484
13.758382797241211
13.752013206481934
13.74265193939209
13.755605697631836
13.751419067382812
13.756956100463867
no squeeze
452.2633972167969
348.7436828613281
317.6258239746094
195.59889221191406
168.69418334960938
100.71632385253906
91.08250427246094
68.11088562011719
64.09461975097656
51.91781997680664
49.37574768066406
41.00690460205078
39.118717193603516
32.77637481689453
31.33613395690918
26.415878295898438
25.285982131958008
21.426895141601562
20.545072555541992
17.50779914855957
16.82000160217285
14.441732406616211
13.904984474182129
12.065366744995117
11.645421028137207
10.216292381286621
9.892155647277832
8.784638404846191
8.534053802490234
7.681543827056885
7.4893693923950195
6.83840799331665
6.689024448394775
6.1825079917907715
6.065586566925049
5.668756484985352
5.576541423797607
5.2668023109436035
5.195708274841309
4.945504665374756
4.889005661010742
4.694458961486816
4.6463422775268555
4.486039161682129
4.448418140411377
4.316833019256592
4.286612510681152
4.180793762207031
4.1540093421936035
4.07008171081543
4.045661926269531
3.9706833362579346
3.9527206420898438
3.8917806148529053
3.8757073879241943
3.8228132724761963
3.8109195232391357
3.7655622959136963
3.754124164581299
3.715219020843506
3.705173969268799
3.674055337905884
3.665548801422119
3.6344246864318848
3.6291654109954834
3.6036970615386963
3.5978963375091553
3.5759096145629883
3.5694034099578857
3.551588296890259
3.546787738800049
3.5292675495147705
3.5234930515289307
3.510044574737549
3.5055489540100098
3.4931604862213135
3.488795757293701
3.4771459102630615
3.472900867462158
3.4640250205993652
3.4596970081329346
3.450026512145996
3.447573661804199
3.439579963684082
3.4373295307159424
3.4285707473754883
3.4271090030670166
3.4192516803741455
3.420003890991211
3.4126436710357666
3.409585952758789
3.404616594314575
3.4035189151763916
3.397956371307373
3.3962528705596924
3.391434669494629
3.390882730484009
3.3870389461517334
3.3848893642425537
3.3808085918426514
3.3798716068267822
3.376575469970703
3.372926712036133
3.3728792667388916
3.3714792728424072
3.3682687282562256
3.365934371948242
3.3633511066436768
3.36128568649292
3.3602042198181152
3.359363555908203
3.357347249984741
3.356534004211426
3.353166341781616
3.353271484375
3.349797248840332
3.3513646125793457
3.347726821899414
3.3477866649627686
3.3457019329071045
3.3438315391540527
3.3440115451812744
3.3416635990142822
3.340366840362549
3.3427529335021973
3.3384573459625244
3.338784694671631
3.337557792663574
3.3359792232513428
3.3356730937957764
3.334059953689575
3.3342502117156982
3.3331849575042725
3.333314895629883
3.3321762084960938
3.3309667110443115
3.330720901489258
3.3317711353302
3.329395294189453
3.3306949138641357
3.327058792114258
3.325814723968506
3.3251259326934814
3.3269870281219482
3.324608325958252
3.32558536529541
3.325049877166748
3.3247902393341064
no squeeze
455.22210693359375
392.2680969238281
369.5757751464844
264.45965576171875
238.50709533691406
171.9086456298828
162.62908935546875
139.4908905029297
135.35040283203125
122.86590576171875
120.21821594238281
111.62042236328125
109.72265625
103.26417541503906
101.80072021484375
96.65739440917969
95.46222686767578
91.26774597167969
90.23261260986328
86.64010620117188
85.75025939941406
82.58341217041016
81.85839080810547
79.00498962402344
78.3222885131836
75.79698944091797
75.15098571777344
72.814453125
72.21634674072266
69.98886108398438
69.44405364990234
67.41456604003906
66.91348266601562
64.98326110839844
64.50175476074219
62.722007751464844
62.27450942993164
60.576412200927734
60.14246368408203
58.589115142822266
58.18095016479492
56.7446403503418
56.35549545288086
55.05427551269531
54.69325637817383
53.45549774169922
53.152992248535156
52.01134490966797
51.759342193603516
50.738182067871094
50.46393585205078
49.51978302001953
49.29787826538086
48.439613342285156
48.24766159057617
47.470340728759766
47.292869567871094
46.61412811279297
46.43153381347656
45.81211471557617
45.62907028198242
45.070674896240234
44.99382400512695
44.4454345703125
44.29470443725586
43.84409713745117
43.71603775024414
43.25392150878906
43.13740921020508
42.71994400024414
42.631263732910156
42.27853012084961
42.19023895263672
41.8092041015625
41.739166259765625
41.41490173339844
41.35354232788086
41.03804016113281
40.93093490600586
40.69237518310547
40.59050369262695
40.36102294921875
40.243202209472656
40.02239990234375
39.956947326660156
39.70184326171875
39.62771987915039
39.39755630493164
39.33607482910156
39.12221145629883
39.082435607910156
38.863685607910156
38.81599044799805
38.64835739135742
38.57815933227539
38.37639236450195
38.330322265625
38.18840408325195
38.10924530029297
37.98609924316406
37.920318603515625
37.72088623046875
37.67728805541992
37.57091522216797
37.54948425292969
37.38380813598633
37.34028625488281
37.19086837768555
37.17851638793945
37.07080841064453
37.03652572631836
36.88486862182617
36.849632263183594
36.75025939941406
36.731815338134766
36.648590087890625
36.59575271606445
36.472389221191406
36.4511604309082
36.39613342285156
36.34658432006836
36.280052185058594
36.265384674072266
36.175052642822266
36.133445739746094
36.099769592285156
36.06865310668945
35.991336822509766
35.962955474853516
35.956478118896484
35.873966217041016
35.851898193359375
35.83054733276367
35.810237884521484
35.74574279785156
35.73784637451172
35.740631103515625
35.64239501953125
35.63129425048828
35.5799560546875
35.61874008178711
35.74210739135742
no squeeze
453.0491027832031
348.2104187011719
320.8349914550781
220.77574157714844
198.72686767578125
139.0464630126953
129.59719848632812
106.3569564819336
102.41290283203125
91.24231719970703
89.02342224121094
82.1034164428711
80.59009552001953
75.58186340332031
74.45361328125
70.52178192138672
69.61259460449219
66.44112396240234
65.68630981445312
63.019954681396484
62.386898040771484
60.135982513427734
59.61398696899414
57.73618698120117
57.263431549072266
55.64455032348633
55.25724792480469
53.87448501586914
53.54899978637695
52.37424850463867
52.0974006652832
51.091270446777344
50.84453582763672
49.99563980102539
49.79216766357422
49.06365203857422
48.89889907836914
48.30318069458008
48.13298416137695
47.60617446899414
47.48558807373047
47.028682708740234
46.920257568359375
46.54607009887695
46.44015121459961
46.11116027832031
46.03617858886719
45.76507568359375
45.68029022216797
45.45343017578125
45.36933898925781
45.15676498413086
45.11625671386719
44.9383544921875
44.870445251464844
44.69970703125
44.63892364501953
44.50630187988281
44.462188720703125
44.34493637084961
44.3358268737793
44.2038688659668
44.15145492553711
44.0342903137207
44.01638412475586
43.929542541503906
43.918731689453125
43.80653762817383
43.783912658691406
43.69537353515625
43.68650436401367
43.625362396240234
43.600521087646484
43.49900817871094
43.49506759643555
43.48668670654297
43.43527603149414
43.37519836425781
43.37117004394531
43.309478759765625
43.29691696166992
43.28853225708008
43.29191589355469
43.21297073364258
43.20313262939453
43.17299270629883
43.14167022705078
43.10407638549805
43.08911895751953
43.0968017578125
43.06037139892578
43.03240203857422
43.03414535522461
42.98807144165039
42.952266693115234
42.93928909301758
42.92433166503906
42.928382873535156
42.90538787841797
42.900211334228516
42.861228942871094
42.91907501220703
42.91206359863281
42.823368072509766
42.84273147583008
42.78633117675781
42.80814743041992
42.81709289550781
no squeeze
441.2186584472656
193.02500915527344
158.88279724121094
109.8775863647461
106.43359375
100.37407684326172
99.6665267944336
97.90190887451172
97.59526824951172
96.74068450927734
96.58829498291016
96.12622833251953
95.99474334716797
95.70616149902344
95.633056640625
95.49278259277344
95.42386627197266
95.33142852783203
95.33452606201172
95.25608825683594
95.17787170410156
95.20272827148438
95.16206359863281
95.13562774658203
95.17255401611328
95.16382598876953
