no squeeze
39.055137634277344
7.79625129699707
5.8472771644592285
2.4428465366363525
2.0556325912475586
1.2340470552444458
1.1238348484039307
0.8712645769119263
0.8361532092094421
0.7546908855438232
0.7423952221870422
0.7161288857460022
0.7115565538406372
0.7003191709518433
0.6976031064987183
0.6934782266616821
0.6911521553993225
0.6884819865226746
0.6911548972129822
0.6879604458808899
0.6862860321998596
0.685001015663147
0.685756266117096
0.6832675337791443
0.6839268803596497
0.683447003364563
no squeeze
37.850276947021484
7.846026420593262
6.943953990936279
4.708000659942627
4.392297744750977
3.598165512084961
3.464752674102783
3.1175379753112793
3.0596916675567627
2.915249824523926
2.8892617225646973
2.823451519012451
2.812344551086426
2.775968074798584
2.7709696292877197
2.7553958892822266
2.749455690383911
2.7348885536193848
2.735621452331543
2.730999708175659
2.7280666828155518
2.7246720790863037
2.725161552429199
2.721524238586426
2.7203006744384766
2.719383478164673
2.717395305633545
2.7230477333068848
2.7157204151153564
2.716233015060425
2.7211930751800537
2.723341226577759
no squeeze
39.085418701171875
11.208892822265625
8.687347412109375
4.366477966308594
3.786344051361084
2.418450117111206
2.184769630432129
1.5331430435180664
1.4101558923721313
1.051047444343567
0.9831197261810303
0.7819033265113831
0.7421095967292786
0.6218827962875366
0.5980628728866577
0.5233657956123352
0.5079479217529297
0.4580073654651642
0.4476139545440674
0.41290283203125
0.4051652252674103
0.378822922706604
0.3731015622615814
0.35272789001464844
0.3483726978302002
0.33226722478866577
0.32810768485069275
0.31391942501068115
0.3108712136745453
0.2986829876899719
0.2958243191242218
0.2863270938396454
0.28415191173553467
0.2752949893474579
0.27356046438217163
0.26651960611343384
0.26495984196662903
0.2592719495296478
0.2575237452983856
0.2521919906139374
0.251076877117157
0.24675849080085754
0.24594663083553314
0.24193891882896423
0.24116864800453186
0.23807293176651
0.23687008023262024
0.23459801077842712
0.2340090423822403
0.2313985973596573
0.23075343668460846
0.22838038206100464
0.22822201251983643
0.22585614025592804
0.2259940654039383
0.22401529550552368
0.22357724606990814
0.2222537249326706
0.2222738415002823
0.2208712249994278
0.22049230337142944
0.2190702110528946
0.21886587142944336
0.218021422624588
0.21729427576065063
0.21672384440898895
0.21665912866592407
0.21534527838230133
0.21539905667304993
0.2144109010696411
0.2149081975221634
0.2142617106437683
0.21382445096969604
0.21347123384475708
0.2131933718919754
0.21247829496860504
0.2121451497077942
0.21198275685310364
0.21208906173706055
0.21155166625976562
0.2111545205116272
0.21085040271282196
0.21104465425014496
0.2105114459991455
0.2106788456439972
0.2100372612476349
0.21012111008167267
0.20968052744865417
0.2099202573299408
0.20989398658275604
no squeeze
40.04258346557617
24.721153259277344
21.50347900390625
13.714860916137695
12.604015350341797
9.963460922241211
9.535320281982422
8.345885276794434
8.105476379394531
7.3681321144104
7.208357334136963
6.681819915771484
6.562305450439453
6.1715826988220215
6.076020240783691
5.765754699707031
5.691072940826416
5.440993785858154
5.381876468658447
5.1760149002075195
5.122615337371826
4.957305431365967
4.912031173706055
4.7672834396362305
4.737620830535889
4.609080791473389
4.576435565948486
4.471020698547363
4.447546005249023
4.352705955505371
4.3298821449279785
4.249058246612549
4.227327346801758
4.154078960418701
4.136970043182373
4.070608139038086
4.052095890045166
3.994825839996338
3.9771225452423096
3.923595428466797
3.9079396724700928
3.8572304248809814
3.840521812438965
3.796739101409912
3.785107135772705
3.737004280090332
3.723346710205078
3.6771738529205322
3.6684696674346924
3.6341135501861572
3.619401454925537
3.5813863277435303
3.5668540000915527
3.5320422649383545
3.522669792175293
3.489950656890869
3.478036880493164
3.4495227336883545
3.4423162937164307
3.406881332397461
3.4000320434570312
3.3727622032165527
3.3599374294281006
3.337916374206543
3.3273191452026367
3.2990598678588867
3.2950780391693115
3.2716281414031982
3.2688941955566406
3.2453975677490234
3.2357301712036133
3.214751720428467
3.2090680599212646
3.1946606636047363
3.1875407695770264
3.170694351196289
3.1645376682281494
3.1451706886291504
3.139854907989502
3.1266512870788574
3.124391555786133
3.1054065227508545
3.0991179943084717
3.0925021171569824
3.0848605632781982
3.072573184967041
3.0687856674194336
3.05303692817688
3.050002336502075
3.039424419403076
3.0348422527313232
3.0224099159240723
3.0202443599700928
3.016157627105713
3.005103826522827
2.997636556625366
2.992492914199829
2.986605167388916
2.980067253112793
2.96993088722229
2.968754529953003
2.959103584289551
2.9552175998687744
2.951894521713257
2.9438557624816895
2.9378819465637207
2.942457675933838
2.9264581203460693
2.9350674152374268
2.918123245239258
2.9160592555999756
2.913060426712036
2.9058241844177246
2.8982338905334473
2.8964695930480957
2.887824296951294
2.8866748809814453
2.8790512084960938
2.874469757080078
2.8741276264190674
2.8715310096740723
2.864234685897827
2.8596348762512207
2.8529224395751953
2.849050283432007
2.848755359649658
2.847135543823242
2.8376407623291016
2.8382225036621094
2.8286614418029785
2.827691078186035
2.8209309577941895
2.8275787830352783
2.8102869987487793
2.8151562213897705
2.8042380809783936
2.8037588596343994
2.7966396808624268
2.7987940311431885
2.78804612159729
2.792450189590454
2.7833073139190674
2.7836341857910156
2.7764949798583984
2.7815029621124268
2.7770092487335205
no squeeze
38.85319137573242
13.466536521911621
11.658288955688477
8.050495147705078
7.5385637283325195
6.1677141189575195
5.914055824279785
5.152482032775879
5.00775146484375
4.5496320724487305
4.458917140960693
4.16249418258667
4.098069190979004
3.9062387943267822
3.865847587585449
3.735772132873535
3.7065441608428955
3.6144235134124756
3.5947492122650146
3.529712677001953
3.5117971897125244
3.4574697017669678
3.4472403526306152
3.409579277038574
3.3950717449188232
3.367269515991211
3.357675552368164
3.3307149410247803
3.318551778793335
3.2934961318969727
3.287295341491699
3.267613410949707
3.2599077224731445
3.243375539779663
3.2380502223968506
3.2258543968200684
3.2176835536956787
3.2153050899505615
3.1971487998962402
3.1813669204711914
3.1787633895874023
3.181035280227661
3.1694529056549072
3.1583502292633057
3.151336431503296
3.142343044281006
3.1419777870178223
3.1497232913970947
3.134737491607666
3.126513719558716
3.1197218894958496
3.1163880825042725
3.117335557937622
3.1135759353637695
3.1009316444396973
3.1022822856903076
3.097095489501953
3.091038703918457
3.088250160217285
3.0908312797546387
3.0870983600616455
3.079298734664917
3.0843663215637207
3.074674606323242
3.080183744430542
3.0702338218688965
3.0723376274108887
3.072103977203369
no squeeze
37.35444641113281
8.022137641906738
7.478616237640381
6.798135280609131
6.766088485717773
6.731584072113037
6.733994483947754
6.7304182052612305
6.741256237030029
6.735625743865967
