no squeeze
7.484982013702393
0.41058284044265747
0.26476234197616577
0.07307510823011398
0.05746258795261383
0.02757873199880123
0.023772263899445534
0.015015835873782635
0.013630910776555538
0.01007906161248684
0.009460991248488426
0.007833370007574558
0.007402865216135979
0.006411158945411444
0.006196293514221907
0.005606696009635925
0.005485104396939278
0.005093580577522516
0.005003059282898903
0.004758954513818026
0.00471503334119916
0.004539199639111757
0.004502466414123774
0.004389813635498285
0.004377941135317087
0.00431290827691555
0.004292807541787624
0.004236873704940081
0.004243664443492889
0.004213948734104633
0.0041795410215854645
0.004152240697294474
0.004150775261223316
0.004132003057748079
0.004123099613934755
0.004109516739845276
0.004102557897567749
0.004092314746230841
0.004068263340741396
0.004074460361152887
0.004087012726813555
0.004075402859598398
no squeeze
8.077091217041016
0.4143025577068329
0.25853824615478516
0.06331829726696014
0.04927524924278259
0.02500714547932148
0.021704072132706642
0.014714160934090614
0.01355653628706932
0.01076184120029211
0.010293885134160519
0.009020531550049782
0.008824319578707218
0.008169269189238548
0.008051509037613869
0.00776556646451354
0.007735282648354769
0.007595200091600418
0.007570330984890461
0.007481812033802271
0.007459294516593218
0.007408882956951857
0.00739497784525156
0.0073804729618132114
0.007371950428932905
0.007332623936235905
0.007324501872062683
0.0072829690761864185
0.007318186108022928
0.007264405023306608
0.0072843958623707294
0.0072859665378928185
no squeeze
7.95469856262207
1.325808048248291
1.016276240348816
0.3862537741661072
0.3142263889312744
0.16669785976409912
0.14713826775550842
0.09815663844347
0.0898718386888504
0.06581895798444748
0.06096712499856949
0.0456860214471817
0.04277335852384567
0.03371063247323036
0.031560201197862625
0.025167414918541908
0.023563094437122345
0.018738804385066032
0.017679788172245026
0.014340267516672611
0.013676510192453861
0.011481446214020252
0.010985358618199825
0.009403776377439499
0.009033571928739548
0.007895132526755333
0.007619993295520544
0.006874735467135906
0.006657565478235483
0.00608261302113533
0.005966552533209324
0.005548655986785889
0.005468076094985008
0.005166754126548767
0.005108257289975882
0.004895196761935949
0.0048535289242863655
0.004700190387666225
0.00467260368168354
0.004556725732982159
0.004520126152783632
0.004416884854435921
0.004412531852722168
0.00433256896212697
0.004310310818254948
0.004275728948414326
0.004257215652614832
0.004202807322144508
0.004205038771033287
0.004171893931925297
0.004141942597925663
0.004113668575882912
0.004110637586563826
0.004078519064933062
0.004076743498444557
0.004058482591062784
0.0040550632402300835
0.0040258546359837055
0.004037719219923019
0.004023796413093805
0.004021754488348961
0.003979857545346022
0.004007467534393072
0.003997505642473698
no squeeze
8.66412353515625
3.7676732540130615
2.9848997592926025
1.5155034065246582
1.34078848361969
0.9298797249794006
0.8590871691703796
0.6528591513633728
0.6107596158981323
0.48356732726097107
0.4573763906955719
0.3739088177680969
0.3561364412307739
0.30050158500671387
0.2896355390548706
0.25126218795776367
0.24365480244159698
0.21863994002342224
0.21348465979099274
0.19486893713474274
0.1915401667356491
0.17980025708675385
0.17568188905715942
0.16684648394584656
0.16433608531951904
0.15729843080043793
0.15557129681110382
0.15002202987670898
0.1508275717496872
0.144133523106575
0.1452014297246933
0.1398032009601593
0.13949163258075714
0.13708852231502533
0.13601122796535492
0.13433855772018433
0.1333511769771576
0.1325814425945282
0.13168445229530334
0.1302906721830368
0.13016675412654877
0.1278274804353714
0.1278274804353714
0.12643951177597046
0.12610696256160736
0.12754309177398682
0.1249559074640274
0.12381834536790848
0.12308883666992188
0.12149728089570999
0.12219676375389099
0.12053874880075455
0.1194404736161232
0.11618094891309738
0.11582337319850922
0.11524989455938339
0.11308015137910843
0.11023829877376556
0.10837461054325104
0.10459969192743301
0.10427363216876984
0.09919729083776474
0.09994842112064362
0.0910525843501091
0.08858353644609451
0.08149848878383636
0.07925797998905182
0.06912630051374435
0.06640928238630295
0.0567815937101841
0.05330449715256691
0.043516114354133606
0.041138842701911926
0.03248574212193489
0.030454019084572792
0.02449171058833599
0.023192130029201508
0.019098974764347076
0.01825055666267872
0.015727343037724495
0.015314009040594101
0.013929690234363079
0.01360934879630804
0.012827245518565178
0.012690161354839802
0.012307226657867432
0.012156125158071518
0.012346608564257622
0.012101744301617146
0.0115189328789711
0.011434885673224926
0.011355021968483925
0.01130340714007616
0.0112812714651227
0.011245712637901306
0.011216740123927593
0.011165398173034191
0.011242080479860306
0.01120652724057436
0.011170340701937675
no squeeze
8.250158309936523
1.2183529138565063
0.9566742777824402
0.5184078216552734
0.46055445075035095
0.3116288483142853
0.28644314408302307
0.20796488225460052
0.19312851130962372
0.14960695803165436
0.14099343121051788
0.11331479251384735
0.10750354081392288
0.08998896181583405
0.08548620343208313
0.07096382975578308
0.067983478307724
0.05752676725387573
0.05556989088654518
0.047672756016254425
0.04580342769622803
0.04007721692323685
0.038818150758743286
0.03445759043097496
0.03333291783928871
0.03004126437008381
0.029185445979237556
0.026536498218774796
0.025963813066482544
0.02377563901245594
0.023407256230711937
0.02204647660255432
0.021580426022410393
0.020224783569574356
0.019833751022815704
0.018915342167019844
0.018621593713760376
0.01785307377576828
0.017519094049930573
0.0166576337069273
0.016565553843975067
0.015835892409086227
0.015703069046139717
0.015161382965743542
0.015052180737257004
0.014721905812621117
0.014514217153191566
0.014102929271757603
0.013992412947118282
0.013653451576828957
0.013645805418491364
0.013239547610282898
0.013396882452070713
0.013257083483040333
no squeeze
7.720347881317139
0.3826064169406891
0.27360621094703674
0.1669597625732422
0.16045396029949188
0.1517922431230545
0.14956197142601013
0.14818710088729858
0.15428979694843292
0.1500619351863861
