no squeeze
1.0220195055007935
0.24783270061016083
0.11482040584087372
0.07434551417827606
0.04427723586559296
0.03314772620797157
0.02273392118513584
0.017120476812124252
0.013532971031963825
0.011080116964876652
0.00918607972562313
0.009219709783792496
0.009560219012200832
0.005272714886814356
0.004422307945787907
0.004998254589736462
0.004665484186261892
0.004290383774787188
0.003217114834114909
0.00294797052629292
0.00321592902764678
0.0026042412500828505
0.00363031099550426
0.0019781102892011404
0.0017299867467954755
0.0019025823567062616
0.0016918551409617066
0.0014408782590180635
0.0012517778668552637
0.0013971623266115785
0.0012402383144944906
0.0010688257170841098
0.000891106843482703
0.0012308016885071993
0.0009335507056675851
0.0012883938616141677
0.0011125700548291206
0.0007911816355772316
0.0007770913070999086
0.0006902525783516467
0.0006959570455364883
0.0007314860704354942
0.0007500036736018956
0.0006546350196003914
0.0006566301453858614
0.0008882658439688385
0.0012985895154997706
0.0006747375591658056
0.002266509924083948
0.0020693226251751184
0.0006283303955569863
0.0005505831213667989
0.0005258829332888126
0.0005209908704273403
0.00038185628363862634
0.00031909311655908823
0.0004457471950445324
0.00041780262836255133
0.0003111196856480092
0.00030448666075244546
0.00026032852474600077
0.00034343841252848506
0.0004491975705605
0.0003232337476219982
0.00046247264253906906
0.0003333617059979588
0.0002182893658755347
0.00019825472554657608
0.00019871024414896965
0.00033322724630124867
0.0002592831733636558
0.00034479284659028053
0.0002641347819007933
0.00035996941733174026
0.00032790808472782373
0.0005973975639790297
0.0003615714085754007
0.00024112362007144839
no squeeze
0.9149070978164673
0.29629582166671753
0.17742294073104858
0.13792820274829865
0.11252045631408691
0.0974828228354454
0.08459239453077316
0.07922748476266861
0.07549311220645905
0.07673624902963638
0.0673278421163559
0.07842885702848434
0.06147140637040138
0.06468940526247025
0.0683274045586586
0.06363336741924286
0.056055594235658646
0.05520722642540932
0.05515052750706673
0.055932335555553436
0.051011569797992706
0.05766238272190094
0.05000833049416542
0.052871011197566986
0.047692298889160156
0.043461646884679794
0.04267082363367081
0.04526723548769951
0.049017325043678284
0.0567718930542469
0.043515946716070175
0.05824121832847595
0.04880484193563461
0.04375768452882767
0.04438689351081848
0.04630449041724205
0.04774254932999611
no squeeze
1.0918952226638794
0.38374629616737366
0.24343031644821167
0.16767434775829315
0.12466561049222946
0.10177525877952576
0.07784686237573624
0.07646217942237854
0.06623700261116028
0.05361906439065933
0.05046282336115837
0.06166195496916771
0.05366760119795799
0.04973312094807625
0.05713573098182678
0.044631198048591614
0.04515834525227547
0.0229919645935297
0.025709521025419235
0.029888112097978592
0.027640869840979576
0.016943592578172684
0.019072214141488075
0.015485497191548347
0.02547927014529705
0.01718989759683609
0.014164862222969532
0.010836425237357616
0.01401892863214016
0.011249788105487823
0.012510400265455246
0.03336269035935402
0.02373821847140789
0.012319142930209637
0.008306549862027168
0.009251137264072895
0.008402828127145767
0.006606424693018198
0.007045169826596975
0.009148593991994858
0.005602587945759296
0.006011543329805136
0.005460836458951235
0.008526272140443325
0.01523568108677864
0.010730785317718983
0.0061545767821371555
0.0053289588540792465
0.011244655586779118
0.011042977683246136
0.006633047014474869
0.005622195545583963
0.005897962022572756
0.009319053962826729
0.008404496125876904
0.007831782102584839
0.01049818191677332
0.008366766385734081
no squeeze
1.0936863422393799
0.5650885105133057
0.44386643171310425
0.37245726585388184
0.32628411054611206
0.28914162516593933
0.2599114179611206
0.23032337427139282
0.21431070566177368
0.1917738914489746
0.17975884675979614
0.16403502225875854
0.15877991914749146
0.148339182138443
0.13259300589561462
0.1322549432516098
0.1293068528175354
0.12047342956066132
0.11861573159694672
0.10999245196580887
0.10596262663602829
0.10682831704616547
0.09955310821533203
0.09934518486261368
0.09412427991628647
0.09185834974050522
0.09035839140415192
0.08488250523805618
0.08406796306371689
0.08571688085794449
0.08504074066877365
0.07847245782613754
0.0780443623661995
0.07751540094614029
0.07776953279972076
0.07589679211378098
0.0741443783044815
0.07405056059360504
0.0701386108994484
0.07028336822986603
0.07520343363285065
0.06898339092731476
0.06941903382539749
0.06656994670629501
0.06477200239896774
0.06636117398738861
0.06555081903934479
0.06282870471477509
0.06324350833892822
0.06244637072086334
0.05986586585640907
0.06079821288585663
0.06065966188907623
0.0580332912504673
0.058013636618852615
0.0590648278594017
0.05576203018426895
0.05703311040997505
0.05247467756271362
0.0535469688475132
0.0546506829559803
0.05366473272442818
0.05293971672654152
0.053158313035964966
0.054774440824985504
0.0513128787279129
0.049805495887994766
0.05177820473909378
0.05091547593474388
0.050103917717933655
0.04988659918308258
0.048085570335388184
0.049015309661626816
0.04782719537615776
0.0474182553589344
0.04694722965359688
0.04750986769795418
0.044976163655519485
0.04672518000006676
0.04429131746292114
0.045020073652267456
0.04485283046960831
0.04624544829130173
0.043532948940992355
0.042864568531513214
0.04871068149805069
0.04348050802946091
0.04401978477835655
0.0458792969584465
0.04484434053301811
0.04337700456380844
0.044521212577819824
0.04146016016602516
0.041086595505476
0.04142554849386215
0.04357783496379852
0.04349140450358391
0.04270834103226662
0.04204690456390381
0.03943290188908577
0.04089526832103729
0.040004026144742966
0.03972002863883972
0.040591415017843246
0.04095225781202316
0.03900356590747833
0.04140940308570862
0.03884483128786087
0.036779869347810745
0.040199264883995056
0.03846132755279541
0.04061533883213997
0.03782520443201065
0.03916282206773758
0.03733910992741585
0.0382976196706295
0.036828167736530304
0.03894256427884102
0.03754880651831627
no squeeze
0.8915764689445496
0.3716437518596649
0.2641679048538208
0.2031109482049942
0.16902823746204376
0.14645007252693176
0.1385158747434616
0.12517257034778595
0.11462514847517014
0.10046092420816422
0.09252692013978958
0.09026753157377243
0.08539938181638718
0.07686866819858551
0.07778936624526978
0.07728524506092072
0.06748710572719574
0.06915941089391708
0.06767348200082779
0.062241967767477036
0.06512026488780975
0.06132807210087776
0.0549609437584877
0.05689890310168266
0.05326083302497864
0.05261802673339844
0.05047192424535751
0.055457066744565964
0.04991791397333145
0.0484381727874279
0.049418263137340546
0.0441674068570137
0.04456425458192825
0.04495437443256378
0.04364364966750145
0.04604721814393997
0.04074820503592491
0.04069943726062775
0.03963363915681839
0.03833131119608879
0.03933969885110855
0.03767308220267296
0.04020622745156288
0.03901403397321701
0.037383176386356354
0.038111310452222824
0.03661395609378815
0.03756081685423851
0.038731079548597336
0.03507721424102783
0.03297703340649605
0.03447967395186424
0.03597832843661308
0.03429047018289566
0.03374630957841873
0.03337655961513519
0.03351061791181564
0.036950211971998215
0.03226136043667793
0.031205162405967712
0.03184749558568001
0.03129353001713753
0.029344648122787476
0.029409633949398994
0.029225526377558708
0.0327131450176239
0.029812101274728775
0.03226910158991814
0.02927381917834282
0.031261421740055084
0.031768448650836945
0.0367584265768528
0.02818579226732254
0.03214519843459129
0.028303734958171844
0.029966047033667564
0.029606951400637627
0.028357932344079018
0.026838989928364754
0.024352917447686195
0.02606777474284172
0.025968363508582115
0.02643246203660965
0.024290693923830986
0.027541888877749443
0.02449585124850273
0.023776670917868614
0.025305114686489105
0.02338218316435814
0.025126701220870018
0.02367749810218811
0.02612205222249031
0.02501494064927101
0.025303183123469353
0.02587077021598816
0.023652302101254463
0.023745663464069366
0.02302134782075882
0.021734463050961494
0.02478448860347271
0.02357981912791729
0.02317453734576702
0.021315043792128563
0.025938313454389572
0.02549712173640728
0.023621829226613045
0.026586702093482018
0.02244330570101738
0.023441551253199577
0.022243475541472435
0.02442512847483158
0.02275451086461544
0.02228398621082306
no squeeze
0.5145846605300903
0.1590983271598816
0.10867726802825928
0.10799987614154816
0.08067668974399567
0.0992048978805542
0.08012106269598007
0.0748271495103836
0.08211836963891983
0.07387617975473404
0.08062738180160522
0.07246709614992142
0.06959425657987595
0.07101409137248993
0.06699902564287186
0.06973456591367722
0.06664036214351654
0.06451953947544098
0.07516540586948395
0.0641694962978363
0.06733959168195724
0.06245110183954239
0.07570378482341766
0.06214848533272743
0.06254149973392487
0.06587258726358414
0.06738511472940445
0.07011812925338745
0.06853228062391281
0.0631500706076622
0.0660284236073494
0.06233236938714981
0.06591884046792984
0.07011960446834564
