no squeeze
1.9881250858306885
0.5841159820556641
0.3450087010860443
0.2281302660703659
0.16551265120506287
0.1629890501499176
0.11198030412197113
0.09150416404008865
0.09975577145814896
0.10136881470680237
0.07397329807281494
0.06354185193777084
0.061413202434778214
0.05666636303067207
0.06054285541176796
0.05289008468389511
0.05289658159017563
0.059674616903066635
0.0694093331694603
0.05499938130378723
0.03949423134326935
0.034527119249105453
0.034867703914642334
0.036988258361816406
0.03624245896935463
0.054161183536052704
0.03457615524530411
0.055234648287296295
0.03220495209097862
0.03231761232018471
0.023284655064344406
0.028878454118967056
0.03065156377851963
0.029714256525039673
0.02706298977136612
0.05374450236558914
0.032880108803510666
0.022918760776519775
0.025895899161696434
0.028995219618082047
0.028842151165008545
0.029725106433033943
0.03130888566374779
0.02385585941374302
0.028526779264211655
0.03216331824660301
0.03513995185494423
0.029730627313256264
no squeeze
1.4771778583526611
0.48504015803337097
0.25047653913497925
0.15629661083221436
0.11628352850675583
0.11655852943658829
0.07947037369012833
0.11814196407794952
0.07054921239614487
0.05453877151012421
0.08604616671800613
0.10988182574510574
0.05723925307393074
0.06045757606625557
0.04345696419477463
0.0378594696521759
0.03908969834446907
0.04087678715586662
0.044395897537469864
0.04742703586816788
0.030472123995423317
0.039470378309488297
0.039418868720531464
0.05652065575122833
0.02669416554272175
0.02311575971543789
0.04211188852787018
0.02316725254058838
0.02667165733873844
0.01925809122622013
0.02332678623497486
0.0166464913636446
0.025232957676053047
0.049505993723869324
0.03466227278113365
0.04682452604174614
0.02929990366101265
0.023165546357631683
0.01600956916809082
0.018793312832713127
0.01808956079185009
0.013727033510804176
0.018196096643805504
0.012794548645615578
0.014285045675933361
0.025748319923877716
0.03850452974438667
0.016849972307682037
0.02402712218463421
0.01837342604994774
0.02321694605052471
0.014453385956585407
0.021730393171310425
0.017431937158107758
no squeeze
2.1063859462738037
0.7572935223579407
0.5068816542625427
0.3341588079929352
0.27177661657333374
0.23116643726825714
0.19402822852134705
0.20728693902492523
0.14254683256149292
0.15343956649303436
0.14892303943634033
0.11259745061397552
0.10773340612649918
0.08367051184177399
0.07207894325256348
0.08862870931625366
0.07009802758693695
0.11202146112918854
0.08016637712717056
0.07426867634057999
0.06873565167188644
0.06315640360116959
0.07100711762905121
0.053829848766326904
0.09084578603506088
0.07015351951122284
0.04923711344599724
0.07409020513296127
0.07965587824583054
0.07736457884311676
0.05152184143662453
0.03732831031084061
0.041249193251132965
0.08135323226451874
0.04963119328022003
0.047291312366724014
0.03325024992227554
0.022715160623192787
0.04513390734791756
0.0719941183924675
0.058549266308546066
0.039438337087631226
0.035809196531772614
0.0310144554823637
0.02267349138855934
0.022792678326368332
0.022026263177394867
0.02097669057548046
0.026376783847808838
0.025930561125278473
0.02599424496293068
0.03355718404054642
0.03056187368929386
0.02424994669854641
0.024411741644144058
0.052324432879686356
0.052079856395721436
0.02330683171749115
no squeeze
2.013258218765259
0.836097240447998
0.6341835856437683
0.5113888382911682
0.43370893597602844
0.38611578941345215
0.3495213985443115
0.30664485692977905
0.27354902029037476
0.2522188425064087
0.24241167306900024
0.23240265250205994
0.22484999895095825
0.21396584808826447
0.19143575429916382
0.19090712070465088
0.17993910610675812
0.17383475601673126
0.17887039482593536
0.15969832241535187
0.16983094811439514
0.1581633985042572
0.15638773143291473
0.14807309210300446
0.14910224080085754
0.13804630935192108
0.13872206211090088
0.12237010151147842
0.13084319233894348
0.12443935126066208
0.13149087131023407
0.12530630826950073
0.11447162181138992
0.11067525297403336
0.11448674649000168
0.1262325495481491
0.12326794117689133
0.10149765759706497
0.09854380041360855
0.11248172074556351
0.10028306394815445
0.09679289907217026
0.09779734164476395
0.09514960646629333
0.09657922387123108
0.102059006690979
0.09222172945737839
0.09177462756633759
0.10267090797424316
0.0909028947353363
0.08622586727142334
0.09802747517824173
0.0884053111076355
0.08578968048095703
0.08558545261621475
0.08214713633060455
0.08985637128353119
0.07705433666706085
0.07568752020597458
0.07339954376220703
0.0753508061170578
0.07292276620864868
0.07384992390871048
0.07513036578893661
0.07615280896425247
0.06787552684545517
0.0650867447257042
0.06897179782390594
0.07467655092477798
0.06772686541080475
0.06934905052185059
0.06769727915525436
0.06105174496769905
0.07314936816692352
0.06277576088905334
0.06295983493328094
0.06649628281593323
0.06310007721185684
0.06800324469804764
0.06638037413358688
0.06072002276778221
0.063021220266819
0.06273718178272247
0.066230408847332
0.05738331377506256
0.058763422071933746
0.05700346827507019
0.057405736297369
0.06146659329533577
0.06063469499349594
0.05680644139647484
0.05662444978952408
0.054384101182222366
0.054608557373285294
0.0720553919672966
0.0619952417910099
0.05494704842567444
0.05364672467112541
0.05561531335115433
0.0556013323366642
0.061324551701545715
0.05718660354614258
0.05609026923775673
0.05339714139699936
0.05123773217201233
0.05330834537744522
0.052270058542490005
0.05137532576918602
0.052985988557338715
0.05390670523047447
0.0530158132314682
0.053547635674476624
0.04578022658824921
0.05158321559429169
0.05365069583058357
0.049507081508636475
0.050989966839551926
0.050768785178661346
0.05464974790811539
0.048060864210128784
0.050599295645952225
0.06505726277828217
0.05045533925294876
no squeeze
1.4549123048782349
0.5944705605506897
0.4140481948852539
0.3176674246788025
0.23832941055297852
0.23060712218284607
0.18799741566181183
0.17633484303951263
0.15820689499378204
0.14297546446323395
0.13247258961200714
0.13113772869110107
0.138490691781044
0.1260097473859787
0.11238932609558105
0.10799473524093628
0.10241049528121948
0.10283669829368591
0.08783033490180969
0.0878126248717308
0.09154852479696274
0.0889144241809845
0.08311024308204651
0.07572399079799652
0.07308246195316315
0.07654419541358948
0.0644640401005745
0.06587974727153778
0.06415455043315887
0.06841020286083221
0.06695951521396637
0.07605072855949402
0.06715802103281021
0.06256061792373657
0.05646635591983795
0.05633852630853653
0.0691898986697197
0.06555341184139252
0.0668196976184845
0.05687741935253143
0.054337117820978165
0.06191990152001381
0.05526725947856903
0.05436457693576813
0.053809382021427155
0.05162869021296501
0.05011188983917236
0.0477309450507164
0.04752888157963753
0.05295445770025253
0.04641292989253998
0.04432662948966026
0.04936382547020912
0.0465276837348938
0.045151591300964355
0.045627690851688385
0.04550850763916969
0.04591644927859306
0.04463579133152962
0.04379366710782051
0.04421668499708176
0.04080790653824806
0.04241051897406578
0.04177655652165413
0.03712277114391327
0.04064851999282837
0.04432769492268562
0.03940792754292488
0.03813004121184349
0.04335162416100502
0.0369073785841465
0.04863341897726059
0.04527951404452324
0.0394391193985939
0.04086880013346672
0.034963566809892654
0.04838341474533081
0.03503827005624771
0.03848247230052948
0.034761857241392136
0.03491681441664696
0.03749614208936691
0.039743389934301376
0.04138693958520889
0.03292933106422424
0.031205328181385994
0.032872963696718216
0.035090453922748566
0.03244372457265854
0.03799358755350113
0.03159034252166748
0.03844296559691429
0.04354359582066536
0.03374497964978218
0.03133417293429375
0.03757872059941292
no squeeze
1.7545872926712036
0.4020875096321106
0.2719554007053375
0.23246461153030396
0.18400534987449646
0.2533998489379883
0.21110643446445465
0.2544138729572296
0.31024399399757385
0.16029685735702515
0.22247901558876038
0.22096136212348938
0.2868945002555847
0.18331408500671387
0.2323031723499298
0.15790294110774994
0.13699010014533997
0.23566080629825592
0.17176564037799835
0.16035336256027222
0.16435246169567108
0.235903799533844
0.14142641425132751
0.152866393327713
0.16903623938560486
0.13130712509155273
0.1343286633491516
0.12408585846424103
0.124677374958992
0.14640316367149353
0.2514464557170868
0.11749838292598724
0.13308118283748627
0.3409174978733063
0.19789288938045502
0.23697927594184875
0.20043453574180603
0.14940933883190155
0.11096079647541046
0.1306682527065277
0.12543168663978577
0.12448973208665848
0.11772318929433823
0.2445850372314453
0.2531875967979431
0.18416011333465576
0.1653984934091568
0.15526166558265686
0.1459617167711258
