no squeeze
3.5188071727752686
0.2897355854511261
0.23012767732143402
0.1553896814584732
0.14890135824680328
0.1367037296295166
0.13547366857528687
0.13164891302585602
0.13177503645420074
0.13018614053726196
0.13023701310157776
0.1294110268354416
0.1300654411315918
0.12908050417900085
0.1302264779806137
0.1298823207616806
no squeeze
3.538580894470215
0.256744384765625
0.19222423434257507
0.10591376572847366
0.09935561567544937
0.0876212790608406
0.08616778999567032
0.08300510793924332
0.08245424181222916
0.08157248795032501
0.08097431808710098
0.08088373392820358
0.08032756298780441
0.07975040376186371
0.08029025793075562
0.08053924888372421
no squeeze
3.685744285583496
0.36630088090896606
0.24701526761054993
0.08861378580331802
0.0738457590341568
0.04466725513339043
0.040517646819353104
0.02985386736690998
0.027958160266280174
0.022903217002749443
0.021773086860775948
0.018654480576515198
0.01804291270673275
0.01586766541004181
0.015467837452888489
0.013893183320760727
0.01356882881373167
0.012658508494496346
0.012388017028570175
0.011584535241127014
0.011358904652297497
0.010774686001241207
0.010596180334687233
0.010148153640329838
0.010021932423114777
0.009690080769360065
0.009551892057061195
0.009302130900323391
0.00922341737896204
0.008943838998675346
0.008875389583408833
0.008696583099663258
0.008648302406072617
0.008529600687325
0.00845363736152649
0.008276049047708511
0.008275107480585575
0.008160133846104145
0.008169086650013924
0.008048273622989655
0.008044150657951832
0.00802366342395544
0.007955429144203663
0.007893729023635387
0.00790201686322689
0.007846995256841183
0.007839895784854889
0.007785532157868147
0.007775202393531799
0.007748073432594538
0.007736543659120798
0.007742865476757288
0.007714428007602692
0.007708614692091942
0.0076971231028437614
0.007635246030986309
0.00764654204249382
0.007626977749168873
0.007628171239048243
0.007585898507386446
0.007604173384606838
0.007606851402670145
no squeeze
3.8849668502807617
1.089066982269287
0.9307715892791748
0.6871975660324097
0.6565388441085815
0.5754534602165222
0.5607380270957947
0.5120565891265869
0.501438558101654
0.46722665429115295
0.4589332342147827
0.43282952904701233
0.42694759368896484
0.40657609701156616
0.401764452457428
0.3848830759525299
0.38106104731559753
0.3676025867462158
0.3648635447025299
0.3531709909439087
0.3501587510108948
0.3399582505226135
0.33798474073410034
0.3295595049858093
0.32667800784111023
0.3175293207168579
0.31509730219841003
0.30616894364356995
0.30427372455596924
0.2948663532733917
0.29269853234291077
0.2845158874988556
0.28163814544677734
0.27241650223731995
0.2708980143070221
0.26122939586639404
0.2587428390979767
0.24868053197860718
0.24645662307739258
0.2368992120027542
0.23376981914043427
0.22348172962665558
0.22121714055538177
0.21198159456253052
0.20947284996509552
0.20136071741580963
0.19814077019691467
0.19251017272472382
0.19003218412399292
0.18356108665466309
0.18248803913593292
0.1792856603860855
0.17870093882083893
0.17394955456256866
0.17287211120128632
0.1706083118915558
0.16999271512031555
0.16910496354103088
0.16798171401023865
0.16668997704982758
0.16595616936683655
0.16555537283420563
0.16494406759738922
0.16420240700244904
0.163479745388031
0.16227670013904572
0.16252756118774414
0.16084574162960052
0.1620221883058548
0.16037560999393463
0.16073201596736908
0.15970441699028015
0.160811185836792
0.15867693722248077
0.1592014878988266
0.15918441116809845
no squeeze
3.7447457313537598
0.6500133872032166
0.550111711025238
0.3893918991088867
0.37134265899658203
0.3259373903274536
0.3177712559700012
0.2934928238391876
0.2881937623023987
0.27063828706741333
0.26657405495643616
0.2515850365161896
0.2475919872522354
0.23574289679527283
0.23263663053512573
0.2219036966562271
0.21987806260585785
0.21208684146404266
0.21003061532974243
0.20465531945228577
0.20307627320289612
0.19908136129379272
0.1980140507221222
0.19448783993721008
0.1939394623041153
0.19142058491706848
0.19087758660316467
0.1904066652059555
0.18880495429039001
0.18738405406475067
0.18654167652130127
0.18608126044273376
0.18592306971549988
0.1837199479341507
0.1832309067249298
0.1829373836517334
0.18213015794754028
0.18208761513233185
0.18087376654148102
0.1815638542175293
0.18210992217063904
0.18007013201713562
0.1798870712518692
0.1789793074131012
0.1795056313276291
0.17787599563598633
0.17830871045589447
0.1776125580072403
0.17679615318775177
0.1766025573015213
0.17667599022388458
0.1764090210199356
0.17687097191810608
0.17668375372886658
no squeeze
3.6644341945648193
0.5007336139678955
0.47408437728881836
0.4597989320755005
0.45543020963668823
0.4548603892326355
0.4571645259857178
0.45611780881881714
