no squeeze
228.87411499023438
110.25360107421875
86.84677124023438
39.37466049194336
34.838016510009766
24.81825065612793
23.087078094482422
17.85130500793457
16.7757511138916
13.350950241088867
12.617520332336426
10.259617805480957
9.739556312561035
8.016286849975586
7.637026309967041
6.3507609367370605
6.065798282623291
5.102993965148926
4.88025426864624
4.137589931488037
3.967402458190918
3.3888707160949707
3.2614669799804688
2.832547187805176
2.733015775680542
2.3966257572174072
2.3251874446868896
2.0826070308685303
2.026434898376465
1.843534231185913
1.8017617464065552
1.6716045141220093
1.6376996040344238
1.5352765321731567
1.5109783411026
1.4340996742248535
1.4172440767288208
1.3625845909118652
1.3504835367202759
1.3101133108139038
1.2998509407043457
1.2712974548339844
1.2647466659545898
1.2431225776672363
1.237710952758789
1.223632574081421
1.2187385559082031
1.207144856452942
1.2034257650375366
1.1984831094741821
1.1966056823730469
1.186581015586853
1.187482476234436
1.1827276945114136
1.1816127300262451
1.178379774093628
1.1770751476287842
1.174141764640808
1.1742424964904785
1.1726335287094116
1.1711405515670776
1.1704225540161133
1.170030117034912
1.1691902875900269
1.1686005592346191
1.1677073240280151
1.1665611267089844
1.1664270162582397
1.1684144735336304
1.1668442487716675
no squeeze
229.66004943847656
118.12743377685547
95.35758209228516
45.90031433105469
40.64329528808594
28.33287239074707
26.04897117614746
19.00473976135254
17.556705474853516
12.996111869812012
12.0451021194458
9.076101303100586
8.468029022216797
6.5755486488342285
6.18393611907959
4.964217185974121
4.714968204498291
3.9273808002471924
3.762432098388672
3.2445061206817627
3.1307969093322754
2.775019407272339
2.701555013656616
2.449939727783203
2.3946993350982666
2.2238566875457764
2.1908388137817383
2.052210569381714
2.0254690647125244
1.92918062210083
1.9083036184310913
1.8315531015396118
1.817716121673584
1.7567225694656372
1.7417904138565063
1.6926984786987305
1.6795214414596558
1.637807011604309
1.6303611993789673
1.5943025350570679
1.5859348773956299
1.5555788278579712
1.5487600564956665
1.5217925310134888
1.5167088508605957
1.4909827709197998
1.486647129058838
1.4645050764083862
1.4595446586608887
1.4414931535720825
1.4378422498703003
1.4214304685592651
1.4195433855056763
1.4048340320587158
1.4030406475067139
1.3878881931304932
1.389107584953308
1.373615026473999
1.3718280792236328
1.3620426654815674
1.358450174331665
1.3509740829467773
1.34940767288208
1.3385323286056519
1.3368573188781738
1.3293451070785522
1.328728199005127
1.3192459344863892
1.3178240060806274
1.311700701713562
1.3113306760787964
1.3037892580032349
1.3034653663635254
1.2972172498703003
1.297346830368042
1.2906785011291504
1.2889536619186401
1.2846840620040894
1.2823195457458496
1.2784500122070312
1.278445839881897
1.2735482454299927
1.2721061706542969
1.2653535604476929
1.2654515504837036
1.2620333433151245
1.2600669860839844
1.2559483051300049
1.2554973363876343
1.2515201568603516
1.2515043020248413
1.2491145133972168
1.2475738525390625
1.24142587184906
1.2409700155258179
1.238816738128662
1.2375006675720215
1.2335008382797241
1.2343894243240356
1.2316665649414062
1.2297459840774536
1.2260156869888306
1.2266877889633179
1.2254769802093506
1.225810170173645
1.2215840816497803
1.2213718891143799
1.2171117067337036
1.2179371118545532
1.2173328399658203
no squeeze
229.9138641357422
159.8329620361328
141.26979064941406
81.77484893798828
71.76837158203125
47.8067626953125
43.580875396728516
30.963890075683594
28.443559646606445
20.7447509765625
19.0715274810791
14.09116268157959
13.095330238342285
10.060760498046875
9.449943542480469
7.56782341003418
7.16555643081665
5.873896598815918
5.60664176940918
4.7346882820129395
4.548925399780273
3.9364593029022217
3.79543399810791
3.298661708831787
3.205260753631592
2.8619863986968994
2.7803432941436768
2.5056214332580566
2.4464762210845947
2.2375259399414062
2.1923322677612305
2.0232930183410645
1.9853551387786865
1.8476325273513794
1.8202900886535645
1.7167134284973145
1.6919597387313843
1.6044366359710693
1.5831868648529053
1.5140469074249268
1.4959533214569092
1.4354462623596191
1.4193350076675415
1.3712654113769531
1.35914945602417
1.3159440755844116
1.3061833381652832
1.2747682332992554
1.2667244672775269
1.2368724346160889
1.2301502227783203
1.205448865890503
1.2002507448196411
1.1829432249069214
1.1773653030395508
1.1590245962142944
1.1553809642791748
1.1435543298721313
1.1385020017623901
1.1255613565444946
1.1242562532424927
1.1118381023406982
1.1092684268951416
1.1022592782974243
1.0994548797607422
1.0920655727386475
1.0900869369506836
1.0847638845443726
1.0827016830444336
1.0765641927719116
1.0750895738601685
1.070934534072876
1.070038914680481
1.0650726556777954
1.0645843744277954
1.0620548725128174
1.0597922801971436
1.0568273067474365
1.056886911392212
1.0519740581512451
1.051785945892334
1.0494325160980225
1.0502192974090576
1.0456889867782593
1.0459280014038086
1.0444064140319824
1.0437531471252441
1.0429292917251587
1.0411784648895264
1.0407788753509521
1.0405348539352417
1.038191795349121
1.0373173952102661
1.0357595682144165
1.037398099899292
1.0350379943847656
1.0346007347106934
1.0329316854476929
1.0331488847732544
1.0321294069290161
1.0318928956985474
1.0310289859771729
1.0307695865631104
1.030015468597412
1.0294456481933594
1.028795599937439
1.0288532972335815
1.0292307138442993
no squeeze
231.8589630126953
200.40493774414062
188.64529418945312
128.29171752929688
111.75253295898438
66.32677459716797
60.10905838012695
45.471580505371094
42.897178649902344
35.11117172241211
33.4984130859375
28.320528030395508
27.20815658569336
23.479875564575195
22.645597457885742
19.823999404907227
19.18846893310547
17.017967224121094
16.52454376220703
14.834676742553711
14.449169158935547
13.144308090209961
12.835543632507324
11.823914527893066
11.580081939697266
10.798137664794922
10.6119966506958
9.994855880737305
9.878152847290039
9.382519721984863
9.271339416503906
8.901670455932617
8.81403636932373
8.526834487915039
8.454560279846191
8.267720222473145
8.18203353881836
7.998726844787598
7.981571197509766
7.83375358581543
7.78420352935791
7.656698703765869
7.634271144866943
7.543135166168213
7.518040180206299
7.4372406005859375
7.430523872375488
7.349896430969238
7.328372478485107
7.2731709480285645
7.254408836364746
7.214990615844727
7.180942058563232
7.132749080657959
7.119570255279541
7.074917793273926
7.062868595123291
7.025001525878906
6.997093200683594
6.947524070739746
6.944290637969971
6.898126602172852
6.896753787994385
6.859685897827148
6.8248677253723145
6.7875471115112305
6.767379283905029
6.700579643249512
6.695575714111328
6.685209274291992
6.6371355056762695
6.5409088134765625
6.544367790222168
6.449613571166992
6.4258317947387695
6.3532023429870605
6.3208513259887695
6.237806797027588
6.208171844482422
6.093644618988037
6.067508220672607
5.946735858917236
5.913407802581787
5.787186145782471
5.751577377319336
5.579871654510498
5.533333778381348
5.355502605438232
5.321897029876709
5.108731746673584
5.042084217071533
4.817490577697754
4.75413703918457
4.507070064544678
4.422449111938477
4.143247127532959
4.091783046722412
3.7973835468292236
3.6925771236419678
3.391469955444336
3.333299160003662
3.0091946125030518
2.9234602451324463
2.6348917484283447
2.576707124710083
2.3030014038085938
2.2414746284484863
2.0027480125427246
1.953491449356079
1.7620112895965576
1.7173471450805664
1.5572172403335571
1.5253132581710815
1.404278039932251
1.3722609281539917
1.285797357559204
1.2629468441009521
1.1933722496032715
1.176308035850525
1.125451922416687
1.1159363985061646
1.079346776008606
1.0716683864593506
1.0452572107315063
1.0400562286376953
1.0184674263000488
1.0152459144592285
1.0026780366897583
0.9973121881484985
0.9873203635215759
0.9845317602157593
0.9773845672607422
0.9765287041664124
0.968512773513794
0.9670569896697998
0.9638172388076782
0.961955189704895
0.9588422775268555
0.9591016173362732
0.9553239345550537
0.9529441595077515
0.9495598673820496
0.9489585757255554
0.9474883675575256
0.9471869468688965
0.9454584717750549
0.9453470706939697
0.9429911971092224
0.9423107504844666
0.944158673286438
0.9406419992446899
0.9385064840316772
0.9386764168739319
0.9372292757034302
0.9383269548416138
0.9355239868164062
0.9352321624755859
0.9329440593719482
0.9334914088249207
0.9320430755615234
0.9304801821708679
0.9290282726287842
0.929038405418396
0.9278535842895508
0.9266471266746521
0.9268137216567993
0.926935076713562
0.9237620234489441
0.9232804775238037
0.9230403304100037
0.9229854345321655
0.9214139580726624
0.9190919399261475
0.919353723526001
0.9180054068565369
0.916717529296875
0.9163306355476379
0.9146737456321716
0.913955807685852
0.9113128185272217
0.9129601716995239
0.9129849672317505
no squeeze
229.6034698486328
156.94464111328125
137.74969482421875
73.42781829833984
62.28487777709961
39.77093505859375
36.8087158203125
28.53691291809082
26.884761810302734
21.611793518066406
20.477388381958008
16.76568603515625
15.949767112731934
13.298943519592285
12.709458351135254
10.794559478759766
10.384344100952148
9.00871467590332
8.701233863830566
7.669343948364258
7.4366278648376465
6.637115955352783
6.455362319946289
5.803817272186279
5.6514201164245605
5.097568035125732
4.976482391357422
4.511211395263672
4.39493989944458
3.9928061962127686
3.8884122371673584
3.52974796295166
3.444450855255127
3.1403486728668213
3.063039541244507
2.7941625118255615
2.7335710525512695
2.504668712615967
2.452021837234497
2.2652089595794678
2.219210624694824
2.0644471645355225
2.0263924598693848
1.8989739418029785
1.8697606325149536
1.7652320861816406
1.7420164346694946
1.656821608543396
1.6369527578353882
1.5686103105545044
1.5527256727218628
1.4993647336959839
1.485787034034729
1.4415781497955322
1.4303823709487915
1.393624186515808
1.3857916593551636
1.3575035333633423
1.348893404006958
1.3270148038864136
1.3205333948135376
1.3003323078155518
1.294656753540039
1.2786506414413452
1.2744617462158203
1.2600288391113281
1.2564598321914673
1.244978427886963
1.2423266172409058
1.2317982912063599
1.2290256023406982
1.2189401388168335
1.2164267301559448
1.2096569538116455
1.2069200277328491
1.2001944780349731
1.1977417469024658
1.1907660961151123
1.1889721155166626
1.1850273609161377
1.1825767755508423
1.1773778200149536
1.1760780811309814
1.1711487770080566
1.1707181930541992
1.1667747497558594
1.1637063026428223
1.1609172821044922
1.1589007377624512
1.1550136804580688
1.1538221836090088
1.153233289718628
1.1514251232147217
1.1472091674804688
1.147145390510559
1.1425235271453857
1.14115571975708
1.140947699546814
1.139878273010254
1.1359713077545166
1.1370295286178589
1.1327764987945557
1.1329807043075562
1.1303678750991821
1.1282042264938354
1.1284831762313843
1.1272250413894653
1.1251146793365479
1.1251602172851562
1.123085856437683
1.1229372024536133
1.1206269264221191
1.119902491569519
1.1191248893737793
1.1185282468795776
1.1159687042236328
1.1158732175827026
1.1123214960098267
1.1132014989852905
1.1116687059402466
1.1106131076812744
1.1113344430923462
1.111527681350708
1.1094691753387451
1.108550786972046
1.10696542263031
1.106703281402588
1.1043572425842285
1.1044671535491943
1.1033803224563599
1.1033563613891602
1.1026936769485474
1.1010901927947998
1.1002225875854492
1.0999126434326172
1.0984185934066772
1.0982041358947754
1.0975966453552246
1.0967904329299927
1.0968003273010254
1.0952903032302856
1.0953154563903809
1.0948792695999146
1.0934113264083862
1.0947458744049072
1.096677541732788
no squeeze
221.82815551757812
73.31742858886719
58.62255096435547
33.305519104003906
29.84070587158203
20.8297061920166
19.23054313659668
14.69758129119873
13.855090141296387
11.387913703918457
10.928495407104492
9.623125076293945
9.37874984741211
8.739025115966797
8.629767417907715
8.32059097290039
8.283721923828125
8.213933944702148
8.232880592346191
8.101827621459961
8.08523941040039
8.084915161132812
8.074020385742188
8.120442390441895
8.043932914733887
8.03021240234375
8.063648223876953
8.044071197509766
