no squeeze
1.0679652690887451
0.2858063876628876
0.1439843773841858
0.08707429468631744
0.05259549245238304
0.03924265131354332
0.025846030563116074
0.019816650077700615
0.014845349825918674
0.012820838950574398
0.01418343000113964
0.007811426185071468
0.006350190378725529
0.005260538309812546
0.0046402099542319775
0.004590298980474472
0.004580784123390913
0.00343830743804574
0.002753966022282839
0.0029802655335515738
0.003103092545643449
0.002194444416090846
0.0020164998713880777
0.001905514975078404
0.002760395873337984
0.001747972914017737
0.001897064852528274
0.0012553648557513952
0.001779576181434095
0.0015164203941822052
0.0015246066031977534
0.001521653844974935
0.001145074376836419
0.0009438911220058799
0.0009845808381214738
0.0009216087637469172
0.0011102684075012803
0.0010887270327657461
0.0013746421318501234
0.0007997393258847296
0.002104507526382804
0.001031801919452846
0.0012419677805155516
0.0006776677910238504
0.0008254055865108967
0.000679191027302295
0.0007918198243714869
0.0009759123786352575
0.0006639348575845361
0.0005085298325866461
0.0004372164257802069
0.0004457990580704063
0.00046250736340880394
0.00045680056791752577
0.0005874991766177118
0.00047371661639772356
0.00038272852543741465
0.0004039909108541906
0.0003586838429328054
0.0003592635039240122
0.0002955227973870933
0.0003302302793599665
0.0003072408144362271
0.0003817830584011972
0.0003690863086376339
0.00037381265428848565
0.000349979818565771
0.00042478146497160196
0.0002406666026217863
0.0006022286834195256
0.0003242341917939484
0.00037008238723501563
0.00046784227015450597
0.00022582683595828712
0.00024285566178150475
0.00034757223329506814
0.00022722197172697634
0.0002534066152293235
0.00021071944502182305
0.0007474807207472622
0.0002923051652032882
0.00023479227093048394
0.0002723947400227189
0.00023568919277749956
0.00017881175153888762
0.00014361301145981997
0.0013837228761985898
0.0003238296485505998
0.00021987427317071706
0.00038998370291665196
0.00023439241340383887
0.0002208230143878609
0.0031108048278838396
0.000648864486720413
0.0007761571905575693
0.00028820629813708365
no squeeze
0.9371939301490784
0.2711787223815918
0.16230346262454987
0.11815285682678223
0.0954919159412384
0.08458825200796127
0.07345996797084808
0.0765301063656807
0.06255290657281876
0.055321965366601944
0.05751064047217369
0.04868779703974724
0.0537361241877079
0.05786977335810661
0.04414266347885132
0.047095298767089844
0.04504281282424927
0.04407140985131264
0.04408399760723114
0.054013315588235855
0.042529016733169556
0.03858612850308418
0.0423775389790535
0.041067108511924744
0.041892919689416885
0.039931271225214005
0.03943341225385666
0.040709953755140305
0.05092282593250275
0.044715143740177155
0.039311036467552185
0.03780903294682503
0.03983568027615547
0.04822748526930809
0.034191928803920746
0.04025999456644058
0.03952377662062645
0.03518064692616463
0.03700142726302147
0.03406882286071777
0.03462616354227066
0.03303023427724838
0.0318283773958683
0.03769710659980774
0.03950176015496254
0.035193488001823425
0.034490931779146194
0.03547466918826103
0.033043134957551956
0.035768330097198486
0.03162047266960144
0.03470800444483757
0.034125521779060364
0.03752691671252251
0.03678154945373535
0.041737150400877
0.038478657603263855
0.03276440501213074
0.03557632490992546
0.02988300658762455
0.03482767194509506
0.03330449014902115
0.02903183177113533
0.03214365616440773
0.03850625455379486
0.033135369420051575
0.030186275020241737
0.0398879311978817
0.032340239733457565
0.03080054372549057
0.03215768560767174
0.03083484247326851
0.03151879832148552
no squeeze
0.9446958899497986
0.3676052689552307
0.21825215220451355
0.1498827189207077
0.1163705587387085
0.08823218196630478
0.07308460026979446
0.06229361519217491
0.05297229811549187
0.04274144396185875
0.04472169652581215
0.031693220138549805
0.02684646099805832
0.021708084270358086
0.01765378937125206
0.016339315101504326
0.017363276332616806
0.012709815055131912
0.013142378069460392
0.009701845236122608
0.010207015089690685
0.008403584361076355
0.0073455944657325745
0.0077600060030817986
0.006762133911252022
0.008118336088955402
0.006854578386992216
0.004728433210402727
0.005834929179400206
0.005046430509537458
0.004534821026027203
0.004468800034373999
0.0060419063083827496
0.005589023232460022
0.00834963284432888
0.006000838242471218
0.0069313799031078815
0.0030804146081209183
0.0027415263466537
0.0027885613963007927
0.005826063919812441
0.00463793333619833
0.002549122553318739
0.002518009627237916
0.0019421232864260674
0.0019299740670248866
0.0017097367672249675
0.0022604186087846756
0.00190379424020648
0.002793089486658573
0.0018584155477583408
0.0017860897351056337
0.0015558641171082854
0.001271981280297041
0.0013670951593667269
0.0011771103600040078
0.0020348888356238604
0.002198954112827778
0.003312435932457447
0.00763695640489459
0.004169579595327377
0.0028289146721363068
0.010265451855957508
0.007420137524604797
0.011155628599226475
0.0031802747398614883
no squeeze
0.9160675406455994
0.48960816860198975
0.3895258605480194
0.3282822072505951
0.27826744318008423
0.24910451471805573
0.221980482339859
0.20130373537540436
0.18847501277923584
0.1764884740114212
0.16189971566200256
0.15261529386043549
0.14526788890361786
0.137460395693779
0.12938958406448364
0.12500956654548645
0.12170138955116272
0.1198841780424118
0.11375109851360321
0.11499343067407608
0.10058669000864029
0.09829407930374146
0.09821008890867233
0.09747931361198425
0.09276057034730911
0.08648859709501266
0.08779581636190414
0.08656715601682663
0.08394026011228561
0.08306912332773209
0.07959537208080292
0.0762253999710083
0.07533786445856094
0.07147038727998734
0.07255332171916962
0.07179830968379974
0.06843975931406021
0.069715216755867
0.06760189682245255
0.06431552767753601
0.06435298919677734
0.06563694775104523
0.06138818338513374
0.05975315719842911
0.06095573678612709
0.05855225771665573
0.0552733838558197
0.05619584023952484
0.05698122829198837
0.054015569388866425
0.05278078839182854
0.051566991955041885
0.05088689178228378
0.05499602481722832
0.05116419866681099
0.05010802671313286
0.0484631285071373
0.04942944645881653
0.05004170164465904
0.049422476440668106
0.04692373424768448
0.04769592732191086
0.046441659331321716
0.0454256497323513
0.04514378309249878
0.048299409449100494
0.045032840222120285
0.04511930048465729
0.0430678054690361
0.04340262711048126
0.04260687530040741
0.04336826130747795
0.0427892804145813
0.043007493019104004
0.04353936016559601
0.04160844534635544
0.04248878359794617
0.04178102687001228
0.03864693641662598
0.04040241986513138
0.03844042122364044
0.039223771542310715
0.03906577453017235
0.03945690393447876
0.03904741257429123
0.03858264163136482
0.04041294381022453
0.04097011312842369
0.039059750735759735
0.03927803784608841
0.038620490580797195
no squeeze
0.9497655034065247
0.4016544222831726
0.2694883942604065
0.21344640851020813
0.17867793142795563
0.15772949159145355
0.14043183624744415
0.1246216893196106
0.11091731488704681
0.10172069072723389
0.09502537548542023
0.08628663420677185
0.07886511832475662
0.07904081791639328
0.06958405673503876
0.06832460314035416
0.06662007421255112
0.06147393956780434
0.055921152234077454
0.0551258884370327
0.05342957749962807
0.052970100194215775
0.05037781596183777
0.04716940596699715
0.04693502560257912
0.046805527061223984
0.04068769887089729
0.042995717376470566
0.04237578064203262
0.041167523711919785
0.03941997140645981
0.03932606056332588
0.040277931839227676
0.039722949266433716
0.03977794945240021
0.03846031427383423
0.03374217450618744
0.03578295558691025
0.03325372934341431
0.03293947875499725
0.030813954770565033
0.0304283257573843
0.030132489278912544
0.02976020984351635
0.03173963725566864
0.02986362762749195
0.027999388054013252
0.027139192447066307
0.02779632806777954
0.03157045319676399
0.02781287021934986
0.029145758599042892
0.025251097977161407
0.03213375434279442
0.025527600198984146
0.02654513530433178
0.024590730667114258
0.02710210159420967
0.023029662668704987
0.024262744933366776
0.022548530250787735
0.0240783654153347
0.02292943373322487
0.023306092247366905
0.02283710241317749
0.021815510466694832
0.0222886074334383
0.028329839929938316
0.023330142721533775
0.023787548765540123
0.024527421221137047
0.023866470903158188
0.022504227235913277
0.023870166391134262
0.021151389926671982
0.021771440282464027
0.021755605936050415
0.020221035927534103
0.018647775053977966
0.02111450955271721
0.01943347603082657
0.019967714324593544
0.02227165549993515
0.01961294561624527
0.01967903971672058
0.019123246893286705
0.01917816698551178
0.019068216904997826
0.021469468250870705
no squeeze
0.7034024596214294
0.28918448090553284
0.18260401487350464
0.1358426809310913
0.14426450431346893
0.14317378401756287
0.11225966364145279
0.08610820770263672
0.09388282895088196
0.107113316655159
0.11756730079650879
0.09200600534677505
0.1049862802028656
0.09290887415409088
0.08311355859041214
0.07175503671169281
0.0730346292257309
0.08144685626029968
0.08830985426902771
0.08473605662584305
0.1350637823343277
0.1119946539402008
0.08114323019981384
0.07472539693117142
0.0842500552535057
0.0686587393283844
0.06932524591684341
0.09373745322227478
0.09884759038686752
0.10805148631334305
0.07335592806339264
0.07420879602432251
0.07683198153972626
0.06934148818254471
0.07357677817344666
0.08819522708654404
