no squeeze
472.93743896484375
328.75482177734375
292.1406555175781
177.25930786132812
157.89321899414062
115.22537231445312
109.05746459960938
92.85710906982422
89.81805419921875
80.76142883300781
78.87771606445312
72.88160705566406
71.56562805175781
67.25215911865234
66.30733489990234
63.113643646240234
62.39160919189453
59.9013786315918
59.34270477294922
57.458274841308594
57.01945495605469
55.55378723144531
55.233577728271484
54.079463958740234
53.809425354003906
52.91271209716797
52.71373748779297
52.02284622192383
51.85564041137695
51.294254302978516
51.16799545288086
50.735416412353516
50.66429901123047
50.338951110839844
50.24855041503906
49.96335220336914
49.89393997192383
49.66648864746094
49.64257049560547
49.468170166015625
49.42350387573242
49.41222381591797
49.319950103759766
49.17646789550781
49.153804779052734
49.063045501708984
49.0478401184082
49.027103424072266
48.978939056396484
48.90902328491211
48.917510986328125
48.886444091796875
48.843196868896484
48.8472900390625
48.82426834106445
48.75944137573242
48.745052337646484
48.78107452392578
48.75987243652344
48.71331024169922
48.713253021240234
48.78266143798828
48.72958755493164
48.679420471191406
48.6626091003418
48.68495559692383
48.69528579711914
48.67753601074219
no squeeze
474.7594909667969
285.3618469238281
241.72412109375
121.88240814208984
104.74182891845703
68.73925018310547
63.401527404785156
48.396942138671875
45.463626861572266
36.311649322509766
34.38877487182617
28.21747589111328
26.910799026489258
22.726459503173828
21.844907760620117
18.995359420776367
18.38951301574707
16.436111450195312
16.02068519592285
14.673189163208008
14.385732650756836
13.4608154296875
13.268926620483398
12.649981498718262
12.51276969909668
12.096299171447754
12.001188278198242
11.709816932678223
11.650920867919922
11.453962326049805
11.409796714782715
11.271819114685059
11.24292278289795
11.150341033935547
11.127154350280762
11.054248809814453
11.036771774291992
10.986170768737793
10.971541404724121
10.92828369140625
10.919904708862305
10.894159317016602
10.885498046875
10.86148738861084
10.852834701538086
10.83161449432373
10.829500198364258
10.809497833251953
10.806536674499512
10.79171371459961
10.786025047302246
10.772005081176758
10.77260684967041
10.762751579284668
10.756625175476074
10.751296043395996
10.744551658630371
10.737310409545898
10.732717514038086
10.727215766906738
10.726423263549805
10.725419998168945
10.713827133178711
10.70870304107666
10.70425033569336
10.708063125610352
10.699779510498047
10.692798614501953
10.689002990722656
10.686586380004883
10.684341430664062
10.677596092224121
10.675670623779297
10.672844886779785
10.674783706665039
10.663860321044922
10.66948413848877
10.66633129119873
no squeeze
475.45819091796875
329.01318359375
292.42626953125
175.97645568847656
154.7989044189453
104.44029998779297
96.93750762939453
77.71622467041016
74.26614379882812
63.79164505004883
61.592552185058594
54.25299835205078
52.569766998291016
46.73402404785156
45.356266021728516
40.44384765625
39.287322998046875
35.068763732910156
34.049415588378906
30.325395584106445
29.45429801940918
26.207399368286133
25.420244216918945
22.58292007446289
21.89120101928711
19.39564323425293
18.7978572845459
16.662303924560547
16.145793914794922
14.311190605163574
13.878167152404785
12.326250076293945
11.959193229675293
10.668314933776855
10.361964225769043
9.277134895324707
9.026357650756836
8.121392250061035
7.917286396026611
7.180148124694824
7.006741523742676
6.401223659515381
6.254639625549316
5.741997241973877
5.6219868659973145
5.1984052658081055
5.098095417022705
4.746521949768066
4.661627769470215
4.362781047821045
4.293761730194092
4.044619083404541
3.984487533569336
3.773707389831543
3.7225136756896973
3.5405642986297607
3.4996414184570312
3.3461101055145264
3.308349609375
3.176119804382324
3.144028663635254
3.0289392471313477
3.0035455226898193
2.9036617279052734
2.8803529739379883
2.7955360412597656
2.7747936248779297
2.700706720352173
2.6830718517303467
2.6196088790893555
2.6022024154663086
2.545379400253296
2.5315990447998047
2.478750467300415
2.466663360595703
2.424387216567993
2.412961006164551
2.373488664627075
2.362525701522827
2.3294730186462402
2.3214526176452637
2.288677453994751
2.2801337242126465
2.2525148391723633
2.2440567016601562
2.2201530933380127
2.2145426273345947
2.1916964054107666
2.1856937408447266
2.1651031970977783
2.160083770751953
2.1412744522094727
2.1391308307647705
2.12020206451416
2.1157758235931396
2.1018967628479004
2.0996620655059814
2.0853641033172607
2.0822882652282715
2.069814682006836
2.0649924278259277
2.0547432899475098
2.0517852306365967
2.043027639389038
2.0406980514526367
2.0309290885925293
2.02834153175354
2.020395040512085
2.0172603130340576
2.009915351867676
2.008190631866455
2.0016045570373535
1.9985896348953247
1.9929684400558472
1.9926542043685913
1.9837285280227661
1.9825290441513062
1.976082682609558
1.9765933752059937
1.9721919298171997
1.9696365594863892
1.9655426740646362
1.9634783267974854
1.959334373474121
1.956895112991333
1.9542714357376099
1.9541045427322388
1.9474259614944458
1.9480459690093994
1.9451216459274292
1.947037935256958
1.9410908222198486
1.9392508268356323
1.935981273651123
1.9356369972229004
1.9338569641113281
1.9334276914596558
1.9289900064468384
1.9294711351394653
1.9261531829833984
1.925783395767212
1.9228700399398804
1.923902988433838
1.919727087020874
1.9208229780197144
1.918794870376587
1.9200118780136108
1.9167042970657349
1.9142411947250366
1.9120558500289917
1.9127798080444336
1.913403034210205
no squeeze
480.6938781738281
419.655517578125
397.5794677734375
289.1162414550781
259.40582275390625
174.6394805908203
162.22125244140625
133.19361877441406
128.44369506835938
115.01947784423828
112.35231018066406
103.77832794189453
101.89566040039062
95.61239624023438
94.17170715332031
89.20350646972656
88.06269836425781
84.0179672241211
83.05786895751953
79.6435317993164
78.81967163085938
75.87918090820312
75.16303253173828
72.62855529785156
71.9964370727539
69.70194244384766
69.14883422851562
67.1379165649414
66.626953125
64.78416442871094
64.32939910888672
62.684207916259766
62.269290924072266
60.76407241821289
60.37245559692383
58.966461181640625
58.60780715942383
57.322696685791016
57.006778717041016
55.8177375793457
55.52824401855469
54.41653060913086
54.1373405456543
53.139225006103516
52.876197814941406
51.94012451171875
51.68803787231445
50.841209411621094
50.60896682739258
49.793113708496094
49.59498977661133
48.83382034301758
48.67587661743164
47.94416046142578
47.764183044433594
47.11742401123047
46.94696807861328
46.340423583984375
46.17192077636719
45.606407165527344
45.449527740478516
44.93003845214844
44.788414001464844
44.25605773925781
44.15317916870117
43.63444900512695
43.505550384521484
43.04733657836914
42.94630813598633
42.47365951538086
42.3931884765625
41.98981475830078
41.853939056396484
41.46142578125
41.360843658447266
41.00544738769531
40.9036865234375
40.55459976196289
40.445621490478516
40.1444091796875
40.061458587646484
39.740150451660156
39.67782974243164
39.385467529296875
39.30051040649414
39.006343841552734
38.94744873046875
38.71806716918945
38.65210723876953
38.46701431274414
38.39163589477539
38.15235137939453
38.10390090942383
37.95332717895508
37.87548828125
37.686153411865234
37.644683837890625
37.49534606933594
37.42778778076172
37.28584289550781
37.23262405395508
37.12529373168945
37.053436279296875
36.93376541137695
36.888710021972656
36.77216339111328
36.76027297973633
36.6425666809082
36.60853958129883
36.5070915222168
36.48306655883789
36.409912109375
36.37097930908203
36.28802490234375
36.26103210449219
36.163536071777344
36.1224479675293
36.080753326416016
36.05025863647461
35.96903991699219
35.9488525390625
35.900917053222656
35.878780364990234
35.79243850708008
35.77626419067383
35.716217041015625
35.7358283996582
35.6661376953125
35.62746810913086
35.5689697265625
35.57416534423828
35.521907806396484
35.500675201416016
35.455204010009766
35.43720245361328
35.378990173339844
35.36507034301758
35.37092208862305
35.318450927734375
35.289894104003906
35.27408218383789
35.238006591796875
35.227420806884766
35.19917297363281
35.175846099853516
35.15793228149414
35.1417236328125
35.09535598754883
35.07988357543945
35.045894622802734
35.03602981567383
35.075531005859375
34.9999885559082
34.98783874511719
34.95372772216797
34.9405517578125
34.925479888916016
34.91083908081055
34.9068717956543
34.87818145751953
34.863101959228516
34.848567962646484
34.82295227050781
34.79887008666992
34.808998107910156
34.808982849121094
no squeeze
474.6073303222656
329.4267578125
293.3087158203125
183.26797485351562
165.23391723632812
124.76718139648438
118.74871826171875
102.76161193847656
99.7304458618164
90.52767944335938
88.6075668334961
82.35172271728516
81.01778411865234
76.44075012207031
75.40355682373047
71.81336212158203
71.02728271484375
68.0877914428711
67.40113830566406
64.9516372680664
64.36714172363281
62.29778289794922
61.81470489501953
60.06290054321289
59.62821578979492
58.0888671875
57.72995376586914
56.3918342590332
56.083038330078125
54.926795959472656
54.65977096557617
53.663143157958984
53.41142272949219
52.56270217895508
52.36813735961914
51.598426818847656
51.4128532409668
50.74238967895508
50.579811096191406
49.98740005493164
49.852779388427734
49.32393264770508
49.19292068481445
48.76655960083008
48.63573455810547
48.20887756347656
48.12451171875
47.77939224243164
47.67641067504883
47.32447814941406
47.24174880981445
47.004573822021484
46.91716003417969
46.618263244628906
46.57240295410156
46.32644271850586
46.27731704711914
46.09421920776367
46.024497985839844
45.81489562988281
45.7692756652832
45.595516204833984
45.5507698059082
45.401283264160156
45.355533599853516
45.237857818603516
45.19960021972656
45.06837463378906
45.053524017333984
44.92284393310547
44.8700065612793
44.805519104003906
44.76226806640625
44.67543411254883
44.64509201049805
44.547306060791016
44.516056060791016
44.458343505859375
44.40611267089844
44.33700942993164
44.30820083618164
44.29304885864258
44.243404388427734
44.16399002075195
44.1386604309082
44.09611892700195
44.074981689453125
44.011016845703125
44.009342193603516
43.97660827636719
43.95703125
43.92589569091797
43.90545654296875
43.863861083984375
43.839683532714844
43.85385513305664
43.808876037597656
43.77780532836914
43.72151184082031
43.71455383300781
43.701683044433594
43.70060729980469
43.671390533447266
43.64268493652344
43.62959289550781
43.56650161743164
43.58641815185547
43.58304977416992
no squeeze
473.4198303222656
174.4427490234375
144.41107177734375
106.07880401611328
103.10099792480469
97.70606994628906
96.9766845703125
95.19405364990234
94.89139556884766
94.0802993774414
93.88955688476562
93.39298248291016
93.28752136230469
92.98075103759766
92.92350769042969
92.7561264038086
92.74308013916016
92.65951538085938
92.61408233642578
92.62720489501953
92.57321166992188
92.5605239868164
92.57159423828125
92.5897445678711
