no squeeze
86.76932525634766
24.091154098510742
16.355804443359375
5.97292423248291
4.917659282684326
2.5881500244140625
2.2292098999023438
1.3088923692703247
1.1493606567382812
0.7247045636177063
0.6495876312255859
0.44454479217529297
0.40682491660118103
0.300464004278183
0.28095749020576477
0.2236158400774002
0.21275396645069122
0.18074928224086761
0.1747438609600067
0.15628917515277863
0.15291109681129456
0.14248767495155334
0.1403833031654358
0.13411132991313934
0.13295485079288483
0.12944801151752472
0.12860222160816193
0.12664981186389923
0.12623243033885956
0.12503427267074585
0.12473611533641815
0.1240418553352356
0.12389478087425232
0.12344545871019363
0.12339801341295242
0.12324957549571991
0.12312952429056168
0.12306447327136993
0.12304586917161942
0.12288442999124527
0.1228247806429863
0.12280937284231186
0.12270136177539825
0.12275777757167816
0.12272109091281891
0.12266078591346741
0.12256576120853424
0.1226242333650589
0.12261400371789932
0.12270887941122055
no squeeze
86.28636932373047
28.73162269592285
22.10234260559082
14.310193061828613
13.467656135559082
11.42980670928955
11.072685241699219
10.129684448242188
9.957230567932129
9.499414443969727
9.414371490478516
9.187929153442383
9.143073081970215
9.030086517333984
9.013752937316895
8.958691596984863
8.947972297668457
8.901949882507324
8.896140098571777
8.877237319946289
8.880790710449219
8.866484642028809
8.867629051208496
8.859518051147461
8.865682601928711
8.846842765808105
8.843133926391602
8.836446762084961
8.840964317321777
8.833212852478027
8.832643508911133
8.834478378295898
8.835938453674316
8.826409339904785
8.826605796813965
8.836389541625977
no squeeze
87.77203369140625
52.005069732666016
44.007972717285156
23.130001068115234
19.953285217285156
12.242712020874023
11.019305229187012
7.773427963256836
7.164538860321045
5.417787551879883
5.06947135925293
3.9546940326690674
3.717193603515625
2.9382376670837402
2.761833667755127
2.1746461391448975
2.0467476844787598
1.6237915754318237
1.531389594078064
1.223724603652954
1.1580944061279297
0.9440791010856628
0.8957396745681763
0.7420726418495178
0.707710325717926
0.5980273485183716
0.5742846131324768
0.4964407980442047
0.47992923855781555
0.4249613285064697
0.41303735971450806
0.37211763858795166
0.3633720874786377
0.33276164531707764
0.3256150484085083
0.30268263816833496
0.29644834995269775
0.27642711997032166
0.2725028395652771
0.2564699351787567
0.2538146674633026
0.24233590066432953
0.23875920474529266
0.22813908755779266
0.2253282219171524
0.21476225554943085
0.21324682235717773
0.20496855676174164
0.2031714767217636
0.1967633217573166
0.19463381171226501
0.1884980946779251
0.18671229481697083
0.1805364489555359
0.17940472066402435
0.17455098032951355
0.1729876548051834
0.16794456541538239
0.1669764518737793
0.16308213770389557
0.1619870811700821
0.15822504460811615
0.15716160833835602
0.15370908379554749
0.15280695259571075
0.14924854040145874
0.14877666532993317
0.14653457701206207
0.14545336365699768
0.14259721338748932
0.14204329252243042
0.13922381401062012
0.13889974355697632
0.13736745715141296
0.13650007545948029
0.13447412848472595
0.13412611186504364
0.1320791244506836
0.13164563477039337
0.1301172524690628
0.12997053563594818
0.12808531522750854
0.12777364253997803
0.12639427185058594
0.12624122202396393
0.12491275370121002
0.12470099329948425
0.1238158717751503
0.12351162731647491
0.122505784034729
0.12216044962406158
0.12119080126285553
0.1209358274936676
0.12008575350046158
0.11979349702596664
0.11927703768014908
0.11903928965330124
0.11829301714897156
0.11807488650083542
0.11732185631990433
0.1173010766506195
0.11660327017307281
0.11649021506309509
0.11609312891960144
0.11590512096881866
0.11537762731313705
0.11527925729751587
0.11482123285531998
0.11466921865940094
0.11425674706697464
0.11427506804466248
0.11393620073795319
0.11389649659395218
0.11341698467731476
0.11349984258413315
0.11295369267463684
0.11293807625770569
0.11271218955516815
0.11248208582401276
0.11226805299520493
0.11224139481782913
0.11217175424098969
0.11201802641153336
0.11158309131860733
0.11159810423851013
0.11153260618448257
0.11153830587863922
0.1111646220088005
0.11127034574747086
0.11115391552448273
0.1109415739774704
0.11084790527820587
0.1108054369688034
0.11073122173547745
0.11083408445119858
0.11039075255393982
0.11071072518825531
0.11026040464639664
0.1102868840098381
0.1101573258638382
0.10995903611183167
0.10998478531837463
0.1098637729883194
0.1099483072757721
0.10975736379623413
0.10986960679292679
0.10986337810754776
0.10968070477247238
0.10957959294319153
0.10957235097885132
0.10949476808309555
0.10939566791057587
0.10960661619901657
0.10940596461296082
no squeeze
89.25066375732422
68.99776458740234
62.52222442626953
37.95354080200195
33.443992614746094
23.645875930786133
22.232196807861328
18.733131408691406
18.132694244384766
16.423778533935547
16.081571578979492
15.00890827178955
14.780563354492188
14.03898811340332
13.877350807189941
13.320488929748535
13.19495964050293
12.758380889892578
12.65030574798584
12.30260944366455
12.21711540222168
11.922761917114258
11.847009658813477
11.612439155578613
11.532700538635254
11.317962646484375
11.263984680175781
11.041755676269531
10.989629745483398
10.79808521270752
10.739364624023438
10.556600570678711
10.511512756347656
10.334488868713379
10.289396286010742
10.108131408691406
10.0617036819458
9.901217460632324
9.858827590942383
9.68542194366455
9.641437530517578
9.479302406311035
9.436379432678223
9.280160903930664
9.229410171508789
9.08465576171875
9.044782638549805
8.88676643371582
8.846077919006348
8.698212623596191
8.662517547607422
8.510684967041016
8.475250244140625
8.337791442871094
8.298065185546875
8.164697647094727
8.131234169006348
7.99888801574707
7.967217922210693
7.847463607788086
7.811707496643066
7.6905341148376465
7.661892414093018
7.551229953765869
7.5249481201171875
7.417482852935791
7.390873908996582
7.293636798858643
7.2699432373046875
7.176283836364746
7.151777744293213
7.070528984069824
7.046463489532471
6.971548080444336
6.951112270355225
6.8789167404174805
6.8643293380737305
6.808238506317139
6.784536361694336
6.72794246673584
6.710935115814209
6.661740779876709
6.646938800811768
6.591354846954346
6.584193706512451
6.544652462005615
6.533682823181152
6.488807201385498
6.4743452072143555
6.443247318267822
6.435630798339844
6.402926445007324
6.3886260986328125
6.358225345611572
6.352463722229004
6.317827224731445
6.310370445251465
6.289186477661133
6.2832441329956055
6.257855415344238
6.247740268707275
6.21961784362793
6.217185974121094
6.1874518394470215
6.1814470291137695
6.17073917388916
6.159903049468994
6.131132125854492
6.133741855621338
6.112841606140137
6.1019439697265625
6.089112281799316
6.076722145080566
6.06015157699585
6.0574116706848145
6.041731357574463
6.031248092651367
6.014288902282715
6.013359069824219
5.997707843780518
5.995763301849365
5.9725542068481445
5.971045970916748
5.961090564727783
5.949661731719971
5.935146331787109
5.929600238800049
5.915007591247559
5.913328170776367
5.901185512542725
5.892902374267578
5.8851799964904785
5.880825519561768
5.86484956741333
5.860500812530518
5.858351707458496
5.8458781242370605
5.842040061950684
5.841308116912842
5.822784423828125
5.813729286193848
5.823945045471191
5.819422721862793
5.800266265869141
5.798041343688965
5.786669731140137
5.785070419311523
5.779030799865723
5.770430564880371
5.762015342712402
5.754812240600586
5.760182857513428
5.753993511199951
5.7490925788879395
5.740932941436768
5.734963417053223
5.736201286315918
5.727006912231445
5.7261457443237305
5.719850540161133
5.7179999351501465
5.713759899139404
5.707538604736328
5.7049360275268555
5.708331108093262
5.703116416931152
5.697884559631348
5.693793296813965
5.690887928009033
5.680425643920898
5.682552814483643
5.676659107208252
5.673059463500977
5.6833038330078125
5.67710542678833
5.665572643280029
5.668399333953857
5.654790878295898
5.656814098358154
5.645375728607178
5.6491217613220215
5.646153450012207
no squeeze
87.11109924316406
38.34714126586914
31.983844757080078
20.485769271850586
19.188230514526367
16.041624069213867
15.469870567321777
13.780143737792969
13.430549621582031
12.33232307434082
12.100520133972168
11.331761360168457
11.182455062866211
10.613410949707031
10.481664657592773
10.05278491973877
9.953856468200684
9.622224807739258
9.543813705444336
9.28210735321045
9.22118854522705
9.008831024169922
8.955812454223633
8.787656784057617
8.739358901977539
8.601983070373535
8.562318801879883
8.443344116210938
8.414124488830566
8.315712928771973
8.2889986038208
8.202569007873535
8.180535316467285
8.109062194824219
8.092636108398438
8.030806541442871
8.01565933227539
7.953668594360352
7.9385881423950195
7.890865325927734
7.87978982925415
7.837015628814697
7.823123455047607
7.7841010093688965
7.77372932434082
7.746444225311279
7.730490207672119
7.694225788116455
7.690083980560303
7.6560516357421875
7.649045467376709
7.624692440032959
7.621506690979004
7.591998100280762
7.587457656860352
7.567081451416016
7.5612664222717285
7.5409417152404785
7.53518009185791
7.521332263946533
7.511013984680176
7.489735126495361
7.486466884613037
7.4708147048950195
7.470056533813477
7.4518609046936035
7.446409702301025
7.442915439605713
7.430663108825684
7.429713726043701
7.41529655456543
7.413218975067139
7.40899658203125
7.393163681030273
7.388481616973877
7.377826690673828
7.377810001373291
7.371566295623779
7.369104385375977
7.368551731109619
7.3577117919921875
7.351326942443848
7.346965789794922
7.339003562927246
7.334035873413086
7.332104206085205
7.33455753326416
7.321534156799316
7.322778701782227
7.3220367431640625
no squeeze
85.49745178222656
18.246610641479492
17.01821517944336
15.372157096862793
15.290118217468262
15.19711685180664
15.193069458007812
15.167140007019043
15.173744201660156
15.176997184753418
