no squeeze
3.8370213508605957
0.20083332061767578
0.13148409128189087
0.045243002474308014
0.038905370980501175
0.028821291401982307
0.027653975412249565
0.02524508349597454
0.025035545229911804
0.024465002119541168
0.024368630722165108
0.024211274459958076
0.02428976260125637
0.024124573916196823
0.0242267195135355
0.024304157122969627
no squeeze
3.679548740386963
0.49396029114723206
0.43893924355506897
0.3696286678314209
0.3696645498275757
0.3452495336532593
0.34207484126091003
0.33718234300613403
0.3352554142475128
0.33307522535324097
0.3323471248149872
0.3323095738887787
0.3330104947090149
0.33247554302215576
no squeeze
3.661771297454834
0.5110132098197937
0.368691086769104
0.15273705124855042
0.1293710172176361
0.07693569362163544
0.06921748071908951
0.04882325232028961
0.045137010514736176
0.035381924360990524
0.0334944874048233
0.028392095118761063
0.02722076326608658
0.023508084937930107
0.022801632061600685
0.020552093163132668
0.020068049430847168
0.018445104360580444
0.018143555149435997
0.01713336817920208
0.016880245879292488
0.01603725180029869
0.015915116295218468
0.015365185216069221
0.015231950208544731
0.014805012382566929
0.014707219786942005
0.014403561130166054
0.014327241107821465
0.014056771993637085
0.014016062021255493
0.013823553919792175
0.013783806003630161
0.013584689237177372
0.013570528477430344
0.013440574519336224
0.013416833244264126
0.013319483026862144
0.013304699212312698
0.013215156272053719
0.01319381594657898
0.013120487332344055
0.01311033871024847
0.013074647635221481
0.013046016916632652
0.013012214563786983
0.013019007630646229
0.012953598983585835
0.012975444085896015
0.012947170063853264
0.012971247546374798
0.012918485328555107
0.01293118391185999
0.012875267304480076
0.012872560881078243
0.012877300381660461
0.012871580198407173
0.012815422378480434
0.012864766642451286
0.012830850668251514
no squeeze
4.0669941902160645
1.478161334991455
1.2935705184936523
0.955467700958252
0.9076535105705261
0.7844483256340027
0.7623257637023926
0.6977381706237793
0.6839427351951599
0.641657829284668
0.6329657435417175
0.6034650802612305
0.5960474610328674
0.5741695165634155
0.5680895447731018
0.5502681732177734
0.5464994311332703
0.5319523215293884
0.5275335907936096
0.5150895118713379
0.510971188545227
0.4997590184211731
0.4975396692752838
0.4887808859348297
0.4850032329559326
0.4762956202030182
0.47377291321754456
0.4684508144855499
0.46566981077194214
0.4595763087272644
0.4578477442264557
0.45281803607940674
0.4510718882083893
0.44475284218788147
0.4438585937023163
0.4388258159160614
0.438853919506073
0.432692289352417
0.4317907989025116
0.4273558259010315
0.42617708444595337
0.42198053002357483
0.4197583496570587
0.4160769581794739
0.41335350275039673
0.40841901302337646
0.40974846482276917
0.4042832553386688
0.40304455161094666
0.39860570430755615
0.39908477663993835
0.3951697051525116
0.39501121640205383
0.39072129130363464
0.3907241225242615
0.3883638083934784
0.38892823457717896
0.38648808002471924
0.3861900866031647
0.38531091809272766
0.384220689535141
0.3836290240287781
0.3821839690208435
0.381197065114975
0.38136938214302063
0.3792248070240021
0.3799894154071808
0.3786095678806305
0.3792102634906769
0.3787793219089508
no squeeze
3.973644256591797
0.9373246431350708
0.8186059594154358
0.6065456867218018
0.5789028406143188
0.5102341175079346
0.49905043840408325
0.4681989550590515
0.4619682729244232
0.4441382586956024
0.44051599502563477
0.42821115255355835
0.42550763487815857
0.41760724782943726
0.41515982151031494
0.4091455340385437
0.4090424180030823
0.4029884338378906
0.4018263518810272
0.3985660970211029
0.3966822326183319
0.39397281408309937
0.3936992883682251
0.39085111021995544
0.3894908130168915
0.38823258876800537
0.38783198595046997
0.3870828449726105
0.38497504591941833
0.382358580827713
0.38508495688438416
0.3811322748661041
0.386464387178421
0.3805803060531616
0.3799382746219635
0.37817010283470154
0.37805888056755066
0.3793865442276001
0.3793751895427704
0.37698325514793396
0.37620052695274353
0.37691089510917664
0.3753889799118042
0.3755061626434326
0.37613534927368164
0.37468603253364563
0.3756008744239807
0.3745731711387634
0.37397295236587524
0.37446942925453186
0.37291455268859863
0.3725229799747467
0.37243708968162537
0.3755267560482025
0.37973088026046753
0.37308546900749207
no squeeze
3.9919497966766357
0.7189901471138
0.6826920509338379
0.6503018736839294
0.6497901082038879
0.651790976524353
0.648125171661377
0.6503276228904724
0.6487265825271606
0.6512532830238342
