no squeeze
2.061758041381836
0.48058080673217773
0.24017645418643951
0.18154260516166687
0.1718384027481079
0.14510563015937805
0.16015584766864777
0.20568521320819855
0.15517602860927582
0.12154429405927658
0.11845749616622925
0.12279394268989563
0.109745554625988
0.1013791635632515
0.13394424319267273
0.1879993975162506
0.1355532556772232
0.09386241436004639
0.0995827168226242
0.09466703981161118
0.09455905109643936
0.12066110223531723
0.11176984012126923
0.11269690841436386
0.09686414897441864
0.09799891710281372
0.09822601824998856
0.09628264605998993
no squeeze
2.2870447635650635
0.6753856539726257
0.36735498905181885
0.2618364691734314
0.21233001351356506
0.19217078387737274
0.1822649985551834
0.17993739247322083
0.15896567702293396
0.17672161757946014
0.14416146278381348
0.16142357885837555
0.13492467999458313
0.14201846718788147
0.15573468804359436
0.17784936726093292
0.19618859887123108
0.14640246331691742
0.12112783640623093
0.1339859515428543
0.12034447491168976
0.11637135595083237
0.15055766701698303
0.14904308319091797
0.1352609544992447
0.10957356542348862
0.13576437532901764
0.13037753105163574
0.118974968791008
0.11627359688282013
0.1279163658618927
0.10983408987522125
0.10443582385778427
0.0991116464138031
0.10807035863399506
0.13247889280319214
0.1357513964176178
0.0988960862159729
0.08972077816724777
0.10478585958480835
0.1002572700381279
0.12656812369823456
0.12461782246828079
0.12451332807540894
0.13543550670146942
0.1236775666475296
0.13709856569766998
0.10525060445070267
0.11746266484260559
no squeeze
2.6139140129089355
1.0163553953170776
0.5622585415840149
0.40701618790626526
0.399778813123703
0.3516109883785248
0.2725362479686737
0.5380141139030457
0.2932445704936981
0.24515080451965332
0.29481595754623413
0.21290408074855804
0.28679004311561584
0.28403881192207336
0.27832090854644775
0.20033405721187592
0.2368101179599762
0.19826319813728333
0.3490120470523834
0.19565218687057495
0.24620221555233002
0.21923020482063293
0.46347397565841675
0.1874568909406662
0.28389620780944824
0.22512462735176086
0.3383733034133911
0.23471032083034515
0.18707822263240814
0.13309624791145325
0.24105782806873322
0.17461510002613068
0.15461322665214539
0.1854294091463089
0.15637603402137756
0.16349314153194427
0.16559983789920807
0.15589013695716858
0.1523045152425766
0.16408945620059967
no squeeze
2.2259442806243896
0.8395372629165649
0.6009263396263123
0.49591901898384094
0.3922593891620636
0.34235355257987976
0.3020608723163605
0.27375006675720215
0.2517579197883606
0.22575655579566956
0.1980300396680832
0.20410268008708954
0.19594378769397736
0.1766950488090515
0.1648421436548233
0.17926126718521118
0.1683575063943863
0.148731991648674
0.1427956223487854
0.1488417536020279
0.14260458946228027
0.14233669638633728
0.12855620682239532
0.1323108971118927
0.12097715586423874
0.1331520825624466
0.11847487092018127
0.11188838630914688
0.12056382745504379
0.12144238501787186
0.11628087610006332
0.11309975385665894
0.10954850912094116
0.10173191130161285
0.11531134694814682
0.10501809418201447
0.10455739498138428
0.10737593472003937
0.09814433008432388
0.08882657438516617
0.09919600933790207
0.10992657393217087
0.10213784128427505
0.09996563196182251
0.09937052428722382
0.10125032812356949
0.10488542169332504
0.09577073156833649
0.10659907758235931
0.08974018692970276
no squeeze
2.105499267578125
0.6569166779518127
0.39580491185188293
0.30474889278411865
0.24830961227416992
0.22108402848243713
0.2001253068447113
0.16756945848464966
0.17261606454849243
0.1670621782541275
0.14679747819900513
0.13267691433429718
0.1428055763244629
0.12352780252695084
0.12540751695632935
0.13797925412654877
0.11967083066701889
0.12557433545589447
0.12770438194274902
0.1138862743973732
0.11517251282930374
0.103055439889431
0.11585035175085068
0.10586459934711456
0.09878487139940262
0.10515093058347702
0.1143757700920105
0.10784048587083817
0.10814773291349411
0.09365575015544891
0.09569785743951797
0.08774471282958984
0.08758968114852905
0.10091288387775421
0.0986374244093895
0.09754834324121475
0.08090309053659439
0.075245201587677
0.08516731858253479
0.08679741621017456
0.0878923311829567
0.0950290784239769
0.08194851130247116
0.08804444968700409
0.0996023491024971
0.08660602569580078
0.08632911741733551
0.0772162601351738
no squeeze
1.6924781799316406
0.47781071066856384
0.22812922298908234
0.1537177562713623
0.17483553290367126
0.1704871654510498
0.21683168411254883
0.12389334291219711
0.13775284588336945
0.1269276738166809
0.10708682239055634
0.12979264557361603
0.09700518101453781
0.16197174787521362
0.19143278896808624
0.21014176309108734
0.09136992692947388
0.15404099225997925
0.16388501226902008
0.26691266894340515
0.1330518275499344
0.10824117064476013
0.126908078789711
0.11678098887205124
0.15024827420711517
0.18518437445163727
0.14097540080547333
