no squeeze
17.644926071166992
5.5557966232299805
2.9384267330169678
1.6726394891738892
1.2640955448150635
0.7600312232971191
0.6172564625740051
0.32310184836387634
0.27460789680480957
0.17837853729724884
0.15889951586723328
0.21278302371501923
0.15679340064525604
0.11312718689441681
0.04984162375330925
0.13008449971675873
0.049926191568374634
0.03955245763063431
0.014128567650914192
0.0684458389878273
0.045946307480335236
0.006804500240832567
0.008592567406594753
0.14693740010261536
0.20026572048664093
0.09619894623756409
0.1088780015707016
0.024917051196098328
0.11585815250873566
0.05717900022864342
0.02131849154829979
0.00623486889526248
0.0018097846768796444
0.005300668068230152
0.028278276324272156
0.1881220042705536
0.12150083482265472
0.09986414015293121
0.05386555194854736
0.018117936328053474
0.01719280146062374
0.0756574273109436
0.04064936935901642
no squeeze
18.410804748535156
5.154964923858643
3.1712100505828857
2.3407809734344482
1.8248029947280884
1.591507911682129
1.4552606344223022
1.1585779190063477
1.273303747177124
0.9629206657409668
0.8139978647232056
0.9478175044059753
0.8278270959854126
1.130888819694519
0.8938093185424805
0.6516995429992676
0.9233477711677551
0.927397608757019
0.8905916810035706
0.5744962692260742
0.7703841328620911
0.8516651391983032
0.707099437713623
0.5943094491958618
0.6525730490684509
0.6664830446243286
0.6722111701965332
0.581173837184906
0.6280993223190308
0.6880612373352051
no squeeze
19.466264724731445
6.8113532066345215
4.672729015350342
3.63920521736145
2.919809103012085
2.6513283252716064
2.1792972087860107
1.8786208629608154
1.9549576044082642
2.7526698112487793
1.6850835084915161
2.2885499000549316
1.945910930633545
1.237331748008728
1.4207783937454224
1.1496074199676514
0.886295735836029
0.9521539807319641
1.0926103591918945
0.6009597778320312
0.7051947712898254
1.6011141538619995
1.040841817855835
0.6763638257980347
0.6276604533195496
0.8810417056083679
0.7151355743408203
1.413148045539856
0.8924899697303772
0.5062243342399597
0.534709632396698
0.43410733342170715
0.6491915583610535
0.473422646522522
0.8538592457771301
0.4559137523174286
0.5244089365005493
0.48040667176246643
0.772163987159729
0.42251622676849365
0.2999303340911865
0.27973273396492004
0.47233250737190247
0.49904534220695496
0.23006339371204376
0.4019964039325714
0.35834094882011414
0.4849814772605896
0.4137793183326721
0.36620160937309265
0.32314926385879517
0.33109307289123535
0.6909676790237427
0.23391111195087433
0.39320072531700134
no squeeze
16.756568908691406
6.605841636657715
5.4486494064331055
4.521596431732178
3.9191720485687256
3.5811245441436768
3.026611566543579
2.810307741165161
2.4654247760772705
2.3437681198120117
2.200540065765381
2.058713436126709
1.8262079954147339
1.7639368772506714
1.4969210624694824
1.4992778301239014
1.4005076885223389
1.370039939880371
1.3670353889465332
1.2933247089385986
1.2521729469299316
1.1256917715072632
1.0882047414779663
1.1118124723434448
1.0550103187561035
0.9366031885147095
0.9588634967803955
0.9554315805435181
0.9446239471435547
0.9773293733596802
0.9138780832290649
0.9472150802612305
0.9461455941200256
0.9019893407821655
0.7397974133491516
0.7810443639755249
0.7732125520706177
0.6837809085845947
0.6786821484565735
0.7408411502838135
0.6242881417274475
0.6521965265274048
0.6756163239479065
0.599423348903656
0.7983453273773193
0.6646948456764221
0.6238941550254822
0.6191887855529785
0.6019156575202942
0.6156307458877563
0.5865260362625122
0.5908823609352112
0.6286476850509644
0.6037908792495728
0.5927906036376953
0.5939086079597473
0.6338402628898621
0.47755035758018494
0.5668873190879822
0.5316317081451416
0.5801475048065186
0.49777331948280334
0.49731212854385376
0.4800170660018921
0.5462281107902527
0.5025551319122314
0.5064020752906799
0.47375527024269104
0.47955629229545593
0.5021998286247253
0.4104025065898895
0.4748881459236145
0.4577755033969879
0.4728882908821106
0.45935386419296265
0.5052071809768677
0.4305100739002228
0.3787631094455719
0.4324447810649872
0.41062068939208984
0.4845235347747803
0.38099250197410583
0.396902859210968
0.434370219707489
0.3538174629211426
0.4097616374492645
0.3973177671432495
0.4674180746078491
0.45394596457481384
0.4404580891132355
0.39757904410362244
0.3863457143306732
0.33751803636550903
0.3093177080154419
0.33135491609573364
0.37001946568489075
0.4235355854034424
0.353008896112442
0.37542450428009033
0.35797131061553955
0.3401350677013397
0.27768734097480774
0.33564049005508423
0.38684624433517456
0.3548528254032135
0.3169334828853607
0.29551443457603455
0.3665318787097931
0.31734269857406616
0.28554579615592957
0.25784823298454285
0.31608888506889343
0.2996147871017456
0.28088971972465515
0.2472103238105774
0.2600160241127014
0.2725708484649658
0.294715940952301
0.3132595121860504
0.2935127019882202
0.2932029068470001
0.26324236392974854
0.36722925305366516
0.3141314387321472
0.25846561789512634
no squeeze
22.51344108581543
6.5239338874816895
4.689164161682129
3.6682326793670654
3.0377566814422607
2.665562391281128
2.22770357131958
2.0256810188293457
1.7647080421447754
1.656067967414856
1.6075561046600342
1.4043971300125122
1.3220882415771484
1.3062176704406738
1.1082795858383179
1.2377310991287231
1.1019364595413208
1.1292275190353394
1.0275095701217651
0.9476940631866455
1.056821346282959
0.9241642951965332
0.8691669702529907
0.936069905757904
0.8930308222770691
0.9349396824836731
0.8396676778793335
0.8243637681007385
0.9650084376335144
0.9629820585250854
0.680571973323822
0.8588149547576904
0.7616896629333496
0.7157877087593079
0.8075460195541382
0.8414921164512634
0.7196096181869507
0.8554959893226624
0.7417985796928406
0.7409636378288269
0.7133828997612
no squeeze
17.116840362548828
3.4569032192230225
1.8351494073867798
1.4103096723556519
1.430588960647583
1.8006296157836914
1.1008447408676147
2.6172289848327637
1.1509771347045898
1.360976219177246
1.0919463634490967
1.6346462965011597
1.5215281248092651
2.0846095085144043
1.412864327430725
1.325989842414856
1.0779999494552612
1.4073807001113892
0.5994142889976501
1.0386388301849365
0.9106534719467163
1.1085675954818726
1.7209218740463257
0.7873875498771667
1.3468579053878784
1.2336822748184204
1.0685079097747803
0.8518024682998657
0.8538942337036133
