no squeeze
1.9081629514694214
0.4245375096797943
0.26833614706993103
0.20620237290859222
0.14518387615680695
0.1262226402759552
0.10235797613859177
0.09075172245502472
0.09791693091392517
0.09098800271749496
0.07425452768802643
0.07375874370336533
0.07956597954034805
0.06269805133342743
0.07767847180366516
0.06225324049592018
0.07086118310689926
0.054773032665252686
0.051226258277893066
0.04716834798455238
0.048404764384031296
0.04458289593458176
0.04550451412796974
0.042591631412506104
0.03863735496997833
0.03829598426818848
0.0336943119764328
0.03992513567209244
0.028434935957193375
0.02984839864075184
0.03075581043958664
0.027519021183252335
0.023188747465610504
0.027587754651904106
0.02878027781844139
0.019416384398937225
0.01844451203942299
0.023161213845014572
0.021603379398584366
0.019377995282411575
0.013602305203676224
0.01887648180127144
0.021600427106022835
0.016248784959316254
0.024767078459262848
0.023139769211411476
0.021117078140378
0.018799912184476852
0.012811290100216866
0.015382986515760422
0.021290142089128494
0.013711739331483841
0.016174085438251495
0.02171017974615097
0.01572132669389248
0.012230799533426762
0.012194898910820484
0.016862869262695312
0.013373631983995438
0.026185045018792152
0.01118065882474184
0.009030649438500404
0.013277024030685425
0.01195401418954134
0.015614897012710571
0.012068606913089752
0.012793758884072304
0.010840184055268764
0.011391762644052505
0.011581329628825188
0.011438059620559216
0.012645615264773369
no squeeze
1.7424890995025635
0.49530163407325745
0.27729731798171997
0.2117849886417389
0.17852944135665894
0.1693558543920517
0.1688234508037567
0.13932263851165771
0.16723628342151642
0.13668078184127808
0.14272277057170868
0.1498783975839615
0.10636603087186813
0.10528476536273956
0.10064558684825897
0.12384672462940216
0.09658049792051315
0.08947622030973434
0.13962173461914062
0.1344599723815918
0.13165724277496338
0.11096875369548798
0.09065160900354385
0.120529904961586
0.08991939574480057
0.10154283791780472
0.08738087862730026
0.08034234493970871
0.08648872375488281
0.10424628853797913
0.08119732141494751
0.06932362914085388
0.0736391469836235
0.07992549240589142
0.08552006632089615
0.07182325422763824
0.06929650902748108
0.07019474357366562
0.08571604639291763
0.11728239804506302
0.06919942051172256
0.06954247504472733
0.061808548867702484
0.07616853713989258
0.06584736704826355
0.0637451782822609
0.06853751093149185
0.07432087510824203
0.06776010990142822
0.08013128489255905
0.07995110005140305
0.09340932220220566
0.0802500918507576
no squeeze
1.9817683696746826
0.7193048000335693
0.40142014622688293
0.3080395460128784
0.259263813495636
0.275361031293869
0.20800051093101501
0.224287748336792
0.1798267662525177
0.1912757158279419
0.1793716698884964
0.14779211580753326
0.24209071695804596
0.19706976413726807
0.15440306067466736
0.13993291556835175
0.12735547125339508
0.12084628641605377
0.1251724362373352
0.13685475289821625
0.15060073137283325
0.10885607451200485
0.10186049342155457
0.10365905612707138
0.09057969599962234
0.09865496307611465
0.12476988136768341
0.08428999036550522
0.09490223973989487
0.09578446298837662
0.09449153393507004
0.10022290796041489
0.12222905457019806
0.09330209344625473
0.07219554483890533
0.05710248649120331
0.062392886728048325
0.09228985011577606
0.07432025671005249
0.08045210689306259
0.08100783079862595
0.08486104011535645
0.053144317120313644
0.057040877640247345
0.09912285208702087
0.10330862551927567
0.07512368261814117
0.049067046493291855
0.05325663462281227
0.043151479214429855
0.051773227751255035
0.08641362935304642
0.09115807712078094
0.0666465014219284
0.06858740001916885
0.05608757585287094
0.05504385381937027
0.06843944638967514
0.04750870540738106
0.042621079832315445
0.07566744834184647
0.139290913939476
0.09343329071998596
0.0656215101480484
0.06690910458564758
0.04911808669567108
0.04395633935928345
0.03515257313847542
0.032157834619283676
0.03533857315778732
0.034368906170129776
0.056572720408439636
0.03591427952051163
0.029924560338258743
0.058848392218351364
0.03420602157711983
0.03014443814754486
0.03583087772130966
0.02806599996984005
0.03284875676035881
0.042913760989904404
0.046938207000494
0.05108978971838951
0.045702431350946426
0.05828836187720299
0.03248312696814537
0.05770659074187279
0.06664954125881195
0.034136999398469925
no squeeze
2.2995638847351074
0.8455525040626526
0.6359280943870544
0.5062458515167236
0.4188007116317749
0.37391215562820435
0.3233475089073181
0.30635887384414673
0.26868775486946106
0.2513660788536072
0.22859768569469452
0.21737079322338104
0.2091544270515442
0.20631346106529236
0.19334231317043304
0.17974619567394257
0.17820365726947784
0.1685573160648346
0.1748911440372467
0.1550346314907074
0.15690770745277405
0.1622927337884903
0.14104518294334412
0.14432023465633392
0.14496424794197083
0.1384035050868988
0.13125833868980408
0.1229952871799469
0.129068061709404
0.13089020550251007
0.12393379211425781
0.12761515378952026
0.12632212042808533
0.12168334424495697
0.11470693349838257
0.12655606865882874
0.10788638889789581
0.11762800812721252
0.10411298274993896
0.11661466211080551
0.11022951453924179
0.10432831943035126
0.10432843118906021
0.10447700321674347
0.10151200741529465
0.09924013912677765
0.09626142680644989
0.10071287304162979
0.10578503459692001
0.10231555253267288
0.10212359577417374
0.09831778705120087
0.09632056206464767
0.09989218413829803
0.09744900465011597
0.09489466995000839
0.09481986612081528
0.10204285383224487
0.08675024658441544
0.09430312365293503
0.08443672209978104
0.09145976603031158
0.08814864605665207
0.0940740630030632
0.08395721763372421
0.08538627624511719
0.08485454320907593
0.07946697622537613
0.09222761541604996
0.08403658866882324
0.07988283783197403
0.08604951202869415
0.07987790554761887
0.08183712512254715
0.07954801619052887
0.07937841862440109
0.07476630061864853
0.07532226294279099
0.07667238265275955
0.07793828099966049
0.07959955185651779
0.07925024628639221
0.07567200064659119
0.07246164977550507
0.07242822647094727
0.07636228948831558
0.07070689648389816
0.07647749036550522
0.06814751029014587
0.07107734680175781
0.07221531122922897
0.07043242454528809
0.07126204669475555
0.06831500679254532
0.06411122530698776
0.06507506221532822
0.06388452649116516
0.06621623784303665
0.06081952527165413
0.06274078786373138
0.0673869401216507
0.06118438020348549
0.06452280282974243
0.06260479241609573
0.06305922567844391
0.05795237421989441
0.0675118938088417
0.06085648015141487
0.059491608291864395
0.0629442110657692
0.05841980502009392
0.05851099640130997
0.051057472825050354
0.05811072513461113
0.05674923211336136
0.05934648960828781
0.06386352330446243
0.057692959904670715
0.05572369694709778
0.05645309016108513
0.049903806298971176
0.0540241003036499
0.056193359196186066
0.05114106833934784
0.053896840661764145
0.05807698890566826
0.05157611519098282
0.04982985928654671
0.051574211567640305
0.05233510583639145
0.05173613131046295
0.049095675349235535
0.05047978088259697
0.05242196097970009
0.04861460253596306
0.04957413673400879
0.05216158926486969
0.05239205062389374
0.05288029462099075
0.05109722912311554
0.04934994876384735
0.04730427265167236
0.04798160120844841
0.04977899417281151
0.04749287664890289
0.0455232597887516
0.048305023461580276
0.04736844450235367
0.04509624466300011
0.04354732483625412
0.045634761452674866
0.04510238394141197
0.04819989204406738
0.04450879618525505
0.0440523587167263
0.048715099692344666
0.04769502207636833
0.04650398716330528
0.04581253230571747
0.04364894703030586
no squeeze
1.864829182624817
0.6007078886032104
0.36090344190597534
0.27900460362434387
0.22691920399665833
0.20933644473552704
0.17908009886741638
0.16814611852169037
0.1503211408853531
0.15315739810466766
0.14541497826576233
0.13236257433891296
0.12621699273586273
0.1155100092291832
0.10189234465360641
0.11080624163150787
0.10463177412748337
0.09919817000627518
0.09480315446853638
0.09882047027349472
0.09146095812320709
0.08667708933353424
0.08621592074632645
0.07652128487825394
0.07891377806663513
0.08498287945985794
0.08003812283277512
0.07691072672605515
0.08092816174030304
0.07755912095308304
0.07389940321445465
0.06874286383390427
0.06445726752281189
0.07035317271947861
0.06512370705604553
0.06876789033412933
0.0650022029876709
0.06637196242809296
0.05952450633049011
0.062328584492206573
0.060615744441747665
0.06176351010799408
0.057612136006355286
0.06184072047472
0.06050155684351921
0.05783790722489357
0.05485459789633751
0.04883899167180061
0.05282237380743027
0.05695679783821106
0.05061040818691254
0.05355464667081833
0.057212911546230316
0.050914231687784195
0.048196837306022644
0.04693746566772461
0.05611549690365791
0.04918498918414116
0.04475841671228409
0.04884028062224388
0.04707934707403183
0.049811650067567825
0.043602727353572845
0.04696435108780861
0.04734359309077263
0.04662337526679039
0.04650489240884781
0.04712587967514992
0.04367663711309433
0.04500541836023331
0.04469684138894081
0.04419934004545212
0.05259083956480026
no squeeze
1.6805838346481323
0.3206079602241516
0.20412379503250122
0.18242289125919342
0.17803460359573364
0.17895172536373138
0.12751531600952148
0.14079977571964264
0.13471513986587524
0.15194909274578094
0.11339081078767776
0.11749523878097534
0.11558469384908676
0.13176798820495605
0.1423340141773224
0.09995395690202713
0.11813464760780334
0.12961889803409576
0.10039021074771881
0.10041367262601852
0.09349027276039124
0.12027386575937271
0.10321293026208878
0.10262081027030945
0.11072628200054169
0.0886039137840271
0.14332124590873718
0.10147479176521301
0.12647493183612823
0.11073286086320877
0.13179327547550201
0.12863565981388092
0.087956003844738
0.10339485108852386
0.10824469476938248
0.08731266856193542
0.10669706761837006
0.10241202265024185
0.09383156895637512
0.09099544584751129
0.09564993530511856
0.08087130635976791
0.07185844331979752
0.09230431914329529
0.09773959219455719
0.090105339884758
0.09123682230710983
0.11738558113574982
0.15247905254364014
0.14232473075389862
0.08457666635513306
0.07552200555801392
0.07544948160648346
