no squeeze
74.62779998779297
15.552404403686523
11.176876068115234
3.9379427433013916
3.1218838691711426
1.3979957103729248
1.1565340757369995
0.5843183398246765
0.4950040876865387
0.27058887481689453
0.23458807170391083
0.13830606639385223
0.12215948849916458
0.07901790738105774
0.07189501821994781
0.0523633137345314
0.04909142106771469
0.03901322931051254
0.03713648393750191
0.03185555338859558
0.030911175534129143
0.02815648540854454
0.02764282375574112
0.025933055207133293
0.02566208690404892
0.02439962513744831
0.024360695853829384
0.02328668162226677
0.02307899482548237
0.022738030180335045
0.022247489541769028
0.021753165870904922
0.02161577343940735
0.021403992548584938
0.021053003147244453
0.020702475681900978
0.02042476460337639
0.019938411191105843
0.019786635413765907
0.019385196268558502
0.019299190491437912
0.018874306231737137
0.018795501440763474
0.018599549308419228
0.01861869916319847
0.017950039356946945
0.017871471121907234
0.017587529495358467
0.017451543360948563
0.017189662903547287
0.017060762271285057
0.016814323142170906
0.016718154773116112
0.016418902203440666
0.01632574573159218
0.016081539914011955
0.01599200628697872
0.01581115461885929
0.015718623995780945
0.01544632576406002
0.015383266843855381
0.015183832496404648
0.015117538161575794
0.01500391773879528
0.01491466723382473
0.014772187918424606
0.014687352813780308
0.014535712078213692
0.01448950357735157
0.014337548986077309
0.014421124011278152
0.014183995313942432
0.014129634015262127
0.01399422436952591
0.01409567054361105
0.01392215583473444
0.014045065268874168
0.013731521554291248
0.013691481202840805
0.01370239071547985
0.013608338311314583
0.013540450483560562
0.013477648608386517
0.013425556011497974
0.013410867191851139
0.013448317535221577
0.013341099955141544
0.013295825570821762
0.01333132665604353
0.013262246735394001
0.01330018974840641
0.013219840824604034
0.013206033036112785
0.013183090835809708
0.013172458857297897
0.013195364736020565
0.013129739090800285
0.01312295813113451
0.013064262457191944
0.013080243952572346
0.013155912049114704
0.013043326325714588
0.013112572953104973
0.013054284267127514
no squeeze
75.44605255126953
15.455902099609375
11.531150817871094
6.617925643920898
6.086836338043213
5.026952266693115
4.887799263000488
4.568930149078369
4.520777702331543
4.3901166915893555
4.364930152893066
4.2968597412109375
4.283125877380371
4.2372965812683105
4.226032257080078
4.200896739959717
4.1988067626953125
4.168064117431641
4.17201566696167
4.14625883102417
4.140687942504883
4.1303391456604
4.125338554382324
4.116239547729492
4.113487720489502
4.1100945472717285
4.108940601348877
4.109605312347412
4.103586196899414
4.097938537597656
4.0985188484191895
4.098293781280518
no squeeze
74.86885833740234
22.46546173095703
16.70856475830078
7.983653545379639
6.860478401184082
4.340198516845703
3.9406092166900635
2.851341485977173
2.6448276042938232
2.039052724838257
1.9141762256622314
1.514981985092163
1.4353458881378174
1.17232084274292
1.1130412817001343
0.9208084940910339
0.8754881620407104
0.7282792925834656
0.6970930695533752
0.5917540788650513
0.564023494720459
0.4798355996608734
0.45791560411453247
0.3898945450782776
0.374671995639801
0.32194721698760986
0.30949321389198303
0.2678122818470001
0.25858813524246216
0.2278633564710617
0.2198391705751419
0.19438330829143524
0.18825799226760864
0.16903352737426758
0.16399383544921875
0.14696575701236725
0.14360518753528595
0.1309744268655777
0.12802937626838684
0.11729365587234497
0.11511699855327606
0.1066390722990036
0.10444700717926025
0.09715835750102997
0.09540188312530518
0.08929885178804398
0.08776827901601791
0.08243881165981293
0.08120406419038773
0.07697481662034988
0.075587198138237
0.07125069200992584
0.07025264948606491
0.06649186462163925
0.06556866317987442
0.06212009862065315
0.0613551139831543
0.05843687057495117
0.057745832949876785
0.055044662207365036
0.054482292383909225
0.052357833832502365
0.05170166864991188
0.04952444136142731
0.04890967160463333
0.04650544002652168
0.04605701193213463
0.0442204624414444
0.043837182223796844
0.04218662157654762
0.04164102301001549
0.03990025818347931
0.03955492004752159
0.03810863196849823
0.03767618536949158
0.03645021468400955
0.03603497892618179
0.034972742199897766
0.03455891087651253
0.0332656167447567
0.032922614365816116
0.03158310055732727
0.03138207644224167
0.0306381992995739
0.030276687815785408
0.02934890054166317
0.029074298217892647
0.02796909399330616
0.02774786949157715
0.02697020396590233
0.02678326517343521
0.0259366724640131
0.025804581120610237
0.025084232911467552
0.024838898330926895
0.024130279198288918
0.02407090924680233
0.023443158715963364
0.02320808544754982
0.022684212774038315
0.022499538958072662
0.0218253955245018
0.021821284666657448
0.02119385451078415
0.02105844020843506
0.020677071064710617
0.02059195749461651
0.020010720938444138
0.019942699000239372
0.01957344263792038
0.019430596381425858
0.019032640382647514
0.018895024433732033
0.018521344289183617
0.01846580021083355
0.018109580501914024
0.017985202372074127
0.017619261518120766
0.01758362352848053
0.01730130799114704
0.017271267250180244
0.017000753432512283
0.01692335680127144
0.016651106998324394
0.016634229570627213
0.01634589396417141
0.016315482556819916
0.01604875735938549
0.01600293256342411
0.015749044716358185
0.015777941793203354
0.015574805438518524
0.015494654886424541
0.015302380546927452
0.015242761000990868
0.015130700543522835
0.015088826417922974
0.014933700673282146
0.01488015241920948
0.014771968126296997
0.014768772758543491
0.014563328586518764
0.014509649947285652
0.01443473994731903
0.014390033669769764
0.014258190058171749
0.0141975786536932
0.014120434410870075
0.014102463610470295
0.01399180293083191
0.013955810107290745
0.013901671394705772
0.013838330283761024
0.01378131378442049
0.013766776770353317
0.013663429766893387
0.013652203604578972
0.013588911853730679
0.013571792282164097
0.01355742197483778
0.013472761027514935
0.01341915875673294
0.01341830100864172
0.01335853524506092
0.013400769792497158
0.01326629240065813
0.013261627405881882
0.013227958232164383
0.013215845450758934
0.013223741203546524
0.01319206040352583
0.013135481625795364
0.013109744526445866
0.013089376501739025
0.013063522055745125
0.013010908849537373
0.01302293874323368
0.01294006872922182
0.012965530157089233
0.0129478070884943
no squeeze
76.64850616455078
46.71493148803711
39.169227600097656
20.382022857666016
18.275650024414062
13.921748161315918
13.242030143737793
11.341580390930176
10.967365264892578
9.800490379333496
9.558136940002441
8.750516891479492
8.571215629577637
7.964202404022217
7.831573963165283
7.3759050369262695
7.269089698791504
6.915794372558594
6.821614742279053
6.534823894500732
6.470118522644043
6.237330436706543
6.17984676361084
5.98996639251709
5.944349765777588
5.78228235244751
5.740851879119873
5.607343673706055
5.575108528137207
5.4548540115356445
5.423066139221191
5.343033313751221
5.297010898590088
5.214107513427734
5.175453186035156
5.0884552001953125
5.063708305358887
4.984263896942139
4.962256908416748
4.889639377593994
4.864668369293213
4.7928361892700195
4.774045944213867
4.704010486602783
4.686288833618164
4.6236772537231445
4.604556560516357
4.536514759063721
4.517714500427246
4.457204341888428
4.43920373916626
4.382033348083496
4.369383335113525
4.308237075805664
4.292520523071289
4.234378337860107
4.218935012817383
4.165775299072266
4.15383768081665
4.1025238037109375
4.091915130615234
4.0374250411987305
4.023838043212891
3.976304769515991
3.967622756958008
3.923586845397949
3.912802219390869
3.8676841259002686
3.856903076171875
3.8145298957824707
3.8067495822906494
3.767754077911377
3.7581839561462402
3.7189505100250244
3.7072196006774902
3.681718587875366
3.6666862964630127
3.632925033569336
3.624602794647217
3.5912258625030518
3.5811469554901123
3.5583250522613525
3.5467147827148438
3.5184953212738037
3.5087850093841553
3.4818167686462402
3.4786884784698486
3.447085380554199
3.4416110515594482
3.416416645050049
3.4096148014068604
3.3902840614318848
3.3811118602752686
3.3594515323638916
3.3543906211853027
3.3312742710113525
3.328425407409668
3.3071162700653076
3.3007936477661133
3.282369613647461
3.2765088081359863
3.2619869709014893
3.258456230163574
3.23926043510437
3.2390122413635254
3.2193777561187744
3.2172629833221436
3.205536365509033
3.2024645805358887
3.1808371543884277
3.1823365688323975
3.1632440090179443
3.1632907390594482
3.147418975830078
3.1422204971313477
3.1386361122131348
3.130763530731201
3.1281442642211914
3.1193227767944336
3.105085611343384
3.1039681434631348
3.096701145172119
3.0981924533843994
3.0843539237976074
3.084432601928711
3.0763099193573
3.0707337856292725
3.066898822784424
3.0643506050109863
3.0533878803253174
3.048430919647217
3.03818416595459
3.039066791534424
3.0322136878967285
3.0295286178588867
3.020268678665161
3.0205841064453125
3.0158770084381104
3.016810655593872
3.0061259269714355
3.007418632507324
2.9995334148406982
2.9994702339172363
2.9885048866271973
2.988363265991211
2.9843955039978027
2.9802024364471436
2.9757094383239746
2.9768166542053223
2.968728542327881
2.965386152267456
2.957580804824829
2.957674026489258
2.9516501426696777
2.9528751373291016
2.9460976123809814
2.948578357696533
2.938345432281494
2.937927007675171
2.9355177879333496
2.931152820587158
2.925661087036133
2.9257094860076904
2.9253182411193848
2.9252796173095703
2.912789821624756
2.9135966300964355
2.912597179412842
2.9095876216888428
2.9035415649414062
2.9068167209625244
2.8977150917053223
2.8949434757232666
2.8979763984680176
2.894934892654419
2.8842291831970215
2.882472276687622
2.880115270614624
2.8842246532440186
2.8725767135620117
2.8727223873138428
2.870985746383667
2.866668224334717
2.8652849197387695
2.8606672286987305
2.863330841064453
2.859611988067627
2.8550117015838623
2.8585901260375977
2.8517727851867676
2.8487443923950195
2.846219062805176
2.8476505279541016
2.8419477939605713
2.837700605392456
2.8363070487976074
2.8336997032165527
2.831451416015625
2.8312909603118896
2.828110694885254
no squeeze
75.7738265991211
31.68393898010254
25.23763656616211
13.945266723632812
12.616804122924805
9.37409782409668
8.821953773498535
7.251231670379639
6.949771881103516
6.056157112121582
5.881462574005127
5.353842258453369
5.245937347412109
4.927451133728027
4.856470584869385
4.6467366218566895
4.603649616241455
4.463174819946289
4.43147611618042
4.336346626281738
4.314050674438477
4.2355055809021
4.219828128814697
4.161708831787109
4.147511959075928
4.099305152893066
4.08737850189209
4.046322822570801
4.039037704467773
4.002406597137451
3.9925413131713867
3.961118698120117
3.9509096145629883
3.9249050617218018
3.920243263244629
3.894059896469116
3.883185863494873
3.8628437519073486
3.854968547821045
3.83140230178833
3.8277204036712646
3.8066470623016357
3.8026578426361084
3.7845404148101807
3.7787680625915527
3.7647252082824707
3.7597062587738037
3.747580051422119
3.742354393005371
3.7274067401885986
3.7242023944854736
3.710270404815674
3.7062630653381348
3.69242787361145
3.6936514377593994
3.6805930137634277
3.678532600402832
3.6645896434783936
3.6624608039855957
3.654606819152832
3.653519630432129
3.6392462253570557
3.6426403522491455
3.637186050415039
3.630056381225586
3.6235404014587402
3.621060848236084
3.609935760498047
3.609139919281006
3.603437662124634
3.600250720977783
3.593017578125
3.5923821926116943
3.5868043899536133
3.5869405269622803
3.578141927719116
3.5779311656951904
3.575057029724121
3.570145606994629
3.565308094024658
3.565171718597412
3.5615203380584717
3.561018943786621
3.5583817958831787
3.5539133548736572
3.548214912414551
3.554654598236084
3.543924331665039
3.543760299682617
3.5409646034240723
3.5385630130767822
3.5337231159210205
3.5360491275787354
3.5307343006134033
3.53151798248291
3.5312936305999756
no squeeze
69.38423156738281
13.004262924194336
10.967486381530762
8.292445182800293
8.043074607849121
7.595279693603516
7.550217628479004
7.4789509773254395
7.487307071685791
7.457574367523193
7.4520111083984375
7.448400497436523
7.45035457611084
7.453121185302734
