no squeeze
3.740612506866455
1.131381630897522
0.6598886847496033
0.37374255061149597
0.2094387263059616
0.11764231324195862
0.06589760631322861
0.03999177739024162
0.028899384662508965
0.017001284286379814
0.011568394489586353
0.009051734581589699
0.006451458670198917
0.0039029333274811506
0.002989142667502165
0.002700562821701169
0.0022957546170800924
0.002071964554488659
0.0018771060276776552
0.0017500014510005713
0.0012625675881281495
0.0011212490499019623
0.0014897251967340708
0.0007999728550203145
0.0008924322901293635
0.0005738689796999097
0.0004179839161224663
0.0006363304564729333
0.0005104491719976068
0.0005702260532416403
0.0002573054516687989
0.0004202713316772133
0.0005091556231491268
0.00023518824309576303
0.0002069679176202044
0.00029242958407849073
0.0006165755330584943
0.000377264223061502
0.00022468282259069383
0.0002480809052940458
0.0005848566070199013
0.0003911933454219252
0.00016842207696754485
0.0001795806601876393
0.00037005721242167056
7.619884127052501e-05
5.443298505269922e-05
5.613959365291521e-05
0.000145498474012129
7.296232070075348e-05
0.00021307535644154996
4.136600546189584e-05
2.91499982267851e-05
8.838855137582868e-05
5.436916762846522e-05
0.0003297794610261917
6.331655458780006e-05
3.606912287068553e-05
5.7603479945100844e-05
0.0001469882990932092
3.652179293567315e-05
0.0003318353265058249
0.0003187047550454736
no squeeze
4.007294654846191
1.2454625368118286
0.9142556190490723
0.6839351058006287
0.5027870535850525
0.3921950161457062
0.35618892312049866
0.29945147037506104
0.2780025601387024
0.22683551907539368
0.17928150296211243
0.19029203057289124
0.1802423894405365
0.16988474130630493
0.141176238656044
0.1348724514245987
0.14812994003295898
0.13798515498638153
0.12431881576776505
0.11494552344083786
0.12504014372825623
0.1490781009197235
0.11000782996416092
0.0997077152132988
0.10307465493679047
0.11208461225032806
0.1047801822423935
0.11731873452663422
0.12155654281377792
0.1176922395825386
0.11550076305866241
0.10448945313692093
0.12995260953903198
0.17010897397994995
no squeeze
3.1189446449279785
1.3960628509521484
1.2518383264541626
0.9194697737693787
0.7372172474861145
0.5457589030265808
0.5196053385734558
0.36088255047798157
0.34487760066986084
0.25071167945861816
0.25639674067497253
0.17604364454746246
0.15068180859088898
0.12570561468601227
0.1330871731042862
0.08403679728507996
0.09753292053937912
0.09726346284151077
0.07522035390138626
0.08189379423856735
0.07939670234918594
0.059686388820409775
0.04345393925905228
0.04928002133965492
0.027708381414413452
0.03763749450445175
0.04220898821949959
0.028051087632775307
0.10655045509338379
0.03545837104320526
0.040468182414770126
0.06816227734088898
0.04048851504921913
0.04858485981822014
0.018744245171546936
0.05219133198261261
0.0186887476593256
0.017499377951025963
0.017499355599284172
0.01760091632604599
0.04792788252234459
0.030354781076312065
0.03535890206694603
0.03509334474802017
0.022857006639242172
0.018059460446238518
0.016024621203541756
0.021709579974412918
0.015602151863276958
0.01748144067823887
0.01472428534179926
0.010943086817860603
0.01050761342048645
0.036690980195999146
0.0651681199669838
0.024329399690032005
0.020871028304100037
0.061863768845796585
0.06481066346168518
0.12249679118394852
0.05060896277427673
0.02121054194867611
0.01712002418935299
no squeeze
3.5647404193878174
1.6055364608764648
1.4198071956634521
1.2842901945114136
1.1797500848770142
1.081173300743103
0.9895929098129272
0.9367009997367859
0.8568187355995178
0.80231773853302
0.7431929111480713
0.6694607138633728
0.6383844614028931
0.5916866660118103
0.563072681427002
0.52791428565979
0.4987674653530121
0.4764743149280548
0.447307288646698
0.3970232605934143
0.4001336693763733
0.35995206236839294
0.34444931149482727
0.3289453685283661
0.30155694484710693
0.28496959805488586
0.26689499616622925
0.2441621571779251
0.23691333830356598
0.21796251833438873
0.21251817047595978
0.20030710101127625
0.1872420459985733
0.18252353370189667
0.18414737284183502
0.16775232553482056
0.16581858694553375
0.1575760543346405
0.1409195065498352
0.14728528261184692
0.13798685371875763
0.14460286498069763
0.13365784287452698
0.12628911435604095
0.12932796776294708
0.1278827041387558
0.12565982341766357
0.11450057476758957
0.11692669987678528
0.11815699934959412
0.10872001200914383
0.10641223192214966
0.103915736079216
0.09978117793798447
0.09640379995107651
0.09932564944028854
0.10206875205039978
0.10263749212026596
0.095133475959301
0.10032428056001663
0.09071385115385056
0.09958542138338089
0.09204698354005814
0.09165722131729126
0.09531323611736298
0.09002690762281418
0.0936887338757515
0.080889992415905
0.1027679592370987
0.08518680185079575
0.08578584343194962
0.08675199002027512
0.08316626399755478
0.08319023996591568
0.0780206099152565
0.08964485675096512
0.08389221876859665
0.06804177910089493
0.08684331178665161
0.0856802836060524
0.07243378460407257
0.07833431661128998
0.08185502886772156
0.07123100757598877
0.07550171762704849
0.07771012932062149
0.06911415606737137
0.077455073595047
no squeeze
3.787642002105713
1.3723870515823364
1.0618836879730225
0.863278865814209
0.7473909854888916
0.6279538869857788
0.5350646376609802
0.47820788621902466
0.42423123121261597
0.40646499395370483
0.3375532329082489
0.3179742991924286
0.2794157862663269
0.2643359899520874
0.24799050390720367
0.23043280839920044
0.20538514852523804
0.19202405214309692
0.18087786436080933
0.17488783597946167
0.18722154200077057
0.1507631093263626
0.13531790673732758
0.1512497216463089
0.12530072033405304
0.13885580003261566
0.12259505689144135
0.12260988354682922
0.14677374064922333
0.11564470082521439
0.12973050773143768
0.10691755264997482
0.11947358399629593
0.09869303554296494
0.09671536087989807
0.09099020063877106
0.08156513422727585
0.08670323342084885
0.0818648487329483
0.09220094978809357
0.08015889674425125
0.08769390732049942
0.07489969581365585
0.0821625366806984
0.0967995822429657
0.062474679201841354
0.07635370641946793
0.0789584293961525
0.06737873703241348
0.06631540507078171
0.07713394612073898
0.07112355530261993
0.07160059362649918
0.06801155209541321
0.055377308279275894
0.06605570018291473
0.06501404196023941
0.057946186512708664
0.05958342179656029
0.0650208368897438
0.0700874924659729
0.06209179759025574
0.05950719118118286
0.05816541984677315
0.06650995463132858
no squeeze
4.686817169189453
1.3009653091430664
0.9863517880439758
0.6674002408981323
0.5355730652809143
0.4001350402832031
0.35127294063568115
0.3491876721382141
0.28853893280029297
0.3242018222808838
0.22895218431949615
0.22539082169532776
0.27502721548080444
0.20849516987800598
0.5114565491676331
0.2242395281791687
0.18330195546150208
0.31018632650375366
0.20881488919258118
0.21111418306827545
0.1706099510192871
0.25414949655532837
0.22504809498786926
0.13529744744300842
0.22002160549163818
0.5165524482727051
0.32282641530036926
0.12538939714431763
0.15629243850708008
0.25099846720695496
0.25625941157341003
0.17090170085430145
0.31200578808784485
0.16233500838279724
0.14032216370105743
0.16053742170333862
0.11108460277318954
0.2117142379283905
0.14357806742191315
0.2669002115726471
0.1573742777109146
0.14384886622428894
0.1299012452363968
0.2482675015926361
0.15789565443992615
0.17989499866962433
0.13177907466888428
