no squeeze
323.9168701171875
191.79721069335938
161.85440063476562
76.3536376953125
62.73467254638672
32.698360443115234
28.576961517333984
18.854305267333984
17.28867530822754
13.09724235534668
12.35110855102539
10.162602424621582
9.735517501831055
8.42354965209961
8.143174171447754
7.234312534332275
7.038817405700684
6.360673427581787
6.205608367919922
5.630670547485352
5.5033040046691895
5.012975692749023
4.9038214683532715
4.484041213989258
4.383780002593994
4.002300262451172
3.9071552753448486
3.5478193759918213
3.479097366333008
3.168980360031128
3.0932810306549072
2.826343536376953
2.7684319019317627
2.500140905380249
2.441251039505005
2.232252359390259
2.1817009449005127
1.9856804609298706
1.9397335052490234
1.7921779155731201
1.7606757879257202
1.5969829559326172
1.5634809732437134
1.4365824460983276
1.4070881605148315
1.3068283796310425
1.2773281335830688
1.1892199516296387
1.1671454906463623
1.0926839113235474
1.0729366540908813
1.0080736875534058
0.9951791167259216
0.9408727884292603
0.9265314936637878
0.8813871741294861
0.8704400062561035
0.8330695629119873
0.8249651193618774
0.7922224998474121
0.7842296957969666
0.759253203868866
0.7544116973876953
0.7299516797065735
0.7251209616661072
0.7067428827285767
0.7025264501571655
0.6881963610649109
0.6838206648826599
0.6720959544181824
0.6686186194419861
0.6580931544303894
0.6553742289543152
0.6471331119537354
0.645656406879425
0.6378821134567261
0.6369599103927612
0.6320244669914246
0.6309176087379456
0.6270411610603333
0.6268790364265442
0.620199978351593
0.6204721927642822
0.6180016398429871
0.6180145144462585
0.6148450970649719
0.6143923997879028
0.6131472587585449
0.612666666507721
0.6104607582092285
0.6095971465110779
0.6096064448356628
0.6103833317756653
0.6080077886581421
0.6076832413673401
0.6069365739822388
0.6059956550598145
0.607846736907959
0.6071488261222839
0.6053491830825806
0.605364203453064
0.6054674983024597
no squeeze
323.2935485839844
184.44894409179688
155.49305725097656
78.17989349365234
66.3677978515625
40.132354736328125
36.25868606567383
25.922489166259766
23.954256057739258
17.97774314880371
16.75889015197754
12.972597122192383
12.181849479675293
9.682076454162598
9.173517227172852
7.5082688331604
7.152281761169434
5.995433807373047
5.736473560333252
4.879907608032227
4.696323871612549
4.06382942199707
3.917963981628418
3.430790424346924
3.3178904056549072
2.9276981353759766
2.839550495147705
2.5326919555664062
2.4583590030670166
2.2038629055023193
2.143123149871826
1.9431251287460327
1.8953819274902344
1.730379343032837
1.6898930072784424
1.5578440427780151
1.5237808227539062
1.4077472686767578
1.3832398653030396
1.2977741956710815
1.2758504152297974
1.2046703100204468
1.1846849918365479
1.1204899549484253
1.1065013408660889
1.0553315877914429
1.043784499168396
1.000602126121521
0.9913309216499329
0.9560952186584473
0.9477577805519104
0.9199528098106384
0.912329912185669
0.8876511454582214
0.8819197416305542
0.8614445328712463
0.855072021484375
0.8383263945579529
0.8343215584754944
0.8183308243751526
0.8151290416717529
0.801759660243988
0.798258900642395
0.7872113585472107
0.785099983215332
0.774257242679596
0.7714973092079163
0.7636222243309021
0.7616094350814819
0.7540922164916992
0.7516991496086121
0.7461976408958435
0.745163083076477
0.7387582063674927
0.7363459467887878
0.7321999073028564
0.7308984994888306
0.7256348729133606
0.7246842980384827
0.7213625311851501
0.720180869102478
0.7165114283561707
0.7157793641090393
0.711975634098053
0.7116886973381042
0.7093305587768555
0.7072421312332153
0.7043549418449402
0.7050374746322632
0.7018548250198364
0.7013987302780151
0.6994515061378479
0.6995041370391846
0.6979606747627258
0.6961773633956909
0.6948552131652832
0.694241464138031
0.692775547504425
0.6919826865196228
0.6908370852470398
0.6892258524894714
0.6889820694923401
0.6879965662956238
0.6868661046028137
0.6868095397949219
0.6852667927742004
0.6852187514305115
0.6834694147109985
0.6840395331382751
0.6829237341880798
0.6822948455810547
0.6816592216491699
0.6811283230781555
0.6801178455352783
0.6805152297019958
0.6789255738258362
0.6801828145980835
0.6790739297866821
no squeeze
321.75555419921875
199.2360076904297
172.02882385253906
94.53762817382812
81.7918472290039
51.58662414550781
46.97877883911133
35.27961349487305
33.17765808105469
26.86495590209961
25.527223587036133
21.090076446533203
20.091442108154297
16.585205078125
15.786863327026367
12.962764739990234
12.29623794555664
9.982489585876465
9.448333740234375
7.617727279663086
7.209361553192139
5.822912693023682
5.508587837219238
4.456214427947998
4.224865913391113
3.4564173221588135
3.288433790206909
2.7298388481140137
2.607964038848877
2.2070553302764893
2.1172831058502197
1.8289893865585327
1.7609736919403076
1.543877124786377
1.4975148439407349
1.334795355796814
1.2995954751968384
1.1826380491256714
1.1545861959457397
1.0620683431625366
1.0402843952178955
0.9671898484230042
0.9514641761779785
0.8940420746803284
0.8817729353904724
0.8364765048027039
0.8258767127990723
0.7892305254936218
0.7806634902954102
0.7499480843544006
0.7433003783226013
0.7190840244293213
0.7137242555618286
0.6927092671394348
0.6885278224945068
0.670285701751709
0.6669447422027588
0.6537116169929504
0.6500482559204102
0.6361400485038757
0.6332172155380249
0.6232911348342896
0.6209266781806946
0.6126851439476013
0.6103062033653259
0.6026126146316528
0.6005092263221741
0.5937246084213257
0.592988908290863
0.5864976644515991
0.5857844948768616
0.5806431174278259
0.5791987776756287
0.5752586126327515
0.5743898153305054
0.5706797242164612
0.5700419545173645
0.5666614770889282
0.5654732584953308
0.5625127553939819
0.5621368288993835
0.5606394410133362
0.5604336857795715
0.557044267654419
0.5575938820838928
0.5548999905586243
0.555351972579956
0.5530709028244019
0.5524375438690186
0.5511433482170105
0.5507609248161316
0.5493898987770081
0.5493272542953491
0.5478764176368713
0.5478097796440125
0.5467772483825684
0.5462128520011902
0.5453547239303589
0.5455875992774963
0.544121503829956
0.5438814759254456
0.5425059795379639
0.5426661968231201
0.5422772169113159
0.5417256951332092
0.5424416065216064
0.5414048433303833
0.5407135486602783
0.5413217544555664
0.5409879088401794
no squeeze
325.63916015625
283.1751403808594
267.9681701660156
191.0897216796875
169.48194885253906
101.16212463378906
89.2871322631836
60.640777587890625
56.2431526184082
44.394081115722656
42.12839126586914
35.128387451171875
33.680885314941406
28.923917770385742
27.875295639038086
24.438640594482422
23.708341598510742
21.111448287963867
20.54290008544922
18.653669357299805
18.229055404663086
16.81995391845703
16.517953872680664
15.429915428161621
15.192914009094238
14.41318416595459
14.232426643371582
13.649521827697754
13.523090362548828
13.071104049682617
12.974940299987793
12.661888122558594
12.578932762145996
12.309304237365723
12.255870819091797
12.061803817749023
12.028421401977539
11.884340286254883
11.900162696838379
11.74325942993164
11.720593452453613
11.584524154663086
11.554741859436035
11.47055435180664
11.453178405761719
11.39936637878418
11.37492561340332
11.327790260314941
11.317075729370117
11.269558906555176
11.253447532653809
11.194982528686523
11.188760757446289
11.155316352844238
11.152629852294922
11.125971794128418
11.08953857421875
11.09594440460205
11.050897598266602
10.992238998413086
10.989537239074707
10.96131420135498
10.934996604919434
10.897477149963379
10.890904426574707
10.861754417419434
10.867341995239258
10.777751922607422
10.769542694091797
10.7182035446167
10.750462532043457
10.66917610168457
10.64104175567627
10.568585395812988
10.603738784790039
10.473159790039062
10.457000732421875
10.382918357849121
10.358502388000488
10.314269065856934
10.28896713256836
10.168010711669922
10.157444953918457
10.00063705444336
10.039215087890625
9.838414192199707
9.831640243530273
9.629395484924316
9.588380813598633
9.456465721130371
9.378246307373047
9.167003631591797
9.117724418640137
8.88904857635498
8.853163719177246
8.57309627532959
8.474475860595703
8.160886764526367
8.068556785583496
7.764727592468262
7.63404655456543
7.246183395385742
7.129406452178955
6.70512580871582
6.5828857421875
6.127500534057617
5.991584300994873
5.536545276641846
5.3903703689575195
4.901147842407227
4.762746810913086
4.2920451164245605
4.148601055145264
3.677157402038574
3.5618441104888916
3.136852979660034
3.0252645015716553
2.663695812225342
2.562716484069824
2.2206099033355713
2.138942241668701
1.866660714149475
1.802281141281128
1.583763837814331
1.5358256101608276
1.376943588256836
1.337923526763916
1.2081694602966309
1.1805716753005981
1.0916119813919067
1.071698784828186
1.0091707706451416
0.9940814971923828
0.9467952847480774
0.9369874596595764
0.9103370904922485
0.901531457901001
0.8796524405479431
0.8713326454162598
0.8580641150474548
0.8530644774436951
0.8400593400001526
0.8393553495407104
0.8313536047935486
0.8284537196159363
0.8208781480789185
0.8215072751045227
0.8159785866737366
0.8155589699745178
0.8128303289413452
0.8139163255691528
0.8074716329574585
0.8086807727813721
0.8058327436447144
0.8066047430038452
0.8041154742240906
0.8046259880065918
0.8024827241897583
0.8023402690887451
0.8016951680183411
0.801365077495575
0.7999733686447144
0.8011052012443542
0.8005707263946533
no squeeze
323.5437316894531
240.5150146484375
220.39013671875
149.58914184570312
134.11962890625
87.80223083496094
79.27692413330078
56.03743362426758
51.87037658691406
40.03032302856445
37.74125671386719
30.74087142944336
29.315433502197266
24.695608139038086
23.683616638183594
20.36271095275879
19.616914749145508
17.11098289489746
16.53006362915039
14.541078567504883
14.089973449707031
12.484901428222656
12.106496810913086
10.751424789428711
10.432751655578613
9.312519073486328
9.028678894042969
8.052827835083008
7.809610843658447
6.94663143157959
6.758563041687012
6.011874675750732
5.833448886871338
5.204263210296631
5.0536112785339355
4.513574600219727
4.3802337646484375
3.9203479290008545
3.8131730556488037
3.437408924102783
3.3508095741271973
3.0176851749420166
2.942579746246338
2.6730997562408447
2.6101040840148926
2.3941218852996826
2.3387210369110107
2.159193992614746
2.112316370010376
1.9618474245071411
1.9257477521896362
1.8020087480545044
1.7706269025802612
1.6658076047897339
1.6415412425994873
1.5591613054275513
1.5414296388626099
1.465986728668213
1.447015643119812
1.3879022598266602
1.3725324869155884
1.3222143650054932
1.3097283840179443
1.2664028406143188
1.2551524639129639
1.2198148965835571
1.2096589803695679
1.1772066354751587
1.1695042848587036
1.1456130743026733
1.1356709003448486
1.112855315208435
1.1059516668319702
1.0862282514572144
1.0799566507339478
1.0622402429580688
1.0571844577789307
1.0419694185256958
1.0370709896087646
1.0255579948425293
1.0192214250564575
1.0041803121566772
1.0004768371582031
0.9883140325546265
0.9842792749404907
0.9739707112312317
0.9718915224075317
0.9629569053649902
0.9617560505867004
0.9515482783317566
0.9488205313682556
0.938948392868042
0.9395288228988647
0.9325606226921082
0.9288560748100281
0.9227768778800964
0.9202005863189697
0.9139047861099243
0.9130265116691589
0.9075241088867188
0.9098328351974487
0.9018680453300476
0.8991540670394897
0.893488883972168
0.8919999003410339
0.8869759440422058
0.889394998550415
0.888890266418457
no squeeze
312.9526672363281
103.22357940673828
79.0523681640625
35.40991973876953
30.661888122558594
20.463031768798828
18.988370895385742
15.431107521057129
14.8899507522583
13.479262351989746
13.242110252380371
12.645980834960938
12.526734352111816
12.260687828063965
12.17538070678711
12.022134780883789
12.01728630065918
11.882682800292969
11.881512641906738
11.823827743530273
11.819586753845215
11.784285545349121
11.782102584838867
11.780826568603516
11.759503364562988
11.775094985961914
11.751801490783691
11.734640121459961
11.73304557800293
11.783134460449219
11.756974220275879
11.826272964477539
