no squeeze
0.7911763787269592
0.21732018887996674
0.10263367742300034
0.06142714247107506
0.038369737565517426
0.0248036440461874
0.021263936534523964
0.01576373539865017
0.01080547459423542
0.009993256069719791
0.007463295012712479
0.007379924412816763
0.005819665268063545
0.005372175015509129
0.0043320064432919025
0.00414708536118269
0.0035008315462619066
0.0031132472213357687
0.003655141917988658
0.003378184512257576
0.002806503791362047
0.0025193062610924244
0.0022713763173669577
0.0019175296183675528
0.001804610132239759
0.0021721955854445696
0.0018877492984756827
0.0014483502600342035
0.0014583171578124166
0.0015711820451542735
0.0015653838636353612
0.001544856932014227
0.0014029009034857154
0.0011074889916926622
0.0009529695962555707
0.001055102446116507
0.0017448473954573274
0.0013344332110136747
0.0009242834057658911
0.0013053150614723563
0.001059932867065072
0.0008470468455925584
0.0008473450434394181
0.00079955137334764
0.0007336005801334977
0.0006765953730791807
0.0007893153233453631
0.0006163182551972568
0.0006263078539632261
0.0006736963405273855
0.0006262138485908508
0.0005758174229413271
0.0006756302318535745
0.0006132762646302581
0.0005287275416776538
0.000902524043340236
0.000546779076103121
0.0005855743656866252
0.0007776801357977092
0.0008167327614501119
0.00046932726399973035
0.0007807260844856501
0.0030998834408819675
0.0025944162625819445
0.0008770767599344254
0.0007223645807243884
0.00041544443229213357
0.000336140365106985
0.0005987223703414202
0.0003960839530918747
0.0004090497095603496
0.000423495308496058
0.000340718193911016
0.0003293124318588525
0.00035650836070999503
0.001243787002749741
0.0017400331562384963
0.0015357519732788205
0.002785301534458995
0.00045428681187331676
0.0006719367811456323
0.0002556221734266728
0.00038186722667887807
0.00021708033455070108
0.00024044590827543288
0.0002822292153723538
0.00035146091249771416
0.0003647110133897513
0.00022837173310108483
0.00019446824444457889
0.0003313481865916401
0.0004551087913569063
0.00019413715926930308
0.00032839318737387657
0.0001668315235292539
0.00023478451475966722
0.00019856977451127023
0.00019357803103048354
0.0004596580401994288
0.003050451632589102
0.0019056166056543589
0.005745421163737774
0.002327529713511467
0.0011399852810427547
0.0005325066158547997
no squeeze
0.7034474015235901
0.25646427273750305
0.15070542693138123
0.10642968118190765
0.10284639894962311
0.0797862783074379
0.07103730738162994
0.07124000042676926
0.055705904960632324
0.050346847623586655
0.04729080572724342
0.04870593547821045
0.045992087572813034
0.04652649164199829
0.046385250985622406
0.04425240308046341
0.049758270382881165
0.040372587740421295
0.03983115777373314
0.04081342741847038
0.03839565068483353
0.038892876356840134
0.04826739802956581
0.03698274493217468
0.03517164662480354
0.03389326110482216
0.034218139946460724
0.03777500241994858
0.033275485038757324
0.0378713458776474
0.035398442298173904
0.03253880888223648
0.03602512925863266
0.032197292894124985
0.03415219858288765
0.03373615816235542
0.029891112819314003
0.03206988424062729
0.03235947713255882
0.029391124844551086
0.03239254653453827
0.031452201306819916
0.02980462834239006
0.02906806208193302
0.02985171601176262
0.032138578593730927
0.028655705973505974
0.029089810326695442
0.03067149966955185
0.02945743314921856
0.031563885509967804
0.03165042772889137
0.02838939242064953
0.030989324674010277
0.030494796112179756
0.030405450612306595
0.027860453352332115
0.028585143387317657
0.03129695728421211
0.027682004496455193
0.029016461223363876
0.03186098113656044
0.03153998777270317
0.029592402279376984
0.02697860449552536
0.027242446318268776
0.02676483616232872
0.030550938099622726
0.03122488223016262
0.03099818341434002
0.02736550197005272
0.02560916356742382
0.02809804491698742
0.02713572233915329
0.026484662666916847
0.026997672393918037
0.025865590199828148
0.02610158361494541
0.028015034273266792
0.026795340701937675
0.025686834007501602
0.028170935809612274
no squeeze
0.9501101970672607
0.378578245639801
0.216609388589859
0.1678537279367447
0.12239357084035873
0.10535496473312378
0.07908177375793457
0.0617215596139431
0.059689249843358994
0.05806295573711395
0.04282889887690544
0.03875327855348587
0.07562242448329926
0.04615037515759468
0.030602049082517624
0.02680111862719059
0.029519440606236458
0.02151578664779663
0.019025428220629692
0.017851991578936577
0.019353287294507027
0.01967727020382881
0.0303476694971323
0.023239819332957268
0.01709398813545704
0.01257874071598053
0.013285836204886436
0.029676539823412895
0.010932417586445808
0.0164816752076149
0.02224542759358883
0.012421988882124424
0.0126778120175004
0.010599447414278984
0.009061595425009727
0.010995033197104931
0.010417996905744076
0.009402611292898655
0.01012230571359396
0.012557369656860828
0.009712335653603077
0.009897404350340366
0.008958667516708374
0.006460859440267086
0.007822323590517044
0.010583764873445034
0.010289483703672886
0.019104989245533943
0.009969335980713367
0.016433583572506905
0.00982590951025486
0.00700393645092845
0.004767336882650852
0.0077893720008432865
0.011802727356553078
0.009410956874489784
0.0061179655604064465
0.0053867194801568985
0.003635050728917122
0.003572480520233512
0.005404535215348005
0.005162070970982313
0.002951183123514056
0.003146639559417963
0.002885493217036128
0.0031590296421200037
0.0022999499924480915
0.0021562562324106693
0.004864673130214214
0.004209575708955526
0.003491913666948676
0.005117893684655428
0.004316012375056744
0.003740917658433318
0.0031527134124189615
0.004911063704639673
0.006959079764783382
0.008700757287442684
no squeeze
0.9178084135055542
0.5086841583251953
0.39504024386405945
0.32844278216362
0.28079572319984436
0.24952742457389832
0.22501230239868164
0.2015431523323059
0.18338288366794586
0.16826988756656647
0.1546359807252884
0.1444968581199646
0.13875971734523773
0.13009539246559143
0.12133413553237915
0.11880704760551453
0.10491231083869934
0.10300078243017197
0.09879541397094727
0.09965064376592636
0.09640798717737198
0.08752533048391342
0.0902819111943245
0.08888304978609085
0.08086193352937698
0.07892609387636185
0.07775464653968811
0.07357239723205566
0.0757780373096466
0.07230730354785919
0.06850457191467285
0.06694450229406357
0.0668836310505867
0.0688597783446312
0.06753721088171005
0.0639190524816513
0.06291677057743073
0.062129683792591095
0.061370328068733215
0.061939727514982224
0.058871448040008545
0.06051604822278023
0.059637218713760376
0.05765703693032265
0.05888432264328003
0.05711154639720917
0.055285051465034485
0.053743746131658554
0.05325371399521828
0.05212293192744255
0.05217890441417694
0.04963640123605728
0.05167890340089798
0.051749520003795624
0.047389548271894455
0.04913141950964928
0.05042201653122902
0.04676773399114609
0.049539752304553986
0.051466260105371475
0.045595452189445496
0.044391389936208725
0.04433811455965042
0.043970927596092224
0.04504293575882912
0.045557279139757156
0.044115111231803894
0.04305877164006233
0.042022544890642166
0.04314273223280907
0.043208617717027664
0.04222031682729721
0.041540566831827164
0.0397307425737381
0.04294968396425247
0.04195031896233559
0.04027940705418587
0.03974433243274689
0.03944356366991997
0.041544921696186066
0.039655350148677826
0.03817720711231232
0.03962402045726776
0.037959057837724686
0.039876654744148254
0.03914584591984749
0.03902966156601906
0.03900423273444176
0.03678038343787193
0.038963254541158676
0.037195730954408646
0.03664635866880417
0.03680150955915451
0.03690659627318382
0.03623052313923836
0.035453978925943375
0.03643707185983658
0.03586636483669281
0.03543693572282791
0.035431358963251114
0.03472527116537094
0.03643690422177315
0.034799594432115555
0.034865692257881165
0.034719642251729965
0.033649992197752
0.03515613079071045
0.03547891601920128
0.033649131655693054
0.038475312292575836
0.03443680703639984
0.03417458385229111
0.033174119889736176
0.03327115625143051
0.0332707054913044
0.0325913280248642
0.033591825515031815
0.03392638638615608
0.033977169543504715
0.03448212146759033
0.03368594869971275
0.03255322203040123
0.03301561623811722
0.031637728214263916
0.0327177457511425
0.03245401754975319
0.03326135501265526
0.031592510640621185
0.03132430464029312
0.033604949712753296
0.030886411666870117
0.031002433970570564
0.030929166823625565
0.032192163169384
0.03203262388706207
0.03162287920713425
0.0330207534134388
0.031126264482736588
0.03170331194996834
0.031030716374516487
0.0315944142639637
no squeeze
0.8411015272140503
0.3631730377674103
0.2550417482852936
0.1945190578699112
0.16420245170593262
0.1413389891386032
0.12464562803506851
0.11255279183387756
0.10327811539173126
0.09564073383808136
0.08984354883432388
0.0818849578499794
0.07869039475917816
0.07362165302038193
0.06751374900341034
0.06443057209253311
0.06239500269293785
0.05975884199142456
0.05902266129851341
0.06030288338661194
0.056659504771232605
0.05416630581021309
0.05086786672472954
0.04867221787571907
0.047499023377895355
0.04558737203478813
0.045557305216789246
0.043400175869464874
0.040621738880872726
0.04279838129878044
0.03966435045003891
0.03949558734893799
0.038232170045375824
0.03763208165764809
0.03659272566437721
0.03554893285036087
0.034104522317647934
0.03415728360414505
0.03294806182384491
0.03225178271532059
0.034877754747867584
0.03452032431960106
0.03146064281463623
0.030615124851465225
0.032022275030612946
0.03229796513915062
0.030667100101709366
0.030091168358922005
0.029835255816578865
0.028438076376914978
0.028369015082716942
0.027389531955122948
0.029731877148151398
0.028027141466736794
0.027878250926733017
0.029626410454511642
0.026503942906856537
0.026601308956742287
0.02833562344312668
0.025154421105980873
0.024253621697425842
0.025843122974038124
0.025964606553316116
0.023264016956090927
0.024001305922865868
0.023168247193098068
0.024722952395677567
0.025645580142736435
0.02493773028254509
0.024740606546401978
0.02377447672188282
0.021572519093751907
0.023571349680423737
0.024959448724985123
0.023019658401608467
0.02340567484498024
0.021945370361208916
0.0224035382270813
0.023243211209774017
0.022446002811193466
0.021310575306415558
0.022635411471128464
0.020157955586910248
0.021367842331528664
0.020951537415385246
0.020475419238209724
0.020436599850654602
0.02126196213066578
0.021169666200876236
0.020017225295305252
0.02142029069364071
0.02144584432244301
0.020263735204935074
0.019052492454648018
0.01980108954012394
0.022364625707268715
0.018378648906946182
0.020903170108795166
0.018830599263310432
0.01985946111381054
0.018375271931290627
0.017785200849175453
0.01989816501736641
0.01881653070449829
0.020295049995183945
0.02260381542146206
0.01867060922086239
0.01804935373365879
0.018445540219545364
0.018686098977923393
0.018742520362138748
0.02018440142273903
no squeeze
0.7596917748451233
0.2621900737285614
0.15081492066383362
0.11877861618995667
0.12224433571100235
0.09529251605272293
0.09172940254211426
0.11125540733337402
0.09138274192810059
0.08906051516532898
0.07948657125234604
0.0844876766204834
0.0891338512301445
0.0877813771367073
0.07830628752708435
0.09866229444742203
0.08923723548650742
0.07625950127840042
0.10558461397886276
0.0985751748085022
0.09297506511211395
0.09084372967481613
0.06708617508411407
0.06785392761230469
0.08518938720226288
0.07586610317230225
0.11305908113718033
0.07347168773412704
0.1203751489520073
0.07970072329044342
0.07094616442918777
0.0684167891740799
0.09235678613185883
