no squeeze
29.563434600830078
5.920398235321045
5.154120445251465
3.385359287261963
3.1554136276245117
2.613985061645508
2.526974678039551
2.3135573863983154
2.281559467315674
2.1881837844848633
2.172125816345215
2.127401351928711
2.1156344413757324
2.0877392292022705
2.0806941986083984
2.065547466278076
2.0608630180358887
2.0480568408966064
2.0439820289611816
2.033423662185669
2.0296225547790527
2.025886058807373
2.0254745483398438
2.0183169841766357
2.0172619819641113
2.0102999210357666
2.0085761547088623
2.0084915161132812
2.003188133239746
2.00307559967041
2.0044755935668945
1.999495267868042
2.0002288818359375
1.9949290752410889
1.9954205751419067
1.9921706914901733
1.998915433883667
1.9934192895889282
no squeeze
31.12281608581543
4.59147834777832
3.6035635471343994
1.659806728363037
1.4255226850509644
0.8999491930007935
0.8213511109352112
0.6474347114562988
0.6227186918258667
0.5665873885154724
0.557216465473175
0.5351073145866394
0.5315050482749939
0.520261287689209
0.5180016756057739
0.5120848417282104
0.5099247097969055
0.5048210620880127
0.5039767622947693
0.5003170371055603
0.4999627470970154
0.4972607493400574
0.49506744742393494
0.4927072525024414
0.49200746417045593
0.4890654385089874
0.48906266689300537
0.4866967499256134
0.48668140172958374
0.4890838861465454
0.48617634177207947
0.4822060763835907
0.48253270983695984
0.48213279247283936
0.48154473304748535
0.47790759801864624
0.47699305415153503
0.47780370712280273
0.47731271386146545
0.4744141399860382
0.47453930974006653
0.4744326174259186
no squeeze
29.868762969970703
6.41279411315918
5.215033054351807
2.8391001224517822
2.4912564754486084
1.6381821632385254
1.4953714609146118
1.091708779335022
1.014097809791565
0.776973307132721
0.7281160950660706
0.5773512721061707
0.5457626581192017
0.44622474908828735
0.4251493513584137
0.3565356433391571
0.34185171127319336
0.2933070957660675
0.2822933793067932
0.2464413046836853
0.2386271208524704
0.21267524361610413
0.20702338218688965
0.18768200278282166
0.18347510695457458
0.16900941729545593
0.16561172902584076
0.15498660504817963
0.1525309532880783
0.1438046246767044
0.14208942651748657
0.13600151240825653
0.13455285131931305
0.1293720155954361
0.12829096615314484
0.12437734752893448
0.12336106598377228
0.12009765207767487
0.11926373839378357
0.11639296263456345
0.11586051434278488
0.11360494047403336
0.11300238221883774
0.11105696111917496
0.11056096106767654
0.10885023325681686
0.10829512774944305
0.1071290373802185
0.10674459487199783
0.10534634441137314
0.10504662245512009
0.10402808338403702
0.10354208201169968
0.10282484441995621
0.1025451049208641
0.10160520672798157
0.10153853893280029
0.10089803487062454
0.10076534003019333
0.09992535412311554
0.09952978789806366
0.09928268194198608
0.09899201989173889
0.09841443598270416
0.09811653196811676
0.0978732705116272
0.09781157225370407
0.09726426005363464
0.09719700366258621
0.09709323197603226
0.09676661342382431
0.09645333141088486
0.09642914682626724
0.09601686149835587
0.09617950022220612
0.09573715925216675
0.09585235267877579
0.09537056088447571
0.0954839363694191
0.09519799053668976
0.09511929750442505
0.09539910405874252
0.09502102434635162
0.09481199830770493
0.09471828490495682
0.09475649148225784
0.09460557252168655
0.09472344815731049
0.09464577585458755
0.09462776780128479
no squeeze
31.397071838378906
19.518856048583984
16.718563079833984
9.488593101501465
8.562926292419434
6.59428596496582
6.294296741485596
5.459831237792969
5.29289436340332
4.7632246017456055
4.646978855133057
4.2613301277160645
4.180434703826904
3.8957924842834473
3.8315083980560303
3.610320568084717
3.556649684906006
3.3812482357025146
3.338865280151367
3.192044496536255
3.1560258865356445
3.031510353088379
2.999704599380493
2.897038459777832
2.8697469234466553
2.774261236190796
2.7535908222198486
2.664034843444824
2.6419806480407715
2.5683183670043945
2.5464870929718018
2.4791088104248047
2.460949420928955
2.4027204513549805
2.3841707706451416
2.331498146057129
2.317277193069458
2.2728922367095947
2.264904022216797
2.2170395851135254
2.2054154872894287
2.1702024936676025
2.1592135429382324
2.1293728351593018
2.1191134452819824
2.089479446411133
2.0831987857818604
2.0590333938598633
2.050028085708618
2.0251080989837646
2.0180985927581787
2.001485586166382
1.9948500394821167
1.9704912900924683
1.9690696001052856
1.9470373392105103
1.9425863027572632
1.9223753213882446
1.9176944494247437
1.905303955078125
1.9070796966552734
1.882680892944336
1.8804913759231567
1.864382028579712
1.8603243827819824
1.8437817096710205
1.8418753147125244
1.8311702013015747
1.8291659355163574
1.8164421319961548
1.810680627822876
1.7998701333999634
1.7991915941238403
1.7950564622879028
1.7876529693603516
1.772019624710083
1.777357816696167
1.7613188028335571
1.757399320602417
1.7513478994369507
1.7484591007232666
1.7428361177444458
1.7418185472488403
1.7343908548355103
1.7291826009750366
1.7221707105636597
1.7214890718460083
1.7157517671585083
1.712754249572754
1.7095357179641724
1.7065821886062622
1.7017489671707153
1.701552152633667
1.6943538188934326
1.6926188468933105
1.6930712461471558
1.6906687021255493
1.6854814291000366
1.6927173137664795
1.6787075996398926
1.67899489402771
1.6768592596054077
1.6713029146194458
1.6653081178665161
1.6736432313919067
1.6626150608062744
1.6617439985275269
1.6596702337265015
1.6589703559875488
1.6555049419403076
1.6552067995071411
1.6484557390213013
1.653563141822815
1.652449131011963
no squeeze
30.135934829711914
11.860413551330566
9.690239906311035
5.730831623077393
5.2665910720825195
4.146819114685059
3.9575068950653076
3.4258873462677
3.324193239212036
3.008193254470825
2.9453775882720947
2.7402472496032715
2.6968882083892822
2.557544469833374
2.525714159011841
2.42277193069458
2.4029884338378906
2.3304672241210938
2.3127338886260986
2.2589879035949707
2.2466797828674316
2.207822322845459
2.196838140487671
2.1661136150360107
2.1644625663757324
2.1329965591430664
2.1264026165008545
2.107739210128784
2.099938154220581
2.085404396057129
2.0881001949310303
2.0728719234466553
2.0632762908935547
2.050960063934326
2.0542664527893066
2.0408780574798584
2.0346245765686035
2.027442693710327
2.0302603244781494
2.0205609798431396
2.0152926445007324
2.009399890899658
2.004918098449707
2.001948118209839
2.000260591506958
1.9988044500350952
1.9921183586120605
1.989067792892456
1.9864397048950195
1.9798568487167358
1.9809439182281494
1.9717826843261719
1.9789365530014038
1.970132827758789
1.9691249132156372
1.962609052658081
1.9624253511428833
1.9583886861801147
1.9660331010818481
1.9526188373565674
1.9529738426208496
1.9496515989303589
1.9528063535690308
1.949610948562622
1.9473005533218384
1.943690299987793
1.944327473640442
1.9396194219589233
1.9416238069534302
1.9383682012557983
1.9383431673049927
1.9371317625045776
1.9368113279342651
1.9367382526397705
1.9334795475006104
1.9353535175323486
1.9370955228805542
1.9292629957199097
1.9275760650634766
1.9272589683532715
1.9285017251968384
1.9228899478912354
1.925929069519043
1.9231953620910645
no squeeze
26.350234985351562
5.184662342071533
4.777469158172607
4.508669376373291
4.491700172424316
4.478565216064453
4.4760613441467285
4.47832727432251
4.475524425506592
4.4792656898498535
4.479337215423584
4.481675624847412
