no squeeze
11.593348503112793
2.4002137184143066
1.3484148979187012
0.9038869738578796
0.8275820016860962
0.7974092364311218
0.664188027381897
0.7293590903282166
0.5876339077949524
0.6629934310913086
0.5115125179290771
0.6358193159103394
0.5289264917373657
0.7399193644523621
0.5773066282272339
0.5040973424911499
0.6048579216003418
0.4577045142650604
0.5895721912384033
0.51987624168396
0.6375163793563843
0.5228371024131775
0.6146737337112427
0.4719117283821106
0.5598204135894775
0.5334134101867676
0.5012442469596863
0.5321108102798462
no squeeze
11.574593544006348
2.698490858078003
1.3649872541427612
0.8525620698928833
0.8174926042556763
0.6911920309066772
0.7490429282188416
0.8451828360557556
0.9002572298049927
0.6393302083015442
0.6526443362236023
0.6008803248405457
0.9486492276191711
0.609033465385437
0.5997139811515808
0.6333824992179871
0.5998512506484985
0.6360393762588501
0.582923412322998
0.5027204751968384
0.42683112621307373
0.5853827595710754
0.5720258355140686
0.6343960165977478
0.5915787220001221
0.6519691944122314
0.508027970790863
0.5499843955039978
0.5247977375984192
0.501854658126831
0.551490843296051
no squeeze
11.00594425201416
3.818687915802002
2.3597869873046875
1.8582509756088257
1.627036690711975
1.4441990852355957
1.2740920782089233
1.600508689880371
1.0679080486297607
1.0512555837631226
1.254411220550537
1.0441834926605225
0.9846165776252747
1.1420202255249023
1.2092411518096924
0.9785135388374329
0.7425460815429688
1.3204972743988037
1.0842185020446777
1.2448394298553467
1.5215109586715698
1.330517053604126
0.9184377789497375
0.7880715131759644
1.2120764255523682
0.7102771401405334
0.9835691452026367
0.7493959665298462
0.7164068222045898
0.7884857654571533
0.878454327583313
1.0314834117889404
0.7458929419517517
0.6087684035301208
1.3143248558044434
1.2721818685531616
0.6911020278930664
0.7540140748023987
0.9380283951759338
0.6438984274864197
0.9121140241622925
0.8786684274673462
0.6973258256912231
0.6140559911727905
no squeeze
11.279388427734375
3.5674455165863037
2.3040401935577393
1.8516172170639038
1.6025840044021606
1.2833181619644165
1.0855975151062012
1.0391693115234375
0.9191144704818726
0.8522035479545593
0.7608512043952942
0.7967377305030823
0.6956130266189575
0.7208200693130493
0.6573392152786255
0.6338036060333252
0.5938273072242737
0.6035219430923462
0.5691896677017212
0.5675512552261353
0.5362204909324646
0.5638642907142639
0.5419696569442749
0.5674422383308411
0.5231642127037048
0.4693571925163269
0.47760504484176636
0.499342143535614
0.5110708475112915
0.4296197295188904
0.5048242211341858
0.46493351459503174
0.43378761410713196
0.4427785575389862
0.5007144808769226
0.4072369337081909
0.4719327986240387
0.4307515025138855
0.49491262435913086
0.4590063691139221
0.41937509179115295
0.45681747794151306
0.4060972034931183
0.37626540660858154
0.40418970584869385
0.3925502598285675
0.38217562437057495
0.4877132177352905
0.40077608823776245
0.4284549653530121
0.48674431443214417
0.443554162979126
0.4797726273536682
0.39762189984321594
no squeeze
11.036797523498535
3.257159471511841
1.9886373281478882
1.5162091255187988
1.1504268646240234
1.0382765531539917
1.0722626447677612
0.9330893158912659
0.9707092642784119
0.7585187554359436
0.8009753823280334
0.8078935742378235
0.7198776006698608
0.6999666094779968
0.6669647097587585
0.538463830947876
0.5216048955917358
0.7247650623321533
0.6539421677589417
0.547085165977478
0.6204035878181458
0.5843716263771057
0.49033835530281067
0.4898264408111572
0.5737989544868469
0.7509746551513672
0.5380232930183411
0.6502755880355835
0.5928233861923218
0.5275257229804993
0.4643925130367279
0.5280821919441223
0.44545289874076843
0.6951629519462585
0.47902926802635193
0.44905292987823486
0.44579628109931946
0.40078383684158325
0.4083162844181061
0.4425547122955322
0.42198657989501953
0.4357438087463379
0.4079722464084625
0.36962610483169556
0.36313551664352417
0.3700433373451233
0.39119163155555725
0.4052713215351105
0.36245882511138916
0.4010535478591919
0.41360175609588623
0.4439065754413605
0.3737607002258301
0.3949469029903412
0.40548887848854065
0.35322168469429016
0.3476983308792114
0.3829980790615082
0.3681466579437256
0.349813848733902
0.3516913950443268
0.28589269518852234
0.3752274811267853
0.3263019025325775
0.32651111483573914
0.36415547132492065
0.2753088176250458
0.3700876235961914
0.3312011957168579
0.36899447441101074
0.322778582572937
0.322733610868454
0.31366923451423645
0.2886470556259155
0.29953888058662415
0.31086239218711853
0.29745399951934814
no squeeze
9.012149810791016
2.0145299434661865
1.0858604907989502
1.3141053915023804
1.5580579042434692
0.9980954527854919
1.0125645399093628
1.1684119701385498
1.2678841352462769
1.171797513961792
1.0080819129943848
0.970585823059082
1.1665637493133545
0.9223867654800415
0.7372465133666992
0.6659977436065674
0.711110532283783
0.9104187488555908
0.8864855170249939
0.9083811640739441
0.8061071038246155
0.7497495412826538
0.6651579737663269
0.8352324366569519
0.7336539030075073
0.7623720169067383
0.7043131589889526
0.9221175312995911
1.292128562927246
0.5033164620399475
0.5991497039794922
0.9960452914237976
0.666579008102417
0.43460750579833984
0.792409360408783
0.6545745134353638
1.4062175750732422
0.9488427042961121
0.5441558361053467
0.720096230506897
0.4810376465320587
0.708379328250885
0.7927361130714417
0.7428920269012451
