no squeeze
104.2366943359375
32.8363037109375
24.30055046081543
11.515613555908203
9.965176582336426
6.043310165405273
5.351324081420898
3.399646759033203
3.0380451679229736
1.9872915744781494
1.7871137857437134
1.2058095932006836
1.0948424339294434
0.7707651257514954
0.7078632712364197
0.517062783241272
0.48294660449028015
0.36694905161857605
0.34361782670021057
0.2681439220905304
0.2534409463405609
0.2041754424571991
0.19389300048351288
0.16108551621437073
0.1538276970386505
0.1311953216791153
0.12607771158218384
0.10923317819833755
0.10572027415037155
0.0944276750087738
0.09195802360773087
0.08385344594717026
0.08211807161569595
0.07625557482242584
0.07507909834384918
0.07099682092666626
0.0701274424791336
0.06738694757223129
0.06673944741487503
0.064825139939785
0.06425628066062927
0.06282342225313187
0.062442220747470856
0.06137119606137276
0.06117657199501991
0.060396622866392136
0.06018608435988426
0.05978865548968315
0.059510793536901474
0.05923136696219444
0.059132855385541916
0.058630604296922684
0.05855210870504379
0.05834203585982323
0.058369994163513184
0.05806024372577667
0.05798342823982239
0.05790888890624046
0.057782500982284546
0.057625796645879745
0.057589758187532425
0.05747189372777939
0.05739772319793701
0.05733261629939079
0.057322148233652115
0.0570778027176857
0.057078782469034195
0.056937262415885925
0.056906215846538544
0.05689710006117821
0.05687170475721359
0.05676718428730965
0.05666716769337654
0.056564461439847946
0.056576523929834366
0.056554291397333145
0.05641016364097595
0.05648496374487877
0.05643005669116974
0.05621697008609772
0.05633460730314255
0.056290820240974426
no squeeze
105.16961669921875
32.244564056396484
23.99409294128418
11.013768196105957
9.604243278503418
6.262452125549316
5.69295072555542
4.0379204750061035
3.711270809173584
2.682136297225952
2.4780189990997314
1.8085812330245972
1.6646764278411865
1.2158986330032349
1.1218714714050293
0.8266775012016296
0.766480028629303
0.565092921257019
0.5251305103302002
0.40083467960357666
0.37477046251296997
0.2911010682582855
0.2747712731361389
0.2220270037651062
0.21118676662445068
0.17621420323848724
0.16924719512462616
0.1467657834291458
0.1421167403459549
0.12660901248455048
0.12351690232753754
0.11424599587917328
0.11215061694383621
0.10590177029371262
0.10412973165512085
0.09958518296480179
0.0986783504486084
0.0958113819360733
0.09500952064990997
0.09298006445169449
0.09249398112297058
0.09096339344978333
0.09059793502092361
0.08961571007966995
0.0893552303314209
0.08838633447885513
0.08827397227287292
0.08757670223712921
0.08729274570941925
0.08676602691411972
0.08668706566095352
0.08613654226064682
0.08608584851026535
0.08586283028125763
0.08540268242359161
0.08505276590585709
0.08503545820713043
0.08471480011940002
0.08452987670898438
0.08471384644508362
0.08423054963350296
0.0838228240609169
0.08368559181690216
0.083372101187706
0.08317628502845764
0.08349540829658508
0.08302046358585358
0.08283282816410065
0.08277773857116699
0.08239423483610153
0.08222581446170807
0.08227650821208954
0.08224739134311676
0.08195118606090546
0.08178577572107315
0.08180418610572815
0.08200211077928543
0.08164692670106888
0.08154574781656265
0.08137558400630951
0.08152009546756744
0.08108044415712357
0.08121580630540848
0.0810275599360466
0.08095412701368332
0.08074325323104858
0.08066297322511673
0.08079152554273605
0.0806790143251419
0.08053787052631378
0.0804431214928627
0.08052825182676315
0.08031675219535828
0.08033325523138046
0.080278679728508
0.08049676567316055
0.08024948090314865
0.08037804067134857
0.0803392305970192
0.08029880374670029
no squeeze
105.68254852294922
58.35404968261719
46.87654495239258
18.7453556060791
15.601964950561523
9.123017311096191
8.100093841552734
5.362982273101807
4.872564792633057
3.4393632411956787
3.159492015838623
2.307924747467041
2.1333401203155518
1.5885682106018066
1.475093960762024
1.1152598857879639
1.0407450199127197
0.7988315224647522
0.7476778626441956
0.5844048261642456
0.5490131378173828
0.43284863233566284
0.4088219702243805
0.3319642245769501
0.314287930727005
0.25980326533317566
0.2477300614118576
0.2080506682395935
0.19965291023254395
0.17251825332641602
0.16636542975902557
0.14554612338542938
0.141280859708786
0.12693803012371063
0.12360306829214096
0.11218241602182388
0.1098678857088089
0.10113538056612015
0.09932131320238113
0.09314335882663727
0.09150683879852295
0.08619706332683563
0.08498576283454895
0.08078908920288086
0.07984703779220581
0.07631604373455048
0.07557570189237595
0.07283839583396912
0.0721292570233345
0.06982672959566116
0.0693083107471466
0.06705233454704285
0.06663613021373749
0.06496606022119522
0.0646539255976677
0.06320485472679138
0.06280200183391571
0.061528343707323074
0.061151158064603806
0.05997655168175697
0.059723276644945145
0.058718856424093246
0.0584569051861763
0.057711124420166016
0.05743222311139107
0.05664323270320892
0.05644252151250839
0.05584153160452843
0.055636171251535416
0.054957397282123566
0.054842352867126465
0.05432698503136635
0.05417182669043541
0.05367839336395264
0.05358782038092613
0.05310773849487305
0.05298555642366409
0.05257440358400345
0.05255305767059326
0.052170202136039734
0.05208536982536316
0.05181386321783066
0.05170691758394241
0.05141298845410347
0.05130863934755325
0.050986599177122116
0.05089663341641426
0.050724636763334274
0.050642162561416626
0.05041243135929108
0.050420504063367844
0.05015154182910919
0.05008376017212868
0.049985479563474655
0.04989929497241974
0.049738429486751556
0.04966094344854355
0.049505945295095444
0.049410052597522736
0.04933452233672142
0.04926636442542076
0.04920835420489311
0.04914307966828346
0.04896676540374756
0.04897094517946243
0.048832908272743225
0.048853542655706406
0.048752136528491974
0.048717841506004333
0.04862901195883751
0.04861421883106232
0.04849455505609512
0.04847338795661926
0.04837135970592499
0.04836398735642433
0.048325687646865845
0.048332661390304565
0.048116013407707214
0.04814674332737923
0.04807548597455025
0.048030491918325424
0.0479690246284008
0.04797341302037239
0.04789143055677414
0.047884564846754074
0.047837138175964355
0.04782398045063019
0.0477948896586895
0.04774691164493561
0.047606006264686584
0.04765545204281807
0.04758721590042114
0.047572989016771317
0.047622375190258026
0.04757275432348251
0.04761281982064247
0.04752006009221077
0.04752105101943016
0.047512706369161606
0.047437772154808044
0.047415681183338165
0.04739962890744209
0.04741109907627106
0.047287099063396454
0.04738188162446022
0.047297313809394836
no squeeze
107.11563110351562
75.22694396972656
66.34968566894531
37.304569244384766
32.45469284057617
21.191131591796875
19.405622482299805
14.543643951416016
13.647698402404785
10.984535217285156
10.44626522064209
8.73510456085205
8.362689018249512
7.156013011932373
6.887582778930664
5.995910167694092
5.799354076385498
5.135241508483887
4.978578567504883
4.481155872344971
4.362905502319336
3.9911463260650635
3.917773723602295
3.611161708831787
3.549798011779785
3.3386964797973633
3.292886734008789
3.1355526447296143
3.1171367168426514
2.983069658279419
2.9506137371063232
2.8660061359405518
2.8453481197357178
2.7717528343200684
2.7499401569366455
2.713866710662842
2.688781261444092
2.6625571250915527
2.6362245082855225
2.6142771244049072
2.6277060508728027
2.5686938762664795
2.5656161308288574
2.5445125102996826
2.5543265342712402
2.517970323562622
2.5256998538970947
2.49107027053833
2.4864518642425537
2.4703433513641357
2.4732460975646973
2.4484739303588867
2.4453365802764893
2.447490930557251
2.4974329471588135
2.4193689823150635
2.416046619415283
2.3946268558502197
2.389543056488037
2.3837060928344727
2.374664068222046
2.361166000366211
2.3519856929779053
2.334679126739502
2.328486919403076
2.313469648361206
2.3136096000671387
2.2909746170043945
2.27431321144104
2.2517342567443848
2.2443783283233643
2.212139368057251
2.2054378986358643
2.1755878925323486
2.166903495788574
2.1286745071411133
2.116569757461548
2.07737398147583
2.0713226795196533
2.013498067855835
2.0023186206817627
1.9408096075057983
1.9305227994918823
1.8736644983291626
1.8464361429214478
1.7720756530761719
1.7485735416412354
1.6677443981170654
1.6458169221878052
1.5506988763809204
1.5172977447509766
1.4253937005996704
1.388534426689148
1.3057432174682617
1.250718593597412
1.1320838928222656
1.1046199798583984
0.981359601020813
0.9525864720344543
0.8413583040237427
0.8119344115257263
0.7016121745109558
0.6760081648826599
0.5751398205757141
0.5610643625259399
0.46807271242141724
0.44967061281204224
0.38109803199768066
0.3658871352672577
0.3085901439189911
0.2957582175731659
0.2566531300544739
0.24758437275886536
0.22035209834575653
0.21349330246448517
0.19458194077014923
0.19112059473991394
0.1773202270269394
0.17447079718112946
0.16784372925758362
0.16582174599170685
0.1599079668521881
0.1592894345521927
0.15560154616832733
0.15544678270816803
0.15357516705989838
0.15241405367851257
0.15291723608970642
0.15663358569145203
0.1503175050020218
0.1500294953584671
0.1500811129808426
0.14924515783786774
0.14960341155529022
0.15053971111774445
0.14962142705917358
no squeeze
104.9796142578125
50.083377838134766
41.28754425048828
23.111135482788086
20.721683502197266
14.777099609375
13.735085487365723
10.734460830688477
10.1356840133667
8.273735046386719
7.883721828460693
6.594520568847656
6.311404705047607
5.361312389373779
5.139286518096924
4.4038896560668945
4.234616756439209
3.6452276706695557
3.5179851055145264
3.0434114933013916
2.9328644275665283
2.5384833812713623
2.4463741779327393
2.120622396469116
2.0465383529663086
1.7753403186798096
1.7123157978057861
1.4798951148986816
1.4248559474945068
1.2328476905822754
1.1944372653961182
1.0217839479446411
0.9839969277381897
0.8512575030326843
0.8205783367156982
0.7120518088340759
0.6851640939712524
0.6005725860595703
0.5808010101318359
0.5104565620422363
0.49437105655670166
0.440890908241272
0.4286594092845917
0.38672512769699097
0.3768230676651001
0.34366360306739807
0.33671846985816956
0.3106819689273834
0.30598902702331543
0.28518667817115784
0.2807103395462036
0.2647636830806732
0.26130083203315735
0.24771562218666077
0.24640952050685883
0.23415297269821167
0.23189713060855865
0.22352521121501923
0.22083161771297455
0.21289724111557007
0.21126417815685272
0.2058645337820053
0.20422115921974182
0.19895543158054352
0.19763337075710297
0.19334307312965393
0.19205808639526367
0.18771491944789886
0.18747970461845398
0.18632468581199646
0.18372641503810883
0.18051312863826752
0.17939899861812592
0.17964094877243042
0.1763019859790802
0.17437872290611267
0.17358294129371643
0.17226208746433258
0.17210763692855835
0.1689431369304657
0.1696384996175766
0.16963733732700348
no squeeze
99.24496459960938
13.66188907623291
10.397747993469238
4.892716884613037
4.311522483825684
3.2340915203094482
3.0871946811676025
2.8432068824768066
2.809465169906616
2.7531375885009766
2.7470695972442627
2.7323155403137207
2.7380900382995605
2.7293412685394287
2.751019239425659
2.732524871826172
