no squeeze
6.294197082519531
1.916947841644287
1.0235638618469238
0.5748650431632996
0.36291369795799255
0.2323477864265442
0.2522130310535431
0.19219906628131866
0.16484712064266205
0.1456533968448639
0.17550811171531677
0.14705903828144073
0.15429772436618805
0.17897967994213104
0.11277782171964645
0.11346658319234848
0.10673940181732178
0.09628026187419891
0.10828700661659241
0.11298074573278427
0.11139912158250809
0.09693507850170135
0.10065503418445587
0.10464473813772202
0.12410182505846024
0.10746414959430695
0.09548741579055786
0.0977473258972168
0.10164926201105118
0.15616053342819214
0.09726929664611816
0.09105128794908524
0.07329949736595154
0.0723143145442009
0.04534631595015526
0.08595169335603714
0.09015615284442902
0.07581926137208939
0.1235404908657074
0.0779767856001854
0.08065248280763626
0.09385082125663757
0.08699697256088257
0.06262370944023132
0.07650714367628098
no squeeze
5.612897872924805
1.8199433088302612
1.0377012491226196
0.67137610912323
0.5291473269462585
0.5324245691299438
0.3373905420303345
0.3199234902858734
0.3314346373081207
0.33414891362190247
0.3509717285633087
0.335356742143631
0.40416836738586426
0.25424301624298096
0.27358943223953247
0.2661212086677551
0.20716750621795654
0.2238936424255371
0.23863863945007324
0.24838103353977203
0.2434438019990921
0.2425389289855957
0.23645390570163727
0.2750045955181122
0.2797374129295349
0.220264732837677
0.31619489192962646
no squeeze
7.731817245483398
2.8163681030273438
1.7785940170288086
1.2973414659500122
1.005802869796753
0.8486610651016235
0.7443873286247253
0.5156316161155701
0.46306341886520386
0.7313544750213623
0.4883565604686737
0.3883081078529358
0.40402427315711975
0.48802611231803894
0.2510911822319031
0.2661035656929016
0.20346659421920776
0.21099790930747986
0.2578650414943695
0.2621178925037384
0.3089897334575653
0.17257007956504822
0.19345834851264954
0.307823121547699
0.3244428336620331
0.7109265327453613
0.47962987422943115
0.20776638388633728
0.15250101685523987
0.15488916635513306
0.1299569308757782
0.15845942497253418
0.1271110624074936
0.10957898944616318
0.1241583526134491
0.12195351719856262
0.2226382941007614
0.17885825037956238
0.1872362196445465
0.0799916610121727
0.08595117926597595
0.12405341118574142
0.0720335841178894
0.06603852659463882
0.0522279255092144
0.11090822517871857
0.12528017163276672
0.10526830703020096
0.07794394344091415
0.10800821334123611
0.11222875118255615
0.059794746339321136
0.07183381915092468
0.050933241844177246
0.07032501697540283
0.042779918760061264
0.047870393842458725
0.08373280614614487
0.10480359196662903
0.17699483036994934
0.19194632768630981
0.13836081326007843
0.08170926570892334
0.08119256794452667
0.10312233865261078
0.0720868930220604
no squeeze
7.3501715660095215
3.2850852012634277
2.4886834621429443
1.983496904373169
1.6376490592956543
1.4034016132354736
1.1820887327194214
1.0795507431030273
0.9970085620880127
0.877961277961731
0.777459979057312
0.7504156231880188
0.6845090985298157
0.6972198486328125
0.6093730330467224
0.5929925441741943
0.5940663814544678
0.5128117203712463
0.5353541970252991
0.5204552412033081
0.49732163548469543
0.4833206534385681
0.4694681465625763
0.44702842831611633
0.41004863381385803
0.4608301520347595
0.42299938201904297
0.4440513849258423
0.41097018122673035
0.4027126729488373
0.36431413888931274
0.36261609196662903
0.3757435381412506
0.3267892003059387
0.3308921456336975
0.36300814151763916
0.30352213978767395
0.3454399108886719
0.33616742491722107
0.30600517988204956
0.30269306898117065
0.29492801427841187
0.3275061249732971
0.2821803092956543
0.3141559660434723
0.32039889693260193
0.2900868058204651
0.3138311505317688
0.28893494606018066
0.2681349515914917
0.248325914144516
0.2614777982234955
0.27976754307746887
0.2706000804901123
0.23583738505840302
0.24254828691482544
0.2593253552913666
0.2297699898481369
0.237356036901474
0.22427484393119812
0.1999325454235077
0.21943821012973785
0.2206784337759018
0.23302268981933594
0.23583349585533142
0.3193502128124237
0.3117775022983551
0.2131546288728714
0.18568778038024902
0.2217409759759903
0.20121259987354279
0.20562344789505005
0.1777636855840683
0.18589754402637482
0.21621404588222504
0.18667985498905182
0.18611495196819305
0.20564104616641998
0.19234903156757355
0.20300725102424622
0.20412105321884155
0.18382123112678528
0.17914414405822754
no squeeze
7.371155738830566
2.4673349857330322
1.6295286417007446
1.2534500360488892
0.995703935623169
0.8622605204582214
0.7166367769241333
0.6408831477165222
0.6206278800964355
0.5078444480895996
0.458493709564209
0.4355824589729309
0.40924546122550964
0.40932130813598633
0.3488844633102417
0.34014368057250977
0.35875970125198364
0.3153392970561981
0.2983272969722748
0.31506240367889404
0.33565714955329895
0.28563192486763
0.25038331747055054
0.2576870322227478
0.3104085624217987
0.2446659356355667
0.25896167755126953
0.2324162721633911
0.25162768363952637
0.2389563024044037
0.21826501190662384
0.2510673701763153
0.23220594227313995
0.2306983321905136
0.21978501975536346
0.20300135016441345
0.2076725959777832
0.23207347095012665
0.23145806789398193
0.2407686859369278
0.22111260890960693
0.19175617396831512
0.23734721541404724
0.20842888951301575
0.18926234543323517
0.19516338407993317
0.18299736082553864
0.1811477690935135
0.17044097185134888
0.17842847108840942
0.18050101399421692
0.18919473886489868
0.18451352417469025
0.15221521258354187
0.15947775542736053
0.19327720999717712
0.18248751759529114
0.17073291540145874
0.16107681393623352
0.2000945508480072
0.13432611525058746
0.14562368392944336
0.14200375974178314
0.15430940687656403
0.149556502699852
0.14918552339076996
0.2061409205198288
0.20638228952884674
0.14946527779102325
0.14843830466270447
0.13915522396564484
no squeeze
6.222207546234131
1.8902357816696167
0.7931763529777527
0.6260268688201904
0.8442590832710266
0.45148229598999023
0.44481489062309265
0.7282521724700928
0.6106929779052734
0.6453920006752014
0.47726696729660034
0.7731379866600037
0.43019619584083557
0.7389165163040161
0.36457493901252747
0.5710985064506531
0.5820034742355347
0.3662334978580475
0.370496928691864
1.2463270425796509
0.5242344737052917
0.4897986054420471
0.7512775659561157
0.5199284553527832
0.3692050278186798
