no squeeze
0.9171302914619446
0.33002281188964844
0.15449120104312897
0.0873359888792038
0.07384645938873291
0.03989284113049507
0.030650708824396133
0.02165447175502777
0.01908509060740471
0.015361825935542583
0.011417638510465622
0.007280042394995689
0.007004348561167717
0.005878170486539602
0.004766903351992369
0.003637958550825715
0.003306689905002713
0.002918967977166176
0.0034747642930597067
0.0029554127249866724
0.0026727046351879835
0.0027751175221055746
0.0020415857434272766
0.0016828736988827586
0.0012340956600382924
0.0013403728371486068
0.0013500479981303215
0.0012815858935937285
0.0013254081131890416
0.000977377756498754
0.0007253080839291215
0.0008178738644346595
0.0011380731593817472
0.0007615310605615377
0.0008780884672887623
0.0008419348741881549
0.0007551396847702563
0.0006573262508027256
0.0005179750733077526
0.0007779852603562176
0.0005582677549682558
0.0005727267125621438
0.0005723013891838491
0.0008376328623853624
0.0006797314854338765
0.0006398383993655443
0.0004328606300987303
0.0003458827850408852
0.0003956585132982582
0.0002733551664277911
0.0003302698314655572
0.00034891979885287583
0.0006226502591744065
0.000979914329946041
0.0005030204192735255
0.0004337123828008771
0.0003753718629013747
0.00030289546702988446
0.00022885353246238083
0.00023008488642517477
0.00026546436129137874
0.00024972367100417614
0.0015594559954479337
0.001302434247918427
0.0003807248722296208
0.001006332691758871
0.004332664422690868
0.009435614570975304
0.003916783723980188
no squeeze
1.0347645282745361
0.4471096098423004
0.247879296541214
0.16523988544940948
0.1289413571357727
0.11679095774888992
0.10053202509880066
0.08916547894477844
0.07444491982460022
0.07228487730026245
0.06046618893742561
0.06507266312837601
0.06036921963095665
0.0669475868344307
0.05041744187474251
0.04844755306839943
0.06595844775438309
0.054725226014852524
0.04789263382554054
0.054263219237327576
0.04114188253879547
0.04474330693483353
0.045304831117391586
0.04704371467232704
0.0444079264998436
0.045284878462553024
0.04342348873615265
0.03777826949954033
0.04281153529882431
0.04776685684919357
0.0397285595536232
0.0378798246383667
0.04197243973612785
0.04451197013258934
0.040508389472961426
0.035533785820007324
0.034393712878227234
0.03598857671022415
0.03908213973045349
0.03422577679157257
0.03713732212781906
0.03519028052687645
0.031851183623075485
0.039494842290878296
0.03905050456523895
0.04615044221282005
0.03589314594864845
0.03339154273271561
0.03426963463425636
0.03191205486655235
0.036751266568899155
0.03660917654633522
0.036021117120981216
no squeeze
1.1438504457473755
0.49209460616111755
0.2882125973701477
0.19936774671077728
0.14703215658664703
0.11987274885177612
0.11483868956565857
0.0757119432091713
0.06426482647657394
0.05773133039474487
0.06011122465133667
0.04403733089566231
0.034121073782444
0.03217620402574539
0.026744071394205093
0.024995828047394753
0.022881966084241867
0.10246212780475616
0.06082185357809067
0.02562718093395233
0.020261958241462708
0.021949652582406998
0.013869911432266235
0.014161263592541218
0.010524551384150982
0.009168327786028385
0.007238815538585186
0.00732773682102561
0.007101268041878939
0.007163080852478743
0.007135678548365831
0.010035022161900997
0.010378815233707428
0.014467669650912285
0.00828602910041809
0.008580044843256474
0.0073330882005393505
0.004293126054108143
0.002894646255299449
0.0036938651464879513
0.002652841852977872
0.003364411648362875
0.0027556037530303
0.002396024065092206
0.0024189972318708897
0.004852358717471361
0.005953855346888304
0.0070877401158213615
0.0043735322542488575
0.010667704045772552
0.0051099639385938644
0.010687689296901226
0.021354498341679573
0.005902861710637808
no squeeze
1.0482069253921509
0.6223704218864441
0.4995971918106079
0.4105035960674286
0.3494643270969391
0.30332085490226746
0.26935672760009766
0.2420950084924698
0.21571233868598938
0.20087426900863647
0.17770697176456451
0.1680523157119751
0.16132508218288422
0.14652450382709503
0.13862523436546326
0.12969841063022614
0.12713517248630524
0.11650842428207397
0.11576306819915771
0.11164027452468872
0.10310447961091995
0.10100595653057098
0.09747349470853806
0.09524454921483994
0.09692409634590149
0.09292334318161011
0.08721053600311279
0.08270348608493805
0.08014851063489914
0.0769149512052536
0.07812225818634033
0.07605183124542236
0.07265342026948929
0.06936992704868317
0.06886839866638184
0.06728741526603699
0.0663195252418518
0.06845158338546753
0.06350548565387726
0.0636168122291565
0.06126486137509346
0.061377111822366714
0.07056223601102829
0.062494970858097076
0.062861867249012
0.05880294367671013
0.0563952699303627
0.06273393332958221
0.054561953991651535
0.054509226232767105
0.0545802116394043
0.05460244417190552
0.05488305911421776
0.051317665725946426
0.050399333238601685
0.049116600304841995
0.05245741829276085
0.0498567558825016
0.049848392605781555
0.04847842827439308
0.047113724052906036
0.048069946467876434
0.04613112285733223
0.04805121570825577
0.04940101131796837
0.04884059727191925
0.04619371145963669
0.04362217336893082
0.04743208363652229
0.04463556036353111
0.04310987517237663
0.046399712562561035
0.04319978132843971
0.04329688847064972
0.04514293372631073
0.04357047379016876
0.04019596800208092
0.04213588312268257
0.040081847459077835
0.042985983192920685
0.03977720066905022
0.03948508948087692
0.04161090776324272
0.03892633691430092
0.04152897745370865
0.03866228461265564
0.04088005796074867
0.03678474947810173
0.04021880030632019
0.03695255145430565
0.03928430750966072
0.04192865267395973
0.03958626091480255
0.03848406672477722
0.03794018179178238
0.037035051733255386
0.036701831966638565
0.037411753088235855
0.03971072658896446
0.038611650466918945
0.036538686603307724
0.0348140150308609
0.04062780365347862
0.03605346754193306
0.03690400719642639
0.035201296210289
0.03598865121603012
0.03553246706724167
0.03685937821865082
0.037290818989276886
0.0369843989610672
0.03330749273300171
0.03382990136742592
0.0350564680993557
0.03406737744808197
0.03529753535985947
0.03400563821196556
0.0331573486328125
0.03383731469511986
0.034406233578920364
0.03533144295215607
0.03273819759488106
0.033224932849407196
0.032095540314912796
0.033437591046094894
0.034002870321273804
0.03282647579908371
0.03390795737504959
0.03236295282840729
0.03298811987042427
0.03275839984416962
0.03444189950823784
0.03463948145508766
0.034316420555114746
no squeeze
1.4348869323730469
0.5685606598854065
0.369168221950531
0.2853916585445404
0.23940670490264893
0.19752931594848633
0.1631101667881012
0.1477278620004654
0.1303686499595642
0.11790864914655685
0.10549458861351013
0.09329834580421448
0.09294396638870239
0.08711276203393936
0.07878628373146057
0.07584771513938904
0.06840822845697403
0.06671111285686493
0.06721653044223785
0.06001809239387512
0.05672883987426758
0.05743713676929474
0.057358309626579285
0.05222970247268677
0.051660120487213135
0.04810640960931778
0.04970311000943184
0.04816422984004021
0.04859631136059761
0.04040952026844025
0.04164553061127663
0.03779486194252968
0.03979276865720749
0.037119776010513306
0.03937322646379471
0.03777564689517021
0.03638530895113945
0.03786015883088112
0.034322187304496765
0.033717814832925797
0.034786392003297806
0.035738881677389145
0.03450964018702507
0.03452348709106445
0.03144829720258713
0.03256173059344292
0.030830444768071175
0.030872302129864693
0.03044469654560089
0.02843393012881279
0.03312854468822479
0.027109378948807716
0.027443548664450645
0.02989061549305916
0.026175152510404587
0.029754221439361572
0.027050938457250595
0.026672614738345146
0.025299537926912308
0.02559693530201912
0.024791622534394264
0.025049177929759026
0.023235704749822617
0.024104811251163483
0.02419528178870678
0.024205800145864487
0.022272314876317978
0.02376001887023449
0.022393565624952316
0.024729615077376366
0.021320730447769165
0.0224419254809618
0.022612212225794792
0.023028714582324028
0.02133648842573166
0.02156561240553856
0.02117704227566719
0.022172410041093826
0.020335357636213303
0.02240634150803089
0.020084198564291
0.0206731166690588
0.0221885796636343
0.020842771977186203
0.018621377646923065
0.021590081974864006
0.020273519679903984
0.0200919508934021
0.019178377464413643
0.021377069875597954
0.023235321044921875
0.019026705995202065
0.017345469444990158
0.017448872327804565
0.0161135196685791
0.02120802365243435
0.01753346435725689
0.02023196592926979
0.01806514523923397
0.022494632750749588
0.01969252899289131
0.017114268615841866
0.01763651892542839
0.018491065129637718
0.016927970573306084
no squeeze
0.8968338370323181
0.3120986521244049
0.2224750518798828
0.1492091566324234
0.22737176716327667
0.11724548786878586
0.13175548613071442
0.12823976576328278
0.09346210956573486
0.12538067996501923
0.10403240472078323
0.10600663721561432
0.0911116749048233
0.11462331563234329
0.10887303203344345
0.08966118842363358
0.11178363114595413
0.10538598150014877
0.09386511892080307
0.08158029615879059
0.09521222859621048
0.12558427453041077
0.19896988570690155
0.11183955520391464
0.09114733338356018
0.08178646862506866
0.11631690710783005
0.08251191675662994
0.17670609056949615
0.10159248113632202
