no squeeze
8.818069458007812
3.4657223224639893
2.054490804672241
1.3056913614273071
0.8493200540542603
0.6439144015312195
0.5250219702720642
0.46341362595558167
0.43974244594573975
0.38904526829719543
0.34154364466667175
0.2733595073223114
0.25605762004852295
0.27664366364479065
0.29445570707321167
0.20649167895317078
0.22943620383739471
0.1918017566204071
0.31539836525917053
0.24433311820030212
0.17244809865951538
0.18476147949695587
0.2004001885652542
0.20853151381015778
0.2114296406507492
0.1711231917142868
0.17661046981811523
0.17638199031352997
0.15340656042099
0.17410695552825928
0.17504830658435822
0.17359811067581177
0.19026662409305573
0.14390233159065247
0.15391793847084045
0.2384459227323532
0.19353018701076508
0.21725662052631378
0.13651014864444733
0.12347617745399475
0.13700231909751892
0.1585201472043991
0.16035890579223633
0.27835914492607117
0.21483109891414642
0.16862259805202484
0.11187125742435455
0.1412964165210724
0.20154023170471191
0.26751038432121277
0.23567576706409454
0.19148558378219604
0.16952097415924072
0.18554644286632538
0.12485533952713013
0.17721904814243317
0.13936163485050201
no squeeze
10.934162139892578
3.1265368461608887
1.5369118452072144
0.8356980085372925
0.9283695816993713
0.5095823407173157
0.37037673592567444
0.20427978038787842
0.17818063497543335
0.2699567973613739
0.16675110161304474
0.11088219285011292
0.1368790715932846
0.06868290901184082
0.044435009360313416
0.04272305592894554
0.08321809023618698
0.05771149694919586
0.10900237411260605
0.06005163490772247
0.04239991679787636
0.02521948702633381
0.040097784250974655
0.031315628439188004
0.024966292083263397
0.026509953662753105
0.02369392290711403
0.026789309456944466
0.03956636041402817
0.0168884489685297
0.05917491018772125
0.05955236777663231
0.030964888632297516
0.041451260447502136
0.02816767245531082
0.025708336383104324
0.022828930988907814
0.020523201674222946
0.03883915767073631
0.03419904038310051
no squeeze
12.933990478515625
4.65501594543457
3.6797549724578857
2.577840566635132
1.7533468008041382
1.2538256645202637
1.2011067867279053
0.9750538468360901
0.7010431885719299
0.5985034704208374
0.49215736985206604
0.4945869445800781
0.38138577342033386
0.725440502166748
0.3608526885509491
0.287670761346817
0.24159812927246094
0.22126105427742004
0.35407984256744385
0.21561911702156067
0.15010999143123627
0.15465690195560455
0.151295006275177
0.19869312644004822
0.13337329030036926
0.12438882142305374
0.097743459045887
0.0938953384757042
0.09542673081159592
0.11479263752698898
0.1013960912823677
0.08551313728094101
0.2825687527656555
0.07895531505346298
0.0584118627011776
0.06813929229974747
0.07174687087535858
0.0830020010471344
0.06779903918504715
0.04900118336081505
0.052269816398620605
0.056975606828927994
0.08463776111602783
0.05896349251270294
0.044329240918159485
0.0737796202301979
0.09849876165390015
0.6771275401115417
0.13644777238368988
0.10370738804340363
0.12302891910076141
0.08595921099185944
0.0594327412545681
0.044212471693754196
0.03695889934897423
0.037105806171894073
0.03753894567489624
0.036805473268032074
0.034249160438776016
0.037082772701978683
0.026800895109772682
0.025204818695783615
0.025400444865226746
0.03441203013062477
0.056660350412130356
0.02531379461288452
0.01973746530711651
0.03291531652212143
0.020304817706346512
0.022677389904856682
0.02151447907090187
0.024331210181117058
0.021709227934479713
0.029405983164906502
0.02579345740377903
0.04104827344417572
0.028819793835282326
no squeeze
12.082662582397461
5.784852981567383
4.5015645027160645
3.8429758548736572
3.1994142532348633
2.8152554035186768
2.544665813446045
2.2172112464904785
2.003830671310425
1.8301615715026855
1.7152434587478638
1.6154412031173706
1.4070613384246826
1.427863359451294
1.2711089849472046
1.1803107261657715
1.213759422302246
1.1745009422302246
1.0165960788726807
0.95745450258255
0.9205052852630615
1.0077317953109741
0.8972690105438232
0.8177210092544556
0.7825703024864197
0.6873802542686462
0.8412602543830872
0.6782166361808777
0.6539937853813171
0.5984862446784973
0.6029857993125916
0.6161745190620422
0.6301634907722473
0.5661830902099609
0.5402520895004272
0.5339826345443726
0.4961740970611572
0.5586403608322144
0.44595518708229065
0.4895547032356262
0.48929160833358765
0.47845256328582764
0.4316888749599457
0.4028189778327942
0.42638733983039856
0.4131094515323639
0.4274810552597046
0.4171188771724701
0.4028526246547699
0.3782394826412201
0.4580155313014984
0.4090029299259186
0.42190828919410706
0.420884907245636
0.4064455032348633
0.34682339429855347
0.3789179027080536
0.344673216342926
0.34546855092048645
0.3509215712547302
0.28446853160858154
0.33673009276390076
0.32298749685287476
0.28354233503341675
0.2962647080421448
0.39636194705963135
0.3440713584423065
0.2882189452648163
0.31381988525390625
0.2594122588634491
0.3112241327762604
0.2686120867729187
0.28801843523979187
0.3073607385158539
0.33029067516326904
0.3282727301120758
0.3012274503707886
0.30983272194862366
0.25737452507019043
0.24679206311702728
0.22837822139263153
0.24015139043331146
0.2171136438846588
0.25576892495155334
0.25812312960624695
0.263185054063797
0.23965312540531158
0.23681873083114624
0.21790897846221924
0.21157242357730865
0.2284286767244339
0.23960420489311218
0.23064550757408142
0.2695958912372589
0.24291296303272247
0.20450566709041595
0.23022359609603882
0.21539531648159027
0.21626177430152893
0.19001132249832153
0.2256520688533783
0.2292160987854004
0.2066882848739624
0.2128872126340866
0.22297224402427673
0.21488264203071594
0.1990942656993866
0.20501160621643066
0.19652524590492249
0.18922175467014313
0.18973363935947418
0.1667224019765854
0.23496878147125244
0.2022133320569992
0.21979032456874847
0.17814983427524567
0.18958520889282227
0.16400831937789917
0.1795729547739029
0.16874755918979645
0.16746462881565094
0.1596767157316208
0.16314703226089478
0.2090979963541031
0.19322384893894196
0.18787790834903717
0.18673217296600342
0.21127215027809143
0.18272924423217773
0.17899467051029205
0.17809166014194489
0.19556811451911926
no squeeze
11.084005355834961
4.872582912445068
3.2365612983703613
2.5159640312194824
2.2565720081329346
1.6926084756851196
1.4543949365615845
1.3388407230377197
1.1750203371047974
1.0712083578109741
0.983127236366272
0.8911057710647583
0.8803279995918274
0.803260087966919
0.7689374089241028
0.7188946008682251
0.6670375466346741
0.6613450646400452
0.6411995887756348
0.5276092886924744
0.5112491250038147
0.5450373291969299
0.497611403465271
0.49836185574531555
0.48883238434791565
0.4634771943092346
0.47132769227027893
0.4164513349533081
0.3915422260761261
0.42679014801979065
0.3853217363357544
0.44153764843940735
0.40969327092170715
0.40461429953575134
0.311879962682724
0.34106335043907166
0.3349470794200897
0.32300427556037903
0.3169461488723755
0.2682160437107086
0.31986382603645325
0.30252477526664734
0.2797962725162506
0.34097984433174133
0.2671079635620117
0.2673531770706177
0.2189532220363617
0.30255505442619324
0.2618608772754669
0.27488866448402405
0.23586079478263855
0.32013416290283203
0.21810410916805267
0.17598190903663635
0.19580885767936707
0.230952650308609
0.27720576524734497
0.2368575930595398
0.18883760273456573
0.20101116597652435
0.20411421358585358
0.1946021169424057
0.17860394716262817
0.20417234301567078
no squeeze
8.367480278015137
4.814305782318115
2.9624056816101074
2.089315891265869
2.1985349655151367
2.0327022075653076
1.0458660125732422
1.1218425035476685
1.4428538084030151
0.8839591145515442
2.260730266571045
1.4148744344711304
0.936267614364624
0.9179895520210266
0.8563454151153564
1.1896194219589233
0.7090195417404175
0.9389709830284119
1.512331485748291
1.1762633323669434
1.5319204330444336
0.8715619444847107
1.6746505498886108
1.6341838836669922
0.7556571960449219
0.9047898054122925
0.985472559928894
