no squeeze
1.7395092248916626
0.6301584243774414
0.34063979983329773
0.16553111374378204
0.10224902629852295
0.06955405324697495
0.0443354994058609
0.03608075901865959
0.025592366233468056
0.02040312997996807
0.016247905790805817
0.015918048098683357
0.013088315725326538
0.008973518386483192
0.006467617582529783
0.006486504338681698
0.007036421913653612
0.004756694193929434
0.006460296921432018
0.0051304432563483715
0.004482355900108814
0.004660311155021191
0.004052674397826195
0.003359435359016061
0.002935849130153656
0.001797258504666388
0.0019518992630764842
0.0017071833135560155
0.0020144102163612843
0.0022178583312779665
0.002104083774611354
0.0018461240688338876
0.0018542842008173466
0.005471767857670784
0.005340134259313345
0.0016618419904261827
0.0014976002275943756
0.001331687206402421
0.0014210192020982504
0.0012527800863608718
0.0016914939042180777
0.0017994578229263425
0.00188663718290627
0.0018346630968153477
0.0013988110003992915
0.0011478058295324445
0.0023172663059085608
0.0034569951239973307
0.00148492562584579
0.003467086935415864
0.0014973189681768417
0.000967740430496633
0.00140177714638412
0.0013057909673079848
0.0030027609318494797
0.002376577816903591
0.0007408976089209318
0.001575544592924416
0.0015769387828186154
0.007210585754364729
0.0290279109030962
0.014584733173251152
0.0070360396057367325
0.0030973078683018684
0.0012955227866768837
0.0012696768390014768
0.0022522916551679373
no squeeze
1.7966657876968384
0.6978186964988708
0.44521796703338623
0.28780344128608704
0.22333160042762756
0.14521950483322144
0.1122773140668869
0.08518100529909134
0.07549188286066055
0.05627669766545296
0.050292059779167175
0.03951854631304741
0.03393140435218811
0.051840316504240036
0.052462782710790634
0.02873198129236698
0.022834517061710358
0.023597968742251396
0.02289808727800846
0.022768480703234673
0.029526472091674805
0.0453311949968338
0.03542844578623772
0.02825949154794216
0.022080257534980774
0.012812272645533085
0.010543893091380596
0.009559592232108116
0.014800088480114937
0.01254037581384182
0.012036099098622799
0.013712288811802864
0.009174268692731857
0.012388201430439949
0.010814415290951729
0.010587237775325775
0.009992258623242378
0.011758977547287941
0.010442995466291904
0.008519291877746582
0.01075825560837984
0.010024632327258587
0.018919847905635834
0.014418424107134342
0.03304522857069969
0.012315633706748486
0.024821627885103226
0.012716447003185749
0.012785796076059341
0.008790271356701851
no squeeze
1.8107078075408936
0.8105742931365967
0.5248822569847107
0.3816075623035431
0.25135838985443115
0.1924823373556137
0.1362185776233673
0.13950206339359283
0.08870787918567657
0.07881944626569748
0.0685114860534668
0.045323729515075684
0.04006267338991165
0.04220631346106529
0.04227142035961151
0.02724933996796608
0.046967778354883194
0.031673844903707504
0.01724708080291748
0.012616834603250027
0.01382149662822485
0.013541210442781448
0.011692563071846962
0.010122018866240978
0.010133621282875538
0.008007712662220001
0.0068710679188370705
0.007716670632362366
0.012282208539545536
0.007490736432373524
0.00665120966732502
0.007359398528933525
0.0055296653881669044
0.005010115914046764
0.005223333369940519
0.005104362964630127
0.006022762972861528
0.004641172010451555
0.0039857421070337296
0.005311292130500078
0.004183920565992594
0.004429730121046305
0.005482566077262163
0.004756041336804628
0.004207019228488207
0.004100772552192211
0.005798496771603823
0.003487327601760626
0.0035805983934551477
0.004973136354237795
0.005475715734064579
0.004167067352682352
0.005322714801877737
0.006811412982642651
0.005747322924435139
0.004858608823269606
0.003918806556612253
0.00425721425563097
no squeeze
2.201726198196411
1.224410891532898
1.0291262865066528
0.8798908591270447
0.7672839760780334
0.6868029832839966
0.6043277382850647
0.5584638714790344
0.5004936456680298
0.4665268361568451
0.4206010401248932
0.3842216730117798
0.3538331985473633
0.32902079820632935
0.31500011682510376
0.2828533947467804
0.27013978362083435
0.2632201313972473
0.2414281815290451
0.23395231366157532
0.21459455788135529
0.2003284990787506
0.19613562524318695
0.18201185762882233
0.1845761239528656
0.1747499257326126
0.16591735184192657
0.16315913200378418
0.1450728327035904
0.1472199559211731
0.13623060286045074
0.12624609470367432
0.13151299953460693
0.12047787755727768
0.11904258280992508
0.11457963287830353
0.1104980930685997
0.11175587773323059
0.11631809920072556
0.10712312906980515
0.10234816372394562
0.09689607471227646
0.08676455914974213
0.09052542597055435
0.09060673415660858
0.09132404625415802
0.10317902266979218
0.08896872401237488
0.09105270355939865
0.07764576375484467
0.08480426669120789
0.07689221948385239
0.0791221335530281
0.07383657991886139
0.07408218085765839
0.08173469454050064
0.0714898556470871
0.0710369199514389
0.06998614966869354
0.06837038695812225
0.06526270508766174
0.06708656996488571
0.06781943142414093
0.06343121081590652
0.06330776959657669
0.076485775411129
0.0663294568657875
0.06455133110284805
0.05994436889886856
0.06543227285146713
0.06293848156929016
0.05791759490966797
0.05874579772353172
0.06018206477165222
0.05854117497801781
0.06014338508248329
0.05978797376155853
0.05787744000554085
0.058625634759664536
0.056333109736442566
0.06138506904244423
0.05575547739863396
0.053852379322052
0.05363599210977554
0.057219404727220535
0.05322087183594704
0.051900867372751236
0.050228189677000046
0.050318509340286255
0.050434283912181854
0.05109415575861931
0.051686108112335205
0.04919592663645744
0.06713630259037018
0.055759795010089874
0.05314158275723457
0.05149680748581886
0.054545942693948746
0.04615861177444458
0.04766680300235748
0.048227131366729736
0.04854417219758034
0.04299526661634445
0.048178911209106445
0.0542953796684742
0.0501982681453228
0.04823620617389679
0.04366571083664894
0.04773186519742012
0.04893839359283447
0.044594526290893555
0.048743072897195816
0.04362503066658974
no squeeze
2.1810076236724854
0.9895600080490112
0.7178156971931458
0.5425131320953369
0.4414283037185669
0.37182456254959106
0.32427847385406494
0.275585800409317
0.2498292773962021
0.2254478931427002
0.19715362787246704
0.17747248709201813
0.1653435379266739
0.15160398185253143
0.145237535238266
0.13332276046276093
0.12442555278539658
0.11115571856498718
0.12291960418224335
0.09633006155490875
0.09202132374048233
0.09745050966739655
0.09338105469942093
0.08836035430431366
0.07923631370067596
0.07405658811330795
0.08057951927185059
0.07452032715082169
0.06494203209877014
0.06660301983356476
0.06332865357398987
0.0630563423037529
0.060603074729442596
0.07756157964468002
0.04975001886487007
0.05705238878726959
0.04940430447459221
0.05179126560688019
0.0480831041932106
0.04892316088080406
0.04335769638419151
0.04452292248606682
0.045326534658670425
0.04790176451206207
0.045253604650497437
0.04408077150583267
0.058523692190647125
0.04270204156637192
0.05008067935705185
0.038406066596508026
0.0398927740752697
0.039325445890426636
0.035151705145835876
0.04479867219924927
0.039914850145578384
0.041279714554548264
0.03744339942932129
0.03489067032933235
0.03191811591386795
0.03184119611978531
0.0327485054731369
0.03421276435256004
0.03911352902650833
0.0316818431019783
0.028124481439590454
0.02709198370575905
0.03560175746679306
0.033901993185281754
0.03334100916981697
0.0337422750890255
0.03187917545437813
0.02826692909002304
0.028614886105060577
0.029707856476306915
0.02521025948226452
0.023489240556955338
0.027527332305908203
0.02684831991791725
0.02575814537703991
0.02676663175225258
0.027138134464621544
0.03122415393590927
0.024393856525421143
0.02343856543302536
0.021914318203926086
0.021652350202202797
0.024596411734819412
0.023119574412703514
0.02277139015495777
0.026127325370907784
0.021172842010855675
0.026060234755277634
0.022602766752243042
0.021809792146086693
0.025720803067088127
0.02107957936823368
0.02469373680651188
0.021620716899633408
0.02608940191566944
0.02303706854581833
0.02144729532301426
0.023364577442407608
0.028209131211042404
0.029642092064023018
0.02376345731317997
0.022852392867207527
no squeeze
2.3791005611419678
0.8384560942649841
0.47357019782066345
0.3310747742652893
0.27915841341018677
0.24783486127853394
0.2607933282852173
0.2677902579307556
0.226518452167511
0.2578693926334381
0.19020386040210724
0.42305898666381836
0.2822283208370209
0.3991028964519501
0.21234041452407837
0.15348368883132935
0.16006818413734436
0.251626580953598
0.2835490107536316
0.19192244112491608
0.15415379405021667
0.1976304054260254
0.20009838044643402
0.19296795129776
0.18206261098384857
0.14189712703227997
0.16706733405590057
0.13594990968704224
0.15712371468544006
0.2543991804122925
0.1413029581308365
0.16548147797584534
0.23073825240135193
0.23898348212242126
0.1934230774641037
0.15295685827732086
0.3452971577644348
0.15791279077529907
