no squeeze
16.631114959716797
3.131885528564453
1.7628952264785767
1.269936442375183
1.0320254564285278
1.0368311405181885
1.3465760946273804
0.9461417198181152
0.9474439024925232
0.9212954640388489
0.9007735848426819
0.6731138825416565
0.9453834295272827
0.7693735361099243
1.0223802328109741
1.1374956369400024
1.0613923072814941
0.893517255783081
0.7416406869888306
0.8031486868858337
0.8303589820861816
0.6544777750968933
0.6482532620429993
0.8624039888381958
0.8268359899520874
0.5949384570121765
0.7703806161880493
0.7072623372077942
0.7483217716217041
0.7199438810348511
0.7401758432388306
0.7863136529922485
0.8204665184020996
0.6609921455383301
0.7698756456375122
0.7519474029541016
no squeeze
18.466434478759766
4.31500768661499
2.1059203147888184
1.7555803060531616
1.3841700553894043
1.3968051671981812
1.340689778327942
1.3930821418762207
1.2804456949234009
1.1085445880889893
1.1396878957748413
1.209550380706787
1.059343934059143
0.9634074568748474
1.0559885501861572
0.9935303926467896
1.1069772243499756
1.1993266344070435
0.982347846031189
1.2472419738769531
1.0124019384384155
1.0696953535079956
1.0536009073257446
0.9066476225852966
0.775911271572113
1.1026015281677246
0.772721529006958
1.2153042554855347
1.131548285484314
0.8954953551292419
0.9024327397346497
0.7952470183372498
1.116735577583313
1.2173477411270142
1.0223127603530884
0.8208158612251282
1.0709002017974854
no squeeze
19.117265701293945
6.644671440124512
3.7421059608459473
2.858241558074951
2.661198616027832
3.018291711807251
2.7996349334716797
2.3967537879943848
1.879870891571045
1.456060767173767
1.88633394241333
1.4849927425384521
1.992619276046753
1.6974495649337769
1.7200590372085571
2.0840067863464355
2.0245201587677
1.969569444656372
1.871396541595459
1.5401434898376465
no squeeze
21.048067092895508
6.859458923339844
4.295316219329834
3.2926523685455322
2.7203164100646973
2.220543622970581
1.9882358312606812
1.9399513006210327
1.6120402812957764
1.5024728775024414
1.327303409576416
1.326792597770691
1.3892154693603516
1.2954633235931396
1.194620132446289
1.140730381011963
1.0243513584136963
1.1265454292297363
1.1085361242294312
0.9178037643432617
0.9951667189598083
0.8619610667228699
0.9408787488937378
0.8474776148796082
0.8273112177848816
0.8744550347328186
0.8780674934387207
0.7977712750434875
0.7828525900840759
0.7933189272880554
0.743350088596344
0.7014033794403076
0.76393061876297
0.6556200385093689
0.6265750527381897
0.73358553647995
0.6886580586433411
0.7088942527770996
0.6221148371696472
0.6448279023170471
0.6688851714134216
0.6411035060882568
0.5864602327346802
0.6068646907806396
0.6201111078262329
0.6116700172424316
0.6417327523231506
0.6681128740310669
0.6218989491462708
0.6150104999542236
0.5964785814285278
0.6260497570037842
0.6069846153259277
no squeeze
18.04914665222168
5.15346097946167
2.9726736545562744
2.2589008808135986
2.0299289226531982
1.7633601427078247
1.5449278354644775
1.2548801898956299
1.3856791257858276
1.3055709600448608
1.1457874774932861
1.2857626676559448
1.255495309829712
1.1245545148849487
1.0913219451904297
0.868669867515564
0.9663543701171875
0.8602083921432495
1.189833641052246
1.2005367279052734
1.0725350379943848
0.9194754958152771
0.7282889485359192
0.8662796020507812
0.7882698178291321
0.7532028555870056
0.8135939836502075
1.025056004524231
0.7434516549110413
0.68569415807724
0.7487841844558716
0.818839967250824
0.6089302897453308
0.8461668491363525
0.6266317367553711
0.7122632265090942
0.7875043749809265
0.7276548147201538
0.7181556224822998
0.8046120405197144
0.6595279574394226
0.7037205696105957
0.6881198883056641
no squeeze
17.701026916503906
3.7972018718719482
2.699188232421875
1.3462374210357666
1.7310402393341064
2.2297444343566895
2.7020959854125977
1.4830162525177002
2.6386630535125732
1.6801446676254272
1.274068832397461
1.3783717155456543
1.1270338296890259
0.9380152225494385
2.040989875793457
1.230690836906433
1.9311894178390503
1.1626867055892944
1.2332736253738403
2.2340662479400635
1.8036538362503052
1.1708768606185913
1.3050960302352905
2.865283489227295
