no squeeze
4.3951287269592285
1.0894876718521118
0.4238065183162689
0.2224850058555603
0.11945292353630066
0.09637216478586197
0.09340350329875946
0.06823191791772842
0.044690344482660294
0.06527458876371384
0.06338673084974289
0.06859204918146133
0.027920233085751534
0.05586693435907364
0.06289564818143845
0.03399849683046341
0.03278205916285515
0.029903458431363106
0.047454312443733215
0.039869651198387146
0.0254627987742424
0.029116349294781685
0.032201677560806274
0.03541596978902817
0.055131398141384125
0.033375319093465805
0.04291234537959099
0.008669943548738956
0.027867499738931656
0.0251479372382164
0.016253793612122536
0.01610737107694149
0.039414577186107635
0.030648844316601753
0.03903230279684067
0.01335811335593462
0.017243988811969757
0.009063251316547394
no squeeze
2.733224630355835
1.1174602508544922
0.6173279881477356
0.36453506350517273
0.301829069852829
0.29681992530822754
0.29871055483818054
0.27869901061058044
0.24006308615207672
0.24811863899230957
0.2827601134777069
0.229066401720047
0.20302417874336243
0.2130875587463379
0.2061745524406433
0.22685742378234863
0.2709299325942993
0.2430374026298523
0.26665985584259033
0.23437196016311646
0.19778850674629211
0.20717930793762207
0.22062955796718597
0.22940313816070557
0.20027640461921692
0.16950757801532745
0.16353030502796173
0.18330857157707214
0.15961404144763947
0.1701171100139618
0.20200054347515106
0.20207016170024872
0.16942906379699707
0.23146094381809235
0.17601017653942108
0.2252911627292633
0.16785123944282532
0.17651788890361786
0.18802663683891296
no squeeze
3.836841106414795
1.5283464193344116
0.9261233806610107
0.604500949382782
0.5863848924636841
0.4059920012950897
0.4295511245727539
0.2926981747150421
0.23034106194972992
0.36181074380874634
0.29400089383125305
0.19332468509674072
0.23345397412776947
0.2463320940732956
0.25329509377479553
0.26832109689712524
0.20636716485023499
0.18731218576431274
0.19962622225284576
0.20338991284370422
0.15103331208229065
0.13497263193130493
0.20851756632328033
0.2882104516029358
0.23331081867218018
0.18595750629901886
0.20946282148361206
0.09999718517065048
0.18000763654708862
0.34894055128097534
0.2459806203842163
0.20241475105285645
0.10788615047931671
0.15097670257091522
0.25355175137519836
0.1710209995508194
0.10557344555854797
0.17855656147003174
no squeeze
4.855078220367432
1.7848678827285767
1.3255735635757446
1.0287951231002808
0.8673243522644043
0.7158121466636658
0.6202672123908997
0.5422229170799255
0.5082880258560181
0.4655458629131317
0.4504937529563904
0.4091617166996002
0.40697723627090454
0.4036777913570404
0.3526923656463623
0.3447686731815338
0.34632647037506104
0.3017785847187042
0.3032589554786682
0.3143812119960785
0.2773781418800354
0.31896069645881653
0.26131877303123474
0.2599163353443146
0.2415277063846588
0.2461220920085907
0.24333935976028442
0.23576299846172333
0.22181947529315948
0.21693412959575653
0.24670465290546417
0.22076360881328583
0.2538195848464966
0.22574706375598907
0.23288796842098236
0.21874883770942688
0.2055961936712265
0.21633633971214294
0.21443457901477814
0.2037011981010437
0.22131694853305817
0.2081567794084549
0.19242843985557556
0.18682919442653656
0.16424942016601562
0.16312505304813385
0.1791059970855713
0.19370794296264648
0.18711240589618683
0.18030522763729095
0.1735365092754364
0.1871524602174759
0.16946876049041748
0.16998741030693054
0.18150624632835388
0.16632457077503204
no squeeze
3.506470203399658
1.3515794277191162
0.8641490340232849
0.6548784375190735
0.5176242589950562
0.4255944788455963
0.4090607166290283
0.3335573077201843
0.3211994469165802
0.3079885244369507
0.2670039236545563
0.24152971804141998
0.2618962526321411
0.26301777362823486
0.2400493621826172
0.2426217496395111
0.22530412673950195
0.2087366133928299
0.20665116608142853
0.2047790139913559
0.18723636865615845
0.2032511830329895
0.23391178250312805
0.179839089512825
0.16677938401699066
0.17088167369365692
0.17679591476917267
0.1577003449201584
0.16543897986412048
0.15244317054748535
0.13448995351791382
0.14257830381393433
0.16746744513511658
0.13816389441490173
0.1578323245048523
0.1548854112625122
0.1352994292974472
0.13264299929141998
0.1373932808637619
0.13199356198310852
0.136419877409935
0.134565532207489
0.12350903451442719
0.14523905515670776
0.13137316703796387
0.12553030252456665
0.11976412683725357
0.12115992605686188
0.1152029037475586
0.11206500232219696
0.11756506562232971
0.11976785957813263
0.12093435972929001
0.10981258749961853
0.11473044753074646
0.1270548701286316
0.12581676244735718
0.11266658455133438
0.133455291390419
0.11836005002260208
0.10657764971256256
0.11931256949901581
0.11517412215471268
0.11894338577985764
0.09618503600358963
0.09940659254789352
0.11487940698862076
0.10254523158073425
0.09438572824001312
0.10500539839267731
0.10344981402158737
0.09557541459798813
0.11034013330936432
0.08510725945234299
0.09870576858520508
0.11316067725419998
0.0998833104968071
0.1004423201084137
0.09623678773641586
0.09008254110813141
0.09978511929512024
0.08605385571718216
0.08947876840829849
0.09144201129674911
no squeeze
3.0617096424102783
0.7372641563415527
0.38561543822288513
0.3541521430015564
0.3407570719718933
0.3752361536026001
0.4383698105812073
0.31442704796791077
0.35283106565475464
0.49588388204574585
0.3615058660507202
0.30278345942497253
0.33582842350006104
0.28157559037208557
0.22186283767223358
0.43374356627464294
0.18735654652118683
0.2578221261501312
0.3444715440273285
0.31355851888656616
0.3206745386123657
0.3053380846977234
0.21695676445960999
0.2622620165348053
0.28945642709732056
0.14878644049167633
0.2715751528739929
0.3408111035823822
0.17969465255737305
0.36237213015556335
0.19114041328430176
0.3215167820453644
0.22815969586372375
0.16057325899600983
0.20542854070663452
0.27366888523101807
