no squeeze
522.0972900390625
255.1236114501953
197.27879333496094
69.35043334960938
58.26304244995117
39.14049530029297
36.136451721191406
27.10457420349121
25.23369026184082
19.211286544799805
17.914844512939453
13.741950035095215
12.848921775817871
9.935218811035156
9.305744171142578
7.261835098266602
6.8188934326171875
5.369266986846924
5.054137229919434
4.024194717407227
3.800252914428711
3.0635886192321777
2.9035909175872803
2.366913318634033
2.249828577041626
1.855842113494873
1.7682127952575684
1.4747865200042725
1.4075813293457031
1.18544602394104
1.1355394124984741
0.9630535244941711
0.9245704412460327
0.7936670780181885
0.7638431787490845
0.6630426645278931
0.6395620703697205
0.562509298324585
0.5442385077476501
0.4822505712509155
0.4679638147354126
0.421146035194397
0.4104616641998291
0.37133973836898804
0.3626539409160614
0.3329136371612549
0.3259068727493286
0.30296429991722107
0.29700130224227905
0.27591267228126526
0.2723792791366577
0.25649207830429077
0.2528354227542877
0.23940445482730865
0.23662996292114258
0.22494959831237793
0.2222352772951126
0.2138408124446869
0.21086150407791138
0.20224903523921967
0.20046594738960266
0.19448475539684296
0.19224882125854492
0.18481333553791046
0.1835315227508545
0.1773841679096222
0.17697294056415558
0.16979582607746124
0.16859273612499237
0.16329072415828705
0.16286878287792206
0.1582041084766388
0.15743707120418549
0.15197299420833588
0.15123838186264038
0.147708922624588
0.14668609201908112
0.14255774021148682
0.14226780831813812
0.13797062635421753
0.13714443147182465
0.13403601944446564
0.1333039104938507
0.1306265890598297
0.12982890009880066
0.12691126763820648
0.12653297185897827
0.12401412427425385
0.12309449911117554
0.12055002152919769
0.12021595984697342
0.11741144210100174
0.11684806644916534
0.11471058428287506
0.11446965485811234
0.1121516153216362
0.11178618669509888
0.11024061590433121
0.10966596752405167
0.10816697776317596
0.10769423097372055
0.10644508898258209
0.10579264909029007
0.10473188012838364
0.10408110171556473
0.10267845541238785
0.10230567306280136
0.1010412722826004
0.10079377144575119
0.09989430755376816
0.09968926757574081
0.09848462790250778
0.0982973575592041
0.09754098206758499
0.09735456109046936
0.09693752229213715
0.09650096297264099
0.095682293176651
0.09558464586734772
0.09499326348304749
0.09493764489889145
0.09434619545936584
0.09419545531272888
0.09349526464939117
0.09339772164821625
0.09304379671812057
0.09311619400978088
0.09261294454336166
0.09251727163791656
0.09210237115621567
0.0920732319355011
0.09175026416778564
0.09157148003578186
0.09140918403863907
0.09160386770963669
0.09121040999889374
0.09100109338760376
0.09086864441633224
0.09091749787330627
0.09063401818275452
0.09103972464799881
0.0904437005519867
0.09041739255189896
0.09033622592687607
0.0902952253818512
0.09031699597835541
0.0904029831290245
0.09021002799272537
0.0901779904961586
0.08991231769323349
0.08992332220077515
0.08990495651960373
0.08986935019493103
0.08971879631280899
0.08982232213020325
0.08977439254522324
no squeeze
528.3856811523438
270.9021911621094
214.7046661376953
86.24853515625
73.77135467529297
52.0898323059082
49.18485641479492
41.8155517578125
40.511192321777344
36.61813735961914
35.82745361328125
33.310279846191406
32.78861999511719
31.092065811157227
30.724454879760742
29.537242889404297
29.279348373413086
28.45877456665039
28.280733108520508
27.69710350036621
27.575014114379883
27.184417724609375
27.09794807434082
26.829303741455078
26.776395797729492
26.589021682739258
26.550090789794922
26.42359161376953
26.399126052856445
26.30451774597168
26.28729248046875
26.224164962768555
26.209930419921875
26.16547203063965
26.154434204101562
26.12198257446289
26.11237335205078
26.093416213989258
26.07793617248535
26.058801651000977
26.057987213134766
26.045570373535156
26.038055419921875
26.029983520507812
26.023405075073242
26.015594482421875
25.997217178344727
26.001646041870117
25.993000030517578
25.98509407043457
25.97603988647461
25.982027053833008
25.98387336730957
25.963420867919922
25.975881576538086
25.980571746826172
no squeeze
532.0121459960938
391.098388671875
347.8540344238281
179.94786071777344
146.02980041503906
74.99419403076172
66.60064697265625
46.452449798583984
43.172813415527344
34.04084777832031
32.389373779296875
27.49767303466797
26.53036117553711
23.473108291625977
22.80743408203125
20.574222564697266
20.059932708740234
18.247447967529297
17.814128875732422
16.2401065826416
15.854949951171875
14.437188148498535
14.086882591247559
12.795663833618164
12.475590705871582
11.294541358947754
11.001073837280273
9.924614906311035
9.65746784210205
8.678722381591797
8.439529418945312
7.567407608032227
7.352245807647705
6.5677618980407715
6.377976894378662
5.683197021484375
5.514370441436768
4.900990009307861
4.753437519073486
4.219141483306885
4.08942174911499
3.625448226928711
3.51365327835083
3.1104609966278076
3.015259265899658
2.675280809402466
2.592097759246826
2.299539566040039
2.231083869934082
1.9830986261367798
1.92645263671875
1.7241923809051514
1.674368143081665
1.5018261671066284
1.460089921951294
1.3114428520202637
1.2785009145736694
1.1575983762741089
1.1287535429000854
1.0253584384918213
1.0002613067626953
0.9158120155334473
0.8932045102119446
0.8141101002693176
0.7972270846366882
0.7358913421630859
0.7192319631576538
0.6627815365791321
0.6489476561546326
0.5972405672073364
0.5871448516845703
0.546610414981842
0.5366190671920776
0.5003164410591125
0.4912053346633911
0.45883411169052124
0.4502420723438263
0.42006415128707886
0.4136883020401001
0.3873092532157898
0.381198525428772
0.35797348618507385
0.3528642952442169
0.3343428671360016
0.32872089743614197
0.30901607871055603
0.3048466145992279
0.2877996861934662
0.28403449058532715
0.26922017335891724
0.26578086614608765
0.2530415654182434
0.249775230884552
0.2380291074514389
0.2351294606924057
0.2241228222846985
0.2215891182422638
0.21202540397644043
0.209367573261261
0.20054031908512115
0.19842299818992615
0.19065557420253754
0.18838952481746674
0.18108846247196198
0.17909124493598938
0.17233380675315857
0.17063100636005402
0.16539759933948517
0.16347964107990265
0.15809226036071777
0.1568414717912674
0.15230530500411987
0.1507408618927002
0.1456923633813858
0.1446620374917984
0.14080166816711426
0.14003886282444
0.13661813735961914
0.13541944324970245
0.13179242610931396
0.13112664222717285
0.1282469630241394
0.12751108407974243
0.12472560256719589
0.12405110895633698
0.12190011143684387
0.12093766033649445
0.11841889470815659
0.117765411734581
0.1155783012509346
0.11519908905029297
0.11338026821613312
0.11274100840091705
0.11083236336708069
0.11051128059625626
0.10881689935922623
0.10839632153511047
0.10732793062925339
0.10669369250535965
0.10509887337684631
0.10482268780469894
0.103728286921978
0.10364799946546555
0.10259142518043518
0.102144256234169
0.10072796046733856
0.10062053799629211
0.09971931576728821
0.0995139554142952
0.0988624319434166
0.09846442192792892
0.09729490429162979
0.09721323102712631
0.09684832394123077
0.09638779610395432
0.09559173882007599
0.0954572781920433
0.09473913908004761
0.09459803998470306
0.0942109152674675
0.09385045617818832
0.09335041046142578
0.09332280606031418
0.0927540510892868
0.0926746129989624
0.09207712113857269
0.0920582190155983
0.09153620898723602
0.09137221425771713
0.09094452857971191
0.09090057760477066
0.09056460112333298
0.09042346477508545
0.09015946090221405
0.08999595791101456
0.08938675373792648
0.08950813859701157
0.08905897289514542
0.08911275118589401
0.08882539719343185
0.08882813900709152
0.0885588750243187
0.08839365839958191
0.08805869519710541
0.08786223083734512
0.0876983031630516
0.08757798373699188
0.08738880604505539
0.08752533048391342
0.08730108290910721
0.0871119573712349
0.08685792237520218
0.0869353786110878
0.0869448110461235
no squeeze
536.0625
440.3966064453125
405.90203857421875
249.49830627441406
212.6102294921875
125.66988372802734
115.04685974121094
90.0168685913086
85.83164978027344
73.95210266113281
71.64213562011719
64.52473449707031
63.00429153442383
58.10744857788086
57.046260833740234
53.472015380859375
52.659629821777344
49.93179702758789
49.29240036010742
47.1398811340332
46.63956832885742
44.90614700317383
44.51664733886719
43.07966232299805
42.7495002746582
41.577205657958984
41.31869125366211
40.32102584838867
40.08306884765625
39.25923156738281
39.048744201660156
38.33509063720703
38.15481948852539
37.52922439575195
37.36991882324219
36.80278778076172
36.66433334350586
36.14939880371094
36.024559020996094
35.565948486328125
35.459266662597656
35.08403015136719
34.89794158935547
34.514793395996094
34.3719596862793
33.98106384277344
33.86984634399414
33.478633880615234
33.39676284790039
33.01925277709961
32.912574768066406
32.53660202026367
32.434391021728516
32.06853485107422
31.96590232849121
31.60797691345215
31.51287841796875
31.151012420654297
31.045103073120117
30.68964385986328
30.619464874267578
30.251996994018555
30.141691207885742
29.79947853088379
29.687984466552734
29.4011173248291
29.244586944580078
28.90009307861328
28.80340576171875
28.489736557006836
28.376047134399414
28.04041290283203
27.945308685302734
27.612491607666016
27.5363826751709
27.208093643188477
27.126440048217773
26.819734573364258
26.728914260864258
26.42198944091797
26.34445571899414
26.06639862060547
25.98612403869629
25.707538604736328
25.635051727294922
25.378026962280273
25.30869483947754
25.05158042907715
24.983354568481445
24.764427185058594
24.681062698364258
24.469900131225586
24.406469345092773
24.187240600585938
24.12629508972168
23.927202224731445
23.874399185180664
23.692419052124023
23.639856338500977
23.453136444091797
23.40199089050293
23.23889923095703
23.18770980834961
23.0352840423584
22.975383758544922
22.816102981567383
22.77117347717285
22.61875343322754
22.57142448425293
22.436372756958008
22.391464233398438
22.236736297607422
22.19954490661621
22.053634643554688
22.010332107543945
21.885963439941406
21.840234756469727
21.718523025512695
21.66902732849121
21.548072814941406
21.50560188293457
21.36173439025879
21.327369689941406
21.19969940185547
21.16997528076172
21.046287536621094
21.011798858642578
20.884347915649414
20.8444766998291
20.7169132232666
20.68273162841797
20.571056365966797
20.525880813598633
20.404926300048828
20.370298385620117
20.2551212310791
20.22390365600586
20.114023208618164
20.073013305664062
19.970129013061523
19.933738708496094
19.82262420654297
19.79237174987793
19.68719482421875
19.65443229675293
19.550382614135742
19.525102615356445
19.44399642944336
19.407642364501953
19.30061912536621
19.28484535217285
19.194894790649414
19.160293579101562
19.078306198120117
19.050819396972656
18.96844482421875
18.939611434936523
18.86148452758789
18.837278366088867
18.7684268951416
18.75694465637207
18.682697296142578
18.6500186920166
18.586589813232422
18.5577449798584
18.50029754638672
18.478363037109375
18.425174713134766
18.394012451171875
18.350149154663086
18.317283630371094
18.269025802612305
18.24956703186035
18.202856063842773
18.188478469848633
18.151594161987305
18.12863540649414
18.07154655456543
18.059402465820312
18.011028289794922
17.996389389038086
17.960792541503906
17.950517654418945
17.899633407592773
17.893224716186523
17.861509323120117
17.837112426757812
17.802148818969727
17.787078857421875
17.757625579833984
17.753740310668945
17.711524963378906
17.695341110229492
17.66098976135254
17.64750099182129
17.624244689941406
17.60856819152832
17.588233947753906
17.578413009643555
17.546228408813477
no squeeze
535.0966186523438
394.9064636230469
357.26837158203125
217.0885467529297
186.60569763183594
106.47380828857422
94.80570220947266
68.44709777832031
64.44452667236328
53.97651672363281
52.06501007080078
46.4514045715332
45.30839920043945
41.7448616027832
41.00059127807617
38.566768646240234
38.02858352661133
36.2449951171875
35.84028625488281
34.47080993652344
34.15110397338867
33.05813217163086
32.797386169433594
31.882009506225586
31.66442108154297
30.88155746459961
30.68837547302246
30.015596389770508
29.853458404541016
29.253049850463867
29.107891082763672
28.575927734375
28.44565200805664
27.971981048583984
27.848173141479492
27.421466827392578
27.316438674926758
26.933364868164062
26.836225509643555
26.487089157104492
26.398685455322266
26.090240478515625
26.009693145751953
25.721736907958984
25.650835037231445
25.391443252563477
25.326005935668945
25.092334747314453
25.033166885375977
24.82903480529785
24.770465850830078
24.575889587402344
24.529949188232422
24.35357666015625
24.313331604003906
24.159141540527344
24.121517181396484
23.97010040283203
23.926815032958984
23.801586151123047
23.75592041015625
23.636098861694336
23.60853385925293
23.492210388183594
23.46798324584961
23.360597610473633
23.341590881347656
23.241331100463867
23.2181453704834
23.13636016845703
23.105680465698242
23.030073165893555
23.008840560913086
22.927471160888672
22.910552978515625
22.846004486083984
22.826698303222656
22.768203735351562
22.74936866760254
22.69668197631836
22.68272590637207
22.632280349731445
22.61408233642578
22.554092407226562
22.5390625
22.51941680908203
22.497333526611328
22.454021453857422
22.43911361694336
22.406291961669922
22.393165588378906
22.36320686340332
22.347681045532227
22.309988021850586
22.30750846862793
22.28730583190918
22.270050048828125
22.246679306030273
22.23158073425293
22.21002197265625
22.200258255004883
22.1789493560791
22.17219352722168
22.144371032714844
22.133028030395508
22.12114906311035
22.116939544677734
22.095428466796875
22.08747100830078
22.07514190673828
22.065155029296875
22.045879364013672
22.037168502807617
22.03582763671875
22.027374267578125
22.00983238220215
22.008468627929688
21.992202758789062
21.993484497070312
21.966882705688477
21.97300910949707
21.965261459350586
21.956510543823242
21.954713821411133
21.93568229675293
21.912296295166016
21.90959930419922
21.92405128479004
21.91375732421875
21.89923667907715
21.901092529296875
21.891740798950195
21.892000198364258
21.869897842407227
21.86863899230957
21.86119842529297
21.856046676635742
21.857906341552734
21.842723846435547
21.83717918395996
21.83723258972168
21.83473777770996
21.83188819885254
21.83537483215332
21.821048736572266
21.817304611206055
21.818510055541992
21.798503875732422
21.79421043395996
21.8001766204834
21.781139373779297
21.785703659057617
21.7847843170166
21.779617309570312
21.79094886779785
21.76945686340332
21.783498764038086
21.752099990844727
21.776897430419922
21.76848602294922
no squeeze
521.2300415039062
200.15798950195312
149.04502868652344
72.283935546875
66.68132019042969
55.40412521362305
53.92529296875
50.43671798706055
49.92120361328125
48.6634407043457
48.48705291748047
48.023040771484375
47.9443244934082
47.783477783203125
47.77408981323242
47.665470123291016
47.644989013671875
47.595359802246094
47.58921813964844
47.592464447021484
47.57222366333008
47.53066635131836
47.52680206298828
47.51319885253906
47.5140380859375
47.529048919677734
