no squeeze
87.02870178222656
32.869537353515625
24.538835525512695
12.584318161010742
11.664998054504395
9.696144104003906
9.375838279724121
8.437488555908203
8.244847297668457
7.632397174835205
7.501792907714844
7.066401481628418
6.974104404449463
6.6454758644104
6.575232028961182
6.349181175231934
6.296926021575928
6.130780220031738
6.095664024353027
5.984500408172607
5.963741779327393
5.8883376121521
5.8739495277404785
5.823731899261475
5.806890964508057
5.770054817199707
5.7633867263793945
5.7366557121276855
5.728728771209717
5.719343185424805
5.7101545333862305
5.695864200592041
5.694740295410156
5.681771278381348
5.6825852394104
5.6713151931762695
5.6698737144470215
5.670138835906982
5.660028457641602
5.658775329589844
5.664906978607178
5.659605979919434
no squeeze
87.07266235351562
19.636058807373047
13.849315643310547
7.046322345733643
6.251494884490967
4.362480163574219
4.061336040496826
3.2634615898132324
3.1303458213806152
2.7610857486724854
2.6975667476654053
2.5203499794006348
2.4866573810577393
2.3994765281677246
2.384181499481201
2.3371353149414062
2.3291664123535156
2.3040826320648193
2.2988533973693848
2.2841062545776367
2.2824528217315674
2.2714645862579346
2.274325370788574
2.2648212909698486
2.2630667686462402
2.260615348815918
2.2595255374908447
2.255099296569824
2.254802703857422
2.2555935382843018
2.2536604404449463
2.2549679279327393
2.252854585647583
2.248845100402832
2.249681234359741
2.2465386390686035
2.2490289211273193
2.2452690601348877
2.2458291053771973
2.2501378059387207
no squeeze
86.83110809326172
46.58699417114258
37.06724548339844
14.111490249633789
11.902355194091797
7.644528865814209
6.9869608879089355
5.109694480895996
4.750486373901367
3.6520156860351562
3.4288253784179688
2.730412483215332
2.582674503326416
2.110239267349243
2.0091633796691895
1.6853324174880981
1.6148933172225952
1.3820304870605469
1.3308590650558472
1.1609081029891968
1.1237322092056274
0.9982495903968811
0.9710808992385864
0.8794072866439819
0.8582781553268433
0.787553608417511
0.7723454236984253
0.7189642786979675
0.7075001001358032
0.6674002408981323
0.6585882306098938
0.6279337406158447
0.6210240721702576
0.5977025628089905
0.591986358165741
0.5743058919906616
0.5691432952880859
0.5547722578048706
0.5516355633735657
0.5399969220161438
0.5369381308555603
0.5275084972381592
0.5257492065429688
0.5181729793548584
0.5159699320793152
0.5095876455307007
0.50753253698349
0.5021683573722839
0.5012610554695129
0.49635186791419983
0.4959672689437866
0.49116650223731995
0.4903276264667511
0.48693883419036865
0.4859916865825653
0.48333612084388733
0.48231133818626404
0.4805538058280945
0.4797556400299072
0.4769832193851471
0.47652822732925415
0.4739513099193573
0.47424688935279846
0.47226521372795105
0.47139763832092285
0.4708060324192047
0.4705428183078766
0.46870526671409607
0.46783939003944397
0.4668184816837311
0.4662605822086334
0.46534544229507446
0.4649777114391327
0.4642089307308197
0.46399882435798645
0.46316051483154297
0.4625927209854126
0.46151837706565857
0.46104177832603455
0.4612307846546173
0.4598829448223114
0.4594433307647705
0.4593838155269623
0.45882341265678406
0.4597862660884857
0.4574933648109436
0.45826879143714905
0.4572124779224396
0.45666205883026123
0.45624181628227234
0.4567432999610901
0.4554256498813629
0.4559447169303894
0.4556798040866852
no squeeze
88.85904693603516
65.45162963867188
58.00062942504883
31.67394256591797
27.738372802734375
20.529542922973633
19.459257125854492
16.570964813232422
16.03338623046875
14.377341270446777
14.029290199279785
12.922234535217285
12.677966117858887
11.886566162109375
11.70711612701416
11.111734390258789
10.971402168273926
10.50577163696289
10.392877578735352
10.013702392578125
9.925192832946777
9.619070053100586
9.539584159851074
9.27621841430664
9.20824146270752
8.985665321350098
8.927082061767578
8.726003646850586
8.675037384033203
8.496041297912598
8.453878402709961
8.29057788848877
8.246194839477539
8.10190200805664
8.068869590759277
7.9232096672058105
7.89449405670166
7.763010025024414
7.727036476135254
7.603551864624023
7.581705570220947
7.456597805023193
7.426507472991943
7.318913459777832
7.288150310516357
7.181581974029541
7.145596027374268
7.042708873748779
7.015819072723389
6.918668746948242
6.889925003051758
6.787726879119873
6.767609119415283
6.663233280181885
6.642728328704834
6.546837329864502
6.521157741546631
6.4308576583862305
6.403497219085693
6.317348003387451
6.293859481811523
6.212714672088623
6.188671112060547
6.111248016357422
6.0906829833984375
6.023671627044678
5.998130798339844
5.933690547943115
5.913492679595947
5.846498012542725
5.828797817230225
5.777121543884277
5.762848854064941
5.705990314483643
5.698000431060791
5.647668838500977
5.635178565979004
5.5838847160339355
5.571774005889893
5.538298606872559
5.527714729309082
5.491304874420166
5.481246471405029
5.451812744140625
5.443502902984619
5.411455154418945
5.402764797210693
5.366943836212158
5.35902738571167
5.336921215057373
5.326435089111328
5.303537845611572
5.298274993896484
5.268041610717773
5.261783123016357
5.2423176765441895
5.231054782867432
5.2042765617370605
5.197105407714844
5.179577827453613
5.167853832244873
5.151459693908691
5.14018440246582
5.110644817352295
5.105677127838135
5.093138217926025
5.077901840209961
5.049499988555908
5.052041530609131
5.0165886878967285
5.008651256561279
4.988938808441162
4.986220836639404
4.96282958984375
4.955772876739502
4.9365339279174805
4.9335198402404785
4.9155120849609375
4.903670310974121
4.883661270141602
4.8800129890441895
4.861774921417236
4.855899810791016
4.8420586585998535
4.830870151519775
4.8169474601745605
4.807825565338135
4.7925825119018555
4.78806209564209
4.775167942047119
4.772500038146973
4.757013320922852
4.754269123077393
4.746071815490723
4.736567974090576
4.7312703132629395
4.721035480499268
4.707978248596191
4.714146614074707
4.697404384613037
4.696784019470215
4.687587738037109
4.679470062255859
4.68357515335083
4.679717063903809
4.672787189483643
4.66632080078125
4.658297538757324
4.658597469329834
4.649560451507568
4.6490278244018555
4.640952110290527
4.6279802322387695
4.631613254547119
4.633975982666016
4.632318496704102
no squeeze
86.99276733398438
44.329505920410156
36.70989227294922
20.069438934326172
18.03106117248535
13.42277717590332
12.705158233642578
10.807929039001465
10.459976196289062
9.419689178466797
9.206878662109375
8.543676376342773
8.39706039428711
7.933650970458984
7.824881553649902
7.474549770355225
7.3971686363220215
7.13177490234375
7.074409008026123
6.869076251983643
6.816404819488525
6.6551055908203125
6.612430572509766
6.471609115600586
6.442373275756836
6.327193737030029
6.303075790405273
6.203426361083984
6.177785396575928
6.0990495681762695
6.07785701751709
6.003443241119385
5.992431163787842
5.925690650939941
5.911990642547607
5.8546857833862305
5.83806037902832
5.79104471206665
5.776608943939209
5.731011390686035
5.723268985748291
5.682552337646484
5.665602207183838
5.638513565063477
5.624270439147949
5.594462871551514
5.585555076599121
5.5655198097229
5.551602840423584
5.5235161781311035
5.519308090209961
5.489280700683594
5.48561954498291
5.4708428382873535
5.4667229652404785
5.447093486785889
5.4355082511901855
5.4191484451293945
5.413262844085693
5.396892070770264
5.395668029785156
5.377472400665283
5.3750691413879395
5.364346027374268
5.3628034591674805
5.348870754241943
5.343140602111816
5.3364458084106445
5.331108570098877
5.324762344360352
5.319553375244141
5.321098327636719
5.306968688964844
5.2961859703063965
5.291985988616943
5.2931084632873535
5.290213584899902
5.286870956420898
5.278853893280029
5.282751560211182
5.273255825042725
5.2658491134643555
5.270962715148926
5.263795852661133
5.2482991218566895
5.256186485290527
5.250207901000977
5.24015998840332
5.236006736755371
5.234971046447754
5.237232208251953
5.228852272033691
5.2326154708862305
5.2375922203063965
no squeeze
85.69666290283203
20.8633975982666
18.261615753173828
13.939230918884277
13.589666366577148
13.03576374053955
12.985450744628906
12.902426719665527
12.889899253845215
12.877522468566895
12.881050109863281
12.873815536499023
12.872237205505371
12.87696361541748
12.8725004196167
12.872293472290039
