no squeeze
1.7982486486434937
0.47778186202049255
0.2562824785709381
0.2120174765586853
0.18154242634773254
0.15213543176651
0.12206472456455231
0.11604470014572144
0.12156736850738525
0.09777513146400452
0.08974572271108627
0.08635571599006653
0.07460786402225494
0.10121145844459534
0.06981700658798218
0.0671553909778595
0.06386890262365341
0.06176513060927391
0.06696289032697678
0.04417113587260246
0.042766768485307693
0.05084146931767464
0.0791810005903244
0.0545073039829731
0.039580684155225754
0.03848152980208397
0.04657558351755142
0.03680822625756264
0.031749624758958817
0.031044851988554
0.025468388572335243
0.02938108891248703
0.025897063314914703
0.0317373163998127
0.023134052753448486
0.035803377628326416
0.03122442401945591
0.024978380650281906
0.02282891981303692
0.031959809362888336
0.02275502309203148
0.02148059383034706
0.01778547838330269
0.022814873605966568
0.025076480582356453
0.017936233431100845
0.01634828746318817
0.024259936064481735
0.017757529392838478
0.012354995124042034
0.01425782311707735
0.014994079247117043
0.016568053513765335
0.014236400835216045
0.009689911268651485
0.01629183255136013
0.010290967300534248
0.023337338119745255
0.027869785204529762
0.01756906881928444
0.013968000188469887
0.015878241509199142
0.011029552668333054
0.010036716237664223
0.009729458019137383
no squeeze
1.6672061681747437
0.34446895122528076
0.21026214957237244
0.1797105371952057
0.1471910923719406
0.13951943814754486
0.12969057261943817
0.12073507905006409
0.09905993193387985
0.11785764992237091
0.1495557427406311
0.10335572063922882
0.10701874643564224
0.1052042692899704
0.09426037967205048
0.0989113375544548
0.11876598000526428
0.09995971620082855
0.09151051938533783
0.09100010991096497
0.09314899146556854
0.07761843502521515
0.08269616216421127
0.07663195580244064
0.08262161165475845
0.09756680577993393
0.08861774951219559
0.07510364055633545
0.08052408695220947
0.06722316145896912
0.08277887105941772
0.06800967454910278
0.07629769295454025
0.07207734137773514
0.06759326159954071
0.07559402287006378
0.07156939059495926
0.0636204406619072
0.06435763090848923
0.05881519988179207
0.06899765133857727
0.07259417325258255
0.06663639098405838
0.055653151124715805
0.06472964584827423
0.06226174905896187
0.05800815671682358
0.061839085072278976
0.05936058610677719
0.061018045991659164
0.05948362126946449
0.06090835481882095
0.06261677294969559
0.0607464574277401
no squeeze
2.0135910511016846
0.805988073348999
0.4826095998287201
0.3406989574432373
0.2827358841896057
0.23075076937675476
0.19597016274929047
0.19671300053596497
0.2572341859340668
0.20650336146354675
0.26540401577949524
0.27979210019111633
0.16876709461212158
0.14105427265167236
0.15072882175445557
0.1817808449268341
0.14616701006889343
0.13578130304813385
0.12265906482934952
0.12931405007839203
0.15972185134887695
0.14243783056735992
0.16461648046970367
0.10727841407060623
0.16775351762771606
0.12052502483129501
0.11997327953577042
0.11510623246431351
0.12224628031253815
0.09717161953449249
0.08660714328289032
0.09986055642366409
0.0940297394990921
0.08271655440330505
0.08345256000757217
0.12019240111112595
0.11607600003480911
0.11617361009120941
0.10787320882081985
0.11063719540834427
0.10629262775182724
0.10077430307865143
0.09668517112731934
0.08340147882699966
no squeeze
2.1830615997314453
0.842680811882019
0.624397873878479
0.5034395456314087
0.4321364462375641
0.38839298486709595
0.33838674426078796
0.30361565947532654
0.2746908962726593
0.26839640736579895
0.24500952661037445
0.21653175354003906
0.21368299424648285
0.19903695583343506
0.18452700972557068
0.1947154551744461
0.17172710597515106
0.16279782354831696
0.1628667116165161
0.15474830567836761
0.1528293788433075
0.14489273726940155
0.1434834599494934
0.13985887169837952
0.14412821829319
0.12219290435314178
0.1290329247713089
0.13733206689357758
0.12846872210502625
0.11982857435941696
0.11295275390148163
0.12048519402742386
0.11150094121694565
0.10730180144309998
0.11376044899225235
0.11938022077083588
0.10590413212776184
0.11075219511985779
0.10874370485544205
0.09825336188077927
0.09828228503465652
0.10278581082820892
0.09987843036651611
0.10095228254795074
0.09759726375341415
0.1029445230960846
0.09326188266277313
0.1042942926287651
0.09673146158456802
0.09728793799877167
0.09809983521699905
0.09029719978570938
0.08729422092437744
0.09193704277276993
0.09218207001686096
0.0939161404967308
0.08461194485425949
0.08992825448513031
0.09210588783025742
0.09201347082853317
0.09023536741733551
0.09071613103151321
0.08143999427556992
0.08367615938186646
0.08163336664438248
0.07763858884572983
0.08303999900817871
0.08316715061664581
0.08273747563362122
0.08118323236703873
0.0823732316493988
0.0741264820098877
0.07815998047590256
0.07558043301105499
0.07844039052724838
0.07826145738363266
0.07734568417072296
0.07747985422611237
0.07185989618301392
0.0746426060795784
0.0750880017876625
0.06868984550237656
0.06496580690145493
0.07326629012823105
0.06572650372982025
0.07079049199819565
0.06885214895009995
0.06410752981901169
0.06740706413984299
0.06082310155034065
0.06685548275709152
0.06593696027994156
0.07220982760190964
0.06888904422521591
0.06519187241792679
0.060502924025058746
0.06518054008483887
0.06274929642677307
0.06306588649749756
0.05706620588898659
0.06346055120229721
0.059905774891376495
0.060580942779779434
0.05817457288503647
0.06048405170440674
0.06734573841094971
0.06265214830636978
0.06063973903656006
0.05863809585571289
0.06060091406106949
no squeeze
1.434733510017395
0.4616551697254181
0.28795552253723145
0.22191907465457916
0.20815995335578918
0.1641174554824829
0.14946265518665314
0.1318100094795227
0.13827826082706451
0.13130804896354675
0.11570073664188385
0.11201456189155579
0.12089695781469345
0.10484525561332703
0.10279376804828644
0.09406168758869171
0.08538453280925751
0.09637027233839035
0.09356018155813217
0.09452202171087265
0.08609125763177872
0.08149022608995438
0.07630492001771927
0.07499199360609055
0.07611094415187836
0.06938954442739487
0.07347533106803894
0.07446262985467911
0.07278870791196823
0.07065653055906296
0.0666894018650055
0.06523428857326508
0.06587187200784683
0.06181313842535019
0.0677790641784668
0.06236657872796059
0.05847655236721039
0.05778398737311363
0.056248653680086136
0.05779767408967018
0.06549393385648727
0.06491459161043167
0.0610458068549633
0.058641497045755386
0.05204998329281807
0.05928162857890129
0.04926435649394989
0.056071843951940536
0.05219832435250282
0.048808690160512924
0.049409326165914536
0.0570155493915081
0.05750292167067528
0.05756009742617607
0.04979369416832924
0.050634585320949554
0.04744648560881615
0.04548349976539612
0.04341595247387886
0.04826869070529938
0.05041533708572388
0.04449521377682686
0.042935945093631744
0.04683380201458931
0.03926059976220131
0.045400552451610565
0.041918251663446426
0.040573541074991226
0.04039304703474045
0.03846564516425133
0.040626853704452515
0.052877724170684814
0.03943589702248573
0.0401134192943573
0.03614763170480728
0.03829881548881531
0.03957270830869675
0.045163143426179886
0.040856003761291504
0.04337812215089798
0.03818188235163689
0.039182405918836594
0.03841070458292961
0.04209000989794731
0.045472029596567154
no squeeze
1.2113362550735474
0.30338412523269653
0.20600855350494385
0.17219483852386475
0.21124131977558136
0.16267578303813934
0.1511799693107605
0.1228850707411766
0.14617471396923065
0.22122722864151
0.1362808644771576
0.11289774626493454
0.09522601217031479
0.08600516617298126
0.08964502066373825
0.09777667373418808
0.10843688249588013
0.1554366946220398
0.1120947077870369
0.10578997433185577
0.10992201417684555
0.11653134971857071
0.08803543448448181
0.07918938249349594
0.1466611623764038
0.07366316020488739
0.08534500002861023
0.07993237674236298
0.09616663306951523
0.07695037126541138
0.07426032423973083
0.0729229748249054
0.08656354993581772
0.08540984243154526
0.09633166342973709
0.10275200009346008
0.10150958597660065
0.08519811183214188
0.11288446187973022
0.1252734512090683
0.11509622633457184
0.09003527462482452
