no squeeze
1.4137200117111206
0.3597366511821747
0.20481368899345398
0.13951650261878967
0.13584648072719574
0.11021292209625244
0.09995495527982712
0.1063850075006485
0.08715030550956726
0.08074235916137695
0.09980760514736176
0.07710957527160645
0.08037404716014862
0.06775683164596558
0.06651178002357483
0.06454507261514664
0.0504741407930851
0.05581372231245041
0.0694846361875534
0.05060422793030739
0.04327875003218651
0.038244158029556274
0.041793860495090485
0.03454181179404259
0.045886874198913574
0.03387581557035446
0.030337048694491386
0.03339290991425514
0.029521876946091652
0.02811189368367195
0.04175755754113197
0.03560919314622879
0.039840638637542725
0.03221900761127472
0.027687333524227142
0.025370890274643898
0.03050401248037815
0.0200746301561594
0.021140415221452713
0.01886659674346447
0.01906937174499035
0.022420359775424004
0.016827821731567383
0.024312535300850868
0.027248920872807503
0.028858408331871033
0.021927613765001297
0.029828645288944244
0.017294270917773247
0.02546437829732895
0.019101694226264954
0.01242958102375269
0.01383877918124199
0.014474829658865929
0.016352685168385506
0.013577820733189583
0.013195643201470375
0.01063413918018341
0.010430360212922096
0.011704529635608196
0.012133375741541386
0.01858534663915634
0.011084665544331074
0.020098846405744553
0.01691107451915741
0.00913532916456461
0.014978939667344093
0.014856044203042984
0.010137397795915604
0.008876046165823936
0.00799817219376564
0.0060989148914813995
0.011724971234798431
0.007607268635183573
0.006896098610013723
0.0061426181346178055
0.008058725856244564
0.013725521042943
0.008676971308887005
0.013628650456666946
0.017055131494998932
0.015325653366744518
no squeeze
1.564666986465454
0.44209566712379456
0.2518274486064911
0.22884660959243774
0.1958535611629486
0.1687275618314743
0.14354459941387177
0.1454465538263321
0.11969713866710663
0.12427234649658203
0.11798316240310669
0.10690904408693314
0.11368533223867416
0.10488629341125488
0.11346103250980377
0.12932150065898895
0.09204444289207458
0.11506950110197067
0.10312622785568237
0.10517610609531403
0.08146954327821732
0.10173922032117844
0.08101114630699158
0.09577477723360062
0.11247771233320236
0.08766714483499527
0.09130416810512543
0.0865689218044281
0.08720327913761139
0.08511890470981598
0.07441125065088272
0.07782037556171417
0.07762305438518524
0.07208430022001266
0.07634267956018448
0.07084117829799652
0.0706094279885292
0.09367822855710983
0.07410099357366562
0.10543465614318848
0.07910522818565369
0.07732932269573212
0.07594677060842514
0.06324036419391632
0.06522970646619797
0.06826270371675491
0.0763351172208786
0.06478115916252136
0.07387296855449677
0.06567423790693283
0.06329934298992157
0.07711897790431976
0.06640949845314026
0.06140986457467079
0.07388424128293991
0.07089691609144211
0.056023579090833664
0.0582374706864357
0.06505893170833588
0.05728036165237427
0.056057050824165344
0.06115955486893654
0.06525634229183197
0.06343941390514374
0.06788013130426407
0.0589582659304142
0.05924135074019432
no squeeze
1.5650960206985474
0.5756150484085083
0.41328102350234985
0.2807810604572296
0.2595200836658478
0.22434791922569275
0.23268337547779083
0.20517200231552124
0.17240792512893677
0.16496703028678894
0.20297439396381378
0.16599313914775848
0.1682172417640686
0.18311043083667755
0.1514645665884018
0.12570588290691376
0.11091888695955276
0.12207644432783127
0.1388612538576126
0.1712169349193573
0.10862664133310318
0.14992265403270721
0.10796570777893066
0.15472276508808136
0.11196250468492508
0.1050744503736496
0.08969345688819885
0.0893087163567543
0.09118214249610901
0.09935443103313446
0.07211662828922272
0.10581065714359283
0.10410986095666885
0.1047414168715477
0.0925716683268547
0.15469591319561005
0.07988320291042328
0.08376418799161911
0.06507110595703125
0.07048292458057404
0.07257082313299179
0.06671631336212158
0.07060541212558746
0.09942863136529922
0.09429047256708145
0.08469697088003159
0.0892833024263382
0.06269621849060059
0.08066944032907486
0.10907614976167679
0.06430143117904663
0.04834754392504692
0.0737791508436203
0.060055576264858246
0.0764230340719223
0.057344950735569
0.06757186353206635
0.06187684088945389
0.10338250547647476
0.08335395902395248
0.06417107582092285
0.04482319578528404
0.06604879349470139
0.04801245778799057
0.04376474767923355
0.05095672234892845
0.07333346456289291
0.09428055584430695
0.09779179841279984
0.04719967395067215
0.044555533677339554
0.04923089221119881
0.03305687755346298
0.03450367972254753
0.04259297251701355
0.040478646755218506
0.04029916226863861
0.04004397615790367
0.036081768572330475
0.04178010672330856
0.06592220813035965
0.04447329789400101
0.04098445549607277
no squeeze
1.7369890213012695
0.6080615520477295
0.45054033398628235
0.3770889639854431
0.3224344551563263
0.2732437252998352
0.26084864139556885
0.23130692541599274
0.2076290100812912
0.20482119917869568
0.17692598700523376
0.16031202673912048
0.15894027054309845
0.16607433557510376
0.15270107984542847
0.1461860090494156
0.13055777549743652
0.13376416265964508
0.13124488294124603
0.13016124069690704
0.12270783632993698
0.11312106996774673
0.11574999988079071
0.1166658028960228
0.11681433022022247
0.10683557391166687
0.10903655737638474
0.10243579745292664
0.10901127755641937
0.09929395467042923
0.10781499743461609
0.10158121585845947
0.09758691489696503
0.10776723176240921
0.09959108382463455
0.08966928720474243
0.09092392027378082
0.08925138413906097
0.0938669741153717
0.09581024199724197
0.09078364819288254
0.09215288609266281
0.08575275540351868
0.0834697037935257
0.08706585317850113
0.08478639274835587
0.08112094551324844
0.08171182870864868
0.08903741091489792
0.08446599543094635
0.08542774617671967
0.0793527141213417
0.08083013445138931
0.07850237935781479
0.08264688402414322
0.08029477298259735
0.0743887796998024
0.0748850405216217
0.07615527510643005
0.07458769530057907
0.0707249790430069
0.07343345135450363
0.06819088757038116
0.06665704399347305
0.06995829939842224
0.0700506940484047
0.06939087808132172
0.07067836076021194
0.06724901497364044
0.06334284693002701
0.07784616947174072
0.06278084963560104
0.06748270988464355
0.06665819138288498
0.06513919681310654
0.06158043444156647
0.06783688813447952
0.06465618312358856
0.05766822025179863
0.06681497395038605
0.06344480067491531
0.05576232075691223
0.0564618743956089
0.059102535247802734
0.06027929484844208
0.05715503171086311
0.05795508623123169
0.056636303663253784
0.056813400238752365
0.057759013026952744
0.054737888276576996
0.05596558004617691
0.06086380407214165
0.058982718735933304
0.05779710412025452
0.05265362933278084
0.05629797279834747
0.05674019083380699
0.05783975124359131
0.05373143032193184
0.05613638460636139
0.05392107367515564
0.050622135400772095
0.05178055167198181
0.051990825682878494
0.054590675979852676
0.05139899253845215
0.05354302376508713
0.04851704090833664
0.04951195418834686
0.04824476316571236
0.050492651760578156
0.04912716895341873
0.04566799849271774
0.04743786156177521
0.045118480920791626
0.047599684447050095
0.04762338474392891
0.04794948920607567
0.04896443709731102
0.05164032801985741
0.048587482422590256
0.045364297926425934
0.04549313336610794
0.04582515358924866
0.046584486961364746
no squeeze
1.5658460855484009
0.5317935347557068
0.3366226255893707
0.2636653184890747
0.2287205010652542
0.193403422832489
0.17482629418373108
0.16218948364257812
0.13828840851783752
0.13488894701004028
0.13161000609397888
0.11926858127117157
0.11034773290157318
0.10211208462715149
0.12504415214061737
0.09702111780643463
0.09538678824901581
0.09480898082256317
0.10059110075235367
0.08703263849020004
0.08648943901062012
0.09065091609954834
0.08898759633302689
0.08261272311210632
0.08991055935621262
0.074858658015728
0.07230408489704132
0.07389703392982483
0.07500709593296051
0.06720635294914246
0.07267478108406067
0.06729059666395187
0.07181453704833984
0.06204286217689514
0.0723910927772522
0.06022707745432854
0.05992177128791809
0.0657285749912262
0.060730740427970886
0.05980219319462776
0.05831092223525047
0.05927577614784241
0.058599118143320084
0.06272538006305695
0.063565693795681
0.057005975395441055
0.05491187795996666
0.05466177687048912
0.05179315432906151
0.04811801388859749
0.047933418303728104
0.054525475949048996
0.046148575842380524
0.050415776669979095
0.04795115068554878
0.05199126526713371
0.05562444031238556
0.04871932417154312
0.05085074156522751
0.046104297041893005
0.048900056630373
0.04457440599799156
0.049069326370954514
0.05252818390727043
0.04846271499991417
0.043380267918109894
0.040608491748571396
0.04751966893672943
0.045506175607442856
0.0436069592833519
0.04268133267760277
0.03914625942707062
0.04379946365952492
0.042935747653245926
0.04179731756448746
0.03779832273721695
0.04199706390500069
0.03877079486846924
0.041360389441251755
0.03636911138892174
0.03676114231348038
0.037336885929107666
0.04157929867506027
0.03947858512401581
0.03982433304190636
0.03921075537800789
0.03854156285524368
0.03641287237405777
0.03829485923051834
0.03652316331863403
no squeeze
1.3553869724273682
0.3326271176338196
0.1811649054288864
0.21218906342983246
0.20131871104240417
0.17816323041915894
0.16098172962665558
0.14112412929534912
0.13434982299804688
0.12701007723808289
0.13496065139770508
0.1726824939250946
0.15517620742321014
0.14320877194404602
0.1659267693758011
0.116301029920578
0.11569023132324219
0.1220574900507927
0.12068066000938416
0.10321896523237228
0.10852307081222534
0.14590467512607574
0.13905122876167297
0.11161293834447861
0.12523603439331055
0.09759964048862457
0.22280512750148773
0.18923789262771606
0.10242049396038055
0.09067577868700027
0.09564151614904404
0.12374688684940338
0.13567295670509338
0.13873454928398132
0.223990797996521
0.0917774960398674
0.12178443372249603
0.10409683734178543
0.10179509222507477
0.17506860196590424
