no squeeze
3.552553176879883
1.0713984966278076
0.6443793773651123
0.4586097002029419
0.370198518037796
0.29561710357666016
0.2824012041091919
0.23674841225147247
0.21765880286693573
0.22749893367290497
0.18517355620861053
0.1939508467912674
0.19577154517173767
0.16354632377624512
0.21649016439914703
0.16149914264678955
0.12862913310527802
0.17371101677417755
0.15892262756824493
0.1465538889169693
0.14808018505573273
0.15368956327438354
0.15129877626895905
0.12538565695285797
0.15365201234817505
0.1228560134768486
0.16401852667331696
0.13328665494918823
0.16214367747306824
0.13340803980827332
0.14438842236995697
0.14754271507263184
0.1410944163799286
0.12905417382717133
0.140646830201149
0.1847829669713974
no squeeze
4.281825542449951
1.1550239324569702
0.5445724129676819
0.34567680954933167
0.20987367630004883
0.1625109761953354
0.10772592574357986
0.11948168277740479
0.1414104402065277
0.1046932265162468
0.06364424526691437
0.04785643517971039
0.07228721678256989
0.08718843758106232
0.06576612591743469
0.04927697777748108
0.07538716495037079
0.04108963906764984
0.05590228736400604
0.046493589878082275
0.08022674918174744
0.020496275275945663
0.03246835619211197
0.055026669055223465
0.031140945851802826
0.028606826439499855
0.036367058753967285
0.037693578749895096
0.017515096813440323
0.03529135137796402
0.0295303575694561
0.04575212299823761
0.06259138882160187
0.026940518990159035
0.030083876103162766
0.03137405216693878
0.02700183354318142
0.022362830117344856
0.014699251390993595
0.015114737674593925
0.015364956110715866
0.019164420664310455
0.11905180662870407
0.041845642030239105
0.04556320235133171
0.023655949160456657
0.05439840629696846
0.014845563098788261
0.010746274143457413
0.026571134105324745
0.04660700634121895
0.032911237329244614
0.027736304327845573
0.014408393763005733
0.01294239703565836
0.01410122774541378
0.019993862137198448
0.02285439893603325
0.024433638900518417
no squeeze
4.845302104949951
1.6378684043884277
1.1394169330596924
0.7508159279823303
0.5767388343811035
0.43533310294151306
0.4612928628921509
0.3600633442401886
0.34308451414108276
0.24668513238430023
0.25326913595199585
0.23683427274227142
0.22475093603134155
0.40137091279029846
0.21003195643424988
0.1607378125190735
0.13070252537727356
0.1316756308078766
0.12194357067346573
0.08959925919771194
0.11177564412355423
0.13977929949760437
0.15704664587974548
0.18861502408981323
0.1561441719532013
0.15067791938781738
0.21784786880016327
0.12401404976844788
0.06719908118247986
0.06831216812133789
0.08348236232995987
0.13049323856830597
0.09393367916345596
0.07379529625177383
0.07685919106006622
0.0456717349588871
0.04126054793596268
0.05372954532504082
0.056313421577215195
0.06228715181350708
0.045934244990348816
0.04344134032726288
0.06510455906391144
0.06647804379463196
0.05424032732844353
0.09290656447410583
0.044059496372938156
no squeeze
4.6246795654296875
1.8563971519470215
1.3977603912353516
1.1249442100524902
0.926548957824707
0.8192782998085022
0.6764187216758728
0.6775515675544739
0.596429169178009
0.5549553036689758
0.5119414925575256
0.46232783794403076
0.42864468693733215
0.4173068702220917
0.3866044878959656
0.4061813950538635
0.3715343475341797
0.3532925248146057
0.3460628390312195
0.31463170051574707
0.36334627866744995
0.3331103026866913
0.29794612526893616
0.34102386236190796
0.30065590143203735
0.29419052600860596
0.27378708124160767
0.27450814843177795
0.25167614221572876
0.27585506439208984
0.24540574848651886
0.2546533942222595
0.22626036405563354
0.2456987351179123
0.24553875625133514
0.24968113005161285
0.2116687297821045
0.24067801237106323
0.1966336965560913
0.19659726321697235
0.21877925097942352
0.21466965973377228
0.22758907079696655
0.19295747578144073
0.2095213085412979
0.1955323964357376
0.1684921383857727
0.19231872260570526
0.1855786144733429
0.20112699270248413
0.19980783760547638
0.2141689658164978
0.20230433344841003
0.164509117603302
0.1621575802564621
0.16833080351352692
0.16288739442825317
0.17306910455226898
0.16086681187152863
0.15607821941375732
0.16522713005542755
0.15823929011821747
0.15096639096736908
0.16357603669166565
0.14336338639259338
0.1400938481092453
0.1784745305776596
0.15851593017578125
0.13923192024230957
0.15577876567840576
0.13729530572891235
0.14378666877746582
0.14118604362010956
0.13198547065258026
0.1494976133108139
0.13789838552474976
0.16485628485679626
0.13629618287086487
0.15830571949481964
0.13950718939304352
0.12820619344711304
0.1224765032529831
0.11470553278923035
0.12434376031160355
0.12029382586479187
0.1325710564851761
0.15106286108493805
0.12925715744495392
0.12048330903053284
0.10472354292869568
0.11939488351345062
0.12608347833156586
0.11790251731872559
0.10771745443344116
0.10080656409263611
0.11701302975416183
0.10556643456220627
0.12129892408847809
0.10146830976009369
0.10969207435846329
0.09673531353473663
0.10686548799276352
0.0989634171128273
0.0972956195473671
0.10746486485004425
0.0990552231669426
0.10565211623907089
0.09982931613922119
0.1013866662979126
0.11105704307556152
0.09250357747077942
0.10464150458574295
0.10571027547121048
0.09117498993873596
0.10630448907613754
0.13693782687187195
0.10838228464126587
0.09084010124206543
0.09462974220514297
0.09324105829000473
0.10344919562339783
0.09321328997612
0.09856846928596497
0.08897324651479721
0.08462940156459808
0.08853720873594284
0.09861332178115845
0.08550596237182617
0.0804535523056984
0.08922555297613144
0.08307956159114838
0.08699198067188263
0.08754149079322815
0.07967159897089005
0.08768941462039948
0.09391939640045166
0.0847581997513771
0.08476799726486206
0.08385878056287766
0.0833183079957962
0.09125245362520218
0.08058901876211166
0.08390893787145615
0.0869431272149086
no squeeze
3.931417465209961
1.5400594472885132
0.9997724294662476
0.7704147696495056
0.6420135498046875
0.5386057496070862
0.4772300720214844
0.42047733068466187
0.37371253967285156
0.33022478222846985
0.38509854674339294
0.2992209494113922
0.2737739086151123
0.2876295745372772
0.2464384287595749
0.25312724709510803
0.2626968324184418
0.2188526690006256
0.21408215165138245
0.21312621235847473
0.20897424221038818
0.2043364942073822
0.208398699760437
0.19928914308547974
0.18593363463878632
0.18388806283473969
0.1792118400335312
0.16892322897911072
0.17419075965881348
0.15689362585544586
0.17537593841552734
0.15798096358776093
0.1398201286792755
0.15027877688407898
0.15219175815582275
0.13598954677581787
0.1543196737766266
0.14602971076965332
0.14237254858016968
0.13712960481643677
0.13853685557842255
0.13693206012248993
0.13618172705173492
0.14926984906196594
0.13336658477783203
0.13222727179527283
0.13663075864315033
0.11976367235183716
0.1297587901353836
0.11024851351976395
0.11055463552474976
0.11403882503509521
0.11930529773235321
0.14271169900894165
0.12434729933738708
0.09646199643611908
0.10783161967992783
0.1111581102013588
0.11231977492570877
0.09921550005674362
0.10555346310138702
0.10095209628343582
0.13150493800640106
0.09992057085037231
0.1155070886015892
0.10083690285682678
no squeeze
4.206868648529053
1.550634503364563
0.8397858738899231
0.4981450140476227
0.6477387547492981
0.9108480215072632
0.4816941022872925
0.6460995674133301
0.27490168809890747
0.31466901302337646
0.4911348819732666
0.3060854375362396
0.40578600764274597
0.553582489490509
0.3587425947189331
0.37364813685417175
0.4554833769798279
0.3415656089782715
0.36208778619766235
