no squeeze
3.1838841438293457
0.09801646322011948
0.053709179162979126
0.010163727216422558
0.007897112518548965
0.00461701862514019
0.004340681247413158
0.0038205240853130817
0.003729700343683362
0.0035324639175087214
0.003500449238345027
0.0034309974871575832
0.00342959794215858
0.0033204834908246994
0.0033067676704376936
0.0032260091975331306
0.0032164091244339943
0.0031844917684793472
0.003166784765198827
0.003132302314043045
0.0031209937296807766
0.0031030126847326756
0.003096843371167779
0.0030819610692560673
0.003079471178352833
0.003070689272135496
0.00306427082978189
0.0030634072609245777
0.0030562081374228
0.0030502055305987597
0.003054247237741947
0.003063191892579198
no squeeze
3.1149933338165283
0.3363228440284729
0.29344120621681213
0.25091758370399475
0.25047823786735535
0.24692022800445557
0.24797289073467255
0.24827919900417328
no squeeze
3.2765674591064453
0.3098127543926239
0.22207988798618317
0.09881234169006348
0.08488310873508453
0.05194715037941933
0.04676343500614166
0.03215284273028374
0.029447443783283234
0.02186223678290844
0.02040380798280239
0.015949124470353127
0.015124556608498096
0.0122612826526165
0.011811673641204834
0.010009474121034145
0.009654038585722446
0.00847543589770794
0.008212069049477577
0.00732665928080678
0.0071306172758340836
0.0065513052977621555
0.006364013534039259
0.005910336505621672
0.0057854847982525826
0.005423995666205883
0.0053230649791657925
0.005034568253904581
0.0049537611193954945
0.004691390786319971
0.004637478850781918
0.00444719148799777
0.004422991536557674
0.0042380280792713165
0.004200601950287819
0.004049195442348719
0.004032500553876162
0.00395004078745842
0.003915544133633375
0.0038065179251134396
0.0037744049914181232
0.003702867776155472
0.0037214038893580437
0.0036107113119214773
0.0035891339648514986
0.0035430900752544403
0.0035097680520266294
0.0034925523214042187
0.0034687255974859
0.003414296079427004
0.003389413934201002
0.003364671254530549
0.0033593703992664814
0.003326801583170891
0.00331145990639925
0.0032825751695781946
0.0032679205760359764
0.0032792873680591583
0.003254208480939269
0.0032324634958058596
0.0032145765144377947
0.003189503913745284
0.0031850722152739763
0.0031878226436674595
0.0031828233040869236
0.003161240601912141
0.0031590128783136606
0.003141575725749135
0.0031413419637829065
0.003117605112493038
0.003159438958391547
0.0031324950978159904
no squeeze
3.5601284503936768
0.9631281495094299
0.8410558104515076
0.6240497827529907
0.5936072468757629
0.5144415497779846
0.4987836480140686
0.4519491195678711
0.44169196486473083
0.40933412313461304
0.4026643931865692
0.37951338291168213
0.37446317076683044
0.3560287356376648
0.351999968290329
0.3387346565723419
0.3346972167491913
0.32290005683898926
0.3207423686981201
0.31157734990119934
0.3093723952770233
0.3016400635242462
0.3001217246055603
0.29404962062835693
0.29205000400543213
0.28632256388664246
0.28534623980522156
0.28031790256500244
0.2794029712677002
0.2752167880535126
0.27431440353393555
0.27060776948928833
0.26889768242836
0.2643950879573822
0.26436343789100647
0.26019924879074097
0.2592887878417969
0.25539112091064453
0.25506868958473206
0.25138649344444275
0.2505682706832886
0.24645476043224335
0.2461581826210022
0.24282503128051758
0.24346081912517548
0.2388383448123932
0.2379615306854248
0.23550045490264893
0.2346419245004654
0.230927973985672
0.2302616387605667
0.22713908553123474
0.2269589751958847
0.22477227449417114
0.2232084423303604
0.2208830565214157
0.22040916979312897
0.21824926137924194
0.2172006368637085
0.21512925624847412
0.21469596028327942
0.2126692682504654
0.21244890987873077
0.21057012677192688
0.2105824053287506
0.2091890126466751
0.2082734853029251
0.20733268558979034
0.20651283860206604
0.20546984672546387
0.20600388944149017
0.2035033255815506
0.2039116770029068
0.20228847861289978
0.20265509188175201
0.20133715867996216
0.20091842114925385
0.20123721659183502
0.2003674954175949
0.1991913914680481
0.19942045211791992
0.19851289689540863
0.1984759420156479
0.19730249047279358
0.19661331176757812
0.19655917584896088
0.1957094818353653
0.19554850459098816
0.1949273943901062
0.19478313624858856
0.1949497014284134
0.19388724863529205
0.1943027228116989
0.19285957515239716
0.19309690594673157
0.1924077719449997
0.19166244566440582
0.19168895483016968
0.19106310606002808
0.189941868185997
0.19053156673908234
0.18975941836833954
0.18978510797023773
0.18878541886806488
0.18956029415130615
0.18828044831752777
0.18871890008449554
0.18828216195106506
no squeeze
3.092478036880493
0.5569802522659302
0.47824013233184814
0.34940484166145325
0.3344568908214569
0.29755696654319763
0.2917786240577698
0.2746761441230774
0.2712670564651489
0.261401504278183
0.25922298431396484
0.2517974078655243
0.25054648518562317
0.24512018263339996
0.2437099665403366
0.23901523649692535
0.23886148631572723
0.2349325716495514
0.23411892354488373
0.2309253215789795
0.23035255074501038
0.22805525362491608
0.22729943692684174
0.22528578341007233
0.2246202677488327
0.22280289232730865
0.22240062057971954
0.22212457656860352
0.2214030772447586
0.21964383125305176
0.21954739093780518
0.21859025955200195
0.21815423667430878
0.21738961338996887
0.21691064536571503
0.21668951213359833
0.21649473905563354
0.21625597774982452
0.21618592739105225
0.2149120718240738
0.2147418111562729
0.21377769112586975
0.21393679082393646
0.2139955312013626
no squeeze
3.3126139640808105
0.43998441100120544
0.4188612401485443
0.3994208872318268
0.39825326204299927
0.3979153633117676
0.3979930579662323
0.39870941638946533
