no squeeze
1095.697021484375
762.8524169921875
668.6438598632812
330.88214111328125
267.5912780761719
146.74244689941406
135.05555725097656
106.92591094970703
101.52074432373047
83.94324493408203
80.04332733154297
66.83016967773438
63.84344482421875
53.60549545288086
51.26239776611328
43.19227600097656
41.33241653442383
34.86418533325195
33.37392044067383
28.15245246887207
26.934782028198242
22.6575870513916
21.650421142578125
18.12054443359375
17.293947219848633
14.38840389251709
13.713410377502441
11.348549842834473
10.795958518981934
8.888527870178223
8.447990417480469
6.932095050811768
6.586952209472656
5.411509990692139
5.144143104553223
4.2438459396362305
4.04042387008667
3.353238105773926
3.200023651123047
2.684778928756714
2.5685997009277344
2.17801833152771
2.0908291339874268
1.7964677810668945
1.7308086156845093
1.5066429376602173
1.4569238424301147
1.2860138416290283
1.247302770614624
1.1177664995193481
1.0851267576217651
0.9829604625701904
0.9598665237426758
0.8781319856643677
0.8595849275588989
0.7975620627403259
0.7812129259109497
0.7301408052444458
0.7184431552886963
0.6775278449058533
0.6686517596244812
0.6357903480529785
0.6272202730178833
0.6014142632484436
0.5968027710914612
0.5718308091163635
0.566554069519043
0.5460554361343384
0.5416820049285889
0.5267754793167114
0.5246215462684631
0.5080505609512329
0.5043926239013672
0.4925830364227295
0.4897141754627228
0.4790685474872589
0.4765342175960541
0.46676239371299744
0.4640266001224518
0.4561575949192047
0.45373544096946716
0.44538062810897827
0.4438731074333191
0.43672889471054077
0.4347309172153473
0.4280889332294464
0.4267119765281677
0.4196889400482178
0.4180898368358612
0.41318410634994507
0.41120561957359314
0.40498998761177063
0.4034717381000519
0.3982599079608917
0.3976391851902008
0.3915216326713562
0.39006033539772034
0.385625422000885
0.3840945363044739
0.3793260157108307
0.378298819065094
0.3747396469116211
0.3739559054374695
0.36990562081336975
0.36826959252357483
0.36459600925445557
0.3634355366230011
0.3599770963191986
0.3589211106300354
0.355644166469574
0.35484060645103455
0.3518522083759308
0.3503303825855255
0.3476923108100891
0.34671303629875183
0.3437040150165558
0.34339338541030884
0.34029674530029297
0.3393295109272003
0.33677372336387634
0.3361950218677521
0.33390530943870544
0.3331240713596344
0.3307930827140808
0.3302171528339386
0.3284034729003906
0.32774728536605835
0.32648518681526184
0.3254607915878296
0.3235265612602234
0.3227960467338562
0.32143068313598633
0.3214293420314789
0.319339394569397
0.3195696771144867
0.3179692327976227
0.31754598021507263
0.31651079654693604
0.3157971501350403
0.31470686197280884
0.31427279114723206
0.31329867243766785
0.3126557469367981
0.31187868118286133
0.3117283284664154
0.3111121356487274
0.3107385039329529
0.30943384766578674
0.3095165491104126
0.30895769596099854
0.30862003564834595
0.3078927993774414
0.30772727727890015
0.3070807456970215
0.3068845272064209
0.3070155084133148
0.30657193064689636
0.3057849407196045
0.3058197498321533
0.3054165244102478
0.30525729060173035
0.30505889654159546
0.3047453463077545
0.3048505485057831
0.3045393228530884
0.3040037155151367
0.3043169379234314
0.30361658334732056
0.3045347034931183
0.3036363422870636
no squeeze
1093.8857421875
795.1920776367188
707.7137451171875
381.5452880859375
316.9774169921875
188.2368621826172
176.5081787109375
151.69357299804688
147.34217834472656
133.7713623046875
130.85618591308594
121.212646484375
119.06820678710938
111.86845397949219
110.24304962158203
104.72673797607422
103.5073471069336
99.2485580444336
98.28726196289062
94.97805786132812
94.2352294921875
91.64454650878906
91.05867767333984
88.98704528808594
88.52163696289062
86.90464782714844
86.52555847167969
85.26084899902344
84.93834686279297
83.92013549804688
83.67858123779297
82.89671325683594
82.70479583740234
82.12557983398438
81.99223327636719
81.5297622680664
81.40675354003906
81.03738403320312
80.95059204101562
80.69445037841797
80.62821960449219
80.41271209716797
80.40870666503906
80.26541900634766
80.23880767822266
80.17012786865234
80.12448120117188
80.03529357910156
80.00132751464844
79.9730224609375
79.91899108886719
79.88426971435547
79.84503173828125
79.83433532714844
79.83235168457031
79.75643157958984
79.7597885131836
79.77252960205078
no squeeze
1095.270751953125
802.9373168945312
723.3243408203125
444.97918701171875
389.9366455078125
247.9473419189453
224.66941833496094
165.81683349609375
155.63905334472656
125.72409057617188
120.02153778076172
101.54342651367188
97.51020812988281
84.01966857910156
81.08501434326172
70.87377166748047
68.5444107055664
60.47653579711914
58.487972259521484
51.574954986572266
49.977020263671875
44.27607345581055
42.9366569519043
38.13313293457031
36.96637725830078
32.82032012939453
31.843706130981445
28.307172775268555
27.46400260925293
24.404083251953125
23.663219451904297
21.056873321533203
20.429576873779297
18.117155075073242
17.577362060546875
15.614837646484375
15.154296875
13.497964859008789
13.086535453796387
11.617135047912598
11.285789489746094
10.062422752380371
9.781800270080566
8.745200157165527
8.494501113891602
7.611638069152832
7.401003360748291
6.6494574546813965
6.469052791595459
5.839042663574219
5.690881252288818
5.155154228210449
5.025691509246826
4.582233905792236
4.4698076248168945
4.065093994140625
3.9761245250701904
3.660648822784424
3.582595109939575
3.3035202026367188
3.2364344596862793
2.998884439468384
2.939617872238159
2.730604648590088
2.680461883544922
2.505751609802246
2.4604406356811523
2.3082809448242188
2.267505407333374
2.1258585453033447
2.0929276943206787
1.9814327955245972
1.9474496841430664
1.8407337665557861
1.8135097026824951
1.7263027429580688
1.7005507946014404
1.612188696861267
1.5913281440734863
1.506605625152588
1.489534854888916
1.4230371713638306
1.4047032594680786
1.3383554220199585
1.3236353397369385
1.2671805620193481
1.2506968975067139
1.1986039876937866
1.1851338148117065
1.1360087394714355
1.122897744178772
1.0773802995681763
1.0649088621139526
1.0215545892715454
1.0107067823410034
0.9680588245391846
0.9599446654319763
0.9242492318153381
0.9153391122817993
0.8769658207893372
0.870739221572876
0.8411664366722107
0.8328568339347839
0.8043416738510132
0.7955451011657715
0.7630641460418701
0.757187008857727
0.732153594493866
0.7250998020172119
0.7015935778617859
0.6952513456344604
0.6724541187286377
0.6660689115524292
0.6451531648635864
0.6394731402397156
0.6153058409690857
0.6115081906318665
0.5932996869087219
0.588657021522522
0.5702669620513916
0.5660024285316467
0.5507476329803467
0.5462605953216553
0.5294936299324036
0.5255762338638306
0.5091100335121155
0.5063465237617493
0.49472951889038086
0.49108371138572693
0.47805964946746826
0.47459253668785095
0.4610506594181061
0.4598117172718048
0.4492873251438141
0.44694772362709045
0.4373164474964142
0.43353667855262756
0.4232938289642334
0.4205131530761719
0.4112297296524048
0.4095489978790283
0.40169429779052734
0.4000401794910431
0.39039090275764465
0.38931354880332947
0.3821127116680145
0.38116079568862915
0.3742334544658661
0.3725058138370514
0.36760181188583374
0.3655339479446411
0.3594382703304291
0.35864824056625366
0.3535284698009491
0.3523971140384674
0.34798023104667664
0.34639573097229004
0.34195247292518616
0.3409079611301422
0.3364604711532593
0.3349582552909851
0.33180245757102966
0.3304857909679413
0.3267802298069
0.3259424865245819
0.3222189247608185
0.32168588042259216
0.31873056292533875
0.3182953894138336
0.31602218747138977
0.3148092031478882
0.3121044635772705
0.3112605810165405
0.3085590600967407
0.30838796496391296
0.306343138217926
0.3057205080986023
0.30361196398735046
0.30328452587127686
0.3018856644630432
0.30071237683296204
0.2989882528781891
0.29877081513404846
0.2969816327095032
0.2962515652179718
0.2952827215194702
0.2944016456604004
0.29363566637039185
0.29333946108818054
0.2916090190410614
0.2914983928203583
0.28946229815483093
0.2896765470504761
0.2886495888233185
0.28794893622398376
0.28684061765670776
0.2869003713130951
0.28636434674263
0.2862050533294678
0.2848165035247803
no squeeze
1100.66552734375
1018.6950073242188
985.6950073242188
790.4412841796875
723.0840454101562
447.9772644042969
389.8359375
262.3175964355469
247.20790100097656
211.01358032226562
204.7231903076172
186.13853454589844
182.37796020507812
170.08657836914062
167.40394592285156
158.22433471679688
156.12124633789062
148.814208984375
147.0878448486328
141.06101989746094
139.6160125732422
134.45181274414062
133.2243194580078
128.7691192626953
127.69779968261719
123.69385528564453
122.75553131103516
119.18898010253906
118.28829193115234
115.11703491210938
114.23519897460938
111.13410949707031
110.38790893554688
107.54608917236328
106.85397338867188
104.14691162109375
103.44770050048828
100.8510513305664
100.20170593261719
97.76890563964844
97.13287353515625
94.8060531616211
94.19710540771484
91.97453308105469
91.40068054199219
89.24934387207031
88.70787811279297
86.68687438964844
86.17544555664062
84.2318115234375
83.74964141845703
81.900634765625
81.42967224121094
79.68147277832031
79.23335266113281
77.59794616699219
77.16878509521484
75.60330200195312
75.22714233398438
73.7273178100586
73.33843994140625
72.03020477294922
71.58360290527344
70.26496124267578
69.93286895751953
68.70513153076172
68.47926330566406
67.20268249511719
66.89988708496094
65.7907943725586
65.50169372558594
64.47627258300781
64.20167541503906
63.217628479003906
62.95420455932617
62.03641128540039
61.80354690551758
60.93696594238281
60.7101936340332
59.90666198730469
59.685855865478516
58.900421142578125
58.70529556274414
57.969478607177734
57.78661346435547
57.11560821533203
56.9633674621582
56.2857780456543
56.10212707519531
55.510902404785156
55.34717559814453
54.76140213012695
54.61989974975586
54.078269958496094
53.941585540771484
53.40734100341797
53.291351318359375
52.8199462890625
52.68009567260742
52.22544860839844
52.102481842041016
51.676029205322266
51.554317474365234
51.11721420288086
51.038211822509766
50.65512466430664
50.549102783203125
50.18846893310547
50.091732025146484
49.7481575012207
49.66096878051758
49.33420181274414
49.24595642089844
48.96096420288086
48.86618423461914
48.589019775390625
48.48919677734375
48.23711013793945
48.15611267089844
47.90205383300781
47.83328628540039
47.626609802246094
47.55295181274414
47.33305358886719
47.28779220581055
47.08498764038086
47.03223419189453
46.83880615234375
46.7938232421875
46.617225646972656
46.549522399902344
46.411190032958984
46.36537170410156
46.197601318359375
46.1474723815918
46.005733489990234
45.97291946411133
45.824920654296875
45.776466369628906
45.66339874267578
45.64189529418945
45.547080993652344
45.49224853515625
45.359378814697266
45.32809829711914
45.182254791259766
45.186641693115234
45.10795974731445
45.06057357788086
44.930110931396484
44.91436767578125
44.83798599243164
44.77492904663086
44.67190170288086
44.65566635131836
44.55190658569336
44.56972122192383
44.4794807434082
44.43147277832031
44.3527946472168
44.31287384033203
44.24312973022461
44.22116470336914
44.1328125
44.139366149902344
44.05302047729492
44.0311279296875
43.95700454711914
43.938053131103516
43.886192321777344
43.84798812866211
43.78480529785156
43.75635528564453
43.6957893371582
43.67941665649414
43.628597259521484
43.583465576171875
43.56233596801758
43.53046798706055
43.46503448486328
43.470096588134766
43.40122604370117
43.4199104309082
43.37203598022461
43.35373306274414
43.30937576293945
43.26819610595703
43.226097106933594
43.22019577026367
43.17378616333008
43.158077239990234
43.17430877685547
43.117427825927734
43.07276153564453
43.058048248291016
43.062599182128906
43.03322982788086
43.00230026245117
42.9775276184082
42.95547866821289
no squeeze
1097.3150634765625
855.886962890625
786.8148803710938
511.7093505859375
448.1298828125
279.5096435546875
256.5440979003906
205.0442352294922
196.227294921875
169.45989990234375
163.88111877441406
146.01153564453125
142.1760711669922
129.8356170654297
127.11856079101562
118.22181701660156
116.2523193359375
109.54972839355469
108.0435791015625
102.84752655029297
101.6251220703125
97.36709594726562
96.36280059814453
92.78825378417969
91.94798278808594
88.94709777832031
88.2296371459961
85.69378662109375
85.07532501220703
82.83026123046875
82.28974151611328
80.38076782226562
79.92589569091797
78.28644561767578
77.89839935302734
76.45013427734375
76.09895324707031
74.86592102050781
74.5582046508789
73.45247650146484
73.17758178710938
72.2144546508789
71.96356964111328
71.1290283203125
70.91883850097656
70.14188385009766
69.94503021240234
69.26011657714844
69.08855438232422
68.49182891845703
68.3182601928711
67.77855682373047
67.63180541992188
67.13285064697266
67.00882720947266
66.54576873779297
66.42782592773438
66.01032257080078
65.9008560180664
65.5411148071289
65.43233489990234
65.0521469116211
64.94983673095703
64.65339660644531
64.55796813964844
64.24344635009766
64.16089630126953
63.888004302978516
63.81847381591797
63.538509368896484
63.47254180908203
63.243019104003906
63.168399810791016
62.9400749206543
62.8917236328125
62.64685821533203
62.60309600830078
62.401309967041016
62.35239791870117
62.142120361328125
62.10057830810547
61.93459701538086
61.87830352783203
61.699886322021484
61.65342330932617
61.526676177978516
61.46149444580078
61.31759262084961
61.26163101196289
61.11876678466797
61.087581634521484
60.938133239746094
60.906089782714844
60.8165283203125
60.771732330322266
60.632015228271484
60.59709167480469
60.525169372558594
60.4826545715332
60.365779876708984
60.32931900024414
60.2371711730957
60.19772720336914
60.10633087158203
60.08191680908203
59.98808288574219
59.976715087890625
59.891754150390625
59.874427795410156
59.78022766113281
59.76757049560547
59.6888313293457
59.66050338745117
59.62782669067383
59.585975646972656
59.52748489379883
59.52348327636719
59.444759368896484
59.422035217285156
59.36621856689453
59.34946823120117
59.301048278808594
59.28123092651367
59.23866653442383
59.20656967163086
59.173866271972656
59.14560317993164
59.092437744140625
59.095951080322266
59.0441780090332
59.01747512817383
58.984195709228516
58.96846008300781
58.95456314086914
58.92515182495117
58.90836715698242
58.90085983276367
58.85361099243164
58.82217788696289
58.813209533691406
58.79372787475586
58.7752685546875
58.76513671875
58.76133728027344
58.73556900024414
58.69099426269531
58.67633819580078
58.66231918334961
58.63999557495117
58.61006546020508
58.59003448486328
58.611263275146484
58.59435272216797
58.5982780456543
no squeeze
1071.3016357421875
415.87652587890625
324.10247802734375
192.75836181640625
182.9285430908203
164.37240600585938
162.07598876953125
156.682861328125
155.80442810058594
153.43182373046875
152.99302673339844
151.68435668945312
151.38540649414062
150.54161071777344
150.3729248046875
149.7883758544922
149.6750946044922
149.29043579101562
149.18377685546875
148.9167022705078
148.8763885498047
148.7181396484375
148.69004821777344
148.5482940673828
148.543212890625
148.57550048828125
148.64389038085938
148.4058837890625
148.40943908691406
148.40936279296875
