no squeeze
15.486884117126465
1.1417685747146606
0.7490137219429016
0.26479220390319824
0.21671253442764282
0.12208143621683121
0.1080232486128807
0.07172182947397232
0.06647070497274399
0.04989758878946304
0.04652499035000801
0.037121862173080444
0.035102859139442444
0.02866063453257084
0.0275877732783556
0.023545099422335625
0.022749215364456177
0.020297138020396233
0.019780877977609634
0.017715007066726685
0.017265141010284424
0.015902971848845482
0.01574091799557209
0.01480286754667759
0.014664734713733196
0.013917430303990841
0.013761721551418304
0.013297129422426224
0.013230995275080204
0.01254613883793354
0.012475465424358845
0.01206253282725811
0.012047475203871727
0.011627239175140858
0.01145226415246725
0.011017491109669209
0.010947316884994507
0.010721471160650253
0.010677015408873558
0.01029907539486885
0.01022959966212511
0.009936654940247536
0.009907537139952183
0.009644336067140102
0.00963058415800333
0.00937638059258461
0.009318426251411438
0.009141062386333942
0.009141610004007816
0.008930455893278122
0.008957761339843273
0.008811203762888908
0.00877000018954277
0.008687514811754227
0.008617901243269444
0.008554455824196339
0.008501910604536533
0.008425676263868809
0.008408759720623493
0.008356812410056591
0.008306571282446384
0.008300535380840302
0.008295435458421707
0.008210737258195877
0.008300025016069412
0.008206776343286037
0.008185457438230515
0.008138339035212994
0.008176920004189014
0.0081107746809721
0.008097495883703232
0.008044799789786339
0.008021313697099686
0.00811914075165987
0.008045042864978313
0.00805341824889183
no squeeze
15.518835067749023
1.4171944856643677
1.0666640996932983
0.4770413041114807
0.40545809268951416
0.22629708051681519
0.19549065828323364
0.11143723130226135
0.09701373428106308
0.05903599411249161
0.05277613177895546
0.0369388572871685
0.034385863691568375
0.027897225692868233
0.026809753850102425
0.02341572381556034
0.02285919524729252
0.02092735283076763
0.020578395575284958
0.019507035613059998
0.019208351150155067
0.01838165894150734
0.01817880943417549
0.01758534647524357
0.017444245517253876
0.01689709722995758
0.01673727110028267
0.016289617866277695
0.016245262697339058
0.01584475301206112
0.01570509374141693
0.015224195085465908
0.015193380415439606
0.014983892440795898
0.014874315820634365
0.014588173478841782
0.01447753980755806
0.014163468033075333
0.01419753022491932
0.01392701268196106
0.013879832811653614
0.013786070980131626
0.013659905642271042
0.013430817984044552
0.013378809206187725
0.013238203711807728
0.013225765898823738
0.01317640207707882
0.01311730407178402
0.012936165556311607
0.012965459376573563
0.012811805121600628
0.012845214456319809
0.012694064527750015
0.012713242322206497
0.012694376520812511
no squeeze
16.13579559326172
4.396233558654785
3.3002922534942627
1.4240913391113281
1.1910821199417114
0.6342542767524719
0.5440099239349365
0.32010340690612793
0.28007692098617554
0.1695176213979721
0.15060904622077942
0.09763462841510773
0.08780111372470856
0.05985158309340477
0.054946236312389374
0.04004259407520294
0.03725038096308708
0.0289952140301466
0.02739626169204712
0.022440511733293533
0.021571923047304153
0.018357152119278908
0.01776307262480259
0.01586933434009552
0.015439804643392563
0.01390459667891264
0.01366804912686348
0.012673040851950645
0.01245840173214674
0.011753946542739868
0.011558867990970612
0.010965769179165363
0.01087123341858387
0.010391675867140293
0.01037532277405262
0.009978484362363815
0.009884958155453205
0.009634474292397499
0.009570378810167313
0.009404388256371021
0.009351495653390884
0.009209323674440384
0.00908518023788929
0.008936461992561817
0.008923949673771858
0.00879577361047268
0.008719743229448795
0.008626030758023262
0.00866749882698059
0.00849117897450924
0.0084962984547019
0.008438867516815662
0.008369004353880882
0.008334023877978325
0.008357366546988487
0.008273523300886154
0.008228675462305546
0.008190855383872986
0.008164937607944012
0.008126099593937397
0.00814900267869234
0.008106356486678123
0.008075181394815445
0.008042087778449059
0.007985788397490978
0.007939948700368404
0.00797361321747303
0.007935859262943268
0.007920083589851856
0.007891779765486717
0.007966671139001846
0.007919931784272194
no squeeze
16.874755859375
8.462757110595703
7.089966773986816
4.1553263664245605
3.756410598754883
2.7509868144989014
2.579073190689087
2.0677640438079834
1.9639724493026733
1.6443310976028442
1.5707728862762451
1.3366178274154663
1.2854268550872803
1.1139174699783325
1.073744773864746
0.9457120895385742
0.9158649444580078
0.8153997659683228
0.7939024567604065
0.7147834897041321
0.7009537220001221
0.6385379433631897
0.6225035786628723
0.582139790058136
0.5647698640823364
0.5271002650260925
0.5185343027114868
0.5028359293937683
0.48387640714645386
0.4608455002307892
0.451008141040802
0.4335241913795471
0.42868685722351074
0.4143250584602356
0.409913033246994
0.39845040440559387
0.4028297960758209
0.38622888922691345
0.3845803439617157
0.3743235170841217
0.37318336963653564
0.36624571681022644
0.3662935495376587
0.36103013157844543
0.35991543531417847
0.3535306453704834
0.3529495894908905
0.3493972718715668
0.3538394272327423
0.34150686860084534
0.3401610553264618
0.33731672167778015
0.33454400300979614
0.3295399844646454
0.32807451486587524
0.32138729095458984
0.3235519826412201
0.3116898834705353
0.30993762612342834
0.30709728598594666
0.30035027861595154
0.2907716929912567
0.2881782352924347
0.27437129616737366
0.27189356088638306
0.25802546739578247
0.2552725076675415
0.23568321764469147
0.2297605276107788
0.20793528854846954
0.20622700452804565
0.17767572402954102
0.1732850819826126
0.1453729271888733
0.14320088922977448
0.11315186321735382
0.10845647752285004
0.08386904746294022
0.07856860756874084
0.06068449467420578
0.056635286659002304
0.043997228145599365
0.041411492973566055
0.03302858769893646
0.03145693987607956
0.026546243578195572
0.025723446160554886
0.02313750796020031
0.02232576720416546
0.020575182512402534
0.02068737894296646
0.019452357664704323
0.01910463534295559
0.018771899864077568
0.018439486622810364
0.01827789656817913
0.018112704157829285
0.017809880897402763
0.0178904477506876
0.017743028700351715
0.01788443885743618
0.017699044197797775
0.017676066607236862
0.01776398904621601
0.017556115984916687
0.01752040535211563
0.017540549859404564
0.017569271847605705
no squeeze
16.648210525512695
3.8911778926849365
3.1462419033050537
1.7151429653167725
1.5188558101654053
1.0225952863693237
0.9339942336082458
0.6739550828933716
0.6244366765022278
0.4703342914581299
0.43864506483078003
0.33773893117904663
0.31670331954956055
0.24967753887176514
0.2348196655511856
0.18837948143482208
0.17804090678691864
0.14455130696296692
0.13748566806316376
0.11373294144868851
0.10866047441959381
0.09220220893621445
0.08815893530845642
0.07525121420621872
0.07263610512018204
0.06296747177839279
0.06080012395977974
0.05399944260716438
0.05216061696410179
0.04668622463941574
0.04542231559753418
0.041115861386060715
0.040172722190618515
0.03679791837930679
0.036018453538417816
0.03349287807941437
0.032938309013843536
0.030840393155813217
0.030395545065402985
0.028700141236186028
0.028252558782696724
0.026991531252861023
0.026642102748155594
0.02563001774251461
0.025347352027893066
0.02439836785197258
0.024330170825123787
0.023538747802376747
0.023327207192778587
0.022799860686063766
0.02256256341934204
0.022096410393714905
0.022026224061846733
0.02160949818789959
0.021495653316378593
0.021176287904381752
0.020956937223672867
0.020737063139677048
0.020679183304309845
0.020447392016649246
0.020382683724164963
0.0201761182397604
0.0203437190502882
0.01997821405529976
0.019781704992055893
0.01970137469470501
0.019648665562272072
0.0196713674813509
0.019498491659760475
0.019394339993596077
0.019160181283950806
0.01928987167775631
0.019094331189990044
0.019004564732313156
0.018922146409749985
0.01924215629696846
0.018851660192012787
0.019085843116044998
0.01887631230056286
0.01860998570919037
0.018952999264001846
0.01879309117794037
no squeeze
15.021785736083984
0.9281406998634338
0.6694362759590149
0.43956249952316284
0.4332452714443207
0.4216393828392029
0.41618674993515015
0.4154335558414459
0.414767861366272
0.4144761264324188
0.41423019766807556
0.4142935574054718
0.41250866651535034
0.41232818365097046
0.41341087222099304
0.4189961850643158
