no squeeze
14.141861915588379
2.7132155895233154
2.0512423515319824
0.834470272064209
0.6762269139289856
0.3138953149318695
0.25918442010879517
0.13281488418579102
0.11426800489425659
0.06929229944944382
0.06198502331972122
0.04381067305803299
0.0409284345805645
0.033818360418081284
0.032652441412210464
0.029816927388310432
0.029423493891954422
0.028114566579461098
0.02782539650797844
0.027198856696486473
0.02709277532994747
0.026753704994916916
0.026625877246260643
0.026444045826792717
0.026386158540844917
0.026232317090034485
0.02613319270312786
0.025904495269060135
0.0259132981300354
0.02582445554435253
0.025803033262491226
0.0256964024156332
0.025706443935632706
0.02563038282096386
0.025550387799739838
0.025442766025662422
0.02549033798277378
0.025378314778208733
0.02533821389079094
0.0253194160759449
0.0252867229282856
0.02525339648127556
0.025213399901986122
0.025166869163513184
0.025228790938854218
0.025220641866326332
no squeeze
13.724959373474121
1.6071926355361938
1.1310198307037354
0.39659085869789124
0.314820796251297
0.153137668967247
0.1312182992696762
0.08185781538486481
0.07471845299005508
0.058998893946409225
0.05628354847431183
0.04962385073304176
0.04871108755469322
0.04599125310778618
0.045430127531290054
0.04400337487459183
0.043675679713487625
0.04241247475147247
0.04217037186026573
0.04145779833197594
0.04119027405977249
0.04063279181718826
0.040445104241371155
0.039676640182733536
0.03950073570013046
0.03903031721711159
0.038795921951532364
0.03827536478638649
0.03816236928105354
0.03756408393383026
0.037542782723903656
0.03721129521727562
0.03712237626314163
0.03682035580277443
0.03672093525528908
0.03646044433116913
0.036491189152002335
0.036238182336091995
0.03612758219242096
0.03598815202713013
0.03592668101191521
0.035794448107481
0.03577697277069092
0.035720277577638626
0.035736970603466034
0.03557378798723221
0.035586029291152954
0.0355430506169796
0.03549490496516228
0.03544903174042702
0.035416584461927414
0.03535374626517296
0.03546523302793503
0.03538540005683899
no squeeze
14.59133529663086
2.886194944381714
2.1996116638183594
0.8494300246238708
0.6820873022079468
0.328484445810318
0.2808053195476532
0.1684315949678421
0.15065081417560577
0.10379238426685333
0.09624464809894562
0.0736064463853836
0.06944143027067184
0.05778415501117706
0.0553210973739624
0.048960208892822266
0.047177448868751526
0.042211197316646576
0.041226353496313095
0.037886884063482285
0.037322498857975006
0.03470283001661301
0.034406017512083054
0.03278901427984238
0.03242935612797737
0.031041445210576057
0.030765492469072342
0.02967132441699505
0.029452336952090263
0.02861727960407734
0.028344346210360527
0.027593528851866722
0.027485594153404236
0.026954539120197296
0.026812884956598282
0.026352209970355034
0.0262571033090353
0.025853388011455536
0.025739636272192
0.025479327887296677
0.02540045976638794
0.025161046534776688
0.025085458531975746
0.024809973314404488
0.024766169488430023
0.024559874087572098
0.024539604783058167
0.02438276633620262
0.024381123483181
0.024329159408807755
0.024222323670983315
0.024082854390144348
0.024085242301225662
0.02395821362733841
0.02397085726261139
0.023896347731351852
0.02391287498176098
0.023831449449062347
0.023791715502738953
0.0237504243850708
0.023712297901511192
0.02367447316646576
0.02366487681865692
0.02357925847172737
0.023619357496500015
0.023548537865281105
0.023566029965877533
0.02351280115544796
0.02356877364218235
0.023393945768475533
0.02345789410173893
0.02346128225326538
no squeeze
14.891443252563477
7.904539585113525
6.6587419509887695
3.8595755100250244
3.4904086589813232
2.5753984451293945
2.409484386444092
1.9146934747695923
1.8154793977737427
1.4944736957550049
1.4276665449142456
1.2091591358184814
1.1605995893478394
1.0180402994155884
0.979102373123169
0.8759849071502686
0.8504859805107117
0.7769535779953003
0.7603432536125183
0.7075442671775818
0.6962382197380066
0.6580196022987366
0.6501528024673462
0.6208820939064026
0.6125699877738953
0.5934554934501648
0.5867573618888855
0.5699658393859863
0.5673075318336487
0.5579427480697632
0.5524759888648987
0.5488744974136353
0.5395147204399109
0.5339949131011963
0.529126763343811
0.5236545205116272
0.5215020775794983
0.5178458094596863
0.5178599953651428
0.5120677947998047
0.5195674896240234
0.5100646615028381
0.5074024200439453
0.5043224692344666
0.5068196654319763
0.5049448609352112
no squeeze
14.705930709838867
4.058610916137695
3.302567958831787
1.813302755355835
1.6040841341018677
1.0893802642822266
1.0015373229980469
0.7522989511489868
0.7058581709861755
0.5561528205871582
0.52391517162323
0.4239146113395691
0.4010043144226074
0.3259439170360565
0.31137970089912415
0.25259047746658325
0.24051573872566223
0.19711481034755707
0.1877603381872177
0.15677675604820251
0.14936481416225433
0.12659507989883423
0.12191106379032135
0.10602296888828278
0.10251211374998093
0.09156259894371033
0.08923517912626266
0.08126647770404816
0.07992405444383621
0.07400702685117722
0.07295089960098267
0.06862286478281021
0.0676710307598114
0.06456941366195679
0.0638708844780922
0.06123815104365349
0.06048336997628212
0.05860387533903122
0.058078352361917496
0.05644352361559868
0.05605381354689598
0.05469752475619316
0.05429520457983017
0.053336553275585175
0.052724868059158325
0.05182371661067009
0.05165001004934311
0.051064372062683105
0.05053571239113808
0.04976093769073486
0.049505364149808884
0.04929710924625397
0.04891609027981758
0.048430267721414566
0.048235926777124405
0.04775493964552879
0.04815506190061569
0.0474778451025486
0.04735957831144333
0.04712468013167381
0.047182537615299225
0.04655446484684944
0.04630409926176071
0.04653170704841614
0.04700411111116409
0.04626090079545975
0.04592689499258995
0.04581800475716591
0.04607643559575081
0.04572276771068573
0.04560709372162819
0.046313848346471786
0.04579969495534897
0.04542195796966553
0.045323267579078674
0.04532628506422043
0.0460667721927166
0.04553794860839844
no squeeze
13.575681686401367
0.8008021712303162
0.6681105494499207
0.5782912373542786
0.5684211254119873
0.5632895827293396
0.5623704791069031
0.5690074563026428
0.5652391910552979
0.5704847574234009
