no squeeze
204.20510864257812
116.0485610961914
95.50482177734375
41.92609405517578
35.207576751708984
22.317794799804688
20.53211784362793
15.494667053222656
14.487247467041016
11.343952178955078
10.68203067779541
8.56683349609375
8.112022399902344
6.644615650177002
6.3241963386535645
5.28079891204834
5.066486835479736
4.3275065422058105
4.167331695556641
3.6453464031219482
3.5315804481506348
3.1682803630828857
3.0886752605438232
2.8303956985473633
2.774965763092041
2.597480297088623
2.5568110942840576
2.4278793334960938
2.3992347717285156
2.3133938312530518
2.2927122116088867
2.2282915115356445
2.2165920734405518
2.175293445587158
2.167510509490967
2.1372146606445312
2.1296873092651367
2.109017848968506
2.106130599975586
2.0936567783355713
2.089651346206665
2.0829241275787354
2.0811476707458496
2.07694935798645
2.0725409984588623
2.069049835205078
2.0665066242218018
2.064531087875366
2.062514305114746
2.0634958744049072
2.0600638389587402
2.0586531162261963
2.059258222579956
2.0550053119659424
2.054481029510498
2.0547237396240234
2.0541539192199707
2.0520308017730713
2.053410053253174
2.0527234077453613
no squeeze
203.0518035888672
90.77765655517578
72.9826889038086
38.507503509521484
34.502010345458984
24.208017349243164
22.207624435424805
15.966902732849121
14.657391548156738
10.56615161895752
9.729269981384277
7.167724609375
6.663473606109619
5.141453266143799
4.840615272521973
3.949334144592285
3.771498203277588
3.2501378059387207
3.1464109420776367
2.838634967803955
2.7769246101379395
2.5967917442321777
2.5590765476226807
2.4549787044525146
2.432067394256592
2.3660857677459717
2.3532369136810303
2.314600944519043
2.3068723678588867
2.2823574542999268
2.276691436767578
2.2583250999450684
2.2578301429748535
2.241915702819824
2.241084575653076
2.232680082321167
2.2303853034973145
2.2253060340881348
2.225177049636841
2.216942548751831
2.216832160949707
2.2103724479675293
2.2093119621276855
2.204380989074707
2.2026851177215576
2.199521064758301
2.1996207237243652
2.1968166828155518
2.1936752796173096
2.1901590824127197
2.1919455528259277
2.184317111968994
2.1851727962493896
2.1833972930908203
2.1815872192382812
2.1783978939056396
2.176194906234741
2.174920082092285
2.1745548248291016
2.1709084510803223
2.1687169075012207
2.165499210357666
2.166637897491455
2.163968086242676
2.1649701595306396
2.1642045974731445
no squeeze
207.21380615234375
146.3867950439453
129.49502563476562
72.75643920898438
62.674949645996094
40.4006233215332
37.12299346923828
27.991302490234375
26.189626693725586
20.549346923828125
19.297130584716797
15.308552742004395
14.454784393310547
11.62060260772705
11.010224342346191
9.009547233581543
8.56954574584961
7.1364545822143555
6.809396743774414
5.746063232421875
5.524916172027588
4.808889389038086
4.639747142791748
4.103959560394287
3.9859519004821777
3.608031749725342
3.520379066467285
3.2299726009368896
3.16446590423584
2.9414448738098145
2.8925275802612305
2.728098154067993
2.6865594387054443
2.545588731765747
2.5163657665252686
2.4147074222564697
2.392130136489868
2.3023269176483154
2.2816507816314697
2.2137231826782227
2.196934700012207
2.1400632858276367
2.126329183578491
2.079763412475586
2.0699193477630615
2.0308918952941895
2.022066593170166
1.991358995437622
1.984017252922058
1.9564875364303589
1.9487395286560059
1.92460036277771
1.919482707977295
1.9020583629608154
1.8960926532745361
1.8796374797821045
1.874784231185913
1.8610833883285522
1.8578886985778809
1.8457165956497192
1.8428757190704346
1.8325581550598145
1.8274022340774536
1.8185153007507324
1.815688133239746
1.8068979978561401
1.803666114807129
1.7964726686477661
1.7958611249923706
1.789710521697998
1.788996696472168
1.7814832925796509
1.7780991792678833
1.773339033126831
1.772031307220459
1.768019437789917
1.7676475048065186
1.762028455734253
1.76030695438385
1.7569847106933594
1.7558132410049438
1.7496403455734253
1.7511130571365356
1.748323678970337
1.7464590072631836
1.7433421611785889
1.7425485849380493
1.7396512031555176
1.7374608516693115
1.7354910373687744
1.7348860502243042
1.7321158647537231
1.7323297262191772
1.7314534187316895
1.7311490774154663
1.7281347513198853
1.726792573928833
1.723806619644165
1.7242270708084106
1.7260639667510986
no squeeze
207.39471435546875
166.19161987304688
152.76634216308594
96.35800170898438
83.8089599609375
53.43805694580078
49.215248107910156
38.42082595825195
36.43965530395508
30.337228775024414
29.05337142944336
24.89268684387207
23.969436645507812
20.903738021850586
20.228334426879883
17.93358039855957
17.41339874267578
15.638605117797852
15.228184700012207
13.851387977600098
13.537796974182129
12.462908744812012
12.227005958557129
11.396113395690918
11.195310592651367
10.5619535446167
10.43000316619873
9.935750007629395
9.816390991210938
9.440526962280273
9.356836318969727
9.056757926940918
8.994287490844727
8.779158592224121
8.716812133789062
8.527435302734375
8.482195854187012
8.362107276916504
8.319538116455078
8.171307563781738
8.148307800292969
8.036450386047363
7.9985127449035645
7.893290042877197
7.868907451629639
7.769002437591553
7.74044132232666
7.644745826721191
7.644635200500488
7.5211639404296875
7.485823154449463
7.3879170417785645
7.389891624450684
7.288531303405762
7.220983028411865
7.103601455688477
7.051800727844238
6.9066338539123535
6.866489887237549
6.7193193435668945
6.671627044677734
6.502989292144775
6.470407485961914
6.244975566864014
6.187773704528809
5.980965614318848
5.906933784484863
5.66381311416626
5.602014541625977
5.361311435699463
5.256742000579834
5.009795188903809
4.8892951011657715
4.594729900360107
4.522464275360107
4.216049671173096
4.128362655639648
3.829380989074707
3.7644293308258057
3.482171058654785
3.4285504817962646
3.1618568897247314
3.0990653038024902
2.887948989868164
2.8331680297851562
2.6523377895355225
2.6079466342926025
2.4596774578094482
2.42690110206604
2.3050661087036133
2.2898058891296387
2.195540189743042
2.1743528842926025
2.1085383892059326
2.0964584350585938
2.045719861984253
2.0353713035583496
1.9990835189819336
1.991675615310669
1.9670416116714478
1.9609761238098145
1.9399956464767456
1.936244010925293
1.9225242137908936
1.9164398908615112
1.9067872762680054
1.901986002922058
1.8902302980422974
1.888024091720581
1.8826321363449097
1.8763229846954346
1.8721950054168701
1.8692741394042969
1.8610225915908813
1.861350178718567
1.8589046001434326
1.8598872423171997
1.852571725845337
1.8493376970291138
1.8463503122329712
1.846355676651001
1.8398464918136597
1.8378559350967407
1.8394054174423218
1.8389238119125366
1.8336994647979736
1.836301326751709
1.8263026475906372
1.8247805833816528
1.8248475790023804
1.821610689163208
1.8172581195831299
1.815659999847412
1.8143481016159058
1.8118999004364014
1.8150180578231812
1.8090850114822388
1.80885648727417
1.8074711561203003
1.80012845993042
1.8028268814086914
1.8001015186309814
1.7986540794372559
1.7953709363937378
1.792170524597168
1.7895926237106323
1.7864938974380493
1.7831127643585205
1.784803867340088
1.7809816598892212
1.7807644605636597
1.7788774967193604
1.7763588428497314
1.7755743265151978
1.7732939720153809
1.7686809301376343
1.7675682306289673
1.763831377029419
1.7636204957962036
1.7625328302383423
1.76188325881958
1.7582405805587769
1.7532950639724731
1.7517095804214478
1.7520653009414673
1.7467801570892334
1.7444703578948975
1.7454142570495605
1.7418240308761597
1.738914966583252
1.7389379739761353
1.7330759763717651
1.7331007719039917
1.731816053390503
1.728602647781372
1.7288897037506104
1.7279131412506104
1.7213817834854126
1.722585678100586
1.7162071466445923
1.7228074073791504
1.7137441635131836
1.709890365600586
1.7140237092971802
1.7115823030471802
1.7051323652267456
1.7024003267288208
1.7031440734863281
1.7018887996673584
1.697709560394287
1.6966546773910522
1.6928231716156006
1.6913963556289673
1.692322015762329
1.6899055242538452
1.6892038583755493
1.6858253479003906
1.6808947324752808
1.6821439266204834
1.6788617372512817
no squeeze
203.9188995361328
128.94223022460938
111.71772003173828
60.714229583740234
52.29166030883789
33.438472747802734
30.71800422668457
23.539560317993164
22.201126098632812
18.161100387573242
17.342676162719727
14.743175506591797
14.187150955200195
12.396154403686523
12.014725685119629
10.745722770690918
10.462443351745605
9.51445198059082
9.300370216369629
8.596148490905762
8.42417049407959
7.831204414367676
7.698235034942627
7.233922481536865
7.1228156089782715
6.70478630065918
6.61143684387207
6.234397888183594
6.13601541519165
5.7940778732299805
5.707348346710205
5.3993000984191895
5.308956623077393
5.009206295013428
4.937272548675537
4.645817279815674
4.5742621421813965
4.311277389526367
4.244073390960693
3.9947409629821777
3.9314587116241455
3.7132203578948975
3.6545357704162598
3.4495766162872314
3.401230812072754
3.226273775100708
3.1829793453216553
3.0255472660064697
2.9878323078155518
2.855008125305176
2.8211252689361572
2.710822582244873
2.6868233680725098
2.588920831680298
2.56038761138916
2.4771862030029297
2.4562323093414307
2.387253761291504
2.3710033893585205
2.3135433197021484
2.3015434741973877
2.2553446292877197
2.2451202869415283
2.2047250270843506
2.196321964263916
2.1663942337036133
2.1570510864257812
2.129908323287964
2.1231155395507812
2.0994534492492676
2.092670202255249
2.075925350189209
2.0725455284118652
2.0546791553497314
2.0498905181884766
2.0403168201446533
2.0361833572387695
2.021487236022949
2.0260307788848877
2.0101592540740967
2.006721019744873
1.9966882467269897
1.9927165508270264
1.9853051900863647
1.983747959136963
1.9795780181884766
1.9763007164001465
1.975003719329834
1.970186471939087
1.9641283750534058
1.9657937288284302
1.9632230997085571
1.956843614578247
1.9521095752716064
1.9500881433486938
1.948742151260376
1.9469808340072632
1.9454708099365234
1.9411908388137817
1.9385035037994385
1.9384664297103882
1.9360859394073486
1.9338546991348267
1.9307323694229126
1.9332733154296875
1.9293617010116577
1.9298392534255981
1.9246439933776855
1.9260462522506714
1.9220454692840576
1.9236515760421753
1.9218376874923706
1.9259649515151978
1.9221490621566772
no squeeze
191.0668182373047
55.30147933959961
44.46623229980469
25.539142608642578
22.871803283691406
15.872845649719238
14.68515396118164
11.65245246887207
11.190881729125977
10.026578903198242
9.84993839263916
9.439305305480957
9.38343620300293
9.238483428955078
9.220483779907227
9.174666404724121
9.226266860961914
9.143810272216797
9.155580520629883
9.142056465148926
9.138047218322754
9.13439655303955
9.150842666625977
9.153931617736816
