no squeeze
4.0761237144470215
1.476282000541687
0.8430649638175964
0.5873209834098816
0.3821922540664673
0.23245437443256378
0.20336724817752838
0.17216740548610687
0.12950365245342255
0.14351078867912292
0.10726522654294968
0.08544571697711945
0.1543746441602707
0.1144057959318161
0.0770304948091507
0.10667860507965088
0.1779140681028366
0.07778170704841614
0.06018386408686638
0.04984504356980324
0.06228425353765488
0.0588148795068264
0.05296202003955841
0.06430809199810028
0.050607819110155106
0.05692756921052933
0.037675365805625916
0.06376559287309647
0.05025916174054146
0.043708186596632004
0.03765139728784561
0.04323768988251686
0.04787544533610344
0.10773974657058716
0.038825806230306625
0.042858172208070755
0.02564910613000393
0.039278481155633926
0.0319412462413311
0.029590656980872154
0.05480330437421799
0.045729100704193115
0.031132347881793976
0.02743927761912346
0.03899044916033745
0.03179798647761345
0.03412901610136032
no squeeze
3.265031576156616
1.352081537246704
0.7719025015830994
0.5040644407272339
0.3666917085647583
0.21616695821285248
0.22345609962940216
0.1326550394296646
0.15694761276245117
0.08969946950674057
0.056954991072416306
0.04486089199781418
0.038683854043483734
0.03392033651471138
0.024203486740589142
0.029531098902225494
0.02525917813181877
0.023637467995285988
0.015199990943074226
0.01435023918747902
0.0135592520236969
0.013975321315228939
0.012971214950084686
0.013186798430979252
0.011638222262263298
0.015323934145271778
0.011657736264169216
0.026490453630685806
0.018487151712179184
0.012423491105437279
0.00866097491234541
0.013729303143918514
0.0091314148157835
0.006506614852696657
0.009406736120581627
0.00757791381329298
0.008968392387032509
0.00599127821624279
0.007389422506093979
0.007647383492439985
0.014326333999633789
0.007736611645668745
0.0056905597448349
0.009836194105446339
0.017053507268428802
0.009026522748172283
0.008152492344379425
0.01614001765847206
0.011300834827125072
0.011661151424050331
0.010808669961988926
0.010729328729212284
0.01509447954595089
no squeeze
4.533867835998535
1.4621444940567017
1.2243070602416992
0.8035552501678467
0.5292162895202637
0.5031024813652039
0.30593082308769226
0.2622795104980469
0.2175256609916687
0.18445660173892975
0.19420470297336578
0.12428876012563705
0.13526274263858795
0.10555390268564224
0.0868094190955162
0.06475628912448883
0.08721116930246353
0.07115955650806427
0.07044068723917007
0.05564134195446968
0.042955078184604645
0.08821375668048859
0.1419266164302826
0.06219901144504547
0.0330066904425621
0.03170795366168022
0.035108648240566254
0.026387056335806847
0.02426576055586338
0.026560595259070396
0.02005062997341156
0.021741827949881554
0.029217788949608803
0.01985623687505722
0.018002845346927643
0.017595766112208366
0.05711962282657623
0.045457616448402405
0.017311912029981613
0.012920359149575233
0.01272299513220787
0.011446543037891388
0.010110542178153992
0.01418493315577507
0.019418060779571533
0.015023486688733101
0.02325342781841755
0.022561509162187576
0.015406746417284012
0.010678185150027275
0.00970571581274271
0.011937413364648819
0.015619243495166302
0.01609279029071331
0.07972158491611481
0.02439669892191887
0.09628573060035706
0.04401585832238197
0.011060786433517933
0.009300637990236282
0.008349054493010044
0.015267372131347656
0.007624081801623106
0.006837295368313789
0.006018660496920347
0.00562047865241766
0.005904638674110174
0.016230570152401924
0.005541487131267786
0.010027000680565834
0.020200226455926895
0.013266343623399734
0.007597403135150671
0.043457310646772385
0.02416020631790161
0.03455172851681709
0.0331261046230793
0.013824754394590855
0.008495924063026905
no squeeze
4.65824031829834
2.0735440254211426
1.7071114778518677
1.4521764516830444
1.279219150543213
1.1300160884857178
1.0297744274139404
0.9408796429634094
0.8673018217086792
0.7804246544837952
0.7801377177238464
0.6839810609817505
0.64478600025177
0.6168729066848755
0.5840052962303162
0.5929080843925476
0.5502838492393494
0.49529528617858887
0.45373618602752686
0.4703947901725769
0.44796934723854065
0.37983739376068115
0.41121169924736023
0.40410223603248596
0.3390621840953827
0.3343978524208069
0.3147548735141754
0.3190346360206604
0.32864299416542053
0.29225826263427734
0.3126041889190674
0.2958366870880127
0.2509203255176544
0.26529231667518616
0.23814436793327332
0.24790146946907043
0.22207292914390564
0.22593295574188232
0.2075420320034027
0.21516744792461395
0.2287665754556656
0.19895286858081818
0.2004481852054596
0.1887139528989792
0.18023067712783813
0.18640169501304626
0.168060764670372
0.18377932906150818
0.18537665903568268
0.16790692508220673
0.16080312430858612
0.14897409081459045
0.15031106770038605
0.17170350253582
0.14599935710430145
0.181643545627594
0.1556037962436676
0.14755626022815704
0.1526670753955841
0.13556711375713348
0.12392687052488327
0.12479148060083389
0.14637209475040436
0.1108480766415596
0.13526564836502075
0.11234655231237411
0.11806456744670868
0.12498622387647629
0.13384921848773956
0.1300831139087677
0.10654857009649277
0.11072776466608047
0.10977103561162949
0.1086195558309555
0.10562498867511749
0.1087990328669548
0.09959708154201508
0.0938621535897255
0.12858463823795319
0.10611887276172638
0.09378209710121155
0.1018112525343895
0.09970634430646896
0.09174521267414093
0.09268470108509064
0.10094788670539856
0.08811453729867935
0.09235062450170517
0.08503122627735138
0.09775328636169434
0.09799767285585403
0.1025533452630043
0.1222660169005394
0.08664417266845703
0.08854213356971741
0.0854206383228302
0.10146351903676987
0.08897790312767029
0.07764437794685364
0.09762006253004074
0.08331725746393204
0.09809213131666183
0.07617199420928955
0.09340210258960724
0.10119666159152985
0.09043630957603455
0.07996395230293274
0.0944252461194992
0.08780571818351746
0.08912979811429977
0.07451620697975159
0.07561751455068588
0.07826118916273117
0.07987076789140701
0.08713825047016144
0.06967699527740479
0.08011248707771301
0.07307705283164978
0.07618440687656403
0.08316569775342941
0.0736333355307579
0.08079931885004044
0.07635041326284409
0.0701582059264183
0.0835985392332077
0.07073771208524704
no squeeze
5.011874675750732
1.8026002645492554
1.3065496683120728
1.0651005506515503
0.8712347149848938
0.7390418648719788
0.6856762766838074
0.5786573886871338
0.516477644443512
0.5500001311302185
0.4349873661994934
0.4109686315059662
0.3684762716293335
0.33901163935661316
0.3082813620567322
0.30638325214385986
0.26560738682746887
0.24973507225513458
0.22518445551395416
0.23768304288387299
0.222843199968338
0.19561181962490082
0.18236933648586273
0.2364249974489212
0.21008984744548798
0.20043690502643585
0.16585859656333923
0.14661410450935364
0.14387530088424683
0.14829961955547333
0.15723395347595215
0.15934211015701294
0.12864646315574646
0.1471957415342331
0.13427533209323883
0.1244283989071846
0.1296575367450714
0.12421929836273193
0.1431010216474533
0.1259334534406662
0.12029755860567093
0.12291977554559708
0.10679922252893448
0.10704517364501953
0.11340124905109406
0.10437995195388794
0.09005067497491837
0.12466481328010559
0.10880082845687866
0.09481986612081528
0.09105980396270752
0.08803139626979828
0.09149675071239471
0.1016777753829956
0.09084513038396835
0.08009269833564758
0.10317114740610123
0.10663533210754395
0.10430049896240234
0.07363638281822205
0.07318975031375885
0.08321532607078552
0.09327267110347748
0.06372363865375519
0.08246788382530212
0.091304250061512
0.0787782371044159
0.07178165018558502
0.10448078066110611
0.08347714692354202
0.07337535172700882
0.06660594046115875
0.06243395432829857
0.06279609352350235
0.05252554640173912
0.06436316668987274
0.07290088385343552
0.05554371327161789
0.0685184970498085
0.06379935890436172
0.0624111145734787
0.07576071470975876
0.055293384939432144
0.054635897278785706
0.04929763078689575
0.05107949301600456
0.06137906014919281
0.07719890773296356
0.06497189402580261
0.06055540218949318
0.0448075607419014
0.05448738858103752
0.07870309054851532
0.07033120095729828
0.0639740526676178
0.059274110943078995
0.04880158603191376
0.0503021702170372
0.05765583738684654
0.05011449009180069
0.04757380485534668
no squeeze
4.560733318328857
1.737497329711914
1.5783562660217285
1.002992868423462
0.9368905425071716
0.6594802737236023
0.6219788789749146
0.663591742515564
0.7090464234352112
0.526127278804779
0.6255268454551697
0.8554703593254089
0.6935721039772034
0.7231444120407104
0.8159807324409485
0.7132484912872314
0.6901076436042786
0.6282212138175964
0.49362802505493164
0.8763812184333801
0.6492575407028198
0.5848644971847534
0.5101086497306824
0.734810471534729
0.2882641851902008
0.6869445443153381
0.7274008989334106
0.5822052955627441
0.4457804262638092
0.38199764490127563
0.549396276473999
0.4041266143321991
0.614736020565033
1.0150656700134277
0.5581352114677429
