no squeeze
13.996929168701172
1.0888079404830933
0.7921459674835205
0.26742446422576904
0.21716231107711792
0.112614706158638
0.09719748049974442
0.05590919405221939
0.048543646931648254
0.028026174753904343
0.024369515478610992
0.014629282057285309
0.012953407131135464
0.008349849842488766
0.00755000114440918
0.005373080261051655
0.004955352284014225
0.003847946645691991
0.003654057625681162
0.003068686928600073
0.002961669350042939
0.0027046576142311096
0.0026179119013249874
0.002374468371272087
0.0023336587473750114
0.0022013697307556868
0.0021586017683148384
0.0020304424688220024
0.002001411048695445
0.0019152102759107947
0.00193705630954355
0.0018114658305421472
0.001795165124349296
0.0017265969654545188
0.0017139377305284142
0.0016643124399706721
0.0016516438918188214
0.0016036431770771742
0.0015986576909199357
0.001578511786647141
0.0015718358336016536
0.0015408623730763793
0.00152656901627779
0.0015211428981274366
0.0015103764599189162
0.0014912274200469255
0.001492840237915516
0.001475105294957757
0.0014690052485093474
0.0014613693347200751
0.0014694989658892155
0.0014596296241506934
0.0014546130551025271
0.0014508836902678013
0.0014537005918100476
0.0014474202180281281
0.0014516802038997412
0.001445899368263781
0.0014466852881014347
0.001440826221369207
0.00144518434535712
0.0014485594583675265
no squeeze
12.77895736694336
1.6040879487991333
1.4050182104110718
1.059539794921875
1.0244544744491577
0.9464743733406067
0.9327400326728821
0.904077410697937
0.9009245038032532
0.8916060924530029
0.8886309266090393
0.8861208558082581
0.8841302990913391
0.881798505783081
0.881931722164154
0.880018949508667
0.880040168762207
0.8817424178123474
no squeeze
14.94206714630127
1.9598915576934814
1.4745033979415894
0.6467280387878418
0.5614922046661377
0.35891520977020264
0.32341066002845764
0.22365371882915497
0.2039666324853897
0.14579559862613678
0.1339775174856186
0.09814853221178055
0.0908312276005745
0.06845143437385559
0.0639585480093956
0.04993670806288719
0.0470418818295002
0.03776217997074127
0.03578156232833862
0.02965283766388893
0.02831242047250271
0.024037722498178482
0.023037539795041084
0.02020597830414772
0.01952936314046383
0.017081808298826218
0.0165801290422678
0.014833735302090645
0.014474170282483101
0.013077768497169018
0.012775463052093983
0.011655356734991074
0.01130894385278225
0.010417372919619083
0.010188027285039425
0.009430265054106712
0.009236562997102737
0.008538505993783474
0.008385110646486282
0.007774725556373596
0.007634567096829414
0.007110327947884798
0.006995598319917917
0.006582905072718859
0.006476127076894045
0.00604522367939353
0.005963082890957594
0.005653135944157839
0.005561523139476776
0.00526023842394352
0.0051683299243450165
0.0049177189357578754
0.004858482629060745
0.004656956996768713
0.004593566060066223
0.004405012354254723
0.004312135279178619
0.004060295410454273
0.004000945948064327
0.0038350459653884172
0.003839195938780904
0.003620406612753868
0.0036092521622776985
0.0034107640385627747
0.0034031770192086697
0.003258690470829606
0.003230300499126315
0.0030972682870924473
0.003102069953456521
0.002986364532262087
0.002945955377072096
0.002808675868436694
0.002826269017532468
0.002721084514632821
0.002687100088223815
0.002641907660290599
0.002609307412058115
0.0025291021447628736
0.0024988555815070868
0.002409416949376464
0.002405076287686825
0.0023784965742379427
0.0023535185027867556
0.002275458537042141
0.0022515372838824987
0.0022312933579087257
0.002193671418353915
0.002156624337658286
0.002130198758095503
0.002065642736852169
0.002070025308057666
0.0020567781757563353
0.0020213904790580273
0.001985603477805853
0.001983142690733075
0.0019278465770184994
0.0019351016962900758
0.001878902898170054
0.0019088814733549953
0.0018583331257104874
0.001855498761869967
0.001835383358411491
0.0018252531299367547
0.0018365193391218781
0.0018075797706842422
0.0017610014183446765
0.0017654509283602238
0.0017324122600257397
0.0017406613333150744
0.0017500498797744513
no squeeze
14.263557434082031
6.1261372566223145
5.126555919647217
3.251461982727051
2.9989616870880127
2.364238977432251
2.252427101135254
1.9330198764801025
1.871687889099121
1.6845968961715698
1.643990397453308
1.522979497909546
1.4954774379730225
1.413282036781311
1.3950049877166748
1.3387154340744019
1.3278475999832153
1.2840627431869507
1.2741258144378662
1.2442364692687988
1.2360332012176514
1.2128056287765503
1.2059721946716309
1.1876459121704102
1.1833058595657349
1.1661746501922607
1.1625922918319702
1.1478215456008911
1.1451442241668701
1.1315282583236694
1.1283342838287354
1.1156584024429321
1.1136904954910278
1.1012885570526123
1.0970269441604614
1.0850803852081299
1.0820834636688232
1.0708670616149902
1.0683389902114868
1.0572035312652588
1.0524405241012573
1.042209267616272
1.0398211479187012
1.0280852317810059
1.0258116722106934
1.0137138366699219
1.0109387636184692
1.001639485359192
0.9981108903884888
0.9866947531700134
0.9842029213905334
0.9743574857711792
0.9708455801010132
0.9612709879875183
0.9582483768463135
0.949681282043457
0.9473565816879272
0.9366453289985657
0.9335336089134216
0.9261179566383362
0.9226877689361572
0.9124631285667419
0.909966230392456
0.901159405708313
0.8997663855552673
0.8896200060844421
0.8888494372367859
0.8798539638519287
0.8789840340614319
0.8705849647521973
0.8680153489112854
0.8602023720741272
0.8575153350830078
0.85089111328125
0.8479459881782532
0.8412794470787048
0.8394975662231445
0.8316671252250671
0.8296622633934021
0.8225331902503967
0.8216339945793152
0.8148177862167358
0.8123915791511536
0.8073638677597046
0.8060203790664673
0.7985767722129822
0.7988532185554504
0.7918444871902466
0.7909052968025208
0.7840657234191895
0.7840940952301025
0.776903510093689
0.7774613499641418
0.7716022729873657
0.7700979709625244
0.7665119767189026
0.7643042802810669
0.7601190805435181
0.7591760754585266
0.7566556334495544
0.7555258870124817
0.7508060336112976
0.7515800595283508
0.7458229660987854
0.7448930740356445
0.7424259185791016
0.7412350177764893
0.7388023734092712
0.7370364665985107
0.7342683672904968
0.7335705161094666
0.7308111786842346
0.730989933013916
0.7282441258430481
0.7277577519416809
0.7275617718696594
0.725856602191925
0.7221701741218567
0.7217995524406433
0.7198479771614075
0.7193616032600403
0.7172157764434814
0.7166405320167542
0.714106559753418
0.7133917808532715
0.7133585214614868
0.7126551270484924
0.7094470262527466
0.7093146443367004
0.7084718346595764
0.7071720361709595
0.705687403678894
0.7055358290672302
0.7040855288505554
0.7038384079933167
0.7009298205375671
0.7008594870567322
0.7000687122344971
0.6992468237876892
0.6976354718208313
0.6988744139671326
0.6947925090789795
0.6956360936164856
0.6939974427223206
0.6931414008140564
0.6914227604866028
0.6903764009475708
0.6902986168861389
0.6902766227722168
0.6881380081176758
0.6889153718948364
0.6859968304634094
0.6863665580749512
0.6851857900619507
0.6835393309593201
0.682479977607727
0.6811599731445312
0.6815001964569092
0.6808478236198425
0.6789346933364868
0.6792632341384888
0.6769754886627197
0.6782113313674927
0.6754266023635864
0.6771267652511597
0.674209475517273
0.6738461852073669
0.6720783710479736
0.6711911559104919
0.6712643504142761
0.6712351441383362
0.6700470447540283
0.6691956520080566
0.6689003705978394
0.669780433177948
0.6673334240913391
0.6666935086250305
0.6654916405677795
0.6645570993423462
0.663245439529419
0.6666719913482666
0.6620795726776123
0.6623578071594238
0.6606071591377258
0.6606923937797546
0.6590385437011719
0.6601935029029846
0.658900260925293
0.658458411693573
0.6572691798210144
0.6579214930534363
0.6566245555877686
0.6563997864723206
0.6545596718788147
0.6541223526000977
0.653734028339386
0.6542622447013855
0.6532190442085266
0.6528739929199219
0.6510412693023682
no squeeze
14.12663459777832
3.2820401191711426
2.7515347003936768
1.7934907674789429
1.6679983139038086
1.3447810411453247
1.2882136106491089
1.1285640001296997
1.0971949100494385
1.0140974521636963
0.9965516924858093
0.9486432671546936
0.9390463829040527
0.9091421365737915
0.9034993648529053
0.8841228485107422
0.8789146542549133
0.8637761473655701
0.8609957098960876
0.8494068384170532
0.8469184041023254
0.8376539349555969
0.8352400660514832
0.8283044099807739
0.8263748288154602
0.8211045265197754
0.8203360438346863
0.8140275478363037
0.8133727312088013
0.8095586895942688
0.8077558279037476
0.8032352328300476
0.8022967576980591
0.7973902821540833
0.7974399924278259
0.7941746711730957
0.7934255003929138
0.7900322675704956
0.7904796004295349
0.7865698337554932
0.7883850932121277
0.7836145758628845
0.7833254337310791
0.7810057997703552
0.7839756011962891
0.7771142721176147
0.7784153819084167
0.7762090563774109
0.7758885622024536
0.7738825082778931
0.7735898494720459
0.7731858491897583
0.7722043991088867
0.7700765132904053
0.7705340385437012
0.7693043947219849
0.7676487565040588
0.7674717903137207
0.7677139639854431
0.7659705281257629
0.7659502625465393
0.7648667097091675
0.7637494802474976
0.7632428407669067
0.7631075978279114
0.7634880542755127
0.7625073790550232
0.7629648447036743
0.7618527412414551
0.7603063583374023
0.7615199089050293
0.7597753405570984
0.760132908821106
0.7592024803161621
0.7594577074050903
0.7594106793403625
no squeeze
12.930159568786621
1.8468983173370361
1.7355921268463135
1.648935317993164
1.6472992897033691
1.6459697484970093
1.6446037292480469
1.648194432258606
1.6484301090240479
1.6481831073760986
