no squeeze
2.3617522716522217
0.0573970302939415
0.029917646199464798
0.004206885118037462
0.003193523734807968
0.0019346204353496432
0.0018174025462940335
0.001538826385512948
0.0015005833702161908
0.0014229064108803868
0.0014181903097778559
0.0013735588872805238
0.0013651129556819797
0.0013364132028073072
0.0013348537031561136
0.0013127521378919482
0.0013082040240988135
0.001289041480049491
0.0012904450995847583
0.0012718156212940812
0.0012748412555083632
0.001255439012311399
0.0012506600469350815
0.0012403677683323622
0.0012368544703349471
0.0012246466940268874
0.001230385503731668
0.0012201294302940369
0.0012179462937638164
0.0012116366997361183
0.0012079015141353011
0.0011972307693213224
0.0012025099713355303
0.0011989243794232607
no squeeze
2.3264482021331787
0.1240965723991394
0.08160258829593658
0.026071229949593544
0.021405743435025215
0.013398336246609688
0.012475277297198772
0.010536651127040386
0.010261766612529755
0.009694907814264297
0.009604164399206638
0.009383436292409897
0.009406051598489285
0.009329031221568584
0.009297596290707588
0.009262435138225555
0.009240713901817799
0.009273342788219452
0.009253442287445068
0.009243042208254337
no squeeze
2.47861909866333
0.18605807423591614
0.13012570142745972
0.05225570499897003
0.04406566172838211
0.02580166794359684
0.022744182497262955
0.014558471739292145
0.013161473907530308
0.009292518720030785
0.008518652059137821
0.006390533410012722
0.005944515112787485
0.004665018524974585
0.004415921401232481
0.0036874874494969845
0.0035021069925278425
0.0029628369957208633
0.0028589684516191483
0.0025231854524463415
0.0024329291190952063
0.002183876233175397
0.0021261763758957386
0.0019479765323922038
0.0019099835772067308
0.001763531705364585
0.0017398686613887548
0.0016425747890025377
0.0016147419810295105
0.0015394004294648767
0.0015276807826012373
0.0014787404797971249
0.001472545089200139
0.0014218465657904744
0.0014130474301055074
0.001381297828629613
0.0013765733456239104
0.001340827438980341
0.001334998058155179
0.0013194030616432428
0.0013042138889431953
0.0012801403645426035
0.001282157376408577
0.0012683420209214091
0.0012607906246557832
0.0012436826946213841
0.0012403929140418768
0.0012384301517158747
0.0012408337788656354
0.0012326169526204467
0.0012187524698674679
0.0012068836949765682
0.0012000709539279342
0.0011982816504314542
0.001194406533613801
0.0011854054173454642
0.0011993447551503778
0.0011871653841808438
no squeeze
2.488172769546509
0.4699704051017761
0.38653042912483215
0.24950850009918213
0.23115980625152588
0.18295451998710632
0.17402726411819458
0.14325959980487823
0.1369580775499344
0.11542791873216629
0.11063381284475327
0.09483752399682999
0.09182442724704742
0.07946760952472687
0.07697689533233643
0.06878853589296341
0.06684897840023041
0.05999617651104927
0.05836434289813042
0.053361013531684875
0.0524822399020195
0.04845662787556648
0.048132263123989105
0.04571009427309036
0.04530170187354088
0.042058512568473816
0.04270700365304947
0.04048611596226692
0.03976525738835335
0.03911437839269638
0.03829367458820343
0.03782806918025017
0.03788438066840172
0.0368700809776783
0.036834266036748886
0.03626225143671036
0.0369282029569149
0.036122288554906845
0.035891078412532806
0.035792965441942215
0.03507973253726959
0.03557157889008522
0.03689192235469818
0.03450542688369751
0.034600045531988144
0.03440706431865692
0.03439076617360115
0.03391121327877045
0.03383605182170868
0.0332736037671566
0.03335553780198097
0.03303201124072075
0.03299306333065033
0.03258586674928665
0.0326358787715435
0.031987063586711884
0.03191160410642624
0.03170002996921539
0.03158814087510109
0.031507689505815506
0.031081892549991608
0.030311906710267067
0.03045673482120037
0.029719194397330284
0.029422592371702194
0.02898549474775791
0.0287749245762825
0.028691783547401428
0.02808268927037716
0.028157660737633705
0.028032535687088966
0.02608989179134369
0.025667792186141014
0.02476046234369278
0.024196438491344452
0.022216537967324257
0.021754221990704536
0.02032458782196045
0.01910054124891758
0.016907721757888794
0.01647265814244747
0.01429497729986906
0.01384202390909195
0.012689987197518349
0.012731747701764107
0.012031840160489082
0.011861424893140793
0.011530742049217224
0.011558382771909237
0.011339819058775902
0.01138690859079361
0.01125989481806755
0.01123987790197134
0.011260057799518108
0.011237777769565582
0.011181572452187538
0.011178096756339073
0.01122292410582304
0.011151906102895737
0.011204108595848083
0.011193153448402882
0.011173414997756481
no squeeze
2.8289151191711426
0.35855624079704285
0.2779974937438965
0.1482660174369812
0.1321781575679779
0.09254644066095352
0.08580213785171509
0.06590185314416885
0.06222355738282204
0.05000583827495575
0.04743565246462822
0.03969099745154381
0.03765661641955376
0.032019056379795074
0.030791038647294044
0.026935435831546783
0.025932082906365395
0.02289205603301525
0.02223808504641056
0.019879017025232315
0.019384434446692467
0.017668591812253
0.017421629279851913
0.015908721834421158
0.01564360223710537
0.014551421627402306
0.014406400732696056
0.013597567565739155
0.013372289948165417
0.012857858091592789
0.012737780809402466
0.012245486490428448
0.012192551046609879
0.011781860142946243
0.011698389425873756
0.011448008939623833
0.01149162370711565
0.011204361915588379
0.011241958476603031
0.010971155017614365
0.010959886945784092
0.010873177088797092
0.010761271230876446
0.010639792308211327
0.010714670643210411
0.010521478950977325
0.010539683513343334
0.010493298061192036
0.010499317198991776
0.010437236167490482
0.010432018898427486
0.01031735073775053
0.010362481698393822
0.010273069143295288
0.010301198810338974
0.010254701599478722
0.01032088603824377
0.01037691067904234
no squeeze
2.442040205001831
0.08278345316648483
0.06261582672595978
0.04533511772751808
0.04498504102230072
0.04496632143855095
0.04617457836866379
0.0449482761323452
0.043929651379585266
0.044323280453681946
0.04387827590107918
0.04350896552205086
0.04331325367093086
0.04356842115521431
0.044872529804706573
0.04394286498427391
