no squeeze
156.2575225830078
72.2289810180664
57.249244689941406
24.954740524291992
21.044389724731445
12.232994079589844
10.831910133361816
7.003336429595947
6.307581424713135
4.281703948974609
3.898055076599121
2.750171422958374
2.5196423530578613
1.8209518194198608
1.6834003925323486
1.2462810277938843
1.1551100015640259
0.8732456564903259
0.8132166862487793
0.628211498260498
0.5894423723220825
0.4659745991230011
0.44099652767181396
0.3627919852733612
0.3474174439907074
0.29876673221588135
0.2887604832649231
0.25708383321762085
0.25086483359336853
0.23099184036254883
0.2269943803548813
0.21318088471889496
0.21051424741744995
0.2020915299654007
0.20020869374275208
0.19418668746948242
0.19293475151062012
0.18920892477035522
0.18832916021347046
0.18560366332530975
0.18481847643852234
0.18269671499729156
0.18216872215270996
0.18050000071525574
0.18005965650081635
0.1786426156759262
0.17838607728481293
0.17738249897956848
0.1773725003004074
0.17636580765247345
0.17603430151939392
0.17535120248794556
0.17509423196315765
0.17449690401554108
0.17416439950466156
0.1739370971918106
0.17345301806926727
0.17297764122486115
0.17274947464466095
0.17225518822669983
0.1723233312368393
0.17156575620174408
0.17155255377292633
0.17104460299015045
0.17085818946361542
0.17045146226882935
0.17031899094581604
0.16978317499160767
0.16969862580299377
0.16937355697155
0.1692647486925125
0.16873957216739655
0.16867928206920624
0.16829688847064972
0.1684858798980713
0.16795246303081512
0.16788296401500702
0.16741380095481873
0.16725890338420868
0.16681507229804993
0.16674281656742096
0.16664567589759827
0.1665036976337433
0.1660652756690979
0.16627326607704163
0.16576124727725983
0.16586220264434814
0.1654897779226303
0.16540732979774475
0.16495810449123383
0.1648779660463333
0.16491350531578064
0.16533131897449493
0.16487032175064087
0.1647881269454956
0.16415077447891235
0.1642003059387207
0.16408811509609222
0.1644030660390854
0.1639861762523651
0.1636601686477661
0.16363893449306488
0.16334979236125946
0.16322442889213562
0.16309088468551636
0.16305379569530487
0.16323094069957733
0.16283714771270752
0.16272255778312683
0.1629236340522766
0.16270935535430908
0.1630396544933319
0.16266895830631256
0.16237898170948029
0.16232629120349884
0.16232800483703613
0.16265083849430084
0.1622927337884903
0.162014439702034
0.1619657725095749
0.1619134247303009
0.16192014515399933
0.16184024512767792
0.16186591982841492
0.16224882006645203
0.16180016100406647
0.16194476187229156
0.16225959360599518
no squeeze
154.17562866210938
80.9731674194336
65.8814468383789
29.8796329498291
25.219768524169922
14.49135971069336
12.729269027709961
8.019195556640625
7.205338954925537
4.918992042541504
4.4952874183654785
3.2830088138580322
3.0667755603790283
2.377241611480713
2.237149715423584
1.8035181760787964
1.7170329093933105
1.4252538681030273
1.365898847579956
1.163162350654602
1.1185158491134644
0.9705511331558228
0.9383729100227356
0.8315120339393616
0.8081521391868591
0.7247390747070312
0.7064304947853088
0.6462706923484802
0.6298897862434387
0.5805290341377258
0.568551778793335
0.5326313376426697
0.5229380130767822
0.4893663227558136
0.4831567108631134
0.457072913646698
0.45192137360572815
0.4309830069541931
0.42631688714027405
0.40726518630981445
0.40292224287986755
0.3867402970790863
0.3832847476005554
0.3704926669597626
0.36685091257095337
0.35459092259407043
0.3515256941318512
0.3426327705383301
0.34035763144493103
0.3308083117008209
0.3288863003253937
0.32394614815711975
0.3206115961074829
0.31145763397216797
0.30918025970458984
0.303830087184906
0.3024219870567322
0.2967289388179779
0.2947913706302643
0.28907135128974915
0.287752628326416
0.28350991010665894
0.28224682807922363
0.2788132131099701
0.27667587995529175
0.2728577256202698
0.2723377048969269
0.2665100693702698
0.26587265729904175
0.2618769705295563
0.2611473500728607
0.2582782804965973
0.25750523805618286
0.25341731309890747
0.25220823287963867
0.25008830428123474
0.2488674372434616
0.24521569907665253
0.24441079795360565
0.24199220538139343
0.24128031730651855
0.23969422280788422
0.2380831092596054
0.23529867827892303
0.23632188141345978
0.2316453605890274
0.23087875545024872
0.22923612594604492
0.22808629274368286
0.2264026254415512
0.22604216635227203
0.22308993339538574
0.22238925099372864
0.22086256742477417
0.2200402319431305
0.21857105195522308
0.2225189208984375
0.21541070938110352
0.2152813971042633
0.21294331550598145
0.21332509815692902
0.2109793871641159
0.21066930890083313
0.2089325487613678
0.20833364129066467
0.20759962499141693
0.2067393958568573
0.20552869141101837
0.20482274889945984
0.20343956351280212
0.20316681265830994
0.20242851972579956
0.2021513283252716
0.20059984922409058
0.2002483457326889
0.19897399842739105
0.19912131130695343
0.19800764322280884
0.1975969821214676
0.19686387479305267
0.19678308069705963
0.19603030383586884
0.1958274394273758
0.19523482024669647
0.1953214555978775
0.19414153695106506
0.1939212530851364
0.1935783475637436
0.19323045015335083
0.19246806204319
0.19234627485275269
0.1917271614074707
0.1917659342288971
0.19171717762947083
0.19143247604370117
0.19060878455638885
0.19072572886943817
0.19011521339416504
0.19024427235126495
0.1900147944688797
0.19010277092456818
0.18957141041755676
0.18921031057834625
0.18910032510757446
0.1892276406288147
0.18854723870754242
0.18866504728794098
0.1883549690246582
0.18843837082386017
0.18796175718307495
0.188479945063591
0.18793517351150513
0.18796859681606293
0.1884896457195282
no squeeze
154.2558135986328
80.05168914794922
65.98097229003906
31.66400146484375
26.746267318725586
15.473278999328613
13.769632339477539
9.249839782714844
8.4597806930542
6.083367824554443
5.6044793128967285
4.113606929779053
3.807487964630127
2.8354721069335938
2.631669044494629
1.9871491193771362
1.8505403995513916
1.4184861183166504
1.3271807432174683
1.0383299589157104
0.9780290126800537
0.7850929498672485
0.7435685396194458
0.6112188100814819
0.5832198262214661
0.49200212955474854
0.4723913371562958
0.40897712111473083
0.395285964012146
0.35159674286842346
0.3408234715461731
0.3064608573913574
0.29882511496543884
0.2734874188899994
0.26781943440437317
0.24841620028018951
0.24428120255470276
0.22965621948242188
0.226304292678833
0.21518434584140778
0.21229717135429382
0.20290520787239075
0.20067939162254333
0.19267049431800842
0.1911352127790451
0.18495874106884003
0.18362261354923248
0.17877297103405
0.1775592416524887
0.17367041110992432
0.17252707481384277
0.16896075010299683
0.1679483950138092
0.1646919697523117
0.1641872525215149
0.1619359850883484
0.16142895817756653
0.15917779505252838
0.15880407392978668
0.15696382522583008
0.1564207822084427
0.15472550690174103
0.154498890042305
0.15326529741287231
0.153029665350914
0.15190516412258148
0.15145789086818695
0.15048164129257202
0.15032389760017395
0.14944276213645935
0.1494869738817215
0.14837831258773804
0.14829213917255402
0.14765317738056183
0.14753074944019318
0.14696574211120605
0.1466338336467743
0.14618906378746033
0.14626988768577576
0.14580117166042328
0.14564302563667297
0.14507730305194855
0.14492888748645782
0.14494189620018005
0.1446356177330017
0.14417926967144012
0.14422228932380676
0.14417393505573273
0.14407603442668915
0.14352016150951385
0.14365729689598083
0.1434585154056549
0.14329874515533447
0.14303278923034668
0.1434132605791092
0.14300301671028137
0.14293363690376282
0.14256729185581207
0.14256487786769867
0.14236919581890106
0.14215674996376038
0.14223164319992065
0.1422457993030548
0.14218522608280182
no squeeze
156.75547790527344
118.93421173095703
106.8281478881836
61.641143798828125
53.24764633178711
34.95454788208008
32.33076477050781
25.192930221557617
23.831220626831055
19.651145935058594
18.76873016357422
15.939958572387695
15.329639434814453
13.263031959533691
12.797307014465332
11.259349822998047
10.906895637512207
9.738936424255371
9.472100257873535
8.604292869567871
8.3900728225708
7.712540149688721
7.559308052062988
7.0530500411987305
6.963083267211914
6.5541672706604
6.473326683044434
6.198736667633057
6.1335530281066895
5.926257610321045
5.93903923034668
5.7220611572265625
5.686214923858643
5.611852645874023
5.552328586578369
5.434479236602783
5.4361066818237305
5.329896926879883
5.31416130065918
5.254222869873047
5.229835033416748
5.167977809906006
5.1555657386779785
5.096595764160156
5.0801682472229
5.035804748535156
5.0167460441589355
4.985260486602783
4.947952747344971
4.910617351531982
4.8800368309021
4.8199334144592285
4.8095383644104
4.738658905029297
4.7326812744140625
4.6508989334106445
4.628446578979492
4.556131362915039
4.530550479888916
4.436323165893555
4.421827793121338
4.308093547821045
4.278641700744629
4.15606689453125
4.132730484008789
3.9834084510803223
3.941042900085449
3.7772140502929688
3.741353988647461
3.566132068634033
3.5407607555389404
3.2805018424987793
3.2168691158294678
2.972303628921509
2.9067976474761963
2.6443932056427
2.5717334747314453
2.291181802749634
2.2187929153442383
1.939497470855713
1.866734504699707
1.5761445760726929
1.5093764066696167
1.3050957918167114
1.212640404701233
1.0091074705123901
0.956341028213501
0.7867957949638367
0.7573410868644714
0.6327455639839172
0.609575092792511
0.5210907459259033
0.5023133158683777
0.44477567076683044
0.4326978325843811
0.39526453614234924
0.3872358500957489
0.3609638810157776
0.3572207987308502
0.3408072590827942
0.3380586802959442
0.3270532488822937
0.3235139846801758
0.3162429630756378
0.3146483898162842
0.3092711865901947
0.3083728849887848
0.30311888456344604
0.3007716238498688
0.3023921847343445
0.29923340678215027
0.2979028820991516
0.2957902252674103
0.2938341498374939
0.2933959662914276
0.29302147030830383
0.29643702507019043
0.29063570499420166
0.2921724319458008
0.29059168696403503
0.2898903489112854
0.2943560779094696
0.2924158275127411
0.28812944889068604
0.2891688346862793
0.2889401614665985
no squeeze
153.8565216064453
80.25666809082031
66.84932708740234
34.59084701538086
30.153539657592773
19.976863861083984
18.365398406982422
14.027068138122559
13.226347923278809
10.892688751220703
10.424277305603027
8.964356422424316
8.646259307861328
7.601263523101807
7.3704142570495605
6.580117225646973
6.390573501586914
5.738550186157227
5.622797966003418
5.031920909881592
4.91199254989624
4.415536403656006
4.299445152282715
3.8630316257476807
3.756382465362549
3.3581764698028564
3.2607216835021973
2.905668020248413
2.8229169845581055
2.495577335357666
2.4400315284729004
2.121633768081665
2.0540640354156494
1.7993197441101074
1.7390989065170288
1.5232294797897339
1.471662998199463
1.284515619277954
1.2411295175552368
1.0906116962432861
1.0566508769989014
0.9351814389228821
0.9059074521064758
0.8129313588142395
0.7910630106925964
0.7112651467323303
0.6940218806266785
0.6341793537139893
0.6200544238090515
0.5716671347618103
0.5604954361915588
0.5225488543510437
0.5144599080085754
0.4861341714859009
0.4785594642162323
0.4547426700592041
0.4488087296485901
0.4328742027282715
0.426058828830719
0.4086647629737854
0.4049225151538849
0.39349502325057983
0.3894196152687073
0.3804349899291992
0.37697383761405945
0.36656028032302856
0.36525699496269226
0.3573108911514282
0.35543274879455566
0.34949082136154175
0.34703391790390015
0.3418176472187042
0.3400467336177826
0.33656519651412964
0.338270366191864
0.33397698402404785
0.3300143778324127
0.3253993093967438
0.32874882221221924
0.32189038395881653
0.3221701681613922
0.3181665241718292
0.31718015670776367
0.3163403272628784
0.3144872784614563
0.3128167390823364
0.3118019700050354
0.3116503953933716
0.3092738687992096
0.3080066442489624
0.307029128074646
0.3074437379837036
0.305997371673584
0.3050438165664673
0.30373281240463257
0.303535521030426
0.30634066462516785
0.30187538266181946
0.30068880319595337
0.2989789843559265
0.3032880127429962
0.30016329884529114
no squeeze
154.5914306640625
18.1615047454834
14.008058547973633
8.054473876953125
7.4713616371154785
6.351517677307129
6.216983318328857
5.93543815612793
5.9125142097473145
5.820178031921387
5.81063985824585
5.799544811248779
5.831281661987305
5.773541450500488
5.769732475280762
5.7725114822387695
5.826418876647949
5.7796311378479
