no squeeze
9.901545524597168
2.8863680362701416
1.5680612325668335
1.0468324422836304
0.9340006113052368
0.5404523611068726
0.5315645337104797
0.5180640816688538
0.4092458486557007
0.4270452558994293
0.4787154197692871
0.4591386914253235
0.48201078176498413
0.36617511510849
0.4329136312007904
0.4631415903568268
0.4691224992275238
0.3796174228191376
0.30834659934043884
0.28744131326675415
0.3887197971343994
0.377670019865036
0.3588620126247406
0.3346676230430603
0.42256128787994385
0.4157193601131439
0.3007653057575226
0.30400025844573975
0.41855379939079285
0.3095442056655884
no squeeze
9.322263717651367
2.609671115875244
1.3680459260940552
0.9251760244369507
0.5785555839538574
0.507420003414154
0.5878509879112244
0.3309473991394043
0.3963637053966522
0.4003939926624298
0.2060268521308899
0.2633431851863861
0.21325482428073883
0.2744368314743042
0.23464491963386536
0.24346740543842316
0.2526606023311615
0.29133445024490356
0.22650793194770813
0.17906244099140167
0.15538717806339264
0.17650456726551056
0.14660608768463135
0.17771127820014954
0.1895255595445633
0.12207631766796112
0.22483503818511963
0.23282141983509064
0.3577357232570648
0.34753045439720154
0.12993565201759338
0.11169043183326721
0.12122926115989685
0.1114131510257721
0.18337588012218475
0.11738163977861404
0.10152178257703781
0.09481783211231232
0.22689037024974823
0.14154012501239777
0.11546537280082703
0.1733330488204956
0.18050336837768555
0.26236438751220703
0.2542124390602112
0.09925446659326553
0.09033597260713577
0.07392831146717072
0.09769775718450546
0.07309761643409729
0.07129815965890884
0.09408874809741974
0.1053733229637146
0.08870653808116913
0.05657560005784035
0.13184002041816711
0.25138768553733826
0.13724969327449799
0.18313336372375488
0.07776180654764175
0.07600682228803635
0.08016536384820938
0.14747364819049835
0.043121326714754105
0.05795455351471901
0.04307074099779129
0.03634615242481232
0.07719171047210693
0.09774723649024963
0.16971173882484436
0.05393381416797638
0.09310414642095566
0.11944867670536041
0.06925583630800247
0.10676051676273346
0.08939439058303833
0.07074608653783798
no squeeze
9.979941368103027
3.459280014038086
2.4757308959960938
1.9736599922180176
1.301190733909607
1.218875765800476
1.1927357912063599
1.0266839265823364
0.8243749141693115
0.6801292300224304
0.48085883259773254
0.6509082317352295
0.45530781149864197
0.4283943772315979
0.3399450480937958
0.4678022265434265
0.5005358457565308
0.5220988988876343
0.5348970890045166
0.6113394498825073
0.4225063621997833
0.5377572178840637
0.42784956097602844
0.3773435652256012
0.25593993067741394
0.3806629776954651
0.2639089822769165
0.23006491363048553
0.2986622750759125
0.36724352836608887
0.29347914457321167
0.24940502643585205
0.19850961863994598
0.2381550669670105
0.1935291290283203
0.16227732598781586
0.21079030632972717
0.1619247943162918
0.1874047815799713
0.22283102571964264
0.13460592925548553
0.14464811980724335
0.16249088943004608
0.13381941616535187
0.3454304337501526
0.3194209933280945
0.17290198802947998
0.26455989480018616
0.26778215169906616
0.26313093304634094
0.16478338837623596
0.29867514967918396
0.1943918913602829
0.4222792088985443
no squeeze
9.322148323059082
3.6713685989379883
2.7752420902252197
2.1847939491271973
1.8317633867263794
1.5579534769058228
1.3198057413101196
1.2496616840362549
1.1256294250488281
0.9819808602333069
0.9524534940719604
0.9401928782463074
0.8481545448303223
0.8211803436279297
0.7485918402671814
0.6826421618461609
0.6993234753608704
0.704779326915741
0.6012882590293884
0.5863695740699768
0.6179134249687195
0.5813323855400085
0.6062238812446594
0.5758782625198364
0.5025668740272522
0.4761521518230438
0.48393696546554565
0.48642632365226746
0.48590895533561707
0.46273958683013916
0.49657756090164185
0.4774918854236603
0.47048553824424744
0.41637885570526123
0.4184325933456421
0.43117836117744446
0.3989836573600769
0.37618589401245117
0.3911983072757721
0.4260958433151245
0.4336096942424774
0.3747677505016327
0.33333125710487366
0.36314964294433594
0.36535799503326416
0.3487488329410553
0.3234262764453888
0.3411981165409088
0.3455156087875366
0.4090162515640259
0.2932244539260864
0.30094489455223083
0.2859683036804199
0.2986544072628021
0.33367249369621277
0.28599977493286133
0.3084554672241211
0.27089300751686096
0.3019111752510071
0.2905215620994568
0.3210009038448334
0.26221907138824463
0.2624196410179138
0.31336095929145813
0.2613791525363922
0.2880464792251587
0.24453482031822205
0.2246374636888504
0.23399443924427032
0.24359852075576782
0.24889011681079865
0.23699595034122467
0.2525874376296997
0.25118422508239746
0.2680126428604126
0.25003352761268616
0.26015689969062805
0.2950575053691864
no squeeze
8.015814781188965
3.0517868995666504
2.0011541843414307
1.5575547218322754
1.2583063840866089
1.129998803138733
1.0721701383590698
0.9156345725059509
0.8232325315475464
0.7540751099586487
0.7217490673065186
0.6865507960319519
0.6837385892868042
0.5257921814918518
0.5970702767372131
0.5185659527778625
0.48559826612472534
0.49108341336250305
0.4775100350379944
0.4254588782787323
0.4948864281177521
0.4685456454753876
0.43351078033447266
0.4319341480731964
0.3615161180496216
0.3997921943664551
0.32661131024360657
0.35605114698410034
0.3622058928012848
0.3497748076915741
0.3429372012615204
0.3293222188949585
0.33203646540641785
0.3591945767402649
0.32709068059921265
0.3087335228919983
0.27500826120376587
0.2771178185939789
0.31499186158180237
0.3009903132915497
0.2682175636291504
0.2779698371887207
0.29367825388908386
0.26926618814468384
0.2673646807670593
0.2531875669956207
0.2846410274505615
0.27805572748184204
0.3049476444721222
0.33158835768699646
0.24667631089687347
0.28395316004753113
0.24323011934757233
0.26962506771087646
0.2684580683708191
0.2209860384464264
0.242874413728714
0.27790963649749756
0.2461906224489212
0.2869960367679596
0.2984545826911926
0.2365453690290451
0.21899844706058502
0.2543801963329315
0.2851051986217499
0.24264059960842133
0.2723623216152191
0.2615481913089752
0.2494218796491623
0.23816482722759247
0.23648913204669952
0.22514818608760834
0.21694530546665192
0.2347046434879303
0.20175714790821075
0.25379374623298645
0.22276045382022858
0.18056391179561615
0.2285759150981903
0.19937419891357422
0.18954749405384064
0.24018830060958862
0.21839982271194458
0.19494149088859558
0.20983661711215973
0.17333486676216125
0.1839146465063095
0.16686180233955383
0.162789449095726
0.1794046312570572
0.18868781626224518
0.20585806667804718
0.17989030480384827
0.17238083481788635
0.18768508732318878
0.16847418248653412
0.15134312212467194
0.17050181329250336
0.1617049127817154
0.18589317798614502
0.19700400531291962
0.18514101207256317
0.16971063613891602
0.15550337731838226
0.14587508141994476
0.1590980738401413
0.15882651507854462
0.14869533479213715
0.16340534389019012
0.1802235245704651
0.15139013528823853
0.16475631296634674
0.1339952051639557
0.14658723771572113
0.1442221701145172
0.14157329499721527
0.13747437298297882
0.1508789211511612
0.15446482598781586
0.12808656692504883
0.1358199417591095
0.12661413848400116
0.1458171308040619
0.14041154086589813
0.1312200427055359
0.1420184075832367
0.12561160326004028
0.12180205434560776
0.14025239646434784
0.15741288661956787
0.16995558142662048
0.1158573254942894
0.13046585023403168
0.12404544651508331
0.12249051034450531
0.12065694481134415
0.10392548143863678
0.12424637377262115
0.11161372810602188
0.11583853513002396
0.1304810792207718
0.12167296558618546
0.10606805235147476
0.11351022869348526
0.10368815809488297
0.11701077222824097
0.12790106236934662
0.11042552441358566
0.10484801977872849
0.11070095747709274
0.11521586030721664
0.11702021211385727
0.13351908326148987
0.10569406300783157
0.08934754133224487
0.10078174620866776
0.13572587072849274
0.11420255154371262
0.12067275494337082
0.09786335378885269
0.11369843035936356
0.10662449151277542
0.10168814659118652
0.10791956633329391
0.11009394377470016
no squeeze
5.719808101654053
1.8126035928726196
1.2406953573226929
0.8463335037231445
0.6229884028434753
0.7591992616653442
1.0062034130096436
0.7184984683990479
0.904557466506958
1.3367340564727783
0.9631487131118774
0.6691192984580994
1.0428762435913086
1.254731297492981
1.2080858945846558
