no squeeze
3.8656365871429443
1.1471576690673828
0.6079326868057251
0.41339442133903503
0.30969810485839844
0.23494672775268555
0.2411893904209137
0.19806063175201416
0.1903330236673355
0.18509399890899658
0.16295669972896576
0.14057771861553192
0.1844683289527893
0.1311018466949463
0.17400415241718292
0.15419495105743408
0.1753571331501007
0.12365152686834335
0.11782681196928024
0.16795435547828674
0.13364183902740479
0.14229124784469604
0.12907475233078003
0.13052821159362793
0.141697958111763
0.10595585405826569
0.12631255388259888
0.11490309238433838
0.19265185296535492
0.16050046682357788
0.12461405992507935
0.08419983088970184
0.1239045113325119
0.12660256028175354
0.15684856474399567
0.13340002298355103
0.11386606097221375
0.11924102157354355
0.12326562404632568
0.12487585097551346
0.10280229896306992
0.1592177152633667
no squeeze
4.342702388763428
1.0923417806625366
0.5952695608139038
0.33578139543533325
0.2946609854698181
0.21810898184776306
0.16072891652584076
0.18878304958343506
0.15995948016643524
0.12994776666164398
0.27084705233573914
0.09254982322454453
0.11821249127388
0.09954729676246643
0.12515899538993835
0.06358254700899124
0.0865946039557457
0.05524830520153046
0.08979997038841248
0.0828976109623909
0.07870208472013474
0.04904315620660782
0.09158559143543243
0.07319024950265884
0.05106740817427635
0.05767045542597771
0.05693565681576729
0.033280014991760254
0.07677855342626572
0.04748237133026123
0.06109626591205597
0.05604511871933937
0.06821372359991074
0.061317067593336105
0.05202791839838028
0.08429057151079178
0.028492243960499763
0.05552735924720764
0.03580857068300247
0.04589216783642769
0.05248074606060982
0.07178881019353867
0.03474723547697067
0.04990580677986145
0.045186810195446014
0.05334499850869179
0.04899712651968002
no squeeze
6.653580188751221
2.2806365489959717
1.4600738286972046
0.9775788187980652
0.7630008459091187
0.7222517728805542
0.5498494505882263
0.4637508690357208
0.49327903985977173
0.3854902982711792
0.30888548493385315
0.40916717052459717
0.31964534521102905
0.21177677810192108
0.24872027337551117
0.15150831639766693
0.14093653857707977
0.27315422892570496
0.4016323387622833
0.169502392411232
0.1822279393672943
0.1591724306344986
0.14941714704036713
0.09334271401166916
0.11005562543869019
0.1837419867515564
0.12063402682542801
0.3271642029285431
0.21209661662578583
0.23035356402397156
0.31501901149749756
0.12526750564575195
0.14428049325942993
0.0957806333899498
no squeeze
6.281270503997803
2.562934398651123
1.9037138223648071
1.5357730388641357
1.2644845247268677
1.0941267013549805
0.9555074572563171
0.8307282328605652
0.768100917339325
0.7122957706451416
0.6307568550109863
0.5822952389717102
0.5751325488090515
0.5566759705543518
0.5160036087036133
0.49675726890563965
0.4290125072002411
0.467410147190094
0.4008433520793915
0.39014461636543274
0.37465259432792664
0.3955654203891754
0.3563966453075409
0.35581111907958984
0.38751378655433655
0.3472880423069
0.3567102253437042
0.3522408902645111
0.3361743986606598
0.29773297905921936
0.3407394587993622
0.31097641587257385
0.2851969301700592
0.2841719388961792
0.276001900434494
0.2921147346496582
0.2634905278682709
0.27374210953712463
0.25595664978027344
0.2467212677001953
0.2262178212404251
0.24274946749210358
0.23848779499530792
0.24322909116744995
0.24579714238643646
0.22222092747688293
0.23337458074092865
0.21586604416370392
0.2169954627752304
0.23566268384456635
0.25635573267936707
0.20886698365211487
0.2135571390390396
0.21124690771102905
0.17424646019935608
0.22485172748565674
0.21903273463249207
0.20071980357170105
0.1928098201751709
0.18210406601428986
0.22883296012878418
0.1774888038635254
0.18990284204483032
0.1834530532360077
0.18558138608932495
no squeeze
5.0654215812683105
1.7442295551300049
1.1718957424163818
0.9061474204063416
0.7437736988067627
0.6055824160575867
0.5216309428215027
0.4590303897857666
0.41277191042900085
0.4273420572280884
0.3687664866447449
0.3659100830554962
0.3163727819919586
0.3089278042316437
0.3104659616947174
0.2722620666027069
0.2907203435897827
0.2440483719110489
0.2835405170917511
0.23961752653121948
0.2519615590572357
0.23728138208389282
0.22614622116088867
0.21518221497535706
0.2237807661294937
0.21111062169075012
0.18897520005702972
0.20113492012023926
0.203031986951828
0.2061026394367218
0.2005600929260254
0.23237979412078857
0.16408343613147736
0.23762010037899017
0.19916313886642456
0.17068852484226227
0.20207923650741577
0.17596477270126343
0.1795368492603302
0.17979596555233002
0.18111857771873474
0.15298084914684296
0.15950433909893036
0.158168226480484
0.14007967710494995
0.14680171012878418
0.1548018902540207
0.13601620495319366
0.15251734852790833
0.14063993096351624
0.14384472370147705
0.1802862584590912
0.13638831675052643
0.14128495752811432
0.1302105188369751
0.12927836179733276
0.1350957751274109
0.149043008685112
0.1253196895122528
0.12412744760513306
0.11503584682941437
0.1413830667734146
0.14118391275405884
0.13941355049610138
0.11817700415849686
0.13951629400253296
0.128071129322052
0.12630270421504974
0.14414839446544647
0.12079356610774994
0.1329742670059204
no squeeze
3.124622106552124
0.7884481549263
0.4536401331424713
0.5470335483551025
0.3058997690677643
0.44324246048927307
0.2702372968196869
0.21126843988895416
0.3421453833580017
0.2901995778083801
0.22401252388954163
0.2686731517314911
0.7388972640037537
0.2577902376651764
0.23479899764060974
0.34837692975997925
0.25901564955711365
0.24144524335861206
