no squeeze
3.5439083576202393
0.39723220467567444
0.2901460826396942
0.13257887959480286
0.11858681589365005
0.09517623484134674
0.09254273772239685
0.087382011115551
0.08683540672063828
0.08533142507076263
0.08524549007415771
0.08517798036336899
0.08499079942703247
0.08459609746932983
0.0847209244966507
0.0844009667634964
0.0844310075044632
0.08423183113336563
0.08424465358257294
0.08442313969135284
no squeeze
4.291706085205078
0.6533190011978149
0.5500366687774658
0.38581106066703796
0.36650049686431885
0.32987815141677856
0.3259868919849396
0.31822946667671204
0.31584814190864563
0.3126989006996155
0.31189075112342834
0.3133879601955414
0.3113950192928314
0.3103668987751007
0.3105173110961914
0.3114224970340729
no squeeze
4.257101535797119
0.46313515305519104
0.33970698714256287
0.15426822006702423
0.1337481141090393
0.08344518393278122
0.07496170699596405
0.05136215686798096
0.047036487609148026
0.034509267657995224
0.032252248376607895
0.025637434795498848
0.024343863129615784
0.020425034686923027
0.019742025062441826
0.017537957057356834
0.017039678990840912
0.015661759302020073
0.015311806462705135
0.014339959248900414
0.014161786064505577
0.013481060974299908
0.013391432352364063
0.012853083200752735
0.01270783320069313
0.012394041754305363
0.012317773886024952
0.012013389728963375
0.011986927129328251
0.011778744868934155
0.011723823845386505
0.011580868624150753
0.01154981181025505
0.01144012063741684
0.011382785625755787
0.011288722977042198
0.011277640238404274
0.011215160600841045
0.011182441376149654
0.011135898530483246
0.011118565686047077
0.011039472185075283
0.011056588962674141
0.0110387047752738
0.010987186804413795
0.01096419058740139
0.010999759659171104
0.010885985568165779
0.010907355695962906
0.010856125503778458
0.010891810059547424
0.010842407122254372
0.010819196701049805
0.010779795236885548
0.010801134631037712
0.010792572051286697
no squeeze
4.255019187927246
1.5160040855407715
1.3674200773239136
1.0966660976409912
1.057603359222412
0.9567917585372925
0.9350370764732361
0.8720396161079407
0.8611711859703064
0.8125555515289307
0.8045663237571716
0.7677977085113525
0.7580104470252991
0.7345007061958313
0.7213717103004456
0.694528341293335
0.689879298210144
0.6662102341651917
0.6583884954452515
0.6346959471702576
0.6287156343460083
0.6082795858383179
0.6021544337272644
0.5802507996559143
0.5746675133705139
0.5514161586761475
0.5460711121559143
0.5235041379928589
0.5148135423660278
0.48830726742744446
0.48059746623039246
0.4561917781829834
0.4475214183330536
0.41963598132133484
0.414628803730011
0.39659708738327026
0.3920033276081085
0.3833169937133789
0.37926581501960754
0.3732142150402069
0.3710540235042572
0.3692748248577118
0.36672571301460266
0.3643033504486084
0.36379146575927734
0.3607960343360901
0.3596663773059845
0.3588700592517853
0.3572702407836914
0.3561970293521881
0.3547753691673279
0.35263293981552124
0.35346582531929016
0.35070958733558655
0.35320016741752625
0.34887921810150146
0.34840020537376404
0.3471250832080841
0.34681451320648193
0.34678444266319275
0.3458355665206909
0.34519314765930176
0.34437331557273865
0.34258830547332764
0.3423976004123688
0.3421262204647064
0.3413752019405365
0.3394211232662201
0.34029221534729004
0.33833977580070496
0.3380160927772522
0.3372640311717987
0.33701595664024353
0.33839643001556396
0.3355869948863983
0.33545830845832825
0.3343662619590759
0.3352455198764801
0.3335253596305847
0.3336626887321472
0.3321160078048706
0.3315945267677307
0.33085668087005615
0.33002835512161255
0.33000823855400085
0.3291887938976288
0.32923319935798645
0.32907068729400635
0.3287240266799927
0.32744356989860535
0.32910796999931335
0.32781919836997986
no squeeze
4.193880558013916
1.0440468788146973
0.9276374578475952
0.711620569229126
0.6828742027282715
0.5933783650398254
0.5755108594894409
0.5185264348983765
0.5062817335128784
0.46528011560440063
0.4602947533130646
0.43018901348114014
0.42382049560546875
0.4078768789768219
0.40368300676345825
0.3952774703502655
0.39306357502937317
0.38599300384521484
0.38527747988700867
0.38124409317970276
0.3791850209236145
0.3777258098125458
0.37788891792297363
0.3731490671634674
0.37188056111335754
0.3709760308265686
0.37186112999916077
0.36834314465522766
0.36825960874557495
0.36776018142700195
0.3673289716243744
0.3642527163028717
0.3652203381061554
0.3638609051704407
0.3626808226108551
0.3621738851070404
0.36240431666374207
0.3614029288291931
0.3618185520172119
0.3600042462348938
0.3608550727367401
0.35877498984336853
0.3590182662010193
0.360247403383255
no squeeze
4.411453723907471
0.914726734161377
0.8664987683296204
0.8494062423706055
0.8419286608695984
0.8501121997833252
0.8423824310302734
0.8416249752044678
0.8387406468391418
0.8458876013755798
0.8429930210113525
0.8385105729103088
0.8422873616218567
0.8471021056175232
