no squeeze
11.770594596862793
3.2451894283294678
1.675447940826416
1.0328019857406616
0.7194138765335083
0.4194045662879944
0.3084982931613922
0.19967380166053772
0.15557445585727692
0.2055232971906662
0.22294706106185913
0.12579821050167084
0.14600613713264465
0.13095220923423767
0.08867546916007996
0.061932940036058426
0.05433925241231918
0.06447097659111023
0.051037196069955826
0.05158380791544914
0.06769495457410812
0.06292038410902023
0.07361607998609543
0.08442198485136032
0.12673956155776978
0.08742747455835342
0.048345211893320084
0.02365175075829029
0.02220274694263935
0.02979567088186741
0.05371325835585594
0.05690610036253929
0.09918898344039917
0.057704851031303406
0.020486705005168915
0.030618218705058098
0.02900347113609314
0.08463528007268906
0.04755599796772003
0.1463053822517395
0.13064290583133698
0.07067102938890457
0.044213566929101944
0.027878111228346825
0.018293729051947594
0.017735185101628304
0.03448014333844185
0.0339277908205986
0.11347129195928574
0.08546603471040726
0.029310492798686028
0.028016379103064537
0.0417671725153923
0.02866799756884575
0.3272981643676758
0.11871616542339325
no squeeze
11.601775169372559
3.1600844860076904
1.8041887283325195
1.1911259889602661
0.8764874339103699
0.7423661351203918
0.6030302047729492
0.5304685235023499
0.5866100192070007
0.4598305821418762
0.41939693689346313
0.4279327988624573
0.42046788334846497
0.46317315101623535
0.5371497273445129
0.5035585761070251
0.4209756851196289
0.3322393298149109
0.3047073185443878
0.3658910095691681
0.37040913105010986
0.3845333456993103
0.34236764907836914
0.34504494071006775
0.3966623842716217
0.3530387282371521
0.326744019985199
0.35461950302124023
0.4021735191345215
no squeeze
12.346783638000488
5.00243616104126
3.2307045459747314
2.248491048812866
1.8984315395355225
1.4118297100067139
1.1394227743148804
1.071109652519226
0.8403797745704651
0.6571861505508423
0.5756180882453918
0.866295576095581
0.6601822376251221
0.7985306978225708
0.44708094000816345
0.41600263118743896
0.3545827865600586
0.2740429937839508
0.2488013207912445
0.4053146541118622
0.3587357699871063
0.35217276215553284
0.23848171532154083
0.15421147644519806
0.17940786480903625
0.19098055362701416
0.28637775778770447
0.14154668152332306
0.3439714014530182
0.21864989399909973
0.2192959040403366
0.22757048904895782
0.1723039746284485
0.12871795892715454
0.19021397829055786
0.08643235266208649
0.12821908295154572
0.18336564302444458
0.09558334201574326
0.057123344391584396
0.061340752989053726
0.06747299432754517
0.0654582679271698
0.07404239475727081
0.08399025350809097
0.1260509192943573
0.09523245692253113
0.5002310872077942
0.18221351504325867
0.14650672674179077
no squeeze
13.058881759643555
5.81268310546875
4.515695095062256
3.583653450012207
2.958705425262451
2.4722108840942383
2.1855642795562744
1.8870627880096436
1.7152155637741089
1.6202266216278076
1.4537324905395508
1.34381103515625
1.2394441366195679
1.3317011594772339
1.1397088766098022
1.2342174053192139
1.1439018249511719
0.9576714038848877
0.9122060537338257
0.97053062915802
0.9567803740501404
0.8607849478721619
0.7897877097129822
0.765159010887146
0.8217588067054749
0.7484064698219299
0.691629946231842
0.8215259909629822
0.7338122725486755
0.6273435950279236
0.6483179330825806
0.6456457376480103
0.6129148006439209
0.6127741932868958
0.6310221552848816
0.5981082916259766
0.5699753165245056
0.5438773036003113
0.5374571681022644
0.5506721138954163
0.5084667801856995
0.4915955662727356
0.5820573568344116
0.4967714250087738
0.5445612668991089
0.464191198348999
0.4662570059299469
0.5262414216995239
0.43709510564804077
0.43253305554389954
0.47239699959754944
0.3886318504810333
0.44797495007514954
0.4034024477005005
0.4311102330684662
0.43597352504730225
0.3906121551990509
0.3993242084980011
0.42226648330688477
0.3706660866737366
0.36598020792007446
0.39052703976631165
0.3384992182254791
0.4065040946006775
0.36676251888275146
0.32997623085975647
0.37920689582824707
0.359776109457016
0.3374687433242798
0.34786880016326904
0.32083895802497864
0.30261993408203125
0.361656129360199
0.3012751042842865
0.3259297013282776
0.3182046711444855
0.32290205359458923
0.2721913456916809
0.3172934055328369
0.28384655714035034
0.27878668904304504
0.26475998759269714
0.24776600301265717
0.3012140989303589
0.2782393991947174
0.3386509120464325
0.3046514689922333
0.2863582968711853
0.2954626679420471
0.23474827408790588
0.257413774728775
0.23121051490306854
0.22893588244915009
0.2352728396654129
0.28576990962028503
0.2858497202396393
0.2619374394416809
0.22360049188137054
0.3195013701915741
0.27282389998435974
0.2694619596004486
0.26955097913742065
0.2633894383907318
0.2289714366197586
0.20317678153514862
0.24133233726024628
0.22309359908103943
0.21697193384170532
0.23598748445510864
0.2493271827697754
0.2456546425819397
0.22394150495529175
0.2574695944786072
0.23544292151927948
0.24905318021774292
no squeeze
13.025291442871094
4.711618900299072
3.2325592041015625
2.3752012252807617
1.9103974103927612
1.6400458812713623
1.3482539653778076
1.1444671154022217
1.0831794738769531
1.0471858978271484
0.8937686085700989
0.7998589277267456
0.7030646800994873
0.6703348755836487
0.6744340658187866
0.6441426277160645
0.6883660554885864
0.5823573470115662
0.5297693610191345
0.5203057527542114
0.5376037359237671
0.4883190393447876
0.5194321870803833
0.45815038681030273
0.48433148860931396
0.5047844052314758
0.4560946226119995
0.4092753827571869
0.39584165811538696
0.4669523239135742
0.3990408778190613
0.3676755428314209
0.3964155614376068
0.39088934659957886
0.35297152400016785
0.3791866898536682
0.3935597240924835
0.38229891657829285
0.3557979464530945
0.3733416795730591
0.3476637005805969
0.3783324062824249
0.3112783133983612
0.3873140811920166
0.3327520191669464
0.32278063893318176
0.311350554227829
0.31306421756744385
0.29868677258491516
0.32566341757774353
0.2769450843334198
0.2649329900741577
0.2694476544857025
0.3010723292827606
0.3408696949481964
0.25311675667762756
0.3343556523323059
0.2839871048927307
0.2703278362751007
0.24574309587478638
0.24691952764987946
0.24474133551120758
0.23526540398597717
0.2507016062736511
0.2681283950805664
0.23395030200481415
0.23877465724945068
0.19079658389091492
0.22282417118549347
0.26761749386787415
0.2161608338356018
0.194448783993721
0.22914913296699524
0.21209372580051422
0.2204877883195877
0.21686774492263794
0.20301032066345215
0.192042276263237
no squeeze
12.219640731811523
2.0724868774414062
1.1079381704330444
0.8716554641723633
1.3758641481399536
1.2436950206756592
0.8426095247268677
0.6580929160118103
0.8581385612487793
0.7110459208488464
0.6936178803443909
0.978835940361023
0.5846847295761108
0.6969012022018433
0.6605057120323181
1.0399242639541626
0.6275304555892944
0.5526838898658752
0.6636242866516113
0.4939584732055664
0.7055527567863464
0.7389435768127441
0.7123854756355286
0.8691286444664001
0.5382266640663147
1.1014512777328491
0.7530530095100403
0.5933784246444702
0.4308529198169708
0.47031980752944946
0.8590993285179138
0.454089879989624
0.6695533394813538
0.7666065692901611
0.8737867474555969
0.4655437767505646
0.47447577118873596
0.6997246742248535
0.3811210095882416
0.6196073293685913
0.34244823455810547
0.3577963709831238
0.6819436550140381
0.6828832030296326
0.6814142465591431
0.4844679534435272
0.6667830944061279
0.3430575132369995
0.4619683027267456
0.6621242761611938
0.2884860932826996
0.47418633103370667
0.3414062261581421
0.3982490599155426
0.55487459897995
0.536939799785614
0.4211828112602234
0.7278235554695129
0.9641925692558289
0.4331773519515991
0.9532439708709717
