no squeeze
0.9941310882568359
0.2532265782356262
0.1377580612897873
0.1001260057091713
0.08197809010744095
0.0662366971373558
0.05811889469623566
0.051776230335235596
0.0443563386797905
0.03616945073008537
0.03237548843026161
0.029640085995197296
0.027693476527929306
0.02579730562865734
0.025180239230394363
0.020510951057076454
0.018643582239747047
0.017751390114426613
0.017405787482857704
0.01718449965119362
0.013178589753806591
0.012372291646897793
0.012192425318062305
0.011456362903118134
0.010960224084556103
0.009387102909386158
0.008489768020808697
0.008264227770268917
0.008705704472959042
0.008661693893373013
0.007062042597681284
0.007339948322623968
0.00861002504825592
0.008264030329883099
0.005268368404358625
0.005232981871813536
0.0051685781218111515
0.0061287060379981995
0.005323708988726139
0.005375785753130913
0.004113661590963602
0.004975202959030867
0.004513150081038475
0.0037651308812201023
0.004154138267040253
0.004172658547759056
0.004303229507058859
0.003050083527341485
0.004543627612292767
0.0035763352643698454
0.003212352516129613
0.003217928344383836
0.0026371153071522713
0.0029094163328409195
0.0025599522050470114
0.003059058915823698
0.004497867077589035
0.0029417979530990124
0.0027338052168488503
0.002817436121404171
0.0027870771009474993
0.005560262594372034
0.001966638956218958
0.0025516545865684748
0.001938266446813941
0.0017880391096696258
0.0018111922545358539
0.001704226597212255
0.0014573641819879413
0.002249828539788723
0.0021635827142745256
0.0014133878285065293
0.0015799336833879352
0.001449903822503984
0.0020520640537142754
0.0020787117537111044
0.0015385858714580536
0.0037638135254383087
0.006037578452378511
0.002026962349191308
0.0022003171034157276
0.002057445701211691
no squeeze
0.8967940211296082
0.24964597821235657
0.15038199722766876
0.12063105404376984
0.11694934219121933
0.09908411651849747
0.08764054626226425
0.08753913640975952
0.07321473211050034
0.07367034256458282
0.07729499042034149
0.06503131240606308
0.0675039142370224
0.06466042250394821
0.06589372456073761
0.065167635679245
0.06288979202508926
0.0639566108584404
0.054091695696115494
0.06005366891622543
0.0536988191306591
0.054769232869148254
0.05312558636069298
0.055474672466516495
0.06430366635322571
0.05751071125268936
0.04577545076608658
0.049519848078489304
0.050593528896570206
0.04498337581753731
0.05403417721390724
0.04592720419168472
0.04597630351781845
0.04441164806485176
0.04774218425154686
0.04391651973128319
0.045387838035821915
0.046387799084186554
0.04444465413689613
0.04112982377409935
0.04167735576629639
0.040376316756010056
0.047015611082315445
0.04298657178878784
0.04094443842768669
0.04471467062830925
0.041518714278936386
0.04087422415614128
0.03886524960398674
0.04515683278441429
0.04034037888050079
0.04032304137945175
0.04172678291797638
0.042160701006650925
0.04389370605349541
0.03858797997236252
0.046536143869161606
0.04447116330265999
0.04459152743220329
0.04514128342270851
0.0449310839176178
0.03930819407105446
0.0359269380569458
0.04144421964883804
0.04569366201758385
0.039371274411678314
0.04490232095122337
0.03687935695052147
0.039103105664253235
0.0377906858921051
0.03969324007630348
0.04121009260416031
0.0380123108625412
no squeeze
1.0042444467544556
0.4092385172843933
0.26943066716194153
0.20358841121196747
0.15126019716262817
0.1462923288345337
0.12261755764484406
0.10589884221553802
0.10294324159622192
0.09058243036270142
0.0757514089345932
0.07395952939987183
0.06473123282194138
0.05806201323866844
0.09896135330200195
0.07813475281000137
0.07125082612037659
0.08341013640165329
0.05533568188548088
0.04672840237617493
0.045768268406391144
0.032694846391677856
0.03171881288290024
0.02854452282190323
0.03601487725973129
0.05525564029812813
0.030138662084937096
0.028466878458857536
0.02543344907462597
0.024435343220829964
0.0444737933576107
0.0302218459546566
0.0416119359433651
0.03377174958586693
0.025288181379437447
0.025025850161910057
0.026778196915984154
0.023500492796301842
0.02127840928733349
0.01705758087337017
0.015636732801795006
0.014977010898292065
0.01991516351699829
0.025637932121753693
0.014443846419453621
0.01321269478648901
0.014542018063366413
0.017205936834216118
0.01192285306751728
0.01157981064170599
0.010410072281956673
0.009925932623445988
0.011400017887353897
0.01229944359511137
0.010745535604655743
0.011526723392307758
0.00921409111469984
0.010233791545033455
0.014987772330641747
0.010741883888840675
0.018001040443778038
0.01984138786792755
0.013856963254511356
0.0103152459487319
0.01316049788147211
0.02024347521364689
0.0186922587454319
no squeeze
1.046295404434204
0.439635694026947
0.3188799023628235
0.26452088356018066
0.22134122252464294
0.1975964605808258
0.1763606071472168
0.16159461438655853
0.1526196151971817
0.14119209349155426
0.14427797496318817
0.13012732565402985
0.12606745958328247
0.11751576513051987
0.1154426634311676
0.11261788010597229
0.11126512289047241
0.10846840590238571
0.0994223803281784
0.09408436715602875
0.09054835140705109
0.09023212641477585
0.08605123311281204
0.08334202319383621
0.08329829573631287
0.08057285100221634
0.08573830872774124
0.07839272916316986
0.07541320472955704
0.0813526064157486
0.07235123962163925
0.06899455189704895
0.06985373049974442
0.070885568857193
0.06614085286855698
0.06625784933567047
0.06495316326618195
0.06270941346883774
0.06803805381059647
0.06262757629156113
0.06144664064049721
0.05995183810591698
0.060807965695858
0.0615648552775383
0.060117967426776886
0.05903707817196846
0.0615050382912159
0.057521168142557144
0.05722634866833687
0.05826829746365547
0.05713221803307533
0.05767076089978218
0.054770275950431824
0.05438366159796715
0.053677380084991455
0.052193671464920044
0.05088069289922714
0.054647013545036316
0.052018895745277405
0.05103669315576553
0.05032717064023018
0.049712471663951874
0.049169763922691345
0.05018102750182152
0.04795987531542778
0.04717689007520676
0.046902891248464584
0.04768391326069832
0.04697970300912857
0.047487158328294754
0.04480598121881485
0.044502340257167816
0.04336277395486832
0.045514967292547226
0.04325047507882118
0.04284941777586937
0.04170132428407669
0.04346407949924469
0.044419076293706894
0.04322457313537598
0.04484105482697487
0.040607694536447525
0.039904072880744934
0.03989460691809654
0.04079769551753998
0.03961903229355812
0.03936248645186424
0.04217718914151192
0.03946106508374214
0.03984542563557625
0.040560849010944366
0.04031026363372803
0.0422590896487236
0.037993837147951126
0.04023182764649391
0.039685219526290894
0.0365554541349411
0.039176590740680695
0.03790627419948578
0.03768834099173546
0.03631327673792839
0.039516571909189224
0.03588532656431198
0.040209703147411346
0.036624569445848465
0.03642480447888374
0.034573037177324295
0.03693678602576256
0.036697547882795334
0.0362822562456131
0.03444976732134819
0.03637804463505745
0.03650539740920067
0.034419864416122437
0.03450243920087814
0.037320826202631
0.03421836346387863
0.03425483778119087
0.033316560089588165
0.03785226121544838
0.03393983468413353
0.03346436470746994
0.03387867659330368
0.034402839839458466
0.03309521824121475
0.03399946913123131
0.03335078805685043
0.03349870443344116
0.03376520797610283
0.0327366478741169
0.03381197527050972
0.03132231906056404
0.034549444913864136
0.03306882828474045
0.032742056995630264
0.03278988227248192
0.03280254825949669
0.03369612991809845
0.03176809102296829
0.03304605185985565
0.03191979229450226
0.03154958784580231
no squeeze
0.8840662837028503
0.32407090067863464
0.2066875398159027
0.16890941560268402
0.14176900684833527
0.12024298310279846
0.10932242125272751
0.09834630787372589
0.09311190247535706
0.08957552909851074
0.07693614810705185
0.07785439491271973
0.08044152706861496
0.07550399750471115
0.06600209325551987
0.07097946852445602
0.06373080611228943
0.06198088079690933
0.056550633162260056
0.05894111096858978
0.055713213980197906
0.05086291953921318
0.05035104975104332
0.053972676396369934
0.05710642784833908
0.04802313446998596
0.04971110075712204
0.044535018503665924
0.04705824330449104
0.04511210694909096
0.04434285685420036
0.04521504417061806
0.0416383258998394
0.04436841607093811
0.04624477028846741
0.03964762017130852
0.038157522678375244
0.042839955538511276
0.045378945767879486
0.039712462574243546
0.039793141186237335
0.03951949626207352
0.036084990948438644
0.03759432211518288
0.038819581270217896
0.03894482180476189
0.03877369314432144
0.034422773867845535
0.032365862280130386
0.03326364606618881
0.03634576126933098
0.03222055733203888
0.03151952475309372
0.03189057111740112
0.03458739072084427
0.030656415969133377
0.03099527582526207
0.030464233830571175
0.03046686388552189
0.029518084600567818
0.03146638721227646
0.029616402462124825
0.028214482590556145
0.03383561968803406
0.034908730536699295
0.028323426842689514
0.02825280837714672
0.02806667797267437
0.03363211080431938
0.02766146883368492
0.029156075790524483
0.02713131532073021
0.0282213743776083
0.026850303635001183
0.024271195754408836
0.02954253926873207
0.029019327834248543
0.027924751862883568
0.027956563979387283
0.026204904541373253
0.02408505231142044
0.033670082688331604
0.031166208907961845
0.028202855959534645
0.0266371238976717
0.0287308506667614
0.024910220876336098
0.026003548875451088
0.02217516116797924
0.026457762345671654
0.023980850353837013
0.025195423513650894
0.023163221776485443
0.022839415818452835
0.02381037548184395
0.021459277719259262
0.02261977642774582
0.020575428381562233
0.023320291191339493
0.02215355634689331
0.021454937756061554
0.02459186688065529
0.02359960786998272
0.022985227406024933
0.022714726626873016
0.023016851395368576
0.023660486564040184
0.022473065182566643
no squeeze
0.8173033595085144
0.23193040490150452
0.2343117892742157
0.16418494284152985
0.1576109230518341
0.14814890921115875
0.113340362906456
0.13008856773376465
0.10906767845153809
0.09676583856344223
0.1051168441772461
0.10094437748193741
0.08064763247966766
0.09975992888212204
0.10605118423700333
0.1276928186416626
0.07573921978473663
0.07340861111879349
0.08535119146108627
0.08061617612838745
0.07138760387897491
0.09143585711717606
0.1436464488506317
0.09065476804971695
0.15859432518482208
0.10794877260923386
0.07448131591081619
0.08044008165597916
0.07006385177373886
0.06766115874052048
0.06981415301561356
0.084645114839077
0.0721755176782608
0.08376200497150421
0.07451634854078293
0.11396638303995132
0.07902081310749054
0.06764277815818787
0.07669010758399963
0.06523352116346359
0.06659111380577087
0.09384579211473465
0.06598545610904694
0.10048174858093262
0.0767112597823143
0.07093127816915512
0.06658995151519775
0.06976693123579025
0.07225404679775238
0.07039152830839157
