no squeeze
0.9156087040901184
0.2315731793642044
0.10715314745903015
0.05872906744480133
0.04306056722998619
0.027066998183727264
0.01991526409983635
0.014685784466564655
0.010783791542053223
0.00961498823016882
0.010587270371615887
0.007284446153789759
0.00593823054805398
0.005246310029178858
0.00515386275947094
0.004180114716291428
0.0035968488082289696
0.002955472795292735
0.0037511943373829126
0.0028996963519603014
0.0029327236115932465
0.002002323279157281
0.0019183006370440125
0.001777283730916679
0.0017085674917325377
0.001946942531503737
0.0013012661365792155
0.001431307289749384
0.0012611757265403867
0.0012892242521047592
0.001076167682185769
0.0009790104813873768
0.001367178512737155
0.0007931329892016947
0.0007092608138918877
0.0008645031484775245
0.0007536800694651902
0.0008690907852724195
0.0007686022436246276
0.0006831908831372857
0.0008317585452459753
0.0005816827178932726
0.0005049712490290403
0.0008133160299621522
0.0005866124993190169
0.0005061158444732428
0.0004921222571283579
0.0004285489849280566
0.00043389719212427735
0.0004389987443573773
0.0003975615545641631
0.000484061281895265
0.0004914124729111791
0.0003319724928587675
0.00037976904422976077
0.0004387316876091063
0.0005370902363210917
0.00038127435254864395
0.0003893216489814222
0.00027798896189779043
0.0002640254097059369
0.0002625864581204951
0.0002561634755693376
0.000295863050268963
0.0002975673705805093
0.0009943650802597404
0.0005837014177814126
0.000472916173748672
0.0002745876554399729
0.0007102692616172135
0.000756039924453944
0.0030450390186160803
0.0006556976004503667
no squeeze
0.9658170342445374
0.29345110058784485
0.17248141765594482
0.12853911519050598
0.10866548120975494
0.0998036190867424
0.0893305242061615
0.08361649513244629
0.07722482085227966
0.07267509400844574
0.07721957564353943
0.07617654651403427
0.07085707038640976
0.06757111102342606
0.0720534548163414
0.06439258903265
0.05680055171251297
0.057066410779953
0.05826548859477043
0.05374784767627716
0.05529322102665901
0.05499154329299927
0.053899072110652924
0.05345803499221802
0.052788976579904556
0.05843548849225044
0.0505157895386219
0.049780264496803284
0.05158613994717598
0.04874296486377716
0.052766550332307816
0.04870880767703056
0.047381870448589325
0.04714713245630264
0.05995568260550499
0.053220994770526886
0.04686296358704567
0.044403668493032455
0.055352792143821716
0.05201740562915802
0.0519096702337265
0.04482148960232735
0.04565144330263138
0.04301327094435692
0.04285569489002228
0.04009459167718887
0.04378524795174599
0.04649940878152847
0.045549891889095306
0.05035654455423355
0.044687703251838684
0.04388083890080452
0.05152105540037155
0.03960900008678436
0.04804769903421402
0.04406832903623581
0.04733216017484665
0.04670552909374237
0.04238186776638031
0.04638240113854408
0.04425633326172829
0.042555149644613266
0.038845244795084
0.04080278053879738
0.044285014271736145
0.04259148985147476
0.03830994665622711
0.04872973635792732
0.040125176310539246
0.04042039439082146
0.04046351835131645
0.04127976670861244
0.04342907667160034
0.03897448629140854
0.04071979969739914
0.0453031100332737
0.036929886788129807
0.04019653797149658
0.03766694664955139
0.03753750026226044
0.043076954782009125
0.04478159919381142
0.044106658548116684
0.04394984245300293
0.04407285526394844
0.03826310485601425
0.043162353336811066
no squeeze
0.9765705466270447
0.400351345539093
0.2488095909357071
0.1869102567434311
0.13449536263942719
0.10705265402793884
0.09242291003465652
0.09854334592819214
0.08871869742870331
0.06498254090547562
0.05979651212692261
0.04441056773066521
0.05628836154937744
0.04305225983262062
0.039938636124134064
0.032616764307022095
0.03355836868286133
0.036235883831977844
0.04332272708415985
0.03831328824162483
0.026143619790673256
0.02935161255300045
0.03316042199730873
0.01850198581814766
0.014062105678021908
0.018850911408662796
0.01860801689326763
0.014277588576078415
0.013889586552977562
0.018762247636914253
0.02306128293275833
0.018573181703686714
0.014002502895891666
0.009820787236094475
0.008809022605419159
0.013212554156780243
0.014199336990714073
0.006712130270898342
0.012982148677110672
0.009347631596028805
0.006709908600896597
0.008750357665121555
0.009167199954390526
0.00683949887752533
0.011010621674358845
0.009560768492519855
0.007676069624722004
0.008576101623475552
0.00633500050753355
0.01635260134935379
0.013155568391084671
0.00835312157869339
0.01004312839359045
0.015292039141058922
0.006721680983901024
0.0059792352840304375
0.008703547529876232
0.011660671792924404
0.020319920033216476
0.007592266425490379
0.007149628363549709
0.0036649019457399845
0.005771915428340435
0.008619916625320911
0.005409142933785915
0.00834104884415865
0.01131584495306015
0.006568639073520899
0.004527935292571783
0.0046548303216695786
0.002832051832228899
0.008904500864446163
0.00919516384601593
0.008904388174414635
0.010499631054699421
0.006900455337017775
0.010028675198554993
0.009226808324456215
0.0030191713012754917
0.0018905430333688855
0.0027310093864798546
0.0019011523108929396
0.0017494121566414833
0.007651991676539183
0.010968205519020557
0.004816643428057432
0.008295045234262943
0.010285915806889534
0.013622293248772621
0.00558056402951479
0.01124974712729454
0.004217086359858513
0.0029501591343432665
no squeeze
1.4540605545043945
0.599328875541687
0.4665289521217346
0.3854454457759857
0.3270414173603058
0.2890496551990509
0.26226526498794556
0.24796605110168457
0.21834252774715424
0.20111514627933502
0.18949173390865326
0.1784319132566452
0.17029526829719543
0.15619198977947235
0.15535296499729156
0.1443297266960144
0.14069773256778717
0.1341189295053482
0.1265743523836136
0.12222572416067123
0.11381880193948746
0.11682042479515076
0.11211806535720825
0.11349111795425415
0.10530760139226913
0.10154900699853897
0.09901782125234604
0.09560844302177429
0.09357977658510208
0.10037070512771606
0.09203032404184341
0.08937284350395203
0.08863652497529984
0.08788871020078659
0.08837540447711945
0.08599256724119186
0.08138597011566162
0.08132441341876984
0.07403514534235
0.0757041871547699
0.0782664567232132
0.07441246509552002
0.07574500888586044
0.07517046481370926
0.07516508549451828
0.06896288692951202
0.06796397268772125
0.07388864457607269
0.06911501288414001
0.06782019883394241
0.06598103046417236
0.06445563584566116
0.06340837478637695
0.06621359288692474
0.06139339134097099
0.06125010550022125
0.06042686104774475
0.06247676536440849
0.05989888310432434
0.06076538935303688
0.05801983177661896
0.05680416151881218
0.05630665272474289
0.05564412847161293
0.056881196796894073
0.05540990084409714
0.05473652854561806
0.058250125497579575
0.053776226937770844
0.05227683484554291
0.05328638479113579
0.05551575869321823
0.05195048451423645
0.05376626178622246
0.052596066147089005
0.05302906781435013
0.04899407923221588
0.05031309649348259
0.05003612861037254
0.05048392340540886
0.04792948439717293
0.048192765563726425
0.047615908086299896
0.04765183478593826
0.047720734030008316
0.04595464468002319
0.045932285487651825
0.045873358845710754
0.04830398038029671
0.04680822044610977
0.04462362080812454
0.04777206480503082
0.045414701104164124
0.045478180050849915
0.04666724428534508
0.04486263543367386
0.047187793999910355
0.047002341598272324
0.04461093246936798
0.04212990403175354
0.043949682265520096
0.043397169560194016
0.04279264807701111
0.0444704107940197
0.04362868145108223
0.04265537112951279
0.040582336485385895
0.04203801602125168
0.042195189744234085
0.04382701218128204
0.04196290671825409
0.04051707312464714
0.0408739373087883
0.043748583644628525
0.04464273154735565
0.04195310175418854
0.04263973981142044
0.0432344414293766
0.04120127111673355
0.04058987274765968
0.04056446999311447
0.03969864919781685
0.038644012063741684
0.042912837117910385
0.041475821286439896
0.03928597643971443
0.03894922137260437
0.03887122869491577
0.03978739306330681
0.041946105659008026
0.04019540548324585
0.03909704461693764
0.03872014209628105
no squeeze
1.3678847551345825
0.45595312118530273
0.3124948740005493
0.24622419476509094
0.19920653104782104
0.17352059483528137
0.16300325095653534
0.14248131215572357
0.13283227384090424
0.12088315933942795
0.11737653613090515
0.10552017390727997
0.10077042132616043
0.09329793602228165
0.0907408818602562
0.08704368770122528
0.08255372941493988
0.07880867272615433
0.07469888776540756
0.07810241729021072
0.07175003737211227
0.07543675601482391
0.06599313765764236
0.06597444415092468
0.06637270748615265
0.05951973795890808
0.05480414628982544
0.06057770177721977
0.05647122487425804
0.05697264522314072
0.057701654732227325
0.052244193851947784
0.049278318881988525
0.047074176371097565
0.048045773059129715
0.04578804969787598
0.04378851503133774
0.04561111703515053
0.042408984154462814
0.04444853588938713
0.04195491224527359
0.0433327779173851
0.04114190861582756
0.04027477651834488
0.041035816073417664
0.04086246341466904
0.04102276638150215
0.039697326719760895
0.03947342187166214
0.038832128047943115
0.03881630674004555
0.0377386249601841
0.03700543940067291
0.04169111326336861
0.034513842314481735
0.03814201429486275
0.040416836738586426
0.04078490659594536
0.03745083883404732
0.03486495092511177
0.03285757452249527
0.03587736561894417
0.03292134031653404
0.03397801145911217
0.03167261928319931
0.03136178478598595
0.03876771405339241
0.03057612106204033
0.03102891519665718
0.031015198677778244
0.032673828303813934
0.03626614063978195
0.029463978484272957
0.028180712834000587
0.029295500367879868
0.029324013739824295
0.029163440689444542
0.027096441015601158
0.02758021093904972
0.030025888234376907
0.02627478912472725
0.0281680840998888
0.03563271090388298
0.02664942853152752
0.028338950127363205
0.035826172679662704
0.03208094835281372
0.0313037745654583
0.03028537705540657
0.02674785815179348
0.027555689215660095
no squeeze
0.8649094104766846
0.2392488718032837
0.15128043293952942
0.13139279186725616
0.11242958158254623
0.10215092450380325
0.1036379262804985
0.10013406723737717
0.08389012515544891
0.0833289846777916
0.08736351877450943
0.0772380381822586
0.07773002982139587
0.08000238239765167
0.09005871415138245
0.07963638752698898
0.0759999081492424
0.07408823072910309
0.0728694275021553
0.07371904700994492
0.0684339851140976
0.06782423704862595
0.06709422916173935
0.07199770212173462
0.06712007522583008
0.06793833523988724
0.06787212193012238
0.06502395868301392
0.06322253495454788
0.06487397104501724
0.06913483887910843
0.07122460007667542
0.07016412168741226
0.061717379838228226
0.0661654844880104
0.06250934302806854
0.06366617232561111
0.06361936777830124
0.06508704274892807
0.06661932915449142
0.06873619556427002
0.06459783017635345
0.06351977586746216
0.06053825467824936
0.06588209420442581
0.06389851123094559
0.061959829181432724
0.06412702053785324
0.060413602739572525
0.06066708639264107
0.06350937485694885
0.06393028795719147
0.07773187756538391
0.06300116330385208
0.07212772965431213
0.0631454661488533
0.06566886603832245
0.06310485303401947
0.06220250949263573
