no squeeze
5.964476108551025
1.351989507675171
0.7730096578598022
0.665450394153595
0.44924771785736084
0.4920615255832672
0.4226975739002228
0.42637792229652405
0.4363750219345093
0.3439978361129761
0.3609568476676941
0.403930127620697
0.38549885153770447
0.2437576949596405
0.34259361028671265
0.33445364236831665
0.3456711769104004
0.3512096107006073
0.2646329998970032
0.3619614243507385
0.3409927785396576
0.3420557975769043
0.38854360580444336
0.4307383596897125
no squeeze
5.9433794021606445
1.4079947471618652
0.8703559637069702
0.680399477481842
0.5309754610061646
0.45508816838264465
0.45311564207077026
0.5655249953269958
0.42772817611694336
0.3883671164512634
0.4245719909667969
0.35859042406082153
0.30167537927627563
0.3265359401702881
0.3366699814796448
0.32408106327056885
0.39415934681892395
0.3873002231121063
0.37071388959884644
0.2943190038204193
0.3243201971054077
0.3298201262950897
0.33888059854507446
0.3839832842350006
0.2558414041996002
0.31778499484062195
0.38294342160224915
0.27125483751296997
0.38300636410713196
0.26638057827949524
0.24827851355075836
0.28241294622421265
0.399396687746048
0.29571712017059326
0.31874150037765503
0.26352277398109436
0.40628504753112793
0.2676176428794861
0.28327271342277527
0.2672369182109833
0.2518427073955536
no squeeze
5.126144886016846
1.9944015741348267
1.1873259544372559
0.9477634429931641
0.8642809987068176
0.7589923739433289
0.5392417311668396
0.6285195350646973
0.6740527153015137
0.4809587597846985
0.5379290580749512
0.5620661973953247
0.6393712162971497
0.528339684009552
0.5063797235488892
0.42910319566726685
0.5684545040130615
0.5047540664672852
0.5471976399421692
0.6124764680862427
0.44401416182518005
0.4583032727241516
0.3659718334674835
0.5240508913993835
0.42796212434768677
0.690812349319458
0.6376093626022339
0.6719256043434143
0.5457832217216492
0.3995644450187683
0.33301809430122375
0.5294556021690369
0.36555051803588867
0.48018527030944824
0.4386710524559021
0.4155016839504242
0.3635515868663788
0.357668936252594
0.5238105058670044
0.4923819601535797
0.5391144752502441
no squeeze
5.6324872970581055
1.8420649766921997
1.2572970390319824
0.9883681535720825
0.8168801069259644
0.7207100987434387
0.6135677099227905
0.5213868021965027
0.4727320075035095
0.4224320352077484
0.4280128479003906
0.4034374952316284
0.37471216917037964
0.33496859669685364
0.3072071373462677
0.2801721394062042
0.3026890456676483
0.2850545346736908
0.26943668723106384
0.25232651829719543
0.2643042504787445
0.2564070224761963
0.2517348825931549
0.24755063652992249
0.2633836567401886
0.21315130591392517
0.22514639794826508
0.2142496407032013
0.2120073437690735
0.23400713503360748
0.20234602689743042
0.24591217935085297
0.23782797157764435
0.2084932178258896
0.2092164009809494
0.20502595603466034
0.1871328204870224
0.18786191940307617
0.2137361466884613
0.18179009854793549
0.1801905781030655
0.17776751518249512
0.19548533856868744
0.19098377227783203
0.18726113438606262
0.17830969393253326
0.19173261523246765
0.1992442011833191
0.18583764135837555
0.17182649672031403
0.17742255330085754
0.19780121743679047
0.21327202022075653
0.1852864772081375
0.17191147804260254
0.1795506626367569
0.17036496102809906
0.17909850180149078
0.1746736615896225
0.16053089499473572
0.15888141095638275
0.17209967970848083
0.16765891015529633
0.17070047557353973
0.15859703719615936
0.18193596601486206
0.15297117829322815
0.1770176887512207
0.19740571081638336
0.16852296888828278
0.1583607941865921
0.16591832041740417
0.14706458151340485
0.1456398367881775
0.14975914359092712
0.15930898487567902
0.15398649871349335
0.15459342300891876
0.13416506350040436
0.1588861346244812
0.14320535957813263
0.1501629650592804
0.1672191023826599
0.151915043592453
0.14281348884105682
0.15644709765911102
0.18041855096817017
0.1383650302886963
0.13862299919128418
no squeeze
5.931622505187988
1.7642251253128052
1.0458695888519287
0.7939743995666504
0.608992338180542
0.5727697610855103
0.5132298469543457
0.469052791595459
0.38182321190834045
0.3444857597351074
0.38149183988571167
0.325870543718338
0.33370333909988403
0.35273799300193787
0.3243770897388458
0.3483140170574188
0.3522801399230957
0.27109652757644653
0.2822720408439636
0.2659747898578644
0.2707902491092682
0.23247265815734863
0.253691166639328
0.24205398559570312
0.23380033671855927
0.2538802921772003
0.2515530288219452
0.26747867465019226
0.21872498095035553
0.24176152050495148
0.2553793787956238
0.22098122537136078
0.2505933940410614
0.22492606937885284
0.20767094194889069
0.1996016949415207
0.20238621532917023
0.22646790742874146
0.24803097546100616
0.2518979012966156
0.2502773106098175
0.27243539690971375
0.18174485862255096
0.1849062740802765
0.20830805599689484
0.19666282832622528
0.2308586686849594
0.20334045588970184
0.17218194901943207
0.17916682362556458
0.18298152089118958
0.18316102027893066
0.20035816729068756
0.1833844631910324
0.21402733027935028
0.1757533997297287
0.1898738592863083
0.1775658130645752
0.1557309478521347
0.17958155274391174
0.182521790266037
0.16181646287441254
0.14904865622520447
0.17189587652683258
0.17227616906166077
0.16787688434123993
0.17019756138324738
0.17702877521514893
0.15129585564136505
0.17812992632389069
0.15759749710559845
0.14857617020606995
0.15162363648414612
0.150819793343544
0.15069039165973663
0.1538013070821762
0.1307101547718048
0.18690332770347595
0.17566508054733276
0.16484306752681732
0.1624915897846222
0.18097712099552155
0.15821383893489838
0.13222089409828186
0.1837705373764038
0.13898393511772156
0.14890269935131073
no squeeze
3.459929943084717
0.5008782744407654
0.27493947744369507
0.19472160935401917
0.20080935955047607
0.2304169088602066
0.22200918197631836
0.17416192591190338
0.2813832461833954
0.17101351916790009
0.28187695145606995
0.22339969873428345
0.11275588721036911
0.2591789662837982
0.16982634365558624
0.15038713812828064
0.12114693224430084
0.24635758996009827
0.2653755247592926
0.13088573515415192
0.26965007185935974
0.2590196430683136
0.15572994947433472
