no squeeze
4.190922737121582
1.318274974822998
0.8113791942596436
0.4811663329601288
0.3349425196647644
0.24806064367294312
0.23452994227409363
0.17530487477779388
0.14473451673984528
0.13643531501293182
0.09891310334205627
0.1122027039527893
0.1588369905948639
0.08003640174865723
0.08549492806196213
0.07240869104862213
0.07722959667444229
0.08170807361602783
0.07517505437135696
0.07075826823711395
0.06103788688778877
0.05144665017724037
0.05913335084915161
0.04863044247031212
0.05148850008845329
0.042627763003110886
0.05793893337249756
0.045722682029008865
0.04903307557106018
0.04588521271944046
0.0432770662009716
0.04007221385836601
0.04049540311098099
0.03600938618183136
0.03557523712515831
0.04881427437067032
0.03702915459871292
0.06985850632190704
0.04651833698153496
0.056482117623090744
0.02786158211529255
0.03299824148416519
0.029494790360331535
0.03712975233793259
0.038282737135887146
0.0480315126478672
0.07267583161592484
0.03227602317929268
0.033156897872686386
0.03148803859949112
0.03043232671916485
no squeeze
4.0344624519348145
1.3829841613769531
0.7830566763877869
0.5117306113243103
0.329071968793869
0.2510710656642914
0.1675184965133667
0.11847597360610962
0.11283975839614868
0.11711935698986053
0.11796732991933823
0.08941423892974854
0.08901000022888184
0.05490675941109657
0.07291842252016068
0.05002215504646301
0.0429823137819767
0.05739997699856758
0.04555584117770195
0.04394882544875145
0.03539453074336052
0.028792330995202065
0.02304792031645775
0.030682457610964775
0.030771395191550255
0.018968963995575905
0.024882256984710693
0.024721167981624603
0.01918775588274002
0.02340077981352806
0.023422451689839363
0.04655536264181137
0.03569178283214569
0.021496813744306564
0.015882618725299835
0.019787948578596115
0.020449161529541016
0.016239188611507416
0.02456170693039894
0.04418438300490379
0.01993395760655403
0.014713698998093605
0.013257785700261593
0.01654219441115856
0.01927236281335354
0.014040276408195496
0.007139064837247133
0.030300281941890717
0.028871718794107437
0.01711389236152172
0.00961768813431263
0.052968136966228485
0.03707030043005943
0.03415122628211975
0.009719008579850197
0.019982198253273964
0.01561636570841074
no squeeze
4.535870552062988
1.800187587738037
1.1465158462524414
0.8332116007804871
0.8001432418823242
0.4960463345050812
0.3923512399196625
0.4011511504650116
0.27730515599250793
0.23814520239830017
0.18861421942710876
0.1757059097290039
0.14015412330627441
0.11445046961307526
0.14730525016784668
0.1961727738380432
0.0995907261967659
0.08294682949781418
0.09130360186100006
0.08339487016201019
0.08382058143615723
0.10889693349599838
0.07857313752174377
0.1122516393661499
0.05626189336180687
0.04251650720834732
0.052806828171014786
0.05690672993659973
0.04294576868414879
0.044611234217882156
0.03257308900356293
0.03945924714207649
0.06499254703521729
0.03492660075426102
0.04971335083246231
0.03992597386240959
0.029808515682816505
0.04260418564081192
0.027948135510087013
0.024284062907099724
0.023165592923760414
0.03154980018734932
0.037831902503967285
0.028185270726680756
0.027281714603304863
0.1945766657590866
0.05945507436990738
0.04645827040076256
0.05657082796096802
0.031461358070373535
0.019356118515133858
0.02318754605948925
0.02498873881995678
0.017105337232351303
0.017322951927781105
0.0205945186316967
0.012444136664271355
0.01791938953101635
0.02662438154220581
0.03263751044869423
0.040062129497528076
0.030479323118925095
0.06062950938940048
0.027609361335635185
0.037248026579618454
0.01756957359611988
0.014597766101360321
no squeeze
4.346292018890381
1.9356013536453247
1.6075342893600464
1.3808962106704712
1.2493178844451904
1.0701438188552856
0.9399704337120056
0.870276927947998
0.7666974067687988
0.7222647070884705
0.6849327087402344
0.5924004316329956
0.5751919150352478
0.5262682437896729
0.5010185837745667
0.4434961974620819
0.46434298157691956
0.4260903000831604
0.4192994236946106
0.352397620677948
0.3665519654750824
0.3378813564777374
0.32672491669654846
0.2992383539676666
0.28207334876060486
0.28110334277153015
0.2671413719654083
0.25808775424957275
0.2750316858291626
0.2691498398780823
0.22554078698158264
0.2301504760980606
0.20796996355056763
0.23300065100193024
0.21628619730472565
0.20732255280017853
0.19467590749263763
0.19542205333709717
0.1861482709646225
0.2068028599023819
0.17387515306472778
0.17173802852630615
0.18647220730781555
0.19282037019729614
0.17060326039791107
0.15927435457706451
0.17002399265766144
0.16431425511837006
0.17130699753761292
0.13738630712032318
0.13535527884960175
0.16158199310302734
0.1417422890663147
0.1540692299604416
0.12126041948795319
0.13446150720119476
0.1274699717760086
0.13346682488918304
0.12295326590538025
0.13288603723049164
0.11543294787406921
0.10676127672195435
0.10498562455177307
0.1300143152475357
0.11967325955629349
0.12293525785207748
0.09609528630971909
0.09596437960863113
0.10510142147541046
0.10023227334022522
0.11484149843454361
0.10754968971014023
0.09702455997467041
0.11300042271614075
0.09711124002933502
0.08851386606693268
0.08675941079854965
0.0976431742310524
0.08518530428409576
0.09151435643434525
0.08686334639787674
0.08842483162879944
0.0875624343752861
0.08605214953422546
0.08579857647418976
0.09824998676776886
0.08476682752370834
0.10630872845649719
0.08110932260751724
0.08548874408006668
0.10416315495967865
0.08463288843631744
0.08633770048618317
0.08409702777862549
0.08375668525695801
0.08344540745019913
0.0916561707854271
0.08092177659273148
0.08001472055912018
0.08444894105195999
0.08605914562940598
0.0799664855003357
0.07290802150964737
0.09425805509090424
0.0749344751238823
0.08308598399162292
0.07047142833471298
0.07515133172273636
0.07989469915628433
0.07683150470256805
0.08319911360740662
0.07391337305307388
0.07222826033830643
0.0871727466583252
0.06824829429388046
0.0641782134771347
0.077013298869133
0.0682772547006607
0.06566931307315826
0.08654264360666275
0.0700044259428978
0.07355325669050217
0.06630158424377441
0.07255974411964417
0.09016897529363632
0.07754947245121002
no squeeze
4.797798156738281
1.7452874183654785
1.2869999408721924
0.9645087718963623
0.8094709515571594
0.7068381309509277
0.5984909534454346
0.53424072265625
0.4353535771369934
0.4298705458641052
0.37707117199897766
0.3427165150642395
0.3333239257335663
0.2824816405773163
0.31529149413108826
0.2467144876718521
0.24735784530639648
0.2198784053325653
0.2401207983493805
0.20935428142547607
0.19647793471813202
0.19280938804149628
0.19135689735412598
0.16299639642238617
0.1644633412361145
0.18242135643959045
0.15423674881458282
0.17959870398044586
0.15879862010478973
0.13480691611766815
0.12774723768234253
0.126603364944458
0.10889558494091034
0.11858532577753067
0.149089515209198
0.1313186138868332
0.1254263073205948
0.12211966514587402
0.12058837711811066
0.10403723269701004
0.09882654994726181
0.0939992219209671
0.09860758483409882
0.09916595369577408
0.08559540659189224
0.1022036001086235
0.08727613836526871
0.09328677505254745
0.09054574370384216
0.11837847530841827
0.10768686980009079
0.08205155283212662
0.08004875481128693
0.0870104730129242
0.09077799320220947
0.07821577042341232
0.07557074725627899
0.0750996321439743
0.0878145769238472
0.08450276404619217
0.07351671904325485
0.07824673503637314
0.06551285833120346
0.08153130859136581
0.061495501548051834
0.06980784237384796
0.07104960083961487
0.07264526933431625
0.07661779969930649
0.07037439942359924
0.05708014592528343
0.06472182273864746
0.08123042434453964
0.0870056077837944
0.060288336127996445
0.059222325682640076
0.06093114987015724
0.06358934938907623
0.0545380525290966
0.05923556163907051
0.05230727046728134
0.05699972063302994
0.053254999220371246
0.06664939969778061
0.04810813441872597
0.059830449521541595
0.060093119740486145
0.06680028140544891
0.05810357257723808
0.0536031536757946
0.050912827253341675
0.05716365948319435
0.05720599368214607
0.046955883502960205
0.0545637384057045
0.047765620052814484
0.04894976317882538
0.07502740621566772
0.04373814910650253
0.04955216869711876
0.05208847299218178
0.04986332356929779
0.05979325622320175
0.054719727486371994
0.04821937531232834
0.04682645574212074
0.04714266210794449
0.045181214809417725
0.03649964556097984
0.045398227870464325
0.042767204344272614
0.04696396365761757
0.055699534714221954
0.03913874924182892
0.039527736604213715
0.037949737161397934
0.04192829504609108
0.05056777596473694
0.04231572896242142
no squeeze
4.463322162628174
1.3775705099105835
0.8874619007110596
0.6527398228645325
0.4891555607318878
0.47917136549949646
0.4764389395713806
0.6806882619857788
0.9508183598518372
0.4926697015762329
0.3124390244483948
0.432597279548645
0.3966616094112396
0.3295242488384247
0.3981448709964752
0.30381056666374207
0.19657321274280548
0.33739450573921204
0.2809387445449829
0.3429519534111023
0.4207923710346222
0.3507551848888397
0.33687546849250793
0.2738790512084961
0.3740176260471344
0.3153308928012848
0.38314560055732727
