no squeeze
4.2272796630859375
0.4673081934452057
0.35197001695632935
0.16700446605682373
0.14673396944999695
0.10502687841653824
0.09941964596509933
0.08696501702070236
0.08486687391996384
0.07984423637390137
0.07891686260700226
0.07727422565221786
0.07719796150922775
0.07602330297231674
0.07611186057329178
0.07548613101243973
0.07563751190900803
0.07521374523639679
0.07492979615926743
0.07504983991384506
0.07501392811536789
0.07468286156654358
0.075178362429142
0.07484335452318192
no squeeze
4.570147514343262
0.5616016387939453
0.47750112414360046
0.37388715147972107
0.3672247529029846
0.35148948431015015
0.3485815227031708
0.3408525288105011
0.33915913105010986
0.3364163935184479
0.33563748002052307
0.3334210216999054
0.33293914794921875
0.3309343159198761
0.3304685652256012
0.3306049108505249
0.33029839396476746
0.3309103846549988
0.33092331886291504
0.3310188353061676
no squeeze
4.178221702575684
0.5359037518501282
0.4166090786457062
0.2180657833814621
0.19236165285110474
0.12568822503089905
0.11400430649518967
0.08003823459148407
0.07362327724695206
0.054643698036670685
0.05087100714445114
0.03969632089138031
0.03738998994231224
0.030733691528439522
0.029305284842848778
0.025268353521823883
0.024383949115872383
0.021584557369351387
0.020980099216103554
0.018996555358171463
0.018669625744223595
0.017375534400343895
0.017087217420339584
0.016187379136681557
0.016021419316530228
0.015326261520385742
0.015158391557633877
0.014615390449762344
0.014489658176898956
0.014140671119093895
0.014022387564182281
0.0137192877009511
0.013628929853439331
0.01339438371360302
0.013339287601411343
0.013148852623999119
0.01307943556457758
0.012954246252775192
0.012872869148850441
0.012767030857503414
0.012705175206065178
0.012579831294715405
0.012561919167637825
0.012493805028498173
0.012457690201699734
0.012393503449857235
0.01235938910394907
0.012267516925930977
0.012246176600456238
0.012191844172775745
0.01216626726090908
0.012124733068048954
0.01210656575858593
0.012097449041903019
0.012016004882752895
0.012045289389789104
0.012046088464558125
0.012033171020448208
no squeeze
4.79258394241333
1.9112703800201416
1.676588535308838
1.2429429292678833
1.1868016719818115
1.0363719463348389
1.0074723958969116
0.9231021404266357
0.9067530632019043
0.8512476086616516
0.837658166885376
0.7973220348358154
0.7892176508903503
0.7617636919021606
0.7536754608154297
0.731711208820343
0.7232377529144287
0.7043899893760681
0.6998394131660461
0.6822059154510498
0.6792726516723633
0.6665253639221191
0.6630194783210754
0.6460443735122681
0.6419127583503723
0.6280790567398071
0.6268121600151062
0.6106256246566772
0.6088134050369263
0.5879729986190796
0.5820833444595337
0.5640345215797424
0.5571923851966858
0.5353003740310669
0.5304045677185059
0.5057069063186646
0.49822819232940674
0.47604143619537354
0.46965497732162476
0.4512558877468109
0.44787171483039856
0.43481752276420593
0.4322843551635742
0.424024760723114
0.42310065031051636
0.41816166043281555
0.4171900153160095
0.4143708348274231
0.41568419337272644
0.4095929265022278
0.40870237350463867
0.4062888026237488
0.406593382358551
0.40302136540412903
0.40227729082107544
0.4004073143005371
0.3987957835197449
0.39802616834640503
0.3972058892250061
0.39380133152008057
0.39278239011764526
0.39184635877609253
0.39122146368026733
0.38902249932289124
0.38854753971099854
0.3862032890319824
0.386152446269989
0.3837389647960663
0.38294488191604614
0.3806832730770111
0.3827281594276428
0.3803665041923523
0.3785117268562317
0.3790515661239624
0.3774486482143402
0.37422317266464233
0.3738921284675598
0.3730963468551636
0.37456822395324707
0.37075453996658325
0.3707551062107086
0.3690919876098633
0.3681451678276062
0.3687608540058136
0.36729615926742554
0.36609917879104614
0.36497753858566284
0.3655916750431061
0.3644104301929474
0.3654932677745819
0.3639487326145172
0.36235761642456055
0.36192435026168823
0.361447811126709
0.36103418469429016
0.3594858944416046
0.3586840331554413
0.3584497570991516
0.3585415482521057
0.35855504870414734
no squeeze
4.771520614624023
1.1283923387527466
0.9903896450996399
0.7485033869743347
0.7186249494552612
0.6360766887664795
0.621472954750061
0.5728757977485657
0.562591552734375
0.52677983045578
0.524986982345581
0.49104928970336914
0.4850275218486786
0.46416300535202026
0.4583267569541931
0.44167229533195496
0.43823206424713135
0.4254278242588043
0.42462772130966187
0.4175184667110443
0.41289687156677246
0.40538594126701355
0.40598437190055847
0.39866432547569275
0.39814722537994385
0.39402881264686584
0.3934296667575836
0.390433132648468
0.3923185169696808
0.3869662582874298
0.3873269259929657
0.38471919298171997
0.3836778998374939
0.3827705979347229
0.38348063826560974
0.3810783922672272
0.38242390751838684
0.37909314036369324
0.3797827959060669
0.3780689239501953
0.37794044613838196
0.3767663240432739
0.3778111934661865
0.3758237659931183
0.3755163848400116
0.37559378147125244
0.3765527009963989
0.3755601644515991
no squeeze
4.779969215393066
0.9434646964073181
0.8955878615379333
0.8438912034034729
0.8408831357955933
0.8593590259552002
0.8561887741088867
0.8413819074630737
