no squeeze
1.391092300415039
0.3789978325366974
0.14289282262325287
0.06545477360486984
0.030489319935441017
0.019449405372142792
0.01399015448987484
0.009030701592564583
0.006710238289088011
0.0046240356750786304
0.0033824597485363483
0.002957375021651387
0.0024083673488348722
0.0018583162454888225
0.0016127488343045115
0.0011421983363106847
0.0010143924737349153
0.0010683631990104914
0.000672940572258085
0.0006076979334466159
0.0008204944897443056
0.0008074187790043652
0.0006874437094666064
0.00044418397010304034
0.0004827661323361099
0.00044030489516444504
0.00040142505895346403
0.0002997436677105725
0.0007018631440587342
0.0004447975952643901
0.0005944047588855028
0.0005106107564643025
0.0004452122375369072
0.00029482919489964843
0.00021694797032978386
0.0001745822955854237
0.0001397492887917906
0.0003782266576308757
0.0003650936996564269
0.00042283482616767287
0.00013058357581030577
0.00011064214777434245
0.00018167724192608148
0.00018645254021976143
0.0003497873549349606
0.0002509576443117112
6.757987284800038e-05
8.606150367995724e-05
0.00012252967280801386
0.00016523500380571932
9.856637916527689e-05
9.318004595115781e-05
8.433709444943815e-05
0.00017721725453156978
0.00014167877088766545
0.00015564380737487227
0.00011906203144462779
no squeeze
1.474891185760498
0.5098352432250977
0.2749553322792053
0.1851547658443451
0.1495102494955063
0.12030539661645889
0.11628340184688568
0.1005014032125473
0.08461923152208328
0.07955139875411987
0.08167708665132523
0.08164051920175552
0.07722500711679459
0.07692205905914307
0.06954185664653778
0.08278066664934158
0.07007400691509247
0.06529919058084488
0.06679579615592957
0.06509492546319962
0.06366455554962158
0.07275721430778503
0.05551709234714508
0.06125394254922867
0.05329391732811928
0.055068399757146835
0.05902348458766937
0.05461670458316803
0.05822226405143738
0.05550331249833107
0.05589267238974571
0.052447233349084854
0.05486247316002846
0.052900247275829315
0.04976707324385643
0.04758023843169212
0.045574527233839035
0.04846826568245888
0.05356955900788307
0.04837053269147873
0.07628640532493591
0.06790763139724731
0.05245652049779892
0.04940822347998619
0.05092287436127663
0.04936050623655319
0.05243682861328125
no squeeze
1.3156532049179077
0.5314456224441528
0.3371499180793762
0.22736011445522308
0.17141984403133392
0.12789282202720642
0.0922253206372261
0.07497421652078629
0.0719640851020813
0.11423929780721664
0.11953793466091156
0.043084654957056046
0.035679832100868225
0.025908153504133224
0.02823854424059391
0.021371984854340553
0.017643291503190994
0.01462916936725378
0.014716770499944687
0.014312580227851868
0.012288618832826614
0.011673860251903534
0.014035777188837528
0.020915566012263298
0.012974847108125687
0.007301476784050465
0.005450654309242964
0.006873750127851963
0.005046466365456581
0.0035624078009277582
0.01222208235412836
0.004759569186717272
0.0050577097572386265
0.003289337968453765
0.011105000041425228
0.01821436919271946
0.029830314218997955
0.05650488659739494
0.05160372704267502
0.006469372194260359
0.0026588640175759792
0.002545128110796213
0.0015651397407054901
0.0019290915224701166
0.001780937658622861
0.00329599785618484
0.0029911391902714968
0.0016972852172330022
0.0011403189273551106
0.0010743960738182068
0.001470409450121224
0.0009992868872359395
0.0006697402568534017
0.0009227304835803807
0.000862132350448519
0.0006684015388600528
0.0006241799565032125
0.0007945276447571814
0.0005682799965143204
0.005466408561915159
0.002631658222526312
0.0013098164927214384
0.0013399167219176888
0.002804829040542245
0.0027032752986997366
0.0020044140983372927
0.0012346751755103469
0.0005612546228803694
0.0008322134963236749
0.00038942688843235373
0.0003823336155619472
0.0005046238657087088
0.0007382350158877671
0.0004613302880898118
0.0003997452149633318
0.0003513695555739105
0.0003638586786109954
0.0003452083619777113
0.0003617401816882193
0.00033162327599711716
0.0009812406497076154
0.0024279465433210135
0.00791863538324833
0.003963671624660492
0.0025400531012564898
0.01820787601172924
0.04779352620244026
0.005038916599005461
0.0009522268665023148
0.001785122905857861
no squeeze
1.4488967657089233
0.6525493860244751
0.5396113991737366
0.452816903591156
0.381408154964447
0.3399994969367981
0.30332303047180176
0.26943397521972656
0.23692633211612701
0.21667802333831787
0.20441241562366486
0.18749703466892242
0.17039887607097626
0.1614423245191574
0.14711321890354156
0.14801086485385895
0.13729554414749146
0.1347542554140091
0.12524515390396118
0.12074354290962219
0.11824506521224976
0.11063031107187271
0.10670897364616394
0.1052573174238205
0.10828933119773865
0.10106749087572098
0.09168248623609543
0.09569867700338364
0.09370625764131546
0.08374501019716263
0.08282420784235
0.08643192052841187
0.08234331756830215
0.07770916074514389
0.07580820471048355
0.07972268760204315
0.07956785708665848
0.0740550234913826
0.07745528221130371
0.07278531789779663
0.07151404023170471
0.06815186887979507
0.07204136252403259
0.07442256063222885
0.06870884448289871
0.06745846569538116
0.06354827433824539
0.0642068162560463
0.0601615235209465
0.05939916521310806
0.061136022210121155
0.05969937890768051
0.05696840584278107
0.05731741711497307
0.0568828210234642
0.05673603713512421
0.05577413737773895
0.05415956676006317
0.057139407843351364
0.05422816798090935
0.05296202376484871
0.053950414061546326
0.052992820739746094
0.05224061757326126
0.05550471693277359
0.053522419184446335
0.05230878293514252
0.05093928426504135
0.05002442002296448
0.048663973808288574
0.04775821417570114
0.047277674078941345
0.0490008108317852
0.044932249933481216
0.04680953547358513
0.04880862683057785
0.046884506940841675
0.047880277037620544
0.04452556371688843
0.0457148514688015
0.044139694422483444
0.04379073530435562
0.04423794522881508
0.04505358636379242
0.04919092357158661
0.04525475203990936
0.043795328587293625
0.04393545538187027
0.04342319816350937
0.04348478466272354
0.04174346849322319
0.04564615339040756
0.04539195075631142
0.04190855100750923
0.041967470198869705
0.042946986854076385
0.04415026307106018
0.04038828983902931
0.041149478405714035
0.04195333272218704
0.04331941902637482
0.04283350333571434
0.04399246722459793
0.04081817343831062
0.04612576961517334
0.03982628509402275
0.039529502391815186
0.0402996726334095
0.03984907269477844
0.04092736542224884
0.03983822092413902
0.04093555733561516
0.040650587528944016
0.037519458681344986
0.03669906407594681
0.03819490224123001
0.03949626535177231
0.039951156824827194
0.03862719610333443
0.0374525785446167
0.037703752517700195
0.0376548171043396
0.03678880259394646
0.03667386621236801
0.0388362854719162
0.03755655139684677
0.04007105156779289
0.03836797922849655
0.03716086223721504
0.03820322826504707
0.036844197660684586
0.03667379543185234
0.03816540911793709
0.03653154894709587
0.03641191124916077
0.03869844228029251
0.03556743636727333
0.03630880266427994
0.03590643033385277
0.03571273759007454
0.035037387162446976
0.03533982113003731
0.034325942397117615
0.03581279143691063
0.03496985509991646
0.0343785285949707
0.03443964570760727
0.03520914912223816
0.0353853814303875
0.0337534099817276
0.034555546939373016
0.03593616560101509
0.03574894368648529
0.03472469747066498
0.03499965742230415
0.03510139510035515
0.03540866822004318
0.03554445877671242
0.03497130796313286
0.03391105681657791
no squeeze
1.530569076538086
0.5870574712753296
0.3977493941783905
0.3035011887550354
0.25590887665748596
0.2082095444202423
0.17600876092910767
0.15971069037914276
0.1404251903295517
0.12969058752059937
0.1169755831360817
0.10291636735200882
0.10200174152851105
0.09696958214044571
0.09893105924129486
0.08363686501979828
0.07948369532823563
0.07984102517366409
0.07107355445623398
0.06704539060592651
0.07190444320440292
0.06841041892766953
0.06348926573991776
0.061525847762823105
0.05766649916768074
0.061814840883016586
0.054950863122940063
0.05420588329434395
0.057097285985946655
0.049685824662446976
0.05038077011704445
0.048124078661203384
0.047862134873867035
0.04745478183031082
0.04355206340551376
0.05018329992890358
0.04361338168382645
0.04678962752223015
0.04094858840107918
0.04523978754878044
0.04009554162621498
0.04300566017627716
0.042928632348775864
0.04310482367873192
0.036601923406124115
0.042787063866853714
0.04088682308793068
0.0371675044298172
0.035725515335798264
0.03627318516373634
0.03864569962024689
0.035173188894987106
0.03664897754788399
0.03635959327220917
0.035562727600336075
0.03651364892721176
0.036057282239198685
0.03759460151195526
0.03474839776754379
0.03702368214726448
0.030739255249500275
0.03250305354595184
0.032782167196273804
0.03317878767848015
0.031462911516427994
0.0312346238642931
0.033625442534685135
0.03627068176865578
0.030206231400370598
0.027954120188951492
0.02945549227297306
0.029141228646039963
0.03126847743988037
0.02707097679376602
0.029005419462919235
0.029394375160336494
0.026535624638199806
0.027773194015026093
0.03159167245030403
0.028132664039731026
0.029018552973866463
0.02859370782971382
0.029536163434386253
0.02805335260927677
0.027766836807131767
0.027620451524853706
0.030423039570450783
no squeeze
0.7433790564537048
0.2619951069355011
0.1767006367444992
0.14974357187747955
0.13292399048805237
0.10084468871355057
0.1065724715590477
0.09705930948257446
0.0971655398607254
0.0972309485077858
0.09201760590076447
0.08554882556200027
0.08094406872987747
0.08251672983169556
0.08704090118408203
0.07470061630010605
0.07614917308092117
0.0827685073018074
0.08391143381595612
0.07022011280059814
0.0836210772395134
0.06998836994171143
0.06895751506090164
0.06922522187232971
0.06771949678659439
0.06887542456388474
0.07259301841259003
0.07701411098241806
0.07013055682182312
0.08002098649740219
0.07406327873468399
0.07011587917804718
0.0728197991847992
0.07507474720478058
0.07262473553419113
