no squeeze
452.8726806640625
256.6109619140625
211.5269317626953
96.14112091064453
82.7803955078125
57.47969055175781
53.44549560546875
41.502777099609375
39.04536819458008
31.112558364868164
29.392223358154297
23.66031265258789
22.37357521057129
18.03480339050293
17.057151794433594
13.758346557617188
13.017220497131348
10.511528968811035
9.949868202209473
8.05688190460205
7.633070945739746
6.205915451049805
5.89544677734375
4.84471321105957
4.606720447540283
3.8140275478363037
3.6395790576934814
3.0560059547424316
2.923368453979492
2.484248638153076
2.384660005569458
2.054379463195801
1.9803110361099243
1.7293471097946167
1.6727162599563599
1.4911291599273682
1.4416080713272095
1.2968920469284058
1.2641013860702515
1.1519371271133423
1.1275627613067627
1.0448440313339233
1.0253251791000366
0.9576342701911926
0.9436783194541931
0.8899877071380615
0.8785833120346069
0.8360494375228882
0.8270992636680603
0.7928904294967651
0.785197377204895
0.7593812942504883
0.7528411746025085
0.7296143770217896
0.724964439868927
0.7077651023864746
0.7019222378730774
0.6871811747550964
0.6833289861679077
0.6703678965568542
0.6670289635658264
0.6569810509681702
0.6573633551597595
0.6438099145889282
0.6415318250656128
0.6334249377250671
0.6328302621841431
0.6257320046424866
0.6213462352752686
0.6176081895828247
0.6146832704544067
0.6056919097900391
0.6033680438995361
0.5971563458442688
0.5957413911819458
0.5904303193092346
0.5893378853797913
0.5834939479827881
0.5820206999778748
0.5770142078399658
0.5758727192878723
0.5725433826446533
0.5694523453712463
0.5657523274421692
0.5641328692436218
0.5592518448829651
0.5581434369087219
0.5542448163032532
0.5535772442817688
0.5494062900543213
0.5488874316215515
0.543802797794342
0.5424975156784058
0.5387025475502014
0.5378778576850891
0.5338007211685181
0.5326951146125793
0.5288048386573792
0.527491569519043
0.5238531231880188
0.5235040783882141
0.5205087661743164
0.5191561579704285
0.5152651071548462
0.5145691633224487
0.5111821889877319
0.5116872191429138
0.5073630809783936
0.5068480372428894
0.5033161044120789
0.5024245977401733
0.4988418221473694
0.49846524000167847
0.49675121903419495
0.4950558543205261
0.49224844574928284
0.4914701282978058
0.48902520537376404
0.488319456577301
0.4850965738296509
0.48411276936531067
0.4820737838745117
0.4827662408351898
0.4794955551624298
0.47910377383232117
0.4771512448787689
0.47575587034225464
0.47365209460258484
0.4734673798084259
0.47351595759391785
0.4717384874820709
0.4685138463973999
0.4677251875400543
0.46656352281570435
0.4658735692501068
0.4638199210166931
0.46348050236701965
0.4622730016708374
0.4614482820034027
0.46015220880508423
0.4592941999435425
0.4577983617782593
0.45732685923576355
0.455552339553833
0.45550912618637085
0.4542279541492462
0.454285204410553
0.4532935917377472
0.4521498382091522
0.4514563977718353
0.45163092017173767
0.44960761070251465
0.4497113525867462
0.4487537145614624
0.4479936361312866
0.44789862632751465
0.44738882780075073
0.4465903639793396
0.44614508748054504
0.44502338767051697
0.4457757771015167
0.44477760791778564
0.44414475560188293
0.44344061613082886
0.4439294636249542
0.4429174065589905
0.44279420375823975
0.4417397081851959
0.44283998012542725
0.4415534734725952
0.4413113296031952
0.44107556343078613
0.4401569962501526
0.4403153955936432
0.43993738293647766
0.44008591771125793
0.4395187795162201
0.4391860067844391
0.4394625723361969
0.4396202266216278
no squeeze
450.8092041015625
253.5323944091797
209.0725860595703
102.15076446533203
91.38333129882812
73.79969787597656
71.37879943847656
64.61392974853516
63.23819351196289
58.79794692993164
57.817909240722656
54.59126281738281
53.87397766113281
51.499149322509766
50.94804382324219
49.1645393371582
48.76465606689453
47.43629837036133
47.13616180419922
46.14920425415039
45.93744659423828
45.22328186035156
45.04644012451172
44.493751525878906
44.38423156738281
43.960269927978516
43.87812805175781
43.589088439941406
43.504451751708984
43.27447509765625
43.20225143432617
43.01493835449219
42.969905853271484
42.822784423828125
42.781673431396484
42.6724967956543
42.642032623291016
42.55463409423828
42.531978607177734
42.45624542236328
42.44017028808594
42.37789535522461
42.37227249145508
42.32453155517578
42.30498504638672
42.27965545654297
42.261077880859375
42.21921920776367
42.207305908203125
42.190887451171875
42.191734313964844
42.16096878051758
42.16050720214844
42.18596649169922
42.14678192138672
42.122467041015625
42.12173080444336
42.13130187988281
42.14345169067383
42.14548110961914
no squeeze
452.4031066894531
313.6062927246094
275.8350830078125
151.79954528808594
130.43479919433594
84.77421569824219
78.30684661865234
60.212806701660156
56.617523193359375
45.74140548706055
43.504302978515625
36.300323486328125
34.70777893066406
29.340351104736328
28.14057731628418
23.99526023864746
23.046836853027344
19.750408172607422
18.97126579284668
16.282316207885742
15.668455123901367
13.54455852508545
13.043876647949219
11.317270278930664
10.9165620803833
9.52929401397705
9.20978832244873
8.103306770324707
7.838287830352783
6.921497821807861
6.71000862121582
5.9491496086120605
5.7788920402526855
5.160233020782471
5.0155134201049805
4.492366313934326
4.372522354125977
3.9461610317230225
3.8421499729156494
3.470851421356201
3.3828651905059814
3.0738625526428223
2.999056816101074
2.7365128993988037
2.671882152557373
2.4421961307525635
2.3890419006347656
2.1994662284851074
2.1541483402252197
1.9924912452697754
1.953377604484558
1.8138777017593384
1.7814035415649414
1.660743236541748
1.633880376815796
1.5383412837982178
1.5135501623153687
1.427488088607788
1.4062917232513428
1.3300249576568604
1.3131080865859985
1.2519850730895996
1.2360506057739258
1.1792374849319458
1.1665387153625488
1.118695855140686
1.1069464683532715
1.0639219284057617
1.053716778755188
1.0142490863800049
1.0049225091934204
0.9684767127037048
0.9610258936882019
0.9328274130821228
0.9244979023933411
0.8975188136100769
0.8902162909507751
0.8621296882629395
0.8563410043716431
0.8342386484146118
0.8286072611808777
0.8067007064819336
0.8018167614936829
0.7803343534469604
0.7759485840797424
0.7570545673370361
0.75278639793396
0.7377898693084717
0.7328673601150513
0.7167140245437622
0.7134538292884827
0.6983771920204163
0.6938551664352417
0.6805081963539124
0.6761646270751953
0.6617475152015686
0.6591376066207886
0.646421492099762
0.6431207656860352
0.6311953067779541
0.6279542446136475
0.6187973022460938
0.6157386302947998
0.6042101979255676
0.6015896201133728
0.5913903117179871
0.5889637470245361
0.5785868763923645
0.5761594176292419
0.5676192045211792
0.5651500225067139
0.5563229322433472
0.5545225143432617
0.5460790395736694
0.5441341996192932
0.5369470119476318
0.534665584564209
0.5268984436988831
0.5253368020057678
0.5176475048065186
0.5159350037574768
0.5109574198722839
0.5084217190742493
0.5026822686195374
0.5007678270339966
0.4949799180030823
0.49307504296302795
0.4874770939350128
0.48621007800102234
0.48061391711235046
0.47906795144081116
0.4738090932369232
0.4729668200016022
0.468584269285202
0.4676750600337982
0.46216458082199097
0.46152153611183167
0.4580087661743164
0.4564037024974823
0.45201531052589417
0.4510898292064667
0.4472927153110504
0.44631561636924744
0.443336546421051
0.44248199462890625
0.43855541944503784
0.43763718008995056
0.4347369074821472
0.4341275691986084
0.43123775720596313
0.4303847551345825
0.42799848318099976
0.42712071537971497
0.4241536259651184
0.4236951172351837
0.4222392737865448
0.4211869239807129
0.4183279871940613
0.41771504282951355
0.4163050353527069
0.4154915511608124
0.41303083300590515
0.41286879777908325
0.41153767704963684
0.4109055697917938
0.40891921520233154
0.40844133496284485
0.40672415494918823
0.40660181641578674
0.40490275621414185
0.4046163856983185
0.4038470983505249
0.40344980359077454
0.4011804163455963
0.40123167634010315
0.3997626006603241
0.39989447593688965
0.39919066429138184
0.3987447917461395
0.3976261615753174
0.3969641625881195
0.39585041999816895
0.3957035541534424
0.3949979245662689
0.39444977045059204
0.39369702339172363
0.3935111165046692
0.39274370670318604
0.3924192786216736
0.3915419280529022
0.39151743054389954
0.3909149765968323
0.39093640446662903
0.3902928829193115
0.3898543119430542
0.38959628343582153
0.3895576000213623
0.3888331949710846
0.38880455493927
0.3879862129688263
no squeeze
454.8415222167969
383.5343322753906
358.1685791015625
241.56166076660156
212.78631591796875
141.95518493652344
132.96263122558594
111.65448760986328
107.96802520751953
97.0199966430664
94.7581558227539
87.55757141113281
85.96440887451172
80.67241668701172
79.51778411865234
75.38552856445312
74.44312286376953
71.1200180053711
70.34431457519531
67.55099487304688
66.8858642578125
64.52127075195312
63.925132751464844
61.867713928222656
61.3223991394043
59.462223052978516
59.001914978027344
57.32041931152344
56.90720748901367
55.40782165527344
54.98447799682617
53.554378509521484
53.19398498535156
51.8626823425293
51.53479766845703
50.28760528564453
49.97236633300781
48.83850860595703
48.47896194458008
47.3953857421875
47.07569122314453
46.0166015625
45.75183868408203
44.74037551879883
44.494544982910156
43.551025390625
43.308326721191406
42.42097091674805
42.1882209777832
41.342567443847656
41.13335418701172
40.34333038330078
40.14387893676758
39.42619323730469
39.233707427978516
38.54854965209961
38.38086700439453
37.74435043334961
37.57510757446289
36.97893524169922
36.84097671508789
36.30130386352539
36.139984130859375
35.61166000366211
35.4843864440918
35.018978118896484
34.891807556152344
34.44845962524414
34.32716369628906
33.903865814208984
33.802284240722656
33.40363693237305
33.30023956298828
32.9340934753418
32.84528732299805
32.51704788208008
32.41305923461914
32.081573486328125
31.994709014892578
31.715892791748047
31.632869720458984
31.341514587402344
31.273508071899414
31.023630142211914
30.93975067138672
30.678508758544922
30.6097354888916
30.395177841186523
30.32648277282715
30.115909576416016
30.045787811279297
29.84834098815918
29.796031951904297
29.60723876953125
29.54796600341797
29.382450103759766
29.325965881347656
29.166603088378906
29.116195678710938
28.950559616088867
28.919034957885742
28.772785186767578
28.728347778320312
28.604000091552734
28.55634307861328
28.42226791381836
28.385005950927734
28.27838134765625
28.235275268554688
28.12494659423828
28.091466903686523
27.984153747558594
27.95807456970215
27.85934066772461
27.829849243164062
27.737403869628906
27.70775032043457
27.63715362548828
27.611370086669922
27.51108169555664
27.49100112915039
27.422344207763672
27.38992691040039
27.31703758239746
27.296586990356445
27.227678298950195
27.196121215820312
27.1328067779541
27.121625900268555
27.04014015197754
27.035213470458984
26.98897933959961
26.97303581237793
26.914043426513672
26.879613876342773
26.816272735595703
26.80272102355957
26.759536743164062
26.743227005004883
26.693675994873047
26.677452087402344
26.624847412109375
26.610624313354492
26.558027267456055
26.548463821411133
26.514665603637695
26.478227615356445
26.443485260009766
26.423856735229492
26.391178131103516
26.3652286529541
26.31095314025879
26.325382232666016
26.264636993408203
26.258869171142578
26.22707176208496
26.199106216430664
26.166648864746094
26.1413631439209
26.09541893005371
26.085599899291992
26.070556640625
26.045255661010742
26.012624740600586
25.99595069885254
25.959659576416016
25.946155548095703
25.91437339782715
25.897432327270508
25.863819122314453
25.84732437133789
25.810468673706055
25.805931091308594
25.787212371826172
25.76434898376465
25.754838943481445
25.713943481445312
25.693038940429688
25.67401885986328
25.66141700744629
25.6458797454834
25.609933853149414
25.59945297241211
25.571773529052734
25.562593460083008
25.523019790649414
25.5284481048584
25.5034122467041
25.487838745117188
25.475303649902344
25.44575309753418
25.431245803833008
25.4135799407959
25.40304946899414
25.39849853515625
25.362272262573242
25.351016998291016
25.341814041137695
25.332252502441406
25.30811309814453
no squeeze
451.3409118652344
324.3746032714844
292.297119140625
183.2032470703125
161.95999145507812
111.77079010009766
104.70030212402344
86.64501190185547
83.30685424804688
73.10274505615234
71.0063247680664
64.34689331054688
62.91190719604492
58.27680587768555
57.27019119262695
53.980220794677734
53.24346923828125
50.80875015258789
50.2603759765625
48.40046310424805
47.971031188964844
46.49773025512695
46.166690826416016
44.97319030761719
44.68980026245117
43.68794250488281
43.44388961791992
42.60052490234375
42.38907241821289
41.648136138916016
41.46889114379883
40.804115295410156
40.651405334472656
40.07670593261719
39.92855453491211
39.39947509765625
39.25716018676758
38.78580093383789
38.67453384399414
38.25506591796875
38.14202880859375
37.74578094482422
37.652626037597656
37.29953384399414
37.208335876464844
36.89038848876953
36.8094482421875
36.52119064331055
36.44606399536133
36.175689697265625
36.10451889038086
35.874752044677734
35.812156677246094
35.592506408691406
35.53062057495117
35.33620071411133
35.2872200012207
35.110809326171875
35.05746841430664
34.90705871582031
34.854164123535156
34.68925857543945
34.66091537475586
34.53242874145508
34.495914459228516
34.3543815612793
34.327247619628906
34.228477478027344
34.18989562988281
34.08562088012695
34.053733825683594
33.953369140625
33.9344482421875
33.84724426269531
33.8232307434082
33.74227523803711
33.71617889404297
33.63862609863281
33.613365173339844
33.563987731933594
33.53146743774414
33.478206634521484
33.4522705078125
33.39899826049805
33.38080596923828
33.31968307495117
33.30046463012695
33.258056640625
33.24393081665039
33.198524475097656
33.184818267822266
33.14549255371094
33.1243782043457
33.07398223876953
33.07233428955078
33.04201126098633
33.031158447265625
32.995479583740234
32.98202133178711
32.96835708618164
32.94981002807617
32.9171142578125
32.893714904785156
32.8829460144043
32.86629104614258
32.833221435546875
32.81953430175781
32.80679702758789
32.78912353515625
32.77692794799805
32.78513717651367
32.736366271972656
32.73026657104492
32.702327728271484
32.69328689575195
32.69829559326172
32.680721282958984
32.66851043701172
32.654693603515625
32.633480072021484
32.633766174316406
32.626792907714844
32.60866928100586
32.60062789916992
32.59208679199219
32.58271789550781
32.5777587890625
32.54962158203125
32.54599380493164
32.54792404174805
32.53469467163086
32.5167236328125
32.51218032836914
32.51713180541992
32.495330810546875
32.500892639160156
32.48862838745117
32.49009704589844
32.47847366333008
32.492061614990234
32.46145248413086
32.45093536376953
32.4600830078125
32.441078186035156
32.44707489013672
32.44552230834961
no squeeze
439.3853454589844
122.93978118896484
102.99459075927734
84.5368881225586
82.75572967529297
79.00199890136719
78.46092224121094
77.11951446533203
76.906494140625
76.3031234741211
76.19142150878906
75.86893463134766
75.80624389648438
75.64105987548828
75.73113250732422
75.48739624023438
75.47335052490234
75.38892364501953
75.388916015625
75.35360717773438
75.4349594116211
75.32610321044922
75.3265380859375
75.30935668945312
75.335693359375
75.30400848388672
75.298095703125
75.32231903076172
75.30937957763672
75.34434509277344
