no squeeze
48.67108154296875
8.148138999938965
5.3557634353637695
2.0807206630706787
1.686551809310913
0.8014256358146667
0.6769528388977051
0.38059359788894653
0.3347930610179901
0.2176765352487564
0.1980493664741516
0.1429298371076584
0.13272596895694733
0.10275664925575256
0.09608560800552368
0.07760611921548843
0.0742078348994255
0.06179927662014961
0.05908280983567238
0.05044487118721008
0.04865346476435661
0.04243815317749977
0.041010577231645584
0.03634515777230263
0.03537574037909508
0.0316060334444046
0.030840173363685608
0.028081202879548073
0.027460701763629913
0.02550758421421051
0.024866703897714615
0.023246044293045998
0.022890882566571236
0.021775662899017334
0.021426163613796234
0.020531892776489258
0.020357176661491394
0.019673572853207588
0.019530145451426506
0.019029024988412857
0.018965329974889755
0.018610475584864616
0.018552586436271667
0.018230145797133446
0.018154747784137726
0.01793251745402813
0.017886321991682053
0.017724966630339622
0.017701730132102966
0.017583981156349182
0.01754656434059143
0.01747375726699829
0.0174243301153183
0.017354335635900497
0.017335347831249237
0.01726437732577324
0.01725197210907936
0.01722019724547863
0.01718767359852791
0.017166847363114357
0.017127005383372307
0.017094813287258148
0.01709340699017048
0.01706787571310997
0.017050957307219505
0.017019405961036682
0.017012033611536026
0.017047278583049774
0.01700017973780632
0.016990438103675842
0.016982121393084526
0.016961948946118355
0.016971372067928314
0.016997607424855232
no squeeze
50.49668502807617
8.607853889465332
6.883134365081787
4.7850565910339355
4.537806987762451
3.9749033451080322
3.890799045562744
3.697845458984375
3.6669723987579346
3.5852630138397217
3.574620246887207
3.5426313877105713
3.5347659587860107
3.521909713745117
3.5164377689361572
3.5133965015411377
3.5101001262664795
3.5025570392608643
3.5008304119110107
3.499711513519287
3.4995830059051514
3.501936435699463
3.5016725063323975
3.496051788330078
3.4997050762176514
3.5025951862335205
no squeeze
49.45109176635742
9.81345272064209
8.437810897827148
4.997386455535889
4.521208763122559
3.355405807495117
3.130338668823242
2.4935123920440674
2.3505373001098633
1.8947840929031372
1.8014347553253174
1.4762736558914185
1.404392123222351
1.1564387083053589
1.1008176803588867
0.9147828221321106
0.8685556650161743
0.7125827074050903
0.6785919070243835
0.5651479363441467
0.5389646887779236
0.44697681069374084
0.425923228263855
0.3583861291408539
0.3390118479728699
0.2781631350517273
0.2671189606189728
0.23181912302970886
0.22062432765960693
0.18924321234226227
0.1808450073003769
0.15613019466400146
0.15073059499263763
0.13169752061367035
0.1276429295539856
0.11489982157945633
0.1118907555937767
0.10086575150489807
0.09851277619600296
0.09057968109846115
0.08844137191772461
0.0818251296877861
0.08026495575904846
0.0751187652349472
0.07378850132226944
0.06901443004608154
0.06808216124773026
0.0641743391752243
0.06338198482990265
0.06025046110153198
0.0594572015106678
0.05650099366903305
0.055961161851882935
0.05362731218338013
0.05310928821563721
0.05060194432735443
0.050136350095272064
0.04850820451974869
0.04804065451025963
0.04631025716662407
0.045853544026613235
0.04400752857327461
0.043669309467077255
0.042142365127801895
0.041828058660030365
0.04065512865781784
0.040289878845214844
0.039129193872213364
0.038718950003385544
0.037460245192050934
0.037171900272369385
0.03630112484097481
0.03600671514868736
0.03489545360207558
0.03471473604440689
0.03398545831441879
0.033662233501672745
0.032578613609075546
0.03249777853488922
0.031772419810295105
0.03152674064040184
0.030678940936923027
0.03052753023803234
0.029806267470121384
0.029662109911441803
0.02902359701693058
0.028867019340395927
0.028238417580723763
0.028074873611330986
0.027554333209991455
0.027411602437496185
0.02682974375784397
0.026650648564100266
0.026055769994854927
0.02599210850894451
0.02567961998283863
0.02545779198408127
0.024999745190143585
0.024857064709067345
0.024514229968190193
0.024302128702402115
0.02379043772816658
0.023750053718686104
0.02336534671485424
0.023303916677832603
0.0229872465133667
0.022838450968265533
0.02246684767305851
0.022387608885765076
0.02201434224843979
0.02198910154402256
0.021747924387454987
0.021581226959824562
0.02127602882683277
0.021222975105047226
0.02097100019454956
0.02093253843486309
0.020645998418331146
0.0206295158714056
0.020305471494793892
0.020262498408555984
0.02015547826886177
0.02004319243133068
0.01981792226433754
0.01977798528969288
0.019540389999747276
0.019483419135212898
0.019353358075022697
0.01929262839257717
0.019037432968616486
0.019107116386294365
0.01898309960961342
0.018926510587334633
0.018793486058712006
0.018675081431865692
0.018598468974232674
0.01853613182902336
0.018303820863366127
0.0182840283960104
0.018199259415268898
0.018193192780017853
0.018028536811470985
0.01805177517235279
0.017905820161104202
0.017910579219460487
0.01778087206184864
0.01776655577123165
0.017641061916947365
0.01762724108994007
0.017529746517539024
0.017525071278214455
0.017391402274370193
0.01748579367995262
0.017403893172740936
no squeeze
51.85398483276367
34.57052993774414
29.567800521850586
15.573118209838867
13.960103988647461
10.54255485534668
10.020709037780762
8.592340469360352
8.313189506530762
7.4650959968566895
7.287693500518799
6.709787368774414
6.5806169509887695
6.160453796386719
6.0669074058532715
5.754125595092773
5.675089359283447
5.429585933685303
5.373934745788574
5.1835551261901855
5.136196613311768
4.990530490875244
4.947406768798828
4.820209980010986
4.7904229164123535
4.687804698944092
4.6640191078186035
4.577471733093262
4.554329872131348
4.484009265899658
4.4623613357543945
4.402955532073975
4.385661602020264
4.328548908233643
4.314661026000977
4.2696757316589355
4.254901885986328
4.2072343826293945
4.1948347091674805
4.149040699005127
4.135364055633545
4.090731143951416
4.080343723297119
4.041139125823975
4.0278096199035645
3.98732328414917
3.9745333194732666
3.9359042644500732
3.922084331512451
3.882533550262451
3.872864246368408
3.8324697017669678
3.8208134174346924
3.779954433441162
3.7714602947235107
3.730370044708252
3.7208516597747803
3.689244270324707
3.6760051250457764
3.6335113048553467
3.6253678798675537
3.5912680625915527
3.5804684162139893
3.552267074584961
3.5382773876190186
3.504669189453125
3.4937164783477783
3.465270519256592
3.4556829929351807
3.427018642425537
3.4192745685577393
3.393980026245117
3.3850553035736084
3.355278968811035
3.347968101501465
3.3212621212005615
3.315891742706299
3.2921345233917236
3.287930488586426
3.257750988006592
3.2575910091400146
3.2349305152893066
3.2284860610961914
3.2063186168670654
3.203479290008545
3.181864023208618
3.174539566040039
3.1552343368530273
3.1495509147644043
3.1281139850616455
3.128980875015259
3.1082491874694824
3.1027705669403076
3.0848991870880127
3.080289840698242
3.0639913082122803
3.057150363922119
3.0395009517669678
3.033973455429077
3.01806902885437
3.011957883834839
2.9991602897644043
2.9908792972564697
2.971818208694458
2.9704432487487793
2.9603335857391357
2.955181837081909
2.9398443698883057
2.9355883598327637
2.9223365783691406
2.9159047603607178
2.907994270324707
2.9055063724517822
2.8898115158081055
2.8895063400268555
2.872724771499634
2.8707947731018066
2.8609261512756348
2.859828233718872
2.8458433151245117
2.8463244438171387
2.838651180267334
2.8320505619049072
2.8258118629455566
2.821159839630127
2.8084933757781982
2.8071799278259277
2.8019320964813232
2.7981016635894775
2.7918906211853027
2.790419816970825
2.7801249027252197
2.778566598892212
2.773625612258911
2.7690680027008057
2.7643136978149414
2.7567014694213867
2.753974676132202
2.7510125637054443
2.7482450008392334
2.745107412338257
2.7361652851104736
2.7354378700256348
2.7303433418273926
2.7324607372283936
2.7224011421203613
2.722898483276367
2.714583158493042
2.7111215591430664
2.7101762294769287
2.7081093788146973
2.7044053077697754
2.7028567790985107
2.6984570026397705
2.695345878601074
2.6932919025421143
2.6931076049804688
2.687906265258789
2.6822800636291504
2.6788864135742188
2.6773908138275146
2.672579765319824
2.6730735301971436
2.665360689163208
2.6661784648895264
2.6621077060699463
2.6608834266662598
2.6571078300476074
2.653759241104126
2.6551315784454346
2.6567087173461914
2.649317502975464
2.645803451538086
2.643954277038574
2.6437487602233887
2.639604091644287
2.6412265300750732
2.6384918689727783
2.6390268802642822
2.6358935832977295
2.634183645248413
2.6295580863952637
2.631807565689087
2.6233227252960205
2.6234843730926514
2.6207261085510254
2.623227834701538
2.616617441177368
2.621487617492676
2.6125094890594482
2.6157898902893066
2.611787796020508
2.611405849456787
2.6065897941589355
2.6090989112854004
2.6032190322875977
2.601606607437134
2.600355386734009
2.6027944087982178
2.596956729888916
no squeeze
51.6702995300293
18.85816764831543
14.84799575805664
8.297972679138184
7.576930522918701
5.929397106170654
5.667522430419922
4.9773945808410645
4.850007057189941
4.482725620269775
4.412400245666504
4.202053546905518
4.157482624053955
4.018133163452148
3.9871294498443604
3.8903756141662598
3.8689067363739014
3.796111583709717
3.7807013988494873
3.719025135040283
3.70528507232666
3.6556396484375
3.642141342163086
3.6034598350524902
3.5921342372894287
3.5536105632781982
3.5453641414642334
3.5117416381835938
3.502793312072754
3.472184896469116
3.4630844593048096
3.4348175525665283
3.427194595336914
3.400648593902588
3.396364212036133
3.368882656097412
3.3635103702545166
3.341156005859375
3.3352601528167725
3.314852237701416
3.3136403560638428
3.292257308959961
3.2836966514587402
3.2683963775634766
3.2634146213531494
3.2469780445098877
3.242400884628296
3.2258360385894775
3.2209370136260986
3.208092212677002
3.204908847808838
3.191196918487549
3.187952995300293
3.177154779434204
3.1763288974761963
3.1657798290252686
3.1627132892608643
3.1524698734283447
3.1510696411132812
3.145432233810425
3.143007278442383
3.132094383239746
3.1299431324005127
3.124101400375366
3.1230063438415527
3.1177806854248047
3.11932110786438
3.104555130004883
3.1073880195617676
3.100604772567749
3.0992817878723145
3.0907785892486572
3.092470407485962
3.0870790481567383
3.0861735343933105
3.0809381008148193
3.082282543182373
3.0750744342803955
3.0750977993011475
3.0761559009552
no squeeze
48.784732818603516
7.142425060272217
6.699092864990234
6.070897579193115
6.042083740234375
6.013396263122559
6.013526439666748
6.01296854019165
6.01279354095459
6.017815113067627
6.016754150390625
6.019104480743408
