no squeeze
16.23106575012207
4.29827356338501
2.100374937057495
1.1871211528778076
0.7846049070358276
0.634040892124176
0.5027554631233215
0.45034125447273254
0.5316797494888306
0.5013074278831482
0.6763516068458557
0.47907572984695435
0.4383039176464081
0.3385554254055023
0.3016572892665863
0.2789921462535858
0.30459606647491455
0.3985195755958557
0.3305545151233673
0.4143565595149994
0.4018232524394989
0.2985900938510895
0.3872813284397125
0.2578791677951813
0.464083731174469
0.3913177251815796
0.29142382740974426
0.4090363085269928
0.2600252330303192
0.23584933578968048
0.27966809272766113
0.6328675150871277
0.30973532795906067
0.32615143060684204
0.25990086793899536
0.2741292417049408
0.22152288258075714
0.22406570613384247
0.3205597400665283
0.24594730138778687
0.3362565338611603
0.3671480417251587
0.2515665590763092
0.23420105874538422
0.20811283588409424
0.2859622538089752
0.23071494698524475
0.17685222625732422
0.37545546889305115
0.23316724598407745
0.2186036854982376
0.30734407901763916
0.34724387526512146
0.19067004323005676
0.21474900841712952
0.3379094898700714
0.2075258493423462
0.2591848075389862
no squeeze
11.561036109924316
3.3867061138153076
1.6841212511062622
0.994106113910675
0.8251696825027466
0.7260153889656067
0.6119016408920288
0.5369266271591187
0.6716182827949524
0.6014677882194519
0.5536435842514038
0.5885114669799805
0.6086751222610474
0.49593204259872437
0.5209656953811646
0.4235522150993347
0.4387296140193939
0.6430689096450806
0.4638442397117615
0.3700808882713318
0.3806436061859131
0.400429904460907
0.4848504960536957
0.479417622089386
0.3885256052017212
0.34971845149993896
0.42116859555244446
0.4235093295574188
0.4157993793487549
0.4201708734035492
0.391935795545578
0.3306804895401001
0.3165185749530792
0.31824198365211487
0.32379570603370667
0.38494786620140076
0.38723820447921753
0.3624296486377716
0.3704240024089813
0.29446685314178467
0.3723609745502472
0.3976205885410309
0.40910595655441284
0.411612331867218
0.32532963156700134
0.3292323350906372
0.4274752140045166
0.3569468557834625
0.30630800127983093
0.33885887265205383
no squeeze
17.47761344909668
6.758062839508057
4.404129981994629
2.95536208152771
2.1625444889068604
1.7592886686325073
1.458605170249939
1.3106861114501953
1.3341734409332275
0.9845004677772522
1.1074362993240356
1.0530225038528442
1.228259563446045
0.8414230346679688
0.991092324256897
0.7993320822715759
0.6396090388298035
0.7328280806541443
0.499996542930603
1.009371280670166
0.7667974829673767
1.1876035928726196
0.5210993885993958
0.48814857006073
0.38404545187950134
0.33729714155197144
0.6841214299201965
0.6123823523521423
0.4607563316822052
0.539330005645752
0.6922358274459839
0.47759920358657837
0.4072195887565613
0.4010290503501892
0.4612286686897278
0.3980156183242798
no squeeze
15.79944133758545
6.738224983215332
4.744523525238037
3.6321005821228027
2.9026968479156494
2.376795530319214
1.9757345914840698
1.8412588834762573
1.579484224319458
1.465986967086792
1.398006796836853
1.2716056108474731
1.2348179817199707
1.1801804304122925
1.1240535974502563
1.0808061361312866
1.1139509677886963
0.9103845357894897
0.9756961464881897
0.8470958471298218
0.8928228616714478
0.7958678603172302
0.7992933988571167
0.8334836363792419
0.8175156116485596
0.7779636979103088
0.799709141254425
0.7364814281463623
0.6508039236068726
0.7745195031166077
0.6722139120101929
0.6002473831176758
0.6839853525161743
0.6435818076133728
0.6444286704063416
0.629511296749115
0.6435275077819824
0.6822748184204102
0.6865147948265076
0.5621190071105957
0.6082133054733276
0.6310306787490845
0.630770206451416
0.5978295207023621
0.5351026654243469
0.5611051917076111
0.5828579664230347
0.5644910335540771
0.5582377910614014
0.5779746770858765
0.5128927230834961
0.5204493999481201
0.49978071451187134
0.5175148844718933
0.5099814534187317
0.5529317855834961
0.5314985513687134
0.4571581780910492
0.4621662199497223
0.4764306843280792
0.4738733768463135
0.4358504116535187
0.461089551448822
0.40943172574043274
0.42031195759773254
0.4284207820892334
0.43645191192626953
0.4036233723163605
0.4689694046974182
0.38632312417030334
0.41175705194473267
0.3779617249965668
0.41544482111930847
0.3824661076068878
0.3397797644138336
0.34323832392692566
0.37195703387260437
0.38869884610176086
0.3620309829711914
0.3367936909198761
0.3434990644454956
0.3723995089530945
0.3080557882785797
0.35089465975761414
0.3322649598121643
0.34764203429222107
0.33330315351486206
0.3316872715950012
0.3139261305332184
0.31705930829048157
0.332416832447052
0.3139657974243164
0.3080686330795288
no squeeze
17.802181243896484
5.964114665985107
4.042476177215576
2.9850258827209473
2.4287209510803223
2.052785634994507
1.6994578838348389
1.5679224729537964
1.34852135181427
1.1880967617034912
1.3101162910461426
1.1819099187850952
1.146141767501831
1.0996534824371338
0.9749173521995544
0.9512557983398438
1.0018577575683594
1.0826832056045532
0.9153029918670654
0.8755665421485901
0.8065598011016846
0.9069474339485168
0.8004665374755859
0.767734944820404
0.7602226734161377
0.8428573608398438
0.7254681587219238
0.6489902138710022
0.6876744627952576
0.6905716061592102
0.6544052958488464
0.6483559012413025
0.6436060667037964
0.6439319849014282
0.6306450963020325
0.6483025550842285
0.6359894275665283
0.7273851633071899
0.5742083787918091
0.5297773480415344
0.7024739980697632
0.539557695388794
0.4684772789478302
0.523945152759552
0.5190871953964233
0.5612627267837524
0.5345518589019775
0.49316728115081787
0.4723908603191376
0.5287944078445435
0.4788181781768799
0.4414733648300171
0.47190991044044495
0.5051887035369873
0.39600956439971924
0.4414714574813843
0.4989009201526642
0.4339156746864319
0.47765523195266724
0.534672737121582
0.4708518981933594
0.40571317076683044
0.3952285945415497
0.4168594181537628
0.45652705430984497
0.4467584192752838
0.38333627581596375
0.3784157335758209
0.41612866520881653
0.3620731830596924
0.41483035683631897
0.3409861624240875
0.4164584279060364
0.39972129464149475
0.42560645937919617
0.3409186601638794
0.3714439570903778
0.30818843841552734
0.3034631907939911
0.3777656853199005
0.39703813195228577
0.33449551463127136
0.38016393780708313
0.3395982086658478
0.2995762825012207
0.3971758782863617
0.34421926736831665
0.2872130274772644
0.3205413520336151
0.30159395933151245
0.3032078146934509
0.3476499915122986
0.2991246283054352
0.25820231437683105
0.27747899293899536
0.28753116726875305
0.2868273854255676
0.30042463541030884
0.30122825503349304
0.28605908155441284
0.3212788701057434
0.27589648962020874
0.28357699513435364
0.32308900356292725
no squeeze
23.434511184692383
4.698200225830078
2.1506893634796143
1.7543699741363525
1.6060504913330078
1.483789086341858
1.5238370895385742
1.2911767959594727
0.8314330577850342
1.1273932456970215
1.3481040000915527
1.2828420400619507
1.1986134052276611
1.1351702213287354
1.1667795181274414
1.4321969747543335
1.120370626449585
1.5397197008132935
0.959435224533081
