no squeeze
7.148199081420898
1.1730917692184448
0.9056740999221802
0.431390643119812
0.3708561062812805
0.23579351603984833
0.2170078009366989
0.18000341951847076
0.17630989849567413
0.16779759526252747
0.16683703660964966
0.16555489599704742
0.16514958441257477
0.16455447673797607
0.16450956463813782
0.1645880490541458
0.16433344781398773
0.16403348743915558
0.16424375772476196
0.16467911005020142
no squeeze
7.521641254425049
1.2486763000488281
1.0732975006103516
0.7939913272857666
0.767581045627594
0.7135888338088989
0.7057053446769714
0.6976936459541321
0.6941239237785339
0.6923062205314636
0.6901142001152039
0.6893625855445862
0.6902346014976501
0.6884934306144714
0.690340518951416
0.6894851922988892
no squeeze
7.452567100524902
1.3771952390670776
1.1534473896026611
0.6972393989562988
0.6224647760391235
0.415546715259552
0.3767004609107971
0.26286888122558594
0.24078701436519623
0.17726682126522064
0.16568370163440704
0.13339200615882874
0.12698009610176086
0.10867762565612793
0.10485009104013443
0.09402243793010712
0.091755710542202
0.08450540900230408
0.0832253098487854
0.07866865396499634
0.07790403068065643
0.07496924698352814
0.07430136948823929
0.07222830504179001
0.0716986209154129
0.07023575901985168
0.0698929950594902
0.06894054263830185
0.0686049833893776
0.06784378737211227
0.06781363487243652
0.0671711266040802
0.06699368357658386
0.06659913063049316
0.06658193469047546
0.06617095321416855
0.0661250650882721
0.06585462391376495
0.06577222049236298
0.06565311551094055
0.06537799537181854
0.0651778131723404
0.06527542322874069
0.06497131288051605
0.06500940769910812
0.06503026187419891
no squeeze
7.735842227935791
3.8940370082855225
3.4892702102661133
2.605414628982544
2.481248617172241
2.1523470878601074
2.0885002613067627
1.900901436805725
1.8619202375411987
1.7404265403747559
1.710766315460205
1.6172620058059692
1.5942972898483276
1.51906418800354
1.5032696723937988
1.437052607536316
1.4259475469589233
1.3684184551239014
1.3555371761322021
1.3105309009552002
1.3008835315704346
1.2590391635894775
1.2495776414871216
1.2133287191390991
1.2043342590332031
1.1741286516189575
1.1672314405441284
1.142398715019226
1.1366610527038574
1.1130390167236328
1.1074161529541016
1.0879254341125488
1.0829588174819946
1.0700820684432983
1.0628150701522827
1.0429624319076538
1.0416288375854492
1.0243873596191406
1.0222094058990479
1.0068013668060303
1.0031836032867432
0.9874398112297058
0.9876918792724609
0.9705798625946045
0.9673237204551697
0.9542012214660645
0.9526395201683044
0.9404723048210144
0.9364537596702576
0.9367454051971436
0.931626558303833
0.9198369383811951
0.918670654296875
0.910879373550415
0.9125496745109558
0.9071272015571594
0.9049043655395508
0.9027248024940491
0.8987100720405579
0.895082950592041
0.8927856087684631
0.8911477327346802
0.892227292060852
0.8874163031578064
0.8866612911224365
0.8827963471412659
0.8829634189605713
0.881601095199585
0.8810900449752808
0.876736044883728
0.8795851469039917
0.8741031289100647
0.8734536170959473
0.8701896071434021
0.8699005842208862
0.8669772744178772
0.8681994080543518
0.8660354614257812
0.8698784708976746
0.8621773719787598
0.8628450632095337
0.8600835204124451
0.860316812992096
0.8580144047737122
0.8554069399833679
0.8548009395599365
0.8596236109733582
0.8524431586265564
0.8513684868812561
0.8501194715499878
0.8496326804161072
0.8490168452262878
0.8482800722122192
0.8472382426261902
0.8459404110908508
0.8447669148445129
0.8455272316932678
0.8408973217010498
0.8440139293670654
0.8399603962898254
0.8407027125358582
0.8433952927589417
no squeeze
7.523479461669922
1.9836827516555786
1.7641183137893677
1.3595786094665527
1.3023808002471924
1.1661689281463623
1.142824411392212
1.075248122215271
1.0658379793167114
1.0205671787261963
1.0133153200149536
0.9814133048057556
0.9749992489814758
0.9543270468711853
0.9494908452033997
0.9348952174186707
0.9290646910667419
0.9193874001502991
0.9149625897407532
0.9037497639656067
0.9017746448516846
0.8941210508346558
0.8915282487869263
0.8893093466758728
0.8900681734085083
0.8815584778785706
0.8782824277877808
0.875069260597229
0.8739884495735168
0.8714683651924133
0.8709238171577454
0.8661776185035706
0.8678562045097351
0.8623613715171814
0.8625362515449524
0.8609439730644226
0.8600118160247803
0.8590021729469299
0.8575291037559509
0.85511314868927
0.8562504053115845
0.8616712689399719
no squeeze
6.43079948425293
1.8490363359451294
1.7724127769470215
1.6877336502075195
1.6841658353805542
1.687112808227539
1.6829510927200317
1.6820335388183594
1.6800717115402222
1.6794041395187378
1.679790735244751
1.6849850416183472
