no squeeze
4.878926753997803
0.932716965675354
0.5069050788879395
0.4662347137928009
0.35740235447883606
0.2997964322566986
0.26589712500572205
0.25525689125061035
0.20653215050697327
0.236562579870224
0.19056469202041626
0.24539248645305634
0.2259390652179718
0.2767398953437805
0.20531705021858215
0.18928895890712738
0.18194355070590973
0.16956663131713867
0.18278181552886963
0.27636370062828064
0.2115071564912796
0.1990259289741516
0.23666584491729736
0.17115987837314606
0.15982304513454437
0.15129002928733826
0.14146138727664948
0.16451437771320343
0.12336141616106033
0.10946539789438248
0.12926027178764343
0.12591230869293213
0.13584594428539276
0.13251981139183044
0.12874184548854828
0.10975510627031326
0.1597272753715515
0.13141004741191864
0.09587365388870239
0.09902369976043701
0.1118423193693161
0.11067994683980942
0.1222430020570755
0.09281771630048752
0.16597534716129303
0.1385684609413147
0.12913893163204193
0.13745573163032532
0.1254175305366516
0.10096509009599686
0.09670785069465637
0.1226642057299614
0.08695020526647568
0.08664757013320923
0.08060956001281738
0.07297426462173462
0.09541268646717072
0.10151568055152893
0.09250335395336151
0.11771798133850098
0.08639760315418243
0.07202959060668945
0.08371590822935104
0.07855470478534698
0.0838678777217865
0.07733472436666489
0.07874348014593124
0.06552045047283173
0.093877412378788
0.09396680444478989
0.08804605156183243
0.07438163459300995
0.06461787223815918
0.07971244305372238
0.07443474978208542
0.06853979825973511
0.07130767405033112
0.059549909085035324
0.07344415783882141
0.07337777316570282
0.07841017097234726
0.0653357058763504
0.08778727799654007
0.10200975835323334
0.07264002412557602
0.0961049348115921
0.0646345466375351
0.061287879943847656
no squeeze
3.5398013591766357
0.8311521410942078
0.4166041910648346
0.33011892437934875
0.26043516397476196
0.30391937494277954
0.2647683024406433
0.2431187629699707
0.22048844397068024
0.27496519684791565
0.23330168426036835
0.19294704496860504
0.19058769941329956
0.2252628207206726
0.26119688153266907
0.22676292061805725
0.19625994563102722
0.19777216017246246
0.20447728037834167
0.20210035145282745
0.171741783618927
0.17233547568321228
0.21142925322055817
0.16548359394073486
0.16992315649986267
0.21110393106937408
0.17438767850399017
0.18341684341430664
0.19836372137069702
0.17670020461082458
0.13980084657669067
0.1666545867919922
0.19502602517604828
0.14002303779125214
0.16190126538276672
0.1642400175333023
0.18645033240318298
0.153253436088562
0.16373036801815033
0.1606162041425705
0.16486835479736328
no squeeze
3.8445212841033936
1.5514872074127197
0.9337690472602844
0.8341270685195923
0.685431957244873
0.6080795526504517
0.47873038053512573
0.4900526702404022
0.46671655774116516
0.618340253829956
0.6729800701141357
0.5074860453605652
0.45011281967163086
0.4809669256210327
0.564759373664856
0.4694814383983612
0.3358668386936188
0.3451037108898163
0.41222327947616577
0.39760953187942505
0.3888756036758423
0.4207375645637512
0.3123653829097748
0.31181737780570984
0.3584130108356476
0.5021249055862427
0.3784424662590027
0.4372004568576813
0.5227861404418945
0.3302043676376343
0.3303079307079315
0.3631412088871002
0.31108471751213074
0.30405256152153015
0.22618180513381958
0.2525356411933899
0.25171709060668945
0.24082624912261963
0.24650731682777405
0.3173135817050934
0.2690969705581665
0.3355795443058014
0.43456536531448364
0.2274853140115738
0.28147560358047485
no squeeze
4.255459785461426
1.4993929862976074
1.0630656480789185
0.8566522002220154
0.7871321439743042
0.6833253502845764
0.6338462233543396
0.5838642716407776
0.5284642577171326
0.46781638264656067
0.43224602937698364
0.4020705819129944
0.37632128596305847
0.32491689920425415
0.3203682601451874
0.30696359276771545
0.29356318712234497
0.26890459656715393
0.2529691159725189
0.2599088251590729
0.24673013389110565
0.2216816246509552
0.23261290788650513
0.22818906605243683
0.22639359533786774
0.20728649199008942
0.19196397066116333
0.19654496014118195
0.19144250452518463
0.1939852386713028
0.18443024158477783
0.19456011056900024
0.17444734275341034
0.18521569669246674
0.17597384750843048
0.18819548189640045
0.1867077648639679
0.17476384341716766
0.17183087766170502
0.15923459827899933
0.1828201413154602
0.17311835289001465
0.17812737822532654
0.1845095306634903
0.16841097176074982
0.15821035206317902
0.15876679122447968
0.1652955561876297
0.1572263240814209
0.18295767903327942
0.14916200935840607
0.14360666275024414
0.14745254814624786
0.15216757357120514
0.1631622612476349
0.15426170825958252
0.146444633603096
0.13768112659454346
0.14778102934360504
0.15787678956985474
0.15411603450775146
0.14431767165660858
0.15144610404968262
0.13691852986812592
0.1375369280576706
0.1254507303237915
0.14482247829437256
0.13677558302879333
0.14136435091495514
0.13494150340557098
0.1293839067220688
0.13885556161403656
0.13058315217494965
0.127243772149086
0.11393242329359055
0.1250663697719574
0.14411556720733643
0.13234633207321167
0.12589412927627563
0.12420348078012466
0.1262819617986679
0.12114419788122177
0.11419141292572021
0.11508635431528091
0.11690251529216766
no squeeze
3.0129716396331787
1.0732611417770386
0.653913140296936
0.5187094807624817
0.4378337562084198
0.37912583351135254
0.3248353600502014
0.310275673866272
0.2771029472351074
0.27119654417037964
0.26356109976768494
0.24236609041690826
0.23648957908153534
0.2344392091035843
0.2072916477918625
0.2246803492307663
0.18942157924175262
0.20021918416023254
0.18175816535949707
0.17072704434394836
0.17015540599822998
0.16754159331321716
0.16629621386528015
0.14231815934181213
0.14852362871170044
0.15977247059345245
0.14051507413387299
0.13795867562294006
0.1291123926639557
0.13847629725933075
0.15232397615909576
0.14396893978118896
0.14224353432655334
0.133695587515831
0.1250118911266327
0.12567216157913208
0.12398387491703033
0.11821999400854111
0.12005102634429932
0.1152350902557373
0.11497841775417328
0.11731421202421188
0.12145635485649109
0.11228838562965393
0.11536042392253876
0.13040228188037872
0.13193227350711823
0.10244029015302658
0.10033043473958969
0.1054128035902977
0.08877697587013245
0.08905533701181412
0.13833339512348175
0.09588140994310379
0.08596837520599365
0.08775825053453445
0.08647097647190094
0.10138769447803497
0.08939190953969955
0.11194180697202682
0.1116149052977562
0.08344461023807526
0.0959610715508461
0.0979594960808754
0.07944241166114807
0.07112395018339157
0.0715852677822113
0.07986247539520264
0.08167500793933868
0.09732011705636978
0.07812308520078659
0.08211428672075272
0.07536909729242325
0.07334542274475098
0.06814651191234589
0.08073524385690689
0.08055420219898224
0.07451062649488449
0.08196230232715607
0.07426753640174866
0.07540968060493469
0.07856335490942001
0.07394833117723465
0.07175986468791962
0.07012180984020233
no squeeze
4.483025550842285
0.6473715901374817
0.41153407096862793
0.3072688579559326
0.3646624684333801
0.28742092847824097
0.36665937304496765
0.2298312783241272
0.22859430313110352
0.2802286148071289
0.21841712296009064
0.2794381380081177
0.30109351873397827
0.2550303041934967
0.27382519841194153
0.20490843057632446
0.22091300785541534
0.2580915689468384
0.23899172246456146
0.20830568671226501
0.16620896756649017
0.3225700259208679
0.15664874017238617
0.17719881236553192
0.14749494194984436
0.19703388214111328
0.27506986260414124
0.1755559742450714
0.23013679683208466
0.20291930437088013
0.18530909717082977
0.17386223375797272
0.21147960424423218
0.19139426946640015
0.28898122906684875
