no squeeze
19.363723754882812
3.3315675258636475
2.5610761642456055
1.2155085802078247
1.0410078763961792
0.6344863176345825
0.5687665939331055
0.40357935428619385
0.375613272190094
0.3054549992084503
0.29396912455558777
0.2638547718524933
0.25935304164886475
0.24638842046260834
0.24511560797691345
0.24022147059440613
0.24254588782787323
0.2365144044160843
0.23686805367469788
0.23501186072826385
0.2348041534423828
0.23390591144561768
0.23346127569675446
0.23289212584495544
0.23258033394813538
0.23244738578796387
0.2320156842470169
0.23269914090633392
0.23243319988250732
0.23152774572372437
0.23170489072799683
0.23130039870738983
0.2309695929288864
0.2313082367181778
0.23313170671463013
0.231827050447464
no squeeze
18.604625701904297
3.7791366577148438
3.2356958389282227
2.1280570030212402
2.0047013759613037
1.7377475500106812
1.6999539136886597
1.6145213842391968
1.6016449928283691
1.574588656425476
1.5693864822387695
1.560477375984192
1.5594745874404907
1.5523147583007812
1.552762746810913
1.549368977546692
1.5513144731521606
1.5513529777526855
no squeeze
20.16078758239746
4.364969730377197
3.381248950958252
1.8988914489746094
1.687796711921692
1.1158626079559326
1.012094259262085
0.7043827772140503
0.6435710787773132
0.4636317193508148
0.4274282157421112
0.32169950008392334
0.29974666237831116
0.23572294414043427
0.22268493473529816
0.1841903030872345
0.17645680904388428
0.15247410535812378
0.1476532518863678
0.13266733288764954
0.12944245338439941
0.11944212019443512
0.1173778772354126
0.11055585741996765
0.10922238975763321
0.10417992621660233
0.10327330976724625
0.09978343546390533
0.09909550100564957
0.09661495685577393
0.09602078050374985
0.09400510787963867
0.09344618767499924
0.09186733514070511
0.09156540036201477
0.09027762711048126
0.09001797437667847
0.08899985253810883
0.08890531212091446
0.08793032914400101
0.08766940236091614
0.08689378201961517
0.08682417124509811
0.08613920956850052
0.08620760589838028
0.08557924628257751
0.08545664697885513
0.08504999428987503
0.0848386213183403
0.08453026413917542
0.08440690487623215
0.0841604545712471
0.0840897187590599
0.0837068036198616
0.08366245031356812
0.08336315304040909
0.08344336599111557
0.08321163058280945
0.08306006342172623
0.08301696181297302
0.08285712450742722
0.08280938118696213
0.0827990174293518
0.08256541937589645
0.08251705765724182
0.08239376544952393
0.08240381628274918
0.0821676030755043
0.08210066705942154
0.08218444138765335
0.0823395624756813
0.0822848528623581
no squeeze
20.351839065551758
9.294774055480957
7.808709621429443
5.19129753112793
4.875753879547119
4.1034440994262695
3.96439790725708
3.549854278564453
3.4631776809692383
3.186621904373169
3.123185157775879
2.916701078414917
2.867448568344116
2.702347755432129
2.6635935306549072
2.533298969268799
2.5023128986358643
2.3909342288970947
2.368056058883667
2.282543420791626
2.2608256340026855
2.189711570739746
2.173266649246216
2.1162588596343994
2.102947235107422
2.054720163345337
2.04518723487854
2.004142999649048
1.994384765625
1.9619663953781128
1.9551678895950317
1.9253214597702026
1.9184184074401855
1.8934170007705688
1.8853403329849243
1.8634066581726074
1.8600209951400757
1.8372368812561035
1.8333450555801392
1.81093168258667
1.8065756559371948
1.7893248796463013
1.7843471765518188
1.7677887678146362
1.7637550830841064
1.7499539852142334
1.7445197105407715
1.7296961545944214
1.725940227508545
1.7106786966323853
1.7065197229385376
1.6935107707977295
1.691438913345337
1.677544355392456
1.6740187406539917
1.663625955581665
1.6600456237792969
1.6504215002059937
1.6446332931518555
1.635772943496704
1.630513072013855
1.6261942386627197
1.6216260194778442
1.6069015264511108
1.6099226474761963
1.5980817079544067
1.5944539308547974
1.5855205059051514
1.5816746950149536
1.5747343301773071
1.5726850032806396
1.5653712749481201
1.5672110319137573
1.5577870607376099
1.5557620525360107
1.5476475954055786
1.5441521406173706
1.5397266149520874
1.5366417169570923
1.5320074558258057
1.5303192138671875
1.5255866050720215
1.5254298448562622
1.5167871713638306
1.516301155090332
1.5120571851730347
1.5090886354446411
1.5058443546295166
1.5028377771377563
1.5008339881896973
1.4985114336013794
1.493761420249939
1.4902980327606201
1.4885752201080322
1.488312005996704
1.4836006164550781
1.4828630685806274
1.4814432859420776
1.485700249671936
1.4722741842269897
1.4729254245758057
1.4681137800216675
1.467742681503296
1.4630991220474243
1.4616187810897827
1.457855463027954
1.457699179649353
1.4528435468673706
1.4529320001602173
1.4493836164474487
1.4481585025787354
1.4432892799377441
1.4448707103729248
1.442389726638794
1.4452247619628906
1.4375828504562378
1.4394525289535522
1.43350350856781
1.432499885559082
1.4288523197174072
1.428128957748413
1.4263286590576172
1.4246253967285156
1.4216469526290894
1.4246317148208618
1.4180750846862793
1.4196116924285889
1.4159753322601318
1.4154044389724731
1.415736198425293
1.4134619235992432
1.4134832620620728
1.4096852540969849
1.4060651063919067
1.405720591545105
1.4040412902832031
1.4055743217468262
1.4011573791503906
1.3994683027267456
1.398938775062561
1.3965263366699219
1.395324945449829
1.3962287902832031
1.3932932615280151
1.395561933517456
1.3893436193466187
1.38873291015625
1.3879668712615967
1.3894718885421753
1.3833189010620117
1.3852360248565674
1.3797534704208374
1.3801859617233276
1.3803385496139526
no squeeze
19.36537742614746
5.394306659698486
4.572700023651123
3.057877779006958
2.8652403354644775
2.4134957790374756
2.3402419090270996
2.148272752761841
2.1129367351531982
2.0075557231903076
1.9867539405822754
1.920098066329956
1.9068292379379272
1.861121654510498
1.8496311902999878
1.8180304765701294
1.8117945194244385
1.784764289855957
1.7772692441940308
1.7578328847885132
1.751948595046997
1.7337870597839355
1.7282413244247437
1.714468002319336
1.7129082679748535
1.694828748703003
1.6930527687072754
1.6813991069793701
1.6807459592819214
1.6660778522491455
1.6654456853866577
1.6560389995574951
1.6551530361175537
1.648675560951233
1.644392728805542
1.6373027563095093
1.6389356851577759
1.6285854578018188
1.6298977136611938
1.6252192258834839
1.620295763015747
1.6202305555343628
1.6172417402267456
1.6130650043487549
1.6140533685684204
1.6084487438201904
1.6125731468200684
1.6053122282028198
1.6025093793869019
1.6014931201934814
1.5981860160827637
1.5967937707901
1.5967528820037842
1.594602346420288
1.592881679534912
1.590147852897644
1.591867446899414
1.5896649360656738
1.59367036819458
1.5865217447280884
1.5836513042449951
1.5839723348617554
1.5816380977630615
1.5808284282684326
1.5780061483383179
1.580230951309204
1.577359914779663
1.5793408155441284
1.5798372030258179
1.578558325767517
no squeeze
19.432350158691406
3.660993814468384
3.504794120788574
3.3856260776519775
3.3812954425811768
3.3868911266326904
3.3805747032165527
3.3813960552215576
3.37979793548584
3.381422281265259
3.389322280883789
3.380723714828491
