no squeeze
153.00762939453125
48.203861236572266
35.4644775390625
18.269250869750977
16.170011520385742
10.589789390563965
9.549261093139648
6.3967790603637695
5.767518997192383
3.8583452701568604
3.4739673137664795
2.3211886882781982
2.0995728969573975
1.4389891624450684
1.3141309022903442
0.9394310116767883
0.8644222021102905
0.6384776830673218
0.5947809219360352
0.4601220488548279
0.4327127933502197
0.3440377712249756
0.3267398178577423
0.2693483531475067
0.2575084865093231
0.21951806545257568
0.2117224782705307
0.18527472019195557
0.18059483170509338
0.1628805696964264
0.1590493619441986
0.14724241197109222
0.14415177702903748
0.13526515662670135
0.13313685357570648
0.12672561407089233
0.12505842745304108
0.11953465640544891
0.11836790293455124
0.11485648155212402
0.11390212923288345
0.11067817360162735
0.11007031798362732
0.10695216059684753
0.10616648942232132
0.10351978987455368
0.1028297021985054
0.1008632555603981
0.10007473081350327
0.09800180792808533
0.09760173410177231
0.09585900604724884
0.0952855721116066
0.09347210079431534
0.09306909143924713
0.09153738617897034
0.09114149212837219
0.08981727063655853
0.0894363597035408
0.08795047551393509
0.08765009790658951
0.08639726042747498
0.08599989116191864
0.08484764397144318
0.08464473485946655
0.08374037593603134
0.08334231376647949
0.08251148462295532
0.08226173371076584
0.08138856291770935
0.08110873401165009
0.08026210218667984
0.08013099431991577
0.07932046055793762
0.07908903062343597
0.07855206727981567
0.07839919626712799
0.07776879519224167
0.07759450376033783
0.07700301706790924
0.07694356143474579
0.07636750489473343
0.0762733742594719
0.07599541544914246
0.0758424699306488
0.07542337477207184
0.07533968985080719
0.07496296614408493
0.07497508823871613
0.07459764927625656
0.07450930029153824
0.0742705836892128
0.07425981014966965
0.07398556172847748
0.07391799241304398
0.07372564822435379
0.07365242391824722
0.0735524445772171
0.07363118976354599
0.07334868609905243
0.07335814833641052
0.07319138199090958
0.07320038974285126
0.07309577614068985
0.07306171208620071
0.072880320250988
0.07308492064476013
0.07288369536399841
no squeeze
154.12841796875
48.29871368408203
35.50102233886719
21.05524444580078
19.78751564025879
17.023780822753906
16.594980239868164
15.424388885498047
15.20302677154541
14.553239822387695
14.422164916992188
14.020419120788574
13.934431076049805
13.661332130432129
13.604903221130371
13.431255340576172
13.389598846435547
13.26916217803955
13.240025520324707
13.155858039855957
13.144290924072266
13.08372688293457
13.065323829650879
13.026424407958984
13.020580291748047
12.987337112426758
12.975722312927246
12.964760780334473
12.957953453063965
12.928038597106934
12.925403594970703
12.915030479431152
12.919053077697754
12.904017448425293
12.902351379394531
12.908843040466309
12.904277801513672
12.897204399108887
12.895873069763184
12.882237434387207
12.87963581085205
12.879980087280273
12.874964714050293
12.86760139465332
12.870622634887695
12.864591598510742
12.863978385925293
12.861239433288574
12.863893508911133
12.860847473144531
12.865374565124512
12.86518669128418
no squeeze
156.78842163085938
92.36488342285156
77.3753662109375
38.94575500488281
33.995361328125
22.087913513183594
20.033414840698242
14.15866756439209
13.105079650878906
10.014397621154785
9.418169021606445
7.694911479949951
7.339292049407959
6.243717193603516
6.010468006134033
5.226140022277832
5.0582098960876465
4.4806342124938965
4.340269088745117
3.857877254486084
3.740640163421631
3.325948715209961
3.2268781661987305
2.8701186180114746
2.782517910003662
2.4602484703063965
2.3788669109344482
2.080559730529785
2.008308172225952
1.7406483888626099
1.67488694190979
1.4357255697250366
1.3791465759277344
1.170160174369812
1.1221200227737427
0.9502438902854919
0.9086140394210815
0.766167938709259
0.7340822815895081
0.6232926249504089
0.5974687337875366
0.5110391974449158
0.49103912711143494
0.42599615454673767
0.41040924191474915
0.3590838313102722
0.34736552834510803
0.3079847991466522
0.2993371784687042
0.2693336308002472
0.26276350021362305
0.23924513161182404
0.23406869173049927
0.2160828858613968
0.21122288703918457
0.19588804244995117
0.1922621726989746
0.18010514974594116
0.17696955800056458
0.16673880815505981
0.16450050473213196
0.15574486553668976
0.15367823839187622
0.14673474431037903
0.14483098685741425
0.1388150304555893
0.1371670961380005
0.13148972392082214
0.1302511841058731
0.12546302378177643
0.12420997023582458
0.120115727186203
0.11925581097602844
0.11518018692731857
0.11434751749038696
0.11083674430847168
0.10993447154760361
0.1074710562825203
0.10658185184001923
0.10332868248224258
0.1026201918721199
0.10043234378099442
0.09979493170976639
0.0972212478518486
0.09677338600158691
0.09450550377368927
0.09408710896968842
0.09205792844295502
0.09163282066583633
0.08982516825199127
0.08951602131128311
0.0875687301158905
0.08737199008464813
0.08606390655040741
0.08558624237775803
0.0840156227350235
0.08383627980947495
0.08250773698091507
0.08250491321086884
0.08106674998998642
0.0808505043387413
0.07986336946487427
0.07950801402330399
0.07853331416845322
0.07829073071479797
0.07739920169115067
0.07720340043306351
0.07638227194547653
0.07617592811584473
0.07546056061983109
0.0752502828836441
0.07461993396282196
0.0745341032743454
0.0738791897892952
0.07374931871891022
0.07303722947835922
0.0729256346821785
0.0726110190153122
0.07238009572029114
0.07188025116920471
0.07188373804092407
0.07143262773752213
0.07127095013856888
0.0708218365907669
0.07082382589578629
0.07040704041719437
0.07040853798389435
0.07001764327287674
0.07006186246871948
0.06955640017986298
0.06954022496938705
0.06944867223501205
0.0692923292517662
0.06899844110012054
0.06893479079008102
0.06887958198785782
0.0686904639005661
0.06856510043144226
0.06843089312314987
0.06823129206895828
0.06816139817237854
0.0680261179804802
0.06811470538377762
0.06782013922929764
0.06783070415258408
0.06756118685007095
0.06767711043357849
0.06753042340278625
0.06741359829902649
0.06737063825130463
0.06729207187891006
0.06724333018064499
0.06727011501789093
0.06711989641189575
0.06717009097337723
0.06694484502077103
0.06691659986972809
0.06698483228683472
0.0669039711356163
0.06685002148151398
0.06675101071596146
0.06673012673854828
0.06675133854150772
0.06667938828468323
0.06657248735427856
0.0664876401424408
0.06656727194786072
0.06644940376281738
0.0664260983467102
0.06645403057336807
0.06647662073373795
0.06627354025840759
0.0663880705833435
0.06638311594724655
no squeeze
157.48321533203125
115.94902801513672
103.40882110595703
59.44969940185547
52.02812576293945
36.511348724365234
34.28658676147461
28.649572372436523
27.672931671142578
24.80530548095703
24.226451873779297
22.415184020996094
22.023204803466797
20.738439559936523
20.451725006103516
19.50337791442871
19.289043426513672
18.55933952331543
18.39116859436035
17.821155548095703
17.69194221496582
17.230661392211914
17.123779296875
16.735488891601562
16.643205642700195
16.319692611694336
16.240798950195312
15.966102600097656
15.888906478881836
15.63596248626709
15.565115928649902
15.333809852600098
15.27157974243164
15.049392700195312
14.98889446258545
14.774721145629883
14.719122886657715
14.513440132141113
14.458850860595703
14.261151313781738
14.204803466796875
14.011677742004395
13.966817855834961
13.769026756286621
13.716620445251465
13.536839485168457
13.476892471313477
13.297085762023926
13.248689651489258
13.06362533569336
13.017155647277832
12.843745231628418
12.798093795776367
12.627631187438965
12.576127052307129
12.416215896606445
12.369279861450195
12.208211898803711
12.167989730834961
12.016484260559082
11.97215461730957
11.831442832946777
11.786224365234375
11.647720336914062
11.611194610595703
11.465001106262207
11.432892799377441
11.308793067932129
11.276473045349121
11.151459693908691
11.110940933227539
11.001655578613281
10.964068412780762
10.842808723449707
10.819551467895508
10.713313102722168
10.677632331848145
10.569512367248535
10.54604434967041
10.450100898742676
10.422639846801758
10.324504852294922
10.288534164428711
10.201705932617188
10.173601150512695
10.082690238952637
10.062544822692871
9.977094650268555
9.953381538391113
9.872389793395996
9.845499038696289
9.76499080657959
9.746841430664062
9.67258071899414
9.649287223815918
9.580466270446777
9.557353019714355
9.494261741638184
9.474139213562012
9.41285514831543
9.393524169921875
9.336709976196289
9.3152437210083
9.255603790283203
9.24395751953125
9.193496704101562
9.175140380859375
9.12731647491455
9.11625862121582
9.071525573730469
9.062424659729004
9.012141227722168
8.99657154083252
8.966852188110352
8.948383331298828
8.911314964294434
8.900580406188965
8.867972373962402
8.860480308532715
8.824976921081543
8.812286376953125
8.798029899597168
8.780315399169922
8.768101692199707
8.74974536895752
8.728177070617676
8.718822479248047
8.697600364685059
8.688735961914062
8.667313575744629
8.667174339294434
8.642359733581543
8.641727447509766
8.627202033996582
8.619184494018555
8.597688674926758
8.594260215759277
8.583844184875488
8.580826759338379
8.566915512084961
8.564738273620605
8.544816017150879
8.538599967956543
8.530547142028809
8.532929420471191
8.521888732910156
8.509766578674316
8.505670547485352
8.50062084197998
8.485648155212402
8.481388092041016
8.481768608093262
8.475565910339355
8.464816093444824
8.45995044708252
8.457008361816406
8.459029197692871
8.444405555725098
8.445881843566895
8.426610946655273
8.4330472946167
8.420977592468262
8.420671463012695
8.419779777526855
8.418045997619629
8.410431861877441
8.404204368591309
8.405837059020996
8.398317337036133
8.39252758026123
8.386519432067871
8.38079833984375
8.385415077209473
8.373046875
8.367487907409668
8.37716293334961
8.370275497436523
8.37157917022705
no squeeze
157.31285095214844
66.744873046875
52.10064697265625
27.654775619506836
25.65573501586914
21.28425407409668
20.560773849487305
18.504850387573242
18.10462188720703
16.8872013092041
16.634321212768555
15.85312557220459
15.68498420715332
15.126326560974121
15.001903533935547
14.579805374145508
14.479228973388672
14.145588874816895
14.063689231872559
13.779471397399902
13.708873748779297
13.472800254821777
13.406630516052246
13.202105522155762
13.14937973022461
12.961207389831543
12.916515350341797
12.750311851501465
12.704243659973145
12.555209159851074
12.519220352172852
12.385336875915527
12.34947395324707
12.23283863067627
12.197406768798828
12.089913368225098
12.058431625366211
11.969930648803711
11.93949031829834
11.85163688659668
11.831475257873535
11.759866714477539
11.742349624633789
11.65954303741455
11.642022132873535
11.575231552124023
11.557979583740234
11.503817558288574
11.486757278442383
11.438902854919434
11.421614646911621
11.374153137207031
11.36228084564209
11.314493179321289
11.30471420288086
11.277074813842773
11.26072883605957
11.227518081665039
11.211783409118652
11.18947696685791
11.173990249633789
11.147791862487793
11.13891887664795
11.12226676940918
11.116687774658203
11.082807540893555
11.0736665725708
11.062967300415039
11.056329727172852
11.033766746520996
11.031091690063477
11.009379386901855
11.003499984741211
10.9911527633667
10.988643646240234
10.962570190429688
10.960803985595703
10.954567909240723
10.944723129272461
10.931130409240723
10.922335624694824
10.913229942321777
10.908096313476562
10.909037590026855
10.902569770812988
10.897098541259766
10.891913414001465
10.878392219543457
10.872336387634277
10.85556411743164
10.86184310913086
10.865078926086426
no squeeze
147.30960083007812
28.404714584350586
26.430971145629883
23.008556365966797
22.71135711669922
22.097578048706055
22.00779914855957
21.770841598510742
21.74184226989746
21.62281608581543
21.612594604492188
21.553464889526367
21.539846420288086
21.524038314819336
21.518951416015625
21.505836486816406
21.509265899658203
21.529329299926758
