no squeeze
143.29335021972656
74.92195129394531
59.600433349609375
25.899559020996094
23.194969177246094
18.181760787963867
17.42418098449707
15.262578010559082
14.837179183959961
13.518868446350098
13.253385543823242
12.367827415466309
12.176663398742676
11.545327186584473
11.410088539123535
10.955207824707031
10.848885536193848
10.505062103271484
10.431276321411133
10.199258804321289
10.1434907913208
9.957362174987793
9.921121597290039
9.804032325744629
9.774768829345703
9.687908172607422
9.66518783569336
9.60876178741455
9.596212387084961
9.561579704284668
9.547221183776855
9.52061939239502
9.522683143615723
9.493888854980469
9.495565414428711
9.48070240020752
9.464545249938965
9.45326042175293
9.453229904174805
9.441462516784668
9.45145320892334
9.44898796081543
no squeeze
142.77789306640625
49.926387786865234
35.739463806152344
16.185705184936523
14.425436973571777
9.95246410369873
9.168797492980957
6.873272895812988
6.429850101470947
5.129001617431641
4.8679938316345215
4.093850612640381
3.941234588623047
3.4856183528900146
3.392451286315918
3.116931676864624
3.062880754470825
2.9040815830230713
2.8722081184387207
2.77939510345459
2.7610361576080322
2.7081403732299805
2.6984915733337402
2.6694986820220947
2.6608433723449707
2.6442291736602783
2.63930606842041
2.6277894973754883
2.625387668609619
2.61637544631958
2.6150686740875244
2.613323211669922
2.6124017238616943
2.6059837341308594
2.6087746620178223
2.603551149368286
2.6037192344665527
2.6038451194763184
no squeeze
144.03504943847656
75.31024932861328
61.70261764526367
30.776123046875
26.59115982055664
16.653797149658203
15.0392427444458
10.931882858276367
10.227800369262695
8.197503089904785
7.786617279052734
6.512088775634766
6.244058132171631
5.345491409301758
5.143826007843018
4.447897434234619
4.2843170166015625
3.7123806476593018
3.576824188232422
3.094956159591675
2.98185658454895
2.5785555839538574
2.4827449321746826
2.14347767829895
2.063904047012329
1.7855021953582764
1.7189019918441772
1.4898335933685303
1.4364540576934814
1.2484118938446045
1.2058959007263184
1.0567954778671265
1.0229015350341797
0.9026659727096558
0.8755682110786438
0.7810608744621277
0.7589148879051208
0.6818112730979919
0.6641718149185181
0.6016330718994141
0.5874166488647461
0.5374664664268494
0.52549809217453
0.4852002263069153
0.4755989611148834
0.4418688118457794
0.43378838896751404
0.40593647956848145
0.3988277018070221
0.37568819522857666
0.3700706660747528
0.35148194432258606
0.3464953303337097
0.32972681522369385
0.32567325234413147
0.31064939498901367
0.3073418140411377
0.294877827167511
0.29220253229141235
0.28158965706825256
0.27925175428390503
0.26997119188308716
0.26772916316986084
0.2596432566642761
0.25765347480773926
0.2507122755050659
0.24904033541679382
0.24304890632629395
0.24149487912654877
0.23585455119609833
0.2344396561384201
0.22968602180480957
0.22831329703330994
0.22366347908973694
0.22265176475048065
0.21850068867206573
0.2176399976015091
0.21447612345218658
0.21348486840724945
0.21027500927448273
0.20941162109375
0.2065233439207077
0.20584265887737274
0.20318706333637238
0.20263592898845673
0.20015105605125427
0.19955286383628845
0.19753636419773102
0.19680778682231903
0.19516032934188843
0.19456903636455536
0.1928597390651703
0.1923336237668991
0.19085726141929626
0.19034698605537415
0.18895304203033447
0.188653364777565
0.1872767060995102
0.18702998757362366
0.1858118623495102
0.1854047328233719
0.184376060962677
0.1841689795255661
0.18306344747543335
0.18296341598033905
0.181948721408844
0.1817929595708847
0.18084703385829926
0.18080353736877441
0.17992089688777924
0.17975476384162903
0.1790204495191574
0.17890691757202148
0.1785006821155548
0.17818930745124817
0.17770549654960632
0.17738749086856842
0.17674566805362701
0.1766388714313507
0.1762770563364029
0.17604297399520874
0.17556561529636383
0.1754925698041916
0.17526757717132568
0.17506173253059387
0.17478755116462708
0.17472614347934723
0.17446966469287872
0.17448413372039795
0.17385384440422058
0.17352397739887238
0.17356105148792267
0.17355099320411682
0.1732652634382248
0.17333896458148956
0.1731075793504715
0.17298191785812378
0.17271782457828522
0.1725291758775711
0.17239515483379364
0.1722167581319809
0.17224474251270294
0.172117680311203
0.1716134399175644
0.17187093198299408
0.17178282141685486
no squeeze
146.8370819091797
120.68901062011719
111.14567565917969
68.84069061279297
59.81281661987305
40.20779037475586
37.58176040649414
30.83675193786621
29.618967056274414
26.026126861572266
25.296112060546875
22.996994018554688
22.509784698486328
20.92072105407715
20.56463050842285
19.388778686523438
19.122406005859375
18.22867202758789
18.028636932373047
17.33193588256836
17.166414260864258
16.624326705932617
16.487079620361328
16.02709197998047
15.916975021362305
15.536126136779785
15.437957763671875
15.11013126373291
15.026888847351074
14.738544464111328
14.662781715393066
14.395747184753418
14.327516555786133
14.086262702941895
14.017654418945312
13.790053367614746
13.719970703125
13.495809555053711
13.438526153564453
13.221301078796387
13.161188125610352
12.96667194366455
12.896038055419922
12.683712005615234
12.63012409210205
12.43680477142334
12.376130104064941
12.176448822021484
12.123614311218262
11.940425872802734
11.87601089477539
11.68467903137207
11.627846717834473
11.453080177307129
11.411846160888672
11.224832534790039
11.178278923034668
11.010852813720703
10.962642669677734
10.80648136138916
10.771885871887207
10.60940933227539
10.56663703918457
10.422030448913574
10.383659362792969
10.262433052062988
10.2035493850708
10.074906349182129
10.036627769470215
9.915826797485352
9.880775451660156
9.772459983825684
9.738907814025879
9.63266658782959
9.617145538330078
9.518301963806152
9.46794319152832
9.382508277893066
9.362543106079102
9.261863708496094
9.23563003540039
9.163013458251953
9.130133628845215
9.053437232971191
9.029520034790039
8.991608619689941
8.995314598083496
8.870738983154297
8.854618072509766
8.799511909484863
8.787416458129883
8.742100715637207
8.71178913116455
8.668501853942871
8.672507286071777
8.6094331741333
8.59510326385498
8.538655281066895
8.540895462036133
8.50123405456543
8.489363670349121
8.456345558166504
8.447175025939941
8.418002128601074
8.404952049255371
8.378057479858398
8.39794635772705
8.366082191467285
8.341126441955566
8.309253692626953
8.304168701171875
8.29114055633545
8.288952827453613
8.253406524658203
8.260173797607422
8.242938041687012
8.21977710723877
8.216710090637207
8.206259727478027
8.193319320678711
8.184558868408203
8.171006202697754
8.16208267211914
8.162997245788574
8.148280143737793
8.127542495727539
8.140533447265625
8.125839233398438
8.142828941345215
8.133806228637695
no squeeze
144.8605499267578
67.24877166748047
55.260772705078125
33.2347412109375
30.790536880493164
24.784086227416992
23.71666717529297
20.578439712524414
19.955045700073242
18.02546501159668
17.631662368774414
16.38778305053711
16.120803833007812
15.255033493041992
15.065927505493164
14.427842140197754
14.275059700012207
13.76340389251709
13.64819622039795
13.240264892578125
13.154207229614258
12.799376487731934
12.71569538116455
12.425644874572754
12.353363037109375
12.104377746582031
12.04168701171875
11.828042984008789
11.787857055664062
11.596334457397461
11.552764892578125
11.393065452575684
11.343971252441406
11.19486141204834
11.16213321685791
11.030970573425293
11.001513481140137
10.892121315002441
10.863935470581055
10.766486167907715
10.766705513000488
10.657389640808105
10.643867492675781
10.576803207397461
10.56911563873291
10.485666275024414
10.470481872558594
10.411514282226562
10.402219772338867
10.360179901123047
10.36487102508545
10.322362899780273
10.29093074798584
10.253775596618652
10.24012279510498
10.202314376831055
10.203256607055664
10.170662879943848
10.161115646362305
10.132810592651367
10.130905151367188
10.1027193069458
10.097447395324707
10.075211524963379
10.059040069580078
10.077589988708496
10.05591869354248
10.023787498474121
10.027420043945312
10.0162353515625
9.991605758666992
9.998984336853027
9.979187965393066
9.970032691955566
9.977834701538086
9.939583778381348
9.939105987548828
9.931328773498535
9.929712295532227
9.918375968933105
9.931711196899414
9.89903736114502
9.898722648620605
9.924054145812988
9.89806842803955
9.878445625305176
9.87678337097168
9.866647720336914
9.87148380279541
9.859185218811035
9.859663963317871
9.852645874023438
9.843582153320312
9.837002754211426
9.84141731262207
9.846381187438965
no squeeze
140.80335998535156
28.684772491455078
25.93788719177246
21.888093948364258
21.492931365966797
20.78611946105957
20.697385787963867
20.492971420288086
20.476768493652344
20.39284324645996
20.376102447509766
20.352214813232422
20.34613037109375
20.344615936279297
20.32597541809082
20.34031867980957
20.32065200805664
20.327075958251953
20.32969093322754
20.334665298461914
