no squeeze
2.7795097827911377
0.7253643274307251
0.3162006139755249
0.21118426322937012
0.15424266457557678
0.11489980667829514
0.08831719309091568
0.1050499752163887
0.08707284182310104
0.0941276028752327
0.08131491392850876
0.0748179703950882
0.05848699435591698
0.0696793869137764
0.06885756552219391
0.05860404297709465
0.07308123260736465
0.05727919191122055
0.04586254805326462
0.04934283718466759
0.055274028331041336
0.032510846853256226
0.03275534510612488
0.04585646465420723
0.03957732021808624
0.05117863044142723
0.03490656986832619
0.029601845890283585
0.036762338131666183
0.030287671834230423
0.03011501580476761
0.036728013306856155
0.038576219230890274
0.026715246960520744
0.030982816591858864
0.023685038089752197
0.026670387014746666
0.018552914261817932
0.02153124287724495
0.020754951983690262
0.017912300303578377
0.01932346634566784
0.020105164498090744
0.03256842866539955
0.034433942288160324
0.019907819107174873
0.03642874211072922
0.049913376569747925
0.034804053604602814
0.0246855728328228
0.01957104168832302
no squeeze
2.3880820274353027
0.6626195311546326
0.3811682164669037
0.24206921458244324
0.21413537859916687
0.19927945733070374
0.16203060746192932
0.14284108579158783
0.1483701914548874
0.14341478049755096
0.13535283505916595
0.12907105684280396
0.11787985265254974
0.11167879402637482
0.10932283103466034
0.10191301256418228
0.09233605861663818
0.107398122549057
0.10904885828495026
0.1237955093383789
0.10764439404010773
0.11071478575468063
0.09822336584329605
0.07896941155195236
0.08716651797294617
0.10749951750040054
0.09054585546255112
0.09453752636909485
0.07948756963014603
0.0718657523393631
0.06943915039300919
0.09827340394258499
0.07042532414197922
0.07294884324073792
0.09277836233377457
0.07493987679481506
0.07129934430122375
0.06672453880310059
0.07150237262248993
0.07305818051099777
0.07061172276735306
0.05984692648053169
0.06339525431394577
0.08248041570186615
0.06175472214818001
0.08018975704908371
0.0803341343998909
0.07140349596738815
0.07255680859088898
0.08487125486135483
0.06681989878416061
0.07595392316579819
no squeeze
2.4516971111297607
1.0027176141738892
0.6785555481910706
0.46459153294563293
0.33619067072868347
0.3573457896709442
0.3429601192474365
0.2107226848602295
0.18984350562095642
0.24131351709365845
0.16518305242061615
0.16640977561473846
0.1499672383069992
0.09732887893915176
0.13748250901699066
0.11952262371778488
0.11359468847513199
0.10661390423774719
0.08533400297164917
0.07109694182872772
0.07855893671512604
0.10423620790243149
0.11200917512178421
0.11735155433416367
0.09897430986166
0.0770922377705574
0.09158803522586823
0.06507031619548798
0.12336531281471252
0.064912810921669
0.0712539479136467
0.07365742325782776
0.03538711369037628
0.07256511598825455
0.03839174285531044
0.04676075652241707
0.03081640601158142
0.04116937890648842
0.04443735629320145
0.031451430171728134
0.05245009809732437
0.04045217111706734
0.04100901633501053
0.06238934397697449
0.10817918181419373
0.03856624290347099
0.027262117713689804
0.029889045283198357
0.026668332517147064
0.022857533767819405
0.029312139376997948
0.03225158527493477
0.05162745714187622
0.04622770473361015
0.03032909519970417
0.028853153809905052
0.023868683725595474
0.0306270532310009
0.01827349327504635
0.01963951252400875
0.01938631571829319
0.027059830725193024
0.019526513293385506
0.016560092568397522
0.023595433682203293
0.03584272041916847
0.028495756909251213
0.016912534832954407
0.030926236882805824
0.013260642997920513
0.02941622957587242
0.02380489930510521
0.013882006518542767
0.013906574808061123
0.021112773567438126
0.009683534502983093
0.008516049943864346
0.008068731985986233
0.00580001762136817
0.008030747063457966
0.011575941927731037
0.020074734464287758
0.01320169772952795
0.014649473130702972
0.023614387959241867
0.014456725679337978
0.014034420251846313
0.03146155923604965
0.016284462064504623
no squeeze
2.8910303115844727
1.2313218116760254
0.9416843056678772
0.7589115500450134
0.6298173069953918
0.5142004489898682
0.4764944314956665
0.45599544048309326
0.3862707018852234
0.36042794585227966
0.34188833832740784
0.3183632791042328
0.2943553328514099
0.28147798776626587
0.2694646716117859
0.2542904317378998
0.25982069969177246
0.24944807589054108
0.23152479529380798
0.2369767725467682
0.22910581529140472
0.20989516377449036
0.20059967041015625
0.1957174390554428
0.192112997174263
0.1802578717470169
0.18681547045707703
0.16745495796203613
0.17386020720005035
0.17205272614955902
0.17356407642364502
0.16504739224910736
0.15926212072372437
0.15691445767879486
0.1532571166753769
0.1412804275751114
0.16716375946998596
0.15504232048988342
0.14707045257091522
0.14190536737442017
0.13766975700855255
0.14204593002796173
0.14836157858371735
0.1327887624502182
0.1408320516347885
0.12646938860416412
0.1276737004518509
0.12391234189271927
0.12426896393299103
0.1223803162574768
0.12994182109832764
0.1210310310125351
0.12041402608156204
0.11641717702150345
0.1073269322514534
0.10693877190351486
0.11090800911188126
0.10820554941892624
0.11065587401390076
0.10101743787527084
0.10532446950674057
0.0971757248044014
0.10746336728334427
0.10234043002128601
0.11266165971755981
0.10918600857257843
0.10768458992242813
0.09290384501218796
0.08755811303853989
0.09918086230754852
0.0930989533662796
0.09230192750692368
0.08957415074110031
0.10177940130233765
0.08778037130832672
0.08864883333444595
0.08353909105062485
0.09530764818191528
0.08366962522268295
0.0821055993437767
0.0862601101398468
0.07925428450107574
0.08279356360435486
0.09179797768592834
0.08395401388406754
0.09105442464351654
0.07778243720531464
0.08026639372110367
0.0815035030245781
0.08304513990879059
0.0802694782614708
0.06967318058013916
0.0737251490354538
0.073634073138237
0.06872841715812683
0.07050952315330505
0.07171547412872314
0.06925040483474731
0.06844455003738403
0.06978073716163635
0.07454030215740204
0.06766488403081894
0.07039029151201248
0.07059518992900848
0.07549778372049332
0.07022867351770401
0.07325521856546402
0.06754302233457565
0.06810571253299713
0.06891300529241562
0.06533078104257584
0.06334191560745239
0.06685640662908554
0.06714378297328949
0.06366267800331116
0.0626024380326271
0.06428177654743195
0.059877872467041016
0.061126019805669785
0.06112523376941681
0.0696033164858818
0.06368987262248993
0.06043310835957527
0.061567820608615875
0.061415739357471466
0.0654478594660759
0.05980061739683151
0.05644126236438751
0.06197838485240936
0.06080986559391022
0.06087689474225044
0.06022341921925545
0.06040865555405617
0.06084921956062317
0.061231642961502075
0.05704915151000023
0.05996235832571983
0.05523286387324333
0.05955888703465462
0.059197407215833664
0.06125176325440407
0.058119866997003555
0.06386476010084152
0.06156573444604874
0.05773865804076195
0.0614619180560112
0.056137021631002426
0.05808395519852638
no squeeze
3.0379927158355713
1.0645097494125366
0.7093544006347656
0.5164058804512024
0.412687212228775
0.35946619510650635
0.2859366834163666
0.2805839478969574
0.23680144548416138
0.2256767451763153
0.22605286538600922
0.21046915650367737
0.18458199501037598
0.1812019646167755
0.1597546488046646
0.15663498640060425
0.1588781476020813
0.14679163694381714
0.13976550102233887
0.1681264489889145
0.12652385234832764
0.1276930719614029
0.11465723067522049
0.11053655296564102
0.1450757384300232
0.12375643104314804
0.11165346205234528
0.10962735116481781
0.1111937165260315
0.11143912374973297
0.10372061282396317
0.09634199738502502
0.10270071774721146
0.10280486196279526
0.08908505737781525
0.09733568876981735
0.10505031049251556
0.10576796531677246
0.09010306000709534
0.1005098819732666
0.08855102211236954
0.08520800620317459
0.09266282618045807
0.08921114355325699
0.08254694938659668
0.0821898952126503
0.0794675424695015
0.0841890424489975
0.07652962952852249
0.07704763114452362
0.07469192892313004
0.0800696387887001
0.08323829621076584
0.0740620493888855
0.07257220149040222
0.06534095853567123
0.07568401098251343
0.08929026871919632
0.07507678866386414
0.07059714198112488
0.06642653048038483
0.07385289669036865
0.07734847068786621
0.06003687530755997
0.0769076868891716
0.07297447323799133
0.0715690329670906
0.06579646468162537
0.068533755838871
0.07464531064033508
0.06337068229913712
0.06481727212667465
0.07685662060976028
0.07726550102233887
no squeeze
1.7714389562606812
0.5808693766593933
0.39054960012435913
0.3301348388195038
0.22034715116024017
0.3977070748806
0.21724015474319458
0.22573232650756836
0.23447264730930328
0.21833494305610657
0.1751699000597
0.18462452292442322
0.18782751262187958
0.17009325325489044
0.13606391847133636
0.15345498919487
0.17204418778419495
0.20825700461864471
0.22535312175750732
0.19711393117904663
0.20158931612968445
0.1653183102607727
0.13833460211753845
0.3567214012145996
0.21043512225151062
