no squeeze
11.820760726928711
1.131081461906433
0.8269286155700684
0.2832638919353485
0.22362448275089264
0.09478995949029922
0.07660020142793655
0.035222578793764114
0.029536154121160507
0.016991861164569855
0.015255339443683624
0.011434619314968586
0.010862509720027447
0.009532483294606209
0.009212258271872997
0.008403328247368336
0.008258304558694363
0.007802011910825968
0.0076704081147909164
0.007247834000736475
0.007155274506658316
0.006909469608217478
0.006765759550035
0.0064114974811673164
0.006383899133652449
0.006145726423710585
0.0060744392685592175
0.005763544235378504
0.005732511170208454
0.005564291030168533
0.0055010877549648285
0.005324325058609247
0.00529287988319993
0.0052026258781552315
0.005121507681906223
0.005006544291973114
0.004982322454452515
0.004873283673077822
0.004822640214115381
0.0047086626291275024
0.004674956202507019
0.004633359145373106
0.00459025613963604
0.0045270612463355064
0.004520371090620756
0.004466515965759754
0.004454479552805424
0.004426769446581602
0.004415202420204878
0.0043922667391598225
0.004385916981846094
0.004352759104222059
0.004352908581495285
0.004353167023509741
no squeeze
13.41689682006836
1.4539333581924438
1.0097688436508179
0.3270285129547119
0.26057252287864685
0.12469802051782608
0.10611224174499512
0.060374706983566284
0.053176093846559525
0.035060569643974304
0.031996261328458786
0.02432267926633358
0.02308947779238224
0.0199268851429224
0.019340336322784424
0.017761779949069023
0.01744849607348442
0.016491306945681572
0.016326889395713806
0.01587853766977787
0.015751780942082405
0.01535749901086092
0.015179446898400784
0.014816083014011383
0.014828943647444248
0.014446241781115532
0.014325807802379131
0.014035277999937534
0.013958621770143509
0.013655749149620533
0.013731502927839756
0.013413679786026478
0.01322079636156559
0.013003380037844181
0.012907174415886402
0.012571818195283413
0.012529396452009678
0.012393019162118435
0.012361695058643818
0.012272502295672894
0.012122011743485928
0.011895057745277882
0.011849772185087204
0.011592562310397625
0.011527289636433125
0.011433965526521206
0.01143028773367405
0.011276807636022568
0.011206402443349361
0.011087307706475258
0.01104356162250042
0.010990392416715622
0.010900566354393959
0.010851195082068443
0.010802199132740498
0.010689090937376022
0.010676675476133823
0.010606762021780014
0.01054428145289421
0.010486689396202564
0.010542723350226879
0.010403137654066086
0.01037744153290987
0.01035050768405199
0.01031966507434845
0.010392852127552032
0.010278288275003433
0.010261679999530315
0.010217144154012203
0.01018115971237421
0.010249420069158077
0.010135292075574398
0.010142259299755096
0.01017899438738823
no squeeze
13.036145210266113
2.312303304672241
1.8069108724594116
0.8714945316314697
0.7491900324821472
0.4514746367931366
0.40536409616470337
0.27592960000038147
0.2509516775608063
0.1793980896472931
0.1646660417318344
0.12011174112558365
0.11091269552707672
0.08144821971654892
0.07552159577608109
0.05843757092952728
0.05461646243929863
0.04168093577027321
0.039230961352586746
0.031399790197610855
0.02961132675409317
0.024543974548578262
0.023303933441638947
0.01981053501367569
0.01894484832882881
0.01615079864859581
0.015510909259319305
0.013793877325952053
0.013292111456394196
0.011836405843496323
0.011495781131088734
0.010508100502192974
0.010147355496883392
0.009302389807999134
0.009145110845565796
0.008508102037012577
0.008346270769834518
0.007769050542265177
0.007645630277693272
0.007163889240473509
0.007119688671082258
0.006859427317976952
0.006735080853104591
0.0064222319051623344
0.006329659838229418
0.006123547442257404
0.006082712672650814
0.005888538435101509
0.005816582124680281
0.005636242683976889
0.0056005544029176235
0.005456114653497934
0.0054260254837572575
0.005320976488292217
0.005275720730423927
0.0051596206612885
0.005163654685020447
0.005064156837761402
0.005031947046518326
0.004945535212755203
0.00492410734295845
0.004921930376440287
0.004893796052783728
0.004791524261236191
0.004762792959809303
0.004710812587291002
0.004704778082668781
0.004655254073441029
0.004653512500226498
0.004639435093849897
0.004605707246810198
0.004571242723613977
0.004557005129754543
0.004514262080192566
0.004513064865022898
0.004487195052206516
0.004493261221796274
0.004454314708709717
0.004461702890694141
0.004427055362612009
0.004423070233315229
0.004391335882246494
0.004390814807265997
0.004375117365270853
0.004389690700918436
0.004361310042440891
0.004347433336079121
0.004313377197831869
0.004320488777011633
0.004328956827521324
no squeeze
14.098919868469238
5.979489326477051
4.9651780128479
2.894829511642456
2.6097323894500732
1.8643808364868164
1.7241272926330566
1.3039019107818604
1.2242220640182495
0.9723440408706665
0.9193191528320312
0.7578185200691223
0.7218032479286194
0.6143879890441895
0.5923871397972107
0.5178617238998413
0.5023940205574036
0.44895192980766296
0.43651729822158813
0.39912739396095276
0.39081814885139465
0.3612354099750519
0.354648232460022
0.33186885714530945
0.32603374123573303
0.31087687611579895
0.30594414472579956
0.29210948944091797
0.29241687059402466
0.2785990536212921
0.27702003717422485
0.27084973454475403
0.26769304275512695
0.26328831911087036
0.26074281334877014
0.2578940987586975
0.25526875257492065
0.2531142830848694
0.25455552339553833
0.2509014308452606
0.2518192231655121
0.25037288665771484
0.2484942078590393
0.24638554453849792
0.2452622950077057
0.245306134223938
0.24440571665763855
0.24973510205745697
0.24897073209285736
0.242066890001297
0.24270689487457275
0.2438507378101349
no squeeze
13.694584846496582
2.848799705505371
2.230379104614258
1.1772739887237549
1.0476226806640625
0.7326171398162842
0.6793525218963623
0.522491455078125
0.49026405811309814
0.39113423228263855
0.3677506148815155
0.2963847219944
0.2809758484363556
0.2290279120206833
0.2173818051815033
0.17819517850875854
0.16937124729156494
0.1390664428472519
0.13203419744968414
0.1086331382393837
0.10376616567373276
0.08504693955183029
0.0809042826294899
0.06661611795425415
0.06363410502672195
0.05386912822723389
0.05176249146461487
0.04445003345608711
0.04289703816175461
0.03807991370558739
0.03694702312350273
0.033505454659461975
0.03270217031240463
0.030159881338477135
0.029577985405921936
0.02757965959608555
0.027307523414492607
0.02582862228155136
0.025656018406152725
0.024298377335071564
0.024111522361636162
0.02316185273230076
0.022869374603033066
0.022187789902091026
0.022369299083948135
0.021460948511958122
0.021417001262307167
0.020784301683306694
0.02066732570528984
0.020327242091298103
0.020175818353891373
0.02005927450954914
0.01998797617852688
0.0196232832968235
0.01948258839547634
0.019160933792591095
0.019032442942261696
0.018965141847729683
0.018964963033795357
0.01874135062098503
0.018665341660380363
0.01843375340104103
0.018357057124376297
0.018374761566519737
0.01849600486457348
0.018216019496321678
0.01815643347799778
0.018025659024715424
0.01809818111360073
0.017873264849185944
0.017738811671733856
0.01772381365299225
0.017679044976830482
0.018520213663578033
0.017777839675545692
0.017627784982323647
0.017467934638261795
0.017418846487998962
0.01752602867782116
0.017735468223690987
no squeeze
11.564900398254395
0.8616370558738708
0.6806447505950928
0.3771769106388092
0.34772375226020813
0.296904981136322
0.2898828983306885
0.28288134932518005
0.2932172417640686
0.27892324328422546
0.2780282199382782
0.2772977650165558
0.2808794677257538
0.2802199423313141
