no squeeze
15.028138160705566
5.432307720184326
3.2522199153900146
1.9802051782608032
1.4341011047363281
1.1417427062988281
1.0522727966308594
0.8594378232955933
0.7595502734184265
0.6477434635162354
0.9319472908973694
0.7170208096504211
0.5637016296386719
0.6814844012260437
0.5511980056762695
0.449251651763916
0.5772750973701477
0.5859605669975281
0.46119144558906555
0.4795936942100525
0.5031331777572632
0.4617035984992981
0.565051794052124
0.4703293442726135
0.5261812806129456
0.37251320481300354
0.43950900435447693
0.4709641635417938
0.560607373714447
0.41228100657463074
0.3908373713493347
0.4104248881340027
0.4197867214679718
0.4116280674934387
0.3934479355812073
0.4031871557235718
no squeeze
12.8162202835083
4.3615264892578125
1.932151436805725
1.057112216949463
0.597743570804596
0.416512668132782
0.3927913010120392
0.15663424134254456
0.1620527058839798
0.21152661740779877
0.12194835394620895
0.16370119154453278
0.17915602028369904
0.08208300918340683
0.0966188907623291
0.05821182206273079
0.06679508090019226
0.06589432805776596
0.05937730520963669
0.05853749439120293
0.030858274549245834
0.032542694360017776
0.039133526384830475
0.04060133546590805
0.07043499499559402
0.02228490822017193
0.03409728780388832
0.06520970165729523
0.04579520598053932
0.03346460685133934
0.03995196893811226
0.03591284900903702
0.040448833256959915
0.04577839374542236
0.10199173539876938
0.031058305874466896
no squeeze
14.197874069213867
6.368407726287842
3.7202436923980713
2.6176016330718994
1.8913992643356323
1.6263365745544434
1.2574838399887085
1.1091969013214111
1.1417871713638306
1.1027122735977173
1.03839111328125
0.6453695893287659
0.5372653007507324
0.5925360918045044
0.4216266870498657
0.408245712518692
0.4381656348705292
0.5420756936073303
0.316967248916626
0.26908090710639954
0.24769936501979828
0.23606082797050476
0.2605236768722534
0.20249003171920776
0.24218103289604187
0.17821916937828064
0.25691917538642883
0.2570689618587494
0.20661687850952148
0.12849336862564087
0.25115954875946045
0.23854438960552216
0.11598145961761475
0.11604509502649307
0.11017558723688126
0.12003160268068314
0.13069367408752441
0.12396249175071716
0.10790562629699707
0.11124083399772644
0.10417760908603668
0.11279123276472092
0.12043268978595734
0.10014120489358902
0.06727978587150574
0.05117393285036087
0.07508917152881622
0.07507415115833282
0.05362381786108017
0.08781710267066956
0.09883365035057068
0.06371159851551056
0.10874000191688538
0.050292469561100006
0.03988800570368767
0.03783101215958595
0.06564400345087051
0.06759854406118393
0.09357307851314545
0.09925045073032379
0.05559222027659416
0.031225740909576416
0.037724658846855164
0.057452499866485596
0.038152243942022324
0.0387546569108963
0.036769818514585495
0.03414390981197357
0.034492604434490204
0.036492325365543365
0.02821437641978264
0.03339390456676483
0.042891476303339005
0.03598061949014664
0.044967275112867355
0.024772439152002335
0.029631398618221283
0.0396156944334507
0.02259916067123413
0.039053451269865036
0.05699104443192482
0.04730129987001419
0.02989993244409561
0.03543229028582573
0.02542963996529579
0.04962961748242378
0.03577762097120285
0.02997397817671299
0.06405548751354218
no squeeze
18.3975887298584
8.616729736328125
6.420451641082764
5.053889751434326
4.385899543762207
3.7621102333068848
3.3120498657226562
3.0127437114715576
2.6722774505615234
2.371044158935547
2.23715877532959
2.0710513591766357
1.915614128112793
1.7760146856307983
1.988922119140625
1.585832118988037
1.5864627361297607
1.505966305732727
1.4638621807098389
1.3335427045822144
1.3268946409225464
1.2661223411560059
1.2019175291061401
1.445823311805725
1.2262241840362549
1.1131010055541992
1.1065549850463867
1.089136004447937
1.101597785949707
1.0679575204849243
0.973088264465332
0.9059969186782837
0.880811333656311
0.9268766045570374
0.80351322889328
0.7941399812698364
0.7698920369148254
0.8853699564933777
0.7785882949829102
0.790398359298706
0.769842803478241
0.7163411974906921
0.7725200653076172
0.7269893288612366
0.7024661302566528
0.6459445357322693
0.6665815711021423
0.6516913771629333
0.6565898656845093
0.6622872352600098
0.6453039050102234
0.6781636476516724
0.6002633571624756
0.6199385523796082
0.5491741895675659
0.6262355446815491
0.5473484992980957
0.5941781997680664
0.568419873714447
0.5167855620384216
0.5405900478363037
0.5030398964881897
0.5577529072761536
0.5340110063552856
0.4862533211708069
0.5648277997970581
0.48574334383010864
0.45900410413742065
0.5186533331871033
0.451707124710083
0.44997429847717285
0.3843042254447937
0.45391666889190674
0.4479881525039673
0.385926753282547
0.40395769476890564
0.4289814233779907
0.41109463572502136
0.40228071808815
0.4276987612247467
0.36112532019615173
0.46947717666625977
0.39698123931884766
0.35229602456092834
0.3780222535133362
0.34992551803588867
0.35860347747802734
0.39566487073898315
0.37281665205955505
0.35791492462158203
0.35205283761024475
0.33573687076568604
0.32293516397476196
0.3241843283176422
0.33455193042755127
0.37982091307640076
0.3137420415878296
0.3329775035381317
0.32637572288513184
0.3640678822994232
0.33158811926841736
0.3109714984893799
0.3363025188446045
0.32255250215530396
0.38420727849006653
0.3168816566467285
0.3061871826648712
0.29905515909194946
0.38630133867263794
0.3792465031147003
0.293271005153656
0.2621203660964966
0.2782597541809082
0.3426366150379181
0.3245382010936737
0.30078089237213135
0.274494469165802
0.35544222593307495
0.25994187593460083
0.340181440114975
0.27453261613845825
0.23072978854179382
0.23910672962665558
0.28696462512016296
0.23585648834705353
0.2916831076145172
0.245710551738739
0.24827666580677032
0.22667646408081055
0.2793828248977661
0.25135624408721924
0.2540195882320404
0.2459782212972641
0.2949773669242859
0.28331199288368225
0.2558443248271942
0.27010074257850647
0.25978535413742065
0.24573449790477753
no squeeze
17.797836303710938
7.28934383392334
4.9758734703063965
3.6938703060150146
2.948859691619873
2.431337833404541
2.1532673835754395
1.890627384185791
1.6749510765075684
1.5575532913208008
1.343218445777893
1.3886492252349854
1.2885075807571411
1.0796120166778564
1.0241906642913818
0.9476879239082336
0.8926838636398315
0.940535306930542
0.8708513975143433
0.8425376415252686
0.8462473750114441
0.7847278714179993
0.7918239235877991
0.7426328659057617
0.6192013621330261
0.6512535214424133
0.6518740057945251
0.62868732213974
0.6198652386665344
0.6112352013587952
0.5588343739509583
0.6114595532417297
0.5285472869873047
0.49044179916381836
0.6042641997337341
0.5082980990409851
0.5043594837188721
0.45388075709342957
0.43935513496398926
0.44461995363235474
0.47657260298728943
0.48490703105926514
0.49691277742385864
0.49093693494796753
0.5176987051963806
0.40813538432121277
0.4192908704280853
0.41519254446029663
0.4823788106441498
0.46915003657341003
0.39144980907440186
0.40459293127059937
0.4004659354686737
0.37883853912353516
0.3823589086532593
0.3803573548793793
0.3591310679912567
0.3542478382587433
0.3310464322566986
0.3484925627708435
0.35816413164138794
0.29977789521217346
0.3212100565433502
0.361010879278183
0.2945749759674072
0.3507973253726959
0.30873697996139526
0.3384361267089844
0.3068218231201172
0.32779231667518616
0.2723623514175415
0.3000713288784027
0.2790752649307251
0.28583237528800964
0.3190244436264038
0.3155406713485718
0.3586238622665405
0.2720142602920532
0.25729572772979736
0.25979292392730713
0.26802414655685425
0.23954656720161438
0.2617141306400299
0.26075267791748047
0.26761290431022644
0.24476993083953857
0.31042391061782837
0.2625800669193268
0.21279117465019226
0.2545531094074249
0.23765204846858978
0.3012644648551941
0.24699372053146362
0.21953701972961426
0.2557804584503174
0.30203211307525635
0.21767066419124603
0.2749923765659332
0.2556573748588562
no squeeze
10.59540843963623
2.8750054836273193
1.8791877031326294
1.794919729232788
1.2791496515274048
1.2468905448913574
1.906963586807251
1.4488492012023926
1.3737578392028809
0.9329741597175598
1.9558414220809937
1.3125489950180054
1.347987174987793
1.8033385276794434
0.9674584269523621
1.0771247148513794
1.1285372972488403
1.02677583694458
1.043545126914978
1.323957085609436
