no squeeze
17.582401275634766
5.163361549377441
2.5536913871765137
1.5211864709854126
0.856270432472229
0.5642493367195129
0.5167830586433411
0.30473792552948
0.33399561047554016
0.17666132748126984
0.1496155560016632
0.13707071542739868
0.18193849921226501
0.13654595613479614
0.17806698381900787
0.12435941398143768
0.12587061524391174
0.19155104458332062
0.15154637396335602
0.14600519835948944
0.12943287193775177
0.16725827753543854
0.11555853486061096
0.12631376087665558
0.14505253732204437
0.1773216724395752
0.24239316582679749
0.09490206092596054
0.08934564888477325
0.09651915729045868
0.0794806256890297
0.17045116424560547
0.04580171778798103
0.06993699073791504
0.15427270531654358
0.07187937200069427
0.049785807728767395
0.0794922411441803
0.07814595848321915
0.07489477843046188
0.10230981558561325
0.08780531585216522
0.12516318261623383
no squeeze
22.661060333251953
6.498524188995361
3.3801732063293457
2.3296563625335693
1.7587934732437134
1.407077670097351
1.3306138515472412
1.4291132688522339
1.0716331005096436
1.1020697355270386
1.2712551355361938
1.2141523361206055
1.0379207134246826
0.9616919159889221
1.155423879623413
1.0574495792388916
1.1819355487823486
1.0442777872085571
0.8671647906303406
0.9390987157821655
1.1196060180664062
0.9370180368423462
0.9989801645278931
0.8322749137878418
0.7773540616035461
0.9617214202880859
0.8213106989860535
0.8917419910430908
0.9402118921279907
0.8307752013206482
0.7777350544929504
0.8271855711936951
0.6938697099685669
0.8519460558891296
0.636530339717865
0.7867214679718018
0.8208909034729004
0.8995862603187561
0.7423113584518433
0.6182693839073181
1.0317482948303223
0.8519963622093201
0.7824910879135132
1.100838303565979
0.6912142038345337
0.8781046867370605
0.6921367645263672
0.814342737197876
0.7081620097160339
0.7924677729606628
no squeeze
26.1957950592041
10.123921394348145
5.77009391784668
4.069931983947754
3.1418371200561523
2.5947070121765137
3.066171646118164
2.2052853107452393
1.561942219734192
2.426849842071533
1.9781293869018555
1.2251818180084229
1.001517415046692
1.8616079092025757
1.505181908607483
1.1482635736465454
1.2181549072265625
0.8528887033462524
0.8628160357475281
0.8703219890594482
0.7476688623428345
1.3995118141174316
1.4882088899612427
1.2107831239700317
0.8009210824966431
0.9841386675834656
0.9510996341705322
1.0980011224746704
1.0161805152893066
0.9428965449333191
0.6876586675643921
0.8559776544570923
0.646060585975647
0.4663909673690796
0.5493574142456055
0.33296847343444824
0.5656917691230774
1.0603324174880981
1.0943535566329956
0.5429315567016602
0.868278980255127
0.6482255458831787
0.9869098663330078
0.7632570862770081
0.4116598963737488
0.384437620639801
no squeeze
21.899499893188477
8.918143272399902
6.360934734344482
5.136667251586914
4.11332893371582
3.4400863647460938
2.8981082439422607
2.5003855228424072
2.4077553749084473
2.095792531967163
2.010103940963745
1.7928252220153809
1.6059402227401733
1.5927042961120605
1.4948135614395142
1.5081185102462769
1.4551795721054077
1.456064224243164
1.3172545433044434
1.3680229187011719
1.1444188356399536
1.175425410270691
1.1257708072662354
1.0796793699264526
1.1183677911758423
1.125823736190796
1.1455802917480469
1.0021634101867676
1.027199625968933
1.0466915369033813
0.9667298197746277
1.0132572650909424
0.9029675722122192
0.8589338064193726
0.9338036179542542
0.9361696839332581
0.8033114075660706
0.7989365458488464
0.8672423958778381
0.836871862411499
0.8029003143310547
0.7888471484184265
0.76813805103302
0.8561630249023438
0.8853070139884949
0.8596655130386353
0.7831049561500549
0.8108286261558533
0.8802053332328796
0.8524134159088135
0.8017253875732422
0.7048354148864746
0.7353156208992004
0.6787008047103882
0.6693788766860962
0.6325611472129822
0.7517168521881104
0.7149391174316406
0.6611529588699341
0.6807190179824829
0.6196642518043518
0.6281383633613586
0.6221526265144348
0.6399429440498352
0.6126304864883423
0.5760836601257324
0.6055809855461121
0.6022087931632996
0.6446776390075684
0.6047401428222656
0.5559111833572388
0.557704746723175
0.5038926005363464
0.6381068229675293
0.7040854096412659
0.5829894542694092
0.5379586219787598
0.5541531443595886
0.5608147382736206
0.5202992558479309
0.5241926908493042
0.5671948790550232
0.5543651580810547
no squeeze
22.56300926208496
7.225147724151611
4.772911548614502
3.7070629596710205
2.9420037269592285
2.7610020637512207
2.4267771244049072
2.1022024154663086
1.8763227462768555
1.6768301725387573
1.5217385292053223
1.6139860153198242
1.4922009706497192
1.325168251991272
1.3419917821884155
1.184355616569519
1.1749626398086548
1.1269880533218384
1.065739631652832
1.1022615432739258
0.9801141023635864
0.9991573095321655
0.9711532592773438
0.9483034014701843
1.0051742792129517
0.880252480506897
0.9721989631652832
1.0197569131851196
0.9040532112121582
0.7882219552993774
0.7903139591217041
0.8623012900352478
0.7658679485321045
0.8555015325546265
0.757046103477478
0.6572697162628174
0.7438868284225464
0.8543039560317993
0.7525891065597534
0.7687202095985413
0.6544838547706604
0.6841546893119812
0.7986263632774353
0.6490050554275513
0.7354145646095276
0.7921989560127258
0.582436740398407
0.6475622653961182
0.6577222943305969
0.6648529171943665
0.6960728168487549
0.6872662901878357
0.7629419565200806
0.7111126780509949
0.6144402027130127
0.6492763757705688
0.5948848724365234
no squeeze
24.977615356445312
6.305825233459473
3.4464004039764404
2.8392255306243896
2.669782876968384
1.6200205087661743
1.7811362743377686
1.9420689344406128
2.3013548851013184
2.5926597118377686
1.7602509260177612
1.106099247932434
1.4179511070251465
1.6483688354492188
1.6467417478561401
2.042605400085449
2.3410568237304688
1.1001745462417603
1.618647813796997
2.049992322921753
2.0562620162963867
1.573456048965454
1.3415098190307617
1.5605177879333496
1.214724063873291
1.9209023714065552
2.2376043796539307
1.591504454612732
