no squeeze
696.3450927734375
463.1016540527344
407.32989501953125
234.6619873046875
204.69024658203125
138.81915283203125
129.96145629882812
106.06130981445312
101.12125396728516
83.9515151977539
79.91357421875
65.44343566894531
62.009056091308594
50.0344123840332
47.2614860534668
37.9012451171875
35.720123291015625
28.6032657623291
27.051115036010742
21.959922790527344
20.81814956665039
17.096498489379883
16.28333854675293
13.572522163391113
12.961024284362793
10.910836219787598
10.432740211486816
8.871566772460938
8.513559341430664
7.261351108551025
6.978778839111328
6.009702682495117
5.7910871505737305
5.036353588104248
4.851205348968506
4.224231243133545
4.082117557525635
3.591853141784668
3.4791617393493652
3.102735996246338
3.0097122192382812
2.694305896759033
2.623548746109009
2.389971971511841
2.3296797275543213
2.1260101795196533
2.082202196121216
1.9320098161697388
1.897164225578308
1.7893805503845215
1.7563234567642212
1.6580253839492798
1.6368114948272705
1.5632108449935913
1.5439296960830688
1.4848673343658447
1.4706205129623413
1.4239904880523682
1.4134727716445923
1.3803472518920898
1.3717279434204102
1.3414167165756226
1.333844542503357
1.312279224395752
1.3072601556777954
1.289369821548462
1.2850266695022583
1.2703808546066284
1.2674940824508667
1.2561088800430298
1.2521363496780396
1.242493748664856
1.2405954599380493
1.234151005744934
1.2328556776046753
1.2271883487701416
1.2238891124725342
1.2189302444458008
1.2188494205474854
1.2156380414962769
1.2141741514205933
1.2089111804962158
1.208484411239624
1.2068946361541748
1.2083243131637573
1.20403254032135
1.2036173343658447
1.2009234428405762
1.2003090381622314
1.1987900733947754
1.1985106468200684
1.1977118253707886
1.1963372230529785
1.1967087984085083
1.1946702003479004
1.193435549736023
1.1936469078063965
1.1933776140213013
1.1935365200042725
1.1931167840957642
1.1920490264892578
1.1913425922393799
1.1927220821380615
1.189151406288147
1.1897064447402954
1.1892549991607666
no squeeze
688.4114990234375
401.67449951171875
341.6354675292969
178.77828979492188
153.97792053222656
99.98251342773438
91.93074798583984
68.05827331542969
63.02430725097656
46.676998138427734
43.12079620361328
31.70994758605957
29.36699676513672
21.820932388305664
20.24839973449707
15.288834571838379
14.252799987792969
10.972943305969238
10.284521102905273
8.085192680358887
7.61685037612915
6.139645099639893
5.807068347930908
4.769354820251465
4.546304225921631
3.8348569869995117
3.680798053741455
3.1899161338806152
3.087184190750122
2.7469289302825928
2.6694929599761963
2.4400570392608643
2.3844761848449707
2.2155094146728516
2.1798436641693115
2.063832998275757
2.03631329536438
1.9474326372146606
1.9295973777770996
1.8646366596221924
1.8496458530426025
1.7967720031738281
1.7857632637023926
1.746590495109558
1.737985372543335
1.7072176933288574
1.7062088251113892
1.6768913269042969
1.6665403842926025
1.6403074264526367
1.6352802515029907
1.6165809631347656
1.6102633476257324
1.5912047624588013
1.5868034362792969
1.5729337930679321
1.5673173666000366
1.5548099279403687
1.549992322921753
1.5378004312515259
1.5347905158996582
1.5243932008743286
1.522392749786377
1.5108933448791504
1.5089097023010254
1.4972800016403198
1.493857979774475
1.4852983951568604
1.4824270009994507
1.4785634279251099
1.472744345664978
1.463151216506958
1.460955262184143
1.455378532409668
1.4562069177627563
1.4442180395126343
1.441665530204773
1.4350696802139282
1.432738184928894
1.4282022714614868
1.423780918121338
1.4188663959503174
1.4159432649612427
1.4097111225128174
1.4086978435516357
1.4027401208877563
1.3999375104904175
1.3950080871582031
1.394228219985962
1.3882089853286743
1.3882033824920654
1.383683681488037
1.3807810544967651
1.3765321969985962
1.3769303560256958
1.3691703081130981
1.367515206336975
1.3644369840621948
1.365434169769287
1.3610364198684692
1.3592288494110107
1.3566290140151978
1.3532503843307495
1.350918173789978
1.3524881601333618
1.345757246017456
1.3445316553115845
1.3414968252182007
1.3403561115264893
1.3395923376083374
1.3376601934432983
1.336309552192688
1.3323564529418945
1.3314930200576782
1.3301633596420288
1.3273661136627197
1.3248275518417358
1.3252381086349487
1.3228431940078735
1.3227125406265259
1.3226555585861206
1.3182506561279297
1.3244349956512451
1.3160927295684814
1.316116452217102
1.3135731220245361
1.3129137754440308
1.3115237951278687
1.31191885471344
1.3091844320297241
1.3075058460235596
1.3070323467254639
1.3074705600738525
1.3055611848831177
1.3065024614334106
1.302573800086975
1.3022998571395874
1.300794005393982
1.3020426034927368
1.2985508441925049
1.3031413555145264
1.300585389137268
no squeeze
693.9884643554688
511.86785888671875
462.15899658203125
283.3481750488281
245.58056640625
146.39419555664062
131.0541534423828
92.05083465576172
85.25928497314453
64.46527862548828
60.088741302490234
45.81194305419922
42.72499465942383
32.68033981323242
30.465499877929688
23.32199478149414
21.78626251220703
16.830095291137695
15.756063461303711
12.270777702331543
11.53268814086914
9.139820098876953
8.622331619262695
6.948519706726074
6.577526092529297
5.386097431182861
5.134322643280029
4.30638313293457
4.1196417808532715
3.508650302886963
3.3769218921661377
2.9369380474090576
2.8433268070220947
2.531663656234741
2.4556703567504883
2.2049736976623535
2.1518430709838867
1.9661988019943237
1.9287623167037964
1.7900503873825073
1.7588069438934326
1.6543530225753784
1.6290069818496704
1.5446592569351196
1.5244735479354858
1.4595363140106201
1.443090796470642
1.3913989067077637
1.3787529468536377
1.336934208869934
1.3263803720474243
1.2947256565093994
1.2856242656707764
1.259360671043396
1.252925992012024
1.2307296991348267
1.2248587608337402
1.2062238454818726
1.2027852535247803
1.1877697706222534
1.183934211730957
1.1721934080123901
1.1688714027404785
1.1571913957595825
1.1548000574111938
1.1467405557632446
1.1443642377853394
1.137440800666809
1.135986566543579
1.1284862756729126
1.126886010169983
1.1225693225860596
1.1206570863723755
1.1154444217681885
1.1141008138656616
1.1105631589889526
1.1095725297927856
1.1047700643539429
1.1037242412567139
1.101125955581665
1.1004106998443604
1.0975185632705688
1.0964194536209106
1.0944864749908447
1.0936248302459717
1.0902748107910156
1.0902262926101685
1.0878397226333618
1.0879483222961426
1.0854811668395996
1.0849007368087769
1.0820778608322144
1.0827624797821045
1.0817080736160278
1.081693172454834
1.0804136991500854
1.078906536102295
1.0777168273925781
1.076655387878418
1.076654076576233
1.078410267829895
1.0755077600479126
1.0738284587860107
1.0731184482574463
1.0729185342788696
1.0718648433685303
1.0722637176513672
1.0709965229034424
1.0711987018585205
1.0705435276031494
1.0709378719329834
1.0693910121917725
1.0687083005905151
1.0674904584884644
1.0682839155197144
1.067413568496704
1.067115306854248
1.0662394762039185
1.0661752223968506
1.0654658079147339
1.0652319192886353
1.0652929544448853
1.0654817819595337
1.0646098852157593
1.0640716552734375
1.062869668006897
1.0644252300262451
1.0628095865249634
1.0622353553771973
1.0624595880508423
1.0621275901794434
1.0617495775222778
1.0603790283203125
1.0626280307769775
1.0618629455566406
1.0610995292663574
no squeeze
698.0778198242188
623.6038208007812
595.7805786132812
450.9231872558594
407.62567138671875
258.1337890625
230.03993225097656
162.12969970703125
151.61138916015625
122.42721557617188
116.69063568115234
98.34725952148438
94.2886734008789
80.9016342163086
77.95426177978516
68.01296997070312
65.77579498291016
58.21126174926758
56.54005813598633
50.84850311279297
49.58008575439453
45.270565032958984
44.32573318481445
41.012760162353516
40.27448272705078
37.76941680908203
37.21513748168945
35.22922897338867
34.8341064453125
33.31526184082031
32.97219467163086
31.79326057434082
31.526466369628906
30.632184982299805
30.3776798248291
29.71076011657715
29.638246536254883
28.86786651611328
28.786754608154297
28.270652770996094
28.12550163269043
27.71162223815918
27.62428092956543
27.320842742919922
27.219032287597656
26.98196792602539
26.85994529724121
26.5880069732666
26.608741760253906
26.304758071899414
26.273517608642578
26.047836303710938
25.977983474731445
25.794483184814453
25.780742645263672
25.556501388549805
25.513477325439453
25.349586486816406
25.298471450805664
25.12388801574707
25.07733917236328
24.948707580566406
24.950565338134766
24.691062927246094
24.63922882080078
24.48866844177246
24.414539337158203
24.274778366088867
24.1795711517334
23.942306518554688
23.942171096801758
23.654600143432617
23.593791961669922
23.38888931274414
23.268211364746094
23.002901077270508
22.914352416992188
22.555641174316406
22.494428634643555
22.14128303527832
22.04554557800293
21.64129638671875
21.495506286621094
21.11907958984375
20.91712188720703
20.40324592590332
20.227100372314453
19.640974044799805
19.458873748779297
18.895597457885742
18.65347671508789
17.854167938232422
17.677719116210938
16.87174415588379
16.60986328125
15.778624534606934
15.716375350952148
14.480052947998047
14.269843101501465
13.255181312561035
12.916972160339355
11.859063148498535
11.611525535583496
10.550951957702637
10.216963768005371
9.115058898925781
8.835968017578125
7.841313362121582
7.5566816329956055
6.6247148513793945
6.386224269866943
5.56539249420166
5.385194301605225
4.645043849945068
4.470498561859131
3.8960139751434326
3.7663886547088623
3.2729852199554443
3.173422336578369
2.8259177207946777
2.738487482070923
2.4659135341644287
2.3975679874420166
2.2068629264831543
2.1749143600463867
2.0324947834014893
1.9910969734191895
1.889070987701416
1.8735769987106323
1.7962062358856201
1.7788323163986206
1.7294437885284424
1.7213608026504517
1.6774247884750366
1.6729930639266968
1.6504759788513184
1.6426969766616821
1.6281189918518066
1.6173934936523438
1.6023190021514893
1.5978951454162598
1.5913887023925781
1.594529628753662
1.5802205801010132
1.5782928466796875
1.5746830701828003
1.5724719762802124
1.5680515766143799
1.5644339323043823
1.5647823810577393
1.5652217864990234
1.5598036050796509
1.5561754703521729
1.5615683794021606
1.5608359575271606
1.5577232837677002
no squeeze
694.214111328125
466.2444763183594
414.4412536621094
254.6034393310547
225.56150817871094
153.61264038085938
142.33676147460938
112.05208587646484
106.27631378173828
87.96878051757812
84.04460144042969
70.94169616699219
67.98967742919922
57.98524475097656
55.70844650268555
47.869117736816406
46.08144760131836
39.94858932495117
38.55363845825195
33.68460464477539
32.587059020996094
28.79273796081543
27.874996185302734
24.766164779663086
24.046234130859375
21.53883934020996
20.969804763793945
18.829246520996094
18.306915283203125
16.46346092224121
16.03315544128418
14.414189338684082
14.014232635498047
12.604288101196289
12.243600845336914
10.949447631835938
10.626471519470215
9.474815368652344
9.231404304504395
8.207934379577637
7.983739376068115
7.1071248054504395
6.899720191955566
6.1585283279418945
5.980406761169434
5.3640546798706055
5.220593452453613
4.743936061859131
4.602016925811768
4.196270942687988
4.096231937408447
3.7637383937835693
3.684685707092285
3.4159657955169678
3.3516790866851807
3.134021759033203
3.082646369934082
2.9041805267333984
2.8619577884674072
2.7218668460845947
2.6882572174072266
2.5692732334136963
2.5414540767669678
2.439331531524658
2.414416790008545
2.3330790996551514
2.3133890628814697
2.2444865703582764
2.2307980060577393
2.1698496341705322
2.1526870727539062
2.0993034839630127
2.091403007507324
2.044205665588379
2.033504009246826
1.9946672916412354
1.985964298248291
1.9649977684020996
1.945885419845581
1.9135886430740356
1.9057189226150513
1.8819406032562256
1.8731498718261719
1.848441243171692
1.8433403968811035
1.8249872922897339
1.8228733539581299
1.8096650838851929
1.7998714447021484
1.78145432472229
1.7758044004440308
1.7610353231430054
1.7582526206970215
1.7461599111557007
1.742530345916748
1.7311153411865234
1.726525068283081
1.7198536396026611
1.718942642211914
1.7083637714385986
1.7107106447219849
1.6941871643066406
1.6974607706069946
1.6826722621917725
1.680464267730713
1.676840901374817
1.674239158630371
1.6705609560012817
1.667440414428711
1.6607176065444946
1.6566442251205444
1.6573548316955566
1.6546621322631836
1.6435078382492065
1.6492112874984741
1.6510663032531738
no squeeze
672.7197875976562
248.58999633789062
193.35073852539062
97.64862060546875
88.14601135253906
67.2607650756836
63.84180450439453
53.81174087524414
51.81497573852539
45.79350662231445
44.503929138183594
40.70998764038086
39.64924621582031
36.601985931396484
36.163639068603516
33.714237213134766
33.207698822021484
31.566219329833984
31.177982330322266
30.01541519165039
29.792341232299805
29.000598907470703
28.791379928588867
28.404544830322266
28.199607849121094
28.028196334838867
27.903032302856445
27.700611114501953
27.608652114868164
27.509828567504883
27.491262435913086
27.383424758911133
27.391036987304688
27.424158096313477
