no squeeze
24.669536590576172
6.0034003257751465
3.2536215782165527
2.3270044326782227
1.9013077020645142
1.580091953277588
1.5374481678009033
1.4170336723327637
1.3833439350128174
1.107419729232788
1.4193936586380005
1.3224188089370728
1.299848198890686
1.6421082019805908
0.9059126377105713
1.0850121974945068
0.8607032895088196
1.2697694301605225
0.771111249923706
1.1970041990280151
1.200260877609253
0.7830031514167786
0.952174961566925
1.2107118368148804
0.7411583065986633
0.9028670191764832
0.8197066187858582
0.8947954177856445
1.0928494930267334
0.7998243570327759
0.6785728335380554
0.7065044045448303
1.2400957345962524
0.9385079741477966
0.8046572804450989
0.8707724213600159
0.7532166242599487
0.6828447580337524
0.8175634145736694
0.736768901348114
0.8356391787528992
no squeeze
22.945159912109375
4.6278181076049805
2.3675150871276855
1.3171565532684326
0.9221345782279968
0.7404322028160095
0.7172773480415344
0.5292014479637146
1.0770643949508667
0.43341732025146484
0.4364440143108368
0.5347558856010437
0.37021616101264954
0.5053271055221558
0.7688360810279846
0.45038875937461853
0.1905588060617447
0.1748766154050827
0.3393397033214569
0.27381694316864014
0.4450725317001343
0.1928318589925766
0.37345388531684875
0.2606728672981262
0.2995901107788086
0.290367066860199
0.21917974948883057
0.2478787750005722
no squeeze
34.711856842041016
11.185281753540039
6.23319149017334
5.272955417633057
3.54689884185791
3.300682783126831
2.5759637355804443
2.1616697311401367
2.3436379432678223
2.5279042720794678
1.5965297222137451
1.914374828338623
1.6460556983947754
1.506485104560852
1.1918772459030151
1.684945821762085
1.2825305461883545
2.7040746212005615
1.5290518999099731
1.4717540740966797
1.5132592916488647
1.4369834661483765
1.0259699821472168
1.489593744277954
1.2587662935256958
2.0348591804504395
0.8912817239761353
0.7785764336585999
0.9196096658706665
0.7580705881118774
0.947823166847229
0.5873193144798279
0.8288983106613159
0.9896848797798157
1.6256688833236694
0.9048510193824768
0.8669555187225342
0.9164277911186218
0.6222568154335022
0.37048956751823425
0.5646160840988159
0.5101848244667053
1.1233725547790527
0.8026164770126343
0.6860025525093079
0.45044320821762085
0.4657386541366577
1.0195434093475342
0.6816200613975525
0.5266942381858826
no squeeze
25.272520065307617
10.347357749938965
7.41607666015625
5.524771213531494
4.501441478729248
3.9511921405792236
3.132758855819702
3.1251749992370605
2.854851007461548
2.4279348850250244
2.338282346725464
2.196507215499878
2.265258550643921
1.9595985412597656
1.9920387268066406
1.8393521308898926
1.794654130935669
1.5932217836380005
1.564304232597351
1.6231023073196411
1.734407663345337
1.5776267051696777
1.5483694076538086
1.5092717409133911
1.4111101627349854
1.3279638290405273
1.41629958152771
1.3099910020828247
1.2982573509216309
1.4322106838226318
1.271471619606018
1.307424783706665
1.2078803777694702
1.2630189657211304
1.3625578880310059
1.1465831995010376
1.097822666168213
1.1588326692581177
1.2244750261306763
1.0003975629806519
1.0307971239089966
1.0357128381729126
1.0236225128173828
1.161971926689148
1.0436698198318481
1.0718989372253418
1.0642738342285156
0.9300537109375
1.111750841140747
0.8631439208984375
1.029091715812683
0.9417862296104431
0.8521875143051147
0.9203904271125793
0.7949943542480469
0.7778812050819397
0.7965539693832397
1.109103798866272
0.8366749882698059
0.8992747664451599
0.8229890465736389
0.8742256760597229
0.7592009902000427
0.7874148488044739
0.7298771739006042
0.7838350534439087
0.7276135683059692
0.7448920011520386
0.701732873916626
0.6655737161636353
0.7174291014671326
0.7198849320411682
0.7837446331977844
0.6765591502189636
0.7687257528305054
0.6971327066421509
0.7160706520080566
0.6333417296409607
0.5675458908081055
0.5284988284111023
0.670710027217865
0.5413771867752075
0.5940937995910645
0.5939879417419434
0.5309069156646729
0.5913742184638977
0.5527740120887756
0.6460654735565186
0.5213755369186401
0.5574223399162292
0.4802358150482178
0.4780053496360779
0.5860567688941956
0.6108884215354919
0.48417866230010986
0.5006528496742249
0.5173348784446716
0.4557385742664337
0.5102933049201965
0.5077064037322998
0.43242591619491577
0.4384351372718811
0.534810483455658
0.47300198674201965
0.4908355176448822
0.40168270468711853
0.39251503348350525
0.40818098187446594
0.4826577305793762
0.4081699252128601
0.41816315054893494
0.417560875415802
0.4080978035926819
0.4414849281311035
0.5260570049285889
0.4406399428844452
0.3940747380256653
no squeeze
24.891267776489258
8.643195152282715
5.320417404174805
3.9407365322113037
3.1328117847442627
2.7073299884796143
2.3302836418151855
2.01218581199646
1.9383277893066406
1.9426213502883911
1.9943369626998901
1.507616639137268
1.674307942390442
1.529111623764038
1.4601200819015503
1.257507562637329
1.364626169204712
1.3510081768035889
1.3979747295379639
1.2786537408828735
1.0649034976959229
1.0188270807266235
1.0768235921859741
1.0561574697494507
0.9887579083442688
0.8687527179718018
1.0485438108444214
0.885840892791748
0.9169694781303406
0.9115343689918518
0.9960132241249084
0.8919972777366638
1.1125118732452393
0.8144963979721069
0.753420352935791
0.8018062114715576
0.7389535903930664
0.7442726492881775
0.8012716174125671
0.7244874835014343
0.7182524800300598
0.6539081931114197
0.7141133546829224
0.6624307632446289
0.6763315796852112
0.6628584265708923
0.6727257966995239
0.697895884513855
0.6667318940162659
0.8419651985168457
0.6533501148223877
0.7074204683303833
0.5130137205123901
0.6924445033073425
0.5347541570663452
0.6111253499984741
0.6072624921798706
0.7093457579612732
0.604884684085846
0.4919416308403015
0.6968713998794556
0.5813698768615723
0.5236345529556274
0.5687165856361389
0.5280879139900208
0.48432257771492004
0.4797741770744324
0.48275285959243774
0.5519013404846191
0.5128132104873657
0.5862503051757812
0.5669772624969482
0.5207480788230896
0.4748972952365875
0.4862184524536133
0.516709566116333
0.6057201027870178
0.5153672695159912
0.438240110874176
0.5512605905532837
0.5536004304885864
0.40849366784095764
0.4302422106266022
0.39229223132133484
0.41122692823410034
0.566529393196106
0.44765353202819824
0.4089297652244568
0.4109188914299011
0.4497900605201721
0.4964747130870819
0.44592705368995667
0.40070414543151855
0.42949363589286804
no squeeze
17.398317337036133
4.5464959144592285
2.624143123626709
2.006885290145874
1.848602533340454
1.9243717193603516
1.7131156921386719
1.5140966176986694
3.027414321899414
1.9895552396774292
2.219496011734009
1.7968474626541138
1.8929879665374756
1.728957176208496
3.396300792694092
1.5453650951385498
1.1705759763717651
1.7251733541488647
1.946585774421692
2.249748706817627
2.383063793182373
2.0380544662475586
2.1100661754608154
1.888014316558838
1.7837276458740234
1.741269588470459
0.9377185702323914
2.0850236415863037
1.6288561820983887
1.6562813520431519
1.538820743560791
1.150801181793213
1.157759189605713
0.9834581613540649
1.7299244403839111
1.4634606838226318
1.1529872417449951
