no squeeze
4.286306381225586
1.0631656646728516
0.4813120365142822
0.2588570713996887
0.1791469305753708
0.10683450102806091
0.076903335750103
0.0680742859840393
0.08294838666915894
0.05379140004515648
0.036828964948654175
0.039588894695043564
0.03154231980443001
0.03213004767894745
0.03744079917669296
0.05493990331888199
0.05299236997961998
0.04396529123187065
0.03490540385246277
0.06003450229763985
0.040622442960739136
0.027552884072065353
0.029856214299798012
0.022084364667534828
0.022899363189935684
0.04892241209745407
0.055835090577602386
0.022380558773875237
0.0315677672624588
0.07295452803373337
0.03465520218014717
0.018309662118554115
0.032904334366321564
0.013706718571484089
0.012057244777679443
0.0148493442684412
0.027335042133927345
0.018641838803887367
0.012723388150334358
0.03659766539931297
0.01180353295058012
0.02140057645738125
0.01500727329403162
0.01714533194899559
0.0300865788012743
0.015592467039823532
0.02123684249818325
0.019449086859822273
0.008708029985427856
0.01859164610505104
0.019598130136728287
0.034759294241666794
0.026822635903954506
0.014292740263044834
0.007811327930539846
0.00812854990363121
0.013383439742028713
0.036523330956697464
0.0441141352057457
0.03812665119767189
0.015723902732133865
0.020221933722496033
0.01167584303766489
0.017309119924902916
0.013269554823637009
no squeeze
3.2620484828948975
0.9543874263763428
0.5253179669380188
0.3440566956996918
0.2899397313594818
0.21107171475887299
0.17649689316749573
0.18161526322364807
0.14622712135314941
0.14057515561580658
0.15848898887634277
0.12595714628696442
0.12261594831943512
0.13311293721199036
0.14614133536815643
0.12233606725931168
0.16684478521347046
0.1314765065908432
0.1522204875946045
0.1228903979063034
0.12274053692817688
0.11772095412015915
0.13342900574207306
0.13978168368339539
0.10892178118228912
0.1193091869354248
0.13933447003364563
0.12769195437431335
0.12324277311563492
0.12507082521915436
0.11634748429059982
0.12637975811958313
0.1369238942861557
0.131632000207901
0.12913261353969574
no squeeze
4.3679962158203125
1.519270896911621
1.0013985633850098
0.6804600954055786
0.5275987386703491
0.40706101059913635
0.37618154287338257
0.3077404201030731
0.271789014339447
0.21651193499565125
0.24078607559204102
0.1861087679862976
0.365190714597702
0.24773268401622772
0.2747792899608612
0.18410684168338776
0.1890866458415985
0.24214644730091095
0.19401675462722778
0.18719203770160675
0.1904117465019226
0.1332809329032898
0.16607089340686798
0.16895803809165955
0.13967576622962952
0.15274888277053833
0.11263318359851837
0.1363385170698166
0.10220778733491898
0.15883071720600128
0.3158741295337677
0.18468362092971802
0.1785619854927063
0.11351566761732101
0.07467887550592422
0.07987838238477707
0.07505945861339569
0.10717162489891052
0.06643421947956085
0.08302995562553406
0.08232589811086655
0.09324899315834045
0.04717061296105385
0.030208228155970573
0.040820278227329254
0.07516800612211227
0.04410264641046524
0.03927971422672272
0.051099855452775955
0.05583733320236206
0.09789413958787918
0.04748862236738205
0.06899397820234299
0.0898733139038086
no squeeze
3.8985698223114014
1.6523462533950806
1.2967839241027832
1.0329010486602783
0.8614405989646912
0.7253336906433105
0.6374187469482422
0.5758286118507385
0.5258565545082092
0.47288385033607483
0.45462027192115784
0.42636796832084656
0.3795337378978729
0.38300928473472595
0.36733415722846985
0.35593709349632263
0.3035081923007965
0.2937895357608795
0.3075631260871887
0.2751545310020447
0.2764287292957306
0.2603817880153656
0.2619531750679016
0.24418166279792786
0.24228335916996002
0.2414272129535675
0.23627300560474396
0.22521837055683136
0.22194257378578186
0.21584570407867432
0.20814955234527588
0.204806387424469
0.2007686048746109
0.19865091145038605
0.21588478982448578
0.17707009613513947
0.17974668741226196
0.18633000552654266
0.17680677771568298
0.17095670104026794
0.1644597053527832
0.17461267113685608
0.1713869720697403
0.16686758399009705
0.16865871846675873
0.1492098718881607
0.16557535529136658
0.16087864339351654
0.1576559990644455
0.16179579496383667
0.15147431194782257
0.17014671862125397
0.151434987783432
0.15657825767993927
0.1703430712223053
0.15890219807624817
no squeeze
3.336775064468384
1.2989128828048706
0.886351466178894
0.6519433259963989
0.5322702527046204
0.45207199454307556
0.36467528343200684
0.32720696926116943
0.28859731554985046
0.27170321345329285
0.2672380805015564
0.2505696713924408
0.24941161274909973
0.21379497647285461
0.21625566482543945
0.20272544026374817
0.20306172966957092
0.20955830812454224
0.1904115378856659
0.18143026530742645
0.1648479849100113
0.15614940226078033
0.19546587765216827
0.17535653710365295
0.1502908170223236
0.15530912578105927
0.16415703296661377
0.15415836870670319
0.14370355010032654
0.1434118002653122
0.15884342789649963
0.1350700408220291
0.13511770963668823
0.13622097671031952
0.13532419502735138
0.13095007836818695
0.14151650667190552
0.13511663675308228
0.12424305826425552
0.12543267011642456
0.1145668625831604
0.11233251541852951
0.13389162719249725
0.10798067599534988
0.11853739619255066
0.10326375812292099
0.1216941699385643
0.13832682371139526
0.11257503181695938
0.1156592145562172
0.10629412531852722
0.11163873970508575
0.12819504737854004
0.12436064332723618
0.10982591658830643
0.10679607838392258
no squeeze
4.130146503448486
0.8785431385040283
0.4130598306655884
0.36694228649139404
0.29734867811203003
0.40149712562561035
0.42144984006881714
0.2828068435192108
0.36213627457618713
0.2936646342277527
0.44175219535827637
0.3666303753852844
0.29524853825569153
0.2598971426486969
0.22840604186058044
0.37490418553352356
0.21083514392375946
0.3863711655139923
0.3307937979698181
0.24572992324829102
0.5247434377670288
0.18232525885105133
0.3686632812023163
0.3806164860725403
0.39231571555137634
0.20695655047893524
0.4185633063316345
0.2855190932750702
0.27453744411468506
0.9019501209259033
0.3395198881626129
0.29729658365249634
