no squeeze
1.892486572265625
0.07437268644571304
0.0458185188472271
0.017637647688388824
0.016124198213219643
0.01427809614688158
0.014177649281919003
0.013991666957736015
0.013939823023974895
0.013879486359655857
0.01389817614108324
0.013882840052247047
no squeeze
1.987490177154541
0.1870168000459671
0.16008128225803375
0.12623588740825653
0.12409359961748123
0.11971352249383926
0.11862083524465561
0.1171913892030716
0.1165284737944603
0.11627691239118576
0.11637480556964874
0.11579375714063644
0.11651239544153214
0.11611650139093399
no squeeze
2.4410204887390137
0.18488605320453644
0.12917451560497284
0.05600205808877945
0.048209767788648605
0.030486181378364563
0.027761081233620644
0.02011793665587902
0.018710065633058548
0.014839735813438892
0.014019312337040901
0.011619767174124718
0.011147995479404926
0.009662618860602379
0.009388734586536884
0.00853129755705595
0.008378625847399235
0.007799591403454542
0.007689760997891426
0.007262629456818104
0.007242253981530666
0.006954409182071686
0.006897281389683485
0.006711960770189762
0.0066886297427117825
0.006490504834800959
0.006466127000749111
0.006363837514072657
0.006341565866023302
0.006217187270522118
0.006180854514241219
0.006094256415963173
0.006077159196138382
0.006027346011251211
0.006014146376401186
0.005981234833598137
0.005954761989414692
0.005915407557040453
0.005885621998459101
0.005861202720552683
0.005871282424777746
0.0058327894657850266
0.005821052473038435
0.005793654825538397
0.005780946929007769
0.005812576971948147
0.005801789928227663
0.005761200096458197
0.005733826197683811
0.005711264908313751
0.005754859186708927
0.005700129549950361
0.005733030382543802
0.005701623857021332
no squeeze
3.0449986457824707
0.5081988573074341
0.4255196154117584
0.31549695134162903
0.30274030566215515
0.27363717555999756
0.26818016171455383
0.2513749897480011
0.24772827327251434
0.2349906712770462
0.23195385932922363
0.22247853875160217
0.2206343412399292
0.21173204481601715
0.2096860110759735
0.20283712446689606
0.20119185745716095
0.19461175799369812
0.1933717280626297
0.1882375031709671
0.18727603554725647
0.1820794939994812
0.18106628954410553
0.1767914593219757
0.1759188324213028
0.17126774787902832
0.17045524716377258
0.16660696268081665
0.16566124558448792
0.16287969052791595
0.16224224865436554
0.15874746441841125
0.15755228698253632
0.15512141585350037
0.15445728600025177
0.15085358917713165
0.15005706250667572
0.1470363736152649
0.14629271626472473
0.1437324732542038
0.143096923828125
0.14016783237457275
0.14014434814453125
0.13624191284179688
0.135568305850029
0.13353322446346283
0.132526695728302
0.12961214780807495
0.12943506240844727
0.12679718434810638
0.12588608264923096
0.12435221672058105
0.12369485199451447
0.12169831991195679
0.1214001402258873
0.12007812410593033
0.119454026222229
0.11811527609825134
0.11842793226242065
0.11760904639959335
0.11823069304227829
0.11631011962890625
0.11658214032649994
0.11710269749164581
no squeeze
2.315310001373291
0.3376960754394531
0.2859116196632385
0.20770631730556488
0.1992781013250351
0.17739342153072357
0.1733817607164383
0.1631702333688736
0.1603081077337265
0.15228499472141266
0.15084201097488403
0.14608684182167053
0.14489395916461945
0.14029940962791443
0.13966701924800873
0.13666778802871704
0.13616324961185455
0.13328267633914948
0.1328132152557373
0.1308586448431015
0.1303824484348297
0.12917552888393402
0.12897062301635742
0.12693922221660614
0.1266547590494156
0.1262354999780655
0.12549524009227753
0.12438775599002838
0.12598954141139984
0.12385424971580505
0.12354772537946701
0.12273120880126953
0.12294311076402664
0.12252699583768845
0.12340345978736877
0.12128321081399918
0.12110006809234619
0.12090574949979782
0.12121003866195679
0.1209549605846405
no squeeze
2.1152613162994385
0.2577817738056183
0.24505414068698883
0.23160746693611145
0.23124317824840546
0.23176869750022888
0.23178251087665558
0.2314884066581726
