no squeeze
5.698220252990723
0.32876208424568176
0.21808795630931854
0.06410574913024902
0.04982684552669525
0.02004377543926239
0.016078069806098938
0.007677119225263596
0.006575058680027723
0.004320433363318443
0.004036334343254566
0.0033757691271603107
0.0032727725338190794
0.0029854909516870975
0.002947802422568202
0.0027891655918210745
0.002739741001278162
0.002616456476971507
0.0025768098421394825
0.002466147765517235
0.00241978676058352
0.0022942773066461086
0.0022816136479377747
0.0021781602408736944
0.002167195314541459
0.0020656243432313204
0.0020402553491294384
0.0019605166744440794
0.0019407056970521808
0.001877770060673356
0.0018742388347163796
0.0018016815884038806
0.001802756218239665
0.0017137329559773207
0.0017056993674486876
0.0016529620625078678
0.0016439782921224833
0.0016031895065680146
0.001593947410583496
0.0015851351199671626
0.0015597565798088908
0.0015358916716650128
0.0015412388602271676
0.0015146116493269801
0.0015083483885973692
0.0014905085554346442
0.0014813963789492846
0.001472965581342578
0.0014703625347465277
0.0014810434076935053
0.0014656148850917816
0.0014630069490522146
0.0014660988235846162
0.0014431877061724663
0.0014419209910556674
0.0014415676705539227
0.0014402668457478285
0.001448730705305934
0.0014506529550999403
0.0014332998543977737
0.0014459232334047556
0.0014502013800665736
no squeeze
5.597237586975098
0.6945899128913879
0.6023253798484802
0.482291042804718
0.4712868332862854
0.4519355595111847
0.4487868845462799
0.4453554153442383
0.4459863007068634
0.4444696605205536
0.44417834281921387
0.44390735030174255
0.4439099431037903
0.4459693729877472
no squeeze
6.241660118103027
0.7100526690483093
0.526608943939209
0.24967721104621887
0.2163480818271637
0.13215602934360504
0.11748020350933075
0.07624493539333344
0.06823933124542236
0.04620862752199173
0.04158496856689453
0.029395747929811478
0.027081133797764778
0.02110203728079796
0.01964201033115387
0.015776868909597397
0.014965489506721497
0.012139652855694294
0.011663010343909264
0.009912410750985146
0.009668107144534588
0.00871933251619339
0.008299537003040314
0.007277495693415403
0.006978421937674284
0.006206879857927561
0.005990896839648485
0.0054242974147200584
0.005249436944723129
0.004744513891637325
0.0048225028440356255
0.0042502847500145435
0.0041078017093241215
0.003724874695762992
0.003740790532901883
0.003415266750380397
0.0033143775071948767
0.0030808299779891968
0.003009477164596319
0.0028591749724000692
0.002780635841190815
0.002622876549139619
0.002590992720797658
0.002507769502699375
0.0024211560375988483
0.002330891089513898
0.0022653117775917053
0.002151494612917304
0.0021888709161430597
0.002036568708717823
0.0020782884676009417
0.0020142102148383856
0.0019557676278054714
0.0018986765062436461
0.001858510891906917
0.0018619759939610958
0.0018182981293648481
0.0017426195554435253
0.0017724501667544246
0.0017528512980788946
no squeeze
6.2943525314331055
2.2161977291107178
1.9122623205184937
1.3546133041381836
1.2771120071411133
1.0760283470153809
1.0383343696594238
0.9254531860351562
0.9022018909454346
0.8248446583747864
0.8077414631843567
0.7539507150650024
0.7414731979370117
0.6990365982055664
0.6895400285720825
0.6576126217842102
0.6495241522789001
0.6242056488990784
0.6182833313941956
0.5975536108016968
0.5934385657310486
0.5757603049278259
0.5729591846466064
0.5571423172950745
0.5539540648460388
0.5426695942878723
0.5390792489051819
0.5295047760009766
0.5258417129516602
0.5175986289978027
0.5173795223236084
0.5060253739356995
0.50508713722229
0.49654313921928406
0.49465852975845337
0.48721715807914734
0.4862833023071289
0.47936683893203735
0.4774179756641388
0.4718107283115387
0.4701242446899414
0.46404752135276794
0.46269482374191284
0.4576476812362671
0.455718994140625
0.45003584027290344
0.4487988352775574
0.44417181611061096
0.4436601400375366
0.439059853553772
0.4379962980747223
0.43318286538124084
0.4316870868206024
0.4279705286026001
0.4273413121700287
0.42371121048927307
0.42290377616882324
0.4192894399166107
0.41769275069236755
0.41480502486228943
0.41378989815711975
0.40975862741470337
0.40938815474510193
0.40676167607307434
0.40570852160453796
0.4025600850582123
0.4016852080821991
0.39952754974365234
0.3984784483909607
0.3963416814804077
0.3956652879714966
0.39340993762016296
0.3928403854370117
0.3905811905860901
0.39010539650917053
0.38812798261642456
0.38746392726898193
0.3857032358646393
0.3849749267101288
0.38329336047172546
0.38265734910964966
0.38045650720596313
0.3799345791339874
0.37866246700286865
0.3782185912132263
0.3758927285671234
0.3760281205177307
0.37443819642066956
0.37530940771102905
0.3730418086051941
0.3726922869682312
0.37202948331832886
0.3719456195831299
0.3690108358860016
0.3691648840904236
0.36821362376213074
0.3672865629196167
0.365753710269928
0.36573314666748047
0.3641829192638397
0.36362701654434204
0.36264124512672424
0.3619159460067749
0.3611416816711426
0.36093130707740784
0.36003053188323975
0.35958385467529297
0.35790666937828064
0.3581985831260681
0.35591912269592285
0.3558974862098694
0.3546920418739319
0.354026198387146
0.3531012535095215
0.35310301184654236
0.3527713418006897
0.3522968888282776
0.3507934808731079
0.34995749592781067
0.34955015778541565
0.3484007716178894
0.3486628830432892
0.34827277064323425
0.34681233763694763
0.3467823565006256
0.3454515337944031
0.34522220492362976
0.3442513048648834
0.34433525800704956
0.34283092617988586
0.3439851403236389
0.3421925902366638
0.34178587794303894
0.34064236283302307
0.3413495719432831
0.3406740725040436
no squeeze
5.99232292175293
1.107602596282959
0.9447023272514343
0.6804036498069763
0.6492214798927307
0.5752906799316406
0.5624300837516785
0.5245791077613831
0.5171823501586914
0.493574857711792
0.48895254731178284
0.4720892906188965
0.46921539306640625
0.4562930762767792
0.45378202199935913
0.44457027316093445
0.4427436590194702
0.43507054448127747
0.4332859516143799
0.4278281033039093
0.42635563015937805
0.42182040214538574
0.4212944805622101
0.41651737689971924
0.41638851165771484
0.4128231406211853
0.4120425283908844
0.40886884927749634
0.4086952805519104
0.4064234793186188
0.4063538610935211
0.40319985151290894
0.40301111340522766
0.4014710783958435
0.40077099204063416
0.3993445932865143
0.39918726682662964
0.3971792161464691
0.3964780271053314
0.39563629031181335
0.3954335153102875
0.39448389410972595
0.3946099281311035
0.3930171728134155
0.39282694458961487
0.39169347286224365
0.3919225037097931
0.3906991183757782
0.38972288370132446
0.3894619047641754
0.38965290784835815
0.3889661133289337
0.38894182443618774
0.38778164982795715
0.3879076838493347
0.38770073652267456
0.38717859983444214
0.386098712682724
0.3864026367664337
0.3858697712421417
0.3856543004512787
0.3849830627441406
0.384845495223999
0.3847384452819824
0.38426676392555237
0.38436585664749146
0.38385969400405884
0.3831760585308075
0.3829496204853058
0.38352832198143005
0.3826676309108734
0.3820975422859192
0.3831820785999298
0.3828631639480591
no squeeze
6.861221790313721
0.8562033772468567
0.8061011433601379
0.7642537355422974
0.7634458541870117
0.7646709680557251
0.7650572657585144
0.7674646973609924
