no squeeze
6.552457332611084
0.7247670888900757
0.515519380569458
0.2216852605342865
0.19520814716815948
0.14878542721271515
0.14448893070220947
0.13804461061954498
0.1371486634016037
0.13670924305915833
0.13624463975429535
0.13601961731910706
0.1361861675977707
0.13587190210819244
0.1355244517326355
0.1360812783241272
0.13571567833423615
0.13562357425689697
no squeeze
7.523602485656738
1.1918026208877563
1.0336040258407593
0.795875072479248
0.7737534046173096
0.7269214987754822
0.7199042439460754
0.7082544565200806
0.7063756585121155
0.703654408454895
0.7025394439697266
0.7023727893829346
0.7035364508628845
0.7056657075881958
no squeeze
7.000701427459717
1.2096824645996094
0.9428236484527588
0.47339093685150146
0.412519633769989
0.26407602429389954
0.2401169091463089
0.1762116551399231
0.16515830159187317
0.13246725499629974
0.12673138082027435
0.10871406644582748
0.10506965219974518
0.09430065006017685
0.09205053746700287
0.08512407541275024
0.08351286500692368
0.07902803272008896
0.07793675363063812
0.07413247227668762
0.07331901043653488
0.07063183188438416
0.07007283717393875
0.06786967813968658
0.06736381351947784
0.0657445564866066
0.06532440334558487
0.06366126984357834
0.06331627070903778
0.06190001592040062
0.061627116054296494
0.06094113364815712
0.060642343014478683
0.05964392423629761
0.059350743889808655
0.058557137846946716
0.05839179828763008
0.057776667177677155
0.05757122486829758
0.057015325874090195
0.05689302831888199
0.05655491352081299
0.05636078491806984
0.05602731928229332
0.05586378276348114
0.05549502745270729
0.05539708957076073
0.05513773486018181
0.05512910708785057
0.054730191826820374
0.0546887181699276
0.05437888577580452
0.05444775149226189
0.054271746426820755
0.054177425801754
0.054126664996147156
0.053988147526979446
0.05379868671298027
0.05376783013343811
0.053659334778785706
0.05366120487451553
0.05348091572523117
0.0535038486123085
0.05338538810610771
0.053425975143909454
0.053317807614803314
0.05324457958340645
0.05312313884496689
0.053356584161520004
0.05319018289446831
no squeeze
7.847018241882324
3.8249928951263428
3.4190914630889893
2.5721678733825684
2.450425624847412
2.1260275840759277
2.0642483234405518
1.8670663833618164
1.8243411779403687
1.687016248703003
1.652858018875122
1.5432835817337036
1.517757534980774
1.4395620822906494
1.4168452024459839
1.3521568775177002
1.3384090662002563
1.2916902303695679
1.2814809083938599
1.2475090026855469
1.2432070970535278
1.214888572692871
1.2119479179382324
1.1930700540542603
1.1889183521270752
1.1766622066497803
1.1719437837600708
1.1617610454559326
1.1571378707885742
1.1518076658248901
1.1518622636795044
1.1406681537628174
1.1376103162765503
1.1299115419387817
1.1282325983047485
1.1195663213729858
1.1209285259246826
1.1103630065917969
1.1101614236831665
1.0967262983322144
1.09771728515625
1.0840953588485718
1.0840561389923096
1.0716469287872314
1.068603515625
1.0546971559524536
1.0530407428741455
1.037169337272644
1.0342230796813965
1.0183740854263306
1.0139521360397339
0.9975743293762207
0.9970073699951172
0.9753373265266418
0.9699022173881531
0.9557400941848755
0.9476339221000671
0.9356896281242371
0.9320171475410461
0.9215967655181885
0.9182754158973694
0.9103999137878418
0.9130758047103882
0.9035382866859436
0.902640700340271
0.9018650054931641
0.8990027904510498
0.895243763923645
0.8940250277519226
0.8917466402053833
0.8920183777809143
0.8920114636421204
no squeeze
7.15554666519165
2.060807228088379
1.8355422019958496
1.400152564048767
1.3414291143417358
1.1911906003952026
1.1662323474884033
1.0920908451080322
1.0746182203292847
1.02434241771698
1.0151711702346802
0.9817265272140503
0.9747079610824585
0.9591410160064697
0.9536620378494263
0.9328514933586121
0.930293083190918
0.918670654296875
0.9198365807533264
0.9106840491294861
0.9096088409423828
0.902807354927063
0.8999104499816895
0.8959129452705383
0.8929319381713867
0.8910272717475891
0.8929613828659058
0.8858655691146851
0.8844799399375916
0.8803244233131409
0.88034987449646
0.8768711090087891
0.8743671774864197
0.8713120222091675
0.8739628791809082
0.8705928921699524
0.8687880039215088
0.867180347442627
0.8664314150810242
0.8635904788970947
0.8637242317199707
0.8616688847541809
0.8612892627716064
0.8596748113632202
0.8630977272987366
0.8575634360313416
0.8613285422325134
0.8555559515953064
0.8564094305038452
0.8535157442092896
0.8546260595321655
0.8543949723243713
no squeeze
8.881397247314453
1.7547072172164917
1.664327621459961
1.605582356452942
1.6032899618148804
1.6078147888183594
1.6087287664413452
1.5992321968078613
1.6015545129776
1.6154530048370361
