no squeeze
17.978069305419922
5.6123433113098145
3.161234140396118
2.316779136657715
1.7422471046447754
1.5927672386169434
1.6122313737869263
1.2785232067108154
1.3176180124282837
1.0691313743591309
1.4012451171875
0.9975095391273499
0.9554422497749329
0.941788911819458
1.0577677488327026
0.968299150466919
0.9453120827674866
1.1864299774169922
1.156479001045227
1.0122418403625488
0.8783435821533203
0.7905741930007935
0.8129298686981201
0.6740298271179199
0.9128560423851013
0.9157701134681702
1.0667611360549927
0.8189412951469421
0.6467055082321167
0.6253753304481506
0.9732705354690552
0.8527323603630066
0.6797279119491577
0.7744591236114502
0.778141438961029
0.784683883190155
0.5370244383811951
0.6499802470207214
0.624667763710022
0.7867268919944763
0.8185397386550903
0.8215852379798889
0.751962423324585
0.7077795267105103
0.755550742149353
0.7685793042182922
0.6386716961860657
no squeeze
25.348926544189453
5.832348823547363
2.592715263366699
1.3514066934585571
0.9163589477539062
0.8696393966674805
0.5034236907958984
0.5066770315170288
0.47678616642951965
0.4424981474876404
0.3527913987636566
0.30773845314979553
0.25683513283729553
0.21851846575737
0.26241689920425415
0.2697943449020386
0.19054044783115387
0.13535045087337494
0.23241223394870758
0.1335422843694687
0.1503005027770996
0.24038340151309967
0.177538201212883
0.10758824646472931
0.11429106444120407
0.12605731189250946
0.14992867410182953
0.12478206306695938
0.34088149666786194
0.4236409068107605
0.14778488874435425
0.08569236844778061
0.18295980989933014
0.1436113566160202
0.10026285797357559
0.06480433791875839
0.09623632580041885
0.07851050049066544
0.06258949637413025
0.061383847147226334
0.06383217871189117
0.06277311593294144
0.08145348727703094
0.05089245364069939
0.05975153669714928
0.04654894769191742
0.06622666120529175
0.12061472982168198
0.06501583755016327
0.11415683478116989
0.14205634593963623
0.12932907044887543
0.0857122614979744
0.10980018973350525
0.15728624165058136
0.11390011012554169
no squeeze
24.34603500366211
8.280752182006836
5.603817462921143
3.5712387561798096
2.4737770557403564
2.2865993976593018
1.8237849473953247
1.6772233247756958
1.4187687635421753
0.9890813231468201
0.9794914722442627
0.9025329947471619
1.0024644136428833
1.2132409811019897
0.8148706555366516
0.5728064179420471
0.7248885035514832
0.47721967101097107
0.39896923303604126
0.5342159271240234
0.3636607229709625
0.8210347890853882
0.5386330485343933
0.4247589707374573
0.3077372610569
0.2980099320411682
0.32050591707229614
0.4676649272441864
0.35792458057403564
0.3670487701892853
0.34510645270347595
0.5387772917747498
0.29963499307632446
0.34068563580513
0.3854047954082489
0.3599350154399872
no squeeze
25.447431564331055
10.912598609924316
8.024186134338379
6.147449016571045
5.007156848907471
4.137078762054443
3.5294878482818604
3.2198805809020996
2.875582456588745
2.487593650817871
2.3699052333831787
2.2500734329223633
2.126967668533325
1.9471988677978516
2.1196084022521973
1.993980050086975
1.6453067064285278
1.6385501623153687
1.7232166528701782
1.4881088733673096
1.8184823989868164
1.4193564653396606
1.3724299669265747
1.4509185552597046
1.4505774974822998
1.3870338201522827
1.200419306755066
1.308645486831665
1.1961179971694946
1.3080083131790161
1.2278873920440674
1.298162579536438
1.1076478958129883
1.0398386716842651
1.1095519065856934
1.1778175830841064
1.1246223449707031
1.2518219947814941
1.0954762697219849
1.1378692388534546
1.0337287187576294
1.0004621744155884
0.9667125344276428
1.0854166746139526
1.182563304901123
0.954543948173523
1.0032397508621216
1.0027986764907837
0.8400413393974304
0.9516420960426331
1.0486657619476318
0.8765166401863098
0.911262035369873
0.8440884947776794
0.8604161739349365
0.8257734775543213
0.8754422068595886
0.7555484771728516
0.7821799516677856
0.7160328030586243
0.755366861820221
0.7527349591255188
0.7243335843086243
0.7411356568336487
0.8925031423568726
0.6897525787353516
0.7348458766937256
0.7051558494567871
0.675227165222168
0.7166867256164551
0.6694539189338684
0.6716293692588806
0.6941400170326233
0.5675317049026489
0.6652094721794128
0.606758177280426
0.5707883238792419
0.768360435962677
0.5498872995376587
0.5540554523468018
0.5690913200378418
0.6571160554885864
0.5414742827415466
0.5973275303840637
0.5509231090545654
0.5856029987335205
0.6262079477310181
0.49574100971221924
0.5237168669700623
0.6311091184616089
0.5517579317092896
0.5385035276412964
0.4493146240711212
0.4643060266971588
0.5126606225967407
0.48417094349861145
0.48343053460121155
0.4447728991508484
0.47766855359077454
0.4671189486980438
0.4136454164981842
0.4545837640762329
0.49816399812698364
0.4431966245174408
0.5215202569961548
0.44446584582328796
0.4959617853164673
0.44700688123703003
0.45541173219680786
0.4564914405345917
0.35545310378074646
0.3967489004135132
0.3792634904384613
0.3674124777317047
0.3540232479572296
0.4695979952812195
0.4431854784488678
0.42431163787841797
0.4544563293457031
0.43170613050460815
0.38254329562187195
0.4053339958190918
0.3456880748271942
0.3577171266078949
0.37262237071990967
0.3258889615535736
0.44296854734420776
0.4126477539539337
0.353250652551651
0.3798632323741913
0.39427104592323303
0.38863399624824524
0.341060996055603
0.36134377121925354
0.38093316555023193
0.3907508850097656
no squeeze
27.25094223022461
8.468612670898438
5.33652400970459
3.9032647609710693
3.1763429641723633
2.6521823406219482
2.3140017986297607
1.9623466730117798
1.8473871946334839
1.6584382057189941
1.435641884803772
1.4088417291641235
1.44706392288208
1.2808014154434204
1.1878989934921265
1.1753180027008057
1.12400484085083
1.1511621475219727
1.1665441989898682
1.060044288635254
1.187908411026001
1.059327244758606
1.0872811079025269
0.8619280457496643
1.0566154718399048
1.0841172933578491
0.9537174105644226
0.8706899881362915
0.8349764943122864
0.775961697101593
0.8294058442115784
0.7483800649642944
0.7892557382583618
0.8576071858406067
0.7957334518432617
0.7130112648010254
0.6713792085647583
0.6758075952529907
0.7774290442466736
0.7431418299674988
0.7193259596824646
0.7888411283493042
0.7714439630508423
0.6256608366966248
0.7192512154579163
0.6628962159156799
0.5901322364807129
0.6679673194885254
0.5984579920768738
0.5631826519966125
0.7443665862083435
0.6566886901855469
0.721034824848175
0.6341699361801147
0.6002225279808044
0.6578118205070496
0.6067436933517456
0.5218943953514099
0.4825788140296936
0.5676940083503723
0.5819057822227478
0.6188898086547852
0.4917818605899811
0.5393167734146118
0.4554978013038635
0.489996075630188
0.5639100670814514
0.47901391983032227
0.5066060423851013
0.652794599533081
0.4388197362422943
0.5156723856925964
0.53934645652771
0.46222513914108276
0.4744971990585327
0.48066791892051697
0.4994218647480011
0.5992857217788696
0.4682857394218445
0.4449199438095093
0.4084414541721344
0.607318103313446
0.48029911518096924
0.45762673020362854
0.4496915340423584
0.4255599081516266
0.4997577369213104
0.433302640914917
0.448272168636322
0.3914530277252197
0.5348550081253052
0.4018789529800415
0.4155240058898926
0.4415258467197418
0.3582185208797455
0.44228339195251465
0.4108278453350067
0.3888852894306183
0.40084347128868103
0.4207605719566345
0.3955290615558624
0.4098959267139435
0.3515545129776001
0.3285486102104187
0.38966524600982666
0.34318140149116516
0.36594584584236145
0.34186118841171265
0.4598791301250458
0.45834195613861084
0.3039603531360626
0.3418484032154083
0.3608672022819519
0.33591070771217346
0.3328806757926941
0.36183834075927734
0.3868057131767273
0.3012256324291229
0.32427850365638733
0.3127937912940979
0.40961912274360657
0.36448338627815247
0.37648090720176697
0.27335456013679504
0.2907978892326355
0.3026159405708313
0.34048306941986084
0.36352357268333435
0.3212118148803711
0.28820857405662537
0.2691137492656708
0.29028913378715515
0.2855719029903412
0.25118517875671387
0.32250988483428955
0.28760358691215515
0.35150083899497986
0.3573679029941559
0.2786453664302826
0.28487712144851685
0.292105108499527
0.2753017842769623
0.26058366894721985
0.22069670259952545
0.2716788649559021
0.28828561305999756
0.2472054660320282
0.25690704584121704
0.241853266954422
0.25683456659317017
0.2604159116744995
0.348358154296875
0.2517797648906708
0.26745203137397766
no squeeze
14.49335765838623
4.904444217681885
2.8750736713409424
1.991079330444336
1.666396141052246
1.5629332065582275
1.916281819343567
1.6863268613815308
1.6641672849655151
2.082109212875366
1.470582365989685
1.7310564517974854
1.7018396854400635
1.2656941413879395
1.281555414199829
1.4435744285583496
2.2686030864715576
1.1037527322769165
1.3652278184890747
1.5884205102920532
1.7595630884170532
1.4453167915344238
1.7893195152282715
1.6924916505813599
1.3357104063034058
1.9904605150222778
1.2596409320831299
0.9901555776596069
1.6135332584381104
1.4811367988586426
1.3379665613174438
0.8306467533111572
1.0668989419937134
0.8794835209846497
1.1134413480758667
0.7878730297088623
1.1056231260299683
1.2268452644348145
1.094749093055725
1.3249051570892334
1.5020707845687866
2.0836246013641357
1.2564588785171509
1.5477373600006104
1.1899747848510742
1.9305500984191895
