no squeeze
2.436554431915283
0.15401685237884521
0.10808652639389038
0.05162670835852623
0.04717053472995758
0.04053640365600586
0.039642177522182465
0.037859149277210236
0.03742079809308052
0.036793652921915054
0.0364982932806015
0.03627723455429077
0.03648834303021431
0.03591151535511017
0.03580945357680321
0.0358959399163723
0.035973794758319855
0.03580106422305107
0.035574059933423996
0.03558318316936493
0.03564377501606941
0.035569027066230774
0.035496607422828674
0.03559885919094086
0.03546638414263725
0.03576308861374855
0.03565548360347748
0.03590691462159157
no squeeze
2.4018585681915283
0.28488782048225403
0.2392432540655136
0.17643271386623383
0.1694210171699524
0.1556960940361023
0.1530051827430725
0.14863541722297668
0.1474609524011612
0.14495749771595
0.14419350028038025
0.14283132553100586
0.14281103014945984
0.14192838966846466
0.1416105479001999
0.1406734734773636
0.14040371775627136
0.14048758149147034
0.1399962306022644
0.14047494530677795
0.14023703336715698
0.14009375870227814
no squeeze
2.5691323280334473
0.23890264332294464
0.16861845552921295
0.07218018174171448
0.06255310773849487
0.040999896824359894
0.03744382783770561
0.02817056141793728
0.02637701854109764
0.020822960883378983
0.019726060330867767
0.016404729336500168
0.015817511826753616
0.013762260787189007
0.013361966237425804
0.01194938737899065
0.01164302695542574
0.010703187435865402
0.010496111586689949
0.009817705489695072
0.0096556656062603
0.009182984940707684
0.009076324291527271
0.008677606470882893
0.00861846562474966
0.00834560114890337
0.00830080732703209
0.008107984438538551
0.008055539801716805
0.007920533418655396
0.007871669717133045
0.007758702617138624
0.007725238800048828
0.007626925129443407
0.007612010929733515
0.007527816575020552
0.007511629723012447
0.007444664370268583
0.007422046270221472
0.007369507569819689
0.007343515288084745
0.007303889840841293
0.007299160119146109
0.007251683622598648
0.007246850524097681
0.00722672650590539
0.007189593743532896
0.007195793092250824
0.007175581995397806
0.0071597774513065815
0.007173476275056601
0.0071271564811468124
0.007130404468625784
0.00710025941953063
0.007078966591507196
0.007090577855706215
0.007083297707140446
0.00707098888233304
0.00711428327485919
0.007065389771014452
0.007055946160107851
0.007041360717266798
0.007065434940159321
0.007032094057649374
0.007044089492410421
0.007025311700999737
0.007057569455355406
0.007068082224577665
no squeeze
2.928933620452881
0.7467221617698669
0.6397095322608948
0.47563105821609497
0.4569542109966278
0.4074626564979553
0.3979295492172241
0.3727831542491913
0.36551836133003235
0.3473125696182251
0.34349772334098816
0.3287885785102844
0.32597967982292175
0.3166411817073822
0.3138701617717743
0.30499890446662903
0.3025217056274414
0.2978012263774872
0.29530709981918335
0.28916803002357483
0.28689318895339966
0.2813490927219391
0.2806697189807892
0.2745598256587982
0.27370238304138184
0.26724743843078613
0.26651889085769653
0.2607329487800598
0.2594938278198242
0.25166693329811096
0.2501307725906372
0.24321657419204712
0.24065440893173218
0.23174451291561127
0.22966605424880981
0.21913255751132965
0.2158970981836319
0.2064206749200821
0.20288223028182983
0.19307494163513184
0.1921045035123825
0.1826273649930954
0.18104460835456848
0.17594103515148163
0.17550885677337646
0.174895241856575
0.17394135892391205
0.17043408751487732
0.17005740106105804
0.16919353604316711
0.16919833421707153
0.16820737719535828
0.1673300415277481
0.16667333245277405
0.1664298176765442
0.16575591266155243
0.1656484156847
0.16473199427127838
0.1643199473619461
0.16458973288536072
0.164092019200325
0.16269084811210632
0.16251054406166077
0.16142670810222626
0.16198992729187012
0.16060680150985718
0.16071344912052155
0.16005229949951172
0.15961194038391113
0.15940597653388977
0.15864121913909912
0.1585899144411087
0.15828806161880493
0.15756502747535706
0.1569894701242447
0.15676766633987427
0.1564745157957077
0.15590161085128784
0.15571966767311096
0.1551504135131836
0.1552157700061798
0.15399084985256195
0.15376245975494385
0.15346883237361908
0.15337537229061127
0.15248171985149384
0.1524227261543274
0.1519930362701416
0.15179705619812012
0.15125174820423126
0.1516723483800888
0.15232397615909576
no squeeze
2.45967173576355
0.43668118119239807
0.3774929642677307
0.2878674566745758
0.27659136056900024
0.24535956978797913
0.23945018649101257
0.21964877843856812
0.21581768989562988
0.19989044964313507
0.19718435406684875
0.18729616701602936
0.18477578461170197
0.17812640964984894
0.17655278742313385
0.17213453352451324
0.17144180834293365
0.1682809293270111
0.16767926514148712
0.16541586816310883
0.165379598736763
0.16390757262706757
0.16348318755626678
0.16228261590003967
0.16154831647872925
0.16262659430503845
0.1606094092130661
0.1594771444797516
0.15940426290035248
0.15876206755638123
0.15850675106048584
0.15803834795951843
0.1583894044160843
0.15682002902030945
0.156410351395607
0.15751038491725922
0.15774326026439667
0.15693047642707825
no squeeze
2.1904873847961426
0.39018625020980835
0.3759481906890869
0.36622393131256104
0.3646905720233917
0.3597119450569153
0.3599177300930023
0.3605770468711853
