no squeeze
3.514791965484619
0.252052366733551
0.192782923579216
0.12469473481178284
0.11856565624475479
0.09907791018486023
0.0956217497587204
0.08676031976938248
0.08521047979593277
0.08233695477247238
0.08115307241678238
0.07994185388088226
0.07982683181762695
0.07929713279008865
0.07941145449876785
0.07926122844219208
0.07930412143468857
0.07933757454156876
no squeeze
3.0072598457336426
0.2164394110441208
0.16149069368839264
0.08746686577796936
0.08145194500684738
0.07046426832675934
0.06960851699113846
0.06736213713884354
0.06740105897188187
0.06624946743249893
0.06605391949415207
0.06600724160671234
0.066080741584301
0.06584084779024124
0.06584689021110535
0.06556583940982819
0.06570548564195633
0.065579354763031
no squeeze
3.379361629486084
0.33125224709510803
0.2461155503988266
0.11346009373664856
0.09861627221107483
0.06399472057819366
0.05837145820260048
0.043283361941576004
0.040510304272174835
0.0322362445294857
0.030607957392930984
0.02565545216202736
0.024781359359622
0.02166958525776863
0.02093461900949478
0.018806874752044678
0.01835634559392929
0.016943156719207764
0.016629112884402275
0.01568998210132122
0.015391377732157707
0.014613663777709007
0.014482876285910606
0.013919750228524208
0.01386259775608778
0.013386785052716732
0.013418744318187237
0.013026653788983822
0.01297241635620594
0.012676481157541275
0.012672331184148788
0.012378918007016182
0.012361431494355202
0.012249326333403587
0.012158495374023914
0.012005799449980259
0.0120238671079278
0.011856930330395699
0.011832076124846935
0.011778118088841438
0.011690687388181686
0.011681110598146915
0.011655832640826702
0.011628835462033749
0.011630541644990444
0.011553334072232246
0.011503697372972965
0.011498100124299526
0.011426566168665886
0.011444478295743465
0.01136383879929781
0.011368165723979473
0.01130977738648653
0.011324685998260975
0.01128899771720171
0.011297552846372128
0.01122747641056776
0.011248324066400528
0.011240406893193722
0.01119835302233696
0.011277045123279095
0.011152920313179493
0.011165018193423748
0.011078023351728916
0.011174452491104603
0.011122926138341427
no squeeze
3.4985170364379883
1.0250385999679565
0.8707681894302368
0.5758526921272278
0.5363025665283203
0.43621063232421875
0.41842859983444214
0.3656829595565796
0.3547961115837097
0.32321420311927795
0.31694522500038147
0.2942003309726715
0.29015403985977173
0.2763215899467468
0.27166229486465454
0.2619779109954834
0.2589184045791626
0.24878568947315216
0.2467728853225708
0.23970293998718262
0.23833990097045898
0.2316310703754425
0.2297917604446411
0.2251083254814148
0.22397281229496002
0.21882939338684082
0.2186627835035324
0.2129952758550644
0.21242879331111908
0.20812584459781647
0.207108274102211
0.20327036082744598
0.20339539647102356
0.19867095351219177
0.19715027511119843
0.1943501979112625
0.19272944331169128
0.1895287036895752
0.18813180923461914
0.18394282460212708
0.1831016093492508
0.17877322435379028
0.1795288473367691
0.17384959757328033
0.1735742837190628
0.1692052185535431
0.16789862513542175
0.16240233182907104
0.16156437993049622
0.15710246562957764
0.15649835765361786
0.15036959946155548
0.1482279747724533
0.14197823405265808
0.14067204296588898
0.13505446910858154
0.1340380758047104
0.12919621169567108
0.1275019347667694
0.12404777109622955
0.12252747267484665
0.11912697553634644
0.1186857745051384
0.11664438992738724
0.11608351767063141
0.11554542183876038
0.11460018157958984
0.113636314868927
0.11356540769338608
0.11222605407238007
0.11249759048223495
0.11105851829051971
0.11104743182659149
0.1105487272143364
0.11078307032585144
0.11027979850769043
0.1104230284690857
0.10940035432577133
0.10916350781917572
0.10862895101308823
0.10830501466989517
0.10929737985134125
0.10877523571252823
0.10756333917379379
0.1075991839170456
0.10766808688640594
no squeeze
3.399611711502075
0.5275400280952454
0.43680915236473083
0.29467499256134033
0.27748143672943115
0.233026921749115
0.22535914182662964
0.20062348246574402
0.19566069543361664
0.18043242394924164
0.1763974279165268
0.1646042764186859
0.16234882175922394
0.15393270552158356
0.1518825739622116
0.14478008449077606
0.14340446889400482
0.13764320313930511
0.13698749244213104
0.13316400349140167
0.1322203129529953
0.1281701624393463
0.12734109163284302
0.12557531893253326
0.12519380450248718
0.1223459243774414
0.12199514359235764
0.1207822933793068
0.11994300037622452
0.1186046376824379
0.11816593259572983
0.11698637157678604
0.11726663261651993
0.11597037315368652
0.11599834263324738
0.11552871018648148
0.11478035151958466
0.11383067816495895
0.11398100107908249
0.11346897482872009
0.11314216256141663
0.11256696283817291
0.11279541999101639
0.11293776333332062
no squeeze
3.2927205562591553
0.3492808938026428
0.3198864161968231
0.2997955083847046
0.2958492040634155
0.2948633134365082
0.2948897182941437
0.2968599498271942
