no squeeze
1.0684586763381958
0.32607486844062805
0.14758366346359253
0.08013369888067245
0.05478125810623169
0.03042362630367279
0.02022308111190796
0.01679757423698902
0.012010989710688591
0.010655838064849377
0.008008944801986217
0.008821769617497921
0.005832110531628132
0.004651786759495735
0.004062002524733543
0.0034296256490051746
0.0035162765998393297
0.003664107993245125
0.0026948072481900454
0.0031788842752575874
0.0025827819481492043
0.002109576715156436
0.002266349969431758
0.0014941287226974964
0.0012086142087355256
0.0012942450121045113
0.0013697555987164378
0.0021604541689157486
0.0014343771617859602
0.0010534405009821057
0.001090710866264999
0.0008750478737056255
0.0010892268037423491
0.0007179797976277769
0.000840022461488843
0.0010714514646679163
0.0005837221979163587
0.000681847392115742
0.0005596327828243375
0.0005463152774609625
0.0005882509285584092
0.0006172728026285768
0.0005530093912966549
0.0005858762306161225
0.00044097297359257936
0.0008810763247311115
0.000620296923443675
0.0005912232445552945
0.00041703603346832097
0.00042100806604139507
0.00033710067509673536
0.00045516539830714464
0.00038857024628669024
0.00041860880446620286
0.00040644677937962115
0.00026761656044982374
0.0003850321227218956
0.0003671532031148672
0.0004773210675921291
0.0003961129405070096
0.00040683962288312614
0.0005340678035281599
0.00045709131518378854
0.0003059407463297248
0.0003276252537034452
0.0004359007580205798
no squeeze
1.3657042980194092
0.4253165125846863
0.24879208207130432
0.1620587855577469
0.13367542624473572
0.10944061726331711
0.09309451282024384
0.09538545459508896
0.07463223487138748
0.07425709068775177
0.06826677173376083
0.058609504252672195
0.06079167127609253
0.07517573982477188
0.058717455714941025
0.05381123349070549
0.04945811256766319
0.045330703258514404
0.05804438889026642
0.046627748757600784
0.05259358882904053
0.04513287916779518
0.06329410523176193
0.04613615944981575
0.040122296661138535
0.048136789351701736
0.043238215148448944
0.05197824910283089
0.04481662064790726
0.039832159876823425
0.03720046207308769
0.03499162197113037
0.03602276369929314
0.042910970747470856
0.03830571472644806
0.031733401119709015
0.038409870117902756
0.03606177493929863
0.03595347702503204
0.03387903794646263
0.03853939473628998
0.040147703140974045
0.034453850239515305
0.03477581590414047
0.04054238274693489
0.046686191111803055
no squeeze
1.2618482112884521
0.5270987749099731
0.3183608055114746
0.22317363321781158
0.1636490523815155
0.13672378659248352
0.11868500709533691
0.10892686992883682
0.07238759100437164
0.06370539218187332
0.05958159640431404
0.05909738317131996
0.05794042721390724
0.044288650155067444
0.032515011727809906
0.03781653195619583
0.0339294858276844
0.057478129863739014
0.09980561584234238
0.037807684391736984
0.025346888229250908
0.023076526820659637
0.023564765229821205
0.01785155013203621
0.03147801011800766
0.022598309442400932
0.020063795149326324
0.014368314296007156
0.015345308929681778
0.014367206022143364
0.016271254047751427
0.013111458159983158
0.020498253405094147
0.011408716440200806
0.026287125423550606
0.044471375644207
0.017377207055687904
0.019107729196548462
0.009500027634203434
0.02140188030898571
0.010933926329016685
0.012506316415965557
0.008736135438084602
0.014863351359963417
0.00990768987685442
0.006254564039409161
0.007586590480059385
0.013177098706364632
0.022381192073225975
0.007445045281201601
0.005890697706490755
0.006062791217118502
0.004641436971724033
0.00590484356507659
0.007893861271440983
0.0051522813737392426
0.006347860209643841
0.0035677363630384207
0.0036437951494008303
0.002715205540880561
0.003916412591934204
0.003709283657371998
0.0038656750693917274
0.0020753678400069475
0.0026337774470448494
0.004487224388867617
0.0027706141117960215
0.004495409782975912
0.0034784446470439434
0.003590793116018176
0.002421284792944789
0.002514995401725173
0.005406408105045557
0.00587743055075407
no squeeze
1.3471864461898804
0.6583622097969055
0.5314137935638428
0.4564986228942871
0.400177001953125
0.3528459370136261
0.3054192066192627
0.27124983072280884
0.2498956173658371
0.22634902596473694
0.20921187102794647
0.1923847496509552
0.19150686264038086
0.17747969925403595
0.1659683883190155
0.16231806576251984
0.14865416288375854
0.13563142716884613
0.13375996053218842
0.1294277459383011
0.12684236466884613
0.12734831869602203
0.12317106127738953
0.11747033149003983
0.10478855669498444
0.10214456170797348
0.10643171519041061
0.10218998044729233
0.09552150964736938
0.08999718725681305
0.09067915380001068
0.08637899905443192
0.08580570667982101
0.08167804032564163
0.08320806175470352
0.08083949238061905
0.08014915138483047
0.07747404277324677
0.0773877501487732
0.07867515087127686
0.07127037644386292
0.07579272240400314
0.07339207828044891
0.07388761639595032
0.07321128249168396
0.06963589042425156
0.06889981031417847
0.06542282551527023
0.06487924605607986
0.07075653970241547
0.06576697528362274
0.0614890418946743
0.06064694747328758
0.060387901961803436
0.06138604134321213
0.059347834438085556
0.057551704347133636
0.06106983497738838
0.06292609125375748
0.05889792740345001
0.056429263204336166
0.06151451915502548
0.056835662573575974
0.05509362369775772
0.054766736924648285
0.05305757746100426
0.0534299798309803
0.05137382820248604
0.05182280018925667
0.050743527710437775
0.049911875277757645
0.04978056624531746
0.05043208599090576
0.0482693649828434
0.04910425469279289
0.050101928412914276
0.04814453423023224
0.04915199801325798
0.047961555421352386
0.04631339758634567
0.045762479305267334
0.044899825006723404
0.044508811086416245
0.044130850583314896
0.04625273495912552
0.0434316024184227
0.04588507115840912
0.04542885348200798
0.04676353931427002
0.046601273119449615
0.044588685035705566
0.04379616677761078
0.04488138109445572
0.044523246586322784
0.04255903884768486
0.042749129235744476
0.0439012348651886
0.04218808561563492
0.041858747601509094
0.04085877537727356
0.044536489993333817
0.04208004102110863
0.04065631330013275
0.04094119742512703
0.044730182737112045
0.04406530037522316
0.039816174656152725
0.04049811512231827
0.041079092770814896
0.03759484738111496
0.039233554154634476
0.039523761719465256
0.03777582570910454
0.038800086826086044
0.038700204342603683
0.039053935557603836
0.03819158300757408
0.03860632702708244
0.03785160183906555
0.04208626225590706
no squeeze
1.2010301351547241
0.5212286114692688
0.3817516267299652
0.2996124029159546
0.2505417466163635
0.20983347296714783
0.1867399513721466
0.16618192195892334
0.15066510438919067
0.12979403138160706
0.1200416088104248
0.11147595942020416
0.10932814329862595
0.09246006608009338
0.09042389690876007
0.08643662929534912
0.08032535761594772
0.0793154165148735
0.07101896405220032
0.07111342251300812
0.06965634226799011
0.0629078671336174
0.05849164351820946
0.05546032264828682
0.05765923485159874
0.057461850345134735
0.05138341709971428
0.051780737936496735
0.0502256378531456
0.048844147473573685
0.0474918931722641
0.048264212906360626
0.043306950479745865
0.042492084205150604
0.04580117389559746
0.043879974633455276
0.044460728764534
0.04363051801919937
0.04052521288394928
0.0398581437766552
0.03725887089967728
0.03835207596421242
0.04040279611945152
0.03814132139086723
0.03668641299009323
0.0357075110077858
0.034665558487176895
0.03356681391596794
0.030385760590434074
0.031382184475660324
0.03400931879878044
0.03845769166946411
0.035090524703264236
0.03214002400636673
0.03051486238837242
0.02904525399208069
0.02832941897213459
0.027873454615473747
0.028390131890773773
0.037659965455532074
0.026207461953163147
0.03069349378347397
0.0299305971711874
0.026392558589577675
0.03174520656466484
0.026286322623491287
0.02606532722711563
0.0293444711714983
0.023747753351926804
0.02559039741754532
0.023750964552164078
0.025776205584406853
0.025953061878681183
0.025868946686387062
0.028463110327720642
0.024271279573440552
0.025930030271410942
0.02312072180211544
0.023193033412098885
0.024431774392724037
0.02394780144095421
0.02411513775587082
0.02334733121097088
0.021869370713829994
0.0236695297062397
0.024946581572294235
0.022089259698987007
0.021775392815470695
0.024275682866573334
0.021418696269392967
0.02269797958433628
0.023224495351314545
0.022650500759482384
0.020332220941781998
0.019891297444701195
0.019201472401618958
0.020907875150442123
0.02237757481634617
0.023660393431782722
0.02042100578546524
0.023246370255947113
0.02151201292872429
0.020145080983638763
0.021299241110682487
0.021652579307556152
0.01930282637476921
no squeeze
0.6921377182006836
0.25565600395202637
0.1545826643705368
0.12354126572608948
0.09947070479393005
0.09183713048696518
0.08140157908201218
0.0815315991640091
0.14005519449710846
0.09147440642118454
0.10863015800714493
0.0863749235868454
0.07932325452566147
0.07421773672103882
0.07223678380250931
0.08243726938962936
0.12803606688976288
0.10970389097929001
0.09125898033380508
0.0818779468536377
0.09657666832208633
0.07759559899568558
0.08261693269014359
0.08880641311407089
0.13598383963108063
