no squeeze
55.88186264038086
24.448163986206055
18.367002487182617
6.872823238372803
5.817165851593018
3.390137195587158
2.9859862327575684
1.8532606363296509
1.6436917781829834
1.0393201112747192
0.9237579703330994
0.5956057906150818
0.534000813961029
0.3632045090198517
0.33231666684150696
0.24713818728923798
0.2323680967092514
0.19155731797218323
0.1847028136253357
0.16576062142848969
0.16224777698516846
0.15354692935943604
0.1516551524400711
0.14727991819381714
0.14679454267024994
0.14407293498516083
0.14386145770549774
0.14257468283176422
0.14227426052093506
0.14129100739955902
0.1414220929145813
0.14086602628231049
0.1405603438615799
0.14052358269691467
0.14043782651424408
0.1400851011276245
0.14019156992435455
0.14002233743667603
0.13977698981761932
0.1396634429693222
0.14006797969341278
0.14013299345970154
no squeeze
57.48720169067383
13.079093933105469
10.61084270477295
6.198460578918457
5.553689002990723
3.755002498626709
3.4119465351104736
2.380894660949707
2.175995111465454
1.5516518354415894
1.4283944368362427
1.041060209274292
0.9627953171730042
0.7183972001075745
0.6678895354270935
0.5111432671546936
0.4792969524860382
0.3796595633029938
0.35919827222824097
0.29665064811706543
0.2823004126548767
0.2431851476430893
0.2355152666568756
0.20987604558467865
0.20520684123039246
0.18970471620559692
0.1863156110048294
0.1763913333415985
0.17438356578350067
0.16831761598587036
0.16683948040008545
0.16256041824817657
0.16188567876815796
0.15948203206062317
0.15846222639083862
0.15665388107299805
0.15699250996112823
0.1553962379693985
0.1550922691822052
0.1543506383895874
0.1542086899280548
0.15307535231113434
0.1532348394393921
0.1530102640390396
0.1528109908103943
0.1521289199590683
0.1519758254289627
0.15182127058506012
0.15183867514133453
0.15157003700733185
0.15116485953330994
0.15113738179206848
0.150951087474823
0.15097567439079285
0.15091991424560547
0.1507376879453659
0.15049633383750916
0.15101097524166107
0.15037278831005096
0.15075387060642242
0.15061594545841217
0.15051695704460144
no squeeze
56.93193817138672
25.958250045776367
20.046897888183594
8.743729591369629
7.488736152648926
4.460447788238525
3.976470470428467
2.632038116455078
2.3883779048919678
1.6828181743621826
1.5474662780761719
1.148442268371582
1.0697129964828491
0.8322442770004272
0.7822917699813843
0.6256943941116333
0.5955347418785095
0.5003046989440918
0.47788289189338684
0.4070417284965515
0.391014039516449
0.33895060420036316
0.3282047510147095
0.2915935218334198
0.28332918882369995
0.256026953458786
0.24924062192440033
0.22640688717365265
0.22180376946926117
0.2033592313528061
0.20005299150943756
0.18881574273109436
0.18462838232517242
0.17483563721179962
0.17205367982387543
0.16394692659378052
0.16209401190280914
0.15633170306682587
0.15452630817890167
0.1492621749639511
0.14822594821453094
0.14471328258514404
0.1438833475112915
0.14132703840732574
0.14048369228839874
0.1381915658712387
0.13770055770874023
0.13596001267433167
0.13553686439990997
0.1343366503715515
0.13399538397789001
0.13280680775642395
0.13264450430870056
0.13155871629714966
0.131389319896698
0.1309327632188797
0.1307900846004486
0.1299416869878769
0.12993685901165009
0.12946049869060516
0.12925595045089722
0.1290615350008011
0.12889286875724792
0.12875798344612122
0.128609299659729
0.12833939492702484
0.12818241119384766
0.12820586562156677
0.12797866761684418
0.1275949776172638
0.12750768661499023
0.12740390002727509
0.12748464941978455
0.12733544409275055
0.12723049521446228
0.1269574612379074
0.12703415751457214
0.12698549032211304
no squeeze
56.99140167236328
33.08667755126953
27.64506721496582
14.991175651550293
13.420421600341797
9.568526268005371
8.888009071350098
6.904253959655762
6.507999897003174
5.263173580169678
4.9980950355529785
4.139882564544678
3.952704906463623
3.338860511779785
3.2045159339904785
2.7658307552337646
2.674342632293701
2.348606824874878
2.2775843143463135
2.0531435012817383
2.002739429473877
1.840761661529541
1.8053035736083984
1.6936887502670288
1.6703433990478516
1.5898243188858032
1.5734584331512451
1.5145001411437988
1.5019419193267822
1.4619795083999634
1.4525551795959473
1.421849250793457
1.444507360458374
1.3945139646530151
1.3881715536117554
1.370453119277954
1.3662419319152832
1.3549940586090088
1.367600917816162
1.338507890701294
1.3334157466888428
1.3298377990722656
1.3314334154129028
1.316456913948059
1.3215885162353516
1.3116751909255981
1.305123209953308
1.2999396324157715
1.299564242362976
1.287782073020935
1.2856560945510864
1.2835432291030884
1.2764770984649658
1.2704159021377563
1.2735421657562256
1.2587305307388306
1.2588036060333252
1.2560527324676514
1.2475600242614746
1.2396725416183472
1.2582064867019653
1.2250436544418335
1.2413986921310425
1.205012321472168
1.2086507081985474
1.1937930583953857
1.1842228174209595
1.1694971323013306
1.1675726175308228
1.1435109376907349
1.1366569995880127
1.1213014125823975
1.1094008684158325
1.0797579288482666
1.0840340852737427
1.0394893884658813
1.0332567691802979
0.9924119114875793
0.9820994734764099
0.9399423003196716
0.935076117515564
0.8737784028053284
0.8575975298881531
0.797828733921051
0.7813065648078918
0.712059736251831
0.6976446509361267
0.6225513815879822
0.6044163107872009
0.5373483896255493
0.5176600217819214
0.45547252893447876
0.43352633714675903
0.3736421465873718
0.3599860370159149
0.3096397817134857
0.29908332228660583
0.2634442448616028
0.25315216183662415
0.22647812962532043
0.21941827237606049
0.19830678403377533
0.19402490556240082
0.18016748130321503
0.1770637035369873
0.16770589351654053
0.1657658815383911
0.1592947393655777
0.15745779871940613
0.15333834290504456
0.15241317451000214
0.14987686276435852
0.14847084879875183
0.147414892911911
0.14698195457458496
0.14511632919311523
0.14482064545154572
0.14438913762569427
0.1438724249601364
0.14356541633605957
0.14332598447799683
0.1428242027759552
0.14283519983291626
0.14282438158988953
no squeeze
56.66301727294922
25.726917266845703
20.696352005004883
10.390715599060059
9.176436424255371
6.281368732452393
5.786355972290039
4.3268022537231445
4.033301830291748
3.1279170513153076
2.939225912094116
2.3481357097625732
2.22525954246521
1.8263441324234009
1.7419524192810059
1.4673153162002563
1.4076579809188843
1.2097405195236206
1.1681170463562012
1.015740156173706
0.9831287264823914
0.863654375076294
0.8372612595558167
0.742592453956604
0.7180189490318298
0.6378549337387085
0.6190827488899231
0.5523102879524231
0.5347322821617126
0.477125346660614
0.46385109424591064
0.41453760862350464
0.403937429189682
0.36332327127456665
0.3537251055240631
0.32061290740966797
0.31323426961898804
0.2870638966560364
0.2805842459201813
0.25903621315956116
0.2541167438030243
0.23747555911540985
0.23343442380428314
0.2197171449661255
0.21757648885250092
0.2070292830467224
0.20399515330791473
0.19557155668735504
0.19329316914081573
0.1865771859884262
0.18516923487186432
0.17979952692985535
0.17804747819900513
0.17361052334308624
0.17313218116760254
0.16879978775978088
0.1678204983472824
0.1647854894399643
0.16423112154006958
0.16121046245098114
0.16054868698120117
0.15832075476646423
0.15762269496917725
0.15591967105865479
0.15589094161987305
0.15366293489933014
0.15320993959903717
0.15265220403671265
0.15221622586250305
0.1505800038576126
0.15063992142677307
0.14896546304225922
0.14906920492649078
0.1475970596075058
0.14766119420528412
0.14678528904914856
0.14706353843212128
0.1455724537372589
0.14683766663074493
0.14562593400478363
no squeeze
51.85110855102539
8.106803894042969
6.353797435760498
3.294332981109619
2.9193339347839355
2.094330310821533
1.9777188301086426
1.7123680114746094
1.6663638353347778
1.5750137567520142
1.56704843044281
1.5229572057724
1.5184625387191772
1.5032143592834473
1.5131926536560059
1.4967206716537476
1.4926035404205322
1.485521912574768
1.4859837293624878
1.4846560955047607
1.4874986410140991
1.4875457286834717
