no squeeze
1.9097397327423096
0.06350523978471756
0.03948128968477249
0.01631913334131241
0.014927190728485584
0.01251206174492836
0.012250379659235477
0.011384801007807255
0.011299057863652706
0.011045517399907112
0.010988051071763039
0.010963927023112774
0.010930164717137814
0.010888861492276192
0.010910535231232643
0.010836740955710411
0.010886510834097862
0.011059378273785114
no squeeze
1.9764455556869507
0.12894535064697266
0.10581738501787186
0.08197909593582153
0.08011873811483383
0.0767521783709526
0.07617434859275818
0.07506611198186874
0.07474183291196823
0.07442796230316162
0.07423283159732819
0.07413733750581741
0.07419855147600174
0.07396724075078964
0.07398100942373276
0.074273481965065
no squeeze
1.6730678081512451
0.12107637524604797
0.08241710066795349
0.030604399740695953
0.0258745439350605
0.015926077961921692
0.01446045096963644
0.010698562487959862
0.010091656818985939
0.008447341620922089
0.008083009161055088
0.007122477050870657
0.006940740160644054
0.006377377547323704
0.006256006192415953
0.005902349017560482
0.005850690882652998
0.005595807917416096
0.005557176191359758
0.00536532886326313
0.005355700384825468
0.005225030239671469
0.005190238356590271
0.005081975366920233
0.005072370171546936
0.004988817498087883
0.004975889343768358
0.004904044326394796
0.0048916698433458805
0.0048186699859797955
0.004810129292309284
0.004767132457345724
0.004803854040801525
0.004747926257550716
0.004728933330625296
0.004722758661955595
0.00469218660145998
0.004647417459636927
0.0046564857475459576
0.004637155681848526
0.004603490233421326
0.004610560834407806
0.004608913324773312
0.004601083695888519
0.004591651726514101
0.004583162255585194
0.004555439110845327
0.00456545315682888
0.004548901692032814
0.004550195764750242
0.004546763841062784
0.004549162928014994
0.0045425770804286
0.004535634536296129
0.0045149065554142
0.004521326627582312
0.004524268209934235
0.0045134685933589935
0.004508443176746368
0.00450867647305131
0.00449747359380126
0.004511065781116486
0.004503287374973297
0.004531944170594215
no squeeze
2.099339246749878
0.38879358768463135
0.3255506157875061
0.23026877641677856
0.21887969970703125
0.1893567144870758
0.18344882130622864
0.1670708954334259
0.16362817585468292
0.15323884785175323
0.15087240934371948
0.1431819349527359
0.14120443165302277
0.136173278093338
0.13486984372138977
0.13082942366600037
0.12905719876289368
0.1252792328596115
0.12468434870243073
0.12142065167427063
0.12141361832618713
0.11832728981971741
0.11758483201265335
0.11525258421897888
0.11517100036144257
0.11282698810100555
0.11289700865745544
0.11124848574399948
0.1106380969285965
0.10893356055021286
0.10889677703380585
0.10697701573371887
0.10717270523309708
0.10569559037685394
0.1049635037779808
0.10425800830125809
0.10359431803226471
0.10194732248783112
0.10230997204780579
0.10036902874708176
0.10099668055772781
0.09901110827922821
0.09855645149946213
0.09735321998596191
0.09688218683004379
0.09556717425584793
0.09517823904752731
0.09386560320854187
0.09366203844547272
0.09171757102012634
0.0916721373796463
0.090306356549263
0.08976735919713974
0.08797363191843033
0.08812931180000305
0.08611680567264557
0.08562202006578445
0.0838729739189148
0.08326847851276398
0.08173012733459473
0.08086411654949188
0.07886144518852234
0.07850082963705063
0.07658326625823975
0.07656509429216385
0.07489191740751266
0.07439205795526505
0.07363952696323395
0.07340017706155777
0.07257363945245743
0.07284032553434372
0.07198681682348251
0.07180369645357132
0.07189086824655533
0.0718037411570549
0.0712541863322258
0.07135111838579178
0.07107968628406525
0.07085681706666946
0.07076281309127808
0.07083369791507721
0.07042223960161209
0.07026205956935883
0.07056625932455063
0.07031063735485077
0.07002432644367218
0.07000552117824554
0.06964121758937836
0.06959794461727142
0.06923244893550873
0.0694652870297432
0.06936515122652054
no squeeze
1.6730239391326904
0.21493351459503174
0.17722037434577942
0.12540295720100403
0.12027117609977722
0.10781285911798477
0.10566100478172302
0.09978228807449341
0.09862224757671356
0.09448246657848358
0.09392576664686203
0.09064814448356628
0.09004830569028854
0.08789075165987015
0.08811024576425552
0.08544569462537766
0.08509368449449539
0.0839153602719307
0.08336886763572693
0.08204241842031479
0.08232389390468597
0.0808858796954155
0.08083882927894592
0.08005861937999725
0.0800991952419281
0.0797630250453949
0.07929679751396179
0.0786060020327568
0.07886245846748352
0.07812127470970154
0.07804406434297562
0.07820605486631393
0.07853783667087555
0.07753939181566238
0.07712893187999725
0.07729455083608627
0.0786890760064125
0.07710278779268265
0.07708926498889923
0.07673332095146179
0.07625757902860641
0.07604333013296127
0.07629825919866562
0.07593962550163269
0.0759785920381546
0.07605364173650742
no squeeze
2.3673479557037354
0.18322283029556274
0.1674901843070984
0.14970563352108002
0.14870129525661469
0.14834333956241608
0.14878541231155396
0.14787277579307556
0.14916081726551056
0.14785531163215637
0.1494680941104889
0.1481163650751114
