no squeeze
225.3832244873047
98.93240356445312
74.4389419555664
28.720243453979492
24.81077003479004
15.484782218933105
13.857805252075195
9.173051834106445
8.271599769592285
5.601988315582275
5.079310894012451
3.506169319152832
3.191932439804077
2.2363109588623047
2.0436108112335205
1.4544919729232788
1.3355765342712402
0.9706310629844666
0.8963826894760132
0.6686320304870605
0.6225472688674927
0.48156440258026123
0.45287615060806274
0.3642865717411041
0.34603968262672424
0.2885914146900177
0.2768634557723999
0.23945173621177673
0.2317807823419571
0.20709417760372162
0.2018701434135437
0.18530967831611633
0.18162493407726288
0.16994090378284454
0.16735687851905823
0.15918242931365967
0.15746842324733734
0.15154974162578583
0.15033917129039764
0.14621900022029877
0.1453000009059906
0.14229996502399445
0.14166374504566193
0.1394091099500656
0.13897621631622314
0.1374111771583557
0.13703294098377228
0.13587750494480133
0.1356249302625656
0.13483431935310364
0.13463571667671204
0.13403171300888062
0.13382022082805634
0.13348400592803955
0.13332663476467133
0.13294950127601624
0.13297927379608154
0.13273411989212036
0.1327308565378189
0.13241541385650635
0.13238991796970367
0.13226234912872314
0.13224631547927856
0.13204924762248993
0.13205115497112274
0.1321132630109787
no squeeze
223.17056274414062
85.26203918457031
65.49349212646484
36.24506378173828
33.72216033935547
28.17073631286621
27.27504539489746
24.8023681640625
24.348352432250977
22.957815170288086
22.684879302978516
21.827096939086914
21.654464721679688
21.097732543945312
20.975360870361328
20.587078094482422
20.499404907226562
20.21939468383789
20.15070152282715
19.928251266479492
19.88155174255371
19.70804786682129
19.67565155029297
19.538881301879883
19.51446533203125
19.412525177001953
19.381553649902344
19.30988311767578
19.2823486328125
19.222570419311523
19.20661163330078
19.175926208496094
19.160602569580078
19.120723724365234
19.12285614013672
19.09014892578125
19.082740783691406
19.066837310791016
19.0657901763916
19.06850814819336
19.048107147216797
19.0386962890625
19.028907775878906
19.050031661987305
19.03961181640625
19.024560928344727
19.021648406982422
19.017309188842773
19.01998519897461
19.009933471679688
19.012954711914062
19.025663375854492
no squeeze
224.8911590576172
132.97142028808594
112.55868530273438
60.384117126464844
53.34416198730469
35.8521842956543
32.53315353393555
23.003000259399414
21.07442283630371
15.604898452758789
14.599693298339844
11.598618507385254
11.00742244720459
9.141636848449707
8.74510383605957
7.432697296142578
7.142142295837402
6.146882057189941
5.919740200042725
5.1340651512146
4.9526472091674805
4.308549880981445
4.1604790687561035
3.6361758708953857
3.5150177478790283
3.0887696743011475
2.9870810508728027
2.6294426918029785
2.546308755874634
2.252228021621704
2.181671619415283
1.9359774589538574
1.8805876970291138
1.682405948638916
1.6348481178283691
1.4715349674224854
1.4321047067642212
1.2939826250076294
1.261963129043579
1.1471481323242188
1.1196402311325073
1.022044062614441
0.9991417527198792
0.920505166053772
0.9008060693740845
0.8313188552856445
0.81463223695755
0.7589997053146362
0.7445144653320312
0.691757082939148
0.6800463795661926
0.6356490254402161
0.6256544589996338
0.5887139439582825
0.5794820189476013
0.5451887249946594
0.5375267863273621
0.5089975595474243
0.5021016597747803
0.47623419761657715
0.47026655077934265
0.4462341070175171
0.440554141998291
0.4213757812976837
0.4151444435119629
0.3943641483783722
0.39063718914985657
0.3720441162586212
0.36862027645111084
0.3547126352787018
0.3502477705478668
0.33476442098617554
0.33169108629226685
0.3194129467010498
0.31592509150505066
0.3033197522163391
0.3000698685646057
0.28951534628868103
0.2866098880767822
0.2758517563343048
0.27331891655921936
0.2639366686344147
0.26161640882492065
0.2528626620769501
0.25098785758018494
0.24414421617984772
0.24160785973072052
0.23281647264957428
0.23099136352539062
0.22570250928401947
0.22325100004673004
0.21551920473575592
0.21392227709293365
0.20758070051670074
0.2059931755065918
0.20019245147705078
0.19910626113414764
0.19514034688472748
0.1933487206697464
0.18835745751857758
0.1868971735239029
0.18191730976104736
0.1808839589357376
0.1773175597190857
0.17599689960479736
0.1718592345714569
0.17086733877658844
0.16722705960273743
0.16635678708553314
0.16370153427124023
0.16261957585811615
0.15924063324928284
0.15838204324245453
0.15549494326114655
0.154811292886734
0.1524735391139984
0.15173617005348206
0.14914388954639435
0.1488102227449417
0.14664703607559204
0.14597909152507782
0.143929123878479
0.14348319172859192
0.14182093739509583
0.14132262766361237
0.13975870609283447
0.13922083377838135
0.13765642046928406
0.13718363642692566
0.13617879152297974
0.1357339322566986
0.13467414677143097
0.13420310616493225
0.13316340744495392
0.13299518823623657
0.1317031979560852
0.13144783675670624
0.13039207458496094
0.13023196160793304
0.12964382767677307
0.12930573523044586
0.1285792887210846
0.1283138394355774
0.1277560293674469
0.12749236822128296
0.12704165279865265
0.12689249217510223
0.12619554996490479
0.1259905993938446
0.12561389803886414
0.12555226683616638
0.12507770955562592
0.1250677853822708
0.12461382150650024
0.12458289414644241
0.12407480180263519
0.12392756342887878
0.12380543351173401
0.12367899715900421
0.12329982221126556
0.12334650009870529
0.12297119945287704
0.12302371114492416
0.12280965596437454
0.12283209711313248
0.12253796309232712
0.12262995541095734
0.1222517192363739
0.12222342938184738
0.12216360121965408
0.12222553789615631
0.12202587723731995
0.12190912663936615
0.121767058968544
0.12171543389558792
0.12160203605890274
0.12172620743513107
0.12143813818693161
0.12150223553180695
0.12126123905181885
0.1214347779750824
0.12119471281766891
0.12114377319812775
0.12093908339738846
0.12119581550359726
0.12093377858400345
0.12119895219802856
0.12105467170476913
no squeeze
226.81005859375
184.2441864013672
169.88975524902344
110.91866302490234
98.65113067626953
70.61658477783203
66.38780975341797
55.125919342041016
53.0794563293457
46.93701171875
45.6791877746582
41.64549255371094
40.779136657714844
37.886863708496094
37.239227294921875
35.06056213378906
34.559112548828125
32.871490478515625
32.466407775878906
31.11127471923828
30.806175231933594
29.734783172607422
29.469980239868164
28.542423248291016
28.329757690429688
27.57773208618164
27.390806198120117
26.739004135131836
26.582439422607422
26.04273796081543
25.870750427246094
25.3536376953125
25.22930908203125
24.765439987182617
24.656696319580078
24.2266845703125
24.105043411254883
23.733009338378906
23.621858596801758
23.2275333404541
23.116357803344727
22.75469207763672
22.679401397705078
22.33420181274414
22.217710494995117
21.898527145385742
21.78415870666504
21.4581356048584
21.36945152282715
21.051523208618164
20.963937759399414
20.654211044311523
20.57438087463379
20.30194664001465
20.1978759765625
19.920631408691406
19.8465576171875
19.574722290039062
19.497644424438477
19.233768463134766
19.16973304748535
18.922733306884766
18.867998123168945
18.632707595825195
18.572975158691406
18.348962783813477
18.294723510742188
18.103675842285156
18.031658172607422
17.828739166259766
17.77362060546875
17.598909378051758
17.54791831970215
17.37765121459961
17.328716278076172
17.15797996520996
17.123859405517578
16.968528747558594
16.922588348388672
16.783884048461914
16.742259979248047
16.61427879333496
16.570377349853516
16.431495666503906
16.397640228271484
16.282363891601562
16.23815155029297
16.120328903198242
16.084693908691406
15.977814674377441
15.946372985839844
15.83405590057373
15.802861213684082
15.705629348754883
15.674750328063965
15.5701904296875
15.53994369506836
15.451958656311035
15.423615455627441
15.322856903076172
15.29667854309082
15.210528373718262
15.179872512817383
15.092836380004883
15.069568634033203
14.992585182189941
14.96377182006836
14.881919860839844
14.857548713684082
14.793526649475098
14.759815216064453
14.69775676727295
14.66464614868164
14.598076820373535
14.580427169799805
14.505447387695312
14.482190132141113
14.430572509765625
14.407559394836426
14.345499038696289
14.333494186401367
14.273045539855957
14.254026412963867
14.192691802978516
14.177872657775879
14.123400688171387
14.09948444366455
14.059053421020508
14.040374755859375
13.992761611938477
13.968585014343262
13.920108795166016
13.904730796813965
13.860241889953613
13.844303131103516
13.801851272583008
13.78996467590332
13.746716499328613
13.729609489440918
13.680970191955566
13.668190956115723
13.627312660217285
13.610799789428711
13.569177627563477
13.55754566192627
13.52084732055664
13.503264427185059
13.461203575134277
13.443634033203125
13.417686462402344
13.398188591003418
13.359162330627441
13.355658531188965
13.312750816345215
13.303444862365723
13.274560928344727
13.252490043640137
13.226020812988281
13.208701133728027
13.192100524902344
13.17012882232666
13.128024101257324
13.1350679397583
13.096480369567871
13.082366943359375
13.051675796508789
13.044892311096191
13.02523422241211
13.01071548461914
12.984357833862305
12.972622871398926
12.95419692993164
12.937390327453613
12.917312622070312
12.907247543334961
12.886451721191406
12.878509521484375
12.866998672485352
12.845125198364258
12.832850456237793
12.81363296508789
12.801918029785156
12.802385330200195
12.780169486999512
12.77016544342041
12.762068748474121
12.759438514709473
12.74327564239502
12.735815048217773
12.718995094299316
12.715051651000977
12.699132919311523
12.69079303741455
12.682137489318848
12.672159194946289
12.667380332946777
12.653616905212402
12.647100448608398
12.64759635925293
12.636489868164062
no squeeze
224.70875549316406
115.76710510253906
94.38538360595703
51.74360656738281
47.86741638183594
39.043128967285156
37.504024505615234
32.96511459350586
32.057044982910156
29.26348876953125
28.67974090576172
26.804983139038086
26.401016235351562
25.074342727661133
24.795059204101562
23.770004272460938
23.53830909729004
22.741056442260742
22.551443099975586
21.89811134338379
21.739561080932617
21.184890747070312
21.04951286315918
20.581836700439453
20.468175888061523
20.0673885345459
19.966577529907227
19.614316940307617
19.531295776367188
19.21788787841797
19.145124435424805
18.8714599609375
18.8167667388916
18.58769989013672
18.520795822143555
18.312673568725586
18.258037567138672
18.07740592956543
18.03400421142578
17.87879753112793
17.836759567260742
17.703250885009766
17.663450241088867
17.53382110595703
17.513957977294922
17.40106201171875
17.3689022064209
17.28384780883789
17.25090789794922
17.163602828979492
17.141380310058594
17.073089599609375
17.05302619934082
16.990371704101562
16.969696044921875
16.906417846679688
16.893964767456055
16.845016479492188
16.833219528198242
16.790653228759766
16.768211364746094
16.721637725830078
16.704256057739258
16.67469596862793
16.658527374267578
16.621463775634766
16.615690231323242
16.591421127319336
16.57543182373047
16.548885345458984
16.535375595092773
16.51519012451172
16.50362205505371
16.475055694580078
16.46989631652832
16.455379486083984
16.448495864868164
16.42104721069336
16.419382095336914
16.399070739746094
16.388887405395508
16.385099411010742
16.375150680541992
16.354385375976562
16.35145378112793
16.340795516967773
16.327116012573242
16.318897247314453
16.321659088134766
16.302947998046875
16.294889450073242
16.28322982788086
16.2748966217041
16.270780563354492
16.25912094116211
16.260986328125
16.259119033813477
16.256759643554688
16.241985321044922
16.228801727294922
16.22429656982422
16.2142333984375
16.2117862701416
16.221965789794922
16.21036148071289
16.217008590698242
16.203495025634766
16.19556427001953
16.201854705810547
16.19318199157715
16.18915557861328
16.17770767211914
16.180334091186523
16.168474197387695
16.180757522583008
16.166433334350586
16.16168212890625
16.14896583557129
16.149757385253906
16.167917251586914
no squeeze
211.30682373046875
39.7808952331543
38.17007064819336
34.34670639038086
33.98672866821289
33.12063980102539
32.98495864868164
32.62644958496094
32.58455276489258
32.40070343017578
32.36891555786133
32.293800354003906
32.272483825683594
32.248165130615234
32.273128509521484
32.24208068847656
32.260826110839844
32.216766357421875
32.20772933959961
32.26681900024414
32.23451614379883
32.205413818359375
32.25620651245117
32.22585678100586
