no squeeze
1.7230210304260254
0.06138892471790314
0.03415585309267044
0.006337828002870083
0.0048277247697114944
0.0026449980214238167
0.002420784207060933
0.001948219258338213
0.0018906330224126577
0.0016816991847008467
0.001650061458349228
0.001517212949693203
0.0014804541133344173
0.0014072539051994681
0.0013932238798588514
0.0013275615638121963
0.0013178830267861485
0.0012799242977052927
0.001271431683562696
0.0012469544308260083
0.0012527292128652334
0.0012240424985066056
0.00121816445607692
0.0012059322325512767
0.0012113390257582068
0.0011858937796205282
0.001187015324831009
0.001180789666250348
0.0011708117090165615
0.0011686438228935003
0.0011651257518678904
0.0011646656785160303
0.001161007909104228
0.0011626265477389097
0.0011588456109166145
0.0011527036549523473
0.0011541491840034723
0.0011521921260282397
0.0011492412304505706
0.0011531678028404713
0.0011470882454887033
0.0011486734729260206
0.0011490876786410809
0.001144186477176845
0.0011550626950338483
0.001149274641647935
no squeeze
2.3099427223205566
0.16351060569286346
0.1354878842830658
0.10935863852500916
0.10692752152681351
0.10452190041542053
0.10413358360528946
0.10378355532884598
0.10379764437675476
0.10409201681613922
no squeeze
2.3739583492279053
0.1753934770822525
0.12234947830438614
0.04789607971906662
0.04050467535853386
0.024506589397788048
0.021580467000603676
0.014254387468099594
0.012884141877293587
0.009107612073421478
0.008437746204435825
0.006319472566246986
0.00590123888105154
0.004745435900986195
0.004502963274717331
0.0038279921282082796
0.0036564520560204983
0.003155548358336091
0.003072152379900217
0.0027632988058030605
0.002662657992914319
0.002401657635346055
0.002359383273869753
0.0022175167687237263
0.002159629249945283
0.002021241234615445
0.001988164382055402
0.0018785607535392046
0.0018674909370020032
0.0017691990360617638
0.0017466605640947819
0.0016920093912631273
0.0016711249481886625
0.0016118180938065052
0.0016219326062127948
0.0015559057937934995
0.0015373224159702659
0.0015145402867347002
0.0014913957566022873
0.0014542326098307967
0.0014429703587666154
0.001416586572304368
0.001401008223183453
0.0013788786018267274
0.0013662127312272787
0.0013457059394568205
0.0013354542898014188
0.0013123846147209406
0.0013134890468791127
0.0013024964137002826
0.0012890648795291781
0.0012742112157866359
0.0012711463496088982
0.001274486887268722
0.0012497477000579238
0.0012378199025988579
0.0012291186721995473
0.0012175723677501082
0.0012270738370716572
0.0012209032429382205
no squeeze
2.430588960647583
0.527832567691803
0.4392849802970886
0.29387012124061584
0.27576732635498047
0.23040254414081573
0.22211790084838867
0.19763238728046417
0.19258633255958557
0.17721396684646606
0.17394958436489105
0.1624845564365387
0.1601278930902481
0.15200720727443695
0.15021255612373352
0.1441248506307602
0.14302310347557068
0.1381807029247284
0.1371183544397354
0.13324637711048126
0.13239631056785583
0.12947988510131836
0.12859214842319489
0.1260964423418045
0.12591533362865448
0.12305482476949692
0.12299036979675293
0.1203896775841713
0.11971365660429001
0.11754153668880463
0.11730583012104034
0.11531886458396912
0.11479893326759338
0.1130494698882103
0.11269085109233856
0.1108676865696907
0.11044634878635406
0.10884173214435577
0.10839010030031204
0.10672449320554733
0.10640021413564682
0.10503512620925903
0.10482920706272125
0.10329349339008331
0.10306353121995926
0.10180186480283737
0.10122909396886826
0.09996090084314346
0.09937284141778946
0.09818655997514725
0.09799425303936005
0.09674371033906937
0.09660255163908005
0.0956202819943428
0.09526793658733368
0.09466323256492615
0.0942954272031784
0.09315363317728043
0.0929722711443901
0.09240029752254486
0.09216561913490295
0.09092673659324646
0.09087830781936646
0.08986075222492218
0.08974365890026093
0.08906836062669754
0.08901945501565933
0.08807627111673355
0.08778493106365204
0.08755173534154892
0.08711037784814835
0.08637754619121552
0.08629125356674194
0.08598272502422333
0.08566699922084808
0.08563299477100372
0.08523861318826675
0.08449440449476242
0.08472158014774323
0.08371611684560776
0.08410574495792389
0.08344145119190216
0.08326730132102966
0.08270995318889618
0.08284805715084076
0.08268729597330093
0.082297183573246
0.08204693347215652
0.08197229355573654
0.08148244768381119
0.08136407285928726
0.08137770742177963
0.08102022111415863
0.08030551671981812
0.08054337650537491
0.08003690093755722
0.08039530366659164
0.0799066573381424
0.07994786649942398
0.0798620954155922
0.07961799204349518
0.07905140519142151
0.07891649752855301
0.07901087403297424
0.07901182770729065
0.07835467159748077
0.07819381356239319
0.0787675753235817
0.07864272594451904
0.07863590866327286
no squeeze
2.2698607444763184
0.25918951630592346
0.20968987047672272
0.141665518283844
0.13488441705703735
0.12039553374052048
0.11809054017066956
0.11154636740684509
0.1105453222990036
0.10703159868717194
0.10654707252979279
0.10410692542791367
0.10353951901197433
0.10194811969995499
0.10143500566482544
0.10031602531671524
0.09991078078746796
0.09880214184522629
0.09857053309679031
0.09747519344091415
0.09745831042528152
0.09668772667646408
0.09627298265695572
0.09568969160318375
0.09561091661453247
0.09526893496513367
0.094719797372818
0.09448745101690292
0.09397390484809875
0.09377988427877426
0.0937669649720192
0.09332764893770218
0.09346508234739304
0.09297662228345871
0.09269355982542038
0.09260060638189316
0.09239018708467484
0.09191460907459259
0.09229916334152222
0.0920039713382721
no squeeze
2.3274548053741455
0.20909354090690613
0.1852394938468933
0.16951832175254822
0.16907928884029388
0.16804155707359314
0.16823023557662964
0.16810336709022522
