no squeeze
399.81317138671875
265.9945983886719
231.41049194335938
120.32678985595703
101.03697967529297
57.72665023803711
51.68361282348633
36.16099548339844
33.35734939575195
25.156015396118164
23.53782081604004
18.618040084838867
17.60647964477539
14.3413667678833
13.648157119750977
11.347342491149902
10.841222763061523
9.133488655090332
8.750665664672852
7.455026626586914
7.153623104095459
6.130520820617676
5.88731575012207
5.0631914138793945
4.871732711791992
4.196170806884766
4.0375213623046875
3.4609177112579346
3.329105854034424
2.8646316528320312
2.762441396713257
2.384425640106201
2.2913477420806885
1.9751341342926025
1.9031240940093994
1.645625114440918
1.5883322954177856
1.3888498544692993
1.3392616510391235
1.170600414276123
1.1363139152526855
1.0100746154785156
0.9825974702835083
0.8831679224967957
0.8598361611366272
0.7779410481452942
0.761167585849762
0.700416088104248
0.687721848487854
0.640129804611206
0.6292445063591003
0.5915971398353577
0.5834636688232422
0.5545752644538879
0.5474603772163391
0.524403989315033
0.5191479921340942
0.5013320446014404
0.4965982735157013
0.4837217926979065
0.4803156554698944
0.4685521423816681
0.46587926149368286
0.45801597833633423
0.4555869698524475
0.4487950801849365
0.44660091400146484
0.4407472610473633
0.439294695854187
0.43479543924331665
0.43334975838661194
0.43001753091812134
0.42886173725128174
0.4248957335948944
0.42365363240242004
0.42156878113746643
0.42045554518699646
0.4178818464279175
0.41707244515419006
0.41461673378944397
0.4138254225254059
0.4117889702320099
0.41153597831726074
0.40941569209098816
0.4087313711643219
0.40679314732551575
0.40588027238845825
0.40497079491615295
0.4035703241825104
0.4019269347190857
0.4009536802768707
0.3993203639984131
0.39903104305267334
0.3973653316497803
0.39784497022628784
0.39555245637893677
0.39503923058509827
0.39323681592941284
0.39315715432167053
0.39134687185287476
0.39061591029167175
0.38980257511138916
0.3894878625869751
0.38752731680870056
0.38722220063209534
0.3860677182674408
0.3856690227985382
0.3840705454349518
0.38398030400276184
0.3829917907714844
0.3826233744621277
0.38122880458831787
0.38037943840026855
0.37950387597084045
0.3787466585636139
0.377759724855423
0.3773801028728485
0.3765355348587036
0.37654566764831543
0.37533870339393616
0.37496912479400635
0.37401628494262695
0.37320831418037415
0.37251102924346924
0.37218940258026123
0.3709524869918823
0.3714841604232788
0.3699187934398651
0.3698592483997345
0.3698892891407013
0.3691498041152954
0.36786240339279175
0.3677271604537964
0.3665658235549927
0.3673173487186432
0.3664168417453766
0.36601725220680237
0.36573314666748047
0.3657078146934509
0.3644412159919739
0.36417582631111145
0.3638426661491394
0.3636457920074463
0.3628382086753845
0.3627065122127533
0.362630158662796
0.3625040650367737
0.36152395606040955
0.3614540696144104
0.36113232374191284
0.3610953688621521
0.36060065031051636
0.36077243089675903
0.36016371846199036
0.3600967526435852
0.35973241925239563
0.3598370850086212
0.3593534231185913
0.35872548818588257
0.3590141832828522
0.35882294178009033
0.35893404483795166
no squeeze
402.04736328125
253.0408172607422
217.62771606445312
115.6573257446289
100.13545227050781
67.37279510498047
62.427696228027344
47.57731246948242
44.41963195800781
33.81772994995117
31.46742820739746
23.65531349182129
21.91695213317871
16.26344108581543
15.028669357299805
11.067951202392578
10.212569236755371
7.512750148773193
6.946633815765381
5.1472272872924805
4.766720294952393
3.5765302181243896
3.3241453170776367
2.5322227478027344
2.370435953140259
1.8518503904342651
1.7432395219802856
1.399259090423584
1.3286253213882446
1.1032567024230957
1.0552129745483398
0.9040408730506897
0.8732550740242004
0.7743364572525024
0.7526766061782837
0.6849805116653442
0.6715754866600037
0.6263749003410339
0.6165937781333923
0.5852147936820984
0.5787696242332458
0.5566991567611694
0.5519490242004395
0.5369293093681335
0.5338742733001709
0.5220379829406738
0.5192618370056152
0.5114918351173401
0.509937047958374
0.5027515292167664
0.5013214945793152
0.4962393045425415
0.4949378967285156
0.4908533990383148
0.4899734854698181
0.4865512549877167
0.48565179109573364
0.48274919390678406
0.48209965229034424
0.47964999079704285
0.4789542257785797
0.47655627131462097
0.4769504964351654
0.4742600619792938
0.473305344581604
0.4713912010192871
0.4710680842399597
0.4693564474582672
0.4688878655433655
0.46703585982322693
0.46656087040901184
0.4646056890487671
0.4643683135509491
0.4631977379322052
0.4630409777164459
0.4614354968070984
0.4606409966945648
0.4594137370586395
0.4591630697250366
0.4579448997974396
0.45731234550476074
0.4560299515724182
0.45588675141334534
0.4546864628791809
0.4553791284561157
0.4537286162376404
0.45329394936561584
0.45163750648498535
0.45132213830947876
0.4506402909755707
0.4503419101238251
0.4487968981266022
0.4485280513763428
0.4479397237300873
0.44762733578681946
0.44699299335479736
0.4468536376953125
0.4462650716304779
0.4455510377883911
0.445007860660553
0.44551947712898254
0.44334352016448975
0.4435940384864807
0.4428574740886688
0.4425066113471985
0.4412651062011719
0.4419761300086975
0.4405149519443512
0.4406389892101288
0.4399665594100952
0.43928229808807373
0.43909335136413574
0.4385988414287567
0.4380793869495392
0.43779367208480835
0.437228262424469
0.43700939416885376
0.43636786937713623
0.43681156635284424
0.4362258315086365
0.4361640214920044
0.43512120842933655
0.4356343150138855
0.43521395325660706
no squeeze
403.3292541503906
320.924560546875
297.02587890625
202.39846801757812
179.61929321289062
110.61412811279297
97.93276977539062
64.18488311767578
58.26667785644531
41.895652770996094
38.80591583251953
29.367919921875
27.426246643066406
21.1695499420166
19.846471786499023
15.467519760131836
14.511591911315918
11.380390167236328
10.717735290527344
8.5064697265625
8.014245986938477
6.379652976989746
6.045499324798584
4.91873025894165
4.671907901763916
3.873147964477539
3.680453300476074
3.0947928428649902
2.948075532913208
2.453768491744995
2.3680291175842285
2.0615155696868896
1.987616777420044
1.7284985780715942
1.670701503753662
1.4704428911209106
1.4270204305648804
1.2704923152923584
1.2390724420547485
1.1273393630981445
1.0999428033828735
0.9967811107635498
0.9781386852264404
0.8951796293258667
0.8790709972381592
0.8252289295196533
0.80836021900177
0.7527464628219604
0.7412720918655396
0.7021116614341736
0.6906440258026123
0.6525465846061707
0.6444756388664246
0.6180301904678345
0.610287606716156
0.5809873342514038
0.5748955607414246
0.5552815198898315
0.5503383278846741
0.53094083070755
0.5267959237098694
0.5117844939231873
0.5072659254074097
0.49487897753715515
0.49161067605018616
0.4784699082374573
0.47538360953330994
0.4640076458454132
0.46156638860702515
0.4520561397075653
0.4500477910041809
0.443541944026947
0.4408823549747467
0.43195784091949463
0.4304850697517395
0.42402034997940063
0.4222445785999298
0.41582542657852173
0.41444554924964905
0.4085470736026764
0.40724697709083557
0.4022655785083771
0.4008874297142029
0.3972298502922058
0.39580127596855164
0.39032548666000366
0.38957956433296204
0.38557514548301697
0.38457155227661133
0.38089877367019653
0.3802107572555542
0.376516729593277
0.37562841176986694
0.37266361713409424
0.37177738547325134
0.36876097321510315
0.3682144582271576
0.3654169738292694
0.36400502920150757
0.36189305782318115
0.36134758591651917
0.3589811623096466
0.3586696684360504
0.3558313548564911
0.3558160066604614
0.3547142446041107
0.35360196232795715
0.35092127323150635
0.3503618538379669
0.3495503067970276
0.3487575352191925
0.346802294254303
0.34603258967399597
0.34493204951286316
0.34411412477493286
0.3429495096206665
0.34263312816619873
0.34143689274787903
0.3408338129520416
0.33956655859947205
0.33963310718536377
0.33878591656684875
0.3377414643764496
0.33698850870132446
0.33670711517333984
0.3359207808971405
0.3352145254611969
0.33478954434394836
0.33430472016334534
0.3327239751815796
0.3330354392528534
0.33292415738105774
no squeeze
403.0287780761719
347.0184631347656
327.7182312011719
238.33363342285156
214.75241088867188
140.92987060546875
127.7307357788086
93.24873352050781
87.134765625
69.52180480957031
66.0495834350586
55.31549835205078
53.07247543334961
45.804420471191406
44.196380615234375
38.86756896972656
37.67594528198242
33.54326248168945
32.643638610839844
29.40684700012207
28.6942081451416
26.15692901611328
25.577926635742188
23.574960708618164
23.222200393676758
21.473731994628906
21.184982299804688
19.827190399169922
19.532955169677734
18.509050369262695
18.30535316467285
17.436023712158203
17.258060455322266
16.627788543701172
16.4649658203125
16.0098819732666
15.819099426269531
15.378669738769531
15.286497116088867
14.964527130126953
14.884799003601074
14.618264198303223
14.53551959991455
14.347122192382812
14.259425163269043
14.054527282714844
14.008267402648926
13.850181579589844
13.807394981384277
13.662298202514648
13.628188133239746
13.489094734191895
13.453721046447754
13.343395233154297
13.321276664733887
13.192315101623535
13.163233757019043
13.071901321411133
13.024589538574219
12.93101692199707
12.880291938781738
12.809829711914062
12.748335838317871
12.594406127929688
12.546426773071289
12.522122383117676
12.501721382141113
12.23527717590332
12.191627502441406
12.08177375793457
12.003438949584961
11.813349723815918
11.778388023376465
11.573272705078125
11.510908126831055
11.39145278930664
11.283246040344238
10.971460342407227
10.93145751953125
10.661713600158691
10.579938888549805
10.220996856689453
10.175802230834961
9.862715721130371
9.690956115722656
9.327004432678223
9.2275972366333
8.794729232788086
8.666234016418457
8.227864265441895
8.05283260345459
7.495926380157471
7.3591389656066895
6.802134990692139
6.661469459533691
6.085469722747803
5.963331699371338
5.358303546905518
5.215859889984131
4.6783576011657715
4.5400495529174805
3.9853479862213135
3.8855807781219482
3.4083268642425537
3.262648820877075
2.8457837104797363
2.728067636489868
2.3743653297424316
2.297598361968994
1.9680119752883911
1.8979066610336304
1.663646936416626
1.6162558794021606
1.4241007566452026
1.3824459314346313
1.2418938875198364
1.2113462686538696
1.1174366474151611
1.0892996788024902
1.0037850141525269
0.9885249733924866
0.9286336302757263
0.9178342819213867
0.8825148344039917
0.8777558207511902
0.8446835875511169
0.8504914045333862
0.8150826692581177
0.814784586429596
0.7963575124740601
0.7969461679458618
0.7814900279045105
0.7778273820877075
0.7712336778640747
0.7694607973098755
0.7618566155433655
0.7600933909416199
0.7566085457801819
0.7537639737129211
0.7529083490371704
0.7513921856880188
0.7516695261001587
0.7467505931854248
0.7483096122741699
0.7466329336166382
0.7426153421401978
0.7437065243721008
0.7430964708328247
no squeeze
401.651123046875
284.78057861328125
258.0316162109375
170.22735595703125
152.36509704589844
101.5346450805664
92.4675064086914
67.04578399658203
62.2901611328125
48.16610336303711
45.39358901977539
36.82862854003906
35.06955337524414
29.467041015625
28.281461715698242
24.391679763793945
23.532855987548828
20.67571449279785
20.0279483795166
17.8397216796875
17.34967041015625
15.61320972442627
15.224848747253418
13.814841270446777
13.482895851135254
12.297069549560547
12.001715660095215
10.953693389892578
10.674327850341797
9.73410701751709
9.49716567993164
8.631061553955078
8.409758567810059
7.612249374389648
7.396490573883057
6.682637691497803
6.491805553436279
5.798949718475342
5.62926721572876
5.015059947967529
4.864952564239502
4.321263313293457
4.187314033508301
3.71370792388916
3.601931095123291
3.194949150085449
3.0965476036071777
2.757519245147705
2.680631399154663
2.404752731323242
2.335232734680176
2.1077117919921875
2.053138494491577
1.8739444017410278
1.8293100595474243
1.6791489124298096
1.6462652683258057
1.5279287099838257
1.500527262687683
1.4081119298934937
1.38508141040802
1.3063017129898071
1.2998558282852173
1.229628324508667
1.2145211696624756
1.168391466140747
1.1538139581680298
1.117936134338379
1.1029044389724731
1.0643450021743774
1.0582711696624756
1.0309293270111084
1.0230048894882202
1.0112146139144897
0.9945792555809021
0.9759458303451538
0.9680934548377991
0.947679877281189
0.944974422454834
0.9303264617919922
0.9266549348831177
0.9110146760940552
0.9106717705726624
0.8946576714515686
0.8969596028327942
0.8790621161460876
0.8790998458862305
0.8702644109725952
0.867241382598877
0.8617457747459412
0.8582449555397034
0.8483210802078247
0.8463966846466064
0.8424716591835022
0.8417420983314514
0.8392516374588013
0.8318357467651367
0.8265385031700134
0.8237292766571045
0.8236238956451416
0.8176639080047607
0.8133319020271301
0.8123418092727661
0.80796879529953
0.8049997687339783
0.8027858734130859
0.8011006712913513
0.7963517904281616
0.8047208189964294
0.791655421257019
0.7910609841346741
0.7880263924598694
0.7873445153236389
0.7870405912399292
0.7859953045845032
0.7804268002510071
0.7893944382667542
0.7842927575111389
no squeeze
390.44976806640625
162.5646514892578
124.3470458984375
48.842708587646484
41.43372344970703
27.398107528686523
25.45233154296875
20.65160369873047
19.816598892211914
17.642417907714844
17.26999855041504
16.147634506225586
15.955899238586426
15.38974380493164
15.287017822265625
15.006288528442383
14.983924865722656
14.790460586547852
14.779870986938477
14.674378395080566
14.69448184967041
14.613970756530762
14.605518341064453
14.554960250854492
14.565591812133789
14.55122184753418
14.533561706542969
14.506575584411621
14.554898262023926
14.497321128845215
14.496682167053223
14.509919166564941
14.6713228225708
14.535008430480957
