no squeeze
18.560523986816406
5.144345283508301
2.8666210174560547
2.516845941543579
1.7261903285980225
1.4690272808074951
1.3681447505950928
1.3916112184524536
1.8519660234451294
1.5685189962387085
1.3243080377578735
1.2325358390808105
1.0115567445755005
1.1650220155715942
1.0692598819732666
1.110353946685791
1.1512632369995117
1.0639938116073608
1.0788178443908691
1.0673681497573853
1.1947582960128784
0.9758978486061096
1.238992691040039
0.9459364414215088
1.1300485134124756
1.029403805732727
1.0855019092559814
1.323127269744873
1.1035300493240356
0.9629420638084412
1.2383474111557007
1.3789681196212769
0.9906273484230042
0.8687366843223572
0.8874400854110718
0.9597665071487427
0.7926852107048035
0.8961271047592163
0.8958303332328796
1.1033281087875366
0.9172371029853821
0.9425888061523438
1.1608213186264038
0.7704426646232605
0.8522685766220093
0.9813411831855774
0.9762074947357178
0.9912483096122742
1.0897613763809204
0.8512358069419861
1.328620195388794
1.0555955171585083
0.8728474974632263
0.7584360837936401
0.8770734071731567
0.6358879804611206
0.7419489026069641
0.9092717170715332
0.8810239434242249
0.8257424831390381
0.6951603889465332
1.0880197286605835
0.9228913187980652
0.8530287146568298
0.9293046593666077
1.0641599893569946
no squeeze
20.392024993896484
4.441232204437256
2.4013383388519287
1.6916515827178955
1.4726488590240479
1.2790852785110474
1.1810598373413086
1.0572242736816406
1.1946444511413574
1.0657151937484741
1.170519232749939
1.149121642112732
0.8888506293296814
0.9592626690864563
1.0148288011550903
0.925620436668396
0.9691938757896423
1.5103163719177246
1.2786556482315063
0.891863226890564
0.8833518028259277
1.0130562782287598
0.9786882996559143
0.910797119140625
0.8938205242156982
0.7236907482147217
0.9460694193840027
0.8404040932655334
0.9285106062889099
0.843124270439148
0.886667013168335
0.8745952248573303
0.8668071031570435
0.8828331232070923
1.071491003036499
0.8762423992156982
no squeeze
24.205204010009766
7.6361823081970215
5.159477710723877
3.752814292907715
2.999558448791504
2.7777113914489746
3.158796548843384
3.3836562633514404
2.7419896125793457
1.9587576389312744
1.6417356729507446
1.9857120513916016
4.5122504234313965
2.2464170455932617
1.587778925895691
1.7538361549377441
1.3115538358688354
1.2758501768112183
1.5690442323684692
1.650023102760315
1.8604732751846313
2.2564234733581543
2.359229326248169
1.3671261072158813
1.7066030502319336
1.8481861352920532
1.5957775115966797
1.2252095937728882
1.4079174995422363
1.5534425973892212
1.4225962162017822
1.2217605113983154
1.1631418466567993
1.3929188251495361
1.1220018863677979
1.0939241647720337
0.97081458568573
1.389244556427002
1.434182047843933
1.7406975030899048
1.2721582651138306
1.8541723489761353
1.7275396585464478
1.5078107118606567
1.181077480316162
2.0606095790863037
1.9398179054260254
no squeeze
23.951894760131836
8.413243293762207
5.456109046936035
4.21194314956665
3.418032169342041
2.7153103351593018
2.466076612472534
2.4070792198181152
2.0857677459716797
1.8290621042251587
1.74995756149292
1.5925188064575195
1.6291770935058594
1.5843420028686523
1.418351411819458
1.5511666536331177
1.3914551734924316
1.4428130388259888
1.243931531906128
1.2400509119033813
1.233761191368103
1.1265108585357666
1.2191035747528076
1.1591136455535889
1.053694486618042
0.9848016500473022
0.9735469818115234
1.1946995258331299
1.023200511932373
1.1353832483291626
0.9105507135391235
0.8648492097854614
0.9300981163978577
0.8994695544242859
0.8763373494148254
0.8571343421936035
0.8563255071640015
0.9495526552200317
0.8420209884643555
0.8814207911491394
0.980839192867279
0.9676375985145569
0.9145718812942505
0.7662739157676697
0.7689676284790039
0.8053420186042786
0.769903302192688
0.8503609895706177
0.8492926955223083
0.862903356552124
0.7915271520614624
0.932364821434021
0.7506319284439087
0.7899311184883118
0.6880293488502502
0.784466028213501
0.7051372528076172
0.6724960207939148
0.7836522459983826
0.7924054861068726
0.803112268447876
0.6313390135765076
0.7326223254203796
0.6668965816497803
0.6896188259124756
0.6926695704460144
0.6615839600563049
0.6319302916526794
0.645650327205658
0.7852085828781128
0.6764607429504395
0.6178669929504395
0.7448087930679321
0.6954498887062073
0.6244363188743591
0.6009582877159119
0.5680599212646484
0.5882917642593384
0.5421885848045349
0.6527230739593506
0.5471432209014893
0.5632506012916565
0.5775669813156128
0.49688389897346497
0.5378572940826416
0.5733684301376343
0.5628395676612854
0.520494282245636
0.531627893447876
0.6021896004676819
0.6088854074478149
0.5316329002380371
0.559864342212677
0.5479147434234619
no squeeze
23.95571517944336
7.0577311515808105
4.311102390289307
3.0911800861358643
2.586169719696045
2.0981616973876953
2.3345561027526855
1.7535388469696045
1.4748635292053223
1.584355115890503
1.3900880813598633
1.234447956085205
1.1527276039123535
1.040521502494812
0.9801185131072998
1.0762337446212769
0.9744445085525513
1.0134148597717285
0.8956222534179688
0.8941933512687683
0.9123954176902771
0.9653216004371643
0.8642604947090149
0.949375569820404
0.7763596773147583
0.7462530136108398
0.8953790068626404
0.7085304260253906
0.8327317833900452
0.7821141481399536
0.7711951732635498
0.802756130695343
0.9561058282852173
0.8691462874412537
0.6990699172019958
0.7680023908615112
0.6947360634803772
0.7157055139541626
0.6939330697059631
0.6389748454093933
0.7286524176597595
0.6615104675292969
0.7282459139823914
0.6185131072998047
0.700555682182312
0.6224178671836853
0.6038535237312317
0.5558838248252869
0.7310030460357666
0.5987422466278076
0.600149929523468
0.6052354574203491
0.5937283635139465
0.604047417640686
0.5869282484054565
0.5626633167266846
0.610930860042572
0.502747118473053
0.6037779450416565
0.5531551837921143
0.5615211129188538
0.5001237988471985
0.5088486671447754
0.487388014793396
0.4861493706703186
0.6387858390808105
0.4974009394645691
0.6019001603126526
0.47600579261779785
0.5528163313865662
0.6176941990852356
0.49935510754585266
0.5878496766090393
0.48804840445518494
0.5309782028198242
0.5330718159675598
0.47654297947883606
0.490367591381073
0.5041056871414185
no squeeze
21.026287078857422
4.322997093200684
1.6838576793670654
1.3538265228271484
1.005583643913269
0.9088128805160522
1.2571454048156738
1.3032073974609375
1.2251056432724
1.1328704357147217
1.5535943508148193
1.4574885368347168
1.2361615896224976
1.772388219833374
0.9284733533859253
0.9923163056373596
