no squeeze
383.37188720703125
210.96629333496094
169.8553009033203
65.21843719482422
54.45628356933594
36.379417419433594
33.55322265625
24.959609985351562
23.147531509399414
17.306354522705078
16.056100845336914
11.98626708984375
11.105291366577148
8.279810905456543
7.682855606079102
5.755927085876465
5.349041938781738
4.046748638153076
3.77146577835083
2.875213861465454
2.6805074214935303
2.0641324520111084
1.932093620300293
1.5052751302719116
1.4129968881607056
1.1151684522628784
1.0506595373153687
0.8400814533233643
0.7946603298187256
0.6472339630126953
0.6153393387794495
0.5114206671714783
0.4889705181121826
0.41570013761520386
0.39939582347869873
0.3465389013290405
0.33545926213264465
0.2985917031764984
0.29057812690734863
0.2638309895992279
0.2581541836261749
0.23871006071567535
0.23472179472446442
0.22080761194229126
0.2176632285118103
0.20761771500110626
0.20553600788116455
0.19683080911636353
0.19509470462799072
0.18906904757022858
0.18779349327087402
0.18302136659622192
0.18195097148418427
0.17800188064575195
0.17715714871883392
0.17385603487491608
0.17316007614135742
0.17018818855285645
0.1699923723936081
0.1677856743335724
0.16700147092342377
0.16490311920642853
0.16429635882377625
0.1625290960073471
0.16201937198638916
0.16034238040447235
0.15986520051956177
0.15818798542022705
0.15788614749908447
0.1562677025794983
0.15595214068889618
0.1553155481815338
0.1544637680053711
0.15287260711193085
0.15245793759822845
0.15135034918785095
0.15096379816532135
0.14972931146621704
0.14956364035606384
0.14854510128498077
0.14807230234146118
0.14688590168952942
0.14672066271305084
0.14555031061172485
0.14520075917243958
0.1440962255001068
0.1439495086669922
0.14300821721553802
0.14283837378025055
0.14196564257144928
0.14169269800186157
0.1410178244113922
0.14072373509407043
0.1398196667432785
0.1396314650774002
0.13878774642944336
0.1386348158121109
0.13833345472812653
0.13809537887573242
0.13748781383037567
0.13709606230258942
0.13657191395759583
0.1367487758398056
0.13578873872756958
0.1356668770313263
0.1351618766784668
0.13498005270957947
0.13435035943984985
0.13428083062171936
0.13394924998283386
0.13378912210464478
0.13346019387245178
0.13323529064655304
0.13286733627319336
0.13277064263820648
0.13229434192180634
0.13232854008674622
0.1321115493774414
0.13212455809116364
0.13164179027080536
0.1315271109342575
0.131092831492424
0.13117003440856934
0.1310243010520935
0.13085821270942688
0.13068720698356628
0.130621537566185
0.1303420066833496
0.13052800297737122
0.130270853638649
0.13016054034233093
0.13006547093391418
0.12995141744613647
0.12991352379322052
0.12966808676719666
0.12961357831954956
0.1295643001794815
0.1295282542705536
0.12944084405899048
0.12945644557476044
0.12930022180080414
0.12924882769584656
0.1291274130344391
0.12922365963459015
0.1291758269071579
0.12905989587306976
0.1290246844291687
0.1289627104997635
0.1289340704679489
0.12884987890720367
0.12877877056598663
0.12874944508075714
0.1289188712835312
0.12883228063583374
no squeeze
384.7881774902344
229.61541748046875
191.34503173828125
88.22583770751953
75.6689224243164
53.70565414428711
50.79775619506836
43.395259857177734
42.07923889160156
38.32420349121094
37.594970703125
35.403404235839844
34.983394622802734
33.5924072265625
33.29847717285156
32.34065246582031
32.11597442626953
31.393386840820312
31.22918128967285
30.670021057128906
30.53574562072754
30.08514404296875
29.968889236450195
29.607736587524414
29.50816535949707
29.198463439941406
29.117206573486328
28.859895706176758
28.806636810302734
28.601539611816406
28.539810180664062
28.358694076538086
28.320148468017578
28.167848587036133
28.13253402709961
28.008991241455078
27.98257064819336
27.86699676513672
27.827848434448242
27.733854293823242
27.715496063232422
27.665618896484375
27.64171600341797
27.558603286743164
27.56095314025879
27.49388313293457
27.487323760986328
27.453073501586914
27.453947067260742
27.40733528137207
27.3936710357666
27.361286163330078
27.360227584838867
27.35100746154785
27.319190979003906
27.3154239654541
27.317014694213867
27.3079776763916
27.299230575561523
27.27016258239746
27.269378662109375
27.25428009033203
27.252483367919922
27.260494232177734
27.249530792236328
27.216264724731445
27.213890075683594
27.24110221862793
27.210908889770508
27.190855026245117
27.21085548400879
27.21033477783203
no squeeze
385.4223937988281
253.97381591796875
218.18032836914062
104.45885467529297
85.94100952148438
49.255035400390625
44.43278121948242
32.21244812011719
30.109867095947266
23.883756637573242
22.686338424682617
19.006969451904297
18.22279167175293
15.731534004211426
15.187308311462402
13.35883617401123
12.936238288879395
11.468517303466797
11.131372451782227
9.924419403076172
9.635042190551758
8.5848970413208
8.333081245422363
7.41567850112915
7.190370082855225
6.371692657470703
6.173730850219727
5.452450275421143
5.273825645446777
4.630124568939209
4.476108074188232
3.918234348297119
3.78580904006958
3.3082118034362793
3.193368911743164
2.7850091457366943
2.687868595123291
2.3396003246307373
2.260563850402832
1.9867407083511353
1.91859769821167
1.6826049089431763
1.6290751695632935
1.4391376972198486
1.3952432870864868
1.2412221431732178
1.2061482667922974
1.0802412033081055
1.0511746406555176
0.9518187046051025
0.9259721636772156
0.8406115174293518
0.8198645710945129
0.7478342652320862
0.7306258082389832
0.6705363392829895
0.6562775373458862
0.6061089038848877
0.5935974717140198
0.5497951507568359
0.5389907360076904
0.5012356638908386
0.49196407198905945
0.4605170786380768
0.45211485028266907
0.4220452606678009
0.41533362865448
0.39100638031959534
0.3846352696418762
0.36260345578193665
0.3569699823856354
0.3376174867153168
0.33278223872184753
0.3156875967979431
0.31158918142318726
0.29635658860206604
0.29251763224601746
0.2791910171508789
0.2755570113658905
0.26335304975509644
0.26025840640068054
0.2497001439332962
0.24700875580310822
0.23760148882865906
0.23520267009735107
0.2269916832447052
0.2249593287706375
0.21739144623279572
0.21543829143047333
0.20854638516902924
0.2069842517375946
0.20123252272605896
0.1997273862361908
0.19419123232364655
0.1927265077829361
0.1884974092245102
0.18705593049526215
0.18259504437446594
0.18150091171264648
0.17736618220806122
0.17655964195728302
0.17352090775966644
0.172552689909935
0.16940002143383026
0.16851213574409485
0.16574551165103912
0.16501860320568085
0.1623324602842331
0.16161158680915833
0.15942980349063873
0.15889641642570496
0.15643003582954407
0.15611675381660461
0.15381936728954315
0.1534765213727951
0.15196123719215393
0.15136033296585083
0.14978785812854767
0.1492723524570465
0.14788198471069336
0.1475561112165451
0.1457924097776413
0.14548291265964508
0.14438201487064362
0.14392675459384918
0.14281731843948364
0.1426548957824707
0.14144694805145264
0.14105188846588135
0.14014074206352234
0.13967326283454895
0.13863371312618256
0.13832272589206696
0.13751055300235748
0.13735119998455048
0.1365816742181778
0.13628678023815155
0.13544148206710815
0.13529425859451294
0.13460946083068848
0.1343335658311844
0.13361284136772156
0.13323566317558289
0.13263928890228271
0.1326812356710434
0.13187181949615479
0.13173715770244598
0.13137461245059967
0.13111019134521484
0.13044455647468567
0.13030651211738586
0.12975618243217468
0.12968342006206512
0.12929369509220123
0.12905652821063995
0.1285107284784317
0.12869809567928314
0.1283489465713501
0.12810692191123962
0.12757781147956848
0.1273496448993683
0.12723031640052795
0.12707450985908508
0.1266857087612152
0.12642958760261536
0.12618109583854675
0.12606500089168549
0.1258479803800583
0.12569378316402435
0.12556219100952148
0.12530997395515442
0.12511064112186432
0.12505508959293365
0.1248190626502037
0.12453952431678772
0.12462083250284195
0.12435746937990189
0.12416048347949982
0.1241157054901123
0.12369183450937271
0.1239984929561615
0.1235957071185112
0.12353352457284927
0.12338443845510483
0.12341611087322235
0.12316292524337769
0.12317891418933868
0.12314937263727188
0.12296316027641296
0.12281858921051025
0.12272070348262787
0.12269958853721619
0.12266506999731064
0.12237322330474854
0.12237522751092911
0.12200847268104553
0.12218356132507324
0.12206350266933441
no squeeze
388.70465087890625
347.90032958984375
331.8489074707031
242.0730743408203
214.1220245361328
126.13936614990234
113.16764068603516
85.01720428466797
80.66924285888672
68.66802215576172
66.42446899414062
59.55766677856445
58.147987365722656
53.67549133300781
52.717369079589844
49.580257415771484
48.86817169189453
46.518306732177734
45.99165725708008
44.17776107788086
43.764976501464844
42.32936096191406
41.99232864379883
40.8067626953125
40.53837585449219
39.53339767456055
39.306339263916016
38.46312713623047
38.2465705871582
37.520687103271484
37.328369140625
36.651851654052734
36.4762077331543
35.86359786987305
35.70214080810547
35.12400817871094
34.98220443725586
34.44599151611328
34.292850494384766
33.7674674987793
33.60844421386719
33.10091018676758
32.96120834350586
32.44327163696289
32.30995559692383
31.80171012878418
31.6629581451416
31.161725997924805
31.026803970336914
30.523414611816406
30.397188186645508
29.900789260864258
29.778257369995117
29.288856506347656
29.154354095458984
28.667306900024414
28.532400131225586
28.08440589904785
27.94246482849121
27.47929573059082
27.385089874267578
26.91431999206543
26.77488899230957
26.341262817382812
26.216970443725586
25.788230895996094
25.680322647094727
25.277925491333008
25.167797088623047
24.785751342773438
24.67730140686035
24.30328369140625
24.206298828125
23.86111831665039
23.764423370361328
23.430509567260742
23.349374771118164
23.04823112487793
22.9768009185791
22.69586944580078
22.613998413085938
22.35199546813965
22.272172927856445
22.018033981323242
21.953845977783203
21.75040054321289
21.68502426147461
21.475088119506836
21.422819137573242
21.234773635864258
21.177064895629883
20.999488830566406
20.9659366607666
20.801795959472656
20.76999282836914
20.633888244628906
20.58670425415039
20.456424713134766
20.418672561645508
20.298063278198242
20.267345428466797
20.1638240814209
20.129425048828125
20.02787208557129
19.994522094726562
19.910579681396484
19.884658813476562
19.812301635742188
19.772212982177734
19.6992130279541
19.67374610900879
19.600271224975586
19.5848331451416
19.51235008239746
19.488788604736328
19.451528549194336
19.422670364379883
19.36314582824707
19.353281021118164
19.289724349975586
19.26969337463379
19.226346969604492
19.201629638671875
19.159147262573242
19.146203994750977
19.105266571044922
19.087392807006836
19.06001091003418
19.04096221923828
18.985593795776367
18.97456932067871
18.95761489868164
18.935428619384766
18.904356002807617
18.88339614868164
18.855384826660156
18.843963623046875
18.807844161987305
18.80808448791504
18.773527145385742
18.76474952697754
18.730642318725586
18.715639114379883
18.69333839416504
18.677438735961914
18.65774917602539
18.646888732910156
18.619342803955078
18.60904312133789
18.59501838684082
18.578397750854492
18.55718421936035
18.549530029296875
18.535898208618164
18.521638870239258
18.49643325805664
18.484519958496094
18.478595733642578
18.464263916015625
18.449569702148438
18.431730270385742
18.419349670410156
18.40829849243164
18.38335418701172
18.378267288208008
18.371376037597656
18.361980438232422
18.346553802490234
18.334896087646484
18.31978988647461
18.30906105041504
18.290529251098633
18.274547576904297
18.27790069580078
18.27032470703125
18.2485294342041
18.244089126586914
18.233171463012695
18.216764450073242
18.21965789794922
18.210926055908203
18.195846557617188
18.18174934387207
18.16530418395996
18.15643310546875
18.15469741821289
18.153968811035156
18.128787994384766
18.122114181518555
18.121427536010742
18.112672805786133
18.113218307495117
18.1043643951416
18.09149742126465
18.076427459716797
18.07682228088379
18.06808853149414
18.06241226196289
18.051408767700195
18.035707473754883
no squeeze
383.9941101074219
226.25845336914062
194.79888916015625
110.9366226196289
98.40837860107422
70.71562957763672
66.58283233642578
55.27061462402344
53.1456298828125
46.680686950683594
45.356502532958984
41.213478088378906
40.34465026855469
37.54468536376953
36.940372467041016
34.971153259277344
34.53156661987305
33.074947357177734
32.75790023803711
31.643373489379883
31.393531799316406
30.5166015625
30.31563949584961
29.6243839263916
29.459543228149414
28.894641876220703
28.754911422729492
28.288225173950195
28.16944694519043
27.776927947998047
27.68442726135254
27.342945098876953
27.265769958496094
26.974397659301758
26.89984893798828
26.640758514404297
26.581884384155273
26.349687576293945
26.28968048095703
26.097217559814453
26.048601150512695
25.856603622436523
25.8146915435791
25.652273178100586
25.60947036743164
25.464445114135742
25.42706298828125
25.29056739807129
25.258718490600586
25.131210327148438
25.10225486755371
24.987567901611328
24.955110549926758
24.853424072265625
24.833595275878906
24.747610092163086
24.71446418762207
24.623699188232422
24.597990036010742
24.521486282348633
24.497751235961914
24.43057632446289
24.40220069885254
24.336200714111328
24.322021484375
24.259614944458008
24.23316764831543
24.173269271850586
24.157480239868164
24.108448028564453
24.08681297302246
24.05462074279785
24.034290313720703
23.974485397338867
23.962297439575195
23.92666244506836
23.90604591369629
23.870508193969727
23.848535537719727
23.805360794067383
23.801795959472656
23.772863388061523
23.755395889282227
23.740230560302734
23.711437225341797
23.682430267333984
23.665428161621094
23.65115737915039
23.63003158569336
23.597196578979492
23.601699829101562
23.574438095092773
23.565073013305664
23.53630828857422
23.525602340698242
23.50403594970703
23.495485305786133
23.482440948486328
23.472820281982422
23.45553207397461
23.435436248779297
23.41429328918457
23.406997680664062
23.387550354003906
23.383699417114258
23.368160247802734
23.35222625732422
23.334781646728516
23.334644317626953
23.332651138305664
23.309602737426758
23.303403854370117
23.277620315551758
23.273658752441406
23.272768020629883
23.255918502807617
23.242746353149414
23.237607955932617
23.230924606323242
23.22935676574707
23.203393936157227
23.20240592956543
23.202926635742188
23.17450714111328
23.169069290161133
23.168020248413086
23.16597557067871
23.15818214416504
23.151906967163086
23.14558982849121
23.140113830566406
23.138370513916016
23.11391258239746
23.10382652282715
23.107973098754883
23.084272384643555
23.088346481323242
23.08393096923828
23.075389862060547
23.074195861816406
23.070756912231445
23.04823112487793
23.068450927734375
23.046062469482422
23.034425735473633
23.037010192871094
23.02608871459961
23.028230667114258
23.014842987060547
23.009122848510742
23.020137786865234
23.011226654052734
no squeeze
385.77410888671875
76.89229583740234
66.59930419921875
51.63005828857422
50.413883209228516
48.33900833129883
48.0859489440918
47.477108001708984
47.391265869140625
47.08774185180664
47.05232620239258
46.924983978271484
46.88547897338867
46.7982292175293
46.79292297363281
46.76133346557617
46.73883819580078
46.7213134765625
46.72676467895508
46.77260208129883
