no squeeze
16.725780487060547
2.701484203338623
1.9810614585876465
0.766261875629425
0.6307551860809326
0.35393086075782776
0.315691739320755
0.2166530340909958
0.20014722645282745
0.14424185454845428
0.1328057050704956
0.09698953479528427
0.08879589289426804
0.06517687439918518
0.060680288821458817
0.0474456250667572
0.044883329421281815
0.037153128534555435
0.03594658151268959
0.031942687928676605
0.031217070296406746
0.029340537264943123
0.028921250253915787
0.027898242697119713
0.027691543102264404
0.02716578170657158
0.02704428695142269
0.02676508016884327
0.026722032576799393
0.026547914370894432
0.02650303579866886
0.026405375450849533
0.02644403837621212
0.026329046115279198
0.02632295899093151
0.02620624005794525
0.026279371231794357
0.026226796209812164
no squeeze
16.986980438232422
2.489685535430908
1.7385303974151611
0.6101257801055908
0.4940951466560364
0.25004175305366516
0.2145688682794571
0.12959231436252594
0.11702090501785278
0.08586428314447403
0.08058755099773407
0.06753303855657578
0.06535359472036362
0.059354424476623535
0.05815679207444191
0.054888948798179626
0.05425975099205971
0.05214584618806839
0.05187801271677017
0.050990331918001175
0.05050821602344513
0.049457669258117676
0.04910798370838165
0.04842023551464081
0.04813355207443237
0.04748567193746567
0.04728294909000397
0.04673202708363533
0.046488307416439056
0.045899007469415665
0.04594145342707634
0.045440830290317535
0.04512059688568115
0.0446128211915493
0.044665563851594925
0.04421764239668846
0.04410304129123688
0.043762050569057465
0.04360612481832504
0.043441589921712875
0.04313718527555466
0.042740773409605026
0.04276255518198013
0.04233619570732117
0.04233316704630852
0.0420442558825016
0.04199301078915596
0.041972942650318146
0.04171537235379219
0.041604362428188324
0.041511692106723785
0.04140069708228111
0.04132341220974922
0.041488803923130035
0.04131538048386574
0.041179921478033066
0.041186776012182236
0.041102565824985504
0.04113173857331276
0.04093297943472862
0.04089508578181267
0.04107384383678436
0.041000641882419586
0.04081442579627037
0.0409950390458107
0.04077015072107315
0.041134532541036606
0.04097897186875343
no squeeze
16.652326583862305
3.5419719219207764
2.6014819145202637
0.9751029014587402
0.7801610827445984
0.3756502568721771
0.3217328190803528
0.19628748297691345
0.17420493066310883
0.11607373505830765
0.10677249729633331
0.07915481179952621
0.0742613673210144
0.06038016080856323
0.05743594467639923
0.04838947951793671
0.046494584530591965
0.04086802154779434
0.039894308894872665
0.03689947351813316
0.03595114126801491
0.03364655375480652
0.033150192350149155
0.03156790882349014
0.031199384480714798
0.030103761702775955
0.029807038605213165
0.029063677415251732
0.02878122590482235
0.02815656177699566
0.028054261580109596
0.02752559259533882
0.027405528351664543
0.02698563039302826
0.02694506198167801
0.026554476469755173
0.02648664079606533
0.026280244812369347
0.026200681924819946
0.025989655405282974
0.02590668387711048
0.025771286338567734
0.025681963190436363
0.025460615754127502
0.025505440309643745
0.02533675916492939
0.025307144969701767
0.025240689516067505
0.025308653712272644
0.025133507326245308
0.02508310228586197
0.02497120387852192
0.024951767176389694
0.02487276867032051
0.024819906800985336
0.02476157434284687
0.024772344157099724
0.02465881034731865
0.024708809331059456
0.024707747623324394
no squeeze
17.401371002197266
8.367403984069824
7.025157451629639
4.292693138122559
3.9089324474334717
2.9244918823242188
2.743079423904419
2.204782724380493
2.0960874557495117
1.7457568645477295
1.668363094329834
1.4227617979049683
1.3696696758270264
1.1929817199707031
1.155145525932312
1.0273587703704834
1.0017595291137695
0.9063732624053955
0.8854919075965881
0.817733108997345
0.8034189343452454
0.7517242431640625
0.7410145998001099
0.701200544834137
0.6921865940093994
0.6636607050895691
0.6556172370910645
0.6324945092201233
0.6291326880455017
0.6093469262123108
0.6062086224555969
0.5924819707870483
0.5904615521430969
0.5807652473449707
0.5799761414527893
0.5736881494522095
0.5710729956626892
0.566145122051239
0.5665937662124634
0.5593423247337341
0.5602577328681946
0.5533170104026794
0.5560427308082581
0.5502316951751709
0.5525947213172913
0.5465784668922424
0.5491734147071838
0.5451893210411072
0.5430614948272705
0.5364698767662048
0.5380356311798096
0.5332105159759521
0.5325873494148254
0.5295639634132385
0.5265188813209534
0.5237888693809509
0.521030843257904
0.5165644288063049
0.5148541927337646
0.5080147385597229
0.50698322057724
0.5065469145774841
0.49818262457847595
0.4888233244419098
0.4954596161842346
0.47498732805252075
0.47282588481903076
0.45948514342308044
0.4570206105709076
0.44008612632751465
0.43707191944122314
0.41233396530151367
0.40631160140037537
0.37919241189956665
0.3720797598361969
0.338941365480423
0.32999855279922485
0.28982847929000854
0.2807323932647705
0.23755095899105072
0.2258279174566269
0.18523389101028442
0.1736741065979004
0.1391666978597641
0.13221238553524017
0.10531017929315567
0.10006019473075867
0.08458920568227768
0.08017649501562119
0.07074113935232162
0.06858694553375244
0.06224750354886055
0.06161931902170181
0.05864151567220688
0.05806075781583786
0.05684022605419159
0.05726444721221924
0.05549158900976181
0.05561187490820885
0.05535120144486427
0.055102504789829254
0.05480019375681877
0.054680779576301575
0.054612964391708374
0.05462482199072838
0.05468706041574478
no squeeze
17.424232482910156
3.0073354244232178
2.3927979469299316
1.2741050720214844
1.1317671537399292
0.7952982187271118
0.738378643989563
0.5793763399124146
0.54616779088974
0.4480311870574951
0.4276278614997864
0.3548721671104431
0.3400540351867676
0.28516632318496704
0.2711382210254669
0.22911879420280457
0.21778573095798492
0.18268728256225586
0.17490999400615692
0.1488373875617981
0.14280696213245392
0.12209361046552658
0.11794615536928177
0.10341928154230118
0.10021044313907623
0.08977939933538437
0.08768463134765625
0.08046135306358337
0.07907407730817795
0.07389029860496521
0.07278837263584137
0.06896243989467621
0.06807674467563629
0.06567993015050888
0.0650223046541214
0.06264860928058624
0.06211866810917854
0.060472749173641205
0.06006937474012375
0.05887536704540253
0.05836284160614014
0.05765391141176224
0.05705755949020386
0.0560576394200325
0.05591694638133049
0.05522626265883446
0.0549035519361496
0.05458460748195648
0.05437527596950531
0.05351472273468971
0.0535544790327549
0.05330974981188774
0.05332038924098015
0.05265173316001892
0.05261390283703804
0.052122291177511215
0.052115317434072495
0.051895007491111755
0.05179046466946602
0.05152841657400131
0.051373954862356186
0.05131962522864342
0.051280271261930466
0.051490236073732376
0.051532406359910965
0.050943054258823395
0.05101602151989937
0.051813483238220215
no squeeze
15.175125122070312
0.9728747010231018
0.7782726287841797
0.6400115489959717
0.6320396661758423
0.6297776103019714
0.6306575536727905
0.627866268157959
0.6293197870254517
0.6243358850479126
0.6285037994384766
0.6270168423652649
