no squeeze
0.9427876472473145
0.28201574087142944
0.12732908129692078
0.07463515549898148
0.04564257711172104
0.03081044927239418
0.027526192367076874
0.022447364404797554
0.015936534851789474
0.012695305980741978
0.014781313948333263
0.010347709991037846
0.009812155738472939
0.009911659173667431
0.010135023854672909
0.005631524603813887
0.0059358240105211735
0.005085150711238384
0.004180853720754385
0.0037395714316517115
0.003246667329221964
0.005012538284063339
0.003056945512071252
0.0029137039091438055
0.002679754514247179
0.0031145173124969006
0.002556430408731103
0.002244955627247691
0.0027099826838821173
0.0020815744064748287
0.0018766638822853565
0.0017001559026539326
0.0017123839352279902
0.0014398993225768209
0.0011956115486100316
0.0014480986865237355
0.0012689277064055204
0.0019691388588398695
0.0031738535035401583
0.003688732860609889
0.002508834470063448
0.0027179750613868237
0.0016139443032443523
0.0019550907891243696
0.0019920221529901028
no squeeze
0.9672858715057373
0.34021589159965515
0.20047888159751892
0.14614546298980713
0.13009503483772278
0.11648467928171158
0.10917233675718307
0.10200768709182739
0.09231872856616974
0.07767070084810257
0.07691789418458939
0.07823672890663147
0.0736418291926384
0.07948211580514908
0.0684233233332634
0.07287055999040604
0.058286603540182114
0.06047676131129265
0.06199122220277786
0.05641384795308113
0.057816918939352036
0.07124588638544083
0.05729685351252556
0.05305186286568642
0.05530734360218048
0.05556632950901985
0.05688324198126793
0.053751423954963684
0.05453028157353401
0.048089649528265
0.04837331175804138
0.05944901704788208
0.05258816480636597
0.05148514360189438
0.05031585320830345
0.05304597690701485
0.051997747272253036
0.04936855286359787
0.05066896975040436
0.04789796471595764
0.05654896795749664
0.0550006628036499
0.05043170973658562
0.0483073815703392
0.05329245328903198
0.045553211122751236
0.04714962840080261
0.045837778598070145
0.05154474824666977
0.05303844064474106
0.047137487679719925
0.050237152725458145
0.051518891006708145
0.046115417033433914
0.04541146382689476
0.043917153030633926
0.0456499420106411
0.047889743000268936
0.044876765459775925
0.04191096872091293
0.04289162531495094
0.04906719550490379
0.0443241223692894
0.04011739045381546
0.043898772448301315
0.04290520399808884
0.04792005941271782
0.04910176992416382
0.03986436501145363
0.04437803477048874
0.042291607707738876
0.04401867464184761
0.04664425179362297
0.05203915759921074
0.045746300369501114
0.041659533977508545
0.04896331578493118
0.050728436559438705
0.04446454346179962
no squeeze
1.159596562385559
0.44807106256484985
0.2750588357448578
0.20493224263191223
0.16074997186660767
0.13100910186767578
0.10258782655000687
0.10075332969427109
0.09073476493358612
0.07861645519733429
0.0817221999168396
0.08555039018392563
0.0701957419514656
0.06247807294130325
0.056093208491802216
0.05116402357816696
0.049389977008104324
0.05790026858448982
0.05387672781944275
0.031174827367067337
0.037771075963974
0.035585034638643265
0.030640818178653717
0.029910242184996605
0.045365747064352036
0.054310012608766556
0.059971120208501816
0.02661784552037716
0.017446160316467285
0.04631752148270607
0.027387725189328194
0.02499973587691784
0.020770583301782608
0.02855955995619297
0.027452262118458748
0.018457921221852303
0.03621464967727661
0.014756492339074612
0.011289024725556374
0.010306041687726974
0.011012819595634937
0.014060732908546925
0.01033030916005373
0.008666831068694592
0.00855826586484909
0.006735450122505426
0.008262808434665203
0.00833389163017273
0.008191045373678207
0.008508184924721718
0.008389045484364033
0.00611162232235074
0.00902500655502081
0.016949089244008064
0.00944401416927576
0.007389299105852842
0.013930588960647583
0.019022781401872635
0.0348849780857563
0.02663295902311802
0.013745264150202274
0.010649853385984898
no squeeze
0.8921279907226562
0.4692682921886444
0.36434435844421387
0.30274873971939087
0.2553147077560425
0.2221754938364029
0.19813460111618042
0.18187332153320312
0.16488966345787048
0.14886705577373505
0.14284968376159668
0.13689297437667847
0.12931008636951447
0.12405374646186829
0.11935819685459137
0.11305208504199982
0.12033679336309433
0.11254160851240158
0.10646630823612213
0.10135389119386673
0.09797611832618713
0.0974639430642128
0.10132748633623123
0.09317924082279205
0.09570784866809845
0.08900804817676544
0.08824244141578674
0.08726315945386887
0.08251482993364334
0.08389952033758163
0.07971332222223282
0.08388081938028336
0.07944981753826141
0.07680850476026535
0.08055762201547623
0.0749383494257927
0.07387011498212814
0.07366348057985306
0.073275126516819
0.0722825899720192
0.0733485072851181
0.07372038811445236
0.06834471225738525
0.0676967203617096
0.06486321985721588
0.06712532788515091
0.06670980155467987
0.06416022032499313
0.06338004022836685
0.06420988589525223
0.06402993947267532
0.05969959869980812
0.05920111760497093
0.05824447423219681
0.05760287120938301
0.05755488947033882
0.05791688710451126
0.05655745789408684
0.06045636162161827
0.05696697533130646
0.054951030761003494
0.05620088055729866
0.053395748138427734
0.054062336683273315
0.053731974214315414
0.05216214433312416
0.05045206844806671
0.05075502023100853
0.0493379645049572
0.05266566574573517
0.05184079334139824
0.05152598023414612
0.05239128693938255
0.04891568794846535
0.049058105796575546
0.049634311348199844
0.048307646065950394
0.05025894567370415
0.04823227599263191
0.04851227253675461
0.048422861844301224
0.04606708139181137
0.045677300542593
0.04468873143196106
0.04744405671954155
0.04789076745510101
0.044530097395181656
0.046494729816913605
0.04506256803870201
0.046610403805971146
0.04665585234761238
0.0446631982922554
0.04618839919567108
0.04402156174182892
0.04360584542155266
0.042270537465810776
0.043141841888427734
0.04293614998459816
0.044207025319337845
0.04261668398976326
0.04227809980511665
0.043394796550273895
0.039655882865190506
0.0413111113011837
0.042452242225408554
0.04059244319796562
0.040386807173490524
0.04352264478802681
0.041999056935310364
0.03974435105919838
0.04089890047907829
0.03929430991411209
0.04215483367443085
0.03722904995083809
0.04230232536792755
0.04040975496172905
0.040076207369565964
0.039179615676403046
0.039718274027109146
0.038948968052864075
0.03967209532856941
0.03783036023378372
0.03854240104556084
0.03808159381151199
no squeeze
0.9390926361083984
0.38279709219932556
0.2809313237667084
0.2159426510334015
0.17632602155208588
0.15716402232646942
0.14145232737064362
0.12526310980319977
0.11852368712425232
0.10837523639202118
0.1030883938074112
0.09628840535879135
0.08933332562446594
0.08617474883794785
0.08611532300710678
0.0853913202881813
0.07467720657587051
0.06880579143762589
0.07171687483787537
0.07485964894294739
0.06909013539552689
0.06769869476556778
0.06160273402929306
0.06080414354801178
0.0639333501458168
0.059414274990558624
0.05960041657090187
0.053882841020822525
0.055594053119421005
0.05449135974049568
0.051713477820158005
0.049078188836574554
0.04714132472872734
0.04886767640709877
0.05046190693974495
0.048167821019887924
0.04948657751083374
0.04771627485752106
0.04769783094525337
0.046095527708530426
0.046430788934230804
0.042791370302438736
0.04700258746743202
0.04561113566160202
0.03989345207810402
0.04186223819851875
0.041180215775966644
0.04397095739841461
0.04061318561434746
0.03882509097456932
0.04536832496523857
0.04043802246451378
0.03483057767152786
0.03703944757580757
0.035879988223314285
0.03616037964820862
0.03624634072184563
0.03364499658346176
0.037525974214076996
0.036409225314855576
0.036257557570934296
0.03258359804749489
0.034395456314086914
0.03633949160575867
0.03531373664736748
0.03274887427687645
0.036005984991788864
0.031181994825601578
0.03259047493338585
0.03498965874314308
0.031430914998054504
0.03366740792989731
0.03703463077545166
0.03161828592419624
0.03220699727535248
0.03720982000231743
0.031541381031274796
0.03247872740030289
no squeeze
0.7249434590339661
0.22470007836818695
0.17310531437397003
0.13452841341495514
0.13224025070667267
0.10846977680921555
0.1001725047826767
0.09721413254737854
0.09066708385944366
0.09045103937387466
0.08135495334863663
0.08758942782878876
0.08039357513189316
0.09612466394901276
0.07599864900112152
0.08302769809961319
0.08376165479421616
0.06943957507610321
0.07557754218578339
0.08011441677808762
0.07683327794075012
0.07781562209129333
0.07415309548377991
0.06999186426401138
0.07496098428964615
0.0800272673368454
0.08454424142837524
0.06682585924863815
0.08507152646780014
0.06767135113477707
0.06709183007478714
0.06883202493190765
0.06972167640924454
0.07464040070772171
0.06745854020118713
0.06652311235666275
0.06587221473455429
0.07445869594812393
0.08273431658744812
0.06478093564510345
0.07226009666919708
0.06868474185466766
0.0673907995223999
0.06494193524122238
0.07472356408834457
0.07279748469591141
0.0720883458852768
0.07621371746063232
0.07285850495100021
0.0705174133181572
