no squeeze
113.52857208251953
35.81730270385742
26.874588012695312
12.805499076843262
11.103271484375
7.041428565979004
6.390761375427246
4.6260294914245605
4.304136753082275
3.387141704559326
3.217848539352417
2.711763620376587
2.61038875579834
2.3180196285247803
2.2565536499023438
2.0805037021636963
2.044879674911499
1.9321786165237427
1.9082931280136108
1.8366729021072388
1.8192180395126343
1.7690225839614868
1.7579022645950317
1.7225837707519531
1.7132116556167603
1.684633731842041
1.677567481994629
1.6550356149673462
1.650026798248291
1.6330984830856323
1.6325193643569946
1.6166714429855347
1.6131550073623657
1.6018800735473633
1.6005228757858276
1.5939728021621704
1.5906801223754883
1.583711862564087
1.5826185941696167
1.576674461364746
1.5774122476577759
1.5715880393981934
1.5718648433685303
1.5697818994522095
1.5681986808776855
1.5674940347671509
1.565023422241211
1.5636829137802124
1.5618125200271606
1.5615566968917847
1.5626134872436523
1.5603195428848267
1.5611344575881958
1.5594890117645264
1.561357021331787
1.5579243898391724
1.5578290224075317
1.5567060708999634
1.5598787069320679
1.5561555624008179
1.5606727600097656
1.5559133291244507
1.5549540519714355
1.559086561203003
1.5586473941802979
1.5560084581375122
no squeeze
113.41947937011719
38.10405349731445
28.75672149658203
17.084442138671875
15.988077163696289
13.409811019897461
12.965282440185547
11.661678314208984
11.405903816223145
10.6268310546875
10.464831352233887
9.962432861328125
9.858851432800293
9.526467323303223
9.451574325561523
9.228618621826172
9.183650016784668
9.027460098266602
8.997088432312012
8.903948783874512
8.876830101013184
8.812318801879883
8.797657012939453
8.755523681640625
8.745880126953125
8.726410865783691
8.713452339172363
8.697535514831543
8.697832107543945
8.69166374206543
8.690675735473633
8.68001651763916
8.683772087097168
8.67694091796875
8.673389434814453
8.712017059326172
8.698610305786133
8.667417526245117
8.686668395996094
8.670830726623535
no squeeze
114.03643798828125
45.67866516113281
35.40060806274414
17.252046585083008
15.31193733215332
10.967726707458496
10.234710693359375
8.067012786865234
7.62640380859375
6.190369606018066
5.877961158752441
4.832401752471924
4.596102237701416
3.8073484897613525
3.633680820465088
3.0442416667938232
2.9108240604400635
2.462402105331421
2.3634376525878906
2.029629945755005
1.954735279083252
1.7029002904891968
1.6463487148284912
1.4607692956924438
1.4165552854537964
1.2729506492614746
1.2403672933578491
1.1326956748962402
1.1079784631729126
1.0247474908828735
1.005320429801941
0.9409866333007812
0.9264246821403503
0.877530574798584
0.8665996193885803
0.8281422257423401
0.818432092666626
0.7870974540710449
0.7800717949867249
0.7545519471168518
0.7489487528800964
0.7302018404006958
0.7254913449287415
0.7095216512680054
0.7060930728912354
0.691823422908783
0.6892610788345337
0.6789789199829102
0.6764811277389526
0.667466402053833
0.6659001708030701
0.6574758887290955
0.6557235717773438
0.6503820419311523
0.6491358280181885
0.6438596844673157
0.6430269479751587
0.6369912624359131
0.6365861892700195
0.6327810883522034
0.6321691274642944
0.628731369972229
0.6285905838012695
0.6255356073379517
0.6251369118690491
0.6228482723236084
0.6223220825195312
0.6199479699134827
0.6190213561058044
0.6178148984909058
0.6170737743377686
0.6147848963737488
0.6144330501556396
0.6134082674980164
0.6124313473701477
0.6109928488731384
0.6115587949752808
0.610607922077179
0.6091845631599426
0.6081230044364929
0.6077070832252502
0.6072481274604797
0.6066455841064453
0.6070123910903931
0.6058230400085449
0.6047872304916382
0.6047958731651306
0.6038833260536194
0.6041919589042664
0.6027917861938477
0.6025315523147583
0.602412760257721
0.6030402183532715
0.6013430953025818
0.6011137366294861
0.6005698442459106
0.6008351445198059
0.6008405089378357
no squeeze
117.18937683105469
93.3945083618164
85.32482147216797
51.21877670288086
44.43112564086914
31.42877197265625
29.79015350341797
25.476552963256836
24.67879867553711
22.23368263244629
21.726411819458008
20.07652473449707
19.711894989013672
18.517486572265625
18.245161056518555
17.349260330200195
17.14144515991211
16.455142974853516
16.2916202545166
15.748143196105957
15.626880645751953
15.201456069946289
15.096023559570312
14.731593132019043
14.641924858093262
14.345301628112793
14.270134925842285
14.0126314163208
13.950027465820312
13.717193603515625
13.670005798339844
13.453534126281738
13.40361213684082
13.21816349029541
13.165863990783691
12.982840538024902
12.943001747131348
12.753069877624512
12.70973014831543
12.543608665466309
12.494245529174805
12.335478782653809
12.282708168029785
12.115997314453125
12.080365180969238
11.923006057739258
11.868363380432129
11.703398704528809
11.65534496307373
11.497261047363281
11.455986022949219
11.297511100769043
11.251626968383789
11.102663040161133
11.050257682800293
10.883191108703613
10.843567848205566
10.68604564666748
10.639397621154785
10.483859062194824
10.443286895751953
10.318974494934082
10.24975872039795
10.11004638671875
10.066502571105957
9.924759864807129
9.878499984741211
9.747410774230957
9.703805923461914
9.574896812438965
9.539454460144043
9.424030303955078
9.3968505859375
9.279157638549805
9.253631591796875
9.150647163391113
9.127960205078125
9.029899597167969
9.002801895141602
8.928814888000488
8.901516914367676
8.827645301818848
8.802099227905273
8.749884605407715
8.721504211425781
8.666004180908203
8.653116226196289
8.591732025146484
8.571700096130371
8.531501770019531
8.515331268310547
8.468222618103027
8.454849243164062
8.415289878845215
8.4030122756958
8.370344161987305
8.364187240600586
8.32539176940918
8.322606086730957
8.277486801147461
8.265244483947754
8.2334623336792
8.225085258483887
8.215445518493652
8.202444076538086
8.168028831481934
8.161365509033203
8.157023429870605
8.135416030883789
8.108049392700195
8.096569061279297
8.077691078186035
8.074402809143066
8.052313804626465
8.038469314575195
8.037551879882812
8.017953872680664
7.997624397277832
8.005194664001465
7.987370491027832
7.981496810913086
7.963310718536377
7.956482887268066
7.937921524047852
7.936516284942627
7.926398754119873
7.912940979003906
7.9014129638671875
7.897981643676758
7.8860602378845215
7.875411510467529
7.872514247894287
7.862493991851807
7.847573757171631
7.848555088043213
7.8413310050964355
7.838761806488037
7.830996990203857
7.816479206085205
7.807476043701172
7.806549549102783
7.784205913543701
7.7829413414001465
7.771504878997803
7.784682273864746
7.769471168518066
7.7571611404418945
7.7452497482299805
7.742217540740967
7.737438678741455
7.725625514984131
7.720737934112549
7.717303276062012
7.705869197845459
7.700915813446045
7.702970504760742
7.702256202697754
7.693628311157227
7.677949905395508
7.678940773010254
7.678594589233398
7.670536041259766
7.661995887756348
7.654550552368164
7.648260116577148
7.647909641265869
7.63618278503418
7.633463382720947
7.621885776519775
7.620983600616455
7.618348598480225
7.62026834487915
7.607998371124268
7.612179279327393
7.632665157318115
7.593354225158691
7.606814861297607
7.5861358642578125
7.581902027130127
7.571857452392578
7.571621417999268
7.570051670074463
7.579388618469238
7.567663192749023
7.596418857574463
7.55125617980957
7.544801235198975
7.546908378601074
7.560452461242676
7.542726039886475
7.552621841430664
7.540596961975098
7.535459041595459
7.541811466217041
7.531138896942139
7.5328264236450195
7.515538692474365
7.515836715698242
7.507534503936768
7.522082805633545
no squeeze
115.10173797607422
57.99632263183594
48.790836334228516
30.210050582885742
27.982576370239258
22.65340232849121
21.720855712890625
19.022077560424805
18.472396850585938
16.810630798339844
16.457862854003906
15.333963394165039
15.084681510925293
14.300827026367188
14.111296653747559
13.502720832824707
13.369081497192383
12.897037506103516
12.78857135772705
12.411974906921387
12.322733879089355
12.011712074279785
11.946288108825684
11.669553756713867
11.602131843566895
11.377790451049805
11.322175025939941
11.129549980163574
11.083272933959961
10.913314819335938
10.870657920837402
10.722765922546387
10.70364761352539
10.554088592529297
10.522520065307617
10.411373138427734
10.376800537109375
10.278094291687012
10.26901626586914
10.166682243347168
10.140242576599121
10.058432579040527
10.039444923400879
9.972764015197754
9.946952819824219
9.88478946685791
9.877567291259766
9.808439254760742
9.793989181518555
9.75009822845459
9.735777854919434
9.69534683227539
9.681389808654785
9.648472785949707
9.635626792907715
9.59924030303955
9.584077835083008
9.573519706726074
9.548535346984863
9.527819633483887
9.525259017944336
9.497873306274414
9.48263931274414
9.461797714233398
9.46192741394043
9.434076309204102
9.42708683013916
9.406280517578125
9.400989532470703
9.389275550842285
9.385237693786621
9.376249313354492
9.368755340576172
9.347661972045898
9.342710494995117
9.339499473571777
9.346122741699219
9.321410179138184
9.314650535583496
9.305744171142578
9.309792518615723
9.300694465637207
9.299538612365723
9.285717964172363
9.289196014404297
9.285642623901367
9.281423568725586
9.273564338684082
9.260875701904297
9.270918846130371
9.261115074157715
9.25751781463623
9.262206077575684
9.25985050201416
no squeeze
112.26654815673828
29.14435386657715
26.37067985534668
21.597570419311523
21.110454559326172
20.143199920654297
20.026090621948242
19.83209800720215
19.78667449951172
19.747011184692383
19.739151000976562
19.74018669128418
19.727798461914062
19.727088928222656
19.76091957092285
19.729503631591797
