no squeeze
2.2096614837646484
0.698590099811554
0.4483301639556885
0.29829367995262146
0.20495367050170898
0.14343801140785217
0.12209486961364746
0.1024884358048439
0.09103281795978546
0.0785294622182846
0.06943973898887634
0.06926918029785156
0.05464707314968109
0.051156919449567795
0.058104075491428375
0.04972277581691742
0.03877604380249977
0.04754246026277542
0.04811118170619011
0.04801799729466438
0.05123365297913551
0.05940043926239014
0.04476539418101311
0.041954405605793
0.04730423539876938
0.0370328351855278
0.03438103199005127
0.04361797869205475
0.0424051508307457
0.03897860646247864
0.034498557448387146
0.07630807906389236
0.07207483053207397
0.04521235451102257
0.039231762290000916
0.02898772619664669
0.026566024869680405
0.025333087891340256
0.03202288597822189
0.027965134009718895
0.03489881008863449
0.046197276562452316
0.022225147113204002
0.031304944306612015
0.03670414537191391
0.027383126318454742
0.02592502534389496
0.03158603981137276
0.03096459060907364
0.02847261168062687
0.02557770535349846
0.02565491572022438
0.04755918309092522
no squeeze
2.548678398132324
0.7059864401817322
0.37509554624557495
0.2194233387708664
0.15590649843215942
0.10415789484977722
0.08448464423418045
0.06723592430353165
0.05383438244462013
0.08743036538362503
0.06139998137950897
0.034654080867767334
0.05219278857111931
0.0375545509159565
0.03028477355837822
0.0364302434027195
0.0382196418941021
0.0413939394056797
0.01725616864860058
0.018526950851082802
0.016950320452451706
0.017227286472916603
0.01575530879199505
0.018553001806139946
0.015156341716647148
0.016103079542517662
0.01887706108391285
0.010333389975130558
0.008953527547419071
0.009183276444673538
0.01045476645231247
0.00993441417813301
0.02517819032073021
0.06035485118627548
0.03216712176799774
0.012294510379433632
0.010803541168570518
0.007336760405451059
0.007058797869831324
0.011967705562710762
0.00688445707783103
0.009680244140326977
0.004702376667410135
0.0063697295263409615
0.009528997354209423
0.007961227558553219
0.020628320053219795
0.007029485423117876
0.006295386701822281
0.008561567403376102
0.010534233413636684
0.009126384742558002
0.01221451535820961
no squeeze
2.3223626613616943
0.9890410304069519
0.7152218818664551
0.5039756298065186
0.4408125877380371
0.3978467583656311
0.32211029529571533
0.2143484652042389
0.2348099946975708
0.20821627974510193
0.20547260344028473
0.16624562442302704
0.11737032979726791
0.10418682545423508
0.08381988108158112
0.09279612451791763
0.10586416721343994
0.07580645382404327
0.08560134470462799
0.06401372700929642
0.06812980771064758
0.06792885065078735
0.1043328121304512
0.1100882738828659
0.05690779164433479
0.06302866339683533
0.04850636422634125
0.053302448242902756
0.1330941766500473
0.1005592793226242
0.14189885556697845
0.08828127384185791
0.03770015016198158
0.03004506416618824
0.03246452286839485
0.04109310731291771
0.026203062385320663
0.041592590510845184
0.02617744356393814
0.028821242973208427
0.025047987699508667
0.022361502051353455
0.044461555778980255
0.0463244803249836
0.025674806907773018
0.02797812595963478
0.018155356869101524
0.022589487954974174
0.03525865450501442
0.021403810009360313
0.03550102189183235
0.02407132089138031
0.02336787059903145
0.019188372418284416
0.015830079093575478
0.01815614104270935
0.016486933454871178
0.02270139381289482
0.013452272862195969
0.02727520652115345
0.026847532019019127
0.01985766738653183
0.011456294916570187
0.019966505467891693
0.017383277416229248
0.014937493950128555
0.015171628445386887
0.01331302896142006
0.027855223044753075
0.02531394548714161
0.02021007426083088
0.010041037574410439
0.01046879030764103
0.030901573598384857
0.01022008340805769
0.014575984328985214
0.029891569167375565
0.019448155537247658
0.009532464668154716
0.03385193273425102
0.01576966606080532
0.014743856154382229
0.020046060904860497
0.010390697978436947
0.006723647005856037
0.010684642940759659
0.007395465858280659
0.015463660471141338
0.025414541363716125
0.07489854097366333
0.06989220529794693
0.03863177075982094
0.048040952533483505
0.03874494880437851
0.01755666546523571
no squeeze
2.663018226623535
1.1097193956375122
0.9210264682769775
0.7551934123039246
0.6638470888137817
0.6343128085136414
0.5699205994606018
0.4989810287952423
0.4470770061016083
0.4382823705673218
0.38799646496772766
0.3793877065181732
0.35862910747528076
0.32936081290245056
0.30934756994247437
0.30150699615478516
0.2808496952056885
0.2874787449836731
0.2449454814195633
0.2542191445827484
0.22973506152629852
0.21494035422801971
0.2047230750322342
0.19373658299446106
0.20115473866462708
0.18568666279315948
0.1655757874250412
0.16604067385196686
0.16226407885551453
0.1552126556634903
0.15387634932994843
0.14884714782238007
0.16313134133815765
0.1465688794851303
0.15496909618377686
0.13109618425369263
0.14231377840042114
0.11535093188285828
0.12996907532215118
0.11260952800512314
0.11386359483003616
0.12403295934200287
0.1134776696562767
0.10669513791799545
0.10348741710186005
0.10963192582130432
0.1378013789653778
0.10573390871286392
0.10186713188886642
0.0871686339378357
0.09893086552619934
0.08803098648786545
0.09641306102275848
0.08374595642089844
0.08679568022489548
0.09148243814706802
0.08584603667259216
0.08636153489351273
0.08099036663770676
0.08101829886436462
0.07508237659931183
0.0819820761680603
0.07533048838376999
0.08427746593952179
0.07756581902503967
0.07425712049007416
0.0789322704076767
0.07733338326215744
0.06816930323839188
0.06956424564123154
0.07107023894786835
0.07096309959888458
0.08871659636497498
0.08105633407831192
0.06664885580539703
0.06672301143407822
0.06862291693687439
0.06795792281627655
0.05965767800807953
0.06349211186170578
0.062051765620708466
0.05984298139810562
0.059978604316711426
0.07758353650569916
0.06348592787981033
0.06666479259729385
0.0588793084025383
0.058235421776771545
0.0658063068985939
0.05556914582848549
0.05838184058666229
0.05901471525430679
0.06016897037625313
0.059298232197761536
0.06211038678884506
0.06022121384739876
0.062334220856428146
0.05797939747571945
0.06594431400299072
0.05486365780234337
0.06315905600786209
0.06355056166648865
0.06102873384952545
0.0618869923055172
0.061427656561136246
0.05350421741604805
0.05167781561613083
0.06058918312191963
0.050011519342660904
0.06370614469051361
0.05564657598733902
0.05581092834472656
0.0511050745844841
0.05299301818013191
0.05675187706947327
0.05101333186030388
0.0515587218105793
0.046334341168403625
0.05520213767886162
0.056827809661626816
0.053297657519578934
0.05115918070077896
0.05583714693784714
0.058918703347444534
0.052423469722270966
0.05995452404022217
0.05048905313014984
0.050418421626091
no squeeze
2.036482095718384
0.846856951713562
0.593337893486023
0.48068153858184814
0.39133167266845703
0.33029067516326904
0.29447177052497864
0.25731948018074036
0.22114147245883942
0.20466025173664093
0.176832377910614
0.19743511080741882
0.1694275438785553
0.15459951758384705
0.13590691983699799
0.13801313936710358
0.12498165667057037
0.12859109044075012
0.12524408102035522
0.11295441538095474
0.10787371546030045
0.10162964463233948
0.09409523010253906
0.10332518070936203
0.0989859476685524
0.1148822084069252
0.09213516861200333
0.0772799476981163
0.07855747640132904
0.09345907717943192
0.07561257481575012
0.07418413460254669
0.07651913911104202
0.07837668061256409
0.0746995061635971
0.07663293182849884
0.07235070317983627
0.06683629751205444
0.0675882026553154
0.05993898957967758
0.0756310373544693
0.0607345812022686
0.06709219515323639
0.06775130331516266
0.06152816861867905
0.0591512955725193
0.06190696358680725
0.06178700923919678
0.05882139876484871
0.05042790248990059
0.0591365210711956
0.05000845342874527
0.05347643420100212
0.0563887357711792
0.04942974075675011
0.049145814031362534
0.04895753413438797
0.05147656053304672
0.052712712436914444
0.04529885947704315
0.04721224680542946
0.05473502352833748
0.04766200855374336
0.048992402851581573
0.04840537905693054
0.04818697273731232
0.042426638305187225
0.047021325677633286
0.0421956367790699
0.048834845423698425
0.046107467263936996
0.045460592955350876
0.038606107234954834
0.03848826512694359
0.03585603088140488
0.04058431461453438
0.03835481032729149
0.03578075394034386
0.04962358996272087
0.039576444774866104
0.03812384605407715
0.044679250568151474
0.04323515295982361
0.03968280181288719
0.03219759464263916
0.03691496700048447
0.03463365510106087
0.03532322496175766
0.030916916206479073
0.037535566836595535
0.032259438186883926
0.034384459257125854
0.03377876803278923
0.04089066758751869
0.034118205308914185
0.03589291870594025
0.03537318855524063
0.03419053554534912
0.034975241869688034
no squeeze
1.604325294494629
0.6232741475105286
0.37422075867652893
0.41003674268722534
0.31276386976242065
0.27207595109939575
0.26391828060150146
0.22819575667381287
0.2746652066707611
0.19631895422935486
0.19491948187351227
0.25500890612602234
0.32657143473625183
0.35887476801872253
0.24713023006916046
0.24758608639240265
0.41167858242988586
0.3046363592147827
0.21395952999591827
0.30584532022476196
0.2668116092681885
