no squeeze
14.799013137817383
1.6375548839569092
1.212375283241272
0.49754244089126587
0.4124853014945984
0.20703007280826569
0.17441320419311523
0.09311208128929138
0.08027324080467224
0.0473882332444191
0.04158344492316246
0.025624839588999748
0.02266329526901245
0.014162972569465637
0.012600521557033062
0.008062705397605896
0.007253764662891626
0.004791717045009136
0.004322678316384554
0.0030705705285072327
0.002851425902917981
0.0022595541086047888
0.002135234884917736
0.0018188279354944825
0.0017606873298063874
0.0015959714073687792
0.0015553947305306792
0.0014813742600381374
0.0014334822772070765
0.0013549220748245716
0.0013362111058086157
0.0012862096773460507
0.0012622381327673793
0.001218716031871736
0.0012017510598525405
0.001159674022346735
0.0011436269851401448
0.0011284643551334739
0.0011104943696409464
0.001073763007298112
0.0010666027665138245
0.0010478927288204432
0.0010311197256669402
0.001008674269542098
0.000999748706817627
0.0009831903735175729
0.0009894291870296001
0.0009545788634568453
0.0009582135826349258
0.0009397038957104087
0.0009440509602427483
0.0009220999199897051
0.000928580469917506
0.0009186728275381029
0.0009138241875916719
0.0009146466036327183
0.0009077343274839222
0.000895668170414865
0.0008971236529760063
0.0008837772184051573
0.0009075289708562195
0.0008797178161330521
0.000893707328941673
0.0008812602027319372
no squeeze
14.652628898620605
1.8586399555206299
1.482391119003296
1.0222229957580566
0.9848212599754333
0.9119443297386169
0.9030537009239197
0.886646032333374
0.8834861516952515
0.8765950202941895
0.8782256245613098
0.8731608390808105
0.8736928701400757
0.8733090758323669
no squeeze
15.37417221069336
2.8428332805633545
2.011324405670166
0.7332174181938171
0.6273279786109924
0.4022655189037323
0.36451178789138794
0.25869646668434143
0.2387443333864212
0.1775001436471939
0.16529174149036407
0.12679125368595123
0.11848077923059464
0.09225556254386902
0.08680201321840286
0.06862907111644745
0.06484251469373703
0.05226654186844826
0.049677591770887375
0.041104257106781006
0.039254844188690186
0.032807622104883194
0.03139274939894676
0.026615947484970093
0.02555767633020878
0.021778061985969543
0.020972836762666702
0.018067169934511185
0.017587317153811455
0.01541724894195795
0.014879581518471241
0.013055378571152687
0.012723658233880997
0.01126546785235405
0.010947597213089466
0.009691591374576092
0.009456418454647064
0.008581181988120079
0.008389675989747047
0.007523361127823591
0.007316706236451864
0.006672147661447525
0.006547529250383377
0.006076364312320948
0.005908489692956209
0.005389284808188677
0.005276798736304045
0.004961845930665731
0.00483692204579711
0.004509011283516884
0.004422937054187059
0.00411380548030138
0.0040382263250648975
0.0037899240851402283
0.0037205417174845934
0.0035313491243869066
0.0035103238187730312
0.0032676744740456343
0.0032253297977149487
0.003063655924052
0.0030084566678851843
0.0028852401301264763
0.0028272480703890324
0.0027049777563661337
0.002655745018273592
0.0025509127881377935
0.0025024572387337685
0.0023419014178216457
0.0023782255593687296
0.0022907566744834185
0.0022444173227995634
0.002169783692806959
0.002136366907507181
0.0020576987881213427
0.002016948303207755
0.0019146951381117105
0.0019836477003991604
0.0018580325413495302
0.0018371735932305455
0.0018309656297788024
0.0017795141320675611
0.0017134359804913402
0.0016867936355993152
0.0016335579566657543
0.0016320195281878114
0.0015843987930566072
0.0015655786264687777
0.0015342148253694177
0.0015141774201765656
0.0014772184658795595
0.0014602497685700655
0.001438002334907651
0.0014253658009693027
0.0014039408415555954
0.0013755314284935594
0.001342490199021995
0.001333092339336872
0.0013107762206345797
0.001292138360440731
0.001287240069359541
0.0012659387430176139
0.0012483427999541163
0.0012343893758952618
0.0012174961157143116
0.0012015944812446833
0.0012065025512129068
0.0011826464906334877
0.001184564083814621
0.0011726029915735126
0.0011419955408200622
0.0011540912091732025
0.0011433321051299572
no squeeze
16.067951202392578
7.7373528480529785
6.269039630889893
3.7528598308563232
3.4498448371887207
2.7433598041534424
2.6294233798980713
2.294370412826538
2.2233352661132812
2.0162298679351807
1.9721146821975708
1.8245946168899536
1.7898634672164917
1.6817539930343628
1.6531333923339844
1.5673401355743408
1.545466661453247
1.4773613214492798
1.4606871604919434
1.403990387916565
1.3913172483444214
1.3472856283187866
1.335556983947754
1.2986434698104858
1.2882633209228516
1.2541354894638062
1.2473838329315186
1.2208648920059204
1.2186092138290405
1.188084363937378
1.1819041967391968
1.1592497825622559
1.1540709733963013
1.1345347166061401
1.1282117366790771
1.1097004413604736
1.1051397323608398
1.0866817235946655
1.0820410251617432
1.066507339477539
1.0621097087860107
1.0463260412216187
1.0421063899993896
1.026031255722046
1.0225653648376465
1.0073215961456299
1.003139853477478
0.9900298714637756
0.9870086312294006
0.9745275378227234
0.9705098867416382
0.9567860960960388
0.9545959830284119
0.9424642324447632
0.9409721493721008
0.928375244140625
0.9250428676605225
0.9158017039299011
0.9152557849884033
0.9032272696495056
0.9012513756752014
0.8930760025978088
0.8904270529747009
0.8839762210845947
0.8807169795036316
0.8732223510742188
0.87129807472229
0.8634187579154968
0.8633778691291809
0.8545818328857422
0.8539376258850098
0.8466649055480957
0.8461179137229919
0.8391047716140747
0.8373173475265503
0.8310495615005493
0.8300784230232239
0.8237464427947998
0.8224802613258362
0.8152403235435486
0.8138092160224915
0.8086809515953064
0.8081936240196228
0.8029142022132874
0.8030393123626709
0.7968381643295288
0.7949894070625305
0.7926965355873108
0.7906018495559692
0.7847562432289124
0.7840577960014343
0.7800441384315491
0.7791571021080017
0.7748275995254517
0.7750949859619141
0.7723522186279297
0.7712559103965759
0.7667443156242371
0.766468346118927
0.765239417552948
0.7632020115852356
0.7596957087516785
0.7604272365570068
0.7569805383682251
0.7566829919815063
0.7535573840141296
0.754459023475647
0.7502433657646179
0.7502442598342896
0.7479367852210999
0.7473017573356628
0.7458058595657349
0.7461059093475342
0.743952214717865
0.7434544563293457
0.7412261962890625
0.7403149008750916
0.7381381988525391
0.7385451197624207
0.7356240153312683
0.7356780767440796
0.7351045608520508
0.7340620160102844
0.731992781162262
0.7314096093177795
0.7301682233810425
0.730509340763092
0.7279958128929138
0.7277504801750183
0.7253754138946533
0.7261914014816284
0.7240616083145142
0.7239646911621094
0.7220478653907776
0.7215111255645752
0.7199130654335022
0.7201480865478516
0.7197197675704956
0.7184439897537231
0.718452513217926
0.7160943746566772
0.7149368524551392
0.7150959372520447
0.7121384143829346
0.712337076663971
0.7120416164398193
0.7110897898674011
0.7092787027359009
0.7095587253570557
0.707484781742096
0.7072787284851074
0.7061337828636169
0.7065818309783936
0.7026829719543457
0.7030246257781982
0.7001359462738037
0.6999709606170654
0.7012057900428772
0.7006953358650208
0.6985490918159485
0.6996251344680786
0.6970257759094238
0.6967998743057251
0.6949719190597534
0.6958086490631104
0.6935304403305054
0.6937320232391357
0.6930110454559326
0.6904500126838684
0.6900458335876465
0.6886617541313171
0.6882153153419495
0.6885039210319519
0.6870560050010681
0.6858161091804504
0.6838257908821106
0.6841015219688416
0.683709442615509
0.6831843852996826
0.6834653615951538
0.6819708943367004
0.6797794699668884
0.6799240708351135
0.6793596744537354
0.678880512714386
0.6783589720726013
0.6778131723403931
0.6760956645011902
0.6765441298484802
0.6738755106925964
0.6731102466583252
0.6728703379631042
0.6726779937744141
0.6709117889404297
0.6709409952163696
0.6697602868080139
0.6706724166870117
0.668307900428772
0.6672383546829224
0.6680094003677368
no squeeze
15.300484657287598
2.9183883666992188
2.4337682723999023
1.5609310865402222
1.4623920917510986
1.2332255840301514
1.1973198652267456
1.0983375310897827
1.078784704208374
1.0234636068344116
1.0115188360214233
0.9741038680076599
0.9668665528297424
0.9416584968566895
0.9353573322296143
0.9162775874137878
0.9122142195701599
0.896430492401123
0.89251708984375
0.8812620639801025
0.8783054351806641
0.8662906289100647
0.8651435971260071
0.8548516631126404
0.8530165553092957
0.84392249584198
0.8424651026725769
0.8357177376747131
0.8354417085647583
0.8290533423423767
0.8267403841018677
0.8214064836502075
0.8190944194793701
0.8144516348838806
0.815087616443634
0.8090646266937256
0.8076720833778381
0.8045341968536377
0.8036952018737793
0.8007711172103882
0.7988868355751038
0.7960813641548157
0.794643759727478
0.7921451926231384
0.7922281622886658
0.7891600728034973
0.7889191508293152
0.7882872819900513
0.7864965200424194
0.7839322090148926
0.782997190952301
0.7819356918334961
0.7810080647468567
0.779667317867279
0.7795145511627197
0.7765536904335022
0.776187539100647
0.7749316692352295
0.7752237915992737
0.7736689448356628
0.7732351422309875
0.7717486619949341
0.7707378268241882
0.7697756290435791
0.7701706290245056
0.7692846059799194
0.7680035829544067
0.767109215259552
0.7668910026550293
0.766875147819519
0.7683717608451843
0.7652393579483032
0.7644863128662109
0.7652502059936523
0.7646945118904114
0.7626436948776245
0.7622682452201843
0.7615950703620911
0.761258065700531
0.7615617513656616
0.7607396841049194
0.7613474130630493
0.7604196071624756
0.7590563893318176
0.7599776387214661
0.7590347528457642
0.7586055397987366
0.7598874568939209
0.7596123218536377
0.7617894411087036
no squeeze
13.589193344116211
1.8513566255569458
1.7577768564224243
1.6719863414764404
1.6713101863861084
1.6675735712051392
1.6807382106781006
1.670161485671997
