no squeeze
382.6752624511719
179.37734985351562
141.16543579101562
67.67606353759766
61.1227912902832
45.77803421020508
42.91606903076172
33.903499603271484
31.979257583618164
25.661949157714844
24.292325973510742
19.749927520751953
18.743078231811523
15.439905166625977
14.714046478271484
12.345381736755371
11.837581634521484
10.174067497253418
9.814535140991211
8.665862083435059
8.41762924194336
7.616482257843018
7.440333843231201
6.884945392608643
6.765377044677734
6.383141040802002
6.302006721496582
6.0387654304504395
5.978845596313477
5.794919013977051
5.755669593811035
5.629031181335449
5.600128650665283
5.512387752532959
5.491499423980713
5.429149627685547
5.417810440063477
5.373204708099365
5.365933895111084
5.3328776359558105
5.3269453048706055
5.308936595916748
5.300951957702637
5.291862487792969
5.287267208099365
5.276007652282715
5.272927284240723
5.264473915100098
5.264253616333008
5.264742374420166
5.2612457275390625
5.254502773284912
5.256514072418213
5.2556843757629395
no squeeze
390.1395568847656
242.4820098876953
206.1674041748047
106.51114654541016
93.66796875
70.41351318359375
67.27674102783203
58.59016036987305
56.8603515625
51.3654899597168
50.169864654541016
46.20377731323242
45.3298225402832
42.397769927978516
41.73085403442383
39.519222259521484
39.011146545410156
37.372886657714844
36.99459457397461
35.77177810668945
35.49859619140625
34.61425018310547
34.42031478881836
33.79315948486328
33.65061950683594
33.193695068359375
33.103946685791016
32.78335189819336
32.70668029785156
32.48374557495117
32.428428649902344
32.26679611206055
32.23384475708008
32.10352325439453
32.0796012878418
31.992881774902344
31.968097686767578
31.890451431274414
31.878538131713867
31.836181640625
31.825061798095703
31.775724411010742
31.773488998413086
31.73188018798828
31.73737144470215
31.72130584716797
31.707950592041016
31.70442771911621
31.6889705657959
31.668453216552734
31.66343879699707
31.655330657958984
31.642902374267578
31.635334014892578
31.638761520385742
31.648408889770508
no squeeze
388.5531921386719
276.0259704589844
243.98907470703125
130.09861755371094
108.91490173339844
66.02791595458984
61.01436233520508
48.089195251464844
45.61060333251953
37.900691986083984
36.245914459228516
30.821256637573242
29.602394104003906
25.47748565673828
24.538597106933594
21.27962875366211
20.51804542541504
17.86478042602539
17.242534637451172
15.060979843139648
14.546199798583984
12.737071990966797
12.311734199523926
10.821516990661621
10.469518661499023
9.23962116241455
8.952958106994629
7.94189453125
7.7051472663879395
6.879848003387451
6.6825337409973145
6.001130104064941
5.840958118438721
5.282131195068359
5.149877548217773
4.693585395812988
4.586701393127441
4.206774711608887
4.1205830574035645
3.820371150970459
3.745922088623047
3.4929044246673584
3.4322378635406494
3.222669839859009
3.173158884048462
2.998593330383301
2.958127498626709
2.8133506774902344
2.7791175842285156
2.654097557067871
2.627467632293701
2.5273516178131104
2.503309488296509
2.420654296875
2.3976166248321533
2.3232007026672363
2.3053526878356934
2.2421507835388184
2.2266125679016113
2.1720776557922363
2.1594431400299072
2.1124393939971924
2.1011922359466553
2.0615479946136475
2.051795482635498
2.0182347297668457
2.009366750717163
1.9789557456970215
1.9707673788070679
1.9427579641342163
1.936905860900879
1.9128851890563965
1.9076511859893799
1.8862348794937134
1.8816770315170288
1.8623086214065552
1.8578742742538452
1.8408005237579346
1.8361443281173706
1.8236650228500366
1.819281816482544
1.8043462038040161
1.801060676574707
1.7888944149017334
1.78580641746521
1.7759722471237183
1.772639274597168
1.7634897232055664
1.7605465650558472
1.750474214553833
1.7491179704666138
1.7425709962844849
1.7394510507583618
1.7327073812484741
1.7302775382995605
1.723780632019043
1.7213011980056763
1.7155228853225708
1.7148689031600952
1.7097879648208618
1.7075462341308594
1.7016373872756958
1.7004421949386597
1.6966267824172974
1.6947647333145142
1.6906193494796753
1.6897609233856201
1.685685396194458
1.6833242177963257
1.6799471378326416
1.678916096687317
1.6766629219055176
1.6755789518356323
1.6716036796569824
1.6707308292388916
1.667602300643921
1.666945457458496
1.6634432077407837
1.6624480485916138
1.6591259241104126
1.6595463752746582
1.6578086614608765
1.6559542417526245
1.6529321670532227
1.65261709690094
1.6509805917739868
1.6506632566452026
1.6482032537460327
1.647923469543457
1.6469013690948486
1.6461557149887085
1.6432631015777588
1.6432056427001953
1.641832709312439
1.640994906425476
1.6391710042953491
1.6377323865890503
1.6364690065383911
1.6368769407272339
1.6355799436569214
1.635224461555481
1.6329026222229004
1.632735252380371
1.6320692300796509
1.6307423114776611
1.6297959089279175
1.6283005475997925
1.6286358833312988
1.6284701824188232
1.6270033121109009
1.6263923645019531
1.6250380277633667
1.6249312162399292
1.6247812509536743
1.624229907989502
1.6229809522628784
1.6241111755371094
1.622695803642273
1.6223375797271729
1.620908260345459
1.6212031841278076
1.621610403060913
no squeeze
390.17059326171875
319.4386901855469
295.6276550292969
193.07049560546875
169.58200073242188
116.73860931396484
110.42850494384766
94.42729187011719
91.49691772460938
82.68640899658203
80.91004180908203
75.14803314208984
73.90052795410156
69.76488494873047
68.83314514160156
65.6785888671875
64.94428253173828
62.41696548461914
61.834068298339844
59.77665710449219
59.287445068359375
57.546207427978516
57.110294342041016
55.59969711303711
55.229759216308594
53.90428924560547
53.550514221191406
52.32181167602539
52.02704620361328
50.941524505615234
50.64771270751953
49.60739517211914
49.352081298828125
48.37626647949219
48.12908172607422
47.24715805053711
47.04529571533203
46.113319396972656
45.9108772277832
45.10256576538086
44.88386154174805
44.10867691040039
43.9525032043457
43.19342803955078
43.004676818847656
42.333465576171875
42.163429260253906
41.49913787841797
41.361297607421875
40.719791412353516
40.55906295776367
39.97702407836914
39.82950210571289
39.264617919921875
39.125709533691406
38.6405029296875
38.468135833740234
37.94766616821289
37.82795715332031
37.311283111572266
37.18796920776367
36.71849822998047
36.62351989746094
36.15107345581055
36.04245376586914
35.575347900390625
35.477256774902344
35.036991119384766
34.9697380065918
34.512184143066406
34.4089241027832
34.022090911865234
33.90816879272461
33.533714294433594
33.417293548583984
33.0590934753418
32.972652435302734
32.60185241699219
32.54279708862305
32.19674301147461
32.11322784423828
31.775218963623047
31.694650650024414
31.403383255004883
31.324281692504883
31.029829025268555
30.957874298095703
30.6999454498291
30.62262535095215
30.377866744995117
30.340700149536133
30.095367431640625
30.04181480407715
29.79448699951172
29.731914520263672
29.54478645324707
29.487083435058594
29.29359245300293
29.25227928161621
29.08328628540039
29.015548706054688
28.861791610717773
28.809555053710938
28.65068244934082
28.6084041595459
28.458097457885742
28.408836364746094
28.287755966186523
28.239093780517578
28.122692108154297
28.09819793701172
27.971412658691406
27.927701950073242
27.798463821411133
27.761798858642578
27.6401424407959
27.598743438720703
27.494783401489258
27.456815719604492
27.352224349975586
27.313175201416016
27.230812072753906
27.183574676513672
27.086578369140625
27.057804107666016
27.0162296295166
26.98774528503418
26.859153747558594
26.81407356262207
26.732009887695312
26.688077926635742
26.64369010925293
26.592039108276367
26.519155502319336
26.484142303466797
26.418235778808594
26.389339447021484
26.30672264099121
26.371618270874023
26.220321655273438
26.292739868164062
26.16109848022461
26.12049102783203
26.053739547729492
26.060562133789062
25.981271743774414
25.95551109313965
25.95035171508789
25.885427474975586
25.853059768676758
25.820404052734375
25.842355728149414
25.774089813232422
25.711132049560547
25.69872283935547
25.662921905517578
25.655916213989258
25.683130264282227
25.617441177368164
25.562877655029297
25.559492111206055
25.52157974243164
25.4936580657959
25.467039108276367
25.494850158691406
25.449975967407227
25.42527961730957
25.397966384887695
25.39582633972168
25.34916877746582
25.363536834716797
25.325632095336914
25.31526756286621
25.291465759277344
25.269084930419922
25.24530029296875
25.23067283630371
25.23314094543457
25.228776931762695
25.19672203063965
25.195110321044922
25.212726593017578
25.148622512817383
25.115938186645508
25.121828079223633
25.115604400634766
25.096830368041992
25.08323097229004
25.0939884185791
25.053098678588867
25.06747055053711
25.037765502929688
25.03145408630371
25.023319244384766
25.010053634643555
24.981054306030273
25.024063110351562
24.980106353759766
24.96866226196289
25.003398895263672
no squeeze
386.13031005859375
270.6001281738281
242.09071350097656
150.79014587402344
134.13807678222656
96.18323516845703
90.9320068359375
77.2651138305664
74.73470306396484
67.02271270751953
65.44884490966797
60.35730743408203
59.24949264526367
55.582069396972656
54.76153564453125
52.016456604003906
51.39380645751953
49.278385162353516
48.75750732421875
46.96599197387695
46.553104400634766
45.08496856689453
44.727638244628906
43.44082260131836
43.12422180175781
42.04689407348633
41.775245666503906
40.82661437988281
40.582481384277344
39.805694580078125
39.56285858154297
38.832618713378906
38.66403579711914
38.05680465698242
37.9081916809082
37.34477233886719
37.213905334472656
36.74555969238281
36.625370025634766
36.2130012512207
36.11606979370117
35.75129699707031
35.689971923828125
35.35987091064453
35.290706634521484
35.009849548339844
34.93766784667969
34.707340240478516
34.638755798339844
34.43421936035156
34.38169479370117
34.193397521972656
34.15047836303711
33.9862174987793
33.94985580444336
33.808502197265625
33.78050231933594
33.65207290649414
33.618892669677734
33.51527786254883
33.4970817565918
33.367156982421875
33.325233459472656
33.25068283081055
33.21254348754883
33.174224853515625
33.13801956176758
33.02426528930664
33.00006103515625
32.93426513671875
32.90357208251953
32.8688850402832
32.82686996459961
32.761077880859375
32.74784851074219
32.6893424987793
32.693214416503906
32.61566925048828
32.62542724609375
32.54940414428711
32.539310455322266
32.50533676147461
32.480316162109375
32.44534683227539
32.421077728271484
32.38620376586914
32.39673614501953
32.32549285888672
32.32171630859375
32.28614807128906
32.3082160949707
32.260746002197266
32.245445251464844
32.18904495239258
32.17433166503906
32.16299057006836
32.13703536987305
32.11650085449219
32.09482955932617
32.06861114501953
32.07561111450195
32.03678894042969
32.038814544677734
32.012611389160156
32.014007568359375
31.975513458251953
31.961650848388672
31.951539993286133
31.93600082397461
31.920989990234375
31.908422470092773
31.900625228881836
31.896629333496094
31.8621768951416
31.85308837890625
31.84443473815918
31.855022430419922
31.82311248779297
31.842056274414062
31.838886260986328
no squeeze
381.35491943359375
166.82090759277344
136.17613220214844
91.04764556884766
86.94548034667969
77.61447143554688
76.17596435546875
72.59403991699219
72.0202865600586
70.5580062866211
70.31964874267578
69.7282943725586
69.69341278076172
69.3934097290039
69.36154174804688
69.2792739868164
69.24596405029297
69.20956420898438
69.21576690673828
69.17091369628906
69.19029235839844
69.17958068847656
