no squeeze
1.2668571472167969
0.4315800368785858
0.18035048246383667
0.08298737555742264
0.03691224008798599
0.020458830520510674
0.015651412308216095
0.01040696818381548
0.006758769508451223
0.00510065071284771
0.0031997717451304197
0.0025002476759254932
0.002029708120971918
0.0018257140181958675
0.0010608971351757646
0.0011207524221390486
0.0007700416608713567
0.0007807916263118386
0.0006647292175330222
0.000540523265954107
0.00042847543954849243
0.00041342314216308296
0.0004762844182550907
0.000502264010719955
0.00047704283497296274
0.00041959655936807394
0.0002901901607401669
0.00037782188155688345
0.00027319262153469026
0.0002799141511786729
0.00025609470321796834
0.00013598574150819331
0.00020133783982601017
0.0001717612612992525
0.00011787671246565878
0.0001726911577861756
0.00011989503400400281
0.00015032938972581178
0.0006559091270901263
0.00019350371439941227
0.000294315890641883
0.00010534803004702553
0.0001365389471175149
8.150647772708908e-05
6.901946471771225e-05
7.024658407317474e-05
6.029560245224275e-05
8.593680831836537e-05
5.7650686358101666e-05
7.255673699546605e-05
9.837056859396398e-05
7.832384289940819e-05
0.00038190121995285153
4.9672140448819846e-05
5.809327922179364e-05
0.00011019504017895088
0.0001209596885018982
5.854067057953216e-05
4.3198680941713974e-05
7.687523611821234e-05
3.988094613305293e-05
3.945753269363195e-05
0.0001640433183638379
7.071314757922664e-05
3.718468360602856e-05
3.3600030292291194e-05
9.903033060254529e-05
3.531369657139294e-05
3.573792491806671e-05
3.9571230445289984e-05
6.31004004389979e-05
5.249657260719687e-05
0.0001004114092211239
9.285036503570154e-05
0.0033724161330610514
0.003266761777922511
no squeeze
1.4002125263214111
0.5836764574050903
0.3623164892196655
0.2559097111225128
0.17728130519390106
0.1573742777109146
0.12222088128328323
0.11521313339471817
0.1080656573176384
0.10700654238462448
0.09412182122468948
0.08927030116319656
0.08562099188566208
0.07481720298528671
0.0686139240860939
0.06831102073192596
0.07364774495363235
0.06767421960830688
0.08210336416959763
0.06561802327632904
0.06827816367149353
0.06465711444616318
0.07608353346586227
0.07039083540439606
0.06131434068083763
0.07164597511291504
0.0593559704720974
0.06837639957666397
0.05960572138428688
0.0629361942410469
0.0574406199157238
0.05698556452989578
0.057088740170001984
0.057753004133701324
0.06457526981830597
0.061930883675813675
0.05843852460384369
0.05882878229022026
0.061746980994939804
0.05757860839366913
0.060420140624046326
0.047178879380226135
0.06029336526989937
0.051206231117248535
0.06379201263189316
0.05593761056661606
0.06786338984966278
0.05101710930466652
0.05518130958080292
0.05145364627242088
0.04765581339597702
0.0513363815844059
no squeeze
1.3428844213485718
0.6327111124992371
0.4233485758304596
0.2811213731765747
0.18527932465076447
0.12821802496910095
0.09283021092414856
0.08513948321342468
0.0626714676618576
0.04643482342362404
0.03521499037742615
0.0348605252802372
0.02531934157013893
0.03075038641691208
0.035436566919088364
0.01839003711938858
0.01730847731232643
0.01895955577492714
0.01781490445137024
0.01459889579564333
0.01754256896674633
0.011030755937099457
0.012372979894280434
0.01052563264966011
0.007361812982708216
0.006670297123491764
0.006159936543554068
0.007247232832014561
0.004602715838700533
0.005163123365491629
0.0035608545877039433
0.0032499448861926794
0.0028994083404541016
0.002823880407959223
0.002704767044633627
0.004356370773166418
0.01260741613805294
0.0067918021231889725
0.004889665637165308
0.009775620885193348
0.003967666998505592
0.0033055515959858894
0.002746473765000701
0.002486998913809657
0.00457151560112834
0.008096096105873585
0.00409381790086627
0.004034878220409155
0.00460464833304286
0.003390055149793625
0.0024878878612071276
0.003779353341087699
0.0022978014312684536
0.01006126869469881
0.04143267869949341
0.02884346805512905
0.006511903367936611
0.003427659859880805
0.003043605713173747
0.002188893500715494
0.0024825858417898417
0.0022165486589074135
0.0029104924760758877
0.001912049250677228
0.0015447126934304833
0.0014795904280617833
0.0034832025412470102
0.0026513123884797096
0.0024391922634094954
0.004785631317645311
0.00379744591191411
0.009789686650037766
0.0064147054217755795
0.002257431158795953
0.009681624360382557
0.005401730537414551
no squeeze
1.6332300901412964
0.7983450889587402
0.6554314494132996
0.5440985560417175
0.4587342441082001
0.39947113394737244
0.35224899649620056
0.3345933258533478
0.2971540093421936
0.262125164270401
0.24489529430866241
0.22389397025108337
0.20488888025283813
0.2088581919670105
0.1789686232805252
0.1687878668308258
0.17087334394454956
0.15893995761871338
0.14521239697933197
0.13726887106895447
0.13680048286914825
0.13239267468452454
0.12869690358638763
0.12081427127122879
0.1162237897515297
0.11183052510023117
0.1105891540646553
0.10148020088672638
0.10228908061981201
0.10064326971769333
0.09406470507383347
0.09525088965892792
0.09322024881839752
0.09095419943332672
0.08546124398708344
0.08191727101802826
0.09582432359457016
0.0792616531252861
0.08497686684131622
0.07717546075582504
0.07624511420726776
0.07765557616949081
0.07495350390672684
0.06865997612476349
0.06957926601171494
0.07040980458259583
0.07273855805397034
0.06501114368438721
0.06769299507141113
0.0653114840388298
0.06704514473676682
0.06432672590017319
0.06208014115691185
0.05917995050549507
0.06126225367188454
0.0573587603867054
0.05928182601928711
0.057928405702114105
0.059397097676992416
0.0563974566757679
0.05780842900276184
0.05748366564512253
0.05436144769191742
0.05230504274368286
0.057390157133340836
0.0509905144572258
0.05235477536916733
0.05618569254875183
0.05340198427438736
0.05170763283967972
0.052159007638692856
0.05347833409905434
0.048239998519420624
0.05343586578965187
0.054923634976148605
0.05272098630666733
0.04739988222718239
0.052818600088357925
0.05022438243031502
0.04840961471199989
0.047289032489061356
0.04683534428477287
0.050075218081474304
0.044100433588027954
0.04753999412059784
0.046659473329782486
0.047560956329107285
0.0491052083671093
0.04722460359334946
0.04800005629658699
0.04509710147976875
0.04437590017914772
0.04966440796852112
0.04652281478047371
no squeeze
1.657791018486023
0.6823941469192505
0.4685567021369934
0.3729252815246582
0.3142792284488678
0.25243863463401794
0.22704218327999115
0.18530090153217316
0.17258164286613464
0.15547329187393188
0.14614123106002808
0.1366187185049057
0.1266961246728897
0.11848900467157364
0.115480437874794
0.1140981987118721
0.1030958890914917
0.10143028944730759
0.0864352434873581
0.08670414984226227
0.08374843001365662
0.07956317812204361
0.07445146888494492
0.07380256056785583
0.07181902974843979
0.06413993239402771
0.07153785228729248
0.07612959295511246
0.07107280194759369
0.06702911853790283
0.06086680665612221
0.06099175289273262
0.05708037316799164
0.06223258748650551
0.05313477665185928
0.0494287870824337
0.04715539142489433
0.05368141829967499
0.05217714607715607
0.04534273222088814
0.04927694424986839
0.05069417506456375
0.04908221960067749
0.04268287867307663
0.04679947718977928
0.04808371514081955
0.04780120402574539
0.04303310811519623
0.047169771045446396
0.03894585371017456
0.04384659603238106
0.040808264166116714
0.043775495141744614
0.04023333638906479
0.03620130196213722
0.04236207529902458
0.03838929906487465
0.035218603909015656
0.03384566307067871
0.036756083369255066
0.0367126390337944
0.0339355431497097
0.03629854694008827
0.03598679229617119
0.03614114224910736
0.03125344589352608
0.03179021179676056
0.03397517651319504
0.03311166539788246
0.03834358602762222
0.039958931505680084
0.03663183003664017
0.03508715704083443
0.03234722465276718
0.03237726911902428
0.03086596354842186
0.03394322842359543
0.031990256160497665
0.029494009912014008
0.02972593531012535
0.03547275438904762
0.028893355280160904
0.030488211661577225
0.02902952954173088
0.03232194855809212
0.03000175766646862
0.030296778306365013
0.0312955267727375
0.028173966333270073
0.027351299300789833
0.02790304832160473
0.029967518523335457
0.02911342866718769
0.030758455395698547
0.02968115545809269
0.02484624646604061
0.02820313349366188
0.028635282069444656
0.02586454153060913
0.027343759313225746
0.02415328659117222
0.026074569672346115
0.0299109797924757
0.025977564975619316
0.024583958089351654
0.03360801562666893
0.02854933962225914
0.024300653487443924
0.0271456278860569
0.028925010934472084
0.024268394336104393
no squeeze
1.8777244091033936
0.5854392051696777
0.3041130304336548
0.1763494610786438
0.2201327234506607
0.18666762113571167
0.17758168280124664
0.1566852182149887
0.12010716646909714
0.12845848500728607
0.13427427411079407
0.148454487323761
0.10882164537906647
0.12183598428964615
0.16358809173107147
0.12167058885097504
0.10257073491811752
0.11341577768325806
0.1083652675151825
0.0861915871500969
0.10665687918663025
0.09265537559986115
0.0868615210056305
0.08467759937047958
0.1109260842204094
0.0883147120475769
0.08488960564136505
0.07595241814851761
0.10819893330335617
0.10679659992456436
0.10873755812644958
0.09879150241613388
0.1658293753862381
0.1132710725069046
0.1255607306957245
0.17263922095298767
0.08605099469423294
0.09042380750179291
