no squeeze
1.9783873558044434
0.592458188533783
0.3626458942890167
0.2130260020494461
0.1621321439743042
0.11725324392318726
0.09280317276716232
0.07869456708431244
0.07582380622625351
0.07178351283073425
0.05330423265695572
0.05492722615599632
0.04653320088982582
0.053635913878679276
0.05423477664589882
0.04172184318304062
0.06361254304647446
0.038300223648548126
0.04126033931970596
0.03820415213704109
0.034548044204711914
0.03159015253186226
0.04037603735923767
0.026586532592773438
0.023327605798840523
0.02509808912873268
0.03536029905080795
0.029386285692453384
0.03921672701835632
0.046216294169425964
0.052260126918554306
0.03633547201752663
0.020817356184124947
0.024000393226742744
0.03064774163067341
0.022255124524235725
0.05673805996775627
0.027211690321564674
0.027591368183493614
0.027709675952792168
0.026334766298532486
0.025535481050610542
0.03106624446809292
no squeeze
1.9801546335220337
0.6629645824432373
0.3943774402141571
0.22860190272331238
0.14305035769939423
0.10984762758016586
0.07388801127672195
0.07663696259260178
0.04424500837922096
0.042211078107357025
0.03939954191446304
0.03277641534805298
0.0231704693287611
0.02280365116894245
0.020474232733249664
0.020881135016679764
0.0193887110799551
0.013035185635089874
0.011368107050657272
0.011246354319155216
0.013259362429380417
0.00877974834293127
0.009952763095498085
0.01039899606257677
0.010732795111835003
0.013111455366015434
0.009492074139416218
0.005532804876565933
0.005866795778274536
0.006745913531631231
0.010341127403080463
0.011188876815140247
0.01960545964539051
0.01016200426965952
0.0070000444538891315
0.004929802380502224
0.006262240000069141
0.007280466612428427
0.004931600298732519
0.0032161162234842777
0.005186800844967365
0.007783929817378521
0.004315545782446861
0.009287473745644093
0.009461639449000359
0.004973295610398054
0.006892429664731026
0.009749267250299454
0.019255459308624268
0.011895760893821716
no squeeze
2.4912943840026855
1.006630301475525
0.6873965263366699
0.5537850856781006
0.4009867012500763
0.3300662040710449
0.2407013475894928
0.40363144874572754
0.19902952015399933
0.14268769323825836
0.12361698597669601
0.18334686756134033
0.10842645168304443
0.10603851824998856
0.08582974225282669
0.18174538016319275
0.07889264076948166
0.05637039989233017
0.0751497745513916
0.05012906342744827
0.047167327255010605
0.04231790453195572
0.030843356624245644
0.05169564485549927
0.05713503807783127
0.03416810557246208
0.0485401526093483
0.04727872833609581
0.02615588903427124
0.028074689209461212
0.03979779779911041
0.031918685883283615
0.021183110773563385
0.020727604627609253
0.01925380900502205
0.013215775601565838
0.01312681008130312
0.0251615010201931
0.015458144247531891
0.015392648987472057
0.012577642686665058
0.010792720131576061
0.01104549877345562
0.01154498290270567
0.026515992358326912
0.013751610182225704
0.022528935223817825
0.02338993176817894
0.013878862373530865
0.0076920813880860806
0.012182592414319515
0.09030753374099731
0.032869577407836914
0.028114836663007736
0.02571004070341587
0.009672434069216251
0.016516033560037613
0.030445430427789688
0.01672225072979927
0.04629826545715332
no squeeze
2.0146937370300293
0.9248595833778381
0.7317884564399719
0.6355686783790588
0.5622352957725525
0.48081231117248535
0.43725982308387756
0.3885655105113983
0.3745292127132416
0.3524157404899597
0.31525447964668274
0.29012924432754517
0.28710874915122986
0.26216307282447815
0.25108280777931213
0.23230493068695068
0.21737512946128845
0.20367948710918427
0.19104747474193573
0.18392737209796906
0.1855439692735672
0.18780478835105896
0.17316760122776031
0.16746747493743896
0.1564616709947586
0.14534303545951843
0.1441926509141922
0.14571039378643036
0.14469198882579803
0.1378992348909378
0.12708961963653564
0.1191263198852539
0.12178561091423035
0.10938683152198792
0.10681477934122086
0.10297663509845734
0.10413453727960587
0.11043810844421387
0.10612074285745621
0.09817085415124893
0.0967947468161583
0.09700097888708115
0.10740029066801071
0.09303602576255798
0.0969415232539177
0.09251143783330917
0.08972129225730896
0.09093383699655533
0.0877833217382431
0.08334396779537201
0.08501479029655457
0.07704068720340729
0.07524903118610382
0.07558832317590714
0.08791577070951462
0.08223126828670502
0.08104568719863892
0.0761038064956665
0.07574952393770218
0.06796106696128845
0.0678371787071228
0.07528983801603317
0.06652035564184189
0.06682495027780533
0.06463582813739777
0.06339509785175323
0.0694347470998764
0.07468540966510773
0.06428387016057968
0.06485984474420547
0.06173744425177574
0.059824466705322266
0.05987439677119255
0.056362349539995193
0.07509612292051315
0.05861746147274971
0.06353453546762466
0.05873798206448555
0.059151146560907364
0.061917781829833984
0.05228829011321068
0.05795399472117424
0.05895695835351944
0.06232186779379845
0.057266172021627426
0.05377588048577309
0.06149199604988098
0.05274060368537903
0.060008056461811066
0.053809285163879395
0.05984150245785713
no squeeze
2.166140556335449
0.8150644898414612
0.590836763381958
0.4557034373283386
0.3630368709564209
0.30130183696746826
0.2731415927410126
0.23623989522457123
0.20995984971523285
0.19655629992485046
0.17444565892219543
0.1876024305820465
0.15227456390857697
0.13939790427684784
0.13620872795581818
0.13756687939167023
0.11599424481391907
0.1155954971909523
0.124845951795578
0.10939695686101913
0.09525471180677414
0.10125082731246948
0.09970558434724808
0.0937771275639534
0.102167509496212
0.0998450219631195
0.07961530238389969
0.07720077782869339
0.08309723436832428
0.09224320948123932
0.07592961192131042
0.07641170173883438
0.07909055799245834
0.07055956870317459
0.0733335018157959
0.07178681343793869
0.057435043156147
0.05816236138343811
0.06509023904800415
0.06420116871595383
0.05832179635763168
0.05908350646495819
0.0618022084236145
0.07088696211576462
0.05434412881731987
0.05781488120555878
0.052289459854364395
0.05135698243975639
0.0468122772872448
0.05376238748431206
0.05229943245649338
0.04602319374680519
0.051196277141571045
0.04814966022968292
0.04890055954456329
0.042935214936733246
0.05368124321103096
0.04627173766493797
0.06165671721100807
0.055875834077596664
0.04685669019818306
0.044486213475465775
0.047595858573913574
0.05288469046354294
0.039845675230026245
0.04029140621423721
0.05821642279624939
0.04653268679976463
0.04557590186595917
0.05380469560623169
0.040694527328014374
0.043148912489414215
0.03811679407954216
0.04371192678809166
0.03504092991352081
0.043581582605838776
0.037453826516866684
0.035305630415678024
0.03615103289484978
0.03466406464576721
0.03462599590420723
0.034292593598365784
0.037056099623441696
0.05510049685835838
0.034667909145355225
0.037729520350694656
0.03861966356635094
0.036180611699819565
0.041768305003643036
0.039079565554857254
0.03374417871236801
0.033745139837265015
0.036176662892103195
0.03517276421189308
0.032963111996650696
0.03890828788280487
0.04098840057849884
0.03219854459166527
0.0351170189678669
0.03630373626947403
0.03453773632645607
0.035900309681892395
0.038204971700906754
0.03769002482295036
0.030879473313689232
0.029601626098155975
0.03404524177312851
0.03496035188436508
0.0312587209045887
0.02960767038166523
0.037736788392066956
0.032866839319467545
0.029433535411953926
0.025382114574313164
0.03311524912714958
0.027094924822449684
0.031070256605744362
0.027424512431025505
0.03168647736310959
0.033016204833984375
0.03397703915834427
0.02712535299360752
0.02947218343615532
0.02784818224608898
no squeeze
1.80684232711792
0.6358016729354858
0.33501866459846497
0.22520846128463745
0.2253153920173645
0.1895795613527298
0.2543395161628723
0.27903708815574646
0.18230558931827545
0.1734485924243927
0.17646008729934692
0.1578979790210724
0.13332608342170715
0.15668611228466034
0.1607414186000824
0.13690747320652008
0.14725233614444733
0.23575229942798615
0.1657245010137558
0.17104972898960114
0.1504974365234375
0.2062729299068451
0.1422831416130066
