no squeeze
6.598489761352539
0.6117336750030518
0.45355135202407837
0.26321688294410706
0.24630418419837952
0.20978496968746185
0.2047014832496643
0.19058842957019806
0.18869206309318542
0.1850033849477768
0.18336063623428345
0.17985236644744873
0.17926891148090363
0.1770668476819992
0.17693257331848145
0.17565195262432098
0.1753217577934265
0.17561481893062592
0.1754753142595291
0.17441460490226746
0.17464883625507355
0.1739971786737442
0.1744382530450821
0.1740245819091797
no squeeze
6.443095684051514
0.5048104524612427
0.3833646774291992
0.2272566258907318
0.21263612806797028
0.18118564784526825
0.17669276893138885
0.16531972587108612
0.1633228212594986
0.15821576118469238
0.15737955272197723
0.15492451190948486
0.15452301502227783
0.15351343154907227
0.15299972891807556
0.15259528160095215
0.15283675491809845
0.1522872895002365
0.1521122008562088
0.15262384712696075
0.1518816202878952
0.15161117911338806
0.15178222954273224
0.15157049894332886
0.15156400203704834
0.1517033874988556
0.15311181545257568
0.15154069662094116
0.1512119174003601
0.1512494534254074
0.15104201436042786
0.15160204470157623
0.1514245867729187
0.15179651975631714
no squeeze
6.552656650543213
0.7175608277320862
0.4872921407222748
0.1803860366344452
0.15344400703907013
0.09902250021696091
0.0909212976694107
0.06896127015352249
0.06482025980949402
0.05263230577111244
0.049871694296598434
0.04156120866537094
0.03968207538127899
0.03407872095704079
0.03276558965444565
0.028527535498142242
0.027674201875925064
0.024804262444376945
0.024204468354582787
0.022075198590755463
0.021658578887581825
0.020237842574715614
0.01983417011797428
0.018633397296071053
0.018427377566695213
0.017563894391059875
0.017386358231306076
0.01670369692146778
0.016477929428219795
0.01588873565196991
0.015810145065188408
0.01538621261715889
0.01529683731496334
0.014900235459208488
0.014821342192590237
0.01456395536661148
0.01446533203125
0.014258298091590405
0.014221953228116035
0.01400346402078867
0.013932054862380028
0.013729840517044067
0.013716071844100952
0.013571892865002155
0.013565286062657833
0.013428369536995888
0.013441147282719612
0.01326822116971016
0.013248751871287823
0.013169534504413605
0.013145187869668007
0.013120829127728939
0.013063818216323853
0.012994205579161644
0.012979133985936642
0.012920767068862915
0.012901822105050087
0.012881031259894371
0.01287037506699562
0.012817376293241978
0.012794122099876404
0.012742014601826668
0.012803921476006508
0.012756730429828167
no squeeze
6.7167816162109375
2.650907278060913
2.203561305999756
1.4282915592193604
1.3328208923339844
1.08570396900177
1.042341709136963
0.9008383750915527
0.8719492554664612
0.7803144454956055
0.7607672810554504
0.6970837712287903
0.6821686029434204
0.6355122327804565
0.6259962916374207
0.5909671783447266
0.5841899514198303
0.5580461025238037
0.5527439713478088
0.5313575267791748
0.5272735953330994
0.5132583975791931
0.50711989402771
0.4944790005683899
0.4906734526157379
0.47929635643959045
0.4766789674758911
0.46747246384620667
0.46254488825798035
0.4537915885448456
0.45129790902137756
0.4407993257045746
0.4384995400905609
0.4293802082538605
0.4270053803920746
0.4186287522315979
0.4164140522480011
0.4067872166633606
0.40533679723739624
0.3967619240283966
0.3937160074710846
0.3852827250957489
0.3827613592147827
0.37435802817344666
0.37273353338241577
0.3622538447380066
0.36055704951286316
0.3522801697254181
0.34967076778411865
0.34043967723846436
0.3376689553260803
0.32990118861198425
0.3278539478778839
0.31929251551628113
0.3170492649078369
0.3104265630245209
0.30747926235198975
0.2997506260871887
0.29841047525405884
0.29145705699920654
0.29056355357170105
0.2848551869392395
0.2838650643825531
0.27856701612472534
0.27732574939727783
0.2736220061779022
0.2723224461078644
0.2683244049549103
0.26791054010391235
0.26531797647476196
0.26487427949905396
0.26147863268852234
0.26137617230415344
0.25869008898735046
0.2586621046066284
0.2564767599105835
0.25821417570114136
0.25545141100883484
0.2538648545742035
0.25220075249671936
0.2518990635871887
0.2510856091976166
0.2509157061576843
0.24938176572322845
0.24895893037319183
0.24755680561065674
0.2481822669506073
0.24747183918952942
0.2469722181558609
0.24553227424621582
0.24613818526268005
0.2443961352109909
0.24393567442893982
0.24357245862483978
0.2437136024236679
0.243152916431427
0.2426682561635971
0.24216505885124207
0.24287743866443634
0.24142400920391083
0.24073544144630432
0.2397274225950241
0.24032743275165558
0.23940515518188477
0.23933832347393036
0.2392539530992508
0.23813465237617493
0.23743104934692383
0.2372434288263321
0.23621363937854767
0.23664051294326782
0.23614105582237244
0.2354324907064438
0.2349333018064499
0.2348904311656952
0.2344227284193039
0.23394539952278137
0.23342832922935486
0.23266905546188354
0.23411189019680023
0.23237590491771698
0.23150132596492767
0.23205099999904633
0.2310921549797058
0.23156827688217163
0.2316274791955948
no squeeze
6.5447001457214355
1.2691563367843628
1.052646279335022
0.6517144441604614
0.6013140678405762
0.48397138714790344
0.46513301134109497
0.41358789801597595
0.4026155173778534
0.37081944942474365
0.363680362701416
0.34159573912620544
0.3375129997730255
0.3207736909389496
0.31721609830856323
0.3048016428947449
0.30211740732192993
0.2929055094718933
0.29065534472465515
0.2838379740715027
0.28152570128440857
0.27553096413612366
0.2743673324584961
0.27056264877319336
0.2696802318096161
0.26603055000305176
0.26469409465789795
0.2621065080165863
0.2619709074497223
0.25947630405426025
0.2588081657886505
0.2561127543449402
0.25561895966529846
0.25400733947753906
0.25270822644233704
0.25250235199928284
0.25169438123703003
0.2506556510925293
0.2496047019958496
0.24957701563835144
0.24813461303710938
0.24730372428894043
0.24699075520038605
0.24672986567020416
0.2459084838628769
0.24443978071212769
0.24414317309856415
0.2440466433763504
0.2449333667755127
0.24367007613182068
0.24296845495700836
0.24325449764728546
0.2419053167104721
0.24200503528118134
0.24120891094207764
0.2408052384853363
0.240339994430542
0.2390107959508896
0.23971210420131683
0.23891018331050873
0.2380898892879486
0.23925000429153442
0.23826581239700317
0.23747433722019196
0.23755383491516113
0.2369796484708786
0.23718546330928802
0.23569278419017792
0.23775175213813782
0.23580819368362427
no squeeze
5.5011725425720215
0.8610624074935913
0.7616270780563354
0.6676254868507385
0.6652410626411438
0.6632588505744934
0.662177324295044
0.6623585820198059
0.6637778878211975
0.6623338460922241
