no squeeze
13.212430000305176
2.9553282260894775
1.3758734464645386
0.7284647822380066
0.437616765499115
0.23575685918331146
0.13341760635375977
0.11436857283115387
0.08751412481069565
0.06295717507600784
0.06622283160686493
0.048212457448244095
0.03543620556592941
0.023551788181066513
0.018501736223697662
0.028096236288547516
0.032502736896276474
0.019469216465950012
0.008938100188970566
0.014723679050803185
0.01081167347729206
0.04302174597978592
0.05133406072854996
0.02008798159658909
0.041880007833242416
0.01768072135746479
0.007206466980278492
0.03664284572005272
0.02127954550087452
0.0340862013399601
0.02134505659341812
0.010808184742927551
0.007000419311225414
0.009686017408967018
0.016853831708431244
0.010856281965970993
0.023034118115901947
0.005680967587977648
0.011414325796067715
0.007791232783347368
0.011082233861088753
0.02110723778605461
0.014378225430846214
0.05709923803806305
0.05044737458229065
0.005769006442278624
0.00322192651219666
0.01667552813887596
0.009600309655070305
0.0037122650537639856
0.01209728792309761
0.019492950290441513
0.012167660519480705
0.008647636510431767
0.02300155721604824
0.010384720750153065
0.004780853167176247
no squeeze
11.43256950378418
3.678679943084717
2.0002574920654297
1.3118475675582886
0.9890839457511902
0.7730996012687683
0.6186522245407104
0.6977444291114807
0.5319921970367432
0.5590236186981201
0.5747663378715515
0.49479225277900696
0.4764544367790222
0.5116056799888611
0.4212058484554291
0.6101540327072144
0.45155516266822815
0.3980761170387268
0.40992751717567444
0.4369313716888428
0.42409566044807434
0.48028498888015747
0.3730725347995758
0.3457646667957306
0.40293288230895996
0.433390736579895
0.42538121342658997
0.4176332652568817
0.4619891047477722
0.38469773530960083
0.3383331298828125
0.3969290554523468
0.3345208764076233
0.34359243512153625
0.4606754183769226
0.4294186234474182
0.35206159949302673
0.3568829298019409
0.43179136514663696
0.3100680112838745
0.2930942177772522
0.3586255609989166
0.48961910605430603
0.5400609970092773
0.4726106822490692
0.3211161196231842
0.3367602229118347
0.3563535511493683
0.4089744985103607
0.37006938457489014
0.42409688234329224
no squeeze
9.727728843688965
4.0045881271362305
2.8371944427490234
1.8951334953308105
1.4981155395507812
1.1917074918746948
1.4938212633132935
0.9601249098777771
1.0224952697753906
1.0332446098327637
0.7002773284912109
0.4938938021659851
0.5023197531700134
0.4647650718688965
0.5836993455886841
0.3334108293056488
0.36217302083969116
0.49761438369750977
0.3322714865207672
0.31012463569641113
0.22424522042274475
0.2537464201450348
0.5982271432876587
0.3062244653701782
0.2958616614341736
0.68845134973526
0.22772793471813202
0.21252863109111786
0.2921033501625061
0.20206785202026367
0.21601273119449615
0.1956242173910141
0.28791624307632446
0.26023992896080017
0.18379567563533783
0.1348876655101776
0.12031028419733047
0.18050982058048248
0.1313410848379135
0.12576304376125336
0.1278519332408905
0.11745040118694305
0.1909632384777069
0.09371510148048401
0.07891349494457245
0.11056146770715714
0.07475104182958603
0.0756632536649704
0.07038260996341705
0.11034204810857773
0.21130616962909698
0.05613597482442856
0.03798219934105873
0.060331568121910095
0.14314968883991241
0.10394296795129776
0.0692092552781105
0.04671739041805267
0.06510838121175766
0.03769576922059059
0.07256749272346497
0.030448535457253456
0.04035234451293945
0.13963761925697327
0.08466605842113495
0.18815605342388153
0.31010574102401733
0.07962097972631454
0.12858153879642487
0.05789421871304512
0.07758454233407974
0.0685599148273468
no squeeze
10.151979446411133
4.374739170074463
3.297011137008667
2.7546451091766357
2.2900278568267822
1.8928061723709106
1.6974672079086304
1.480258822441101
1.2933967113494873
1.1799379587173462
1.0884552001953125
1.0033012628555298
0.9455087780952454
0.8732835054397583
0.7720901966094971
0.8079920411109924
0.7577754259109497
0.749646782875061
0.7119537591934204
0.7075803279876709
0.7088078260421753
0.6077134013175964
0.6672002077102661
0.6036877036094666
0.5966047048568726
0.5814392566680908
0.528972864151001
0.5368595123291016
0.49122267961502075
0.5340547561645508
0.46970322728157043
0.5020139813423157
0.4468330144882202
0.4113292098045349
0.4352826178073883
0.41769859194755554
0.42996853590011597
0.45632651448249817
0.42636623978614807
0.39300382137298584
0.3628261983394623
0.4036141335964203
0.3974548578262329
0.401825875043869
0.41980573534965515
0.3395685851573944
0.41232913732528687
0.3718031048774719
0.39958298206329346
0.32026147842407227
0.331758975982666
0.3197764754295349
0.3100937306880951
0.3409079313278198
0.34952041506767273
0.3207196295261383
0.3019782304763794
0.27716436982154846
0.29460853338241577
0.28826770186424255
0.2948158383369446
0.32160094380378723
0.29021966457366943
0.284462034702301
0.3115917444229126
0.2780318260192871
0.2716766893863678
0.26628541946411133
0.2673850357532501
0.2950916886329651
0.2525236904621124
0.27881550788879395
0.2782594859600067
0.23230069875717163
0.25038930773735046
0.27679869532585144
0.25756072998046875
0.2291487157344818
0.26923123002052307
0.22434432804584503
0.23434971272945404
0.25486454367637634
0.2261885404586792
0.22179730236530304
0.23425357043743134
0.257510781288147
0.20731377601623535
0.22983922064304352
0.20086795091629028
0.1998833417892456
0.21112243831157684
0.22534242272377014
0.19765067100524902
0.20810946822166443
0.2209504097700119
0.20862260460853577
0.211290180683136
0.1921912133693695
0.21829523146152496
0.20544905960559845
0.212773859500885
0.19799771904945374
0.1888272911310196
0.22279702126979828
0.18772023916244507
0.1741662323474884
0.1973308026790619
0.18912887573242188
0.18767745792865753
0.1844405233860016
0.17748790979385376
0.1825406849384308
0.18363316357135773
0.16390761733055115
0.17308016121387482
0.14372360706329346
0.15415701270103455
0.17213855683803558
0.16844312846660614
0.16966800391674042
0.16759006679058075
0.17886687815189362
0.14610353112220764
0.1618865430355072
0.1692676842212677
0.1521487534046173
no squeeze
13.926867485046387
4.854996681213379
3.3971970081329346
2.535471200942993
1.979555606842041
1.739069938659668
1.4700498580932617
1.2876954078674316
1.1280088424682617
1.0714648962020874
1.0253101587295532
0.88484787940979
0.8751007914543152
0.7987762689590454
0.7490648627281189
0.7051655054092407
0.7215283513069153
0.6976190209388733
0.6443677544593811
0.5552938580513
0.5393906235694885
0.5746393799781799
0.5102096199989319
0.48099204897880554
0.4936347007751465
0.49676716327667236
0.5222368836402893
0.550281822681427
0.4930075705051422
0.46213263273239136
0.392200767993927
0.4558437764644623
0.39612144231796265
0.4632154107093811
0.456310510635376
0.43171563744544983
0.37380194664001465
0.3845764994621277
0.42164477705955505
0.40532922744750977
0.3833978772163391
0.38297387957572937
0.41399306058883667
0.3456597626209259
0.3862897753715515
0.3693157434463501
0.35781970620155334
0.35882776975631714
0.37531396746635437
0.3082367181777954
0.3338759243488312
0.3180857300758362
0.35115060210227966
0.32610461115837097
0.2776917815208435
0.2893836498260498
0.3349607586860657
0.32847192883491516
0.2864842712879181
0.29354557394981384
0.29226648807525635
0.2746104598045349
0.27455079555511475
0.2461322396993637
0.31917351484298706
0.3321184813976288
0.2877131700515747
0.25762608647346497
0.2816902697086334
0.2804364264011383
0.23148372769355774
0.28617894649505615
0.26648882031440735
0.2571777403354645
0.25234732031822205
0.21686235070228577
0.23468926548957825
0.2655065953731537
0.27022531628608704
0.26785916090011597
0.2418188601732254
0.21055375039577484
0.2205498367547989
0.22951556742191315
0.2295999825000763
0.2778318524360657
0.24657590687274933
0.21590426564216614
0.2675110101699829
0.21512135863304138
0.18374450504779816
0.21346911787986755
0.20872662961483002
0.224319189786911
0.1968873143196106
0.24454882740974426
0.20220308005809784
0.19954858720302582
0.20101355016231537
0.1941806972026825
0.18567243218421936
no squeeze
5.814171314239502
1.6768903732299805
1.0095921754837036
0.921343207359314
0.8563192486763
0.5035317540168762
0.5502660870552063
0.6663318276405334
0.9450236558914185
0.5314632654190063
0.4248131215572357
0.6500899791717529
0.4744664430618286
0.27312272787094116
0.2649959623813629
0.9725182056427002
0.3960166871547699
0.795904278755188
0.37379568815231323
0.4745035469532013
0.7704730033874512
0.4179377257823944
0.4588739573955536
0.3288120627403259
0.7234485149383545
