no squeeze
7.761643409729004
2.1135575771331787
1.2518972158432007
0.8300774097442627
0.7662918567657471
0.656420111656189
0.6748873591423035
0.5468224287033081
0.48489415645599365
0.42201802134513855
0.44603586196899414
0.5876659154891968
0.4865134656429291
0.46256810426712036
0.4632117450237274
0.582451581954956
0.4445517957210541
0.4017682373523712
0.4101129174232483
0.4681885838508606
0.45838645100593567
0.4056606888771057
0.41780927777290344
0.36010971665382385
0.3903184235095978
0.37507155537605286
0.48053672909736633
0.4433942139148712
0.39000898599624634
0.4249109923839569
0.33601173758506775
0.34262514114379883
0.40241020917892456
0.44770991802215576
0.41208165884017944
0.40532153844833374
0.3657250702381134
0.5572342276573181
0.42275434732437134
0.3380182385444641
0.5361315011978149
no squeeze
9.246638298034668
2.3200314044952393
1.256264567375183
0.8466233015060425
0.8114112615585327
0.6051514148712158
0.6608712077140808
0.5634425282478333
0.5655403137207031
0.4664297103881836
0.5237672924995422
0.48348551988601685
0.45740383863449097
0.3685252070426941
0.4271716773509979
0.541793704032898
0.3461800813674927
0.48571208119392395
0.42639902234077454
0.3395722806453705
0.36628076434135437
0.46865156292915344
0.3824522793292999
0.3332710564136505
0.4161122441291809
0.4655119776725769
0.45435723662376404
0.3881816565990448
0.32574185729026794
0.4285028576850891
0.3708398640155792
0.38882893323898315
0.44262680411338806
0.5187247395515442
0.36559298634529114
0.3350645899772644
0.39088916778564453
0.3475031554698944
0.426871120929718
no squeeze
10.305996894836426
3.798708915710449
2.1665866374969482
1.953116536140442
1.5332376956939697
1.1726981401443481
1.099217176437378
1.1196550130844116
1.1552468538284302
1.0042061805725098
0.9597584009170532
1.1568936109542847
1.0116558074951172
1.2762610912322998
1.2542328834533691
1.1335222721099854
0.9442533850669861
0.7782443761825562
0.6703439950942993
0.8013648986816406
0.8662324547767639
0.6206356883049011
1.075463056564331
1.3093056678771973
1.0402016639709473
0.6921465992927551
0.6612188816070557
0.5374237298965454
0.5272385478019714
0.8028706908226013
0.9569570422172546
0.787261426448822
1.1235443353652954
0.8307971954345703
0.8184624910354614
0.7429520487785339
0.710198163986206
0.6440491080284119
0.6603939533233643
no squeeze
12.031801223754883
4.036562919616699
2.847018241882324
2.130392074584961
1.7606910467147827
1.5252528190612793
1.2765864133834839
1.2045661211013794
1.012992262840271
1.0093504190444946
0.7816694378852844
0.8082042336463928
0.8115347027778625
0.6899703145027161
0.6495434641838074
0.6360737085342407
0.6266051530838013
0.5856617093086243
0.5581841468811035
0.5127456188201904
0.506891667842865
0.4381166398525238
0.43223828077316284
0.4651848375797272
0.4051046371459961
0.49460625648498535
0.45569536089897156
0.44778501987457275
0.4476294219493866
0.4627200961112976
0.40421175956726074
0.4193567931652069
0.4424041509628296
0.4915262758731842
0.37096747756004333
0.39493528008461
0.41439974308013916
0.4399906098842621
0.4260614216327667
0.3847670257091522
0.42025938630104065
0.36960914731025696
0.382169634103775
0.3850204348564148
0.42952385544776917
0.37033596634864807
0.3772345781326294
0.34625962376594543
0.36615610122680664
0.4161151647567749
0.3965883255004883
0.4652498960494995
0.36234569549560547
0.39339739084243774
0.3454205095767975
0.385271817445755
0.34478747844696045
0.33381396532058716
0.32395634055137634
0.35765576362609863
0.38261711597442627
0.3329291343688965
0.40025946497917175
0.37804967164993286
0.35051998496055603
0.31052201986312866
0.3230609893798828
0.32406505942344666
0.29132041335105896
0.30652910470962524
0.394181489944458
0.33086955547332764
0.3327201008796692
0.3033619523048401
0.3325074315071106
0.34045878052711487
0.28474360704421997
0.3070029616355896
0.31037601828575134
0.3029499650001526
0.32805633544921875
0.2723177969455719
0.28478512167930603
0.27659863233566284
0.3069276809692383
0.2816556692123413
0.3326271176338196
0.3143247663974762
0.2841496765613556
0.2778971493244171
0.2691023349761963
0.28455179929733276
0.25753769278526306
0.291211873292923
0.23897002637386322
0.24288798868656158
0.25412052869796753
0.25720342993736267
0.2808193266391754
0.28569260239601135
0.2509692907333374
0.2878367304801941
0.2826300263404846
0.26346561312675476
0.25746849179267883
no squeeze
9.580521583557129
2.786184310913086
1.6819396018981934
1.2857681512832642
1.0894176959991455
0.9753350615501404
0.8823738694190979
0.721804678440094
0.6667520403862
0.582230269908905
0.5936826467514038
0.5914803743362427
0.5194883942604065
0.5441393852233887
0.5372127890586853
0.5722324252128601
0.5231624245643616
0.45386168360710144
0.43970736861228943
0.4130396246910095
0.400314599275589
0.4413203001022339
0.42368629574775696
0.4756004512310028
0.4571639597415924
0.4781942069530487
0.3914089798927307
0.37151461839675903
0.38168865442276
0.3825642466545105
0.3540562689304352
0.3501102030277252
0.3832552134990692
0.3233902156352997
0.35001808404922485
0.33643391728401184
0.3857167065143585
0.3272470533847809
0.3627397418022156
0.31003904342651367
0.364499032497406
0.2959304451942444
0.3617924451828003
0.2795892059803009
0.3108264207839966
0.31880441308021545
0.29504719376564026
0.2639046311378479
0.285634845495224
0.3099742531776428
0.310006707906723
0.2929653525352478
0.269234836101532
0.31938618421554565
0.3564874827861786
0.3228713870048523
0.29795515537261963
0.29236969351768494
no squeeze
6.641510963439941
1.3056448698043823
0.5774860382080078
0.4142480790615082
0.40273013710975647
0.6684296727180481
0.4274378716945648
0.34006720781326294
0.36252546310424805
0.29516923427581787
0.2818416655063629
0.30920344591140747
0.29936063289642334
0.343077152967453
0.46085551381111145
0.5854968428611755
0.4099002182483673
0.4337851405143738
0.3250748813152313
0.42161229252815247
0.3310190737247467
