no squeeze
455.7515869140625
220.91195678710938
174.94061279296875
80.83186340332031
70.00482940673828
41.597408294677734
36.5297737121582
22.752981185913086
20.38572883605957
14.325201988220215
13.269256591796875
10.30871868133545
9.723552703857422
7.8817667961120605
7.4824748039245605
6.165987491607666
5.872247695922852
4.900853633880615
4.673123836517334
3.903346538543701
3.7387630939483643
3.155348062515259
3.023528814315796
2.5656189918518066
2.4702200889587402
2.117220878601074
2.033755302429199
1.763648509979248
1.7027238607406616
1.4809309244155884
1.4324437379837036
1.2625726461410522
1.2243211269378662
1.0882972478866577
1.058229684829712
0.9502320885658264
0.9249646067619324
0.8377798199653625
0.8179821968078613
0.7430117726325989
0.7248542308807373
0.6634634733200073
0.6483362913131714
0.5952271223068237
0.5831464529037476
0.5382606983184814
0.5288413166999817
0.4889947474002838
0.478942334651947
0.4438091218471527
0.43509548902511597
0.40469786524772644
0.3974045217037201
0.3704380989074707
0.3643013536930084
0.3406391739845276
0.3348265588283539
0.3120079040527344
0.3072141110897064
0.2880137860774994
0.2842476963996887
0.26593664288520813
0.26184728741645813
0.24569469690322876
0.24185842275619507
0.22753281891345978
0.22401908040046692
0.21078599989414215
0.20853599905967712
0.19560223817825317
0.19313082098960876
0.182501420378685
0.17930848896503448
0.1696498841047287
0.16719576716423035
0.15776966512203217
0.15618829429149628
0.14750279486179352
0.14549313485622406
0.1377977579832077
0.1359008401632309
0.12970316410064697
0.12822437286376953
0.1217227429151535
0.11969450116157532
0.11425706744194031
0.11259066313505173
0.10728368163108826
0.10635793209075928
0.10147570818662643
0.09971395879983902
0.09563130140304565
0.09423399716615677
0.09065402299165726
0.08902321010828018
0.08487328141927719
0.08406426757574081
0.08049755543470383
0.07981615513563156
0.07669099420309067
0.0757020115852356
0.07303445041179657
0.07337328046560287
0.06945010274648666
0.06878458708524704
0.06591139733791351
0.06516467034816742
0.06284286826848984
0.06234288960695267
0.059873756021261215
0.05952835828065872
0.05732154846191406
0.05664956569671631
0.05462376028299332
0.05412309989333153
0.0524684377014637
0.05203044041991234
0.05011798068881035
0.04976765066385269
0.04819021746516228
0.04775834456086159
0.046289656311273575
0.045914921909570694
0.04439361020922661
0.04414018243551254
0.04261329025030136
0.04225829243659973
0.04119425266981125
0.04062872380018234
0.03957221284508705
0.03921858221292496
0.038119737058877945
0.0378994420170784
0.03668897971510887
0.03639109805226326
0.03545735031366348
0.03519026190042496
0.034149978309869766
0.03391540050506592
0.03315877169370651
0.03286778926849365
0.032000429928302765
0.031767841428518295
0.031137844547629356
0.03099721111357212
0.030166443437337875
0.030268318951129913
0.029254786670207977
0.02927551604807377
0.028222963213920593
0.028068551793694496
0.027411872521042824
0.027330689132213593
0.02684902586042881
0.02686760574579239
0.02597852237522602
0.025926820933818817
0.025383057072758675
0.0251871757209301
0.024912187829613686
0.02462701126933098
0.024056382477283478
0.023917237296700478
0.02348426543176174
0.023399559780955315
0.02292581833899021
0.022821318358182907
0.022412024438381195
0.022328238934278488
0.022004039958119392
0.021964946761727333
0.021523453295230865
0.021439315751194954
0.021126676350831985
0.021018482744693756
0.020670540630817413
0.020631730556488037
0.020377879962325096
0.020312273874878883
0.019940197467803955
0.019872348755598068
0.019606923684477806
0.019565150141716003
0.01930457539856434
0.01923001930117607
0.018938802182674408
0.01894335262477398
0.018871502950787544
0.01866205781698227
0.018455609679222107
0.018418775871396065
0.018150748685002327
0.01814369484782219
0.017981983721256256
0.01796836592257023
0.017700593918561935
0.017670370638370514
0.01749197393655777
0.017459381371736526
0.017252212390303612
no squeeze
458.6815185546875
284.1446228027344
244.65518188476562
140.0891571044922
124.20903778076172
79.89134979248047
71.19322967529297
45.795833587646484
41.141090393066406
28.615434646606445
26.501985549926758
20.890445709228516
19.87974739074707
16.934659957885742
16.349458694458008
14.462220191955566
14.04438591003418
12.663102149963379
12.361865997314453
11.342798233032227
11.110799789428711
10.338204383850098
10.166329383850098
9.567268371582031
9.434086799621582
8.975818634033203
8.872984886169434
8.536294937133789
8.446792602539062
8.182921409606934
8.114086151123047
7.911331653594971
7.863774299621582
7.7022504806518555
7.668003559112549
7.5406107902526855
7.517207145690918
7.4324727058410645
7.403018474578857
7.321401596069336
7.3073344230651855
7.248885631561279
7.2304863929748535
7.1852240562438965
7.169449329376221
7.1300835609436035
7.12269401550293
7.087679862976074
7.082700252532959
7.050679683685303
7.042835712432861
7.0198564529418945
7.015691757202148
6.99608039855957
6.990296840667725
6.967668056488037
6.978458404541016
6.955674171447754
6.942883014678955
6.942821979522705
6.928378582000732
6.9166951179504395
6.910726070404053
6.909853458404541
6.9064483642578125
6.894219875335693
6.892938137054443
6.882870197296143
6.8798651695251465
6.8768391609191895
6.871694564819336
6.866374969482422
6.867043972015381
6.860166072845459
6.8656816482543945
6.860563278198242
no squeeze
462.86090087890625
271.4444580078125
225.43106079101562
104.3479995727539
89.11396026611328
54.235687255859375
48.268367767333984
31.417591094970703
28.275413513183594
19.577207565307617
18.05907440185547
13.84272575378418
13.055276870727539
10.754643440246582
10.294669151306152
8.840492248535156
8.528966903686523
7.44660758972168
7.209757328033447
6.3724493980407715
6.179167747497559
5.469629764556885
5.309972286224365
4.7561564445495605
4.6068572998046875
4.073044300079346
3.958132266998291
3.524853229522705
3.4237587451934814
3.038743734359741
2.9585013389587402
2.6536905765533447
2.5808143615722656
2.3085784912109375
2.241255044937134
1.9957343339920044
1.9456117153167725
1.741572380065918
1.6988657712936401
1.5366251468658447
1.4976246356964111
1.3455262184143066
1.3130136728286743
1.1902660131454468
1.1629517078399658
1.0533297061920166
1.0288493633270264
0.9415978789329529
0.9192127585411072
0.8426589965820312
0.8223413825035095
0.7552854418754578
0.7391197681427002
0.6807505488395691
0.6671666502952576
0.6207718849182129
0.6075747609138489
0.5644697546958923
0.55254727602005
0.5134370923042297
0.5042184591293335
0.4708952009677887
0.46267327666282654
0.43242958188056946
0.42581358551979065
0.4006032943725586
0.3942999541759491
0.3714810609817505
0.365447074174881
0.3427443206310272
0.33785879611968994
0.3214660882949829
0.3165169656276703
0.2976070046424866
0.29396024346351624
0.27862271666526794
0.2751635015010834
0.2627565562725067
0.2588575780391693
0.24580155313014984
0.24280689656734467
0.23099805414676666
0.22832664847373962
0.2179136872291565
0.2157539576292038
0.20517650246620178
0.2035851776599884
0.19452649354934692
0.19290466606616974
0.18453094363212585
0.18271127343177795
0.1747988760471344
0.1732858419418335
0.16640134155750275
0.16473817825317383
0.15852102637290955
0.15687477588653564
0.15078642964363098
0.14943581819534302
0.1446586400270462
0.14293259382247925
0.13723412156105042
0.13592348992824554
0.13115693628787994
0.12990491092205048
0.1257360875606537
0.12427681684494019
0.11945086717605591
0.11907006800174713
0.11496775597333908
0.1139020025730133
0.11016305536031723
0.1090955138206482
0.10544737428426743
0.10465294867753983
0.10123107582330704
0.100527323782444
0.09772168844938278
0.09654627740383148
0.0932045504450798
0.09266604483127594
0.08995462208986282
0.08910612761974335
0.08628997951745987
0.08591224253177643
0.08323685824871063
0.08256581425666809
0.08040983229875565
0.07962518185377121
0.07720597088336945
0.07646023482084274
0.0737215206027031
0.07338621467351913
0.07100825011730194
0.07091553509235382
0.06908968836069107
0.06829167157411575
0.06618252396583557
0.06565118581056595
0.06378642469644547
0.06337220966815948
0.06156010553240776
0.06109490245580673
0.05915796011686325
0.05881306901574135
0.05721631646156311
0.05676165968179703
0.055259350687265396
0.05468757450580597
0.05330796167254448
0.0530109778046608
0.0514804944396019
0.051001761108636856
0.04958606883883476
0.04920189827680588
0.047885775566101074
0.04736911877989769
0.045980531722307205
0.04568726569414139
0.0443040132522583
0.04395707696676254
0.042720895260572433
0.04251198470592499
0.041327569633722305
0.040993425995111465
0.03979875519871712
0.03970380127429962
0.03851231932640076
0.03805944323539734
0.03682533651590347
0.0366450697183609
0.03585416078567505
0.03557664528489113
0.03443527594208717
0.03411724418401718
0.03324218466877937
0.033081717789173126
0.031908631324768066
0.03179139643907547
0.030897963792085648
0.030591286718845367
0.029814772307872772
0.029765535145998
0.02882462926208973
0.02861427702009678
0.02765679359436035
0.02747069112956524
0.026893476024270058
0.026595359668135643
0.025860238820314407
0.025626013055443764
0.025052273645997047
0.024805933237075806
0.024425841867923737
0.024519795551896095
0.023326264694333076
0.02317143976688385
0.022738341242074966
0.022535981610417366
0.021944928914308548
no squeeze
466.0412902832031
415.8322448730469
395.5245056152344
281.2235107421875
245.58590698242188
131.98365783691406
115.12165069580078
79.29471588134766
73.32389831542969
55.74311828613281
52.19416809082031
41.61128616333008
39.554325103759766
33.447349548339844
32.23817825317383
28.58391761779785
27.839548110961914
25.414892196655273
24.894577026367188
23.13529396057129
22.734783172607422
21.40224838256836
21.084022521972656
20.026931762695312
19.809459686279297
18.908008575439453
18.75133514404297
18.018712997436523
17.84036636352539
17.26374053955078
17.12799072265625
16.65567970275879
16.527790069580078
16.08967399597168
15.983640670776367
15.615500450134277
15.53222942352295
15.276097297668457
15.106895446777344
14.804248809814453
14.735645294189453
14.450521469116211
14.382802963256836
14.130579948425293
14.068268775939941
13.80788516998291
13.744032859802246
13.519322395324707
13.454185485839844
13.250118255615234
13.172739028930664
13.044449806213379
12.91388988494873
12.690319061279297
12.627480506896973
12.44422435760498
12.372788429260254
12.153997421264648
12.128867149353027
11.894853591918945
11.85930061340332
11.692150115966797
11.582691192626953
11.375182151794434
11.320332527160645
11.11967945098877
11.066112518310547
10.881667137145996
10.821428298950195
10.625123977661133
10.61476993560791
10.407792091369629
10.347067832946777
10.157833099365234
10.112061500549316
9.949342727661133
9.882244110107422
9.786022186279297
9.666360855102539
9.498800277709961
9.457635879516602
9.305590629577637
9.260676383972168
9.125574111938477
9.07771110534668
8.933248519897461
8.900644302368164
8.766533851623535
8.7239351272583
8.606769561767578
8.576322555541992
8.462385177612305
8.433091163635254
8.331003189086914
8.303274154663086
8.212435722351074
8.188247680664062
8.1043119430542
8.120244026184082
8.012528419494629
7.984562873840332
7.916441917419434
7.8989763259887695
7.836845874786377
7.820948123931885
7.75960636138916
7.759527683258057
7.702879905700684
7.685111045837402
7.638020992279053
7.626900672912598
7.58967399597168
7.567707061767578
7.525356769561768
7.513801097869873
7.481930255889893
7.4649577140808105
7.430314540863037
7.417363166809082
7.40427303314209
7.3807854652404785
7.346269130706787
7.332154273986816
7.299896717071533
7.291573524475098
7.257474899291992
7.249020099639893
7.236387729644775
7.2104010581970215
7.183435440063477
7.1663994789123535
7.1394267082214355
7.1367621421813965
7.097781658172607
7.0970869064331055
7.072246551513672
7.063562870025635
7.035497665405273
7.0161895751953125
6.9904866218566895
6.980249881744385
6.9482245445251465
6.94278621673584
6.915543079376221
6.919344902038574
6.894687175750732
6.881189346313477
6.849767684936523
6.836739540100098
6.808869361877441
6.803610324859619
6.782877445220947
6.771297454833984
6.744845390319824
6.741602420806885
6.712872505187988
6.7053375244140625
6.676764965057373
6.6768341064453125
6.6519999504089355
6.6705474853515625
6.6146321296691895
6.6101531982421875
6.600452423095703
6.607549667358398
6.565894603729248
6.55191707611084
6.538805961608887
6.524704933166504
6.522143363952637
6.5145263671875
6.478940486907959
6.471101760864258
6.465662479400635
6.4466657638549805
6.4245381355285645
6.4203948974609375
6.3994460105896
6.391265392303467
6.3763041496276855
6.372868061065674
6.3490071296691895
6.3515448570251465
6.334443092346191
6.334558963775635
6.302857875823975
6.3003692626953125
6.285251140594482
6.27480936050415
6.259543418884277
6.2518205642700195
6.240195274353027
6.236272811889648
6.213441848754883
6.2120795249938965
6.222795009613037
6.2048540115356445
6.194124698638916
6.184285640716553
6.171527862548828
no squeeze
462.119873046875
306.9228210449219
267.1812744140625
141.71408081054688
120.9681396484375
75.96598052978516
68.9361801147461
48.380287170410156
44.37944412231445
32.418277740478516
30.120561599731445
23.467355728149414
22.204442977905273
18.48794937133789
17.76361656188965
15.521780967712402
15.064202308654785
13.570068359375
13.243645668029785
12.18062973022461
11.957972526550293
11.181167602539062
11.005688667297363
10.432509422302246
10.304750442504883
9.85189151763916
9.748398780822754
9.39724349975586
9.325135231018066
9.034149169921875
8.967805862426758
8.737923622131348
8.682887077331543
8.48945426940918
8.445942878723145
8.280389785766602
8.243043899536133
8.10261058807373
8.067792892456055
7.949819564819336
7.9189019203186035
7.814688682556152
7.793309688568115
7.698183536529541
7.68563175201416
7.591939449310303
7.57586669921875
7.5004401206970215
7.4816131591796875
7.4142746925354
7.398237705230713
7.340201377868652
7.325591564178467
7.272472858428955
7.260505199432373
7.207754135131836
7.198662281036377
7.1484503746032715
7.143037796020508
7.098959445953369
7.086604118347168
7.052310466766357
7.040882587432861
7.004246234893799
6.993708610534668
6.96004581451416
6.952866554260254
6.920515537261963
6.917882442474365
6.883481502532959
6.878637313842773
6.851748943328857
6.850951194763184
6.8139190673828125
6.8077898025512695
6.780840873718262
6.773191928863525
6.754412651062012
6.7482805252075195
6.725674629211426
6.716818332672119
6.697901248931885
6.696714878082275
6.669706344604492
6.665591716766357
6.6491570472717285
6.645339012145996
6.628207206726074
6.633540153503418
6.602950096130371
6.597147464752197
6.578320503234863
6.573880195617676
6.57202672958374
6.564119815826416
6.536776065826416
6.5355916023254395
6.5312819480896
6.516699314117432
6.506814479827881
6.507977485656738
6.486499309539795
6.483847618103027
6.46878719329834
6.463984489440918
6.454718589782715
6.454128742218018
6.441800117492676
6.4336347579956055
6.428872585296631
6.421717166900635
6.414789199829102
6.40898323059082
6.4029412269592285
6.391995429992676
6.3874735832214355
6.3843255043029785
6.38076114654541
6.382503986358643
6.369875431060791
6.361660480499268
6.351812362670898
6.343094825744629
6.334638595581055
6.33159875869751
6.324413776397705
6.327023029327393
6.320425987243652
6.321362018585205
6.308261394500732
6.304892539978027
6.299005508422852
6.295529365539551
6.288500785827637
6.288610458374023
6.2825164794921875
6.2758870124816895
6.2720561027526855
6.272424221038818
6.273824214935303
no squeeze
449.7840881347656
123.22761535644531
94.1436996459961
54.616065979003906
48.6212043762207
32.95513916015625
30.48569679260254
24.85175895690918
24.018489837646484
22.15190887451172
21.87067222595215
21.187108993530273
21.102895736694336
20.789583206176758
20.72972297668457
20.5008544921875
20.510780334472656
20.444149017333984
20.379764556884766
20.214214324951172
20.28333854675293
20.175710678100586
20.118547439575195
20.24355125427246
20.120132446289062
20.016178131103516
20.02092742919922
20.05609703063965
