no squeeze
5.000506401062012
1.8191698789596558
0.9558517932891846
0.5821771621704102
0.30717697739601135
0.22738265991210938
0.1342707872390747
0.09051274508237839
0.08466745167970657
0.05898679420351982
0.08067136257886887
0.03785567730665207
0.041271645575761795
0.0326622799038887
0.020030852407217026
0.01595934107899666
0.014770442619919777
0.019196322187781334
0.011030703783035278
0.01938503608107567
0.013974682427942753
0.02603139728307724
0.007574702147394419
0.010327235795557499
0.01885264925658703
0.02568669058382511
0.11796848475933075
0.07231560349464417
0.016566790640354156
0.007626863196492195
0.0037424529436975718
0.014670544303953648
0.0049512567929923534
0.005246356129646301
0.0042226738296449184
0.004917822778224945
0.0029364980291575193
0.003827760461717844
0.0029211242217570543
0.004772028885781765
0.0018120936583727598
0.0046202815137803555
0.003909108228981495
0.0022103183437138796
0.002305320929735899
0.004329327493906021
0.004735939670354128
0.005405288189649582
0.0043596490286290646
0.0035549835301935673
0.004576035309582949
no squeeze
6.648745059967041
2.514347791671753
1.4259058237075806
0.9586271047592163
0.7192839980125427
0.576350212097168
0.481598436832428
0.40344253182411194
0.4495449662208557
0.3338458240032196
0.3569728136062622
0.31925076246261597
0.3042938709259033
0.3686349391937256
0.25998422503471375
0.25444719195365906
0.233391672372818
0.24127036333084106
0.2529310882091522
0.26113784313201904
0.26845821738243103
0.25817403197288513
0.2127363234758377
0.21417871117591858
0.22406765818595886
0.18489015102386475
0.21897128224372864
0.23363274335861206
0.2076418697834015
0.18960273265838623
0.19834116101264954
0.21373392641544342
0.24687635898590088
0.2865806519985199
0.23523154854774475
0.17626875638961792
0.2616620659828186
0.21988725662231445
0.1618812084197998
0.19846367835998535
0.21667928993701935
0.1870710253715515
0.23874439299106598
0.158192440867424
0.20981912314891815
0.3012895882129669
0.2604060173034668
0.17586536705493927
0.1834515482187271
0.15109941363334656
0.1551363319158554
0.16471853852272034
0.13730521500110626
0.14839938282966614
0.17605139315128326
0.19470247626304626
0.15990640223026276
0.1398642510175705
0.13978132605552673
0.19084222614765167
0.16438297927379608
0.22531259059906006
0.16423659026622772
no squeeze
7.402521133422852
3.2974753379821777
2.1458547115325928
1.6312792301177979
1.3362705707550049
1.258042812347412
0.8184804320335388
0.628487229347229
0.5988609790802002
0.4638843834400177
0.44608941674232483
0.30576345324516296
0.29361531138420105
0.2476353645324707
0.27502426505088806
0.17982031404972076
0.15870265662670135
0.17361114919185638
0.15281279385089874
0.13496820628643036
0.16118644177913666
0.15820986032485962
0.08351127803325653
0.08230911195278168
0.06977779418230057
0.07097016274929047
0.06483566015958786
0.07826551795005798
0.06439801305532455
0.0776432678103447
0.05376862734556198
0.041555389761924744
0.040534671396017075
0.04298396408557892
0.03683257848024368
0.03738807141780853
0.045060496777296066
0.038101185113191605
0.08982312679290771
0.14369447529315948
0.10051684826612473
0.05294211953878403
0.029387520626187325
0.027656255289912224
0.029991621151566505
0.0325445681810379
0.05423048511147499
0.028757624328136444
0.04656191170215607
0.021543892100453377
0.020009558647871017
0.023494882509112358
0.015994057059288025
0.025096947327256203
0.03073042631149292
0.027489572763442993
0.019330404698848724
0.017946213483810425
0.028445156291127205
0.01679140143096447
0.01242249459028244
0.01476052962243557
0.010481818579137325
0.012202216312289238
0.01768430322408676
0.015461231581866741
0.017978094518184662
0.018321190029382706
0.012215817347168922
0.013194799423217773
0.009542732499539852
0.01600743643939495
0.021248402073979378
0.012018458917737007
0.016783682629466057
0.013797084800899029
0.01881808042526245
0.01653466187417507
0.20875108242034912
0.1598019301891327
0.08894015848636627
no squeeze
7.818671703338623
3.626478433609009
2.885375738143921
2.3441319465637207
2.0271990299224854
1.8089708089828491
1.6108205318450928
1.441969394683838
1.3243496417999268
1.2666500806808472
1.12669837474823
1.0789927244186401
1.0074405670166016
0.8668335676193237
0.8408631086349487
0.783744752407074
0.7447586059570312
0.715642511844635
0.6911560893058777
0.6158488988876343
0.5966572165489197
0.5508848428726196
0.5296491384506226
0.5352420806884766
0.45794832706451416
0.4539499282836914
0.43376055359840393
0.42571499943733215
0.4204806983470917
0.40999260544776917
0.40664297342300415
0.41411858797073364
0.35235846042633057
0.3819178342819214
0.3464508354663849
0.33964866399765015
0.31918004155158997
0.3282027840614319
0.29592129588127136
0.2959946393966675
0.31594792008399963
0.27695512771606445
0.28061774373054504
0.32599079608917236
0.28652554750442505
0.280053049325943
0.26867327094078064
0.2447410225868225
0.2351837456226349
0.2410656064748764
0.23498064279556274
0.2576427161693573
0.22354114055633545
0.22627988457679749
0.21816979348659515
0.2254066914319992
0.2073560357093811
0.21224631369113922
0.20873354375362396
0.2217634916305542
0.19108179211616516
0.19368542730808258
0.19641350209712982
0.18472664058208466
0.21437996625900269
0.2177600860595703
0.1922180950641632
0.18750150501728058
0.1753769963979721
0.18882688879966736
0.15571987628936768
0.1773792803287506
0.16203245520591736
0.16381332278251648
0.15723496675491333
0.15927934646606445
0.14304526150226593
0.15598048269748688
0.16828593611717224
0.16205929219722748
0.1419849544763565
0.1708257496356964
0.1500183492898941
0.1606120616197586
0.14790180325508118
0.15959714353084564
0.14508236944675446
0.14676639437675476
0.1464277058839798
0.16927282512187958
0.14887766540050507
no squeeze
5.1923298835754395
2.3281750679016113
1.630998134613037
1.2732969522476196
1.0313843488693237
0.8675661683082581
0.7436180710792542
0.6558724045753479
0.6120456457138062
0.546452522277832
0.475738525390625
0.47823646664619446
0.41690370440483093
0.38653385639190674
0.3376360833644867
0.3273009955883026
0.33152589201927185
0.29091328382492065
0.27693942189216614
0.27443927526474
0.2449917495250702
0.24263663589954376
0.2238318920135498
0.22571896016597748
0.2002088576555252
0.1887277066707611
0.20511697232723236
0.18988753855228424
0.1776532530784607
0.16867172718048096
0.15460163354873657
0.16883619129657745
0.17458678781986237
0.16428643465042114
0.16202937066555023
0.14709994196891785
0.13472890853881836
0.14538311958312988
0.132103830575943
0.13201375305652618
0.12544062733650208
0.1259506642818451
0.12483275681734085
0.12695471942424774
0.12636785209178925
0.1221444234251976
0.122279591858387
0.13171647489070892
0.10457891970872879
0.12288367003202438
0.12279316037893295
0.10867373645305634
0.11526159942150116
0.12364733964204788
0.11500068753957748
0.10348246991634369
0.11542321741580963
0.10860706865787506
0.1070082038640976
0.10152001678943634
0.1074838638305664
0.09528576582670212
0.09490928053855896
0.10180329531431198
0.09306656569242477
0.08559001982212067
0.0898522362112999
0.08947855979204178
0.08399872481822968
0.10059941560029984
0.09511838853359222
0.08081962168216705
0.10128422826528549
0.07978875935077667
0.08845526725053787
0.09157326072454453
0.08279161155223846
0.0696403980255127
0.07271339744329453
0.07556387037038803
0.08001068979501724
0.08181026577949524
0.06915930658578873
0.0828414037823677
0.08633392304182053
0.07882872223854065
0.08612773567438126
0.06465774029493332
0.06596536189317703
0.07327600568532944
0.06754910200834274
0.06388909369707108
0.07173297554254532
0.0764097273349762
0.06147824227809906
0.057707130908966064
0.06819804757833481
0.0636746808886528
0.06386500597000122
0.05804237723350525
0.05928691104054451
0.07057327777147293
0.05672686547040939
0.05604366958141327
0.06030585989356041
0.07283566147089005
0.061890535056591034
0.07506893575191498
0.06069912761449814
0.053743876516819
0.05408405885100365
0.06052267551422119
0.0494738332927227
0.06728651374578476
0.056232649832963943
0.05917561054229736
0.06161264330148697
0.04453999921679497
0.05062096193432808
0.06254936009645462
0.06281701475381851
0.0495782271027565
0.05297032371163368
0.051540885120630264
0.07369428873062134
0.07821837812662125
0.05299653112888336
0.046234119683504105
no squeeze
6.8751301765441895
2.183635950088501
1.3729462623596191
0.9754660725593567
1.0772629976272583
0.6940877437591553
0.7628034949302673
0.6010242700576782
0.65967857837677
0.5434688329696655
0.5185202360153198
0.5577489733695984
0.6871453523635864
0.5534387826919556
0.4965166747570038
0.3942921757698059
0.6726146340370178
0.674320638179779
0.4993775188922882
0.5266287922859192
0.508109986782074
0.6518717408180237
0.6118009686470032
0.6224701404571533
0.5175204873085022
0.5417750477790833
