no squeeze
1.2989287376403809
0.4563283920288086
0.24736015498638153
0.1354135423898697
0.08702822029590607
0.06798727065324783
0.035767361521720886
0.029908521100878716
0.01983162760734558
0.013722413219511509
0.010011832229793072
0.009933683089911938
0.007214096374809742
0.0065092663280665874
0.005659805610775948
0.004775715991854668
0.004117425996810198
0.0037662521935999393
0.002922508167102933
0.0024745147675275803
0.003117815125733614
0.0023099540267139673
0.0018207296961918473
0.0018215144518762827
0.0015443733427673578
0.001939141540788114
0.0013844595523551106
0.0015457922127097845
0.001833747373893857
0.0012661219807341695
0.0011568838963285089
0.0012002907460555434
0.0010251263156533241
0.0010538719361647964
0.0013054517330601811
0.000976900802925229
0.0008607075433246791
0.0009497107239440084
0.000860927568282932
0.0024445904418826103
0.0010843314230442047
0.0009332148474641144
0.0005521918646991253
0.0007135688210837543
0.0006688261055387557
0.0005960265407338738
0.000598275160882622
0.0005138704436831176
0.0010348852956667542
0.0004724817117676139
0.0005657791043631732
0.0005277651944197714
0.0006540497415699065
0.00038319919258356094
0.0005963059375062585
0.0006475918344222009
0.0004485576937440783
0.0003962090122513473
0.0004345593333709985
0.0013606350403279066
0.001972281141206622
0.010848610661923885
0.003094752784818411
0.0017288785893470049
no squeeze
1.3737282752990723
0.5242332816123962
0.3028540015220642
0.20300859212875366
0.1491013616323471
0.12438028305768967
0.09199591726064682
0.07047893106937408
0.07363057881593704
0.04797494038939476
0.04474528878927231
0.03734083101153374
0.033120330423116684
0.04030190408229828
0.027254760265350342
0.028345856815576553
0.021658170968294144
0.019537733867764473
0.02198438160121441
0.03500981256365776
0.018494833260774612
0.02938615158200264
0.02055284194648266
0.020245401188731194
0.019021689891815186
0.01646195910871029
0.01703057996928692
0.015928078442811966
0.01781511679291725
0.015501204878091812
0.01593385823071003
0.013284536078572273
0.01959637925028801
0.014002898707985878
0.025428831577301025
0.026786042377352715
0.023412607610225677
0.01433386467397213
0.014631000347435474
0.016546057537198067
0.01757803186774254
0.015320468693971634
no squeeze
1.332934856414795
0.5930494070053101
0.3766983449459076
0.24811606109142303
0.1869455873966217
0.1440892070531845
0.11111635714769363
0.08827739208936691
0.08009401708841324
0.06190646067261696
0.05598161742091179
0.0708543136715889
0.03920857608318329
0.02840794250369072
0.02865954115986824
0.022962667047977448
0.02698364481329918
0.02313404344022274
0.01762380450963974
0.021523939445614815
0.014980890788137913
0.011803535744547844
0.011680921539664268
0.01578597165644169
0.0145382946357131
0.012278848327696323
0.0122985215857625
0.008648635819554329
0.006927311420440674
0.010669962503015995
0.009356803260743618
0.009620622731745243
0.009886743500828743
0.00898965634405613
0.008598138578236103
0.00820946879684925
0.008112491108477116
0.007819244638085365
0.007199152838438749
no squeeze
1.5822685956954956
0.8232208490371704
0.6643913388252258
0.5729949474334717
0.4949272572994232
0.4403386414051056
0.39077314734458923
0.35985419154167175
0.3301144540309906
0.306902140378952
0.28858500719070435
0.2601507902145386
0.2414637953042984
0.2287624627351761
0.2134101688861847
0.20207087695598602
0.1964789479970932
0.18149717152118683
0.1697971522808075
0.158125102519989
0.15134763717651367
0.1478537768125534
0.1400698572397232
0.12800471484661102
0.1255282312631607
0.1179199367761612
0.11101794242858887
0.10978010296821594
0.10435757040977478
0.09716978669166565
0.10211194306612015
0.0942470133304596
0.0913022831082344
0.08854364603757858
0.0874924436211586
0.0866100862622261
0.08224595338106155
0.0800544023513794
0.07454823702573776
0.0695003941655159
0.08130688220262527
0.07653636485338211
0.06915085762739182
0.06389648467302322
0.06340698152780533
0.06258740276098251
0.07227154821157455
0.058989737182855606
0.058876991271972656
0.0651911199092865
0.058776769787073135
0.06575115025043488
0.05609375983476639
0.05817122757434845
0.059685640037059784
0.055049456655979156
0.05108834058046341
0.05238690227270126
0.05428061634302139
0.046899233013391495
0.04807307571172714
0.04508088901638985
0.04780784994363785
0.04603851959109306
0.04621906206011772
0.04714022949337959
0.042683616280555725
0.047048911452293396
0.04746173694729805
0.048984870314598083
0.047465767711400986
0.04407952353358269
0.04296364635229111
0.04419122636318207
0.04569750651717186
0.04381442442536354
0.040723640471696854
0.04036104679107666
0.04144255816936493
0.04256606847047806
0.04156757518649101
0.03937971591949463
0.03999493271112442
0.040795646607875824
0.0437786765396595
0.04076579958200455
0.042329687625169754
0.03864981606602669
0.03771273046731949
0.03742401301860809
0.04192179813981056
0.04018133506178856
0.038312967866659164
0.03858067840337753
0.04010709002614021
0.03969673439860344
0.038050685077905655
0.040112294256687164
0.04125954210758209
0.03941604122519493
no squeeze
1.474616289138794
0.6560423970222473
0.4861133098602295
0.37044891715049744
0.29749101400375366
0.24156010150909424
0.2100086659193039
0.18667612969875336
0.17166177928447723
0.14719823002815247
0.13204848766326904
0.13699568808078766
0.11546590924263
0.10422291606664658
0.09600714594125748
0.08956888318061829
0.08493132144212723
0.08220259845256805
0.0715295746922493
0.06574734300374985
0.07053761929273605
0.06013527885079384
0.06226811930537224
0.058581672608852386
0.05400518327951431
0.05745897814631462
0.04926490783691406
0.04804302752017975
0.046261463314294815
0.047434378415346146
0.04231329634785652
0.03913243114948273
0.04414096847176552
0.04067016765475273
0.03780902549624443
0.0376724936068058
0.052868861705064774
0.035314224660396576
0.031849198043346405
0.034463971853256226
0.035113703459501266
0.03659146651625633
0.03624539077281952
0.030116984620690346
0.030168253928422928
0.02854013442993164
0.028532247990369797
0.02854132652282715
0.029518043622374535
0.026927975937724113
0.02673804573714733
0.027132496237754822
0.025843920186161995
0.03190700337290764
0.02522433176636696
0.023250503465533257
0.02422742173075676
0.02401614561676979
0.028120502829551697
0.025135962292551994
0.0253578070551157
0.023812679573893547
0.024019401520490646
0.024765485897660255
0.023197392001748085
0.027819113805890083
0.02055722288787365
0.02375085838139057
0.01934289187192917
0.01924613118171692
0.020053524523973465
0.0232612956315279
0.02883007563650608
0.030320484191179276
0.024622390046715736
0.024006888270378113
0.019367989152669907
0.017621008679270744
0.01961960643529892
0.01746406778693199
0.016176369041204453
0.017245933413505554
0.016096241772174835
0.015512148849666119
0.01607266068458557
0.017321357503533363
0.019288279116153717
0.023997483775019646
0.016809843480587006
0.016025910153985023
0.015781333670020103
0.015834519639611244
0.01499930303543806
0.015553915873169899
0.015553686767816544
0.015420700423419476
0.018026044592261314
0.01623854786157608
0.01965879462659359
0.01915740966796875
0.01465355884283781
0.016085559502243996
0.015080283395946026
0.013411356136202812
0.018369393423199654
0.014071756042540073
0.015197716653347015
0.016440143808722496
0.019741127267479897
0.016602812334895134
0.014617931097745895
0.019099127501249313
0.013952679000794888
0.015148576349020004
no squeeze
1.0432524681091309
0.6091406345367432
0.32578542828559875
0.306255042552948
0.2803778648376465
0.19411693513393402
0.22832301259040833
0.21329471468925476
0.21905939280986786
0.2432238906621933
0.2763186991214752
0.2614195942878723
0.20178546011447906
0.12164444476366043
0.2401188164949417
0.23343351483345032
0.2678416967391968
0.2851605713367462
0.30116981267929077
0.12813715636730194
0.23074109852313995
0.14954616129398346
0.13042445480823517
0.11611951142549515
0.15558546781539917
0.13874366879463196
0.12069440633058548
0.24457576870918274
0.3108556866645813
0.1671932488679886
0.16345635056495667
0.12730085849761963
0.12285397201776505
0.14017318189144135
