no squeeze
1.6599129438400269
0.48045483231544495
0.28792646527290344
0.21844382584095
0.15907081961631775
0.11408154666423798
0.11080530285835266
0.10015422850847244
0.07327470928430557
0.06681416928768158
0.0742032527923584
0.07721452414989471
0.05709511414170265
0.05203449726104736
0.04417631775140762
0.04842223599553108
0.070009246468544
0.06424576789140701
0.06187962740659714
0.04183439537882805
0.03802920877933502
0.04802533611655235
0.0334661602973938
0.04008951038122177
0.03440391272306442
0.028270374983549118
0.06255236268043518
0.0409715473651886
0.029811549931764603
0.03028973937034607
0.033425457775592804
0.02591422200202942
0.03257818520069122
0.03411077335476875
0.031815458089113235
0.02728348597884178
0.028145192191004753
0.03275756537914276
0.037081342190504074
0.023114247247576714
0.029959047213196754
0.03352193161845207
0.04185812920331955
0.03515680879354477
0.030419690534472466
0.0189629215747118
0.01927839405834675
0.033386170864105225
0.02712031826376915
0.03281943127512932
0.023892011493444443
0.023332083597779274
0.031129196286201477
0.02338213101029396
0.020906195044517517
0.017988238483667374
0.02231580950319767
0.018554089590907097
0.017313441261649132
0.01728329248726368
0.01748521625995636
0.023775337263941765
0.047776151448488235
0.021788040176033974
0.02258940599858761
0.024645492434501648
0.02098456211388111
0.019285380840301514
0.01646696962416172
0.016742607578635216
0.016949163749814034
0.01681327261030674
0.014886140823364258
0.0207881648093462
0.016559461131691933
0.014109032228589058
0.01939866691827774
0.015476672910153866
0.02155243046581745
0.01807546056807041
0.0145745649933815
0.023380186408758163
0.022054005414247513
0.02742081880569458
0.0178464874625206
0.014715355820953846
no squeeze
1.4272716045379639
0.44752591848373413
0.23436149954795837
0.15311425924301147
0.13065485656261444
0.11253292858600616
0.09546692669391632
0.07679620385169983
0.06447622179985046
0.05566716566681862
0.06744614988565445
0.04862496256828308
0.040439754724502563
0.0438135527074337
0.04198251664638519
0.041411612182855606
0.05088526010513306
0.04418821632862091
0.05311683565378189
0.035664454102516174
0.038667596876621246
0.029282154515385628
0.02815496176481247
0.026720821857452393
0.02547575905919075
0.02803218550980091
0.026056412607431412
0.0216726865619421
0.0313454195857048
0.024225451052188873
0.020737873390316963
0.02542012371122837
0.02444538287818432
0.04913556948304176
0.02547568827867508
0.02077464386820793
0.026363886892795563
0.021570872515439987
0.014885133132338524
0.01943768933415413
0.020650589838624
0.017325598746538162
0.056555747985839844
0.02414175122976303
0.01979902945458889
0.019269682466983795
0.018522825092077255
0.017195774242281914
0.018087757751345634
no squeeze
1.837251901626587
0.6900049448013306
0.4137606620788574
0.32938286662101746
0.2466239184141159
0.2246188074350357
0.16939672827720642
0.16760368645191193
0.14334462583065033
0.13210152089595795
0.1637546718120575
0.16006971895694733
0.12327776104211807
0.08672251552343369
0.09115041792392731
0.13790898025035858
0.20222537219524384
0.08428670465946198
0.08176999539136887
0.07574877887964249
0.08217299729585648
0.1325380653142929
0.11699431389570236
0.0647520199418068
0.061903636902570724
0.050459422171115875
0.056649282574653625
0.04938647523522377
0.07590904831886292
0.11438992619514465
0.09665307402610779
0.03591887280344963
0.03288743272423744
0.036427952349185944
0.060374289751052856
0.043786559253931046
0.04568079486489296
0.06602378934621811
0.04186919331550598
0.04245653375983238
0.034509122371673584
0.0328693725168705
0.03099115565419197
0.026551224291324615
0.026114119216799736
0.03598666936159134
0.022844476625323296
0.049053020775318146
0.07697665691375732
0.059862419962882996
0.051053788512945175
0.02049662545323372
0.02474236488342285
0.044182050973176956
0.03552922606468201
0.020203130319714546
0.027119211852550507
0.01797877438366413
0.018104134127497673
0.029473427683115005
0.01583409681916237
0.022628581151366234
0.015712037682533264
0.02085832878947258
0.02110215649008751
0.043594930320978165
0.06890129297971725
0.036288972944021225
0.02318827249109745
0.016035886481404305
0.023425936698913574
0.02273651957511902
0.08973471820354462
no squeeze
1.8933593034744263
0.8043863773345947
0.6026821136474609
0.5068463683128357
0.4287083148956299
0.37476468086242676
0.3464796245098114
0.3243904113769531
0.28403449058532715
0.2644621729850769
0.24364374577999115
0.23287798464298248
0.2160775512456894
0.21053571999073029
0.20403410494327545
0.18526658415794373
0.18051917850971222
0.19856879115104675
0.18195176124572754
0.16497467458248138
0.1563405990600586
0.1604839563369751
0.14882244169712067
0.13961780071258545
0.1376817226409912
0.14041942358016968
0.1442517638206482
0.13690783083438873
0.13070908188819885
0.12207203358411789
0.12427354604005814
0.11974182724952698
0.12045393139123917
0.11410985887050629
0.11889276653528214
0.10857746750116348
0.10520551353693008
0.10783833265304565
0.10603270679712296
0.10797927528619766
0.09937992691993713
0.1065841019153595
0.10578310489654541
0.10993136465549469
0.10108853876590729
0.09109175950288773
0.09231215715408325
0.09294159710407257
0.09071868658065796
0.09941279143095016
0.09875207394361496
0.09281662106513977
0.08925279229879379
0.08015713095664978
0.08609641343355179
0.08607857674360275
0.08423370122909546
0.07876846194267273
0.08495283126831055
0.07631716132164001
0.08170569688081741
0.0732148289680481
0.07272446155548096
0.07064247876405716
0.07459746301174164
0.0730854943394661
0.0731159970164299
0.06740187853574753
0.07763490080833435
0.06395281851291656
0.07557696104049683
0.06974729150533676
0.06775029003620148
0.06666581332683563
0.06659631431102753
0.06711180508136749
0.07037977874279022
0.06582532823085785
0.06422312557697296
0.062161583453416824
0.06310194730758667
0.0650043785572052
0.06301453709602356
0.060588937252759933
0.06237143278121948
0.062014251947402954
0.05559190362691879
0.0622476227581501
0.06383171677589417
0.060731206089258194
0.0549745187163353
0.055299293249845505
0.05799740180373192
0.058816827833652496
0.05717722326517105
0.05553198978304863
0.05421345680952072
0.05090947449207306
0.052423927932977676
0.05918547883629799
0.05151930823922157
0.05737699195742607
0.059744469821453094
0.05250679329037666
0.0513719879090786
0.04991952329874039
0.054707884788513184
0.053507573902606964
0.051206812262535095
0.049385927617549896
0.05319569259881973
0.05643247067928314
0.056699659675359726
0.05358002334833145
0.05105840414762497
0.05322537571191788
0.051539044827222824
0.04856955260038376
0.05624379217624664
0.05213705450296402
0.04581505432724953
0.05706261470913887
0.05151335150003433
0.0494820810854435
0.04684499278664589
0.0465155653655529
0.04755556955933571
0.048708464950323105
0.04982397332787514
0.05438051000237465
0.04701445624232292
no squeeze
2.000047445297241
0.6248691082000732
0.3987918794155121
0.31329622864723206
0.2625977396965027
0.232280433177948
0.19998182356357574
0.19094152748584747
0.16705450415611267
0.15323927998542786
0.14590121805667877
0.14121867716312408
0.13380545377731323
0.1246805191040039
0.12148711830377579
0.11528491973876953
0.10523948073387146
0.10374684631824493
0.10364621132612228
0.09081888198852539
0.09788785129785538
0.09350645542144775
0.0894259661436081
0.09653671830892563
0.10795290768146515
0.08374360203742981
0.08115444332361221
0.08226858824491501
0.08383604139089584
0.0728520005941391
0.07692430168390274
0.07519271224737167
0.07081877440214157
0.07255062460899353
0.08247467875480652
0.06838829070329666
0.06305867433547974
0.058355435729026794
0.07030059397220612
0.07014870643615723
0.06425809860229492
0.0666394829750061
0.06663393974304199
0.05660853534936905
0.060451116412878036
0.059624072164297104
0.056239210069179535
0.05045505240559578
0.06243528053164482
0.052640702575445175
0.05942821502685547
0.05897948145866394
0.05359792709350586
0.04974767193198204
0.05416551232337952
0.0524635873734951
0.06166556105017662
0.044472888112068176
0.049141984432935715
0.04640426114201546
0.04920109733939171
0.0473964661359787
0.04107862710952759
0.04700692743062973
0.04449133574962616
0.04129045456647873
0.05215875804424286
0.040632668882608414
0.04488274082541466
0.04558713734149933
0.04927504062652588
0.04115864634513855
0.04751032963395119
0.042853448539972305
0.04532153904438019
0.03880302608013153
0.0409591868519783
0.043357156217098236
0.037376806139945984
0.038102488964796066
0.04647717997431755
0.04272855818271637
0.03881094232201576
0.03839600458741188
0.04630456492304802
0.03771604597568512
0.038616616278886795
0.03907053917646408
0.036341581493616104
0.04119700565934181
0.037869155406951904
0.03856790065765381
0.044367291033267975
0.03645135834813118
0.044756077229976654
0.03395945951342583
0.03590397164225578
0.035177141427993774
0.03585009649395943
0.03705643489956856
0.03868323192000389
0.03736068680882454
0.03654603287577629
0.03435711935162544
0.03406840190291405
0.030970867723226547
0.033196162432432175
0.030957574024796486
0.03235115483403206
0.03721866384148598
0.03656155243515968
0.03760956600308418
0.04060715064406395
0.03494501858949661
0.03192933648824692
0.03680714964866638
0.031025545671582222
0.029498320072889328
0.044716645032167435
0.03378162905573845
0.03507883846759796
0.032644812017679214
0.040690936148166656
0.03437164053320885
0.03110457956790924
0.03231821581721306
0.02946673147380352
0.03276956453919411
0.03873233497142792
0.02911914512515068
0.033345505595207214
0.029140500351786613
0.028579847887158394
0.031449053436517715
0.02852383442223072
0.04281551390886307
0.030461717396974564
0.02965499460697174
0.02895703911781311
0.030572209507226944
0.03329332545399666
0.03195863589644432
0.030345739796757698
0.025953572243452072
0.03098968416452408
0.02923480235040188
0.03546606004238129
0.028549185022711754
0.02848879061639309
0.03148303180932999
0.030297616496682167
0.044974591583013535
0.032874785363674164
0.029965560883283615
no squeeze
1.2816036939620972
0.4995698928833008
0.3124205470085144
0.2158561795949936
0.2740122973918915
0.3330008089542389
0.29910752177238464
0.31086087226867676
0.22724440693855286
0.143571674823761
0.18313956260681152
0.2865738272666931
0.20721998810768127
0.17932051420211792
0.1485671103000641
0.21510010957717896
0.17541982233524323
0.12003954499959946
0.16011542081832886
0.1748308688402176
0.15477056801319122
0.1209559366106987
0.28107354044914246
0.19256845116615295
0.14991872012615204
0.11177663505077362
0.10734004527330399
0.13267655670642853
0.16521334648132324
0.1774163842201233
0.14361698925495148
0.1127253919839859
0.14118975400924683
0.12584087252616882
0.09567051380872726
0.13689181208610535
0.1771647036075592
0.11706582456827164
0.1908516138792038
0.12791500985622406
0.1594613492488861
0.14326786994934082
0.11638505011796951
0.15656453371047974
0.10556948184967041
