no squeeze
2.3706259727478027
0.09173009544610977
0.050654336810112
0.009658784605562687
0.007331297732889652
0.0035606154706329107
0.003156599123030901
0.002242451999336481
0.0021847549360245466
0.0017394096357747912
0.0016782368766143918
0.0015301295788958669
0.0015011412324383855
0.0014375903410837054
0.0014198124408721924
0.0013718269765377045
0.0013608427252620459
0.001318805618211627
0.0013448235113173723
0.0012846114113926888
0.0012847818434238434
0.0012525247875601053
0.0012530367821455002
0.001236399868503213
0.0012359649408608675
0.0012076864950358868
0.0012088026851415634
0.0011941747507080436
0.0011968724429607391
0.0011912258341908455
0.0011835957411676645
0.0011749002151191235
0.00117823900654912
0.0011701756156980991
0.00116718711797148
0.0011671026004478335
0.0011653016554191709
0.001161421649158001
0.001167590613476932
0.0011597821721807122
0.001157014281488955
0.001165069523267448
0.0011589463101699948
0.001161955646239221
no squeeze
2.7801504135131836
0.17605604231357574
0.14585848152637482
0.1164403110742569
0.11479630321264267
0.11306721717119217
0.11271215230226517
0.11292853951454163
0.1125306487083435
0.11207427084445953
0.11182829737663269
0.11212296783924103
0.11197922378778458
0.11329509317874908
no squeeze
2.1208672523498535
0.16458092629909515
0.11139965057373047
0.04133385792374611
0.034574463963508606
0.020362911745905876
0.0183261651545763
0.012781361117959023
0.011781612411141396
0.008840232156217098
0.008232524618506432
0.006453792564570904
0.006088974419981241
0.00483372388407588
0.00460725836455822
0.003874576650559902
0.0036872373893857002
0.0031609663274139166
0.0030977146234363317
0.002684198785573244
0.0026220353320240974
0.002361527644097805
0.0023048585280776024
0.0021239190828055143
0.002099307021126151
0.0019622198306024075
0.0019137822091579437
0.001808239845559001
0.0017801958601921797
0.0017076953081414104
0.0016792735550552607
0.0016139635117724538
0.0015941434539854527
0.0015478783752769232
0.0015281744999811053
0.0014991770731285214
0.0014791996218264103
0.0014459118247032166
0.0014253503177314997
0.0013988851569592953
0.0013816008577123284
0.00135985913220793
0.0013506363611668348
0.0013374821282923222
0.0013300528516992927
0.0013004146749153733
0.0012977401493117213
0.0012824860168620944
0.0012793367495760322
0.0012662388617172837
0.0012622426729649305
0.0012509694788604975
0.0012439924757927656
0.001227749278768897
0.0012298510409891605
0.001221502316184342
0.0012144431238994002
0.0012075153645128012
0.0012052161619067192
0.0012003891170024872
0.0012011067010462284
0.0011978038819506764
0.0011901964899152517
0.0011828469578176737
0.001183386892080307
0.0011805350659415126
0.0011736757587641478
0.0011738340836018324
0.0011639586882665753
0.001166934845969081
0.0011671977117657661
0.0011615155963227153
0.0011585872853174806
0.001163298962637782
0.001169305993244052
0.0011575312819331884
0.0011535094818100333
0.0011569526977837086
0.0011516768718138337
0.0011508130701258779
0.0011546796886250377
0.0011519909603521228
no squeeze
2.075481414794922
0.4472176730632782
0.38405540585517883
0.2762252390384674
0.2629604935646057
0.22576908767223358
0.21889257431030273
0.19829577207565308
0.19451282918453217
0.18150466680526733
0.17853820323944092
0.16902980208396912
0.16733120381832123
0.16012625396251678
0.15854991972446442
0.15313410758972168
0.15191690623760223
0.14770269393920898
0.14717966318130493
0.1429578810930252
0.14210869371891022
0.13914704322814941
0.13812310993671417
0.13510113954544067
0.1349318027496338
0.13238683342933655
0.13141584396362305
0.12928186357021332
0.12839555740356445
0.12581875920295715
0.1251613199710846
0.12266848981380463
0.12218273431062698
0.12023773789405823
0.11951453983783722
0.11737091839313507
0.11667601764202118
0.11489088833332062
0.11440481245517731
0.11266890168190002
0.11224275082349777
0.1114143654704094
0.11060389131307602
0.1087825819849968
0.10878966748714447
0.10735899209976196
0.10691141337156296
0.10602708160877228
0.1061369776725769
0.1049160286784172
0.10453841835260391
0.10349161922931671
0.10337626934051514
0.10241769254207611
0.10236016660928726
0.10183820128440857
0.1017184630036354
0.10045770555734634
0.10028126835823059
0.09950706362724304
0.09934524446725845
0.09863679111003876
0.09852191060781479
0.09754586964845657
0.09747646749019623
0.09705378860235214
0.09635064750909805
0.09567027539014816
0.09589353948831558
0.09517017751932144
0.09494075179100037
0.09441519528627396
0.09385450184345245
0.09391419589519501
0.09423519670963287
0.09256214648485184
0.09270426630973816
0.09233726561069489
0.09189984947443008
0.09177232533693314
0.09147099405527115
0.09091956168413162
0.0911647155880928
0.09042704850435257
0.09043063968420029
0.08962148427963257
0.08967314660549164
0.08959408849477768
0.08917217701673508
0.08923448622226715
0.08862967044115067
0.08835497498512268
0.08811849355697632
0.08782672882080078
0.08759995549917221
0.08736009895801544
0.08691035956144333
0.08696490526199341
0.08758623152971268
0.08657974749803543
0.08661682903766632
0.08576129376888275
0.08606543391942978
0.08554581552743912
0.0863480344414711
0.08521120995283127
0.08585162460803986
0.08465266227722168
0.08483382314443588
0.08441604673862457
0.08441690355539322
0.08443544805049896
no squeeze
2.115554094314575
0.2722346782684326
0.22318263351917267
0.15444160997867584
0.14757922291755676
0.13199181854724884
0.1296478807926178
0.12192698568105698
0.12079163640737534
0.11633040755987167
0.11569248884916306
0.11291392147541046
0.11214929819107056
0.11026547104120255
0.10970515757799149
0.10811629891395569
0.10789351165294647
0.10653357207775116
0.10653809458017349
0.1055469736456871
0.10492625832557678
0.10417388379573822
0.10423842072486877
0.10311008989810944
0.10332080721855164
0.10286765545606613
0.10286737233400345
0.10186563432216644
0.10196904093027115
0.10148202627897263
0.10120055079460144
0.10111726820468903
0.10091408342123032
0.10060710459947586
0.10032974183559418
0.10038603097200394
0.1000983789563179
0.09993640333414078
0.09980528801679611
0.09916836768388748
0.0991949513554573
0.0989268496632576
0.09891817718744278
0.09883662313222885
0.09874296188354492
0.09863120317459106
0.09892125427722931
0.09845644235610962
0.09840665757656097
0.0983385294675827
0.09817229956388474
0.09792319685220718
0.09804891049861908
0.0982942134141922
no squeeze
2.3996706008911133
0.22242306172847748
0.20184317231178284
0.18703033030033112
0.18681302666664124
0.18605713546276093
0.18711768090724945
0.18597504496574402
0.186048224568367
0.18631549179553986
