no squeeze
1.10667085647583
0.3671298921108246
0.17723223567008972
0.09916090220212936
0.05832343176007271
0.038602180778980255
0.029908984899520874
0.020438112318515778
0.015606211498379707
0.017126180231571198
0.009505287744104862
0.010023383423686028
0.007134293671697378
0.00515320710837841
0.004556311760097742
0.004185542464256287
0.003164996625855565
0.002697200048714876
0.0030374648049473763
0.002187451347708702
0.002839373890310526
0.0015628020046278834
0.001966207753866911
0.001347235287539661
0.0011803614906966686
0.0013943965313956141
0.0011056377552449703
0.0008748281397856772
0.000985482009127736
0.0007825839566066861
0.0008716231095604599
0.0020567025057971478
0.0009289072477258742
0.0008139045094139874
0.0016271367203444242
0.0016635803040117025
0.0015838212566450238
0.001953351777046919
0.0008162807789631188
0.0007438329630531371
0.0007513082236982882
0.0007251253118738532
0.0004961497616022825
0.0004669009940698743
0.0005139645072631538
0.00041907804552465677
0.0002971862268168479
0.00024137692525982857
0.0002490504120942205
0.0003693426842801273
0.00022949483536649495
0.00023961572151165456
0.0003170613490510732
0.00020640074217226356
0.00018349778838455677
0.000286222348222509
0.00034250912722200155
0.00041653471998870373
0.00030874385265633464
0.00025604901020415127
0.00030487586627714336
0.0006839718553237617
0.0003686251293402165
0.00017901422688737512
0.0002421906538074836
0.00018238350457977504
0.0003360684495419264
0.00025447524967603385
0.00039832526817917824
0.00020214240066707134
0.0003161103813908994
0.00022182932298164815
0.00021240163187030703
0.0001616354420548305
0.00014467729488387704
0.0004440007032826543
0.00015645779785700142
0.00013142343959771097
0.00024220376508310437
0.00038787868106737733
0.02093655988574028
0.0553114078938961
0.02066517062485218
0.003699098015204072
0.004879538435488939
0.0009107123478315771
0.00034575528115965426
0.00016157410573214293
no squeeze
1.1227957010269165
0.4254074692726135
0.23734156787395477
0.17526769638061523
0.1368265151977539
0.12427530437707901
0.10292579978704453
0.09668274968862534
0.07784613221883774
0.07807830721139908
0.06985863298177719
0.07849123328924179
0.06819510459899902
0.06582559645175934
0.05789349973201752
0.06130455061793327
0.06131775304675102
0.057680394500494
0.0518258661031723
0.06634517014026642
0.05360657721757889
0.055863428860902786
0.053730495274066925
0.05130726844072342
0.04447772726416588
0.044461753219366074
0.04541977122426033
0.04970545694231987
0.04285130649805069
0.04964738339185715
0.04424938187003136
0.04682891070842743
0.0377277173101902
0.04645703360438347
0.042827509343624115
0.04246078059077263
0.04691116884350777
0.04518020525574684
0.04164320230484009
0.055528633296489716
0.048522427678108215
0.04021315276622772
0.051221176981925964
no squeeze
1.0658061504364014
0.4864044785499573
0.29123321175575256
0.18333283066749573
0.15300150215625763
0.09744410961866379
0.0881834402680397
0.07045818120241165
0.053757444024086
0.04183804988861084
0.03552238270640373
0.034372467547655106
0.02854177914559841
0.025232437998056412
0.022598309442400932
0.018894163891673088
0.019732587039470673
0.01957695186138153
0.021434418857097626
0.012429689057171345
0.014984196051955223
0.014908078126609325
0.02409719116985798
0.02339775674045086
0.01675914227962494
0.013285089284181595
0.01088310033082962
0.01320384070277214
0.00872562825679779
0.007251282222568989
0.009557799436151981
0.008127284236252308
0.00848422758281231
0.007838591001927853
0.005508146248757839
0.004723746795207262
0.005794076714664698
0.00818393100053072
0.007859151810407639
0.005728687159717083
0.013317360542714596
0.01538388803601265
0.006095987278968096
0.005771590396761894
0.004617365542799234
0.008654778823256493
0.005599563010036945
0.013461357913911343
0.005337626673281193
0.01637088693678379
0.020888421684503555
0.024017229676246643
0.008388878777623177
0.006107006687670946
0.0031536652240902185
0.0028229989111423492
0.00274545606225729
0.0021510517690330744
0.002438491443172097
0.0022146368864923716
0.0033450385089963675
0.002388390712440014
0.0019437001319602132
0.0019148493884131312
0.002069812035188079
0.0019313809461891651
0.0019139867508783937
0.0034034105483442545
0.0026110359467566013
0.0025550147984176874
0.0023246181663125753
0.0023618428967893124
0.011735386215150356
0.005730232689529657
0.008161185309290886
0.004305190406739712
0.0038777620065957308
no squeeze
1.2790610790252686
0.657331645488739
0.5273808836936951
0.4421587884426117
0.3767075836658478
0.32994550466537476
0.29364013671875
0.2630753815174103
0.24116219580173492
0.22426645457744598
0.19989515841007233
0.18828445672988892
0.17266792058944702
0.1649530529975891
0.15343771874904633
0.14383326470851898
0.13959616422653198
0.13570807874202728
0.12717550992965698
0.125401109457016
0.11395532637834549
0.10996954888105392
0.1052568256855011
0.10622954368591309
0.10761786252260208
0.1022765040397644
0.09805954247713089
0.09289679676294327
0.09361247718334198
0.0903751328587532
0.08766847103834152
0.08248729258775711
0.07996651530265808
0.07527361810207367
0.07543712109327316
0.07780526578426361
0.07344947755336761
0.07166191190481186
0.06989888101816177
0.06820555776357651
0.06771400570869446
0.06972794234752655
0.06394483149051666
0.06429930776357651
0.0656791403889656
0.0642358586192131
0.06296723335981369
0.06244533136487007
0.0631447359919548
0.0602775476872921
0.05841708928346634
0.05884641781449318
0.05787503346800804
0.05732351914048195
0.05822477862238884
0.05729435011744499
0.05889678746461868
0.05198398232460022
0.053343772888183594
0.05839154124259949
0.0507112480700016
0.0511569045484066
0.05328216031193733
0.052311971783638
0.05072484537959099
0.054061274975538254
0.05113126337528229
0.05229134485125542
0.052033647894859314
0.04763514921069145
0.048472288995981216
0.046823833137750626
0.047838181257247925
0.04498768225312233
0.048205845057964325
0.046048276126384735
0.04586111009120941
0.046182241290807724
0.04534927010536194
0.042957186698913574
0.04232855513691902
0.04291388764977455
0.04349549859762192
0.04412577301263809
0.04491154104471207
0.042150575667619705
0.04533824324607849
0.043055567890405655
0.04131539911031723
0.04193967953324318
0.040337447077035904
0.04314281418919563
0.04099052771925926
0.03952397033572197
0.04061318561434746
0.039425332099199295
0.04034372419118881
0.0408569797873497
0.03971092402935028
0.04354194924235344
0.03754328563809395
0.03784457594156265
0.0379582978785038
0.04104609042406082
0.03769936040043831
0.038560084998607635
0.03890836611390114
0.037671588361263275
0.03617104887962341
0.040034666657447815
0.038226474076509476
0.03825433924794197
0.038236476480960846
0.038319576531648636
0.03712644428014755
0.0376206636428833
0.03708801046013832
0.036654334515333176
0.038487426936626434
no squeeze
1.1756269931793213
0.4883674085140228
0.3363686203956604
0.25534963607788086
0.2081022560596466
0.17871662974357605
0.15566401183605194
0.13549251854419708
0.12345822155475616
0.1116972342133522
0.09903905540704727
0.09780306369066238
0.0905180498957634
0.08570149540901184
0.08055690675973892
0.07305759936571121
0.07045289874076843
0.07475461065769196
0.06784522533416748
0.06388912349939346
0.06086593493819237
0.0554826483130455
0.05500350520014763
0.04936886578798294
0.049688052386045456
0.0504426583647728
0.04614383727312088
0.04216180741786957
0.0450458750128746
0.043132614344358444
0.046233389526605606
0.04549609124660492
0.04147305712103844
0.04435006529092789
0.039474405348300934
0.0362069346010685
0.03627852723002434
0.04006582871079445
0.036559853702783585
0.03476680815219879
0.03447471186518669
0.03300795704126358
0.03412315621972084
0.03907516598701477
0.033168092370033264
0.0326654277741909
0.03484703600406647
0.03169532120227814
0.0312771201133728
0.03249502182006836
0.029612284153699875
0.02791706658899784
0.03148042783141136
0.040736328810453415
0.03004639409482479
0.025817830115556717
0.02784414403140545
0.028058430179953575
0.026676973327994347
0.02655435912311077
0.025714688003063202
0.02840040810406208
0.024219661951065063
0.02530074305832386
0.022772831842303276
0.02366568148136139
0.02697247639298439
0.026518242433667183
0.030633075162768364
0.02495614066720009
0.027244923636317253
0.02806798182427883
0.027556568384170532
0.027683060616254807
0.022645175457000732
0.021104753017425537
0.02176375314593315
0.024605397135019302
0.025103209540247917
0.021388258785009384
0.020330851897597313
0.02141624689102173
0.023483620956540108
0.0210304856300354
0.023790376260876656
0.023200342431664467
0.021387681365013123
0.02246905490756035
0.019938668236136436
0.020660381764173508
0.022410625591874123
0.01871967874467373
0.01983701065182686
0.01959013193845749
0.019576959311962128
0.01904180832207203
0.021887920796871185
0.017731036990880966
0.01959589309990406
0.021011801436543465
0.019860340282320976
0.021800506860017776
0.01971176080405712
0.019794074818491936
0.020438728854060173
0.016110360622406006
0.01784965582191944
0.019183902069926262
0.01843886822462082
0.02100607566535473
0.01865425892174244
0.018278799951076508
0.018979230895638466
0.018010299652814865
0.016855712980031967
0.019812900573015213
no squeeze
1.1506203413009644
0.4351074993610382
0.2378438264131546
0.1870429664850235
0.14669522643089294
0.16339942812919617
0.13099978864192963
0.13183560967445374
0.11657620966434479
0.14650306105613708
0.13888908922672272
0.12227357178926468
0.19729675352573395
0.1665482521057129
0.10223574191331863
0.10821428894996643
0.12074530869722366
0.1447688341140747
0.11405667662620544
0.12294527888298035
0.11955319344997406
0.09780825674533844
0.14951598644256592
0.12284232676029205
0.09699758887290955
0.14850997924804688
0.10291892290115356
0.13465218245983124
0.11769703775644302
0.0857648253440857
0.08786409348249435
0.08548535406589508
0.0935102105140686
0.13927127420902252
0.11971984058618546
0.07437819987535477
0.07455892860889435
0.08907558023929596
0.097882479429245
0.1121734157204628
0.08605994284152985
0.07527744770050049
0.07096433639526367
0.09559504687786102
0.07752768695354462
0.09339922666549683
0.09857542812824249
0.20743872225284576
0.1542530059814453
0.12505455315113068
0.09358693659305573
0.17278476059436798
0.09760036319494247
