no squeeze
1.57573664188385
0.0513090081512928
0.03469574451446533
0.01741945743560791
0.016678044572472572
0.01582290045917034
0.015739992260932922
0.015634017065167427
0.015578621067106724
0.015451218001544476
0.015479162335395813
0.015357540920376778
0.015400959178805351
0.015418430790305138
no squeeze
1.805314302444458
0.11503655463457108
0.08936934173107147
0.06179230660200119
0.059922538697719574
0.05696776136755943
0.05648515000939369
0.05551498010754585
0.05540817603468895
0.05524095147848129
0.05548980087041855
0.0552365817129612
0.055512409657239914
0.05514606088399887
0.05514254420995712
0.05513793230056763
0.05550181493163109
0.05500127747654915
0.05499545484781265
0.05549497902393341
0.05550876259803772
0.05484386533498764
0.05481608584523201
0.055108893662691116
0.05521206930279732
0.05525193735957146
no squeeze
1.8841615915298462
0.1100136786699295
0.07053008675575256
0.023607946932315826
0.019768644124269485
0.012209230102598667
0.0111105777323246
0.00825176015496254
0.0077496301382780075
0.006260006222873926
0.005967782344669104
0.005118563771247864
0.004947252571582794
0.004387045744806528
0.004252832382917404
0.003877433016896248
0.0037841908633708954
0.003538382239639759
0.0034577026963233948
0.0032212466467171907
0.0031740127597004175
0.0030231322161853313
0.0029712487012147903
0.002857880899682641
0.0028320238925516605
0.0027084955945611
0.002670041285455227
0.002597903599962592
0.002559371292591095
0.0024856862146407366
0.002471350133419037
0.00240913825109601
0.0024023698642849922
0.0023701435420662165
0.0023402394726872444
0.002275722334161401
0.002274972153827548
0.00225572451017797
0.0022580204531550407
0.002200647024437785
0.0021976211573928595
0.00217649363912642
0.0021652441937476397
0.002139477292075753
0.0021193206775933504
0.0021312152966856956
0.0021286385599523783
0.00208310061134398
0.0020969430916011333
0.0020726947113871574
0.00207759952172637
0.0020608832128345966
0.0020452027674764395
0.0020326641388237476
0.0020494626369327307
0.0020351659040898085
no squeeze
2.0623080730438232
0.3041754364967346
0.25034016370773315
0.1798858791589737
0.1734342873096466
0.15761622786521912
0.15625259280204773
0.14770843088626862
0.1453830450773239
0.1392521858215332
0.13797269761562347
0.13528724014759064
0.13678613305091858
0.12957175076007843
0.12855784595012665
0.12588131427764893
0.12500564754009247
0.12263030558824539
0.12153191864490509
0.11928273737430573
0.11904127150774002
0.116999551653862
0.11628835648298264
0.11393264681100845
0.11423806846141815
0.11051187664270401
0.1097668707370758
0.10717425495386124
0.1077316477894783
0.10288430750370026
0.10198745876550674
0.0983993262052536
0.09658820927143097
0.09179209172725677
0.09002566337585449
0.08520324528217316
0.08339935541152954
0.07711953669786453
0.07605128735303879
0.07255247980356216
0.07205834984779358
0.0700586587190628
0.07054261863231659
0.06902482360601425
0.06879265606403351
0.0682447999715805
0.06802872568368912
0.06759539991617203
0.06734544783830643
0.06732890009880066
0.06719546765089035
0.06666617840528488
0.06651575863361359
0.0666062980890274
0.06614889949560165
0.06594601273536682
0.06631463766098022
0.0655282512307167
0.06549616903066635
0.06535676121711731
0.06508506089448929
0.06473597139120102
0.06464499235153198
0.06448233872652054
0.06442887336015701
0.06398297846317291
0.0639772042632103
0.06426893919706345
0.06372947990894318
0.06324965506792068
0.06372462213039398
0.0628768801689148
0.06296193599700928
0.06269074976444244
0.06261907517910004
0.06230982393026352
0.062349747866392136
0.06287945806980133
no squeeze
2.278777837753296
0.24152235686779022
0.19123204052448273
0.12466844171285629
0.11799318343400955
0.10261190682649612
0.09955169260501862
0.09065138548612595
0.08909245580434799
0.08365467190742493
0.08221659064292908
0.07843714207410812
0.07758689671754837
0.07488977164030075
0.07460597902536392
0.07260651141405106
0.07196631282567978
0.0708201676607132
0.07090358436107635
0.07017548382282257
0.07003235816955566
0.06951954215765
0.0698285847902298
0.06857264786958694
0.06838876008987427
0.06831523030996323
0.06790526211261749
0.06772725284099579
0.06788342446088791
0.06735046207904816
0.06746477633714676
0.06685400009155273
0.06693556159734726
0.06658124923706055
0.06662233173847198
0.06650636345148087
0.06630381941795349
0.06655222177505493
0.06671597063541412
0.06652690470218658
no squeeze
1.737720012664795
0.15987135469913483
0.14654725790023804
0.1383814513683319
0.13708212971687317
0.13786782324314117
0.13752149045467377
0.13628903031349182
0.1363574117422104
0.13589587807655334
0.1357157677412033
0.1358354687690735
0.13584622740745544
0.14423410594463348
