no squeeze
3.389523983001709
0.2282484471797943
0.1708383858203888
0.1073317676782608
0.1032530814409256
0.09559819847345352
0.09452535212039948
0.0919143408536911
0.09143266081809998
0.08999644219875336
0.0899263322353363
0.0893959254026413
0.08917813748121262
0.08948668092489243
0.08980481326580048
0.0895787924528122
no squeeze
3.7219460010528564
0.3181610703468323
0.24134662747383118
0.12358850240707397
0.11238501965999603
0.0916144847869873
0.08905575424432755
0.0841294676065445
0.08381526172161102
0.08192038536071777
0.08148706704378128
0.08115825057029724
0.0810316950082779
0.080691859126091
0.08067521452903748
0.08064344525337219
0.08053168654441833
0.08043386042118073
0.08047623187303543
0.08020225912332535
0.08018666505813599
0.08005690574645996
0.08031970262527466
0.0805094987154007
no squeeze
3.765814781188965
0.370113730430603
0.26666706800460815
0.11136233061552048
0.09551655501127243
0.0601036511361599
0.054628875106573105
0.04014384001493454
0.03751511871814728
0.030048327520489693
0.028713898733258247
0.024694476276636124
0.02393311820924282
0.021286776289343834
0.020772622898221016
0.019110269844532013
0.018759675323963165
0.017581719905138016
0.0172660481184721
0.016475629061460495
0.016290592029690742
0.015642117708921432
0.015515883453190327
0.015041664242744446
0.01492815837264061
0.01456423569470644
0.014516327530145645
0.014228783547878265
0.014176980592310429
0.014007040299475193
0.013933314941823483
0.01376144029200077
0.013698098249733448
0.013610833324491978
0.013609718531370163
0.013495352119207382
0.013436814770102501
0.013393675908446312
0.01337899174541235
0.01319984532892704
0.013220408000051975
0.013204247690737247
no squeeze
4.186094760894775
1.1300151348114014
0.959771990776062
0.6615016460418701
0.6253417134284973
0.5276952981948853
0.5095286965370178
0.4521799087524414
0.4402429759502411
0.4008936583995819
0.3926107585430145
0.36394447088241577
0.35711127519607544
0.3357379734516144
0.3304762840270996
0.3135838806629181
0.30955514311790466
0.2955830991268158
0.29306408762931824
0.28111428022384644
0.2785426676273346
0.2689203917980194
0.2687382996082306
0.2583703398704529
0.2567915618419647
0.24948924779891968
0.24708396196365356
0.2411050945520401
0.2398262470960617
0.23221364617347717
0.2312076836824417
0.22526176273822784
0.22386011481285095
0.21851715445518494
0.21642416715621948
0.21038436889648438
0.20879697799682617
0.20206676423549652
0.20038439333438873
0.19454577565193176
0.1921292394399643
0.18495947122573853
0.18343932926654816
0.17661607265472412
0.17532119154930115
0.16885431110858917
0.16767476499080658
0.16210739314556122
0.16164769232273102
0.15685969591140747
0.15783655643463135
0.15241575241088867
0.1513492614030838
0.14849212765693665
0.14790281653404236
0.14575810730457306
0.14508594572544098
0.1431533545255661
0.14242060482501984
0.140420064330101
0.13981342315673828
0.13850544393062592
0.13796764612197876
0.13640044629573822
0.13607743382453918
0.13468368351459503
0.1349029839038849
0.13272598385810852
0.13290736079216003
0.13167248666286469
0.13138335943222046
0.13110224902629852
0.13165301084518433
0.12915721535682678
0.13024386763572693
0.12932957708835602
no squeeze
3.6241204738616943
0.5900191068649292
0.4959985315799713
0.3320918381214142
0.3098914325237274
0.25315284729003906
0.244456946849823
0.21369870007038116
0.20757287740707397
0.18866606056690216
0.18494388461112976
0.173377126455307
0.17073766887187958
0.1617927849292755
0.1600874364376068
0.15485702455043793
0.153010755777359
0.14813639223575592
0.14721059799194336
0.14396028220653534
0.14360105991363525
0.1407133936882019
0.1397566795349121
0.13819065690040588
0.13746128976345062
0.1359751969575882
0.13505929708480835
0.13462796807289124
0.13418501615524292
0.13292552530765533
0.1323723942041397
0.13117198646068573
0.13097625970840454
0.1302938014268875
0.12973552942276
0.1296752393245697
0.1291571706533432
0.12848395109176636
0.1282796412706375
0.12768815457820892
0.12801508605480194
0.127064049243927
0.12678730487823486
0.12641897797584534
0.1265694797039032
0.12590375542640686
0.1258430778980255
0.12518881261348724
0.12563548982143402
0.12488847970962524
0.12517954409122467
0.12485788017511368
0.12478574365377426
0.12430758029222488
0.12388696521520615
0.1247633621096611
0.12461662292480469
0.12389717996120453
no squeeze
3.514721393585205
0.5032740831375122
0.4626537263393402
0.40643393993377686
0.40377768874168396
0.40115243196487427
0.4004504978656769
0.4012061059474945
0.401172399520874
0.40045586228370667
