no squeeze
7.984706401824951
2.1360507011413574
0.9740774035453796
0.527189314365387
0.31985729932785034
0.1610776036977768
0.20263034105300903
0.13546639680862427
0.13841237127780914
0.08178698271512985
0.17392411828041077
0.10200634598731995
0.054481375962495804
0.0631343275308609
0.10271063446998596
0.07402094453573227
0.14269186556339264
0.10488547384738922
0.08136147260665894
0.11653980612754822
0.14596977829933167
0.09609449654817581
0.0710536390542984
no squeeze
7.956622123718262
3.010362386703491
1.7527310848236084
1.1594399213790894
0.8178462982177734
0.7390577793121338
0.685302197933197
0.622035801410675
0.5535381436347961
0.44150498509407043
0.5344299674034119
0.4456509053707123
0.41964977979660034
0.4995165169239044
0.4728541076183319
0.46608564257621765
0.5240751504898071
0.4339735209941864
0.5438361763954163
0.39344140887260437
0.42189010977745056
0.39781269431114197
0.4425451159477234
0.32895389199256897
0.42451080679893494
0.42587125301361084
0.43993884325027466
0.4237874150276184
0.38352862000465393
0.4697595536708832
0.3315817713737488
0.3528333902359009
0.34349456429481506
0.3689253330230713
no squeeze
10.283089637756348
3.98545503616333
2.950434684753418
2.256989002227783
1.8686178922653198
1.0939000844955444
0.9509574770927429
0.7249395251274109
0.7051131129264832
0.8615669012069702
1.0246684551239014
0.683368980884552
0.5976353287696838
0.6319699287414551
1.3938108682632446
0.5338990688323975
0.5554759502410889
0.5131067037582397
0.3249829411506653
0.39964985847473145
0.2652054727077484
0.3708936274051666
0.4344085156917572
0.36141011118888855
0.6934303641319275
0.6742823719978333
0.3404545187950134
0.4986722767353058
0.33458203077316284
0.4773569107055664
0.35349220037460327
no squeeze
13.26818561553955
5.196928024291992
4.0493879318237305
3.2718393802642822
2.5364115238189697
2.1550986766815186
1.9268828630447388
1.5807112455368042
1.316450595855713
1.1575441360473633
1.09537935256958
0.9834358096122742
0.9446445107460022
0.9342688918113708
0.8680789470672607
0.8102542757987976
0.7275457978248596
0.6738477349281311
0.6951100826263428
0.7504130005836487
0.7191568613052368
0.5707046389579773
0.6312486529350281
0.6925466060638428
0.6342397928237915
0.6039650440216064
0.5780894160270691
0.5572240352630615
0.5765473246574402
0.6019823551177979
0.5891969203948975
0.5510175824165344
0.5082375407218933
0.5492320656776428
0.5313448309898376
0.5290360450744629
0.4908166229724884
0.45353004336357117
0.5172986388206482
0.5051478147506714
0.4983994662761688
0.5018593668937683
0.4383060336112976
0.4824520945549011
0.5096137523651123
0.4451946020126343
0.4271032512187958
0.48371630907058716
0.42158058285713196
0.4888615906238556
0.4592840373516083
0.45588362216949463
0.4047112464904785
0.41431739926338196
0.4461132884025574
0.40210863947868347
0.4122266471385956
0.40488728880882263
0.40260687470436096
0.44844818115234375
0.3557879328727722
0.3608362376689911
0.40591415762901306
0.3257734477519989
0.35330730676651
0.36871546506881714
0.3643040955066681
0.369493305683136
0.3579338490962982
0.3546375334262848
0.347605437040329
0.34594544768333435
0.3330664336681366
0.3575398623943329
no squeeze
8.850367546081543
3.0250885486602783
2.1884067058563232
1.572277307510376
1.2681019306182861
1.147567629814148
0.971137285232544
0.8563153147697449
0.8126106858253479
0.7358031272888184
0.655147135257721
0.6172136068344116
0.5096678137779236
0.5440558791160583
0.565777599811554
0.4884262681007385
0.4940308928489685
0.4896796643733978
0.4503153860569
0.4439540207386017
0.43985623121261597
0.41743355989456177
0.4601114094257355
0.3741043210029602
0.40611663460731506
0.36693301796913147
0.4949663281440735
0.32198289036750793
0.3385035991668701
0.397919625043869
0.33429309725761414
0.38136523962020874
0.33592334389686584
0.37687718868255615
0.29713699221611023
0.3235054612159729
0.2865758240222931
0.3650485873222351
0.3891957700252533
0.3213321268558502
0.2628612220287323
0.2636951208114624
0.2900822162628174
0.3388502895832062
0.27334851026535034
0.3251493275165558
0.32657402753829956
0.26950007677078247
0.28870660066604614
0.24735307693481445
0.2527798116207123
0.2516058683395386
0.23823244869709015
0.22944606840610504
0.3041583299636841
0.2420489639043808
0.2732996940612793
0.3121665418148041
0.24949276447296143
0.2467631995677948
0.22679075598716736
0.20896533131599426
0.26487666368484497
0.25258490443229675
0.22550703585147858
0.22271817922592163
0.23694202303886414
0.23414689302444458
0.22400067746639252
0.20914342999458313
0.21632662415504456
0.23099234700202942
no squeeze
10.761162757873535
2.5784318447113037
1.015364170074463
1.263231635093689
0.5876613855361938
1.1118708848953247
0.9958573579788208
0.909613847732544
0.937880277633667
1.4046939611434937
0.7871098518371582
1.532467246055603
0.6897790431976318
0.8090423941612244
0.998082160949707
