no squeeze
12.125530242919922
0.8489991426467896
0.6144086718559265
0.19703379273414612
0.15062934160232544
0.05927370861172676
0.04789400473237038
0.023284517228603363
0.01997314766049385
0.011912796646356583
0.010706481523811817
0.007873835042119026
0.007412731647491455
0.006313493940979242
0.0060988361947238445
0.005573073867708445
0.005495480261743069
0.004915470257401466
0.004836881533265114
0.004450914449989796
0.0043831090442836285
0.004101279191672802
0.004048294387757778
0.003781897248700261
0.0036879421677440405
0.003381304442882538
0.0033285028766840696
0.0031244060955941677
0.0030848917085677385
0.0029872737359255552
0.0028998060151934624
0.0026847324334084988
0.0026649057399481535
0.002557260449975729
0.0025340570136904716
0.0024157543666660786
0.0023795515298843384
0.002283327979966998
0.002251328667625785
0.002173124812543392
0.0021599316969513893
0.002111590700224042
0.0020860065706074238
0.0020392455626279116
0.0020445825066417456
0.0019972501322627068
0.001984239788725972
0.001952720689587295
0.0019472726853564382
0.0019291361095383763
0.0019300717394798994
0.0019042871426790953
0.0019073282601311803
0.0018878576811403036
0.0018890389474108815
0.0018848925828933716
0.001883349264971912
0.0018754051998257637
0.0018754046177491546
0.0018680901266634464
0.0018723185639828444
0.0018692049197852612
no squeeze
13.243287086486816
1.976017713546753
1.6473417282104492
1.1646183729171753
1.101576328277588
0.96620774269104
0.9492645263671875
0.9059332013130188
0.9005284309387207
0.8843812942504883
0.8825159668922424
0.8757173418998718
0.8785198330879211
0.8741201162338257
0.8723351359367371
0.8709679841995239
0.8749419450759888
0.8708505034446716
0.8709051012992859
0.8699586391448975
0.8702446222305298
0.8716981410980225
no squeeze
13.636307716369629
1.9970277547836304
1.4007434844970703
0.4975723624229431
0.4127814769744873
0.2273882031440735
0.1996810883283615
0.12673579156398773
0.11377803981304169
0.07812460511922836
0.07127860933542252
0.05165841430425644
0.04780293256044388
0.03662741184234619
0.03439171984791756
0.02729589305818081
0.025815270841121674
0.02120313234627247
0.020315922796726227
0.01727428287267685
0.016691012308001518
0.014522510580718517
0.014016781933605671
0.012365134432911873
0.012006133794784546
0.010986203327775002
0.010739699937403202
0.009661458432674408
0.009460804052650928
0.008618864230811596
0.008446491323411465
0.007779685780405998
0.007655774708837271
0.007115102373063564
0.0069690910167992115
0.006543382536619902
0.006406338885426521
0.006082501728087664
0.0059978291392326355
0.005703161470592022
0.005588858854025602
0.005297104828059673
0.005200210493057966
0.004938898608088493
0.004895172081887722
0.004692890681326389
0.004629559349268675
0.004390775226056576
0.004332019481807947
0.004243838135153055
0.004154369235038757
0.003961562644690275
0.003932756371796131
0.003773896722123027
0.003725891001522541
0.003648145357146859
0.0035997957456856966
0.0034460993483662605
0.0034198567736893892
0.003350362414494157
0.0033106189221143723
0.003229251829907298
0.0031911018304526806
0.0031041493639349937
0.003068113001063466
0.0030047735199332237
0.0029696954879909754
0.002920892322435975
0.00289113144390285
0.00281841610558331
0.0028021708130836487
0.002748201135545969
0.0027238221373409033
0.0026931115426123142
0.0026678701397031546
0.002619470003992319
0.00259380997158587
0.002560889581218362
0.002596073318272829
0.00250509032048285
0.0025068633258342743
0.0024726924020797014
0.00246377382427454
0.002447537612169981
0.0024148570373654366
0.002386692678555846
0.0023824507370591164
0.002343427622690797
0.0023159272968769073
0.002307930262759328
0.002295193262398243
0.0022564404644072056
0.002277054125443101
0.0022505305241793394
0.0022411970421671867
0.002222299575805664
0.0022003722842782736
0.002190956613048911
0.0021784163545817137
0.0021731224842369556
0.0021518380381166935
0.0021557603031396866
0.002136110793799162
0.0021223609801381826
0.0021479311399161816
0.0021109851077198982
0.0021009882912039757
0.0020946499425917864
0.002084506908431649
0.002073698677122593
0.002096203388646245
0.0020563623402267694
0.0020537690725177526
0.0020527136512100697
0.0020441506057977676
0.0020295241847634315
0.002036173129454255
0.002036013873293996
no squeeze
13.750521659851074
6.258557319641113
5.300837993621826
3.4643185138702393
3.2134437561035156
2.5860824584960938
2.4721145629882812
2.1354386806488037
2.064819574356079
1.841017484664917
1.7941890954971313
1.6336191892623901
1.5992310047149658
1.4811574220657349
1.4569151401519775
1.3690768480300903
1.3504406213760376
1.2877565622329712
1.2725058794021606
1.2254829406738281
1.2152960300445557
1.1797841787338257
1.1716082096099854
1.1454004049301147
1.138803482055664
1.1172888278961182
1.1128489971160889
1.0954087972640991
1.0903728008270264
1.0771751403808594
1.072908639907837
1.0598349571228027
1.0575045347213745
1.045906901359558
1.0420575141906738
1.031280279159546
1.030342698097229
1.019225835800171
1.016014814376831
1.0058549642562866
1.0043672323226929
0.9944241046905518
0.992526650428772
0.9831017851829529
0.9815549254417419
0.971031904220581
0.9690641164779663
0.9596952199935913
0.9574182629585266
0.9507864117622375
0.9477486610412598
0.9382871389389038
0.9364296793937683
0.929160475730896
0.9271399974822998
0.9189621806144714
0.9179156422615051
0.9094172716140747
0.9083847403526306
0.9002382159233093
0.898124098777771
0.8893229365348816
0.8889822959899902
0.8807703256607056
0.8794335722923279
0.8707758784294128
0.8690519332885742
0.8624973893165588
0.8601211905479431
0.8528714776039124
0.8511028289794922
0.8434646129608154
0.84276282787323
0.835106611251831
0.8350443840026855
0.8274533152580261
0.8253018856048584
0.819560706615448
0.8178573250770569
0.8116495013237
0.8109167218208313
0.8047568798065186
0.8055738210678101
0.7979252338409424
0.7968636751174927
0.790823757648468
0.7907460927963257
0.7851071357727051
0.7837653160095215
0.7797247767448425
0.7777039408683777
0.7737486958503723
0.7747757434844971
0.7693576812744141
0.7683761715888977
0.7662227749824524
0.7635825872421265
0.7608984708786011
0.759448230266571
0.7575356960296631
0.7567095160484314
0.7531705498695374
0.7529825568199158
0.7525572776794434
0.7507311701774597
0.7476313710212708
0.7463849782943726
0.7452734708786011
0.7445973753929138
0.7416887879371643
0.7416229248046875
0.7394204139709473
0.7382014393806458
0.7353610992431641
0.7362983226776123
0.7333797812461853
0.7342420220375061
0.7312497496604919
0.7306810617446899
0.728137195110321
0.7279958128929138
0.7270276546478271
0.7256990671157837
0.7238317728042603
0.7237561345100403
0.7209532260894775
0.7218195199966431
0.7203872203826904
0.718986988067627
0.7191601395606995
0.7172580361366272
0.7149875164031982
0.7133163809776306
0.7133383750915527
0.714033305644989
0.7092429399490356
0.7099575996398926
0.7083204388618469
0.7071195840835571
0.7065014839172363
0.7070234417915344
0.7042758464813232
0.7044082880020142
0.7029900550842285
0.70167475938797
0.701935350894928
0.7007147073745728
0.6988142132759094
0.6983203291893005
0.6965292096138
0.695742666721344
0.6944131851196289
0.6949664950370789
0.6928818821907043
0.6937659382820129
0.6919559836387634
0.6914812326431274
0.6888829469680786
0.6892139911651611
0.6872597932815552
0.687396228313446
0.6859035491943359
0.6858361959457397
0.6851232647895813
0.6835484504699707
0.6841540336608887
0.6830621957778931
0.6812971234321594
0.6808552742004395
0.6789814233779907
0.6800351738929749
0.6776024103164673
0.6770353317260742
0.6755834221839905
0.6763069033622742
0.6776677966117859
no squeeze
12.751702308654785
2.814213752746582
2.3650827407836914
1.5862300395965576
1.4845613241195679
1.2346111536026
1.1931307315826416
1.0763713121414185
1.054947853088379
0.9910300970077515
0.9791076183319092
0.9408213496208191
0.9318439364433289
0.9062598347663879
0.9006777405738831
0.8816748261451721
0.877679705619812
0.8629559874534607
0.8600333333015442
0.8492515683174133
0.8474188446998596
0.8373302817344666
0.8364540934562683
0.8283140659332275
0.8258019089698792
0.8198270201683044
0.8183722496032715
0.8125296831130981
0.8115432858467102
0.8067270517349243
0.8047200441360474
0.8047963380813599
0.8014860153198242
0.7961124181747437
0.7958307862281799
0.7935859560966492
0.7922683954238892
0.7897138595581055
0.7891075611114502
0.7857728004455566
0.7856324315071106
0.7839803099632263
0.7828973531723022
0.7789540886878967
0.779348611831665
0.7782163023948669
0.7771472334861755
0.775428056716919
0.773966372013092
0.7728902697563171
0.7734951376914978
0.770531952381134
0.770786702632904
0.771040141582489
no squeeze
11.334123611450195
1.811946153640747
1.6885501146316528
1.6015865802764893
1.5942026376724243
1.591088056564331
1.592484951019287
1.5937830209732056
