no squeeze
21.31624984741211
7.037220478057861
3.4241273403167725
2.0084328651428223
1.2160747051239014
0.8867214322090149
0.6553729772567749
0.5597429871559143
0.9424148201942444
0.3477402329444885
0.2970166504383087
0.2808447778224945
0.3085443377494812
0.20231837034225464
0.221535325050354
0.1977493017911911
0.1852365881204605
0.18499736487865448
0.19868707656860352
0.18597714602947235
0.30773064494132996
0.17768137156963348
0.15150722861289978
0.15242841839790344
0.252687931060791
0.3244936764240265
0.1606440395116806
0.1711963564157486
0.22579129040241241
0.1826697438955307
0.12417019158601761
0.12123792618513107
0.16426114737987518
0.08585353940725327
0.09053493291139603
0.14584001898765564
0.19433192908763885
0.19946564733982086
0.11804495006799698
0.12545965611934662
0.11917546391487122
0.1318870335817337
0.09665494412183762
0.0899391770362854
no squeeze
19.334562301635742
5.779592990875244
3.336571216583252
2.125366449356079
1.8209666013717651
1.462921142578125
1.1005878448486328
0.988937258720398
0.9384781718254089
0.7950767874717712
0.9356539845466614
0.8059368133544922
1.0199291706085205
0.907676100730896
0.7108210325241089
0.8242284655570984
0.6508930325508118
0.8739487528800964
0.6901765465736389
0.5740626454353333
0.6114482879638672
0.6097372174263
0.6069434285163879
0.48621413111686707
0.5975318551063538
0.6738210916519165
0.4835028350353241
0.5808294415473938
0.6373810172080994
0.6577126383781433
0.6081994771957397
0.6497891545295715
0.4421471357345581
0.5964646935462952
0.4897335171699524
0.5226060152053833
0.5061784982681274
0.4647185206413269
0.4555167257785797
0.4700731933116913
0.6343862414360046
0.5873757004737854
0.7042402029037476
no squeeze
19.7783203125
7.5068888664245605
4.310094833374023
2.9090769290924072
2.3100292682647705
1.8449078798294067
1.5191247463226318
1.3369327783584595
1.0804598331451416
0.9192079901695251
0.7385111451148987
0.8021221160888672
0.7133784890174866
0.6228175759315491
0.6588435769081116
0.5509538650512695
0.5308525562286377
0.3554425537586212
0.5707061290740967
0.5804853439331055
0.32324591279029846
0.2826021611690521
0.3721834719181061
0.4024379551410675
0.37804245948791504
0.2717532217502594
0.4487696588039398
0.5724590420722961
0.4894184172153473
0.3849432170391083
0.2735508382320404
0.21476636826992035
0.22079752385616302
0.15555180609226227
0.10365425050258636
0.16117353737354279
0.12344380468130112
0.20326103270053864
0.18969927728176117
0.4417822062969208
0.19447846710681915
0.35626402497291565
0.149953693151474
0.24348194897174835
0.3891327977180481
no squeeze
20.884822845458984
9.375150680541992
6.974808216094971
5.786874294281006
4.933978080749512
3.956922769546509
3.5393831729888916
3.014866352081299
2.623396158218384
2.433361053466797
2.251220703125
2.0635344982147217
1.9670794010162354
1.8363181352615356
1.7490339279174805
1.6915279626846313
1.6063975095748901
1.543810486793518
1.4311994314193726
1.3279813528060913
1.2847040891647339
1.2840605974197388
1.2098268270492554
1.1409780979156494
1.0396943092346191
1.0804169178009033
1.1147757768630981
1.0427494049072266
1.055523157119751
0.9642640352249146
0.9913547039031982
0.9905361533164978
0.8441630005836487
0.926050066947937
0.8987444639205933
0.8148785829544067
1.0414789915084839
0.8356421589851379
0.7833960652351379
0.7404833436012268
0.8187134861946106
0.8305101990699768
0.7918869853019714
0.7694315314292908
0.6537381410598755
0.6485714912414551
0.6661157011985779
0.7602198719978333
0.7552224397659302
0.6491720676422119
0.6190221309661865
0.6724994778633118
0.6115282773971558
0.6796057820320129
0.5567235350608826
0.6548169255256653
0.6332346200942993
0.6119681596755981
0.6590299010276794
0.6333284974098206
0.6898144483566284
0.5881267786026001
0.535404622554779
0.56406569480896
0.5374619364738464
0.48745009303092957
0.4857737123966217
0.4986993968486786
0.47701436281204224
0.4738408327102661
0.48340800404548645
0.4756813943386078
0.4622876048088074
0.4541257917881012
0.42417576909065247
0.4657084047794342
0.44780591130256653
0.439522922039032
0.43559834361076355
0.4120858907699585
0.46499985456466675
0.47961702942848206
0.424679696559906
0.39231035113334656
0.3908587098121643
0.37319791316986084
0.42523643374443054
0.42390045523643494
0.36784008145332336
0.39138534665107727
0.36690935492515564
0.3689042329788208
0.38548848032951355
0.3604484498500824
0.38166311383247375
0.3445993959903717
0.35923075675964355
0.33578455448150635
0.33886831998825073
0.3433033227920532
0.3568620979785919
0.34115108847618103
0.34971287846565247
0.2968091070652008
0.3569587171077728
0.3056298494338989
0.29703763127326965
0.2770376205444336
0.29505017399787903
0.2858384847640991
0.2855522930622101
0.3031165897846222
0.32293203473091125
0.2869456112384796
0.28264757990837097
0.3047703206539154
0.2776678800582886
0.28775715827941895
no squeeze
22.8848876953125
8.303994178771973
5.510941505432129
4.2813920974731445
3.328834056854248
2.7522366046905518
2.560508966445923
2.1351399421691895
1.9626760482788086
1.798365831375122
1.4702732563018799
1.5990967750549316
1.5729221105575562
1.3243253231048584
1.2617820501327515
1.2618452310562134
1.1536785364151
1.1630277633666992
1.060570240020752
1.0338497161865234
1.0381261110305786
0.9437044858932495
1.019774079322815
0.9232296347618103
0.9046162962913513
0.8707788586616516
0.9846065640449524
0.8628157377243042
0.8551774621009827
0.8041843771934509
0.810954213142395
0.7943422198295593
0.7293790578842163
0.7457377910614014
0.6881357431411743
0.8690071702003479
0.7147967219352722
0.7857541441917419
0.7074952721595764
0.7033501863479614
0.6178135871887207
0.6085363626480103
0.6813886761665344
0.6139708757400513
0.6448624730110168
0.6578986048698425
0.6162065863609314
0.6117386221885681
0.5687053203582764
0.5502322316169739
0.6221433281898499
0.5611295104026794
0.6521678566932678
0.7212257385253906
0.543496310710907
0.5005004405975342
0.5454003810882568
0.6031928658485413
0.5108022093772888
0.5262340903282166
0.5198746919631958
0.43097662925720215
0.5307567119598389
0.454878032207489
0.4243748188018799
0.4912726581096649
0.4190688729286194
0.5941513776779175
0.48105689883232117
0.4161832332611084
0.41373753547668457
0.3983705937862396
0.4280126094818115
0.477672815322876
0.4404507279396057
0.4193742871284485
0.4303588271141052
0.4177807867527008
0.39620441198349
0.514617383480072
0.4075363576412201
0.3905208110809326
0.38781288266181946
0.44314244389533997
0.4477582275867462
0.4076846241950989
0.5100187063217163
0.45361244678497314
0.37417080998420715
0.3810385763645172
0.404113233089447
0.36710718274116516
0.3970818817615509
0.3911699950695038
0.3340736925601959
0.40385591983795166
0.3491828441619873
0.36236730217933655
0.4301883280277252
0.29273080825805664
0.35913851857185364
0.3425792455673218
0.35506272315979004
0.33365991711616516
0.398612380027771
0.30188173055648804
0.33735334873199463
0.3340851068496704
0.3180382251739502
0.29086825251579285
0.3291764557361603
0.3270319104194641
0.34129807353019714
0.30119460821151733
0.31729355454444885
0.2768952548503876
0.30594009160995483
0.33784031867980957
0.2653861939907074
0.28500086069107056
0.25776207447052
0.2948382496833801
0.28824329376220703
0.2816164195537567
0.2955974042415619
0.2746621072292328
0.28128567337989807
0.26697078347206116
0.24394255876541138
0.24705061316490173
0.39907610416412354
0.2932696044445038
0.26713454723358154
0.2372969537973404
0.218084454536438
0.2647293210029602
0.21887129545211792
0.20919141173362732
0.23839576542377472
0.25564005970954895
0.27384883165359497
0.2625160813331604
0.2653399705886841
0.2557200491428375
0.2552413046360016
0.24527223408222198
0.24585308134555817
0.2038004994392395
0.23049111664295197
0.2344830185174942
0.2428978532552719
0.20267032086849213
0.28625765442848206
0.2056998610496521
0.279931902885437
0.22836945950984955
0.21356314420700073
0.2100580632686615
0.20713560283184052
0.2348351627588272
0.2484649270772934
0.23339690268039703
no squeeze
23.440185546875
7.448555946350098
3.8105714321136475
4.162729740142822
2.360602617263794
3.412489891052246
3.362308979034424
2.4840309619903564
2.529238700866699
2.5746750831604004
2.5370841026306152
2.582094430923462
1.5518286228179932
2.1000468730926514
2.5033087730407715
2.209444284439087
2.035426139831543
1.8267148733139038
2.1562159061431885
2.874329090118408
3.0387485027313232
1.5947256088256836
1.694985270500183
