no squeeze
570.6806640625
366.9264221191406
308.85638427734375
107.62875366210938
74.7732925415039
27.190195083618164
23.9339542388916
15.964582443237305
14.563055038452148
10.317822456359863
9.443148612976074
6.708715438842773
6.1484761238098145
4.3765645027160645
4.016324996948242
2.8634328842163086
2.6291775703430176
1.9130805730819702
1.765073299407959
1.3111523389816284
1.2184032201766968
0.9331709742546082
0.8760178089141846
0.6994129419326782
0.6621840000152588
0.5432201027870178
0.5182629823684692
0.44164755940437317
0.4233678877353668
0.3686825931072235
0.3568262755870819
0.31776365637779236
0.3086850345134735
0.2798685133457184
0.272930383682251
0.25086426734924316
0.24583688378334045
0.22758862376213074
0.22348721325397491
0.20973621308803558
0.20670826733112335
0.19549457728862762
0.19261914491653442
0.18340463936328888
0.18088556826114655
0.17378653585910797
0.17108839750289917
0.16419591009616852
0.1626095175743103
0.1569231152534485
0.15568891167640686
0.1502242088317871
0.14924047887325287
0.14616072177886963
0.1450609415769577
0.139495849609375
0.13881723582744598
0.13436610996723175
0.13327425718307495
0.12988115847110748
0.1298217475414276
0.12502707540988922
0.12403783947229385
0.12059527635574341
0.12063615769147873
0.11654259264469147
0.11615542322397232
0.11249237507581711
0.11202318221330643
0.1087595671415329
0.1084752008318901
0.10487836599349976
0.10391341894865036
0.10105928033590317
0.10029645264148712
0.09725027531385422
0.0962485745549202
0.09374110400676727
0.09305217862129211
0.09022935479879379
0.08959604054689407
0.08721138536930084
0.08625109493732452
0.08333481848239899
0.08331851661205292
0.08012121915817261
0.07980835437774658
0.07652062922716141
0.07592323422431946
0.0735723227262497
0.07387794554233551
0.06979634612798691
0.06940428167581558
0.06733568757772446
0.06651026010513306
0.06402835994958878
0.06365950405597687
0.060848817229270935
0.06053996458649635
0.057605087757110596
0.057281821966171265
0.05532386526465416
0.05576663836836815
0.05294542759656906
0.051634423434734344
0.049755413085222244
0.0491090752184391
0.04700177535414696
0.046390507370233536
0.04424094781279564
0.04394189640879631
0.04212178662419319
0.04178599640727043
0.04014148190617561
0.040279991924762726
0.037673015147447586
0.037219904363155365
0.03612258657813072
0.03525756672024727
0.03383396193385124
0.03294859454035759
0.03162079304456711
0.031248537823557854
0.02983713150024414
0.02927238866686821
0.027967805042862892
0.027588333934545517
0.026266349479556084
0.026489263400435448
0.02461162582039833
0.024921486154198647
0.02300698310136795
0.022727806121110916
0.021813925355672836
0.021381115540862083
0.021890001371502876
0.020724043250083923
0.01904892921447754
0.019305959343910217
0.01794113963842392
0.01772695779800415
0.016972605139017105
0.016819115728139877
0.01590062864124775
0.016316864639520645
0.015304645523428917
0.014897425659000874
0.014573352411389351
0.013940093107521534
0.013315235264599323
0.01306165475398302
0.013289984315633774
0.012511755339801311
0.011868647299706936
0.01204373873770237
0.011386335827410221
0.011129705235362053
0.011167445220053196
0.010643280111253262
0.010239511728286743
0.010405846871435642
0.01024777814745903
no squeeze
572.4816284179688
282.3034362792969
214.88426208496094
55.46476745605469
42.95036315917969
27.70696449279785
25.6650390625
20.066164016723633
18.976966857910156
15.665172576904297
15.001922607421875
12.908723831176758
12.486602783203125
11.149944305419922
10.859949111938477
9.940339088439941
9.744832038879395
9.123784065246582
8.987466812133789
8.549006462097168
8.454357147216797
8.148618698120117
8.07977294921875
7.8606414794921875
7.810791969299316
7.6406426429748535
7.602056503295898
7.471251487731934
7.4418182373046875
7.336223602294922
7.311482906341553
7.227438449859619
7.207281112670898
7.137042999267578
7.119822978973389
7.0630950927734375
7.047876358032227
7.002453327178955
6.9852471351623535
6.946540355682373
6.936341285705566
6.898037433624268
6.888808250427246
6.857310771942139
6.84926700592041
6.825445175170898
6.817429542541504
6.792181015014648
6.786334037780762
6.7692341804504395
6.7631707191467285
6.74854850769043
6.743320941925049
6.7237091064453125
6.721613883972168
6.713863372802734
6.7057785987854
6.6921539306640625
6.68772029876709
6.677130222320557
6.673337459564209
6.665553569793701
6.662600994110107
6.651662826538086
6.649145126342773
6.641000270843506
6.6392130851745605
6.633167743682861
6.632967472076416
6.624441146850586
6.620820045471191
6.6118879318237305
6.613862991333008
6.607085704803467
6.604098796844482
6.6023640632629395
6.596297740936279
6.5897698402404785
6.588066101074219
6.580265045166016
6.581178665161133
6.577226638793945
6.574372291564941
6.570545196533203
6.570332050323486
6.564746379852295
6.565237522125244
6.558582782745361
6.5567803382873535
6.552558898925781
6.552561283111572
6.555724143981934
no squeeze
571.5822143554688
433.1866455078125
389.9007873535156
216.3471221923828
178.90028381347656
90.57039642333984
78.67320251464844
48.696407318115234
43.458099365234375
28.326345443725586
25.425983428955078
16.96168327331543
15.328245162963867
10.562994956970215
9.654852867126465
7.057346820831299
6.559918403625488
5.137106895446777
4.857842922210693
4.029664039611816
3.867164134979248
3.362578868865967
3.2531659603118896
2.9051311016082764
2.8251242637634277
2.5699503421783447
2.5073769092559814
2.2986159324645996
2.2479515075683594
2.0634348392486572
2.0236575603485107
1.8758066892623901
1.8396786451339722
1.7079784870147705
1.6756722927093506
1.5576666593551636
1.529005765914917
1.423237919807434
1.3977010250091553
1.3026882410049438
1.2793775796890259
1.1935502290725708
1.1724692583084106
1.0937507152557373
1.0745238065719604
1.0033611059188843
0.9856806397438049
0.9201863408088684
0.9041658639907837
0.8443461060523987
0.8294236660003662
0.7751291990280151
0.7618390321731567
0.7126844525337219
0.7000223398208618
0.6547732353210449
0.6432971358299255
0.6020914912223816
0.5920048952102661
0.55429607629776
0.5450831055641174
0.5114562511444092
0.5026412010192871
0.47168371081352234
0.46391379833221436
0.4361637234687805
0.4289804995059967
0.4025743305683136
0.39715614914894104
0.3740093410015106
0.36799558997154236
0.3468174636363983
0.3412521779537201
0.3220619261264801
0.31724175810813904
0.2996172308921814
0.29521000385284424
0.2796517312526703
0.27542147040367126
0.26043346524238586
0.2566612660884857
0.24291540682315826
0.23977163434028625
0.2277374267578125
0.22448121011257172
0.21325410902500153
0.21020328998565674
0.1998409628868103
0.19728122651576996
0.18763889372348785
0.18529190123081207
0.17632485926151276
0.17441722750663757
0.16597601771354675
0.1640513390302658
0.1566099375486374
0.15467645227909088
0.1473434716463089
0.1456640064716339
0.13964307308197021
0.13785864412784576
0.13149437308311462
0.1300889551639557
0.12447839975357056
0.12324598431587219
0.11787202954292297
0.11646835505962372
0.11159062385559082
0.11033647507429123
0.10551516711711884
0.10462243109941483
0.10014845430850983
0.09901698678731918
0.09519190341234207
0.09408997744321823
0.09011872857809067
0.08919584006071091
0.08588029444217682
0.0849107876420021
0.08171440660953522
0.08082791417837143
0.07768939435482025
0.07682006061077118
0.07393695414066315
0.07304944843053818
0.0707160010933876
0.06981104612350464
0.06720903515815735
0.06637200713157654
0.06392858922481537
0.0632409155368805
0.060938749462366104
0.06024547666311264
0.058067742735147476
0.05745474249124527
0.05543221905827522
0.05490627512335777
0.05322781950235367
0.052589334547519684
0.05062435567378998
0.050095271319150925
0.048146411776542664
0.04793006554245949
0.04631417617201805
0.045818064361810684
0.04424970969557762
0.04397202655673027
0.04229806363582611
0.041884906589984894
0.040351495146751404
0.03995157778263092
0.03865223005414009
0.03837613761425018
0.037076134234666824
0.03676376864314079
0.03551902249455452
0.03522315248847008
0.034041400998830795
0.03377780690789223
0.03248400241136551
0.032437536865472794
0.03138617053627968
0.031151270493865013
0.030092930421233177
0.029815061017870903
0.02867133915424347
0.02864348329603672
0.027753634378314018
0.027443777769804
0.02661965973675251
0.026355532929301262
0.025581294670701027
0.025356896221637726
0.02458186261355877
0.02440982311964035
0.023677829653024673
0.023509854450821877
0.02279047854244709
0.022556789219379425
0.02193448320031166
0.021791702136397362
0.021108219400048256
0.021010883152484894
0.020368298515677452
0.02017875760793686
0.019635697826743126
0.019534694030880928
0.018949050456285477
0.01879703253507614
0.018305720761418343
0.018217571079730988
0.017758367583155632
0.01758992299437523
0.017150672152638435
0.017012448981404305
0.016666671261191368
0.016495266929268837
0.016082456335425377
0.01593831181526184
0.015553673729300499
no squeeze
576.3081665039062
475.9450988769531
438.7549133300781
263.3950500488281
219.53817749023438
115.31094360351562
103.54287719726562
75.63623809814453
70.77779388427734
56.672218322753906
53.946067810058594
45.51177215576172
43.744056701660156
38.09920883178711
36.89278030395508
32.857421875
31.97075080871582
28.991872787475586
28.294485092163086
26.03558921813965
25.476491928100586
23.581798553466797
23.216083526611328
21.725139617919922
21.41119956970215
20.155855178833008
19.872703552246094
18.880434036254883
18.67876625061035
17.83724021911621
17.6312198638916
16.943889617919922
16.786090850830078
16.19915771484375
16.04180908203125
15.525694847106934
15.40483570098877
14.968709945678711
14.862433433532715
14.464465141296387
14.330839157104492
13.962651252746582
13.887486457824707
13.542119026184082
13.459033966064453
13.12692642211914
13.049027442932129
12.752961158752441
12.656608581542969
12.369077682495117
12.293990135192871
12.012680053710938
11.937567710876465
11.6741361618042
11.597986221313477
11.355076789855957
11.274158477783203
11.046285629272461
11.025794982910156
10.731664657592773
10.66888427734375
10.40180492401123
10.34671688079834
10.126941680908203
10.051456451416016
9.827325820922852
9.769166946411133
9.565018653869629
9.520109176635742
9.313497543334961
9.266676902770996
9.070816993713379
9.025547981262207
8.887063980102539
8.8153657913208
8.65432071685791
8.625907897949219
8.472207069396973
8.434186935424805
8.310479164123535
8.274611473083496
8.163904190063477
8.136494636535645
8.035368919372559
8.009231567382812
7.9334259033203125
7.913183212280273
7.841520309448242
7.8135271072387695
7.758520126342773
7.740859031677246
7.679556846618652
7.669105529785156
7.621410846710205
7.609793663024902
7.5680646896362305
7.557923316955566
7.523656845092773
7.5202178955078125
7.480997562408447
7.468501091003418
7.439915180206299
7.431068420410156
7.406792163848877
7.3959150314331055
7.375883102416992
7.372104167938232
7.336831569671631
7.3323588371276855
7.311558246612549
7.305410385131836
7.2783074378967285
7.2720136642456055
7.252981185913086
7.2447333335876465
7.221473693847656
7.222137928009033
7.1958394050598145
7.18803596496582
7.166916847229004
7.159449100494385
7.139347076416016
7.143165588378906
7.11589241027832
7.106305122375488
7.088688850402832
7.078786849975586
7.064036846160889
7.0540313720703125
7.040716648101807
7.027273178100586
7.00575065612793
7.0085554122924805
6.983375549316406
6.973649501800537
6.979963779449463
6.95290994644165
6.930649757385254
6.922423362731934
6.90301513671875
6.896641254425049
6.886807441711426
6.881084442138672
6.8538923263549805
6.849610328674316
6.8318772315979
6.8268561363220215
6.804999828338623
6.7975616455078125
6.779993534088135
6.77724552154541
6.7543463706970215
6.7568230628967285
6.733739376068115
6.72456169128418
6.712499141693115
6.711273670196533
6.6846442222595215
6.6839470863342285
6.665618419647217
6.657821178436279
6.638151168823242
6.639869213104248
6.619184970855713
6.606551170349121
6.591987609863281
6.596983432769775
6.568822860717773
6.56296443939209
6.542873859405518
6.536316394805908
6.534209251403809
6.512698650360107
6.502335548400879
6.4897260665893555
6.475889682769775
6.464486122131348
6.452070236206055
6.4395670890808105
6.427212238311768
6.41957426071167
6.398946285247803
6.3955912590026855
6.380424976348877
6.367830276489258
6.350798606872559
6.343286514282227
6.348973274230957
6.3261213302612305
6.305681228637695
6.330588340759277
6.283016681671143
6.2931013107299805
6.277375221252441
6.25610876083374
6.228524684906006
6.2183427810668945
6.2171430587768555
6.198092937469482
6.184348106384277
no squeeze
563.8119506835938
330.791259765625
272.61761474609375
104.7353286743164
82.64054107666016
47.017154693603516
42.76724624633789
31.434722900390625
29.36830711364746
23.280744552612305
22.071231842041016
18.42237663269043
17.68001937866211
15.364630699157715
14.889261245727539
13.366546630859375
13.048507690429688
12.010628700256348
11.782234191894531
11.029099464416504
10.863346099853516
10.294733047485352
10.168033599853516
9.732720375061035
9.631589889526367
9.28055477142334
9.202413558959961
8.92501449584961
8.861003875732422
8.627800941467285
8.57393741607666
8.383594512939453
8.337672233581543
8.181891441345215
8.143710136413574
8.0136079788208
7.98091983795166
7.87401008605957
7.842033863067627
7.745580673217773
7.7237677574157715
7.639521598815918
7.620550632476807
7.548618793487549
7.52785587310791
7.468199729919434
7.448575019836426
7.396650791168213
7.377309799194336
7.3249616622924805
7.309906482696533
7.264422416687012
7.250873565673828
7.208833694458008
7.196287631988525
7.154865264892578
7.142516136169434
7.107913494110107
7.098814964294434
7.055362224578857
7.0485100746154785
7.0137505531311035
7.0063090324401855
6.971629619598389
6.9629364013671875
6.929563045501709
6.92057991027832
6.891327381134033
6.884064197540283
6.8545660972595215
6.849593639373779
6.821396827697754
6.819879531860352
6.784916877746582
6.776083469390869
6.751065254211426
6.7464599609375
6.723631381988525
6.711820602416992
6.687259674072266
6.688295841217041
6.6606950759887695
6.65228271484375
6.626835823059082
6.623088836669922
6.6027727127075195
6.5985107421875
6.58461856842041
6.5681586265563965
6.550577163696289
6.540868759155273
6.5351243019104
6.518398761749268
6.496825695037842
6.488896369934082
6.4809417724609375
6.468546390533447
6.456374645233154
6.447781085968018
6.425441741943359
6.423730373382568
6.408064365386963
6.404234886169434
6.385079383850098
6.379560947418213
6.366028308868408
6.3607330322265625
6.347925186157227
6.339076042175293
6.323933124542236
6.322920322418213
6.308204650878906
6.304028511047363
6.286242485046387
6.289586067199707
6.2757768630981445
6.291345596313477
6.254880905151367
6.2509260177612305
6.244664192199707
6.24304723739624
6.223812580108643
6.225808143615723
6.220614910125732
6.212029933929443
6.201006889343262
6.200591087341309
6.2198872566223145
6.1959733963012695
6.169377326965332
6.201426029205322
6.184503078460693
no squeeze
558.8175048828125
165.1900634765625
112.47421264648438
44.629512786865234
39.09214401245117
27.890295028686523
26.497501373291016
23.473648071289062
23.060142517089844
22.086307525634766
21.95810890197754
21.56400489807129
21.528669357299805
21.33228874206543
21.31166648864746
21.24285316467285
21.33523941040039
21.181730270385742
21.199565887451172
21.15032196044922
21.150346755981445
21.14813232421875
21.12441062927246
21.126541137695312
21.18497085571289
21.118417739868164
21.11615753173828
21.125532150268555
21.118066787719727
21.110301971435547
21.116973876953125
21.12333106994629
