no squeeze
35.65033721923828
5.9987969398498535
4.8365654945373535
2.3103113174438477
1.9652342796325684
1.0903912782669067
0.943548321723938
0.5488421320915222
0.4810201823711395
0.29815545678138733
0.2653377950191498
0.1745947301387787
0.15826283395290375
0.11262083798646927
0.10355007648468018
0.07925605773925781
0.07493285834789276
0.06214248389005661
0.05979824811220169
0.05302334949374199
0.05165510252118111
0.04786834120750427
0.04707825183868408
0.044740889221429825
0.044281404465436935
0.042949408292770386
0.042612701654434204
0.04165896773338318
0.041580431163311005
0.0405752919614315
0.0403725728392601
0.03969723731279373
0.039637353271245956
0.03906473144888878
0.038873497396707535
0.038291554898023605
0.03817635402083397
0.03775269165635109
0.037583183497190475
0.03712650015950203
0.03697308152914047
0.036454398185014725
0.03638554736971855
0.03610755875706673
0.03590719774365425
0.03542729467153549
0.03529694303870201
0.03490809351205826
0.034794896841049194
0.03444132208824158
0.03428878262639046
0.03394841030240059
0.03378269448876381
0.033579904586076736
0.03336181119084358
0.03302416577935219
0.03292522951960564
0.032614901661872864
0.03252730146050453
0.032224949449300766
0.03218574821949005
0.031882937997579575
0.031785912811756134
0.03155137971043587
0.0314708910882473
0.031195098534226418
0.031116994097828865
0.03086026944220066
0.030806362628936768
0.030597113072872162
0.030581539496779442
0.030347954481840134
0.03027809038758278
0.030111592262983322
0.03003767505288124
0.029881352558732033
0.029817860573530197
0.029710637405514717
0.029622171074151993
0.02954048663377762
0.02949577569961548
0.029341939836740494
0.029301723465323448
0.029203452169895172
0.029189633205533028
0.029057765379548073
0.029015881940722466
0.028899604454636574
0.028888680040836334
0.02885642647743225
0.028774790465831757
0.02869402803480625
0.028733495622873306
0.02868509665131569
0.02865801937878132
0.028573596850037575
0.028543954715132713
0.028506848961114883
0.02848156727850437
0.028478136286139488
0.028444869443774223
0.028428811579942703
0.028400341048836708
0.028310265392065048
0.028348619118332863
0.028336787596344948
no squeeze
34.9865837097168
6.780881404876709
6.005879878997803
4.583649635314941
4.394019603729248
3.912907123565674
3.8291399478912354
3.603194236755371
3.5591835975646973
3.450272560119629
3.4329793453216553
3.3685038089752197
3.3574302196502686
3.3230350017547607
3.317368268966675
3.2956666946411133
3.2918996810913086
3.280379056930542
3.2754769325256348
3.2667195796966553
3.2648987770080566
3.262378692626953
3.2598745822906494
3.253655433654785
3.2572901248931885
3.2568869590759277
no squeeze
36.90753936767578
13.80893611907959
10.462652206420898
4.094186305999756
3.4826338291168213
2.172492265701294
1.9630153179168701
1.4015806913375854
1.2978864908218384
0.9922592639923096
0.932995080947876
0.7486616969108582
0.7101267576217651
0.5880360007286072
0.5615242719650269
0.475075364112854
0.4555707573890686
0.39207425713539124
0.37699317932128906
0.3257070779800415
0.31420278549194336
0.2735151946544647
0.2637501060962677
0.23062364757061005
0.2228669673204422
0.19556410610675812
0.18881459534168243
0.1668446660041809
0.1613171547651291
0.14262068271636963
0.13869649171829224
0.12379264831542969
0.12078859657049179
0.10917463153600693
0.10666592419147491
0.09781042486429214
0.09567731618881226
0.08856462687253952
0.08681636303663254
0.0809163823723793
0.07954419404268265
0.07461480796337128
0.07342986017465591
0.06930102407932281
0.06835979223251343
0.0646962821483612
0.0638740286231041
0.060969289392232895
0.06016677990555763
0.05722097307443619
0.056658148765563965
0.05466942861676216
0.05409323051571846
0.051578301936388016
0.051074638962745667
0.049114204943180084
0.04862230271100998
0.04696420580148697
0.04649170860648155
0.04487944394350052
0.044509999454021454
0.04309849068522453
0.04279966652393341
0.041440241038799286
0.041256923228502274
0.04023958742618561
0.03993459790945053
0.0389566645026207
0.03860112652182579
0.037650980055332184
0.03739118203520775
0.03657282516360283
0.0363190732896328
0.03549899533390999
0.03529589623212814
0.03465704619884491
0.03445280343294144
0.03378867357969284
0.03356706723570824
0.03298152610659599
0.03300865739583969
0.03253823518753052
0.0323786623775959
0.031840965151786804
0.031673677265644073
0.031245704740285873
0.031195055693387985
0.030873391777276993
0.030754445120692253
0.030473513528704643
0.03042393922805786
0.03015228360891342
0.03000781126320362
0.029732298105955124
0.029683394357562065
0.029396001249551773
0.029382169246673584
0.02921067364513874
0.0291589368134737
0.028943371027708054
0.028941066935658455
0.028775257989764214
0.028657590970396996
0.028596559539437294
0.02858830988407135
0.028364790603518486
0.02841808646917343
0.02826998196542263
0.028190020471811295
0.028052255511283875
0.028117923066020012
0.028011681511998177
0.02799246832728386
0.0278470478951931
0.02784332074224949
0.027739977464079857
0.027738917618989944
0.02774682268500328
0.02767060324549675
0.02766137383878231
0.02761664241552353
0.02753993682563305
0.027450604364275932
0.027432305738329887
0.02753816917538643
0.0274747833609581
no squeeze
37.87514877319336
20.66861343383789
17.50848960876465
10.935245513916016
10.07668685913086
7.99564266204834
7.6490678787231445
6.683930397033691
6.498960494995117
5.947166442871094
5.827245235443115
5.4579339027404785
5.377734661102295
5.111909866333008
5.050573348999023
4.851758003234863
4.805525779724121
4.650393486022949
4.612302303314209
4.494338035583496
4.461176872253418
4.355600357055664
4.3260416984558105
4.236267566680908
4.216361999511719
4.1344099044799805
4.114498138427734
4.038394451141357
4.017001628875732
3.945512294769287
3.930047035217285
3.8641674518585205
3.848811149597168
3.775583267211914
3.757808208465576
3.6928298473358154
3.678429126739502
3.6150765419006348
3.6000444889068604
3.5375571250915527
3.522531032562256
3.4650309085845947
3.4492242336273193
3.3947155475616455
3.3802378177642822
3.328500270843506
3.3121771812438965
3.2593212127685547
3.249424934387207
3.1983642578125
3.1871178150177
3.1435656547546387
3.1309151649475098
3.087324380874634
3.0773708820343018
3.03539776802063
3.025161027908325
2.98836612701416
2.9788718223571777
2.940288543701172
2.9320476055145264
2.901118040084839
2.8928070068359375
2.860058069229126
2.8494019508361816
2.818870782852173
2.811583995819092
2.7852041721343994
2.77624249458313
2.7488503456115723
2.7431533336639404
2.722907304763794
2.715198040008545
2.6890218257904053
2.6827778816223145
2.66281795501709
2.6579325199127197
2.6359829902648926
2.6294968128204346
2.611131429672241
2.6082332134246826
2.590489387512207
2.5841763019561768
2.568174123764038
2.565732002258301
2.546074628829956
2.542802333831787
2.5290892124176025
2.525718927383423
2.5112321376800537
2.507920742034912
2.495755434036255
2.4908571243286133
2.475253105163574
2.4731574058532715
2.464967727661133
2.4614064693450928
2.4484496116638184
2.444139003753662
2.4381518363952637
2.4373855590820312
2.426409959793091
2.42244291305542
2.4123315811157227
2.4101524353027344
2.4027011394500732
2.398850679397583
2.389387369155884
2.3835842609405518
2.3797929286956787
2.3792765140533447
2.3706436157226562
2.364072322845459
2.3620872497558594
2.357490062713623
2.3547298908233643
2.3517954349517822
2.3429508209228516
2.3426506519317627
2.336275815963745
2.3337652683258057
2.3263049125671387
2.3242027759552
2.321228504180908
2.318981647491455
2.3176684379577637
2.316387891769409
2.305555582046509
2.3059916496276855
2.300859212875366
2.2957496643066406
2.291123390197754
2.2921791076660156
2.2887096405029297
2.2893614768981934
2.2858798503875732
2.2812929153442383
2.2743911743164062
2.2757394313812256
2.2711522579193115
2.268742084503174
2.26727032661438
2.269800901412964
2.2594423294067383
2.2633273601531982
2.2582035064697266
2.25663685798645
2.253467082977295
2.2526257038116455
2.2482192516326904
2.2482516765594482
2.2438178062438965
2.2403316497802734
2.236316442489624
2.2402572631835938
2.2399466037750244
no squeeze
36.328125
9.358530044555664
8.067438125610352
5.493030548095703
5.166952610015869
4.357576370239258
4.222988128662109
3.860114574432373
3.7968528270721436
3.608804702758789
3.5714008808135986
3.4533588886260986
3.426426887512207
3.342424154281616
3.323350191116333
3.261709451675415
3.246323347091675
3.1968705654144287
3.1837127208709717
3.1397228240966797
3.1300907135009766
3.091939687728882
3.0858147144317627
3.054123878479004
3.044400453567505
3.0176405906677246
3.0087368488311768
2.985008478164673
2.9779911041259766
2.957021474838257
2.9518556594848633
2.9344828128814697
2.9284980297088623
2.913072109222412
2.9067599773406982
2.8893802165985107
2.8866946697235107
2.872410535812378
2.8680129051208496
2.8559646606445312
2.8505139350891113
2.841464042663574
2.841201066970825
2.8289735317230225
2.8302083015441895
2.818913221359253
2.815131664276123
2.807558298110962
2.806654214859009
2.7984156608581543
2.7986867427825928
2.791220188140869
2.7910068035125732
2.788459062576294
2.7855727672576904
2.7744367122650146
2.775892972946167
2.7696139812469482
2.770909309387207
2.76735520362854
2.766115665435791
2.7641189098358154
2.7629172801971436
2.754685640335083
2.752406120300293
2.7540576457977295
2.753082752227783
2.7475876808166504
2.746978282928467
2.746826648712158
2.7440807819366455
2.741572380065918
2.7415270805358887
2.738870859146118
2.7370853424072266
2.7358317375183105
2.731767416000366
2.7322170734405518
2.7303273677825928
2.7325055599212646
2.731283187866211
2.7281854152679443
2.7293741703033447
2.7281882762908936
no squeeze
33.4439582824707
6.472349643707275
5.954808712005615
5.543898582458496
5.5121049880981445
5.447257995605469
5.447028636932373
5.4267578125
5.428423881530762
5.421599864959717
5.423214435577393
5.423055171966553
