no squeeze
1.0208739042282104
0.3534390926361084
0.1943521946668625
0.11107609421014786
0.07057689130306244
0.05051982030272484
0.0412428118288517
0.032118070870637894
0.02464100532233715
0.0218672975897789
0.015817182138562202
0.016258161514997482
0.015351232141256332
0.01474094670265913
0.010956707410514355
0.008862380869686604
0.00755911972373724
0.00711473636329174
0.007145008537918329
0.005351228639483452
0.005585740320384502
0.004930104594677687
0.005513071082532406
0.005423040594905615
0.00484456168487668
0.007261158432811499
0.004057866986840963
0.00362903974018991
0.004932702518999577
0.003955858293920755
0.0030735095497220755
0.003033222397789359
0.008353007026016712
0.005300309509038925
0.007575418334454298
0.00279017211869359
0.002591363387182355
0.00460411561653018
0.0021211588755249977
0.0024747252464294434
0.0032357308082282543
0.002658840036019683
0.0019839592278003693
0.00176619878038764
0.0038822765927761793
0.001953280530869961
0.001789341913536191
0.0018704974791035056
0.0018526485655456781
0.002290463773533702
0.0017824436072260141
0.0019374884432181716
0.00158449518494308
0.001460530562326312
0.0017363011138513684
0.0015591040719300508
0.0028522557113319635
0.0014914952917024493
0.0014849976869300008
0.0019859590101987123
0.00198503234423697
0.0013956815237179399
0.003967783879488707
0.0013633397174999118
0.0015966378850862384
0.0013664375292137265
0.0016040446935221553
0.0034986764658242464
0.003667352255433798
0.001450373325496912
0.0012216363102197647
0.0009285482228733599
0.002151921857148409
0.003081857692450285
0.002294496400281787
0.001282684039324522
0.0034478562884032726
0.0023723558988422155
0.0025144850369542837
0.001288076164200902
0.0016062386566773057
0.0013713676016777754
no squeeze
0.9206842184066772
0.29503557085990906
0.17959673702716827
0.124628946185112
0.09019499272108078
0.07557577639818192
0.06198904663324356
0.05440691486001015
0.04711242392659187
0.047269921749830246
0.04067695513367653
0.03788626566529274
0.036189641803503036
0.03420078754425049
0.02842499315738678
0.024689415469765663
0.027490058913826942
0.05238168314099312
0.024814125150442123
0.028436876833438873
0.025702176615595818
0.020857438445091248
0.020750051364302635
0.021160384640097618
0.017417751252651215
0.021821917966008186
0.020075460895895958
0.01595347747206688
0.017769213765859604
0.018711114302277565
0.01884046010673046
0.018664687871932983
0.019881675019860268
0.015203988179564476
0.01655653491616249
0.013801380060613155
0.018285900354385376
0.014742066152393818
0.015480668283998966
0.016540708020329475
0.017536871135234833
0.016463564708828926
0.01267456728965044
0.012558694928884506
0.011422961950302124
0.011190257966518402
0.01367044448852539
0.014424840919673443
0.011340505443513393
0.0147848566994071
0.01008905190974474
0.014651704579591751
0.0115264393389225
0.012777050957083702
0.01152191311120987
0.00973577331751585
0.010347127914428711
0.011499358341097832
0.013875669799745083
0.010600957088172436
0.013796684332191944
0.011829674243927002
0.011331852525472641
0.010403097607195377
0.011419542133808136
0.015529499389231205
no squeeze
0.8008475303649902
0.3589036762714386
0.24582558870315552
0.18295496702194214
0.12539982795715332
0.11017286777496338
0.08239304274320602
0.0707617774605751
0.06924212723970413
0.05541760474443436
0.03965753689408302
0.034118637442588806
0.027714645490050316
0.029510291293263435
0.028642186895012856
0.024567021057009697
0.021696384996175766
0.019725730642676353
0.018231067806482315
0.015036548487842083
0.01299280021339655
0.01108765322715044
0.020053870975971222
0.013735628686845303
0.011320846155285835
0.01807922124862671
0.014655291102826595
0.013678007759153843
0.011261893436312675
0.013485114090144634
0.009631713852286339
0.0068123419769108295
0.007307063322514296
0.006941679865121841
0.005781963001936674
0.0056101675145328045
0.006067787762731314
0.005366373807191849
0.004803068935871124
0.007218914572149515
0.010019863024353981
0.006112540140748024
0.005024539772421122
0.004805432166904211
0.005666681565344334
0.012311284430325031
0.004928641486912966
0.0038913132157176733
0.004496467299759388
0.003598329611122608
0.005324740894138813
0.006956460420042276
0.0034016375429928303
0.004142419435083866
0.003399580717086792
0.005444038193672895
0.004939114209264517
0.00516301766037941
0.004838208667933941
0.004693570081144571
0.005545596592128277
0.004098838660866022
0.003552969777956605
0.004029311705380678
0.005549134220927954
no squeeze
0.7789525985717773
0.3968638479709625
0.3231879770755768
0.27423858642578125
0.2408890426158905
0.21880467236042023
0.18924525380134583
0.17576010525226593
0.16201898455619812
0.1489729881286621
0.14398552477359772
0.13100744783878326
0.12676431238651276
0.11840631067752838
0.11980460584163666
0.10935328900814056
0.10276538133621216
0.09915164858102798
0.0964149534702301
0.09167920798063278
0.0917174443602562
0.08981219679117203
0.08557267487049103
0.08573941886425018
0.08104825019836426
0.07645928114652634
0.07547339051961899
0.07207483053207397
0.07153715193271637
0.06878115236759186
0.06662540137767792
0.06504502147436142
0.0674709603190422
0.0665312260389328
0.06357299536466599
0.06342370063066483
0.05910199508070946
0.05886359512805939
0.05904275178909302
0.0555482842028141
0.05607577785849571
0.05404006689786911
0.054020415991544724
0.05419103056192398
0.051085736602544785
0.04895851016044617
0.050443992018699646
0.04896976426243782
0.047364555299282074
0.04883936047554016
0.045705247670412064
0.04748554527759552
0.04501153156161308
0.04582354053854942
0.043770965188741684
0.042776886373758316
0.043064676225185394
0.043282609432935715
0.04194260761141777
0.04202117770910263
0.03982892259955406
0.041145894676446915
0.0411301851272583
0.040776655077934265
0.039624590426683426
0.0415230356156826
0.03956834599375725
0.0385674424469471
0.03862914815545082
0.03930657356977463
0.036796633154153824
0.037204474210739136
0.037494413554668427
0.03684667870402336
0.037733301520347595
0.03755110874772072
0.03668198361992836
0.037983477115631104
0.03624306246638298
0.03563856706023216
0.03543364629149437
0.03514106199145317
0.034917399287223816
0.03587768226861954
0.034914530813694
0.03651176020503044
0.03510046750307083
0.03632932901382446
0.03459008410573006
0.03437260538339615
0.034533578902482986
0.034139953553676605
0.03426486626267433
0.03495059534907341
0.03397395461797714
0.03394206613302231
0.03337198123335838
0.03222888335585594
0.032094284892082214
0.03259249031543732
0.03419364616274834
0.033683668822050095
0.033146824687719345
0.03218066319823265
0.0322730615735054
0.031006135046482086
0.033105771988630295
0.03255369886755943
0.03245607763528824
0.03375772759318352
0.033701032400131226
0.03179413452744484
0.030756477266550064
0.03249986842274666
0.033001504838466644
0.03321655094623566
0.033885616809129715
0.031093761324882507
0.029937006533145905
0.03161797299981117
0.03169868513941765
0.02982143871486187
0.031420476734638214
0.029795680195093155
0.031701743602752686
0.03078257478773594
0.03050781786441803
0.029884427785873413
0.03069879114627838
0.03019794262945652
0.030498486012220383
0.03012099489569664
0.030370913445949554
0.030710024759173393
no squeeze
0.9116337895393372
0.41365957260131836
0.286859929561615
0.21792057156562805
0.1794864684343338
0.14963334798812866
0.1359710395336151
0.1197405606508255
0.10928235948085785
0.10203323513269424
0.09102388471364975
0.08200185000896454
0.08085126429796219
0.07162059098482132
0.06864529848098755
0.0702875405550003
0.06474767625331879
0.06194619461894035
0.0575362853705883
0.05470995604991913
0.053812164813280106
0.05130133032798767
0.04714943841099739
0.04606853425502777
0.04685019329190254
0.04257334768772125
0.04167332872748375
0.04096541926264763
0.042479563504457474
0.038299810141325
0.03710059076547623
0.036182891577482224
0.03707844391465187
0.036410100758075714
0.03494160994887352
0.03198723867535591
0.03476497530937195
0.031177964061498642
0.030038177967071533
0.02990155667066574
0.033994484692811966
0.041732363402843475
0.02999422699213028
0.030238989740610123
0.02979624643921852
0.028127459809184074
0.026831677183508873
0.02708289586007595
0.02658761665225029
0.027044884860515594
0.025798659771680832
0.02741360291838646
0.02628977969288826
0.02443675324320793
0.025801682844758034
0.023158423602581024
0.023448247462511063
0.023931296542286873
0.024048298597335815
0.024997001513838768
0.023082751780748367
0.022611502557992935
0.025525996461510658
0.022085074335336685
0.02129126526415348
0.02088829129934311
0.021019533276557922
0.021352382376790047
0.02179943211376667
0.022677984088659286
0.021840572357177734
0.026664501056075096
0.021164797246456146
0.021096426993608475
0.020362289622426033
0.01885640248656273
0.01938782073557377
0.0176202692091465
0.01926468499004841
0.018125547096133232
0.02056231163442135
0.0243652556091547
0.020954575389623642
0.018299680203199387
0.018898408859968185
0.018894240260124207
0.020991802215576172
0.020038200542330742
no squeeze
0.8211799263954163
0.31149500608444214
0.18727849423885345
0.20795437693595886
0.14593073725700378
0.1998126059770584
0.15815557539463043
0.10316230356693268
0.10122165083885193
0.10349860787391663
0.12555895745754242
0.08917149901390076
0.08770433068275452
0.07901515811681747
0.0984954833984375
0.08532490581274033
0.0865480825304985
0.08486834913492203
0.07133472710847855
0.13374118506908417
0.10617948323488235
0.1139526218175888
0.16218425333499908
0.08594467490911484
0.07528075575828552
0.08984702825546265
0.1118854209780693
0.08826547861099243
0.1190459281206131
