no squeeze
4.268252849578857
1.2479890584945679
0.7480634450912476
0.5040507912635803
0.37996694445610046
0.29955723881721497
0.27456650137901306
0.19142095744609833
0.14829227328300476
0.1277817040681839
0.10767237842082977
0.09616418927907944
0.08485712856054306
0.0687321349978447
0.070236936211586
0.26103368401527405
0.09198947995901108
0.0696154311299324
0.06389424949884415
0.05782216414809227
0.11991716176271439
0.06802799552679062
0.08779721707105637
0.04590592905879021
0.03832286223769188
0.035208676010370255
0.04666610062122345
0.0381733663380146
0.04170257970690727
0.033747248351573944
0.03386183828115463
0.03516246750950813
0.03738066926598549
0.059191178530454636
0.040878087282180786
0.034110259264707565
0.059429414570331573
0.039682626724243164
0.03617359325289726
0.08683578670024872
no squeeze
3.957515239715576
1.3911417722702026
0.8262597918510437
0.5005162358283997
0.3477998673915863
0.2719568908214569
0.19719181954860687
0.17188706994056702
0.10646986216306686
0.15238168835639954
0.10621143877506256
0.05836588889360428
0.054402709007263184
0.047433771193027496
0.04552837833762169
0.05233515053987503
0.0426887571811676
0.05849446728825569
0.040533896535634995
0.04294038191437721
0.038906924426555634
0.017598077654838562
0.023235196247696877
0.019693011417984962
0.0244736447930336
0.02516985684633255
0.016865797340869904
0.020495500415563583
0.019624842330813408
0.027061155065894127
0.026359127834439278
0.01979362778365612
0.017486969009041786
0.019282663241028786
0.03858568146824837
0.020609820261597633
0.04031289368867874
no squeeze
4.4448370933532715
1.4190566539764404
1.0351482629776
0.7734020948410034
0.735325038433075
0.5344798564910889
0.4019249379634857
0.3424461781978607
0.3461649715900421
0.3592351973056793
0.2124105989933014
0.2315981686115265
0.24741177260875702
0.1471509486436844
0.12354443222284317
0.14902189373970032
0.13820980489253998
0.1821627914905548
0.15975551307201385
0.11947345733642578
0.07585877925157547
0.07507426291704178
0.10538341104984283
0.07705088704824448
0.07983220368623734
0.05469902977347374
0.04838451370596886
0.04806807264685631
0.0537775382399559
0.04583190754055977
0.07656121999025345
0.12306080758571625
0.0786929652094841
0.05813370272517204
0.031536635011434555
0.026911094784736633
0.020876090973615646
0.03576263040304184
0.01927468739449978
0.01832558959722519
0.0294012650847435
0.02930312603712082
0.01752275414764881
0.014983144588768482
0.015418452210724354
0.017519040033221245
0.020780328661203384
0.01706048846244812
0.01293631736189127
0.01391019020229578
0.013056077063083649
0.01528296247124672
0.021929195150732994
0.015722259879112244
0.02212250418961048
0.019280511885881424
0.05426596850156784
0.39112919569015503
0.05434771254658699
no squeeze
4.4304609298706055
1.9595237970352173
1.6122756004333496
1.4285985231399536
1.220633625984192
1.1064860820770264
0.9829725027084351
0.8889604806900024
0.8236159682273865
0.73258376121521
0.6992648839950562
0.6512989401817322
0.5792438983917236
0.5451353788375854
0.5150620341300964
0.5205942392349243
0.47179272770881653
0.44884762167930603
0.43176335096359253
0.42622077465057373
0.41217324137687683
0.34202656149864197
0.3466099798679352
0.3143942058086395
0.3139593005180359
0.3358437716960907
0.27936676144599915
0.2624136805534363
0.2620108723640442
0.25373339653015137
0.2466454654932022
0.2644571363925934
0.21627017855644226
0.23457425832748413
0.2165295034646988
0.20171619951725006
0.20549224317073822
0.188871368765831
0.21074141561985016
0.16634300351142883
0.15951849520206451
0.18135066330432892
0.18311189115047455
0.16670972108840942
0.18760237097740173
0.16981619596481323
0.15651555359363556
0.1945498138666153
0.1422836184501648
0.13634006679058075
0.14051325619220734
0.1362236738204956
0.13232634961605072
0.13751423358917236
0.14390550553798676
0.1319364458322525
0.13282394409179688
0.1174323558807373
0.1125887930393219
0.122202068567276
0.11713704466819763
0.11015228182077408
0.12009596824645996
0.13708707690238953
0.11468126624822617
0.1019740179181099
0.1184467077255249
0.1297374814748764
0.13744358718395233
0.10954578220844269
0.11748678982257843
0.09573051333427429
0.10720860213041306
0.10060115158557892
0.10135439038276672
0.09912431240081787
0.09027595818042755
0.08956082910299301
0.10605451464653015
0.09658254683017731
0.12555822730064392
0.09103823453187943
0.09039128571748734
0.0937129408121109
0.10030553489923477
0.10382098704576492
0.09241852909326553
0.09975855052471161
no squeeze
4.397195339202881
1.7803728580474854
1.2872780561447144
1.0173999071121216
0.859584629535675
0.7406871914863586
0.621399998664856
0.5407706499099731
0.48910313844680786
0.42000237107276917
0.43442872166633606
0.3938690423965454
0.37642037868499756
0.3094017207622528
0.3063541054725647
0.27555784583091736
0.23666049540042877
0.24410074949264526
0.2176160365343094
0.22298824787139893
0.20799052715301514
0.1962517648935318
0.19689887762069702
0.2010091096162796
0.19968682527542114
0.16844655573368073
0.17746461927890778
0.15973137319087982
0.15598489344120026
0.1737487018108368
0.15299387276172638
0.13932646811008453
0.13987253606319427
0.12722143530845642
0.12312442064285278
0.12957945466041565
0.12049335986375809
0.11906004697084427
0.10689138621091843
0.11558607220649719
0.09576710313558578
0.13006176054477692
0.09414247423410416
0.12890006601810455
0.10283467918634415
0.0941900685429573
0.08424635976552963
0.09003105014562607
0.09316468238830566
0.09890754520893097
0.08818037807941437
0.09799537062644958
0.0909060537815094
0.08070233464241028
0.07848862558603287
0.11818656325340271
0.09611473232507706
0.07774146646261215
0.07335962355136871
0.0789257362484932
0.06512954831123352
0.0669974684715271
0.07904011011123657
0.06745678186416626
0.08039762079715729
0.06213999539613724
0.08017195016145706
0.07061342149972916
0.06221611425280571
0.05995878577232361
0.06070156767964363
0.057462431490421295
0.08420653641223907
0.05239565297961235
0.04819955304265022
0.07744055986404419
0.060022421181201935
0.054056067019701004
0.06620320677757263
0.050031211227178574
0.06596533209085464
0.05897238478064537
0.05016758292913437
0.06113622710108757
0.06342212855815887
no squeeze
3.3647336959838867
1.4769736528396606
0.7916593551635742
0.5514811277389526
0.6361638307571411
0.5267016291618347
1.166319727897644
0.6253974437713623
0.47979551553726196
0.3517802059650421
0.4294871985912323
0.7471423149108887
0.6187272667884827
0.7755342721939087
0.4341850280761719
0.32853004336357117
0.4220757782459259
0.4649369418621063
0.7319117188453674
0.7116683125495911
0.4647756814956665
0.38264796137809753
0.4093727171421051
0.6585395336151123
0.640357255935669
0.5129787921905518
