no squeeze
14.435169219970703
1.4134677648544312
0.9838821887969971
0.29095280170440674
0.2199026644229889
0.08311846852302551
0.06682924181222916
0.03290423005819321
0.028485091403126717
0.018476577475667
0.017076794058084488
0.013944398611783981
0.013552443124353886
0.01250911969691515
0.01233680360019207
0.011970777995884418
0.011906315572559834
0.011712787672877312
0.011681252159178257
0.011560624465346336
0.011515596881508827
0.011411706916987896
0.01141415350139141
0.011286035180091858
0.011244052089750767
0.011246738955378532
0.011206477880477905
0.011054100468754768
0.011041238903999329
0.010968812741339207
0.010932255536317825
0.010910352692008018
0.010850991122424603
0.010776150040328503
0.01072741486132145
0.010711044073104858
0.010668582282960415
0.010597391985356808
0.010615275241434574
0.010541032999753952
0.010544919408857822
0.01052695233374834
0.010500839911401272
0.010495648719370365
0.010494246147572994
0.010403724387288094
0.010394555516541004
0.010355442762374878
0.010411682538688183
0.010316327214241028
0.010339247062802315
0.010305612348020077
0.01030874066054821
0.010284099727869034
0.01028637494891882
0.010279437527060509
0.010385372675955296
0.010245204903185368
0.010272151790559292
0.010253040120005608
no squeeze
12.941169738769531
2.0150275230407715
1.7857226133346558
1.4191179275512695
1.3808761835098267
1.30028235912323
1.28998601436615
1.2611708641052246
1.2562549114227295
1.2464762926101685
1.2454750537872314
1.2428244352340698
1.239706039428711
1.2368766069412231
1.2370961904525757
1.2368650436401367
1.2384783029556274
1.2369457483291626
no squeeze
15.327184677124023
3.7648117542266846
2.76701283454895
1.0291658639907837
0.8471458554267883
0.5102369785308838
0.4640829265117645
0.3407241404056549
0.31675490736961365
0.24472348392009735
0.22826030850410461
0.17785200476646423
0.16669023036956787
0.13231207430362701
0.1250213086605072
0.10094004124403
0.09653038531541824
0.08047187328338623
0.07696068286895752
0.06481366604566574
0.06240900978446007
0.05451289564371109
0.05265013128519058
0.04632429778575897
0.04486092925071716
0.03990059718489647
0.03883026912808418
0.03493870422244072
0.03419462963938713
0.03126049414277077
0.03053567372262478
0.027829522266983986
0.027349982410669327
0.025203950703144073
0.024813445284962654
0.023199331015348434
0.02280609868466854
0.021559059619903564
0.02124425582587719
0.019648132845759392
0.019317062571644783
0.01837494969367981
0.01808355003595352
0.01711401902139187
0.016832688823342323
0.015980305150151253
0.015819255262613297
0.015228161588311195
0.015069980174303055
0.014359178021550179
0.01428226102143526
0.013948990032076836
0.013739529997110367
0.013435088098049164
0.013237878680229187
0.012774846516549587
0.012722798623144627
0.012413086369633675
0.012305631302297115
0.012015840038657188
0.0119177820160985
0.011634807102382183
0.011628386564552784
0.011425161734223366
0.011345813050866127
0.011229678988456726
0.01116566639393568
0.010982711799442768
0.010928784497082233
0.010826840996742249
0.010779028758406639
0.01064083818346262
0.01060386560857296
0.010468739084899426
0.010458076372742653
0.010348574258387089
0.010307522490620613
0.010265366174280643
0.010244904085993767
0.010167039930820465
0.010151386260986328
0.010082065127789974
0.010064831003546715
0.010038044303655624
0.009989680722355843
0.009929380379617214
0.00994721706956625
0.009924951009452343
0.009878206066787243
0.00984172336757183
0.00979741383343935
0.009803230874240398
0.009776889346539974
0.009747331030666828
0.009729108773171902
0.009716487489640713
0.009725368581712246
0.009702860377728939
0.009701930917799473
0.00963134877383709
0.009645997546613216
0.00967272836714983
no squeeze
15.13015079498291
8.576607704162598
7.298308849334717
4.5791730880737305
4.25156307220459
3.483535051345825
3.3505380153656006
2.9636805057525635
2.877108097076416
2.6118810176849365
2.557581901550293
2.3698413372039795
2.3305916786193848
2.1846470832824707
2.1528759002685547
2.0415890216827393
2.0156476497650146
1.926596760749817
1.904170036315918
1.8311363458633423
1.8167282342910767
1.7544670104980469
1.7413607835769653
1.6893271207809448
1.6779764890670776
1.6291426420211792
1.6188427209854126
1.5779924392700195
1.56707763671875
1.5286262035369873
1.5192934274673462
1.4868301153182983
1.4758514165878296
1.4440362453460693
1.4396713972091675
1.4074627161026
1.3999290466308594
1.3702223300933838
1.3633193969726562
1.3345873355865479
1.3257187604904175
1.3004376888275146
1.293655276298523
1.268831491470337
1.2619173526763916
1.2373756170272827
1.2318382263183594
1.2083401679992676
1.2030655145645142
1.1821140050888062
1.1754169464111328
1.155633807182312
1.1493308544158936
1.1288832426071167
1.1232267618179321
1.1065298318862915
1.102678656578064
1.0848639011383057
1.0801562070846558
1.064860463142395
1.0606791973114014
1.0457953214645386
1.043638825416565
1.031151294708252
1.0257916450500488
1.015773057937622
1.0101174116134644
1.0007307529449463
0.9971045851707458
0.9847856163978577
0.9837672114372253
0.9772470593452454
0.9731162190437317
0.9650323987007141
0.9633336067199707
0.9560971856117249
0.9536756873130798
0.9442330598831177
0.9438850283622742
0.9370673298835754
0.9353479146957397
0.9292140603065491
0.9273594617843628
0.9223375916481018
0.921738862991333
0.9160706996917725
0.9146228432655334
0.9105907082557678
0.9112979769706726
0.9057445526123047
0.9027771353721619
0.89818274974823
0.8970029950141907
0.8964577913284302
0.896058201789856
0.8909906148910522
0.8886697888374329
0.883969783782959
0.886703372001648
0.8823249936103821
0.8813492655754089
0.8766918182373047
0.8756935000419617
0.8742765188217163
0.873354434967041
0.8696423768997192
0.8696657419204712
0.8658976554870605
0.8660951256752014
0.8654049038887024
0.86336350440979
0.860975980758667
0.8609048128128052
0.8599585890769958
0.8588733673095703
0.8555906414985657
0.857487142086029
0.8529317378997803
0.8539010286331177
0.8496896028518677
0.8510134816169739
0.8480154275894165
0.8496297001838684
0.8471990823745728
0.8463407158851624
0.845908522605896
0.844733476638794
0.8413784503936768
0.8425653576850891
0.8408786654472351
0.8403902053833008
0.8403185606002808
0.8367862701416016
0.8404527306556702
0.8383795022964478
0.8375471234321594
no squeeze
14.159357070922852
3.3672432899475098
2.8657186031341553
2.044588088989258
1.9401280879974365
1.684023141860962
1.6390327215194702
1.5157719850540161
1.492384433746338
1.4212677478790283
1.4052923917770386
1.3569191694259644
1.3458906412124634
1.310783863067627
1.30246102809906
1.2758760452270508
1.2685450315475464
1.2465794086456299
1.2401665449142456
1.221689224243164
1.2176451683044434
1.2008672952651978
1.1980584859848022
1.1830350160598755
1.1787599325180054
1.1664949655532837
1.1636193990707397
1.1525778770446777
1.1494334936141968
1.1412994861602783
1.1386622190475464
1.1297153234481812
1.1255937814712524
1.1207889318466187
1.1174724102020264
1.1116414070129395
1.111213207244873
1.1040318012237549
1.1017916202545166
1.0980989933013916
1.0963866710662842
1.0925261974334717
1.0903605222702026
1.0879400968551636
1.0869139432907104
1.0824968814849854
1.082717776298523
1.0785387754440308
1.0778106451034546
1.0768063068389893
1.0771257877349854
1.0734461545944214
1.0733392238616943
1.0741543769836426
1.0719777345657349
1.069097638130188
1.0691413879394531
1.066515326499939
1.065990924835205
1.0648071765899658
1.0660717487335205
1.0643502473831177
1.0638805627822876
1.0630571842193604
1.0639729499816895
1.0604991912841797
1.059631109237671
1.0619730949401855
1.060170292854309
1.058054804801941
1.0577757358551025
1.0578770637512207
1.058091163635254
1.055530071258545
1.0563693046569824
1.055770754814148
no squeeze
12.711456298828125
2.59824538230896
2.415592908859253
2.1573777198791504
2.1366453170776367
2.129605293273926
2.1257007122039795
2.1260364055633545
2.125176191329956
2.1250970363616943
2.1276464462280273
2.1247081756591797
2.1233673095703125
2.124325752258301
2.137592077255249
2.1227731704711914
2.1226093769073486
2.123985528945923
2.121729850769043
2.1243197917938232
2.1184163093566895
2.1275293827056885
2.1263434886932373
2.1163763999938965
2.1173288822174072
2.1226003170013428
