no squeeze
5.834681034088135
1.9926868677139282
1.0854612588882446
0.5639070868492126
0.3820301294326782
0.22680918872356415
0.1901630163192749
0.11823675036430359
0.11951332539319992
0.0766235888004303
0.05725856125354767
0.04798413813114166
0.029978252947330475
0.04237446188926697
0.03572225570678711
0.023951182141900063
0.025450078770518303
0.019298385828733444
0.020377645269036293
0.037126753479242325
0.013762990944087505
0.02088531106710434
0.01852356642484665
0.023862730711698532
0.11743141710758209
0.014220711775124073
0.007882663980126381
0.01177702471613884
0.014379614032804966
0.018353097140789032
0.010563785210251808
0.007414079271256924
0.010243699885904789
0.012502824887633324
0.0056735132820904255
0.010877680964767933
0.007309892680495977
0.004536702297627926
0.006154632195830345
0.009344592690467834
0.007502812892198563
0.004975722171366215
0.04465680569410324
0.015094758942723274
0.01728673093020916
0.03472346439957619
0.006095008924603462
0.010981456376612186
no squeeze
6.169925212860107
2.353166341781616
1.358415961265564
1.0396836996078491
0.7450384497642517
0.5880557894706726
0.5907430052757263
0.6110779047012329
0.4312385320663452
0.32662779092788696
0.3292219042778015
0.3016270101070404
0.29530853033065796
0.2721866965293884
0.2261764407157898
0.2879123389720917
0.33001017570495605
0.21885228157043457
0.4049161970615387
0.3984798789024353
0.20625123381614685
0.19166718423366547
0.16513143479824066
0.16183626651763916
0.2546801269054413
0.1896468997001648
0.15201488137245178
0.19512875378131866
0.20466898381710052
0.1821770817041397
0.1800726056098938
0.1746223121881485
0.16270631551742554
0.2328290492296219
0.1475982815027237
0.1738177388906479
0.16006039083003998
0.1798878014087677
0.1501370370388031
0.1455702930688858
0.14392489194869995
0.12402979284524918
0.18475781381130219
0.14636211097240448
0.1868194043636322
0.16970014572143555
0.2089943140745163
0.20688052475452423
0.18735042214393616
0.17358194291591644
0.15212714672088623
0.14303302764892578
no squeeze
5.717409133911133
2.614999294281006
1.7380057573318481
1.2880771160125732
1.0110535621643066
0.7605772018432617
0.6629450917243958
0.5067428946495056
0.4462699890136719
0.371024489402771
0.2510397136211395
0.2618897557258606
0.1773018091917038
0.14690159261226654
0.13541653752326965
0.16712148487567902
0.1506621539592743
0.11597805470228195
0.12902121245861053
0.07315017282962799
0.09747792780399323
0.07944583147764206
0.06046532467007637
0.06040056049823761
0.130866140127182
0.08428455889225006
0.06171500310301781
0.044356588274240494
0.039126936346292496
0.0411221869289875
0.02958911471068859
0.023920046165585518
0.021130971610546112
0.026112781837582588
0.02034129574894905
0.018271831795573235
0.09868176281452179
0.026785636320710182
0.03426484018564224
0.01829736866056919
0.029658285900950432
0.05105731263756752
0.015446022152900696
0.014486224390566349
0.02170995995402336
0.01553815696388483
0.035503122955560684
0.1213887557387352
0.06973651051521301
0.016596553847193718
0.015816234052181244
0.010989290662109852
0.017148863524198532
0.010148540139198303
0.009042986668646336
0.011405841447412968
0.007674252148717642
0.008049302734434605
0.00841105543076992
0.006942469626665115
0.006764949299395084
0.0064930240623652935
0.006777666043490171
0.009354665875434875
0.02032659202814102
0.011331337504088879
0.005125921219587326
0.006460254546254873
0.007782593835145235
0.004695643670856953
0.005114967003464699
0.005566874053329229
0.010715596377849579
0.005181288346648216
0.005590253975242376
0.008145259693264961
0.007242465391755104
0.010966917499899864
0.007765583228319883
0.0055129555985331535
no squeeze
6.19096040725708
2.9795451164245605
2.439185619354248
2.0260860919952393
1.8074679374694824
1.5716956853866577
1.4015575647354126
1.3121613264083862
1.158905267715454
1.0900242328643799
1.0051957368850708
0.9136322736740112
0.8856695294380188
0.8008538484573364
0.7733381390571594
0.6992448568344116
0.6553401350975037
0.6436979174613953
0.6063275933265686
0.5737186670303345
0.5459619760513306
0.5427749156951904
0.48350808024406433
0.44302332401275635
0.4965200126171112
0.4553590714931488
0.42698055505752563
0.39110589027404785
0.3814147710800171
0.36782822012901306
0.35332128405570984
0.34117618203163147
0.32764196395874023
0.3105003237724304
0.35084500908851624
0.3302391469478607
0.2823770046234131
0.28930923342704773
0.2618379592895508
0.2788001000881195
0.24184338748455048
0.2827112376689911
0.22794894874095917
0.24788793921470642
0.23709622025489807
0.23722857236862183
0.23913784325122833
0.21668954193592072
0.24179498851299286
0.21145102381706238
0.21240413188934326
0.20993947982788086
0.20655682682991028
0.20291924476623535
0.22267475724220276
0.19855113327503204
0.18681712448596954
0.18211056292057037
0.18172526359558105
0.246219664812088
0.16326723992824554
0.16397736966609955
0.1552426517009735
0.1639273315668106
0.15318451821804047
0.1668350100517273
0.16264261305332184
0.1502675712108612
0.13931629061698914
0.14940336346626282
0.1473030298948288
0.14048069715499878
0.14671196043491364
0.13265828788280487
0.1365376114845276
0.14300863444805145
0.13316677510738373
0.1506301611661911
0.1566351056098938
0.14539480209350586
0.14536428451538086
0.13562023639678955
0.13237904012203217
0.13755612075328827
0.12234366685152054
0.15817689895629883
0.12663182616233826
0.12529589235782623
0.15876252949237823
0.12410499155521393
0.14128923416137695
0.1277601420879364
0.11082660406827927
0.12186791002750397
0.1171039491891861
0.13144907355308533
0.13178278505802155
0.1216687262058258
0.13703176379203796
0.10178136825561523
0.12493333220481873
0.10941808670759201
0.11383217573165894
0.10507050156593323
0.10943520814180374
0.1072138249874115
0.10659673810005188
0.10542652755975723
0.09765630215406418
0.11030708998441696
0.11370344460010529
0.10731340199708939
0.10271748900413513
0.10539524257183075
0.09550715982913971
0.10308276861906052
0.10393103212118149
0.10243699699640274
0.10387247800827026
0.09549611806869507
0.09583170711994171
0.09681648015975952
0.09600841253995895
0.10331925749778748
0.09310544282197952
0.09276842325925827
0.09663689881563187
0.11145150661468506
0.10552316904067993
0.09081095457077026
0.10188005119562149
0.0893547534942627
0.0936269611120224
0.08661164343357086
0.09429016709327698
0.08982676267623901
0.10591685026884079
0.10113175213336945
0.1013185903429985
0.08113718777894974
0.08801935613155365
0.0864037275314331
0.07948214560747147
0.08328678458929062
0.08847732096910477
0.07281368225812912
0.07956178486347198
0.08592800796031952
0.08706729114055634
0.08262957632541656
0.08144767582416534
0.09053963422775269
0.0895242765545845
0.07408947497606277
0.08066870272159576
0.0802319124341011
no squeeze
7.49617862701416
2.867244243621826
2.0937235355377197
1.6254446506500244
1.2943614721298218
1.0705292224884033
0.9061557650566101
0.8295314311981201
0.7292747497558594
0.6606444716453552
0.5946688652038574
0.597274899482727
0.508284330368042
0.45030713081359863
0.43820080161094666
0.3996112048625946
0.41624099016189575
0.3791200518608093
0.3454955518245697
0.3235778510570526
0.28501346707344055
0.27346524596214294
0.2705608010292053
0.3021164536476135
0.26010841131210327
0.2666343152523041
0.24624472856521606
0.2221825271844864
0.19066117703914642
0.2144940048456192
0.1848774254322052
0.19872665405273438
0.19738711416721344
0.18129868805408478
0.1960579752922058
0.1832948625087738
0.17723418772220612
0.17232106626033783
0.16732974350452423
0.17310521006584167
0.15495172142982483
0.14838440716266632
0.18133223056793213
0.1425495445728302
0.15501533448696136
0.15252774953842163
0.15081292390823364
0.15321500599384308
0.16939975321292877
0.16451574862003326
0.16435623168945312
0.17322345077991486
0.1568160355091095
0.1526053547859192
no squeeze
3.6924924850463867
1.3253116607666016
0.7470018863677979
0.5943869352340698
0.5380955338478088
0.5108829140663147
0.3459130823612213
0.3872021734714508
0.4563795328140259
0.3197571933269501
0.3611060678958893
0.3393271863460541
0.32301485538482666
0.37188658118247986
0.4653457999229431
0.38398897647857666
0.22486741840839386
0.1922784298658371
0.22169353067874908
0.4679187536239624
0.4549778997898102
0.3213314414024353
0.21059781312942505
0.24996791779994965
0.20049580931663513
0.17845945060253143
0.3037218451499939
0.3911612033843994
0.2034812718629837
0.2961064577102661
0.3076070249080658
0.26903825998306274
0.3005203306674957
0.21840615570545197
0.26957130432128906
0.19223320484161377
