no squeeze
3.3891594409942627
0.152828648686409
0.08606049418449402
0.01508054044097662
0.011138144880533218
0.005618001334369183
0.00504018971696496
0.0038273287937045097
0.0037000547163188457
0.0032952381297945976
0.0032222047448158264
0.002963152714073658
0.0029055385384708643
0.0027195815928280354
0.0026840665377676487
0.0025497886817902327
0.002528182230889797
0.002422465244308114
0.002400456229224801
0.0023330089170485735
0.0023021232336759567
0.0022410943638533354
0.0022250281181186438
0.0021893205121159554
0.0021835609804838896
0.002149982610717416
0.0021444845478981733
0.0021180673502385616
0.002121862955391407
0.0020946194417774677
0.0021052320953458548
0.0020982944406569004
no squeeze
3.7746739387512207
0.22436396777629852
0.14830203354358673
0.06139451637864113
0.05230419337749481
0.03020782209932804
0.026654701679944992
0.017428524792194366
0.015992745757102966
0.01269698329269886
0.012117506004869938
0.011078284122049809
0.010948301292955875
0.010697242803871632
0.010615378618240356
0.010484504513442516
0.010485311970114708
0.010414722375571728
0.01039246004074812
0.01044942531734705
0.010415916331112385
0.010307827033102512
0.01029863953590393
0.010340254753828049
0.010293275117874146
0.010401658713817596
0.010336704552173615
0.010336161591112614
no squeeze
3.512150764465332
0.3458464443683624
0.24699842929840088
0.10410002619028091
0.08816923201084137
0.0507143959403038
0.044436801224946976
0.02745394967496395
0.0246638972312212
0.01704711653292179
0.015569235198199749
0.011612835340201855
0.010882983915507793
0.00864502601325512
0.00816043745726347
0.006587725132703781
0.006406402215361595
0.005600804928690195
0.005385370925068855
0.004740026779472828
0.0046078055165708065
0.004174818284809589
0.004072424955666065
0.003730011871084571
0.003677765605971217
0.0034152157604694366
0.0034138537012040615
0.003202129388228059
0.0031443575862795115
0.002982618287205696
0.002960148034617305
0.00284722656942904
0.0028233458288013935
0.0027251006104052067
0.0026888821739703417
0.002608067588880658
0.002583877881988883
0.002507463563233614
0.0025134491734206676
0.0024570701643824577
0.0024463185109198093
0.0023749927058815956
0.002362204482778907
0.002332367468625307
0.002314175246283412
0.0022651900071650743
0.0022621487732976675
0.0022332253865897655
0.0022192473988980055
0.0021973333787173033
0.0022008568048477173
0.0021635666489601135
0.002169771818444133
0.002137222094461322
0.002147724386304617
0.0021179786417633295
0.002108651911839843
0.002099204808473587
0.00210648518987
0.002086630091071129
0.0020854410249739885
0.002074210671707988
0.0020815953612327576
0.0020469671580940485
0.0020539513789117336
0.002032496500760317
0.0020455368794500828
0.002046087756752968
no squeeze
4.089169979095459
1.134771466255188
0.9588202834129333
0.6374161839485168
0.5949550867080688
0.48099586367607117
0.45774540305137634
0.38767513632774353
0.3727247416973114
0.31989967823028564
0.3075677156448364
0.26733285188674927
0.25754350423812866
0.22503408789634705
0.2170484960079193
0.1896287202835083
0.18381334841251373
0.16285279393196106
0.15775518119335175
0.1401614546775818
0.13644757866859436
0.1231449767947197
0.12073789536952972
0.11063554883003235
0.10966377705335617
0.10164553672075272
0.10214122384786606
0.09400095790624619
0.09277435392141342
0.08847244828939438
0.08753664046525955
0.08457083255052567
0.08443909883499146
0.08203809708356857
0.08236517757177353
0.08010806143283844
0.08029118925333023
0.07919280230998993
0.07924613356590271
0.07845671474933624
0.07859750837087631
0.07860825210809708
no squeeze
3.86186146736145
0.5622460842132568
0.4379166066646576
0.23575225472450256
0.211236834526062
0.1489919126033783
0.13840670883655548
0.10695642977952957
0.10099420696496964
0.08188770711421967
0.07775021344423294
0.06430855393409729
0.06137421354651451
0.05169887840747833
0.049525342881679535
0.04215901717543602
0.04038912057876587
0.03481278195977211
0.03356624022126198
0.02940618246793747
0.02859129197895527
0.025930484756827354
0.025120245292782784
0.023013193160295486
0.022492889314889908
0.02089741826057434
0.020497499033808708
0.01949463039636612
0.01914580538868904
0.01818377710878849
0.01812511868774891
0.017166772857308388
0.01702449470758438
0.0164935365319252
0.016331596300005913
0.015865769237279892
0.015724046155810356
0.015407613478600979
0.015238079242408276
0.014960394240915775
0.014943717047572136
0.01466277800500393
0.014597632922232151
0.014455486088991165
0.014437077566981316
0.01424369215965271
0.014052295126020908
0.01438842061907053
0.014165150932967663
0.013910251669585705
0.013772319070994854
0.013812864199280739
0.013791217468678951
0.013747528195381165
0.01379124354571104
0.013518338091671467
0.013585730455815792
0.013516814447939396
0.013609914109110832
0.01342898327857256
0.013453207910060883
0.01335341576486826
0.013343165628612041
0.013257124461233616
0.013542096130549908
0.013598589226603508
no squeeze
3.5082156658172607
0.14119939506053925
0.11743223667144775
0.09554397314786911
0.09421774744987488
0.09255081415176392
0.091888926923275
0.0907462015748024
0.09031713008880615
0.0903523713350296
0.0902695581316948
0.08972165733575821
0.09004583954811096
0.09418085217475891
