no squeeze
5.372833728790283
1.2430330514907837
0.7053508162498474
0.49609869718551636
0.4009260833263397
0.4105784296989441
0.42323026061058044
0.40022122859954834
0.3896539509296417
0.34406155347824097
0.30675703287124634
0.31901031732559204
0.32068681716918945
0.3013857901096344
0.32196128368377686
0.2875814735889435
0.24083749949932098
0.300851970911026
0.4184463918209076
0.24411557614803314
0.30628007650375366
0.27011731266975403
0.37351763248443604
0.2649175822734833
0.3140422999858856
0.3083215653896332
0.3522060215473175
no squeeze
4.807718276977539
1.2391682863235474
0.7555049061775208
0.6190564036369324
0.5029535889625549
0.44577357172966003
0.3870856761932373
0.3759056329727173
0.39330923557281494
0.3144649565219879
0.31241002678871155
0.30440908670425415
0.4327589273452759
0.38026565313339233
0.39477115869522095
0.3555782735347748
0.30764615535736084
0.4720766544342041
0.29152101278305054
0.34859785437583923
0.2585463523864746
0.2910243272781372
0.3435119092464447
0.377199649810791
0.3333719074726105
0.3357067108154297
0.3188396692276001
0.23892952501773834
0.22638241946697235
0.3156009912490845
0.2874166667461395
0.24520589411258698
0.23245997726917267
0.28082847595214844
0.27711185812950134
0.3204517960548401
0.29294833540916443
0.26510828733444214
0.29682597517967224
no squeeze
5.337967395782471
2.071258306503296
1.39151930809021
1.1690677404403687
0.8273054957389832
0.8577449917793274
0.77616286277771
0.7544822096824646
0.6258377432823181
0.503823459148407
0.7998241186141968
0.7713355422019958
0.4994194805622101
0.7083340287208557
0.7533919811248779
0.5702160596847534
0.5874720215797424
0.6588389873504639
0.8283916711807251
0.542840838432312
0.5015676617622375
0.4473111927509308
0.5313741564750671
0.5436824560165405
0.6790103316307068
0.8086563348770142
0.7233877182006836
0.5607096552848816
0.8571367859840393
0.7935929298400879
0.49920669198036194
0.5046326518058777
no squeeze
6.287417411804199
2.028221845626831
1.490902304649353
1.1538910865783691
0.9716828465461731
0.8367425203323364
0.6904707551002502
0.6352559924125671
0.6079772710800171
0.5336407423019409
0.4575240910053253
0.47635239362716675
0.4324477016925812
0.3775878846645355
0.3859331011772156
0.3878244459629059
0.35537979006767273
0.32109522819519043
0.3114321529865265
0.29406142234802246
0.2974970042705536
0.2791992723941803
0.3256559371948242
0.2594919204711914
0.2629925012588501
0.27660489082336426
0.2677514851093292
0.2622860372066498
0.27617475390434265
0.273263156414032
0.265846312046051
0.2592083215713501
0.2874498665332794
0.294714093208313
0.2957097291946411
0.2356153428554535
0.22936201095581055
0.24376274645328522
0.23818892240524292
0.22656747698783875
0.268131822347641
0.24930104613304138
0.22719402611255646
0.2502850890159607
0.22376741468906403
0.2310691624879837
0.19370737671852112
0.20441079139709473
0.18347103893756866
0.24055638909339905
0.19582714140415192
0.19594983756542206
0.20329444110393524
0.19771045446395874
0.21375210583209991
0.2126319408416748
0.20985479652881622
0.19272872805595398
0.21422098577022552
no squeeze
6.347626209259033
1.8406296968460083
1.1576200723648071
0.846527099609375
0.7091207504272461
0.6194248795509338
0.5045431852340698
0.4253055155277252
0.4182477295398712
0.35325032472610474
0.42683666944503784
0.40636003017425537
0.2977025806903839
0.3726389706134796
0.3700902760028839
0.30434927344322205
0.33992013335227966
0.3372097611427307
0.29031145572662354
0.29038095474243164
0.33176565170288086
0.2692444920539856
0.24247080087661743
0.271782785654068
0.23986241221427917
0.2307843565940857
0.2522474527359009
0.26581040024757385
0.248814195394516
0.24017569422721863
0.2982892096042633
0.23673243820667267
0.2180183231830597
0.263394832611084
0.23403935134410858
0.24110670387744904
0.22263430058956146
0.21241448819637299
0.24257872998714447
0.21517805755138397
0.2507115304470062
0.23154592514038086
0.1942703127861023
0.20933808386325836
0.2283676713705063
0.27183833718299866
0.20506025850772858
0.20839467644691467
0.20337837934494019
0.22752615809440613
0.24143105745315552
0.19675585627555847
0.2320367693901062
no squeeze
8.059746742248535
0.8989803791046143
0.6257950663566589
0.5388043522834778
0.6876166462898254
0.7180055975914001
0.32084834575653076
0.4526122808456421
0.5219244956970215
0.40840715169906616
0.4538356363773346
0.3308461308479309
1.0478397607803345
0.5426552295684814
0.2989009618759155
0.6556679606437683
0.513737142086029
0.4900878667831421
0.3752503991127014
0.4272763729095459
0.4228772819042206
0.6116817593574524
0.4693091809749603
0.7152248620986938
0.324971079826355
