no squeeze
26.357585906982422
5.205058574676514
2.663329601287842
2.1419661045074463
1.7331510782241821
1.9121330976486206
1.6789301633834839
1.5550870895385742
1.477091670036316
1.7722578048706055
1.3997247219085693
1.3661963939666748
1.3803974390029907
1.1925456523895264
1.0968502759933472
1.3474030494689941
1.2073190212249756
1.0581241846084595
1.0438814163208008
1.3165477514266968
1.297013521194458
1.3517986536026
1.1771258115768433
0.9207847714424133
1.2762364149093628
1.188744068145752
1.1395704746246338
0.9366196393966675
1.1029713153839111
1.0690228939056396
0.9533780813217163
1.1467021703720093
0.9826138019561768
0.9885213971138
no squeeze
25.54535675048828
5.7090911865234375
3.024630546569824
2.1982076168060303
1.6817210912704468
1.6090238094329834
1.512830138206482
1.6431834697723389
1.6835509538650513
1.2640910148620605
1.255637764930725
1.6927129030227661
1.3322298526763916
1.088594675064087
1.1884338855743408
1.4789836406707764
1.4462790489196777
1.3687083721160889
1.008087396621704
1.204224705696106
1.1477429866790771
1.2894814014434814
1.1652075052261353
1.2652881145477295
1.0425255298614502
0.9889020323753357
1.2080047130584717
1.0661091804504395
1.0600863695144653
0.9660478830337524
1.041691780090332
1.0684536695480347
1.2127958536148071
0.9382328987121582
1.2197790145874023
1.0701377391815186
1.2677401304244995
1.0434478521347046
1.148977518081665
1.0609169006347656
0.9379515051841736
1.131775975227356
1.0600507259368896
0.993186354637146
1.2275898456573486
0.9649934768676758
0.9143840074539185
0.9442918300628662
0.7922520041465759
0.8780571222305298
0.9090654253959656
0.8664848208427429
0.991530179977417
1.1140284538269043
1.0285805463790894
0.8430952429771423
0.8056908249855042
0.7886447310447693
1.0336800813674927
0.753412127494812
0.8086733222007751
0.7455387115478516
0.7840164303779602
1.0830037593841553
0.7915708422660828
1.0369023084640503
0.8446184396743774
0.7420891523361206
1.0295283794403076
0.8986427783966064
1.0223480463027954
1.0169932842254639
1.0532737970352173
0.8129003643989563
0.7225641012191772
0.7231781482696533
0.6973323822021484
0.6956852674484253
0.8464403748512268
0.8571423888206482
0.9291229248046875
0.9259461164474487
0.6837162375450134
0.7932018041610718
0.8412565588951111
0.8808530569076538
0.6233819723129272
0.7029131650924683
0.7303682565689087
0.7539046406745911
0.6008460521697998
0.7344537377357483
0.8046280741691589
0.7424758672714233
0.5706539154052734
0.6360297799110413
0.8679555654525757
0.623758852481842
0.6847823262214661
0.7049172520637512
0.8724005818367004
0.5702310800552368
0.6495369076728821
0.8039307594299316
0.6060580611228943
0.6523317098617554
0.6529226303100586
0.7045996785163879
0.8018677234649658
0.5845627784729004
0.6834452748298645
0.9063942432403564
no squeeze
26.304636001586914
8.655519485473633
5.7886576652526855
4.042520046234131
3.1452085971832275
3.9839413166046143
3.4692156314849854
2.473033905029297
2.884371757507324
2.582796573638916
2.606915235519409
2.1397058963775635
2.2004852294921875
1.7615025043487549
1.9077669382095337
1.808957576751709
1.907670021057129
1.8715479373931885
1.9488956928253174
2.5433685779571533
2.298351764678955
1.937936544418335
2.079699993133545
1.9598355293273926
no squeeze
25.895437240600586
9.302668571472168
5.9150543212890625
4.308520317077637
3.351816177368164
2.9720563888549805
2.619290351867676
2.4838356971740723
2.0437088012695312
2.02358341217041
1.7706735134124756
1.8345965147018433
1.6408445835113525
1.5580283403396606
1.589329719543457
1.6070972681045532
1.5549838542938232
1.529719591140747
1.3874118328094482
1.3288310766220093
1.2835127115249634
1.2743630409240723
1.3918367624282837
1.2235692739486694
1.1468862295150757
1.07545804977417
1.1844568252563477
1.1837185621261597
1.154529333114624
1.1555386781692505
0.9924531579017639
1.0134356021881104
1.2141646146774292
1.0736048221588135
1.0335427522659302
1.0796558856964111
1.045844554901123
1.0139179229736328
0.9656023383140564
1.031042218208313
0.9290497303009033
1.0149013996124268
1.107431411743164
1.0236191749572754
0.9910687804222107
0.8490918874740601
0.9563869833946228
0.9637781381607056
0.9576160311698914
0.9245210289955139
0.8438920974731445
0.9999256134033203
0.8714759349822998
0.9064540863037109
0.884792149066925
0.9980986714363098
0.8514218926429749
0.7794349789619446
0.7994223237037659
0.7295905351638794
0.7927026748657227
0.8230606317520142
0.7201061844825745
0.8145867586135864
0.7868631482124329
0.7189498543739319
0.8127738237380981
0.7768411636352539
0.6898032426834106
0.6832578778266907
0.7874919772148132
0.6901562809944153
0.7032052874565125
0.7143221497535706
0.7110617160797119
0.6838889718055725
0.7376249432563782
0.6513423919677734
0.696068525314331
0.6821781396865845
0.6860108971595764
0.7546336650848389
0.8696720004081726
0.7458113431930542
0.6974352598190308
0.6427889466285706
0.6347981095314026
0.6103225350379944
0.6133577227592468
0.6431671977043152
0.5948105454444885
0.6588312983512878
0.5652317404747009
0.6175709962844849
0.6067509055137634
0.5514893531799316
0.5419988632202148
0.5670936107635498
0.5404773354530334
0.5051056742668152
0.5372835397720337
0.5960648655891418
0.502525806427002
0.5140945911407471
0.503750205039978
0.5762499570846558
0.5648106336593628
0.5161956548690796
0.5225545763969421
0.4943746030330658
0.4673518240451813
0.5383849143981934
0.4928451180458069
0.4658045470714569
0.4876723289489746
0.42774176597595215
0.5156864523887634
0.5091038346290588
0.445207804441452
0.5086148977279663
0.5145654678344727
0.42169421911239624
0.4217163324356079
0.4469010531902313
0.4432447850704193
0.42222872376441956
0.46340230107307434
0.43846991658210754
0.400040864944458
0.42680829763412476
0.37677112221717834
0.44037455320358276
0.4179289638996124
0.39929065108299255
0.3765600919723511
0.4410267174243927
0.3727603256702423
0.40529200434684753
0.353439599275589
0.39237967133522034
0.3621896803379059
0.3937312662601471
0.3489970564842224
0.38453108072280884
0.3532479405403137
0.3111949861049652
0.3317301869392395
0.3558961749076843
0.3695700168609619
0.36070749163627625
0.3563040494918823
0.32790642976760864
0.2982318103313446
0.36224642395973206
0.3171193301677704
0.2955932915210724
0.32128193974494934
0.31821221113204956
0.29048585891723633
0.2965593636035919
0.2855326533317566
0.2818761169910431
0.2817220091819763
0.2997431457042694
0.29964134097099304
0.28526005148887634
0.2662864923477173
0.25591275095939636
0.26279887557029724
0.2502182722091675
0.2696075737476349
0.2973890006542206
0.2234545648097992
0.2683461904525757
0.25277602672576904
0.25231459736824036
0.29932042956352234
0.255658358335495
0.23295140266418457
0.27017173171043396
0.24074214696884155
0.26465922594070435
0.23707315325737
no squeeze
26.92540740966797
7.775725841522217
4.677732467651367
3.3304460048675537
2.9620790481567383
2.6646854877471924
2.0632340908050537
2.007251262664795
1.9268313646316528
1.596517562866211
1.5533338785171509
1.6841293573379517
1.3677189350128174
1.4501266479492188
1.3831487894058228
1.2054320573806763
1.4560554027557373
1.345540165901184
1.485430359840393
1.2606703042984009
1.3023585081100464
1.4839335680007935
1.2149415016174316
1.0491918325424194
1.067421555519104
0.9775089621543884
0.9834365844726562
1.0053542852401733
1.1603553295135498
0.9532958269119263
0.9891214966773987
0.9114472270011902
0.9090161919593811
0.9396461248397827
0.7211722731590271
0.9135370850563049
0.8208312392234802
0.8368626236915588
0.8434244394302368
0.8878836631774902
0.8897989392280579
0.8140511512756348
0.7659428119659424
0.8560059666633606
0.7421903014183044
no squeeze
15.866247177124023
2.626878499984741
1.4368890523910522
1.4704604148864746
1.4851508140563965
1.9365638494491577
1.7146457433700562
1.4703114032745361
1.2744866609573364
1.88856840133667
0.8601168394088745
1.8763035535812378
2.0858805179595947
1.4073700904846191
1.5845662355422974
1.7326606512069702
1.4912807941436768
1.0714144706726074
1.219322681427002
0.9953035712242126
1.2013003826141357
