no squeeze
1.5080351829528809
0.4566534459590912
0.2259405106306076
0.11451119184494019
0.08790381252765656
0.04748719558119774
0.03262551128864288
0.027495065703988075
0.01973145268857479
0.013412686064839363
0.010960252024233341
0.010700274258852005
0.008942457847297192
0.0060399617068469524
0.0060874223709106445
0.004222241695970297
0.004030243959277868
0.00563571322709322
0.007936672307550907
0.0031400402076542377
0.003975403495132923
0.006137079559266567
0.0020477604120969772
0.0031737310346215963
0.0018528978107497096
0.0019017875893041492
0.002387287328019738
0.0015741849783807993
0.001985637005418539
0.0017520845867693424
0.0015343177365139127
0.0016140855150297284
0.00217614253051579
0.0034255734644830227
0.001867031562142074
0.0011085608275607228
0.0018418027320876718
0.0011239132145419717
0.0006908061914145947
0.0014133765362203121
0.0009582036873325706
0.000950535002630204
0.0008683120249770582
0.0008164833998307586
0.0006660206126980484
0.0009297137148678303
0.0015458196867257357
0.000719353964086622
0.0005721732159145176
0.0006362476851791143
0.0006823097355663776
0.0006820394773967564
0.0007832449628040195
0.0004862999194301665
0.000629445246886462
0.0012609792174771428
0.0006310491007752717
0.0005072985659353435
0.0008349411655217409
0.015586521476507187
0.00681282626464963
0.009415501728653908
0.007021414581686258
0.005103612784296274
no squeeze
1.795365333557129
0.5950747132301331
0.37106579542160034
0.2453758865594864
0.1682286262512207
0.12385597825050354
0.0939696729183197
0.07212573289871216
0.06541291624307632
0.05938087776303291
0.04285043105483055
0.039055485278367996
0.03441841900348663
0.029262052848935127
0.039311036467552185
0.03457105532288551
0.022840922698378563
0.03195454180240631
0.020472198724746704
0.0186508409678936
0.02143242210149765
0.020288001745939255
0.018163736909627914
0.03198188170790672
0.01912063919007778
0.02122579514980316
0.022209130227565765
0.019530126824975014
0.01887255534529686
0.01688515767455101
0.026455407962203026
0.01875069923698902
0.01201472245156765
0.012848028913140297
0.014628059230744839
0.019354192540049553
0.01930420659482479
0.02237742207944393
0.014807775616645813
0.0169756468385458
0.014010651037096977
0.014636603184044361
0.013281196355819702
no squeeze
1.5208396911621094
0.587814450263977
0.39753782749176025
0.26471248269081116
0.1974373608827591
0.15031790733337402
0.13220718502998352
0.09536918252706528
0.07280588150024414
0.06380685418844223
0.05800500512123108
0.0641198679804802
0.038575638085603714
0.0341375507414341
0.0366608165204525
0.027627233415842056
0.02266281470656395
0.020448829978704453
0.01895645074546337
0.028214454650878906
0.02365855686366558
0.015593701042234898
0.019104978069663048
0.01834576204419136
0.014718950726091862
0.011960994452238083
0.010670524090528488
0.011289931833744049
0.009839222766458988
0.012913351878523827
0.00977789331227541
0.008385293185710907
0.010848144069314003
0.007600553799420595
0.007286607287824154
0.006950094364583492
0.006221504881978035
0.005302944220602512
0.005255994386970997
0.005006387364119291
0.0046876962296664715
0.005252789705991745
0.004761785268783569
0.004487668629735708
0.004375318996608257
0.006561237387359142
0.006687211338430643
0.006673404015600681
0.00700860982760787
0.006489234510809183
0.007944975979626179
0.012196185067296028
0.010886854492127895
0.009309477172791958
0.008371716365218163
no squeeze
1.668235421180725
0.8240944147109985
0.6698838472366333
0.5695133209228516
0.49263113737106323
0.4313201904296875
0.3822269141674042
0.3487218916416168
0.3080846667289734
0.28321558237075806
0.2687130272388458
0.2373693883419037
0.21951858699321747
0.20520205795764923
0.1901303082704544
0.17377910017967224
0.16511526703834534
0.15342053771018982
0.15279921889305115
0.1373739242553711
0.13106320798397064
0.12471761554479599
0.12631769478321075
0.12110081315040588
0.11241738498210907
0.10700169950723648
0.10158015787601471
0.10158172249794006
0.09679590910673141
0.08996493369340897
0.08710117638111115
0.08614122867584229
0.08670021593570709
0.07947290688753128
0.07759173214435577
0.07657787948846817
0.08167938143014908
0.07338601350784302
0.07470007985830307
0.07122008502483368
0.06798300892114639
0.0713861957192421
0.06598521769046783
0.0673937126994133
0.06685903668403625
0.06695753335952759
0.06413722783327103
0.058583155274391174
0.06040366366505623
0.05686487630009651
0.055798742920160294
0.05528344213962555
0.059161074459552765
0.059679388999938965
0.05478660762310028
0.048920635133981705
0.048573777079582214
0.051436882466077805
0.04874319210648537
0.04894745722413063
0.04778604209423065
0.04675287753343582
0.04805853217840195
0.049830563366413116
0.047379206866025925
0.04661274701356888
0.046923428773880005
0.04261612519621849
0.046499818563461304
0.04417962208390236
0.04413652420043945
0.043542444705963135
0.04132836312055588
0.04347558692097664
0.04395202919840813
0.041434239596128464
0.03969952091574669
0.04252871870994568
0.04324925318360329
0.0468485988676548
0.03932810202240944
0.04244450479745865
0.041032616049051285
0.03898237273097038
0.04053864628076553
0.04561634361743927
0.04302610084414482
0.04162251949310303
0.040205225348472595
0.037182070314884186
0.03971858322620392
0.03928403556346893
0.03808937221765518
0.040612079203128815
0.040381163358688354
0.03991164639592171
0.03779853135347366
0.037894442677497864
0.03856876865029335
0.03626738488674164
0.038427047431468964
0.041424449533224106
0.03694106638431549
0.03978415206074715
0.041053056716918945
0.03719659522175789
0.03636099770665169
0.03543555364012718
0.03684521093964577
0.039735112339258194
0.03664371743798256
0.03564987704157829
0.03498923406004906
0.03464397415518761
0.036787424236536026
0.03613942116498947
0.03783630207180977
0.03512641042470932
0.03270332142710686
0.034399814903736115
0.037905335426330566
0.03443526104092598
0.035428062081336975
0.034472446888685226
0.03516359627246857
0.035787321627140045
0.0326421856880188
0.03265102580189705
0.0355704203248024
0.03489640727639198
0.0323253832757473
0.031727250665426254
0.032380010932683945
0.03411440923810005
0.034920625388622284
0.030902354046702385
0.034456804394721985
0.03349709138274193
0.034161921590566635
0.032669611275196075
0.03265316039323807
0.03139924257993698
0.03214523568749428
0.032586634159088135
0.03164243698120117
0.0307514239102602
0.03378242254257202
0.032285816967487335
0.032987337559461594
0.03258932754397392
0.031479012221097946
0.032716304063797
0.03379504755139351
0.031015610322356224
0.03124784119427204
0.035115569829940796
no squeeze
1.4099565744400024
0.5905463695526123
0.41601601243019104
0.32571902871131897
0.2585275173187256
0.22167448699474335
0.1782173216342926
0.16138750314712524
0.14401112496852875
0.12835298478603363
0.11641537398099899
0.10200437158346176
0.09415250271558762
0.08887360990047455
0.08122232556343079
0.0786333680152893
0.07292722910642624
0.06810855865478516
0.06462502479553223
0.06672904640436172
0.05557592958211899
0.0560307614505291
0.054297398775815964
0.053796980530023575
0.050686731934547424
0.04916062206029892
0.046300653368234634
0.04470827430486679
0.04430794715881348
0.040084559470415115
0.0420551672577858
0.03911978378891945
0.03749682754278183
0.03507811203598976
0.0375247485935688
0.03649991378188133
0.0340106226503849
0.0323747955262661
0.033483605831861496
0.03135300055146217
0.031395960599184036
0.030470876023173332
0.034188322722911835
0.033441413193941116
0.03035835176706314
0.029859719797968864
0.028569580987095833
0.027506398037075996
0.031042417511343956
0.026515688747167587
0.0279186200350523
0.024906575679779053
0.02527962625026703
0.025559455156326294
0.023691201582551003
0.025809846818447113
0.024573884904384613
0.024421071633696556
0.023562854155898094
0.023217590525746346
0.02400403656065464
0.022790895774960518
0.026632707566022873
0.027202647179365158
0.02154621109366417
0.02252218686044216
0.02230261079967022
0.027058059349656105
0.025263525545597076
0.022284671664237976
0.02247796207666397
0.01916143111884594
0.018066344782710075
0.025170668959617615
0.0219543669372797
0.02054324373602867
0.019565951079130173
0.016668109223246574
0.018206387758255005
0.019251465797424316
0.01761668361723423
0.017170002683997154
0.020003551617264748
0.0209330003708601
0.016936177387833595
0.01812553219497204
0.016334403306245804
0.016926569864153862
0.01619775965809822
0.01795065775513649
0.016091272234916687
0.01662381738424301
0.017037134617567062
0.016137531027197838
0.018060624599456787
0.01562116201967001
0.01804758980870247
0.01729968935251236
0.019013646990060806
0.014962060377001762
0.017313621938228607
0.017635395750403404
0.017427537590265274
0.016568433493375778
0.015097771771252155
0.018788237124681473
0.01662471331655979
0.016574447974562645
0.01356318686157465
0.017607441172003746
0.014034692198038101
0.014420012012124062
0.015750408172607422
0.014597968198359013
0.018911201506853104
0.017335647717118263
0.014716987498104572
0.01245769765228033
0.015852874144911766
0.015412623062729836
0.015824617817997932
0.015468177385628223
0.012593033723533154
0.01574300415813923
0.013271057978272438
0.014282306656241417
0.016498330980539322
0.013577190227806568
no squeeze
0.6744628548622131
0.3385428488254547
0.27043014764785767
0.16673214733600616
0.16790565848350525
0.12924903631210327
0.10372325778007507
0.255388081073761
0.13296082615852356
0.09701857715845108
0.08976488560438156
0.09628280997276306
0.13183759152889252
0.09368543326854706
0.11201640218496323
0.09323602169752121
0.10193312913179398
0.08448445051908493
0.13250137865543365
0.08700688183307648
0.11061286926269531
0.17488457262516022
0.09422369301319122
0.11213608831167221
0.07592522352933884
0.09756355732679367
0.07019703090190887
0.06983043998479843
0.06741362810134888
0.12279321998357773
0.08215460926294327
0.08245421200990677
0.11559143662452698
0.09196124970912933
0.0892418697476387
0.072760671377182
0.06811682879924774
0.07022210955619812
0.06789931654930115
