no squeeze
122.04186248779297
54.3271484375
41.814571380615234
17.3658447265625
14.737385749816895
8.497925758361816
7.421411991119385
4.426987648010254
3.886599540710449
2.3877720832824707
2.1226065158843994
1.3966877460479736
1.2662076950073242
0.90807044506073
0.8430280089378357
0.6615293622016907
0.628000020980835
0.5303674936294556
0.512408971786499
0.4579951763153076
0.4467485249042511
0.41410237550735474
0.40756160020828247
0.3880596458911896
0.38369184732437134
0.37191513180732727
0.3689228296279907
0.35933879017829895
0.3573497235774994
0.35190191864967346
0.3493661880493164
0.3447470963001251
0.344042032957077
0.3395061194896698
0.33803024888038635
0.33520206809043884
0.3351389765739441
0.3309868574142456
0.3302887976169586
0.3277609050273895
0.3269343078136444
0.3239167630672455
0.32343554496765137
0.3215855062007904
0.32091808319091797
0.31927409768104553
0.3187628984451294
0.3167923390865326
0.31653785705566406
0.3145839273929596
0.31437617540359497
0.3131489157676697
0.31314781308174133
0.3111616373062134
0.3107662498950958
0.3095981180667877
0.309455007314682
0.3086147904396057
0.3082101345062256
0.3087323307991028
0.30736929178237915
0.306303471326828
0.30598586797714233
0.30630114674568176
0.3049485981464386
0.30417516827583313
0.3045109510421753
0.3039581775665283
0.3032294511795044
0.3034628629684448
0.30369749665260315
0.3028651773929596
0.30248263478279114
0.30287250876426697
0.3024202883243561
0.30154868960380554
0.3013865053653717
0.30191677808761597
0.30167219042778015
0.30150189995765686
no squeeze
121.1401138305664
42.592506408691406
31.152799606323242
12.438454627990723
10.521810531616211
6.4141058921813965
5.797139644622803
4.139361381530762
3.835127353668213
2.92518949508667
2.7484617233276367
2.184189558029175
2.0699269771575928
1.7022731304168701
1.619214415550232
1.3525341749191284
1.2970507144927979
1.108420491218567
1.0688661336898804
0.9316245913505554
0.899930477142334
0.8013993501663208
0.7780117988586426
0.7035287618637085
0.6881338357925415
0.6328865885734558
0.6210188865661621
0.5799866318702698
0.5713568925857544
0.5398415923118591
0.5335894823074341
0.5096740126609802
0.5045765042304993
0.48630672693252563
0.4813438057899475
0.46601366996765137
0.4650615453720093
0.45240259170532227
0.44894686341285706
0.4389226734638214
0.4367612898349762
0.42843493819236755
0.42653656005859375
0.4193359613418579
0.4177376925945282
0.41079649329185486
0.4103623032569885
0.4038376212120056
0.4039278030395508
0.4001431167125702
0.3976135849952698
0.3942928910255432
0.3934115767478943
0.3915858566761017
0.3887014389038086
0.3861062824726105
0.3848938047885895
0.38350534439086914
0.3847271203994751
0.3794586658477783
0.3789577782154083
0.3762727975845337
0.3765951991081238
0.3736063539981842
0.3733305037021637
0.3723743259906769
0.37138476967811584
0.36975833773612976
0.3686559796333313
0.3668873906135559
0.36735647916793823
0.3648929297924042
0.36549341678619385
0.36356669664382935
0.3626920282840729
0.361423134803772
0.3612934648990631
0.3609725534915924
0.3601053059101105
0.35938361287117004
0.3588290512561798
0.3569382429122925
0.3571297228336334
0.35663947463035583
0.35670483112335205
0.3548872470855713
0.3555348515510559
0.3544904291629791
0.3530611991882324
0.35423970222473145
0.35354429483413696
0.3527590334415436
0.3517780601978302
0.35134240984916687
0.3513699769973755
0.3512944281101227
0.3501508831977844
0.35024791955947876
0.3506314754486084
0.3487200438976288
0.34949663281440735
0.34912750124931335
no squeeze
121.22466278076172
59.66132354736328
47.502357482910156
21.47645378112793
18.365982055664062
11.223596572875977
10.093490600585938
6.947680950164795
6.364132404327393
4.676636219024658
4.334057331085205
3.317596912384033
3.1087875366210938
2.4532570838928223
2.315486192703247
1.8747719526290894
1.775221824645996
1.460084080696106
1.3902039527893066
1.154737949371338
1.1070894002914429
0.9419569373130798
0.9033764004707336
0.778602659702301
0.7497332096099854
0.6556515693664551
0.6353979706764221
0.5650878548622131
0.5491540431976318
0.49899181723594666
0.4867151975631714
0.4471813440322876
0.43837761878967285
0.40972211956977844
0.4033816456794739
0.38209068775177
0.37731170654296875
0.3608272969722748
0.3571118712425232
0.3443553149700165
0.34135210514068604
0.3320489227771759
0.3290822207927704
0.3215188682079315
0.319842129945755
0.31409841775894165
0.3134607672691345
0.30715981125831604
0.30594441294670105
0.30230262875556946
0.30173978209495544
0.29802313446998596
0.29723724722862244
0.29472053050994873
0.2943192422389984
0.29146310687065125
0.2912029027938843
0.28979793190956116
0.28914186358451843
0.2872271239757538
0.2869941294193268
0.28545907139778137
0.28528067469596863
0.2837095260620117
0.28330281376838684
0.2820574939250946
0.28212156891822815
0.2811988890171051
0.2808709740638733
0.2802320718765259
0.2799990177154541
0.2791973054409027
0.2794909179210663
0.27816665172576904
0.2791061997413635
0.2774316966533661
0.2775845229625702
0.2770444452762604
0.27701276540756226
0.27631068229675293
0.2764076292514801
0.27669858932495117
no squeeze
122.21145629882812
98.67086791992188
90.64238739013672
55.07596206665039
47.29764938354492
30.109546661376953
27.8051815032959
21.72405242919922
20.58388328552246
17.02688217163086
16.264802932739258
13.774712562561035
13.21405029296875
11.34814167022705
10.921360969543457
9.478872299194336
9.141998291015625
8.010964393615723
7.75286865234375
6.862154006958008
6.659767150878906
5.985163688659668
5.810252666473389
5.262621879577637
5.145578861236572
4.744714736938477
4.641422748565674
4.358599662780762
4.2957072257995605
4.029752731323242
3.9786863327026367
3.8163788318634033
3.7746376991271973
3.657710552215576
3.6194207668304443
3.5221798419952393
3.5182197093963623
3.434634208679199
3.445621967315674
3.3653061389923096
3.3647053241729736
3.311338424682617
3.3046646118164062
3.2665209770202637
3.2582650184631348
3.243805408477783
3.2383549213409424
3.230381727218628
3.205317258834839
3.189588785171509
3.1853535175323486
3.168018102645874
3.1743597984313965
3.1569783687591553
3.1666452884674072
3.140213966369629
3.124537944793701
3.123521327972412
3.1046299934387207
3.0922181606292725
3.0822994709014893
3.0622220039367676
3.053553342819214
3.0315418243408203
3.0324769020080566
3.0068702697753906
3.0020060539245605
2.9684841632843018
2.956969738006592
2.9491286277770996
2.920058488845825
2.8776559829711914
2.864224433898926
2.8227055072784424
2.808779001235962
2.7563891410827637
2.764177083969116
2.6826765537261963
2.6910367012023926
2.5930638313293457
2.5921499729156494
2.47333025932312
2.4498331546783447
2.3763909339904785
2.3240644931793213
2.2082955837249756
2.1739373207092285
2.0462138652801514
2.014543294906616
1.8576713800430298
1.8216849565505981
1.6762728691101074
1.6299678087234497
1.472670555114746
1.4236305952072144
1.2734794616699219
1.2304154634475708
1.0934879779815674
1.0540401935577393
0.9229248762130737
0.8861520886421204
0.7752945423126221
0.7477740049362183
0.6599120497703552
0.6379970908164978
0.570531964302063
0.5552390813827515
0.5038766264915466
0.4936163127422333
0.4576611816883087
0.45375120639801025
0.42508572340011597
0.42055946588516235
0.4051079750061035
0.40143880248069763
0.39348718523979187
0.3886600732803345
0.3836696445941925
0.3800003230571747
0.37851476669311523
0.3751228451728821
0.3707178235054016
0.3697793483734131
0.36858081817626953
0.3679674565792084
0.36695003509521484
0.36592525243759155
0.36411571502685547
0.36676958203315735
0.36331912875175476
0.36447378993034363
0.3640498220920563
no squeeze
120.5907211303711
66.41903686523438
55.43544006347656
28.875286102294922
25.32745933532715
16.99332618713379
15.562704086303711
11.536576271057129
10.765896797180176
8.45760440826416
7.9965643882751465
6.5691447257995605
6.285609245300293
5.37332010269165
5.169101238250732
4.5141987800598145
4.37039041519165
3.8841359615325928
3.7683839797973633
3.366915225982666
3.270454168319702
2.9317991733551025
2.847900867462158
2.5437240600585938
2.4688916206359863
2.2023556232452393
2.128706216812134
1.8800597190856934
1.821605920791626
1.5995967388153076
1.5483384132385254
1.3516925573349
1.3098163604736328
1.1478722095489502
1.1096781492233276
0.9787736535072327
0.9491672515869141
0.8511792421340942
0.8263457417488098
0.7502347230911255
0.7323923707008362
0.676728367805481
0.6627677083015442
0.6191112995147705
0.6091442108154297
0.5775864124298096
0.569547712802887
0.5438768863677979
0.5402808785438538
0.5202114582061768
0.515796959400177
0.4990968704223633
0.49633482098579407
0.4834458529949188
0.4819016754627228
0.47009822726249695
0.4669228494167328
0.4584406018257141
0.45684388279914856
0.4491254985332489
0.4470732510089874
0.44066327810287476
0.4387790560722351
0.43387019634246826
0.43176597356796265
0.42784082889556885
0.4265245199203491
0.42206400632858276
0.42024439573287964
0.4174213111400604
0.4167054295539856
0.41223081946372986
0.4119208753108978
0.4102628231048584
0.41024139523506165
0.4046625792980194
0.40513554215431213
0.4031924307346344
0.4034033417701721
0.3996402323246002
0.4020574688911438
0.3975999355316162
0.39636898040771484
0.3948667645454407
0.39377647638320923
0.3917914032936096
0.3937680423259735
0.3906075954437256
0.39044076204299927
0.38968193531036377
0.38919052481651306
0.3878282904624939
0.38720422983169556
0.3878268897533417
0.3862791955471039
0.38662946224212646
0.3848094046115875
0.38388919830322266
0.3834487497806549
0.38254037499427795
0.38185152411460876
0.3823343813419342
0.3824950158596039
0.38074031472206116
0.380217581987381
0.380211740732193
0.3802303373813629
0.3791489005088806
0.37881308794021606
0.3783652186393738
0.3774474859237671
0.3775700628757477
0.3777270019054413
0.3763226568698883
0.37688910961151123
0.3758132755756378
0.3769323527812958
0.37749624252319336
no squeeze
118.2309341430664
28.246257781982422
19.875335693359375
9.060670852661133
7.982038974761963
5.572510242462158
5.2052483558654785
4.2497758865356445
4.113449573516846
3.7381136417388916
3.6782078742980957
3.5708115100860596
3.547084331512451
3.4767372608184814
3.4603803157806396
3.4430630207061768
3.4440014362335205
3.452335834503174
