no squeeze
17.59364128112793
5.3697896003723145
2.4276890754699707
1.4157524108886719
1.0224506855010986
0.6569629311561584
0.5620743036270142
0.410280704498291
0.3995410203933716
0.4580783545970917
0.4334855079650879
0.26423588395118713
0.30824747681617737
0.23454289138317108
0.22293034195899963
0.24476298689842224
0.3085452616214752
0.32840675115585327
0.3919762074947357
0.23203007876873016
0.27197954058647156
0.2007514238357544
0.28849419951438904
0.24250392615795135
0.2116309553384781
0.1624576449394226
0.14640678465366364
0.20716676115989685
0.2001151591539383
0.10456747561693192
0.14642880856990814
0.12345902621746063
0.1717541664838791
0.15365205705165863
0.15956954658031464
0.15871483087539673
0.16594897210597992
0.1696779876947403
0.11762788891792297
0.13251027464866638
no squeeze
21.903339385986328
6.786311149597168
3.1190974712371826
2.024958610534668
1.536112904548645
1.4138286113739014
1.068636417388916
0.9181656241416931
0.7475616335868835
0.7890841364860535
0.8015018105506897
0.6446205973625183
0.6356099843978882
0.6207053065299988
0.7150587439537048
0.6373911499977112
0.7654918432235718
0.5279949307441711
0.5211995840072632
0.6989635229110718
0.7533609867095947
0.5903083682060242
0.591396152973175
0.6355524659156799
0.4743760824203491
0.41794079542160034
0.860245943069458
0.7832117676734924
0.5859885811805725
0.4901082515716553
0.5270637273788452
0.7131789326667786
0.543911337852478
0.4564918875694275
0.4800940155982971
0.7153363823890686
no squeeze
20.438495635986328
8.118484497070312
4.858293533325195
3.129152297973633
2.19718074798584
1.8700851202011108
2.0313198566436768
1.4144107103347778
1.0564303398132324
0.9303725361824036
0.7587924599647522
0.7016733288764954
0.9777076840400696
0.6513533592224121
0.8100278973579407
0.6339235305786133
0.6532201170921326
0.536338746547699
0.624417245388031
0.5728186368942261
0.4758741557598114
1.0101585388183594
0.6255848407745361
0.346218079328537
0.3257615864276886
0.3035564422607422
0.24642030894756317
0.20655030012130737
0.24487262964248657
0.2897498309612274
0.29392439126968384
0.7203819751739502
0.34365004301071167
0.3724338710308075
0.245578795671463
0.4039924144744873
0.320491760969162
0.25212275981903076
no squeeze
20.57219696044922
9.143847465515137
6.988482475280762
5.599769115447998
4.6303887367248535
3.998483180999756
3.487429618835449
2.963836669921875
2.701220989227295
2.4525527954101562
2.26863956451416
1.9688454866409302
1.922325611114502
1.7320780754089355
1.721045970916748
1.5930101871490479
1.4836275577545166
1.4580222368240356
1.3181201219558716
1.2525264024734497
1.220160961151123
1.1912903785705566
1.1854816675186157
1.2154154777526855
1.1146725416183472
1.1760177612304688
1.127927303314209
1.0955413579940796
0.9596545696258545
0.9751741290092468
0.9318772554397583
0.9511380791664124
1.0316640138626099
0.9732214212417603
0.810732901096344
0.8504019379615784
0.8172099590301514
0.7936629056930542
0.7486333250999451
0.8073303699493408
0.7283068299293518
0.8354884386062622
0.7876632809638977
0.8234319090843201
0.7194983959197998
0.7331095337867737
0.7074823379516602
0.7992199659347534
0.746018648147583
0.6281302571296692
0.7423070669174194
0.6732492446899414
0.7070420980453491
0.6943935751914978
0.6974239349365234
0.597068727016449
0.5973000526428223
0.6466871500015259
0.5983272194862366
0.6128230690956116
0.5450326204299927
0.5389617085456848
0.6084978580474854
0.5791980624198914
0.5281134843826294
0.6075986623764038
0.5198054909706116
0.5477820038795471
0.540930449962616
0.5071237087249756
0.5192528963088989
0.5957295894622803
0.538435161113739
0.5017959475517273
0.4839080572128296
0.46040570735931396
0.4492231607437134
0.48853838443756104
0.41837745904922485
0.48313456773757935
0.48900362849235535
0.4153726398944855
0.4036710858345032
0.4383535087108612
0.4283498227596283
0.41795215010643005
0.4424287974834442
0.3951404392719269
0.4031411409378052
0.43246227502822876
0.4131788909435272
0.3775257170200348
0.3611971437931061
0.39601871371269226
0.36939066648483276
0.41264039278030396
0.41424912214279175
0.3621561527252197
0.343350887298584
0.3359803557395935
0.36587899923324585
0.3559490144252777
0.32006731629371643
0.34295397996902466
0.30816659331321716
0.4072016179561615
0.3396628201007843
0.3095451891422272
0.3284777104854584
0.3047160804271698
0.34422361850738525
0.33427876234054565
0.2691466510295868
0.2816740870475769
0.2985367476940155
0.2973847985267639
0.2828143835067749
0.32259273529052734
0.2650088965892792
0.30242353677749634
0.27010658383369446
0.29694247245788574
0.2693684995174408
0.24450811743736267
0.2496313899755478
0.291797012090683
0.2804262042045593
0.2714405655860901
0.2691696286201477
0.29609671235084534
0.3046293258666992
0.2746869921684265
0.28530263900756836
0.23397725820541382
0.2247207909822464
0.25113344192504883
0.257051557302475
0.2509736716747284
0.26403260231018066
0.24937188625335693
0.2315426617860794
0.24482065439224243
0.21522291004657745
0.27394071221351624
0.24614030122756958
0.24544177949428558
0.23091769218444824
0.26540225744247437
0.21993516385555267
0.2229294776916504
0.18410323560237885
0.2045738846063614
0.1954376995563507
0.1926516443490982
0.19563642144203186
0.21550226211547852
0.20348776876926422
0.1926383525133133
0.18833056092262268
0.17539088428020477
0.17905642092227936
0.21694056689739227
0.17646685242652893
0.19595326483249664
0.186054989695549
0.18992085754871368
0.19078119099140167
0.1864134520292282
0.19562092423439026
0.2049294114112854
no squeeze
17.817644119262695
7.158092975616455
5.1256842613220215
3.9062626361846924
3.1668519973754883
2.6263997554779053
2.248248338699341
2.014451026916504
1.7536375522613525
1.63680899143219
1.5216811895370483
1.4926769733428955
1.3792941570281982
1.2758458852767944
1.2024248838424683
1.137190580368042
1.1182399988174438
1.1265860795974731
1.014460802078247
1.0300289392471313
1.0388461351394653
0.9800498485565186
0.8842888474464417
0.9172837734222412
0.9222207069396973
0.7491652965545654
0.7548199892044067
0.7774845957756042
0.7479057908058167
0.8888816237449646
0.7193722724914551
0.7005320191383362
0.8027622103691101
0.6747245788574219
0.725920557975769
0.7642354369163513
0.6401839256286621
0.5862724781036377
0.6820700764656067
0.6328456401824951
0.5812368988990784
0.650034487247467
0.6403051018714905
0.6344001293182373
0.6433928608894348
0.5162091851234436
0.6431205868721008
0.6447451710700989
0.5442280173301697
0.6030682325363159
0.47658926248550415
0.5683992505073547
0.5131980180740356
0.5866512060165405
0.5399754643440247
0.45592567324638367
0.49651896953582764
0.46183276176452637
0.43017712235450745
0.46888694167137146
0.48172056674957275
0.44503918290138245
0.48381319642066956
0.4670058786869049
0.4672228693962097
0.4620969593524933
0.6378812789916992
0.47094419598579407
0.5491065979003906
no squeeze
14.04738998413086
5.219099998474121
2.8278021812438965
3.188263416290283
2.2108542919158936
1.5190078020095825
1.3512002229690552
1.525750994682312
1.2539445161819458
2.42681884765625
1.95753812789917
1.3369996547698975
1.3103134632110596
1.961944818496704
1.965250015258789
1.8320165872573853
1.0319294929504395
1.228681206703186
1.1999785900115967
1.437799096107483
1.3836302757263184
1.3071720600128174
1.2153098583221436
1.0597401857376099
1.3747671842575073
1.1581687927246094
0.8797245621681213
1.3413006067276
1.182212233543396
1.4248987436294556
1.4214425086975098
1.173343539237976
1.5510807037353516
1.2011791467666626
1.31553053855896
1.1968504190444946
1.1741966009140015
