no squeeze
58.93592834472656
11.270980834960938
8.86622428894043
5.1079020500183105
4.578124523162842
3.2067887783050537
2.9662680625915527
2.2711641788482666
2.1359353065490723
1.7401487827301025
1.6648240089416504
1.4486230611801147
1.4070470333099365
1.2943792343139648
1.2749472856521606
1.2198970317840576
1.2112305164337158
1.1837382316589355
1.180023431777954
1.1653133630752563
1.1660561561584473
1.157762050628662
1.1578238010406494
1.152603268623352
1.1544743776321411
1.1519125699996948
1.1504877805709839
1.1494791507720947
1.1505807638168335
1.1499085426330566
no squeeze
60.990787506103516
14.563555717468262
11.295045852661133
7.313592910766602
6.805836200714111
5.591978549957275
5.398537635803223
4.905880451202393
4.821628093719482
4.5977325439453125
4.560730457305908
4.451321125030518
4.432522773742676
4.3849639892578125
4.375978946685791
4.34989070892334
4.348034381866455
4.3369269371032715
4.333311557769775
4.326761722564697
4.331005096435547
4.323187351226807
4.321410179138184
4.32222843170166
4.320528507232666
4.325142860412598
4.327487468719482
4.3172101974487305
4.320720672607422
4.317831516265869
no squeeze
61.934226989746094
17.86891746520996
13.951272964477539
7.556719779968262
6.634120464324951
4.246578693389893
3.829040050506592
2.6793453693389893
2.47070050239563
1.8789011240005493
1.7620702981948853
1.4168739318847656
1.3497408628463745
1.1337517499923706
1.0861015319824219
0.9380499124526978
0.9042294025421143
0.7945975661277771
0.7702097296714783
0.6922929883003235
0.6721216440200806
0.6126803159713745
0.5973947048187256
0.5485175251960754
0.5393726825714111
0.5054997801780701
0.49682772159576416
0.47101542353630066
0.4637110233306885
0.44201287627220154
0.43733879923820496
0.42177313566207886
0.41766709089279175
0.4055752754211426
0.40284401178359985
0.3928472697734833
0.3901804983615875
0.38347357511520386
0.3817389905452728
0.3757050633430481
0.37409254908561707
0.3685797154903412
0.3681204319000244
0.36401674151420593
0.36347487568855286
0.3600834608078003
0.35916149616241455
0.3568054735660553
0.35635805130004883
0.35409244894981384
0.3534128963947296
0.35160893201828003
0.3511623442173004
0.3499433398246765
0.34945422410964966
0.3475857377052307
0.34802767634391785
0.3466162383556366
0.34569087624549866
0.34454068541526794
0.3447337746620178
0.3440529406070709
0.34342101216316223
0.3426086902618408
0.342191606760025
0.341359943151474
0.3411719799041748
0.3408481478691101
0.3402126133441925
0.33960050344467163
0.339419960975647
0.338985413312912
0.33884069323539734
0.33793091773986816
0.3375684916973114
0.33721184730529785
0.3366383910179138
0.3360297381877899
0.33637499809265137
0.3362792730331421
no squeeze
62.238609313964844
42.946044921875
37.665985107421875
23.362262725830078
21.509965896606445
17.097454071044922
16.351524353027344
14.22240924835205
13.793658256530762
12.459672927856445
12.170324325561523
11.222270011901855
11.005741119384766
10.276556015014648
10.105352401733398
9.512430191040039
9.376776695251465
8.890192985534668
8.778142929077148
8.360685348510742
8.26205062866211
7.90585994720459
7.819868564605713
7.507994651794434
7.428769588470459
7.15226936340332
7.086698532104492
6.84016227722168
6.781891345977783
6.569292068481445
6.509943008422852
6.314030647277832
6.265646457672119
6.093455791473389
6.048780918121338
5.900510787963867
5.858745574951172
5.71627950668335
5.689247131347656
5.559520244598389
5.529232501983643
5.416782855987549
5.3865227699279785
5.282817363739014
5.258246421813965
5.1677727699279785
5.140416145324707
5.05036735534668
5.024704933166504
4.944305896759033
4.922034740447998
4.8392720222473145
4.815736770629883
4.749283790588379
4.725785732269287
4.652508735656738
4.635378837585449
4.563994407653809
4.546785831451416
4.4839372634887695
4.462222576141357
4.400358200073242
4.38192892074585
4.321916103363037
4.304300785064697
4.246970176696777
4.2300920486450195
4.179677486419678
4.163897514343262
4.11161994934082
4.100216865539551
4.061934947967529
4.041633129119873
3.997558116912842
3.9841153621673584
3.948148250579834
3.9365451335906982
3.894197940826416
3.88509464263916
3.8550033569335938
3.8440709114074707
3.8134641647338867
3.809678077697754
3.7818262577056885
3.7782716751098633
3.7493715286254883
3.7428247928619385
3.720427989959717
3.719841957092285
3.693922996520996
3.6876108646392822
3.6711385250091553
3.6641223430633545
3.6476833820343018
3.64174747467041
3.6239171028137207
3.621394157409668
3.6062328815460205
3.599979877471924
3.589979648590088
3.5824296474456787
3.5706045627593994
3.56158447265625
3.550473213195801
3.5459020137786865
3.530825138092041
3.5280492305755615
3.5163495540618896
3.5131735801696777
3.501246929168701
3.5000383853912354
3.4839107990264893
3.483474016189575
3.469794750213623
3.4627325534820557
3.456220865249634
3.4493978023529053
3.4415905475616455
3.4439008235931396
3.4236948490142822
3.41951847076416
3.4092934131622314
3.407283306121826
3.403125286102295
3.398087978363037
3.3852286338806152
3.3820531368255615
3.3717041015625
3.3708741664886475
3.3544857501983643
3.3558919429779053
3.3508248329162598
3.349306106567383
3.3388020992279053
3.331380844116211
3.3206000328063965
3.321047067642212
3.314945936203003
3.3160812854766846
3.3011317253112793
3.2982218265533447
3.2911055088043213
3.288264751434326
3.2844414710998535
3.2793939113616943
3.2790918350219727
3.269577980041504
3.2726964950561523
3.2825300693511963
3.2505242824554443
3.25307559967041
3.2490670680999756
3.2438817024230957
3.2383298873901367
3.2443783283233643
3.2303473949432373
3.229523181915283
3.221834182739258
3.2169189453125
3.2192063331604004
3.20770525932312
3.2050788402557373
3.2080752849578857
3.2071940898895264
no squeeze
61.58820724487305
22.484230041503906
17.94405174255371
11.350400924682617
10.546087265014648
8.61885929107666
8.29137897491455
7.377049922943115
7.200189590454102
6.667448043823242
6.554307460784912
6.192930698394775
6.119088649749756
5.850907325744629
5.791476249694824
5.591501235961914
5.5436530113220215
5.38380765914917
5.348618030548096
5.217576026916504
5.18828010559082
5.0851945877075195
5.057024955749512
4.974709987640381
4.954411506652832
4.884352684020996
4.869320392608643
4.812180042266846
4.800069332122803
4.7520856857299805
4.7403435707092285
4.70009708404541
4.690888404846191
4.657776832580566
4.647750377655029
4.618236541748047
4.611559867858887
4.5887627601623535
4.578659534454346
4.554018497467041
4.5522074699401855
4.52888298034668
4.524563312530518
4.509931564331055
4.505147933959961
4.4887590408325195
4.482850551605225
4.466667175292969
4.463967323303223
4.450448989868164
4.446996688842773
4.437493801116943
4.433649063110352
4.421006202697754
4.4209442138671875
4.4112653732299805
4.406514644622803
4.397305488586426
4.3904194831848145
4.3841753005981445
4.37976598739624
4.375080108642578
4.370172500610352
4.3712263107299805
4.367657661437988
4.355616092681885
4.357856273651123
4.344707012176514
4.3459272384643555
4.33922004699707
4.338812351226807
4.329654216766357
4.333187580108643
4.3248209953308105
4.321531295776367
4.317323207855225
4.3138275146484375
4.311429023742676
4.310078144073486
4.3183465003967285
4.308620452880859
4.309574604034424
4.30417013168335
4.29734992980957
4.293091773986816
4.289688587188721
4.28920316696167
4.2888503074646
4.286258697509766
4.283905982971191
4.280940532684326
4.293675422668457
4.2853007316589355
4.277105331420898
4.276544094085693
4.275405406951904
4.289106845855713
4.2674784660339355
4.265324115753174
4.266951560974121
4.265201091766357
4.266149997711182
4.2653489112854
4.2564778327941895
4.262461185455322
4.259871006011963
no squeeze
60.717437744140625
12.680777549743652
11.689273834228516
10.67381763458252
10.57003402709961
10.355009078979492
10.326029777526855
10.268754005432129
10.263354301452637
10.248160362243652
10.240572929382324
10.242965698242188
10.243988037109375
10.244109153747559
