no squeeze
16.28678321838379
3.8222439289093018
2.312086820602417
1.4721306562423706
1.362910509109497
1.1211892366409302
1.029124140739441
1.0462170839309692
0.984609842300415
0.9744271636009216
0.9147607088088989
0.7714662551879883
1.1000874042510986
1.2336162328720093
1.0865334272384644
0.8880132436752319
0.8238343000411987
1.040557622909546
0.6822306513786316
0.7224829792976379
0.8664326071739197
0.8609185218811035
0.806885838508606
0.9056434035301208
0.7069640755653381
0.7712752223014832
0.8669651746749878
0.7759758830070496
0.7512314319610596
no squeeze
16.725072860717773
4.04241418838501
2.2756943702697754
1.488033652305603
1.2521445751190186
1.0043586492538452
1.0786378383636475
1.1554667949676514
1.0237456560134888
0.910298228263855
0.9224224090576172
1.0419150590896606
0.9368003010749817
1.0617746114730835
0.8441917300224304
0.8418683409690857
0.8975995779037476
0.8512197732925415
0.7379643321037292
0.7326024174690247
0.7458676099777222
0.8032751083374023
0.9405114054679871
0.8899057507514954
1.1095370054244995
0.7017923593521118
0.9219211935997009
0.7813769578933716
0.6846718192100525
0.6252622008323669
0.8079480528831482
0.6152001023292542
0.6496070623397827
0.6137089133262634
0.7135077118873596
0.8540239930152893
0.7040148973464966
0.681720495223999
0.6535190343856812
0.6521062254905701
0.6474227905273438
0.8521280884742737
0.6586170196533203
0.5175885558128357
0.6261160969734192
0.6042784452438354
0.6481786966323853
0.5932066440582275
0.624574601650238
0.7355861067771912
0.6178904175758362
0.692279040813446
0.7296028733253479
0.7316610217094421
no squeeze
19.427188873291016
5.972019195556641
3.8677785396575928
3.1121625900268555
2.521164894104004
2.3792500495910645
2.3193867206573486
1.7489190101623535
2.1003425121307373
2.753368616104126
2.1434996128082275
2.4732186794281006
1.7426396608352661
1.757474422454834
1.8385001420974731
1.6302112340927124
2.0102977752685547
1.5558364391326904
1.5669565200805664
1.565703272819519
1.5786070823669434
2.0179896354675293
1.6295198202133179
1.4308655261993408
1.493703007698059
1.3201210498809814
1.445357322692871
1.188744306564331
1.1655372381210327
1.2892987728118896
1.207085132598877
1.3709214925765991
1.1689363718032837
1.1425670385360718
1.2289482355117798
1.2807472944259644
1.5582525730133057
1.1132084131240845
1.1732745170593262
1.2765181064605713
1.1051583290100098
1.279441237449646
1.2575680017471313
1.314043641090393
1.0408519506454468
0.9378787875175476
1.3732341527938843
1.0419594049453735
1.0122157335281372
1.3859567642211914
1.054335117340088
0.9940024018287659
1.319141149520874
1.5045851469039917
1.207283854484558
0.9929077625274658
no squeeze
19.297813415527344
6.476877689361572
4.019874095916748
3.108978033065796
2.5152530670166016
2.126613140106201
1.8003193140029907
1.7263455390930176
1.4813810586929321
1.375674843788147
1.2565631866455078
1.1453813314437866
1.1876925230026245
1.0131189823150635
1.018370509147644
0.9451503753662109
0.9617577195167542
0.9743677377700806
0.9341709017753601
0.8439347743988037
0.8683031797409058
0.8613366484642029
0.7696171998977661
0.709826648235321
0.7452676296234131
0.7339872121810913
0.7596480846405029
0.6798985004425049
0.7731732726097107
0.599539577960968
0.6329137086868286
0.712890625
0.631719172000885
0.6774244904518127
0.5853845477104187
0.6238621473312378
0.6206907629966736
0.5828028917312622
0.5767740607261658
0.5574307441711426
0.6067993640899658
0.5953507423400879
0.5760160088539124
0.5855953693389893
0.5623035430908203
0.5623437166213989
0.4580536484718323
0.5221982598304749
0.5510218143463135
0.5613794922828674
0.541880190372467
0.4698035418987274
0.5102182626724243
0.43687304854393005
0.5644527673721313
0.5015659332275391
0.5247493386268616
0.4977814853191376
0.5382439494132996
0.4629766643047333
0.4422062039375305
0.4711669385433197
0.46233540773391724
0.5076970458030701
no squeeze
17.056928634643555
5.254335880279541
3.317922830581665
2.5090420246124268
2.1123809814453125
1.6251933574676514
1.4085053205490112
1.2593703269958496
1.177743911743164
1.1609454154968262
1.2492748498916626
1.1002446413040161
1.04823637008667
0.8888545632362366
0.8839808106422424
0.8586450815200806
0.9456926584243774
0.9493010640144348
0.8491906523704529
0.9020207524299622
0.783237636089325
0.7766692638397217
0.8313709497451782
0.7679749727249146
0.777985692024231
0.7034885287284851
0.6896401643753052
0.6473016738891602
0.6629528403282166
0.6966349482536316
0.6964091658592224
0.6595001220703125
0.714484691619873
0.5753820538520813
0.6258882284164429
0.6700767278671265
0.6946041584014893
0.6207558512687683
0.6316376328468323
0.6160564422607422
0.6480247974395752
0.6038699150085449
0.5775898694992065
0.5995405316352844
no squeeze
15.270357131958008
3.7349753379821777
1.8462814092636108
1.6170475482940674
1.1032353639602661
1.2061580419540405
1.4560602903366089
1.7981163263320923
1.462773323059082
1.0229307413101196
1.4809108972549438
1.7016024589538574
2.0774662494659424
1.3290150165557861
1.2390068769454956
1.6456713676452637
0.7499950528144836
1.287907600402832
1.3291070461273193
0.9745906591415405
1.6925607919692993
1.3077127933502197
2.138526201248169
1.240570306777954
1.2860666513442993
1.0188275575637817
1.1720377206802368
