no squeeze
1.7847155332565308
0.5915518403053284
0.2910441756248474
0.15793627500534058
0.09411435574293137
0.0585503876209259
0.043524984270334244
0.03199085593223572
0.025600749999284744
0.01569482311606407
0.01177205704152584
0.0135329095646739
0.008717160671949387
0.007928834296762943
0.006772567052394152
0.004983430728316307
0.004893009085208178
0.005415248218923807
0.004490616265684366
0.0033679024782031775
0.0037742233835160732
0.0038510693702846766
0.004087876994162798
0.003556913463398814
0.002593293087556958
0.0069227092899382114
0.00436537666246295
0.003131348639726639
0.0028260801918804646
0.005536386277526617
0.002003616653382778
0.002396427094936371
0.002424242440611124
0.0016760618891566992
0.0016147257992997766
0.00221516122110188
0.002586827613413334
0.001214305986650288
0.0012417355319485068
0.0033834646455943584
0.001904186443425715
0.0033359311055392027
0.0014731773408129811
0.007194858975708485
0.0019657735247164965
0.002344714244827628
0.0015493390383198857
0.0015860215062275529
no squeeze
1.7799421548843384
0.6634173393249512
0.38846299052238464
0.26153746247291565
0.17390096187591553
0.14124983549118042
0.09216401726007462
0.09123770892620087
0.05446062609553337
0.04804764315485954
0.03544888272881508
0.03739594295620918
0.02844487503170967
0.02880343236029148
0.027780910953879356
0.024340270087122917
0.03354758396744728
0.02544800564646721
0.015019138343632221
0.014426304027438164
0.019905351102352142
0.013189484365284443
0.01307036355137825
0.01167635153979063
0.015644438564777374
0.016222838312387466
0.01641758158802986
0.01719469390809536
0.029841188341379166
0.01993577741086483
0.012168753892183304
0.010395470075309277
0.00949748046696186
0.013241074047982693
0.011928106658160686
0.009769939817488194
0.008865643292665482
0.008256278932094574
0.007135394960641861
0.007940150797367096
0.01825106516480446
0.008989257737994194
0.0074937669560313225
0.013146573677659035
0.014193003997206688
0.010290408506989479
0.00994354858994484
0.010258197784423828
0.016420723870396614
no squeeze
1.6175551414489746
0.7984930276870728
0.5373601317405701
0.3936755359172821
0.27630507946014404
0.1927325576543808
0.13845254480838776
0.1115494892001152
0.0924515351653099
0.07563821226358414
0.06045423820614815
0.047627806663513184
0.04004599153995514
0.03633382171392441
0.03439868241548538
0.02715056948363781
0.022415054962038994
0.02318660542368889
0.04356442019343376
0.021685540676116943
0.01635727472603321
0.014760683290660381
0.011846702545881271
0.012726766057312489
0.02035493031144142
0.010614624246954918
0.008977580815553665
0.00896310992538929
0.00828377902507782
0.006631139200180769
0.008878891356289387
0.007020772900432348
0.0060501680709421635
0.00772344134747982
0.005944611970335245
0.005858533550053835
0.007718065287917852
0.0059458911418914795
0.005316426977515221
0.007870286703109741
0.00624972814694047
0.0063261063769459724
0.005165128968656063
0.005304097197949886
0.0055056544952094555
0.006554438732564449
0.004116398748010397
0.004120569210499525
0.005093633662909269
0.004307917319238186
0.007109008729457855
0.004581883549690247
0.008784635923802853
0.02900255098938942
0.03224041685461998
0.04407951980829239
0.011317186057567596
no squeeze
2.068155288696289
1.0919183492660522
0.9058321714401245
0.7828763723373413
0.6892054677009583
0.6240937113761902
0.5702736377716064
0.5074937343597412
0.46862316131591797
0.426322877407074
0.3938743770122528
0.36283251643180847
0.3444105386734009
0.3164023458957672
0.302007257938385
0.2777535617351532
0.2710820734500885
0.24840359389781952
0.23311185836791992
0.23961371183395386
0.21636569499969482
0.1922179013490677
0.1825418323278427
0.17531552910804749
0.16676639020442963
0.15230229496955872
0.14877909421920776
0.1467970311641693
0.14000535011291504
0.13160160183906555
0.13164818286895752
0.12009160220623016
0.11238587647676468
0.10516992956399918
0.10932929813861847
0.10658249258995056
0.10429035872220993
0.09961067885160446
0.09375018626451492
0.08821648359298706
0.08694976568222046
0.09444084763526917
0.08238262683153152
0.08347013592720032
0.07937022298574448
0.07256206125020981
0.07900822907686234
0.07478057593107224
0.07155881077051163
0.07049214094877243
0.07159236818552017
0.07163409143686295
0.07370588183403015
0.06859360635280609
0.06412427127361298
0.0678790733218193
0.06260048598051071
0.06867630034685135
0.061716221272945404
0.06376046687364578
0.06989298015832901
0.05925691872835159
0.057981472462415695
0.05473138019442558
0.060889121145009995
0.05969534441828728
0.05902447551488876
0.05647836998105049
0.05505957081913948
0.05457163602113724
0.055025238543748856
0.056300342082977295
0.05971501022577286
0.05425411835312843
0.06217987462878227
0.06164020672440529
0.054751619696617126
0.05105117708444595
0.05138682201504707
0.058430109173059464
0.04784594103693962
0.05263836309313774
0.04949043318629265
0.04837577044963837
0.054316990077495575
0.055708885192871094
0.057140424847602844
0.057418208569288254
0.05520644038915634
0.049905285239219666
0.04862414672970772
no squeeze
2.4204652309417725
1.0158854722976685
0.6818278431892395
0.5156758427619934
0.41901522874832153
0.3641098439693451
0.3028862476348877
0.259479820728302
0.22921857237815857
0.21229863166809082
0.1925007402896881
0.17008109390735626
0.15231618285179138
0.14849208295345306
0.13514064252376556
0.11490597575902939
0.11507842689752579
0.10155104845762253
0.10022113472223282
0.09249228984117508
0.09244687110185623
0.10089214146137238
0.0857016071677208
0.07452873885631561
0.07019995152950287
0.06865903735160828
0.0687071904540062
0.07270050048828125
0.05784774571657181
0.06090361252427101
0.05376965552568436
0.0547151193022728
0.05994904413819313
0.051694419234991074
0.06025968864560127
0.057283829897642136
0.05373898521065712
0.053960539400577545
0.049420345574617386
0.0431719534099102
0.04123617708683014
0.0441715270280838
0.051067035645246506
0.045434191823005676
0.04422146826982498
0.038938578218221664
0.036926496773958206
0.041777949780225754
0.038790930062532425
0.037383340299129486
0.03480426222085953
0.03957415744662285
0.032272860407829285
0.04268667474389076
0.036569993942976
0.04003890976309776
0.03335358947515488
0.035892561078071594
0.04347170144319534
0.033515043556690216
0.0340755358338356
0.029578140005469322
0.030053675174713135
0.03293904289603233
0.029570046812295914
0.04184405878186226
0.02932984195649624
0.03290662541985512
0.02860017493367195
0.041562896221876144
0.03281962499022484
0.031190095469355583
0.02815414033830166
0.024957379326224327
0.03560610115528107
0.02528567984700203
0.028049400076270103
0.024020610377192497
0.024909263476729393
0.022946588695049286
0.023164940997958183
0.02289586327970028
0.021926095709204674
0.022409949451684952
0.02213415317237377
0.025439199060201645
0.023575227707624435
0.021196428686380386
0.026700757443904877
0.022234316915273666
0.01912585087120533
0.023474369198083878
0.02197079546749592
0.023552514612674713
0.022158974781632423
0.02571115642786026
0.028191061690449715
0.024966727942228317
0.021531356498599052
0.02372962422668934
0.02174709364771843
no squeeze
1.558719277381897
0.7189791798591614
0.4564155340194702
0.5018328428268433
0.2981095016002655
0.28978240489959717
0.3009713292121887
0.25487568974494934
0.5418410301208496
0.6582056879997253
0.2638532817363739
0.26456525921821594
0.20085856318473816
0.26458731293678284
0.17980630695819855
0.24881872534751892
0.2552649974822998
0.21722860634326935
0.17816078662872314
0.2618081569671631
0.21206572651863098
0.19756004214286804
0.18329022824764252
0.1476123034954071
0.1857292801141739
0.1909143328666687
0.1803479641675949
0.12494947761297226
0.19058461487293243
0.18590860068798065
0.15321354568004608
0.11963028460741043
0.12822897732257843
0.1497633308172226
0.31608498096466064
0.29720503091812134
0.17420922219753265
0.19292263686656952
0.1364709734916687
0.17144210636615753
0.1753406822681427
0.2557375133037567
