no squeeze
14.947299003601074
3.4159469604492188
2.6027026176452637
1.3238182067871094
1.191572666168213
0.8958961367607117
0.850429117679596
0.7207945585250854
0.6966363191604614
0.6306784152984619
0.6187365651130676
0.5872786641120911
0.5808433890342712
0.5652182102203369
0.5630027651786804
0.5565606355667114
0.5533240437507629
0.5500363707542419
0.5480324625968933
0.5448213815689087
0.544291079044342
0.5442516207695007
0.5434719324111938
0.5422791242599487
0.5421827435493469
0.540530800819397
0.5388341546058655
0.5399736762046814
0.5385745167732239
0.5458178520202637
0.5423309206962585
0.5404945611953735
no squeeze
15.820762634277344
2.1723685264587402
1.6954771280288696
1.0639046430587769
0.9937236905097961
0.8360395431518555
0.8129689693450928
0.7585275769233704
0.7509590983390808
0.7291849851608276
0.7235608696937561
0.7131658792495728
0.7104596495628357
0.6998835206031799
0.6985836029052734
0.6950523853302002
0.6947310566902161
0.6898943185806274
0.6882005929946899
0.6865100860595703
0.6856085658073425
0.683345377445221
0.6832411885261536
0.6812936663627625
0.6865144968032837
0.6828216314315796
no squeeze
15.287562370300293
2.296588182449341
1.7559224367141724
0.8642231225967407
0.7600326538085938
0.5091692209243774
0.4649725556373596
0.33949190378189087
0.3147790729999542
0.23947720229625702
0.22393779456615448
0.17725279927253723
0.16785039007663727
0.1390686333179474
0.13288772106170654
0.11356854438781738
0.10957702994346619
0.09716742485761642
0.09461573511362076
0.08626960963010788
0.08437712490558624
0.07823681831359863
0.07699830830097198
0.07297675311565399
0.07195887714624405
0.06896353513002396
0.06827756762504578
0.06561608612537384
0.065159372985363
0.06349655985832214
0.06311026960611343
0.061591941863298416
0.06124032661318779
0.06019283086061478
0.05993650481104851
0.05905859172344208
0.058842845261096954
0.05804036557674408
0.05798281729221344
0.0574810728430748
0.05736592411994934
0.056824807077646255
0.05674203485250473
0.05632295832037926
0.056220643222332
0.055936988443136215
0.055903948843479156
0.05556727200746536
0.055600687861442566
0.05528758466243744
0.055307116359472275
0.055182408541440964
0.055128585547208786
0.05484948679804802
0.05492282286286354
0.054707739502191544
0.05464686453342438
0.05449547618627548
0.054550010710954666
0.05440886691212654
0.05439070239663124
0.054334115236997604
0.05420086532831192
0.05415986850857735
0.054106198251247406
0.05401216074824333
0.053977880626916885
0.05406241491436958
0.05396849289536476
0.053903549909591675
0.053909845650196075
0.05371831730008125
0.05380675569176674
0.0537717379629612
no squeeze
16.04543685913086
9.083489418029785
7.698424339294434
4.907907485961914
4.5739545822143555
3.7708189487457275
3.6272809505462646
3.2054686546325684
3.1215877532958984
2.8442976474761963
2.7847917079925537
2.592543840408325
2.5472843647003174
2.3992486000061035
2.3690319061279297
2.2557389736175537
2.2247073650360107
2.1363823413848877
2.114227294921875
2.039414644241333
2.0228207111358643
1.9646297693252563
1.9456392526626587
1.8933165073394775
1.8792566061019897
1.8325449228286743
1.8186256885528564
1.775040864944458
1.7645455598831177
1.7206405401229858
1.707998275756836
1.6699329614639282
1.6571567058563232
1.6181820631027222
1.6120071411132812
1.56492280960083
1.554866075515747
1.5107853412628174
1.4998996257781982
1.4573683738708496
1.4452555179595947
1.404474139213562
1.3949965238571167
1.3500226736068726
1.3395007848739624
1.3001242876052856
1.2894275188446045
1.2504962682724
1.2428120374679565
1.2072691917419434
1.198132872581482
1.1691865921020508
1.1645195484161377
1.1382267475128174
1.1357600688934326
1.1135509014129639
1.110115647315979
1.0947372913360596
1.090831995010376
1.0786586999893188
1.075588345527649
1.0677324533462524
1.065274953842163
1.0552496910095215
1.0543599128723145
1.0459873676300049
1.0451194047927856
1.0385361909866333
1.037936806678772
1.0315672159194946
1.032576560974121
1.0267841815948486
1.023604154586792
1.0200493335723877
1.0189141035079956
1.0157642364501953
1.0136919021606445
1.009668231010437
1.006593942642212
1.0038517713546753
1.0029118061065674
0.9985843896865845
0.9976619482040405
0.9965478181838989
0.9932599663734436
0.9901279807090759
0.9894431233406067
0.9880443215370178
0.9872791171073914
0.9832576513290405
0.9832140207290649
0.9801067113876343
0.9793499112129211
0.977799654006958
0.9771428108215332
0.9734753966331482
0.9717238545417786
0.972856879234314
0.9711443185806274
0.9695134162902832
0.9671593904495239
0.9674180150032043
0.9640684127807617
0.9616745710372925
0.9638299345970154
0.9586823582649231
0.9582232236862183
0.9563894867897034
0.9563682675361633
0.9520776867866516
0.953263521194458
0.9510946869850159
0.949683666229248
0.9486356377601624
0.9475148320198059
0.9449253082275391
0.9508556127548218
0.941493570804596
0.9417386651039124
0.9407221674919128
0.9393655061721802
0.936856746673584
0.935334324836731
0.9339817762374878
0.9348557591438293
0.9353244304656982
no squeeze
14.874207496643066
4.150548458099365
3.6092493534088135
2.568016767501831
2.422455310821533
2.0418429374694824
1.970996379852295
1.7608329057693481
1.7174419164657593
1.575338363647461
1.5430030822753906
1.4376660585403442
1.415213704109192
1.3334852457046509
1.3171128034591675
1.2563011646270752
1.2443368434906006
1.2007973194122314
1.1874178647994995
1.1544175148010254
1.1479685306549072
1.1214886903762817
1.1158227920532227
1.0971074104309082
1.0928218364715576
1.0811265707015991
1.0743376016616821
1.0633457899093628
1.0594828128814697
1.0492823123931885
1.0465822219848633
1.038578748703003
1.0367220640182495
1.0295571088790894
1.0265318155288696
1.0234382152557373
1.0206102132797241
1.0142678022384644
1.013408899307251
1.0087231397628784
1.0081591606140137
1.0071306228637695
1.0090968608856201
0.9978032112121582
0.9996985793113708
0.9960536956787109
0.9945563673973083
0.9944477081298828
0.9915171265602112
0.9880779385566711
0.9865351319313049
0.987105131149292
0.9845799803733826
0.9842323064804077
0.9855424165725708
0.9817663431167603
0.9810008406639099
0.9778240323066711
0.9773728251457214
0.978042721748352
0.9753380417823792
0.9732561111450195
0.9760826230049133
0.9714653491973877
0.9729045629501343
0.9745326638221741
no squeeze
15.432270050048828
2.7286977767944336
2.6297357082366943
2.529182195663452
2.5229883193969727
2.5219361782073975
2.5191469192504883
2.5172982215881348
2.519007444381714
2.5156965255737305
2.514779806137085
2.5169355869293213
2.5195164680480957
2.5196492671966553
