no squeeze
22.88216209411621
2.178624153137207
1.5297831296920776
0.6264175176620483
0.5199172496795654
0.28118789196014404
0.2435903698205948
0.14770537614822388
0.1311311274766922
0.08731285482645035
0.07938096672296524
0.057042889297008514
0.05271715298295021
0.03997906297445297
0.03733092546463013
0.029450323432683945
0.027798540890216827
0.022650759667158127
0.02157518081367016
0.018183115869760513
0.017459599301218987
0.015163271687924862
0.014694775454699993
0.013199299573898315
0.01291744690388441
0.011889314278960228
0.011701134964823723
0.011053068563342094
0.010917202569544315
0.010502289980649948
0.010421380400657654
0.010160685516893864
0.010090135037899017
0.009935327805578709
0.009885628707706928
0.00977074820548296
0.009774433448910713
0.009664302691817284
0.009639261290431023
0.009589680470526218
0.009607324376702309
0.009525799192488194
0.009516660124063492
0.00947927962988615
0.00948331318795681
0.009469314478337765
0.009436666034162045
0.009418324567377567
0.009431784972548485
0.009377372451126575
0.009366735816001892
0.009365825913846493
0.009346802718937397
0.009335196577012539
0.009355860762298107
0.009313336573541164
0.009329856373369694
0.00930008664727211
0.00930488295853138
0.009280512109398842
0.009294448420405388
0.00927363894879818
0.00926555972546339
0.009260634891688824
0.009256694465875626
0.009246930480003357
0.009242457337677479
0.009248490445315838
0.009232982061803341
0.00925386045128107
0.009232821874320507
0.00922855269163847
0.00924786925315857
0.009227579459547997
0.009207779541611671
0.009223626926541328
0.009242920204997063
0.009232934564352036
no squeeze
22.748111724853516
3.168072462081909
2.694364070892334
2.0524520874023438
2.0021650791168213
1.8960837125778198
1.8784523010253906
1.836911678314209
1.8271116018295288
1.8110157251358032
1.8100759983062744
1.7955002784729004
1.7942109107971191
1.7955124378204346
1.7868273258209229
1.780841588973999
1.7816667556762695
1.781893253326416
no squeeze
22.96384620666504
4.012188911437988
3.086160659790039
1.471017599105835
1.2840275764465332
0.8446508646011353
0.7697857022285461
0.5562654733657837
0.5142744779586792
0.3861429691314697
0.35979390144348145
0.2771121859550476
0.25988298654556274
0.2041260004043579
0.19264958798885345
0.1550934910774231
0.14716441929340363
0.12219565361738205
0.11655409634113312
0.09843982011079788
0.09470736980438232
0.08240818232297897
0.07955674082040787
0.07043936848640442
0.06830472499132156
0.06179126352071762
0.060156989842653275
0.05428623780608177
0.05310553312301636
0.04851063713431358
0.04778021201491356
0.0448237881064415
0.04379718378186226
0.040860358625650406
0.03988863527774811
0.037151262164115906
0.036462459713220596
0.03400218114256859
0.03348706290125847
0.03131489455699921
0.030828602612018585
0.029265152290463448
0.028823694214224815
0.027055131271481514
0.026595797389745712
0.025058068335056305
0.024784943088889122
0.02357237972319126
0.023262791335582733
0.021959109231829643
0.02172408066689968
0.02072909101843834
0.0204926710575819
0.019510572776198387
0.019279632717370987
0.018481643870472908
0.01821090653538704
0.017412874847650528
0.017224974930286407
0.016518859192728996
0.016347834840416908
0.015642976388335228
0.015566620044410229
0.014933275058865547
0.014855293557047844
0.014382642693817616
0.014255351386964321
0.013891004957258701
0.01371199544519186
0.013197872787714005
0.013095156289637089
0.012806101702153683
0.012686110101640224
0.01229551900178194
0.012224936857819557
0.011935869231820107
0.011831252835690975
0.011587589979171753
0.011484941467642784
0.011287044733762741
0.011214841157197952
0.010912571102380753
0.010938935913145542
0.010661003179848194
0.010651388205587864
0.010505620390176773
0.010434472002089024
0.01025310717523098
0.010234908200800419
0.010044337250292301
0.010002040304243565
0.00992712564766407
0.009867188520729542
0.009787322953343391
0.009757105261087418
0.009579727426171303
0.00959082692861557
0.009549872949719429
0.009485169313848019
0.009380479343235493
0.009342174977064133
0.00935863796621561
0.0092680798843503
0.009175070561468601
0.009192138910293579
0.00915982760488987
0.009124284610152245
0.009045041166245937
0.009035564959049225
0.009031756781041622
0.008980106562376022
0.008977367542684078
0.008942333050072193
0.008878480643033981
0.008909554220736027
0.008825487457215786
0.008924546651542187
0.008814451284706593
0.008851069957017899
0.008822023868560791
no squeeze
24.31157875061035
12.336795806884766
10.221036911010742
6.4068732261657715
5.939838409423828
4.7859063148498535
4.577334880828857
3.9699289798736572
3.8473193645477295
3.46470308303833
3.3842086791992188
3.1240622997283936
3.064664125442505
2.8734118938446045
2.8329012393951416
2.692481517791748
2.6595230102539062
2.549269437789917
2.5221269130706787
2.438451051712036
2.41416597366333
2.3462042808532715
2.3290154933929443
2.2695999145507812
2.253488779067993
2.2027676105499268
2.189298152923584
2.142777442932129
2.1349599361419678
2.0907881259918213
2.0811758041381836
2.041494369506836
2.0343706607818604
1.9959932565689087
1.9879094362258911
1.9545024633407593
1.9467573165893555
1.915235996246338
1.9055938720703125
1.8754066228866577
1.868664026260376
1.8390898704528809
1.8332271575927734
1.8052781820297241
1.797203540802002
1.7716561555862427
1.766620397567749
1.7410128116607666
1.7340704202651978
1.7133606672286987
1.7075278759002686
1.6870907545089722
1.6820334196090698
1.6616542339324951
1.6565386056900024
1.6370362043380737
1.6342629194259644
1.616758942604065
1.6114072799682617
1.5974551439285278
1.5951151847839355
1.581581711769104
1.5752449035644531
1.5631334781646729
1.5602577924728394
1.547824501991272
1.5436294078826904
1.531987190246582
1.5292643308639526
1.5189411640167236
1.5177415609359741
1.5073866844177246
1.5039844512939453
1.4965108633041382
1.4914518594741821
1.4793376922607422
1.4791159629821777
1.4665520191192627
1.4640053510665894
1.4551427364349365
1.452154517173767
1.4419968128204346
1.4379045963287354
1.4292162656784058
1.4265186786651611
1.4173216819763184
1.4139338731765747
1.4070326089859009
1.4021735191345215
1.3926420211791992
1.3919225931167603
1.3817050457000732
1.377500057220459
1.3727399110794067
1.3698967695236206
1.3588773012161255
1.3565140962600708
1.35232675075531
1.3476853370666504
1.3387986421585083
1.3375920057296753
1.3293300867080688
1.3265392780303955
1.3216030597686768
1.3201216459274292
1.314146637916565
1.3124691247940063
1.305686116218567
1.3042340278625488
1.2991423606872559
1.2959097623825073
1.2920695543289185
1.2901113033294678
1.2845120429992676
1.2838650941848755
1.2803032398223877
1.2787443399429321
1.2726789712905884
1.2697182893753052
1.2683873176574707
1.2662533521652222
1.262474775314331
1.2632713317871094
1.2599918842315674
1.2595158815383911
1.2553222179412842
1.253614902496338
1.251575231552124
1.2473959922790527
1.2494802474975586
1.2453281879425049
1.2407983541488647
1.2395316362380981
1.238376498222351
1.238816738128662
1.2364505529403687
1.237898826599121
1.2331957817077637
1.232282042503357
1.2328932285308838
1.2304484844207764
1.228147029876709
1.228350281715393
1.2219269275665283
1.222347378730774
1.2197273969650269
1.2181134223937988
1.217293620109558
1.2176103591918945
1.215641736984253
1.21486496925354
1.211930751800537
1.2114852666854858
1.208703637123108
1.208770990371704
1.2068901062011719
1.206671953201294
1.2036871910095215
1.2039238214492798
1.1992151737213135
1.2007768154144287
1.1977348327636719
1.1959484815597534
1.1966805458068848
1.1963766813278198
1.19418466091156
1.1927447319030762
1.1913636922836304
1.191141128540039
1.187569499015808
1.1856693029403687
1.1848136186599731
1.1859906911849976
1.1832066774368286
1.1863973140716553
1.1857969760894775
no squeeze
23.45750617980957
6.435731887817383
5.430431365966797
3.556455135345459
3.3065247535705566
2.6830456256866455
2.5760927200317383
2.2868220806121826
2.2307913303375244
2.0775516033172607
2.0467052459716797
1.9562914371490479
1.937119483947754
1.8764034509658813
1.864255666732788
1.8198661804199219
1.809525728225708
1.776226282119751
1.7702738046646118
1.7394601106643677
1.7329814434051514
1.71112060546875
1.7047604322433472
1.6877672672271729
1.683422565460205
1.6657108068466187
1.662801742553711
1.6491949558258057
1.645271897315979
1.6331126689910889
1.6316102743148804
1.6234500408172607
1.6184797286987305
1.6099376678466797
1.6087154150009155
1.5999224185943604
1.5984385013580322
1.5907766819000244
1.590428113937378
1.5815719366073608
1.5808990001678467
1.5742770433425903
1.5748881101608276
1.5691149234771729
1.5696414709091187
1.564374327659607
1.5645241737365723
1.5594351291656494
1.5595407485961914
1.5558487176895142
1.5542408227920532
1.5518877506256104
1.5529676675796509
1.5482381582260132
1.5459166765213013
1.544533133506775
1.5430930852890015
1.5410823822021484
1.5419933795928955
1.5399911403656006
1.5379748344421387
1.5364986658096313
1.5356600284576416
1.5324046611785889
1.5323973894119263
1.5299692153930664
1.5312724113464355
1.527529001235962
1.534210205078125
1.5290310382843018
no squeeze
21.737140655517578
3.8407540321350098
3.5045158863067627
3.15214467048645
3.132317304611206
3.1175472736358643
3.1184515953063965
3.1147894859313965
3.12227463722229
3.1134719848632812
3.117809295654297
3.1194357872009277
