no squeeze
1.3298457860946655
0.43638983368873596
0.1699162870645523
0.06756573915481567
0.033489055931568146
0.025126850232481956
0.013644885271787643
0.01220716629177332
0.00501828221604228
0.004404153674840927
0.0025030195247381926
0.0018058588029816747
0.0020270482636988163
0.0017603744054213166
0.001578466733917594
0.0010520691284909844
0.0011643085163086653
0.0007602862315252423
0.0007541805971413851
0.000735954730771482
0.0006805050070397556
0.0008002806571312249
0.00044710884685628116
0.0003530705289449543
0.00030089274514466524
0.0005255930591374636
0.000249954842729494
0.00025485100923106074
0.000653149385470897
0.00027969677466899157
0.00020269450033083558
0.0002325882378499955
0.0003097764274571091
0.00020861969096586108
0.0001198959507746622
0.00028731045313179493
9.95279842754826e-05
0.0001123169859056361
0.00018101521709468216
0.000350212532794103
0.00031778469565324485
0.0001506866974523291
0.0001823410566430539
0.00014200840087141842
0.00032452537561766803
0.0003175851597916335
0.00016155620687641203
no squeeze
1.233626365661621
0.43573760986328125
0.24872547388076782
0.1659167855978012
0.1351606845855713
0.10697373747825623
0.0995476096868515
0.09351809322834015
0.08843859285116196
0.09341230988502502
0.07177487760782242
0.08088870346546173
0.0733582079410553
0.06410914659500122
0.06742219626903534
0.05867062136530876
0.06298620998859406
0.06567514687776566
0.06443548947572708
0.05357121676206589
0.06223398074507713
0.05683726817369461
0.04972783476114273
0.06540489196777344
0.05762232840061188
0.056384824216365814
0.05453622341156006
0.05739249289035797
0.05038372054696083
0.04942295327782631
0.06462586671113968
0.061368707567453384
0.053334254771471024
0.060631394386291504
0.055612143129110336
0.047730181366205215
0.05309371277689934
0.04977622255682945
0.053987231105566025
0.046209439635276794
0.0541132315993309
0.05020924285054207
0.05067901685833931
0.052405476570129395
0.045701563358306885
0.048355232924222946
0.05036117509007454
0.0474337674677372
0.05298958346247673
0.0467911958694458
0.059125758707523346
0.047563228756189346
0.04882851243019104
0.04434908926486969
0.050740309059619904
0.04386429488658905
0.05170198529958725
0.045741382986307144
0.046185433864593506
0.049053855240345
0.056904006749391556
0.05130558833479881
0.047193024307489395
0.04535534605383873
0.04234309494495392
0.0465443916618824
0.045057155191898346
0.04850207641720772
0.0426526814699173
0.04548775032162666
0.04378615692257881
0.04052852839231491
0.04156821593642235
0.04441571235656738
0.04494930058717728
0.04997865483164787
0.048230160027742386
0.05302683636546135
0.04849158227443695
0.04744504764676094
0.04220332205295563
0.043705929070711136
no squeeze
1.4612599611282349
0.7526761293411255
0.46739307045936584
0.281818151473999
0.20449624955654144
0.12803106009960175
0.09792115539312363
0.06654265522956848
0.056687094271183014
0.04467650502920151
0.03568008542060852
0.027782050892710686
0.023477228358387947
0.021726716309785843
0.019677937030792236
0.018966056406497955
0.014459577389061451
0.036845333874225616
0.03194659575819969
0.018509715795516968
0.015095117501914501
0.011433657258749008
0.01292052399367094
0.009920998476445675
0.01863584853708744
0.005639944691210985
0.006216665264219046
0.003652499057352543
0.00531291076913476
0.004624752327799797
0.007492230273783207
0.0135719683021307
0.011540640145540237
0.006016727536916733
0.006234926171600819
0.0040500592440366745
0.003116248408332467
0.0026123872958123684
0.003097099019214511
0.0048717171885073185
0.0065973238088190556
0.0071264831349253654
0.011383303441107273
0.005866519641131163
0.004123898688703775
0.0035568990278989077
0.003514227457344532
0.0035091873724013567
no squeeze
1.9094452857971191
0.8668646812438965
0.690991997718811
0.5814816355705261
0.4933418035507202
0.42722514271736145
0.37905022501945496
0.32640859484672546
0.29606810212135315
0.27303454279899597
0.24080748856067657
0.21893063187599182
0.21370241045951843
0.1941182166337967
0.1912412792444229
0.1818346232175827
0.16885969042778015
0.1474498063325882
0.14727990329265594
0.14572292566299438
0.13057850301265717
0.13090628385543823
0.12048304826021194
0.11466483026742935
0.11246117949485779
0.11050128936767578
0.1107633113861084
0.10207989066839218
0.10180723667144775
0.10131779313087463
0.09626863151788712
0.09293220192193985
0.09082230180501938
0.08782054483890533
0.08824118226766586
0.08428648859262466
0.08438233286142349
0.09229648113250732
0.07702229917049408
0.07902047783136368
0.07662822306156158
0.08078835159540176
0.0767773687839508
0.07541035115718842
0.0721917450428009
0.0698750838637352
0.07160558551549911
0.06739688664674759
0.07168781757354736
0.07240212708711624
0.0639471486210823
0.06560732424259186
0.06505230069160461
0.06758769601583481
0.0663643553853035
0.06402724236249924
0.06195170432329178
0.06231186166405678
0.061790831387043
0.06059502437710762
0.061416082084178925
0.060749270021915436
0.056144095957279205
0.05825894698500633
0.054851729422807693
0.05573992803692818
0.05911247432231903
0.05749830603599548
0.05685299634933472
0.05393821373581886
0.05317123979330063
0.05406871438026428
0.05654946342110634
0.053424425423145294
0.05401262640953064
0.05066385865211487
0.054998595267534256
0.05077098309993744
0.05575934797525406
0.04956240952014923
0.04839819669723511
0.05218784511089325
0.04990589991211891
0.05189691483974457
0.0461525097489357
0.04987367242574692
0.04866468161344528
0.0490117110311985
0.048104215413331985
0.04429363086819649
0.047347113490104675
0.05025308579206467
0.05331559479236603
0.052008695900440216
0.046035513281822205
0.04531285911798477
0.04511026293039322
0.044682107865810394
0.04507962241768837
0.04417142644524574
0.04330091550946236
0.04401171952486038
0.04510951787233353
0.04307349771261215
0.04497011750936508
0.046328529715538025
0.047181688249111176
0.04360164701938629
0.04458686709403992
0.04640180245041847
0.045126646757125854
0.04252113029360771
0.042284369468688965
0.04191707819700241
0.04171951860189438
0.045323446393013
0.043908365070819855
0.04874521866440773
0.04085981845855713
0.04111703485250473
0.04077308997511864
0.0408284030854702
0.04146956652402878
0.04006465896964073
0.04150846228003502
0.04084472730755806
0.04189074784517288
0.04091314971446991
0.042787496000528336
0.041287828236818314
0.04234997183084488
0.04243402183055878
0.04088321328163147
0.04074539616703987
no squeeze
1.9216334819793701
0.6998900771141052
0.4887044429779053
0.37539228796958923
0.30547797679901123
0.2525526285171509
0.2200102061033249
0.19982458651065826
0.1797063946723938
0.1643766611814499
0.1436193585395813
0.1380363553762436
0.1293153315782547
0.11450479179620743
0.11362791806459427
0.09760691970586777
0.10092415660619736
0.09626423567533493
0.09065694361925125
0.08730417490005493
0.08605659753084183
0.08332434296607971
0.0775231197476387
0.07405076175928116
0.07262030243873596
0.07585836201906204
0.08685517311096191
0.07797044515609741
0.06868395209312439
0.07352373003959656
0.06716594099998474
0.05749816447496414
0.06200794130563736
0.06364776194095612
0.05853207781910896
0.058022987097501755
0.06661124527454376
0.06169464811682701
0.05411984771490097
0.05245831608772278
0.05141551420092583
0.04689646512269974
0.048539187759160995
0.055208027362823486
0.049337100237607956
0.050441376864910126
0.046832263469696045
0.05246628820896149
0.04961284250020981
0.04699397087097168
0.04649627208709717
0.05014900863170624
0.04718959331512451
0.05267171189188957
0.042178016155958176
0.04378199949860573
0.042434245347976685
0.04116257280111313
0.04539111629128456
0.04380061849951744
0.04196559637784958
0.04262087121605873
0.04255349189043045
0.03890250250697136
0.041563164442777634
0.03997443616390228
0.03550109639763832
0.04254016652703285
0.03760232776403427
0.03791767731308937
0.03612976893782616
0.03241856023669243
0.03443734347820282
0.03479578718543053
0.0330507755279541
0.036184925585985184
0.03442741185426712
0.036007728427648544
0.03797086328268051
0.03059934638440609
0.03502446040511131
0.034628015011548996
0.04017253220081329
0.033810973167419434
0.034132618457078934
0.02951846271753311
0.027947889640927315
0.03254168853163719
0.0309246014803648
0.030925283208489418
0.030118077993392944
0.0313684344291687
0.03234129026532173
0.031436506658792496
0.03513055667281151
0.029179437085986137
0.027684960514307022
0.029050244018435478
0.026043547317385674
0.03137769550085068
0.03340251371264458
0.03284309431910515
0.02877817489206791
0.02844187803566456
0.0318407379090786
0.030920453369617462
0.025709981098771095
0.024526609107851982
0.023412754759192467
0.028845038264989853
0.026575565338134766
0.028711194172501564
0.027957089245319366
0.02702953852713108
0.02714940719306469
0.026349550113081932
0.02800896018743515
0.024354608729481697
0.024589737877249718
no squeeze
1.5045108795166016
0.40575483441352844
0.24329951405525208
0.14399288594722748
0.18640151619911194
0.1315365880727768
0.11453233659267426
0.09748870879411697
0.09049398452043533
0.09382662177085876
0.1105320155620575
0.10187102854251862
0.08103184401988983
0.07705812156200409
0.08909415453672409
0.08286194503307343
0.07084011286497116
0.07453718781471252
0.07957199215888977
0.07054028660058975
0.09630344808101654
0.0874544084072113
0.07809565216302872
0.079307921230793
0.07033141702413559
0.07154978066682816
0.08361048996448517
0.10095120221376419
0.07497700303792953
0.08373669534921646
0.07535853236913681
0.0740768313407898
0.07117258757352829
0.0766359344124794
0.06969454139471054
0.07493653893470764
0.08222568780183792
0.07646724581718445
0.06954634934663773
0.07079577445983887
0.07563401758670807
0.06641250103712082
0.0740547701716423
0.06372449547052383
0.06980165094137192
0.07327034324407578
0.06426522880792618
0.06772002577781677
0.06747261434793472
0.06731316447257996
0.06556402891874313
0.06827352195978165
0.06143712252378464
0.08780716359615326
0.07150498032569885
0.07457409054040909
0.0647963285446167
0.06454721093177795
0.07751728594303131
0.06658191233873367
0.07247752696275711
0.061295315623283386
0.06396739929914474
0.08051828294992447
0.06081830710172653
0.07649371027946472
0.06329580396413803
0.06252007931470871
0.06309745460748672
0.06886488944292068
0.06415164470672607
0.06684310734272003
0.08576120436191559
0.06412298232316971
0.06948775053024292
