no squeeze
5.441279411315918
1.3483340740203857
0.6848728656768799
0.5631812214851379
0.5612896680831909
0.4345214068889618
0.3450913727283478
0.32965314388275146
0.3409852385520935
0.3927950859069824
0.28292587399482727
0.28117862343788147
0.29050031304359436
0.27625149488449097
0.35654938220977783
0.25830426812171936
0.2551744282245636
0.3669198751449585
0.35255348682403564
0.2783070504665375
0.3164166212081909
0.3085594177246094
0.2612784504890442
0.2144215852022171
0.23201937973499298
0.21578414738178253
0.17240168154239655
0.27036458253860474
0.26744842529296875
0.2867521643638611
0.3071500062942505
0.3232869803905487
0.25564801692962646
0.28141066431999207
0.23573248088359833
0.20619681477546692
0.26213857531547546
no squeeze
6.307675361633301
1.4753222465515137
0.7928462624549866
0.5543941855430603
0.5081470012664795
0.4314287304878235
0.33191365003585815
0.3227175176143646
0.31042996048927307
0.39477863907814026
0.32303664088249207
0.39193621277809143
0.3336407244205475
0.37876296043395996
0.3194204568862915
0.22450679540634155
0.4101406931877136
0.3050348460674286
0.4679067134857178
0.2855415344238281
0.32924991846084595
0.25104236602783203
0.26190441846847534
0.27716559171676636
0.34551262855529785
0.2699871063232422
no squeeze
7.346380233764648
2.2911503314971924
1.6015881299972534
1.2706900835037231
0.9793410897254944
0.974544107913971
1.3000422716140747
1.3443070650100708
0.7258201837539673
0.6573206186294556
0.5176889300346375
0.8159559965133667
0.6403917074203491
0.9545334577560425
0.7472588419914246
0.9930403828620911
0.6976784467697144
0.4098571538925171
0.5193716287612915
0.5303187966346741
0.9900361895561218
0.5737752318382263
0.4876207709312439
0.42315709590911865
0.49902254343032837
0.7278791069984436
0.7355874180793762
0.5319818258285522
no squeeze
6.16416597366333
2.1721596717834473
1.5249794721603394
1.2152377367019653
1.051435112953186
0.8381615281105042
0.8048003315925598
0.7019966244697571
0.6221577525138855
0.5692722201347351
0.5051824450492859
0.4910149574279785
0.48832985758781433
0.414475679397583
0.3763689696788788
0.3964356482028961
0.3999333679676056
0.37808018922805786
0.3589206039905548
0.3919288218021393
0.3517424762248993
0.3239275813102722
0.29460448026657104
0.27754372358322144
0.25899001955986023
0.26371142268180847
0.2711904048919678
0.2650814354419708
0.24788859486579895
0.26532354950904846
0.27275606989860535
0.2600933015346527
0.2751415967941284
0.26497963070869446
0.2569451928138733
0.2365095019340515
0.24303564429283142
0.251830518245697
0.23347558081150055
0.26787373423576355
0.22936125099658966
0.22578074038028717
0.24622897803783417
0.20817667245864868
0.2306550294160843
0.25501081347465515
0.22791840136051178
0.22938252985477448
0.2356315702199936
0.22015222907066345
0.24521198868751526
0.21883055567741394
0.2067132145166397
0.1734083592891693
0.19099061191082
0.2073461413383484
0.18848158419132233
0.19142067432403564
0.18781298398971558
0.2140008807182312
0.18616558611392975
0.19978944957256317
0.19258230924606323
0.21905185282230377
no squeeze
4.71193265914917
1.4134691953659058
0.9317887425422668
0.6995224952697754
0.5779757499694824
0.5311383605003357
0.4369277060031891
0.3728613257408142
0.37237387895584106
0.3338223099708557
0.35046160221099854
0.3436940908432007
0.30680274963378906
0.2925613820552826
0.29544684290885925
0.27090397477149963
0.27730005979537964
0.2812540531158447
0.34835609793663025
0.22601763904094696
0.24540448188781738
0.26039502024650574
0.21205605566501617
0.23419585824012756
0.23560333251953125
0.20985539257526398
0.21947811543941498
0.266391396522522
0.2185499519109726
0.1967899203300476
0.21949607133865356
0.1907760500907898
0.17393018305301666
0.27805423736572266
0.2210521250963211
0.2002185583114624
0.21775971353054047
0.19064861536026
0.1657973676919937
0.2128460556268692
0.19093550741672516
0.18484455347061157
0.17535799741744995
0.2053479701280594
0.19906854629516602
0.17904910445213318
0.19736479222774506
0.16392451524734497
0.1853894144296646
0.16232727468013763
0.17079834640026093
0.1729518473148346
0.212778240442276
0.17439672350883484
0.16563090682029724
0.1563234180212021
0.1757572442293167
0.20219655334949493
0.16521711647510529
0.15840688347816467
0.149387925863266
0.15415750443935394
0.1626148521900177
0.1502029150724411
0.17813795804977417
0.1783822774887085
0.15281930565834045
0.15614452958106995
0.14631438255310059
0.18303442001342773
0.1449102908372879
0.1478586047887802
0.15059445798397064
0.12827791273593903
0.14868131279945374
0.18363091349601746
0.13384896516799927
0.12108811736106873
0.13323377072811127
0.1222911924123764
0.12207476049661636
0.1273125559091568
0.1259707361459732
0.15496192872524261
0.1226017102599144
0.11979346722364426
0.14722125232219696
0.12597598135471344
0.11563267558813095
0.14784200489521027
0.11438951641321182
0.1267484873533249
0.12303299456834793
0.12314601987600327
0.12460454553365707
0.12466864287853241
0.1216040775179863
0.14535243809223175
0.10228364914655685
0.138841450214386
0.10860570520162582
0.11604513227939606
0.12179692834615707
0.1306827813386917
0.11306659877300262
0.12426476925611496
0.10884790122509003
0.10486619174480438
0.12955176830291748
no squeeze
7.043032169342041
1.662750244140625
0.9881573915481567
0.6680139303207397
0.538188636302948
0.4756177067756653
0.7359758615493774
0.8549745082855225
0.3552502691745758
0.6680708527565002
0.4385433495044708
0.7654182314872742
0.41703152656555176
0.5992383360862732
0.3806411623954773
0.647343099117279
0.5248451232910156
0.6021679639816284
0.6953575015068054
