no squeeze
133.3245849609375
54.8281364440918
42.69296646118164
22.07940673828125
19.898048400878906
14.47370433807373
13.470013618469238
10.392115592956543
9.761197090148926
7.730401515960693
7.303330421447754
5.945605754852295
5.651739597320557
4.738173007965088
4.549322605133057
3.9643654823303223
3.837583065032959
3.4575729370117188
3.377519130706787
3.141658306121826
3.0919029712677
2.938688278198242
2.911764144897461
2.814539670944214
2.7962870597839355
2.7387442588806152
2.72871732711792
2.690650701522827
2.684569835662842
2.6637027263641357
2.6611344814300537
2.6460022926330566
2.644270658493042
2.6384952068328857
2.64168119430542
2.6329681873321533
2.6291182041168213
2.630794048309326
2.626985549926758
2.6262218952178955
2.6319832801818848
2.6252880096435547
2.625164270401001
2.622487783432007
2.6214842796325684
2.6233773231506348
2.626204490661621
2.621853828430176
no squeeze
131.52813720703125
45.356624603271484
36.22268295288086
24.08778953552246
22.803773880004883
19.776212692260742
19.231731414794922
17.66295051574707
17.341873168945312
16.334985733032227
16.11959457397461
15.433756828308105
15.276538848876953
14.780115127563477
14.669378280639648
14.301499366760254
14.223456382751465
13.967479705810547
13.905426025390625
13.712919235229492
13.666695594787598
13.533509254455566
13.49289321899414
13.401595115661621
13.364734649658203
13.29088020324707
13.273815155029297
13.216086387634277
13.226513862609863
13.199477195739746
13.180404663085938
13.150299072265625
13.13420581817627
13.122973442077637
13.127415657043457
13.10348892211914
13.101375579833984
13.11385726928711
13.11531925201416
13.091782569885254
13.085785865783691
13.095678329467773
13.081199645996094
13.078444480895996
13.072113037109375
13.107987403869629
13.096590995788574
13.077655792236328
no squeeze
134.4799041748047
58.1507453918457
47.34379196166992
29.57364845275879
27.066640853881836
20.267112731933594
18.951494216918945
15.002333641052246
14.18276596069336
11.491264343261719
10.8829927444458
8.84636402130127
8.384162902832031
6.832253932952881
6.486586093902588
5.336780071258545
5.0826263427734375
4.252170562744141
4.071259498596191
3.4779255390167236
3.349180221557617
2.921517848968506
2.8268449306488037
2.5146291255950928
2.4438283443450928
2.2091524600982666
2.154857635498047
1.973515272140503
1.9324836730957031
1.797003984451294
1.7641316652297974
1.6516867876052856
1.6263889074325562
1.5385478734970093
1.5179767608642578
1.450217366218567
1.4324958324432373
1.3756535053253174
1.3615567684173584
1.31422758102417
1.3028080463409424
1.2649235725402832
1.2559376955032349
1.221868634223938
1.2146762609481812
1.1898678541183472
1.1832486391067505
1.1595629453659058
1.154956340789795
1.1364872455596924
1.1322730779647827
1.1173808574676514
1.1135594844818115
1.1010749340057373
1.0981225967407227
1.0876048803329468
1.0845284461975098
1.074934482574463
1.073221206665039
1.0660582780838013
1.0637871026992798
1.0572419166564941
1.0557055473327637
1.0508102178573608
1.0492465496063232
1.0445059537887573
1.043817400932312
1.0395774841308594
1.0385615825653076
1.0353161096572876
1.0349470376968384
1.031643271446228
1.0315366983413696
1.028846025466919
1.0276269912719727
1.0265309810638428
1.025946021080017
1.024293303489685
1.0232950448989868
1.021154522895813
1.0211185216903687
1.0201705694198608
1.0194147825241089
1.0171668529510498
1.0182535648345947
1.0175895690917969
no squeeze
136.16148376464844
107.73707580566406
98.61979675292969
63.08649444580078
56.758445739746094
44.15147018432617
42.35941696166992
37.45016860961914
36.50730895996094
33.56755447387695
32.935211181640625
30.848590850830078
30.38347816467285
28.79774284362793
28.438695907592773
27.212905883789062
26.922822952270508
25.939931869506836
25.691049575805664
24.862037658691406
24.65650749206543
23.95292091369629
23.77859878540039
23.151836395263672
22.99069595336914
22.44222068786621
22.299358367919922
21.80388832092285
21.694190979003906
21.235628128051758
21.114580154418945
20.735750198364258
20.634620666503906
20.26122283935547
20.174861907958984
19.869285583496094
19.77913475036621
19.475906372070312
19.39488983154297
19.136674880981445
19.0723876953125
18.830589294433594
18.763996124267578
18.578826904296875
18.48297882080078
18.2934513092041
18.23746681213379
18.027587890625
17.971782684326172
17.78323745727539
17.760196685791016
17.55453872680664
17.502878189086914
17.330486297607422
17.27972984313965
17.112367630004883
17.05704689025879
16.896005630493164
16.83629035949707
16.670564651489258
16.641603469848633
16.451169967651367
16.413496017456055
16.2580509185791
16.21476936340332
16.064699172973633
16.000579833984375
15.857707023620605
15.811037063598633
15.678849220275879
15.626775741577148
15.507939338684082
15.456815719604492
15.319173812866211
15.282858848571777
15.152628898620605
15.128673553466797
15.016515731811523
14.98393726348877
14.873612403869629
14.83371353149414
14.777791023254395
14.730443000793457
14.640984535217285
14.623994827270508
14.546647071838379
14.519155502319336
14.440607070922852
14.41274356842041
14.364784240722656
14.33078670501709
14.276511192321777
14.25280475616455
14.20363998413086
14.18513298034668
14.143172264099121
14.175216674804688
14.07556438446045
14.071192741394043
14.024524688720703
14.010198593139648
13.975525856018066
13.956550598144531
13.927652359008789
13.911559104919434
13.876209259033203
13.863882064819336
13.830587387084961
13.811356544494629
13.791927337646484
13.779658317565918
13.772007942199707
13.744812965393066
13.726543426513672
13.703962326049805
13.683359146118164
13.663650512695312
13.634509086608887
13.62570858001709
13.596026420593262
13.585282325744629
13.594587326049805
13.573107719421387
13.529234886169434
13.5209321975708
13.58364200592041
13.517953872680664
13.486546516418457
13.462922096252441
13.44340705871582
13.428251266479492
13.478117942810059
13.427379608154297
13.400360107421875
13.385871887207031
13.376843452453613
13.371053695678711
13.332698822021484
13.331315994262695
13.321897506713867
13.322525978088379
13.296309471130371
13.290464401245117
13.27294921875
13.263473510742188
13.25341510772705
13.242664337158203
13.223230361938477
13.222452163696289
13.215567588806152
13.217231750488281
13.194283485412598
13.172797203063965
13.165844917297363
13.191407203674316
13.154059410095215
13.220373153686523
13.141158103942871
13.144402503967285
13.136516571044922
13.119277000427246
13.097528457641602
13.091325759887695
13.079935073852539
13.073674201965332
13.081295013427734
13.083776473999023
13.061964988708496
13.070943832397461
13.03624439239502
13.059966087341309
13.020359992980957
13.013136863708496
13.006332397460938
13.008914947509766
12.999902725219727
13.003896713256836
12.981985092163086
12.984378814697266
12.97476577758789
12.95398235321045
12.958826065063477
12.972549438476562
13.005989074707031
no squeeze
134.9637908935547
76.29041290283203
65.38391876220703
39.7469482421875
36.50522994995117
29.33776092529297
28.244800567626953
25.205074310302734
24.638715744018555
22.83967399597168
22.481685638427734
21.259950637817383
20.983999252319336
20.09688949584961
19.892606735229492
19.196712493896484
19.03883171081543
18.498737335205078
18.377548217773438
17.93346405029297
17.830242156982422
17.467092514038086
17.387821197509766
17.0996036529541
17.03209686279297
16.79453468322754
16.736351013183594
16.532756805419922
16.486492156982422
16.33294677734375
16.28101921081543
16.133506774902344
16.102964401245117
15.968721389770508
15.94054889678955
15.836990356445312
15.832050323486328
15.714174270629883
15.706067085266113
15.610248565673828
15.607486724853516
15.528863906860352
15.505775451660156
15.441360473632812
15.420524597167969
15.35898494720459
15.355504035949707
15.304795265197754
15.298492431640625
15.238774299621582
15.234786987304688
15.213778495788574
15.22758674621582
15.159730911254883
15.149486541748047
15.115018844604492
15.11176586151123
15.073620796203613
15.065686225891113
15.044790267944336
15.039783477783203
15.008045196533203
14.999712944030762
14.972881317138672
14.971545219421387
14.947524070739746
14.959056854248047
14.92512035369873
14.95351791381836
14.907458305358887
14.896143913269043
14.925795555114746
14.89809799194336
14.906438827514648
no squeeze
130.424560546875
39.59576416015625
36.79547882080078
31.468769073486328
30.90668487548828
29.84140968322754
29.72324562072754
29.471569061279297
29.429903030395508
29.342954635620117
29.34345245361328
29.320505142211914
29.302955627441406
29.306241989135742
29.28474998474121
29.29601287841797
29.28725814819336
29.29673957824707
