no squeeze
37.845115661621094
8.07666301727295
6.254755020141602
3.6184237003326416
3.3131442070007324
2.585787773132324
2.467811107635498
2.146850824356079
2.0907201766967773
1.9292048215866089
1.8995262384414673
1.8147624731063843
1.7997573614120483
1.7502034902572632
1.7408186197280884
1.7100913524627686
1.7039570808410645
1.679457664489746
1.6754223108291626
1.6614325046539307
1.6633976697921753
1.6490733623504639
1.6471211910247803
1.6404293775558472
1.6356133222579956
1.6331602334976196
1.6313215494155884
1.627016305923462
1.6297463178634644
1.6247024536132812
1.622624158859253
1.6247634887695312
1.6260541677474976
1.6210579872131348
1.6217458248138428
1.622969150543213
no squeeze
37.51125717163086
7.30394172668457
5.67441987991333
3.0907742977142334
2.783989191055298
2.0543313026428223
1.936180830001831
1.6292303800582886
1.5741275548934937
1.4278526306152344
1.4040799140930176
1.3315489292144775
1.315295934677124
1.2761366367340088
1.2694931030273438
1.2486580610275269
1.2443392276763916
1.232027292251587
1.2307536602020264
1.2210654020309448
1.2191740274429321
1.214508056640625
1.2143480777740479
1.2098135948181152
1.2103348970413208
1.2068922519683838
1.2053372859954834
1.2038476467132568
1.2045769691467285
1.2021205425262451
1.203162431716919
1.2038718461990356
no squeeze
37.38329315185547
12.506641387939453
9.570305824279785
4.8072052001953125
4.220499515533447
2.6573421955108643
2.3738198280334473
1.571083903312683
1.4226168394088745
1.0051918029785156
0.9264116883277893
0.7057687640190125
0.6633209586143494
0.5378584265708923
0.513228714466095
0.437181293964386
0.42141568660736084
0.37076619267463684
0.36010193824768066
0.32643890380859375
0.3184782564640045
0.2930711805820465
0.2871660888195038
0.26726382970809937
0.26273661851882935
0.24706541001796722
0.24336306750774384
0.23050962388515472
0.22750413417816162
0.21701599657535553
0.21450597047805786
0.20571431517601013
0.20368710160255432
0.19628740847110748
0.19464172422885895
0.18869905173778534
0.1871711164712906
0.18247875571250916
0.18113712966442108
0.17723813652992249
0.17614753544330597
0.17246587574481964
0.1718652844429016
0.16900819540023804
0.16836091876029968
0.16590534150600433
0.16531366109848022
0.1633027344942093
0.16312900185585022
0.1611972600221634
0.16063645482063293
0.15925145149230957
0.15894687175750732
0.1579437404870987
0.15755003690719604
0.1563834398984909
0.1562218964099884
0.15518666803836823
0.15472280979156494
0.15419898927211761
0.15383818745613098
0.15326422452926636
0.1528313159942627
0.1523701250553131
0.15233784914016724
0.1515199989080429
0.15146254003047943
0.1509052962064743
0.15086808800697327
0.15034209191799164
0.15040919184684753
0.1499313861131668
0.14989575743675232
0.14953622221946716
0.1493137925863266
0.1491646021604538
0.14902321994304657
0.14872121810913086
0.14894942939281464
0.1485777497291565
0.1485980898141861
0.14829692244529724
0.14828729629516602
0.14799128472805023
0.14828772842884064
0.14748172461986542
0.14774860441684723
0.1475609391927719
no squeeze
39.157127380371094
22.292814254760742
19.161327362060547
12.886998176574707
12.070784568786621
10.026200294494629
9.662796020507812
8.619917869567871
8.407500267028809
7.73411750793457
7.5793681144714355
7.085607528686523
6.970729351043701
6.5951457023620605
6.502762794494629
6.194385051727295
6.124078750610352
5.874585151672363
5.810046672821045
5.60452938079834
5.551403999328613
5.368404865264893
5.32904577255249
5.1692609786987305
5.150789737701416
5.004063129425049
4.963228225708008
4.844892978668213
4.816822052001953
4.709009170532227
4.678188323974609
4.5836710929870605
4.562448978424072
4.471227645874023
4.439029216766357
4.353262424468994
4.3355937004089355
4.24807596206665
4.2316718101501465
4.1581902503967285
4.119692325592041
4.045155048370361
4.016255855560303
3.9493157863616943
3.9165308475494385
3.8353092670440674
3.8093574047088623
3.7259533405303955
3.704346179962158
3.618150234222412
3.590733528137207
3.5028069019317627
3.4759724140167236
3.384479522705078
3.35646915435791
3.261650562286377
3.236593246459961
3.1334242820739746
3.1067967414855957
3.0036566257476807
2.9799020290374756
2.871149778366089
2.8422536849975586
2.747148036956787
2.722694158554077
2.634202718734741
2.6087534427642822
2.534066677093506
2.5099778175354004
2.4404184818267822
2.4241909980773926
2.3736953735351562
2.360069513320923
2.3119354248046875
2.302462339401245
2.267483949661255
2.2572896480560303
2.2307398319244385
2.2212703227996826
2.1983883380889893
2.193082571029663
2.1703004837036133
2.164167642593384
2.150458335876465
2.144285202026367
2.1384775638580322
2.1263654232025146
2.113253593444824
2.1092641353607178
2.0969009399414062
2.0917928218841553
2.0800223350524902
2.0793018341064453
2.069528102874756
2.0649220943450928
2.05804705619812
2.0544698238372803
2.0450665950775146
2.0420098304748535
2.0322399139404297
2.0309183597564697
2.0241498947143555
2.018306255340576
2.011662721633911
2.011833667755127
1.9997467994689941
2.006039619445801
1.9923006296157837
1.994229793548584
1.9879390001296997
1.983389973640442
1.9791550636291504
1.9749478101730347
1.9677692651748657
1.9653936624526978
1.9644279479980469
1.9621965885162354
1.9549344778060913
1.9558466672897339
1.9460269212722778
1.9465298652648926
1.9424301385879517
1.9389170408248901
1.9369189739227295
1.9366629123687744
1.9281316995620728
1.9264980554580688
1.920729637145996
1.923570156097412
1.9173647165298462
1.9148080348968506
1.9128938913345337
1.9120144844055176
1.9133210182189941
1.9068690538406372
1.9035875797271729
1.8976725339889526
1.8971682786941528
1.894296646118164
1.887148380279541
1.8875846862792969
1.8832876682281494
1.884629249572754
1.8808512687683105
1.8789454698562622
1.8715113401412964
1.8797003030776978
1.8713927268981934
1.8676185607910156
1.8639092445373535
1.8660194873809814
1.8671244382858276
no squeeze
37.89604949951172
16.947690963745117
14.307517051696777
9.204212188720703
8.508218765258789
6.709166049957275
6.388524055480957
5.477049827575684
5.30643892288208
4.799306392669678
4.6965203285217285
4.37008810043335
4.300279140472412
4.070212364196777
4.0127129554748535
3.822991371154785
3.7770845890045166
3.6162288188934326
3.572300434112549
3.4268481731414795
3.3918187618255615
3.2626562118530273
3.2301902770996094
3.107548952102661
3.081024169921875
2.9754068851470947
2.9506022930145264
2.8597359657287598
2.8426461219787598
2.7672922611236572
2.749713897705078
2.6897377967834473
2.673722267150879
2.6196653842926025
2.607832670211792
2.569108247756958
2.5583107471466064
2.5228466987609863
2.515789031982422
2.484671115875244
2.4768459796905518
2.449739456176758
2.443708658218384
2.420527219772339
2.420440435409546
2.396981954574585
2.390831232070923
2.3711295127868652
2.3667078018188477
2.3515477180480957
2.347423791885376
2.3279030323028564
2.324920177459717
2.3122880458831787
2.3080716133117676
2.2936487197875977
2.289496898651123
2.2770190238952637
2.2739667892456055
2.262563467025757
2.261685609817505
2.250889539718628
2.2454006671905518
2.2367584705352783
2.2339248657226562
2.2261769771575928
2.2233574390411377
2.2171518802642822
2.2115166187286377
2.2093734741210938
2.2071523666381836
2.196260452270508
2.1952476501464844
2.190448045730591
2.1848514080047607
2.183562994003296
2.1850717067718506
2.1742820739746094
2.173422336578369
2.1678571701049805
2.171043872833252
2.162492275238037
2.165872097015381
2.1598153114318848
2.158256769180298
2.155805826187134
2.155975341796875
2.151116371154785
2.1498804092407227
2.147221565246582
2.143234968185425
2.1438980102539062
2.140470504760742
2.139300584793091
2.1408801078796387
2.1358084678649902
2.134827136993408
2.1321306228637695
2.1298110485076904
2.1295857429504395
2.126065254211426
2.126326322555542
2.129633665084839
2.123339891433716
2.123635768890381
2.1287057399749756
no squeeze
35.77399444580078
7.025903701782227
6.582378387451172
6.105925559997559
6.061854362487793
5.9831223487854
5.9767866134643555
5.958645343780518
5.96038293838501
5.9562458992004395
5.9489426612854
5.956395626068115
5.959600925445557
5.9523491859436035
