no squeeze
0.9805978536605835
0.25770601630210876
0.13178382813930511
0.08361894637346268
0.05275905132293701
0.03660321980714798
0.027613462880253792
0.021149951964616776
0.01701231487095356
0.018349042162299156
0.012479606084525585
0.010589763522148132
0.009959321469068527
0.008541347458958626
0.007356390357017517
0.007499377243220806
0.006108597852289677
0.006717702839523554
0.005337373353540897
0.007521826773881912
0.004518459551036358
0.004670609720051289
0.006000767461955547
0.005622931756079197
0.003854455193504691
0.0034091321285814047
0.003103893483057618
0.0027796344365924597
0.003678453154861927
0.002952797105535865
0.010022605769336224
0.007062179036438465
0.002628425834700465
0.0031411924865096807
0.0033024006988853216
0.0031704248394817114
0.002403341932222247
0.002090830123052001
0.0018673945451155305
0.001508624292910099
0.0032187211327254772
0.0019345612963661551
0.0019326390465721488
0.0017320808256044984
0.0021278716158121824
0.0020401193760335445
0.001909040380269289
0.0016782386228442192
0.0012493517715483904
0.0012076905695721507
0.001211114227771759
0.0014067564625293016
0.0017080963589251041
0.0011003160616382957
0.002250434597954154
0.0012255654437467456
0.0013508802512660623
0.00246432819403708
0.0011330037377774715
0.000988708226941526
0.000985972466878593
0.0009225374669767916
0.0009133936837315559
0.0010393548291176558
0.0011412177700549364
0.0012154809664934874
0.002231821184977889
0.0021326749119907618
0.0024075298570096493
0.0011414102045819163
0.001197859295643866
0.0009377961396239698
0.0013191415928304195
no squeeze
0.8316100239753723
0.31484246253967285
0.20215627551078796
0.14311404526233673
0.10208576172590256
0.08024456351995468
0.06925085932016373
0.05517028644680977
0.04873266443610191
0.039859432727098465
0.037352386862039566
0.033561717718839645
0.031083794310688972
0.029883356764912605
0.028207886964082718
0.029692472890019417
0.024242151528596878
0.033738166093826294
0.02243993990123272
0.021296706050634384
0.021076582372188568
0.022298762574791908
0.018403824418783188
0.020700475201010704
0.019261514768004417
0.02543586492538452
0.017534321174025536
0.016974905505776405
0.01601356826722622
0.014848449267446995
0.014145266264677048
0.013918972574174404
0.012700752355158329
0.013364248909056187
0.012547002173960209
0.01210094802081585
0.011893811635673046
0.013908535242080688
0.011892573907971382
0.015537818893790245
0.01218588650226593
0.011007986962795258
0.011026200838387012
0.011943037621676922
0.00990256667137146
0.010745546780526638
0.00899453368037939
0.008724941872060299
0.008541055023670197
0.009724041447043419
0.01712660677731037
0.010070441290736198
0.010746031999588013
0.010190650820732117
0.008749536238610744
0.008275425061583519
0.011611460708081722
0.00886299554258585
0.009016023017466068
0.010554453358054161
0.013571865856647491
0.0167867261916399
0.009453360922634602
0.007088570389896631
0.007046104408800602
0.007556544616818428
0.006260926369577646
0.006281886249780655
0.007430435158312321
0.007785501424223185
0.007225490175187588
0.005974361672997475
0.005180489271879196
0.006276285275816917
0.008075165562331676
0.006659491453319788
0.006563928909599781
0.006731645669788122
0.008302713744342327
0.009393051266670227
0.00744195282459259
0.007847720757126808
0.007178785745054483
no squeeze
0.8436933159828186
0.33356112241744995
0.214877188205719
0.14327353239059448
0.10799635946750641
0.07861154526472092
0.06139477342367172
0.04911905527114868
0.04027476906776428
0.03665051609277725
0.033470842987298965
0.024075152352452278
0.023513274267315865
0.01841958984732628
0.01737022213637829
0.016906818374991417
0.015174031257629395
0.016422703862190247
0.012786248698830605
0.011579243466258049
0.013142536394298077
0.009856400080025196
0.01939450390636921
0.010783052071928978
0.010324534960091114
0.006442634388804436
0.0065483590587973595
0.005639560054987669
0.005994591396301985
0.008879718370735645
0.005092652980238199
0.00460106460377574
0.005403557792305946
0.005124189425259829
0.003976718056946993
0.005521486513316631
0.005933851469308138
0.0048265098594129086
0.005693125072866678
0.00706381443887949
0.008763525635004044
0.005884233396500349
0.0042238496243953705
0.003762739710509777
0.0025186543352901936
0.0026294891722500324
0.003487537382170558
0.003285658545792103
0.002418061252683401
0.002692021196708083
0.0027466544415801764
0.002495013177394867
0.0022439833264797926
0.0023425950203090906
0.0025703005958348513
0.004122345242649317
0.00319254444912076
0.0021282865200191736
0.002307985909283161
0.0021363752894103527
0.0022886223159730434
0.001999835716560483
0.001678762724623084
0.00672028586268425
0.002216443419456482
0.0022435272112488747
0.0024327561259269714
0.002102262107655406
0.0019700846169143915
0.0020242200698703527
0.0023204507306218147
0.003064241260290146
0.001660540932789445
0.0029690545052289963
0.0017571492353454232
0.0014595359098166227
0.001374517218209803
0.0012108490336686373
0.0010264706797897816
0.0009721503010950983
0.0010840650647878647
0.0009154037106782198
0.0010449453257024288
0.0008834105101414025
0.0008771787979640067
0.0007958326023072004
0.0008682418265379965
0.0022823584731668234
0.0012045437470078468
0.0008742146310396492
0.000827110605314374
0.0008328192052431405
0.001076005632057786
0.0010639694519340992
0.0006482047028839588
0.0007770435768179595
0.0006449803477153182
0.0005786913679912686
0.0006868941127322614
0.0005990575300529599
0.000804681854788214
0.0008571802172809839
0.006734847091138363
0.002812871942296624
0.0008390942821279168
0.0007944221142679453
0.0004989656154066324
0.0006553225102834404
0.0006845325697213411
0.0005170974764041603
0.00047312784590758383
0.000990463886409998
0.0009242088999599218
0.0012306413846090436
0.0015260495711117983
0.0027209362015128136
0.001752855721861124
0.004509650636464357
0.022971024736762047
0.01318675372749567
0.006480376236140728
no squeeze
0.8069010972976685
0.4364264905452728
0.36149147152900696
0.31232309341430664
0.27596986293792725
0.24452947080135345
0.21600551903247833
0.20097731053829193
0.1846281886100769
0.16996349394321442
0.1579318791627884
0.15162084996700287
0.14401474595069885
0.13672035932540894
0.12838801741600037
0.12197062373161316
0.11573170870542526
0.11231990903615952
0.10477501899003983
0.10616869479417801
0.09898767620325089
0.09473313391208649
0.09021389484405518
0.08689214289188385
0.08634854853153229
0.08564496040344238
0.08054077625274658
0.0770067423582077
0.07447077333927155
0.07645770162343979
0.07577735930681229
0.07519960403442383
0.06996230036020279
0.06789536029100418
0.06423677504062653
0.0652330070734024
0.06380730122327805
0.06450296938419342
0.06475209444761276
0.06477825343608856
0.05862978473305702
0.05782312527298927
0.057680580765008926
0.06219245865941048
0.05766282230615616
0.05470318719744682
0.05582546070218086
0.05985480546951294
0.055220652371644974
0.05088591203093529
0.05145634338259697
0.05332307517528534
0.05072689801454544
0.05289480462670326
0.049955449998378754
0.05012183636426926
0.04763586446642876
0.05066964402794838
0.047531332820653915
0.04621110484004021
0.045366071164608
0.04492636024951935
0.044721171259880066
0.04415212944149971
0.04452625289559364
0.044572439044713974
0.04181326925754547
0.042680367827415466
0.041971925646066666
0.04368375614285469
0.04582911729812622
0.041635993868112564
0.04151257127523422
0.04145859554409981
0.04201871156692505
0.04056810960173607
0.04093392938375473
0.040723394602537155
0.042635537683963776
0.04033072665333748
0.04094882309436798
0.03893565386533737
0.03852248191833496
0.03795294463634491
0.038400206714868546
0.03748055174946785
0.040144164115190506
0.03754602000117302
0.03967314958572388
0.039200566709041595
0.03710866719484329
0.04078639671206474
0.03777322173118591
0.03798098862171173
0.03792169317603111
0.0363224558532238
0.03614450618624687
0.03852774202823639
0.03796260803937912
0.03638409450650215
0.03646770492196083
0.035952962934970856
0.03616302087903023
0.0364493690431118
0.03760119900107384
0.03459786996245384
0.037693481892347336
0.03506522998213768
0.03527020290493965
0.03500044718384743
0.03410925716161728
0.03449598327279091
0.035149700939655304
0.03484237566590309
0.03476849943399429
0.033654820173978806
0.03448104113340378
0.03522451967000961
0.034329093992710114
0.034119945019483566
0.033967193216085434
0.033954229205846786
0.03499305620789528
0.03347449749708176
0.03460390493273735
0.034040000289678574
0.03219814971089363
0.03229489177465439
0.034050051122903824
0.032140426337718964
0.03302808105945587
0.03449375554919243
0.03195144608616829
0.03249625861644745
0.032495442777872086
0.0337960310280323
0.033907100558280945
0.032041892409324646
0.032626695930957794
0.032708827406167984
0.031974874436855316
0.03136351332068443
0.031946711242198944
0.03207021206617355
0.03432261571288109
0.03163325414061546
0.031192073598504066
0.031801581382751465
0.03156815096735954
0.032465264201164246
0.03314269334077835
0.03190748393535614
0.033257123082876205
0.034219611436128616
0.031183134764432907
0.030671875923871994
0.031173674389719963
0.03191949054598808
0.03142523020505905
0.02995065040886402
0.030571194365620613
0.02988840639591217
0.030257955193519592
0.03013843111693859
0.029359251260757446
0.030385484918951988
0.030450142920017242
0.030395179986953735
0.030033430084586143
0.03151039779186249
0.030432313680648804
0.030469847843050957
0.02952461503446102
0.031771883368492126
0.030475135892629623
no squeeze
0.7942333221435547
0.32058072090148926
0.22805729508399963
0.1806153804063797
0.14787380397319794
0.12526574730873108
0.11094630509614944
0.09485756605863571
0.0931694507598877
0.08335421234369278
0.07629238814115524
0.07381264865398407
0.0718228816986084
0.061088405549526215
0.06514392793178558
0.05612844601273537
0.06381109356880188
0.05214919522404671
0.054843969643116
0.05330526828765869
0.047987498342990875
0.0436091385781765
0.040933508425951004
0.04182562232017517
0.04152993857860565
0.04487311840057373
0.03962069749832153
0.03596353903412819
0.03966598957777023
0.052034277468919754
0.042142823338508606
0.037763118743896484
0.032197531312704086
0.03265893831849098
0.035891834646463394
0.032335713505744934
0.030117351561784744
0.029892781749367714
0.029760224744677544
0.028781970962882042
0.033961351960897446
0.03072669543325901
0.032429445534944534
0.02730388753116131
0.0268609207123518
0.03866533935070038
0.034087423235177994
0.029639674350619316
0.02820909395813942
0.02527458406984806
0.02538471110165119
0.025029437616467476
0.024325314909219742
0.025824962183833122
0.027068423107266426
0.024038005620241165
0.022887492552399635
0.02271149680018425
0.022588087245821953
0.02532748319208622
0.021898604929447174
0.024699654430150986
0.025387907400727272
0.024893535301089287
0.0247133057564497
0.021589264273643494
0.02126011624932289
0.022197486832737923
0.020769188180565834
0.0209160465747118
0.02381846308708191
0.022238219156861305
0.019694996997714043
0.021089261397719383
0.0188725795596838
0.019527800381183624
0.019677571952342987
0.018711382523179054
0.02527506649494171
0.023838698863983154
0.02080153115093708
0.021550200879573822
0.020894668996334076
0.019388286396861076
0.018216010183095932
0.01831950433552265
0.01971413753926754
0.019187340512871742
0.018240151926875114
0.01794293150305748
0.017981790006160736
0.01691189594566822
0.01679145358502865
0.01757119409739971
0.016462698578834534
0.015423567034304142
0.0167812742292881
0.01761825941503048
0.01602105423808098
0.016130739822983742
0.01782694086432457
0.018369926139712334
0.017643243074417114
0.02176622487604618
0.017066359519958496
0.01565055176615715
no squeeze
1.0947285890579224
0.31353870034217834
0.19732244312763214
0.17573365569114685
0.15200164914131165
0.12209385633468628
0.16730016469955444
0.10186894983053207
0.13356170058250427
0.1189398467540741
0.10543397068977356
0.09619735926389694
0.08816108852624893
0.10122943669557571
0.1316515952348709
0.07994630187749863
0.08550416678190231
0.08629639446735382
0.07320374995470047
0.07608997076749802
0.07770690321922302
0.13657748699188232
0.10647304356098175
0.12156643718481064
0.09079799056053162
0.06765957921743393
0.06639420241117477
0.12907971441745758
0.14077815413475037
0.07431625574827194
0.07916131615638733
0.08244378119707108
0.07312669605016708
0.08161015063524246
0.09355977177619934
0.09759717434644699
0.07217233628034592
