no squeeze
10.535893440246582
2.0120396614074707
1.0920790433883667
0.7405842542648315
0.6390247941017151
0.5753847360610962
0.4255414307117462
0.4273630976676941
0.43767935037612915
0.48974063992500305
0.4324125349521637
0.3848463296890259
0.3366874158382416
0.3292156457901001
0.37021246552467346
0.3932175934314728
0.36183860898017883
0.2686190903186798
0.33987417817115784
0.32598841190338135
0.270423024892807
0.3485180139541626
0.31748804450035095
0.296722948551178
0.27531880140304565
0.41731494665145874
0.35268130898475647
0.3207012712955475
no squeeze
7.437318325042725
1.8144627809524536
0.9396006464958191
0.7688588500022888
0.5772504210472107
0.5003435015678406
0.4722377359867096
0.4000173509120941
0.39048677682876587
0.3489524722099304
0.45472490787506104
0.39837732911109924
0.30194950103759766
0.5217177271842957
0.33146044611930847
0.4702320694923401
0.4748978912830353
0.35815125703811646
0.36606451869010925
0.5014982223510742
0.4715801477432251
0.34945470094680786
0.3392494320869446
no squeeze
7.936878681182861
2.50144624710083
1.7626312971115112
1.1768529415130615
1.1572209596633911
0.8982048630714417
1.1669704914093018
0.8983543515205383
0.8553354740142822
0.670174777507782
0.631770133972168
0.6678065657615662
0.9541241526603699
0.6006153225898743
0.5430440306663513
0.8940188884735107
0.6822863817214966
0.5839664936065674
0.5943289995193481
0.8178132772445679
0.5159623026847839
0.48751622438430786
0.9078884124755859
0.9636541604995728
0.7456545829772949
0.49459022283554077
0.49867144227027893
0.361035019159317
0.5455166101455688
0.6636336445808411
0.6230893731117249
0.5579342842102051
0.45058169960975647
0.7014531493186951
0.927058756351471
0.41286176443099976
0.5946791768074036
0.383342444896698
no squeeze
9.261507034301758
2.910381555557251
2.0352158546447754
1.5888339281082153
1.2842808961868286
1.0552300214767456
0.9578122496604919
0.806955099105835
0.7749963402748108
0.6374947428703308
0.6670474410057068
0.5820311307907104
0.6465766429901123
0.5257371664047241
0.4949614703655243
0.4912768304347992
0.4461657404899597
0.4291815459728241
0.40449121594429016
0.346836656332016
0.4075721204280853
0.43329963088035583
0.37337493896484375
0.3857657313346863
0.37920430302619934
0.331932008266449
0.3271638751029968
0.31002697348594666
0.3489266037940979
0.3242834508419037
0.30870184302330017
0.3100246489048004
0.31709006428718567
0.2986195385456085
0.33200135827064514
0.3462178409099579
0.2689787745475769
0.2846134603023529
0.30724823474884033
0.26949477195739746
0.26292985677719116
0.2571881115436554
0.29169926047325134
0.262939989566803
0.27846673130989075
0.27366966009140015
0.27136531472206116
0.24755316972732544
0.235629141330719
0.2869283854961395
0.2677095830440521
0.25953108072280884
0.25567126274108887
0.2696097195148468
0.2353360801935196
0.24823376536369324
0.24435080587863922
0.2589486539363861
0.2644593119621277
0.23028156161308289
0.23623126745224
0.3157658874988556
0.2625158727169037
0.2719457745552063
0.24219299852848053
0.26736146211624146
0.26027360558509827
0.21617306768894196
0.24328111112117767
0.22516104578971863
0.2364872545003891
0.26546764373779297
0.2405168116092682
0.24653172492980957
0.2197588086128235
0.22905917465686798
0.21713343262672424
0.19672474265098572
0.19568729400634766
0.23422761261463165
0.21754056215286255
0.23050442337989807
0.21559467911720276
0.204830601811409
0.22804388403892517
0.230165034532547
0.23010313510894775
0.20254819095134735
0.2109534740447998
no squeeze
8.184345245361328
2.1766550540924072
1.4198540449142456
1.0935438871383667
0.804139256477356
0.6461547017097473
0.6065161824226379
0.5645918846130371
0.5344312787055969
0.4743154048919678
0.4593997895717621
0.42209160327911377
0.4074957072734833
0.3705597221851349
0.3879101872444153
0.304909884929657
0.4066541790962219
0.3665241003036499
0.32249635457992554
0.3438495397567749
0.31861960887908936
0.3442724347114563
0.304584801197052
0.37784069776535034
0.3173862099647522
0.3218481242656708
0.3334702253341675
0.27563512325286865
0.311575323343277
0.3001645803451538
0.3422684371471405
0.2939493656158447
0.30460482835769653
0.2508813142776489
0.259457528591156
0.216457337141037
0.22582753002643585
0.2097882330417633
0.22290611267089844
0.266653448343277
0.29594364762306213
0.28671321272850037
0.24337872862815857
0.2750300467014313
0.21784019470214844
0.2525547444820404
0.26294684410095215
0.20569661259651184
0.21184153854846954
0.23699267208576202
0.23530544340610504
0.1785350888967514
0.2580830752849579
0.28043660521507263
0.24692673981189728
0.22411346435546875
0.2074582278728485
0.25183624029159546
0.20861385762691498
0.25144723057746887
0.19875189661979675
0.20284304022789001
no squeeze
10.02442741394043
1.3016823530197144
0.7694132328033447
0.6080661416053772
0.6878220438957214
0.6418980360031128
0.35907119512557983
0.5427308082580566
0.4579954743385315
0.5868276357650757
0.26127177476882935
0.3154256343841553
0.56205153465271
0.42320874333381653
0.3831770122051239
0.279884397983551
0.6516729593276978
0.34044697880744934
0.7591269016265869
0.45862218737602234
0.644660234451294
