no squeeze
2.3277952671051025
0.6050066947937012
0.3592040240764618
0.24577143788337708
0.2230645716190338
0.20685997605323792
0.19074584543704987
0.19620972871780396
0.16231846809387207
0.16539707779884338
0.15451869368553162
0.1771136373281479
0.1343526393175125
0.15989631414413452
0.12312684953212738
0.13054019212722778
0.11801768839359283
0.15451757609844208
0.1501259207725525
0.1256253570318222
0.14240069687366486
0.20406769216060638
0.18344451487064362
0.12630435824394226
0.12671561539173126
0.12844209372997284
0.1043907105922699
0.10160019248723984
0.10610352456569672
0.10327307134866714
0.11581684648990631
0.120216965675354
0.11696072667837143
0.09170680493116379
0.09640774130821228
0.10255660861730576
0.10722609609365463
0.11589861661195755
0.09458056092262268
0.08395472168922424
0.08736129850149155
0.12008745223283768
0.13511797785758972
0.09669642895460129
0.12293295562267303
0.12149810791015625
0.09020240604877472
0.09245111793279648
0.10982126742601395
0.11973818391561508
no squeeze
1.6707302331924438
0.4225044250488281
0.2787517309188843
0.2077586054801941
0.18403591215610504
0.16271790862083435
0.17078959941864014
0.17916668951511383
0.15492090582847595
0.14211559295654297
0.12730924785137177
0.14345106482505798
0.15743866562843323
0.14547164738178253
0.1171317994594574
0.12142056226730347
0.15824371576309204
0.1242285743355751
0.10611084848642349
0.11859653145074844
0.1509762704372406
0.13171933591365814
0.1238282173871994
0.1061176210641861
0.10994263738393784
0.10963033884763718
0.1378406435251236
0.12052837014198303
0.11114352196455002
no squeeze
2.2463927268981934
0.6955780982971191
0.42380693554878235
0.4462181329727173
0.3407883942127228
0.2854229509830475
0.30501487851142883
0.23365390300750732
0.229017972946167
0.23793767392635345
0.22949419915676117
0.17938601970672607
0.26426607370376587
0.21335473656654358
0.15522748231887817
0.16523659229278564
0.17383813858032227
0.1879378855228424
0.2953428626060486
0.23650147020816803
0.23119564354419708
0.15337179601192474
0.23692168295383453
0.18714717030525208
0.19636070728302002
0.21859627962112427
0.14790791273117065
0.1588307023048401
0.14758671820163727
0.18325623869895935
0.1833229959011078
0.16410435736179352
0.25111469626426697
0.20456042885780334
0.1806277185678482
0.1442616581916809
0.20684099197387695
0.1354731321334839
0.12073318660259247
0.12919488549232483
0.11134187132120132
0.1228211373090744
0.1654909998178482
0.13774050772190094
0.11185348778963089
0.1351073682308197
0.12957914173603058
0.13441812992095947
0.13993212580680847
0.12759527564048767
0.1424979865550995
no squeeze
2.042840003967285
0.8372057676315308
0.5751179456710815
0.4434242844581604
0.3487410247325897
0.30038830637931824
0.2803657054901123
0.2415158599615097
0.21431533992290497
0.19413670897483826
0.19232195615768433
0.18230272829532623
0.18133889138698578
0.17139416933059692
0.1622767448425293
0.16170859336853027
0.16349755227565765
0.14720481634140015
0.16638971865177155
0.15315350890159607
0.13343888521194458
0.1366146057844162
0.13203749060630798
0.12260261178016663
0.12552496790885925
0.11236350238323212
0.1305684596300125
0.12300160527229309
0.11434715986251831
0.1281941831111908
0.109219029545784
0.1123066321015358
0.1086706668138504
0.11803553998470306
0.1027599573135376
0.11777636408805847
0.12019800394773483
0.1166718378663063
0.10825534909963608
0.10302232950925827
0.10547417402267456
0.10581400245428085
0.09884124994277954
0.10786139219999313
0.09794069081544876
0.0977567806839943
0.09859061241149902
0.10329791158437729
0.10311601310968399
0.10066782683134079
0.10098376125097275
0.10152360796928406
0.09624605625867844
0.09427209943532944
0.09327180683612823
0.09321336448192596
0.09685076028108597
0.0927157774567604
0.09933403134346008
0.10988827794790268
0.09330999851226807
0.08930177241563797
0.09439384937286377
0.09709807485342026
0.08613573014736176
0.09261532872915268
0.09180144220590591
0.08528533577919006
0.08578608930110931
0.08496665954589844
0.08581745624542236
0.09051276743412018
0.08533652126789093
0.08850596845149994
0.0851258784532547
0.08291242271661758
0.08953320235013962
0.08001814782619476
0.080733522772789
0.08939139544963837
0.07984059303998947
0.08418793976306915
0.08829929679632187
0.08063358813524246
0.07936283946037292
0.07919302582740784
0.07872795313596725
0.08116451650857925
0.08374717086553574
0.08402998000383377
0.08131440728902817
0.07766163349151611
0.07635584473609924
0.07542235404253006
0.07765424251556396
0.09445609152317047
0.07839193940162659
0.07743503153324127
0.0781225636601448
0.07506910711526871
0.07262177020311356
0.0756097063422203
0.06983847171068192
0.0692472979426384
0.07580901682376862
0.07381635159254074
0.07393696904182434
0.07480458915233612
0.07243639975786209
0.07357855886220932
0.06870666891336441
0.0662866160273552
0.07341280579566956
0.07042087614536285
0.07099360972642899
0.07309888303279877
0.06746881455183029
0.06938067823648453
0.06652823090553284
0.0659942477941513
0.06492003798484802
0.06735339760780334
0.06430467963218689
0.06472504884004593
0.06482494622468948
0.06766998767852783
0.06530752778053284
0.06753971427679062
0.06759782135486603
0.06556784361600876
0.06453627347946167
0.06463313102722168
0.06421153247356415
0.06687230616807938
0.06334299594163895
0.06262395530939102
0.06525886058807373
0.06675320863723755
0.06288104504346848
0.06135012209415436
0.06353016942739487
0.06563971191644669
0.06166192516684532
0.06459516286849976
0.06274174153804779
0.06269819289445877
0.06046772748231888
0.06555286049842834
0.06108558177947998
0.060460165143013
0.06002029776573181
0.060061484575271606
0.06326264142990112
0.0620877705514431
0.06246691942214966
0.059139300137758255
0.062293391674757004
0.058334726840257645
0.0614301934838295
0.058721691370010376
0.06178450211882591
0.0634881928563118
0.058633241802453995
0.06150897219777107
0.06198962405323982
0.059508275240659714
0.06020064279437065
0.05605879798531532
0.05878071486949921
0.05710866302251816
0.05733910948038101
0.06112373620271683
0.06104034557938576
0.05623574182391167
0.05589098855853081
0.0596671961247921
0.05616944283246994
0.05764715373516083
0.05946246162056923
0.05801847204566002
0.05701817572116852
0.05501372367143631
0.05527834594249725
0.05604095757007599
0.05517316237092018
0.0552121065557003
0.056066568940877914
0.05334680899977684
0.05308084934949875
0.05425183102488518
0.053222354501485825
0.05498425289988518
0.05405406281352043
0.05657152831554413
0.05582356080412865
0.054215654730796814
0.054933659732341766
0.05739287659525871
0.05356689542531967
no squeeze
2.6505637168884277
0.8320063948631287
0.4996357262134552
0.3451940715312958
0.28683480620384216
0.24492286145687103
0.2247682362794876
0.2052212357521057
0.18948060274124146
0.18224917352199554
0.17076407372951508
0.16153302788734436
0.15680016577243805
0.1500096321105957
0.1495072990655899
0.14152459800243378
0.12994389235973358
0.1382082849740982
0.14028185606002808
0.1520291119813919
0.13051840662956238
0.13180039823055267
0.14296431839466095
0.12772658467292786
0.1263592690229416
0.11325942724943161
0.11911190301179886
0.11728643625974655
0.11001480370759964
0.10786978900432587
0.11147277057170868
0.12214119732379913
0.11447320878505707
0.09521675109863281
0.10080248862504959
0.11251719295978546
0.09829201549291611
0.11566966027021408
0.13191504776477814
0.10801181197166443
0.0908685252070427
0.09393980354070663
0.09440218657255173
0.0984165295958519
0.09164741635322571
0.09663635492324829
0.08532240241765976
0.09055902808904648
0.0903041660785675
0.0833626464009285
0.08892790973186493
0.10023078322410583
0.08351024240255356
0.10285364836454391
0.08900061249732971
0.11012053489685059
0.09574668854475021
0.08411715179681778
0.09191364794969559
0.0763448029756546
0.08290243148803711
0.07018440216779709
0.07922682911157608
0.0796719491481781
0.08229514211416245
0.07997187972068787
0.08715496957302094
0.08200626820325851
0.07736464589834213
0.07902499288320541
0.0858578011393547
0.07995985448360443
no squeeze
1.6903660297393799
0.44818124175071716
0.26278379559516907
0.16707034409046173
0.13816431164741516
0.1938212662935257
0.19140690565109253
0.19170230627059937
0.12574027478694916
0.11939923465251923
0.08951392024755478
0.21215292811393738
0.1510114073753357
0.13710187375545502
0.159638911485672
0.15939980745315552
0.09348784387111664
0.10759363323450089
0.12140507996082306
0.11038869619369507
0.11511977016925812
