no squeeze
3.114161968231201
0.22329218685626984
0.17476503551006317
0.11990666389465332
0.11650626361370087
0.10832040011882782
0.10766584426164627
0.1052829921245575
0.1052037924528122
0.10452966392040253
0.10446539521217346
0.10413850098848343
0.10389316082000732
0.10539815574884415
0.10454303026199341
0.10348625481128693
0.1035369411110878
0.10361084342002869
no squeeze
3.7310383319854736
0.24270394444465637
0.1738664209842682
0.09272756427526474
0.08581933379173279
0.07416186481714249
0.07350827008485794
0.07111689448356628
0.07099131494760513
0.07048318535089493
0.07066167891025543
0.07035056501626968
0.07057994604110718
0.07051484286785126
no squeeze
3.468031883239746
0.28868138790130615
0.19134600460529327
0.0679653063416481
0.056715983897447586
0.03346000239253044
0.030234290286898613
0.02200886607170105
0.020560236647725105
0.016735510900616646
0.01600710302591324
0.014064863324165344
0.01370280608534813
0.012555064633488655
0.012391772121191025
0.01173911802470684
0.011592459864914417
0.011167553253471851
0.011035316623747349
0.010673855431377888
0.010625705122947693
0.01044080313295126
0.010357912629842758
0.010122707113623619
0.010109775699675083
0.009915909729897976
0.009886959567666054
0.009709869511425495
0.00968575943261385
0.009610419161617756
0.009578228928148746
0.009514495730400085
0.009482432156801224
0.009358001872897148
0.009350049309432507
0.0093053774908185
0.009282799437642097
0.009259519167244434
0.009243572130799294
0.009168358519673347
0.009182211011648178
0.009179635904729366
no squeeze
3.4782421588897705
1.2737276554107666
1.121982216835022
0.8075862526893616
0.7603983879089355
0.6371584534645081
0.6138198971748352
0.5457260608673096
0.5307765603065491
0.48487937450408936
0.47297683358192444
0.4408002197742462
0.4333890378475189
0.4058363139629364
0.4019482731819153
0.3804599940776825
0.3737359046936035
0.35874927043914795
0.3559466600418091
0.3462247848510742
0.33942800760269165
0.326002836227417
0.32292985916137695
0.312034547328949
0.31074634194374084
0.3010619580745697
0.2987639009952545
0.29361072182655334
0.2910004258155823
0.2835966944694519
0.28209003806114197
0.2765248417854309
0.2751066982746124
0.27042070031166077
0.26810067892074585
0.2640931010246277
0.261951208114624
0.25818124413490295
0.25748273730278015
0.2566162347793579
0.25228333473205566
0.2450035661458969
0.2449142336845398
0.2390187680721283
0.2379770129919052
0.2316640168428421
0.23032787442207336
0.22592394053936005
0.22290386259555817
0.21684657037258148
0.21576422452926636
0.20802834630012512
0.20639288425445557
0.1990024298429489
0.19737984240055084
0.19059871137142181
0.187163308262825
0.18066076934337616
0.17964939773082733
0.17408843338489532
0.1727045327425003
0.1683393269777298
0.167738139629364
0.16511698067188263
0.16385377943515778
0.16224639117717743
0.16112372279167175
0.15960483253002167
0.1595017910003662
0.1581668108701706
0.15818992257118225
0.15718786418437958
0.15678302943706512
0.15621891617774963
0.1568109393119812
0.15483947098255157
0.1541224718093872
0.15720224380493164
0.15501824021339417
0.15316472947597504
0.15294109284877777
0.15293492376804352
0.15295208990573883
0.1518980711698532
0.15108808875083923
0.14996428787708282
0.14961585402488708
0.14947013556957245
0.1498894989490509
0.14945659041404724
0.1490432173013687
0.14821283519268036
0.1483689695596695
0.14710721373558044
0.14752493798732758
0.14658010005950928
0.14753365516662598
0.14641061425209045
0.14658647775650024
0.14603909850120544
0.14591386914253235
0.14568427205085754
0.14563846588134766
0.14524978399276733
0.14523755013942719
0.14453339576721191
0.14417685568332672
0.14489522576332092
0.14375710487365723
0.1445511132478714
0.14403009414672852
0.14267736673355103
0.14517195522785187
0.14425843954086304
no squeeze
3.3470311164855957
0.5982182621955872
0.5018373131752014
0.3342778980731964
0.3133554458618164
0.2614627182483673
0.2519872784614563
0.22627045214176178
0.22120007872581482
0.207894429564476
0.20262809097766876
0.19231736660003662
0.1900254637002945
0.182578906416893
0.18179596960544586
0.17632746696472168
0.17568367719650269
0.17150236666202545
0.17096494138240814
0.1681094616651535
0.16730202734470367
0.1654181331396103
0.1647586226463318
0.16375647485256195
0.16260193288326263
0.1621008962392807
0.16100896894931793
0.15928085148334503
0.15898706018924713
0.15760381519794464
0.15763364732265472
0.15633192658424377
0.15709568560123444
0.15602794289588928
0.15499143302440643
0.15598925948143005
0.16000814735889435
0.15381816029548645
0.15363068878650665
0.15385675430297852
0.1530628204345703
0.15222185850143433
0.15225495398044586
0.15220841765403748
0.15234898030757904
0.1520468294620514
0.15231724083423615
0.15141387283802032
0.1506669819355011
0.15133078396320343
0.15113314986228943
0.15137417614459991
no squeeze
4.00731086730957
0.4477495551109314
0.4141438603401184
0.37469691038131714
0.37295979261398315
0.37257686257362366
0.3758428394794464
0.3707774579524994
0.37179234623908997
0.37090441584587097
