no squeeze
9.899885177612305
3.083340644836426
1.3134047985076904
0.6563979387283325
0.49881452322006226
0.2666296660900116
0.23038509488105774
0.20548155903816223
0.15598829090595245
0.13735134899616241
0.09968418627977371
0.1677277386188507
0.12378810346126556
0.08348135650157928
0.13174135982990265
0.12417112290859222
0.09987059235572815
0.060593537986278534
0.0640421062707901
0.14082354307174683
0.11725717782974243
0.07844296842813492
0.0764419287443161
0.06564885377883911
0.0990867093205452
0.07481514662504196
0.06194566190242767
0.06696752458810806
no squeeze
7.766803741455078
2.2309961318969727
1.2774113416671753
1.021240234375
0.6265265345573425
0.5598304867744446
0.43199267983436584
0.3827724754810333
0.4506615400314331
0.4110793471336365
0.3764488697052002
0.33789005875587463
0.40790385007858276
0.46017366647720337
0.29386892914772034
0.2728801369667053
0.32773175835609436
0.2126726657152176
0.290311723947525
0.251177579164505
0.24884773790836334
0.2527676820755005
0.3674481213092804
0.2916676998138428
0.28805068135261536
0.24794766306877136
0.24601656198501587
0.21110597252845764
0.24305018782615662
0.22191815078258514
0.24278883635997772
0.22695843875408173
0.21300682425498962
0.26146936416625977
0.28220033645629883
0.2372848242521286
0.22420033812522888
0.29641059041023254
no squeeze
12.196845054626465
4.416631698608398
2.849091053009033
2.3532285690307617
1.7761454582214355
1.171294927597046
1.1079570055007935
0.9235986471176147
0.7343726754188538
0.5957030057907104
0.9109522104263306
1.088072419166565
1.003118872642517
0.5594192743301392
0.8780009150505066
0.8457087874412537
0.5518460273742676
0.36047545075416565
0.45863407850265503
0.35139986872673035
0.31867897510528564
0.40918049216270447
0.3148415684700012
0.4907166063785553
0.3387368321418762
0.3625926673412323
0.27574583888053894
0.2223188728094101
0.39804524183273315
0.21014268696308136
0.25283151865005493
1.1454699039459229
0.46352341771125793
0.5692406892776489
0.30749034881591797
0.34891799092292786
0.1699327677488327
0.11961626261472702
0.1861618608236313
0.14823493361473083
0.3267742097377777
0.20026031136512756
0.12141584604978561
0.14029216766357422
0.22179049253463745
0.07204295694828033
0.08216337859630585
0.09279610216617584
0.08642211556434631
0.12107349932193756
0.11393114924430847
0.047377776354551315
0.12253772467374802
0.08237060904502869
0.0877092257142067
0.10850134491920471
0.062449194490909576
0.05123315379023552
0.08415855467319489
0.17724721133708954
0.08883877843618393
0.04031477868556976
0.03760708123445511
0.05525234714150429
0.1264835149049759
0.26816821098327637
0.2921997904777527
0.32315781712532043
0.06749662756919861
0.03321506083011627
0.057621292769908905
0.05031728371977806
0.08529189974069595
0.02505357936024666
0.0753617212176323
0.09480474144220352
0.054608095437288284
0.06451520323753357
0.021907448768615723
0.06744382530450821
0.036446698009967804
0.0333729013800621
0.08206845819950104
0.06731860339641571
0.07677680253982544
0.07741466909646988
0.21164722740650177
0.18854914605617523
0.19875593483448029
no squeeze
11.192122459411621
4.991123676300049
4.0221147537231445
3.3100380897521973
2.7329163551330566
2.256286144256592
1.984276533126831
1.7083662748336792
1.5547994375228882
1.4089622497558594
1.318075180053711
1.2849504947662354
1.1115446090698242
1.019173502922058
1.0392564535140991
0.9436230063438416
0.8685243129730225
0.8816878795623779
0.9125969409942627
0.8713618516921997
0.7513280510902405
0.7695058584213257
0.7100133299827576
0.7515747547149658
0.7247990369796753
0.6513863801956177
0.6071916222572327
0.6624842286109924
0.603927731513977
0.569061279296875
0.5705462694168091
0.5201810598373413
0.5988649129867554
0.5084579586982727
0.5189337134361267
0.5054630637168884
0.5098129510879517
0.499504029750824
0.5043342113494873
0.445334792137146
0.469481885433197
0.4409973919391632
0.3975433111190796
0.46955662965774536
0.4127545654773712
0.41736721992492676
0.37512844800949097
0.39041227102279663
0.4014856517314911
0.3812202215194702
0.3606375455856323
0.39420783519744873
0.393466979265213
0.36080366373062134
0.348493754863739
0.3761427402496338
0.4538209140300751
0.3508964776992798
0.3392013907432556
0.3402891755104065
0.309474378824234
0.3338593542575836
0.34697046875953674
0.3104678690433502
0.3356398046016693
0.3219617009162903
0.29996827244758606
0.3453679382801056
0.3132472038269043
0.27857375144958496
0.3166787922382355
0.30639857053756714
0.3202463984489441
0.265125572681427
0.3023087680339813
0.30953648686408997
0.3043808341026306
0.2732803225517273
0.264037162065506
0.2803214490413666
0.2531822621822357
0.23381882905960083
0.26304909586906433
0.23535504937171936
0.26270532608032227
0.2984634339809418
0.2687331438064575
0.2398006170988083
0.22878220677375793
0.24342970550060272
0.23068423569202423
0.23734118044376373
0.25629550218582153
0.24578090012073517
0.22632154822349548
0.21830275654792786
0.2558650076389313
0.22953160107135773
0.20535452663898468
0.2024831920862198
0.1977384239435196
0.2026050090789795
0.1856275051832199
0.1937028020620346
0.19394972920417786
0.18592816591262817
0.18053697049617767
0.17596884071826935
0.19810500741004944
0.19054071605205536
0.1973365694284439
0.22152920067310333
0.18483561277389526
0.19837206602096558
0.16952374577522278
0.1812228113412857
0.1577155739068985
0.19015641510486603
0.17984431982040405
0.14347778260707855
0.16935095191001892
0.18811896443367004
0.14966052770614624
0.1528937965631485
0.15216012299060822
0.18290354311466217
0.19504576921463013
0.16405688226222992
0.19900226593017578
0.1736348569393158
no squeeze
9.968305587768555
3.7703654766082764
2.4930427074432373
1.836690902709961
1.5659114122390747
1.2055115699768066
1.118876338005066
0.9338254332542419
0.8278346657752991
0.754766583442688
0.6895199418067932
0.6549538969993591
0.6476743817329407
0.6134458184242249
0.6125200390815735
0.5606533288955688
0.5702236294746399
0.49072301387786865
0.5531288981437683
0.5287445783615112
0.4533150792121887
0.42698293924331665
0.44207388162612915
0.3959537148475647
0.4423970878124237
0.4518679678440094
0.4091891944408417
0.3810953199863434
0.3537946343421936
0.33101245760917664
0.37782755494117737
0.35482123494148254
0.35680997371673584
0.379557341337204
0.32657718658447266
0.35932159423828125
0.3663359582424164
0.2954585552215576
0.35609379410743713
0.3087317645549774
0.3249604105949402
0.30016911029815674
0.25154468417167664
0.3268345892429352
0.32307273149490356
0.32146063446998596
0.2780054807662964
0.24535806477069855
0.2741277515888214
0.2628757357597351
0.2633569538593292
0.2898668348789215
0.2543729245662689
0.2497500628232956
0.26322612166404724
0.2912118434906006
0.2718709111213684
0.2594032883644104
no squeeze
5.638501167297363
1.5426959991455078
1.1627297401428223
0.7413600087165833
0.7898569703102112
0.5279400944709778
0.7175171375274658
0.6019559502601624
0.7226089835166931
0.6938155293464661
0.7145598530769348
0.5759425163269043
0.6796698570251465
0.6019733548164368
0.5538671016693115
0.6408297419548035
