no squeeze
4.719158172607422
1.4159883260726929
0.8511139750480652
0.6247197985649109
0.5193172097206116
0.4008268117904663
0.4024065434932709
0.31016796827316284
0.35028284788131714
0.4304773509502411
0.33531951904296875
0.3531666696071625
0.34401053190231323
0.38334134221076965
0.3657252788543701
0.27796393632888794
0.28351470828056335
0.3157956600189209
0.30591511726379395
0.4112088978290558
0.47340384125709534
0.26103150844573975
0.3036605715751648
0.25907179713249207
0.34526526927948
0.2713654935359955
0.30209094285964966
0.22540807723999023
0.19120493531227112
0.22147402167320251
0.2987474501132965
0.23663409054279327
0.28997641801834106
0.2575603723526001
0.23811325430870056
0.27825018763542175
0.2508068084716797
0.2435612827539444
0.2319689393043518
no squeeze
3.8915188312530518
1.2187498807907104
0.6436688899993896
0.48745107650756836
0.44693905115127563
0.3177797794342041
0.3161779046058655
0.31306082010269165
0.313175767660141
0.2856684625148773
0.31494492292404175
0.3588363230228424
0.23145811259746552
0.251099169254303
0.3287108242511749
0.24623537063598633
0.21818678081035614
0.22443225979804993
0.24535414576530457
0.25962135195732117
0.2843751013278961
0.2820827066898346
0.2278769314289093
0.22629296779632568
0.1850559115409851
0.20358236134052277
0.1728399395942688
0.16746735572814941
0.1926015317440033
0.23891092836856842
0.23426565527915955
0.2424212098121643
0.2742650806903839
0.24918024241924286
0.20653074979782104
0.18871669471263885
0.182697132229805
0.19585847854614258
no squeeze
7.198385715484619
2.313599109649658
1.5500322580337524
1.1219573020935059
1.067402958869934
0.9646830558776855
0.8479521870613098
0.7553048729896545
0.81446373462677
0.7640548348426819
0.6753655672073364
0.5875638723373413
0.7032073140144348
0.9400052428245544
0.8362830877304077
0.9108766913414001
0.645481526851654
0.5466553568840027
0.7523339986801147
0.7664118409156799
0.7174199223518372
0.7368998527526855
0.4859531819820404
0.5785492062568665
0.4702180027961731
0.5824735760688782
0.48761269450187683
0.8681100606918335
0.6084163784980774
0.46040046215057373
0.37635332345962524
0.4627966582775116
0.41501370072364807
0.3477082848548889
0.45307832956314087
0.6006077527999878
0.4695671498775482
0.3806116282939911
0.44758620858192444
0.41025638580322266
0.5256632566452026
0.4915888011455536
0.37823113799095154
0.3215206563472748
0.28049665689468384
0.29009437561035156
0.5290364027023315
0.6303452849388123
0.5541762709617615
0.3948725759983063
0.5762589573860168
0.43551260232925415
0.3339506983757019
0.32940495014190674
0.6669889688491821
no squeeze
6.891376495361328
2.041463851928711
1.4257367849349976
1.1292561292648315
1.0159339904785156
0.7841554880142212
0.7371170520782471
0.6126894950866699
0.5789468884468079
0.5696662068367004
0.4876057505607605
0.4807574152946472
0.38236749172210693
0.44377800822257996
0.4072610139846802
0.38774099946022034
0.3327381908893585
0.33043771982192993
0.3320606052875519
0.3716569244861603
0.3691985011100769
0.28023865818977356
0.328178733587265
0.28671613335609436
0.264157772064209
0.26297515630722046
0.238901287317276
0.29100289940834045
0.25602641701698303
0.2527613043785095
0.2954223155975342
0.2611658275127411
0.23683300614356995
0.2538403570652008
0.2734164595603943
0.23706619441509247
0.2663147747516632
0.25924909114837646
0.23820218443870544
0.25137782096862793
0.22502978146076202
0.25947636365890503
0.22778020799160004
0.2048732489347458
0.23646755516529083
0.23986460268497467
0.20069313049316406
0.22560471296310425
0.2407333254814148
0.22755219042301178
0.23999980092048645
0.22201620042324066
0.20580793917179108
0.22636525332927704
0.21425896883010864
0.22518038749694824
0.21431073546409607
no squeeze
6.003142356872559
1.7618334293365479
1.1734583377838135
0.9079429507255554
0.6957817673683167
0.6282276511192322
0.5720117092132568
0.550557017326355
0.45633676648139954
0.4448044002056122
0.45300331711769104
0.41202014684677124
0.30424824357032776
0.3512314260005951
0.31340911984443665
0.33511167764663696
0.2653907835483551
0.29600298404693604
0.3016071915626526
0.28866955637931824
0.2658398747444153
0.25955840945243835
0.31440332531929016
0.25085729360580444
0.24491867423057556
0.2701796591281891
0.2886257767677307
0.24091888964176178
0.2296585738658905
0.25618356466293335
0.23461207747459412
0.23745888471603394
0.19903288781642914
0.19620127975940704
0.23943021893501282
0.19104909896850586
0.210472971200943
0.23206067085266113
0.20608676970005035
0.2098725289106369
0.17839352786540985
0.22507238388061523
0.2931828796863556
0.23329760134220123
0.22142398357391357
0.22793987393379211
0.16618545353412628
0.16751952469348907
0.20356550812721252
0.20153161883354187
0.16747446358203888
0.20515254139900208
0.21407808363437653
0.2054034322500229
0.2018715888261795
0.15349116921424866
0.17828141152858734
0.18487896025180817
0.1872033327817917
0.1657302975654602
0.16743360459804535
0.16760335862636566
0.16582034528255463
0.1837906390428543
0.1598549485206604
0.16943465173244476
no squeeze
3.4903972148895264
0.7771866321563721
0.6504666209220886
0.4365774393081665
0.42175164818763733
0.5105888843536377
0.4423001706600189
0.4408584237098694
0.2579725384712219
0.30458471179008484
0.3420512080192566
0.24964280426502228
0.8410816788673401
0.2678813338279724
0.23166398704051971
0.36699023842811584
0.5293565988540649
0.3511849045753479
0.4977306127548218
0.2876264154911041
0.40563884377479553
0.2825813293457031
0.4249022305011749
0.3971004784107208
0.30261528491973877
