no squeeze
4.969385623931885
0.2996959686279297
0.18021468818187714
0.03231764957308769
0.023432545363903046
0.009573495015501976
0.008188682608306408
0.005259671248495579
0.004862119443714619
0.0038123219273984432
0.00363182439468801
0.003157570958137512
0.003086421638727188
0.0028391247615218163
0.0027997030410915613
0.002679466735571623
0.002663946710526943
0.0025977441109716892
0.0025899424217641354
0.002553903963416815
0.0025474014692008495
0.002520052483305335
0.002509486395865679
0.0024815998040139675
0.0024706453550606966
0.002448493614792824
0.00244535761885345
0.0024300971999764442
0.002424786798655987
0.0024006457533687353
0.002404921455308795
0.0023841653019189835
0.0023807899560779333
0.002362058497965336
0.002363499952480197
0.002344053005799651
0.002348977141082287
0.0023364447988569736
0.0023323269560933113
0.0023253336548805237
0.002321969484910369
0.0023181482683867216
0.002317042788490653
0.002310400130227208
0.0023018179927021265
0.0022942721843719482
0.0023041870445013046
0.0022914528381079435
0.0022980610374361277
0.0022973832674324512
no squeeze
5.816179275512695
0.6601941585540771
0.5659160614013672
0.45805779099464417
0.44985467195510864
0.43870994448661804
0.43841663002967834
0.43286654353141785
0.43468981981277466
0.43194347620010376
0.4329901933670044
0.43210655450820923
no squeeze
6.047621250152588
0.5451434254646301
0.37857362627983093
0.14827100932598114
0.1250838190317154
0.07214159518480301
0.06362223625183105
0.04109996184706688
0.03738779574632645
0.02659941278398037
0.024576127529144287
0.018558889627456665
0.017393361777067184
0.013897830620408058
0.013164391741156578
0.010972043499350548
0.0105733722448349
0.009243588894605637
0.008874660357832909
0.00786684826016426
0.007701292634010315
0.00704938406124711
0.006894933525472879
0.006398533005267382
0.006307154428213835
0.005845338571816683
0.005762185901403427
0.0054419334046542645
0.005372276529669762
0.005138658918440342
0.0051120673306286335
0.004769860301166773
0.0047179837711155415
0.004501065239310265
0.004472453612834215
0.004310379270464182
0.00422239862382412
0.004033990669995546
0.004012453835457563
0.0038645972963422537
0.003824734129011631
0.0036713271401822567
0.0036303955130279064
0.0035185744054615498
0.0035186808090656996
0.003430293407291174
0.003372875042259693
0.0032535335049033165
0.003265814622864127
0.0031653083860874176
0.0031255159992724657
0.0030713777523487806
0.0030570339877158403
0.0029471239540725946
0.0029650917276740074
0.002909210277721286
0.0028729108162224293
0.0028148177079856396
0.0027976115234196186
0.0027685286477208138
0.002789596561342478
0.0026968694292008877
0.0027155554853379726
0.0026531603652983904
0.002659616759046912
0.002619551494717598
0.0025943713262677193
0.0026467996649444103
0.0025974009186029434
0.0025515779852867126
0.002566412091255188
0.0025278839748352766
0.002517650369554758
0.002507697558030486
0.002485662931576371
0.0024784179404377937
0.0024747722782194614
0.0024657566100358963
0.002467619488015771
0.002447537612169981
0.0024250131100416183
0.0024474579840898514
0.00245182984508574
0.002426399849355221
no squeeze
5.930685520172119
2.376408100128174
2.084820508956909
1.43507981300354
1.3335673809051514
1.0677766799926758
1.0213290452957153
0.8842051029205322
0.855637788772583
0.7702708840370178
0.7525463104248047
0.6958157420158386
0.6833696365356445
0.6429949998855591
0.6352139115333557
0.6063240170478821
0.6003873944282532
0.579906702041626
0.5744729042053223
0.5578117370605469
0.5540470480918884
0.5405871868133545
0.5372958183288574
0.525901198387146
0.5242345333099365
0.5142382383346558
0.5121304392814636
0.5032586455345154
0.5012080669403076
0.49405911564826965
0.49237996339797974
0.4838295578956604
0.4814850389957428
0.4747391641139984
0.47310346364974976
0.4651314914226532
0.46321770548820496
0.4566825330257416
0.45501163601875305
0.4473716914653778
0.4458349645137787
0.4387616217136383
0.4373362064361572
0.43027135729789734
0.428667277097702
0.42362910509109497
0.42185646295547485
0.4145682156085968
0.4135807752609253
0.4071776270866394
0.4053709805011749
0.3998233377933502
0.39919596910476685
0.3927973210811615
0.39189857244491577
0.3868994414806366
0.3861619532108307
0.382457971572876
0.3817357122898102
0.37693989276885986
0.37721574306488037
0.3734423816204071
0.37248530983924866
0.36941197514533997
0.36897361278533936
0.3652763068675995
0.3651943802833557
0.36295953392982483
0.3630971908569336
0.3604167699813843
0.36008813977241516
0.3579540252685547
0.35697436332702637
0.35559695959091187
0.3547538220882416
0.35338494181632996
0.3525749146938324
0.3519887924194336
0.3508433401584625
0.3492966294288635
0.3492948114871979
0.3472540080547333
0.3468944728374481
0.3455196022987366
0.3452729880809784
0.34368371963500977
0.34395068883895874
0.3422005772590637
0.3423769176006317
0.3414125144481659
0.34089407324790955
0.33965760469436646
0.33992981910705566
0.33790579438209534
0.338360458612442
0.33572670817375183
0.33584997057914734
0.33492130041122437
0.3347380757331848
0.33407315611839294
0.33401939272880554
0.33236071467399597
0.33148083090782166
0.3312093913555145
0.3317371904850006
0.32982781529426575
0.3285299837589264
0.3276326358318329
0.3279830813407898
0.32677242159843445
0.3279235363006592
0.32560810446739197
0.32606178522109985
0.3245903253555298
0.324810653924942
0.32310810685157776
0.32366394996643066
0.3227963149547577
0.32183411717414856
0.320593923330307
0.31996291875839233
0.3208162486553192
0.3197430670261383
0.31905239820480347
0.31897398829460144
0.31843483448028564
0.31913530826568604
0.3184635043144226
no squeeze
5.236053466796875
1.1685185432434082
0.9920832514762878
0.6957902908325195
0.6573526263237
0.5633724927902222
0.5474078059196472
0.5030238628387451
0.4939216077327728
0.46737587451934814
0.4624395966529846
0.4452667832374573
0.44152382016181946
0.42895132303237915
0.42589089274406433
0.4166663885116577
0.41379499435424805
0.40670713782310486
0.4049288332462311
0.39979997277259827
0.39829519391059875
0.3936493694782257
0.3926544189453125
0.39041757583618164
0.388775497674942
0.38577499985694885
0.38484933972358704
0.38174575567245483
0.3816525340080261
0.3791256844997406
0.3789043724536896
0.3766385316848755
0.37666022777557373
0.3746800124645233
0.3737819492816925
0.3731456398963928
0.37257370352745056
0.3716636896133423
0.37117719650268555
0.370485782623291
0.36948633193969727
0.36842551827430725
0.3680073022842407
0.36739516258239746
0.3666192591190338
0.365881085395813
0.3661375343799591
0.36544719338417053
0.36453917622566223
0.3636534512042999
0.36335378885269165
0.3634439706802368
0.36366480588912964
0.3625267446041107
0.3627317249774933
0.3620070517063141
0.36150485277175903
0.361229807138443
0.3609890937805176
0.3605877757072449
0.36047959327697754
0.3605363667011261
0.3605477809906006
0.3607458472251892
no squeeze
6.099182605743408
0.8223394751548767
0.764960527420044
0.7355207204818726
0.733731210231781
0.7322891354560852
0.7364212870597839
0.7323933243751526
