no squeeze
2.3114511966705322
0.09916822612285614
0.06319564580917358
0.021822582930326462
0.018811875954270363
0.0133285503834486
0.01273409929126501
0.011522670276463032
0.01137414388358593
0.010917847976088524
0.01083418820053339
0.0106612928211689
0.010624346323311329
0.010580326430499554
0.010556763038039207
0.010467812418937683
0.010456112213432789
0.010466798208653927
0.010453795082867146
0.010435211472213268
0.010409535840153694
0.010426905006170273
0.010550085455179214
0.010411365889012814
no squeeze
2.3188247680664062
0.1935107707977295
0.1651163399219513
0.1322948932647705
0.12995707988739014
0.12557731568813324
0.12507112324237823
0.12236842513084412
0.1222614198923111
0.12146246433258057
0.12099180370569229
0.1211652010679245
0.12085437774658203
0.12038001418113708
0.12041196972131729
0.12025772780179977
0.11998887360095978
0.12018648535013199
0.1222904771566391
0.12026665359735489
no squeeze
2.135586738586426
0.164181649684906
0.11335697770118713
0.0445692241191864
0.03792315348982811
0.023220296949148178
0.020926883444190025
0.015121224336326122
0.01418033055961132
0.01165465172380209
0.011164812371134758
0.009658188559114933
0.009326847270131111
0.00847103726118803
0.008282077498733997
0.007668590173125267
0.007572414819151163
0.007223876193165779
0.007123934105038643
0.006839664652943611
0.006767276208847761
0.006594711448997259
0.006546005606651306
0.006409937981516123
0.00638082530349493
0.006251896731555462
0.006231122184544802
0.006138076540082693
0.0061068362556397915
0.006040163338184357
0.006017326842993498
0.005968664772808552
0.005938412621617317
0.005863506346940994
0.005875873379409313
0.005811451934278011
0.00582896638661623
0.005795793607831001
0.005756393074989319
0.005775431636720896
0.005730738863348961
0.005702534690499306
0.0056510441936552525
0.005642982665449381
0.005654148757457733
0.005621798802167177
0.005597076844424009
0.005561820697039366
0.005579197313636541
0.005556628108024597
0.005553663242608309
0.0055467309430241585
0.005519018974155188
0.005502419546246529
0.005522142164409161
0.005466119851917028
0.0054885465651750565
0.005477352533489466
no squeeze
2.309856414794922
0.6293448209762573
0.5403719544410706
0.38882914185523987
0.3683721721172333
0.3131345808506012
0.3032373785972595
0.271987646818161
0.2656962275505066
0.2452186942100525
0.24037517607212067
0.22585128247737885
0.2228982150554657
0.21240301430225372
0.20949415862560272
0.20162057876586914
0.20015595853328705
0.1934884935617447
0.19222982227802277
0.1868460774421692
0.1857587695121765
0.18212977051734924
0.1811954528093338
0.1773982048034668
0.17665888369083405
0.17362792789936066
0.173073872923851
0.17071540653705597
0.1702408641576767
0.1680944710969925
0.16752725839614868
0.16569668054580688
0.1650371104478836
0.16356131434440613
0.16231867671012878
0.16068485379219055
0.16087058186531067
0.15769067406654358
0.15738798677921295
0.15502893924713135
0.1545344442129135
0.1526164561510086
0.15246637165546417
0.15015524625778198
0.15000654757022858
0.1474173218011856
0.1464206576347351
0.14429324865341187
0.143895223736763
0.1414552628993988
0.14068791270256042
0.13819411396980286
0.13747501373291016
0.13482767343521118
0.13474012911319733
0.13187558948993683
0.13112583756446838
0.12909379601478577
0.12864629924297333
0.12644457817077637
0.12601466476917267
0.12478610128164291
0.12423939257860184
0.12347995489835739
0.12322302907705307
0.12229354679584503
0.1216486245393753
0.12142010778188705
0.12186844646930695
0.12016879767179489
0.1201278418302536
0.11995440721511841
0.11949963867664337
0.1192854717373848
0.11874216049909592
0.11853549629449844
0.11841485649347305
0.11789137125015259
0.11772866547107697
0.11757303029298782
0.11722027510404587
0.11733799427747726
0.11691788583993912
0.11630064249038696
0.11636878550052643
0.11686968058347702
no squeeze
2.300065517425537
0.33875560760498047
0.28607177734375
0.20563845336437225
0.19661585986614227
0.17424988746643066
0.17002753913402557
0.15855346620082855
0.15607932209968567
0.14888033270835876
0.14775881171226501
0.1426510065793991
0.141465961933136
0.13755418360233307
0.1370524764060974
0.1343987137079239
0.13358911871910095
0.13155534863471985
0.13152927160263062
0.12970250844955444
0.12927761673927307
0.12836647033691406
0.1282239407300949
0.12696540355682373
0.12661868333816528
0.125854030251503
0.1259702444076538
0.12559695541858673
0.1252477467060089
0.12470290064811707
0.12438628822565079
0.1243797019124031
0.12428151071071625
0.12345194071531296
0.12337370216846466
0.12302713096141815
0.12391230463981628
0.12290103733539581
0.12282519042491913
0.12231379747390747
0.12258311361074448
0.12234160304069519
no squeeze
2.7988333702087402
0.2712753713130951
0.24995028972625732
0.23396921157836914
0.2345210462808609
0.2338736653327942
0.23341572284698486
0.23299603164196014
0.2334076464176178
0.23274964094161987
0.2328544706106186
0.23310059309005737
