no squeeze
20.948711395263672
5.089080333709717
4.039333820343018
3.1640238761901855
2.392725706100464
2.0024173259735107
1.7595280408859253
1.274544596672058
1.5304011106491089
1.1514203548431396
0.9655424952507019
0.6547185778617859
0.5456117987632751
0.5271499156951904
0.38849687576293945
0.369852215051651
0.4041648805141449
0.22440868616104126
0.24862921237945557
0.27932676672935486
0.1546637862920761
0.13547581434249878
0.17477324604988098
0.15012793242931366
0.09933117032051086
0.12651212513446808
0.09261488914489746
0.04223588854074478
0.06616376340389252
0.15196208655834198
0.047916386276483536
0.047013603150844574
0.05382667854428291
0.07658404111862183
0.052035871893167496
0.035433609038591385
0.05112597346305847
0.02846367657184601
0.09067816287279129
0.021829210221767426
0.05090871453285217
0.025467364117503166
0.024634411558508873
0.04522328078746796
0.01705927588045597
0.021005762740969658
0.030460957437753677
0.15767966210842133
0.027920540422201157
0.050112318247556686
0.012032163329422474
0.03163935989141464
0.0325859971344471
0.03362581506371498
0.04522542655467987
0.030024172738194466
0.010845314711332321
0.006377223879098892
0.02570371702313423
0.029680119827389717
0.0829814076423645
0.008563998155295849
0.009852484799921513
0.009788762778043747
0.0038756332360208035
0.005246427841484547
0.07111465930938721
0.22575142979621887
0.19777865707874298
0.14200042188167572
0.01609669253230095
0.10315674543380737
0.05022556707262993
0.04565183445811272
0.08436215668916702
no squeeze
17.62679100036621
4.140761852264404
3.5202338695526123
3.030247926712036
2.681565999984741
2.8109543323516846
2.410654067993164
1.988600254058838
1.936023473739624
2.0733704566955566
1.7087674140930176
1.6486464738845825
1.4261219501495361
1.1706088781356812
1.4409180879592896
1.1090011596679688
1.0395481586456299
1.1045689582824707
0.8860636949539185
1.198148250579834
0.9074916243553162
0.9581409692764282
1.1361550092697144
0.8733395934104919
0.8630473017692566
0.7782735228538513
0.9581423401832581
0.946174144744873
0.6828553676605225
0.6698068976402283
0.7528038620948792
0.6301364898681641
0.8627502918243408
0.7535118460655212
0.5571304559707642
0.7604952454566956
0.8433737754821777
0.7978090643882751
0.8486272692680359
0.8053138256072998
0.6427817940711975
0.6101211905479431
0.7796605825424194
0.5421069860458374
0.6689295768737793
0.6642192602157593
0.6214538812637329
0.7449818849563599
0.48890700936317444
0.6292790174484253
0.6050935983657837
0.4763606786727905
0.5404296517372131
0.7695945501327515
0.5722495317459106
0.5864970088005066
0.748725175857544
0.5654407739639282
0.5303278565406799
0.45740261673927307
0.5461268424987793
0.48979076743125916
0.4243350923061371
0.6812926530838013
0.455250084400177
0.4323838949203491
0.528008759021759
0.4967828094959259
0.593443751335144
0.5039566159248352
0.4237390458583832
0.5226659178733826
0.4738598167896271
0.5126678347587585
0.5138513445854187
0.49953773617744446
0.502241313457489
0.5027694702148438
0.5020845532417297
0.46938154101371765
0.3798750638961792
0.3225404918193817
0.3611049950122833
0.40052321553230286
0.6841869950294495
0.5884578227996826
0.46190783381462097
0.3486008048057556
0.40668848156929016
0.41640084981918335
0.4820309281349182
0.461247980594635
no squeeze
29.068378448486328
8.361587524414062
5.87577486038208
5.2350263595581055
4.553022384643555
4.384344577789307
3.6762547492980957
3.90035343170166
3.9946959018707275
3.7154691219329834
4.861390113830566
4.133992671966553
2.8812925815582275
3.0425097942352295
2.479802370071411
2.5414059162139893
2.126504898071289
2.0272276401519775
1.9773415327072144
1.5387561321258545
1.9857548475265503
1.9083712100982666
2.0703892707824707
2.1979801654815674
3.0485188961029053
1.799760341644287
2.043703079223633
1.570085883140564
1.1586923599243164
1.2724345922470093
1.545230507850647
1.0632504224777222
1.0363678932189941
1.3526817560195923
0.9072433114051819
0.8657827973365784
1.0886881351470947
1.3208345174789429
1.3499279022216797
1.0422292947769165
1.269871473312378
0.947618842124939
0.6442986726760864
0.7693642973899841
0.790948212146759
0.6063851714134216
1.004000186920166
0.8647054433822632
0.9275773167610168
1.596102237701416
0.9108608365058899
1.2023730278015137
0.6970910429954529
0.5516872406005859
0.6525737047195435
0.45852646231651306
0.6483928561210632
0.5053884387016296
0.5231996774673462
0.7247926592826843
0.8389110565185547
0.6516788005828857
0.5377709269523621
0.8469340205192566
0.5299144387245178
0.3735763132572174
0.26572147011756897
0.37683841586112976
0.3171677589416504
0.6342554688453674
0.3669620752334595
0.3679642677307129
0.33582937717437744
0.450986385345459
0.20319288969039917
0.33108270168304443
0.21198460459709167
0.2009393870830536
0.30984148383140564
0.17539358139038086
0.5724485516548157
0.747288167476654
0.8708117604255676
0.4305846095085144
0.38253891468048096
0.27227404713630676
0.19800430536270142
0.11454905569553375
0.16208834946155548
0.16400018334388733
0.4638325572013855
0.2713249623775482
0.45999932289123535
0.6733300089836121
0.23439227044582367
0.22851218283176422
0.17995035648345947
0.08269523084163666
0.03648732230067253
0.15102025866508484
0.29346907138824463
0.13353578746318817
0.2806469202041626
0.10861494392156601
0.5008693337440491
0.3868705630302429
0.4251791834831238
0.2529391348361969
0.13485053181648254
no squeeze
26.365131378173828
5.266350746154785
4.560829162597656
4.164303302764893
4.469193458557129
4.117326736450195
3.5837295055389404
3.6987874507904053
3.5747835636138916
3.2853927612304688
3.1991875171661377
3.0784482955932617
3.041656732559204
3.0081288814544678
2.8506486415863037
2.7922255992889404
2.598679780960083
2.5941340923309326
2.5036580562591553
2.282320499420166
2.0543880462646484
2.140838861465454
2.196892261505127
2.042628765106201
1.9788459539413452
1.9847196340560913
1.727133870124817
1.8447808027267456
1.6583908796310425
1.6408665180206299
1.7033559083938599
1.5500000715255737
1.4884309768676758
1.3878960609436035
1.3639572858810425
1.2947022914886475
1.3966495990753174
1.2483916282653809
1.2450611591339111
1.194603681564331
1.0653138160705566
1.0101503133773804
1.1117396354675293
0.9458366632461548
1.0607080459594727
0.9557457566261292
0.8875489830970764
0.8815417885780334
0.9228138327598572
0.8968378901481628
0.8954859972000122
0.8509303331375122
0.8152554035186768
0.8019330501556396
0.7182018160820007
0.8511430621147156
0.6967387795448303
0.772315263748169
0.7209900617599487
0.6529375314712524
0.7061654925346375
0.7591328620910645
0.6723278164863586
0.6190386414527893
0.6946067810058594
0.6725860834121704
0.616887629032135
0.5809054374694824
0.6236069798469543
0.6371423006057739
0.5613842010498047
0.5105627775192261
0.4717814326286316
0.5412681102752686
0.5241609811782837
0.4846248924732208
0.4410656988620758
0.45178064703941345
0.5113843083381653
0.49487224221229553
0.4628598988056183
0.4476999044418335
0.49539902806282043
0.3914613723754883
0.4307904839515686
0.47493720054626465
0.437533438205719
0.43074744939804077
0.35014188289642334
0.37147197127342224
0.3794194757938385
0.41873401403427124
0.340257853269577
0.4018532931804657
0.37584203481674194
0.34048330783843994
0.37193793058395386
0.3524491786956787
0.34135448932647705
0.34374988079071045
0.3367622494697571
0.3348948061466217
0.28364846110343933
0.3305537700653076
0.2892734110355377
0.3114238679409027
0.27419936656951904
0.35801374912261963
0.318448007106781
0.2694926857948303
0.2837643325328827
0.28617045283317566
0.2721758186817169
0.2920362055301666
0.24359837174415588
0.23554611206054688
0.32715508341789246
0.29601168632507324
0.2472182959318161
0.2663740813732147
0.274456262588501
0.2592714726924896
0.2186811864376068
0.2570054233074188
0.21126669645309448
0.24996092915534973
0.24777108430862427
0.25591328740119934
0.22741033136844635
0.24518431723117828
0.22875042259693146
0.25205543637275696
0.2505198121070862
0.23599684238433838
0.2189425230026245
no squeeze
23.353836059570312
5.1582489013671875
4.07737398147583
4.129631042480469
3.7256247997283936
3.4662749767303467
3.159144639968872
2.925736427307129
2.692556142807007
2.4239730834960938
2.624478578567505
2.340446710586548
2.2245991230010986
2.1514992713928223
2.0584959983825684
1.8293591737747192
1.6751885414123535
1.6394331455230713
1.5339986085891724
1.5798304080963135
1.4692574739456177
1.3817603588104248
1.3032512664794922
1.344347596168518
1.2250094413757324
1.2781429290771484
1.1242626905441284
1.204622745513916
1.1702626943588257
1.2431584596633911
0.9957634806632996
0.9421082735061646
0.9897299408912659
1.0652469396591187
0.9023235440254211
0.7867072224617004
0.9379050731658936
0.9361098408699036
0.826831042766571
0.6986610889434814
0.8849796652793884
0.7453472018241882
0.8191103935241699
0.7072561979293823
0.6856378316879272
0.7043578624725342
0.5969257354736328
0.5446306467056274
0.6772527098655701
0.6140887141227722
0.6067864298820496
0.5691661834716797
0.5376520752906799
0.5879565477371216
0.5354704260826111
0.6530815958976746
0.579079270362854
0.7332868576049805
0.4666072428226471
0.6771019101142883
0.5290554761886597
0.5013580918312073
0.4576422870159149
0.3964501619338989
0.4736120402812958
0.4346728026866913
0.5225583910942078
0.38347142934799194
0.5411310195922852
0.4088570177555084
0.3343883156776428
0.4476138949394226
0.423963725566864
0.44495338201522827
0.3610805571079254
0.3186304271221161
0.3384532034397125
0.4609432816505432
0.3498179018497467
0.32123884558677673
0.4022783935070038
0.3834971487522125
0.4063429832458496
0.33502891659736633
0.38316941261291504
0.4921411871910095
no squeeze
7.475517749786377
3.4276950359344482
2.71504282951355
3.0838141441345215
2.075942039489746
1.9537250995635986
1.8341379165649414
1.330657958984375
1.3064128160476685
2.5944364070892334
1.4507272243499756
1.3613042831420898
0.9613181948661804
1.4116861820220947
1.7654523849487305
1.6523414850234985
1.569801688194275
1.0328965187072754
1.818040132522583
1.8838638067245483
1.9122906923294067
1.1721869707107544
0.8267406225204468
0.9246178269386292
0.7415195107460022
1.1289993524551392
2.031773567199707
2.4539449214935303
0.6789988875389099
1.2021443843841553
1.0440171957015991
1.0495164394378662
0.7273362278938293
0.7399701476097107
0.7977937459945679
2.013092517852783
1.3145006895065308
0.9185820817947388
0.6773604154586792
0.6148958802223206
0.9346929788589478
1.438628911972046
1.8332600593566895
0.7903743982315063
0.5814030766487122
1.0567466020584106
2.0480728149414062
1.2350624799728394
0.7723397016525269
1.0998895168304443
0.6327958106994629
0.5314064025878906
0.5390011072158813
2.478756904602051
2.2456986904144287
0.9390926361083984
0.6733176708221436
0.8075640797615051
0.935701847076416
1.0776792764663696
0.4847906529903412
0.527431309223175
1.150402307510376
0.5286964774131775
0.8223013281822205
0.6396837830543518
0.8439076542854309
0.6433032155036926
0.4906676709651947
1.132941484451294
0.7784626483917236
