no squeeze
1.5986852645874023
0.3642573952674866
0.18537795543670654
0.1583557426929474
0.12892146408557892
0.09783490002155304
0.07747754454612732
0.06873314082622528
0.06516360491514206
0.04831593856215477
0.057686835527420044
0.047607261687517166
0.037993114441633224
0.03661933168768883
0.03779355809092522
0.031241202726960182
0.026258867233991623
0.02634989470243454
0.025198539718985558
0.021838178858160973
0.01755628176033497
0.018770353868603706
0.01622745580971241
0.016629014164209366
0.017210770398378372
0.018789811059832573
0.014632045291364193
0.01580948755145073
0.012051486410200596
0.009668687358498573
0.01005819346755743
0.0147667545825243
0.017064226791262627
0.010402040556073189
0.009178072214126587
0.009673194028437138
0.00871296413242817
0.008235515095293522
0.0073959724977612495
0.008476790972054005
0.006795595865696669
0.005400747060775757
0.006580118089914322
0.010591818019747734
0.00824282318353653
0.00585864158347249
0.006891538389027119
0.006244467105716467
0.004986903164535761
0.005278120283037424
0.004761825781315565
0.005153957288712263
0.005640053655952215
0.004372600931674242
0.005673109088093042
0.005136802792549133
0.0044779120944440365
0.0035209141205996275
0.003573476802557707
0.003933201543986797
0.004088194575160742
0.0035068984143435955
0.0048094745725393295
0.004596720449626446
0.004940448794513941
0.004797936417162418
0.004760493524372578
0.00985834188759327
0.005775370169430971
0.004476665984839201
0.0034150336869060993
0.0043341610580682755
0.002983984537422657
0.0031849981751292944
0.003716452978551388
0.0024201516062021255
0.0026763577479869127
0.006468231789767742
0.00984206609427929
0.0038446211256086826
0.003356979228556156
0.0036689518019557
0.003163273213431239
0.004306628368794918
0.007250297348946333
0.0022351567167788744
0.0018277583876624703
0.0033757458440959454
0.0030543990433216095
0.005171685013920069
0.004127136897295713
0.008301518857479095
0.0073432838544249535
0.012952141463756561
0.013829086907207966
0.013062781654298306
0.003829790512099862
no squeeze
1.1864022016525269
0.29197970032691956
0.17027826607227325
0.1682852953672409
0.12039796262979507
0.1168561652302742
0.1031314805150032
0.1029525026679039
0.09476498514413834
0.09538093209266663
0.09848790615797043
0.08196640014648438
0.08557859063148499
0.08763812482357025
0.07679717242717743
0.07627600431442261
0.07140935212373734
0.07004314661026001
0.08340942114591599
0.09420236200094223
0.07139601558446884
0.07174838334321976
0.06070716679096222
0.06635566055774689
0.06435564905405045
0.06404171884059906
0.06272599846124649
0.058436159044504166
0.05373198539018631
0.058933667838573456
0.056746333837509155
0.06625571101903915
0.05682383477687836
0.05026634410023689
0.06109221652150154
0.06740884482860565
0.05975829064846039
0.06395653635263443
0.056305836886167526
0.057054199278354645
0.05255710333585739
0.05668932944536209
0.046459294855594635
0.05083515867590904
0.0533992275595665
0.051604975014925
0.05006604641675949
0.05442266911268234
0.05991470813751221
0.046073924750089645
0.04936158284544945
0.045229267328977585
0.04615519195795059
0.05280770733952522
0.04537932947278023
0.04500212147831917
0.0507490336894989
0.05095013231039047
0.045818448066711426
0.05838038772344589
0.05012282729148865
0.04753044992685318
0.048143431544303894
0.04275935888290405
0.04718808829784393
0.04429778456687927
0.051221948117017746
0.04403999075293541
0.05094187334179878
0.060856129974126816
0.04739757627248764
0.050003934651613235
0.04633808508515358
0.04375344142317772
no squeeze
1.3315764665603638
0.5032165050506592
0.3260381817817688
0.23577971756458282
0.2030959129333496
0.1915733963251114
0.17412345111370087
0.17456653714179993
0.1433117389678955
0.13067148625850677
0.12501832842826843
0.11766645312309265
0.10675082355737686
0.09167453646659851
0.09994470328092575
0.09476117044687271
0.08731129765510559
0.09319137036800385
0.12077617645263672
0.09226198494434357
0.12097356468439102
0.09380081295967102
0.09260176867246628
0.0873650461435318
0.062358755618333817
0.06458571553230286
0.05636671558022499
0.0765695720911026
0.06424963474273682
0.05902092903852463
0.04730140045285225
0.056580375880002975
0.0416257418692112
0.05377061665058136
0.04589187726378441
0.06456871330738068
0.053258586674928665
0.04628993570804596
0.048966944217681885
0.03859269991517067
0.033282455056905746
0.03546229004859924
0.042816612869501114
0.03763537481427193
0.04003283753991127
0.050489362329244614
0.026686089113354683
0.02698560245335102
0.030286233872175217
0.05528714507818222
0.035413529723882675
0.038100965321063995
0.027411244809627533
0.026117779314517975
0.030252153053879738
0.04214312136173248
0.04851346090435982
0.03088384121656418
0.0327560119330883
0.02256184257566929
0.029727214947342873
0.019330041483044624
0.022022034972906113
0.02163109928369522
0.029760261997580528
0.03361329063773155
0.017976155504584312
0.016659514978528023
0.01950172707438469
0.017640184611082077
0.016823407262563705
0.021444624289870262
0.01839924417436123
0.014228584244847298
0.020340606570243835
0.012819504365324974
0.0181137602776289
0.023904072120785713
0.022667430341243744
0.021146005019545555
0.014025716111063957
0.01267057005316019
0.010667725466191769
0.010670055635273457
0.014152409508824348
0.0703512579202652
0.03504737466573715
0.02247040346264839
0.020577462390065193
0.018931778147816658
0.012936166487634182
0.01050402969121933
0.011284434236586094
0.009091435931622982
0.026481591165065765
0.030845610424876213
0.013903587125241756
0.012074610218405724
0.010408904403448105
0.0123238954693079
0.00993808638304472
0.0071355304680764675
0.006521095056086779
0.007459869608283043
0.007651275023818016
0.006246966775506735
0.0067983586341142654
0.008409378118813038
0.007369034457951784
0.009634492918848991
0.007162956986576319
0.00655294070020318
0.009474924765527248
0.007060233037918806
0.006926569156348705
0.005445241928100586
0.004824177362024784
0.0075750164687633514
0.008419549092650414
0.013735170476138592
0.009332040324807167
0.007346146274358034
0.009161842055618763
0.005879536271095276
0.007347882725298405
0.009806363843381405
0.011314073577523232
no squeeze
1.2398492097854614
0.5309276580810547
0.3811151385307312
0.3274799585342407
0.2816935181617737
0.2447810173034668
0.2062576413154602
0.19964255392551422
0.17980791628360748
0.17091071605682373
0.16140282154083252
0.1503063142299652
0.14113152027130127
0.13293983042240143
0.12895627319812775
0.12199001759290695
0.11804652214050293
0.1145852729678154
0.1046215370297432
0.10944312065839767
0.10418510437011719
0.10110627859830856
0.0947897732257843
0.09532185643911362
0.09340505301952362
0.09049375355243683
0.09286581724882126
0.08870142698287964
0.08237825334072113
0.0882052630186081
0.08144009113311768
0.07953288406133652
0.07948531210422516
0.07823292911052704
0.07974890619516373
0.07946918159723282
0.07954075187444687
0.0814049243927002
0.07638511806726456
0.08173532783985138
0.07609603554010391
0.07358309626579285
0.07472094893455505
0.07368984818458557
0.07405316829681396
0.0702277272939682
0.07204516232013702
0.06803122162818909
0.06960588693618774
0.06568875163793564
0.06893157213926315
0.06596281379461288
0.0635928064584732
0.06719310581684113
0.06111641600728035
0.06462033838033676
0.06293007731437683
0.06465182453393936
0.05984306335449219
0.06246086210012436
0.0639183297753334
0.05872689187526703
0.05803972855210304
0.06198709085583687
0.06061215698719025
0.06031235307455063
0.06383606046438217
0.05604829266667366
0.05837826430797577
0.055163998156785965
0.056004345417022705
0.056482914835214615
0.05727824196219444
0.053293030709028244
0.05486952140927315
0.055053431540727615
0.05234629288315773
0.05292999744415283
0.05352814868092537
0.05191011354327202
0.04972388967871666
0.05474827438592911
0.05344236642122269
0.04872337728738785
0.05270491540431976
0.049227066338062286
0.04873836040496826
0.048974037170410156
0.04792230576276779
0.04887049272656441
0.048195112496614456
0.04648257791996002
0.05067025497555733
0.045449137687683105
0.04593883827328682
0.04937395825982094
0.04581514745950699
0.04771063104271889
0.04525953531265259
0.044962696731090546
0.045314449816942215
0.04581122100353241
0.045559439808130264
0.047397926449775696
0.04259251430630684
0.04398130625486374
0.043607380241155624
0.043540406972169876
0.04524065926671028
0.04509831219911575
0.041878361254930496
0.04022714123129845
0.042865097522735596
0.04426497593522072
0.0415753610432148
0.0389552116394043
0.04002763330936432
0.03922096639871597
0.040546417236328125
0.04188588634133339
0.03813828155398369
0.04164953529834747
0.04248802363872528
0.0399136058986187
0.03998170420527458
0.039487697184085846
0.04017338901758194
0.03931088745594025
0.03742031008005142
0.039130277931690216
0.04051102697849274
0.04139450564980507
0.042760636657476425
0.03811255842447281
0.03758364915847778
0.036790814250707626
0.03712308034300804
0.03787679970264435
0.03910960629582405
0.03775959461927414
0.03809146210551262
0.03711741790175438
0.0379842147231102
0.03750384971499443
0.03834374248981476
0.03559942916035652
0.036232247948646545
0.03535253182053566
0.03621085733175278
0.03510953485965729
0.03535178676247597
0.03491908684372902
0.037470120936632156
0.03639720007777214
0.035017967224121094
0.033312659710645676
0.03335105627775192
0.0347779206931591
0.03565482795238495
0.03464897722005844
0.03412625938653946
0.03356880322098732
0.03392095863819122
0.03370669111609459
0.03215061128139496
0.03445064648985863
0.03382234275341034
0.034988775849342346
0.03451584652066231
0.03383491188287735
0.03196687996387482
0.03392242267727852
0.03319261595606804
0.032606422901153564
0.03260219097137451
0.030860479921102524
0.032103992998600006
0.03365885466337204
0.033436909317970276
0.03138027712702751
0.03195369988679886
0.032881010323762894
0.03241176903247833
0.032666753977537155
0.03234097361564636
0.0312795490026474
no squeeze
1.273795247077942
0.42879658937454224
0.268364280462265
0.20783434808254242
0.18152879178524017
0.17176692187786102
0.135679692029953
0.12380233407020569
0.1179274395108223
0.11028330773115158
0.10471227765083313
0.10100457817316055
0.09292053431272507
0.08572062849998474
0.07738321274518967
0.08273673057556152
0.07776746153831482
0.07788562774658203
0.0725700706243515
0.06937509775161743
0.06453794240951538
0.06427603960037231
0.05734431743621826
0.058648884296417236
0.061650194227695465
0.06032945588231087
0.053796861320734024
0.052835773676633835
0.053218647837638855
0.05537334084510803
0.052845299243927
0.052987005561590195
0.04795416072010994
0.0464165061712265
0.04597460478544235
0.04794813320040703
0.052922483533620834
0.044811856001615524
0.04717497527599335
0.04301561787724495
0.04890012368559837
0.04873135685920715
0.041221749037504196
0.04254316911101341
0.04055146127939224
0.041003528982400894
0.04561416059732437
0.039471615105867386
0.04431668668985367
0.03994709253311157
0.03963139280676842
0.03834639862179756
0.039828598499298096
0.041082270443439484
0.037435732781887054
0.035557523369789124
0.033171750605106354
0.0363801047205925
0.03423931077122688
0.034723006188869476
0.033213164657354355
0.03366759419441223
0.03749065101146698
0.0328344851732254
0.032694119960069656
0.03245620056986809
0.03091244213283062
0.032081086188554764
0.03334688022732735
0.033995144069194794
0.03540416434407234
0.03256549313664436
0.0296726506203413
0.03108225204050541
0.02897864580154419
0.030952103435993195
0.030461261048913002
0.030265944078564644
0.031981416046619415
0.030375266447663307
0.02700776793062687
0.0292404405772686
0.030991200357675552
0.02843961864709854
0.028670160099864006
0.02763829007744789
0.028642822057008743
0.02554219961166382
0.02999252825975418
0.02717253379523754
0.02866961993277073
0.027244072407484055
0.02715238370001316
0.028969915583729744
0.028946716338396072
0.029268549755215645
0.028509236872196198
0.026538386940956116
no squeeze
0.7395567297935486
0.19592911005020142
0.11354304105043411
0.10757620632648468
0.09713529795408249
0.08493029326200485
0.10378748923540115
0.08383472263813019
0.07840944826602936
0.07839689403772354
0.08620806038379669
0.07799369096755981
0.09817285090684891
0.08832269161939621
0.08939652144908905
0.07913793623447418
0.07523788511753082
0.06824637949466705
0.06990697234869003
0.0717054232954979
0.06833859533071518
0.07771853357553482
0.06664715707302094
0.06994042545557022
0.06571748852729797
0.06130633503198624
0.0796322301030159
0.07047224044799805
0.07025768607854843
0.07416998594999313
0.08523797243833542
0.06987133622169495
0.06694363057613373
0.06893858313560486
0.06126496568322182
0.06709089130163193
0.07962873578071594
0.06524733453989029
0.06568625569343567
0.05921782925724983
0.06125381216406822
0.05794548615813255
0.05757766589522362
0.06092862784862518
0.062438420951366425
0.0627019926905632
0.06235009431838989
0.0599699467420578
0.06427143514156342
0.06065109744668007
0.06613969057798386
0.06104584038257599
0.06404942274093628
