no squeeze
13.270355224609375
5.008001327514648
2.638110637664795
1.7850673198699951
1.3316442966461182
0.9720441102981567
0.8231234550476074
0.759523332118988
0.5987647175788879
0.6179077625274658
0.5255256295204163
0.4592614471912384
0.43639978766441345
0.4112083613872528
0.35485270619392395
0.37797069549560547
0.3584428131580353
0.3576831519603729
0.2933957874774933
0.2930378019809723
0.3218640983104706
0.35501018166542053
0.3434614837169647
0.3433661162853241
0.28074589371681213
0.26342692971229553
0.31549400091171265
0.2294594943523407
0.354956716299057
0.2766440808773041
0.31567686796188354
0.3182937204837799
0.3220840394496918
0.28277388215065
0.24712948501110077
0.33640316128730774
0.33629360795021057
0.23786813020706177
no squeeze
10.563157081604004
4.014684677124023
2.2875936031341553
1.2423062324523926
0.7638900279998779
0.45029082894325256
0.2948753833770752
0.2969713509082794
0.19125473499298096
0.1588994264602661
0.11302068829536438
0.08932819962501526
0.08409202843904495
0.06091758981347084
0.0817490890622139
0.05586749315261841
0.087106853723526
0.053900886327028275
0.05576743185520172
0.06535160541534424
0.05822667106986046
0.036474406719207764
0.03419031947851181
0.04143844172358513
0.0774703174829483
0.08201101422309875
0.026769880205392838
0.01949259452521801
0.023829003795981407
0.016146816313266754
0.019920922815799713
0.011688587255775928
0.03516075015068054
0.05103953555226326
0.08253515511751175
0.04575459286570549
0.013464946299791336
0.02285482920706272
0.02170156128704548
0.026204146444797516
0.04904623329639435
0.035641420632600784
no squeeze
11.064335823059082
4.831565856933594
3.2725486755371094
2.108609676361084
1.6532014608383179
1.159602403640747
0.9655673503875732
0.7040980458259583
0.7167401909828186
0.5262046456336975
0.5098105669021606
0.44133248925209045
0.36090725660324097
0.33714714646339417
0.47759321331977844
0.502896785736084
0.35392460227012634
0.19288289546966553
0.1748342216014862
0.16404402256011963
0.17924129962921143
0.14297057688236237
0.21151161193847656
0.11067558825016022
0.14849582314491272
0.11223039031028748
0.0894969031214714
0.09918373078107834
0.28538036346435547
0.08934317529201508
0.09924101829528809
0.11382228136062622
0.07045884430408478
0.12699152529239655
0.08205465227365494
0.07130489498376846
0.10169588774442673
0.10097483545541763
0.0771825984120369
0.06440798938274384
0.18015755712985992
0.21139541268348694
0.15508216619491577
0.061119090765714645
0.2724686861038208
0.10698666423559189
0.23938265442848206
0.0996924340724945
0.07215544581413269
0.0723857432603836
0.03082866407930851
0.03482083976268768
0.06193923205137253
0.031779590994119644
0.032759521156549454
0.032068800181150436
0.02321471832692623
0.03937234356999397
0.021093154326081276
0.043016836047172546
0.029076024889945984
0.025904428213834763
0.033905528485774994
0.019657185301184654
0.019417371600866318
0.029201960191130638
0.024006107822060585
0.03375331312417984
0.019186904653906822
0.018173782154917717
0.03235390782356262
0.03637507185339928
0.05748993530869484
0.060317546129226685
0.05254240706562996
0.04748499393463135
0.19845612347126007
0.06770126521587372
0.03630554676055908
0.04494477063417435
no squeeze
13.117154121398926
5.893571376800537
4.6809916496276855
4.088636875152588
3.3991663455963135
3.0143344402313232
2.697159767150879
2.3694241046905518
2.2862613201141357
2.0010597705841064
1.7836827039718628
1.6766575574874878
1.639389157295227
1.6064714193344116
1.326953649520874
1.3339378833770752
1.2347527742385864
1.1625926494598389
1.1050583124160767
1.021553874015808
1.0370839834213257
0.9407188892364502
0.8923603296279907
0.8310410976409912
0.9037184119224548
0.8117525577545166
0.8700885772705078
0.7030133605003357
0.7148738503456116
0.6752901673316956
0.6652597188949585
0.6420773863792419
0.6977125406265259
0.5498902201652527
0.585310161113739
0.6740648746490479
0.5934152603149414
0.48108065128326416
0.488023579120636
0.5177431106567383
0.46852558851242065
0.5289964079856873
0.5035358667373657
0.5799628496170044
0.5162532329559326
0.44586479663848877
0.4528748691082001
0.37753888964653015
0.4231390953063965
0.43190106749534607
0.3903490900993347
0.4282579720020294
0.3406979441642761
0.45485633611679077
0.3930414915084839
0.37035542726516724
0.3670071065425873
0.3329525589942932
0.3476877212524414
0.384816437959671
0.3199595510959625
0.36764270067214966
0.31609082221984863
0.31206995248794556
0.3065612316131592
0.34778133034706116
0.30210453271865845
0.3059845566749573
0.2999068796634674
0.28630176186561584
0.26963555812835693
0.27787676453590393
0.2666362524032593
0.2606918513774872
0.2699609100818634
0.27490663528442383
0.2716502845287323
0.3566012382507324
0.27220818400382996
0.26143622398376465
0.3078969717025757
0.25976207852363586
0.2854211628437042
0.24716565012931824
0.27013927698135376
0.31339898705482483
0.2267754077911377
0.2885165512561798
0.24514935910701752
0.2471107840538025
0.2457767128944397
0.19828374683856964
0.23024311661720276
0.20610593259334564
0.23558321595191956
0.21456773579120636
0.23454289138317108
0.23970943689346313
0.21857793629169464
0.1943306177854538
0.1866021454334259
0.18973174691200256
0.19271190464496613
0.21307224035263062
0.18593095242977142
0.1842586249113083
0.22707010805606842
0.2719082236289978
0.19279807806015015
0.17963320016860962
0.19004470109939575
0.20047682523727417
0.232817143201828
0.2022755742073059
0.1820334941148758
0.18413418531417847
0.1870357096195221
0.19742903113365173
0.20942729711532593
0.23594100773334503
no squeeze
12.858935356140137
5.21816873550415
3.797637939453125
2.8209762573242188
2.294921875
1.935736894607544
1.7253878116607666
1.5170079469680786
1.3810302019119263
1.2347639799118042
1.1016665697097778
1.0183894634246826
0.9334102272987366
0.9610328078269958
0.8811858296394348
0.7879567742347717
0.7690547704696655
0.7014607787132263
0.6569076180458069
0.6991165280342102
0.5602818727493286
0.574211061000824
0.5230263471603394
0.49187859892845154
0.5318353176116943
0.45129507780075073
0.5709118843078613
0.4617801904678345
0.4140629172325134
0.41425758600234985
0.39281246066093445
0.536234974861145
0.3540518879890442
0.3823810815811157
0.3215070068836212
0.3134712278842926
0.32876694202423096
0.32769936323165894
0.3397241532802582
0.33108437061309814
0.3239845931529999
0.26101627945899963
0.2769971489906311
0.27690351009368896
0.29511892795562744
0.2579652965068817
0.24180008471012115
0.26375290751457214
0.31469717621803284
0.3104705810546875
0.26973751187324524
0.26133742928504944
0.26852354407310486
0.24378420412540436
0.23841166496276855
0.23475664854049683
0.19852381944656372
0.23436740040779114
0.21074171364307404
0.2639416754245758
0.20466211438179016
0.20766673982143402
0.19608347117900848
0.19485534727573395
0.15830595791339874
0.1916731745004654
0.21890617907047272
0.18768371641635895
0.23564626276493073
0.21108825504779816
0.1619846075773239
0.24789096415042877
0.24026605486869812
0.16954101622104645
0.18059970438480377
no squeeze
13.141453742980957
4.251333713531494
2.6367931365966797
1.666050672531128
1.4035083055496216
1.1803427934646606
1.4177002906799316
1.4676344394683838
1.7154529094696045
1.5379024744033813
0.9201341271400452
1.0398656129837036
2.3770596981048584
1.4382734298706055
1.5658940076828003
1.0483331680297852
1.064039707183838
1.8237990140914917
1.1816768646240234
1.2770495414733887
1.5123335123062134
