no squeeze
22.530685424804688
6.048888206481934
2.886842966079712
1.596802830696106
1.055488109588623
0.5853205323219299
0.34190014004707336
0.2356524020433426
0.18770770728588104
0.16289566457271576
0.11175163090229034
0.06310289353132248
0.061610449105501175
0.01894889958202839
0.11054964363574982
0.047362178564071655
0.010902946814894676
0.007560391910374165
0.018891604617238045
0.01260265614837408
0.010312574915587902
0.028301464393734932
0.01739819347858429
0.004908962640911341
0.01179594174027443
0.008225337602198124
0.01697349362075329
0.005424044094979763
0.00564480759203434
0.017208436504006386
0.07430803030729294
0.08755423873662949
0.006163508631289005
0.05170852318406105
no squeeze
17.713773727416992
5.924935340881348
3.7971184253692627
2.8572452068328857
2.180434465408325
1.8498526811599731
1.5959614515304565
1.7408581972122192
1.2868934869766235
1.094301462173462
1.0066843032836914
0.8947727084159851
0.9945474863052368
0.9558365941047668
0.7531513571739197
0.6901872158050537
0.7355148196220398
0.7295157313346863
0.9482986927032471
0.6515634059906006
0.6384572982788086
0.6034961342811584
0.5689200162887573
0.8977785706520081
0.7773271203041077
0.6498964428901672
0.48280999064445496
0.7384144067764282
0.6221550703048706
0.5185548067092896
0.5343969464302063
0.6861670613288879
0.8256848454475403
0.5924203395843506
0.8400823473930359
0.6001030802726746
0.6575180292129517
no squeeze
25.099626541137695
10.522198677062988
6.845160961151123
4.813958168029785
3.9125359058380127
3.108877182006836
3.0600435733795166
2.7796952724456787
2.451159954071045
2.2206499576568604
3.2504007816314697
2.0413928031921387
1.2250845432281494
1.4168133735656738
1.0107200145721436
0.9520769119262695
0.8478602766990662
0.7139750719070435
0.5709954500198364
0.7197514176368713
0.5843798518180847
0.7530778646469116
0.9379140734672546
0.7899358868598938
0.5850884318351746
0.41600021719932556
0.3806827962398529
0.468411386013031
0.6749189496040344
0.4938526749610901
0.3716343641281128
0.2444913536310196
0.21021243929862976
0.33463677763938904
0.4733431339263916
0.3014979362487793
0.4914514720439911
0.3649314343929291
0.2643011510372162
0.4339136481285095
0.21866375207901
0.1558237373828888
0.11991588771343231
0.13029728829860687
0.11087823659181595
0.11728846281766891
0.1920100301504135
0.16728340089321136
0.0872008353471756
0.18044371902942657
0.1399024873971939
0.08299097418785095
0.11904830485582352
0.0890137180685997
0.27203360199928284
0.4844913184642792
0.3752560019493103
0.17004552483558655
0.415208101272583
0.31624361872673035
0.20682379603385925
0.36716610193252563
no squeeze
21.757726669311523
8.375423431396484
6.447986125946045
5.4977216720581055
4.823441028594971
4.3077287673950195
3.8395655155181885
3.4270899295806885
3.1065423488616943
2.7944419384002686
2.576674699783325
2.4726552963256836
2.263245105743408
2.0921995639801025
2.017204523086548
1.8618870973587036
1.832301139831543
1.7918974161148071
1.7869741916656494
1.6306800842285156
1.475426197052002
1.4707200527191162
1.4239370822906494
1.4040392637252808
1.3365085124969482
1.1518328189849854
1.3228081464767456
1.1353390216827393
1.1218276023864746
1.069710612297058
1.0668102502822876
1.1197102069854736
1.0773218870162964
0.9977089166641235
1.018381118774414
1.037928581237793
0.8532446026802063
0.8023154735565186
0.8851010203361511
0.8889864683151245
0.9199878573417664
0.8522400259971619
0.7618361711502075
0.7281264662742615
0.7510296106338501
0.6955268383026123
0.6428699493408203
0.7913973331451416
0.7169812917709351
0.6986768841743469
0.6236482262611389
0.6561709642410278
0.6787083745002747
0.6733657121658325
0.7136830687522888
0.6310462951660156
0.5784593820571899
0.6315157413482666
0.5897840261459351
0.5519058108329773
0.5819590091705322
0.5921891927719116
0.529807448387146
0.5729853510856628
0.60677170753479
0.5016871094703674
0.5691156983375549
0.5510188341140747
0.4717080295085907
0.4495980441570282
0.5326588749885559
0.48181217908859253
0.5322067737579346
0.48523473739624023
0.4858109652996063
0.5130279064178467
0.489338755607605
0.4601585566997528
0.4581904113292694
0.4445132911205292
0.40899181365966797
0.5776062607765198
0.48154374957084656
0.4434748589992523
0.43833640217781067
0.43184974789619446
0.44068339467048645
0.36636295914649963
0.39936938881874084
0.4432559311389923
0.3582111895084381
0.3920935094356537
0.3736327886581421
0.4026808738708496
0.3708997666835785
0.35922497510910034
0.3879450857639313
0.356725811958313
0.4060037434101105
0.4155412018299103
0.33806294202804565
0.36743053793907166
0.3741329312324524
0.3568597435951233
0.3320457935333252
0.3135049641132355
0.3100407123565674
0.34412887692451477
0.2966626286506653
0.3509344756603241
0.3374502956867218
0.28846821188926697
0.324764221906662
0.2868229150772095
0.2841396927833557
0.36058083176612854
0.31383946537971497
0.3182225227355957
0.2640029191970825
0.36132878065109253
0.28610146045684814
0.29821836948394775
0.33973991870880127
0.3431054353713989
0.30304592847824097
0.24549563229084015
0.3037324845790863
0.2727387547492981
0.28871411085128784
0.2820096015930176
0.2857281565666199
0.26348876953125
0.2927960157394409
0.25966423749923706
0.2748585641384125
0.26262396574020386
no squeeze
21.117382049560547
7.1091203689575195
4.636212348937988
3.7168290615081787
3.2040371894836426
2.5143544673919678
2.1825249195098877
2.1133060455322266
1.8722785711288452
1.742331624031067
1.493460774421692
1.339891791343689
1.2964959144592285
1.2152866125106812
1.1908928155899048
1.100599765777588
1.1076186895370483
1.0091400146484375
0.9355266690254211
0.9156646728515625
0.8178194761276245
0.8477062582969666
0.7875847220420837
0.7971436381340027
0.7932977676391602
0.7600421905517578
0.6969074606895447
0.7304462194442749
0.8478707671165466
0.7380470037460327
0.6743611097335815
0.6798036694526672
0.6573546528816223
0.5584197044372559
0.5890575051307678
0.5551583170890808
0.6659581661224365
0.6011433601379395
0.6879186034202576
0.5758654475212097
0.5440726280212402
0.5890541076660156
0.561421811580658
0.5853107571601868
0.5011082887649536
0.5160850882530212
0.47320953011512756
0.5825144052505493
0.4806196093559265
0.5273101329803467
0.4843231439590454
0.5463126301765442
0.44605958461761475
0.41363203525543213
0.5008571743965149
0.5608896613121033
0.38387733697891235
0.4113912582397461
0.4539080560207367
0.4266178607940674
0.4088321924209595
0.4394128620624542
0.48206043243408203
0.3774792551994324
0.3902975916862488
0.37109294533729553
0.44330671429634094
0.4249446988105774
0.3579554259777069
0.44968587160110474
0.3553830087184906
0.39410099387168884
0.36686980724334717
0.2763749957084656
0.3527764081954956
0.39343106746673584
0.367971271276474
0.3176659047603607
0.2814461290836334
0.3170402944087982
0.339065283536911
0.3559195399284363
0.31613126397132874
0.3079074025154114
no squeeze
11.243062973022461
3.818488121032715
2.4043705463409424
1.3518867492675781
1.4190436601638794
0.8321737051010132
1.0981069803237915
0.5968717336654663
0.7971235513687134
0.8049042224884033
0.9271078705787659
0.7790368795394897
1.3507194519042969
0.9333164095878601
0.7180825471878052
0.55130535364151
1.0944088697433472
0.9088389277458191
1.0238726139068604
0.9396160244941711
0.5999307632446289
0.5581158399581909
0.9337300062179565
0.8167914152145386
0.4991626441478729
1.0890860557556152
0.4135100245475769
0.37465283274650574
0.8015428781509399
0.6273527145385742
0.6721917986869812
0.6189519762992859
0.7125081419944763
1.5651123523712158
0.5987029075622559
0.5464491248130798
0.5213428139686584
0.8344494700431824
