no squeeze
4.633975505828857
1.4011709690093994
0.7270562648773193
0.4701223373413086
0.47453269362449646
0.40300479531288147
0.3520849645137787
0.33907896280288696
0.32040658593177795
0.36599844694137573
0.3299536406993866
0.3858940899372101
0.40976959466934204
0.2963590919971466
0.3039429485797882
0.27078863978385925
0.2098471224308014
0.3212296664714813
0.3818398118019104
0.28942617774009705
0.3316788375377655
0.3241121172904968
0.26625385880470276
0.232566237449646
0.24622248113155365
0.24013757705688477
0.3045068383216858
no squeeze
6.662656307220459
1.3467750549316406
0.7315454483032227
0.5297228693962097
0.44699135422706604
0.557219386100769
0.44531819224357605
0.2858760356903076
0.30317309498786926
0.40800684690475464
0.33830371499061584
0.30581754446029663
0.3373718857765198
0.38002878427505493
0.28858640789985657
0.3901505172252655
0.3000353276729584
0.26272207498550415
0.2990446090698242
0.28721243143081665
0.29576972126960754
0.26807764172554016
0.3003096282482147
0.3296659290790558
0.29334238171577454
0.2946012318134308
0.23233166337013245
0.30022960901260376
0.2721835970878601
0.33138179779052734
0.3087257444858551
0.23271538317203522
0.27299046516418457
0.24043621122837067
0.2843244969844818
0.2870723605155945
0.29232650995254517
no squeeze
6.4790825843811035
2.5115067958831787
1.5608216524124146
1.3491120338439941
1.0225521326065063
1.2233226299285889
0.7095058560371399
0.8961175680160522
0.835598349571228
0.5764777660369873
0.9602773785591125
0.741847813129425
0.707812488079071
0.6923285722732544
0.6346550583839417
0.5395811200141907
0.6336363554000854
0.8730764985084534
0.6755029559135437
0.9780044555664062
0.5165185332298279
0.7163567543029785
0.7536655068397522
0.506900429725647
0.7360226511955261
0.6062712073326111
0.4971729516983032
0.4524385631084442
0.5931477546691895
0.6145762205123901
0.7963034510612488
1.1978691816329956
0.7263918519020081
0.582155704498291
0.4345451593399048
0.41303661465644836
0.39794373512268066
0.5747502446174622
0.5254961252212524
0.5065197348594666
0.4245089590549469
0.39842715859413147
0.6268234848976135
0.4308229982852936
0.462702214717865
0.3773198127746582
0.40254923701286316
0.7266343832015991
0.6070610880851746
0.39738309383392334
0.4792609214782715
0.372618705034256
0.45161131024360657
0.4030762314796448
0.5373683571815491
0.827298641204834
0.5931444764137268
0.4926412105560303
0.3683329224586487
0.5782026648521423
0.4426380395889282
0.5629995465278625
0.3934912383556366
0.4166918098926544
0.6010468006134033
0.9395055174827576
0.46312659978866577
0.3830275535583496
0.39090824127197266
no squeeze
6.806316375732422
2.1873819828033447
1.5051006078720093
1.1141654253005981
0.895384669303894
0.7467170357704163
0.6190881133079529
0.5929504036903381
0.5747789144515991
0.44657817482948303
0.4393157958984375
0.42366811633110046
0.3760358691215515
0.3424554467201233
0.3408278524875641
0.37743720412254333
0.3519694209098816
0.34969690442085266
0.2875536382198334
0.3083631098270416
0.30590835213661194
0.3173208236694336
0.2990375757217407
0.289351224899292
0.28606605529785156
0.26818186044692993
0.2738131582736969
0.2667054235935211
0.2929339110851288
0.2602115273475647
0.2510712444782257
0.28271234035491943
0.24453237652778625
0.24856702983379364
0.22838850319385529
0.2406078428030014
0.25153473019599915
0.23461611568927765
0.22308191657066345
0.25092124938964844
0.2582567632198334
0.26347383856773376
0.25540226697921753
0.23810899257659912
0.2242753654718399
0.20467808842658997
0.22800520062446594
0.2307944893836975
0.27500173449516296
0.2134924829006195
0.18966248631477356
0.21830865740776062
0.2148333638906479
0.19975444674491882
0.19666697084903717
0.22599680721759796
0.21206526458263397
0.20840521156787872
0.21478994190692902
0.18281207978725433
0.18691733479499817
0.19912810623645782
0.2426290065050125
0.19299522042274475
0.20996998250484467
0.18556180596351624
0.20932643115520477
0.17132733762264252
0.16774985194206238
0.1892467886209488
0.1916723996400833
0.20050126314163208
0.1629209965467453
0.18298688530921936
0.2078283429145813
0.16871826350688934
0.19780802726745605
0.1579231321811676
0.1739213913679123
0.18043048679828644
0.17936868965625763
0.16900445520877838
0.16307511925697327
0.17614121735095978
0.22504429519176483
0.18702319264411926
0.1639668196439743
0.15938441455364227
no squeeze
6.5440449714660645
1.8181431293487549
1.043502926826477
0.7675262689590454
0.622083842754364
0.5577110648155212
0.5209398865699768
0.47129711508750916
0.42356595396995544
0.44862282276153564
0.4875333607196808
0.3538912534713745
0.32551121711730957
0.28915753960609436
0.329581618309021
0.3143291771411896
0.3582145869731903
0.28403517603874207
0.2794209420681
0.27144911885261536
0.2660002112388611
0.2914212942123413
0.27438685297966003
0.23921626806259155
0.223038911819458
0.23665693402290344
0.2436332255601883
0.26283523440361023
0.2606741189956665
0.24413113296031952
0.25236091017723083
0.25782936811447144
0.2836945652961731
0.19573575258255005
0.23574186861515045
0.2585030198097229
0.19603823125362396
0.2106151580810547
0.24190662801265717
0.2207997590303421
0.2308243066072464
0.2199118435382843
0.19880585372447968
0.21010518074035645
no squeeze
3.8356997966766357
0.9045130610466003
0.32350215315818787
0.3044663965702057
0.5355625748634338
0.37883439660072327
0.33763962984085083
0.2497834712266922
0.3104455769062042
0.4031417667865753
0.2699095904827118
0.2692326009273529
0.2835763394832611
0.36062657833099365
0.32034194469451904
0.2500998377799988
0.23804783821105957
0.45384082198143005
0.24494493007659912
0.21493680775165558
0.49791958928108215
0.26927313208580017
0.37602555751800537
0.20190899074077606
0.2848200500011444
0.21995031833648682
0.18881799280643463
0.4096105396747589
0.30208897590637207
0.2343134731054306
0.35761478543281555
0.2667814791202545
0.29487746953964233
0.22960296273231506
0.2429470419883728
0.18934093415737152
0.3758215606212616
