no squeeze
2953.7646484375
2296.873291015625
2103.98486328125
1321.577880859375
1133.639404296875
599.5967407226562
520.6690673828125
367.5986022949219
347.7040100097656
291.6277770996094
280.1911926269531
242.2654266357422
233.73602294921875
204.2540740966797
197.4310302734375
173.46383666992188
167.8384552001953
147.81272888183594
143.04428100585938
126.03467559814453
121.95345306396484
107.36016082763672
103.87364196777344
91.35162353515625
88.34260559082031
77.5618667602539
74.9983139038086
65.76183319091797
63.54444122314453
55.65342712402344
53.77833938598633
47.049827575683594
45.46988296508789
39.823326110839844
38.4766845703125
33.69678497314453
32.56610107421875
28.514711380004883
27.58194923400879
24.246234893798828
23.461624145507812
20.677959442138672
20.02288818359375
17.695056915283203
17.145465850830078
15.201208114624023
14.748183250427246
13.130492210388184
12.742301940917969
11.365164756774902
11.044865608215332
9.886710166931152
9.615790367126465
8.625064849853516
8.396524429321289
7.561445713043213
7.362062931060791
6.644580364227295
6.47130012512207
5.863178730010986
5.716152667999268
5.166287422180176
5.048295497894287
4.603438377380371
4.493901252746582
4.102471828460693
4.0080976486206055
3.6790671348571777
3.5999104976654053
3.3139381408691406
3.2493889331817627
3.0158677101135254
2.9569878578186035
2.754791736602783
2.7071266174316406
2.532102346420288
2.492236852645874
2.350684642791748
2.3154478073120117
2.1984167098999023
2.1687605381011963
2.0782628059387207
2.0620651245117188
1.9548860788345337
1.9337389469146729
1.860201120376587
1.8423970937728882
1.777750015258789
1.7601853609085083
1.706118106842041
1.6927837133407593
1.640579104423523
1.6309154033660889
1.5918936729431152
1.577376365661621
1.5389373302459717
1.5297963619232178
1.4950675964355469
1.4856728315353394
1.4483228921890259
1.4445565938949585
1.4121233224868774
1.4053841829299927
1.3817722797393799
1.3691030740737915
1.341458797454834
1.3351889848709106
1.311824917793274
1.3097950220108032
1.2783153057098389
1.271975040435791
1.2475178241729736
1.2410277128219604
1.218560814857483
1.2127043008804321
1.1902282238006592
1.1866142749786377
1.1624882221221924
1.1567249298095703
1.1377986669540405
1.1389776468276978
1.1143156290054321
1.1114940643310547
1.0906113386154175
1.0837085247039795
1.0638164281845093
1.0592001676559448
1.041910171508789
1.0365488529205322
1.0211424827575684
1.017547607421875
0.998664379119873
0.9935134053230286
0.9763662219047546
0.9723141193389893
0.9582661390304565
0.9562608599662781
0.9427961707115173
0.9372789263725281
0.9334440231323242
0.9189873933792114
0.9046813249588013
0.9020270705223083
0.8917275667190552
0.8846875429153442
0.8713639378547668
0.8684837222099304
0.8562431931495667
0.8540558218955994
0.8428830504417419
0.8413121700286865
0.829173743724823
0.8257070779800415
0.815650224685669
0.8170689940452576
0.8044024109840393
0.8028234243392944
0.7924340963363647
0.7894472479820251
0.780633807182312
0.7788277268409729
0.7714742422103882
0.7685214281082153
0.7614781856536865
0.7598146796226501
0.7527097463607788
0.7509776949882507
0.7439435124397278
0.7428236603736877
0.736345648765564
0.7342997193336487
0.7301414012908936
0.7273763418197632
0.7237446308135986
0.7216675281524658
0.7153823375701904
0.7143713235855103
0.7100074291229248
0.7131239771842957
0.7063905000686646
0.7038555145263672
0.7007202506065369
0.6991066336631775
0.697273850440979
0.6946015357971191
0.6905776262283325
0.6915064454078674
0.6891874074935913
0.6871563792228699
0.6844730973243713
0.6851673126220703
0.684349775314331
0.6822208762168884
0.6818313002586365
0.6791620850563049
0.6777892112731934
0.6762346029281616
0.6775584816932678
0.6741746664047241
0.6726536750793457
no squeeze
2962.880859375
2345.838134765625
2160.931396484375
1392.1651611328125
1201.357666015625
644.89599609375
561.9312133789062
412.0341491699219
396.212158203125
356.7564392089844
348.99005126953125
323.4593505859375
317.79058837890625
298.36785888671875
293.95355224609375
278.646728515625
275.1187744140625
262.8531799316406
259.9793395996094
249.93927001953125
247.58380126953125
239.33892822265625
237.3748779296875
230.46075439453125
228.82252502441406
222.98483276367188
221.58746337890625
216.6431427001953
215.43544006347656
211.13873291015625
210.11122131347656
206.41493225097656
205.51959228515625
202.2925567626953
201.49935913085938
198.6405029296875
197.91200256347656
195.39112854003906
194.79315185546875
192.559326171875
192.01626586914062
190.00436401367188
189.5424041748047
187.85255432128906
187.42474365234375
185.84564208984375
185.46832275390625
184.1414337158203
183.8046417236328
182.60015869140625
182.32394409179688
181.31715393066406
181.06243896484375
180.15802001953125
179.9630889892578
179.16490173339844
178.99391174316406
178.34007263183594
178.17681884765625
177.60496520996094
177.4441375732422
176.9403076171875
176.82078552246094
176.42791748046875
176.3030242919922
175.9345245361328
175.83058166503906
175.53414916992188
175.51393127441406
175.14517211914062
175.09902954101562
174.95074462890625
174.85597229003906
174.59017944335938
174.5865936279297
174.42665100097656
174.38900756835938
174.25143432617188
174.19091796875
174.08253479003906
174.03636169433594
173.8988800048828
173.8347930908203
173.7780303955078
173.72598266601562
173.62306213378906
173.62135314941406
173.54808044433594
173.5111846923828
173.45338439941406
173.43856811523438
173.37171936035156
173.35711669921875
173.31137084960938
173.2942657470703
173.3091583251953
173.249755859375
173.1844940185547
173.18971252441406
173.1595916748047
173.18875122070312
173.00064086914062
173.0187530517578
173.068115234375
no squeeze
2961.82470703125
2582.076416015625
2454.240478515625
1836.4901123046875
1654.317626953125
980.8056030273438
843.49560546875
520.1585083007812
480.26287841796875
391.637939453125
377.1170959472656
331.1878356933594
321.2926025390625
288.88409423828125
281.6512145996094
257.8696594238281
252.2999725341797
233.8142547607422
229.57168579101562
214.7993621826172
211.4277801513672
199.30165100097656
196.38494873046875
185.73391723632812
183.14276123046875
173.51979064941406
171.12928771972656
162.252197265625
159.9905548095703
151.54165649414062
149.4253692626953
141.40673828125
139.38206481933594
131.67230224609375
129.74356079101562
122.33903503417969
120.4583511352539
113.34219360351562
111.52399444580078
104.66407775878906
102.91096496582031
96.28852844238281
94.60015869140625
88.24974822998047
86.64629364013672
80.60515594482422
79.08393859863281
73.3419189453125
71.89844512939453
66.49498748779297
65.14183807373047
60.06892395019531
58.82180404663086
54.15028762817383
52.99223709106445
48.680152893066406
47.62666702270508
43.70840072631836
42.742515563964844
39.165897369384766
38.2982292175293
35.10664749145508
34.3248291015625
31.456920623779297
30.759258270263672
28.21054458618164
27.585979461669922
25.31013298034668
24.763057708740234
22.769412994384766
22.27084732055664
20.4930477142334
20.055286407470703
18.471193313598633
18.09406089782715
16.683250427246094
16.358308792114258
15.135045051574707
14.837052345275879
13.759732246398926
13.498942375183105
12.50333023071289
12.274434089660645
11.427337646484375
11.21863842010498
10.449877738952637
10.262984275817871
9.591620445251465
9.418572425842285
8.777904510498047
8.633338928222656
8.096001625061035
7.963132381439209
7.441854953765869
7.3273606300354
6.8927202224731445
6.781122207641602
6.395269393920898
6.287779331207275
5.907641410827637
5.818426132202148
5.489406108856201
5.406405925750732
5.112660884857178
5.03253698348999
4.759968280792236
4.687461853027344
4.434183120727539
4.370986461639404
4.150018215179443
4.0885396003723145
3.8697283267974854
3.8188555240631104
3.6273486614227295
3.5808029174804688
3.3960444927215576
3.3584237098693848
3.197768449783325
3.1599643230438232
2.999260902404785
2.966229200363159
2.8450498580932617
2.8063604831695557
2.682840585708618
2.648435354232788
2.5325229167938232
2.5027942657470703
2.3955161571502686
2.3684868812561035
2.2729034423828125
2.2460429668426514
2.1618237495422363
2.136573314666748
2.0456857681274414
2.025789976119995
1.9514528512954712
1.9306529760360718
1.8586921691894531
1.8402260541915894
1.7741761207580566
1.7571791410446167
1.7010605335235596
1.6824636459350586
1.626167893409729
1.6104716062545776
1.5543947219848633
1.5402945280075073
1.4931598901748657
1.479874849319458
1.4340157508850098
1.420271873474121
1.3804619312286377
1.3670645952224731
1.3244346380233765
1.3204060792922974
1.2845529317855835
1.2715704441070557
1.2287492752075195
1.2216969728469849
1.1918023824691772
1.1833783388137817
1.1525189876556396
1.145889401435852
1.1125216484069824
1.106163740158081
1.0846905708312988
1.0759280920028687
1.0489295721054077
1.0418946743011475
1.0148296356201172
1.009526252746582
0.9858851432800293
0.9813754558563232
0.9615045785903931
0.9556476473808289
0.9366217255592346
0.9332520365715027
0.9105530977249146
0.9059969186782837
0.8894932866096497
0.8864052295684814
0.8745979070663452
0.8677877187728882
0.8489222526550293
0.8446529507637024
0.8314442038536072
0.8266348242759705
0.8097213506698608
0.8074602484703064
0.7945026755332947
0.7917241454124451
0.7803104519844055
0.7782268524169922
0.7651821970939636
0.7619906067848206
0.7507480978965759
0.7486116290092468
0.7387853264808655
0.7356717586517334
0.7259953022003174
no squeeze
2975.7001953125
2824.550048828125
2762.940185546875
2382.130859375
2243.090087890625
1577.8179931640625
1397.641357421875
850.0864868164062
765.8682250976562
600.6428833007812
578.0867309570312
514.651611328125
502.0161437988281
461.1802062988281
452.1519775390625
422.0887756347656
415.2660217285156
392.00738525390625
386.5831604003906
367.99188232421875
363.6188659667969
348.1994323730469
344.6253662109375
331.65985107421875
328.5911865234375
317.637939453125
314.9561462402344
305.2213134765625
302.8768005371094
294.4120178222656
292.2472229003906
284.4854736328125
282.6031494140625
275.5218505859375
273.79229736328125
267.34112548828125
265.69488525390625
259.5294494628906
258.12628173828125
252.14556884765625
250.6504669189453
245.11602783203125
243.6147003173828
238.39524841308594
236.79966735839844
231.5330047607422
230.19264221191406
225.06008911132812
223.86151123046875
218.67359924316406
217.34896850585938
212.48928833007812
211.3024444580078
206.36099243164062
205.11642456054688
200.44107055664062
199.20863342285156
194.6915283203125
193.45054626464844
189.02439880371094
187.9982452392578
183.6744384765625
182.5912322998047
178.4759979248047
177.57891845703125
173.53477478027344
172.4942626953125
168.78262329101562
167.81028747558594
164.19044494628906
163.28956604003906
159.90478515625
159.0402374267578
155.8686065673828
155.0859375
151.97352600097656
151.2117156982422
148.33233642578125
147.6166534423828
145.01329040527344
144.30580139160156
141.68243408203125
141.04000854492188
138.63638305664062
138.0377197265625
135.8205108642578
135.26597595214844
133.19151306152344
132.6669464111328
130.66217041015625
130.16116333007812
128.3240203857422
127.87034606933594
126.16681671142578
125.77871704101562
124.19965362548828
123.82565307617188
122.36500549316406
121.9797592163086
120.65821838378906
120.30485534667969
119.06971740722656
118.75869750976562
117.66657257080078
117.39552307128906
116.29959106445312
116.05750274658203
115.11343383789062
114.87200927734375
114.00712585449219
113.7872085571289
112.99971771240234
112.78820037841797
112.07264709472656
111.891845703125
111.22711944580078
111.06819152832031
110.43920135498047
110.3008041381836
109.71344757080078
109.56063842773438
109.06807708740234
108.9196548461914
108.43633270263672
108.31067657470703
107.83903503417969
107.72509002685547
107.30255889892578
107.19282531738281
106.78373718261719
106.6852798461914
106.32221984863281
106.22184753417969
105.84577941894531
105.7762680053711
105.44791412353516
105.35075378417969
104.9910888671875
104.935302734375
104.64239501953125
104.56941986083984
104.24324798583984
104.1822280883789
103.9517822265625
103.86443328857422
103.5612564086914
103.49586486816406
103.25218963623047
103.18235778808594
102.970458984375
102.88842010498047
102.66246795654297
102.6180648803711
102.38980102539062
102.31758880615234
102.08270263671875
102.02424621582031
101.84432983398438
101.79700469970703
101.59381103515625
101.54402160644531
101.35052490234375
101.28409576416016
101.11128997802734
101.05686950683594
100.90132904052734
100.85755157470703
100.69593811035156
100.62584686279297
100.45836639404297
100.39363098144531
100.2457504272461
100.21810913085938
100.03254699707031
99.99321746826172
99.83604431152344
99.81985473632812
99.62537384033203
99.6144027709961
99.45577239990234
99.42715454101562
99.30264282226562
99.21553802490234
99.08531188964844
99.04219818115234
98.85462188720703
98.83757019042969
98.73430633544922
98.66051483154297
98.5513916015625
98.47179412841797
98.32252502441406
98.2868423461914
98.14952087402344
98.12662506103516
97.99435424804688
97.94580841064453
97.8122787475586
97.77017211914062
97.61810302734375
no squeeze
2961.65625
2489.7421875
2347.02392578125
1720.3011474609375
1550.2176513671875
967.9483642578125
855.9172973632812
596.1719970703125
562.2803344726562
478.3865051269531
462.8122863769531
412.7527160644531
401.8367004394531
365.0987854003906
356.87371826171875
328.51824951171875
322.1046447753906
299.72503662109375
294.63580322265625
276.7301330566406
272.64056396484375
258.26397705078125
254.88400268554688
243.13162231445312
240.35450744628906
230.63595581054688
228.3521728515625
220.3112030029297
218.38104248046875
211.47964477539062
209.85581970214844
203.96405029296875
202.52369689941406
197.35684204101562
196.09625244140625
191.53182983398438
190.43069458007812
186.29873657226562
185.29742431640625
181.61256408691406
180.6893310546875
177.33493041992188
176.5419158935547
173.54747009277344
172.8197479248047
170.09698486328125
169.4268341064453
166.99644470214844
166.40626525878906
164.2138214111328
163.6342010498047
161.68301391601562
161.18649291992188
159.4278564453125
158.98696899414062
157.38223266601562
157.00296020507812
155.5502471923828
155.18162536621094
153.90834045410156
153.57154846191406
152.38607788085938
152.0894012451172
151.04269409179688
150.77513122558594
149.80532836914062
149.55772399902344
148.64015197753906
148.42544555664062
147.57955932617188
147.38272094726562
146.66529846191406
146.4514923095703
145.75291442871094
145.5816650390625
144.91360473632812
144.72207641601562
144.10533142089844
143.97311401367188
143.38980102539062
143.22232055664062
142.70550537109375
142.5750274658203
142.07861328125
141.9595489501953
141.4578857421875
141.32424926757812
140.87396240234375
140.76622009277344
140.37510681152344
140.30923461914062
139.8877716064453
139.7597198486328
139.39944458007812
139.3107147216797
138.95315551757812
138.84693908691406
138.49319458007812
138.40785217285156
138.13067626953125
138.07403564453125
137.71615600585938
137.64556884765625
137.38575744628906
137.30613708496094
137.0627899169922
136.99293518066406
136.76853942871094
136.70106506347656
136.4202423095703
136.39073181152344
136.13401794433594
136.09999084472656
135.859375
135.8226776123047
135.6497344970703
135.5736541748047
135.40342712402344
135.31637573242188
135.18939208984375
135.1321563720703
134.93145751953125
134.88201904296875
134.7333526611328
134.6993865966797
134.53819274902344
134.49281311035156
134.37448120117188
134.34339904785156
134.20782470703125
134.1777801513672
134.03167724609375
133.97523498535156
133.8974609375
133.85606384277344
133.70004272460938
133.7187042236328
133.5751190185547
133.50572204589844
133.46847534179688
133.43968200683594
133.29019165039062
133.28623962402344
133.1705322265625
133.13922119140625
133.0547637939453
133.03363037109375
132.9344024658203
132.92156982421875
132.8208770751953
132.79742431640625
132.73484802246094
132.68580627441406
132.62091064453125
132.58770751953125
132.49661254882812
132.46630859375
132.4273223876953
132.37713623046875
132.32284545898438
132.32176208496094
132.1884307861328
132.1970977783203
132.14312744140625
132.1478729248047
132.0277557373047
132.056640625
131.99618530273438
131.9701690673828
131.94447326660156
131.88577270507812
131.87095642089844
131.80870056152344
131.74769592285156
131.75
131.71908569335938
131.69949340820312
131.70745849609375
131.62802124023438
131.57171630859375
131.53724670410156
131.54891967773438
131.50799560546875
131.4428253173828
131.43359375
131.47108459472656
131.38279724121094
131.3689727783203
131.3563995361328
131.30445861816406
131.3319091796875
131.304443359375
131.2473602294922
131.18333435058594
131.21005249023438
131.17892456054688
131.1878204345703
131.1276397705078
131.15081787109375
131.10194396972656
no squeeze
2954.15625
1719.262939453125
1448.0191650390625
736.5319213867188
644.1489868164062
480.6822204589844
460.5274353027344
409.7430114746094
401.2511291503906
377.3064270019531
372.9095153808594
360.0043640136719
357.5314025878906
350.1010437011719
348.7289123535156
344.27789306640625
343.4339599609375
340.8538513183594
340.60284423828125
338.6635437011719
338.3609313964844
337.3204040527344
337.1466979980469
336.4284973144531
336.29913330078125
335.8224792480469
335.6854553222656
335.3599548339844
335.27642822265625
335.051025390625
334.931640625
334.8888854980469
334.783447265625
334.6385498046875
334.7150573730469
334.52935791015625
334.5140380859375
334.4124450683594
334.6382751464844
334.3936462402344
334.5178527832031
334.3797302246094
334.3781433105469
334.3997497558594
334.2619323730469
334.5854187011719
334.63385009765625
334.51617431640625
