no squeeze
12.229456901550293
3.4853391647338867
1.6277128458023071
1.028159737586975
0.5812439322471619
0.40730762481689453
0.30865490436553955
0.43148720264434814
0.21832235157489777
0.13305307924747467
0.11110803484916687
0.09296642988920212
0.07289572060108185
0.06834237277507782
0.05730074644088745
0.10330850630998611
0.06980696320533752
0.06035466492176056
0.02564581111073494
0.04029252752661705
0.028058571740984917
0.024693328887224197
0.037701547145843506
0.03529718518257141
0.03183770552277565
0.016237773001194
0.038073644042015076
0.017063207924365997
0.017560698091983795
0.027172930538654327
0.029853040352463722
0.03620297461748123
0.0425499752163887
0.023639876395463943
0.014450836926698685
0.012536645866930485
0.01997268944978714
0.01987135410308838
0.032683875411748886
0.012358526699244976
0.014355395920574665
0.016410306096076965
0.012786634266376495
0.015147830359637737
0.02156590297818184
0.0551387295126915
0.07419034093618393
0.0206799004226923
0.013462774455547333
0.01573362573981285
no squeeze
14.398275375366211
5.337181568145752
2.7603342533111572
1.9814320802688599
1.3969486951828003
1.1915624141693115
1.117422342300415
0.8585743308067322
0.8252682089805603
0.7097362875938416
0.6503016948699951
0.7016915082931519
0.7222205996513367
0.586951494216919
0.5835798382759094
0.6184825301170349
0.7436429262161255
0.5353562235832214
0.44473332166671753
0.554836094379425
0.5394018292427063
0.456737220287323
0.45894351601600647
0.4390846788883209
0.6236969232559204
0.6854079365730286
0.4693772494792938
0.5589743852615356
0.4409657120704651
0.4381312131881714
0.539393961429596
0.4580429792404175
0.4843417704105377
0.44268909096717834
0.5412406921386719
0.46592360734939575
0.4196362793445587
0.3810994327068329
0.39452919363975525
0.39921796321868896
0.4824802875518799
0.4227263331413269
0.44764769077301025
0.3261730372905731
0.49166789650917053
0.5814595222473145
0.3739638030529022
0.3227437138557434
0.3653597831726074
0.479451060295105
0.490136981010437
0.3507783114910126
0.31772610545158386
0.3168669641017914
0.3285427689552307
0.47053152322769165
0.4902084171772003
0.3843722641468048
0.38327670097351074
0.3985919952392578
0.41994476318359375
0.3951232433319092
0.3775632977485657
0.3432161808013916
no squeeze
12.717508316040039
5.631137371063232
3.4451372623443604
2.036118745803833
1.5703741312026978
1.2645618915557861
1.0567659139633179
0.617913007736206
0.5465253591537476
0.5211987495422363
0.3555929660797119
0.3389125466346741
0.25241658091545105
0.2954283058643341
0.23103778064250946
0.1749972254037857
0.19073355197906494
0.19147814810276031
0.25628629326820374
0.271249920129776
0.1592840552330017
0.13047002255916595
0.13342972099781036
0.1360507607460022
0.09346025437116623
0.0838184505701065
0.07624547183513641
0.06078837811946869
0.06763754785060883
0.07881087809801102
0.048452381044626236
0.06754627078771591
0.049272213131189346
0.054467231035232544
0.0617973655462265
0.08067912608385086
0.10245123505592346
0.13789986073970795
0.05531294271349907
0.047014687210321426
0.027384808287024498
0.02795400843024254
0.03995159640908241
0.031197328120470047
0.03447861969470978
0.0464242547750473
0.1020565927028656
0.06237208843231201
0.07005278766155243
0.083367258310318
0.03228534385561943
no squeeze
12.394083976745605
6.001255512237549
4.859365940093994
4.091222763061523
3.607449531555176
3.147655487060547
2.793522357940674
2.412815809249878
2.1814112663269043
1.9823681116104126
1.8386667966842651
1.6628673076629639
1.6107555627822876
1.4812852144241333
1.4155901670455933
1.364064335823059
1.223905086517334
1.2434782981872559
1.1090651750564575
1.0524466037750244
1.0265182256698608
0.929651141166687
0.9609931111335754
0.866904616355896
0.8308396935462952
0.812503457069397
0.7891981601715088
0.7647234201431274
0.7711900472640991
0.6996498107910156
0.6831026673316956
0.67625892162323
0.6961363554000854
0.6434289216995239
0.6060041189193726
0.608043372631073
0.54557865858078
0.5618517994880676
0.5152249336242676
0.6168540120124817
0.5228302478790283
0.5349878072738647
0.5408159494400024
0.44899219274520874
0.48321017622947693
0.48437216877937317
0.44032251834869385
0.4619229733943939
0.41776326298713684
0.43689295649528503
0.39596042037010193
0.38615015149116516
0.4114063084125519
0.39797377586364746
0.37159451842308044
0.45111748576164246
0.39270713925361633
0.3538593351840973
0.38736194372177124
0.35025525093078613
0.31704264879226685
0.3277387320995331
0.34687191247940063
0.3177354335784912
0.3602680563926697
0.3258231282234192
0.3175566494464874
0.3411172032356262
0.3121798038482666
0.31607234477996826
0.27183979749679565
0.34660083055496216
0.30264225602149963
0.32018792629241943
0.30114099383354187
0.26467567682266235
0.28255537152290344
0.32889091968536377
0.29448074102401733
0.2795789837837219
0.3056299090385437
0.2657468616962433
0.28737521171569824
0.3270147144794464
0.2813946008682251
0.29790356755256653
no squeeze
14.873929977416992
5.9550981521606445
4.1913652420043945
3.1290581226348877
2.516622543334961
2.1669979095458984
1.8158775568008423
1.6442077159881592
1.500849723815918
1.3682856559753418
1.242714762687683
1.0948516130447388
1.0501823425292969
0.9962857961654663
0.9858106374740601
0.8841956257820129
0.7719271779060364
0.7676834464073181
0.7253331542015076
0.8246084451675415
0.7844182848930359
0.6738989949226379
0.6360498666763306
0.643163800239563
0.5521976947784424
0.5370339751243591
0.6163606643676758
0.5263178944587708
0.5400299429893494
0.5062573552131653
0.5289344191551208
0.6002517342567444
0.5215560793876648
0.4549064040184021
0.5001813769340515
0.4568294584751129
0.48735466599464417
0.5422816872596741
0.5420718789100647
0.5017662048339844
0.4261123239994049
0.43484917283058167
0.3915939927101135
0.40922197699546814
0.36543580889701843
0.4310973882675171
0.4277503788471222
0.3497163951396942
0.42426636815071106
0.35676953196525574
0.3293921649456024
0.48110678791999817
0.384657084941864
0.3488280773162842
0.41186749935150146
0.3717799186706543
0.34056034684181213
0.3179825246334076
0.32433342933654785
0.3655068576335907
0.32231205701828003
0.3846840560436249
0.2934125065803528
0.27943122386932373
0.2979448437690735
0.3119225800037384
0.29633036255836487
0.335733562707901
0.26866185665130615
0.28378185629844666
0.23777377605438232
0.27755919098854065
0.3119437098503113
0.2811998426914215
0.24831296503543854
0.23746849596500397
0.25010740756988525
0.24174053966999054
0.29682618379592896
0.26533618569374084
0.29488083720207214
0.27468225359916687
0.31214720010757446
0.22639071941375732
0.29246363043785095
0.2620512843132019
0.2734985947608948
0.2891401946544647
0.24310949444770813
0.22881938517093658
0.24703972041606903
0.2695366144180298
0.2198508083820343
0.343368262052536
0.2217826098203659
0.27840906381607056
0.24829767644405365
0.260818213224411
0.23970769345760345
0.21121300756931305
0.21356533467769623
0.21819432079792023
0.19889092445373535
0.2460213452577591
0.23319335281848907
0.21071530878543854
0.19891218841075897
0.19457945227622986
0.22118526697158813
0.18960131704807281
0.18351569771766663
0.20685788989067078
0.1949908286333084
0.2158096432685852
0.22473491728305817
0.22427058219909668
0.19777296483516693
0.20597997307777405
0.20886050164699554
0.18080230057239532
0.19751498103141785
0.15053315460681915
0.19343064725399017
0.15948107838630676
0.20444060862064362
0.18632462620735168
0.20300136506557465
0.17790856957435608
0.20249667763710022
0.18815073370933533
0.18778148293495178
0.1644849181175232
no squeeze
19.18660545349121
5.3246684074401855
2.5069797039031982
1.8598672151565552
1.8458918333053589
1.2409756183624268
1.4437309503555298
1.3001322746276855
1.3832790851593018
1.4169645309448242
1.4164648056030273
1.1954578161239624
1.5268362760543823
0.8455796837806702
1.63581383228302
0.9870643019676208
0.8702727556228638
1.372979760169983
1.542810082435608
1.4165403842926025
1.4436100721359253
1.5221118927001953
1.2665159702301025
1.3069039583206177
