no squeeze
116.02049255371094
36.34865951538086
27.94481086730957
17.810983657836914
16.587995529174805
13.330140113830566
12.722493171691895
10.981278419494629
10.64411735534668
9.649808883666992
9.453064918518066
8.89818000793457
8.790290832519531
8.479738235473633
8.419182777404785
8.244037628173828
8.211113929748535
8.113466262817383
8.097311973571777
8.052337646484375
8.037439346313477
8.000977516174316
7.999997615814209
7.98297119140625
7.979034900665283
7.96955680847168
7.9591593742370605
7.959780216217041
7.959517955780029
7.951550006866455
7.9505839347839355
7.9485344886779785
7.9468865394592285
7.939434051513672
7.940646648406982
7.9401960372924805
no squeeze
117.05746459960938
52.41585922241211
41.219642639160156
21.560916900634766
19.682992935180664
14.804427146911621
13.905455589294434
11.186760902404785
10.640190124511719
8.995672225952148
8.661370277404785
7.644737243652344
7.446380138397217
6.823810577392578
6.701752185821533
6.32379674911499
6.245314598083496
6.010169506072998
5.9654059410095215
5.816216945648193
5.787631511688232
5.684674263000488
5.6652727127075195
5.591985702514648
5.5787672996521
5.529868125915527
5.522738933563232
5.488367080688477
5.482058525085449
5.450799942016602
5.445959091186523
5.423683166503906
5.420943260192871
5.4081573486328125
5.409952640533447
5.392641067504883
5.390715599060059
5.3708295822143555
5.375399112701416
5.373939037322998
no squeeze
117.547119140625
52.786983489990234
41.495086669921875
18.87752914428711
16.368799209594727
10.974443435668945
10.150473594665527
7.8217692375183105
7.362459182739258
5.934728622436523
5.633943557739258
4.660080432891846
4.452214241027832
3.7670929431915283
3.6164968013763428
3.1132290363311768
3.0027236938476562
2.632124423980713
2.55049204826355
2.270904302597046
2.2074689865112305
1.992173433303833
1.944502830505371
1.7860029935836792
1.7485482692718506
1.6227580308914185
1.5948792695999146
1.4985878467559814
1.4766552448272705
1.3988844156265259
1.380627155303955
1.3184645175933838
1.3030099868774414
1.251122236251831
1.2388391494750977
1.1959131956100464
1.1852279901504517
1.148608922958374
1.1397314071655273
1.1092290878295898
1.101963758468628
1.0766932964324951
1.0713543891906738
1.0507621765136719
1.0460219383239746
1.0277446508407593
1.023307204246521
1.0085909366607666
1.00491201877594
0.9927787184715271
0.9900147318840027
0.9795336127281189
0.9769056439399719
0.9686775803565979
0.966231107711792
0.9591364860534668
0.9575605392456055
0.9508052468299866
0.9486134648323059
0.9436722993850708
0.9425258636474609
0.9361423850059509
0.9358002543449402
0.9308165311813354
0.9301862716674805
0.9265244007110596
0.9249461889266968
0.9220739603042603
0.9212831854820251
0.9177969098091125
0.9168370366096497
0.914521336555481
0.9132250547409058
0.9118260741233826
0.9119958281517029
0.9080852270126343
0.9078558087348938
0.9051133394241333
0.9053199291229248
0.9035165905952454
0.9028453230857849
0.9016732573509216
0.9014632701873779
0.8990930318832397
0.8981446027755737
0.8972132205963135
0.8959203958511353
0.8958479762077332
0.8960937857627869
0.8935319781303406
0.8941728472709656
0.8924927115440369
0.8926857113838196
0.8906359076499939
0.8907235860824585
0.8896887898445129
0.8897315859794617
0.8881711959838867
0.8888630867004395
0.8869826197624207
0.886968731880188
0.8866258263587952
0.8862422704696655
0.8851680755615234
0.8853176236152649
0.8843507766723633
0.8849958777427673
0.8835276961326599
0.8837030529975891
0.8826078772544861
0.8830219507217407
0.8825556635856628
0.8818445801734924
0.8817781805992126
0.8823058605194092
0.8795088529586792
0.8805486559867859
0.8794872760772705
0.8800798654556274
0.8798577189445496
no squeeze
118.38333129882812
90.18294525146484
82.32695770263672
56.20291519165039
51.54091262817383
39.677886962890625
37.67798614501953
32.06537628173828
30.996315002441406
27.763031005859375
27.07447624206543
24.892763137817383
24.41119384765625
22.80193519592285
22.44891357421875
21.226091384887695
20.92945098876953
19.922697067260742
19.683204650878906
18.85113525390625
18.648977279663086
17.94207763671875
17.77069664001465
17.169076919555664
17.005666732788086
16.488319396972656
16.34772491455078
15.87643814086914
15.7614107131958
15.344772338867188
15.231881141662598
14.851038932800293
14.753204345703125
14.411372184753418
14.322129249572754
14.005871772766113
13.924196243286133
13.633506774902344
13.554400444030762
13.291337013244629
13.224715232849121
12.972930908203125
12.91342830657959
12.676210403442383
12.620749473571777
12.403630256652832
12.347248077392578
12.145998001098633
12.092705726623535
11.917174339294434
11.859785079956055
11.70119571685791
11.644282341003418
11.486724853515625
11.445347785949707
11.301950454711914
11.255035400390625
11.111416816711426
11.082728385925293
10.961373329162598
10.920156478881836
10.795883178710938
10.763981819152832
10.654940605163574
10.627791404724121
10.526768684387207
10.494305610656738
10.405179023742676
10.376255989074707
10.292398452758789
10.25961971282959
10.178070068359375
10.147115707397461
10.069735527038574
10.050073623657227
9.979036331176758
9.955971717834473
9.881099700927734
9.857799530029297
9.798628807067871
9.778149604797363
9.715448379516602
9.694877624511719
9.633143424987793
9.615377426147461
9.558004379272461
9.532251358032227
9.485438346862793
9.474149703979492
9.42065715789795
9.398818016052246
9.344637870788574
9.338705062866211
9.288162231445312
9.268712043762207
9.217081069946289
9.203377723693848
9.163339614868164
9.153709411621094
9.114548683166504
9.104862213134766
9.05891227722168
9.043146133422852
9.007740020751953
8.994720458984375
8.96345043182373
8.952089309692383
8.922589302062988
8.909849166870117
8.880817413330078
8.866644859313965
8.84056282043457
8.832438468933105
8.807918548583984
8.796060562133789
8.778264045715332
8.766849517822266
8.741119384765625
8.73121452331543
8.71265983581543
8.707440376281738
8.696813583374023
8.686426162719727
8.670938491821289
8.660130500793457
8.637740135192871
8.63092041015625
8.61892318725586
8.611454010009766
8.605143547058105
8.592644691467285
8.578420639038086
8.579427719116211
8.551146507263184
8.554681777954102
8.548114776611328
8.545207023620605
8.532205581665039
8.523194313049316
8.503885269165039
8.50851821899414
8.490743637084961
8.491840362548828
8.477235794067383
8.466299057006836
8.459381103515625
8.460198402404785
8.441859245300293
8.441434860229492
8.437148094177246
8.42805290222168
8.416069030761719
8.418523788452148
8.411375045776367
8.412628173828125
8.399626731872559
8.395601272583008
8.382380485534668
8.370198249816895
8.362329483032227
8.355448722839355
8.359955787658691
8.342849731445312
8.33381175994873
8.32909870147705
8.322450637817383
8.323472023010254
8.320849418640137
8.308938980102539
8.308396339416504
8.300897598266602
8.298694610595703
8.28825855255127
8.289837837219238
8.284126281738281
8.282245635986328
8.267660140991211
8.261594772338867
8.253911972045898
8.248618125915527
8.24421501159668
8.232264518737793
8.228785514831543
8.223626136779785
8.225685119628906
8.219574928283691
8.22082233428955
8.21227741241455
8.197311401367188
8.194007873535156
8.191436767578125
8.190399169921875
8.18331527709961
8.178289413452148
8.173827171325684
8.16891860961914
8.163557052612305
8.154261589050293
8.157238006591797
8.144660949707031
no squeeze
117.32127380371094
62.1001091003418
53.26398849487305
34.43603515625
31.98829460144043
25.83591651916504
24.771345138549805
21.654102325439453
21.03633689880371
19.07512664794922
18.66798210144043
17.332714080810547
17.037433624267578
16.064802169799805
15.841569900512695
15.102395057678223
14.935681343078613
14.352799415588379
14.215887069702148
13.752532005310059
13.634476661682129
13.245831489562988
13.155213356018066
12.826120376586914
12.744878768920898
12.472092628479004
12.395772933959961
12.156424522399902
12.09252643585205
11.881227493286133
11.828145980834961
11.642767906188965
11.603326797485352
11.4380521774292
11.396571159362793
11.259546279907227
11.220258712768555
11.094685554504395
11.068609237670898
10.960235595703125
10.927980422973633
10.832723617553711
10.801898956298828
10.72531509399414
10.698351860046387
10.61825942993164
10.598432540893555
10.529678344726562
10.513290405273438
10.44494342803955
10.431682586669922
10.375692367553711
10.368755340576172
10.315349578857422
10.298211097717285
10.244684219360352
10.234522819519043
10.198326110839844
10.178438186645508
10.152542114257812
10.139331817626953
10.093962669372559
10.090310096740723
10.070181846618652
10.060303688049316
10.018197059631348
10.02025032043457
9.989124298095703
9.976850509643555
9.955937385559082
9.955718994140625
9.933098793029785
9.928467750549316
9.899953842163086
9.903036117553711
9.890382766723633
9.87738037109375
9.855536460876465
9.851656913757324
9.841208457946777
9.832246780395508
9.824700355529785
9.817461967468262
9.801417350769043
9.801942825317383
9.790693283081055
9.779696464538574
9.77120590209961
9.766398429870605
9.76224422454834
9.757047653198242
9.752635955810547
9.744330406188965
9.729081153869629
9.732925415039062
9.728546142578125
9.71973705291748
9.712455749511719
9.704774856567383
9.697935104370117
9.696616172790527
9.685507774353027
9.679734230041504
9.685977935791016
9.681581497192383
9.671510696411133
9.674674987792969
9.659385681152344
9.656025886535645
9.647867202758789
9.654824256896973
9.655750274658203
no squeeze
112.57675170898438
27.783567428588867
25.81219482421875
23.164579391479492
22.946809768676758
22.593416213989258
22.557086944580078
22.518110275268555
22.507265090942383
22.50617027282715
22.498699188232422
22.50065040588379
22.501001358032227
22.525970458984375
