no squeeze
2.6274564266204834
0.14574788510799408
0.09204002469778061
0.03329986706376076
0.02937561273574829
0.02313479222357273
0.02259252965450287
0.0214687529951334
0.021322356536984444
0.02101234160363674
0.020961614325642586
0.020819224417209625
0.02078101597726345
0.02068730629980564
0.020744983106851578
0.020669009536504745
0.020661422982811928
0.020605146884918213
0.020595461130142212
0.020588573068380356
0.020875079557299614
0.020776139572262764
no squeeze
3.20530104637146
0.309469074010849
0.2691197991371155
0.22188082337379456
0.2182473987340927
0.21302282810211182
0.216444194316864
0.2105856090784073
0.21050259470939636
0.20767346024513245
0.20936185121536255
0.20773468911647797
no squeeze
2.8943169116973877
0.2860161364078522
0.20188111066818237
0.08006005734205246
0.06788315623998642
0.041244495660066605
0.03734022006392479
0.027407290413975716
0.025630304589867592
0.02070235088467598
0.01977064087986946
0.017061196267604828
0.016494974493980408
0.0147772915661335
0.01436616387218237
0.013198955915868282
0.012976333498954773
0.012181784026324749
0.012015875428915024
0.011476606130599976
0.01130218431353569
0.010900342836976051
0.010799909941852093
0.010422972030937672
0.010372690856456757
0.010190878994762897
0.01014424953609705
0.00986471213400364
0.009836168959736824
0.00967839453369379
0.00961342640221119
0.009510858915746212
0.009489684365689754
0.009333058260381222
0.00930837169289589
0.009254875592887402
0.009214319288730621
0.009202956221997738
0.009120075032114983
0.00908613856881857
0.009043878875672817
0.00900101289153099
0.008979737758636475
0.008957497775554657
0.008961989544332027
0.008883875794708729
0.00885752309113741
0.008809381164610386
0.008845409378409386
0.008823040872812271
no squeeze
3.51137638092041
0.965060830116272
0.845937967300415
0.6367262005805969
0.6094379425048828
0.5412527918815613
0.5264023542404175
0.4838411808013916
0.4753638803958893
0.4448460042476654
0.4382627010345459
0.4149340093135834
0.4098631739616394
0.3917351961135864
0.3874433636665344
0.371177077293396
0.36792826652526855
0.35328805446624756
0.3512512445449829
0.33941394090652466
0.3367081582546234
0.32679349184036255
0.32430553436279297
0.31511813402175903
0.3129112720489502
0.30609583854675293
0.30429139733314514
0.2978748083114624
0.29593968391418457
0.2882235050201416
0.2874973714351654
0.2801431715488434
0.2798135280609131
0.27488505840301514
0.2728728652000427
0.26956063508987427
0.2664785385131836
0.26099175214767456
0.260132372379303
0.2539002597332001
0.2541787624359131
0.24808883666992188
0.24676719307899475
0.24280881881713867
0.24019159376621246
0.23551085591316223
0.23410838842391968
0.22981351613998413
0.22851844131946564
0.2253217101097107
0.2247922569513321
0.22188463807106018
0.22152361273765564
0.22124174237251282
0.21999487280845642
0.21872909367084503
0.21965104341506958
0.21762137115001678
0.21735209226608276
0.21735134720802307
0.21675528585910797
0.2158564031124115
0.21606041491031647
0.2154792696237564
0.21459729969501495
0.21402648091316223
0.21406404674053192
0.21320608258247375
0.21352963149547577
0.21323999762535095
no squeeze
3.153442144393921
0.5852802395820618
0.5002188086509705
0.3632245361804962
0.34766241908073425
0.30898645520210266
0.30216142535209656
0.2835613191127777
0.2792441248893738
0.2666981816291809
0.2645094692707062
0.2554020285606384
0.2535856068134308
0.24648629128932953
0.2446846216917038
0.24027350544929504
0.2391071766614914
0.2339424043893814
0.2325844019651413
0.2291637510061264
0.22921007871627808
0.22534915804862976
0.22507652640342712
0.22338636219501495
0.2226414680480957
0.22061792016029358
0.22180332243442535
0.21910008788108826
0.2191600501537323
0.21866226196289062
0.21768857538700104
0.21676389873027802
0.2170668989419937
0.21646009385585785
0.2160772830247879
0.21532566845417023
0.21547919511795044
0.21535862982273102
no squeeze
3.0711171627044678
0.46324121952056885
0.43881458044052124
0.41454896330833435
0.4114992916584015
0.4108622968196869
0.41147297620773315
0.4125155508518219
