no squeeze
7.560708522796631
2.1388440132141113
1.0860626697540283
0.5669052600860596
0.32496964931488037
0.14189989864826202
0.08566401153802872
0.04210551828145981
0.033195704221725464
0.0218849778175354
0.013750055804848671
0.009817386046051979
0.0163574181497097
0.005289745982736349
0.004897297825664282
0.004049969371408224
0.007577061653137207
0.007673072163015604
0.0030810702592134476
0.002109376946464181
0.001918310415931046
0.0029189051128923893
0.0013114886824041605
0.0011965720914304256
0.0019559236243367195
0.0007832470000721514
0.005685039330273867
0.00749801192432642
0.0012354718055576086
0.0017917047953233123
0.0006682018865831196
0.0006704642437398434
0.0012065209448337555
0.0008322310168296099
0.006160584278404713
0.00039974477840587497
0.001401013694703579
0.0004977758508175611
0.0018700442742556334
0.001298648538067937
0.00044033085578121245
0.00040669957525096834
0.0008070833864621818
0.00043298114906065166
0.0017752463463693857
0.018268609419465065
no squeeze
5.402934551239014
1.7238125801086426
1.1599178314208984
0.7992757558822632
0.6120133399963379
0.4975303113460541
0.4360622465610504
0.3224356770515442
0.26060718297958374
0.2562946081161499
0.2694990038871765
0.2433433085680008
0.26418036222457886
0.21345838904380798
0.21423320472240448
0.22556129097938538
0.2024799883365631
0.25201067328453064
0.1823013573884964
0.18667085468769073
0.1627769023180008
0.169964998960495
0.1897672861814499
0.1747540384531021
0.19816985726356506
0.15907320380210876
0.19570031762123108
0.17379029095172882
0.17301630973815918
0.16956764459609985
0.16888168454170227
0.1809728592634201
0.17448827624320984
0.13097572326660156
0.19308577477931976
0.16901566088199615
0.15904775261878967
0.16998183727264404
0.1523013859987259
0.23315855860710144
0.21482235193252563
0.20240244269371033
0.14937631785869598
0.1547524482011795
no squeeze
6.099061489105225
2.7809245586395264
1.9942042827606201
1.4126452207565308
1.1407338380813599
0.8980512619018555
0.7385494709014893
0.7346371412277222
0.6844865679740906
0.5230166912078857
0.35869482159614563
0.4138309955596924
0.2490627020597458
0.2814842462539673
0.2654762268066406
0.18691161274909973
0.1635580062866211
0.2343067079782486
0.420742928981781
0.18527615070343018
0.11072303354740143
0.10052180290222168
0.11847683042287827
0.2284315824508667
0.4723244607448578
0.261719673871994
0.09262628108263016
0.13365420699119568
0.10512608289718628
0.060762856155633926
0.1046270877122879
0.12747937440872192
0.07604765892028809
0.04087335988879204
0.0562959648668766
0.1466038078069687
0.0487101785838604
0.053231269121170044
0.04390874132514
0.14979492127895355
0.12661878764629364
0.16835710406303406
0.054969675838947296
0.05146177485585213
no squeeze
8.735641479492188
3.0895066261291504
2.6724131107330322
2.2326104640960693
1.9714292287826538
1.7739503383636475
1.6101640462875366
1.4260424375534058
1.3227945566177368
1.2283514738082886
1.0941815376281738
1.004228115081787
0.9691495299339294
0.9246010780334473
0.8223854899406433
0.7554849982261658
0.6835348010063171
0.6550107598304749
0.6213483214378357
0.6131159663200378
0.5691236853599548
0.4990488886833191
0.509584903717041
0.49008095264434814
0.42411166429519653
0.44376417994499207
0.3873649537563324
0.4200841784477234
0.378281831741333
0.3627208471298218
0.3667638599872589
0.3368953466415405
0.35633814334869385
0.33252260088920593
0.32124900817871094
0.3517964482307434
0.32482388615608215
0.3418131470680237
0.29517191648483276
0.3000994622707367
0.2811051309108734
0.26626652479171753
0.29795101284980774
0.26821818947792053
0.24647173285484314
0.24351494014263153
0.23825407028198242
0.27896082401275635
0.25631946325302124
0.2687963843345642
0.23265846073627472
0.22919657826423645
0.2309856116771698
0.23946130275726318
0.21542324125766754
0.25997814536094666
0.2159961313009262
0.22373157739639282
0.20894798636436462
0.18111561238765717
0.20213189721107483
0.2276708483695984
0.22152511775493622
0.2064020186662674
0.2081523984670639
0.19561204314231873
0.18431401252746582
0.1733429878950119
0.18056432902812958
0.16761574149131775
0.17329362034797668
0.18756528198719025
0.20914845168590546
0.1886216253042221
0.1608859747648239
0.17820493876934052
0.17122776806354523
0.16319862008094788
0.16890719532966614
0.161739781498909
0.16083212196826935
0.15089751780033112
0.17196911573410034
0.167373925447464
0.14467673003673553
0.16980209946632385
0.15319955348968506
0.16450494527816772
0.15213441848754883
0.15707489848136902
0.14439266920089722
0.17336636781692505
0.14668573439121246
0.16301989555358887
0.1359873265028
0.13522198796272278
0.1561071127653122
0.14470846951007843
0.13827715814113617
0.12819643318653107
0.13936828076839447
0.15281903743743896
0.14124654233455658
0.13744193315505981
0.1589428186416626
0.14246316254138947
0.15661458671092987
0.1528700590133667
0.1440504938364029
0.13462920486927032
no squeeze
6.21435546875
2.1652817726135254
1.5410877466201782
1.2459813356399536
1.024388313293457
0.876237154006958
0.7578903436660767
0.6480883359909058
0.5636376738548279
0.5423751473426819
0.4763617217540741
0.4444318115711212
0.41166993975639343
0.40012088418006897
0.3864040672779083
0.3713388741016388
0.34447553753852844
0.3498202860355377
0.29949554800987244
0.2695491313934326
0.28355953097343445
0.27718472480773926
0.24597257375717163
0.25897932052612305
0.23309041559696198
0.2403256744146347
0.2453162968158722
0.24885262548923492
0.2175838202238083
0.21546901762485504
0.19305919110774994
0.2266206294298172
0.2350151240825653
0.21806611120700836
0.16470298171043396
0.2196420431137085
0.18019826710224152
0.17217884957790375
0.17856697738170624
0.17106269299983978
0.1736047863960266
0.16081932187080383
0.166633740067482
0.16307419538497925
0.1463400423526764
0.1582038253545761
0.15193428099155426
0.15283288061618805
0.15289118885993958
0.15652090311050415
0.17573189735412598
0.1319947987794876
0.14738471806049347
0.13711412250995636
0.15631653368473053
0.1341877281665802
0.1190880760550499
0.14142723381519318
0.1037319153547287
0.1274276077747345
0.137441024184227
0.1529480218887329
0.13972653448581696
0.12925416231155396
0.11883986741304398
0.13353684544563293
0.10686427354812622
0.14814892411231995
0.14013473689556122
no squeeze
4.6311211585998535
1.8507436513900757
1.1668707132339478
0.6633831858634949
0.6341379284858704
1.0627954006195068
0.5890077352523804
0.7129380106925964
0.6127150654792786
0.6292600035667419
0.4060864746570587
0.3275162875652313
0.5576332211494446
0.4774158000946045
0.2893185615539551
0.2745489180088043
0.30061155557632446
0.8031206727027893
0.4859744608402252
0.5809201598167419
0.37055686116218567
0.385775625705719
0.514383852481842
0.45944011211395264
0.2775724530220032
0.46644628047943115
