no squeeze
5.1637773513793945
1.7535067796707153
0.7819061279296875
0.33552828431129456
0.23260296881198883
0.21981021761894226
0.13210688531398773
0.10048180818557739
0.1214723065495491
0.07279887795448303
0.07516734302043915
0.09684979915618896
0.07052189856767654
0.08763464540243149
0.08559785783290863
0.0816747397184372
0.05786258354783058
0.06905129551887512
0.06166486069560051
0.03988645598292351
0.0760430321097374
0.09252195805311203
0.05798403173685074
0.054660674184560776
0.06985941529273987
0.06439685076475143
0.08146613836288452
0.0608290396630764
0.043072450906038284
0.09969823062419891
no squeeze
6.348505020141602
1.7771289348602295
0.9689282774925232
0.5995922088623047
0.42358091473579407
0.3280383050441742
0.33385875821113586
0.4128585159778595
0.28484660387039185
0.24681952595710754
0.2411491572856903
0.26862597465515137
0.2858302891254425
0.22932635247707367
0.2937142848968506
0.24336324632167816
0.2506650984287262
0.26743146777153015
0.2597688138484955
0.2274835705757141
0.2114352434873581
0.18207420408725739
0.18628650903701782
0.16913600265979767
0.20486091077327728
0.17944778501987457
0.1790367066860199
0.2059723436832428
0.2656680941581726
0.24342571198940277
0.19078890979290009
0.16535142064094543
0.1507924646139145
0.21979694068431854
0.19664664566516876
0.24296775460243225
0.167898491024971
0.20470352470874786
0.1576429009437561
0.16151630878448486
0.18757137656211853
0.16724562644958496
0.1949464976787567
no squeeze
5.405533790588379
2.4140219688415527
1.428824543952942
1.0913703441619873
0.8049958348274231
0.6254135966300964
0.5648128986358643
0.5340282917022705
0.5789986252784729
0.5035668611526489
0.44859716296195984
0.3850816488265991
0.4164969325065613
0.29012975096702576
0.3338138163089752
0.30924147367477417
0.39987412095069885
0.27297502756118774
0.20158043503761292
0.42637401819229126
0.17897093296051025
0.17218123376369476
0.1517123281955719
0.40945565700531006
0.19519194960594177
0.1454414427280426
0.14265115559101105
0.2382393628358841
0.13265252113342285
0.12268953025341034
0.12132829427719116
0.1786888688802719
0.13072922825813293
0.18591755628585815
0.15860654413700104
0.09152820706367493
0.11792955547571182
0.06061811000108719
0.07684727758169174
0.11449848860502243
0.05019162595272064
0.06369786709547043
0.06363798677921295
0.06260323524475098
0.0607113279402256
0.0661139115691185
0.13756801187992096
0.09246507287025452
0.07497862726449966
0.11927823722362518
0.06629934906959534
no squeeze
6.235570907592773
2.6811723709106445
2.0876195430755615
1.6517384052276611
1.3351736068725586
1.1247978210449219
0.9810233116149902
0.8531491160392761
0.7323271036148071
0.6475021839141846
0.5532031059265137
0.5426366925239563
0.525871217250824
0.4883404076099396
0.4679798185825348
0.44166967272758484
0.3995995819568634
0.4081967771053314
0.41121751070022583
0.39836347103118896
0.3471616208553314
0.34727242588996887
0.33850356936454773
0.365602046251297
0.3144340217113495
0.33321642875671387
0.30530792474746704
0.33168765902519226
0.29143330454826355
0.2984018921852112
0.3293636441230774
0.32674986124038696
0.3131239116191864
0.28735673427581787
0.2766391932964325
0.25458085536956787
0.2537599802017212
0.251996248960495
0.32307955622673035
0.2887166738510132
0.2571965157985687
0.2533404529094696
0.25990742444992065
0.24671465158462524
0.23200558125972748
0.23115390539169312
0.26814889907836914
0.23123624920845032
0.22641521692276
0.2201957404613495
0.25237637758255005
0.25418856739997864
0.22473394870758057
0.22659406065940857
0.21745362877845764
0.21326124668121338
0.20880994200706482
0.20514638721942902
0.19023549556732178
0.19682471454143524
0.20095910131931305
0.2032729983329773
0.20315900444984436
0.1958969682455063
0.21258264780044556
0.1878260225057602
0.17707382142543793
0.1783265769481659
0.1804405003786087
0.18551428616046906
0.17821887135505676
0.18766312301158905
0.17541323602199554
0.17214301228523254
0.17923298478126526
0.17485874891281128
0.18985119462013245
0.19214573502540588
0.16958507895469666
0.1787838339805603
0.16759748756885529
0.15422238409519196
0.1652754843235016
0.19636355340480804
0.15629999339580536
0.16979622840881348
0.16375544667243958
0.14638493955135345
0.1608775109052658
0.15761180222034454
0.14447972178459167
0.14953738451004028
0.14664781093597412
0.14469902217388153
0.15601487457752228
0.14775052666664124
0.15456002950668335
0.16230373084545135
0.1442040503025055
0.13646189868450165
0.1429954469203949
0.14496983587741852
0.12428870797157288
0.13124167919158936
0.1555674523115158
0.12458937615156174
0.12359391152858734
0.1254613846540451
0.12435927987098694
0.1206974908709526
0.12732508778572083
0.11061170697212219
0.11937014013528824
0.10564068704843521
0.1123012825846672
0.12060736119747162
0.11132870614528656
0.11308780312538147
0.11057552695274353
0.11891598999500275
0.11259080469608307
0.11722070723772049
0.11659830063581467
0.10731994360685349
no squeeze
5.94358491897583
2.1902449131011963
1.4198795557022095
1.03325617313385
0.8876696228981018
0.6782563328742981
0.6204782724380493
0.553614616394043
0.5337505340576172
0.486980676651001
0.43618035316467285
0.3947811722755432
0.384916752576828
0.34334713220596313
0.34570300579071045
0.35809648036956787
0.3186001777648926
0.3557898998260498
0.3084036707878113
0.2932826578617096
0.3238987922668457
0.26962703466415405
0.25377076864242554
0.28128933906555176
0.27666884660720825
0.2578834295272827
0.2309163361787796
0.22533562779426575
0.22202672064304352
0.22128306329250336
0.2105056196451187
0.20333537459373474
0.2179633229970932
0.2036224901676178
0.216121643781662
0.2141355276107788
0.24558882415294647
0.22333724796772003
0.21206387877464294
0.1698773205280304
0.23156629502773285
0.19883351027965546
0.18983034789562225
0.18082305788993835
0.17146438360214233
0.21534644067287445
0.18839216232299805
0.18592147529125214
0.15552981197834015
0.18724799156188965
0.1929621696472168
0.1720513552427292
0.17143002152442932
0.1488962471485138
0.14436674118041992
0.1548779159784317
0.17708911001682281
0.15643742680549622
0.13781465590000153
0.15948526561260223
0.17391596734523773
0.15578247606754303
0.12945863604545593
0.12855084240436554
0.13817809522151947
0.14024914801120758
0.13409651815891266
0.12187468260526657
0.16184602677822113
0.14452649652957916
0.12273988872766495
0.1302190124988556
0.13091975450515747
0.11962316185235977
0.14328226447105408
0.1454707235097885
0.1480173021554947
0.1605747640132904
0.11507348716259003
0.11959315091371536
0.12332291156053543
0.11601655930280685
0.10421199351549149
0.1134616956114769
0.11995948106050491
0.11606787145137787
0.12053851038217545
0.10008896887302399
0.15617650747299194
0.12608444690704346
0.10903868824243546
0.1196725144982338
0.12062611430883408
0.11288167536258698
0.1110718846321106
0.09678120166063309
0.10386298596858978
0.10561452805995941
0.09575570374727249
0.09918827563524246
0.10175370424985886
0.10432177782058716
0.12059122323989868
0.0961351990699768
0.09099718928337097
0.10661572217941284
0.09117859601974487
0.11581237614154816
0.09001314640045166
0.09615917503833771
0.10344929993152618
0.10536207258701324
0.09028821438550949
0.08612659573554993
0.1062600389122963
0.09185219556093216
0.08219878375530243
0.09597457200288773
0.09216154366731644
0.09284421801567078
0.07069463282823563
0.07169609516859055
0.08538156002759933
0.07822982221841812
0.0908338651061058
0.08282455801963806
0.08152588456869125
0.08514644205570221
0.09375035762786865
0.09429265558719635
0.09879781305789948
no squeeze
5.85083532333374
1.4081289768218994
0.5489594340324402
0.5749237537384033
0.6541016101837158
0.5170000195503235
0.6837590336799622
0.665618360042572
0.37702780961990356
0.34315362572669983
0.5811838507652283
0.39216941595077515
0.37560173869132996
0.5686729550361633
0.5338039398193359
0.33227184414863586
0.3558013439178467
0.40103259682655334
0.7020065784454346
0.2900806665420532
0.3158240020275116
0.28602051734924316
0.4740748703479767
0.598501980304718
0.38127580285072327
0.493908166885376
0.2448638379573822
0.4857499897480011
0.3415972590446472
0.34397849440574646
0.3464214503765106
0.43783822655677795
0.37502461671829224
0.43984177708625793
0.28093141317367554
0.3461102545261383
0.43668171763420105
