no squeeze
2.1324479579925537
0.0735941007733345
0.046667635440826416
0.0158951785415411
0.014136758632957935
0.010673088021576405
0.010358348488807678
0.009555690921843052
0.009524042718112469
0.009349798783659935
0.009359607473015785
0.009316821582615376
0.009272736497223377
0.009367477148771286
0.00939595140516758
0.009248964488506317
0.0093653853982687
0.009238102473318577
0.009329217486083508
0.009212950244545937
0.009199844673275948
0.009230523370206356
0.009254809468984604
0.009311613626778126
no squeeze
1.6006640195846558
0.12694334983825684
0.10638044774532318
0.08175231516361237
0.08024605363607407
0.07656817883253098
0.07591306418180466
0.07502081245183945
0.07487007230520248
0.07410131394863129
0.07384715974330902
0.0742238461971283
0.0741325095295906
0.07369179278612137
0.07466740161180496
0.07441428303718567
no squeeze
2.249945640563965
0.13862767815589905
0.09279074519872665
0.03512667864561081
0.02990596368908882
0.018613921478390694
0.016795899718999863
0.012107807211577892
0.01121039129793644
0.008897016756236553
0.008411139249801636
0.007128446828573942
0.0068878005258738995
0.006080400198698044
0.005915842950344086
0.005519476253539324
0.005381534807384014
0.005008998792618513
0.0049552288837730885
0.004711527843028307
0.004642104730010033
0.004472315311431885
0.004405849613249302
0.004273558035492897
0.004250477068126202
0.004168098792433739
0.004104564897716045
0.003996571525931358
0.003984446171671152
0.00387458479963243
0.0038566275034099817
0.0037967697717249393
0.0037669315934181213
0.003716948674991727
0.003692511934787035
0.0036602679174393415
0.0036558075807988644
0.0035802978090941906
0.0035706162452697754
0.003529392648488283
0.003495864337310195
0.0034634522162377834
0.003465831745415926
0.0034278379753232002
0.003429641481488943
0.0033862481359392405
0.003382852766662836
0.0033650854602456093
0.0033330877777189016
0.003341651288792491
0.003308027284219861
0.0033106529153883457
0.0032951263710856438
0.003250997280701995
0.0032426300458610058
0.003239232115447521
0.003247225424274802
0.003205711953341961
0.0032173716463148594
0.0031974371522665024
0.00320763373747468
0.0031725990120321512
0.0031651384197175503
0.003167737042531371
0.003166724229231477
0.0031585015822201967
0.0031583281233906746
0.0031429415103048086
0.003154275706037879
0.00313420407474041
0.003115864237770438
0.0031016545835882425
0.003112120321020484
0.0031085002701729536
no squeeze
2.2011735439300537
0.36034512519836426
0.29716756939888
0.20911751687526703
0.19953152537345886
0.17422664165496826
0.1691438853740692
0.15415747463703156
0.15072274208068848
0.14034384489059448
0.13781990110874176
0.12971174716949463
0.1278819888830185
0.12191194295883179
0.12066353112459183
0.11541762948036194
0.11409680545330048
0.110020212829113
0.10935249924659729
0.10673868656158447
0.10583555698394775
0.10259565711021423
0.10296683758497238
0.09967519342899323
0.09916892647743225
0.09725898504257202
0.09680023789405823
0.09482105076313019
0.09454106539487839
0.09261290729045868
0.09261161088943481
0.09111981093883514
0.09031110256910324
0.08851563930511475
0.08838986605405807
0.0865267738699913
0.08670514822006226
0.08446727693080902
0.08428570628166199
0.08209805190563202
0.08151478320360184
0.07978782057762146
0.079802006483078
0.07759600132703781
0.07728441804647446
0.07577086985111237
0.07535943388938904
0.07426808774471283
0.07403962314128876
0.07278913259506226
0.07311668246984482
0.07207877188920975
0.07169193774461746
0.07172557711601257
0.07125353813171387
0.07044228911399841
0.07067577540874481
0.07030261307954788
0.07012856006622314
0.06964844465255737
0.06980999559164047
0.06919727474451065
0.06918368488550186
0.06875931471586227
0.06896306574344635
0.06889835745096207
no squeeze
2.2981021404266357
0.24674132466316223
0.1942145973443985
0.1269645243883133
0.12057311832904816
0.10588918626308441
0.10373461991548538
0.09756338596343994
0.09620564430952072
0.0925060287117958
0.09177000820636749
0.08929859101772308
0.08860768377780914
0.08700273931026459
0.08630891889333725
0.08478803932666779
0.08442974835634232
0.08294153213500977
0.08252669870853424
0.08185454457998276
0.08136715739965439
0.08010575920343399
0.07974816858768463
0.07912110537290573
0.07834722846746445
0.0780276358127594
0.07746651768684387
0.07690871506929398
0.07689811289310455
0.07638109475374222
0.0761217549443245
0.07547034323215485
0.07559267431497574
0.07532695680856705
0.07500028610229492
0.07464863359928131
0.07442627102136612
0.074154794216156
0.07422792911529541
0.07387921214103699
0.07363704591989517
0.07362940162420273
0.07387306541204453
0.07361505180597305
0.0731898695230484
0.07363056391477585
0.07372164726257324
0.07304392009973526
0.07324070483446121
0.07282809168100357
0.07271482050418854
0.07227601110935211
0.07200892269611359
0.072320356965065
0.07248003780841827
0.07194653153419495
0.07207754999399185
0.07181679457426071
0.0715559646487236
0.07193966209888458
0.0719832107424736
0.07178787142038345
no squeeze
1.5833790302276611
0.1606418490409851
0.14935176074504852
0.1406891793012619
0.14095227420330048
0.14026638865470886
0.1394759863615036
0.13949814438819885
0.13946500420570374
0.14028923213481903
0.13981373608112335
0.14165054261684418
