no squeeze
72.77094268798828
14.116069793701172
9.379088401794434
6.82590389251709
5.663427829742432
4.4771409034729
2.9174485206604004
2.8801767826080322
2.0362777709960938
2.036245822906494
1.3779182434082031
1.1963253021240234
2.387906789779663
1.682878017425537
1.2817941904067993
1.0791280269622803
0.7532885074615479
0.9779767990112305
0.5889538526535034
0.47760653495788574
0.41641250252723694
1.2962028980255127
0.5835742950439453
0.9328068494796753
0.6452522873878479
0.7789812684059143
0.4995926320552826
0.47979071736335754
0.35656797885894775
0.41264039278030396
0.5134009122848511
0.45832908153533936
0.17109040915966034
0.12230738252401352
0.25267207622528076
0.24574881792068481
0.14075469970703125
0.15794479846954346
0.21307888627052307
0.10904916375875473
0.15980711579322815
0.20903326570987701
0.33461683988571167
0.690985918045044
0.4906725585460663
1.165673851966858
0.6246688961982727
0.40460965037345886
0.5974456667900085
0.06318743526935577
0.03501467406749725
0.1262417882680893
0.12451037019491196
0.34074750542640686
0.3717286288738251
0.4330265522003174
0.041915565729141235
0.14944837987422943
0.1114831268787384
0.0014316174201667309
0.0026763412170112133
0.006221725605428219
0.03367846831679344
0.002929628361016512
0.07687848806381226
0.05016634240746498
0.05643799901008606
0.21721170842647552
0.644588053226471
0.9915526509284973
no squeeze
52.412410736083984
13.494489669799805
9.518927574157715
8.143665313720703
5.990658760070801
5.329412937164307
5.298561096191406
4.040313243865967
3.6477482318878174
3.4483554363250732
2.9399149417877197
3.135960340499878
3.2064766883850098
2.90787672996521
2.5174288749694824
3.7783713340759277
2.6001369953155518
2.4989116191864014
2.6772799491882324
3.5741984844207764
2.8136227130889893
2.756791830062866
2.9290308952331543
2.7122881412506104
2.2847580909729004
2.3061270713806152
1.6436787843704224
2.61332106590271
2.5571072101593018
2.059457540512085
2.074025869369507
2.1940345764160156
1.8914543390274048
2.817242383956909
2.3772389888763428
1.8788158893585205
1.9668022394180298
no squeeze
61.863243103027344
18.96074104309082
12.861010551452637
11.052319526672363
9.044346809387207
9.490792274475098
8.123273849487305
13.382460594177246
9.422030448913574
7.920719146728516
12.166680335998535
5.567015171051025
5.270045280456543
4.370387077331543
4.236821174621582
5.446889400482178
4.643805027008057
5.321290969848633
5.439416885375977
3.6349480152130127
4.147428512573242
3.659303665161133
2.543657064437866
4.181604862213135
2.5260279178619385
2.099452257156372
2.5251128673553467
2.554562568664551
2.7799320220947266
2.7248575687408447
2.1437435150146484
2.4088358879089355
3.5521092414855957
3.66066837310791
2.723853349685669
2.8194282054901123
no squeeze
70.83358764648438
18.726200103759766
14.6351318359375
13.136878967285156
11.665430068969727
10.555950164794922
9.721264839172363
9.24545955657959
8.24306583404541
7.592802047729492
7.239914894104004
7.141911506652832
6.387612819671631
6.381594181060791
5.559536457061768
5.395884990692139
5.195744037628174
5.095083713531494
4.874692916870117
4.873859405517578
4.228011608123779
4.216438293457031
4.038364410400391
3.720473289489746
3.721998453140259
3.270240545272827
3.078709363937378
3.3603217601776123
3.087569236755371
3.1929633617401123
3.7788288593292236
2.869429111480713
2.9708240032196045
2.659755229949951
2.7372841835021973
2.6805384159088135
2.630497455596924
2.5486526489257812
2.4526290893554688
2.4069762229919434
2.624014139175415
2.422882556915283
2.704068183898926
2.437453508377075
2.2207419872283936
2.3060803413391113
2.3557164669036865
2.0840444564819336
2.1591482162475586
1.8603979349136353
2.278118848800659
1.8822880983352661
1.9056645631790161
1.8631469011306763
1.778655767440796
1.8271610736846924
1.9893501996994019
2.013458728790283
1.6739956140518188
1.669628620147705
1.4903181791305542
1.6211086511611938
1.4643445014953613
1.5271947383880615
1.632784366607666
1.7106577157974243
1.8313087224960327
1.424753189086914
1.4638253450393677
1.3537914752960205
1.420391321182251
1.7520395517349243
1.431437373161316
1.4616345167160034
1.4766905307769775
1.471015453338623
1.3291347026824951
1.3262345790863037
1.3568322658538818
1.3079278469085693
1.3909409046173096
1.3216803073883057
1.2654087543487549
1.2958869934082031
1.103785514831543
1.094094157218933
1.4243851900100708
1.2820543050765991
1.1704212427139282
1.1394023895263672
1.2451685667037964
1.184493064880371
1.1558828353881836
0.9533329010009766
1.1779316663742065
1.0283297300338745
0.9783871173858643
1.0578298568725586
1.0923912525177002
1.0224592685699463
0.9370009899139404
0.9273765683174133
1.0612009763717651
0.9017623066902161
0.8139780163764954
0.8843268752098083
0.9640684127807617
1.0416275262832642
0.863276481628418
0.9186025857925415
0.8599913716316223
0.9988120198249817
0.89449143409729
0.7825177907943726
0.8067114949226379
0.7280806303024292
0.7495275139808655
0.7394382357597351
0.6904266476631165
0.6545564532279968
0.7380862832069397
0.6307599544525146
0.6518017053604126
0.6248534321784973
0.6727813482284546
0.8795544505119324
0.6366978287696838
0.6097502112388611
0.626018762588501
0.7260444760322571
0.6879024505615234
0.7389116883277893
0.5990944504737854
0.6586213111877441
0.5370849967002869
0.6277145147323608
0.6305199861526489
0.5813248157501221
0.6070514917373657
0.6118014454841614
0.754715085029602
0.6708386540412903
0.5557671189308167
0.5042774677276611
0.6765103936195374
0.5530411601066589
0.5118309259414673
0.5570131540298462
0.5056009888648987
0.46805036067962646
0.5869799256324768
0.5962234139442444
0.5514867305755615
0.5634332895278931
0.48064476251602173
0.4887036383152008
0.46484631299972534
0.5004103779792786
0.4236427843570709
0.45696309208869934
0.3422117531299591
0.42101117968559265
0.36435720324516296
0.3910963237285614
0.3628302216529846
0.4036056697368622
0.3756466805934906
0.4033602774143219
0.3876999318599701
0.37070101499557495
0.47569775581359863
no squeeze
69.5175552368164
19.786073684692383
13.745519638061523
11.584614753723145
9.117508888244629
8.346723556518555
7.468539714813232
6.815688133239746
6.176324844360352
5.740373134613037
5.0040812492370605
5.631488800048828
5.1812968254089355
4.391193389892578
4.815319538116455
4.651243686676025
4.487013816833496
4.23860502243042
3.6300885677337646
3.5992119312286377
3.445126533508301
3.697049617767334
3.1667447090148926
3.250718116760254
3.1988894939422607
3.3537168502807617
2.517014741897583
2.6741089820861816
2.5929934978485107
2.3999557495117188
2.5509657859802246
2.6049318313598633
2.8507683277130127
2.4404289722442627
2.6319212913513184
2.1844840049743652
2.8087847232818604
2.344076156616211
2.466248035430908
2.312990427017212
2.270176410675049
2.385392904281616
2.4739110469818115
2.248471260070801
2.023404121398926
2.165560722351074
2.3239059448242188
2.0477070808410645
2.055023431777954
1.7876614332199097
1.6026349067687988
1.8214402198791504
1.9479306936264038
2.037792444229126
1.7622647285461426
1.7792226076126099
1.7662020921707153
1.8904991149902344
2.075637102127075
1.9727580547332764
1.6619740724563599
no squeeze
93.7719497680664
17.458538055419922
11.756552696228027
9.785731315612793
9.933440208435059
11.328073501586914
12.640939712524414
5.687463760375977
11.754725456237793
9.249024391174316
12.887392044067383
7.400632381439209
6.961239337921143
10.730780601501465
7.571512699127197
5.904715061187744
9.126206398010254
12.550044059753418
