no squeeze
260.19000244140625
89.51534271240234
64.84159088134766
30.783504486083984
27.557987213134766
18.757152557373047
17.09583282470703
12.062501907348633
11.038880348205566
7.842283725738525
7.184192180633545
5.114224910736084
4.682679653167725
3.3296639919281006
3.0507750511169434
2.183161735534668
2.006334066390991
1.4624301195144653
1.3496363162994385
1.008689045906067
0.938723087310791
0.724966824054718
0.6814810037612915
0.5476927757263184
0.5199512243270874
0.43356025218963623
0.4159621596336365
0.3617405295372009
0.3498137593269348
0.31316882371902466
0.3057922124862671
0.2820585072040558
0.27685773372650146
0.2595338821411133
0.25608423352241516
0.24454371631145477
0.24213622510433197
0.23318956792354584
0.2315889596939087
0.2251175194978714
0.22360749542713165
0.21901766955852509
0.21794839203357697
0.2142322063446045
0.21345889568328857
0.21084696054458618
0.21032756567001343
0.20781446993350983
0.20722763240337372
0.20544520020484924
0.20499905943870544
0.20366635918617249
0.20323428511619568
0.20202474296092987
0.20190931856632233
0.20075705647468567
0.20078130066394806
0.19957663118839264
0.1994401067495346
0.19865596294403076
0.19866082072257996
0.19792066514492035
0.19778074324131012
0.19714975357055664
0.19710294902324677
0.1965285837650299
0.19652430713176727
0.1959432065486908
0.1958979070186615
0.19559887051582336
0.19550073146820068
0.1951264888048172
0.1949310451745987
0.194569393992424
0.19467535614967346
0.19428224861621857
0.19419226050376892
0.19404685497283936
0.1937885582447052
0.19364896416664124
0.19349658489227295
0.193205788731575
0.19323542714118958
0.19301743805408478
0.19288499653339386
0.19277821481227875
0.19271929562091827
0.19247008860111237
0.19253118336200714
0.19232358038425446
0.19229906797409058
0.19208426773548126
0.19203341007232666
0.1920080929994583
0.1919117420911789
0.19176869094371796
0.19179783761501312
0.1917523741722107
0.19160497188568115
0.19161124527454376
0.19145770370960236
0.19138622283935547
0.19131125509738922
0.19130636751651764
0.19132384657859802
0.19138212502002716
no squeeze
263.93756103515625
134.96311950683594
106.57347106933594
44.848724365234375
40.32912826538086
33.40229415893555
32.46070861816406
29.855220794677734
29.362668991088867
27.86012077331543
27.5429630279541
26.559307098388672
26.345170974731445
25.663991928100586
25.514623641967773
25.05912208557129
24.940284729003906
24.597013473510742
24.529958724975586
24.272594451904297
24.224496841430664
24.05018424987793
24.010366439819336
23.874073028564453
23.846525192260742
23.747495651245117
23.714250564575195
23.648252487182617
23.626008987426758
23.575340270996094
23.568769454956055
23.511722564697266
23.50690460205078
23.47643280029297
23.47130012512207
23.43443489074707
23.43221664428711
23.42252540588379
23.40022087097168
23.375450134277344
23.3671875
23.373897552490234
23.3563175201416
23.359500885009766
23.354412078857422
23.34549903869629
23.341611862182617
23.33257484436035
23.32537841796875
23.312467575073242
23.370227813720703
23.30893325805664
23.30091667175293
23.312747955322266
23.31568717956543
23.31431770324707
no squeeze
262.31854248046875
135.7339630126953
109.52238464355469
54.41133117675781
49.12103271484375
37.05290222167969
35.04446029663086
29.12765121459961
27.921287536621094
23.96954917907715
23.090579986572266
20.08477783203125
19.391651153564453
16.969247817993164
16.399728775024414
14.362285614013672
13.869736671447754
12.109424591064453
11.68303108215332
10.146361351013184
9.777331352233887
8.441498756408691
8.120616912841797
6.969736099243164
6.695321083068848
5.704103946685791
5.473341941833496
4.655735969543457
4.4599456787109375
3.7671191692352295
3.611600875854492
3.0695528984069824
2.9374427795410156
2.4845364093780518
2.3808529376983643
2.0248429775238037
1.941694974899292
1.658652901649475
1.5939005613327026
1.3706532716751099
1.3210928440093994
1.1482558250427246
1.1082415580749512
0.9735196828842163
0.9405550360679626
0.8352206349372864
0.8092832565307617
0.7236926555633545
0.7043867111206055
0.6375728845596313
0.6216819286346436
0.5668389201164246
0.5544148683547974
0.5114548802375793
0.5009739398956299
0.4659895896911621
0.45804160833358765
0.43001827597618103
0.42327722907066345
0.400204598903656
0.39422401785850525
0.3745594620704651
0.37008222937583923
0.35275954008102417
0.3490210771560669
0.3343452215194702
0.33130064606666565
0.31905657052993774
0.31641268730163574
0.3066836893558502
0.3039487302303314
0.29480865597724915
0.2925604581832886
0.28501370549201965
0.282962441444397
0.27519968152046204
0.2737645208835602
0.2670556306838989
0.2658076584339142
0.2604226768016815
0.2589885890483856
0.2536943256855011
0.25246623158454895
0.24798397719860077
0.24677972495555878
0.24309666454792023
0.2417769432067871
0.2376895546913147
0.23672284185886383
0.2331618070602417
0.23224285244941711
0.22848749160766602
0.2282140851020813
0.22544945776462555
0.22453390061855316
0.22199863195419312
0.22111818194389343
0.2188173085451126
0.21787916123867035
0.21545465290546417
0.21464857459068298
0.212382972240448
0.2119523137807846
0.20982936024665833
0.2091922014951706
0.2073284238576889
0.20670823752880096
0.20501013100147247
0.20463700592517853
0.20298051834106445
0.20240037143230438
0.20077036321163177
0.20039790868759155
0.19906066358089447
0.19854184985160828
0.1968739926815033
0.19677715003490448
0.1956264227628708
0.1953863799571991
0.1941005438566208
0.1937732845544815
0.19309808313846588
0.19252349436283112
0.19142821431159973
0.1912720650434494
0.190232053399086
0.18989846110343933
0.1891579031944275
0.18875543773174286
0.1881328970193863
0.1877935528755188
0.18713347613811493
0.18683935701847076
0.18615561723709106
0.1858798861503601
0.1851210594177246
0.1850653439760208
0.18450631201267242
0.1842857450246811
0.18388086557388306
0.18376998603343964
0.18300071358680725
0.1828632950782776
0.18238882720470428
0.18222182989120483
0.181829035282135
0.18149584531784058
0.18117253482341766
0.18106910586357117
0.1808236837387085
0.18067526817321777
0.1803225725889206
0.18022677302360535
0.1798832267522812
0.17983992397785187
0.17957434058189392
0.17975333333015442
0.17911642789840698
0.17891323566436768
0.17902110517024994
0.17890247702598572
0.17825283110141754
0.17837302386760712
0.17825262248516083
0.17803849279880524
0.17812509834766388
0.17775456607341766
0.17773208022117615
0.1776568442583084
0.1773272603750229
0.17745621502399445
0.17713572084903717
0.17728225886821747
0.17686615884304047
0.17697326838970184
0.17693640291690826
no squeeze
267.9329833984375
239.27610778808594
227.4611358642578
161.0329132080078
141.2496795654297
86.33038330078125
79.43781280517578
63.840763092041016
61.24346923828125
53.89283752441406
52.449886322021484
47.9903450012207
47.0621452331543
44.026580810546875
43.37103271484375
41.119564056396484
40.60710144042969
38.88395309448242
38.46138381958008
37.04970169067383
36.728702545166016
35.597251892089844
35.30908966064453
34.33491516113281
34.104427337646484
33.268882751464844
33.0661506652832
32.33241271972656
32.14784240722656
31.498567581176758
31.324142456054688
30.71927261352539
30.563941955566406
30.00416374206543
29.856952667236328
29.321054458618164
29.184162139892578
28.67353630065918
28.560617446899414
28.048555374145508
27.938983917236328
27.460315704345703
27.32976722717285
26.868440628051758
26.750268936157227
26.32411003112793
26.194433212280273
25.768962860107422
25.660930633544922
25.263351440429688
25.158859252929688
24.771902084350586
24.669912338256836
24.307331085205078
24.209083557128906
23.853803634643555
23.76582145690918
23.437313079833984
23.35931396484375
23.037113189697266
22.950416564941406
22.652111053466797
22.591657638549805
22.29889488220215
22.225507736206055
21.959211349487305
21.87842559814453
21.6197452545166
21.556846618652344
21.326496124267578
21.25987434387207
21.03462791442871
20.968730926513672
20.75733184814453
20.700611114501953
20.492694854736328
20.436857223510742
20.239212036132812
20.186275482177734
20.017648696899414
19.95878028869629
19.79619598388672
19.740379333496094
19.576223373413086
19.53236198425293
19.372106552124023
19.329172134399414
19.188034057617188
19.140825271606445
19.00213050842285
18.964115142822266
18.830833435058594
18.798322677612305
18.675992965698242
18.631240844726562
18.51730728149414
18.477354049682617
18.373435974121094
18.334659576416016
18.23588752746582
18.2036075592041
18.115455627441406
18.079133987426758
17.988475799560547
17.96384620666504
17.873130798339844
17.850257873535156
17.765926361083984
17.741525650024414
17.679874420166016
17.651185989379883
17.59707260131836
17.564149856567383
17.504234313964844
17.483333587646484
17.424631118774414
17.40281867980957
17.362796783447266
17.337989807128906
17.296894073486328
17.27541732788086
17.22583770751953
17.21248435974121
17.172161102294922
17.156620025634766
17.117582321166992
17.09889030456543
17.068363189697266
17.054094314575195
17.019624710083008
17.007097244262695
16.976463317871094
16.96006965637207
16.939790725708008
16.932207107543945
16.901052474975586
16.888294219970703
16.863365173339844
16.85174560546875
16.825403213500977
16.82052230834961
16.805618286132812
16.800899505615234
16.774213790893555
16.765911102294922
16.747976303100586
16.73116683959961
16.709341049194336
16.701271057128906
16.683055877685547
16.677202224731445
16.659446716308594
16.653995513916016
16.6381778717041
16.627500534057617
16.628795623779297
16.606304168701172
16.59234619140625
16.576885223388672
16.57127571105957
16.56354522705078
16.555818557739258
16.54506492614746
16.527305603027344
16.52218246459961
16.51222038269043
16.503694534301758
16.48876190185547
16.479145050048828
16.47308921813965
16.458646774291992
16.441617965698242
16.441770553588867
16.434255599975586
16.421369552612305
16.421106338500977
16.4029598236084
16.38652229309082
16.379850387573242
16.373313903808594
16.370559692382812
16.375154495239258
16.36058807373047
16.34473991394043
16.331951141357422
16.32870101928711
16.319000244140625
16.30489730834961
16.2949161529541
16.287668228149414
16.27923583984375
16.276653289794922
16.26950454711914
16.252456665039062
16.247509002685547
16.24639320373535
16.234146118164062
16.223045349121094
16.218524932861328
16.199548721313477
no squeeze
263.944091796875
166.2949981689453
145.30563354492188
86.73991394042969
77.67639923095703
57.79615783691406
54.75397491455078
46.380393981933594
44.762603759765625
39.822689056396484
38.78711700439453
35.47115707397461
34.7603759765625
32.426971435546875
31.9228572845459
30.234825134277344
29.85870361328125
28.592256546020508
28.31207847595215
27.34638786315918
27.1195011138916
26.35965919494629
26.17229652404785
25.540828704833984
25.3874568939209
24.857629776000977
24.73335075378418
24.273422241210938
24.16632843017578
23.770614624023438
23.680946350097656
23.340837478637695
23.25067901611328
22.963417053222656
22.89216423034668
22.634178161621094
22.574676513671875
22.341358184814453
22.279565811157227
22.091514587402344
22.040122985839844
21.871013641357422
21.8234806060791
21.67494010925293
21.633220672607422
21.50428581237793
21.465547561645508
21.344179153442383
21.32737922668457
21.221961975097656
21.191627502441406
21.08924674987793
21.071083068847656
20.97426986694336
20.95269775390625
20.88834571838379
20.867359161376953
20.798486709594727
20.772605895996094
20.721345901489258
20.700532913208008
20.631643295288086
20.620166778564453
20.571279525756836
20.560108184814453
20.505460739135742
20.48698616027832
20.472501754760742
20.44313621520996
20.405118942260742
20.385549545288086
20.359079360961914
20.346023559570312
20.31146240234375
20.290931701660156
20.265995025634766
20.248851776123047
20.239017486572266
20.22879409790039
20.19220733642578
20.183937072753906
20.16936492919922
20.146066665649414
20.1278076171875
20.109451293945312
20.088563919067383
20.085079193115234
20.06097412109375
20.064119338989258
20.045743942260742
20.048954010009766
20.020898818969727
20.018474578857422
20.00027084350586
19.983722686767578
19.972986221313477
19.95895004272461
19.961694717407227
19.96246910095215
19.929044723510742
19.934810638427734
19.931055068969727
no squeeze
264.89324951171875
89.67786407470703
67.80191040039062
44.84543991088867
43.378849029541016
40.77065658569336
40.4594612121582
39.74519729614258
39.64308166503906
39.403629302978516
39.362937927246094
39.24948501586914
39.23720169067383
39.1841926574707
39.14701461791992
39.122623443603516
39.12156295776367
39.09095001220703
39.097965240478516
39.10896301269531
