no squeeze
1.9370077848434448
0.6637291312217712
0.4443338215351105
0.2855212390422821
0.20199662446975708
0.15581557154655457
0.12308806926012039
0.09782552719116211
0.09332225471735
0.08891689032316208
0.09158643335103989
0.07106778770685196
0.07281176745891571
0.07346446812152863
0.06603623181581497
0.059977155178785324
0.05842110514640808
0.06640973687171936
0.04670229181647301
0.051499977707862854
0.0400620773434639
0.03390145301818848
0.05187270790338516
0.05434327945113182
0.04337874427437782
0.07486605644226074
0.048606839030981064
0.08249451220035553
0.04313836246728897
0.03870542719960213
0.03158939629793167
0.03351737931370735
0.0255240760743618
0.027850661426782608
0.03133033215999603
0.03326490893959999
0.03154648467898369
0.02829107642173767
0.029035091400146484
0.02553621120750904
0.03364739567041397
0.03103444166481495
0.02295563369989395
0.022917835041880608
0.02698793262243271
0.020919157192111015
0.021862439811229706
0.025195922702550888
0.021361093968153
0.03019309602677822
0.025982147082686424
0.019405653700232506
0.03448808193206787
0.023909924551844597
0.05190790444612503
0.03744718059897423
0.025077976286411285
0.023529518395662308
0.04066624119877815
0.043951261788606644
0.06583358347415924
0.02254786528646946
no squeeze
1.928884506225586
0.6521285176277161
0.35651662945747375
0.22163145244121552
0.15162567794322968
0.12265060096979141
0.07867275178432465
0.06845734268426895
0.07258956134319305
0.06387822329998016
0.05098947137594223
0.03529256209731102
0.03345154598355293
0.027213938534259796
0.03482653200626373
0.02434542402625084
0.020767206326127052
0.04231524094939232
0.024068819358944893
0.02266336977481842
0.016321860253810883
0.013578557409346104
0.011755645275115967
0.015135005116462708
0.009236901067197323
0.019389888271689415
0.01661667227745056
0.020391004160046577
0.013819245621562004
0.01544145680963993
0.018686050549149513
0.02867748774588108
0.017073553055524826
0.011016679927706718
0.009303023107349873
no squeeze
2.1682658195495605
0.8320439457893372
0.5396924018859863
0.37020647525787354
0.2937556207180023
0.2462230771780014
0.19847038388252258
0.15999501943588257
0.16747555136680603
0.14842011034488678
0.15430234372615814
0.10911323130130768
0.14862142503261566
0.18176837265491486
0.1666722297668457
0.14663806557655334
0.07448328286409378
0.06370401382446289
0.053460851311683655
0.05096214637160301
0.04645109921693802
0.04800436645746231
0.1003003939986229
0.04979225620627403
0.04597853496670723
0.03854948282241821
0.03560921549797058
0.04607614874839783
0.035979319363832474
0.05575964227318764
0.04095222428441048
0.040167391300201416
0.02709164284169674
0.023273389786481857
0.05591757223010063
0.06402865052223206
0.02934855967760086
0.03435293585062027
0.032683759927749634
0.022220026701688766
0.022340677678585052
0.019393939524888992
0.021111642941832542
0.021646801382303238
0.022699855268001556
0.049808621406555176
0.028338680043816566
0.02462952397763729
0.05119394510984421
0.024802394211292267
0.07201399654150009
0.06039567291736603
no squeeze
2.7113780975341797
1.0719494819641113
0.8842741847038269
0.710444986820221
0.6140403747558594
0.5601121187210083
0.4982773959636688
0.44290512800216675
0.4149600863456726
0.3895638883113861
0.3290169835090637
0.3274480700492859
0.31670084595680237
0.2939838767051697
0.2696727514266968
0.2712472379207611
0.24391447007656097
0.24440398812294006
0.23464609682559967
0.2207193672657013
0.21010373532772064
0.19954457879066467
0.1891559511423111
0.18399477005004883
0.18914790451526642
0.18570074439048767
0.16921477019786835
0.15905706584453583
0.16703708469867706
0.1520957499742508
0.15769381821155548
0.1538420021533966
0.15210480988025665
0.15749141573905945
0.14009658992290497
0.1280404031276703
0.13583233952522278
0.13240283727645874
0.1281939148902893
0.11748994886875153
0.1606455296278
0.15368804335594177
0.12613730132579803
0.10728280991315842
0.11517175287008286
0.1219133660197258
0.10742267966270447
0.10562139004468918
0.11590056121349335
0.1156764104962349
0.10347990691661835
0.10061375796794891
0.08973893523216248
0.0913802832365036
0.10272126644849777
0.09279517084360123
0.09101569652557373
0.08509504795074463
0.08450314402580261
0.09239493310451508
0.08777624368667603
0.08433213084936142
0.08434346318244934
0.08962472528219223
0.07698376476764679
0.07257755100727081
0.07255230844020844
0.08526238799095154
0.0733962208032608
0.0790473073720932
0.07498586922883987
0.07968505471944809
0.07553543150424957
0.07375065982341766
0.07153303921222687
0.06768723577260971
0.06849130243062973
0.07486468553543091
0.07510498911142349
0.07943826913833618
0.0697300136089325
0.07676735520362854
0.06437161564826965
0.06080653518438339
0.05989285930991173
0.06943627446889877
0.05523381754755974
0.06657799333333969
0.059529248625040054
0.06989941745996475
0.0642230212688446
0.05998324602842331
0.06279793381690979
0.06098049879074097
0.06895553320646286
0.060296863317489624
0.05462678521871567
0.058328598737716675
0.06773627549409866
0.06408194452524185
0.0587705560028553
0.0525866374373436
0.05512707680463791
0.05836685001850128
0.05082862451672554
0.053341567516326904
0.052566610276699066
0.052248675376176834
0.05394484102725983
0.05632724240422249
0.050954703241586685
0.05474507808685303
0.0566428117454052
0.05710471048951149
0.059298522770404816
no squeeze
2.192258358001709
0.8454173803329468
0.6073715090751648
0.4376828968524933
0.3774567246437073
0.31349167227745056
0.2848326861858368
0.24615085124969482
0.21485328674316406
0.20061051845550537
0.1728907972574234
0.18510174751281738
0.17178744077682495
0.1381593644618988
0.14757049083709717
0.1295909583568573
0.12302136421203613
0.11965245008468628
0.10930139571428299
0.10663118213415146
0.10001660138368607
0.10971008986234665
0.10497114062309265
0.16598376631736755
0.10696367919445038
0.09942469745874405
0.08915349096059799
0.0912766382098198
0.09844112396240234
0.13188394904136658
0.09410563856363297
0.08683375269174576
0.07459323108196259
0.06968414783477783
0.06502240151166916
0.07602576166391373
0.07842931896448135
0.06422131508588791
0.07842731475830078
0.06411270797252655
0.05990288034081459
0.06084156781435013
0.05310305207967758
0.062237318605184555
0.05196564644575119
0.0543503575026989
0.07154388725757599
0.057459089905023575
0.04894506558775902
0.05011196807026863
0.06875874847173691
0.047130037099123
0.06385231763124466
0.04550962522625923
0.06083226948976517
0.05764017626643181
0.05169752240180969
0.05922580137848854
0.06233895197510719
0.053565435111522675
0.04222715646028519
0.04496142640709877
0.05176963284611702
0.051812365651130676
0.0446217879652977
0.04304320365190506
0.041031502187252045
0.04538179561495781
0.04194765165448189
0.04635822772979736
0.04080137610435486
0.05101003125309944
0.053863704204559326
0.04217876121401787
0.04226252809166908
0.03503941372036934
0.03783264011144638
0.0547562874853611
0.03700097277760506
0.03654193878173828
0.03588072210550308
0.04654817283153534
0.03839889168739319
0.03903705254197121
0.035748615860939026
0.04402609542012215
no squeeze
1.1043739318847656
0.3546668291091919
0.21745236217975616
0.23418714106082916
0.1476493775844574
0.17361538112163544
0.16094887256622314
0.13833670318126678
0.1037285104393959
0.11198242008686066
0.12738698720932007
0.16551071405410767
0.11971743404865265
0.08359195291996002
0.09232897311449051
0.11396978050470352
0.12016618251800537
0.11103983968496323
0.11604434251785278
0.09796486049890518
0.18900255858898163
0.09849327057600021
0.10799556225538254
0.22126765549182892
