no squeeze
10.857207298278809
3.458376407623291
1.5274733304977417
0.823184609413147
0.4760630130767822
0.34744715690612793
0.310096800327301
0.19190743565559387
0.18914014101028442
0.17018438875675201
0.10322176665067673
0.09431750327348709
0.07156489044427872
0.08507804572582245
0.056851454079151154
0.05598710477352142
0.049296434968709946
0.06988520175218582
0.08553818613290787
0.0576627217233181
0.05556795373558998
0.04810032621026039
0.038595933467149734
0.05632655695080757
0.03391607478260994
0.04387233406305313
0.03216717019677162
0.02666384167969227
0.02639496698975563
0.06125001236796379
0.026483003050088882
0.03823931887745857
0.039853308349847794
0.051760535687208176
0.041074443608522415
0.1166931614279747
0.05311714485287666
0.036159250885248184
0.015572036616504192
0.020830338820815086
0.02755415253341198
0.020832236856222153
0.05351924151182175
0.02061070315539837
0.06989865750074387
0.021111492067575455
0.02178148739039898
0.015059630386531353
0.02177787385880947
0.011820496991276741
0.023012612015008926
0.015815388411283493
0.03829119727015495
0.06086871400475502
0.021950770169496536
0.04093780741095543
0.050844695419073105
0.024142159149050713
0.018466612324118614
0.013796701095998287
no squeeze
10.854044914245605
3.6346824169158936
2.1232190132141113
1.4068571329116821
1.115583896636963
0.8475558757781982
0.7523312568664551
0.5511987805366516
0.6168581247329712
0.575006902217865
0.7856598496437073
0.5129008889198303
0.4975043535232544
0.4380419850349426
0.4603157937526703
0.41136184334754944
0.376157283782959
0.3816433846950531
0.5608276724815369
0.397895872592926
0.3549425005912781
0.31943240761756897
0.6376975774765015
0.42004984617233276
0.48482266068458557
0.28162404894828796
0.31597980856895447
0.40459421277046204
0.31648167967796326
0.3136478364467621
0.35385066270828247
0.2775866389274597
0.2878158986568451
0.2795889675617218
0.44694921374320984
0.361548513174057
0.2712491750717163
0.3101528584957123
0.2959105968475342
0.2527623176574707
0.33695587515830994
0.2649596631526947
0.2456735074520111
0.2958141565322876
0.262178897857666
0.25866401195526123
0.22852008044719696
0.267572820186615
0.28339698910713196
0.2357501983642578
0.27341488003730774
0.3038908839225769
0.31289783120155334
0.2726348042488098
0.3037251830101013
0.2461077719926834
0.2868117392063141
no squeeze
12.266921997070312
6.019950866699219
3.610811710357666
2.591142416000366
1.870896816253662
1.6323918104171753
1.5037791728973389
1.0708658695220947
0.9107601642608643
0.7785170078277588
0.680837869644165
0.6096506118774414
0.6873920559883118
0.4973078668117523
0.508266031742096
0.589400053024292
0.4904167354106903
0.33417296409606934
0.2756716310977936
0.28674930334091187
0.34019243717193604
0.25325754284858704
0.193284809589386
0.17729990184307098
0.2341393530368805
0.3274620771408081
0.20892108976840973
0.21714311838150024
0.14622077345848083
0.18009966611862183
0.20749880373477936
0.15705019235610962
0.2835536599159241
0.2817017734050751
0.11627313494682312
0.13370341062545776
0.20580144226551056
0.09884542226791382
0.16168566048145294
0.15763449668884277
0.0776209682226181
0.13266199827194214
0.0645323321223259
0.0522758923470974
0.05452791601419449
0.05551517754793167
0.05415120720863342
0.0647512748837471
0.06080080568790436
0.06145624816417694
0.09145005792379379
0.037945229560136795
0.04230561852455139
0.08991294354200363
0.04563489928841591
0.03329309821128845
0.04843079298734665
0.055321499705314636
0.05584704503417015
0.05060858279466629
0.12735344469547272
0.0697719156742096
0.04866928234696388
0.051639068871736526
0.07205618917942047
0.13555997610092163
no squeeze
11.44447135925293
5.2079925537109375
4.0583815574646
3.4235193729400635
2.9561209678649902
2.59047269821167
2.3786814212799072
2.125002384185791
1.8882697820663452
1.7562651634216309
1.6168620586395264
1.5796772241592407
1.414845585823059
1.3066037893295288
1.1769053936004639
1.1477904319763184
1.070508599281311
0.9929261803627014
1.0190263986587524
0.9292466640472412
0.8811616897583008
0.8641897439956665
0.8250707387924194
0.7864575982093811
0.7892977595329285
0.7242387533187866
0.7487891316413879
0.717386782169342
0.6494494676589966
0.6560232639312744
0.6125404238700867
0.5950932502746582
0.6145091652870178
0.5711360573768616
0.6003957390785217
0.4889804720878601
0.5002565979957581
0.5154144167900085
0.48480451107025146
0.5955850481987
0.5205777883529663
0.5602449178695679
0.4889148771762848
0.46713653206825256
0.47765806317329407
0.4573242962360382
0.41288381814956665
0.550846517086029
0.43864905834198
0.46657392382621765
0.42613399028778076
0.46873781085014343
0.3979201316833496
0.3493818938732147
0.37399137020111084
0.3724037706851959
0.38408714532852173
0.39543187618255615
0.3144635558128357
0.33685028553009033
0.40448886156082153
0.3917437493801117
0.3709720969200134
0.33412617444992065
0.33967623114585876
0.3618641495704651
0.33723676204681396
0.29507383704185486
0.30867624282836914
0.3183287978172302
0.3066490888595581
0.2985270917415619
0.31389597058296204
0.31676748394966125
0.2852661609649658
0.2908008098602295
0.2865966558456421
0.27864253520965576
0.2964020371437073
0.3019353449344635
0.26760587096214294
0.27194809913635254
0.27940601110458374
0.2408420294523239
0.24755540490150452
0.271543949842453
0.2879554331302643
0.24977503716945648
0.24879497289657593
0.23835287988185883
0.2269468456506729
0.22516590356826782
0.24707883596420288
0.22819197177886963
0.2520308792591095
0.23609332740306854
0.24342264235019684
0.20679892599582672
0.2539445161819458
0.20448285341262817
0.21229714155197144
0.23872868716716766
0.2272104024887085
0.20636987686157227
0.19581498205661774
0.20783139765262604
0.23326334357261658
0.18893754482269287
0.20768284797668457
0.19203521311283112
0.19699305295944214
0.23548279702663422
0.20153115689754486
0.2206772118806839
0.22410407662391663
0.1745142936706543
0.18601775169372559
0.16775824129581451
0.19047118723392487
0.21062451601028442
0.19066491723060608
0.17767132818698883
0.18760833144187927
0.17686431109905243
0.18825489282608032
0.19209273159503937
0.17021743953227997
0.17774046957492828
no squeeze
10.680436134338379
4.6406073570251465
3.256843090057373
2.5752201080322266
2.1165456771850586
1.7306112051010132
1.5770313739776611
1.3871192932128906
1.1410353183746338
1.0323877334594727
0.981441080570221
0.9409033060073853
0.8349320292472839
0.8632960319519043
0.7951837182044983
0.6978845000267029
0.6335192918777466
0.6664478778839111
0.6008985638618469
0.6168712377548218
0.6053149700164795
0.6023455262184143
0.5221245288848877
0.4933973550796509
0.5003494024276733
0.54422527551651
0.45237037539482117
0.4802994728088379
0.48941996693611145
0.4082678556442261
0.4613010883331299
0.414916455745697
0.3939817249774933
0.42380383610725403
0.38252800703048706
0.42666229605674744
0.37668466567993164
0.438973605632782
0.3699638247489929
0.3390217423439026
0.3758329749107361
0.39957889914512634
0.33000850677490234
0.4035869538784027
0.3010926842689514
0.3368133306503296
0.3091508746147156
0.3240373432636261
0.2811449468135834
0.3296700417995453
0.30600714683532715
0.3095601201057434
0.27320438623428345
0.33287835121154785
0.25971508026123047
0.24909640848636627
0.23814043402671814
0.29183366894721985
0.31343206763267517
0.27247217297554016
0.27039799094200134
0.21820566058158875
0.31039759516716003
0.24283644556999207
0.21524201333522797
0.2673708498477936
0.2496250718832016
0.2444644570350647
0.23633258044719696
0.2434418946504593
0.19807898998260498
0.2256665974855423
0.21789278090000153
0.22292444109916687
0.21481671929359436
0.19896624982357025
0.2078900784254074
0.2211950272321701
0.24656812846660614
0.22003577649593353
0.1838534027338028
0.1869814693927765
0.164292111992836
0.18598827719688416
0.18535330891609192
0.19397585093975067
0.19835515320301056
0.18627357482910156
0.23485949635505676
0.2020735740661621
0.2469736635684967
0.2005632519721985
0.1554456502199173
0.16666199266910553
0.15219955146312714
0.16463620960712433
0.16672636568546295
0.1677374243736267
0.17629843950271606
0.1685408502817154
0.18628081679344177
0.17877280712127686
0.19286133348941803
0.152031809091568
0.14965946972370148
0.1431865692138672
0.18806739151477814
0.16869734227657318
0.1429583877325058
0.14477625489234924
0.17329923808574677
0.15044735372066498
0.16025450825691223
0.16070452332496643
0.15255700051784515
0.155849426984787
0.16225525736808777
0.13701094686985016
0.16370651125907898
0.13501699268817902
0.1390783190727234
0.16056548058986664
0.17187009751796722
0.15714465081691742
0.11496526747941971
0.14714127779006958
0.18392829596996307
0.13049989938735962
0.1463734656572342
0.1251390129327774
0.12610390782356262
0.12315493822097778
0.15392142534255981
0.1561814397573471
0.10760001093149185
0.12377871572971344
0.11295682936906815
0.10949699580669403
0.11897300183773041
0.15150247514247894
0.10263186693191528
0.12955012917518616
0.11123277246952057
0.12517040967941284
0.10946941375732422
0.10843814164400101
0.11733720451593399
0.13034264743328094
0.11664986610412598
0.11218660324811935
0.10405740141868591
no squeeze
10.089424133300781
3.1739091873168945
1.868952751159668
1.6334869861602783
1.073110818862915
0.7634202837944031
0.8800821900367737
0.7696139216423035
0.7742973566055298
1.0483835935592651
0.6099323034286499
0.7814043164253235
1.1067769527435303
0.4772414267063141
0.7679491639137268
0.7933277487754822
0.7417927384376526
0.6493268013000488
0.6096333861351013
0.5361860394477844
0.7688902020454407
0.9897978901863098
0.931056559085846
0.49268510937690735
