no squeeze
1.5313585996627808
0.058619387447834015
0.03849232941865921
0.017560727894306183
0.016039596870541573
0.013233459554612637
0.012793262489140034
0.011845791712403297
0.011770015582442284
0.011454570107161999
0.011397838592529297
0.011294035241007805
0.011322325095534325
0.011275575496256351
0.011280317790806293
0.011255013756453991
0.011256703175604343
0.011295369826257229
no squeeze
1.8594027757644653
0.07219118624925613
0.04435570910573006
0.016960440203547478
0.015309079550206661
0.012454051524400711
0.01209784485399723
0.011386397294700146
0.01131574995815754
0.011058143340051174
0.011017382144927979
0.010919129475951195
0.010930551216006279
0.010848731733858585
0.010868684388697147
0.010850752703845501
no squeeze
1.8724803924560547
0.11510852724313736
0.07820945978164673
0.03137931972742081
0.027369443327188492
0.0189169030636549
0.017706207931041718
0.014788389205932617
0.014317207038402557
0.013014041818678379
0.012759102508425713
0.011997702531516552
0.011844010092318058
0.01139453798532486
0.011313145980238914
0.01102006621658802
0.010975570417940617
0.010671203024685383
0.010616380721330643
0.010542577132582664
0.010503968223929405
0.010327212512493134
0.010353830642998219
0.010155893862247467
0.010106435976922512
0.010062692686915398
0.010043027810752392
0.009993702173233032
0.009971436113119125
0.009889714419841766
0.00990200787782669
0.009905142709612846
no squeeze
2.044023275375366
0.27368393540382385
0.20569783449172974
0.11275454610586166
0.10349835455417633
0.08142755180597305
0.07750391215085983
0.06534157693386078
0.06278612464666367
0.05398553982377052
0.05211837217211723
0.04542233422398567
0.04382891207933426
0.03826165199279785
0.03695973753929138
0.03242861106991768
0.03141040727496147
0.027682816609740257
0.026697736233472824
0.023584790527820587
0.022895514965057373
0.020457042381167412
0.019901825115084648
0.017990171909332275
0.017610661685466766
0.01611408032476902
0.015757834538817406
0.014772176742553711
0.014568601734936237
0.013813418336212635
0.013728640973567963
0.01323794201016426
0.013140426017343998
0.01282756682485342
0.012765864841639996
0.012570690363645554
0.012567123398184776
0.012418222613632679
0.012474989518523216
0.012301139533519745
0.012289589270949364
0.012186285108327866
0.012283891439437866
0.012216318398714066
no squeeze
1.8110013008117676
0.14425857365131378
0.10293032974004745
0.0458059161901474
0.04010636731982231
0.027873681858181953
0.025844132527709007
0.020620180293917656
0.01966797560453415
0.01688450388610363
0.016289332881569862
0.0145491324365139
0.01419650949537754
0.013030899688601494
0.012852869927883148
0.012060895562171936
0.011851724237203598
0.011302226223051548
0.011202453635632992
0.010752241127192974
0.010689599439501762
0.010411733761429787
0.010322029702365398
0.010119481012225151
0.010042491368949413
0.009876730851829052
0.009817182086408138
0.009680444374680519
0.009668535552918911
0.009565976448357105
0.009560750797390938
0.00944099947810173
0.009421846829354763
0.009362672455608845
0.009399188682436943
0.009267470799386501
0.00923898071050644
0.009234674274921417
0.009217007085680962
0.009162581525743008
0.009167923592031002
0.00915350392460823
0.009117677807807922
0.009132311679422855
0.009083269163966179
0.00908330176025629
0.009061353281140327
0.009054160676896572
0.009028724394738674
0.00908570270985365
0.009006651118397713
0.0089785261079669
0.009012477472424507
0.009019888006150723
no squeeze
2.771610975265503
0.05889168381690979
0.035841334611177444
0.016214627772569656
0.01578938402235508
0.015376398339867592
0.015295783057808876
0.015312637202441692
0.01528517622500658
0.015347931534051895
0.015309137292206287
0.015290653333067894
no squeeze
1.5394272804260254
0.06687033921480179
0.045047201216220856
0.02071838080883026
0.01895776018500328
0.015749257057905197
0.015383555553853512
0.014349895529448986
0.014164183288812637
0.013711024075746536
0.013638123869895935
0.013281745836138725
0.013292113319039345
0.013151506893336773
0.013109869323670864
0.012967642396688461
0.01296943612396717
0.01284006703644991
0.012849272228777409
0.01286311261355877
no squeeze
1.555147409439087
0.06166096776723862
0.03965647891163826
0.01722445711493492
0.01566399820148945
0.012633549980819225
0.012209422886371613
0.011191166006028652
0.010983853600919247
0.010477914474904537
0.01037509273737669
0.010109887458384037
0.01005245465785265
0.009876876138150692
0.009858410805463791
0.009761855937540531
0.009732221253216267
0.009667692705988884
0.009649094194173813
0.009554166346788406
0.009535972028970718
0.00952474307268858
0.009516939520835876
0.009500529617071152
0.009506605565547943
0.00949874334037304
0.009473057463765144
0.009459483437240124
0.009450329467654228
0.009491337463259697
0.00946628488600254
0.00945811066776514
no squeeze
1.6375154256820679
0.10334037244319916
0.07176607847213745
0.031778883188962936
0.027788454666733742
0.019439950585365295
0.01815129816532135
0.01504079345613718
0.0144913075491786
0.012890668585896492
0.012628769502043724
0.011744018644094467
0.011594219133257866
0.011036974377930164
0.010877101682126522
0.010545574128627777
0.01043695118278265
0.010182817466557026
0.010112395510077477
0.00993070937693119
0.009881927631795406
0.009742364287376404
0.009688968770205975
0.00957423821091652
0.009546210058033466
0.00944917555898428
0.009474126622080803
0.009359021671116352
0.009345353581011295
0.009275740012526512
0.00927894376218319
0.009199091233313084
0.009223534725606441
0.009212774224579334
