no squeeze
1.6071710586547852
0.07841886579990387
0.059886105358600616
0.04185696691274643
0.04100395739078522
0.03956833481788635
0.039779480546712875
0.039190493524074554
0.039483439177274704
0.03932339698076248
no squeeze
1.6792104244232178
0.0576438345015049
0.03543437272310257
0.011961499229073524
0.010462155565619469
0.007866972126066685
0.007511961739510298
0.0066825090907514095
0.006530136335641146
0.006192017812281847
0.006129855290055275
0.005961639806628227
0.005924729630351067
0.005858670454472303
0.0058479513972997665
0.005829559173434973
0.0058310143649578094
0.005785152316093445
0.005777777638286352
0.005762428045272827
0.005748858209699392
0.00575433811172843
0.00574676925316453
0.005747473798692226
0.0057402439415454865
0.005762950517237186
0.005744696129113436
0.005792621523141861
no squeeze
1.9100136756896973
0.13244561851024628
0.09212850034236908
0.03878828138113022
0.03392484039068222
0.02330760285258293
0.02164790779352188
0.01698818802833557
0.0160061027854681
0.013193579390645027
0.01260768249630928
0.010950762778520584
0.01052943430840969
0.009370408020913601
0.009107392281293869
0.00825878418982029
0.008049977011978626
0.007454336155205965
0.0072991675697267056
0.006885616108775139
0.006742728408426046
0.006440639961510897
0.006379570346325636
0.006153440568596125
0.006096691824495792
0.005901162046939135
0.005874317139387131
0.005726616829633713
0.0056861345656216145
0.005579331889748573
0.005550455767661333
0.005478747189044952
0.0054513537324965
0.005363903474062681
0.005355725530534983
0.005315858870744705
0.005309665575623512
0.005242854356765747
0.005262861028313637
0.005197612568736076
0.0051805442199110985
0.0051666623912751675
0.005181582178920507
0.005123053677380085
0.005135021172463894
0.005077565088868141
0.0050844233483076096
0.005065468605607748
0.005071156192570925
0.005065359175205231
0.005037178285419941
0.0050297691486775875
0.005021065007895231
0.0050198654644191265
0.005016137845814228
0.005010162480175495
0.005018260795623064
0.005002234131097794
0.0049828761257231236
0.004974111448973417
0.0049950964748859406
0.004975557327270508
no squeeze
1.7540010213851929
0.22870787978172302
0.17562872171401978
0.10887978971004486
0.1024753525853157
0.08805466443300247
0.08550146967172623
0.07795832306146622
0.0763644427061081
0.07131155580282211
0.07030380517244339
0.06636589765548706
0.06544729322195053
0.06201272830367088
0.061356596648693085
0.05852894484996796
0.057916298508644104
0.055556055158376694
0.054988738149404526
0.05277290195226669
0.052270930260419846
0.05037892609834671
0.04982208460569382
0.047966841608285904
0.04763799160718918
0.04603072628378868
0.0456683486700058
0.04422549530863762
0.0438813716173172
0.0424029566347599
0.042265333235263824
0.04106234386563301
0.04095303267240524
0.03979557007551193
0.0395689532160759
0.038524601608514786
0.038489483296871185
0.03771449625492096
0.037553198635578156
0.03677045553922653
0.036479800939559937
0.03586015850305557
0.03577881306409836
0.03514067828655243
0.03506738692522049
0.03440793976187706
0.03432957082986832
0.03367380052804947
0.033687952905893326
0.03309756517410278
0.033107731491327286
0.03262994810938835
0.03259750083088875
0.03214947506785393
0.031962208449840546
0.03157229721546173
0.03154468908905983
0.03109254688024521
0.03087814524769783
0.030639883130788803
0.030494244769215584
0.030212752521038055
0.030198851600289345
0.02987026982009411
0.0297695305198431
0.02947928011417389
0.0294662993401289
0.02912232093513012
0.02909180335700512
0.028782302513718605
0.02877069264650345
0.028599107638001442
0.02841641940176487
0.02835392765700817
0.028199907392263412
0.027956567704677582
0.027844201773405075
0.027565859258174896
0.027553793042898178
0.027239521965384483
0.02730458416044712
0.027072492986917496
0.02706287056207657
0.026678362861275673
0.026710648089647293
0.02639979124069214
0.026456188410520554
0.026301397010684013
0.02623564563691616
0.026019731536507607
0.0260335523635149
0.02584310993552208
0.02571394480764866
0.025695765390992165
0.025532998144626617
0.0252867229282856
0.02518976479768753
0.02516288496553898
0.02520807832479477
0.024913698434829712
0.02501164749264717
0.024677572771906853
0.024686133489012718
0.024512138217687607
0.024554811418056488
0.024359654635190964
0.02434704639017582
0.02417793683707714
0.024229075759649277
0.024019531905651093
0.024211954325437546
0.023852301761507988
0.023888204246759415
0.024078642949461937
no squeeze
1.867899775505066
0.16563622653484344
0.12500539422035217
0.06938406825065613
0.06398258358240128
0.05174756422638893
0.04977734014391899
0.044272128492593765
0.04335968941450119
0.04026360437273979
0.03958733379840851
0.037440795451402664
0.037011079490184784
0.03537445515394211
0.03499976545572281
0.033874619752168655
0.03357871249318123
0.03260916471481323
0.032423943281173706
0.03161220997571945
0.031473807990550995
0.03085075318813324
0.03068995103240013
0.030164385214447975
0.030203012749552727
0.02959512360394001
0.029651954770088196
0.029236504808068275
0.029136264696717262
0.028811495751142502
0.02860424853861332
0.0284943338483572
0.028344908729195595
0.028230352327227592
0.02815813198685646
0.027960365638136864
0.027853062376379967
0.027696475386619568
0.027603166177868843
0.027517883107066154
0.027387503534555435
0.02726052887737751
0.027204379439353943
0.027234062552452087
0.027151282876729965
0.027280325070023537
0.027124565094709396
0.026958294212818146
0.02691047638654709
0.02680380269885063
0.026790406554937363
0.02677750214934349
0.02672504261136055
0.026759041473269463
0.026716791093349457
0.026695488020777702
0.026568008586764336
0.026548903435468674
0.026515178382396698
0.026547491550445557
0.02667277865111828
0.02644982933998108
0.026449434459209442
0.026355313137173653
0.02642185240983963
0.02625853382050991
0.026439616456627846
0.026341089978814125
no squeeze
1.7325866222381592
0.09650464355945587
0.0814984068274498
0.06843534111976624
0.06813182681798935
0.06780718266963959
0.06791968643665314
0.0677434504032135
0.06786715984344482
0.06781704723834991
