no squeeze
1.572225570678711
0.06316111236810684
0.04026930779218674
0.016946421936154366
0.015664203092455864
0.013932084664702415
0.013794339261949062
0.013507671654224396
0.01346844993531704
0.013405075296759605
0.013360374607145786
0.013336642645299435
0.013244381174445152
0.013275056146085262
0.013279310427606106
0.01321142353117466
0.013191699981689453
0.013188516721129417
0.013206779956817627
0.013159423135221004
0.013412040658295155
0.013164980337023735
no squeeze
1.9177926778793335
0.08936207741498947
0.06634233891963959
0.043209679424762726
0.04208332672715187
0.039616577327251434
0.03943202272057533
0.03865009918808937
0.03839416056871414
0.03821193799376488
0.03826596587896347
0.03818727657198906
0.03811413049697876
0.038202155381441116
0.038334157317876816
0.03824261948466301
no squeeze
1.960593819618225
0.16144432127475739
0.11353962868452072
0.045074690133333206
0.03861802816390991
0.024850334972143173
0.022817512974143028
0.01734200492501259
0.01634029485285282
0.013448881916701794
0.012898299843072891
0.011195367202162743
0.01094011589884758
0.009777071885764599
0.009565421380102634
0.00886581465601921
0.008701569400727749
0.008210075087845325
0.008109490387141705
0.0077874730341136456
0.007715585175901651
0.007464765105396509
0.007406176999211311
0.007247099652886391
0.0072013684548437595
0.007068325765430927
0.007029257714748383
0.006939303129911423
0.006939472630620003
0.006814893800765276
0.006852875463664532
0.006782742217183113
0.006771076004952192
0.006707943510264158
0.006714118178933859
0.006642702501267195
0.006615240592509508
0.006604782305657864
0.006586236413568258
0.0065965778194367886
0.006600501481443644
0.0065689836628735065
0.006572097074240446
0.0065383887849748135
0.00653009582310915
0.006512593012303114
0.006518791429698467
0.006512683816254139
no squeeze
2.0046186447143555
0.2673514485359192
0.20804999768733978
0.13259093463420868
0.12545926868915558
0.10900069773197174
0.10602723062038422
0.09721707552671432
0.09597188979387283
0.08967955410480499
0.08796964585781097
0.08366774767637253
0.08264490216970444
0.07924994081258774
0.07856319099664688
0.07557856291532516
0.0750100165605545
0.0727747455239296
0.07226674258708954
0.07018173485994339
0.06982412934303284
0.06807108223438263
0.06766487658023834
0.06621494889259338
0.06607072800397873
0.06472781300544739
0.06446871161460876
0.06327465176582336
0.06274164468050003
0.061660416424274445
0.06129926070570946
0.06016718968749046
0.05988498777151108
0.05882718786597252
0.05851132422685623
0.057282865047454834
0.05698632448911667
0.055722497403621674
0.05545972287654877
0.054255928844213486
0.0544218048453331
0.052582889795303345
0.05216551572084427
0.050953030586242676
0.05056187883019447
0.04891568422317505
0.0485662966966629
0.047144815325737
0.04671292006969452
0.045203354209661484
0.04467451572418213
0.04310835152864456
0.04262501746416092
0.04109635576605797
0.04049355909228325
0.03887924179434776
0.03855297714471817
0.03721919655799866
0.036957308650016785
0.036008309572935104
0.03587039187550545
0.03528911620378494
0.035073958337306976
0.03490113094449043
0.03477724641561508
0.03429059311747551
0.0341469869017601
0.03394521400332451
0.03382145240902901
0.03379197418689728
0.033622536808252335
0.0334075465798378
0.03334260359406471
0.03303159028291702
0.03314708545804024
0.03285393863916397
0.03294662758708
0.03282734379172325
0.032767608761787415
0.032832976430654526
0.03271526098251343
0.0324333980679512
0.032554347068071365
0.0326165147125721
no squeeze
1.964745044708252
0.18018171191215515
0.1372949630022049
0.08050157129764557
0.07497545331716537
0.06314907222986221
0.061157334595918655
0.05605436488986015
0.05498071014881134
0.051964595913887024
0.05151423439383507
0.04923819750547409
0.04880785197019577
0.04687085002660751
0.04659420624375343
0.0452975295484066
0.0448586605489254
0.04378962889313698
0.04324072226881981
0.04221373423933983
0.04212826117873192
0.04136073589324951
0.040957577526569366
0.0401700995862484
0.03997538611292839
0.03937862068414688
0.039064597338438034
0.03868445008993149
0.03842534124851227
0.03801020234823227
0.037832360714673996
0.037315912544727325
0.03737090900540352
0.03689880296587944
0.036774877458810806
0.036410436034202576
0.03643651306629181
0.03620575740933418
0.03597574308514595
0.03574030101299286
0.03570815920829773
0.03552421182394028
0.035528939217329025
0.03498918563127518
0.03513983637094498
0.03492211550474167
0.034871913492679596
0.03476261720061302
0.034774135798215866
0.03453948348760605
0.034630704671144485
0.03444330394268036
0.03457986190915108
0.034349147230386734
0.034227363765239716
0.034285154193639755
0.03419242799282074
0.03431804105639458
0.034073010087013245
0.034286584705114365
0.03417113795876503
0.03383181616663933
0.03381197154521942
0.033835798501968384
0.03392552211880684
0.033726662397384644
0.03367049619555473
0.03368043154478073
0.033773273229599
0.033909279853105545
no squeeze
1.9369443655014038
0.11495602875947952
0.10329781472682953
0.09043801575899124
0.08984292298555374
0.09092313051223755
0.08939290046691895
0.08930806815624237
0.08948405086994171
0.08924517035484314
0.09102486819028854
0.08919024467468262
0.08966181427240372
0.09074392914772034
