no squeeze
2.822648048400879
0.3798469007015228
0.3147931396961212
0.21888481080532074
0.21126499772071838
0.19827671349048615
0.1976705640554428
0.19537587463855743
0.1960095763206482
0.19492536783218384
0.1949283480644226
0.19441024959087372
0.19529758393764496
0.19506260752677917
no squeeze
3.1144933700561523
0.3362997770309448
0.27686816453933716
0.19871577620506287
0.19239073991775513
0.18130813539028168
0.18094760179519653
0.17777849733829498
0.17766408622264862
0.1774132251739502
0.17775215208530426
0.17718562483787537
0.17734666168689728
0.1767309308052063
0.17737886309623718
0.1768101155757904
no squeeze
3.0729422569274902
0.4981658458709717
0.3997915983200073
0.24349065124988556
0.22652460634708405
0.18759877979755402
0.18118008971214294
0.16220375895500183
0.15904080867767334
0.14921285212039948
0.14745695888996124
0.14173324406147003
0.14086948335170746
0.1376732885837555
0.13711011409759521
0.13512808084487915
0.13444843888282776
0.13360799849033356
0.13313022255897522
0.13246901333332062
0.13245734572410583
0.13149848580360413
0.1313808709383011
0.13122959434986115
0.13089406490325928
0.1306678205728531
0.13045887649059296
0.13053353130817413
0.13068531453609467
0.13054876029491425
no squeeze
3.199705123901367
1.0471118688583374
0.9000512361526489
0.6431862115859985
0.6087313294410706
0.5187813639640808
0.5028731226921082
0.450927197933197
0.4404645562171936
0.4058130383491516
0.397742360830307
0.3732578456401825
0.36688196659088135
0.346150666475296
0.34161117672920227
0.32570207118988037
0.32174813747406006
0.3078307509422302
0.30418750643730164
0.292233407497406
0.29010912775993347
0.2783049941062927
0.2761746048927307
0.26672178506851196
0.26482081413269043
0.25587213039398193
0.25389012694358826
0.24639089405536652
0.24407094717025757
0.23689055442810059
0.23552274703979492
0.22859206795692444
0.22669970989227295
0.22080756723880768
0.2187136709690094
0.21291762590408325
0.21140137314796448
0.20585614442825317
0.20476381480693817
0.19941048324108124
0.19811934232711792
0.1934635490179062
0.19224713742733002
0.18738538026809692
0.18611066043376923
0.182265043258667
0.18064770102500916
0.1768937110900879
0.17634618282318115
0.1720089465379715
0.17108073830604553
0.16747687757015228
0.16690067946910858
0.16343830525875092
0.1627546101808548
0.15974153578281403
0.1592388153076172
0.15662875771522522
0.156140998005867
0.15319432318210602
0.15227565169334412
0.15068776905536652
0.14997662603855133
0.14800593256950378
0.14779916405677795
0.14577268064022064
0.14537544548511505
0.14405304193496704
0.14387187361717224
0.14176258444786072
0.14174923300743103
0.14075253903865814
0.1401325762271881
0.13921919465065002
0.1390215903520584
0.1380213350057602
0.13778240978717804
0.1366318315267563
0.13725712895393372
0.13575656712055206
0.1357642412185669
0.13497792184352875
0.13444234430789948
0.13393326103687286
0.1337299346923828
0.13302992284297943
0.1328009068965912
0.132147416472435
0.13193610310554504
0.1312069147825241
0.1306333690881729
0.12988072633743286
0.13017991185188293
0.12892204523086548
0.12905065715312958
0.1286044716835022
0.12833920121192932
0.12739288806915283
0.12698927521705627
0.12624433636665344
0.12621665000915527
0.1255173534154892
0.12526068091392517
0.12493932992219925
0.12489868700504303
0.12416252493858337
0.12411686033010483
0.12356211245059967
0.12335477024316788
0.1226963996887207
0.12241686880588531
0.12207568436861038
0.12187965214252472
0.12154554575681686
0.12113208323717117
0.12088140100240707
0.12108021229505539
0.12014307826757431
0.1198616549372673
0.11995422840118408
0.11964666098356247
0.11913160234689713
0.11892572045326233
0.11866056174039841
0.11891359835863113
0.11833522468805313
0.11829102039337158
0.11803219467401505
0.11785888671875
0.11766497790813446
0.11761762946844101
0.11725492030382156
0.1167433112859726
0.11674100905656815
0.11696995049715042
0.11625479906797409
0.11648242920637131
0.11598780751228333
0.1163291335105896
0.11584068834781647
0.11583214998245239
0.11539191007614136
0.11527258902788162
0.11498308181762695
0.1149427741765976
0.11484522372484207
0.11476798355579376
0.11423075944185257
0.11439035832881927
0.11445393413305283
no squeeze
3.1703548431396484
0.4380987286567688
0.34971141815185547
0.21149477362632751
0.19557882845401764
0.15751126408576965
0.1510341763496399
0.13193419575691223
0.12816807627677917
0.11685273051261902
0.11461922526359558
0.10684365034103394
0.10517226159572601
0.09960798919200897
0.09837112575769424
0.09409155696630478
0.09306859970092773
0.0897674560546875
0.08912476152181625
0.08653555810451508
0.08602724224328995
0.08358965814113617
0.08329177647829056
0.08178561180830002
0.08068101108074188
0.07940634340047836
0.07915960997343063
0.07768325507640839
0.07720820605754852
0.07630179822444916
0.0758301243185997
0.07483765482902527
0.07466868311166763
0.07373294234275818
0.07361534982919693
0.07308141142129898
0.07248539477586746
0.07206683605909348
0.07151097804307938
0.07089579105377197
0.07074763625860214
0.07019969820976257
0.06994417309761047
0.06958704441785812
0.06933417171239853
0.06898031383752823
0.06900998950004578
0.068610280752182
0.06842593848705292
0.06815922260284424
0.06803393363952637
0.0676877424120903
0.0677126869559288
0.06752710789442062
0.06733088195323944
0.06710992008447647
0.06693378835916519
0.06674840301275253
0.06629202514886856
0.06634597480297089
0.06618887186050415
0.0659378319978714
0.06613845378160477
0.0662284716963768
no squeeze
3.1241109371185303
0.4320988059043884
0.40705305337905884
0.3903011679649353
0.3893146812915802
0.39027079939842224
0.3893817365169525
0.389311283826828
0.3897496461868286
0.3902750611305237
