no squeeze
3.6699378490448
0.4337542653083801
0.3555643558502197
0.25866594910621643
0.2512897551059723
0.24016419053077698
0.23859575390815735
0.23565484583377838
0.2354024052619934
0.23508064448833466
0.23463302850723267
0.2343767285346985
0.2346685528755188
0.2350420504808426
no squeeze
3.4234848022460938
0.3736833930015564
0.31398922204971313
0.23551252484321594
0.22892878949642181
0.21653057634830475
0.21528932452201843
0.21169687807559967
0.2113112211227417
0.21010003983974457
0.2097502052783966
0.20988930761814117
0.20946308970451355
0.20895667374134064
0.20917508006095886
0.20877425372600555
0.2095532864332199
0.20874732732772827
0.20983518660068512
0.20955266058444977
no squeeze
3.3499696254730225
0.5556697249412537
0.45039457082748413
0.27810293436050415
0.2570318579673767
0.2079915851354599
0.19997994601726532
0.17964915931224823
0.17622971534729004
0.16733726859092712
0.16569240391254425
0.16152772307395935
0.16086643934249878
0.1585656702518463
0.15800289809703827
0.15656441450119019
0.15662236511707306
0.1559215784072876
0.15567849576473236
0.1554947793483734
0.15527118742465973
0.1544756442308426
0.15468735992908478
0.15479399263858795
no squeeze
3.8469505310058594
1.1096388101577759
0.9523490071296692
0.679065465927124
0.642738938331604
0.550234317779541
0.5326765775680542
0.47992292046546936
0.46835124492645264
0.4302196800708771
0.4218630790710449
0.39375272393226624
0.3872796595096588
0.36498311161994934
0.36055758595466614
0.3429793417453766
0.33822253346443176
0.32486116886138916
0.32139939069747925
0.30877405405044556
0.3061564266681671
0.2954866290092468
0.2929231822490692
0.2837894856929779
0.28128379583358765
0.27257683873176575
0.27041786909103394
0.262391597032547
0.2603249251842499
0.25275781750679016
0.2507040798664093
0.2436528205871582
0.24239537119865417
0.23562604188919067
0.23424996435642242
0.22755028307437897
0.2258801907300949
0.2205565720796585
0.2191949486732483
0.21382881700992584
0.21251007914543152
0.2075214982032776
0.20613537728786469
0.20194435119628906
0.20118935406208038
0.1967741847038269
0.19568368792533875
0.1927526444196701
0.19180747866630554
0.18846768140792847
0.18744075298309326
0.1846010982990265
0.18386442959308624
0.18133972585201263
0.18076097965240479
0.17813794314861298
0.17784790694713593
0.1757781058549881
0.1752956658601761
0.17400449514389038
0.1732330471277237
0.17136676609516144
0.17108532786369324
0.16966073215007782
0.1695663034915924
0.168045774102211
0.16807354986667633
0.1664935201406479
0.1664547473192215
0.16497331857681274
0.16489097476005554
0.1640610694885254
0.16396093368530273
0.16281314194202423
0.16265815496444702
0.16190031170845032
0.16152678430080414
0.16121672093868256
0.16060326993465424
0.1598532795906067
0.1597915142774582
0.15888994932174683
0.15899764001369476
0.15834835171699524
0.15790729224681854
0.15756848454475403
0.15745413303375244
0.15603235363960266
0.15643846988677979
0.15578800439834595
0.15571589767932892
0.15486232936382294
0.15448921918869019
0.15402643382549286
0.15395162999629974
0.1528756022453308
0.15330760180950165
0.15235812962055206
0.15231306850910187
0.15164493024349213
0.151277095079422
0.15066541731357574
0.15091481804847717
0.14956241846084595
0.14980295300483704
0.14870768785476685
0.14879736304283142
0.1482914537191391
0.14831838011741638
0.14757730066776276
0.14721478521823883
0.14686720073223114
0.14660020172595978
0.14584951102733612
0.1457352191209793
0.14517630636692047
0.1450648158788681
0.14461185038089752
0.14432045817375183
0.14390742778778076
0.14404001832008362
0.14277386665344238
0.14302638173103333
0.14210951328277588
0.14231057465076447
0.14150607585906982
0.1416519284248352
0.1410086750984192
0.14064082503318787
0.14047299325466156
0.1402762532234192
0.13979001343250275
0.1395152360200882
0.13928377628326416
0.13927589356899261
0.13855254650115967
0.13851521909236908
0.13845987617969513
0.13868483901023865
0.13776905834674835
0.13751041889190674
0.13734452426433563
0.1373833566904068
0.13670362532138824
0.13651593029499054
0.13594380021095276
0.13619427382946014
0.13575153052806854
0.13545078039169312
0.13523487746715546
0.13508275151252747
0.13494329154491425
0.13462650775909424
0.13448216021060944
0.13423596322536469
0.1335832178592682
0.1340104341506958
0.13370144367218018
no squeeze
3.5125038623809814
0.5733049511909485
0.47404080629348755
0.30527469515800476
0.28430330753326416
0.23034556210041046
0.22053049504756927
0.19177548587322235
0.185929536819458
0.16654187440872192
0.1626473218202591
0.14901112020015717
0.14588771760463715
0.1362442821264267
0.13378658890724182
0.12622001767158508
0.12447871267795563
0.1186700239777565
0.11769363284111023
0.1130751296877861
0.11177080869674683
0.10822564363479614
0.1075504794716835
0.1046677902340889
0.10398225486278534
0.10155424475669861
0.10081487894058228
0.09901569038629532
0.0985487774014473
0.09668188542127609
0.0965530276298523
0.0948738232254982
0.09463366121053696
0.09341596066951752
0.09291859716176987
0.091868095099926
0.09160508215427399
0.09066192060709
0.09042174369096756
0.08956873416900635
0.08962088078260422
0.08866710960865021
0.08865007013082504
0.08791357278823853
0.0877087265253067
0.08709248155355453
0.08667787164449692
0.08626215904951096
0.08625585585832596
0.0856977254152298
0.08578845858573914
0.08523154258728027
0.08514811098575592
0.08467356115579605
0.08461140096187592
0.08436081558465958
0.08434660732746124
0.08421476185321808
0.0840725228190422
0.08356840163469315
0.08362984657287598
0.08327332139015198
0.0834014043211937
0.08370175212621689
no squeeze
3.357832431793213
0.5432114601135254
0.5115004181861877
0.4862571656703949
0.48510703444480896
0.4852120876312256
0.48488786816596985
0.4846430718898773
0.48487740755081177
0.48530223965644836
