no squeeze
3.513028144836426
0.558085560798645
0.44858720898628235
0.27635642886161804
0.25502005219459534
0.2039349526166916
0.1950252503156662
0.16944138705730438
0.16470959782600403
0.14932702481746674
0.145982563495636
0.13586720824241638
0.13393042981624603
0.12614573538303375
0.12458086758852005
0.1189732626080513
0.11788349598646164
0.11360568553209305
0.11243503540754318
0.10902362316846848
0.10834562033414841
0.1056172251701355
0.10515400022268295
0.10310401767492294
0.10241865366697311
0.10084696859121323
0.10040286183357239
0.09884116798639297
0.0987655520439148
0.09713047742843628
0.09668560326099396
0.09601370990276337
0.09550851583480835
0.0944850742816925
0.09422214329242706
0.09367289394140244
0.09343338012695312
0.09288529306650162
0.0926830992102623
0.09203608334064484
0.0922049954533577
0.09152693301439285
0.09158191829919815
0.09098298847675323
0.09092944860458374
0.0905381292104721
0.09037241339683533
0.09020853787660599
0.08998283743858337
0.08965067565441132
0.08932681381702423
0.08970186859369278
0.08948110789060593
0.08915726840496063
0.08917263150215149
0.08898983895778656
0.08876734226942062
0.08865325897932053
0.08866198360919952
0.08854614198207855
0.08859726041555405
0.08820364624261856
0.08833827078342438
0.08851560950279236
no squeeze
3.0047407150268555
0.5884866118431091
0.48321035504341125
0.2958700358867645
0.27091655135154724
0.21094779670238495
0.20079678297042847
0.17243054509162903
0.16634191572666168
0.14948928356170654
0.14623650908470154
0.13480626046657562
0.1323927342891693
0.12454328685998917
0.12293865531682968
0.11681728810071945
0.11557171493768692
0.11087839305400848
0.10985636711120605
0.10605482757091522
0.10517431795597076
0.10224119573831558
0.10145784169435501
0.09899269789457321
0.09824635833501816
0.09635220468044281
0.09573262184858322
0.09425502270460129
0.09363678097724915
0.09229572862386703
0.09228271245956421
0.0908374935388565
0.09061622619628906
0.08967431634664536
0.08932004868984222
0.08864298462867737
0.08836951851844788
0.08766085654497147
0.08743032068014145
0.08671297878026962
0.08681859076023102
0.08614321053028107
0.08632588386535645
0.08576919883489609
0.08570843189954758
0.08506492525339127
0.08504550158977509
0.08480077981948853
0.08457819372415543
0.08431599289178848
0.08438275009393692
0.083979532122612
0.08400022983551025
0.08379775285720825
0.08358491212129593
0.08320380747318268
0.08325153589248657
0.08311212807893753
0.08319780975580215
0.08303694427013397
0.08306778967380524
0.08280643820762634
0.08263590186834335
0.08255983144044876
0.08280344307422638
0.08240614086389542
0.08249425888061523
0.08241377025842667
no squeeze
3.440540313720703
0.5767018795013428
0.46687591075897217
0.28242984414100647
0.2607388198375702
0.20604632794857025
0.19649839401245117
0.1689877212047577
0.16354960203170776
0.14761251211166382
0.14430035650730133
0.13357968628406525
0.13140758872032166
0.12389325350522995
0.12234018743038177
0.11691871285438538
0.1157798022031784
0.11174438893795013
0.11091474443674088
0.10779715329408646
0.10727491229772568
0.10454035550355911
0.10403160005807877
0.10219540446996689
0.1016237884759903
0.09995485842227936
0.10004060715436935
0.09831684082746506
0.09798181056976318
0.09707945585250854
0.09671901166439056
0.09566053003072739
0.0955558642745018
0.09460634738206863
0.09435947984457016
0.09360525757074356
0.09341120719909668
0.09282082319259644
0.09263544529676437
0.09212855994701385
0.09218818694353104
0.09149908274412155
0.09136632084846497
0.0909862369298935
0.09112516790628433
0.09071802347898483
0.0904843732714653
0.09010064601898193
0.09030210226774216
0.08970770239830017
0.08967246115207672
0.08948275446891785
0.08941715210676193
0.08931536227464676
0.08901705592870712
0.08922616392374039
0.08892454952001572
0.088626429438591
0.08870334923267365
0.08849776536226273
0.08838053047657013
0.08822669088840485
0.08835464715957642
0.0881461575627327
0.0878816470503807
0.08791185915470123
0.08812941610813141
0.0879804864525795
no squeeze
3.3654024600982666
0.7073866128921509
0.56195068359375
0.3028990924358368
0.27155056595802307
0.20278362929821014
0.1922151744365692
0.1651363968849182
0.16055834293365479
0.14616243541240692
0.14342740178108215
0.13444547355175018
0.13272643089294434
0.12636277079582214
0.12491127848625183
0.12011662870645523
0.11916721612215042
0.11535574495792389
0.11451905965805054
0.11151538044214249
0.11075565963983536
0.10833997279405594
0.10786914080381393
0.1061815395951271
0.10546361654996872
0.10384556651115417
0.10321302711963654
0.10170256346464157
0.10150767117738724
0.10043139010667801
0.09993738681077957
0.09898299723863602
0.09866764396429062
0.09770125895738602
0.09764227271080017
0.09684302657842636
0.09661047905683517
0.09600958228111267
0.09601351618766785
0.09534025937318802
0.09504762291908264
0.09456688165664673
0.09461963176727295
0.09410792589187622
0.09391315281391144
0.09347043186426163
0.0935656949877739
0.09300889074802399
0.09291927516460419
0.09253612905740738
0.09247853606939316
0.09235335886478424
0.09227544069290161
0.0921647846698761
0.09194027632474899
0.09164692461490631
0.09165484458208084
0.09166880697011948
no squeeze
3.253528594970703
0.5174066424369812
0.4078369736671448
0.2320168912410736
0.21183261275291443
0.1644776612520218
0.1566268354654312
0.13469909131526947
0.13060903549194336
0.11833883821964264
0.11586125940084457
0.10757523775100708
0.10581851005554199
0.09986339509487152
0.09867823123931885
0.09395050257444382
0.09294765442609787
0.08942500501871109
0.08854693174362183
0.08562574535608292
0.0850326418876648
0.08277882635593414
0.08231457322835922
0.08068449795246124
0.08001752942800522
0.07859041541814804
0.07822435349225998
0.07713402062654495
0.07690083235502243
0.07591275125741959
0.07558058202266693
0.07479962706565857
0.07462415099143982
0.07386306673288345
0.07371053099632263
0.07299572974443436
0.07306032627820969
0.0722862035036087
0.0720813125371933
0.07155850529670715
0.07182054966688156
0.07142116874456406
0.07113315910100937
0.07083109766244888
0.07066181302070618
0.07029207795858383
0.07022404670715332
0.06980492174625397
0.06986314803361893
0.06986993551254272
