no squeeze
1.636596441268921
0.07576734572649002
0.052271291613578796
0.02453230693936348
0.022343581542372704
0.017125478014349937
0.016421249136328697
0.014444192871451378
0.01410811860114336
0.013210463337600231
0.013045315630733967
0.012587891891598701
0.012588188983500004
0.012353651225566864
0.012333100661635399
0.012170594185590744
0.012190841138362885
0.012101304717361927
0.012168614193797112
0.012104062363505363
no squeeze
1.9305777549743652
0.09916497021913528
0.06507089734077454
0.030636940151453018
0.02810671739280224
0.02188357152044773
0.020736366510391235
0.01671495847404003
0.015859801322221756
0.01322985626757145
0.012670685537159443
0.01119685173034668
0.010979099199175835
0.010347655974328518
0.01019885390996933
0.009957099333405495
0.00988706387579441
0.009695558808743954
0.009731714613735676
0.009653574787080288
0.00968790240585804
0.00966746173799038
no squeeze
2.001856803894043
0.1258798986673355
0.08502519875764847
0.03067799285054207
0.026256630197167397
0.017136789858341217
0.01583239622414112
0.01255421806126833
0.011945964768528938
0.010241353884339333
0.00993469450622797
0.008961973711848259
0.008761757053434849
0.00811711698770523
0.007956498302519321
0.007529779337346554
0.00745027931407094
0.007134408690035343
0.007081794086843729
0.006919654551893473
0.006815990898758173
0.006649264600127935
0.006643666885793209
0.006521923467516899
0.0064885299652814865
0.006376674864441156
0.006369635462760925
0.006310681346803904
0.0062926094979047775
0.006177331320941448
0.006199924275279045
0.006135511677712202
0.006153053138405085
0.006074233911931515
0.006088594440370798
0.006046141032129526
0.00604861369356513
0.0060368487611413
0.006028395611792803
0.005976790562272072
0.005962447263300419
0.005972076673060656
0.005990457255393267
0.005951898638159037
0.00592200318351388
0.0059123532846570015
0.005920419003814459
0.005923284683376551
no squeeze
2.2694032192230225
0.3252309560775757
0.2504076361656189
0.1420413702726364
0.130806565284729
0.10357864201068878
0.09943453967571259
0.08623595535755157
0.0836075097322464
0.07593212276697159
0.07415831834077835
0.06866045296192169
0.06755674630403519
0.0637100487947464
0.06258449703454971
0.059576161205768585
0.05889378860592842
0.05664406716823578
0.056081634014844894
0.05402543395757675
0.053977593779563904
0.05210425704717636
0.05185391753911972
0.05044017359614372
0.05015840753912926
0.04895535856485367
0.048737782984972
0.047953639179468155
0.0477069728076458
0.04694398492574692
0.046911269426345825
0.046030979603528976
0.04624660313129425
0.0451199896633625
0.04513595998287201
0.044822052121162415
0.04489433020353317
0.04398513585329056
0.04399872198700905
0.04346119984984398
0.043465204536914825
0.04289833828806877
0.04258072003722191
0.04196002334356308
0.04182634502649307
0.04160170257091522
0.04158066213130951
0.04138782247900963
0.04111083969473839
0.040395863354206085
0.04031742364168167
0.04004049301147461
0.03966753929853439
0.039416003972291946
0.03917699307203293
0.0385567806661129
0.03865189850330353
0.03800477087497711
0.03774994611740112
0.03725699707865715
0.0371132493019104
0.03648383170366287
0.03656307980418205
0.035873956978321075
0.0355038158595562
0.03475142642855644
0.03469064459204674
0.033765822649002075
0.033466365188360214
0.03272915259003639
0.032239314168691635
0.030997734516859055
0.030640093609690666
0.029338184744119644
0.029096834361553192
0.027465084567666054
0.0269556175917387
0.02549741417169571
0.024866091087460518
0.023354921489953995
0.02276044525206089
0.02131005935370922
0.020921461284160614
0.019855564460158348
0.01995713822543621
0.019001174718141556
0.01883692480623722
0.018443381413817406
0.018389439210295677
0.018058693036437035
0.018173931166529655
0.017835592851042747
0.017735932022333145
0.01757577434182167
0.01755535788834095
0.017420154064893723
0.01737022027373314
0.01739095151424408
0.01734039932489395
0.01727079041302204
0.017427299171686172
0.017164960503578186
0.01718437857925892
0.017186542972922325
no squeeze
1.9134459495544434
0.17533887922763824
0.13036541640758514
0.06687801331281662
0.06046430021524429
0.04645893722772598
0.04425359517335892
0.03857964277267456
0.037338513880968094
0.03359974920749664
0.033033907413482666
0.03040824644267559
0.029687143862247467
0.027690589427947998
0.027253612875938416
0.025888564065098763
0.02548152208328247
0.02417837455868721
0.023928964510560036
0.02282796986401081
0.02272939123213291
0.021979711949825287
0.02160196751356125
0.021076703444123268
0.020956609398126602
0.020741412416100502
0.020473359152674675
0.02009011059999466
0.019947057589888573
0.019627396017313004
0.019827356562018394
0.019306637346744537
0.019306989386677742
0.019162269309163094
0.01899339072406292
0.018770968541502953
0.018850935623049736
0.018735632300376892
0.018583418801426888
0.018592210486531258
0.01857941970229149
0.018323006108403206
0.01829882711172104
0.018176300451159477
0.018131166696548462
0.018535275012254715
0.018287217244505882
0.01795036531984806
0.018016211688518524
0.0179100651293993
0.018155600875616074
0.017934676259756088
no squeeze
1.818227767944336
0.09049564599990845
0.07635817676782608
0.0637640655040741
0.0637773722410202
0.06353727728128433
0.06369224935770035
0.06398914009332657
