no squeeze
no squeeze
5.128417015075684
0.5393273234367371
0.4114076793193817
0.22042465209960938
0.20064368844032288
0.15459640324115753
0.14744848012924194
0.12663540244102478
0.1225557029247284
0.1105692982673645
0.1084364727139473
0.10009285062551498
0.09834616631269455
0.09271702915430069
0.09150908142328262
0.08751286566257477
0.08637725561857224
0.0827583596110344
0.08206896483898163
0.07948961108922958
0.07890740036964417
0.0767422616481781
0.07615835964679718
0.0744134709239006
0.07405537366867065
0.0722011849284172
0.07185250520706177
0.07059942185878754
0.07038790732622147
0.06946711987257004
0.06904921680688858
0.06814008951187134
0.06796851009130478
0.06710191816091537
0.06700664013624191
0.06612201035022736
0.06608417630195618
0.06556855887174606
0.06512030959129333
0.06472991406917572
0.06436228007078171
0.06413640826940536
0.06383273005485535
0.0634290874004364
0.06357115507125854
0.06295518577098846
0.06276576966047287
0.06298812478780746
0.06269683688879013
0.06197984889149666
0.06202062591910362
0.06206922605633736
no squeeze
no squeeze
4.468731880187988
0.4748938977718353
0.36300238966941833
0.19801414012908936
0.17993777990341187
0.13870367407798767
0.13194303214550018
0.11312023550271988
0.10967151075601578
0.09907323867082596
0.09708108752965927
0.0897221788764
0.08819500356912613
0.08300432562828064
0.08222710341215134
0.07800384610891342
0.07708554714918137
0.0740756094455719
0.07317706942558289
0.07081495225429535
0.06997716426849365
0.06781356036663055
0.0675925686955452
0.0653974786400795
0.06504334509372711
0.06359350681304932
0.06319091469049454
0.0619378387928009
0.06167596951127052
0.06038685888051987
0.060158319771289825
0.0593969002366066
0.0590486153960228
0.058264538645744324
0.05811600387096405
0.05740805342793465
0.056999169290065765
0.05628863349556923
0.056283216923475266
0.05573168024420738
0.055615782737731934
0.055077821016311646
0.054898206144571304
0.05463390797376633
0.054453980177640915
0.054019518196582794
0.05404661223292351
0.053536877036094666
0.053484536707401276
0.05330353230237961
0.05306356027722359
0.052805084735155106
0.05275668948888779
0.052447520196437836
0.05244791880249977
0.052067484706640244
0.052071020007133484
0.05183904618024826
0.0518600158393383
0.05150245130062103
0.051515255123376846
0.051534682512283325
no squeeze
no squeeze
4.7527947425842285
0.5084896683692932
0.3843042254447937
0.20732800662517548
0.18812856078147888
0.14448198676109314
0.1370772421360016
0.1173885315656662
0.11346261203289032
0.1019006296992302
0.09944364428520203
0.0919702872633934
0.09024697542190552
0.08488870412111282
0.08382201194763184
0.08000338822603226
0.07896336913108826
0.0760757103562355
0.07533729821443558
0.07266774773597717
0.07205778360366821
0.0700317919254303
0.0695476159453392
0.06783373653888702
0.06754589825868607
0.06605006009340286
0.06574147194623947
0.06460138410329819
0.06430310010910034
0.06314905732870102
0.06304648518562317
0.06195082888007164
0.061987489461898804
0.061031341552734375
0.06095613166689873
0.05997588485479355
0.06004999205470085
0.05934178829193115
0.0592726469039917
0.05845225229859352
0.058346617966890335
0.057976897805929184
0.05785722658038139
0.057260919362306595
0.05707629397511482
0.056920770555734634
0.056817036122083664
0.05657055228948593
0.05648373067378998
0.05610422417521477
0.056341752409935
0.05562786012887955
0.055575497448444366
0.055616505444049835
0.05540434643626213
0.05548686534166336
0.05507281795144081
0.054916929453611374
0.05498611927032471
0.0548357330262661
0.055011358112096786
0.054537512362003326
0.054370224475860596
0.054440636187791824
0.054270435124635696
0.05409928783774376
0.05432257428765297
0.05445386469364166
no squeeze
no squeeze
4.6141839027404785
0.48121947050094604
0.36627164483070374
0.19803324341773987
0.18019899725914001
0.13936342298984528
0.13284149765968323
0.11410670727491379
0.11091476678848267
0.10012122988700867
0.09832999110221863
0.09129440039396286
0.08963591605424881
0.08430954813957214
0.08330493420362473
0.07957974821329117
0.07891762256622314
0.07594598084688187
0.07528145611286163
0.07301661372184753
0.07250689715147018
0.07042206078767776
0.07003241777420044
0.06882265210151672
0.06808559596538544
0.06683236360549927
0.0666479542851448
0.06549201160669327
0.06548424065113068
0.06477726995944977
0.06424441188573837
0.06352845579385757
0.06337747722864151
0.06268073618412018
0.06242441013455391
0.061849094927310944
0.06194053217768669
0.06131523847579956
0.06092994287610054
0.06058851256966591
0.06043338403105736
0.06013229489326477
0.059803739190101624
0.05951669067144394
0.05970275402069092
0.05912803113460541
0.0592704713344574
0.05889497324824333
0.05890641361474991
0.05845794826745987
0.05839172750711441
0.058591339737176895
0.058210697025060654
0.0579892098903656
0.058188796043395996
0.05796680599451065
0.057623427361249924
0.05730210617184639
0.05762575939297676
0.057379305362701416
no squeeze
no squeeze
4.778850555419922
0.4674873650074005
0.35218125581741333
0.1830427348613739
0.16463996469974518
0.12289641052484512
0.11617682874202728
0.09773248434066772
0.09403320401906967
0.08376692235469818
0.08162035793066025
0.07471168041229248
0.0735681876540184
0.06877495348453522
0.06787275522947311
0.06393370032310486
0.06342868506908417
0.060583557933568954
0.060022011399269104
0.057719916105270386
0.05760490894317627
0.055755265057086945
0.05548444762825966
0.05409730225801468
0.05386959761381149
0.05289555341005325
0.052439142018556595
0.051606472581624985
0.05119950324296951
0.05051501840353012
0.05023474991321564
0.04975051432847977
0.04958898946642876
0.04908435791730881
0.04885222762823105
0.048261258751153946
0.048155978322029114
0.04768393561244011
0.04768228158354759
0.04721156880259514
0.047144100069999695
0.046506721526384354
0.046535056084394455
0.04629224166274071
0.04624951630830765
0.04606945440173149
0.0461372546851635
0.0455789752304554
0.04584553465247154
0.04527811333537102
0.045400504022836685
0.04542867839336395
