no squeeze
1.6889256238937378
0.06711120158433914
0.04290623962879181
0.018070245161652565
0.016334792599081993
0.013427900150418282
0.013017014600336552
0.012002269737422466
0.01186993159353733
0.011510306969285011
0.011438299901783466
0.011171700432896614
0.01115403138101101
0.011039975099265575
0.011056588962674141
0.010951204225420952
0.011101124808192253
0.010957997292280197
no squeeze
1.9128049612045288
0.06149552762508392
0.03783555328845978
0.019071679562330246
0.01816939376294613
0.01712607964873314
0.016910873353481293
0.016667479649186134
0.01662449538707733
0.016450248658657074
0.016596293076872826
0.016303356736898422
0.016246668994426727
0.016220394521951675
0.01620267890393734
0.016052033752202988
0.016027290374040604
0.015975557267665863
0.015901541337370872
0.015971872955560684
0.01586792804300785
0.015783045440912247
0.015796450898051262
0.01576969027519226
0.015783783048391342
0.01564045436680317
0.015811506658792496
0.01569698564708233
no squeeze
1.9768685102462769
0.12424109876155853
0.08499078452587128
0.03277348726987839
0.028076253831386566
0.01873456872999668
0.01739712804555893
0.013883450999855995
0.013282141648232937
0.011633467860519886
0.011283373460173607
0.010300829075276852
0.010104761458933353
0.009474355727434158
0.009362144395709038
0.009041860699653625
0.008946468122303486
0.008684718050062656
0.008634227328002453
0.008482852950692177
0.008478505536913872
0.008337117731571198
0.008276784792542458
0.00822485238313675
0.008202864788472652
0.008125650696456432
0.008147060871124268
0.00806347094476223
0.00806515384465456
0.007995759136974812
0.007992087863385677
0.008007419295608997
0.007980115711688995
0.007977760396897793
0.007908361963927746
0.007933825254440308
0.007910124957561493
0.007886851206421852
0.00786159373819828
0.007869550958275795
0.00786385964602232
0.007877388969063759
no squeeze
1.8907933235168457
0.256332129240036
0.19937673211097717
0.11389964073896408
0.10439219325780869
0.08250059187412262
0.07864535599946976
0.0680578276515007
0.06596269458532333
0.05904802307486534
0.057520151138305664
0.05322409048676491
0.052107952535152435
0.04879527539014816
0.048081621527671814
0.04555404931306839
0.04503572732210159
0.04312777891755104
0.04277613013982773
0.041416753083467484
0.040827278047800064
0.03986756503582001
0.03948557749390602
0.03906062990427017
0.03866839408874512
0.03761858120560646
0.03736703097820282
0.03650681674480438
0.03664842247962952
0.03578336164355278
0.035598233342170715
0.03499004244804382
0.03476542606949806
0.03481139615178108
0.03451848402619362
0.03345504030585289
0.03338281437754631
0.03281684219837189
0.032719336450099945
0.03198220208287239
0.03178861364722252
0.031354717910289764
0.031085152179002762
0.03064311109483242
0.03030667081475258
0.029860150068998337
0.02964765951037407
0.028632648289203644
0.02845621481537819
0.027706019580364227
0.027270950376987457
0.026344355195760727
0.02620677649974823
0.025232739746570587
0.02483338676393032
0.023739386349916458
0.0234138835221529
0.022255994379520416
0.021975476294755936
0.02083531580865383
0.020543457940220833
0.019614093005657196
0.0193076953291893
0.018497848883271217
0.01837046444416046
0.017863065004348755
0.017670700326561928
0.017391499131917953
0.01727554202079773
0.017005978152155876
0.016958177089691162
0.016895471140742302
0.016718678176403046
0.016775518655776978
0.01669882982969284
0.016545915976166725
0.01651020720601082
0.016354260966181755
0.016359392553567886
0.016345279291272163
0.016403356567025185
0.016237376257777214
0.016185222193598747
0.01608232595026493
0.01612241379916668
0.01597985439002514
0.01599894091486931
0.015833895653486252
0.015815522521734238
0.015759600326418877
0.015811432152986526
0.01561163179576397
0.015557778999209404
0.015608234331011772
0.015562313608825207
0.015413702465593815
0.015387032181024551
0.015397562645375729
0.01538143027573824
0.015291689895093441
0.015258800238370895
0.015170451253652573
0.015120411291718483
0.01517811045050621
0.015159928239881992
0.014935864135622978
0.014952846802771091
0.014769056811928749
0.01484574656933546
0.01476788055151701
0.014804703183472157
0.014664726331830025
0.014598594047129154
0.014549796469509602
0.014645243063569069
0.014535280875861645
0.014522292651236057
0.014375691302120686
0.014363564550876617
0.014337948523461819
0.014286121353507042
0.01428788062185049
0.014239848591387272
0.01412526797503233
0.01403349544852972
0.014173319563269615
0.014186243526637554
0.013953710906207561
0.013962814584374428
0.014034805819392204
no squeeze
2.095715284347534
0.17504791915416718
0.1284007728099823
0.06319288909435272
0.05660226196050644
0.04190463200211525
0.039603013545274734
0.0331135094165802
0.031814344227313995
0.027751652523875237
0.027035152539610863
0.02457709051668644
0.024012695997953415
0.022245874628424644
0.022000540047883987
0.020643338561058044
0.02041996456682682
0.019548680633306503
0.019339127466082573
0.01857992261648178
0.018551623448729515
0.018012626096606255
0.017791161313652992
0.01748458482325077
0.017639975994825363
0.017006823793053627
0.016951626166701317
0.01658581756055355
0.016614072024822235
0.016461383551359177
0.016328848898410797
0.016300762072205544
0.01614871248602867
0.015981553122401237
0.015951966866850853
0.015841810032725334
0.01574939303100109
0.015588924288749695
0.015605567023158073
0.015516119077801704
0.015547340735793114
0.015612708404660225
no squeeze
2.1060309410095215
0.10332892090082169
0.07331786304712296
0.05181438848376274
0.051548801362514496
0.0496135838329792
0.04951445758342743
0.04887284338474274
0.04918399825692177
0.04872553423047066
0.04930111765861511
0.048501502722501755
0.04819405823945999
0.047748684883117676
0.047593723982572556
0.04801955074071884
0.04778260737657547
0.04834487661719322
