no squeeze
2.170503854751587
0.06253114342689514
0.036607157438993454
0.012188438326120377
0.010940050706267357
0.009068377315998077
0.008792727254331112
0.00812877994030714
0.007985536940395832
0.007668537553399801
0.007601917255669832
0.007451931014657021
0.007428809069097042
0.007301482371985912
0.0073695676401257515
0.007277755998075008
0.007314799819141626
0.007368504535406828
no squeeze
1.6324613094329834
0.05284376069903374
0.033249273896217346
0.013171551749110222
0.012071775272488594
0.010109073482453823
0.009826963767409325
0.008963429369032383
0.008817758411169052
0.008413073606789112
0.008277783170342445
0.008087784051895142
0.008078157901763916
0.007901560515165329
0.007919415831565857
0.007796465419232845
0.007763256318867207
0.0077069709077477455
0.007708714809268713
0.007619576528668404
0.007598639465868473
0.007552351802587509
0.007519362028688192
0.0075284880585968494
0.007562736514955759
0.007482963614165783
0.00749715743586421
0.007458692416548729
0.007434217259287834
0.00745981652289629
0.007440733723342419
0.007453611586242914
no squeeze
1.9118213653564453
0.14239270985126495
0.09633677452802658
0.034614790230989456
0.029024340212345123
0.017532596364617348
0.015838708728551865
0.011435859836637974
0.010652221739292145
0.008651657961308956
0.008291107602417469
0.007225377950817347
0.00701578613370657
0.006420640274882317
0.006302403751760721
0.005907760933041573
0.005820149555802345
0.005556768737733364
0.005483923479914665
0.005306389182806015
0.00525171821936965
0.00510154664516449
0.005098688416182995
0.004978273995220661
0.004963505547493696
0.004874724429100752
0.004838946741074324
0.004800791852176189
0.004780193790793419
0.004719574470072985
0.004690519068390131
0.004675867967307568
0.004645426291972399
0.004596353508532047
0.004594787489622831
0.0045800842344760895
0.004578922875225544
0.004539976362138987
0.004506859928369522
0.0045003388077020645
0.004505282733589411
0.004481051582843065
0.004504116252064705
0.0044652256183326244
0.004458760842680931
0.004421079996973276
0.004464990925043821
0.004407542757689953
0.004441583529114723
0.0044180559925735
no squeeze
2.4457340240478516
0.35243451595306396
0.26998794078826904
0.14691495895385742
0.13292530179023743
0.10148539394140244
0.09602050483226776
0.08072776347398758
0.07722921669483185
0.0667048916220665
0.0645255520939827
0.057451989501714706
0.05567338317632675
0.05042356997728348
0.04920050874352455
0.044896386563777924
0.04406829550862312
0.04087672010064125
0.04047698155045509
0.03763415664434433
0.037771064788103104
0.03501347824931145
0.03457892686128616
0.03278641402721405
0.03249654173851013
0.03117760270833969
0.031037917360663414
0.029874371364712715
0.029562579467892647
0.028605669736862183
0.028468042612075806
0.027932601049542427
0.02748134732246399
0.02703205496072769
0.026748212054371834
0.026340877637267113
0.026124028488993645
0.025440575554966927
0.025371713563799858
0.025235502049326897
0.02501044049859047
0.024541383609175682
0.02441258169710636
0.024314772337675095
0.024074196815490723
0.02376214601099491
0.023627739399671555
0.023377399891614914
0.02353128045797348
0.022860324010252953
0.022966619580984116
0.02245539240539074
0.02271992154419422
0.02248980477452278
no squeeze
2.031243085861206
0.1759101301431656
0.12832696735858917
0.0618731752038002
0.054863717406988144
0.03961781784892082
0.037080805748701096
0.030081868171691895
0.028748344630002975
0.024901703000068665
0.02402985282242298
0.021442960947752
0.021010372787714005
0.01924915984272957
0.018957074731588364
0.01763383485376835
0.017421377822756767
0.01633366569876671
0.016147471964359283
0.015449178405106068
0.015354002825915813
0.014599560759961605
0.014420215040445328
0.013913748785853386
0.01387437991797924
0.0134340301156044
0.013317869044840336
0.012967193499207497
0.012864549644291401
0.012643768452107906
0.01253431849181652
0.012365209870040417
0.012207498773932457
0.011973580345511436
0.011936229653656483
0.011834699660539627
0.011829730123281479
0.011572705581784248
0.011523920111358166
0.011369852349162102
0.011399216949939728
0.01128312572836876
0.011238845065236092
0.0110501479357481
0.011077674105763435
0.011053352616727352
no squeeze
1.473544716835022
0.05648805573582649
0.04681943356990814
0.037339530885219574
0.03739180415868759
0.03698743134737015
0.03768899664282799
0.03747918829321861
