no squeeze
1.3822818994522095
0.078757643699646
0.062950499355793
0.047736942768096924
0.046980585902929306
0.046101100742816925
0.0462210439145565
0.04625041037797928
no squeeze
1.9861797094345093
0.05323617160320282
0.03159294277429581
0.009822839871048927
0.008865351788699627
0.007571051362901926
0.007450564298778772
0.007236147299408913
0.007204504683613777
0.0071416678838431835
0.007160164415836334
0.0071212975308299065
0.007130980491638184
0.007142676506191492
no squeeze
2.0010688304901123
0.13942410051822662
0.09306780248880386
0.0365518294274807
0.03139496594667435
0.020775869488716125
0.019168013706803322
0.015076819807291031
0.014355335384607315
0.012307872995734215
0.011861751787364483
0.010564432479441166
0.010277003049850464
0.009396574459969997
0.009218767285346985
0.008576937019824982
0.008471434935927391
0.00797713827341795
0.007870939560234547
0.0075521464459598064
0.007472423370927572
0.007230756338685751
0.00718062836676836
0.0069807167164981365
0.006951122544705868
0.006791254505515099
0.006770681124180555
0.0066677480936050415
0.006671723444014788
0.006572538986802101
0.006556868553161621
0.006482060998678207
0.0064682913944125175
0.006395803764462471
0.006396982353180647
0.006368073634803295
0.006379631347954273
0.006310382857918739
0.0063107870519161224
0.006277608219534159
0.006276095286011696
0.006239612121134996
0.006283450406044722
0.006243528798222542
no squeeze
1.7479428052902222
0.22667564451694489
0.18174459040164948
0.11961334943771362
0.11330431699752808
0.09752735495567322
0.09494347125291824
0.08658052235841751
0.08504467457532883
0.07912236452102661
0.07803969830274582
0.07352764159440994
0.0725923627614975
0.0688914954662323
0.06801950186491013
0.06495693325996399
0.06418061256408691
0.06144850328564644
0.06061933562159538
0.058160778135061264
0.05741902440786362
0.05540556088089943
0.0546988770365715
0.052786149084568024
0.05229655280709267
0.050746653228998184
0.05043822526931763
0.04886303097009659
0.048567380756139755
0.04729083180427551
0.047127265483140945
0.04598172754049301
0.0458170622587204
0.04493868723511696
0.04468423128128052
0.04390830174088478
0.043905992060899734
0.04298878833651543
0.04289491847157478
0.04233671724796295
0.04214148968458176
0.041599154472351074
0.04136565327644348
0.040730927139520645
0.0407530702650547
0.04008568823337555
0.03993231803178787
0.039329733699560165
0.03927561640739441
0.03874972462654114
0.038654301315546036
0.03815218433737755
0.038110241293907166
0.03756076097488403
0.037641141563653946
0.037091098725795746
0.03684592619538307
0.0366336889564991
0.036614205688238144
0.03609400615096092
0.036038175225257874
0.03556206077337265
0.035687319934368134
0.03530143201351166
0.03518962860107422
0.03488728031516075
0.03486711531877518
0.03463026136159897
0.03451693803071976
0.03423215076327324
0.034166883677244186
0.0337485633790493
0.03384317457675934
0.03346584737300873
0.03352683410048485
0.03339315950870514
0.03338739275932312
0.03292230889201164
0.03290586173534393
0.03264489397406578
0.032517775893211365
0.03236125037074089
0.032373830676078796
0.031959377229213715
0.03207772225141525
0.03172390162944794
0.03187696263194084
0.03156247362494469
0.03165346384048462
0.031364042311906815
0.03137226402759552
0.031221723183989525
0.031147850677371025
0.031050851568579674
0.030928565189242363
0.030919546261429787
0.030961396172642708
0.030503803864121437
0.030542094260454178
0.030696997418999672
no squeeze
1.6850271224975586
0.14796780049800873
0.11140302568674088
0.06416116654872894
0.059807684272527695
0.050419192761182785
0.04891104996204376
0.04503032565116882
0.04423690587282181
0.04198962450027466
0.04138738289475441
0.040011290460824966
0.03968195617198944
0.03847576305270195
0.03827223926782608
0.037265095859766006
0.03699270635843277
0.036470942199230194
0.036176279187202454
0.03559118136763573
0.0354636013507843
0.035054855048656464
0.03488015756011009
0.03448273986577988
0.034289177507162094
0.03403152525424957
0.03384210169315338
0.03368199244141579
0.033594682812690735
0.03325166180729866
0.03331083059310913
0.03305703029036522
0.03300659731030464
0.03295421600341797
0.032832324504852295
0.032484110444784164
0.03259822353720665
0.0324406772851944
0.03239082545042038
0.03220464661717415
0.03220590576529503
0.032064419239759445
0.03211596980690956
0.03195880725979805
0.03184245526790619
0.03185946121811867
0.031727105379104614
0.03163391351699829
0.03169025480747223
0.031602319329977036
0.031529996544122696
0.031422074884176254
0.031396638602018356
0.031370293349027634
0.03144382685422897
0.031587954610586166
no squeeze
1.3994629383087158
0.09748382121324539
0.08660789579153061
0.07762404531240463
0.07744720578193665
0.07723449170589447
0.07740496844053268
0.07724623382091522
