no squeeze
1.6771029233932495
0.04258117824792862
0.024809803813695908
0.008303401060402393
0.00771671487018466
0.007079426199197769
0.006997404620051384
0.006909056566655636
0.006902703549712896
0.006886167451739311
0.006895808503031731
0.0068646203726530075
0.006875709630548954
0.006840850692242384
0.0068409983068704605
0.0068962350487709045
no squeeze
1.820206642150879
0.04430081695318222
0.025144316256046295
0.007986257784068584
0.007383399643003941
0.006764299236238003
0.006719238590449095
0.006664731074124575
0.006657641846686602
0.006632513366639614
0.006621109321713448
0.0066353254951536655
0.006639148574322462
0.0066644842736423016
no squeeze
1.709858775138855
0.11197865754365921
0.07154200226068497
0.024945111945271492
0.020891454070806503
0.012885628268122673
0.011790936812758446
0.009083239361643791
0.00866356585174799
0.007549874018877745
0.007369901519268751
0.006799302063882351
0.006693050730973482
0.006393012590706348
0.006329727359116077
0.006136644631624222
0.006086920853704214
0.00598356407135725
0.005955339875072241
0.0058639198541641235
0.005881210323423147
0.0058014048263430595
0.005760699976235628
0.005718214903026819
0.005723853129893541
0.005666342563927174
0.005694729276001453
0.005652194377034903
0.00565258739516139
0.005615641362965107
0.005610511638224125
0.0056418562307953835
0.005628940183669329
0.005584363359957933
0.005597557406872511
0.0056050620041787624
no squeeze
1.8621387481689453
0.25190240144729614
0.19317527115345
0.11021944880485535
0.1008409634232521
0.07793669402599335
0.07409366220235825
0.06069149076938629
0.05820264294743538
0.04928239807486534
0.04729935899376869
0.04060128703713417
0.039319928735494614
0.03398260846734047
0.03273653984069824
0.02873489260673523
0.027639536187052727
0.024162471294403076
0.023418547585606575
0.0207346323877573
0.02001921832561493
0.017817629501223564
0.01730954647064209
0.015502063557505608
0.015187135897576809
0.013898740522563457
0.01347107533365488
0.012281871400773525
0.012074810452759266
0.011273411102592945
0.011106504127383232
0.010439479723572731
0.010269521735608578
0.009781111031770706
0.009674816392362118
0.009424951858818531
0.009360767900943756
0.009061926044523716
0.009026232175529003
0.008798100054264069
0.008763845078647137
0.008705699816346169
0.008642234839498997
0.00854042824357748
0.008518045768141747
0.008503442630171776
0.008425704203546047
0.008409873582422733
0.008360842242836952
0.008257037959992886
0.008284813724458218
0.008244708180427551
0.00820921640843153
0.008148152381181717
0.008148523047566414
0.008151977322995663
no squeeze
1.7531790733337402
0.1413852572441101
0.09984826296567917
0.04357688128948212
0.038124844431877136
0.02576613239943981
0.02377653867006302
0.018414370715618134
0.017430787906050682
0.01448826678097248
0.01389402523636818
0.012120531871914864
0.011767474934458733
0.01055708434432745
0.010444523766636848
0.009539701975882053
0.009369461797177792
0.008853922598063946
0.0087388064712286
0.008351180702447891
0.008242195472121239
0.007965944707393646
0.007913216948509216
0.007710014469921589
0.007706211414188147
0.007504119072109461
0.0074550313875079155
0.007411304861307144
0.007341720163822174
0.007246789056807756
0.007238550111651421
0.007171541918069124
0.007148405537009239
0.00706429872661829
0.007043470628559589
0.007008273620158434
0.007031234446913004
0.007005876395851374
0.006978738587349653
0.006953317206352949
0.006931531708687544
0.006893246900290251
0.006903378292918205
0.006859621498733759
0.006857432425022125
0.00684319855645299
0.006835886277258396
0.0068475049920380116
0.006851050071418285
0.006812028121203184
0.006796249654144049
0.006781178992241621
0.006778438109904528
0.00679796515032649
0.006804371252655983
0.006760424934327602
0.0067416587844491005
0.006736022420227528
0.006742756348103285
0.006728190463036299
0.00671212887391448
0.006728355307132006
0.006738645490258932
0.006740030832588673
no squeeze
1.4356327056884766
0.03914610669016838
0.023340243846178055
0.011635196395218372
0.011161943897604942
0.010646795853972435
0.010567787103354931
0.010646379552781582
0.01053662784397602
0.01052965596318245
0.010728462599217892
0.010439185425639153
0.010496078990399837
0.01039652619510889
0.010528246872127056
0.010397503152489662
no squeeze
1.733040452003479
0.06059242784976959
0.03700616955757141
0.012978499755263329
0.011494594626128674
0.008847706019878387
0.008514354936778545
0.007715489249676466
0.007582416757941246
0.007234195712953806
0.007166274357587099
0.007002467289566994
0.006962460931390524
0.006838145665824413
0.006850224919617176
0.0067611271515488625
0.006773431319743395
0.006719560362398624
0.006685156375169754
0.006688512396067381
0.006670908071100712
0.006618255749344826
0.006630514282733202
0.0065976716578006744
0.0065671782940626144
0.006585528142750263
0.006572891026735306
0.006546122021973133
0.00655102264136076
0.006568615790456533
no squeeze
1.7843003273010254
0.057595305144786835
0.037016477435827255
0.015288892202079296
0.013819180428981781
0.010983886197209358
0.0105567816644907
0.009639272466301918
0.009471381083130836
0.008952589705586433
0.008907533250749111
0.008709698915481567
0.00868880283087492
0.00857008807361126
0.00858208816498518
0.008501126430928707
0.008466241881251335
0.008446043357253075
0.00843037385493517
0.00846865400671959
0.008429727517068386
0.008473033085465431
0.00841889064759016
0.008375420235097408
0.00840643048286438
0.00837242417037487
0.008353836834430695
0.00836962927132845
0.00838231947273016
0.008358307182788849
no squeeze
1.7139030694961548
0.10834691673517227
0.07443498820066452
0.03214414790272713
0.028118206188082695
0.01933913677930832
0.017955496907234192
0.014206587336957455
0.013498354703187943
0.01147415954619646
0.011059416458010674
0.009830161929130554
0.009571721777319908
0.008732790127396584
0.008574455045163631
0.008053228259086609
0.007924368605017662
0.007553051691502333
0.007471777498722076
0.007201998960226774
0.007146058604121208
0.006953326053917408
0.00689673749729991
0.006736109498888254
0.006669027265161276
0.006597959436476231
0.006550005171447992
0.006468779407441616
0.006472581997513771
0.006382242310792208
0.006338039878755808
0.006279674358665943
0.006263611372560263
0.006258060690015554
0.006217658054083586
0.006213644053786993
0.006188808474689722
0.006126145366579294
0.006138443481177092
0.006155697628855705
