no squeeze
1.2586504220962524
0.0770581066608429
0.06192586570978165
0.0450294204056263
0.043850917369127274
0.04189738258719444
0.04170044884085655
0.04142649099230766
0.041260264813899994
0.04134594649076462
0.04125451296567917
0.041340917348861694
0.041402772068977356
0.04131017625331879
no squeeze
1.8748408555984497
0.06514418125152588
0.037093814462423325
0.011376552283763885
0.009992128238081932
0.007789440453052521
0.007529491558670998
0.006856142543256283
0.0067413682118058205
0.006456875707954168
0.00639613252133131
0.006242069881409407
0.00622351560741663
0.006158212665468454
0.006152347661554813
0.00612838426604867
0.0060933735221624374
0.006100053898990154
0.006100180093199015
0.006057045888155699
0.006063261069357395
0.006053042132407427
0.006114194635301828
0.006031613331288099
0.00604493310675025
0.006051945500075817
no squeeze
1.4951914548873901
0.09594739973545074
0.06611158698797226
0.028888633474707603
0.02531455084681511
0.017310254275798798
0.01600225269794464
0.01252641063183546
0.0117827532812953
0.009556932374835014
0.009140390902757645
0.007946404628455639
0.007675292436033487
0.006908997427672148
0.006785838399082422
0.006275562569499016
0.006190393585711718
0.005878724157810211
0.005831995513290167
0.005630685016512871
0.005582448095083237
0.005454491823911667
0.005432273726910353
0.005347313359379768
0.0053174057975411415
0.005276560317724943
0.00523850554600358
0.005205713678151369
0.005185951944440603
0.005153750069439411
0.005166086833924055
0.005120424088090658
0.00512695824727416
0.005111262667924166
0.005092993378639221
0.0050934129394590855
0.0050866384990513325
0.005075545981526375
0.005066507961601019
0.005051500163972378
0.00505993515253067
0.00507098576053977
no squeeze
1.7296621799468994
0.22379690408706665
0.1764778047800064
0.10968445241451263
0.10290718078613281
0.08701307326555252
0.08445441722869873
0.07628508657217026
0.07454799115657806
0.06943082064390182
0.06825082749128342
0.0643969178199768
0.0634538009762764
0.06023826077580452
0.05965739116072655
0.05691372603178024
0.05634666979312897
0.053917884826660156
0.053356755524873734
0.05132129043340683
0.05091533064842224
0.04901883006095886
0.048677925020456314
0.04697440564632416
0.04664118215441704
0.04526744410395622
0.0448344349861145
0.04361918941140175
0.04315076395869255
0.04214167594909668
0.041826456785202026
0.04070375859737396
0.040495164692401886
0.03958173841238022
0.0394476056098938
0.03842302784323692
0.038172442466020584
0.03746546432375908
0.03705095127224922
0.03644523397088051
0.03632340580224991
0.035496536642313004
0.035465531051158905
0.03467800095677376
0.03464561328291893
0.03398078307509422
0.033879466354846954
0.03339691460132599
0.03339848294854164
0.03292445093393326
0.03273545578122139
0.03219227120280266
0.0321216844022274
0.03188498318195343
0.031731925904750824
0.031443752348423004
0.03136784955859184
0.03100990131497383
0.03088095411658287
0.030494296923279762
0.030477730557322502
0.030173098668456078
0.030222753062844276
0.029845472425222397
0.029768215492367744
0.02963460423052311
0.029547423124313354
0.029278643429279327
0.02923281118273735
0.0288623608648777
0.028785377740859985
0.028715822845697403
0.02854975312948227
0.028360411524772644
0.028278157114982605
0.028179477900266647
0.028095068410038948
0.027788003906607628
0.027692658826708794
0.027589969336986542
0.027482755482196808
0.02726493589580059
0.027338415384292603
0.027135571464896202
0.02705295756459236
0.02689938433468342
0.026886727660894394
0.026650164276361465
0.026687581092119217
0.026700088754296303
no squeeze
2.0128180980682373
0.18074606359004974
0.13595061004161835
0.07501833140850067
0.06919749826192856
0.0564132034778595
0.054414138197898865
0.04902329668402672
0.047984249889850616
0.044929344207048416
0.044316742569208145
0.04213631898164749
0.041709206998348236
0.040151599794626236
0.039853472262620926
0.03871810808777809
0.0385395810008049
0.03757417947053909
0.03747839853167534
0.036577485501766205
0.0364563949406147
0.03578439727425575
0.03557485342025757
0.03510585427284241
0.035096801817417145
0.03448949009180069
0.03448743745684624
0.03401346132159233
0.033888570964336395
0.0336277112364769
0.03356649726629257
0.03310990333557129
0.033184174448251724
0.032913289964199066
0.032749444246292114
0.032494787126779556
0.03251289203763008
0.03222184255719185
0.032161712646484375
0.03214321285486221
0.03203961253166199
0.03168598189949989
0.03171461448073387
0.031676650047302246
0.03155563026666641
0.031467191874980927
0.0314074382185936
0.031309064477682114
0.03125350922346115
0.031111299991607666
0.031046992167830467
0.030977752059698105
0.030897747725248337
0.03086201101541519
0.030964471399784088
0.030729422345757484
0.030721506103873253
0.03049473464488983
0.030540812760591507
0.030477281659841537
0.030455969274044037
0.030289752408862114
0.030319631099700928
0.03022347204387188
0.03042815998196602
0.030208393931388855
0.03019654005765915
0.030097179114818573
0.03009752184152603
0.030163047835230827
no squeeze
1.4073987007141113
0.08926428109407425
0.07938350737094879
0.07127588987350464
0.0710025206208229
0.07085148990154266
0.07093189656734467
0.07088150084018707
