no squeeze
1.597211480140686
0.03837230056524277
0.02074826881289482
0.004570777993649244
0.003959222696721554
0.0033349355217069387
0.0032709685619920492
0.0031505844090133905
0.0031236489303410053
0.003040534444153309
0.003048674901947379
0.002997505245730281
0.002984343795105815
0.002940082224085927
0.0029400403145700693
0.002919831546023488
0.00291015999391675
0.0028911989647895098
0.0028821206651628017
0.0028707741294056177
0.0028731473721563816
0.0028802985325455666
no squeeze
1.5099332332611084
0.039709798991680145
0.023122409358620644
0.0061268131248652935
0.0052392445504665375
0.00371920526959002
0.003550882451236248
0.0031334180384874344
0.003054873552173376
0.0029303880874067545
0.0028958229813724756
0.0028581798542290926
0.0028536671306937933
0.0028341535944491625
0.00283784419298172
0.002827485790476203
0.002823270158842206
0.00281779863871634
0.0028101184871047735
0.002824128372594714
0.0028249919414520264
0.002812950871884823
no squeeze
2.08860445022583
0.11334288120269775
0.07266098260879517
0.022345557808876038
0.018148818984627724
0.010230793617665768
0.00907107349485159
0.006271111313253641
0.0058529190719127655
0.004749254789203405
0.0045554800890386105
0.004004671238362789
0.003921835217624903
0.0035829260013997555
0.0035267581697553396
0.0033018598333001137
0.00326420646160841
0.0031121978536248207
0.0030927725601941347
0.002991780173033476
0.0029765318613499403
0.002886745147407055
0.0028887870721518993
0.00281725125387311
0.0027948715724051
0.002738140756264329
0.0027177149895578623
0.0026695462875068188
0.002667104359716177
0.0026397104375064373
0.002623856533318758
0.0026174215599894524
0.0025982677470892668
0.002586682327091694
0.002560898894444108
0.00252852076664567
0.002518214751034975
0.0025020819157361984
0.0025020684115588665
0.002463198034092784
0.0024712379090487957
0.002467165468260646
no squeeze
2.2437856197357178
0.30146780610084534
0.23589739203453064
0.13259372115135193
0.11970449239015579
0.08785316348075867
0.08170473575592041
0.06491214036941528
0.06101124733686447
0.04992061108350754
0.04753531143069267
0.040292657911777496
0.0384267158806324
0.0326651930809021
0.03168199583888054
0.027543868869543076
0.026587607339024544
0.02329147420823574
0.02259426936507225
0.020134080201387405
0.019812075421214104
0.017621392384171486
0.01723063923418522
0.015780707821249962
0.01561148650944233
0.014228781685233116
0.013914125971496105
0.01297038048505783
0.012774410657584667
0.012225793674588203
0.011969028040766716
0.011321185156702995
0.0111397635191679
0.010579363442957401
0.010559406131505966
0.01000624056905508
0.00999519694596529
0.009637917391955853
0.009728292003273964
0.009345580823719501
0.009389583021402359
0.009095965884625912
0.009174693375825882
0.008889297023415565
0.008658128790557384
0.008434209041297436
0.008533301763236523
0.008356094360351562
0.008725285530090332
0.008078563958406448
0.008042032830417156
0.008070790208876133
0.007916693575680256
0.007846806198358536
0.008037297986447811
0.007814404554665089
0.0079369330778718
0.007950542494654655
no squeeze
1.9890633821487427
0.17084062099456787
0.12360387295484543
0.054694339632987976
0.047395579516887665
0.030458182096481323
0.02765459567308426
0.019947128370404243
0.018574772402644157
0.014419013634324074
0.013600575737655163
0.01114185992628336
0.010629557073116302
0.009074218571186066
0.008719687350094318
0.007599981967359781
0.007384434342384338
0.006590166129171848
0.0064332191832363605
0.0058494629338383675
0.005691780708730221
0.005247738678008318
0.005167923867702484
0.004791454412043095
0.004712502006441355
0.004451625514775515
0.0043825809843838215
0.004141411744058132
0.004106826614588499
0.003929118625819683
0.0038863320369273424
0.003717664862051606
0.003679128596559167
0.0035579227842390537
0.0035372120328247547
0.0034472576808184385
0.003398558823391795
0.0033321049995720387
0.0032947619911283255
0.0032484226394444704
0.003211449831724167
0.00316497846506536
0.003137473948299885
0.0030718366615474224
0.003047807374969125
0.0030183871276676655
0.003010148648172617
0.00298002315685153
0.003007510444149375
0.002959407400339842
0.00293643563054502
0.0029146333690732718
0.0029005291871726513
0.00287256995216012
0.0029025098774582148
0.0028662325348705053
0.0028489804826676846
0.0028362267185002565
0.0028299589175730944
0.002826871583238244
0.0028052337002009153
0.002832296071574092
0.002852838020771742
0.0028003270272165537
0.002797455759719014
0.0027854640502482653
0.0028011398389935493
0.002782008843496442
0.002798317698761821
0.002787034958600998
no squeeze
1.8162806034088135
0.041875459253787994
0.02820703200995922
0.01310865581035614
0.012732511386275291
0.012016247026622295
0.012174040079116821
0.011695479042828083
0.011619923636317253
0.011579900048673153
0.011645526625216007
0.012415686622262001
