no squeeze
1.9191068410873413
0.06442766636610031
0.04223240911960602
0.018968455493450165
0.017584532499313354
0.01532008033245802
0.015066162683069706
0.014483634382486343
0.014400324784219265
0.014228970743715763
0.014196043834090233
0.014081604778766632
0.014083628542721272
0.014069527387619019
0.01411043293774128
0.014079153537750244
no squeeze
1.5787968635559082
0.09171387553215027
0.07094794511795044
0.04714091494679451
0.04570646956562996
0.042110271751880646
0.04135783389210701
0.04022248834371567
0.04033191129565239
0.03992900624871254
0.03977781906723976
0.03947761282324791
0.03938579931855202
0.039940014481544495
0.039512354880571365
0.0395103394985199
no squeeze
1.6599494218826294
0.11695567518472672
0.07949744164943695
0.03044845350086689
0.02602188102900982
0.017146017402410507
0.015900641679763794
0.012525901198387146
0.011955010704696178
0.010383494198322296
0.010038244538009167
0.00911687407642603
0.008916264399886131
0.008327719755470753
0.008203230798244476
0.007834904827177525
0.007722819689661264
0.007458165753632784
0.007455882150679827
0.007189971394836903
0.007125318516045809
0.006971480790525675
0.006938587874174118
0.006814779248088598
0.006771979853510857
0.006661681458353996
0.0066474443301558495
0.006585985887795687
0.006567873060703278
0.006485411897301674
0.006518987938761711
0.006431745830923319
0.006399643607437611
0.0063345604576170444
0.006354971323162317
0.006294972263276577
0.0062744817696511745
0.006275932304561138
0.006262688897550106
0.006249124649912119
0.006222809664905071
0.006198521703481674
0.006193500477820635
0.00618319446220994
0.006180653814226389
0.006165953818708658
0.006158214993774891
0.00613207183778286
0.006143755745142698
0.006162836216390133
no squeeze
2.2022740840911865
0.31574001908302307
0.2523573935031891
0.16034865379333496
0.15047109127044678
0.12481482326984406
0.1204046979546547
0.10708175599575043
0.10463549941778183
0.09621596336364746
0.09425822645425797
0.0885721817612648
0.08703602105379105
0.08288590610027313
0.08167006075382233
0.07834482938051224
0.07718522846698761
0.07412680238485336
0.07352765649557114
0.07112693786621094
0.07060664147138596
0.06876163929700851
0.06818017363548279
0.06613901257514954
0.06585785001516342
0.06401024758815765
0.06381666660308838
0.06236078217625618
0.061924099922180176
0.06053275614976883
0.06014898791909218
0.058826129883527756
0.058455634862184525
0.0573202408850193
0.05710749700665474
0.05622559040784836
0.055520083755254745
0.05418511852622032
0.05404891446232796
0.05303829908370972
0.052544258534908295
0.051855385303497314
0.05136483162641525
0.05016656219959259
0.04975838586688042
0.04894120246171951
0.048376381397247314
0.047382429242134094
0.047314003109931946
0.046013299375772476
0.0458352267742157
0.04447266459465027
0.04418973997235298
0.04304331913590431
0.042824022471904755
0.041589681059122086
0.04137450456619263
0.04025731980800629
0.03997814282774925
0.03903737664222717
0.03885512053966522
0.03803547844290733
0.03806418925523758
0.03744267299771309
0.03718607500195503
0.03673012554645538
0.036763399839401245
0.03621883690357208
0.036261819303035736
0.03605514019727707
0.03578678518533707
0.03557243198156357
0.035395994782447815
0.03521937131881714
0.035334229469299316
0.0349203497171402
0.03490486741065979
0.03476554900407791
0.03453565388917923
0.03448835760354996
0.03424234688282013
0.03417496755719185
0.03413453698158264
0.033752359449863434
0.0341617576777935
0.033701665699481964
0.03341838717460632
0.033567000180482864
0.03347665071487427
0.03328521177172661
0.033194299787282944
0.03298885375261307
0.033058084547519684
0.03285522758960724
0.03272315859794617
0.03299330919981003
0.032774489372968674
0.03241541609168053
0.032434992492198944
0.032363709062337875
0.03241834416985512
0.03223994001746178
0.032329197973012924
0.03215564787387848
0.03204803541302681
0.03196580335497856
0.03212674334645271
0.03201069310307503
no squeeze
1.8677898645401
0.17865659296512604
0.13777115941047668
0.08041584491729736
0.07509852945804596
0.06270826607942581
0.06098444387316704
0.055440012365579605
0.05442594364285469
0.050990600138902664
0.05014686658978462
0.04803285747766495
0.04741716384887695
0.04564928635954857
0.04531385377049446
0.043788302689790726
0.04340558871626854
0.04218060523271561
0.04198465123772621
0.04087800905108452
0.040692295879125595
0.03980632871389389
0.039715807884931564
0.03898577392101288
0.03878933563828468
0.03827795758843422
0.03802525997161865
0.03744804859161377
0.03794236481189728
0.03696522116661072
0.03686410188674927
0.03704974055290222
0.03660514950752258
0.03612721338868141
0.03584043309092522
0.03565983101725578
0.035658128559589386
0.035471852868795395
0.03554803133010864
0.03521222993731499
0.035068709403276443
0.03486435487866402
0.034830428659915924
0.03467799350619316
0.034720856696367264
0.034496452659368515
0.03443198278546333
0.03446833789348602
0.03438369184732437
0.03418445587158203
0.03427913039922714
0.034459467977285385
no squeeze
2.3177404403686523
0.1317332237958908
0.11179577559232712
0.094346784055233
0.09360756725072861
0.093942791223526
0.09349088370800018
0.09339932352304459
0.09439107775688171
0.09360437840223312
