no squeeze
2.7685914039611816
0.3851621747016907
0.3285837769508362
0.24737966060638428
0.24027247726917267
0.22744658589363098
0.22632990777492523
0.22398123145103455
0.2238767296075821
0.22314101457595825
0.22353410720825195
0.223506361246109
no squeeze
3.560539722442627
0.381210058927536
0.3166644275188446
0.23847635090351105
0.23124545812606812
0.219127357006073
0.21809589862823486
0.21567513048648834
0.2152836173772812
0.21452122926712036
0.2147526741027832
0.21404699981212616
0.2146446406841278
0.21445530652999878
no squeeze
3.3554799556732178
0.6233424544334412
0.5058385133743286
0.29581889510154724
0.2695617079734802
0.2104002982378006
0.20164017379283905
0.1800573468208313
0.17699378728866577
0.16730405390262604
0.16580519080162048
0.16096623241901398
0.16034941375255585
0.1573820561170578
0.15651835501194
0.1548842042684555
0.15502165257930756
0.1535915583372116
0.15328575670719147
0.15301194787025452
0.15263712406158447
0.15192283689975739
0.15186691284179688
0.1519278734922409
0.15134888887405396
0.15155622363090515
0.15129247307777405
0.1516564041376114
0.151312917470932
0.1510234773159027
0.15153932571411133
0.15058569610118866
0.151100754737854
0.15097345411777496
no squeeze
3.6024205684661865
1.175632357597351
1.0394459962844849
0.7726203799247742
0.734188437461853
0.6316695809364319
0.610256552696228
0.5477308630943298
0.5351435542106628
0.49065101146698
0.4810228645801544
0.4473264515399933
0.4393286108970642
0.41251063346862793
0.4063572287559509
0.3848247826099396
0.3792715072631836
0.36046284437179565
0.35608264803886414
0.3399859368801117
0.3367445170879364
0.3217613995075226
0.3187565803527832
0.30628150701522827
0.3032427132129669
0.2919284701347351
0.28871214389801025
0.2779114842414856
0.27549970149993896
0.2662384808063507
0.26380571722984314
0.25479090213775635
0.25316935777664185
0.24477101862430573
0.24265851080417633
0.23440594971179962
0.23244142532348633
0.22585952281951904
0.2239506095647812
0.21750329434871674
0.21570654213428497
0.20980124175548553
0.20857493579387665
0.20286808907985687
0.20180943608283997
0.19685746729373932
0.19523358345031738
0.1907774806022644
0.19016289710998535
0.18609914183616638
0.18502725660800934
0.18160757422447205
0.18107564747333527
0.17747946083545685
0.17707383632659912
0.17466036975383759
0.17452915012836456
0.17234337329864502
0.1711069941520691
0.16956956684589386
0.16932687163352966
0.16720718145370483
0.16738782823085785
0.16588094830513
0.16537411510944366
0.16423474252223969
0.1639554649591446
0.16308549046516418
0.16276074945926666
0.16161875426769257
0.16124631464481354
0.16045071184635162
0.15953412652015686
0.15889036655426025
0.15895028412342072
0.15802381932735443
0.15789422392845154
0.1562400907278061
0.15613572299480438
0.15538978576660156
0.15514220297336578
0.1539703756570816
0.15458619594573975
0.15307484567165375
0.15306751430034637
0.15245305001735687
0.1518269181251526
0.15134009718894958
0.15104886889457703
0.14995452761650085
0.14982329308986664
0.14911216497421265
0.14949022233486176
0.14816182851791382
0.14792338013648987
0.14764609932899475
0.14720402657985687
0.14597025513648987
0.1460745483636856
0.14557357132434845
0.1451178938150406
0.1444827765226364
0.14484107494354248
0.14409062266349792
0.14397403597831726
0.14306914806365967
0.14283981919288635
0.14246098697185516
0.14216551184654236
0.14186865091323853
0.1415567547082901
0.1406526118516922
0.14103034138679504
0.14067120850086212
no squeeze
3.5270309448242188
0.6151314377784729
0.5007182955741882
0.30008503794670105
0.27459344267845154
0.21317575871944427
0.2027468979358673
0.17323800921440125
0.16784586012363434
0.15065816044807434
0.14701855182647705
0.1355249583721161
0.1328602433204651
0.12484409660100937
0.12310120463371277
0.11724184453487396
0.11578259617090225
0.11118683218955994
0.11011167615652084
0.10673020780086517
0.10595614463090897
0.10293646901845932
0.10245561599731445
0.09988570213317871
0.0995245948433876
0.09762820601463318
0.0970761626958847
0.09557168930768967
0.09509768337011337
0.09378693997859955
0.09354668855667114
0.0924251526594162
0.09214811772108078
0.0910346508026123
0.09097716212272644
0.09021453559398651
0.08962564915418625
0.08905933797359467
0.08881834894418716
0.08814992755651474
0.0881018191576004
0.0877734050154686
0.08727521449327469
0.08664548397064209
0.08672887831926346
0.08626579493284225
0.08596861362457275
0.08563652634620667
0.08553903549909592
0.08496853709220886
0.08501147478818893
0.08448830991983414
0.08459003269672394
0.08429600298404694
0.08407783508300781
0.08403758704662323
0.08413257449865341
0.08364743739366531
0.08361387997865677
0.08340318500995636
0.08338533341884613
0.08282613754272461
0.08297877013683319
0.0826365202665329
0.08270885050296783
0.08239668607711792
0.08250345289707184
0.08190251886844635
0.08198621869087219
0.08198130130767822
no squeeze
3.676548480987549
0.579093337059021
0.5350695848464966
0.49434247612953186
0.4928138256072998
0.492225706577301
0.4910333752632141
0.49087032675743103
0.48981422185897827
0.4926161468029022
0.49153950810432434
0.4912186861038208
