no squeeze
2.5044376850128174
0.3117622137069702
0.264406681060791
0.20273526012897491
0.1972348541021347
0.18631187081336975
0.1845741868019104
0.18169324100017548
0.1808335930109024
0.17954400181770325
0.17954586446285248
0.17881432175636292
0.1787891834974289
0.17838947474956512
0.17813539505004883
0.1786976158618927
0.1787368804216385
0.17859385907649994
no squeeze
3.1465773582458496
0.3052964210510254
0.2517344057559967
0.19007708132266998
0.18623796105384827
0.17945347726345062
0.179616779088974
0.17827552556991577
0.17815791070461273
0.17804072797298431
0.178313210606575
0.17803923785686493
0.17886875569820404
0.1785634607076645
no squeeze
3.1619808673858643
0.5170174241065979
0.4025859236717224
0.2238510549068451
0.2051372081041336
0.16706672310829163
0.16200833022594452
0.14963048696517944
0.14777973294258118
0.14248661696910858
0.14146599173545837
0.13912232220172882
0.13883782923221588
0.13707244396209717
0.1370640993118286
0.13582009077072144
0.13550040125846863
0.13529068231582642
0.13481350243091583
0.13413068652153015
0.1345910131931305
0.13387659192085266
0.13381727039813995
0.13355860114097595
0.13353826105594635
0.13345961272716522
0.13314026594161987
0.1329471319913864
0.13372011482715607
0.1329600065946579
no squeeze
3.413315773010254
0.9882933497428894
0.838411808013916
0.576609194278717
0.5434015989303589
0.45607173442840576
0.4406336843967438
0.39082375168800354
0.3809482753276825
0.3470570743083954
0.3403289318084717
0.3164004683494568
0.3111611604690552
0.2929757535457611
0.2884591519832611
0.2746661603450775
0.2713315784931183
0.25953447818756104
0.25679856538772583
0.24714945256710052
0.245051771402359
0.23655912280082703
0.23454900085926056
0.2269367128610611
0.2248367816209793
0.21804942190647125
0.2163669317960739
0.2102068066596985
0.2080325037240982
0.20199322700500488
0.20088927447795868
0.19541126489639282
0.19359903037548065
0.18809090554714203
0.18647830188274384
0.18159602582454681
0.1803075224161148
0.1753058135509491
0.17456091940402985
0.16988375782966614
0.16868950426578522
0.1646152138710022
0.1638055443763733
0.15970686078071594
0.15878720581531525
0.1550578474998474
0.15445074439048767
0.1512882560491562
0.15062427520751953
0.14757075905799866
0.1470937281847
0.14446404576301575
0.14382243156433105
0.14203573763370514
0.14149755239486694
0.1394636482000351
0.13935455679893494
0.13763150572776794
0.13754788041114807
0.13587790727615356
0.1358606517314911
0.13465441763401031
0.13432034850120544
0.13316425681114197
0.13306912779808044
0.13208001852035522
0.13193382322788239
0.13092419505119324
0.13099496066570282
0.12990206480026245
0.13018757104873657
0.12929658591747284
0.1293221116065979
0.12852786481380463
0.1283164620399475
0.12779460847377777
0.1274765431880951
0.1270724982023239
0.12673154473304749
0.12605732679367065
0.12639154493808746
0.12519067525863647
0.12548485398292542
0.12473008036613464
0.12491542845964432
0.12416884303092957
0.12413724511861801
0.12386590242385864
0.12406076490879059
0.12321551144123077
0.12297312915325165
0.12250927835702896
0.12222584336996078
0.12201527506113052
0.12219180166721344
0.12162341177463531
0.1216244325041771
0.12082446366548538
0.12078174203634262
0.1208973079919815
0.1205546110868454
0.1198669895529747
0.11991872638463974
0.11926771700382233
0.11928214132785797
0.11909512430429459
0.11919654905796051
0.11860223114490509
0.11866286396980286
0.11800286173820496
0.11817896366119385
0.1175888180732727
0.11770205944776535
0.1172943264245987
0.11762280017137527
0.11697126924991608
0.11675066500902176
0.11699250340461731
0.11644665151834488
0.11634891480207443
0.11611013859510422
0.11604160815477371
0.11570426821708679
0.11550541967153549
0.1155252754688263
0.1151161715388298
0.11518500745296478
0.11470251530408859
0.11473512649536133
0.11446156352758408
0.11435922980308533
0.11451441794633865
0.11431215703487396
0.11380356550216675
0.11367782950401306
0.11368073523044586
0.11336997151374817
0.11334248632192612
0.11323046684265137
0.1129133328795433
0.11259756237268448
0.11251337826251984
0.11278628557920456
0.11238911002874374
0.112022764980793
0.11194708943367004
0.1120619922876358
0.11149752140045166
0.11182807385921478
0.11129911988973618
0.11135567724704742
0.1110459491610527
0.1108803004026413
0.11083927005529404
0.11097302287817001
0.11040709912776947
0.1103675588965416
0.11008328944444656
0.11014101654291153
0.10984435677528381
0.11000016331672668
0.10982668399810791
0.1095791906118393
0.10937660932540894
0.10958791524171829
0.1091783344745636
0.10935916751623154
0.10893125087022781
0.10895747691392899
0.1087450161576271
0.10881657153367996
0.10874386876821518
0.10845606029033661
0.10825581103563309
0.10820092260837555
0.10799574851989746
0.1077926903963089
0.10778402537107468
0.10769486427307129
0.10744920372962952
0.10757288336753845
0.10737848281860352
0.1072034165263176
0.10732217133045197
0.10709473490715027
0.10675607621669769
0.10668306052684784
0.10656123608350754
0.10658063739538193
0.1063033863902092
0.10643880814313889
0.10613001883029938
0.10630272328853607
0.10610728710889816
0.10614953935146332
0.10573657602071762
0.10576723515987396
0.10540506988763809
0.10567808896303177
0.10555757582187653
no squeeze
2.8419196605682373
0.45030346512794495
0.3631156384944916
0.2229689061641693
0.20533616840839386
0.1614159643650055
0.15383103489875793
0.1317601352930069
0.1272520273923874
0.11355357617139816
0.11050285398960114
0.10120655596256256
0.09920957684516907
0.09230291843414307
0.0908096581697464
0.08589182049036026
0.08469902724027634
0.08101802319288254
0.08006586879491806
0.0769043117761612
0.07624144107103348
0.07375601679086685
0.07321622967720032
0.07128637284040451
0.07121521234512329
0.06916160136461258
0.06869839131832123
0.06739448010921478
0.06715402007102966
0.06598401814699173
0.06550463289022446
0.06498608738183975
0.06459261476993561
0.06379610300064087
0.06342697143554688
0.06269338726997375
0.06255700439214706
0.061896100640296936
0.06173814460635185
0.06117807701230049
0.061125412583351135
0.06052583083510399
0.060466691851615906
0.060195256024599075
0.06001706421375275
0.05968699976801872
0.05939330533146858
0.059157323092222214
0.05907144770026207
0.05871593952178955
0.05868813768029213
0.05842860788106918
0.058453723788261414
0.05816179886460304
0.058099448680877686
0.05792544409632683
0.05774543061852455
0.0575990229845047
0.05755091831088066
0.05753304064273834
0.05740056186914444
0.05730169638991356
0.057148803025484085
0.0571235716342926
0.05687501281499863
0.05680841580033302
0.056821778416633606
0.05686189606785774
no squeeze
4.336673736572266
0.40166330337524414
0.36539945006370544
0.33925968408584595
0.3386496901512146
0.338163822889328
0.3388587534427643
0.3397262394428253
