no squeeze
4.451916694641113
0.49072375893592834
0.37731412053108215
0.20302996039390564
0.1821419894695282
0.1296418160200119
0.12041456997394562
0.09400445222854614
0.08882204443216324
0.07323174178600311
0.0699232891201973
0.05982937663793564
0.05768338963389397
0.05065642297267914
0.04914930462837219
0.04405434802174568
0.042997561395168304
0.039191991090774536
0.03838055953383446
0.03551220893859863
0.03484763577580452
0.03270835429430008
0.03213190659880638
0.030372850596904755
0.03001769445836544
0.028577066957950592
0.02821134775876999
0.027013393118977547
0.02671988494694233
0.025875499472022057
0.025544961914420128
0.02473541349172592
0.02455832064151764
0.023880286142230034
0.023686246946454048
0.023067735135555267
0.02294517681002617
0.022359032183885574
0.02226930297911167
0.021805640310049057
0.021785316988825798
0.021411005407571793
0.0213514044880867
0.021033866330981255
0.02092882990837097
0.020521532744169235
0.020519889891147614
0.02035652846097946
0.020242059603333473
0.020018531009554863
0.019996650516986847
0.019725074991583824
0.01965108886361122
0.019515225663781166
0.0194702111184597
0.01947634294629097
0.0193384550511837
0.019175289198756218
0.019277138635516167
0.01909620873630047
0.019017431885004044
0.018950577825307846
0.018950868397951126
0.018895402550697327
0.018824677914381027
0.018735874444246292
0.018680378794670105
0.01869146339595318
0.018628939986228943
0.01861840859055519
0.01862579770386219
0.01843775063753128
0.01843254454433918
0.01846381090581417
0.018531614914536476
0.01840660721063614
0.018316369503736496
0.0183075200766325
0.018270330503582954
0.018275871872901917
0.018279802054166794
0.01822117529809475
0.018303319811820984
0.01815607212483883
0.018363434821367264
0.018140513449907303
0.018180517479777336
0.018040575087070465
0.018186621367931366
0.018085267394781113
no squeeze
4.497874736785889
0.5191214680671692
0.4023374319076538
0.2137698233127594
0.19084197282791138
0.13346721231937408
0.12362556159496307
0.09529691189527512
0.0896463468670845
0.07301400601863861
0.06953737139701843
0.058748744428157806
0.05646837130188942
0.04915452376008034
0.047644272446632385
0.04243224486708641
0.04126058146357536
0.03748529404401779
0.03678878769278526
0.03396961838006973
0.033280838280916214
0.03109181858599186
0.03060934878885746
0.02893642708659172
0.028569433838129044
0.02713521383702755
0.0268235020339489
0.025839271023869514
0.02544821985065937
0.024582043290138245
0.0243229940533638
0.023471292108297348
0.02328980341553688
0.022799057886004448
0.022569164633750916
0.022064613178372383
0.021877245977520943
0.0214853435754776
0.02129679173231125
0.020965788513422012
0.020759835839271545
0.02050413191318512
0.02043578214943409
0.0200539268553257
0.020012686029076576
0.01973828487098217
0.019688088446855545
0.01952582783997059
0.01936022751033306
0.019286060705780983
0.019163286313414574
0.018955064937472343
0.01882939226925373
0.01868167705833912
0.018663177266716957
0.01850099302828312
0.018651816993951797
0.018321402370929718
0.018308427184820175
0.018259791657328606
0.018247095867991447
0.0181092731654644
0.018078114837408066
0.018048282712697983
0.018109528347849846
0.01787950098514557
0.017870834097266197
0.017798474058508873
0.0177556574344635
0.0176289863884449
0.017629362642765045
0.017566507682204247
0.017627233639359474
0.017607757821679115
no squeeze
4.989986896514893
0.6446572542190552
0.49898454546928406
0.2683573067188263
0.2398504912853241
0.1681661754846573
0.1553427129983902
0.11716055870056152
0.10979586094617844
0.08737555146217346
0.08264938741922379
0.06829646974802017
0.0651610866189003
0.05505191162228584
0.05321725830435753
0.0465925894677639
0.045083094388246536
0.0402679368853569
0.03924809396266937
0.035608090460300446
0.03488411381840706
0.0323273129761219
0.031696535646915436
0.0296642929315567
0.029250584542751312
0.027627944946289062
0.027341503649950027
0.0260317362844944
0.025792503729462624
0.0247589573264122
0.024471847340464592
0.02377181127667427
0.023504283279180527
0.022858530282974243
0.022622495889663696
0.022003496065735817
0.021871844306588173
0.021472357213497162
0.021281903609633446
0.020931949838995934
0.020831437781453133
0.02043963223695755
0.020346375182271004
0.02007395401597023
0.01993294060230255
0.01971564255654812
0.01968824304640293
0.019421612843871117
0.019415611401200294
0.019139403477311134
0.01908501237630844
0.01889762096107006
0.018863743171095848
0.01875416189432144
0.018711697310209274
0.018572896718978882
0.018564244732260704
0.0183836929500103
0.018343333154916763
0.018282286822795868
0.018243378028273582
0.0180781539529562
0.018085045740008354
0.01798095740377903
0.01799687184393406
0.017977673560380936
0.01796717755496502
0.017899520695209503
0.017985321581363678
0.017778851091861725
0.01780647039413452
0.0177342277020216
0.01773218810558319
0.017792582511901855
0.017674222588539124
0.017565777525305748
0.017485814169049263
0.01751137152314186
0.017474737018346786
0.017594443634152412
0.017472872510552406
0.01738387905061245
0.0173708014190197
0.01732531189918518
0.01728101819753647
0.017415443435311317
0.017326252534985542
0.017410771921277046
no squeeze
4.8507771492004395
0.6423119902610779
0.5130462646484375
0.27843084931373596
0.24677129089832306
0.1665193736553192
0.15256890654563904
0.11453152447938919
0.10719549655914307
0.08586327731609344
0.08173432946205139
0.06891899555921555
0.06637197732925415
0.05803917348384857
0.05643372982740402
0.0506589449942112
0.049429021775722504
0.04553794115781784
0.044533874839544296
0.041504163295030594
0.04093825817108154
0.03851296752691269
0.03796807676553726
0.03620503842830658
0.03571930155158043
0.0343053974211216
0.03392530232667923
0.03264506906270981
0.03246514871716499
0.03141983225941658
0.03108326718211174
0.030248844996094704
0.029998598620295525
0.029243307188153267
0.02912316657602787
0.028414761647582054
0.02832312136888504
0.027781561017036438
0.027575658634305
0.027045533061027527
0.02689351700246334
0.026605946943163872
0.02643071673810482
0.026000069454312325
0.025888290256261826
0.02559635415673256
0.025576043874025345
0.025164077058434486
0.02508561499416828
0.02484053373336792
0.024693284183740616
0.02453748695552349
0.0245420690625906
0.024218423292040825
0.024382460862398148
0.023922748863697052
0.023859627544879913
0.02383561246097088
0.02377130277454853
0.02359442412853241
0.023502539843320847
0.0233467947691679
0.023307612165808678
0.02319418080151081
0.02316877245903015
0.022962575778365135
0.022994723170995712
0.02300839312374592
no squeeze
4.62381649017334
0.5787979364395142
0.4527309834957123
0.2411533147096634
0.21367156505584717
0.14350026845932007
0.1309145987033844
0.09658927470445633
0.09031449258327484
0.07212492823600769
0.06853392720222473
0.057420458644628525
0.05533243343234062
0.04857434704899788
0.046977438032627106
0.04239644482731819
0.041308607906103134
0.037928804755210876
0.037168800830841064
0.03467211872339249
0.03407660126686096
0.032155659049749374
0.031759120523929596
0.030208194628357887
0.029827002435922623
0.028637301176786423
0.02825532853603363
0.027174556627869606
0.02706407755613327
0.026205899193882942
0.025973046198487282
0.025294272229075432
0.025141790509223938
0.02457474358379841
0.02434871345758438
0.023836830630898476
0.023834634572267532
0.023332588374614716
0.023303162306547165
0.022890910506248474
0.02279661037027836
0.02250475063920021
0.02236054465174675
0.022082112729549408
0.022145655006170273
0.02182617411017418
0.021760955452919006
0.021634072065353394
0.021456852555274963
0.02137782983481884
0.021307170391082764
0.02117069996893406
0.021109124645590782
0.020914198830723763
0.021012723445892334
0.020734621211886406
0.020744668319821358
0.02067645452916622
0.02063635364174843
0.020449243485927582
0.020471883937716484
0.020396966487169266
0.020361991599202156
0.020255401730537415
0.020257707685232162
0.020362550392746925
