no squeeze
2.2340593338012695
0.05929374694824219
0.03491376340389252
0.011730083264410496
0.010632304474711418
0.00930150505155325
0.00915889535099268
0.00894088763743639
0.008915909565985203
0.008849774487316608
0.008872997015714645
0.008778207004070282
0.008794081397354603
0.008736117742955685
0.008749273605644703
0.008723901584744453
0.008703676983714104
0.008685370907187462
0.008702271617949009
0.008647420443594456
0.00868799164891243
0.00872199609875679
no squeeze
2.151637554168701
0.06032902002334595
0.03670977056026459
0.012530825100839138
0.011226285248994827
0.009215586818754673
0.008993331342935562
0.008509659208357334
0.008418203331530094
0.008233130909502506
0.008196532726287842
0.008071101270616055
0.00804886594414711
0.007989699020981789
0.007959910668432713
0.007915415801107883
0.007918858900666237
0.007913902401924133
0.007892781868577003
0.007870092056691647
0.007888978347182274
0.007827222347259521
0.007814711891114712
0.007819892838597298
0.007797176018357277
0.007779191713780165
0.007759212050586939
0.007799662183970213
0.007730328477919102
0.007752479985356331
0.0077860294841229916
0.00779287563636899
no squeeze
2.6098461151123047
0.13882693648338318
0.08994878828525543
0.030105989426374435
0.02556774392724037
0.016736570745706558
0.015493436716496944
0.012133964337408543
0.011578360572457314
0.010029749944806099
0.009757806546986103
0.008846533484756947
0.008787639439105988
0.008093453012406826
0.008018634282052517
0.007640460040420294
0.007547310087829828
0.007297033444046974
0.007234503515064716
0.006996185053139925
0.006970447953790426
0.00681188702583313
0.006803023163229227
0.006698178593069315
0.006672985386103392
0.006558540742844343
0.006562257185578346
0.006505436729639769
0.0064882985316216946
0.006411513313651085
0.006443263962864876
0.006380807608366013
0.006356720346957445
0.006315001752227545
0.006297324318438768
0.006299703381955624
0.006281589157879353
0.006272881757467985
0.006279262714087963
0.006255729123950005
0.006196478847414255
0.006213922519236803
0.0062700253911316395
0.006214188877493143
no squeeze
2.478081464767456
0.44233694672584534
0.3558306396007538
0.20471709966659546
0.18524420261383057
0.1346772164106369
0.1264668107032776
0.10041236132383347
0.09484878182411194
0.07852296531200409
0.07497473061084747
0.0636184960603714
0.06107671931385994
0.05329815298318863
0.05188937857747078
0.04575417935848236
0.044239647686481476
0.03978339955210686
0.038784272968769073
0.03544319421052933
0.034284450113773346
0.031727563589811325
0.031166210770606995
0.028971457853913307
0.02861226722598076
0.026796979829669
0.02653641812503338
0.02504044957458973
0.02478949725627899
0.023743610829114914
0.023380812257528305
0.02252602018415928
0.022334197536110878
0.021729009225964546
0.021444201469421387
0.020733075216412544
0.020613333210349083
0.020110998302698135
0.02000577189028263
0.019469615072011948
0.019479524344205856
0.019036058336496353
0.018912944942712784
0.01865079626441002
0.01855332776904106
0.018277553841471672
0.01816357672214508
0.017943672835826874
0.018016526475548744
0.017578240483999252
0.017695236951112747
0.017339644953608513
0.0173152107745409
0.01701737940311432
0.017060939222574234
0.016807399690151215
0.01676996797323227
0.016540372744202614
0.01648237369954586
0.016310743987560272
0.016279440373182297
0.016130758449435234
0.01608223468065262
0.01586076430976391
0.015807023271918297
0.01569773070514202
0.015578868798911572
0.015399337746202946
0.01554068736732006
0.015169789083302021
0.0151085015386343
0.014893503859639168
0.01489443238824606
0.014705882407724857
0.014754719100892544
0.014670830219984055
0.014640907756984234
0.01428285427391529
0.014342127367854118
0.014179157093167305
0.014203008264303207
0.013904045335948467
0.013906178064644337
0.013651153072714806
0.013655021786689758
0.013381191529333591
0.013434961438179016
0.013245552778244019
0.013345208950340748
0.012970129027962685
0.012934612110257149
0.012849091552197933
0.01275042723864317
0.012524770572781563
0.012444748543202877
0.012295628897845745
0.012253711931407452
0.012074788101017475
0.011975385248661041
0.011733618564903736
0.011751620098948479
0.01146900374442339
0.011436248198151588
0.011283224448561668
0.011169171892106533
0.010926712304353714
0.010863296687602997
0.01063923817127943
0.010596769861876965
0.01039274875074625
0.01030823215842247
0.010087387636303902
0.010024143382906914
0.009687869809567928
0.009642834775149822
0.009481833316385746
0.009330922737717628
0.009068639948964119
0.009005729109048843
0.008738795295357704
0.008645880036056042
0.008411583490669727
0.008313130587339401
0.008053896017372608
0.007971636019647121
0.00779976649209857
0.007757870946079493
0.0075369179248809814
0.00748548936098814
0.007329154759645462
0.0072545018047094345
0.007078777067363262
0.007065092213451862
0.0069132414646446705
0.006888994947075844
0.006775546818971634
0.006741349119693041
0.006674041040241718
0.00666568661108613
0.006569263990968466
0.0065381769090890884
0.006461490876972675
0.006454678252339363
0.006413324270397425
0.006387423723936081
0.006323474925011396
0.006303822156041861
0.006270809099078178
0.00626298738643527
0.006211383268237114
0.006191124673932791
0.006172060500830412
0.006150322966277599
0.006097966805100441
0.006106808315962553
0.006074122153222561
0.006017221603542566
0.006033214740455151
0.005998384673148394
0.005930524319410324
0.005960040260106325
0.0059850397519767284
no squeeze
1.9907442331314087
0.16014057397842407
0.11655403673648834
0.051983561366796494
0.04556883126497269
0.03145384415984154
0.02940518967807293
0.02370155043900013
0.02272249013185501
0.01974426582455635
0.019172750413417816
0.017338290810585022
0.01697336696088314
0.015657326206564903
0.015414552763104439
0.014450371265411377
0.014228057116270065
0.013464339077472687
0.01329803466796875
0.012652397155761719
0.012474829331040382
0.011952465400099754
0.01177415531128645
0.011278921738266945
0.011118113063275814
0.010636073537170887
0.010588584467768669
0.01013141218572855
0.010068199597299099
0.009731478989124298
0.009658544324338436
0.009347524493932724
0.00928927306085825
0.009042800404131413
0.00897239800542593
0.00878684688359499
0.008744643069803715
0.008571360260248184
0.008553269319236279
0.008398644626140594
0.008379225619137287
0.008287094533443451
0.008256996981799603
0.008172674104571342
0.008078709244728088
0.008030551485717297
0.008028167299926281
0.007958815433084965
0.007954846136271954
0.007865370251238346
0.007838166318833828
0.007780805230140686
0.007771649397909641
0.007715488784015179
0.007734918035566807
0.0076311868615448475
0.007649452891200781
0.007576056756079197
0.007570380344986916
0.007538731675595045
0.00753139378502965
0.007464430760592222
0.007471343968063593
0.00745175639167428
0.007453428581357002
0.007410637568682432
0.007385086268186569
0.007407733239233494
0.0073526110500097275
0.007379991468042135
0.0073736971244215965
0.007337493356317282
0.007318764925003052
0.007324518635869026
0.0072774020954966545
0.007258521858602762
0.007243005558848381
0.007270831614732742
0.0072336215525865555
0.007198731414973736
0.007232640404254198
0.007223939523100853
no squeeze
2.004196882247925
0.06300579756498337
0.043713487684726715
0.03222867473959923
0.03199265897274017
0.03185666352510452
0.031732138246297836
0.031437575817108154
0.031532447785139084
0.0314016193151474
0.03132198378443718
0.03130195662379265
0.03153090924024582
0.03098801150918007
0.031045006588101387
0.030880950391292572
0.030899737030267715
0.03111044317483902
