no squeeze
2.025557279586792
0.05220119655132294
0.02798260562121868
0.005816194228827953
0.004832172300666571
0.0035515299532562494
0.003408413380384445
0.0031814633402973413
0.003131046425551176
0.003023137105628848
0.0029942092951387167
0.002883682958781719
0.0028699010144919157
0.002840801142156124
0.0028129955753684044
0.0027602834161370993
0.002758369315415621
0.0027228924445807934
0.002718239324167371
0.0026977690868079662
0.0027175946161150932
0.002679935423657298
0.0027005737647414207
0.0026726648211479187
0.002676611766219139
0.0026690673548728228
0.0026722711045295
0.0026983481366187334
no squeeze
1.8805025815963745
0.057450998574495316
0.03175576403737068
0.006271089892834425
0.005054279696196318
0.0036015016958117485
0.0034770844504237175
0.0032738307490944862
0.0032369112595915794
0.003165045054629445
0.0031373242381960154
0.00308534549549222
0.0030588035006076097
0.0030085924081504345
0.0029898486100137234
0.0029382333159446716
0.0029292257968336344
0.0028710500337183475
0.0028611901216208935
0.0028219593223184347
0.0028000306338071823
0.002776065608486533
0.002768623875454068
0.0027314487379044294
0.0027345509734004736
0.0027041048742830753
0.0027021372225135565
0.0026911708991974592
0.002687149215489626
0.0026743016205728054
0.0026561575941741467
0.0026450594887137413
0.0026414375752210617
0.0026370794512331486
0.0026325234211981297
0.0026386023964732885
0.00263424520380795
0.0026134508661925793
0.0026192767545580864
0.0026249235961586237
no squeeze
1.8450387716293335
0.159978985786438
0.10988437384366989
0.040164586156606674
0.03264475613832474
0.0166699830442667
0.014630736783146858
0.009669973514974117
0.008919325657188892
0.006927714683115482
0.006563696078956127
0.005425960291177034
0.005248434375971556
0.004608449526131153
0.004469401203095913
0.0040191649459302425
0.0039049223996698856
0.0036563861649483442
0.003617438953369856
0.0033711125142872334
0.0033256763126701117
0.0031495867297053337
0.003113099141046405
0.0029886597767472267
0.0029479118529707193
0.002831224352121353
0.002804834395647049
0.0027287728153169155
0.0026962009724229574
0.0026409155689179897
0.0026483507826924324
0.0025840620510280132
0.0025662225671112537
0.0024991414975374937
0.002491419203579426
0.0024595442228019238
0.0024540978483855724
0.002425609854981303
0.0024212270509451628
0.0023971109185367823
0.0024048290215432644
0.0023749633692204952
0.002370706293731928
0.0023690974339842796
0.0023676410783082247
0.0023449547588825226
0.0023517345543950796
0.0023377486504614353
0.0023202188313007355
0.002316833706572652
0.0023241923190653324
0.002321670763194561
no squeeze
2.302346706390381
0.3257023096084595
0.24994291365146637
0.13915546238422394
0.12639613449573517
0.09326350688934326
0.0872163474559784
0.06875213980674744
0.06458438187837601
0.05243804305791855
0.04977243393659592
0.040914054960012436
0.03885811194777489
0.03252127766609192
0.031322307884693146
0.026476744562387466
0.025414999574422836
0.021984267979860306
0.021211322396993637
0.0186944380402565
0.018098391592502594
0.016308804973959923
0.015941863879561424
0.014531045220792294
0.014267676509916782
0.013465702533721924
0.013104373589158058
0.012404011562466621
0.012219415977597237
0.011702345684170723
0.011599598452448845
0.011175688356161118
0.011031077243387699
0.010801288299262524
0.010647376999258995
0.010431405156850815
0.010279630310833454
0.010165637359023094
0.010104762390255928
0.009961419738829136
0.009905066341161728
0.00966478418558836
0.00966703612357378
0.009663630276918411
0.009516017511487007
0.0093650221824646
0.009274606592953205
0.009202530607581139
0.009189541451632977
0.00910107046365738
0.009052827022969723
0.008974277414381504
0.008964468725025654
0.008843610063195229
0.00889535341411829
0.0087833721190691
0.008756675757467747
0.008746360428631306
0.008654171600937843
0.008696409873664379
0.008752425201237202
0.008564411662518978
0.008474456146359444
0.008527400903403759
0.008479280397295952
0.008386085741221905
0.008314824663102627
0.008262775838375092
0.008203943260014057
0.008515657857060432
0.008306136354804039
0.008379275910556316
no squeeze
1.9871879816055298
0.1735541671514511
0.12317442893981934
0.050291068851947784
0.042693670839071274
0.026293864473700523
0.023857995867729187
0.01728099398314953
0.01608663611114025
0.012709537521004677
0.012024613097310066
0.009962101466953754
0.00950112659484148
0.00809211190789938
0.007791959680616856
0.006803659722208977
0.006603010464459658
0.005883993115276098
0.005705136340111494
0.0051690684631466866
0.005045619793236256
0.004602064844220877
0.004514812957495451
0.004200099967420101
0.004117781296372414
0.0038535497151315212
0.0037882316391915083
0.003596455091610551
0.003554419381543994
0.003378852503374219
0.0033513132948428392
0.003212783019989729
0.003169550094753504
0.003076419699937105
0.0030266698449850082
0.0029499842785298824
0.0029198743868619204
0.0028548098634928465
0.002847612602636218
0.0027929707430303097
0.0027742215897887945
0.002708649495616555
0.002712866524234414
0.0026679164730012417
0.002658858196809888
0.0026236800476908684
0.0026215454563498497
0.00259171100333333
0.0025831719394773245
0.002578112995252013
0.002580976113677025
0.0025331100914627314
0.0025398503057658672
0.002511025406420231
0.0025210196617990732
0.0025030605029314756
0.0024962718598544598
0.0024943347088992596
0.0024984129704535007
0.002496554283425212
no squeeze
4.368500232696533
0.11109329760074615
0.0646568164229393
0.01860717497766018
0.017189040780067444
0.014748791232705116
0.014107287861406803
0.013747932389378548
0.013655564747750759
0.013666132465004921
0.01341750007122755
0.015426772646605968
0.014677971601486206
0.013382425531744957
0.013310091570019722
0.013140717521309853
0.013088904321193695
0.013630679808557034
0.014268736355006695
0.014566036872565746
