no squeeze
1.428100347518921
0.04217997565865517
0.025495054200291634
0.008911843411624432
0.00810506846755743
0.007010813802480698
0.006902630906552076
0.0067668212577700615
0.0067303720861673355
0.0066975816152989864
0.006722083315253258
0.006702019367367029
no squeeze
1.9162029027938843
0.05478692427277565
0.03238803893327713
0.009572380222380161
0.008465619757771492
0.006952053867280483
0.0068304697051644325
0.006564878858625889
0.006541768088936806
0.006480719894170761
0.0064716278575360775
0.0064353556372225285
0.006449181120842695
0.006443435326218605
no squeeze
1.9812636375427246
0.11890128254890442
0.08032869547605515
0.031169533729553223
0.02670147828757763
0.017262302339076996
0.015869449824094772
0.012303479015827179
0.011701369658112526
0.009890480898320675
0.009515427984297276
0.008386772125959396
0.008188770152628422
0.007511382922530174
0.007364381570369005
0.006975282449275255
0.006864402908831835
0.006585536524653435
0.006499041337519884
0.006316519342362881
0.006272639147937298
0.0061142100021243095
0.006073290947824717
0.005934883374720812
0.005935516208410263
0.005839119665324688
0.005820202641189098
0.005774392746388912
0.0057379682548344135
0.005681463051587343
0.005667330697178841
0.005672965664416552
0.005667426157742739
0.005610364954918623
0.005574157927185297
0.005571752320975065
0.005576926749199629
0.005549856461584568
0.005536801181733608
0.005531136877834797
0.005528820678591728
0.0055170813575387
0.005506173707544804
0.005529047921299934
0.005490123759955168
0.005522162187844515
0.005516474600881338
0.0054987957701087
no squeeze
1.7411222457885742
0.23654523491859436
0.1838875114917755
0.10681029409170151
0.09829764813184738
0.07622113823890686
0.07198122888803482
0.059658464044332504
0.05694872513413429
0.048531316220760345
0.046785999089479446
0.040235430002212524
0.038843292742967606
0.03371303156018257
0.032646045088768005
0.028353611007332802
0.027339676395058632
0.023902811110019684
0.023050572723150253
0.020129110664129257
0.01940363459289074
0.01710655726492405
0.016469618305563927
0.014626789838075638
0.014143021777272224
0.012595332227647305
0.012271095998585224
0.011137489229440689
0.010878432542085648
0.01017061434686184
0.009986018761992455
0.009480374865233898
0.00938128586858511
0.009088702499866486
0.009011169895529747
0.008813252672553062
0.008904622867703438
0.008710149675607681
0.008685191161930561
0.008573289029300213
0.00860508531332016
0.008482648059725761
0.00842567440122366
0.008425228297710419
0.008393827825784683
0.008370015770196915
0.008492247201502323
0.008364875800907612
0.00836708303540945
0.008271974511444569
0.008252119645476341
0.008321041241288185
0.008227850310504436
0.008177587762475014
0.008174271322786808
0.008179045282304287
0.008171036839485168
0.008141587488353252
0.00825708732008934
0.008122142404317856
0.00811011902987957
0.008088232949376106
0.008102319203317165
0.00810624472796917
no squeeze
1.9336423873901367
0.14680315554141998
0.10453557223081589
0.045833613723516464
0.040033698081970215
0.02680421993136406
0.024732446298003197
0.01899058371782303
0.017949402332305908
0.014771734364330769
0.014163020998239517
0.01219573151320219
0.011769231408834457
0.01045828964561224
0.010177257470786572
0.009308847598731518
0.009078752249479294
0.008453338406980038
0.00830834824591875
0.007835893891751766
0.007709702011197805
0.007354466710239649
0.007308179512619972
0.007009497843682766
0.006974976975470781
0.006737038493156433
0.006695815362036228
0.00655377795919776
0.006514072418212891
0.0063737924210727215
0.00634325435385108
0.00624949811026454
0.0062404172495007515
0.006159650161862373
0.006131564732640982
0.006040367763489485
0.006052063312381506
0.006022718735039234
0.00596445519477129
0.005925309378653765
0.005920778959989548
0.0058778515085577965
0.00587436743080616
0.005828944966197014
0.005823787767440081
0.005781873129308224
0.005780674517154694
0.005768888629972935
0.0057490915060043335
0.005743497982621193
0.005713123362511396
0.0056848181411623955
0.005714480299502611
0.005666045006364584
0.0056594014167785645
0.005645595490932465
0.005659209098666906
0.005670840386301279
no squeeze
2.649374008178711
0.056985657662153244
0.031027279794216156
0.011681947857141495
0.011175042949616909
0.010752404108643532
0.010741698555648327
0.01069595105946064
0.010667713358998299
0.01074420940130949
0.010718787088990211
0.010704809799790382
no squeeze
1.7117619514465332
0.05775213614106178
0.03676179051399231
0.01549904327839613
0.013994748704135418
0.011407102458178997
0.011094227433204651
0.010205201804637909
0.010087071917951107
0.009681394323706627
0.009571429342031479
0.009334188885986805
0.00933671835809946
0.00917134527117014
0.009094852022826672
0.009025274775922298
0.008957437239587307
0.008962459862232208
0.008940236642956734
0.008892537094652653
0.008866402320563793
0.008776705712080002
0.008806678466498852
0.008807554841041565
no squeeze
1.5399448871612549
0.05389201641082764
0.03494596481323242
0.014292915351688862
0.012896258383989334
0.010098759084939957
0.009714433923363686
0.008701671846210957
0.008505481295287609
0.008039901964366436
0.007980046793818474
0.007696273270994425
0.0076453592628240585
0.007524548098444939
0.007465340197086334
0.007355136796832085
0.007344210986047983
0.007291983347386122
0.007277715485543013
0.007234479300677776
0.007215497549623251
0.007174855098128319
0.007167915813624859
0.007148241624236107
0.0071619064547121525
0.007133177947252989
0.007133628707379103
0.0071141417138278484
0.007100583985447884
0.007091664709150791
0.007080105599015951
0.007094021886587143
0.0070888083428144455
0.007056035101413727
0.007063564844429493
0.007064805366098881
no squeeze
1.5538067817687988
0.09371540695428848
0.06530782580375671
0.027958879247307777
0.02441793866455555
0.01710895262658596
0.016001993790268898
0.012788628228008747
0.012263472191989422
0.010747188702225685
0.010479488410055637
0.009568954817950726
0.009370917454361916
0.008799300529062748
0.008680512197315693
0.008320711553096771
0.008245420642197132
0.007917788811028004
0.007905697450041771
0.00768616795539856
0.007647348567843437
0.00748401926830411
0.007434676866978407
0.007318035699427128
0.007270903326570988
0.0072123515419662
0.007189479656517506
0.007098396774381399
0.007071989122778177
0.007005680818110704
0.007028401363641024
0.0069572958163917065
0.006934234406799078
0.006894673686474562
0.006885661277920008
0.006840825080871582
0.006838096771389246
0.006827651523053646
0.006814260967075825
0.006768307648599148
0.006754351779818535
0.006759495008736849
0.006748436950147152
0.006764547433704138
0.006753338035196066
0.006713011767715216
0.006720842327922583
0.0067278482019901276
