no squeeze
no squeeze
2.6763203144073486
0.08512714505195618
0.0511474683880806
0.018938887864351273
0.016885340213775635
0.013125845231115818
0.012594101950526237
0.01131470687687397
0.011053420603275299
0.01049762312322855
0.010370517149567604
0.010137840174138546
0.010091489180922508
0.009974291548132896
0.009897788986563683
0.009941896423697472
0.009932206012308598
0.009846475906670094
0.009841429069638252
0.009870431385934353
0.00991104170680046
0.009832748211920261
0.010004580952227116
0.009834907948970795
no squeeze
no squeeze
2.662548542022705
0.07693451642990112
0.045986369252204895
0.014450209215283394
0.01275603286921978
0.009879779070615768
0.009428922086954117
0.00848839059472084
0.00834806077182293
0.00790996104478836
0.007865404710173607
0.007651330903172493
0.007618643809109926
0.007584733888506889
0.007563211023807526
0.007505364716053009
0.0074622007086873055
0.0075091212056577206
0.0074561298824846745
0.0074348123744130135
0.007510156370699406
0.0074896314181387424
no squeeze
no squeeze
2.720223903656006
0.08489937335252762
0.052203524857759476
0.016782613471150398
0.014560162089765072
0.010687113739550114
0.01017189770936966
0.008987822569906712
0.008823770098388195
0.008305295370519161
0.008169750683009624
0.00793369859457016
0.007873035036027431
0.007730516139417887
0.007705598138272762
0.007631031796336174
0.007628065999597311
0.0076025621965527534
0.007610807195305824
0.00755417300388217
0.007536936551332474
0.007532470393925905
0.007536719087511301
0.007590246386826038
no squeeze
no squeeze
3.092679977416992
0.09340177476406097
0.05345258116722107
0.015463238582015038
0.013473165221512318
0.010305613279342651
0.009919486939907074
0.00911952555179596
0.009004401974380016
0.008750289678573608
0.00866017211228609
0.008461455814540386
0.008469505235552788
0.008441333658993244
0.008420565165579319
0.008373142220079899
0.008386938832700253
0.008380995132029057
no squeeze
no squeeze
3.1523187160491943
0.08508385717868805
0.050636958330869675
0.016215290874242783
0.014505400322377682
0.011962544173002243
0.011644701473414898
0.010935910977423191
0.010775716044008732
0.010470837354660034
0.01042399276047945
0.010257825255393982
0.010293308645486832
0.010220636613667011
0.010172611102461815
0.0101441890001297
0.010152067989110947
0.010136736556887627
0.010161743499338627
0.010160934180021286
