no squeeze
2.0546791553497314
0.07478075474500656
0.047632861882448196
0.017180131748318672
0.01504721399396658
0.011334049515426159
0.01084625069051981
0.009829693473875523
0.00970655307173729
0.009280897676944733
0.009243879467248917
0.00904260016977787
0.008995570242404938
0.008892563171684742
0.008923999965190887
0.008753503672778606
0.008730306290090084
0.008694515563547611
0.00868947058916092
0.008601292036473751
0.00858609564602375
0.00859900563955307
0.00854041613638401
0.00852690078318119
0.008518693968653679
0.008519048802554607
0.00853606965392828
0.008493680506944656
0.00852842628955841
0.008538835681974888
no squeeze
1.5862107276916504
0.0649840459227562
0.04173237830400467
0.017845790833234787
0.016277242451906204
0.013669545762240887
0.013379181735217571
0.012665223330259323
0.01259348914027214
0.01240575686097145
0.012324558570981026
0.012283114716410637
0.012247051112353802
0.012260526418685913
0.012214133515954018
0.012183965183794498
0.01224178820848465
0.012309790588915348
no squeeze
1.961998462677002
0.11988253146409988
0.08265627175569534
0.034311819821596146
0.029752902686595917
0.019531982019543648
0.01795976795256138
0.013808593153953552
0.013020070269703865
0.010701021179556847
0.010235465131700039
0.008957627229392529
0.008689520880579948
0.007894008420407772
0.007733369246125221
0.00727194594219327
0.007173089310526848
0.0068193478509783745
0.006717981304973364
0.006446925923228264
0.006395780481398106
0.006203608587384224
0.006143102888017893
0.0059812949039042
0.005965813063085079
0.005855173338204622
0.005812365096062422
0.005728997755795717
0.005692451260983944
0.005614525638520718
0.005605391692370176
0.0055130859836936
0.00556921074166894
0.005460966378450394
0.005461623426526785
0.005438196938484907
0.005423706024885178
0.005365576129406691
0.005356273148208857
0.005322331562638283
0.005313233472406864
0.005290438421070576
0.005292545538395643
0.005281555000692606
0.005264692474156618
0.005269859451800585
0.005247396416962147
0.0052308617159724236
0.005229397211223841
0.005231547635048628
0.005213764030486345
0.005215709563344717
0.0051755704917013645
0.005173826590180397
0.005175749771296978
0.005238626152276993
no squeeze
2.015632390975952
0.3994879126548767
0.3242422640323639
0.1857430338859558
0.16852256655693054
0.12683075666427612
0.11920657008886337
0.0984264612197876
0.0944151058793068
0.08151192218065262
0.0785549059510231
0.06969459354877472
0.0679473951458931
0.06111690402030945
0.059812065213918686
0.05504082888364792
0.05371762067079544
0.0497877299785614
0.049059174954891205
0.04598395153880119
0.04539937525987625
0.04274366796016693
0.042353492230176926
0.040340013802051544
0.039948806166648865
0.038294658064842224
0.037811290472745895
0.03659503161907196
0.03626185655593872
0.03510718420147896
0.03493291512131691
0.03390458598732948
0.03376739099621773
0.03282617777585983
0.03262253478169441
0.0317581444978714
0.03163197636604309
0.031027913093566895
0.030762644484639168
0.030237257480621338
0.030162755399942398
0.02972041256725788
0.029408834874629974
0.02889375202357769
0.028796717524528503
0.028175385668873787
0.028105225414037704
0.027729125693440437
0.02753046527504921
0.026967765763401985
0.026722801849246025
0.02676841989159584
0.026309771463274956
0.025646813213825226
0.025545580312609673
0.025026757270097733
0.02471289224922657
0.024461796507239342
0.02412521280348301
0.023369882255792618
0.0233632642775774
0.02254350483417511
0.02243899554014206
0.021573733538389206
0.021296242251992226
0.020467007532715797
0.020327128469944
0.019317759200930595
0.01936119608581066
0.017983075231313705
0.01777445152401924
0.016665467992424965
0.016385026276111603
0.015514478087425232
0.015281843952834606
0.014562453143298626
0.014523975551128387
0.013946715742349625
0.013914903625845909
0.013660363852977753
0.013607424683868885
0.013368231244385242
0.01338947843760252
0.013183101080358028
0.013228786177933216
0.013058369047939777
0.013080816715955734
0.013037020340561867
0.012972904369235039
0.012828957289457321
0.012798040173947811
0.012931708246469498
0.012799225747585297
0.01266799122095108
0.012703518383204937
0.012597220949828625
0.012565904296934605
0.012553169392049313
0.0124993110075593
0.012434600852429867
0.012407059781253338
0.012404832057654858
0.012284074909985065
0.012288020923733711
0.01219096314162016
0.012145527638494968
0.01211368478834629
0.012061341665685177
0.012044426053762436
0.011939214542508125
0.01194747257977724
0.011875306256115437
0.01190837100148201
0.011918035335838795
no squeeze
1.668671727180481
0.13737332820892334
0.10122527927160263
0.051149189472198486
0.0460483692586422
0.03471077233552933
0.032733600586652756
0.027612967416644096
0.026517042890191078
0.023469002917408943
0.022855831310153008
0.02092566154897213
0.020508522167801857
0.019241446629166603
0.018839117139577866
0.017738977447152138
0.017496628686785698
0.016700951382517815
0.01649196818470955
0.01583319716155529
0.015783781185746193
0.015188867226243019
0.015126945450901985
0.014717907644808292
0.014596047811210155
0.014255497604608536
0.01421523280441761
0.013941596262156963
0.01383341196924448
0.013647773303091526
0.013576808385550976
0.013429629616439342
0.013259070925414562
0.01330734882503748
0.01311924122273922
0.013100758194923401
0.012950249947607517
0.012784088030457497
0.012802894227206707
0.012662287801504135
0.012637156993150711
0.012678651139140129
0.012507005594670773
0.012647765688598156
0.012529457919299603
0.01257216278463602
no squeeze
1.221245527267456
0.06425690650939941
0.05328982695937157
0.043021731078624725
0.042545635253190994
0.042258571833372116
0.042022496461868286
0.04156599938869476
0.04278586059808731
0.04195156320929527
