no squeeze
1.7754032611846924
0.06707987189292908
0.04384862631559372
0.01588236168026924
0.014178212732076645
0.011489692144095898
0.011211324483156204
0.010749323293566704
0.010659506544470787
0.01053944043815136
0.010500314645469189
0.010365466587245464
0.010331770405173302
0.010251840576529503
0.010225314646959305
0.010122828185558319
0.010117465630173683
0.010173465125262737
0.010126092471182346
0.010113615542650223
0.01007937453687191
0.010057776235044003
0.010057305917143822
0.010022303089499474
0.01003288384526968
0.010077372193336487
no squeeze
1.8772375583648682
0.08016267418861389
0.05291382223367691
0.024634424597024918
0.02251191809773445
0.018214290961623192
0.017622053623199463
0.016213364899158478
0.015998931601643562
0.015437223017215729
0.015414794906973839
0.015126683749258518
0.015058806166052818
0.014993722550570965
0.014953812584280968
0.01491625513881445
0.014849581755697727
0.014800840057432652
0.01487378217279911
0.01479061134159565
0.014775972813367844
0.014784597791731358
0.014824547804892063
0.014741171151399612
0.014783572405576706
0.014625521376729012
0.014663862995803356
0.014704801142215729
no squeeze
1.7984055280685425
0.15647129714488983
0.11308949440717697
0.04513330012559891
0.037832897156476974
0.022434713318943977
0.020151875913143158
0.014566951431334019
0.013692059554159641
0.011458266526460648
0.01106414943933487
0.009973081760108471
0.009726722724735737
0.009025548584759235
0.008880279026925564
0.008403132669627666
0.00827285647392273
0.007944255135953426
0.007892807945609093
0.007674042135477066
0.00761421537026763
0.007411755155771971
0.007366870064288378
0.007187549490481615
0.007243277505040169
0.007126903161406517
0.007091347128152847
0.006946115754544735
0.006969599984586239
0.006934847682714462
0.006889559794217348
0.0067965867929160595
0.006807467434555292
0.006749407853931189
0.00674701202660799
0.0067267888225615025
0.006660965736955404
0.0066681611351668835
0.006695470307022333
0.006639536004513502
0.006629532668739557
0.006585409399122
0.006606971379369497
0.006573664024472237
0.006621297914534807
0.006574295926839113
no squeeze
2.0594117641448975
0.38182559609413147
0.3081067204475403
0.18850556015968323
0.17497040331363678
0.13876347243785858
0.13259586691856384
0.11361467838287354
0.11025980859994888
0.09830915927886963
0.09573287516832352
0.08797868341207504
0.08586428314447403
0.0803060382604599
0.07952197641134262
0.07456975430250168
0.0737241581082344
0.07083964347839355
0.07031212747097015
0.06792595982551575
0.06732609122991562
0.0653211921453476
0.06551472097635269
0.06361284852027893
0.06317383795976639
0.06204230710864067
0.06177718937397003
0.06072864681482315
0.06083264201879501
0.05985524505376816
0.05942801758646965
0.058701641857624054
0.05830896273255348
0.05756574496626854
0.05733826756477356
0.05663816258311272
0.056266896426677704
0.055520039051771164
0.05513080954551697
0.054627642035484314
0.05438772961497307
0.05343347042798996
0.05346006527543068
0.052081964910030365
0.051736894994974136
0.050792209804058075
0.050604984164237976
0.04924627020955086
0.04887315258383751
0.047296877950429916
0.04687970504164696
0.045338988304138184
0.0446833036839962
0.04282689094543457
0.04239460080862045
0.03978458791971207
0.03915910795331001
0.03662557899951935
0.03591930493712425
0.03346940502524376
0.03294505923986435
0.0305484551936388
0.030210550874471664
0.028568141162395477
0.028342783451080322
0.02747819386422634
0.027143465355038643
0.02648252621293068
0.026301439851522446
0.025997871533036232
0.02587500400841236
0.025601334869861603
0.025407958775758743
0.025250766426324844
0.02531147189438343
0.02522110380232334
0.025118157267570496
0.024835029616951942
0.02482755295932293
0.024763740599155426
0.024743832647800446
0.025034399703145027
0.02451404370367527
0.02450684830546379
0.02453611046075821
0.024431606754660606
0.024514051154255867
0.024284183979034424
0.024678096175193787
0.024241415783762932
0.024351878091692924
0.023927390575408936
0.02414432354271412
0.02401398867368698
no squeeze
2.2196333408355713
0.1992642730474472
0.14734812080860138
0.07748410850763321
0.07090387493371964
0.05527108162641525
0.052723828703165054
0.046015143394470215
0.04470736160874367
0.04032588377594948
0.03941897675395012
0.036641426384449005
0.036013148725032806
0.03378330543637276
0.033035602420568466
0.03157469630241394
0.031028075143694878
0.02987125888466835
0.029731009155511856
0.028542086482048035
0.028251178562641144
0.027808712795376778
0.027645166963338852
0.02693609520792961
0.026888225227594376
0.027709783986210823
0.027345972135663033
0.02588418871164322
0.02562863752245903
0.025487903505563736
0.02532237581908703
0.025263117626309395
0.02510540746152401
0.02499527670443058
0.024949248880147934
0.02478700317442417
0.024946339428424835
0.024788718670606613
no squeeze
2.0354437828063965
0.103221595287323
0.08493871986865997
0.07183481752872467
0.07095726579427719
0.07057908177375793
0.06998901814222336
0.07017217576503754
0.0721219852566719
0.06954450160264969
0.06939906626939774
0.06897860765457153
0.06873495876789093
0.07181315124034882
0.06921512633562088
0.06858793646097183
0.06881389766931534
0.06953417509794235
