no squeeze
4.628399848937988
0.4265899062156677
0.3152298033237457
0.1657959371805191
0.15187527239322662
0.12503989040851593
0.12158787995576859
0.11390995234251022
0.11269789934158325
0.10982619225978851
0.10980081558227539
0.10883303731679916
0.10890278965234756
0.10867687314748764
0.10842867195606232
0.10864304006099701
0.10861232131719589
0.10847315937280655
no squeeze
4.005123138427734
0.33758610486984253
0.2528456449508667
0.13999462127685547
0.13053783774375916
0.11268669366836548
0.11044852435588837
0.1040860265493393
0.10324198752641678
0.10202047228813171
0.10135596245527267
0.10096597671508789
0.10096868127584457
0.10091912746429443
0.10089436918497086
0.10055035352706909
0.1006784737110138
0.10061407089233398
no squeeze
5.214338302612305
0.6313734650611877
0.4685724973678589
0.23107129335403442
0.20652781426906586
0.151539146900177
0.14345218241214752
0.12130706012248993
0.11751433461904526
0.10678029805421829
0.10477089881896973
0.0991041287779808
0.09801994264125824
0.0946134552359581
0.09412296116352081
0.09191230684518814
0.09122334420681
0.08981668949127197
0.08926165103912354
0.08857632428407669
0.08836010843515396
0.08770953118801117
0.08761812001466751
0.0871608555316925
0.08725868910551071
0.08649609237909317
0.08631496876478195
0.08678647130727768
0.08614125102758408
0.08565802872180939
0.08596574515104294
0.08543644845485687
0.08568594604730606
0.08557990193367004
no squeeze
4.797074317932129
1.669627070426941
1.4141560792922974
0.8876757025718689
0.8132709860801697
0.6247010231018066
0.591198205947876
0.4869430661201477
0.46574801206588745
0.39388537406921387
0.3771948516368866
0.32454073429107666
0.3126010596752167
0.27093368768692017
0.26119810342788696
0.23013176023960114
0.2234642505645752
0.1982116550207138
0.19298215210437775
0.1751328855752945
0.17132805287837982
0.1571934074163437
0.1540091335773468
0.14357660710811615
0.1420023888349533
0.13333149254322052
0.13144005835056305
0.125198096036911
0.12389536947011948
0.1191592738032341
0.11760231852531433
0.11360623687505722
0.11284663528203964
0.10964669287204742
0.10868273675441742
0.10563963651657104
0.10498081892728806
0.1023121178150177
0.10215316712856293
0.09992373734712601
0.09958681464195251
0.09767384082078934
0.09696090221405029
0.09550070762634277
0.09496213495731354
0.0935208797454834
0.09330753982067108
0.09203852713108063
0.0915660709142685
0.08997828513383865
0.08979328721761703
0.08879254013299942
0.08889921754598618
0.08804337680339813
0.08773019164800644
0.08693771064281464
0.0869310051202774
0.08589013665914536
0.08569763600826263
0.08501439541578293
0.08505148440599442
0.08476629853248596
0.08470999449491501
0.08403519541025162
0.08388927578926086
0.08321788907051086
0.08322224766016006
0.08268721401691437
0.08224324136972427
0.08230570703744888
0.08201012760400772
0.08162426948547363
0.08158353716135025
0.08104507625102997
0.08114420622587204
0.08074872195720673
0.08063621819019318
0.08016031235456467
0.08012138307094574
0.0796251893043518
0.07953863590955734
0.07927649468183517
0.07910008728504181
0.07885178923606873
0.07876265794038773
0.07835199683904648
0.07823625952005386
0.07779854536056519
0.0777910128235817
0.07742433995008469
0.07719206064939499
0.07688284665346146
0.07694849371910095
0.07683415710926056
0.0764414519071579
0.0758836567401886
0.07635501027107239
0.07570064067840576
0.07568517327308655
0.07543911039829254
0.07541254907846451
0.07492005079984665
0.07505202293395996
0.07488112151622772
0.07468268275260925
0.07451394200325012
0.07427114248275757
0.0740261897444725
0.07414691150188446
0.07346510887145996
0.07358498871326447
0.07328280061483383
0.07305138558149338
0.0731334462761879
0.07299216091632843
0.07279901206493378
0.07278410345315933
0.0723625048995018
0.07280836999416351
0.07232139259576797
0.0722431018948555
0.07206130772829056
0.07194297015666962
0.07162197679281235
0.07164117693901062
0.07165011763572693
no squeeze
4.744185447692871
0.6012418270111084
0.44639140367507935
0.20913419127464294
0.18386924266815186
0.12794709205627441
0.11921895295381546
0.09509950131177902
0.09055338054895401
0.07618516683578491
0.07322990149259567
0.06356634944677353
0.061387915164232254
0.05446115508675575
0.052893079817295074
0.04760609194636345
0.04642932489514351
0.04222787916660309
0.04131126031279564
0.038051899522542953
0.037249863147735596
0.034609876573085785
0.03399347513914108
0.031863488256931305
0.03134358674287796
0.029628248885273933
0.02923198789358139
0.027797818183898926
0.02745990827679634
0.026294495910406113
0.025959545746445656
0.024988800287246704
0.02471340261399746
0.02393493987619877
0.023746775463223457
0.023024016991257668
0.022867361083626747
0.022298183292150497
0.02213170751929283
0.02168883942067623
0.021610472351312637
0.021181397140026093
0.021023837849497795
0.020679622888565063
0.02057439088821411
0.020453602075576782
0.02023901790380478
0.019952746108174324
0.019839948043227196
0.019678177312016487
0.019611546769738197
0.019344249740242958
0.01922113075852394
0.019105736166238785
0.019048435613512993
0.018801184371113777
0.018894247710704803
0.018756497651338577
0.01869158074259758
0.018544916063547134
0.018481336534023285
0.018421780318021774
0.01838013343513012
0.018277660012245178
0.018189921975135803
0.018209556117653847
0.01809980906546116
0.018073681741952896
0.018053904175758362
0.01809312030673027
0.01792408525943756
0.01786399446427822
0.017860325053334236
0.01781434379518032
0.017801014706492424
0.017736725509166718
0.017652614042162895
0.017707793042063713
0.017708878964185715
0.017617275938391685
0.01755988784134388
0.017464902251958847
0.017503200098872185
0.01739061065018177
0.017541831359267235
0.017457759007811546
no squeeze
3.7483971118927
0.2516169250011444
0.21070417761802673
0.18384796380996704
0.18297216296195984
0.1830442249774933
0.1826491802930832
0.18268345296382904
0.18317313492298126
0.18260924518108368
0.18275922536849976
0.18260204792022705
0.1824769675731659
0.18263059854507446
0.1825520098209381
0.1827031970024109
