no squeeze
2.031784772872925
0.051546428352594376
0.029965130612254143
0.01021617278456688
0.009500058367848396
0.008694212883710861
0.008634486235678196
0.008514626882970333
0.008499134331941605
0.008381599560379982
0.008382978849112988
0.008353243581950665
0.008349267765879631
0.008323853835463524
0.008332943543791771
0.008283408358693123
0.0082903066650033
0.00827309675514698
0.008308199234306812
0.008309919387102127
no squeeze
1.681030035018921
0.047587402164936066
0.0292470995336771
0.010399836115539074
0.009548662230372429
0.008494699373841286
0.008342359215021133
0.008179512806236744
0.008147039450705051
0.007996547035872936
0.007991097867488861
0.007966297678649426
0.007945343852043152
0.007934053428471088
0.00795191340148449
0.007978402078151703
no squeeze
2.163695812225342
0.14125993847846985
0.09378305822610855
0.03411490097641945
0.028918741270899773
0.018354281783103943
0.0168017391115427
0.012701605446636677
0.012033547274768353
0.010167098604142666
0.009763363748788834
0.008692987263202667
0.008442390710115433
0.007774184923619032
0.00764044001698494
0.007222714833915234
0.007120119873434305
0.0067315795458853245
0.006674444768577814
0.006417481694370508
0.006375255063176155
0.006194699089974165
0.006164464633911848
0.0060797943733632565
0.006062632892280817
0.005939653608947992
0.005883655045181513
0.005817712750285864
0.0058153835125267506
0.005769534967839718
0.005736035294830799
0.005693428218364716
0.005674284882843494
0.0056543853133916855
0.0056326426565647125
0.005625834222882986
0.005629461724311113
0.005541952792555094
0.005538225173950195
0.005561049096286297
0.005514924880117178
0.005520906765013933
0.005532383918762207
0.0055220951326191425
no squeeze
2.2159507274627686
0.2988179326057434
0.23173967003822327
0.13611623644828796
0.12586255371570587
0.09795477241277695
0.09276723861694336
0.07787123322486877
0.07469029724597931
0.06425703316926956
0.061754245311021805
0.05435064807534218
0.05281832441687584
0.04644978791475296
0.04514466971158981
0.04073867201805115
0.03950900584459305
0.0359935536980629
0.03514457121491432
0.03220292180776596
0.03157450258731842
0.0292197298258543
0.028716713190078735
0.026984574273228645
0.026478072628378868
0.025040656328201294
0.024818310514092445
0.023917851969599724
0.0238330215215683
0.022384576499462128
0.022135132923722267
0.021464908495545387
0.021313175559043884
0.020723547786474228
0.020568476989865303
0.020136890932917595
0.02006772719323635
0.0196475088596344
0.019466673955321312
0.019098632037639618
0.019045520573854446
0.018827835097908974
0.018909592181444168
0.018454352393746376
0.018453165888786316
0.018215788528323174
0.01831122487783432
0.017944514751434326
0.01786535419523716
0.017648255452513695
0.01759660430252552
0.017623307183384895
0.01748296432197094
0.017078327015042305
0.01702229678630829
0.01694069430232048
0.01702108606696129
0.01660965569317341
0.01660340465605259
0.016408300027251244
0.016348673030734062
0.016299091279506683
0.016121171414852142
0.016071444377303123
0.015967946499586105
0.015736527740955353
0.01566690392792225
0.01553606241941452
0.015413226559758186
0.015392576344311237
0.01525447703897953
0.014984143897891045
0.015088074840605259
0.014869333244860172
0.014829626306891441
0.01466673705726862
0.0147633021697402
0.014371098950505257
0.01445526909083128
0.014232753776013851
0.014120926149189472
0.013921529054641724
0.01389563363045454
0.013723555952310562
0.013806294649839401
0.013559260405600071
0.013450482860207558
0.01347447745501995
0.013372429646551609
0.0131555600091815
0.01316543947905302
0.013135918416082859
0.012847092933952808
0.012654675170779228
0.012558172456920147
0.012581382878124714
0.01241358183324337
0.012112129479646683
0.01221037469804287
0.011950957588851452
0.012076297774910927
0.011703451164066792
0.011716026812791824
0.01133887842297554
0.011453975923359394
0.011298052035272121
0.01129002496600151
0.010958259925246239
0.010923953726887703
0.010623663663864136
0.010593381710350513
0.010362866334617138
0.01035945676267147
0.010054056532680988
0.009986779652535915
0.009832886047661304
0.009673896245658398
0.009588140062987804
0.009485256858170033
0.009171917103230953
0.00906170904636383
0.00888380128890276
0.008856914937496185
0.008549798280000687
0.008512490428984165
0.008343917317688465
0.00831523071974516
0.00815771147608757
0.00817485898733139
0.008023160509765148
0.008014971390366554
0.008003370836377144
0.007957564666867256
0.007881918922066689
0.007870721630752087
0.007825923152267933
0.0077508799731731415
0.007697723340243101
0.007746849209070206
0.0076431892812252045
0.007647841703146696
0.00764890993013978
no squeeze
1.9526207447052002
0.15080906450748444
0.10563001781702042
0.04358869045972824
0.0378553606569767
0.025705384090542793
0.023968197405338287
0.019370591267943382
0.01858724094927311
0.016252662986516953
0.01580023393034935
0.014432277530431747
0.014165121130645275
0.013240348547697067
0.013036576099693775
0.01237670611590147
0.012219029478728771
0.011842044070363045
0.011671396903693676
0.011304414831101894
0.011191688477993011
0.01093270629644394
0.010858976282179356
0.01057375967502594
0.010577532462775707
0.010348977521061897
0.01035376451909542
0.010140158236026764
0.010154103860259056
0.009988844394683838
0.009950772859156132
0.009777297265827656
0.00989562924951315
0.00969201885163784
0.009631571359932423
0.009578113444149494
0.009587052278220654
0.009497072547674179
0.009494215250015259
0.009459401480853558
0.009360481053590775
0.00931574497371912
0.009277584962546825
0.009211176075041294
0.009198486804962158
0.009152566082775593
0.009169849567115307
0.009096036665141582
0.009089425206184387
0.00905449129641056
0.00910072959959507
0.008977934718132019
0.00896635465323925
0.008940056897699833
0.008953777141869068
0.008880269713699818
0.00902237743139267
0.0089284498244524
no squeeze
2.5154366493225098
0.06996682286262512
0.04961065202951431
0.03121991828083992
0.030581876635551453
0.03040994144976139
0.03034195676445961
0.030295362696051598
0.03013153374195099
0.030192958191037178
0.030028274282813072
0.02995610423386097
0.030082400888204575
0.030179569497704506
