no squeeze
1.6406036615371704
0.08687025308609009
0.06682358682155609
0.04846930503845215
0.047462429851293564
0.04659046605229378
0.046244844794273376
0.046130403876304626
0.04603005573153496
0.04580870643258095
0.04603581503033638
0.04636363312602043
no squeeze
2.291560411453247
0.0723257064819336
0.04267178848385811
0.014421237632632256
0.012645254842936993
0.00926227867603302
0.008768085390329361
0.007643768098205328
0.00743099907413125
0.006932346615940332
0.006852461025118828
0.006569831166416407
0.0065426952205598354
0.006404049228876829
0.006377457175403833
0.006308889947831631
0.006280987523496151
0.006240071728825569
0.006249592173844576
0.006217784248292446
0.006227872334420681
0.00622252281755209
no squeeze
1.5461289882659912
0.11008638888597488
0.0755867063999176
0.031173130497336388
0.027081068605184555
0.018366649746894836
0.016996651887893677
0.013380092568695545
0.01276861410588026
0.010871500708162785
0.010427914559841156
0.009277659468352795
0.00903228111565113
0.00828634575009346
0.008116429671645164
0.007638907991349697
0.007529436610639095
0.007220204453915358
0.007121179718524218
0.0068428535014390945
0.0067377230152487755
0.0065596867352724075
0.006499415263533592
0.006359629333019257
0.00632451381534338
0.006202561315149069
0.006172553636133671
0.006066667847335339
0.006033385172486305
0.005944537464529276
0.005911124870181084
0.005857639946043491
0.005853825714439154
0.0057780006900429726
0.0057593402452766895
0.005727047566324472
0.005710642784833908
0.005656055640429258
0.005635242443531752
0.005608515348285437
0.005587734282016754
0.005551671143621206
0.005538659170269966
0.005513019394129515
0.005507987923920155
0.005480635445564985
0.005503243301063776
0.005465884692966938
0.005462872330099344
0.0054405792616307735
0.005433812737464905
0.005422500893473625
0.005410342942923307
0.0054145874455571175
0.005432611331343651
0.005387840326875448
0.0053903209045529366
0.005365943070501089
0.005362506955862045
0.0053790053352713585
0.00535819586366415
0.005346607882529497
0.005320162512362003
0.005330570973455906
0.005325340665876865
0.005316606257110834
0.005326089449226856
0.005323285702615976
no squeeze
1.64958655834198
0.20589251816272736
0.15991850197315216
0.10112538188695908
0.09570357948541641
0.08360859751701355
0.08159191161394119
0.07528812438249588
0.07405328005552292
0.06978750973939896
0.06885082274675369
0.0652960017323494
0.06453467905521393
0.06171794235706329
0.0611320398747921
0.058627426624298096
0.05804318189620972
0.05601024255156517
0.05538756027817726
0.053772322833538055
0.053304340690374374
0.05192076414823532
0.05143225938081741
0.04995112493634224
0.04981819912791252
0.04868941381573677
0.048453137278556824
0.04743407666683197
0.04719146713614464
0.04638541489839554
0.04609714448451996
0.04545721411705017
0.045378394424915314
0.04459720477461815
0.044574618339538574
0.043930888175964355
0.04378300905227661
0.04337605834007263
0.043242692947387695
0.04245352745056152
0.04234316945075989
0.04188760370016098
0.041684530675411224
0.04105840623378754
0.04087914526462555
0.040189024060964584
0.04010307043790817
0.03963983803987503
0.039517592638731
0.03876960277557373
0.03865659236907959
0.03812311217188835
0.03810076043009758
0.03750903531908989
0.037276819348335266
0.03680873662233353
0.036592479795217514
0.03607535362243652
0.03606601431965828
0.03535674139857292
0.035288337618112564
0.034957405179739
0.034762412309646606
0.03436364233493805
0.034356098622083664
0.033785585314035416
0.0337560772895813
0.03343777358531952
0.033441636711359024
0.03318486362695694
0.0329824835062027
0.03269238770008087
0.03253379464149475
0.03237695246934891
0.0321657620370388
0.03195382282137871
0.031945113092660904
0.03169894963502884
0.031588438898324966
0.031476620584726334
0.031252358108758926
0.031169187277555466
0.03102284111082554
0.03086554817855358
0.03086029924452305
0.030592305585741997
0.030524689704179764
0.03038446232676506
0.030354518443346024
0.030299941077828407
0.03005453757941723
0.030080646276474
0.030066508799791336
0.029726531356573105
0.029950154945254326
0.029584920033812523
0.029773453250527382
0.02956444025039673
0.029532233253121376
0.02927105501294136
0.029367635026574135
0.029241418465971947
0.029154878109693527
0.02901529148221016
0.029035275802016258
0.028876377269625664
0.029068974778056145
0.028676999732851982
0.028947338461875916
0.0287187360227108
no squeeze
1.6017181873321533
0.14728322625160217
0.11329673230648041
0.0660063773393631
0.06142600625753403
0.05095638707280159
0.049341198056936264
0.0449981689453125
0.04417308047413826
0.04174813628196716
0.0412222295999527
0.039583683013916016
0.03931529447436333
0.038073357194662094
0.03796198219060898
0.03703192248940468
0.03674192354083061
0.036125898361206055
0.03592849150300026
0.035291798412799835
0.03514241799712181
0.03454716131091118
0.03450077399611473
0.03393694385886192
0.03391984477639198
0.03369220718741417
0.03338850662112236
0.0331866517663002
0.03316652029752731
0.03291470184922218
0.03263211250305176
0.03246041014790535
0.03257661312818527
0.03234218433499336
0.03237369284033775
0.032088954001665115
0.03199583292007446
0.03177561238408089
0.03184586763381958
0.031738921999931335
0.03162397816777229
0.03156278282403946
0.03151285648345947
0.031491804867982864
0.031406283378601074
0.031277451664209366
0.03120790235698223
0.031165989115834236
0.031153714284300804
0.031149206683039665
0.031050261110067368
0.03089751861989498
0.03086995519697666
0.030882153660058975
0.030986234545707703
0.03079461120069027
0.03072970174252987
0.03077198565006256
0.030716173350811005
0.030766353011131287
0.030765334144234657
0.030680887401103973
0.0307785551995039
0.03066897578537464
0.03067295253276825
0.03050999343395233
0.030631940811872482
0.030503656715154648
0.03059837967157364
0.0307062566280365
no squeeze
1.9749008417129517
0.10535421967506409
0.0899650976061821
0.07557332515716553
0.07517427206039429
0.07503854483366013
0.07498752325773239
0.07518225163221359
0.07515314966440201
0.07502611726522446
