no squeeze
2.6146867275238037
0.2684137523174286
0.22517143189907074
0.17106710374355316
0.16695861518383026
0.1592090129852295
0.15793000161647797
0.15606099367141724
0.15532895922660828
0.15527263283729553
0.15493972599506378
0.15494011342525482
0.1547422558069229
0.15523098409175873
0.15461640059947968
0.15560674667358398
0.15500923991203308
0.15484914183616638
no squeeze
2.5182013511657715
0.28434014320373535
0.2395835816860199
0.17986540496349335
0.17380329966545105
0.16052353382110596
0.15834671258926392
0.15404675900936127
0.1535191833972931
0.15171383321285248
0.15195263922214508
0.15188415348529816
no squeeze
2.8613600730895996
0.4102078676223755
0.33031585812568665
0.20705895125865936
0.193102166056633
0.16018898785114288
0.1547728180885315
0.14016595482826233
0.13769254088401794
0.13041144609451294
0.12859566509723663
0.1245264783501625
0.12323395907878876
0.12107320874929428
0.12050795555114746
0.11891066282987595
0.11869952827692032
0.11753992736339569
0.11745867878198624
0.11715462803840637
0.11633429676294327
0.11592385172843933
0.11554311960935593
0.11550964415073395
0.11525014787912369
0.11489645391702652
0.11493752896785736
0.11502880603075027
no squeeze
2.8398334980010986
0.8213692307472229
0.696768581867218
0.4929218590259552
0.46798014640808105
0.40150371193885803
0.38949960470199585
0.3508789837360382
0.3427604138851166
0.3146275281906128
0.3086048662662506
0.28656792640686035
0.2819763123989105
0.2647108733654022
0.26048412919044495
0.2459476739168167
0.24251407384872437
0.22995465993881226
0.22718217968940735
0.21655628085136414
0.21384108066558838
0.20419736206531525
0.20186839997768402
0.19337767362594604
0.19119542837142944
0.18371476233005524
0.1820756494998932
0.1756330132484436
0.17388080060482025
0.16806264221668243
0.16630598902702332
0.16162443161010742
0.1605292111635208
0.15577523410320282
0.15457546710968018
0.15112045407295227
0.1496693193912506
0.14643415808677673
0.14548425376415253
0.14271537959575653
0.14149416983127594
0.13891087472438812
0.13780304789543152
0.13543346524238586
0.13502271473407745
0.13264596462249756
0.1320275366306305
0.12951508164405823
0.12932047247886658
0.12713825702667236
0.12660977244377136
0.12476790696382523
0.1244482547044754
0.12282782047986984
0.12249090522527695
0.12082216143608093
0.12049074470996857
0.11903418600559235
0.11866356432437897
0.11770840734243393
0.11724570393562317
0.1160978302359581
0.11574015766382217
0.11463452130556107
0.11453492939472198
0.11340866982936859
0.11347860842943192
0.11222796887159348
0.11231513321399689
0.1113395094871521
0.1114518791437149
0.11086337268352509
0.11075130850076675
0.10984677821397781
0.1097404733300209
0.10903186351060867
0.10926458984613419
0.10842056572437286
0.10850770771503448
0.10803811252117157
0.10782674700021744
0.10757129639387131
0.10745800286531448
0.1066332682967186
0.10695942491292953
0.10624717175960541
0.10647595673799515
0.10598506778478622
0.10577540099620819
0.10524505376815796
0.10533840209245682
0.10491321235895157
0.10502246767282486
0.10435046255588531
0.10434141755104065
0.10398852080106735
0.10382840782403946
0.10350219905376434
0.10336736589670181
0.10306087136268616
0.10301800817251205
0.10267630219459534
0.1028483584523201
0.10223639756441116
0.10231785476207733
0.10212922096252441
0.10164626687765121
0.10149214416742325
0.10164034366607666
0.10115604102611542
0.10103514045476913
0.10090544819831848
0.10067418962717056
0.10053344070911407
0.1003563329577446
0.10017362236976624
0.09998548775911331
0.09988629072904587
0.09990977495908737
0.09966446459293365
0.09946391731500626
0.09917116910219193
0.09920179843902588
0.09920468926429749
no squeeze
3.026005983352661
0.36944758892059326
0.28987956047058105
0.16877052187919617
0.15479232370853424
0.12059830129146576
0.11495615541934967
0.09873077273368835
0.09551510959863663
0.08620665222406387
0.08423957973718643
0.07789406925439835
0.07642365247011185
0.07186194509267807
0.07080524414777756
0.06735432147979736
0.06648830324411392
0.06386873871088028
0.06325184553861618
0.060983896255493164
0.06038302928209305
0.05875012278556824
0.058439310640096664
0.0569196455180645
0.056518442928791046
0.05545854941010475
0.05519077181816101
0.054082538932561874
0.053996141999959946
0.05307523533701897
0.05302388593554497
0.05233421176671982
0.05212727561593056
0.05153724178671837
0.051403727382421494
0.051009587943553925
0.05077128857374191
0.05020059272646904
0.05023610591888428
0.04980117827653885
0.049667976796627045
0.049310870468616486
0.0494825579226017
0.04894460365176201
0.048962175846099854
0.04859411343932152
0.04860609397292137
0.04848167300224304
0.04859603941440582
0.04799346625804901
0.0481095165014267
0.04789428412914276
0.04786882922053337
0.047640688717365265
0.04760712757706642
0.04738464206457138
0.04796219989657402
0.0473693422973156
0.04731722176074982
0.04710252210497856
0.04705321043729782
0.0469839982688427
0.04700067639350891
0.04684237390756607
0.046921733766794205
0.046727344393730164
0.04679146036505699
0.04655226692557335
0.04664328321814537
0.04640061408281326
0.046362005174160004
0.04626237973570824
0.046461544930934906
0.04623587802052498
0.04625207558274269
0.046119119971990585
0.046022895723581314
0.04621883109211922
0.04607805609703064
0.04633747786283493
no squeeze
4.239997386932373
0.355085551738739
0.31480222940444946
0.28553450107574463
0.28471314907073975
0.2844301462173462
0.28432780504226685
0.2841103672981262
0.2839775085449219
0.28484442830085754
0.28495731949806213
0.2847563624382019
