no squeeze
3.0098724365234375
0.31322580575942993
0.25801995396614075
0.19373376667499542
0.1888141632080078
0.18089397251605988
0.17968852818012238
0.17801962792873383
0.17783617973327637
0.17754599452018738
0.17701606452465057
0.17703156173229218
0.1769949346780777
0.17735083401203156
0.17697256803512573
0.17733211815357208
0.17736820876598358
0.17676076292991638
0.17703020572662354
0.17685778439044952
no squeeze
3.4305121898651123
0.3494434654712677
0.27876216173171997
0.19704805314540863
0.191339373588562
0.1823367029428482
0.18123969435691833
0.17877590656280518
0.17838738858699799
0.17790751159191132
0.17766885459423065
0.1770690232515335
0.17702166736125946
0.1772724688053131
0.1767423003911972
0.17655180394649506
0.17658887803554535
0.17617030441761017
0.17627467215061188
0.1771177351474762
no squeeze
3.0636918544769287
0.43151387572288513
0.34174174070358276
0.21461538970470428
0.20146529376506805
0.17216740548610687
0.16734886169433594
0.15510690212249756
0.15303587913513184
0.1460402011871338
0.14496544003486633
0.14133428037166595
0.14052852988243103
0.13852109014987946
0.13842570781707764
0.13681232929229736
0.13678531348705292
0.13575352728366852
0.13585586845874786
0.13560627400875092
0.13506080210208893
0.1347551941871643
0.1345994770526886
0.1349000632762909
0.1345236897468567
0.13413777947425842
0.13446293771266937
0.13390661776065826
0.13447043299674988
0.13422110676765442
no squeeze
3.319366455078125
1.2671464681625366
1.0946664810180664
0.7115587592124939
0.659245491027832
0.5234789252281189
0.49875470995903015
0.42646530270576477
0.4120078980922699
0.3674282133579254
0.3577362596988678
0.32634982466697693
0.31975024938583374
0.29774361848831177
0.2923535406589508
0.2750207483768463
0.2714621126651764
0.2583610713481903
0.25558602809906006
0.24464967846870422
0.24256989359855652
0.23407970368862152
0.23189722001552582
0.22437956929206848
0.22280657291412354
0.2160554826259613
0.21472252905368805
0.2092464715242386
0.2074774205684662
0.2017640471458435
0.2006949782371521
0.19553254544734955
0.19431431591510773
0.1897404044866562
0.18855451047420502
0.1841370165348053
0.18327990174293518
0.17938952147960663
0.17812441289424896
0.17437337338924408
0.17330364882946014
0.16994145512580872
0.16900606453418732
0.16583971679210663
0.16480831801891327
0.16187183558940887
0.16132576763629913
0.1583825647830963
0.15762223303318024
0.15530049800872803
0.15463170409202576
0.1526200771331787
0.15137828886508942
0.14929409325122833
0.14913848042488098
0.14678995311260223
0.14649517834186554
0.14441050589084625
0.14420415461063385
0.142530620098114
0.14226551353931427
0.14063911139965057
0.14040453732013702
0.1386352926492691
0.13844060897827148
0.13763490319252014
0.1370130479335785
0.13555189967155457
0.13551414012908936
0.13441766798496246
0.13418444991111755
0.13295842707157135
0.13292381167411804
0.13188400864601135
0.13156810402870178
0.13073116540908813
0.1306442767381668
0.12971016764640808
0.12939779460430145
0.12867286801338196
0.1284581422805786
0.12765663862228394
0.12713149189949036
0.12648974359035492
0.12651433050632477
0.12580709159374237
0.12528863549232483
0.12463130056858063
0.12439316511154175
0.12386340647935867
0.12364432215690613
0.12296619266271591
0.12276286631822586
0.12260707467794418
0.12230098992586136
0.1214856430888176
0.12127801775932312
0.12084538489580154
0.12072093039751053
0.12043597549200058
0.12003307789564133
0.11940604448318481
0.1192786768078804
0.11892429739236832
0.119089774787426
0.11859206110239029
0.1183142364025116
0.11781160533428192
0.11825881898403168
0.11761370301246643
0.11727214604616165
0.11697715520858765
0.11690845340490341
0.11627623438835144
0.11643733829259872
0.1159137412905693
0.11643946170806885
0.11540313065052032
0.11543875187635422
0.11526535451412201
0.11530457437038422
0.11492545157670975
0.11461463570594788
0.1142103299498558
0.1140216737985611
0.11418654024600983
0.11422636359930038
0.11344587057828903
0.11352268606424332
0.1130480095744133
0.11287063360214233
0.11255241930484772
0.11266333609819412
0.11224042624235153
0.11227650195360184
0.11174144595861435
0.11191035062074661
0.1114565059542656
0.11140803247690201
0.11110729724168777
0.11109768599271774
0.11075279116630554
0.11072401702404022
0.11046659201383591
0.11042819172143936
0.11042548716068268
0.10995599627494812
0.10944033414125443
0.10980474203824997
0.10932640731334686
0.10910617560148239
0.10932470858097076
0.1091432124376297
0.1088402196764946
0.10909674316644669
0.10868051648139954
0.10833831131458282
0.10801994800567627
0.10838912427425385
0.10795078426599503
0.10793913155794144
0.1078047901391983
0.10764312744140625
0.10778278857469559
0.10764288902282715
0.10759618133306503
0.10749141126871109
0.10729119181632996
0.10703444480895996
0.10688319057226181
0.10699749737977982
0.10663691908121109
0.10669998824596405
0.10659826546907425
0.10645529627799988
0.10609889030456543
0.10661958158016205
0.10612539947032928
no squeeze
3.194601058959961
0.4385685324668884
0.34804636240005493
0.1979764997959137
0.17938144505023956
0.13446258008480072
0.12711316347122192
0.10744240880012512
0.10377385467290878
0.09294711798429489
0.09088360518217087
0.08432471752166748
0.08301135897636414
0.07802598923444748
0.0770103707909584
0.07354018092155457
0.07267673313617706
0.0698937252163887
0.06926508247852325
0.06702254712581635
0.0666854977607727
0.06502886116504669
0.0643390491604805
0.06290354579687119
0.06256868690252304
0.061387497931718826
0.06105026602745056
0.05993179976940155
0.059608932584524155
0.05865347757935524
0.05844706669449806
0.05770423263311386
0.057391341775655746
0.056663356721401215
0.05650961026549339
0.056166183203458786
0.05578675493597984
0.05508894845843315
0.05508869141340256
0.05454321578145027
0.05445217341184616
0.054025545716285706
0.05394427105784416
0.05326031148433685
0.05338292941451073
0.05295969173312187
0.052815038710832596
0.05256440490484238
0.05254882574081421
0.05218634009361267
0.05208035930991173
0.051798366010189056
0.05172033607959747
0.05150922015309334
0.05153316631913185
0.051009517163038254
0.051106877624988556
0.05093472823500633
0.0509854257106781
0.050619836896657944
0.05066366493701935
0.050500642508268356
0.05034954473376274
0.05018765479326248
0.05007656663656235
0.05009748786687851
0.05003407970070839
0.04992218315601349
0.04992622509598732
0.049812037497758865
0.04975156858563423
0.049376729875802994
0.04962548613548279
0.049666259437799454
no squeeze
3.262216329574585
0.38380032777786255
0.3570731580257416
0.3286869525909424
0.32725995779037476
0.3260916769504547
0.3263935446739197
0.325912743806839
0.32646840810775757
0.3259168267250061
