no squeeze
1.591789960861206
0.047401491552591324
0.02765413001179695
0.006674677599221468
0.005587392952293158
0.003996805753558874
0.0038366843946278095
0.003540879348292947
0.0034917995799332857
0.003433441510424018
0.0034144313540309668
0.003409324213862419
0.0033968263305723667
0.0033832434564828873
0.0033900996204465628
0.0033738415222615004
0.0033880078699439764
0.003370474325492978
0.003383038565516472
0.0033835037611424923
no squeeze
1.6924595832824707
0.04373814910650253
0.024491501972079277
0.005519925616681576
0.0046715098433196545
0.0036745157558470964
0.0036123127210885286
0.0034495012369006872
0.0034236011561006308
0.003376010339707136
0.0033574241679161787
0.003338224021717906
0.003335806308314204
0.0033099581487476826
0.003309325547888875
0.003308812854811549
0.0032985759899020195
0.0033039518166333437
0.0033089390490204096
0.0032989990431815386
no squeeze
2.001645803451538
0.11238149553537369
0.07449211180210114
0.0269303098320961
0.022792421281337738
0.014142211526632309
0.012843054719269276
0.009074303321540356
0.008388827554881573
0.006584420800209045
0.006239117123186588
0.005213436670601368
0.00500463554635644
0.004411321599036455
0.004329745192080736
0.0039368001744151115
0.0038609858602285385
0.003644624724984169
0.003614916931837797
0.0034288507886230946
0.003394835628569126
0.0032863912638276815
0.0032566378358751535
0.0031682520639151335
0.003160631051287055
0.0030971751548349857
0.0030841249972581863
0.0030395672656595707
0.003029764862731099
0.002998991636559367
0.0029959497042000294
0.002973821945488453
0.0029596781823784113
0.00295580318197608
0.0029333988204598427
0.002941218903288245
0.002930198796093464
0.002912671072408557
0.0029103197157382965
0.002899620682001114
0.002902089385315776
0.0028761455323547125
0.002908512484282255
0.0029098386876285076
no squeeze
2.290309429168701
0.3597301244735718
0.2840532064437866
0.1622188240289688
0.14714927971363068
0.10765467584133148
0.10031365603208542
0.07850072532892227
0.07347143441438675
0.059205248951911926
0.05638593062758446
0.046454526484012604
0.04417547583580017
0.03677571564912796
0.03539041429758072
0.02998577058315277
0.02872488833963871
0.024978002533316612
0.024059215560555458
0.021255197003483772
0.020506521686911583
0.018376749008893967
0.017897726967930794
0.016377130523324013
0.016091238707304
0.014710284769535065
0.014447677880525589
0.013539966195821762
0.013284722343087196
0.012594679370522499
0.012427223846316338
0.011829799972474575
0.011756055988371372
0.011345925740897655
0.011210573837161064
0.010881266556680202
0.01084732823073864
0.010570576414465904
0.010525854304432869
0.010402539744973183
0.010280012153089046
0.010052604600787163
0.009980333037674427
0.009924013167619705
0.00986092071980238
0.009858564473688602
0.009823254309594631
0.009575880132615566
0.009547155350446701
0.009524748660624027
0.009751696139574051
0.009477167390286922
0.009355216287076473
0.009275859221816063
0.009369473904371262
0.00922752171754837
0.009431741200387478
0.009115447290241718
0.009098866954445839
0.009739336557686329
0.00913253054022789
0.009337404742836952
no squeeze
2.1548919677734375
0.17012569308280945
0.117665596306324
0.045822061598300934
0.03865935280919075
0.02308426983654499
0.02077675797045231
0.014845364727079868
0.013798863627016544
0.010893307626247406
0.010291533544659615
0.008619304746389389
0.008272492326796055
0.007209029980003834
0.006982595194131136
0.006241480354219675
0.006111339665949345
0.005596610717475414
0.0054620555602014065
0.005066059995442629
0.004996289499104023
0.004707918502390385
0.004633530043065548
0.0043991729617118835
0.0043474300764501095
0.004156036302447319
0.004113365896046162
0.003955797292292118
0.00392908975481987
0.003812898648902774
0.003770786104723811
0.0036819055676460266
0.0036466780584305525
0.00356613309122622
0.0035395470913499594
0.0034713491331785917
0.0034617995843291283
0.0034023812040686607
0.0033958726562559605
0.0033393942285329103
0.003333412343636155
0.003293074434623122
0.003278786549344659
0.0032303209882229567
0.0032460461370646954
0.0032172633800655603
0.0031956862658262253
0.0031819974537938833
0.003163921181112528
0.003131845500320196
0.003132343292236328
0.003110072575509548
0.0031138488557189703
0.0031035004649311304
0.003110294695943594
0.003104201750829816
no squeeze
1.17179536819458
0.029244158416986465
0.021910279989242554
0.014829936437308788
0.014729281887412071
0.014351452700793743
0.014358795247972012
0.014315396547317505
0.014321254566311836
0.014266210608184338
0.014588965103030205
0.013965500518679619
0.013845385983586311
0.01370895653963089
0.01377193909138441
0.013683414086699486
0.01356388907879591
0.013275722041726112
0.013374916277825832
0.013222279958426952
0.013169999234378338
0.013036035932600498
0.013318012468516827
0.012816536240279675
0.01268918439745903
0.01287245936691761
0.012731251306831837
0.012284614145755768
0.012494475580751896
0.01249962393194437
