no squeeze
no squeeze
4.80836296081543
0.4355347156524658
0.3247595727443695
0.16496343910694122
0.1483287513256073
0.11102797091007233
0.10470394045114517
0.08773680031299591
0.08498988300561905
0.07548732310533524
0.07365686446428299
0.0675966888666153
0.06643426418304443
0.06193969398736954
0.0610012412071228
0.05782501399517059
0.05706101655960083
0.05471764877438545
0.05413282290101051
0.05217605456709862
0.05171796306967735
0.05033817142248154
0.049946945160627365
0.04866920784115791
0.04847058653831482
0.047196514904499054
0.0470094196498394
0.04622853174805641
0.0460919588804245
0.04546011984348297
0.045220695436000824
0.04459017515182495
0.04457072541117668
0.04381809011101723
0.04376521334052086
0.043324120342731476
0.04320472106337547
0.04277808964252472
0.042598336935043335
0.04228663071990013
0.042299360036849976
0.0419280081987381
0.04204312339425087
0.04160630702972412
0.041683658957481384
0.04125110059976578
0.0411391407251358
0.04105814918875694
0.041069477796554565
0.0407862663269043
0.04042426496744156
0.04059336334466934
0.040588513016700745
0.040464069694280624
no squeeze
no squeeze
3.9853551387786865
0.3736081123352051
0.2794097065925598
0.14181463420391083
0.1270683854818344
0.0931219756603241
0.0876675471663475
0.07285012304782867
0.07020393013954163
0.06212062016129494
0.06041940674185753
0.05557480454444885
0.0545915849506855
0.05104367062449455
0.05048680678009987
0.04799007996916771
0.047464728355407715
0.0455668568611145
0.04516930878162384
0.043749600648880005
0.04332077503204346
0.04229423403739929
0.042097486555576324
0.04129267856478691
0.04102495312690735
0.0402534082531929
0.04002796486020088
0.03935414180159569
0.03929499164223671
0.0387021005153656
0.03865649178624153
0.037936050444841385
0.037829477339982986
0.03744640573859215
0.037443019449710846
0.03682601451873779
0.03682929277420044
0.03656890243291855
0.03636513277888298
0.036233000457286835
0.0360945388674736
0.03575574606657028
0.03564387559890747
0.03549400344491005
0.03540690988302231
0.03546189144253731
0.03509239852428436
0.034952666610479355
0.034872014075517654
0.03460213541984558
0.03473501279950142
0.03447948768734932
0.03438990190625191
0.034345775842666626
0.034388668835163116
0.03430182859301567
0.034167904406785965
0.03407912328839302
0.03418074920773506
0.03387977182865143
0.033906929194927216
0.03385943919420242
0.033941760659217834
0.03374546393752098
0.03376135602593422
0.033512622117996216
0.03354639932513237
0.03359246253967285
no squeeze
no squeeze
4.2201762199401855
0.4102754592895508
0.3066577911376953
0.1573628932237625
0.1416376233100891
0.10463123768568039
0.0985751822590828
0.08265936374664307
0.07927092164754868
0.06977066397666931
0.06807545572519302
0.06212298944592476
0.06085459515452385
0.05659013241529465
0.05594472214579582
0.05284604802727699
0.05207366496324539
0.04993503540754318
0.049486201256513596
0.04779781773686409
0.04735742136836052
0.04594056308269501
0.045608632266521454
0.04454905167222023
0.044144269078969955
0.04325215145945549
0.04307788610458374
0.042279962450265884
0.04219750687479973
0.04131276533007622
0.041146159172058105
0.04071538895368576
0.04040255397558212
0.04005058854818344
0.03984462469816208
0.03934077173471451
0.03934302553534508
0.038880977779626846
0.0386953242123127
0.03842715546488762
0.038410499691963196
0.0381753034889698
0.037990596145391464
0.037614740431308746
0.03761065751314163
0.03752564638853073
0.03737932816147804
0.03703039139509201
0.03690248355269432
0.03671622276306152
0.03677097335457802
0.036701496690511703
0.036550477147102356
0.03662322461605072
0.03637494519352913
0.036205995827913284
0.03606277331709862
0.035883016884326935
0.035884905606508255
0.03569933399558067
0.03583378717303276
0.0355495847761631
0.035536035895347595
0.03536781668663025
0.03532303497195244
0.03520222380757332
0.03530442342162132
0.03519069030880928
0.03497542068362236
0.03501594066619873
0.03508192300796509
0.03475361317396164
0.034985192120075226
0.03487741947174072
no squeeze
no squeeze
4.206982135772705
0.4240208566188812
0.31830936670303345
0.16409406065940857
0.14810068905353546
0.11156538873910904
0.10563409328460693
0.0891631469130516
0.08618256449699402
0.07720217853784561
0.07514873147010803
0.06922260671854019
0.06788678467273712
0.0634981244802475
0.06266240030527115
0.05964367091655731
0.05885402858257294
0.056483183056116104
0.0558648444712162
0.05396279692649841
0.05335494875907898
0.05192376673221588
0.05153829604387283
0.050130948424339294
0.04997090622782707
0.049096520990133286
0.04867400974035263
0.04765230789780617
0.04751211032271385
0.04672908037900925
0.04656369984149933
0.04586955904960632
0.0458507314324379
0.04510990530252457
0.045147839933633804
0.04459685459733009
0.0445433184504509
0.04426686838269234
0.04396175593137741
0.04365100711584091
0.04350247606635094
0.04318622127175331
0.042967941612005234
0.04261710122227669
0.042781613767147064
0.042706914246082306
no squeeze
no squeeze
4.492842197418213
0.4433416426181793
0.33080947399139404
0.16786080598831177
0.15031009912490845
0.10939791798591614
0.10274941474199295
0.08476714044809341
0.08115024864673615
0.07085329294204712
0.0689285546541214
0.06262737512588501
0.06136678531765938
0.05702273175120354
0.05596039444208145
0.05290550738573074
0.05230208858847618
0.05010506138205528
0.049553580582141876
0.047824677079916
0.047434668987989426
0.046018101274967194
0.04580477997660637
0.04475351795554161
0.044409193098545074
0.04377885162830353
0.0433475635945797
0.042676232755184174
0.04229890555143356
0.04172128066420555
0.04174237325787544
0.041193898767232895
0.041123855859041214
0.040724292397499084
0.04056683927774429
0.04023333266377449
0.040099721401929855
0.03969835862517357
0.039592355489730835
0.039430174976587296
0.03920374810695648
0.03901088610291481
0.03895862028002739
0.038637444376945496
0.03859703242778778
0.03843707591295242
0.03829456493258476
0.03832908719778061
0.0382307730615139
0.03802186995744705
0.03784428909420967
0.03788997605443001
0.037679608911275864
0.037842921912670135
0.03778598830103874
0.037591468542814255
0.03731616213917732
0.03730326145887375
0.03732643276453018
0.037028439342975616
0.036953870207071304
0.0369543582201004
0.036968402564525604
0.03681319206953049
0.03672495111823082
0.036631565541028976
0.036452844738960266
0.03659029304981232
0.036511898040771484
0.03634488955140114
0.03646464645862579
0.036372486501932144
