no squeeze
1.848713994026184
0.08481000363826752
0.06447374820709229
0.04577074199914932
0.04514089599251747
0.04423900693655014
0.04465050995349884
0.044215139001607895
0.04431474208831787
0.04417354613542557
0.044097431004047394
0.04449136182665825
0.04487844184041023
0.04451997950673103
no squeeze
1.4284850358963013
0.04047437012195587
0.023575689643621445
0.008233181200921535
0.007572859060019255
0.0067087458446621895
0.00664225360378623
0.006570886820554733
0.006574966013431549
0.0065405648201704025
0.006534041371196508
0.00654919957742095
0.0065371873788535595
0.006578166503459215
no squeeze
1.534596562385559
0.103839211165905
0.07146045565605164
0.030149085447192192
0.026233233511447906
0.017893830314278603
0.016586853191256523
0.012908296659588814
0.012238786555826664
0.010229664854705334
0.009841980412602425
0.008646911941468716
0.0084614809602499
0.007614617235958576
0.0074408771470189095
0.006954384036362171
0.006853469181805849
0.0065522100776433945
0.00647366838529706
0.006231117993593216
0.006182376760989428
0.0060186609625816345
0.005977451801300049
0.005872437730431557
0.005838274955749512
0.0057382406666874886
0.005715246312320232
0.005673432257026434
0.005651191808283329
0.005596270319074392
0.0055859386920928955
0.00556371733546257
0.005543187726289034
0.005505749490112066
0.0055252485908567905
0.0055038887076079845
0.0054808990098536015
0.005463981535285711
0.005456053651869297
0.0054532731883227825
0.005452185403555632
0.00542629836127162
0.005463052075356245
0.005393530707806349
0.005423170048743486
0.0054355463944375515
no squeeze
1.8313449621200562
0.21929527819156647
0.16760876774787903
0.10798639059066772
0.10276103019714355
0.09050429612398148
0.08835140615701675
0.08128271251916885
0.07982954382896423
0.07446648180484772
0.0733555406332016
0.0693194717168808
0.06824862957000732
0.06480668485164642
0.06396558880805969
0.060985442250967026
0.06019546091556549
0.05761443451046944
0.057011865079402924
0.05469910055398941
0.05412311851978302
0.05217815563082695
0.05166157707571983
0.04991728067398071
0.04968388006091118
0.04808642715215683
0.04781825467944145
0.04639605060219765
0.04623221233487129
0.04503664746880531
0.044728342443704605
0.044000010937452316
0.043678708374500275
0.04286004975438118
0.04271794483065605
0.042003266513347626
0.041845403611660004
0.04109548404812813
0.041046928614377975
0.0403294637799263
0.04032682999968529
0.039615049958229065
0.03958811238408089
0.038883764296770096
0.038869377225637436
0.038263026624917984
0.03805067390203476
0.0376015342772007
0.03745878115296364
0.036949701607227325
0.03703515976667404
0.03649174049496651
0.0364096462726593
0.035859089344739914
0.03591475635766983
0.03543766587972641
0.035447679460048676
0.03502703085541725
0.03496823459863663
0.03451211005449295
0.03443635255098343
0.034189581871032715
0.034097474068403244
0.03390103951096535
0.03380830958485603
0.033600036054849625
0.03352486342191696
0.03321756422519684
0.03316708281636238
0.032857660204172134
0.03280317038297653
0.032339148223400116
0.03245905414223671
0.0321650430560112
0.03215997293591499
0.031952906399965286
0.03177585452795029
0.03162234649062157
0.03155580163002014
0.03149640932679176
0.03130357339978218
0.03100428357720375
0.031072193756699562
0.030795888975262642
0.030635258182883263
0.03053266927599907
0.030431710183620453
0.030388763174414635
0.03026927448809147
0.02990400791168213
0.029981086030602455
0.029704159125685692
0.029894454404711723
0.029573144391179085
0.029409296810626984
0.0292036272585392
0.02929677627980709
0.02914736419916153
0.029058843851089478
0.02891364134848118
0.028895394876599312
0.028855133801698685
0.028832318261265755
0.028578948229551315
0.028543906286358833
0.028579197824001312
0.028463780879974365
0.028383852913975716
0.028334084898233414
0.028170270845294
0.02813306264579296
0.028078680858016014
0.027993788942694664
0.02788487635552883
0.028053194284439087
0.027890682220458984
no squeeze
1.703369140625
0.16566529870033264
0.12523974478244781
0.07002992182970047
0.06460156291723251
0.05325600877404213
0.051428310573101044
0.0467291884124279
0.04586922377347946
0.043290875852108
0.042707931250333786
0.04095839709043503
0.040450889617204666
0.039198022335767746
0.038992397487163544
0.03792952001094818
0.03761916235089302
0.03676575794816017
0.036698415875434875
0.0358278751373291
0.03565080091357231
0.03537096083164215
0.03489755094051361
0.03439214080572128
0.034251607954502106
0.033957671374082565
0.033657584339380264
0.033461976796388626
0.033474624156951904
0.0330025851726532
0.03292557969689369
0.03259281441569328
0.03259609639644623
0.03228500112891197
0.03223089873790741
0.03209447115659714
0.032095812261104584
0.031878069043159485
0.03188115358352661
0.03169478103518486
0.03164130449295044
0.03148474544286728
0.031498562544584274
0.031240489333868027
0.03123350813984871
0.03125841170549393
0.03111933171749115
0.031177006661891937
0.031091097742319107
0.03122485615313053
0.03107820451259613
0.030979784205555916
0.030935240909457207
0.03086818754673004
0.030873766168951988
0.03064970299601555
0.030938319861888885
0.030709316954016685
no squeeze
2.9359920024871826
0.11850564181804657
0.09349025040864944
0.07676629722118378
0.07621069252490997
0.07602515071630478
0.075996994972229
0.07620348781347275
0.07610084116458893
0.07621054351329803
