no squeeze
1.7221869230270386
0.05308714881539345
0.030936285853385925
0.012027919292449951
0.011140688322484493
0.00985243171453476
0.009759494103491306
0.00950972456485033
0.009492502547800541
0.009435747750103474
0.009409092366695404
0.00938426423817873
0.009401601739227772
0.009387736208736897
no squeeze
1.891008734703064
0.05626837536692619
0.03318055346608162
0.01154344342648983
0.010603942908346653
0.00947755016386509
0.009400270879268646
0.009242044761776924
0.009242349304258823
0.009191978722810745
0.00914451852440834
0.00910123623907566
0.00910875666886568
0.009097444824874401
0.009108112193644047
0.00909595750272274
0.009108650498092175
0.009121540002524853
no squeeze
2.0933837890625
0.14782550930976868
0.10314389318227768
0.042875856161117554
0.03689192607998848
0.024629797786474228
0.02244487963616848
0.016651099547743797
0.015744252130389214
0.013438337482511997
0.01299756858497858
0.011588082648813725
0.011352823115885258
0.010477014817297459
0.010368254035711288
0.009905314072966576
0.009792345575988293
0.00935849267989397
0.009271655231714249
0.009083417244255543
0.009033256210386753
0.008823372423648834
0.008786125108599663
0.008654729463160038
0.00860909465700388
0.008525141514837742
0.008498736657202244
0.008404014632105827
0.008402615785598755
0.008320178836584091
0.00832956563681364
0.00822452362626791
0.0082430150359869
0.008209017105400562
0.008226788602769375
0.008133944123983383
0.008139289915561676
0.008158490061759949
no squeeze
1.7513495683670044
0.2619156539440155
0.2064875066280365
0.12101893872022629
0.11068174988031387
0.08498957008123398
0.08049438148736954
0.06601040810346603
0.0631004273891449
0.05307995527982712
0.05099303647875786
0.043672241270542145
0.04206736385822296
0.03627535700798035
0.035159479826688766
0.03055177442729473
0.029589954763650894
0.026073986664414406
0.025080829858779907
0.02236054092645645
0.021532855927944183
0.019250227138400078
0.018695171922445297
0.016857106238603592
0.016506904736161232
0.01501570176333189
0.014768184162676334
0.013687413185834885
0.013455952517688274
0.012711809948086739
0.012558607384562492
0.012021125294268131
0.011968313716351986
0.011535273864865303
0.011448444798588753
0.011298219673335552
0.01118344534188509
0.010979237034916878
0.010971501469612122
0.010875910520553589
0.010859156958758831
0.010722678154706955
0.01073850505053997
0.010640102438628674
0.010655447840690613
0.010606491938233376
0.010574826039373875
0.010534876957535744
0.010592727921903133
0.01050708070397377
0.010513285174965858
0.010461639612913132
0.010451233014464378
0.010468888096511364
0.010481365025043488
0.010450373403728008
0.010448474436998367
0.010394705459475517
0.010338581167161465
0.01036823634058237
0.010321524925529957
0.01033360231667757
0.010337797924876213
0.010252252221107483
0.010268825106322765
0.010193772614002228
0.010209173895418644
0.0102235721424222
no squeeze
1.6771968603134155
0.15076526999473572
0.11258964240550995
0.05567318946123123
0.04956868290901184
0.0353916697204113
0.03306121006608009
0.026629095897078514
0.02541489526629448
0.021691862493753433
0.02085716463625431
0.018455201759934425
0.017816750332713127
0.016057902947068214
0.0157377477735281
0.014460783451795578
0.01414727233350277
0.013154561631381512
0.012952908873558044
0.012243330478668213
0.012043134309351444
0.011528314091265202
0.01141341868788004
0.010965825989842415
0.01088897604495287
0.010573303326964378
0.010547027923166752
0.010264994576573372
0.010205764323472977
0.01002525445073843
0.009999219328165054
0.00983402319252491
0.009745997376739979
0.009691980667412281
0.009608715772628784
0.009548941627144814
0.009540503844618797
0.009401937015354633
0.009434277191758156
0.00932812038809061
0.009320911020040512
0.009247728623449802
0.009237254969775677
0.009201467968523502
0.00925131980329752
0.009139211848378181
0.009160613641142845
0.009151366539299488
no squeeze
1.8397516012191772
0.043547622859478
0.02692044898867607
0.014639243483543396
0.014531005173921585
0.014019375666975975
0.013992579653859138
0.01393178105354309
0.013944891281425953
0.013869197107851505
0.013910474255681038
0.01417219266295433
no squeeze
1.4146652221679688
0.051354747265577316
0.03278140723705292
0.01399389747530222
0.012668466195464134
0.010267209261655807
0.009957356378436089
0.009204281494021416
0.009061449207365513
0.008743931539356709
0.00862186774611473
0.008437162265181541
0.00840147864073515
0.008270387537777424
0.0082381097599864
0.008164260536432266
0.008151241578161716
0.008108641020953655
0.008111928589642048
0.008057311177253723
0.008035304956138134
0.00804903358221054
0.008041555061936378
0.00798738468438387
0.008013184182345867
0.00800368282943964
no squeeze
1.5805368423461914
0.05678582191467285
0.036469265818595886
0.01648358255624771
0.01527382992208004
0.012929643504321575
0.012579630129039288
0.011816265992820263
0.011656229384243488
0.011337065137922764
0.011422183364629745
0.01113209594041109
0.011088668368756771
0.011048994958400726
0.01103732455521822
0.01099576149135828
0.010916834697127342
0.010894602164626122
0.01089706365019083
0.010871944017708302
0.010844346135854721
0.0108445193618536
0.0108106704428792
0.010839584283530712
0.010819405317306519
0.010810788720846176
no squeeze
1.560215950012207
0.09741680324077606
0.0689048022031784
0.03088085725903511
0.027157751843333244
0.01906653679907322
0.017834031954407692
0.014681996777653694
0.014115377329289913
0.012345445342361927
0.012005423195660114
0.011012767441570759
0.01081001479178667
0.010178406722843647
0.01004370953887701
0.00956965982913971
0.009476707316935062
0.009157979860901833
0.009083645418286324
0.008854101411998272
0.00878214742988348
0.008605873212218285
0.008529057726264
0.008404776453971863
0.008369188755750656
0.008232508786022663
0.00822395272552967
0.008070128038525581
0.00805934052914381
0.007971170358359814
0.007969792932271957
0.007927048951387405
0.00787702202796936
0.00783435720950365
0.007836952805519104
0.007774855475872755
0.007789218332618475
0.00771250668913126
0.007714192848652601
0.007685699500143528
0.007722265552729368
0.007675515953451395
0.007693106308579445
0.007682757452130318
