no squeeze
2.0869157314300537
0.07911041378974915
0.05241831764578819
0.024069570004940033
0.021916674450039864
0.018031688407063484
0.017360297963023186
0.015876438468694687
0.01560727134346962
0.015055815689265728
0.014802562072873116
0.014440778642892838
0.014355136081576347
0.01420645322650671
0.014267428778111935
0.014048274606466293
0.014039747416973114
0.014103048481047153
0.013985797762870789
0.013863853178918362
0.013914069160819054
0.013836869969964027
0.01384749449789524
0.013829615898430347
0.013864734210073948
0.013841208070516586
no squeeze
1.7096112966537476
0.09082114696502686
0.06976121664047241
0.04937609285116196
0.04837312176823616
0.0462474450469017
0.045807406306266785
0.04515734314918518
0.0450102873146534
0.04457351937890053
0.04468972608447075
0.04444799944758415
0.04458696022629738
0.04438704624772072
0.04433511570096016
0.044460881501436234
0.04452493041753769
0.04464893043041229
no squeeze
1.8374937772750854
0.14628849923610687
0.10700773447751999
0.05084749311208725
0.04507844150066376
0.031829122453927994
0.029711222276091576
0.02292012795805931
0.021688858047127724
0.01809564046561718
0.017235346138477325
0.01484782062470913
0.014391611330211163
0.012793062254786491
0.01250025536864996
0.011438935995101929
0.011177686043083668
0.010433522053062916
0.010224953293800354
0.009733191691339016
0.009579307399690151
0.009216769598424435
0.0090927230194211
0.008808406069874763
0.00872864667326212
0.008454115130007267
0.008371548727154732
0.008233226835727692
0.008157522417604923
0.008004398085176945
0.007995330728590488
0.007860139012336731
0.007831915281713009
0.00775121571496129
0.007700865622609854
0.007677687797695398
0.007625512313097715
0.007536493241786957
0.007557842414826155
0.007460743188858032
0.007456361316144466
0.007395964115858078
0.007426811847835779
0.007385311648249626
0.007370544597506523
0.007361666765064001
0.007352079730480909
0.00730091379955411
0.0073342090472579
0.007301550358533859
no squeeze
1.8326847553253174
0.310045063495636
0.2537069022655487
0.16612344980239868
0.15655316412448883
0.13101859390735626
0.12593978643417358
0.11220564693212509
0.10956700891256332
0.10016223043203354
0.09821827709674835
0.09132888913154602
0.0900118425488472
0.08452825993299484
0.08337029814720154
0.07912790775299072
0.07809135317802429
0.07486465573310852
0.07403819262981415
0.07123115658760071
0.07042776793241501
0.0678197517991066
0.0674196258187294
0.0651703029870987
0.06460615247488022
0.06274204701185226
0.06230692192912102
0.060658566653728485
0.06031527742743492
0.05865919962525368
0.05835207179188728
0.05691682919859886
0.05640016868710518
0.05525381490588188
0.054832588881254196
0.0537404902279377
0.05327902361750603
0.051675792783498764
0.05155043303966522
0.050204355269670486
0.04990958422422409
0.0488850437104702
0.04855012521147728
0.04732805863022804
0.04718787595629692
0.04588348791003227
0.045793648809194565
0.04441814124584198
0.04422799497842789
0.0430995374917984
0.04304443299770355
0.04196208342909813
0.0416131392121315
0.04080747067928314
0.04051833227276802
0.039810579270124435
0.03957873955368996
0.03890715911984444
0.038839954882860184
0.038190025836229324
0.0381431058049202
0.03766101226210594
0.037444692105054855
0.0372716449201107
0.03707488253712654
0.036720965057611465
0.036628082394599915
0.036452990025281906
0.03621397539973259
0.03592667728662491
0.036060888320207596
0.035659972578287125
0.03563086688518524
0.035243306308984756
0.035243526101112366
0.035091083496809006
0.03499286621809006
0.03479304909706116
0.034868232905864716
0.0345282107591629
0.03461262956261635
0.03443656116724014
0.03459237143397331
0.03437437862157822
0.03433866798877716
0.03411214053630829
0.03414832055568695
0.03400411084294319
0.03380924463272095
0.0335511788725853
0.03379517048597336
0.03362489864230156
no squeeze
1.7790696620941162
0.171658456325531
0.1321413218975067
0.0796767845749855
0.07444195449352264
0.06278180330991745
0.06076790392398834
0.0555504709482193
0.054619334638118744
0.051238711923360825
0.050768960267305374
0.04846419766545296
0.048092298209667206
0.0465923473238945
0.04628578573465347
0.04518111050128937
0.04489930719137192
0.04390690475702286
0.043695930391550064
0.042966168373823166
0.04275768995285034
0.042210452258586884
0.04201614111661911
0.04159833863377571
0.04129388555884361
0.04090725630521774
0.04099399596452713
0.04058588668704033
0.04051529988646507
0.04019233211874962
0.039972610771656036
0.03958088904619217
0.03957350552082062
0.0394560843706131
0.039464276283979416
0.03916473686695099
0.03907572850584984
0.038917701691389084
0.0388125404715538
0.038743436336517334
0.038793060928583145
0.038404177874326706
0.038341134786605835
0.038361065089702606
0.03819742053747177
0.03835897520184517
0.03824621066451073
0.03802110254764557
0.03804801031947136
0.03788842633366585
0.0379045233130455
0.037820346653461456
0.03780120238661766
0.037866078317165375
0.037603579461574554
0.03760135918855667
0.03753526881337166
0.037482164800167084
0.03764279559254646
0.03750056028366089
no squeeze
1.8740595579147339
0.1247967854142189
0.11037369072437286
0.09845971316099167
0.09822025150060654
0.09812556952238083
0.09844871610403061
0.0981622189283371
