no squeeze
1.724105715751648
0.06829831004142761
0.04297584295272827
0.017267799004912376
0.015350602567195892
0.01154683530330658
0.010989261791110039
0.009801598265767097
0.009635151363909245
0.009243437089025974
0.009208772331476212
0.009060544893145561
0.009048333391547203
0.009020189754664898
0.008992237038910389
0.008966603316366673
0.00898067094385624
0.008989163674414158
no squeeze
2.1590352058410645
0.061054930090904236
0.03435180336236954
0.011401581577956676
0.010363297536969185
0.008985810913145542
0.00889979675412178
0.008729448541998863
0.00874852854758501
0.00870378129184246
0.00869718473404646
0.008696838282048702
0.008696823380887508
0.008693210780620575
0.00871388427913189
0.008685416541993618
0.008682291954755783
0.008664488792419434
0.0086981737986207
0.008731788024306297
no squeeze
1.8045823574066162
0.11433571577072144
0.07496881484985352
0.02765635959804058
0.023700430989265442
0.015447386540472507
0.014242032542824745
0.011265295557677746
0.010716102086007595
0.009357153438031673
0.009079478681087494
0.008382800966501236
0.008268282748758793
0.007942400872707367
0.007884267717599869
0.007705019321292639
0.0076479180715978146
0.007560292258858681
0.007525152526795864
0.007460995577275753
0.007439183536916971
0.007472418714314699
0.007443482521921396
0.007382744923233986
0.007384598720818758
0.00735157635062933
0.0073258657939732075
0.007327742874622345
0.007353737484663725
0.0073462282307446
no squeeze
2.050792694091797
0.2496526688337326
0.19163712859153748
0.11055794358253479
0.10155195742845535
0.07945534586906433
0.07541829347610474
0.06273330748081207
0.06009932979941368
0.050822507590055466
0.04895032197237015
0.04173244535923004
0.03998769074678421
0.03429557383060455
0.03313719481229782
0.02854926884174347
0.027571946382522583
0.023768605664372444
0.022919470444321632
0.020013973116874695
0.019374815747141838
0.016988731920719147
0.016481949016451836
0.014888929203152657
0.01447879709303379
0.01319630816578865
0.013026740401983261
0.012166034430265427
0.011952191591262817
0.011361885815858841
0.011242317035794258
0.01088732946664095
0.010791147127747536
0.010621331632137299
0.010507319122552872
0.010366207920014858
0.010281223803758621
0.01020464114844799
0.010169066488742828
0.010106456466019154
0.010060521773993969
0.009997590444982052
0.010019505396485329
0.009993878193199635
0.009974387474358082
0.009965460747480392
0.009942976757884026
0.009879170916974545
0.009888502769172192
0.009897922165691853
no squeeze
1.843984842300415
0.1509784460067749
0.10595738142728806
0.047109685838222504
0.041550006717443466
0.02949213609099388
0.027672411873936653
0.02269916795194149
0.021840902045369148
0.01903025060892105
0.01838393695652485
0.01654081977903843
0.01613197661936283
0.014840110205113888
0.014575363136827946
0.013596981763839722
0.013356109149754047
0.01259741373360157
0.012407757341861725
0.011821512132883072
0.01172658521682024
0.011238773353397846
0.011114684864878654
0.010705134831368923
0.010564915835857391
0.010256544686853886
0.010142723098397255
0.009917061775922775
0.00982979591935873
0.009613766334950924
0.009537694975733757
0.009333689697086811
0.009267451241612434
0.009081515483558178
0.009033179841935635
0.008875150233507156
0.008856854401528835
0.008733430877327919
0.00864429771900177
0.00851777009665966
0.008526250720024109
0.008413365110754967
0.008372250944375992
0.008278291672468185
0.008253372274339199
0.008136709220707417
0.008133580908179283
0.008058836683630943
0.008045298978686333
0.007953994907438755
0.007963807322084904
0.007883235812187195
0.007870468311011791
0.00787234678864479
0.007843253202736378
0.007794461213052273
0.0077789220958948135
0.007707497570663691
0.007706844247877598
0.007651850581169128
0.007660808973014355
0.007590843364596367
0.007647987455129623
0.007612318731844425
no squeeze
2.1118392944335938
0.044090673327445984
0.027897650375962257
0.013324533589184284
0.013000189326703548
0.012812677770853043
0.012740522623062134
0.01259931456297636
0.012570667080581188
0.01265834178775549
0.012590686790645123
0.012899177148938179
no squeeze
1.5459202527999878
0.053607095032930374
0.034306664019823074
0.015829235315322876
0.014674825593829155
0.012650410644710064
0.012405579909682274
0.011729612946510315
0.011586194857954979
0.01126324012875557
0.011181813664734364
0.010981406085193157
0.010930636897683144
0.010820613242685795
0.010808962397277355
0.010690934956073761
0.010705581866204739
0.010638469830155373
0.010635272599756718
0.01057866495102644
0.010582982562482357
0.010585545562207699
no squeeze
1.6331404447555542
0.054410796612501144
0.03506718948483467
0.014602594077587128
0.013139312155544758
0.010405509732663631
0.010038432665169239
0.009125693701207638
0.008965248242020607
0.008477773517370224
0.008393417112529278
0.008158226497471333
0.00812089629471302
0.007975912652909756
0.007944431155920029
0.007860207930207253
0.007859784178435802
0.00777913024649024
0.007773390039801598
0.007778630591928959
0.0077447728253901005
0.007696507964283228
0.007712332531809807
0.007705385331064463
no squeeze
1.5381090641021729
0.0869787335395813
0.06094247102737427
0.026089830324053764
0.02299565263092518
0.01632990501821041
0.01533807348459959
0.012625372968614101
0.012146311812102795
0.010796377435326576
0.010565824806690216
0.009798454120755196
0.00962092261761427
0.009111635386943817
0.009031007997691631
0.008660776540637016
0.008599179796874523
0.008354785852134228
0.00827498733997345
0.008089511655271053
0.00804107915610075
0.007893227972090244
0.007858009077608585
0.007791117299348116
0.007754036225378513
0.007665171287953854
0.0076295011676847935
0.00754549540579319
0.007518854923546314
0.00748648913577199
0.007473892532289028
0.007438462693244219
0.007427940145134926
0.007361624855548143
0.007376897614449263
0.007330145221203566
0.007329376880079508
0.007284156512469053
0.007255439646542072
0.007264446001499891
0.00723763694986701
0.0071985456161201
0.007197865750640631
0.007197826635092497
0.0071992650628089905
0.007176958955824375
0.0071649933233857155
0.0071465750224888325
0.007170243188738823
0.007126678247004747
0.007148513104766607
0.007131210528314114
