no squeeze
2.6877377033233643
0.23672443628311157
0.19221070408821106
0.13530419766902924
0.13175103068351746
0.12467310577630997
0.12425635010004044
0.12311151623725891
0.12295371294021606
0.12315694242715836
0.12304963171482086
0.12297150492668152
no squeeze
2.785712480545044
0.20518101751804352
0.15846525132656097
0.11335078626871109
0.11059645563364029
0.10632555186748505
0.10601908713579178
0.10546984523534775
0.1054392084479332
0.10566557943820953
0.10550978779792786
0.10544547438621521
no squeeze
3.0818898677825928
0.4672335386276245
0.3742462694644928
0.22333493828773499
0.20507051050662994
0.16213320195674896
0.15474434196949005
0.1331637054681778
0.12918944656848907
0.11728846281766891
0.11467546224594116
0.10793948918581009
0.10656436532735825
0.10257285833358765
0.10172393172979355
0.09933266788721085
0.09896750748157501
0.09724470973014832
0.09726646542549133
0.09608343988656998
0.0959579348564148
0.09523679316043854
0.0951123908162117
0.09452829509973526
0.0945296362042427
0.0943482294678688
0.09395301342010498
0.0943247452378273
0.0939546525478363
0.09386476874351501
0.09376119822263718
0.09356015175580978
0.09373702108860016
0.09369326382875443
no squeeze
3.194105386734009
0.8740769028663635
0.7559850811958313
0.542839765548706
0.5128240585327148
0.4272463023662567
0.411195307970047
0.3593437969684601
0.3473244905471802
0.3100866377353668
0.3021889626979828
0.27353835105895996
0.26720091700553894
0.24569056928157806
0.2409832775592804
0.22370180487632751
0.2203204184770584
0.2062559425830841
0.2031421810388565
0.1916733682155609
0.1889730840921402
0.17953427135944366
0.17727212607860565
0.1696319580078125
0.16783300042152405
0.16063189506530762
0.1588776707649231
0.1525062769651413
0.15148483216762543
0.1457931101322174
0.14464637637138367
0.1401270478963852
0.1387842446565628
0.13434377312660217
0.13350339233875275
0.12976033985614777
0.12898924946784973
0.12596991658210754
0.12518689036369324
0.1221434697508812
0.12173726409673691
0.11907647550106049
0.11840624362230301
0.11614317446947098
0.11554562300443649
0.11336163431406021
0.11312088370323181
0.11070197820663452
0.11030253022909164
0.1085905209183693
0.10815542191267014
0.10648994147777557
0.10607077181339264
0.10439079999923706
0.103841632604599
0.10247095674276352
0.10184865444898605
0.10069262236356735
0.10021083056926727
0.09877294301986694
0.09837803989648819
0.09730584919452667
0.09707210212945938
0.09585508704185486
0.0957164466381073
0.09450085461139679
0.09414690732955933
0.09344164282083511
0.09320642799139023
0.09181761741638184
0.09168992936611176
0.09085358679294586
0.09069515764713287
0.08994849771261215
0.08978625386953354
0.08882500976324081
0.08865594863891602
0.08778553456068039
0.08778145164251328
0.08722060173749924
0.08700879663228989
0.08636364340782166
0.08630561828613281
0.08548547327518463
0.08535289019346237
0.08489951491355896
0.08460409939289093
0.08421964198350906
0.08399003744125366
0.08347927033901215
0.08357317745685577
0.08322425931692123
0.08296200633049011
0.08256857097148895
0.08229494094848633
0.0818539708852768
0.08157218247652054
0.08145271986722946
0.0812179297208786
0.08092314004898071
0.08078382909297943
0.0802425667643547
0.0802159309387207
0.08006859570741653
0.07995901256799698
0.0793694332242012
0.07969816774129868
0.07914850860834122
0.07903580367565155
0.07870909571647644
0.07865551859140396
0.07842458039522171
0.07813894003629684
0.07802489399909973
0.07791100442409515
0.07776021957397461
0.07743535190820694
0.07733031362295151
0.07701914012432098
0.07696297019720078
0.07684086263179779
0.07649370282888412
0.0764632448554039
0.07603811472654343
0.07620523869991302
0.0760352611541748
0.07588766515254974
0.07551416009664536
0.07567943632602692
0.07512465119361877
0.07544714957475662
0.07479400932788849
0.0749237984418869
0.07449494302272797
0.0748477503657341
0.07427092641592026
0.07422078400850296
0.07409058511257172
0.07407766580581665
0.0736616775393486
0.07362420111894608
0.07333361357450485
0.07340681552886963
0.07319346815347672
0.07324566692113876
0.07297293096780777
0.0729169100522995
0.07273395359516144
0.07285184413194656
0.07240831851959229
0.07242117077112198
0.07235819101333618
0.07214011996984482
0.07209422439336777
0.07199817150831223
0.07158838957548141
0.07180274277925491
0.07151846587657928
0.07153288275003433
0.07144849002361298
0.07116629183292389
0.07098502665758133
0.07122600078582764
0.07094378024339676
0.07079591602087021
0.07093435525894165
0.07056251168251038
0.07045195251703262
0.07058122754096985
0.0703335627913475
0.0702429786324501
0.07013475149869919
0.0699421837925911
0.06987635046243668
0.06976985186338425
0.06989740580320358
0.06966667622327805
0.06955128908157349
0.0694553330540657
0.06914764642715454
0.06915650516748428
0.06922736018896103
no squeeze
3.201812267303467
0.37276560068130493
0.28524282574653625
0.14977657794952393
0.13422025740146637
0.09780167788267136
0.09190188348293304
0.07621347904205322
0.07335207611322403
0.06510049849748611
0.06325240433216095
0.05804184824228287
0.056924447417259216
0.05335141718387604
0.05265073850750923
0.050202954560518265
0.04973061382770538
0.04772040992975235
0.04742348566651344
0.04597897827625275
0.04561726748943329
0.04452012479305267
0.04424373432993889
0.04331718385219574
0.04311322793364525
0.04222242906689644
0.04211027920246124
0.04140261560678482
0.041285350918769836
0.04055514559149742
0.040544331073760986
0.03991801664233208
0.03979866951704025
0.03932666778564453
0.03930781036615372
0.03879399225115776
0.03868202865123749
0.03824402764439583
0.03820063918828964
0.037791889160871506
0.03770314157009125
0.03741225600242615
0.03734599053859711
0.03704674169421196
0.036954365670681
0.03663014620542526
0.036680541932582855
0.03632750362157822
0.03636586293578148
0.036154866218566895
0.036057937890291214
0.03590799495577812
0.035930704325437546
0.03567487373948097
0.035593193024396896
0.03541691601276398
0.035431355237960815
0.03526845574378967
0.03528023883700371
0.03512969985604286
0.03512341156601906
0.03492369130253792
0.034922461956739426
0.034914154559373856
0.03481843322515488
0.03469016030430794
0.034678734838962555
0.03460020199418068
0.034540604799985886
0.0344645231962204
0.03455575183033943
0.03423123061656952
0.034276362508535385
0.0342891663312912
no squeeze
2.8077969551086426
0.27928537130355835
0.24501614272594452
0.21508954465389252
0.21406054496765137
0.21302686631679535
0.21298450231552124
0.2135724425315857
0.2131955325603485
0.21322672069072723
