no squeeze
2.933528184890747
0.20435293018817902
0.16234342753887177
0.12107230722904205
0.11940674483776093
0.11734732240438461
0.11720167845487595
0.1169309914112091
0.11712401360273361
0.11683991551399231
0.11678065359592438
0.11718953400850296
0.11679736524820328
0.11670499294996262
0.11669977009296417
0.11705729365348816
0.11774615198373795
0.1167166605591774
no squeeze
3.0161776542663574
0.23779302835464478
0.18423619866371155
0.11349634826183319
0.1082644984126091
0.09970720112323761
0.09883087128400803
0.0972580760717392
0.0973496288061142
0.09675535559654236
0.09664628654718399
0.09667497873306274
0.09647798538208008
0.09636164456605911
0.0964050441980362
0.0965784564614296
no squeeze
2.6327059268951416
0.35077446699142456
0.2837548553943634
0.1742078810930252
0.16013203561306
0.12748883664608002
0.12204509228467941
0.10820113122463226
0.10560663789510727
0.09859899431467056
0.09739761799573898
0.09370286017656326
0.09325022250413895
0.09114397317171097
0.09095092862844467
0.08971292525529861
0.08945180475711823
0.08882059901952744
0.08854584395885468
0.08818691223859787
0.08824147284030914
0.08774425834417343
0.08768319338560104
0.08734416961669922
0.08727316558361053
0.08719268441200256
0.08732409030199051
0.0871715396642685
0.08708509802818298
0.08715458959341049
0.08705813437700272
0.08690640330314636
0.08693964034318924
0.08687277138233185
0.08677279949188232
0.0866641104221344
0.08684451133012772
0.08677171915769577
no squeeze
3.2655446529388428
0.7942755818367004
0.663560152053833
0.4457547962665558
0.418083131313324
0.3438142240047455
0.33096033334732056
0.28814464807510376
0.27964526414871216
0.24999384582042694
0.2437368631362915
0.22170990705490112
0.21719348430633545
0.1994023472070694
0.19573381543159485
0.18196183443069458
0.17864224314689636
0.16761012375354767
0.16489504277706146
0.1555573046207428
0.15332722663879395
0.1454528570175171
0.14355634152889252
0.13714894652366638
0.1355125606060028
0.13021808862686157
0.12899425625801086
0.1244099959731102
0.12342505156993866
0.1197962835431099
0.11895449459552765
0.11589279770851135
0.11535647511482239
0.11240503191947937
0.11178849637508392
0.10974691808223724
0.10927387326955795
0.10732334107160568
0.10669056326150894
0.10478153079748154
0.10440497100353241
0.10257145017385483
0.10233481973409653
0.10091443359851837
0.10038302093744278
0.09885531663894653
0.09853732585906982
0.09721747785806656
0.09689289331436157
0.09540276229381561
0.0952230766415596
0.09393783658742905
0.0939219519495964
0.0924178883433342
0.09219683706760406
0.09125666320323944
0.09077738225460052
0.08987391740083694
0.08940193802118301
0.08860157430171967
0.08831975609064102
0.08723773807287216
0.08716228604316711
0.08617294579744339
0.0861731767654419
0.08483468741178513
0.08502072095870972
0.08421839028596878
0.0839204341173172
0.0830126404762268
0.08299478888511658
0.08226151764392853
0.08194928616285324
0.08126624673604965
0.08117712289094925
0.08041838556528091
0.08032429963350296
0.07962357252836227
0.07977055758237839
0.07857926934957504
0.07861689478158951
0.07816058397293091
0.0781891867518425
0.07733006030321121
0.0772404819726944
0.07666198164224625
0.07665067911148071
0.0762515515089035
0.07602054625749588
0.07542120665311813
0.07542558759450912
0.07493315637111664
0.07469312846660614
0.07450444996356964
0.0745171308517456
0.0740818902850151
0.07386091351509094
0.07354140281677246
0.07336969673633575
0.07301885634660721
0.07295110076665878
0.07256680727005005
0.07247897982597351
0.07221134752035141
0.07224418967962265
0.07166361063718796
0.07173160463571548
0.07140244543552399
0.07137324661016464
0.07095786184072495
0.07109387964010239
0.07080669701099396
0.07084286212921143
0.07059988379478455
0.07029344141483307
0.07005251199007034
0.07008739560842514
0.06966765224933624
0.06969742476940155
0.06953129917383194
0.06964267790317535
0.06904313713312149
0.06905092298984528
0.06903711706399918
0.06883680075407028
0.06853459030389786
0.0684899315237999
0.06825404614210129
0.06828895956277847
0.06797504425048828
0.06805868446826935
0.06783675402402878
0.06792738288640976
0.06751570105552673
0.06747107207775116
0.06747450679540634
0.06717479228973389
0.06679719686508179
0.06685097515583038
0.06673906743526459
0.06669984757900238
0.0667533203959465
0.06638634949922562
0.06621759384870529
0.06626259535551071
0.06605515629053116
0.06596151739358902
0.06579151004552841
0.06596031785011292
0.06558313220739365
0.06561025232076645
0.06537407636642456
0.0653347596526146
0.06513524800539017
0.0650617703795433
0.06494078040122986
0.06489651650190353
0.06475542485713959
0.0646626278758049
0.06451892107725143
0.06443116068840027
0.0643571987748146
0.0644950196146965
0.06405682861804962
0.06396622210741043
0.06392734497785568
0.0638662576675415
0.06368021667003632
0.06375353038311005
0.06352418661117554
0.06351584941148758
0.06334677338600159
0.06341820955276489
0.06308845430612564
0.0632215216755867
0.06307923048734665
0.0628298670053482
0.06275720149278641
0.06269320100545883
0.06264945864677429
0.06253496557474136
0.06252988427877426
0.06253653019666672
0.062175288796424866
0.062339816242456436
0.061970267444849014
0.06225623935461044
0.062030937522649765
no squeeze
3.2020771503448486
0.5281291604042053
0.42398321628570557
0.24443627893924713
0.2219369262456894
0.165690079331398
0.15575039386749268
0.1270076036453247
0.12132644653320312
0.10343299806118011
0.09960493445396423
0.08759728074073792
0.08503955602645874
0.07651592791080475
0.0746486708521843
0.06857255846261978
0.06718240678310394
0.062493469566106796
0.061489347368478775
0.05805395916104317
0.05738357454538345
0.054524023085832596
0.05388474836945534
0.05164623260498047
0.0511360764503479
0.04931192845106125
0.04895486310124397
0.04749387502670288
0.04714179411530495
0.04584594443440437
0.04559367895126343
0.04460696503520012
0.04423857852816582
0.04340440034866333
0.04328062757849693
0.042409829795360565
0.042334284633398056
0.041678424924612045
0.041499774903059006
0.04097532108426094
0.04088114947080612
0.04032865911722183
0.04024071246385574
0.03987206518650055
0.03974216431379318
0.03935408219695091
0.039318595081567764
0.03899085149168968
0.038907743990421295
0.03864455595612526
0.038452669978141785
0.038319773972034454
0.038190796971321106
0.03791600465774536
0.03790350258350372
0.03773783519864082
0.03777464106678963
0.03747253865003586
0.03745092451572418
0.03732195496559143
0.03728858381509781
0.03702297434210777
0.037102311849594116
0.03688132390379906
0.03695926442742348
0.036705419421195984
0.03669188171625137
0.036579109728336334
0.03654061630368233
0.03651493042707443
0.03647249564528465
0.03625375032424927
0.036339420825242996
0.03617133945226669
0.036225609481334686
0.03609263896942139
0.036102816462516785
0.03593664616346359
0.03593707084655762
0.0358489453792572
0.035777609795331955
0.035825587809085846
0.03575194999575615
0.03567002713680267
0.03567889705300331
0.035538434982299805
0.03562759608030319
0.03554932773113251
no squeeze
2.3857808113098145
0.2459641993045807
0.22034093737602234
0.1995144784450531
0.19912870228290558
0.198977991938591
0.1989637315273285
0.19921134412288666
0.19915767014026642
0.19925464689731598
