no squeeze
1.6986377239227295
0.0507824681699276
0.030406437814235687
0.010082456283271313
0.009160500019788742
0.00786280445754528
0.007744996342808008
0.0075586880557239056
0.007551926653832197
0.007503346540033817
0.007511770818382502
0.007464868016541004
0.007478494197130203
0.007469639182090759
no squeeze
2.1166772842407227
0.05472574755549431
0.031105563044548035
0.010279289446771145
0.009344782680273056
0.008051345124840736
0.007901668548583984
0.007625204976648092
0.007591972127556801
0.007452248129993677
0.007451985497027636
0.007354608736932278
0.007336263544857502
0.007369335275143385
0.007355419918894768
0.0072926683351397514
0.007336706854403019
0.0073073869571089745
no squeeze
2.1549086570739746
0.15513689815998077
0.10404764860868454
0.04145292565226555
0.03614285588264465
0.02449222281575203
0.022649267688393593
0.017114698886871338
0.016056600958108902
0.013058694079518318
0.01245081890374422
0.010615704581141472
0.010284403339028358
0.009131046012043953
0.008901328779757023
0.00821942463517189
0.008054026402533054
0.007612616289407015
0.007501286920160055
0.007219809573143721
0.007177503313869238
0.007006769999861717
0.0069287666119635105
0.006793007254600525
0.006768158171325922
0.0066794538870453835
0.006636078003793955
0.006572898011654615
0.006570765282958746
0.006492231041193008
0.006517102941870689
0.006468383129686117
0.006450342014431953
0.006420930381864309
0.006397353019565344
0.006384349428117275
0.006406167522072792
0.006366355810314417
0.006355362478643656
0.006318201310932636
0.0063639977015554905
0.006325416266918182
no squeeze
2.071416139602661
0.26219409704208374
0.19050849974155426
0.09397726505994797
0.08514082431793213
0.06436973065137863
0.06079183146357536
0.05002700537443161
0.04770472273230553
0.04031190276145935
0.03868702054023743
0.03324475139379501
0.031848061829805374
0.027446800842881203
0.026581982150673866
0.02311147376894951
0.02229636162519455
0.019725430756807327
0.01905873417854309
0.017032552510499954
0.016537688672542572
0.01495340932160616
0.01467004045844078
0.013410137966275215
0.013119133189320564
0.01224858034402132
0.012016498483717442
0.011358420364558697
0.011193590238690376
0.01080483291298151
0.010696068406105042
0.010314797051250935
0.010213891975581646
0.010034625418484211
0.010033863596618176
0.009834363125264645
0.009836297482252121
0.009652541019022465
0.009654904715716839
0.0095901507884264
0.009568684734404087
0.009488768875598907
0.009515642188489437
0.009457787498831749
0.009479278698563576
0.00938424002379179
0.009432842023670673
0.009369516745209694
0.009362508542835712
0.009268702007830143
0.00928015448153019
0.009276699274778366
no squeeze
1.8537402153015137
0.15456226468086243
0.11050187051296234
0.0479532890021801
0.041918862611055374
0.027961721643805504
0.02582121267914772
0.01986446976661682
0.01876973733305931
0.015442864038050175
0.014806097373366356
0.012878235429525375
0.012486393563449383
0.011188318021595478
0.010917098261415958
0.010076561942696571
0.009877827949821949
0.009276345372200012
0.009141054935753345
0.008693315088748932
0.008595054969191551
0.008239679969847202
0.008162031881511211
0.007932314649224281
0.007869333028793335
0.007670791354030371
0.007618559058755636
0.007459081243723631
0.007404235657304525
0.007255894597619772
0.007245928514748812
0.007113857194781303
0.007094481494277716
0.007006179541349411
0.006996361538767815
0.006878013722598553
0.0068755680695176125
0.0068001514300704
0.0067935846745967865
0.006702486891299486
0.0066958824172616005
0.006622025277465582
0.00660863658413291
0.006628775037825108
0.006562134250998497
0.006525726523250341
0.0065448349341750145
0.006486688274890184
0.006456946954131126
0.006414753384888172
0.006405400577932596
0.006375037599354982
0.006356051657348871
0.00632316991686821
0.006347302813082933
0.006291009485721588
0.006301484070718288
0.006244362331926823
0.006249789614230394
0.006212336011230946
0.00621511647477746
0.00620572455227375
0.006196581292897463
0.006161335855722427
0.0061742989346385
0.006185566540807486
no squeeze
2.7073605060577393
0.054650381207466125
0.030272413045167923
0.012912331148982048
0.012426535598933697
0.012005162425339222
0.011975734494626522
0.012207791209220886
0.01196874026209116
0.011964455246925354
0.012024848721921444
0.012037856504321098
no squeeze
1.655010461807251
0.05277383700013161
0.033215999603271484
0.014536431059241295
0.013232601806521416
0.011007251217961311
0.010713218711316586
0.009975433349609375
0.009841692633926868
0.009587851352989674
0.009493452496826649
0.009355318732559681
0.009300332516431808
0.009191890247166157
0.009178184904158115
0.009093999862670898
0.009072265587747097
0.009093871340155602
0.00907209888100624
0.009012231603264809
0.009030187502503395
0.008997438475489616
0.009030944667756557
0.009089216589927673
no squeeze
1.6058378219604492
0.051063403487205505
0.031499575823545456
0.013706764206290245
0.012401929125189781
0.009763477370142937
0.009359563700854778
0.008336265571415424
0.00817175768315792
0.0076270452700555325
0.007546672597527504
0.007267320994287729
0.007204718887805939
0.007045338395982981
0.006995455361902714
0.006883316673338413
0.006869392469525337
0.006797152571380138
0.006776663940399885
0.006735995877534151
0.006733691785484552
0.006669521331787109
0.006649286951869726
0.006656306330114603
0.006658732425421476
0.006617309991270304
0.006635562516748905
0.006646831054240465
no squeeze
1.4683871269226074
0.09454794973134995
0.06626277416944504
0.028652425855398178
0.02510267309844494
0.01703561469912529
0.015842758119106293
0.012548202648758888
0.01195668987929821
0.010282386094331741
0.00996383000165224
0.008976595476269722
0.008764723315834999
0.008158068172633648
0.008026006631553173
0.0076217339374125
0.007543256040662527
0.007261755410581827
0.007215813733637333
0.007002748548984528
0.006968682166188955
0.0068043493665754795
0.006788037251681089
0.006678970996290445
0.006652571260929108
0.006541228853166103
0.006532725412398577
0.006462036166340113
0.0064705293625593185
0.006425964180380106
0.006393618416041136
0.006338510662317276
0.006360456347465515
0.006300762761384249
0.006304717622697353
0.00628061406314373
0.0062718442641198635
0.006239570677280426
0.006210991181433201
0.006208313629031181
0.006208257284015417
0.006184723693877459
0.006194551475346088
0.006161983590573072
0.006168085616081953
0.006164442282170057
