no squeeze
1.6329022645950317
0.5465019345283508
0.32082268595695496
0.24398303031921387
0.20173947513103485
0.15553149580955505
0.13396130502223969
0.1147700697183609
0.1309742033481598
0.11983950436115265
0.09749023616313934
0.10065094381570816
0.10078325867652893
0.08188135921955109
0.07376394420862198
0.08017522096633911
0.07470158487558365
0.08294295519590378
0.07499319314956665
0.07750491797924042
0.07246167212724686
0.07089593261480331
0.06267683207988739
0.09183651953935623
0.06309957057237625
0.07799071818590164
0.07628659904003143
0.0685601755976677
0.059450212866067886
0.07693284004926682
0.06567084044218063
0.06800346821546555
0.06950851529836655
0.05898744985461235
0.05291721969842911
0.05915370211005211
0.051267948001623154
0.05536956340074539
0.07474812865257263
0.060820505023002625
0.05675780400633812
0.057158637791872025
0.05255585163831711
0.06911734491586685
0.0624130554497242
0.0645853579044342
0.056176941841840744
no squeeze
1.7283064126968384
0.4437374472618103
0.2629935145378113
0.1887187957763672
0.15016910433769226
0.12769894301891327
0.12397175282239914
0.09846995025873184
0.09122451394796371
0.08517603576183319
0.08260888606309891
0.07407726347446442
0.07971254736185074
0.06992029398679733
0.0655464306473732
0.06523111462593079
0.06148295849561691
0.05694200471043587
0.05456551909446716
0.0609784834086895
0.06070243567228317
0.05438332259654999
0.04993179813027382
0.04824613779783249
0.04672246426343918
0.053652938455343246
0.057857122272253036
0.05512362718582153
0.05252545699477196
0.04342575743794441
0.045396361500024796
0.04457651451230049
0.04374820739030838
0.048536889255046844
0.046751294285058975
0.04853646457195282
0.046315643936395645
0.04170361906290054
0.0392814576625824
0.04553764685988426
0.04140955209732056
0.04347820207476616
0.038962628692388535
0.04183943197131157
0.04815663769841194
0.04735284298658371
0.04312710091471672
0.0378933846950531
0.04226842150092125
0.059566255658864975
0.04857785627245903
0.044801369309425354
0.041552990674972534
0.04346543177962303
0.046911466866731644
0.04428994283080101
0.05356508120894432
0.0410313718020916
no squeeze
2.025083065032959
0.7917314767837524
0.5550239682197571
0.42295968532562256
0.3429979681968689
0.28860437870025635
0.24798235297203064
0.2026556134223938
0.19184644520282745
0.20482675731182098
0.1646621823310852
0.15231487154960632
0.1441962718963623
0.1284780353307724
0.12289411574602127
0.11023760586977005
0.10851950198411942
0.10209976136684418
0.11127488315105438
0.104776531457901
0.09876684844493866
0.10081791877746582
0.09803984314203262
0.08430925756692886
0.08359874784946442
0.10281022638082504
0.0837930291891098
0.09285695850849152
0.07270719110965729
0.10242536664009094
0.06396985799074173
0.0595477819442749
0.07214529067277908
0.07594745606184006
0.06800887733697891
0.06807810813188553
0.08775664865970612
0.07562976330518723
0.07888447493314743
0.06805683672428131
0.05195443704724312
0.05412614718079567
0.08403663337230682
0.06598986685276031
0.05137915536761284
0.0661560669541359
0.057552874088287354
0.049665749073028564
0.05311055853962898
0.07382479310035706
0.05335908755660057
0.044853489845991135
0.055545415729284286
0.06247883290052414
0.054173294454813004
0.0496642105281353
0.06924182176589966
0.052940014749765396
0.06057855114340782
0.06351979076862335
0.07002429664134979
0.05890878662467003
no squeeze
1.6454726457595825
0.8060402870178223
0.6526564359664917
0.5623133182525635
0.482712060213089
0.43299955129623413
0.38844189047813416
0.3465229272842407
0.3265286386013031
0.29876577854156494
0.26761534810066223
0.25796961784362793
0.2371823489665985
0.22625119984149933
0.20301295816898346
0.19353778660297394
0.1848069578409195
0.17561490833759308
0.1664769947528839
0.15695500373840332
0.1548851877450943
0.14034783840179443
0.14285416901111603
0.13607044517993927
0.12814673781394958
0.12479297071695328
0.11472661048173904
0.11430416256189346
0.1255246251821518
0.10153099149465561
0.10158858448266983
0.09744210541248322
0.09490242600440979
0.0902600884437561
0.08996280282735825
0.08830034732818604
0.08732792735099792
0.08063723891973495
0.07675842940807343
0.07942704111337662
0.07741256058216095
0.0729060024023056
0.07661847770214081
0.07416603714227676
0.07391118258237839
0.07084706425666809
0.06918957829475403
0.06406378000974655
0.06464686244726181
0.06387187540531158
0.06159079447388649
0.06308499723672867
0.06461428105831146
0.06139441207051277
0.05643855780363083
0.05860175937414169
0.05470549687743187
0.054769471287727356
0.05549672245979309
0.05629841238260269
0.053456127643585205
0.05029354244470596
0.052998580038547516
0.04750112071633339
0.050283100455999374
0.04795648157596588
0.05010150000452995
0.046387236565351486
0.04894742742180824
0.04544660076498985
0.04631885513663292
0.048123735934495926
0.044086772948503494
0.0447814017534256
0.045542433857917786
0.044993139803409576
0.04562701657414436
0.04359690845012665
0.04575293883681297
0.04173280671238899
0.03943388909101486
0.04309124872088432
0.04388878867030144
0.03975572809576988
0.04189499840140343
0.040164217352867126
0.04126572981476784
0.043414436280727386
0.04401598870754242
0.03843848034739494
0.03937676176428795
0.03708455339074135
0.03841202333569527
0.03685392439365387
0.03842981532216072
0.036961931735277176
0.03837412968277931
0.03556135296821594
0.03638198971748352
0.03818679600954056
0.03413553535938263
0.03293338045477867
0.036559294909238815
0.03370938450098038
0.03623952344059944
0.034647952765226364
0.032305702567100525
0.03630601987242699
0.03587627038359642
0.03484099730849266
0.036528438329696655
0.03326212987303734
0.03476700559258461
0.03580823913216591
0.03114199824631214
0.03200482204556465
0.029148805886507034
0.03144627809524536
0.03044433891773224
0.03575696423649788
0.03273512423038483
0.03320678696036339
0.03260941058397293
0.03236094489693642
0.029595790430903435
0.03406643494963646
0.029320841655135155
no squeeze
1.315707802772522
0.5392873883247375
0.3691246509552002
0.2765796482563019
0.20752575993537903
0.17333418130874634
0.14273957908153534
0.1250324547290802
0.1090891882777214
0.0964951291680336
0.08628959953784943
0.08344843238592148
0.06971102952957153
0.06981002539396286
0.06514015048742294
0.06375449895858765
0.0555407777428627
0.05009177327156067
0.04830266162753105
0.05207138881087303
0.045582808554172516
0.04044105485081673
0.041779495775699615
0.03930963575839996
0.03577690199017525
0.03656531497836113
0.038454726338386536
0.03168580308556557
0.029926029965281487
0.02693854831159115
0.027197595685720444
0.027520401403307915
0.026862315833568573
0.02797088213264942
0.023798316717147827
0.024261046200990677
0.023461904376745224
0.02279011346399784
0.02184748277068138
0.020485015586018562
0.02231922186911106
0.022534752264618874
0.01789860427379608
0.01922069676220417
0.0219181589782238
0.0181510578840971
0.018023459240794182
0.01788979209959507
0.015410401858389378
0.01616262085735798
0.018147379159927368
0.015871945768594742
0.016183974221348763
0.017862705513834953
0.014604420401155949
0.013946354389190674
0.014516124501824379
0.013484225608408451
0.016120072454214096
0.013825228437781334
0.01386245433241129
0.014375383034348488
0.012952860444784164
0.013085559010505676
0.0121060935780406
0.017578616738319397
0.01416743639856577
0.01065557636320591
0.011686804704368114
0.011059902608394623
0.011282334104180336
0.013074110262095928
0.011186672374606133
0.00945238396525383
0.009826140478253365
0.013818800449371338
0.009864062070846558
0.0110681327059865
0.009006576612591743
0.010098758153617382
0.009000906720757484
0.009106307290494442
0.009367162361741066
0.00861970242112875
0.007805698085576296
0.007422751281410456
0.007969911210238934
0.008078653365373611
0.009789442643523216
0.00759063521400094
0.0079088369384408
0.008130085654556751
0.0076103415340185165
0.007172964047640562
0.007657825015485287
0.008318445645272732
0.006753805559128523
0.006306016352027655
0.006711955182254314
0.007975650019943714
0.007222801446914673
0.0068212547339499
0.007253031246364117
0.005121193360537291
0.0061568329110741615
0.005275656934827566
0.007834292016923428
0.0054792370647192
0.006217062473297119
0.0113587761297822
0.009199278429150581
0.005038341041654348
0.008627179078757763
0.007525226101279259
0.0059497724287211895
0.005629191640764475
0.005380014423280954
0.00727704307064414
0.005414350889623165
0.005401173606514931
0.004778814036399126
0.004429178312420845
0.005969350691884756
0.005879278294742107
0.0057244556955993176
0.005870787426829338
0.004483098164200783
0.005726858042180538
0.004789629951119423
0.005794067867100239
0.005250029265880585
0.004944399930536747
no squeeze
1.3297629356384277
0.36405330896377563
0.20862019062042236
0.15739522874355316
0.1378609985113144
0.17284029722213745
0.10962927341461182
0.10813847929239273
0.12117839604616165
0.12964151799678802
0.14812466502189636
0.10744142532348633
0.09636240452528
0.0954483300447464
0.09295973926782608
0.08153888583183289
0.0835907980799675
0.07419485598802567
0.09079430252313614
0.08811846375465393
0.07507002353668213
0.08010806888341904
0.11076828837394714
0.09497223794460297
0.0838179886341095
0.08840323239564896
0.07788970321416855
0.09597887843847275
