no squeeze
0.7084815502166748
0.2619963586330414
0.16913463175296783
0.13577786087989807
0.10403773188591003
0.08320269733667374
0.07287314534187317
0.060010168701410294
0.05284665524959564
0.05124562606215477
0.04334541782736778
0.042233292013406754
0.04556485638022423
0.050380948930978775
0.0441863089799881
0.03900248929858208
0.038392324000597
0.04204834625124931
0.03726156800985336
0.04053941369056702
0.039887215942144394
0.028773801401257515
0.02845788188278675
0.03315872326493263
0.028638126328587532
0.030213069170713425
0.029460327699780464
0.027907339856028557
0.03129025548696518
0.02816621959209442
0.025479000061750412
0.024252809584140778
0.02712906152009964
0.0233087707310915
0.025912046432495117
0.027094127610325813
0.029803341254591942
0.030467690899968147
0.026441333815455437
0.030626287683844566
0.02990143373608589
0.025858642533421516
0.0331781804561615
0.02713896334171295
no squeeze
0.9836933612823486
0.2516497075557709
0.15234845876693726
0.10959582775831223
0.09083046019077301
0.07711999118328094
0.06448714435100555
0.0569913275539875
0.05752500519156456
0.058058977127075195
0.05366707593202591
0.0481463186442852
0.05148885026574135
0.04380306974053383
0.04943324252963066
0.045327119529247284
0.049655746668577194
0.04046082869172096
0.04261667653918266
0.04076686501502991
0.049166083335876465
0.050475724041461945
0.03769693896174431
0.03856620565056801
0.035583652555942535
0.0360567681491375
0.04069189354777336
0.03877810016274452
0.03565583378076553
0.036227960139513016
0.04023994132876396
0.044966164976358414
0.038015544414520264
0.041097406297922134
0.03766150400042534
no squeeze
0.9033616185188293
0.3520205616950989
0.23658518493175507
0.19863438606262207
0.16814358532428741
0.14281843602657318
0.12322142720222473
0.11116492748260498
0.10749087482690811
0.11075662076473236
0.1362207531929016
0.0981413722038269
0.09230222553014755
0.1269424706697464
0.12236271053552628
0.08836802840232849
0.06838352233171463
0.06183355674147606
0.05953241512179375
0.07235756516456604
0.05610441043972969
0.06682741641998291
0.11161494255065918
0.0717703104019165
0.04857034236192703
0.05009899288415909
0.04549824446439743
0.04752923920750618
0.051921602338552475
0.05017105117440224
0.044315580278635025
0.0540684349834919
0.04659224674105644
0.05833953246474266
0.04170610383152962
0.04634092375636101
0.04218723252415657
0.04606000334024429
0.048707060515880585
0.048277873545885086
0.037447474896907806
0.0423491969704628
0.042706750333309174
0.031819868832826614
0.03767053037881851
0.03488822281360626
0.03532560542225838
0.031131355091929436
0.05406365543603897
0.05444452539086342
0.08914268761873245
0.045901622623205185
0.03417874500155449
0.03678489103913307
0.031408924609422684
0.03350916877388954
0.03089509718120098
0.02689315564930439
0.025527359917759895
0.026860930025577545
0.031040886417031288
0.027950609102845192
0.024254199117422104
0.032335732132196426
0.029208961874246597
0.033455587923526764
0.024377888068556786
0.026816992089152336
0.029888035729527473
0.02534531243145466
0.034866318106651306
0.030836137011647224
0.035724058747291565
no squeeze
1.06682288646698
0.5771077275276184
0.48026296496391296
0.41248199343681335
0.35754841566085815
0.3086223900318146
0.2821740210056305
0.25208213925361633
0.2226555496454239
0.20625247061252594
0.18686503171920776
0.17521916329860687
0.16231507062911987
0.15058481693267822
0.14153508841991425
0.1323336958885193
0.12584850192070007
0.12078414857387543
0.11252982914447784
0.10924359411001205
0.10670237988233566
0.1011316329240799
0.09290144592523575
0.09168113023042679
0.0862358808517456
0.08327002823352814
0.07888086885213852
0.07832358032464981
0.07687994092702866
0.07236490398645401
0.07130888849496841
0.07211900502443314
0.06748513877391815
0.06759687513113022
0.071487657725811
0.06512179225683212
0.06537187844514847
0.06049756333231926
0.05838705226778984
0.05807328596711159
0.05546650290489197
0.058032747358083725
0.06197803094983101
0.055364128202199936
0.05673596262931824
0.05756467208266258
0.05601338669657707
0.052123356610536575
0.04810776188969612
0.049193501472473145
0.046626459807157516
0.04657987505197525
0.045655831694602966
0.045319266617298126
0.04854382202029228
0.04632832109928131
0.04965053126215935
0.04649962857365608
0.04427798464894295
0.043675798922777176
0.046325501054525375
0.04139689728617668
0.0430024079978466
0.040599364787340164
0.03939879685640335
0.044202279299497604
0.04081898555159569
0.0412149652838707
0.04265039041638374
0.03979075327515602
0.04468022659420967
0.03876124694943428
0.037853073328733444
0.03977835178375244
0.03783555328845978
0.038400713354349136
0.03687461465597153
0.03788406401872635
0.03679117560386658
0.03936884179711342
0.03528689220547676
0.04053342342376709
0.03566940873861313
0.0393875390291214
0.03786145895719528
0.03715423867106438
0.036138150840997696
0.04076707735657692
0.034245070070028305
0.035576317459344864
0.03578955680131912
0.03391338884830475
0.031933389604091644
0.035335440188646317
0.03552306443452835
0.03679624944925308
0.03663923218846321
0.034244026988744736
0.03481141850352287
0.030888250097632408
0.0341586209833622
0.03561659902334213
0.032851651310920715
0.03314272314310074
0.032250188291072845
0.035859785974025726
0.03296016529202461
0.03320822864770889
0.031108317896723747
0.029771627858281136
0.030839135870337486
0.034057315438985825
0.03191836178302765
0.031501881778240204
0.031414926052093506
0.03045419603586197
0.03058025613427162
0.03083692491054535
0.03137268126010895
0.03149116039276123
no squeeze
0.797177791595459
0.28396254777908325
0.18926666676998138
0.15037141740322113
0.11805591732263565
0.10441961139440536
0.09294453263282776
0.08216722309589386
0.0723474770784378
0.06683479994535446
0.06434072554111481
0.058139607310295105
0.051268260926008224
0.05602091923356056
0.048319313675165176
0.04842425882816315
0.04219547659158707
0.04343840852379799
0.039087943732738495
0.039525266736745834
0.03494463115930557
0.03456905111670494
0.03656524792313576
0.033727847039699554
0.03663339465856552
0.03121429681777954
0.031175969168543816
0.0313962884247303
0.04023027420043945
0.030401179566979408
0.028296850621700287
0.028845498338341713
0.02519230544567108
0.02515767700970173
0.027825849130749702
0.02728060446679592
0.024381760507822037
0.025606689974665642
0.024197692051529884
0.024149443954229355
0.022278398275375366
0.02181142196059227
0.024055056273937225
0.023773645982146263
0.02663501165807247
0.020984072238206863
0.02296290546655655
0.02066449634730816
0.02143733575940132
0.021289298310875893
0.02161266654729843
0.02000626176595688
0.02102225460112095
0.020328039303421974
0.018348004668951035
0.02211669646203518
0.02089664898812771
0.019735753536224365
0.02070281282067299
0.01978214643895626
0.017626969143748283
0.018891790881752968
0.01965019293129444
0.017781540751457214
0.01863025315105915
0.021997710689902306
0.0173371359705925
0.020275747403502464
0.01854325458407402
0.016715800389647484
0.019191311672329903
0.020615365356206894
0.017259852960705757
0.017334453761577606
0.018371453508734703
0.017523618414998055
0.017803804948925972
0.01619086042046547
0.016277490183711052
0.01762974262237549
0.01899237371981144
0.019478987902402878
0.018054451793432236
0.017766481265425682
0.016566606238484383
0.014979174360632896
0.01639833301305771
0.014975783415138721
0.0168668944388628
0.015204167924821377
0.015348623506724834
0.01480705477297306
0.016574447974562645
0.016410378739237785
0.01578603871166706
0.014617318287491798
0.014450880698859692
0.015429303981363773
0.014109433628618717
0.013799360953271389
0.016988685354590416
0.015567846596240997
0.015047654509544373
0.01523579191416502
0.016437770798802376
0.015138574875891209
0.015362758189439774
0.013506677933037281
0.016337962821125984
0.015140767209231853
0.0139894038438797
0.015700433403253555
0.016913017258048058
0.013372814282774925
0.0151404133066535
0.01512350607663393
0.013690827414393425
0.012042909860610962
0.014681713655591011
0.013711998239159584
0.013346835970878601
0.014142187312245369
0.015553349629044533
0.013227652758359909
0.013232934288680553
0.015330950729548931
0.013064850121736526
0.01252222340553999
no squeeze
0.7067753076553345
0.2872271239757538
0.13563910126686096
0.11035102605819702
0.10052066296339035
0.08862654864788055
0.07811561971902847
0.10647395253181458
0.08972692489624023
0.06856611371040344
0.07571721076965332
0.07547535747289658
0.13131685554981232
0.07091554999351501
0.07795659452676773
0.08662153780460358
0.09863384813070297
0.08047324419021606
0.06676414608955383
0.08889990299940109
0.12113063782453537
0.07501427829265594
0.08557049930095673
0.13642941415309906
0.0793396607041359
0.06894288212060928
0.06291784346103668
0.07240702211856842
0.0661875307559967
0.06027001142501831
0.06312780827283859
0.07075323909521103
0.08933790028095245
0.06915094703435898
0.07680104672908783
0.07201626896858215
0.06623399257659912
0.07771492749452591
0.06095057353377342
0.070152148604393
