no squeeze
0.59560626745224
0.22604869306087494
0.13474999368190765
0.09263207018375397
0.07288149744272232
0.06250794231891632
0.057473331689834595
0.05560771003365517
0.05240527167916298
0.047450434416532516
0.04918484017252922
0.04700002074241638
0.044890355318784714
0.043887194246053696
0.04039642959833145
0.046002648770809174
0.043913643807172775
0.039703115820884705
0.04211060702800751
0.03980576992034912
0.03680554777383804
0.038763727992773056
0.03803437948226929
0.03641163930296898
0.038759492337703705
0.03774285688996315
0.03951553255319595
0.04302165284752846
0.03729557245969772
0.03813038393855095
0.03488202020525932
0.03679514303803444
0.0383729487657547
0.03450539708137512
0.035884540528059006
0.034492239356040955
0.035005323588848114
0.038021501153707504
0.03437801077961922
0.03632247447967529
0.03691881522536278
0.03731479123234749
0.03442785143852234
0.03251335769891739
0.031503960490226746
0.03528381139039993
0.032777149230241776
0.03268778324127197
0.03171489015221596
0.032710764557123184
0.03550156205892563
0.0327843576669693
0.03369204327464104
0.034654490649700165
0.03804657235741615
no squeeze
0.6001225709915161
0.16723866760730743
0.07330992817878723
0.04161832854151726
0.025339322164654732
0.016966626048088074
0.012622051872313023
0.01048359740525484
0.008188187144696712
0.005972736980766058
0.004863043315708637
0.004920078907161951
0.003938645124435425
0.0032872192095965147
0.0031898601446300745
0.002545760478824377
0.0019288088660687208
0.002982308389618993
0.0017623880412429571
0.0015551559627056122
0.0014228830114006996
0.0013870574766770005
0.001251901383511722
0.001326297759078443
0.0011099857510998845
0.0014661286259070039
0.0009587773238308728
0.0010453182039782405
0.000830522389151156
0.0011204892070963979
0.0037146471440792084
0.0015330316964536905
0.0010694644879549742
0.0010730252834036946
0.0007852474227547646
0.000606263056397438
0.0005802242667414248
0.0007798485457897186
0.00047230705968104303
0.0006791347987018526
0.0008853421895764768
0.0009954404085874557
0.0004358133883215487
0.0005659419111907482
0.0005436950596049428
0.00042166956700384617
0.00039732112782076
0.0007522485684603453
0.0004981356323696673
0.0006385224987752736
0.0003609968116506934
0.000358992867404595
0.00039937192923389375
0.00035645641037262976
0.00040088663809001446
0.0002673731360118836
0.0006089135422371328
0.0003117424203082919
0.0002638028236106038
0.0004442192439455539
0.0002583967288956046
0.00033662194618955255
0.00035731951356865466
0.0002713125431910157
0.00033845301368273795
0.0003842261794488877
0.00022130249999463558
0.00024836737429723144
0.000222353424760513
0.00028367125196382403
0.0002643554180394858
0.0006439140997827053
0.0007259043049998581
0.0011089821346104145
0.0025362141896039248
0.0013334802351891994
0.0005147521733306348
no squeeze
0.7039318084716797
0.3286859393119812
0.23288537561893463
0.1561291515827179
0.11406835168600082
0.09075461328029633
0.07146745175123215
0.05480324476957321
0.05483783036470413
0.0424841046333313
0.03388402611017227
0.032522011548280716
0.02723373845219612
0.023122919723391533
0.022473156452178955
0.019074540585279465
0.02234639599919319
0.017521081492304802
0.014058508910238743
0.017792271450161934
0.012589752674102783
0.011629684828221798
0.010482223704457283
0.008301319554448128
0.008925072848796844
0.007316877134144306
0.0075610619969666
0.0065256403759121895
0.0060191890224814415
0.005800885148346424
0.005182377062737942
0.004700861405581236
0.004495404195040464
0.004432606045156717
0.00392192043364048
0.00382003141567111
0.0046244733966887
0.008238819427788258
0.00387995271012187
0.0032474419567734003
0.002695103408768773
0.0026657285634428263
0.002589269308373332
0.002363701816648245
0.0022761006839573383
0.002818886423483491
0.0022960109636187553
0.00205490505322814
0.002067673485726118
0.001960266614332795
0.0018323917174711823
0.001893815235234797
0.0017099188407883048
0.0016762124141678214
0.0016531578730791807
0.0015306835994124413
0.0014221483143046498
0.0014900192618370056
0.0014018825022503734
0.0013441231567412615
0.0013165412237867713
0.001469598850235343
0.0014242889592424035
0.0013400603784248233
0.001091588637791574
0.0010183961130678654
0.001725773443467915
0.0012370548211038113
0.0021352386102080345
0.0008840278605930507
0.0009655352914705873
0.0008209533989429474
0.0008617066196165979
0.0008726785308681428
0.0007162611582316458
0.0007907442050054669
0.0007922752993181348
0.0011394043685868382
0.0006449918728321791
0.0007889983244240284
0.0006482964963652194
0.001067468780092895
0.0012267386773601174
0.0006874784594401717
0.0006063287146389484
0.0005537144606932998
0.0004974352195858955
0.0004685104941017926
0.0007769155199639499
0.0004982923856005073
0.0006143536302261055
0.00042187044164165854
0.00037217087810859084
0.001235593343153596
0.0005176685517653823
0.000438246235717088
0.00038292439421638846
0.000405387778300792
0.00035525482962839305
0.0013565592234954238
0.0006629789713770151
0.00042185228085145354
0.0005484234425239265
0.0003561519260983914
0.0002810670994222164
0.0003192682925146073
0.00136370281688869
0.03096160478889942
0.05199745297431946
0.006300730165094137
0.003182344837114215
0.0014517001109197736
0.0006097370060160756
0.00033169882954098284
0.000257426145253703
0.000329203117871657
0.00018540286691859365
0.00019837560830637813
0.0002149609208572656
0.00021552127145696431
0.00028528933762572706
0.00031719825346954167
0.00019369834626559168
0.00019583827815949917
0.000207814053283073
0.0001609635364729911
0.00016576593043282628
0.00014248030493035913
0.0001907665136968717
0.00015005235036369413
0.00015242720837704837
0.00013807101640850306
0.00014846226258669049
0.00013071601279079914
0.00023412829614244401
0.00020836388284806162
0.00020568427862599492
0.00015550016541965306
0.00010979936632793397
0.00012261555821169168
0.0001436500606359914
0.00015097283176146448
0.00011479191016405821
0.00018266784900333732
0.00014242476026993245
0.00010953577293548733
0.00010665553418220952
0.0001508415152784437
0.00018048539641313255
0.00021658475452568382
0.0001002549470285885
0.00015537584840785712
0.00027381826657801867
0.00028253457276150584
0.00011360923235770315
9.848493209574372e-05
0.00018894004460889846
0.0013901813654229045
0.0003555395232979208
0.0004096884513273835
0.00019222532864660025
0.0002818453940562904
0.0008090112823992968
0.0015330032911151648
0.0004683912848122418
0.0005842893151566386
no squeeze
0.9665405750274658
0.6175029277801514
0.5029016137123108
0.4303107261657715
0.36696377396583557
0.3243606686592102
0.2849403917789459
0.2522619366645813
0.2227100282907486
0.2017589956521988
0.1834939867258072
0.16570325195789337
0.1535964012145996
0.1422579139471054
0.13216650485992432
0.12205056846141815
0.11658820509910583
0.10847373306751251
0.10425630211830139
0.09578751027584076
0.09194039553403854
0.0904720202088356
0.0828624963760376
0.08177702128887177
0.07752807438373566
0.07389844208955765
0.07484712451696396
0.07020261138677597
0.06894195824861526
0.0675622820854187
0.0648866519331932
0.06241455674171448
0.060397516936063766
0.06204095482826233
0.06160866469144821
0.05928266420960426
0.05783991888165474
0.05541173741221428
0.055040452629327774
0.05385433882474899
0.0557531863451004
0.053445082157850266
0.05098795145750046
0.05051383748650551
0.0501399040222168
0.05189162492752075
0.05084982514381409
0.04740692302584648
0.048378173261880875
0.046226534992456436
0.0489044114947319
0.044976718723773956
0.04505461826920509
0.045922961086034775
0.046539850533008575
0.04429322108626366
0.042996056377887726
0.041162751615047455
0.042620908468961716
0.04254049435257912
0.04145528003573418
0.04011617973446846
0.04331790283322334
0.04172110930085182
0.04049725830554962
0.039325863122940063
0.039709918200969696
0.03922910615801811
0.04069911688566208
0.038392018526792526
0.038653258234262466
0.03871355950832367
0.03700416162610054
0.037856604903936386
0.037666887044906616
0.03734023496508598
0.03637145459651947
0.03647821769118309
0.03690829128026962
0.035299431532621384
0.036187220364809036
0.03733813017606735
0.03720716014504433
0.0362955778837204
0.03532103821635246
0.03524746745824814
0.035426508635282516
0.03464271500706673
0.03383559361100197
0.03410209342837334
0.033305052667856216
0.03388695791363716
0.03549543023109436
0.03299662098288536
0.03329536318778992
0.03293620049953461
0.03279908373951912
0.03373635187745094
0.03223912790417671
0.031966518610715866
0.033078234642744064
0.03268955275416374
0.033848926424980164
0.03167117387056351
0.030670983716845512
0.03234369680285454
0.03209862858057022
0.03151938319206238
0.0336795300245285
0.03196726366877556
0.032999180257320404
0.032861921936273575
0.03082484006881714
0.030294597148895264
0.03093375451862812
0.029629068449139595
0.031499531120061874
0.030254188925027847
0.029343459755182266
0.032525695860385895
0.030218025669455528
0.029597878456115723
0.030223127454519272
0.02983034774661064
0.030129002407193184
0.029909707605838776
0.030577024444937706
0.029833534732460976
0.030812563374638557
no squeeze
0.6130419373512268
0.2662276327610016
0.18400268256664276
0.13552212715148926
0.10593748837709427
0.09077753871679306
0.07705634087324142
0.06697367131710052
0.06187571957707405
0.05555742606520653
0.05103251710534096
0.04655097424983978
0.04322677478194237
0.04187465459108353
0.03913566470146179
0.03666402027010918
0.03458581119775772
0.03340218961238861
0.03243854269385338
0.02964666858315468
0.02967994660139084
0.028916602954268456
0.027461454272270203
0.025886915624141693
0.0280159879475832
0.024265706539154053
0.024201147258281708
0.023783737793564796
0.023757442831993103
0.022350246086716652
0.023045029491186142
0.021619921550154686
0.020791804417967796
0.0200631283223629
0.019794268533587456
0.023111959919333458
0.020564595237374306
0.019907500594854355
0.01949254423379898
0.018142106011509895
0.018763471394777298
0.019081372767686844
0.018275698646903038
0.018055804073810577
0.01651078835129738
0.01808137632906437
0.01725134439766407
0.01752946525812149
0.015834327787160873
0.017655881121754646
0.017154956236481667
0.01690399833023548
0.016207413747906685
0.014767426066100597
0.017611417919397354
0.0146713862195611
0.01576882414519787
0.01660243794322014
0.015386358834803104
0.01444919966161251
0.014995774254202843
0.014405015856027603
0.013939009979367256
0.014823793433606625
0.013589700683951378
0.01345887966454029
0.013256852515041828
0.013609207235276699
0.012941116467118263
0.014312656596302986
0.013285919092595577
0.012685242109000683
0.01433555781841278
0.012404688633978367
0.012085884809494019
0.013429032638669014
0.013716047629714012
0.013104700483381748
0.013342893682420254
0.012667076662182808
0.01188885048031807
0.013070271350443363
0.012466181069612503
0.01284403633326292
0.012592070735991001
0.01154385693371296
0.013381057418882847
0.014020498842000961
0.011624503880739212
0.01213633082807064
0.011439255438745022
0.011506528593599796
0.012497609481215477
0.011582107283174992
0.013296950608491898
0.011245526373386383
0.011749777011573315
0.011279952712357044
0.011014929972589016
0.011701472103595734
0.011191981844604015
0.011663280427455902
0.013018236495554447
0.012131253257393837
0.011022348888218403
0.011752257123589516
0.011123990640044212
0.012248753570020199
0.010996988974511623
0.01063512172549963
0.010640022344887257
0.010570182465016842
0.01129140704870224
0.010411943309009075
0.010276205837726593
0.010681101121008396
0.010655035264790058
0.009487076662480831
0.010763607919216156
0.01051014382392168
0.01087969820946455
0.010126397013664246
0.011394458822906017
0.010736040771007538
0.01023082621395588
0.01086321659386158
0.010646967217326164
0.009853515774011612
no squeeze
0.47009462118148804
0.14989249408245087
0.0952470675110817
0.08393757790327072
0.0828637033700943
0.07258498668670654
0.06895867735147476
0.07181204855442047
0.07775887846946716
0.0644650086760521
0.07337045669555664
0.07092154026031494
0.07899194955825806
0.07020273059606552
0.06235398352146149
0.0612955279648304
0.06624163687229156
0.06769849359989166
0.06276316940784454
0.06231289356946945
0.06177832558751106
0.06287796050310135
0.0631859302520752
0.05951256304979324
0.0586317777633667
0.06318744271993637
0.05960268899798393
0.06570102274417877
0.0661371499300003
0.06099327653646469
0.05876610428094864
0.06073860079050064
0.0596439503133297
0.06901655346155167
0.0669713094830513
