no squeeze
1.2009471654891968
0.4446953237056732
0.24783414602279663
0.16877685487270355
0.13944651186466217
0.11258429288864136
0.10258115828037262
0.09010481834411621
0.08853497356176376
0.07598697394132614
0.07063222676515579
0.06816065311431885
0.0661989152431488
0.0576847605407238
0.05446331948041916
0.05279415100812912
0.04563835635781288
0.05417851358652115
0.05347902700304985
0.04257550090551376
0.04725058376789093
0.04039609059691429
0.03900042921304703
0.0418231338262558
0.04150555655360222
0.0400814451277256
0.05298810452222824
0.048586342483758926
0.04215887188911438
0.03891158476471901
0.03860628604888916
0.03576952964067459
0.039673320949077606
0.03840408846735954
0.03464244306087494
0.03802250325679779
0.034871429204940796
0.03695767745375633
0.03416972607374191
0.04228699207305908
0.04101279377937317
0.037946917116642
0.03234095871448517
0.03958512470126152
0.03724217414855957
0.03980107232928276
0.033027004450559616
0.03135412558913231
0.031475964933633804
0.03535705804824829
0.03574928641319275
0.03265664726495743
0.03540550172328949
0.03038707748055458
0.03681321442127228
0.03399309515953064
0.03171023726463318
0.03330625593662262
0.037347689270973206
0.03383767604827881
0.03544574975967407
0.032433733344078064
0.03643399477005005
0.033126045018434525
no squeeze
1.4473036527633667
0.42300546169281006
0.2256941944360733
0.16075856983661652
0.11288325488567352
0.08829594403505325
0.07875289767980576
0.06383689492940903
0.06025758385658264
0.051025938242673874
0.05101148411631584
0.06035812944173813
0.04100210592150688
0.04309273138642311
0.04137485474348068
0.04063573479652405
0.042270779609680176
0.038192130625247955
0.036535199731588364
0.03399643301963806
0.03264441713690758
0.03343397006392479
0.032200343906879425
0.03230932354927063
0.033123794943094254
0.030472980812191963
0.030298199504613876
0.03103850595653057
0.029394671320915222
0.030547544360160828
0.03198285400867462
0.03174789249897003
0.031241239979863167
0.0346936471760273
0.02865571901202202
0.028234058991074562
0.029828224331140518
0.03345492482185364
0.031078176572918892
0.02845003455877304
0.032069966197013855
0.03653285279870033
0.03132212534546852
0.03075142204761505
0.032903071492910385
0.03545229509472847
no squeeze
1.4435539245605469
0.62332683801651
0.43791502714157104
0.31759896874427795
0.24897317588329315
0.21117466688156128
0.19451628625392914
0.16451925039291382
0.11945100128650665
0.12216008454561234
0.09997045248746872
0.08716563880443573
0.08055216073989868
0.07201728969812393
0.08699007332324982
0.07086862623691559
0.0801815614104271
0.05529686063528061
0.06392456591129303
0.054269660264253616
0.04397209733724594
0.04490736499428749
0.05630437284708023
0.048407576978206635
0.03493919596076012
0.03834044560790062
0.037023771554231644
0.04383502155542374
0.030317971482872963
0.035173363983631134
0.037019189447164536
0.03063425049185753
0.03864501789212227
0.032289840281009674
0.03448858857154846
0.0359993651509285
0.04024280607700348
0.029949836432933807
0.04096796363592148
0.03133569285273552
0.033034369349479675
0.029113514348864555
0.02478407323360443
0.038455165922641754
0.025291986763477325
0.030089933425188065
0.028641534969210625
0.028986681252717972
0.02273661270737648
0.021639641374349594
0.02541024051606655
0.029552005231380463
0.03275710716843605
0.019975734874606133
0.032464299350976944
0.02437339909374714
0.02282622642815113
0.023153094574809074
0.01736886240541935
0.017370041459798813
0.01662072353065014
0.01878398284316063
0.018444690853357315
0.01724950596690178
0.018783308565616608
0.028139928355813026
0.02903560921549797
0.04174363613128662
0.035529542714357376
0.018643222749233246
0.017229536548256874
no squeeze
1.2941712141036987
0.6913734674453735
0.5561695098876953
0.4804268777370453
0.41369181871414185
0.37438589334487915
0.3318735659122467
0.2993668019771576
0.2697198688983917
0.25838667154312134
0.2339686006307602
0.21316473186016083
0.20966269075870514
0.18813252449035645
0.17394982278347015
0.16544076800346375
0.16274911165237427
0.14464284479618073
0.13645677268505096
0.1293066143989563
0.1184854730963707
0.11744479089975357
0.11229275912046432
0.10626149922609329
0.09997107833623886
0.100792296230793
0.09240934997797012
0.0887816846370697
0.0826580598950386
0.07820989191532135
0.07614900916814804
0.07716039568185806
0.07138422876596451
0.07099102437496185
0.06630924344062805
0.06625165045261383
0.0719008520245552
0.062490470707416534
0.06137940660119057
0.05975555628538132
0.05697394907474518
0.055213361978530884
0.0557757131755352
0.057879336178302765
0.056462664157152176
0.05061163380742073
0.05111559107899666
0.05028281360864639
0.049318138509988785
0.05065533146262169
0.04760156199336052
0.04843807965517044
0.04511041194200516
0.04700986295938492
0.04814090579748154
0.0464618019759655
0.04579895734786987
0.0423077717423439
0.0430644154548645
0.04307206720113754
0.04419610649347305
0.043132100254297256
0.04080261290073395
0.04068652540445328
0.0413183756172657
0.04242265969514847
0.03891492635011673
0.04009643569588661
0.042897190898656845
0.03745241090655327
0.03803868219256401
0.03975473716855049
0.0368657223880291
0.03630334511399269
0.038870327174663544
0.038295261561870575
0.03644091263413429
0.034953586757183075
0.03460518270730972
0.03693624585866928
0.038054294884204865
0.03706233948469162
0.033878568559885025
0.03349282220005989
0.03382425755262375
0.03262520208954811
0.03459467366337776
0.03252169117331505
0.0337698794901371
0.03261030465364456
0.03306450694799423
0.0337006077170372
0.03033711574971676
0.03009895049035549
0.03210129961371422
0.031511493027210236
0.02900245413184166
0.0283171646296978
0.031061653047800064
0.03230004385113716
0.03236023336648941
0.029337387531995773
0.031835973262786865
0.03060135245323181
0.028250837698578835
0.03206697106361389
0.030376749113202095
0.029952723532915115
0.027800139039754868
0.0292979683727026
0.027365323156118393
0.0296619962900877
0.02873622626066208
0.027517303824424744
0.029272394254803658
0.028213242068886757
0.030905770137906075
0.03191418573260307
0.025937143713235855
0.025572940707206726
0.026392057538032532
0.025163723155856133
0.025446899235248566
0.025127427652478218
0.02599942684173584
0.026602748781442642
0.024942824617028236
0.024416344240307808
0.026696717366576195
0.027690567076206207
0.02447347156703472
0.025254076346755028
0.025213181972503662
0.024257801473140717
0.023961493745446205
0.024058539420366287
0.024795832112431526
0.025523299351334572
0.025345461443066597
0.025498636066913605
0.024009179323911667
0.029822343960404396
0.02532830834388733
0.022293642163276672
0.024636458605527878
0.022824320942163467
0.02399492636322975
0.022358499467372894
0.02297711744904518
0.022280877456068993
0.02364470064640045
0.022075230255723
0.02373560331761837
0.02332610823214054
0.021982280537486076
0.02594151720404625
0.02136567421257496
0.022842248901724815
0.022818975150585175
0.021605979651212692
0.021296316757798195
0.02095639333128929
0.021571336314082146
0.02350487932562828
0.021515818312764168
0.021644359454512596
0.02184661105275154
0.020575443282723427
0.01982949860394001
0.02067793346941471
0.02160155586898327
0.02122381329536438
0.020859768614172935
0.01970836892724037
0.02140263468027115
0.01914597488939762
0.02027086541056633
0.01919359713792801
0.02118588052690029
0.019825618714094162
0.01966717652976513
0.01977943442761898
0.021562425419688225
0.022129405289888382
0.022120144218206406
0.02029137685894966
no squeeze
1.2524173259735107
0.5054267644882202
0.3476569652557373
0.2635389268398285
0.2006763368844986
0.1639558970928192
0.13969968259334564
0.1181991845369339
0.10609403997659683
0.0963401272892952
0.0867747813463211
0.07720888406038284
0.07366184145212173
0.06653372943401337
0.062290772795677185
0.05601312592625618
0.06014048680663109
0.04628092423081398
0.04557870328426361
0.04269282519817352
0.04267892241477966
0.038785237818956375
0.03775344043970108
0.0356852263212204
0.03548399358987808
0.03297324478626251
0.030616329982876778
0.03333232179284096
0.032014209777116776
0.032273389399051666
0.02976755052804947
0.025174373760819435
0.023214781656861305
0.027050310745835304
0.025496425107121468
0.027031371369957924
0.023058468475937843
0.02168719284236431
0.02127971313893795
0.022232312709093094
0.01899736002087593
0.0205864105373621
0.021510621532797813
0.019140183925628662
0.023648034781217575
0.01909453421831131
0.018166692927479744
0.016757918521761894
0.01821695826947689
0.016380589455366135
0.01623670570552349
0.020885981619358063
0.016842016950249672
0.015528491698205471
0.016846168786287308
0.017949823290109634
0.017057590186595917
0.024415696039795876
0.015594261698424816
0.014389337040483952
0.017208732664585114
0.015997977927327156
0.015344945713877678
0.01573745347559452
0.015079183503985405
0.013047355227172375
0.013007767498493195
0.013140276074409485
0.01408560760319233
0.012317581102252007
0.016231395304203033
0.011662269942462444
0.011302671395242214
0.013997702859342098
0.012385080568492413
0.014803328551352024
0.01403634063899517
0.014020239003002644
0.01142265647649765
0.011059682816267014
0.014922266826033592
0.011311495676636696
0.010341809131205082
0.01033744402229786
0.011224138550460339
0.012383941560983658
0.009695945307612419
0.009781887754797935
0.011303965002298355
0.010190270841121674
0.01002917904406786
0.00997169129550457
0.009307862259447575
0.009624723345041275
0.011832981370389462
0.010202891193330288
0.009958759881556034
0.011161464266479015
0.008123845793306828
0.012577101588249207
0.010958502069115639
0.00943456869572401
0.008373694494366646
0.007894888520240784
0.009930235333740711
0.008084009401500225
0.008479597046971321
0.012859511189162731
0.012242769822478294
0.008093344047665596
0.010418885387480259
0.011036230251193047
0.012288523837924004
0.00900419894605875
no squeeze
1.031664490699768
0.32641899585723877
0.19648435711860657
0.1593887060880661
0.15409116446971893
0.12074246257543564
0.10496518760919571
0.10386814922094345
0.1041824221611023
0.1028992086648941
0.0873161181807518
0.09106601774692535
0.12488728016614914
0.10042808204889297
0.08344216644763947
0.08334922045469284
0.08789244294166565
0.0807376503944397
0.07429557293653488
0.09442947059869766
0.10366618633270264
0.07910674065351486
0.07199979573488235
0.07938380539417267
0.07589156180620193
0.11387041956186295
0.06696244329214096
0.09128646552562714
0.09212803095579147
0.08364904671907425
0.07031344622373581
0.0758967250585556
0.06748183071613312
0.06612593680620193
0.06379812955856323
0.07953479886054993
0.07764967530965805
0.07300246506929398
0.06915250420570374
0.07392771542072296
0.06370391696691513
0.07145170867443085
0.07719115912914276
0.07545303553342819
0.08959018439054489
0.0657181441783905
0.07710044831037521
0.07176747918128967
0.07373488694429398
0.06681330502033234
0.06873561441898346
