no squeeze
0.7360712289810181
0.23194758594036102
0.10819113254547119
0.0554107241332531
0.034616850316524506
0.022129405289888382
0.017596667632460594
0.011795217171311378
0.010740004479885101
0.00849415734410286
0.0061344667337834835
0.00408772611990571
0.0035927125718444586
0.0033838043455034494
0.0034900254104286432
0.0025311794597655535
0.002390094567090273
0.0017797491746023297
0.0019289352931082249
0.001519189216196537
0.0015973506961017847
0.0011494673090055585
0.0014723961940035224
0.0009579281904734671
0.0016665071016177535
0.001007900689728558
0.0008148911292664707
0.000751109910197556
0.0009073196561075747
0.0006669306312687695
0.0012737746583297849
0.0008549356134608388
0.0006212363950908184
0.0007775133126415312
0.0007241448038257658
0.0004328744544181973
0.0010038047330453992
0.0007819185266271234
0.0005187280476093292
0.0005139464628882706
0.00036338623613119125
0.00036769305006600916
0.00033005085424520075
0.000286780355963856
0.000305776484310627
0.000712356180883944
0.0003204024105798453
0.0005043655983172357
0.00033044899464584887
0.00045737074106000364
0.0003699585795402527
0.0002798585337586701
0.000782644608989358
0.0003866870538331568
0.0006020551663823426
0.00025692113558761775
0.0002846242568921298
0.0004955690819770098
0.00030083119054324925
0.00024120838497765362
0.0004981358652003109
0.00045393253094516695
0.00018112597172148526
0.0005069561884738505
0.00019922303908970207
0.00037646255805157125
0.005754175595939159
0.0012682719388976693
0.00033948582131415606
0.0002846510033123195
0.0002899512182921171
0.0003563090867828578
0.0007804296910762787
no squeeze
0.8653450012207031
0.2626151442527771
0.1586412489414215
0.1055840253829956
0.0838906466960907
0.06968618184328079
0.06532994657754898
0.057227060198783875
0.05771033093333244
0.05135249346494675
0.046612679958343506
0.04527181014418602
0.042785730212926865
0.04550077021121979
0.045576535165309906
0.037789300084114075
0.04020985960960388
0.038777343928813934
0.03501905873417854
0.038672447204589844
0.03927484154701233
0.0382327064871788
0.03815606236457825
0.036579567939043045
0.03491103649139404
0.036130864173173904
0.03458928316831589
0.031952522695064545
0.03530909866094589
0.03328162804245949
0.03556669503450394
0.03231514245271683
0.031326573342084885
0.03196372091770172
0.03404214233160019
0.03350909426808357
0.031733300536870956
0.03356976434588432
0.03639267012476921
0.03159032389521599
0.03510057553648949
0.03156556561589241
0.03220281004905701
no squeeze
0.732722282409668
0.3475220799446106
0.23050418496131897
0.17070968449115753
0.1275242269039154
0.08982876688241959
0.07058901339769363
0.061781417578458786
0.05430005490779877
0.037203822284936905
0.032755594700574875
0.03019784577190876
0.022555941715836525
0.021433979272842407
0.017316436395049095
0.015434679575264454
0.014253470115363598
0.013094230554997921
0.010733776725828648
0.009408818557858467
0.008766315877437592
0.00857611745595932
0.008410387672483921
0.007568186614662409
0.009589297696948051
0.006949997507035732
0.006337796337902546
0.005597221199423075
0.0048360819928348064
0.004656892269849777
0.004026407841593027
0.004049136769026518
0.003652143059298396
0.0038579110987484455
0.003994478844106197
0.004741462413221598
0.006531847175210714
0.0038280480075627565
0.0029065466951578856
0.0032488033175468445
0.002587999915704131
0.0026250306982547045
0.0023616214748471975
0.0031191292218863964
0.002338178688660264
0.002865467220544815
0.006326162721961737
0.0032162596471607685
0.005974981933832169
0.003880159230902791
0.0023504069540649652
0.0019099254859611392
0.0016077890759333968
0.0015052075032144785
0.002101694233715534
0.0013921858044341207
0.001475552679039538
0.0014595414977520704
0.0014447255525738
0.0014258659211918712
0.0012737307697534561
0.0018069167854264379
0.0013795060804113746
0.001082061673514545
0.0016584685072302818
0.0010738049168139696
0.0010787962237372994
0.0010838230373337865
0.0010413584532216191
0.001017752569168806
0.0010384646011516452
0.0009402023279108107
0.000737601425498724
0.000758070033043623
0.0006688879802823067
0.0015469288919121027
0.0009587648673914373
0.0008004137198440731
0.0007047306280583143
0.0008138621342368424
0.0018362703267484903
0.0019315562676638365
0.0016445835353806615
0.0012016623513773084
0.000803031143732369
no squeeze
0.8459761738777161
0.4516003727912903
0.36587145924568176
0.3110206127166748
0.2698429226875305
0.24084468185901642
0.21393311023712158
0.19325755536556244
0.17432615160942078
0.1650775671005249
0.15670761466026306
0.14462339878082275
0.13221202790737152
0.12146934866905212
0.11552416533231735
0.11085839569568634
0.11210941523313522
0.10054337978363037
0.09546194225549698
0.09467517584562302
0.08746188133955002
0.08336371183395386
0.08466064184904099
0.08136343210935593
0.07402953505516052
0.07365618646144867
0.06968480348587036
0.06693512201309204
0.06697041541337967
0.06798569858074188
0.06381236761808395
0.0601632259786129
0.060267020016908646
0.05870240181684494
0.05602114275097847
0.05402020364999771
0.05403675138950348
0.05120166018605232
0.04972505941987038
0.049414027482271194
0.051424819976091385
0.050104133784770966
0.046397577971220016
0.04586862027645111
0.04547841474413872
0.04368516430258751
0.04443018510937691
0.043529823422431946
0.04367780685424805
0.04629446938633919
0.04159011319279671
0.04141877964138985
0.04226714000105858
0.04116883501410484
0.03892955929040909
0.040053609758615494
0.040672898292541504
0.03902637958526611
0.03829335793852806
0.0393897220492363
0.03919927775859833
0.03922608867287636
0.03813592717051506
0.03669863939285278
0.035934098064899445
0.03768334910273552
0.038844503462314606
0.03672708198428154
0.03473421558737755
0.03601834177970886
0.03553258627653122
0.035227082669734955
0.03653161972761154
0.033490974456071854
0.03565891832113266
0.03556784242391586
0.03525499999523163
0.03457941859960556
0.03344012796878815
0.03249359875917435
0.03359388932585716
0.03357434645295143
0.03221100568771362
0.03289877250790596
0.033418066799640656
0.03184554725885391
0.0323273241519928
0.031797315925359726
0.03193342313170433
0.0319964773952961
0.031200330704450607
0.03039071522653103
0.03167256712913513
0.030101239681243896
0.03305304795503616
0.031095629557967186
0.032898347824811935
0.031564343720674515
0.030489657074213028
0.031099412590265274
0.032602936029434204
0.029836352914571762
0.0339074432849884
0.03129185736179352
0.02968616783618927
0.03127913177013397
0.03073897771537304
0.030337128788232803
0.03067105822265148
0.030031800270080566
0.0317179411649704
0.029087677597999573
0.029410263523459435
0.02914130501449108
0.02982296422123909
0.0313335619866848
0.02834392338991165
0.029787156730890274
0.029374931007623672
0.03092850372195244
0.02931280806660652
0.028329437598586082
0.028460368514060974
0.029412677511572838
0.028265777975320816
0.02825162559747696
0.027893655002117157
0.027901366353034973
0.028679948300123215
0.028186867013573647
0.028894979506731033
0.027966493740677834
0.027390947565436363
0.028410615399479866
0.028978880494832993
0.027683770284056664
0.02650643326342106
0.027391774579882622
0.02903631702065468
0.02835598587989807
0.028461826965212822
0.028638964518904686
0.027033397927880287
0.028181547299027443
0.02774539589881897
0.02821369469165802
0.025540854781866074
0.028166163712739944
0.026755476370453835
0.0266552846878767
0.028088949620723724
0.026342090219259262
0.025969259440898895
0.026339882984757423
0.02961616963148117
0.026538200676441193
0.025861283764243126
no squeeze
0.7715588808059692
0.3310166001319885
0.24231378734111786
0.18191035091876984
0.1442485749721527
0.12874531745910645
0.1048402339220047
0.09504549950361252
0.08379290252923965
0.07473444193601608
0.06696692854166031
0.06458444148302078
0.06111304834485054
0.056111350655555725
0.05401448532938957
0.04898661747574806
0.04840733855962753
0.04406548663973808
0.044579192996025085
0.04090505465865135
0.039616331458091736
0.03996898978948593
0.03815629333257675
0.03716042637825012
0.03230882063508034
0.03186256065964699
0.0312296524643898
0.031142817810177803
0.032200444489717484
0.029942587018013
0.029128672555088997
0.029496589675545692
0.02736281044781208
0.027892615646123886
0.025760622695088387
0.0252057071775198
0.02424689009785652
0.02499167062342167
0.025652363896369934
0.02584397979080677
0.024718940258026123
0.023287376388907433
0.021224889904260635
0.02240924723446369
0.022025298327207565
0.021398046985268593
0.022548139095306396
0.02382582239806652
0.0232529416680336
0.02273133024573326
0.02218904159963131
0.02022619917988777
0.020063770934939384
0.020014893263578415
0.019072556868195534
0.0215300340205431
0.019244305789470673
0.02016700804233551
0.021769143640995026
0.01934238150715828
0.018350807949900627
0.01781786046922207
0.017386293038725853
0.017784753814339638
0.019478563219308853
0.0167254488915205
0.015525282360613346
0.018129313364624977
0.017666462808847427
0.016210226342082024
0.018582995980978012
0.015888074412941933
0.01538276020437479
0.016433635726571083
0.014803104102611542
0.016930265352129936
0.016945188865065575
0.01656196266412735
0.016339655965566635
0.014804039150476456
0.015758024528622627
0.014570911414921284
0.017113350331783295
0.01520354300737381
0.014405911788344383
0.01445421390235424
0.015334115363657475
0.014056522399187088
0.015334314666688442
0.014120250009000301
0.013927757740020752
0.01529551949352026
0.01326528750360012
0.014160503633320332
0.014331210404634476
0.014235933311283588
0.013412595726549625
0.01446544285863638
0.01603006385266781
0.014805154874920845
0.01363036036491394
0.014361536130309105
0.013575479388237
no squeeze
0.5003460049629211
0.20566000044345856
0.11501830071210861
0.09224534034729004
0.07945410907268524
0.0804913192987442
0.07422641664743423
0.08503060042858124
0.06802447140216827
0.06865145266056061
0.06372123211622238
0.06624855101108551
0.06269571930170059
0.0646040067076683
0.06565824896097183
0.06149502098560333
0.0643157884478569
0.061935387551784515
0.06075923889875412
0.05945182591676712
0.059214793145656586
0.06032577157020569
0.05980468541383743
0.06269393861293793
0.0615188330411911
0.06269653141498566
0.06054709479212761
0.06739968806505203
0.0626368597149849
0.06063248962163925
0.06597266346216202
