no squeeze
0.5743684768676758
0.22166775166988373
0.12999866902828217
0.08667891472578049
0.06872981786727905
0.06025472655892372
0.05345982313156128
0.046514954417943954
0.0453573539853096
0.047065313905477524
0.04176265746355057
0.04068886488676071
0.04162897914648056
0.037955500185489655
0.04112115502357483
0.03699763864278793
0.039076607674360275
0.03899279609322548
0.03301259130239487
0.03638346493244171
0.0341346375644207
0.0355551615357399
0.035268548876047134
0.03432467207312584
0.03322573006153107
0.033571746200323105
0.03347611054778099
0.03509118780493736
0.03222615644335747
0.03365767374634743
0.03268624469637871
0.03912801295518875
0.03174230456352234
0.03475940227508545
0.032144319266080856
0.03282609209418297
0.03209925442934036
0.03156718611717224
0.03333730250597
0.03424312174320221
0.03230442851781845
0.031024213880300522
0.030842388048768044
0.03277590498328209
0.033049896359443665
0.03270317614078522
0.03241725265979767
0.03490426391363144
0.03536822274327278
0.031433843076229095
0.030771195888519287
0.03017573617398739
0.03044464997947216
0.033744927495718
0.03358737751841545
0.030021818354725838
0.030285954475402832
0.030472930520772934
0.03379186615347862
0.03205940127372742
0.029421096667647362
0.029695408418774605
0.03079874813556671
0.030754875391721725
0.02991918846964836
0.03067936934530735
0.029680028557777405
0.02917436510324478
0.028873300179839134
0.030542513355612755
0.03259814530611038
0.028847994282841682
0.029675491154193878
0.03134958818554878
0.030002448707818985
0.029982732608914375
0.02774003893136978
0.03287264332175255
0.0311842430382967
0.03053036518394947
0.029367724433541298
0.029707806184887886
0.03190160542726517
0.02836795523762703
0.0275791734457016
0.030480429530143738
0.027924319729208946
0.031400494277477264
0.028409555554389954
0.02835736982524395
0.030435023829340935
0.029182396829128265
0.027747849002480507
0.028916914016008377
0.02863398753106594
no squeeze
0.547032356262207
0.16688106954097748
0.07064367830753326
0.035412292927503586
0.021372579038143158
0.014310341328382492
0.009082935750484467
0.009102285839617252
0.0055605689994990826
0.007197639439254999
0.0052850316278636456
0.0043731871992349625
0.0023642892483621836
0.002132106339558959
0.0016866542864590883
0.0015779228415340185
0.0016310419887304306
0.0015442451694980264
0.0013877145247533917
0.0011982625583186746
0.000989308930002153
0.0009364759316667914
0.0008882029796950519
0.0009906921768561006
0.0007052617147564888
0.0007572640897706151
0.0007696052198298275
0.0006497990107163787
0.0006727484869770706
0.0005317704635672271
0.0004960345686413348
0.0005404604598879814
0.000512322352733463
0.00045119007700122893
0.00040929336682893336
0.0004324371984694153
0.00043416398693807423
0.00039392535109072924
0.00040815596003085375
0.00033024215372279286
0.00040564750088378787
0.0004560895322356373
0.0002930019109044224
0.0003165073285344988
0.00025706010637804866
0.00021748262224718928
0.0002369373250985518
0.0003141563793178648
0.00026259224978275597
0.0005171166267246008
0.00031097649480216205
0.0002853252808563411
0.00017987436149269342
0.0002315069577889517
0.0001793058036128059
0.00022421679750550538
0.0001813236449379474
0.00018745960551314056
0.0006510688690468669
0.00025802571326494217
0.0003319720854051411
0.00032173588988371193
0.00021910156647209078
0.00018751855532173067
0.00029089514282532036
no squeeze
0.5912811160087585
0.362901508808136
0.23190099000930786
0.16743353009223938
0.132161483168602
0.0982062965631485
0.08357388526201248
0.07087888568639755
0.055999115109443665
0.05140459164977074
0.04244698956608772
0.03750823438167572
0.030203888192772865
0.026827778667211533
0.022437231615185738
0.02601792849600315
0.01876353658735752
0.01624811440706253
0.01903381012380123
0.013384180143475533
0.011492431163787842
0.011346934363245964
0.010164571925997734
0.00960524845868349
0.0077916705049574375
0.007740782108157873
0.007457821164280176
0.006510906852781773
0.0056151170283555984
0.005407697055488825
0.004943749867379665
0.006914796307682991
0.004584047943353653
0.006286368239670992
0.004400657955557108
0.005611935630440712
0.004187242593616247
0.0031929942779242992
0.003556826151907444
0.0040839239954948425
0.003989791497588158
0.0026984787546098232
0.002418984891846776
0.0023383134976029396
0.002429611748084426
0.002246672520413995
0.0018346320139244199
0.0019572097808122635
0.001833332353271544
0.0016810946399345994
0.001597717171534896
0.0014859687071293592
0.0015697444323450327
0.0014321616617962718
0.001881274743936956
0.00150176917668432
0.0016533483285456896
0.0013408525846898556
0.0013956766342744231
0.0014318261528387666
0.0010924545349553227
0.0013580325758084655
0.001015108311548829
0.0009899071883410215
0.0011472179321572185
0.000800598063506186
0.001521282596513629
0.0008893668418750167
0.0008433701586909592
0.0007036667666397989
0.0006320487591437995
0.0006742656696587801
0.000687955878674984
0.0006631659343838692
0.0005807938287034631
0.0005532843642868102
0.000551039120182395
0.000660959689412266
0.0005686919903382659
0.0005597805138677359
0.0005514083313755691
0.000551277888007462
0.0004938544007018209
0.00041985505959019065
0.0004766268830280751
0.00053266657050699
0.00048009856254793704
0.0035611095372587442
0.002080754842609167
0.0026470825541764498
0.0025275414809584618
0.0018618940375745296
0.002910449169576168
0.0012876208638772368
no squeeze
0.7623127698898315
0.480655699968338
0.40287846326828003
0.34270599484443665
0.2931186854839325
0.2616845369338989
0.22642628848552704
0.20666947960853577
0.18597494065761566
0.16908861696720123
0.155958354473114
0.14425213634967804
0.13347375392913818
0.12341219931840897
0.11907695978879929
0.1121506541967392
0.10695777833461761
0.10078058391809464
0.09889411181211472
0.09306197613477707
0.09014548361301422
0.0838329866528511
0.08156071603298187
0.07840124517679214
0.0742901936173439
0.07277898490428925
0.07047157734632492
0.06770315766334534
0.06302554160356522
0.06356916576623917
0.06078816205263138
0.05897911638021469
0.05804290249943733
0.055947255343198776
0.053942885249853134
0.05263367295265198
0.05619874969124794
0.05049445852637291
0.0478217788040638
0.047505006194114685
0.04639459401369095
0.046340178698301315
0.04570277780294418
0.044744398444890976
0.04586106911301613
0.04354729503393173
0.04575872793793678
0.04218093678355217
0.04231245443224907
0.04202748462557793
0.04251774027943611
0.039761047810316086
0.04036467894911766
0.03782012686133385
0.04024844616651535
0.038630880415439606
0.036253198981285095
0.03554798290133476
0.03682730719447136
0.03566122055053711
0.03522308170795441
0.0358494333922863
0.03619803860783577
0.036069758236408234
0.03458790108561516
0.03635326772928238
0.0350029394030571
0.03497638180851936
0.033653512597084045
0.03385109826922417
0.031814124435186386
0.03268555924296379
0.03291193023324013
0.03304360806941986
0.03199826553463936
0.03207511454820633
0.03147082403302193
0.03322933614253998
0.03253014758229256
0.031155969947576523
0.03149743005633354
0.03348258137702942
0.03140714392066002
0.030206827446818352
0.031210843473672867
0.03132576867938042
0.03175518289208412
0.029933936893939972
0.0293282400816679
0.03051808290183544
0.03322441875934601
0.03443783521652222
0.03004307486116886
0.029323546215891838
0.029888637363910675
0.031588055193424225
0.030780749395489693
0.029867153614759445
0.029423972591757774
0.02948678471148014
0.032549235969781876
0.02985970303416252
0.029285475611686707
0.028722332790493965
0.027929453179240227
0.028011970221996307
0.030529530718922615
0.028851082548499107
0.027745377272367477
0.028511324897408485
0.027934730052947998
0.028269007802009583
0.028308473527431488
0.02948092110455036
0.028525739908218384
0.027079526335000992
0.027991488575935364
0.02852541208267212
0.028882406651973724
0.027483031153678894
0.026745783165097237
0.02735253982245922
0.02676290273666382
0.029440877959132195
0.027070410549640656
0.02792310155928135
0.02773422934114933
0.028124557808041573
0.027027282863855362
0.02640463598072529
0.02681642398238182
0.02669302374124527
0.026822667568922043
0.02998148277401924
0.026333395391702652
0.02635614573955536
0.026958098635077477
0.027077345177531242
0.026311222463846207
0.026318032294511795
0.03012329712510109
0.026331573724746704
0.025103211402893066
0.0261080339550972
0.026041949167847633
0.028318261727690697
0.025772009044885635
0.026555659249424934
0.024623116478323936
0.025133688002824783
0.026702111586928368
0.02469131164252758
0.026221098378300667
0.025500215590000153
0.025240357965230942
0.024896077811717987
0.025512101128697395
0.024804944172501564
0.025559496134519577
no squeeze
0.801671028137207
0.32658421993255615
0.2261585146188736
0.1741124540567398
0.1413852423429489
0.1221286952495575
0.10772158205509186
0.09404153376817703
0.08119849115610123
0.07331351190805435
0.06885109096765518
0.06464925408363342
0.059014011174440384
0.05620498210191727
0.05566517263650894
0.0523521713912487
0.048994213342666626
0.045046158134937286
0.04647450894117355
0.04664075747132301
0.04055283963680267
0.04072732850909233
0.03804629668593407
0.040733691304922104
0.03839777037501335
0.03339527174830437
0.032395489513874054
0.03226853534579277
0.03263091295957565
0.03001761995255947
0.029738139361143112
0.029703177511692047
0.027557451277971268
0.030140066519379616
0.026130937039852142
0.027047263458371162
0.02501305751502514
0.026004645973443985
0.025630563497543335
0.025748813524842262
0.02368556335568428
0.023589085787534714
0.022911736741662025
0.02172219380736351
0.022769877687096596
0.02057046815752983
0.020789459347724915
0.021872783079743385
0.02029535174369812
0.021579379215836525
0.020585104823112488
0.018639016896486282
0.020794933661818504
0.018193762749433517
0.01948854699730873
0.0189567431807518
0.01750003546476364
0.018249135464429855
0.020023182034492493
0.018249312415719032
0.01742837019264698
0.01667492650449276
0.018023161217570305
0.01650027371942997
0.016613176092505455
0.016150783747434616
0.01856408454477787
0.016542544588446617
0.01703569106757641
0.015766797587275505
0.015609152615070343
0.01765848882496357
0.01562531664967537
0.015102140605449677
0.01737554743885994
0.01623441092669964
0.015275243669748306
0.014346189796924591
0.014891665428876877
0.014952221885323524
0.01725141331553459
0.017497345805168152
0.017507821321487427
0.015539697371423244
0.013337750919163227
0.01541164517402649
0.01523531973361969
0.013251075521111488
0.013349550776183605
0.013899821788072586
0.013748714700341225
0.01382540538907051
0.013597337529063225
0.012722546234726906
0.015030601061880589
0.01348658837378025
0.014020211063325405
0.013820180669426918
0.012147048488259315
0.01144595630466938
0.011537034995853901
0.013531895354390144
0.011935134418308735
0.013173647224903107
0.012926398776471615
0.012010951526463032
0.012440543621778488
0.011855419725179672
0.013755983673036098
0.011677568778395653
no squeeze
0.5486526489257812
0.2285274714231491
0.11870547384023666
0.0905914306640625
0.07994744926691055
0.07147127389907837
0.06982222944498062
0.06750345975160599
0.06603406369686127
0.06715111434459686
0.06459309160709381
0.06170493736863136
0.061675239354372025
0.063498854637146
0.06632274389266968
0.07576406002044678
0.0659642294049263
0.06200028955936432
0.07109646499156952
0.05952448025345802
0.05958341062068939
0.059175241738557816
0.06621614843606949
0.059737082570791245
0.05726554989814758
0.06079813465476036
0.062199775129556656
0.07377281785011292
0.09432531893253326
0.073130302131176
0.06240266188979149
0.06395018100738525
0.06289861351251602
0.06445121765136719
0.057860326021909714
