no squeeze
0.9419580698013306
0.2077435851097107
0.13253061473369598
0.09947574138641357
0.08158480376005173
0.07399768382310867
0.05967181921005249
0.06303292512893677
0.05030218884348869
0.049340974539518356
0.04516870900988579
0.04342029243707657
0.04292495548725128
0.043146662414073944
0.039229489862918854
0.04468102008104324
0.037338607013225555
0.034787923097610474
0.03710809350013733
0.037699971348047256
0.03355616703629494
0.03517831489443779
0.036817945539951324
0.03564115986227989
0.03446260094642639
0.03468215465545654
0.03192497417330742
0.03193411976099014
0.03686711564660072
0.031837426126003265
0.028633486479520798
0.030399441719055176
0.02872448042035103
0.030504703521728516
0.03071943111717701
0.03271662816405296
0.02971452847123146
0.030659161508083344
0.03630715236067772
0.027634041383862495
0.03034125082194805
0.031129637733101845
0.02821231074631214
0.02725055254995823
0.03488702327013016
0.02751690149307251
0.026276161894202232
0.024931076914072037
0.029179539531469345
0.030222060158848763
0.02863171510398388
0.03184354305267334
0.0270052682608366
0.026454545557498932
0.026764800772070885
0.02681797929108143
0.026548990979790688
0.028682144358754158
no squeeze
0.6309278607368469
0.17554455995559692
0.11825885623693466
0.09544914215803146
0.07798966765403748
0.07418853044509888
0.06549646705389023
0.06592661142349243
0.05748330429196358
0.05188759043812752
0.050051432102918625
0.052537303417921066
0.054764535278081894
0.0516662523150444
0.04724033549427986
0.04536058008670807
0.04528149962425232
0.046085406094789505
0.04211003705859184
0.0445023775100708
0.043905410915613174
0.04242150858044624
0.04888883978128433
0.04088633507490158
0.04594951122999191
0.0421987809240818
0.043623536825180054
0.039384424686431885
0.041247401386499405
0.04220399260520935
0.04333864524960518
0.043425749987363815
0.043307382613420486
0.041677266359329224
0.04048745706677437
0.043241966515779495
0.03967995196580887
0.038522735238075256
0.03622695058584213
0.041027750819921494
0.04231536015868187
0.03706246241927147
0.03468509018421173
0.03600938618183136
0.04183506220579147
0.036551907658576965
0.03870159760117531
0.036984317004680634
0.03837195783853531
0.03615828603506088
0.04037854075431824
0.03606458008289337
0.0402742438018322
no squeeze
1.0067092180252075
0.34762468934059143
0.20796291530132294
0.16878820955753326
0.14588746428489685
0.11768802255392075
0.10843824595212936
0.0976523607969284
0.12264645844697952
0.09442190825939178
0.10645238310098648
0.08066421002149582
0.07562755048274994
0.07358361035585403
0.06365921348333359
0.09421775490045547
0.07186098396778107
0.05976197123527527
0.06330069154500961
0.10581773519515991
0.0894937664270401
0.06548849493265152
0.05220227316021919
0.053835999220609665
0.056455302983522415
0.06050265207886696
0.05562501773238182
0.04335556551814079
0.054728079587221146
0.04602649435400963
0.04723300039768219
0.044053878635168076
0.04014485701918602
0.04054172709584236
0.03832032531499863
0.04099249094724655
0.04326394572854042
0.05698545649647713
0.042926475405693054
0.037028439342975616
0.04694661125540733
0.03701423108577728
0.03648809343576431
0.03887361288070679
0.04682154208421707
0.038821786642074585
0.03242907673120499
0.03657935559749603
0.03778954967856407
0.04096848890185356
0.039767246693372726
0.0413820780813694
0.04531996324658394
0.03889249265193939
0.048322975635528564
0.04055504500865936
0.036934562027454376
no squeeze
1.0790576934814453
0.43273451924324036
0.3527058959007263
0.29252880811691284
0.25577813386917114
0.2303934097290039
0.2061113864183426
0.18326835334300995
0.16584718227386475
0.15180610120296478
0.1398562341928482
0.13306336104869843
0.12407977133989334
0.1152983009815216
0.11180560290813446
0.10442439466714859
0.10803915560245514
0.09788170456886292
0.096165731549263
0.08732585608959198
0.09106218814849854
0.08769325166940689
0.08101121336221695
0.08465789258480072
0.07585363835096359
0.07261883467435837
0.07636873424053192
0.07195563614368439
0.074522964656353
0.06850211322307587
0.06762368977069855
0.06872095912694931
0.05877993628382683
0.05861147865653038
0.06105382367968559
0.061849649995565414
0.05786142870783806
0.05688948929309845
0.05680657923221588
0.054343175143003464
0.055626578629016876
0.052545785903930664
0.05260647088289261
0.05691712722182274
0.05442598834633827
0.04940447211265564
0.04957472160458565
0.04844206944108009
0.05044499412178993
0.05051179230213165
0.04989780858159065
0.04687843844294548
0.04925127699971199
0.04532386362552643
0.04473119229078293
0.04358106106519699
0.04435222968459129
0.04683912917971611
0.04492738097906113
0.046570442616939545
0.042012475430965424
0.04202863201498985
0.040256790816783905
0.04368682578206062
0.04164006561040878
0.042918771505355835
0.043559737503528595
0.04091164469718933
0.042650118470191956
0.04076981917023659
0.04251391068100929
0.04246736317873001
0.03779229149222374
0.03702157363295555
0.03633195906877518
0.03713670000433922
0.04259375482797623
0.03974016383290291
0.03768351301550865
0.038354065269231796
0.03656765818595886
0.03644254058599472
0.036740742623806
0.035663120448589325
0.036930304020643234
0.03406147286295891
0.04156176745891571
0.03682364895939827
0.037886351346969604
0.03702205792069435
0.03482934087514877
0.035439662635326385
0.035750605165958405
0.034683406352996826
0.03320826590061188
0.03153340145945549
0.03310096636414528
0.03424939140677452
0.03562801331281662
0.0328645221889019
0.03225532919168472
0.032867252826690674
0.03315770626068115
0.03569144010543823
0.03207997605204582
0.03279083967208862
no squeeze
0.7600127458572388
0.26866254210472107
0.19248881936073303
0.15026186406612396
0.12854509055614471
0.11148195713758469
0.09397190809249878
0.0835755318403244
0.0825229212641716
0.07482948154211044
0.07105148583650589
0.06761010736227036
0.06516853719949722
0.05820091813802719
0.06013011932373047
0.05087187886238098
0.05294160917401314
0.04880157858133316
0.04617975279688835
0.04674539342522621
0.04452971741557121
0.043736111372709274
0.04227316007018089
0.042399100959300995
0.04158305004239082
0.042203404009342194
0.039490923285484314
0.03910162299871445
0.0388566255569458
0.0388542115688324
0.0353526808321476
0.036177486181259155
0.03523215278983116
0.04007571190595627
0.03884509205818176
0.03326132148504257
0.03118339367210865
0.028640983626246452
0.03105401061475277
0.03291625156998634
0.031456686556339264
0.03165224939584732
0.028468796983361244
0.02666385844349861
0.032566193491220474
0.029612641781568527
0.02812785468995571
0.02961891144514084
0.02538553811609745
0.028147293254733086
0.026150139048695564
0.026391664519906044
0.025921683758497238
0.028648236766457558
0.0251581110060215
0.0253729410469532
0.024988867342472076
0.02486494742333889
0.025547021999955177
0.024403559044003487
0.028925487771630287
0.02431446686387062
0.021184606477618217
0.022853868082165718
0.022509772330522537
0.022809626534581184
0.02242043800652027
0.020562997087836266
0.021540215238928795
0.026064103469252586
0.02201864868402481
0.022306185215711594
0.02450374700129032
0.02408778667449951
0.022362766787409782
0.022176388651132584
0.021579481661319733
0.025337645784020424
no squeeze
0.5216479301452637
0.1616121381521225
0.11077765375375748
0.09125787019729614
0.07651013135910034
0.06686705350875854
0.07359009236097336
0.06951231509447098
0.06419280916452408
0.06070275604724884
0.07096123695373535
0.06425164639949799
0.05829012021422386
0.062269143760204315
0.06333370506763458
0.06300196051597595
0.06763153523206711
0.06685571372509003
0.061396729201078415
0.06649355590343475
0.08128031343221664
0.06381112337112427
0.06807394325733185
