no squeeze
2.435819625854492
0.5413627624511719
0.32082849740982056
0.23837906122207642
0.2096724659204483
0.18959204852581024
0.1619844138622284
0.1438867598772049
0.1554560363292694
0.12850795686244965
0.13303107023239136
0.13579592108726501
0.1281275600194931
0.1267257034778595
0.12431755661964417
0.11195686459541321
0.09485790878534317
0.11770407110452652
0.12210077047348022
0.11554697901010513
0.12261132895946503
0.11739455163478851
0.09926438331604004
0.1254768967628479
0.10520651936531067
0.09438101202249527
0.0905163511633873
0.09080801904201508
0.09533680975437164
0.11103883385658264
0.1142890676856041
0.09207111597061157
0.09443655610084534
0.10217925906181335
0.09749096632003784
0.08125633746385574
0.08970046043395996
0.13064724206924438
0.12269923835992813
0.08157721906900406
0.07512945681810379
0.08554641902446747
0.09217903017997742
0.08124638348817825
0.08220387995243073
0.07954473793506622
0.07836322486400604
0.08266393095254898
0.08681078255176544
0.07965297251939774
0.08390605449676514
no squeeze
2.020843744277954
0.4708600640296936
0.3030480444431305
0.22723625600337982
0.2150593400001526
0.1752600371837616
0.1843879073858261
0.14934664964675903
0.14814572036266327
0.14194703102111816
0.12017697840929031
0.12666669487953186
0.12086571753025055
0.11854330450296402
0.10788008570671082
0.14065568149089813
0.13115768134593964
0.10308229923248291
0.11669696122407913
0.1025378406047821
0.09478718042373657
0.08414427191019058
0.0898936316370964
0.11302177608013153
0.1034163385629654
0.08159139007329941
0.11212228238582611
0.09959269315004349
0.09376174211502075
0.10103388130664825
0.08792272210121155
0.08426603674888611
0.09139807522296906
0.08573495596647263
0.08336241543292999
0.09394598007202148
no squeeze
1.8294413089752197
0.7231577038764954
0.46773603558540344
0.38248640298843384
0.31382203102111816
0.30420905351638794
0.24562565982341766
0.21363034844398499
0.2099485993385315
0.20363841950893402
0.22469936311244965
0.18424224853515625
0.1726100742816925
0.1584288328886032
0.1961309164762497
0.16915717720985413
0.179146409034729
0.1405099779367447
0.14719916880130768
0.17441365122795105
0.12787549197673798
0.1552254855632782
0.14054200053215027
0.15180492401123047
0.27729058265686035
0.11595617979764938
0.1229434683918953
0.12659353017807007
0.10852763056755066
0.17436730861663818
0.11391844600439072
0.140321284532547
0.1532944142818451
0.1602036952972412
0.12899845838546753
0.13417759537696838
0.13440918922424316
0.1161576583981514
0.0992562472820282
0.10970254242420197
0.12298066914081573
0.09491950273513794
0.08840299397706985
0.1108868271112442
0.19940657913684845
0.10074827820062637
0.09489908069372177
0.09537991136312485
0.12806397676467896
0.09450618177652359
0.10907857865095139
0.12055479735136032
0.11631817370653152
no squeeze
2.1136441230773926
0.9246584177017212
0.7008669972419739
0.5898781418800354
0.5068607926368713
0.4430687129497528
0.4042786657810211
0.36660605669021606
0.32139497995376587
0.29803600907325745
0.27502942085266113
0.2540256381034851
0.24676519632339478
0.22537770867347717
0.21608220040798187
0.19961510598659515
0.2029893398284912
0.1762031614780426
0.17173518240451813
0.16383211314678192
0.17114581167697906
0.1414758265018463
0.15987953543663025
0.15261207520961761
0.14598987996578217
0.13197077810764313
0.12697544693946838
0.13128326833248138
0.13826489448547363
0.12149864435195923
0.12075088918209076
0.12052371352910995
0.1155867725610733
0.11364749819040298
0.11638402193784714
0.11617358773946762
0.13566307723522186
0.11172383278608322
0.11192891746759415
0.10046407580375671
0.10208689421415329
0.10581889003515244
0.10407355427742004
0.09627371281385422
0.09388460963964462
0.08962786197662354
0.09436977654695511
0.09550885111093521
0.09307104349136353
0.09615755826234818
0.08510897308588028
0.09122247248888016
0.0942942202091217
0.08723390847444534
0.08751698583364487
0.09003244340419769
0.08677491545677185
0.08501119166612625
0.09232484549283981
0.09236063808202744
0.09024566411972046
0.08100827038288116
0.07969062030315399
0.0793517604470253
0.08220980316400528
0.07532873004674911
0.08263543248176575
0.08393380790948868
0.08687395602464676
0.08403205126523972
0.07665564119815826
0.08276108652353287
0.07824236899614334
0.08403479307889938
0.0778464749455452
0.07733050733804703
no squeeze
2.021272659301758
0.645599901676178
0.4136474132537842
0.320604532957077
0.2612019181251526
0.2216566801071167
0.20251157879829407
0.19156377017498016
0.17082031071186066
0.14632318913936615
0.1394689679145813
0.1283077597618103
0.129337877035141
0.11387608200311661
0.11083143204450607
0.12350854277610779
0.11448024958372116
0.1139243021607399
0.10711669921875
0.10281743854284286
0.09419538825750351
0.0933365523815155
0.09149205684661865
0.08280521631240845
0.08748472481966019
0.09604376554489136
0.08528812229633331
0.07924327999353409
0.0871552899479866
0.08561643213033676
0.07308325171470642
0.08161185681819916
0.08226439356803894
0.0858282521367073
0.07263845205307007
0.08301674574613571
0.07152556627988815
0.07122408598661423
0.0719221755862236
0.07656155526638031
0.0723968893289566
0.07738994061946869
0.07409218698740005
0.0710834413766861
0.06770826131105423
0.07097834348678589
0.061139293015003204
0.06361013650894165
0.07826285809278488
0.06533607095479965
0.06774304807186127
0.06323649734258652
0.05662020668387413
0.07244621217250824
0.06737642735242844
0.057829152792692184
0.061303723603487015
0.0807022899389267
0.06247248873114586
0.0605950653553009
0.06405740976333618
0.05482415109872818
0.055143699049949646
0.060670677572488785
0.05593840405344963
0.05688544735312462
0.055890731513500214
0.0494113489985466
0.053277041763067245
0.05134623497724533
0.05005274713039398
0.050163283944129944
0.05488896369934082
0.05254197493195534
0.05804481357336044
0.051741283386945724
0.051380455493927
0.04942410811781883
no squeeze
1.551518440246582
0.2807309925556183
0.19807898998260498
0.170770063996315
0.1412878930568695
0.1296394020318985
0.160740926861763
0.13160619139671326
0.1599808931350708
0.16414037346839905
0.10433940589427948
0.12609165906906128
0.20548082888126373
0.13782593607902527
0.09205695986747742
0.09473906457424164
0.09793722629547119
0.09511313587427139
0.09119933843612671
0.09917308390140533
0.1400039941072464
0.13174496591091156
0.12886199355125427
0.10061148554086685
0.10102171450853348
0.08416777104139328
0.07885663956403732
0.15688757598400116
0.09889483451843262
0.11078337579965591
0.08697870373725891
0.08014857769012451
0.09549202769994736
0.09459488093852997
0.09403678774833679
0.08392632752656937
0.06547355651855469
0.07473303377628326
0.0753094032406807
0.14271226525306702
0.1341065764427185
0.11992514878511429
0.0897553488612175
0.07968956977128983
0.10484141856431961
0.07744628936052322
0.1055779904127121
