no squeeze
1.1500804424285889
0.46811187267303467
0.2707763612270355
0.17167054116725922
0.12549373507499695
0.10833310335874557
0.08609242737293243
0.07559134811162949
0.068480484187603
0.0648500993847847
0.0538489855825901
0.048697587102651596
0.04950932785868645
0.04722608998417854
0.0489189550280571
0.04659539461135864
0.039351824671030045
0.041789088398218155
0.042073752731084824
0.03819166123867035
0.04056631773710251
0.03731149807572365
0.032945990562438965
0.03589542210102081
0.03323207423090935
0.031217362731695175
0.038509055972099304
0.02996557578444481
0.03236128017306328
0.03038118965923786
0.03368407487869263
0.028697259724140167
0.02905036322772503
0.03029445931315422
0.02989114820957184
0.036564890295267105
0.027493054047226906
0.030844910070300102
0.030336065217852592
0.03222009539604187
0.039344560354948044
0.031462930142879486
0.033003225922584534
0.02806783840060234
0.031615473330020905
0.032476212829351425
0.03681911155581474
no squeeze
1.5344241857528687
0.5323033928871155
0.29917606711387634
0.19635047018527985
0.137186199426651
0.10464564710855484
0.08865003287792206
0.07327966392040253
0.07304906100034714
0.06457266211509705
0.07051990181207657
0.06224949657917023
0.05810152366757393
0.05129443481564522
0.048593439161777496
0.05370068550109863
0.04571067914366722
0.038776542991399765
0.04022856056690216
0.03848540037870407
0.04360229894518852
0.03897925838828087
0.03932282328605652
0.03627835959196091
0.03591139242053032
0.031559884548187256
0.03952893614768982
0.03982817009091377
0.03850192949175835
0.03387283533811569
0.03560050576925278
0.03300635889172554
0.029624346643686295
0.03630100563168526
0.03497492894530296
0.033133916556835175
0.03500967100262642
0.03328489884734154
0.0315592959523201
0.030282042920589447
0.03233112394809723
0.029348962008953094
0.036728356033563614
0.039948176592588425
0.0390433706343174
0.03286561369895935
0.032019857317209244
0.03268934041261673
0.03223134204745293
0.03237709403038025
0.030600542202591896
0.03337390720844269
no squeeze
1.5820668935775757
0.6979111433029175
0.4591306447982788
0.33537355065345764
0.26789572834968567
0.21852877736091614
0.1734190583229065
0.15630307793617249
0.13100703060626984
0.11627256870269775
0.1046106293797493
0.10897821933031082
0.08720145374536514
0.11367376893758774
0.08243033289909363
0.07387477904558182
0.06745186448097229
0.09585123509168625
0.06942550837993622
0.05352100729942322
0.0521169975399971
0.04520215466618538
0.045787882059812546
0.03941676765680313
0.0390666201710701
0.0459456667304039
0.05515630915760994
0.0609382688999176
0.03377467021346092
0.02913287840783596
0.02864854596555233
0.027255017310380936
0.025812096893787384
0.04223433509469032
0.02393272891640663
0.026883147656917572
0.02218584343791008
0.025583676993846893
0.01949436590075493
0.03855607286095619
0.03274042159318924
0.026421906426548958
0.02052675187587738
0.022562868893146515
0.018988462164998055
0.018854008987545967
0.027030402794480324
0.016461949795484543
0.0183413028717041
0.014274772256612778
0.01716206595301628
0.02802448719739914
0.019190888851881027
0.014355624094605446
0.023025110363960266
0.02038005366921425
0.01597638614475727
0.02508401870727539
0.013374987989664078
0.01505441777408123
0.019874578341841698
0.013558824546635151
0.016033826395869255
0.012474867515265942
0.014946956187486649
0.011514801532030106
0.01302685122936964
0.011784219183027744
0.010867110453546047
0.01678953319787979
0.09711265563964844
0.023051463067531586
0.012270183302462101
0.015541763976216316
0.013708671554923058
0.011259101331233978
0.010473230853676796
0.009366711601614952
0.009255986660718918
0.011568518355488777
0.010466568171977997
0.017662890255451202
0.010474125854671001
0.011147496290504932
0.011883484199643135
0.010798920877277851
0.010556754656136036
0.009941156022250652
0.008763458579778671
0.01396557129919529
0.013847517780959606
0.015168316662311554
0.011762212961912155
0.017101695761084557
0.022370552644133568
0.014250366017222404
0.010095990262925625
0.009617935866117477
0.009803312830626965
no squeeze
1.569928765296936
0.8780385255813599
0.6895703673362732
0.5904877781867981
0.5125795602798462
0.4447977840900421
0.4024631083011627
0.36979493498802185
0.3361325263977051
0.3062019646167755
0.28682252764701843
0.26486140489578247
0.250567227602005
0.22687867283821106
0.2058609426021576
0.19477145373821259
0.18468493223190308
0.17386162281036377
0.16961482167243958
0.15898843109607697
0.15770959854125977
0.1417085975408554
0.1342795342206955
0.12494392693042755
0.123873271048069
0.12130790948867798
0.11314570158720016
0.10286998748779297
0.10097867995500565
0.09941776841878891
0.09206998348236084
0.09748157113790512
0.09029242396354675
0.08329447358846664
0.07883414626121521
0.0778043121099472
0.07624780386686325
0.07107270509004593
0.0697539672255516
0.0684874951839447
0.0703267976641655
0.07301153242588043
0.0672338530421257
0.0659998208284378
0.06172078102827072
0.06104334071278572
0.06883543729782104
0.06118980795145035
0.06056865304708481
0.05920758843421936
0.0567927286028862
0.0564752034842968
0.05553630366921425
0.05309034511446953
0.053287506103515625
0.05327429249882698
0.05262254178524017
0.05511932820081711
0.05131659656763077
0.050515513867139816
0.04666135460138321
0.04925762116909027
0.04614664241671562
0.048833128064870834
0.043758291751146317
0.044063180685043335
0.046328105032444
0.047635748982429504
0.04574650526046753
0.04542850703001022
0.04245588928461075
0.04378519579768181
0.04460718110203743
0.04169440641999245
0.043504875153303146
0.04215960204601288
0.04562320187687874
0.04165790230035782
0.04305775836110115
0.040828678756952286
0.04159795492887497
0.0392528772354126
0.04039355739951134
0.03815314173698425
0.038662511855363846
0.03975939378142357
0.03888566419482231
0.03949602693319321
0.040524572134017944
0.041685800999403
0.03876013308763504
0.03997807577252388
0.038811735808849335
0.03725377842783928
0.04063865542411804
0.0359942689538002
0.037337008863687515
0.03626326844096184
0.037432003766298294
0.037876468151807785
0.036852944642305374
0.03347432613372803
0.03783160820603371
0.03559821471571922
0.03831574693322182
0.0373547226190567
0.037397339940071106
0.035108450800180435
0.03651782497763634
0.03458353504538536
0.03547370061278343
0.03299884870648384
0.034561704844236374
0.03404289856553078
0.03348911181092262
0.036427196115255356
0.03411563113331795
0.03211146965622902
0.03494608402252197
0.03083069808781147
0.034434448927640915
0.03189494460821152
0.029906360432505608
0.02944379486143589
0.03368942812085152
0.03295460343360901
0.03138195350766182
0.030753852799534798
0.03246411681175232
0.031747475266456604
0.03038473054766655
0.03287062793970108
0.03129693865776062
0.032148756086826324
no squeeze
1.6897333860397339
0.6553303003311157
0.44117891788482666
0.3334423303604126
0.2689386308193207
0.21909232437610626
0.19335530698299408
0.16134591400623322
0.14698836207389832
0.12011551856994629
0.10550308227539062
0.09912977367639542
0.09298446774482727
0.08118294179439545
0.08122891932725906
0.07178747653961182
0.07001648843288422
0.06343765556812286
0.06133832409977913
0.06197028607130051
0.05942898243665695
0.051756031811237335
0.052139412611722946
0.0466209352016449
0.041878968477249146
0.0406046137213707
0.040298279374837875
0.03738179802894592
0.035317130386829376
0.03627387061715126
0.03184928745031357
0.033362675458192825
0.0310235433280468
0.030312638729810715
0.030548423528671265
0.026321832090616226
0.027409836649894714
0.025618532672524452
0.024638907983899117
0.03145379200577736
0.023801805451512337
0.02408660016953945
0.022164680063724518
0.02137201651930809
0.02134777419269085
0.02045254223048687
0.020741021260619164
0.019285093992948532
0.018915576860308647
0.02011214569211006
0.02196001075208187
0.019798511639237404
0.019115282222628593
0.017041655257344246
0.017250431701540947
0.017175007611513138
0.015520898625254631
0.01761671155691147
0.016811268404126167
0.014493925496935844
0.015713071450591087
0.013905608095228672
0.01657741703093052
0.016517549753189087
0.0153077132999897
0.014344803057610989
0.012746709398925304
0.014336352236568928
0.01314221229404211
0.017358774319291115
0.012878935784101486
0.01508602499961853
0.013480938971042633
0.016066480427980423
0.013289006426930428
0.014156248420476913
0.015879709273576736
no squeeze
1.1973997354507446
0.39966946840286255
0.2518590986728668
0.19506368041038513
0.18851573765277863
0.18024668097496033
0.14271077513694763
0.11294607073068619
0.11129458248615265
0.11256758868694305
0.10124760121107101
0.12803791463375092
0.13559666275978088
0.0992104783654213
0.08610174059867859
0.09309853613376617
0.11056791990995407
0.08409541845321655
0.0950942188501358
0.0929371789097786
0.09568522125482559
0.08949920535087585
0.10294833034276962
0.07480480521917343
0.07806725800037384
0.08672726154327393
0.08440489321947098
0.08231496810913086
0.10605837404727936
0.10032924264669418
0.07835996896028519
0.07516241073608398
0.06705327332019806
0.0664340928196907
0.08338141441345215
0.0806877613067627
0.07338464260101318
0.07703571766614914
0.07756511121988297
0.0766364187002182
0.08234602957963943
0.06906142085790634
0.08062036335468292
0.07010804861783981
