no squeeze
0.7813883423805237
0.2413533329963684
0.1267809122800827
0.07893550395965576
0.05723046511411667
0.044937554746866226
0.03384627401828766
0.027838747948408127
0.028345562517642975
0.02322668395936489
0.02911432459950447
0.022416623309254646
0.02089359238743782
0.021689729765057564
0.019435038790106773
0.018075861036777496
0.017292460426688194
0.024152716621756554
0.017660681158304214
0.015255406498908997
0.01914084143936634
0.016081729903817177
0.01677451655268669
0.01622260920703411
0.01688717119395733
0.01478782668709755
0.015142817981541157
0.014938763342797756
0.014361098408699036
0.01607701927423477
0.01526066567748785
0.014652651734650135
0.014897242188453674
0.016654983162879944
0.013818245381116867
0.015612090937793255
0.017074041068553925
0.013739770278334618
0.012848217971622944
0.023962106555700302
0.015684353187680244
0.013553389348089695
0.012807098217308521
0.014152156189084053
0.012665961869060993
0.017468195408582687
0.015270061790943146
0.013686941005289555
0.011404447257518768
0.01654171384871006
0.013807996176183224
0.014960075728595257
0.013740201480686665
0.015118526294827461
0.012515812180936337
0.016909072175621986
0.011439475230872631
0.01527614425867796
0.012336339801549911
no squeeze
0.5962861776351929
0.2026360034942627
0.11087194830179214
0.06895541399717331
0.055636800825595856
0.045782677829265594
0.03734847158193588
0.03428424149751663
0.031449366360902786
0.032278090715408325
0.025174710899591446
0.02613144740462303
0.02316013164818287
0.026021817699074745
0.025711119174957275
0.02358202636241913
0.022709112614393234
0.02064378932118416
0.02506442368030548
0.02038581483066082
0.02027350850403309
0.021704157814383507
0.018165048211812973
0.020207883790135384
0.01962374337017536
0.023900343105196953
0.019424982368946075
0.019431905820965767
0.021200312301516533
0.018973857164382935
0.01768561080098152
0.019942613318562508
0.01796109601855278
0.01832490600645542
0.016892610117793083
0.01638982445001602
0.01807243563234806
0.01768902689218521
0.01754014566540718
0.02045043744146824
0.016188619658350945
0.016590271145105362
0.015851246193051338
0.01831035502254963
0.018124280497431755
0.026420606300234795
0.016047636047005653
0.01840733364224434
0.0198720321059227
0.016229500994086266
0.01764940842986107
0.01569070667028427
0.015879765152931213
0.017139479517936707
0.016886210069060326
0.016815349459648132
0.014932666905224323
0.01448283065110445
0.015274778939783573
0.01694152131676674
0.015595866367220879
0.019511854276061058
0.014945018105208874
0.015349441207945347
0.015342663042247295
0.014625653624534607
0.01609504222869873
0.013965120539069176
0.014262604527175426
0.019244061782956123
0.016412215307354927
0.01364431343972683
0.015366465784609318
0.014418805949389935
0.014777801930904388
0.01441843993961811
0.01852264255285263
0.01570753939449787
0.014157852157950401
0.016584811732172966
0.013603701256215572
0.016996294260025024
0.014419115148484707
0.01811872608959675
0.01801406405866146
0.013695827685296535
0.016185099259018898
0.019151687622070312
0.019574232399463654
0.015910081565380096
0.014817498624324799
no squeeze
0.8322580456733704
0.28785672783851624
0.18243072926998138
0.13260726630687714
0.1003895252943039
0.07369234412908554
0.06446421146392822
0.05606691166758537
0.04006471112370491
0.0372745618224144
0.031116416677832603
0.026973329484462738
0.020287083461880684
0.017728812992572784
0.01696629822254181
0.014634782448410988
0.016537094488739967
0.01378996204584837
0.01177771296352148
0.010406927205622196
0.009037927724421024
0.010162044316530228
0.009698606096208096
0.009646293707191944
0.006840831600129604
0.006432301364839077
0.0059268055483698845
0.0056843021884560585
0.004722343757748604
0.0060872421599924564
0.004722182173281908
0.004268346354365349
0.0040864101611077785
0.0035446956753730774
0.0035403231158852577
0.00325908325612545
0.0032543297857046127
0.003298524534329772
0.0030471552163362503
0.0029659338761121035
0.003746793605387211
0.0028279090765863657
0.004221755545586348
0.0023641816806048155
0.0023527045268565416
0.001983334543183446
0.001926740980707109
0.0019921432249248028
0.0024442109279334545
0.0017995365196838975
0.0015688525745645165
0.001598418690264225
0.0018442628206685185
0.0015652981819584966
0.001431807759217918
0.0013888782123103738
0.001130987424403429
0.0014306579250842333
0.0011948724277317524
0.0011700766626745462
0.002295381622388959
0.0021936804987490177
0.0017386468825861812
0.0011167703196406364
0.0013141845120117068
0.0015022316947579384
0.0011916040675714612
0.0009550938266329467
0.0007870432455092669
0.0007362841279245913
0.0007011385750956833
0.0006289755110628903
0.0006814173539169133
0.0007415446452796459
0.0006975657888688147
0.0006609553238376975
0.000591954798437655
0.0005817641504108906
0.0007913988665677607
0.0005283620557747781
0.0005110276979394257
0.0005754330777563155
0.0009939582087099552
0.0007120418595150113
0.0005970973870716989
0.0006856312393210828
0.0012035707477480173
0.0006058585131540895
0.0004329684015829116
0.0004764196928590536
0.00039758015191182494
0.00039936340181156993
0.00044699409045279026
0.00031585124088451266
0.00033529585925862193
0.00031959181069396436
0.0002960969868581742
0.00029885032563470304
0.0003462526947259903
0.0009049235959537327
0.000362593331374228
0.0002812972234096378
0.0021297649946063757
0.006525651551783085
0.021757841110229492
0.0030316300690174103
0.00946282222867012
0.001189523027278483
0.0005892381304875016
0.0006851265206933022
0.0005002736579626799
0.0004244566662237048
no squeeze
0.8373218774795532
0.43970102071762085
0.35100361704826355
0.28547051548957825
0.2440595179796219
0.21915709972381592
0.1938488930463791
0.1675264835357666
0.15717490017414093
0.13984252512454987
0.13330090045928955
0.11681003123521805
0.1108202263712883
0.10399369895458221
0.09728845208883286
0.09156351536512375
0.08950011432170868
0.08434406667947769
0.07731945067644119
0.07338391244411469
0.07030154019594193
0.06876616925001144
0.06657678633928299
0.063034288585186
0.06035689637064934
0.057653822004795074
0.05781063437461853
0.05370168760418892
0.054413802921772
0.05246159806847572
0.050544943660497665
0.049980685114860535
0.04752600938081741
0.04521647468209267
0.04590046778321266
0.043634478002786636
0.0425880067050457
0.04254958778619766
0.04126967862248421
0.041000932455062866
0.040259070694446564
0.04130084067583084
0.040251195430755615
0.03970775008201599
0.036021843552589417
0.036859720945358276
0.036314770579338074
0.037093840539455414
0.0362795852124691
0.03571906313300133
0.035363513976335526
0.03618491441011429
0.03444714844226837
0.03526798263192177
0.03290444612503052
0.03363197669386864
0.032020095735788345
0.033404216170310974
0.031820930540561676
0.0314083993434906
0.03028007037937641
0.032202206552028656
0.033090293407440186
0.030702665448188782
0.02993711456656456
0.02998642809689045
0.029489900916814804
0.031556636095047
0.0305711030960083
0.028785845264792442
0.03208531439304352
0.030413135886192322
0.028754929080605507
0.028970668092370033
0.029083510860800743
0.03035341016948223
0.028192969039082527
0.02825411595404148
0.026954228058457375
0.027725113555788994
0.027195507660508156
0.02685556188225746
0.026515671983361244
0.028200700879096985
0.027234382927417755
0.02716166153550148
0.02847341261804104
0.027498111128807068
0.027178287506103516
0.02793223038315773
0.026562195271253586
0.025892140343785286
0.02721204049885273
0.02764260582625866
0.026955071836709976
0.027238165959715843
0.024669647216796875
0.026584813371300697
0.02659253217279911
0.027682127431035042
0.030852841213345528
0.025902127847075462
0.02573755942285061
0.026843668892979622
0.0265787485986948
0.026897799223661423
0.02551216445863247
no squeeze
0.6531642079353333
0.2606363296508789
0.17623235285282135
0.13563953340053558
0.1079568937420845
0.08986780792474747
0.07592451572418213
0.06587091088294983
0.06060195714235306
0.055008940398693085
0.04857512190937996
0.04456063732504845
0.043323058634996414
0.04022366926074028
0.037247221916913986
0.03522974252700806
0.03435252979397774
0.03306296467781067
0.03306928649544716
0.02933645248413086
0.029673121869564056
0.027204666286706924
0.027399618178606033
0.026949146762490273
0.025455256924033165
0.024552924558520317
0.023364271968603134
0.0228858795017004
0.02102484740316868
0.021883312612771988
0.021490687504410744
0.019714152440428734
0.020918700844049454
0.018559174612164497
0.018491465598344803
0.018165508285164833
0.017838679254055023
0.01817113347351551
0.017487524077296257
0.015576672740280628
0.019875915721058846
0.018720556050539017
0.019385792315006256
0.016013722866773605
0.015958169475197792
0.01602969691157341
0.01517444010823965
0.015452486462891102
0.01624041236937046
0.014361608773469925
0.014564159326255322
0.0144279096275568
0.014808137901127338
0.015568920411169529
0.015218058601021767
0.01513773761689663
0.01482122391462326
0.015315055847167969
0.014158975332975388
0.012152598239481449
0.0127807492390275
0.013480890542268753
0.012006431818008423
0.012393327429890633
0.014606584794819355
0.013465761207044125
0.01306512113660574
0.012268166989088058
0.012418732978403568
0.013671943917870522
0.011732975952327251
0.012095453217625618
0.012252822518348694
0.011832162737846375
0.01196359097957611
0.011896977201104164
0.01298211608082056
0.01121436059474945
0.012064075097441673
0.012079562060534954
0.011090085841715336
0.011027539148926735
0.011908845975995064
0.010963920503854752
0.011154904030263424
0.012433969415724277
0.012705889530479908
0.010581358335912228
0.01167052611708641
0.013284312561154366
0.01017266046255827
0.010169385001063347
0.011171448044478893
0.011898512952029705
0.0100764911621809
0.010780880227684975
0.009810341522097588
0.009503376670181751
0.009854106232523918
0.00944711547344923
0.00897499080747366
0.010077307932078838
0.011620227247476578
0.010961083695292473
0.010595148429274559
0.0095840934664011
0.010870215483009815
0.01020090188831091
0.009172259829938412
0.009880498051643372
0.009695556946098804
no squeeze
0.6137233972549438
0.15083089470863342
0.10114269703626633
0.0843481719493866
0.07064872235059738
0.07389666140079498
0.07492857426404953
0.07124465703964233
0.06029393896460533
0.0597219280898571
0.05927062779664993
0.0582646019756794
0.0633755549788475
0.06376073509454727
0.05759914964437485
0.06077636778354645
0.06114747375249863
0.056173961609601974
0.056438345462083817
0.059338413178920746
0.05725690349936485
0.061494603753089905
0.05953081324696541
0.05582357570528984
0.05835490673780441
0.054735198616981506
0.05752912536263466
0.06439387798309326
0.054607000201940536
0.05559993535280228
0.05736033245921135
0.05708330497145653
0.05530949681997299
0.05550775304436684
0.05563928559422493
0.06019336357712746
0.05954662710428238
0.05722338333725929
0.058262571692466736
