no squeeze
1.0104316473007202
0.2179885059595108
0.14254967868328094
0.09591921418905258
0.09106753021478653
0.08179805427789688
0.08909089118242264
0.07827650755643845
0.07492827624082565
0.069137804210186
0.07576151192188263
0.07674167305231094
0.07381346821784973
0.06907930970191956
0.07025155425071716
0.06838586926460266
0.07948591560125351
0.0747174397110939
0.0625464990735054
0.05972277745604515
0.06614869087934494
0.057428404688835144
0.06904793530702591
0.06632594764232635
0.06759841740131378
0.06419485807418823
0.0681556984782219
0.06337114423513412
0.0622226856648922
0.06918712705373764
0.06624948978424072
0.058482058346271515
no squeeze
0.542736291885376
0.18215124309062958
0.12069696933031082
0.09649932384490967
0.08512873947620392
0.08757837116718292
0.08176008611917496
0.07669319957494736
0.07945253700017929
0.08375044912099838
0.07511942088603973
0.06988228112459183
0.06914310157299042
0.06664257496595383
0.07623074948787689
0.07531043887138367
0.06900091469287872
0.07266732305288315
0.07156473398208618
0.06170392036437988
0.06273120641708374
0.06982068717479706
0.061409469693899155
0.05886121466755867
0.06780961900949478
0.06875631213188171
0.06626196950674057
0.058382995426654816
0.056126777082681656
0.06674814969301224
0.059788886457681656
0.062493517994880676
0.060135792940855026
0.06578931957483292
0.05728865787386894
0.05799654498696327
0.06397692859172821
0.05597163364291191
0.06413298100233078
0.061565712094306946
0.06527603417634964
0.05708994343876839
0.06255219876766205
0.05552326887845993
0.05681256204843521
0.057663749903440475
0.056034788489341736
0.05819860100746155
0.059457048773765564
0.05026090890169144
0.06480497866868973
0.059272609651088715
0.05538243055343628
0.058342162519693375
0.05754045769572258
0.05598071590065956
0.056193020194768906
0.05570436641573906
0.060583021491765976
0.06182433292269707
no squeeze
0.7791680097579956
0.30739927291870117
0.20428034663200378
0.1666974127292633
0.15492340922355652
0.1495010405778885
0.1907845139503479
0.16622956097126007
0.14710092544555664
0.09714708477258682
0.11036289483308792
0.09928683191537857
0.09154991060495377
0.09342647343873978
0.1034102812409401
0.11909430474042892
0.1225445568561554
0.11639807373285294
0.08882761001586914
0.11126533150672913
0.07977522909641266
0.08533426374197006
0.07255449891090393
0.10251399129629135
0.09795870631933212
0.08324484527111053
0.08974944800138474
0.07035889476537704
0.09418639540672302
0.08128529787063599
0.08431532233953476
0.07089322805404663
0.07802202552556992
0.0703122466802597
0.07706005871295929
0.08305002003908157
0.06775777041912079
0.10012346506118774
0.17664772272109985
0.10094422847032547
0.0924021378159523
0.07623109221458435
0.09428136795759201
0.06516093015670776
0.07537019997835159
0.08617088198661804
0.08089838922023773
0.07590412348508835
0.07095266878604889
0.08524448424577713
0.08169497549533844
0.07528353482484818
0.07801497727632523
0.06775935739278793
no squeeze
0.7323337197303772
0.34550851583480835
0.2756940722465515
0.2290196716785431
0.1951080858707428
0.17224343121051788
0.15658849477767944
0.14461734890937805
0.13249610364437103
0.12288773059844971
0.12405554205179214
0.10547786206007004
0.10205510258674622
0.1038418561220169
0.09894907474517822
0.09101038426160812
0.08986254036426544
0.09062062203884125
0.08464863896369934
0.08122973144054413
0.08032562583684921
0.07982180267572403
0.08282217383384705
0.0782536119222641
0.07838789373636246
0.08274612575769424
0.0751398354768753
0.07298152148723602
0.0711343064904213
0.07208274304866791
0.07097843289375305
0.07022792100906372
0.06895458698272705
0.06925809383392334
0.06716646254062653
0.06811846047639847
0.06768292188644409
0.0676630437374115
0.06462667882442474
0.06566150486469269
0.06541655957698822
0.06741925328969955
0.06674056500196457
0.06717035174369812
0.06365877389907837
0.062047671526670456
0.06310364603996277
0.06329087167978287
0.06402220577001572
0.06083930283784866
0.06245207414031029
0.05970066785812378
0.06098290905356407
0.06485164165496826
0.06630554050207138
0.06735286861658096
0.058106664568185806
0.06408697366714478
0.05722028389573097
0.0581929013133049
0.060103125870227814
0.058529019355773926
0.05648815631866455
0.0565154030919075
0.06166255101561546
0.05630961433053017
0.057664044201374054
0.0565180703997612
0.05501215532422066
0.05882495641708374
0.05449901148676872
0.0567406490445137
0.0570063553750515
0.052306514233350754
0.05905069038271904
0.06084169074892998
0.052380312234163284
0.05553728714585304
0.05755116790533066
0.055047135800123215
0.057203374803066254
0.05095730349421501
0.053058039397001266
0.051195524632930756
0.05248796567320824
0.05296799913048744
0.05234270170331001
0.053849957883358
0.05303795635700226
0.05096536502242088
0.05243411287665367
0.04861891269683838
0.05355500429868698
0.049512848258018494
0.051246967166662216
0.05044490844011307
0.04888539761304855
0.05063798278570175
0.0538024976849556
0.051887914538383484
0.04755084216594696
0.05112659931182861
0.049932561814785004
0.04692671075463295
0.04711737483739853
0.04949374496936798
0.04710954427719116
0.04882175847887993
0.04754871502518654
0.04546128585934639
0.050011418759822845
0.04887131601572037
0.047430045902729034
0.045523419976234436
0.046910446137189865
0.04544305428862572
0.0471489280462265
0.044825825840234756
0.04783032089471817
0.044947296380996704
0.043783675879240036
0.04554510861635208
0.047195468097925186
0.04817553609609604
0.04690360650420189
0.04536301642656326
0.04512603580951691
0.04461895674467087
0.04754733294248581
0.04392505809664726
0.04583147168159485
no squeeze
0.8259285688400269
0.2725633680820465
0.20584627985954285
0.1551671028137207
0.12667790055274963
0.11451131850481033
0.10373349487781525
0.09462518244981766
0.09049195796251297
0.08381384611129761
0.07986622303724289
0.07139398902654648
0.07687905430793762
0.06713759154081345
0.06783511489629745
0.06496122479438782
0.06437189131975174
0.06109638512134552
0.06301140785217285
0.06791498512029648
0.05795443803071976
0.05509199574589729
0.05112486705183983
0.052499279379844666
0.05655733868479729
0.05214259773492813
0.05166821926832199
0.051702357828617096
0.054229188710451126
0.05083897337317467
0.048626020550727844
0.04715367779135704
0.0578310526907444
0.050962284207344055
0.04771190136671066
0.04555656388401985
0.044684041291475296
0.0432189404964447
0.04651332274079323
0.047774046659469604
0.04281148314476013
0.04514804482460022
0.044559720903635025
0.04558788985013962
0.04335245490074158
0.04274335131049156
0.04215668886899948
0.045380789786577225
0.04381506145000458
0.04401914030313492
0.04089624807238579
0.04072343558073044
0.04052099958062172
0.04146094620227814
0.04506915062665939
0.03978798910975456
0.039864350110292435
0.03859979659318924
0.03840715438127518
0.03911106660962105
0.04058218374848366
0.039258334785699844
0.04094962403178215
0.03504512086510658
0.03679576888680458
0.03748384863138199
0.0400385819375515
0.03836379200220108
0.03538660332560539
0.036935679614543915
0.03527665510773659
0.03809144347906113
0.03448909521102905
0.04135566204786301
0.036421969532966614
0.036094218492507935
0.03705606237053871
0.03532153367996216
0.03624387085437775
0.032922469079494476
0.03433904051780701
0.0389225073158741
0.038283709436655045
0.034173812717199326
0.036928340792655945
0.0336344875395298
0.03946838527917862
0.037714749574661255
0.033398959785699844
0.03369800001382828
no squeeze
0.8283962607383728
0.14597250521183014
0.08098719269037247
0.08495451509952545
0.07100339233875275
0.06700248271226883
0.06313324719667435
0.06514568626880646
0.06300909072160721
0.06961265951395035
0.06053735315799713
0.05787775292992592
0.05837972089648247
0.06823405623435974
0.07478165626525879
0.06172340363264084
0.07373656332492828
0.060233280062675476
0.05813382565975189
0.05877070873975754
0.06935089826583862
0.075032539665699
