no squeeze
0.9336395263671875
0.31308773159980774
0.14776493608951569
0.07680542767047882
0.04998259246349335
0.037219103425741196
0.028840623795986176
0.02205524779856205
0.0241931714117527
0.012602572329342365
0.008439324796199799
0.007328154984861612
0.008476050570607185
0.009278427809476852
0.00476484652608633
0.005303656682372093
0.003653961466625333
0.003258091863244772
0.005910276900976896
0.002425217302516103
0.002639000304043293
0.0031025907956063747
0.004139433149248362
0.002904640045017004
0.0015252575976774096
0.00148108066059649
0.0013590439921244979
0.0015174888540059328
0.002834382699802518
0.0021237069740891457
0.0016276022652164102
0.0009789488976821303
0.004804973024874926
0.0009404030279256403
0.001068311044946313
0.0009843050502240658
0.0007368656224571168
0.0007053189328871667
0.000985158490948379
0.001023017568513751
0.001453786389902234
0.0023745251819491386
0.0022566262632608414
0.0007673369836993515
0.0004657023528125137
0.0004941810038872063
0.0006283661932684481
0.0003955269930884242
0.000858216779306531
0.00039925947203300893
0.0007186111179180443
0.0004570057208184153
0.00033489943598397076
0.0003911358362529427
0.00048148000496439636
0.00031029238016344607
0.0003187089168932289
0.00039292898145504296
0.0005647210637107491
0.00046275591012090445
0.000259449880104512
0.00027105084154754877
0.00032714990084059536
0.0002712549758143723
0.0003026089398190379
0.00025994936004281044
0.0002767426776699722
0.00020835675240959972
0.00018579280003905296
0.0003361271519679576
0.0017967693274840713
0.005274244584143162
0.025718551129102707
0.0018863191362470388
0.0005088268662802875
0.0007646704907529056
0.0006139968754723668
0.000536767765879631
0.000277203565929085
no squeeze
0.9577227830886841
0.2780270576477051
0.1694050282239914
0.12291409820318222
0.09045957773923874
0.08095569908618927
0.06968703120946884
0.06242084130644798
0.05938166007399559
0.06597225368022919
0.0498664565384388
0.04892796650528908
0.04654411971569061
0.04285523295402527
0.046341992914676666
0.0509493388235569
0.04200116544961929
0.04858814552426338
0.0426761731505394
0.040938712656497955
0.03790906071662903
0.042433250695466995
0.051255129277706146
0.04094984009861946
0.05071151256561279
0.03524382784962654
0.04261712357401848
0.03514830023050308
0.03773438557982445
0.035374995321035385
0.03592200577259064
0.03903121128678322
0.033423177897930145
0.0342579148709774
0.036634668707847595
0.03334126994013786
0.032677557319402695
0.038289625197649
0.03492775559425354
0.03495784476399422
0.03579854220151901
0.03385506570339203
0.033812280744314194
0.04134194552898407
0.032780542969703674
0.03415576368570328
0.035604964941740036
no squeeze
0.6445255875587463
0.31300199031829834
0.22713088989257812
0.15860781073570251
0.1261175274848938
0.1269649714231491
0.09091228991746902
0.067982979118824
0.05742652714252472
0.04695037379860878
0.041854146867990494
0.03465817868709564
0.030512291938066483
0.033308036625385284
0.025264650583267212
0.02038228139281273
0.02177455648779869
0.017282258719205856
0.018091894686222076
0.02043280377984047
0.014755035750567913
0.013478617183864117
0.01045449823141098
0.009715961292386055
0.009048395790159702
0.007638871204108
0.009708293713629246
0.010282021015882492
0.01399436965584755
0.01833258755505085
0.005945104639977217
0.005384943913668394
0.004462862852960825
0.00402675848454237
0.00434081768617034
0.005208350718021393
0.004904479719698429
0.0037711088079959154
0.0035871369764208794
0.002999538090080023
0.002957753837108612
0.003089531557634473
0.0028851954266428947
0.003347129328176379
0.0023485617712140083
0.0035945407580584288
0.002334268530830741
0.002333460608497262
0.0023140436969697475
0.0021236140746623278
0.0021730298176407814
0.0019771941006183624
0.0022184988483786583
0.0016591837629675865
0.0018805715953931212
0.00184926250949502
0.0016974970931187272
0.0024000981356948614
0.021289192140102386
0.006575805600732565
0.0026419672649353743
0.0013574985787272453
0.0011532569769769907
0.0009630168788135052
0.0010148851433768868
0.0008704079082235694
0.0008549772319383919
0.0008288792450912297
0.0009196375613100827
0.0007814856362529099
0.0007752942619845271
0.0009261971572414041
0.0014062861446291208
0.0008041657856665552
0.001220634556375444
0.0011791535653173923
0.0010343026369810104
0.001009931555017829
0.0006731655448675156
0.0006062037427909672
0.0006956877186894417
0.0006924734334461391
0.0006024276954121888
0.0007904262747615576
0.0007640483672730625
0.0006165379891172051
0.0008125249878503382
0.001074178726412356
0.01182015985250473
0.047059495002031326
0.017129456624388695
0.004604012239724398
0.000767411314882338
no squeeze
0.7808287739753723
0.49633800983428955
0.40762823820114136
0.3421992063522339
0.29673638939857483
0.26328709721565247
0.23345854878425598
0.2057151049375534
0.19357752799987793
0.17489051818847656
0.15893594920635223
0.14634965360164642
0.13794392347335815
0.12800158560276031
0.11895949393510818
0.11116557568311691
0.10745739191770554
0.10103163868188858
0.09579604864120483
0.09037413448095322
0.08555512130260468
0.07882314175367355
0.07706638425588608
0.07325317710638046
0.07081682980060577
0.0681605339050293
0.06327041983604431
0.06325781345367432
0.061095576733350754
0.06317270547151566
0.060585908591747284
0.055967189371585846
0.05651647225022316
0.05324902758002281
0.05339992791414261
0.05494212359189987
0.05224604904651642
0.04889843612909317
0.049868274480104446
0.048447661101818085
0.04698806256055832
0.04691772907972336
0.04608311131596565
0.04562965780496597
0.04444850981235504
0.04372352361679077
0.04270097240805626
0.041585396975278854
0.04648255184292793
0.043809231370687485
0.04291045665740967
0.04370342567563057
0.040319979190826416
0.04054863750934601
0.04334859177470207
0.041202712804079056
0.03780080005526543
0.03779401257634163
0.03949170932173729
0.037517134100198746
0.0389908067882061
0.0376180037856102
0.03669498488306999
0.035923074930906296
0.03573695942759514
0.036794405430555344
0.03522399440407753
0.03469742089509964
0.03672481328248978
0.03580581769347191
0.03717340901494026
0.0368863008916378
0.037004295736551285
0.03602220118045807
0.034690313041210175
0.035827185958623886
0.032306961715221405
0.034837666898965836
0.03635653480887413
0.03309302404522896
0.035720713436603546
0.03390313684940338
0.03191225603222847
0.03219557926058769
0.032896216958761215
0.033285003155469894
0.032343823462724686
0.030378753319382668
0.03271343559026718
0.03065193071961403
0.03055950254201889
0.032071780413389206
0.03249743580818176
0.03700275719165802
0.03068273514509201
0.03021865524351597
0.03125602379441261
0.031522851437330246
0.03079841285943985
0.029833436012268066
0.029583994299173355
0.030262215062975883
0.029346780851483345
0.03158532455563545
0.029941067099571228
0.0327003039419651
0.031972989439964294
0.029894264414906502
0.030705586075782776
0.028311125934123993
0.030000334605574608
0.02859041839838028
0.029811112210154533
0.030390022322535515
0.029231302440166473
0.028214046731591225
0.02851884253323078
0.028205353766679764
0.028102513402700424
0.027439797297120094
0.031129999086260796
0.027385441586375237
0.02807166799902916
0.028948811814188957
0.02863178960978985
0.02885093353688717
0.028158461675047874
0.02847146801650524
0.029697630554437637
0.02770235389471054
0.028422504663467407
0.028129909187555313
no squeeze
0.9815480709075928
0.3641743063926697
0.25586801767349243
0.19574962556362152
0.16008268296718597
0.13664177060127258
0.11584936827421188
0.1045379489660263
0.09378137439489365
0.0834251269698143
0.07373102754354477
0.07128144800662994
0.0660969540476799
0.060879185795784
0.05662848427891731
0.05311864987015724
0.052180759608745575
0.05095202848315239
0.048361312597990036
0.04359554871916771
0.048022426664829254
0.04103066772222519
0.04127736762166023
0.03940124437212944
0.036482073366642
0.037877727299928665
0.036380838602781296
0.0357610322535038
0.03566209226846695
0.033005181699991226
0.03547823056578636
0.03203507512807846
0.03240423649549484
0.031263429671525955
0.027659045532345772
0.02905288152396679
0.027159811928868294
0.02699345536530018
0.025830000638961792
0.02702646702528
0.027189595624804497
0.029880693182349205
0.02487347088754177
0.026418786495923996
0.023454731330275536
0.022898362949490547
0.020878011360764503
0.024478083476424217
0.022597109898924828
0.023256275802850723
0.0238835196942091
0.02667047455906868
0.023932959884405136
0.0197677630931139
0.020569728687405586
0.02152186818420887
0.018529025837779045
0.019936921074986458
0.019779469817876816
0.019256073981523514
0.020668867975473404
0.021604308858513832
0.019596096128225327
0.01750553585588932
0.02070830762386322
0.020516641438007355
0.018520867452025414
0.01813686080276966
0.017147107049822807
0.017169196158647537
0.016589947044849396
0.01656990870833397
0.01806236058473587
0.01871403120458126
0.016095098108053207
0.018784819170832634
0.017947573214769363
0.016232779249548912
0.01492040604352951
0.017239734530448914
0.01675574481487274
0.015942273661494255
0.01599205657839775
0.0163720790296793
0.015941664576530457
0.015494383871555328
0.015716634690761566
0.016358062624931335
0.015147470869123936
no squeeze
0.9179308414459229
0.25989094376564026
0.15734392404556274
0.132699117064476
0.11083707958459854
0.09685426950454712
0.10137989372015
0.08650026470422745
0.08904634416103363
0.07677753269672394
0.08270178735256195
0.0817648395895958
0.07272905856370926
0.07066149264574051
0.07401930540800095
0.07493799179792404
0.14867012202739716
0.0768362283706665
0.06402330100536346
0.07653135806322098
0.08017749339342117
0.07552169263362885
0.06773104518651962
0.07610583305358887
0.06812796741724014
0.06706000864505768
0.0718720480799675
0.09356234222650528
0.09902183711528778
