no squeeze
0.6476601362228394
0.1992848664522171
0.11246348172426224
0.08947531133890152
0.06609564274549484
0.05880524218082428
0.0434049591422081
0.04369628429412842
0.03778991475701332
0.034897152334451675
0.03735189512372017
0.03088872879743576
0.031070534139871597
0.02845183201134205
0.027072599157691002
0.028981616720557213
0.025489456951618195
0.025661366060376167
0.023046808317303658
0.023356808349490166
0.021790018305182457
0.030616533011198044
0.022604789584875107
0.020711954683065414
0.025623556226491928
0.032341986894607544
0.024620532989501953
0.01954050362110138
0.021848510950803757
0.022432900965213776
0.01890619844198227
0.018201805651187897
0.02320965565741062
0.03696121275424957
0.0191438440233469
0.0179704912006855
0.01933899335563183
0.018604198470711708
0.016412334516644478
0.016081882640719414
0.01701919548213482
0.017133526504039764
0.018747229129076004
0.017277734354138374
0.01687929779291153
0.016824159771203995
0.015386689454317093
0.01595074124634266
0.019563820213079453
0.017464499920606613
0.01483127661049366
0.01601933315396309
0.021894540637731552
0.016039861366152763
0.017798153683543205
0.016204416751861572
0.013619237579405308
0.014141012914478779
0.01823652908205986
0.02080884575843811
0.01399003341794014
0.013596821576356888
0.01612025871872902
0.01752620004117489
0.015035828575491905
0.014897793531417847
0.018124941736459732
0.015656165778636932
0.01368913147598505
0.017092527821660042
0.01690097339451313
0.013154578395187855
0.013359363190829754
0.013547975569963455
0.012603085488080978
0.013274544849991798
0.017453501001000404
0.015625210478901863
0.01365325041115284
0.017119336873292923
0.015903260558843613
0.023604899644851685
0.0178443044424057
0.013952421024441719
0.015294019132852554
no squeeze
0.8544132113456726
0.23028463125228882
0.14120106399059296
0.10693489015102386
0.08243204653263092
0.0704602375626564
0.06472396105527878
0.06064572185277939
0.06669469177722931
0.053243499249219894
0.05248275026679039
0.04752875119447708
0.045670442283153534
0.04470658302307129
0.049343548715114594
0.04579482227563858
0.0438581146299839
0.03798171877861023
0.04217898100614548
0.04394841939210892
0.03810185566544533
0.034789007157087326
0.036546703428030014
0.0395592600107193
0.03653404489159584
0.03412523865699768
0.03248985856771469
0.04221966490149498
0.03485039621591568
0.036636967211961746
0.030576039105653763
0.03321158513426781
0.03600537031888962
0.03298012167215347
0.03275785967707634
0.032914191484451294
0.034331612288951874
0.031004568561911583
0.030149713158607483
0.03607979789376259
0.030026232823729515
0.029330670833587646
0.028425289317965508
0.03711500018835068
0.02819964848458767
0.029881179332733154
0.029027743265032768
0.03456029295921326
0.03180710971355438
0.0310810599476099
0.028810491785407066
0.035716600716114044
0.031122835353016853
0.0315978117287159
0.036020275205373764
no squeeze
0.8906749486923218
0.3725661039352417
0.2598878741264343
0.18046121299266815
0.14561931788921356
0.1533234417438507
0.127641499042511
0.12135333567857742
0.09316210448741913
0.0806373879313469
0.08213929086923599
0.07509017735719681
0.07125227153301239
0.06273942440748215
0.06614233553409576
0.09191137552261353
0.06619369983673096
0.053930845111608505
0.06594344973564148
0.06126035004854202
0.05149129405617714
0.04572135955095291
0.06073983758687973
0.07542433589696884
0.06236680969595909
0.044172145426273346
0.0534626841545105
0.05017002299427986
0.03771260008215904
0.04524132236838341
0.04334923252463341
0.03301822766661644
0.04309535771608353
0.046924419701099396
0.0314202718436718
0.03861648589372635
0.04474421963095665
0.041050463914871216
0.028358208015561104
0.03688792511820793
0.03591592237353325
0.03699665144085884
0.02692762017250061
0.03660052269697189
0.02533208765089512
0.028105104342103004
0.036233335733413696
0.03426051512360573
0.031643688678741455
0.033854201436042786
0.04128597304224968
0.026762910187244415
0.02333833836019039
0.022043829783797264
0.029827458783984184
0.026911018416285515
0.03379271551966667
0.026107879355549812
0.018963364884257317
0.018556946888566017
0.018184946849942207
0.02103593572974205
0.022194677963852882
0.02016565389931202
0.020142514258623123
0.015613678842782974
0.020651213824748993
0.028164910152554512
0.03358637914061546
0.023086974397301674
0.01699993945658207
0.018666760995984077
0.015037286095321178
0.014236116781830788
0.016590727493166924
0.026671895757317543
0.02455289103090763
0.023552749305963516
0.01572531834244728
0.013022094033658504
0.01480012945830822
0.025564469397068024
0.026727931573987007
0.01586717925965786
0.01378861628472805
0.013839260675013065
0.014893999323248863
0.014012845233082771
0.014738661237061024
0.015185624361038208
no squeeze
1.0602285861968994
0.4540826678276062
0.36359652876853943
0.2998806834220886
0.2614673674106598
0.2313348352909088
0.20432208478450775
0.18449340760707855
0.16648265719413757
0.15284350514411926
0.1444588154554367
0.13397322595119476
0.12690308690071106
0.11454072594642639
0.11057782918214798
0.102593794465065
0.0980638936161995
0.09332004934549332
0.0894538015127182
0.08737844973802567
0.07906647771596909
0.07904955744743347
0.07937653362751007
0.07477854937314987
0.07044695317745209
0.07036208361387253
0.06831034272909164
0.0643535703420639
0.0636129081249237
0.06303922832012177
0.058467261493206024
0.061233483254909515
0.061942145228385925
0.057712312787771225
0.05546025559306145
0.057039130479097366
0.05713038519024849
0.05372979864478111
0.057216718792915344
0.05460928753018379
0.053294725716114044
0.05288490653038025
0.05142293497920036
0.04902546480298042
0.0489996075630188
0.04654094949364662
0.04492984712123871
0.045143552124500275
0.046752333641052246
0.0466599278151989
0.045900966972112656
0.044984105974435806
0.04462972283363342
0.04284423217177391
0.0439426489174366
0.04252465069293976
0.04106639698147774
0.042831845581531525
0.04070959985256195
0.04127337783575058
0.040985383093357086
0.04035986214876175
0.04330994933843613
0.041205357760190964
0.03927453234791756
0.04441394284367561
0.040086109191179276
0.038308270275592804
0.03662828356027603
0.04034707322716713
0.038048889487981796
0.04021758958697319
0.035262443125247955
0.03766210004687309
0.03617047891020775
0.03684872388839722
0.033632345497608185
0.03748249635100365
0.03473135083913803
0.034212157130241394
0.03354267030954361
0.033662207424640656
0.03247258812189102
0.03248707950115204
0.03397578373551369
0.03493725135922432
0.0337257981300354
0.032196175307035446
0.033911194652318954
0.031428396701812744
0.033346716314554214
0.03150397911667824
0.03209307789802551
0.03107379749417305
0.032651226967573166
0.03634215518832207
0.030904365703463554
0.032525260001420975
0.03306304290890694
0.030265284702181816
0.033698298037052155
0.02975359559059143
0.03151974081993103
0.03319842740893364
0.0319199338555336
0.03050566464662552
0.029550760984420776
0.030105572193861008
0.02967575564980507
0.031063709408044815
0.0314360149204731
0.03129177540540695
0.0299008097499609
0.030124520882964134
0.02969711273908615
0.030074400827288628
0.031208263710141182
no squeeze
0.7939467430114746
0.24572835862636566
0.16771863400936127
0.12995414435863495
0.11374279111623764
0.09796509891748428
0.09869998693466187
0.08612949401140213
0.0750480368733406
0.06341110169887543
0.061696410179138184
0.05752331763505936
0.05321481078863144
0.053597014397382736
0.049177248030900955
0.045856229960918427
0.04776635020971298
0.043452199548482895
0.04084010422229767
0.04135754704475403
0.0401076078414917
0.037139907479286194
0.036984290927648544
0.03735605254769325
0.037073682993650436
0.03466768190264702
0.0313023142516613
0.030631059780716896
0.03128194808959961
0.031438399106264114
0.032865118235349655
0.028658004477620125
0.03172517195343971
0.027721727266907692
0.02632901258766651
0.02651202119886875
0.026650890707969666
0.02559608593583107
0.025689754635095596
0.025088941678404808
0.025899769738316536
0.02429169788956642
0.024986689910292625
0.021372666582465172
0.021906191483139992
0.020225243642926216
0.02187465690076351
0.020194903016090393
0.02197721228003502
0.019452670589089394
0.020262008532881737
0.019519396126270294
0.01884055696427822
0.019475379958748817
0.01821034960448742
0.01977413147687912
0.01984650269150734
0.018655695021152496
0.019967280328273773
0.019524909555912018
0.019152646884322166
0.018000006675720215
0.019292574375867844
0.017757032066583633
0.01925811544060707
0.021155504509806633
0.017894674092531204
0.019784782081842422
0.017130287364125252
0.016993297263979912
0.016927452757954597
0.016630956903100014
0.016728319227695465
0.017579371109604836
0.01589285396039486
0.017115101218223572
0.0159632358700037
0.015332203358411789
0.015923339873552322
0.015025179833173752
0.014011535793542862
0.015027858316898346
0.014370813965797424
0.014541229233145714
0.01763884723186493
0.016516780480742455
0.013781130313873291
0.014171857386827469
0.01415135245770216
0.01583733782172203
0.013797875493764877
0.014575914479792118
0.015886588022112846
0.014307411387562752
0.013552392832934856
0.014820031821727753
0.013754311949014664
0.014100254513323307
0.013321809470653534
0.012700634077191353
0.013558642007410526
0.01329800859093666
0.012878692708909512
0.013627451844513416
0.014931563287973404
0.012959782965481281
0.013675655238330364
0.014657341875135899
0.014130196534097195
0.0126095712184906
0.012706349603831768
0.01298016868531704
0.015218709595501423
0.013622709549963474
0.014196399599313736
0.012069139629602432
0.011706503108143806
0.01209572609513998
0.012405231595039368
0.01188233308494091
0.012367046438157558
0.012023706920444965
0.012230022810399532
0.013956183567643166
0.011955522000789642
0.014325210824608803
0.012168798595666885
no squeeze
0.46777448058128357
0.14024075865745544
0.09379468113183975
0.10089735686779022
0.0672033503651619
0.0716780424118042
0.06280776858329773
0.061775315552949905
0.06179497390985489
0.06630069762468338
0.06665229797363281
0.07394788414239883
0.06208350509405136
0.06475662440061569
0.05811958760023117
0.05864367261528969
0.05873537436127663
0.06261816620826721
0.05853685364127159
0.07215826213359833
0.0813870057463646
0.061229538172483444
0.0555923767387867
0.057641491293907166
0.055042147636413574
0.05676165968179703
0.06974731385707855
0.0681023970246315
0.06275863945484161
0.05590421333909035
0.05443049967288971
0.05481273680925369
0.05957943946123123
0.05574004724621773
0.06501482427120209
0.06368985027074814
0.05862335115671158
0.056536514312028885
0.08027291297912598
0.06823786348104477
0.0573253259062767
