no squeeze
1.7969931364059448
0.4620679020881653
0.2962783873081207
0.25159400701522827
0.1886388212442398
0.18250009417533875
0.16077132523059845
0.15728755295276642
0.14022652804851532
0.14131411910057068
0.14591601490974426
0.1375304013490677
0.13503795862197876
0.12300574034452438
0.10877090692520142
0.13180993497371674
0.0965629518032074
0.10424471646547318
0.09959034621715546
0.10730458050966263
0.10485852509737015
0.11749724298715591
0.09643254429101944
0.08455641567707062
0.10512097924947739
0.10167039185762405
0.10461823642253876
0.12051485478878021
0.09356212615966797
0.09015650302171707
0.08105691522359848
0.10217360407114029
0.11294645816087723
0.07966168224811554
0.10118556022644043
0.09217718988656998
0.07945248484611511
0.08832895755767822
0.08178438991308212
0.07453127205371857
0.08245458453893661
0.08276811987161636
0.08441819995641708
0.08975221961736679
0.08313499391078949
0.08147169649600983
0.06919916719198227
0.07108201086521149
0.08786476403474808
0.07960372418165207
0.0831119492650032
0.07614680379629135
0.09678397327661514
0.0813976526260376
0.06423424184322357
0.07277772575616837
0.07687961310148239
0.07527503371238708
0.07313612848520279
0.06899520754814148
0.0737517774105072
0.10519608855247498
0.07284240424633026
0.07377408444881439
0.07618582248687744
no squeeze
1.7683769464492798
0.4818589389324188
0.3047451972961426
0.2295176237821579
0.21220313012599945
0.17505048215389252
0.14946728944778442
0.1373591274023056
0.13729366660118103
0.13605082035064697
0.13000649213790894
0.11257778853178024
0.10094114392995834
0.11157691478729248
0.10042201727628708
0.10848819464445114
0.10684715211391449
0.10558916628360748
0.09173709154129028
0.09774497151374817
0.09783391654491425
0.08751840889453888
0.0848752111196518
0.08585086464881897
0.09398318082094193
0.08697494119405746
0.08613472431898117
0.08973567932844162
0.09208755195140839
0.08591320365667343
0.0717696100473404
0.0853530764579773
0.07969058305025101
0.0776444599032402
0.08370073139667511
0.07043351978063583
0.0736578032374382
0.07551740854978561
0.08214408904314041
0.08738135546445847
0.09446468204259872
0.0907842293381691
0.07465780526399612
0.07433684170246124
0.08915499597787857
0.07265596836805344
no squeeze
1.9520405530929565
0.7477317452430725
0.5026336312294006
0.3978968858718872
0.2935774326324463
0.24718426167964935
0.2322775423526764
0.24033857882022858
0.21051014959812164
0.36535024642944336
0.1903311312198639
0.15143929421901703
0.1371230036020279
0.16963599622249603
0.15044958889484406
0.1691378951072693
0.14145056903362274
0.11506032198667526
0.14184428751468658
0.11179398000240326
0.11845304816961288
0.13991332054138184
0.10848525166511536
0.20775206387043
0.1504795253276825
0.13250118494033813
0.124626025557518
0.14482608437538147
0.11344721913337708
0.105070099234581
0.09554807841777802
0.1465551257133484
0.11636728793382645
0.13526231050491333
0.09206850081682205
0.14385922253131866
0.1864754855632782
0.13808834552764893
0.10898277163505554
0.08611790090799332
0.09437016397714615
0.10029815137386322
0.10887923091650009
0.09294552356004715
0.10990799963474274
0.08592201769351959
0.09054812788963318
0.07621005922555923
0.07228659093379974
0.08555920422077179
0.08707653731107712
0.0774458795785904
0.0815504640340805
0.10280605405569077
0.1557828187942505
0.09716333448886871
0.10326065868139267
0.07328307628631592
0.0757744088768959
no squeeze
1.8990905284881592
0.8145681023597717
0.6093685030937195
0.5014181733131409
0.44646409153938293
0.41621652245521545
0.353408545255661
0.316206157207489
0.29642611742019653
0.27845534682273865
0.25436773896217346
0.2466389238834381
0.23169292509555817
0.219478040933609
0.21657432615756989
0.2014150321483612
0.18928350508213043
0.17869235575199127
0.17490176856517792
0.16507405042648315
0.16950295865535736
0.14944536983966827
0.14794377982616425
0.1453140825033188
0.13814608752727509
0.14021219313144684
0.13134358823299408
0.12118124216794968
0.13035649061203003
0.12323440611362457
0.12649764120578766
0.12444918602705002
0.11387214064598083
0.11343889683485031
0.11455376446247101
0.11409168690443039
0.10858792811632156
0.10914099216461182
0.10527452826499939
0.10533838719129562
0.1007554903626442
0.10590264201164246
0.10278616100549698
0.10576660931110382
0.10222331434488297
0.09643290191888809
0.09685682505369186
0.10023947805166245
0.09427156299352646
0.09405234456062317
0.09630560874938965
0.09153902530670166
0.08791456371545792
0.08862290531396866
0.08698683977127075
0.08875132352113724
0.08436378836631775
0.09055233001708984
0.0882774293422699
0.082619808614254
0.08953582495450974
0.10325679183006287
0.09410256892442703
0.08924946933984756
0.08624579012393951
0.0804874375462532
0.08098318427801132
0.08593206852674484
0.08814658224582672
0.07888048142194748
0.0776878297328949
0.07913210242986679
0.0763598084449768
0.07950736582279205
0.07539040595293045
0.0806676521897316
0.08099875599145889
0.07512430846691132
0.07573246210813522
0.07658296078443527
0.07089541852474213
0.08029802143573761
0.07926010340452194
0.06993342190980911
0.0697978138923645
0.07372420281171799
0.07089502364397049
0.07188527286052704
0.06919053196907043
0.07288260012865067
0.06777453422546387
0.07026266306638718
0.07150337845087051
0.07201441377401352
0.06585521250963211
0.06468750536441803
0.06433364003896713
0.06877706944942474
0.07282038033008575
0.07129106670618057
0.06550803035497665
0.07513967901468277
0.07514692097902298
0.06595392525196075
0.06650684773921967
0.06995796412229538
0.06305838376283646
0.06905299425125122
0.06748437881469727
0.06245507672429085
0.060666583478450775
0.06280035525560379
0.06473702192306519
0.06659350544214249
0.06453226506710052
0.06167861446738243
0.06089732423424721
0.05879509449005127
0.06048489362001419
0.05753753334283829
0.05882716923952103
0.057258445769548416
0.0683094933629036
0.058083776384592056
0.05839359015226364
0.05633554980158806
0.05581790953874588
0.06285109370946884
0.0548100583255291
0.06259150058031082
0.06228985637426376
0.055099599063396454
0.06088389828801155
0.05341494455933571
0.05263708904385567
0.05324823781847954
0.05507247895002365
0.05776822566986084
0.05792222544550896
0.05326808989048004
0.056154314428567886
0.0575442798435688
0.05019843578338623
0.05513268709182739
0.051617007702589035
0.04981352388858795
0.05274977907538414
0.05422187224030495
0.04884474724531174
0.055407289415597916
0.051811154931783676
0.05087416246533394
0.053005754947662354
0.04969426617026329
0.05134865641593933
0.04965296387672424
0.05285446345806122
0.046919774264097214
0.04877076670527458
0.046326443552970886
0.04852897673845291
0.05025699362158775
0.047195810824632645
0.050703585147857666
0.047473013401031494
0.048117369413375854
0.050875626504421234
0.04778926074504852
0.05026135593652725
0.04885559901595116
no squeeze
1.8300825357437134
0.6388813257217407
0.4285373091697693
0.338412880897522
0.2818186581134796
0.2455114722251892
0.20885300636291504
0.18653714656829834
0.16885307431221008
0.16574639081954956
0.1481597125530243
0.14425387978553772
0.1368139386177063
0.12935328483581543
0.13685856759548187
0.12458280473947525
0.11027367413043976
0.11827018857002258
0.10639864206314087
0.10980696231126785
0.1059628278017044
0.09722139686346054
0.1011873260140419
0.10189232230186462
0.0990014523267746
0.09192857891321182
0.0895078033208847
0.08809129893779755
0.09257470071315765
0.08950510621070862
0.0954178050160408
0.08143708854913712
0.08107606321573257
0.08251042664051056
0.0793808251619339
0.07754534482955933
0.07605346292257309
0.07516852766275406
0.07411790639162064
0.07153090089559555
0.08385733515024185
0.08142558485269547
0.07895323634147644
0.0740276426076889
0.06685075908899307
0.06918331980705261
0.0718708410859108
0.06777698546648026
0.06801565736532211
0.07140417397022247
0.06333117932081223
0.06084195896983147
0.06128716841340065
0.061664875596761703
0.06119047477841377
0.06343953311443329
0.05658009648323059
0.05692818760871887
0.05520568788051605
0.05972578749060631
0.0594649612903595
0.05913816764950752
0.054499901831150055
0.054564014077186584
0.05481506884098053
0.05369967967271805
0.05757157504558563
0.06353665888309479
0.05279707536101341
0.05040927603840828
0.05296822637319565
0.055192649364471436
0.05453292280435562
0.055365655571222305
0.055122457444667816
0.04963752254843712
0.05238571763038635
0.057384129613637924
0.0556170716881752
0.04673902690410614
0.05145036056637764
0.05379512906074524
0.04663123935461044
0.04820787534117699
0.05208771675825119
0.04524945467710495
0.047912757843732834
0.0504976361989975
0.049931902438402176
0.04881545156240463
0.05719911679625511
0.054406654089689255
0.04302098602056503
0.042890165001153946
0.046962670981884
0.0468563474714756
0.04415973648428917
0.049072373658418655
0.05101219192147255
0.0476468950510025
0.04316927120089531
0.043494973331689835
0.053692106157541275
0.051934462040662766
no squeeze
1.4688602685928345
0.32873013615608215
0.2287808060646057
0.23616912961006165
0.15648913383483887
0.17785893380641937
0.15272954106330872
0.1267484873533249
0.1217653900384903
0.13431386649608612
0.0983637124300003
0.13080838322639465
0.14211797714233398
0.1551630049943924
0.10858047008514404
0.10761403292417526
0.10926420986652374
0.12844496965408325
0.2243429273366928
0.09950928390026093
0.0981183871626854
0.10326477140188217
0.1315169632434845
0.12811440229415894
0.09500987082719803
0.0855938047170639
0.08817917853593826
0.12848109006881714
0.08950251340866089
0.08133063465356827
0.1267472207546234
0.08585438132286072
0.18676334619522095
0.10496091097593307
0.11785582453012466
0.11518517136573792
0.12942025065422058
0.07712854444980621
0.0703476220369339
0.09102284163236618
0.08695811033248901
0.10440033674240112
0.08425893634557724
0.07328461855649948
0.11780629307031631
0.08347044885158539
0.07264353334903717
0.07850433140993118
0.08733019232749939
