no squeeze
0.74763423204422
0.26649749279022217
0.15773190557956696
0.11598426103591919
0.08038121461868286
0.06691420823335648
0.05944310128688812
0.05817374587059021
0.048159144818782806
0.047142393887043
0.04011808708310127
0.04683864116668701
0.045378297567367554
0.053572382777929306
0.033959515392780304
0.03652532026171684
0.03641890361905098
0.03660966083407402
0.028119869530200958
0.028898179531097412
0.025494635105133057
0.02511674351990223
0.038726236671209335
0.02584192343056202
0.026922432705760002
0.02856808342039585
0.025707349181175232
0.02771231159567833
0.0299005638808012
0.023060904815793037
0.024294830858707428
0.0217331200838089
0.021650778129696846
0.02975892834365368
0.024043336510658264
0.023544562980532646
0.0217579435557127
0.018026093021035194
0.021411826834082603
0.02572561427950859
0.017099805176258087
0.01721825636923313
0.022113598883152008
0.020546521991491318
0.02363000065088272
0.020104218274354935
0.027340780943632126
0.020303312689065933
0.02642575092613697
0.023321935907006264
0.019169704988598824
no squeeze
1.0235615968704224
0.304720401763916
0.19042988121509552
0.121460922062397
0.10168799012899399
0.0929541066288948
0.07102140039205551
0.06359922885894775
0.052918415516614914
0.05244382843375206
0.04958987236022949
0.04928308352828026
0.04925021529197693
0.046536192297935486
0.05904965102672577
0.03947257250547409
0.04091006889939308
0.04130791872739792
0.04219649359583855
0.04172851890325546
0.03843911364674568
0.0376124233007431
0.04259040951728821
0.03815421089529991
0.03866322338581085
0.041017357259988785
0.04355387017130852
0.03960032016038895
0.04373646527528763
0.04187135025858879
0.03839771822094917
0.03630717471241951
0.036850374191999435
0.03750031068921089
0.04243912920355797
0.04098162800073624
0.03621354326605797
0.0314984954893589
0.034973617643117905
0.033958058804273605
0.038364555686712265
0.03660813346505165
0.037786975502967834
0.03133687376976013
0.042346883565187454
0.03144419565796852
0.03116578981280327
0.03312738984823227
0.035093456506729126
0.029484841972589493
0.036477938294410706
0.04433333873748779
0.03993209823966026
0.03466476500034332
0.030728904530405998
0.029811663553118706
0.028590695932507515
0.03864610567688942
0.02849789336323738
0.03541537746787071
0.03182876855134964
0.03412117436528206
0.03038051351904869
0.03005509078502655
0.02749757468700409
0.0355134978890419
0.03375498950481415
0.030399147421121597
0.033550798892974854
0.03210875764489174
0.02774619497358799
0.03066907823085785
0.037965282797813416
0.0385572575032711
0.03684275597333908
no squeeze
0.7687165141105652
0.3110082447528839
0.19208399951457977
0.15674519538879395
0.13423886895179749
0.1103980615735054
0.11258627474308014
0.1001584604382515
0.08809922635555267
0.08587416261434555
0.09131953120231628
0.1034393236041069
0.07156376540660858
0.0650792196393013
0.06326443701982498
0.05953009054064751
0.07282586395740509
0.050384294241666794
0.054167624562978745
0.05820262432098389
0.04950514808297157
0.07603024691343307
0.050510603934526443
0.04638827592134476
0.04026604816317558
0.040544480085372925
0.036395978182554245
0.04312194511294365
0.03751552104949951
0.034277647733688354
0.04006066918373108
0.03383469954133034
0.036791011691093445
0.03460026904940605
0.03212739899754524
0.026915553957223892
0.030799467116594315
0.037684764713048935
0.0313819944858551
0.02147112786769867
0.021602705121040344
0.025263765826821327
0.030837368220090866
0.038419730961322784
0.027455834671854973
0.02498450130224228
0.026336992159485817
0.03774937987327576
0.030437685549259186
0.02145163156092167
0.019350534304976463
0.018947074189782143
0.023126285523176193
0.02100175805389881
0.019964629784226418
0.021960187703371048
0.022714566439390182
0.029697954654693604
0.02309272438287735
0.020236710086464882
0.017477398738265038
0.017998099327087402
0.022330831736326218
0.016518322750926018
0.014725448563694954
0.020547430962324142
0.018923409283161163
0.021666426211595535
0.017509542405605316
0.013135428540408611
0.014440318569540977
0.015672804787755013
0.018000183627009392
0.018302565440535545
0.015385852195322514
0.014911473728716373
0.016337839886546135
0.013965154998004436
0.012965538538992405
0.01942163147032261
0.04259306192398071
0.04418206587433815
0.034808579832315445
0.013308272697031498
0.013004615902900696
0.01907561905682087
0.01638241484761238
0.016452878713607788
0.013037147931754589
no squeeze
0.8920909762382507
0.45163339376449585
0.358094722032547
0.2961585521697998
0.25870656967163086
0.2310706526041031
0.2016168087720871
0.18745940923690796
0.16763783991336823
0.14951032400131226
0.14928920567035675
0.13241639733314514
0.12202388793230057
0.11580780148506165
0.1117701306939125
0.10478278249502182
0.09673239290714264
0.09154033660888672
0.09134137630462646
0.09226399660110474
0.08198593556880951
0.08131041377782822
0.07614754885435104
0.07751268893480301
0.0808812603354454
0.07712867110967636
0.07021988183259964
0.06963735818862915
0.06955427676439285
0.07449056953191757
0.06556890159845352
0.062356892973184586
0.06230432912707329
0.06239666789770126
0.0574372224509716
0.05911578610539436
0.05621347948908806
0.05496399849653244
0.05352376773953438
0.05408443510532379
0.05421257019042969
0.05291493609547615
0.05552336201071739
0.05091960355639458
0.04868451505899429
0.05390552058815956
0.04779961705207825
0.04958038404583931
0.04759563133120537
0.04828957840800285
0.045903000980615616
0.047301702201366425
0.04634976387023926
0.043590061366558075
0.04157567769289017
0.04627116769552231
0.04264742136001587
0.04154689237475395
0.04235520586371422
0.0423293299973011
0.040188904851675034
0.04089900478720665
0.04046928510069847
0.041544727981090546
0.04122617095708847
0.043273188173770905
0.037615928798913956
0.03740968182682991
0.03935045376420021
0.038390107452869415
0.03635334223508835
0.03792421892285347
0.035794369876384735
0.0429779589176178
0.03725405037403107
0.03482966497540474
0.03471856191754341
0.03420744836330414
0.03544272854924202
0.037448298186063766
0.03450904041528702
0.03288547694683075
0.03414689004421234
0.03481154888868332
0.03550836816430092
0.03543956205248833
0.03559115529060364
0.03739520534873009
0.034397270530462265
0.03371752053499222
0.03325538709759712
0.03269771486520767
0.03345584496855736
0.032271090894937515
0.03434367850422859
0.03131692111492157
0.03301887586712837
0.03263425827026367
0.03249625116586685
0.033875495195388794
0.031681373715400696
0.03263956680893898
0.03157723695039749
0.03162333741784096
0.030230682343244553
0.03192649036645889
0.03318186476826668
0.030421936884522438
0.03023393265902996
0.031008405610919
0.031091351062059402
0.031645890325307846
0.031094081699848175
0.03487156704068184
0.032116230577230453
no squeeze
1.1010892391204834
0.3843512535095215
0.2670077085494995
0.2056729644536972
0.17280499637126923
0.153428852558136
0.13397519290447235
0.11901959031820297
0.105715811252594
0.0916503369808197
0.0873742550611496
0.08121801167726517
0.07632000744342804
0.07555662840604782
0.07107872515916824
0.0647888109087944
0.06536629796028137
0.05669965222477913
0.05560719221830368
0.054844390600919724
0.04972083494067192
0.049084052443504333
0.04984647408127785
0.04772039130330086
0.0476197749376297
0.046984441578388214
0.045266397297382355
0.0471377894282341
0.041581250727176666
0.03921271488070488
0.039302900433540344
0.036021165549755096
0.0372861847281456
0.03366725146770477
0.03719919174909592
0.034907300025224686
0.03709300979971886
0.03155459463596344
0.02898598648607731
0.03434881567955017
0.028442872688174248
0.02835548296570778
0.03199926018714905
0.02823265641927719
0.02835058979690075
0.029049957171082497
0.027433224022388458
0.027247771620750427
0.02871311828494072
0.027553820982575417
0.02688748948276043
0.02970733307301998
0.02571897581219673
0.026941200718283653
0.02407982386648655
0.024892931804060936
0.02639453299343586
0.025182481855154037
0.030267400667071342
0.024947285652160645
0.025453785434365273
0.02832530252635479
0.023419450968503952
0.024901719763875008
0.026914702728390694
0.022343475371599197
0.025977885350584984
0.02439994551241398
0.02591067925095558
0.021180342882871628
0.022558696568012238
0.021115416660904884
0.02229311689734459
0.023826399818062782
0.02240966632962227
0.02120118774473667
0.020052315667271614
0.02463887259364128
0.0232587568461895
0.02046171762049198
0.0189149621874094
0.023406077176332474
0.0230534840375185
0.02042948640882969
0.022987963631749153
0.02422277070581913
0.020765675231814384
0.0194411464035511
0.020344845950603485
0.0222476813942194
0.022717200219631195
no squeeze
1.0671666860580444
0.3047468364238739
0.15417127311229706
0.1107344776391983
0.07795824110507965
0.07628969103097916
0.06684530526399612
0.06948558241128922
0.0801609456539154
0.08017513900995255
0.08932671695947647
0.08320105075836182
0.080704465508461
0.060007400810718536
0.06929485499858856
0.06703567504882812
0.08355697244405746
0.07339552044868469
0.0740777850151062
0.06242920458316803
0.05888485163450241
0.05931113660335541
0.08172420412302017
0.07525316625833511
0.08525843173265457
0.13234126567840576
0.07675017416477203
0.06119361147284508
0.06309427320957184
0.059279367327690125
0.05714807286858559
0.05659610778093338
0.05889422819018364
0.061828382313251495
0.056845277547836304
0.06013704463839531
0.06979519128799438
0.07812537252902985
0.07704729586839676
0.07609473913908005
0.08186376094818115
0.07905787974596024
