no squeeze
1.4221131801605225
0.4537356197834015
0.26271483302116394
0.19847451150417328
0.161600261926651
0.13501553237438202
0.12472379952669144
0.10174116492271423
0.09019465744495392
0.08521240204572678
0.08306879550218582
0.08778220415115356
0.07589976489543915
0.06754910945892334
0.06668970733880997
0.06275864690542221
0.06938868761062622
0.06593622267246246
0.057952456176280975
0.05405836179852486
0.06851568073034286
0.05649726837873459
0.05731241777539253
0.05590451881289482
0.054740116000175476
0.04877646639943123
0.045823805034160614
0.04972941800951958
0.050324685871601105
0.054696645587682724
0.0413178913295269
0.047994066029787064
0.04263715073466301
0.04307778552174568
0.05081283673644066
0.05035313963890076
0.050936248153448105
0.04425916448235512
0.04196149483323097
0.045847903937101364
0.04008388891816139
0.042400483042001724
0.04471525549888611
0.04300551861524582
0.04756924882531166
0.04293952137231827
0.052387937903404236
0.03841963782906532
0.04298102483153343
0.038763221353292465
0.04079531878232956
0.04353219270706177
0.03786827623844147
0.040094465017318726
0.04102600738406181
0.04411270469427109
0.03691563010215759
0.04314490780234337
0.03606055676937103
0.03415585309267044
0.03690589591860771
0.03665049746632576
0.0427413210272789
0.03956194221973419
0.05101633444428444
0.04014188423752785
0.03441722318530083
0.033615969121456146
0.0377214252948761
0.03395408019423485
0.038407064974308014
0.03853829577565193
0.03405412286520004
0.03913334384560585
0.04272589832544327
0.03706745803356171
0.03762909397482872
0.032390035688877106
0.037798795849084854
0.03189573809504509
0.03310709074139595
0.03479120135307312
0.0334380641579628
0.03173026442527771
0.03465442359447479
0.03332160413265228
0.038242727518081665
0.03622235730290413
0.030813395977020264
0.04200424998998642
0.03991123288869858
0.03624463081359863
0.03268766403198242
0.03680606186389923
0.03434615209698677
0.03037703037261963
0.03138568252325058
0.03242366015911102
0.03873486816883087
0.032062828540802
0.03629136085510254
0.034936364740133286
0.030341092497110367
0.03379141911864281
0.032469090074300766
0.034620411694049835
0.03126462921500206
0.032781101763248444
0.030135223641991615
0.028538338840007782
0.03525188937783241
0.037375371903181076
0.03292481601238251
0.033148955553770065
0.031639326363801956
0.037915993481874466
0.03897634148597717
0.04063687473535538
0.029254255816340446
0.0358610637485981
no squeeze
1.245741844177246
0.40837180614471436
0.245796337723732
0.1855979859828949
0.14516538381576538
0.11439199000597
0.10434885323047638
0.08700873702764511
0.07796988636255264
0.07469521462917328
0.06851411610841751
0.06685933470726013
0.061712104827165604
0.05952845886349678
0.05311684310436249
0.05213519558310509
0.05252733454108238
0.049180444329977036
0.0505315326154232
0.04581637680530548
0.05547605827450752
0.04696336016058922
0.05036313459277153
0.04318636283278465
0.04865262657403946
0.044699832797050476
0.048707276582717896
0.04069182276725769
0.03891417756676674
0.039606258273124695
0.04139292240142822
0.04371291399002075
0.0508885383605957
0.0370076484978199
0.03961949795484543
0.03598177433013916
0.03862825781106949
0.039729125797748566
0.032913047820329666
0.03328530117869377
0.03608904778957367
0.03437593951821327
0.0366872102022171
0.03476407006382942
0.03765267878770828
0.03503698483109474
0.03735542669892311
0.04030425101518631
0.0442732572555542
no squeeze
1.4058278799057007
0.6742910742759705
0.4839920997619629
0.3550741970539093
0.2941492795944214
0.23620156943798065
0.20696237683296204
0.17906762659549713
0.16801004111766815
0.14318828284740448
0.13221478462219238
0.1193942129611969
0.12105830758810043
0.0960891991853714
0.10653680562973022
0.08876317739486694
0.07808984816074371
0.08304234594106674
0.08872430771589279
0.07243309170007706
0.06288646906614304
0.06720059365034103
0.08953305333852768
0.08058472722768784
0.09605879336595535
0.0660814568400383
0.05398953706026077
0.05373803526163101
0.049700312316417694
0.051860447973012924
0.04968845099210739
0.056111909449100494
0.0535895973443985
0.0447654128074646
0.04338644817471504
0.049961745738983154
0.04085319861769676
0.03850586712360382
0.038710568100214005
0.04234733805060387
0.04742098227143288
0.03971875458955765
0.04326508194208145
0.03434319794178009
0.036855265498161316
0.03577500209212303
0.06463927030563354
0.03333638980984688
0.034034665673971176
0.03552926331758499
0.0472346730530262
0.042339764535427094
0.050759971141815186
0.0323411263525486
0.04835674539208412
0.031481336802244186
0.02990236133337021
0.025043627247214317
0.031388599425554276
0.03060186095535755
0.032082539051771164
0.025986820459365845
0.0295676589012146
0.03038310818374157
0.02497108094394207
0.024756209924817085
0.02474215254187584
0.022376783192157745
0.026041163131594658
0.02643345296382904
0.027340378612279892
0.02847426012158394
0.026580797508358955
0.03447716683149338
0.02456285059452057
0.020353201776742935
0.026422329246997833
0.025846976786851883
0.040301691740751266
0.055736031383275986
0.03292373567819595
0.02327398955821991
0.02291061170399189
0.021065713837742805
0.03836598992347717
0.024931298568844795
no squeeze
1.4926857948303223
0.7324156761169434
0.5823544263839722
0.5040303468704224
0.44695502519607544
0.39033833146095276
0.34772399067878723
0.32229265570640564
0.2996982932090759
0.27474573254585266
0.2534688115119934
0.24071887135505676
0.21174125373363495
0.20291371643543243
0.19012326002120972
0.1863553673028946
0.17142869532108307
0.15533871948719025
0.1558138132095337
0.1413702666759491
0.1381969004869461
0.13049715757369995
0.12664133310317993
0.11760077625513077
0.11310708522796631
0.10399480164051056
0.10234922170639038
0.103129543364048
0.09692209213972092
0.09241791069507599
0.08676865696907043
0.08985114097595215
0.08277475833892822
0.08615843951702118
0.08044486492872238
0.08093041926622391
0.07501266151666641
0.07254356145858765
0.07251159846782684
0.06940939277410507
0.06707961112260818
0.07100781053304672
0.06820031255483627
0.06488795578479767
0.061354126781225204
0.0606595017015934
0.05977579578757286
0.059291765093803406
0.057715535163879395
0.05742160975933075
0.056657593697309494
0.05583314970135689
0.05897868052124977
0.05279117822647095
0.051863547414541245
0.05142129212617874
0.053922947496175766
0.05048245191574097
0.0500892773270607
0.057285141199827194
0.047609925270080566
0.04801257327198982
0.04871262609958649
0.045065347105264664
0.050036411732435226
0.04604378715157509
0.04781476780772209
0.048562150448560715
0.04495247080922127
0.04467906057834625
0.044401247054338455
0.04455365613102913
0.046324074268341064
0.04675406962633133
0.042452726513147354
0.04313936084508896
0.04040552303195
0.04052582383155823
0.04313952103257179
0.04053157940506935
0.04000061750411987
0.0374780036509037
0.04149065539240837
0.03850855305790901
0.03993142023682594
0.0378752201795578
0.03706773743033409
0.03721540793776512
0.03750637173652649
0.036943718791007996
0.0375363752245903
0.03763461112976074
0.03810681030154228
0.03854399174451828
0.037823986262083054
0.03427360579371452
0.036795057356357574
0.035978078842163086
0.03710603341460228
0.03321325033903122
0.03311176598072052
0.03842686861753464
0.035397469997406006
0.03356005251407623
0.035602178424596786
0.03372444957494736
0.03375021740794182
0.03426148742437363
0.03317651152610779
0.03413078933954239
0.03416937217116356
no squeeze
1.1967411041259766
0.4699598252773285
0.3064630627632141
0.226792111992836
0.18786808848381042
0.15295998752117157
0.14091506600379944
0.1217413991689682
0.11061377823352814
0.09787507355213165
0.08696874231100082
0.08086659014225006
0.07138142734766006
0.0667046308517456
0.06730130314826965
0.0650082603096962
0.05720505118370056
0.05161408334970474
0.049459319561719894
0.0472673699259758
0.04679163917899132
0.04321866109967232
0.039360858500003815
0.040697067975997925
0.04043984413146973
0.039623890072107315
0.037493690848350525
0.036679819226264954
0.03423485532402992
0.036553286015987396
0.03237951546907425
0.032821446657180786
0.03353358805179596
0.02707774005830288
0.029913360252976418
0.025501571595668793
0.0261318851262331
0.025106433779001236
0.025316879153251648
0.02612360008060932
0.023293692618608475
0.026222659274935722
0.024670979008078575
0.022204618901014328
0.022831130772829056
0.02108748070895672
0.027103830128908157
0.020992131903767586
0.02107938379049301
0.022312398999929428
0.020308585837483406
0.019109947606921196
0.019415099173784256
0.020040618255734444
0.019153200089931488
0.020144646987318993
0.019271258264780045
0.019660942256450653
0.019546525552868843
0.017680710181593895
0.017818018794059753
0.016564352437853813
0.018529145047068596
0.016603566706180573
0.016914164647459984
0.016138657927513123
0.016692442819476128
0.014921866357326508
0.014291376806795597
0.015491408295929432
0.015480834990739822
0.014688086695969105
0.013685843907296658
0.014912026934325695
0.015840748324990273
0.01236640103161335
0.012147223576903343
0.013698838651180267
0.012677987106144428
0.011978662572801113
0.01357897650450468
0.014446059241890907
0.01482341531664133
0.013249079696834087
0.014381091110408306
0.012940899468958378
0.01388369221240282
0.013227749615907669
0.010836726054549217
0.013240971602499485
0.013976966962218285
0.012141454964876175
0.010547935031354427
0.012260928750038147
0.010774200782179832
0.01146845705807209
0.012880695052444935
0.013780051842331886
0.013495149090886116
0.01199844665825367
0.01190687995404005
0.011856176890432835
0.010954265482723713
no squeeze
1.101658821105957
0.3554660975933075
0.2082417756319046
0.16853727400302887
0.1450626403093338
0.1331384927034378
0.10679998248815536
0.10144148766994476
0.13452766835689545
0.11193810403347015
0.08754431456327438
0.08944860845804214
0.0928099974989891
0.07645557075738907
0.09139631688594818
0.08741677552461624
0.09422388672828674
0.09850665926933289
0.07598524540662766
0.08840273320674896
0.08842894434928894
0.07724475860595703
0.09335557371377945
0.0740717425942421
0.08635416626930237
0.08118893951177597
0.06970159709453583
0.0758608877658844
0.06616082042455673
0.06767529994249344
0.07882098853588104
0.07636518776416779
0.07007063180208206
0.06843201071023941
0.06632130593061447
0.06012511998414993
0.06332991272211075
0.07958938926458359
0.07675579190254211
0.07856189459562302
0.07194281369447708
0.07132994383573532
0.06266449391841888
0.07409018278121948
0.08156440407037735
0.06995068490505219
