no squeeze
0.7607563734054565
0.18516016006469727
0.11713013052940369
0.09532170742750168
0.07982809841632843
0.05875980854034424
0.05390285700559616
0.046142611652612686
0.046571291983127594
0.043815936893224716
0.04001105576753616
0.03541724383831024
0.03658492490649223
0.03952118754386902
0.04169730842113495
0.0411984957754612
0.033201705664396286
0.03241252154111862
0.03391232714056969
0.03201070800423622
0.03291812911629677
0.03634678199887276
0.032080937176942825
0.031220080330967903
0.028901707381010056
0.03126661479473114
0.039109356701374054
0.039735693484544754
0.030438756570219994
0.027774356305599213
0.028066352009773254
0.029814088717103004
0.031474050134420395
0.029892027378082275
0.02579137124121189
0.03016328252851963
0.030530758202075958
0.02826572023332119
0.028451720252633095
0.027241205796599388
0.02724781632423401
0.02816053107380867
0.02566700428724289
0.026097571477293968
0.02821987494826317
0.02513837441802025
0.02711867354810238
0.027613921090960503
0.031176557764410973
0.02669171430170536
0.03044489026069641
0.02691752277314663
0.024804994463920593
0.027708901092410088
0.024079518392682076
0.02303885482251644
0.02858279086649418
0.023181134834885597
0.022964656352996826
0.024989761412143707
0.02824556827545166
0.02400527149438858
0.022336086258292198
0.02326902747154236
0.02621072344481945
0.022996384650468826
0.02634832262992859
0.02361568994820118
0.024312090128660202
0.024644000455737114
0.025005096569657326
0.0240982286632061
0.023809554055333138
no squeeze
0.7228290438652039
0.22422827780246735
0.16116414964199066
0.1150815486907959
0.08947985619306564
0.0727216824889183
0.06387782096862793
0.055901043117046356
0.062115684151649475
0.05865669995546341
0.048166438937187195
0.0423961766064167
0.038227155804634094
0.04471667855978012
0.0399492047727108
0.037508781999349594
0.04242846369743347
0.0383930429816246
0.0353950560092926
0.03445838764309883
0.033484265208244324
0.03453662246465683
0.03193151205778122
0.03419175371527672
0.032076381146907806
0.04211744666099548
0.03372124955058098
0.03268543258309364
0.035350725054740906
0.029298750683665276
0.03385023772716522
0.03148958459496498
0.030931679531931877
0.03016422688961029
0.034724488854408264
0.027206016704440117
0.033578626811504364
0.026701180264353752
0.029111087322235107
0.03249916434288025
0.03681458905339241
0.03203814849257469
0.027208363637328148
0.028317784890532494
0.03229230269789696
0.03258940950036049
0.027067668735980988
0.026353733614087105
0.026217561215162277
0.02811872959136963
0.028353458270430565
0.02556702494621277
0.030855335295200348
0.029918910935521126
0.03458938002586365
0.025937652215361595
0.029572218656539917
0.028760552406311035
0.028872353956103325
0.030366189777851105
0.03159959241747856
0.024789808318018913
0.028190404176712036
0.034674257040023804
0.03329790383577347
0.02558155544102192
0.02521401457488537
0.025179533287882805
0.026312706992030144
0.026659607887268066
0.025351492688059807
0.026217779144644737
no squeeze
0.6729888916015625
0.31004035472869873
0.23200102150440216
0.1916859894990921
0.17271099984645844
0.12610363960266113
0.11480940133333206
0.1004423052072525
0.08834956586360931
0.09663210064172745
0.07907293736934662
0.07120455056428909
0.08412466943264008
0.07003588229417801
0.07020661979913712
0.05785646662116051
0.07524406164884567
0.05504345893859863
0.04731221869587898
0.06408330053091049
0.05968065187335014
0.046045489609241486
0.049798671156167984
0.04240332916378975
0.042339522391557693
0.05334911495447159
0.05839082971215248
0.04167269542813301
0.051372963935136795
0.054938241839408875
0.03633609414100647
0.04409760609269142
0.03523194044828415
0.03209122270345688
0.041083525866270065
0.043958961963653564
0.041001930832862854
0.03616992384195328
0.052042193710803986
0.0432436503469944
0.029653849080204964
0.030845649540424347
0.027192018926143646
0.04154122620820999
0.045811139047145844
0.03397400304675102
0.029503997415304184
0.02776937000453472
0.027312515303492546
0.02178889513015747
0.025859300047159195
0.021357476711273193
0.030774986371397972
0.02243523672223091
0.024649430066347122
0.021694550290703773
0.03737996518611908
0.04552619159221649
0.03236202895641327
0.026304706931114197
0.022945597767829895
0.02267034910619259
no squeeze
0.7605646848678589
0.30056071281433105
0.24057218432426453
0.20428620278835297
0.18100278079509735
0.1635713428258896
0.1482013761997223
0.1334524154663086
0.12505407631397247
0.11321032792329788
0.10676557570695877
0.09857413917779922
0.09749156981706619
0.09261944144964218
0.09356660395860672
0.08424937725067139
0.08356647938489914
0.08308646827936172
0.07502571493387222
0.07497822493314743
0.07437650859355927
0.06879119575023651
0.06613793969154358
0.06663612276315689
0.06374526768922806
0.06155431270599365
0.06285955756902695
0.05769487842917442
0.057479146867990494
0.059288524091243744
0.05647848919034004
0.0545237734913826
0.05269114300608635
0.05294981971383095
0.053032975643873215
0.04943843558430672
0.0490153543651104
0.047627441585063934
0.04637862369418144
0.046769723296165466
0.04457719624042511
0.043423958122730255
0.044884297996759415
0.04470633715391159
0.043371494859457016
0.040353741496801376
0.041173551231622696
0.0427594818174839
0.04201149195432663
0.04039053991436958
0.03883574903011322
0.040671251714229584
0.040021948516368866
0.03828570246696472
0.036624934524297714
0.035481229424476624
0.036137547343969345
0.03731938451528549
0.03511662408709526
0.034231558442115784
0.03547222539782524
0.037899941205978394
0.03638323023915291
0.03329259529709816
0.0343005508184433
0.03244207799434662
0.032724667340517044
0.03384340554475784
0.03457662835717201
0.03370203077793121
0.03150305524468422
0.03274519741535187
0.03259620442986488
0.03352347016334534
0.03268157318234444
0.031020570546388626
0.03051180951297283
0.03030414879322052
0.030774638056755066
0.03160187602043152
0.03174176812171936
0.030980387702584267
0.03402663394808769
0.0315638966858387
0.031197579577565193
0.03076106123626232
0.030869515612721443
0.029410723596811295
0.028677089139819145
0.028485024347901344
0.029246890917420387
0.02813713252544403
0.029474614188075066
0.030901389196515083
0.030273955315351486
0.028978055343031883
0.029826033860445023
0.029234282672405243
0.02869083173573017
0.027920911088585854
0.027846822515130043
0.028691893443465233
0.029343873262405396
0.030486153438687325
0.02773122303187847
0.028864813968539238
0.02731061540544033
0.02764587104320526
0.027853121981024742
0.028786977753043175
0.02823699451982975
0.027811609208583832
0.027133414521813393
0.02651813067495823
0.02610061876475811
0.027065206319093704
0.026090359315276146
0.027295028790831566
0.029693622142076492
0.025563571602106094
0.02627895027399063
0.026375746354460716
0.02614274062216282
0.027277516201138496
0.028537800535559654
0.025006091222167015
0.02695637382566929
0.0270545594394207
0.026048777624964714
0.02781723625957966
0.026478175073862076
0.025447508320212364
0.02589307352900505
0.026569010689854622
0.02668912708759308
0.027064142748713493
no squeeze
0.7368667125701904
0.27844294905662537
0.19889895617961884
0.15070272982120514
0.12273627519607544
0.11035005748271942
0.09068139642477036
0.08190522342920303
0.07351531833410263
0.06894152611494064
0.058033302426338196
0.05473637953400612
0.05167246609926224
0.050528280436992645
0.04684707149863243
0.04491276666522026
0.042122699320316315
0.040059641003608704
0.03732828423380852
0.03735819458961487
0.040965549647808075
0.03754899278283119
0.03626589477062225
0.032084498554468155
0.031281761825084686
0.031185509636998177
0.03084641881287098
0.029378090053796768
0.028389787301421165
0.03146684914827347
0.02860500104725361
0.026895489543676376
0.02686784788966179
0.02749708853662014
0.02645908109843731
0.026938358321785927
0.023760011419653893
0.02340356446802616
0.024211285635828972
0.026128577068448067
0.02478513866662979
0.026570208370685577
0.023221269249916077
0.022005220875144005
0.020650452002882957
0.020383192226290703
0.019854780286550522
0.020581578835844994
0.021291768178343773
0.018326014280319214
0.02020382508635521
0.01941397413611412
0.019466837868094444
0.020778749138116837
0.021221451461315155
0.018718359991908073
0.019475501030683517
0.018367383629083633
0.0205687265843153
0.02032829076051712
no squeeze
1.4320487976074219
0.36053863167762756
0.17360098659992218
0.11379926651716232
0.09479376673698425
0.10119961202144623
0.10250943899154663
0.09272368252277374
0.09256649762392044
0.11498606204986572
0.08486974984407425
0.0992608591914177
0.06730327010154724
0.0719568058848381
0.0706060528755188
0.06509920954704285
0.08223612606525421
0.07159005850553513
0.06729813665151596
0.06202194094657898
0.08045713603496552
0.06961691379547119
0.06846876442432404
0.07136135548353195
0.09573820233345032
0.11181503534317017
0.07967005670070648
0.07620001584291458
0.06695541739463806
0.0745837539434433
