no squeeze
1.615930199623108
0.5512209534645081
0.3178928792476654
0.19042089581489563
0.14379018545150757
0.11146865785121918
0.0954081192612648
0.07658404111862183
0.06959772855043411
0.06494352966547012
0.056924495846033096
0.05682685971260071
0.04850677028298378
0.05276926979422569
0.04473529011011124
0.04644141346216202
0.03900310397148132
0.04233140870928764
0.03939790278673172
0.0430024079978466
0.03510207682847977
0.048378005623817444
0.051547080278396606
0.03887449577450752
0.04278401657938957
0.037356190383434296
0.03903637453913689
0.035201046615839005
0.03478682041168213
0.03643496707081795
0.034630853682756424
0.03600023686885834
0.04585849866271019
0.03588052839040756
0.03654785454273224
0.040093906223773956
0.03241383284330368
0.0384642630815506
0.03828132525086403
0.03751794248819351
0.03669047728180885
0.036052148789167404
0.03329552710056305
0.034974969923496246
0.0336136519908905
0.03341534733772278
0.039520587772130966
no squeeze
1.1582914590835571
0.3969799876213074
0.22614416480064392
0.1543988436460495
0.11751078814268112
0.10425088554620743
0.08134256303310394
0.06795644760131836
0.05827099829912186
0.055267900228500366
0.05393212288618088
0.04548097774386406
0.043117228895425797
0.040859393775463104
0.03929205983877182
0.037201154977083206
0.03929723799228668
0.035540368407964706
0.03414184972643852
0.037367794662714005
0.03211553394794464
0.0328628234565258
0.035640500485897064
0.03679271414875984
0.0332876555621624
0.03024320676922798
0.031825583428144455
0.02740560472011566
0.03145938366651535
0.027436671778559685
0.02554512582719326
0.0287445317953825
0.03223651647567749
0.029908576980233192
0.025936884805560112
0.030417177826166153
0.025185734033584595
0.032474320381879807
0.031007325276732445
0.030086418613791466
0.025402627885341644
0.025124279782176018
0.02639598585665226
0.02443619631230831
0.028966769576072693
0.029585864394903183
0.025801554322242737
0.024016326293349266
0.02359345555305481
0.027260446920990944
0.027002274990081787
0.03150567412376404
0.032610513269901276
0.024740535765886307
0.023650579154491425
0.025289740413427353
0.023905377835035324
0.025176336988806725
0.02591116540133953
no squeeze
1.7798535823822021
0.8204843997955322
0.5487595200538635
0.4064818322658539
0.31141209602355957
0.2512331008911133
0.2035190463066101
0.16780999302864075
0.15441836416721344
0.11980561912059784
0.1073920950293541
0.09911011159420013
0.08403623104095459
0.07050210982561111
0.06270210444927216
0.0567077212035656
0.053459156304597855
0.05198131501674652
0.0427970252931118
0.046748753637075424
0.045158542692661285
0.04963492974638939
0.03869235888123512
0.032183483242988586
0.030789285898208618
0.03381640836596489
0.02493426576256752
0.030198736116290092
0.024298716336488724
0.028783561661839485
0.02260606363415718
0.02388179488480091
0.021251466125249863
0.019139546900987625
0.023707300424575806
0.02295849099755287
0.029547657817602158
0.018802860751748085
0.018225377425551414
0.0272167157381773
0.018756147474050522
0.017694726586341858
0.019675327464938164
0.017045894637703896
0.022106120362877846
0.017447277903556824
0.016389857977628708
0.015171914361417294
0.020622987300157547
0.02677392028272152
0.0152177968993783
0.015155940316617489
0.01972259022295475
0.015140971168875694
0.01334637776017189
0.014587589539587498
0.014171570539474487
0.01296327542513609
0.014482389204204082
0.013871491886675358
0.015035548247396946
0.018129371106624603
0.013851788826286793
0.01201157458126545
0.01819908805191517
0.013637572526931763
0.025652647018432617
0.0125245600938797
0.013884597457945347
0.011726701632142067
0.013542351312935352
0.00971449725329876
0.012479661963880062
0.01033327542245388
0.010439842008054256
0.00995209626853466
0.009516991674900055
0.01159580983221531
0.010661905631422997
0.015399275347590446
0.021993940696120262
0.01598248817026615
0.010797790251672268
0.011926439590752125
0.009511034935712814
0.014443302527070045
0.013890208676457405
0.0105385547503829
0.007776801008731127
0.011645957827568054
0.010479834862053394
0.010428681038320065
0.012225344777107239
0.010141546837985516
0.01440846361219883
0.01017388142645359
0.00941664632409811
0.014134800992906094
0.010905505158007145
no squeeze
1.531595230102539
0.8889603018760681
0.728472888469696
0.6117888689041138
0.5460147857666016
0.46878182888031006
0.4288943111896515
0.38015490770339966
0.34054479002952576
0.31393900513648987
0.28589707612991333
0.2714885175228119
0.24397151172161102
0.22901450097560883
0.21169039607048035
0.1957004815340042
0.19193799793720245
0.18101230263710022
0.1654377281665802
0.15730951726436615
0.14972679316997528
0.14289121329784393
0.1404104083776474
0.1322254091501236
0.12436273694038391
0.11897464841604233
0.11318491399288177
0.11154507845640182
0.10741087049245834
0.10670401155948639
0.096610888838768
0.0924738198518753
0.09196151047945023
0.08503004908561707
0.08576321601867676
0.07982169091701508
0.08042005449533463
0.0760001540184021
0.07738334685564041
0.079186350107193
0.07446102052927017
0.07232314348220825
0.07294449955224991
0.06997574865818024
0.06863337010145187
0.06408680975437164
0.06158319488167763
0.06253639608621597
0.0660465806722641
0.06269724667072296
0.059389643371105194
0.05659042298793793
0.06013112887740135
0.05873977392911911
0.06087901443243027
0.054760415107011795
0.05711592361330986
0.055080708116292953
0.05017947778105736
0.0519566535949707
0.05344371125102043
0.05101512745022774
0.05331533029675484
0.04804937168955803
0.04662231355905533
0.048260774463415146
0.05015706270933151
0.0459270104765892
0.05014394223690033
0.047017939388751984
0.04643748700618744
0.04701339080929756
0.04663314297795296
0.04566965624690056
0.042213261127471924
0.042373355478048325
0.04419633746147156
0.043384477496147156
0.046565327793359756
0.04143419489264488
0.041472043842077255
0.04080195724964142
0.043002329766750336
0.0410383865237236
0.04096633195877075
0.04217700660228729
0.04070897400379181
0.03867984935641289
0.04023291915655136
0.039139244705438614
0.03975040465593338
0.03692498058080673
0.04413453862071037
0.03563578426837921
0.03794443979859352
0.036435503512620926
0.037781186401844025
0.03578320890665054
0.037253353744745255
0.035287946462631226
0.03723592311143875
0.038113921880722046
0.03906160593032837
0.03679237514734268
0.03390655294060707
0.03589009866118431
0.03428550064563751
0.0351068489253521
0.03413287550210953
0.034881871193647385
0.03542306274175644
0.03330342471599579
0.033720362931489944
0.03348564729094505
0.031483907252550125
0.0333712212741375
0.03159560263156891
0.035983819514513016
0.030932679772377014
0.03233454003930092
0.03164300322532654
0.031700484454631805
0.03386005759239197
0.033175382763147354
0.034038249403238297
0.03253569081425667
0.029899660497903824
0.03256915509700775
0.034173570573329926
0.030556371435523033
0.03128111734986305
0.032642003148794174
0.032563772052526474
0.03407088294625282
0.02975545823574066
0.028712892904877663
0.032534100115299225
0.02976798824965954
0.02917022630572319
0.03342920541763306
0.028276799246668816
0.031246833503246307
0.027788564562797546
0.03066948987543583
0.03320087119936943
0.028570009395480156
0.030687887221574783
0.029947848990559578
0.028320834040641785
0.029046161100268364
0.027872608974575996
0.026989279314875603
0.030564118176698685
0.028857508674263954
0.02874704822897911
0.027429543435573578
0.02747020311653614
0.027157779783010483
0.0266942847520113
0.026527201756834984
0.027742713689804077
0.03160690888762474
0.028333626687526703
0.029075738042593002
0.027646750211715698
0.026055241003632545
0.026563022285699844
0.025999419391155243
0.027132704854011536
0.025037959218025208
0.026829812675714493
0.02612132392823696
0.024730555713176727
0.02523307502269745
0.02626338042318821
0.027908625081181526
0.02862452156841755
0.027036957442760468
0.025722447782754898
0.02554147318005562
0.0261179618537426
0.024971380829811096
0.024217134341597557
0.02601788192987442
0.028188196942210197
0.025031326338648796
0.02498745359480381
0.024215903133153915
0.025413619354367256
0.027452195063233376
0.024427058175206184
0.024184081703424454
0.024735091254115105
0.024593891575932503
0.026026975363492966
0.022569851949810982
0.023911915719509125
0.024591365829110146
0.02345571108162403
0.021793415769934654
0.025474611669778824
0.023153042420744896
0.025385605171322823
0.02351430244743824
0.02541949972510338
0.02400006540119648
0.021516919136047363
0.021947434172034264
0.024566026404500008
0.02421453595161438
0.02326757088303566
0.024281127378344536
0.022264154627919197
0.02107919007539749
0.02304871566593647
0.023380786180496216
0.0237011406570673
0.021974148228764534
0.022858876734972
0.023771917447447777
0.023090310394763947
0.02216408960521221
0.022597836330533028
0.02123354747891426
no squeeze
1.5012640953063965
0.6644300818443298
0.44790440797805786
0.33264076709747314
0.2809978723526001
0.2150256186723709
0.1866173893213272
0.16146127879619598
0.13681560754776
0.12776540219783783
0.11303971707820892
0.10084353387355804
0.08763497322797775
0.08936550468206406
0.08096868544816971
0.07215296477079391
0.06804750859737396
0.06372947245836258
0.060405973345041275
0.06467696279287338
0.05922630429267883
0.05609238147735596
0.05122968181967735
0.04939904063940048
0.04516652226448059
0.04460799694061279
0.04531696066260338
0.042073991149663925
0.04165763035416603
0.038002368062734604
0.03803626820445061
0.03502102568745613
0.03236766159534454
0.03466770052909851
0.04677945375442505
0.046847470104694366
0.02936173416674137
0.032721929252147675
0.029840659350156784
0.028951862826943398
0.03192891553044319
0.026774069294333458
0.03119419515132904
0.03217407315969467
0.024771736934781075
0.025087274610996246
0.024024365469813347
0.024042433127760887
0.021897241473197937
0.023120582103729248
0.02076096646487713
0.02167758159339428
0.02772057056427002
0.0209099929779768
0.034186337143182755
0.023615268990397453
0.021075459197163582
0.02315446548163891
0.02018248476088047
0.020022105425596237
0.017481578513979912
0.01836196519434452
0.018906550481915474
0.016788555309176445
0.01676888018846512
0.015507631003856659
0.019182413816452026
0.017003066837787628
0.015743469819426537
0.01732693798840046
0.016714632511138916
0.01604066789150238
0.02514125220477581
0.020348822697997093
0.013835486024618149
0.015823466703295708
0.014811609871685505
0.015631819143891335
0.013959701173007488
0.014956793747842312
0.01268726121634245
0.011959015391767025
0.014082110486924648
0.01542083639651537
0.013772156089544296
0.010837016627192497
0.015445968136191368
0.016701027750968933
0.013592085801064968
0.013356979936361313
0.012268229387700558
0.013012170791625977
0.012726696208119392
0.011148594319820404
0.011414319276809692
0.014040716923773289
no squeeze
1.3828190565109253
0.45332637429237366
0.274600625038147
0.19743786752223969
0.16103412210941315
0.1484849601984024
0.14184127748012543
0.12017302215099335
0.11699070781469345
0.11313726752996445
0.1041882261633873
0.08052312582731247
0.11606799811124802
0.09791118651628494
0.09469611942768097
0.10282088071107864
0.08623164147138596
0.09517716616392136
0.10764151811599731
0.09438055753707886
0.09267424046993256
0.1385120153427124
