no squeeze
0.9062009453773499
0.2934616804122925
0.13849051296710968
0.07688402384519577
0.04616224765777588
0.03188714385032654
0.02829020656645298
0.02008672058582306
0.0163323525339365
0.012327819131314754
0.010751618072390556
0.008121786639094353
0.006748098414391279
0.006590039934962988
0.004734885413199663
0.005612123291939497
0.008866438642144203
0.0070208297111094
0.002988938009366393
0.003176288213580847
0.0026042982935905457
0.0029852648731321096
0.0016733980737626553
0.0018363094422966242
0.0023489936720579863
0.002120640827342868
0.001753149670548737
0.0012128865346312523
0.0012472301023080945
0.001548271276988089
0.0013457905733957887
0.004527372308075428
0.005563188344240189
0.000983008067123592
0.0007396427681669593
0.0009120136965066195
0.0010618290398269892
0.0020037000067532063
0.000903265259694308
0.0036501269787549973
0.0023056066129356623
0.0024211450945585966
0.0009283530525863171
0.0008132115472108126
0.0014433980686590075
no squeeze
0.7213605046272278
0.22287915647029877
0.13353577256202698
0.09664043039083481
0.07411590963602066
0.06632479280233383
0.05711060017347336
0.05157036334276199
0.05055173859000206
0.047130171209573746
0.04474185034632683
0.044961586594581604
0.03949399292469025
0.03809647634625435
0.04001287743449211
0.03999536857008934
0.04293105751276016
0.042619943618774414
0.037921857088804245
0.03901226073503494
0.04357451573014259
0.04512055963277817
0.035956114530563354
0.03467196598649025
0.034348614513874054
0.03387490659952164
0.035572733730077744
0.03871498629450798
0.033183950930833817
0.03414306417107582
0.0365508608520031
0.03283471241593361
0.03744576871395111
0.03687981516122818
0.03137008473277092
0.03327123820781708
0.03496682643890381
0.03461826965212822
0.03272790461778641
0.030832406133413315
0.030614135786890984
0.03154679387807846
0.033234529197216034
0.03392374515533447
0.03639710694551468
0.03327446058392525
0.034598223865032196
0.035523608326911926
0.032290104776620865
0.030744483694434166
0.032748475670814514
no squeeze
0.7993798851966858
0.3589043915271759
0.24939082562923431
0.18440033495426178
0.13865233957767487
0.10757644474506378
0.08723332732915878
0.0669131875038147
0.05174035578966141
0.04121248796582222
0.035299040377140045
0.03024120256304741
0.026738185435533524
0.023597177118062973
0.021333612501621246
0.016717353835701942
0.014334806241095066
0.012743901461362839
0.012069130316376686
0.010300287976861
0.010136453434824944
0.009150734171271324
0.008586068637669086
0.007392680738121271
0.006375950761139393
0.006303281988948584
0.00616372749209404
0.005504367873072624
0.004676481708884239
0.004758316092193127
0.004752442240715027
0.004193218890577555
0.003735259175300598
0.003563445759937167
0.0029815416783094406
0.0029785637743771076
0.002856566570699215
0.002566398587077856
0.004470097366720438
0.002530108205974102
0.0025573554448783398
0.0023597488179802895
0.002328146481886506
0.002130647422745824
0.0022042510099709034
0.002198761561885476
0.0017165557947009802
0.0018620748305693269
0.0016338549321517348
0.0031813320238143206
0.0023640089202672243
0.001407403266057372
0.0014641927555203438
0.0013558316277340055
0.0022811507806181908
0.0026808478869497776
0.008758320473134518
0.0019072002032771707
0.0012404023436829448
0.0010424110805615783
0.0008458224474452436
0.001146642491221428
0.0010226648300886154
0.0018213859293609858
0.001077722874470055
0.0007971124723553658
0.0014482233673334122
0.0007795037236064672
0.0006576359737664461
0.0009119533351622522
0.0007856658194214106
0.0006841901340521872
0.0006411907961592078
0.0005488833994604647
0.00047155749052762985
0.0005122044240124524
0.000464817276224494
0.0004904226516373456
0.000596173107624054
0.000899849459528923
0.0005171223310753703
0.00039784552063792944
0.00040217727655544877
0.0003537891898304224
0.00033707349211908877
0.0003103023918811232
0.0002984622842632234
0.00033128540962934494
0.00031500690965913236
0.0002823835820890963
0.00033313356107100844
0.0002898306993301958
0.0002619048173073679
0.0007335603004321456
0.0012344811111688614
0.0004339069710113108
0.00037543935468420386
0.0002663715276867151
0.0004132957838010043
0.0017774543957784772
0.0004575543280225247
0.00042125515756197274
0.0002767280675470829
no squeeze
0.7642430067062378
0.41711604595184326
0.3367846608161926
0.2860579192638397
0.25302913784980774
0.22481031715869904
0.2005978524684906
0.18453443050384521
0.1714276820421219
0.1528555005788803
0.1390184462070465
0.13181352615356445
0.11994096636772156
0.11333400756120682
0.10819677263498306
0.10335362702608109
0.09686915576457977
0.09260454028844833
0.08573877811431885
0.08469153940677643
0.07861902564764023
0.07660976052284241
0.07496374845504761
0.07058123499155045
0.06840985268354416
0.0673455074429512
0.06346385926008224
0.06186226010322571
0.05971545726060867
0.060362886637449265
0.05638278275728226
0.056984178721904755
0.0548027940094471
0.05333520472049713
0.051560427993535995
0.050898805260658264
0.04833883419632912
0.04831656813621521
0.04639158025383949
0.04664817079901695
0.045802224427461624
0.044570647180080414
0.04352886602282524
0.042672764509916306
0.04399801418185234
0.04430219158530235
0.04038556292653084
0.03954276815056801
0.040362581610679626
0.039180051535367966
0.0390138141810894
0.038567107170820236
0.03869156166911125
0.037095941603183746
0.0369783416390419
0.03643794357776642
0.037569236010313034
0.037406668066978455
0.035537395626306534
0.0356903113424778
0.035632796585559845
0.036367226392030716
0.03376128897070885
0.03479424864053726
0.033924173563718796
0.03348236903548241
0.03292171657085419
0.033852823078632355
0.031539127230644226
0.03302156180143356
0.03163887560367584
0.03231482580304146
0.03237055242061615
0.03202620521187782
0.03265959396958351
0.031584322452545166
0.031858380883932114
0.03243471682071686
0.031380217522382736
0.029816340655088425
0.03008991852402687
0.030511831864714622
0.031296566128730774
0.029724236577749252
0.029171299189329147
0.03042301908135414
0.029350487515330315
0.028485139831900597
0.0288325734436512
0.029451729729771614
0.02960893325507641
0.02811674028635025
0.0279893409460783
0.028299447149038315
0.02893827110528946
0.02816314622759819
0.027920175343751907
0.028742367401719093
0.02842620201408863
0.02703903615474701
0.028416605666279793
0.0282455924898386
0.028507787734270096
0.02861602045595646
0.027134228497743607
0.029240796342492104
0.026829978451132774
0.02678516134619713
0.027333620935678482
0.027065115049481392
0.027161912992596626
0.026784099638462067
0.026595477014780045
0.027390094473958015
0.027282802388072014
0.027584122493863106
0.02789326384663582
0.026100656017661095
0.025295956060290337
0.025696687400341034
0.02750631421804428
0.02684900164604187
0.02663296088576317
0.026052147150039673
0.026222173124551773
0.02633020654320717
0.025383366271853447
0.025428712368011475
0.02580859139561653
no squeeze
0.91248619556427
0.4120939373970032
0.2757185399532318
0.21442808210849762
0.17241190373897552
0.14882837235927582
0.12761946022510529
0.10940361022949219
0.09830062836408615
0.09140732884407043
0.0834188237786293
0.07506510615348816
0.06647539883852005
0.06280907988548279
0.05912499129772186
0.05533040314912796
0.0555327869951725
0.051553912460803986
0.04624376446008682
0.04588382691144943
0.04763142019510269
0.04341789335012436
0.03910714387893677
0.038510192185640335
0.03804140165448189
0.036663834005594254
0.035882093012332916
0.0338318794965744
0.03514748066663742
0.030252210795879364
0.03051268309354782
0.030300579965114594
0.030068881809711456
0.027828890830278397
0.027989808470010757
0.026865612715482712
0.02656007930636406
0.02626088075339794
0.024609548971056938
0.028464794158935547
0.024491464719176292
0.024146296083927155
0.024930542334914207
0.024846483021974564
0.023230094462633133
0.02165021188557148
0.02235160581767559
0.021667391061782837
0.024176722392439842
0.022640641778707504
0.020874688401818275
0.02026337757706642
0.02048751525580883
0.022117894142866135
0.020253948867321014
0.020834755152463913
0.019994225353002548
0.02058287337422371
0.018528200685977936
0.02105080895125866
0.02553601562976837
0.019846655428409576
0.021211199462413788
0.018547073006629944
0.017516065388917923
0.018791314214468002
0.01780295930802822
0.016449036076664925
0.01813671365380287
0.0203104168176651
0.01914655975997448
0.019312379881739616
0.016471609473228455
0.01528892945498228
0.01742035523056984
0.015495075844228268
0.016626635566353798
0.01623091660439968
0.01688193902373314
0.021494034677743912
0.017475252971053123
0.016229361295700073
0.015880590304732323
0.015069635584950447
0.015339653939008713
0.01678616739809513
0.015828875824809074
0.014151529408991337
0.014408108778297901
0.013667567633092403
0.014708222821354866
0.015947125852108
0.014578803442418575
0.014818346127867699
0.014584406279027462
0.015516315586864948
0.014011376537382603
0.014417532831430435
0.01595592126250267
0.014279571361839771
no squeeze
0.673599362373352
0.2534324824810028
0.14214125275611877
0.11278063803911209
0.09705442935228348
0.08466564118862152
0.08155716210603714
0.07572676241397858
0.076003298163414
0.07614850252866745
0.06839834898710251
0.07401935011148453
0.06764107197523117
0.06884850561618805
0.06786863505840302
0.07390156388282776
0.06639017909765244
0.07120309770107269
0.06185823306441307
0.07435644418001175
0.06257903575897217
0.06454373151063919
0.06985979527235031
0.06119951978325844
0.06104582920670509
0.06267210096120834
0.05932147800922394
0.0623449832201004
0.0687858834862709
0.07534438371658325
0.07820149511098862
0.08192180842161179
0.06996899843215942
0.061000026762485504
0.06116793677210808
0.07741688936948776
0.061608701944351196
