no squeeze
1.7439634799957275
0.5037059783935547
0.283375084400177
0.20930762588977814
0.194191113114357
0.17609480023384094
0.15588204562664032
0.1420871764421463
0.14314740896224976
0.13007503747940063
0.14674396812915802
0.13044290244579315
0.1085161566734314
0.11469241231679916
0.10624359548091888
0.12886570394039154
0.11262454092502594
0.1084861159324646
0.11286391317844391
0.09698841720819473
0.11414653807878494
0.11948878318071365
0.09961879253387451
0.10986988991498947
0.09505866467952728
0.09744486212730408
0.09781225770711899
0.10305540263652802
0.10338854044675827
0.09161671996116638
0.08638054132461548
0.10622544586658478
0.0769459679722786
0.09709134697914124
0.09441416710615158
0.1397046446800232
0.10437573492527008
0.08123990893363953
0.09082568436861038
0.10120423138141632
0.08230011910200119
0.08614936470985413
0.08476494997739792
no squeeze
2.1282453536987305
0.5439107418060303
0.32363688945770264
0.25306516885757446
0.2019103616476059
0.1882399469614029
0.1938668042421341
0.15779279172420502
0.12626433372497559
0.11256980150938034
0.121827132999897
0.11782446503639221
0.10963089764118195
0.11324961483478546
0.11743609607219696
0.10631092637777328
0.10924690961837769
0.10436426848173141
0.10854288935661316
0.10859858244657516
0.09654022753238678
0.09676127880811691
0.09886802732944489
0.11547484993934631
0.09380414336919785
0.10205698013305664
0.0881461352109909
0.11792130768299103
0.08153556287288666
0.07595673203468323
0.09685833007097244
0.09275645762681961
0.08485345542430878
0.09054259955883026
0.0818118304014206
0.07814369350671768
0.08189871162176132
0.07262050360441208
0.07778516411781311
0.08309390395879745
0.07671095430850983
0.09601763635873795
0.10588736087083817
0.08729906380176544
0.08294684439897537
0.07752370834350586
0.11568068712949753
0.08712691068649292
no squeeze
1.934009075164795
0.8352718353271484
0.5482025146484375
0.4496282935142517
0.3971680700778961
0.3400619626045227
0.2786564826965332
0.2653796672821045
0.30632293224334717
0.2452085167169571
0.21489296853542328
0.18526382744312286
0.17668917775154114
0.18159092962741852
0.1692655086517334
0.19065897166728973
0.22262953221797943
0.22795294225215912
0.1727236658334732
0.1325412541627884
0.1159466803073883
0.1241726502776146
0.14145685732364655
0.16392812132835388
0.19248709082603455
0.13944508135318756
0.1233048066496849
0.1977275311946869
0.1695808470249176
0.1341271698474884
0.11910660564899445
no squeeze
2.022368907928467
0.8290783166885376
0.6353896260261536
0.5295403003692627
0.44896557927131653
0.3981609344482422
0.35906386375427246
0.33592456579208374
0.30605292320251465
0.27699387073516846
0.25794100761413574
0.23808136582374573
0.233085036277771
0.21528710424900055
0.2094123512506485
0.20149922370910645
0.1871803104877472
0.18747061491012573
0.18085654079914093
0.1672517955303192
0.16770155727863312
0.15835332870483398
0.14514145255088806
0.14742225408554077
0.15190674364566803
0.14270398020744324
0.12491961568593979
0.1371891051530838
0.12310950458049774
0.12214647978544235
0.12188225984573364
0.11793454736471176
0.1172623485326767
0.11460182070732117
0.11268358677625656
0.11478647589683533
0.11364121735095978
0.10425432026386261
0.11392244696617126
0.09896662086248398
0.10348861664533615
0.10315262526273727
0.10015175491571426
0.0974467471241951
0.09746687859296799
0.10860483348369598
0.09338859468698502
0.10091163963079453
0.09489686787128448
0.09419601410627365
0.09537743031978607
0.09590709209442139
0.09369172155857086
0.0867428332567215
0.08637484163045883
0.09381657093763351
0.08485628664493561
0.0930812805891037
0.08994443714618683
0.08621016889810562
0.08344828337430954
0.07999129593372345
0.0872063934803009
0.08175770938396454
0.0798046663403511
0.09176720678806305
0.07832548022270203
0.07634056359529495
0.07909845560789108
0.08227896690368652
0.07591728866100311
0.07951150089502335
0.08097629249095917
0.07798444479703903
0.08206738531589508
0.07029598206281662
0.07895931601524353
0.07862566411495209
0.07962097972631454
0.07184910029172897
0.07443767040967941
0.07161776721477509
0.07404616475105286
0.08116891980171204
0.07264883816242218
0.0762721374630928
no squeeze
1.9766753911972046
0.6294722557067871
0.3969919681549072
0.288796603679657
0.2488509863615036
0.21510733664035797
0.19390106201171875
0.18003086745738983
0.16279631853103638
0.1542896032333374
0.14220331609249115
0.13433438539505005
0.14127331972122192
0.12540282309055328
0.11775080859661102
0.11735284328460693
0.11190519481897354
0.10158942639827728
0.10640370100736618
0.1039656400680542
0.10096778720617294
0.09202433377504349
0.0979340672492981
0.092463418841362
0.08801733702421188
0.08351705223321915
0.08350134640932083
0.0853322446346283
0.07404626905918121
0.08350485563278198
0.08297321200370789
0.08006422966718674
0.07454058527946472
0.07612117379903793
0.07293075323104858
0.06993408501148224
0.08138319104909897
0.07573892921209335
0.0721561536192894
0.06472370773553848
0.07523171603679657
0.06904161721467972
0.06937798857688904
0.07011988013982773
0.0660858005285263
0.06362948566675186
0.06355635821819305
0.06887518614530563
0.061122827231884
0.06886175274848938
0.0615798719227314
0.06032263860106468
0.06065527722239494
0.06340820342302322
0.05657360702753067
0.05853179842233658
0.05524805560708046
0.05789872258901596
0.05489983782172203
0.061902500689029694
0.05659840255975723
0.057095739990472794
0.0542745515704155
0.059608474373817444
0.05803089588880539
0.058549825102090836
0.05301392078399658
0.06115969642996788
0.053947966545820236
0.05792297422885895
0.04794052615761757
0.05740979686379433
0.05665799230337143
0.048410989344120026
0.051357317715883255
0.04811118170619011
0.04852098599076271
0.050678156316280365
0.050820086151361465
0.04876306653022766
0.050272874534130096
no squeeze
1.3591710329055786
0.31088778376579285
0.2614155113697052
0.2062264382839203
0.16967102885246277
0.14472264051437378
0.17385642230510712
0.18674546480178833
0.1404934525489807
0.15365415811538696
0.14852361381053925
0.12819282710552216
0.16792471706867218
0.2151404321193695
0.2442377209663391
0.17702682316303253
0.17710325121879578
0.20080551505088806
0.13791093230247498
0.14897732436656952
0.0918700248003006
0.10012190043926239
0.11938861757516861
0.1156914159655571
0.13197186589241028
0.10801253467798233
0.09453403949737549
0.1233309730887413
0.17372366786003113
0.11410544067621231
0.10197249054908752
