no squeeze
0.8951708078384399
0.19771139323711395
0.11527896672487259
0.08875985443592072
0.09346198290586472
0.080368272960186
0.07634617388248444
0.07460933178663254
0.0789085254073143
0.07293833792209625
0.0683465525507927
0.06711743026971817
0.06799069046974182
0.07008719444274902
0.06923243403434753
0.06750521063804626
0.06299547106027603
0.06336958706378937
0.06816357374191284
0.07187872380018234
0.07161293923854828
0.07699868083000183
0.06280270218849182
0.06283015012741089
0.0621638260781765
0.06706316024065018
0.06389480084180832
0.06371832638978958
0.058522678911685944
0.060594771057367325
0.06952027976512909
0.0671079158782959
0.05830315500497818
0.06287131458520889
0.0577448308467865
0.05980382487177849
0.06429427862167358
0.06215117871761322
0.061203788965940475
0.058240167796611786
0.05662168189883232
0.05993184447288513
0.055942341685295105
0.05792441964149475
0.05861147120594978
0.05756194889545441
0.06018783897161484
0.05615726113319397
0.06774646043777466
0.06766559183597565
0.05964416265487671
0.06446284800767899
0.07302293181419373
no squeeze
1.035016655921936
0.20583476126194
0.1412394493818283
0.1204499751329422
0.09130006283521652
0.09336424618959427
0.08779141306877136
0.08821061998605728
0.08370604366064072
0.07716049253940582
0.08354707807302475
0.07921154797077179
0.06891029328107834
0.08387316763401031
0.06613793969154358
0.06532972306013107
0.07135997712612152
0.06584922969341278
0.07272715866565704
0.0728587955236435
0.0649835616350174
0.06678906083106995
0.06484966725111008
0.09334267675876617
0.0739327073097229
0.06515511125326157
0.06607195734977722
0.06616683304309845
0.061650194227695465
0.06276633590459824
0.06831854581832886
0.06078290194272995
0.05626630038022995
0.05660576373338699
0.06256286054849625
0.06274037808179855
0.06749409437179565
0.062220294028520584
0.06345119327306747
0.0633755698800087
0.05646296963095665
0.0561508908867836
0.05533869192004204
0.06339439004659653
0.0549435019493103
0.05723775178194046
0.06396102905273438
0.059947170317173004
0.05998116731643677
0.0671391710639
0.05855271592736244
0.060786984860897064
0.0576462596654892
0.06652690470218658
0.05585990846157074
no squeeze
0.7410415410995483
0.28550955653190613
0.18197181820869446
0.14838948845863342
0.14004133641719818
0.14389996230602264
0.12163819372653961
0.10629631578922272
0.14399762451648712
0.15079069137573242
0.12009729444980621
0.10559989511966705
0.10899493843317032
0.10357190668582916
0.13472504913806915
0.11071114242076874
0.11909942328929901
0.09245643764734268
0.09062694013118744
0.08203507214784622
0.0908125564455986
0.143331840634346
0.10226774960756302
0.10892900824546814
0.10497155785560608
0.14252465963363647
0.08312377333641052
0.09112455695867538
0.10354126244783401
0.1258661299943924
no squeeze
0.8059855103492737
0.3281930387020111
0.2506118416786194
0.2016046643257141
0.1785466969013214
0.1574810892343521
0.13921745121479034
0.12889333069324493
0.12071466445922852
0.11227429658174515
0.10809039324522018
0.09867291897535324
0.09978052228689194
0.09267739951610565
0.08418892323970795
0.08315423130989075
0.08142334222793579
0.0803275853395462
0.08010470122098923
0.07433868944644928
0.07378172129392624
0.07801821082830429
0.07271283119916916
0.06993713974952698
0.07498683780431747
0.07307101041078568
0.07181894779205322
0.06813408434391022
0.07077325135469437
0.07187791913747787
0.06719896197319031
0.06709916144609451
0.06826945394277573
0.06933756172657013
0.06559477746486664
0.06115679070353508
0.06182967871427536
0.06386052072048187
0.062210459262132645
0.06072211638092995
0.06574820727109909
0.06585835665464401
0.061718959361314774
0.06002042815089226
0.06377370655536652
0.06162935867905617
0.06310407817363739
0.06280959397554398
0.061239130795001984
0.060381028801202774
0.06020359694957733
0.05744292587041855
0.05620429664850235
0.06003781780600548
0.05875861272215843
0.059551313519477844
0.059784334152936935
0.05951578542590141
0.05828331410884857
0.05648661032319069
0.05768851935863495
0.05569571629166603
0.05748387426137924
0.05390766263008118
0.055092599242925644
0.057245634496212006
0.05842175334692001
0.05532762035727501
0.05495617538690567
0.05340323969721794
0.053739361464977264
0.05683305114507675
0.05378228798508644
0.05412682890892029
0.056891798973083496
0.055789344012737274
0.051485054194927216
0.05211745575070381
0.05120272934436798
0.05302348732948303
0.05563456937670708
0.05258985981345177
0.05295974761247635
0.05232644081115723
0.05203520879149437
0.05081820860505104
0.05077151581645012
0.052050720900297165
0.052314821630716324
0.050529658794403076
0.05198711156845093
0.047967955470085144
0.05140959471464157
0.04668738692998886
0.049853891134262085
0.050827521830797195
0.050995178520679474
0.05092841386795044
0.04941822960972786
0.04768913611769676
0.04798393324017525
0.04889030382037163
0.05058922618627548
0.047785427421331406
no squeeze
0.7945500612258911
0.22734692692756653
0.1721651405096054
0.136108860373497
0.1184115931391716
0.1066913977265358
0.092787005007267
0.09010455757379532
0.0833500325679779
0.07477471977472305
0.07036306709051132
0.07653304934501648
0.06515119969844818
0.07376699894666672
0.06190485879778862
0.05635683611035347
0.06250233948230743
0.06262246519327164
0.05463134124875069
0.058285459876060486
0.0608428530395031
0.05073268339037895
0.0551634207367897
0.051906559616327286
0.05671503022313118
0.05274740234017372
0.05061391368508339
0.04913579672574997
0.04841041937470436
0.045864224433898926
0.04587512090802193
0.04653511941432953
0.044522449374198914
0.04974963515996933
0.043383706361055374
0.0440223403275013
0.04263516515493393
0.04119369387626648
0.04481195658445358
0.04064792022109032
0.039923835545778275
0.04054761305451393
0.04091864451766014
0.04665127024054527
0.044685836881399155
0.04413045197725296
0.043500591069459915
0.04395974799990654
0.039335425943136215
0.03964785858988762
0.03983812406659126
0.04557240381836891
0.04044782370328903
0.03892844542860985
0.038435839116573334
0.042787645012140274
0.04491434618830681
0.041779253631830215
0.042296141386032104
0.03871562331914902
0.041233181953430176
0.040605295449495316
0.03723429888486862
0.03821583464741707
0.039847031235694885
0.03409380093216896
0.03734979033470154
0.03952931612730026
0.03321389481425285
0.035880666226148605
0.03669572249054909
0.03687795624136925
0.03490212559700012
0.03581729158759117
0.03425275906920433
0.03460479527711868
0.03386813774704933
0.03727954253554344
0.034484732896089554
no squeeze
0.6484206318855286
0.13121749460697174
0.08888799697160721
0.07650647312402725
0.06799621134996414
0.062351930886507034
0.06159476935863495
0.05678042769432068
0.05727742984890938
0.05681148171424866
0.06115151196718216
0.05615715682506561
0.05645669624209404
0.06619251519441605
0.0590231828391552
0.05980992689728737
0.056919317692518234
0.05643332749605179
0.05821731686592102
0.05420568212866783
0.06170734763145447
0.06072649732232094
0.05778909847140312
0.06080034002661705
0.05391857028007507
0.05545784533023834
0.06223483383655548
0.05545958876609802
0.05841926112771034
0.05580657720565796
0.058097679167985916
0.055257074534893036
0.053617700934410095
0.05373566597700119
0.053856801241636276
0.05290514603257179
0.053775232285261154
0.05411539599299431
0.05895634740591049
0.05482994765043259
0.05377790704369545
0.05431364104151726
0.05378123000264168
0.055626314133405685
0.05550554022192955
0.0555359348654747
