no squeeze
0.5800306797027588
0.18726015090942383
0.08659356087446213
0.04856150969862938
0.030259978026151657
0.020789649337530136
0.01552991010248661
0.012490099295973778
0.009281529113650322
0.007599147967994213
0.006151100620627403
0.005442263092845678
0.004408359061926603
0.0038002394139766693
0.003390288446098566
0.003050116589292884
0.0027062704320997
0.00225752592086792
0.0024703997187316418
0.0020747596863657236
0.0018184350337833166
0.0015771843027323484
0.0015026084147393703
0.0012605726951733232
0.0013112531742081046
0.00141640764195472
0.0011212931713089347
0.0009945585625246167
0.0012513221008703113
0.0014423022512346506
0.0009129474055953324
0.000819246401078999
0.0007720502908341587
0.0007278046105057001
0.0007498933700844646
0.000640616228338331
0.0006202730583027005
0.0005375318578444421
0.0005356001784093678
0.0005482189590111375
0.002009316813200712
0.003309632418677211
0.0008682878687977791
0.0005971018108539283
0.0004486745165195316
0.0003970921679865569
0.00038611676427535713
0.0003845420724246651
0.0003470440860837698
0.0004166774160694331
0.00031683125416748226
0.00032003934029489756
0.00048162860912270844
0.00032514563645236194
0.0003090952814090997
0.00026908647851087153
0.00025845656637102365
0.0002538214612286538
0.00025541780632920563
0.00022739931591786444
0.00022413248370867223
0.00021609677060041577
0.00024033790396060795
0.000446064310381189
0.0004338562721386552
0.00023509582388214767
0.00019975537725258619
0.00023191266518551856
0.00017006446432787925
0.00017706533253658563
0.0001798121229512617
0.00016492640133947134
0.00016215986397583038
0.0001491627626819536
0.00014801461657043546
0.00014960055705159903
0.00014667930372525007
0.00013275606033857912
0.0001237954420503229
0.0001347928773611784
0.00012129324750276282
0.00011535071826074272
0.00012048089411109686
0.00012397261161822826
0.0001137428407673724
0.0001148431547335349
0.00015054698451422155
0.00046519783791154623
0.00015875950339250267
0.00013979742652736604
0.00011132268991786987
0.00012771888577844948
0.00011220992018934339
9.888860950013623e-05
0.00015193656145129353
0.0001966579002328217
0.00011432808969402686
0.00010937663319054991
9.529912495054305e-05
0.0001733995450194925
0.00010172712063649669
8.805526158539578e-05
8.595126564614475e-05
8.546301978640258e-05
8.032812911551446e-05
0.00012826458259951323
0.00010889442637562752
0.00010282139555783942
8.91551753738895e-05
0.0010407731169834733
0.0004100727674085647
0.00016358852735720575
0.0001253407244803384
0.000556492421310395
0.0026694436091929674
no squeeze
0.9022206664085388
0.2969145178794861
0.1662025898694992
0.1132020428776741
0.08538975566625595
0.07644252479076385
0.06421490758657455
0.059301331639289856
0.052906718105077744
0.05321648716926575
0.04926922544836998
0.04426966980099678
0.04889577627182007
0.04644255340099335
0.04518929496407509
0.03937060758471489
0.0379103384912014
0.04392591491341591
0.0387328639626503
0.035949837416410446
0.040663670748472214
0.039683759212493896
0.03987191617488861
0.03660866990685463
0.03578741475939751
0.04338826611638069
0.03956630080938339
0.03726639971137047
0.034638624638319016
0.033315885812044144
0.0359259694814682
0.035186417400836945
0.03654760867357254
0.03862704709172249
0.033140428364276886
0.03966653719544411
0.03214177489280701
0.03338500112295151
0.03482275456190109
0.03333896026015282
0.03313744068145752
0.032791540026664734
0.03704431280493736
0.03667689114809036
0.03183208778500557
0.0334959477186203
0.03275670111179352
0.03127423673868179
0.038151971995830536
0.03330811858177185
0.037110958248376846
0.03129672259092331
0.03496002033352852
0.03449070081114769
0.02963038720190525
0.03226213902235031
0.033259566873311996
0.030391691252589226
0.03171733021736145
0.029888300225138664
0.03009897470474243
0.03252273052930832
0.030627291649580002
0.029076965525746346
0.03109896369278431
0.033714666962623596
0.03202527388930321
0.031527940183877945
0.03161817789077759
0.031092189252376556
0.02997797727584839
0.031046269461512566
0.03466439247131348
0.030747098848223686
no squeeze
0.7518655061721802
0.3316236734390259
0.2224477231502533
0.15859222412109375
0.11723090708255768
0.09550327062606812
0.07723893225193024
0.06007324904203415
0.050081878900527954
0.04260804504156113
0.03907012939453125
0.035486217588186264
0.029685644432902336
0.026089854538440704
0.02217496745288372
0.021024366840720177
0.021600881591439247
0.017226621508598328
0.019241224974393845
0.01681101880967617
0.0151146175339818
0.01136588491499424
0.011217836290597916
0.009787092916667461
0.010170646011829376
0.008647516369819641
0.00924755074083805
0.008313572965562344
0.008377405814826488
0.00642526987940073
0.006097924895584583
0.005980726797133684
0.0054210880771279335
0.005070181097835302
0.004517889581620693
0.004516327753663063
0.004250077996402979
0.003979096654802561
0.004472501575946808
0.00360433803871274
0.0038973388727754354
0.004005190450698137
0.0037314114160835743
0.003604797413572669
0.004099859390407801
0.0028956399764865637
0.0029183896258473396
0.0026249901857227087
0.002857642248272896
0.002837373176589608
0.002623471897095442
0.002124725142493844
0.0019435619469732046
0.001759119681082666
0.0019135604379698634
0.001661822316236794
0.002194267464801669
0.001979776658117771
0.001696725725196302
0.0020309893880039454
0.0018452397780492902
0.0015671574510633945
0.001533583621494472
0.0015289769507944584
0.0011132867075502872
0.0025429953821003437
0.002057290868833661
0.001281260745599866
0.0010484865633770823
0.000943184772040695
0.0008168431231752038
0.0008108297479338944
0.0010052314028143883
0.0008405358530580997
0.0007253242074511945
0.0006744480924680829
0.0010068593546748161
0.0008601882145740092
0.0008539647096768022
0.0006304836715571582
0.000708525360096246
0.0007458925247192383
0.0007317429990507662
0.0025348286144435406
0.0015748435398563743
0.0005821110098622739
0.0009007271728478372
0.0004640062397811562
0.0004469687701202929
0.0003776967932935804
0.0003714264603331685
0.0003830278292298317
0.00037860622978769243
0.0003896084672305733
0.00033540831645950675
0.0003549441462382674
0.0003234277246519923
0.0003082972252741456
0.00034973697620444
0.00029963412089273334
0.00037746652378700674
0.00027711750590242445
0.000620115315541625
0.0025288816541433334
0.0004955378244630992
0.00048262515338137746
0.0008948995964601636
0.0004901217180304229
0.0004688701592385769
0.0014323852956295013
0.0006431195070035756
0.0004763482138514519
no squeeze
0.9058377146720886
0.5298219323158264
0.43692341446876526
0.37203365564346313
0.32336708903312683
0.28776925802230835
0.2524369955062866
0.22668053209781647
0.20641590654850006
0.1830889880657196
0.16830089688301086
0.15523000061511993
0.14388921856880188
0.13446301221847534
0.12346445769071579
0.11706570535898209
0.10998827964067459
0.10385322570800781
0.09628892689943314
0.09348417818546295
0.08656567335128784
0.08309904485940933
0.08204200863838196
0.07458405941724777
0.0746956467628479
0.07389593124389648
0.06594423949718475
0.06661099195480347
0.06537749618291855
0.0606980063021183
0.06081894040107727
0.05966094881296158
0.05775706097483635
0.05711609870195389
0.054342951625585556
0.05253464728593826
0.05224588140845299
0.05215063691139221
0.049634966999292374
0.04873820021748543
0.049290213733911514
0.04953249171376228
0.05025588721036911
0.04695264622569084
0.04700404778122902
0.04592651501297951
0.04528556019067764
0.04545729234814644
0.04439917206764221
0.042813196778297424
0.04148926958441734
0.04386623203754425
0.0422852449119091
0.04115442559123039
0.041106101125478745
0.042730458080768585
0.04181937873363495
0.03971419110894203
0.04058554768562317
0.038962289690971375
0.03906477987766266
0.039267536252737045
0.03821857273578644
0.036270059645175934
0.038621991872787476
0.036372002214193344
0.03555188328027725
0.036880504339933395
0.035669609904289246
0.0375165119767189
0.036915797740221024
0.03668418526649475
0.037156689912080765
0.03375760465860367
0.035205304622650146
0.03617730364203453
0.03577074408531189
0.03347627446055412
0.03370014950633049
0.035080958157777786
0.03302009031176567
0.033118654042482376
0.03313148394227028
0.034443311393260956
0.03211760148406029
0.03253898024559021
0.033084917813539505
0.03293639421463013
0.032308340072631836
0.031189853325486183
0.030943259596824646
0.03150452300906181
0.03127995878458023
0.03298473730683327
0.03217717260122299
0.03141952306032181
0.03156476095318794
0.03128564730286598
0.030592625960707664
0.032601673156023026
0.030901338905096054
0.030287696048617363
0.03369276598095894
0.032240480184555054
0.029705222696065903
0.031104037538170815
0.030386891216039658
0.030652768909931183
0.028952518478035927
0.03014948219060898
0.03165518864989281
0.030175935477018356
0.03016546741127968
0.030574019998311996
0.030141636729240417
0.03057340905070305
0.030956221744418144
0.031113985925912857
0.0300615094602108
no squeeze
0.9326182007789612
0.43070799112319946
0.3128170371055603
0.23951177299022675
0.19372743368148804
0.1608508676290512
0.13556717336177826
0.11946729570627213
0.10893658548593521
0.09919462352991104
0.08903525024652481
0.08251355588436127
0.07704630494117737
0.0729200690984726
0.06672006845474243
0.06092744693160057
0.05774981155991554
0.05363241210579872
0.05257118493318558
0.04924079775810242
0.04715579003095627
0.04826954007148743
0.04488897696137428
0.0458575077354908
0.042379364371299744
0.0393507294356823
0.03651754930615425
0.037046290934085846
0.03498547896742821
0.03585609421133995
0.0328407846391201
0.031366828829050064
0.03131099417805672
0.029961885884404182
0.029444346204400063
0.02921401709318161
0.02856316976249218
0.030162496492266655
0.029588855803012848
0.0267734844237566
0.02724042534828186
0.026088984683156013
0.025810910388827324
0.025261737406253815
0.024648509919643402
0.02799774706363678
0.025539325550198555
0.02503562904894352
0.027534563094377518
0.023112531751394272
0.025478631258010864
0.023334752768278122
0.024399707093834877
0.02189071848988533
0.021182430908083916
0.020539885386824608
0.02081366442143917
0.021408425644040108
0.020943928509950638
0.02054174244403839
0.019190097227692604
0.01949228160083294
0.02027987688779831
0.019895926117897034
0.017564821988344193
0.01844608224928379
0.021112114191055298
0.01709745265543461
0.01774245873093605
0.018970701843500137
0.017994562163949013
0.016979318112134933
0.01887894608080387
0.019441047683358192
0.01745055615901947
0.017531193792819977
0.017116043716669083
0.01800360344350338
0.019258830696344376
0.01592637412250042
0.017693132162094116
0.01673167385160923
0.016180148348212242
0.016809148713946342
0.015599234960973263
0.015858203172683716
0.01643870398402214
0.01609105058014393
0.018411699682474136
0.014795906841754913
0.017945991829037666
0.015379893593490124
0.015029302798211575
0.015143968164920807
0.01728346198797226
0.019803302362561226
0.014089283533394337
0.014501146040856838
0.014866326004266739
0.015150701627135277
0.013260572217404842
0.015934593975543976
0.016473883762955666
0.01400819793343544
0.015189899131655693
0.01355222798883915
0.014365330338478088
0.01646142080426216
0.014306405559182167
0.015689151361584663
0.01494555827230215
no squeeze
0.5021984577178955
0.17949701845645905
0.11673189699649811
0.0969100371003151
0.08362387120723724
0.10281804949045181
0.08633819967508316
0.08438243716955185
0.08894358575344086
0.07030848413705826
0.07609699666500092
0.06480421870946884
0.06606168299913406
0.06415650248527527
0.06587211787700653
0.062493663281202316
0.07352352887392044
0.06536031514406204
0.06465546786785126
0.06439435482025146
0.07048114389181137
0.06325296312570572
0.07171477377414703
0.07311832904815674
0.06519539654254913
0.06626945734024048
