no squeeze
1.2479404211044312
0.4767718017101288
0.28202998638153076
0.19372321665287018
0.149507075548172
0.11924207955598831
0.10927744209766388
0.09966859966516495
0.0864206850528717
0.08656439185142517
0.07726780325174332
0.06663297116756439
0.062332458794116974
0.06006529554724693
0.05742531269788742
0.0614708848297596
0.0619053989648819
0.05832265689969063
0.046942342072725296
0.05672307312488556
0.0483877919614315
0.048741284757852554
0.04874375835061073
0.04579069837927818
0.05079894885420799
0.04421215504407883
0.04466467723250389
0.04601317271590233
0.043316587805747986
0.04257860779762268
0.04875534400343895
0.042318448424339294
0.042389556765556335
0.04402964934706688
0.03943457454442978
0.046267829835414886
0.049203693866729736
0.04287801310420036
0.05311034247279167
0.04130653664469719
0.046026311814785004
0.045847561210393906
0.04109715297818184
0.042381465435028076
0.04448685422539711
no squeeze
1.4585617780685425
0.4733883738517761
0.2858330011367798
0.20810498297214508
0.15608204901218414
0.12529541552066803
0.10870303958654404
0.09530722349882126
0.08634769171476364
0.09456677734851837
0.08273786306381226
0.07146822661161423
0.06431463360786438
0.07176285982131958
0.057941630482673645
0.0612373873591423
0.054104723036289215
0.051066599786281586
0.04839785397052765
0.050815556198358536
0.04556138440966606
0.0493968166410923
0.0491921529173851
0.0516011118888855
0.044951509684324265
0.0541406087577343
0.04843783751130104
0.04080940783023834
0.041024092584848404
0.046932607889175415
0.04273683577775955
0.04480164870619774
0.04461701214313507
0.04024341329932213
0.036642901599407196
0.04228478670120239
0.043849073350429535
0.049842868000268936
0.04146133363246918
0.038946621119976044
0.04573801904916763
0.04083848372101784
0.039354100823402405
0.036729853600263596
0.03714006766676903
no squeeze
1.4161267280578613
0.6222180724143982
0.42668646574020386
0.31405505537986755
0.24749521911144257
0.20449198782444
0.18712396919727325
0.15745197236537933
0.14645281434059143
0.13104435801506042
0.12244750559329987
0.11063338071107864
0.09648535400629044
0.09321936219930649
0.08775131404399872
0.07919608056545258
0.08634091168642044
0.07972352206707001
0.0776195079088211
0.06072383001446724
0.060511570423841476
0.06538473069667816
0.05660174414515495
0.05947200953960419
0.04976005479693413
0.04968135431408882
0.05106999725103378
0.05811651423573494
0.05276715010404587
0.046987827867269516
0.03748246654868126
0.03745967149734497
0.03756841644644737
0.04013685882091522
0.034453365951776505
0.0355912446975708
0.033425718545913696
0.042456503957509995
0.03851962462067604
0.03886748477816582
0.03194122016429901
0.03500222787261009
0.05831575766205788
0.04517772048711777
0.03524371236562729
0.03210681304335594
0.03339283540844917
0.029940474778413773
0.02519681118428707
0.029588624835014343
0.028926733881235123
0.03627610579133034
0.05253148451447487
0.026921013370156288
0.04103108122944832
0.0303342267870903
0.025187380611896515
0.02903468906879425
0.025495219975709915
0.022361228242516518
0.022596852853894234
0.02451416477560997
0.023673219606280327
0.019404228776693344
0.027182722464203835
0.028879253193736076
0.026786115020513535
0.034239765256643295
0.029998408630490303
0.02167346142232418
0.02170545421540737
0.025972861796617508
0.019819265231490135
0.02721027284860611
no squeeze
1.3370484113693237
0.669232189655304
0.5512781143188477
0.466257780790329
0.4078550934791565
0.3724023401737213
0.32943180203437805
0.29962462186813354
0.27170562744140625
0.25708380341529846
0.23181407153606415
0.2225675880908966
0.2107425034046173
0.18983593583106995
0.18282948434352875
0.16647221148014069
0.16571293771266937
0.1526317298412323
0.14631693065166473
0.139916330575943
0.1270202100276947
0.1252192258834839
0.11523012816905975
0.10935419797897339
0.10385984182357788
0.10077725350856781
0.09541155397891998
0.09128586202859879
0.08779560774564743
0.08280801773071289
0.08780448138713837
0.08194957673549652
0.07513109594583511
0.07602933794260025
0.07283113151788712
0.06800778955221176
0.06622408330440521
0.06442314386367798
0.0633709505200386
0.060276493430137634
0.06320612132549286
0.06410539895296097
0.05682770907878876
0.0655209943652153
0.058083005249500275
0.05537301301956177
0.05655229464173317
0.052276890724897385
0.05091271549463272
0.05068742856383324
0.048642776906490326
0.054173748940229416
0.04874146357178688
0.05086085572838783
0.049074605107307434
0.0513308160007
0.047258250415325165
0.047197259962558746
0.048765722662210464
0.04742597043514252
0.0495135672390461
0.04537895321846008
0.043447695672512054
0.04183226451277733
0.040448594838380814
0.04104483872652054
0.04137613996863365
0.043576668947935104
0.04470841586589813
0.04079462215304375
0.044655293226242065
0.039119817316532135
0.038450926542282104
0.03694876283407211
0.03713041543960571
0.03672602027654648
0.041792597621679306
0.03695761784911156
0.036616407334804535
0.03561347350478172
0.03542284667491913
0.035752251744270325
0.03588626906275749
0.0357062891125679
0.03689097240567207
0.03714827820658684
0.03389899432659149
0.03663685917854309
0.0327770933508873
0.03352423757314682
0.03451203554868698
0.03208149969577789
0.03512496128678322
0.035163514316082
0.0344671830534935
0.03496851027011871
0.03186015412211418
0.033804185688495636
0.034045781940221786
0.0305897518992424
0.03195009008049965
0.030696704983711243
0.0318133644759655
0.03136823698878288
0.028982013463974
0.02865470014512539
0.029733847826719284
0.030065495520830154
0.02962571196258068
0.028241179883480072
0.030096225440502167
0.02876516990363598
0.029198026284575462
0.028336551040410995
0.02743535302579403
0.027711503207683563
0.027740566059947014
0.02847028523683548
0.02573229931294918
0.02979269251227379
0.02643345296382904
0.0262634065002203
0.030728479847311974
0.029701117426156998
0.026827111840248108
0.0287118311971426
0.02481929399073124
0.027272146195173264
0.026128282770514488
0.025068333372473717
0.02526251971721649
0.025454936549067497
0.02518375776708126
0.025385873392224312
0.02470305748283863
0.026921765878796577
0.027125030755996704
0.025987057015299797
0.02278563752770424
0.024850698187947273
0.024523552507162094
0.02524375542998314
0.025254154577851295
0.024660928174853325
0.025586361065506935
0.024529416114091873
0.023595528677105904
0.02396533638238907
0.022435933351516724
0.022632453590631485
0.02403663471341133
0.02515888214111328
0.023077769204974174
0.023666463792324066
0.0234659593552351
0.023682793602347374
0.02382463775575161
0.023301567882299423
0.022871529683470726
no squeeze
1.6313211917877197
0.586132824420929
0.39793306589126587
0.29379209876060486
0.23862968385219574
0.19554637372493744
0.16325218975543976
0.13862931728363037
0.12736551463603973
0.11444908380508423
0.102328360080719
0.0919891819357872
0.08750922232866287
0.07928775250911713
0.07590717077255249
0.06730858981609344
0.06339552253484726
0.06088400259613991
0.06007051840424538
0.05131467059254646
0.05311167985200882
0.046610720455646515
0.04565151780843735
0.04937905818223953
0.041049424558877945
0.03931475058197975
0.040663789957761765
0.03589803725481033
0.040209319442510605
0.035287581384181976
0.032915957272052765
0.031810320913791656
0.034369923174381256
0.031247578561306
0.027451546862721443
0.027087295427918434
0.03007025271654129
0.02696242369711399
0.02567935548722744
0.025802480056881905
0.025561701506376266
0.027418972924351692
0.023219455033540726
0.022122252732515335
0.0244760625064373
0.023318372666835785
0.025183316320180893
0.022240806370973587
0.019839417189359665
0.022619472816586494
0.021462611854076385
0.019477974623441696
0.01919577457010746
0.018413839861750603
0.02191985212266445
0.019235884770751
0.021794971078634262
0.016837796196341515
0.022871768102049828
0.020051857456564903
0.01771080121397972
0.01990891993045807
0.01965661533176899
0.017202703282237053
0.01583031937479973
0.016912169754505157
0.018513578921556473
0.015842996537685394
0.017717033624649048
0.015222354792058468
0.01622653380036354
0.012502647936344147
0.016940459609031677
0.013736122287809849
0.012092756107449532
0.01729307696223259
0.015864098444581032
0.01382847223430872
0.012728068977594376
0.016919972375035286
0.013729815371334553
0.014022420160472393
0.012005116790533066
0.013619626872241497
0.012110085226595402
0.013001316227018833
0.013163642957806587
0.016658617183566093
0.013320991769433022
0.011591476388275623
0.01238167192786932
0.010855108499526978
0.010738189332187176
0.012452312745153904
0.011469505727291107
0.0091523677110672
0.010578252375125885
0.009692896157503128
0.00994926318526268
0.010191424749791622
0.01167723722755909
0.00998363085091114
0.010314611718058586
0.009963391348719597
0.013611818663775921
0.016919761896133423
no squeeze
2.097198247909546
0.4214649200439453
0.22870512306690216
0.17986755073070526
0.14219504594802856
0.13337282836437225
0.11890780180692673
0.10584534704685211
0.11088969558477402
0.09190422296524048
0.11097197234630585
0.0848781019449234
0.09920237958431244
0.0898439958691597
0.08346668630838394
0.08806038647890091
0.0827745869755745
0.07118925452232361
0.07485334575176239
0.074940524995327
0.07585938274860382
0.07066287100315094
0.07125750929117203
0.09213049709796906
0.07229132205247879
0.08312738686800003
0.08184458315372467
0.07558854669332504
0.06808576732873917
0.06649438291788101
0.06362741440534592
0.06287571042776108
0.06072012707591057
0.07331053167581558
0.06474119424819946
0.06480760872364044
0.06423532217741013
0.07777862250804901
0.06677467375993729
0.07973261922597885
0.06573718786239624
0.07013041526079178
0.06677866727113724
