no squeeze
0.5110203623771667
0.20386075973510742
0.11631119251251221
0.09105760604143143
0.07209454476833344
0.059109244495630264
0.05637693777680397
0.049977418035268784
0.04808197543025017
0.04531451687216759
0.045244041830301285
0.04414021223783493
0.04096759855747223
0.04060289263725281
0.03960926830768585
0.04401715472340584
0.03873176500201225
0.039554961025714874
0.038515854626894
0.04061773046851158
0.0392325185239315
0.042878277599811554
0.03835519403219223
0.036354340612888336
0.03722858428955078
0.04180998355150223
0.03893398866057396
0.03539418429136276
0.036948248744010925
0.03567228093743324
0.034994348883628845
0.03434580937027931
0.03605276718735695
0.036139823496341705
0.03429098799824715
0.03631550446152687
0.034479670226573944
0.03413048014044762
0.03440670669078827
0.0322415716946125
0.033570513129234314
0.03386552259325981
0.03371049463748932
0.03030942566692829
0.03269818425178528
0.03203927353024483
0.031161464750766754
0.0345824658870697
0.03227377310395241
0.03350851684808731
0.03209763765335083
0.03284526616334915
0.029246676713228226
0.03414936736226082
0.033590950071811676
0.03098277747631073
0.031235504895448685
0.036643411964178085
0.032290976494550705
0.029793929308652878
0.031854499131441116
0.0333651639521122
0.03146098554134369
no squeeze
0.8070387840270996
0.1910400092601776
0.08621983975172043
0.04634283855557442
0.027413470670580864
0.023247363045811653
0.01620282419025898
0.010320499539375305
0.008250679820775986
0.0065111080184578896
0.006037458311766386
0.004643415100872517
0.004150623921304941
0.003497415455058217
0.0029008681885898113
0.003091217717155814
0.0026258884463459253
0.003018583171069622
0.0023809769190847874
0.001755203353241086
0.0014999223640188575
0.0017299620667472482
0.001520471996627748
0.0013093266170471907
0.0010914752492681146
0.001235947827808559
0.0009502200991846621
0.0008948518661782146
0.000859526451677084
0.0009083860204555094
0.0007725595496594906
0.0008541262941434979
0.0007502359221689403
0.0007759141153655946
0.0006783674471080303
0.0006124620558694005
0.0006325716385617852
0.0005501275300048292
0.0005734279402531683
0.0005507668247446418
0.0004879383777733892
0.0004433899011928588
0.0006944183260202408
0.0007549153524450958
0.0006706859567202628
0.00036906698369421065
0.00040114406147040427
0.0004007553216069937
0.000398371834307909
0.0005649519735015929
0.00046589295379817486
0.00031897914595901966
0.00029331096448004246
0.0002887020236812532
0.00026824409724213183
0.000267779832938686
0.00027283202507533133
0.0003191357245668769
0.00035848646075464785
0.0002479689719621092
0.00022787036141380668
0.00024877142277546227
0.00021913691307418048
0.00023088538728188723
0.000189208920346573
0.00023327709641307592
0.0002512630308046937
0.0003074728010687977
0.00022838724544271827
0.0003485099587123841
0.0003725607239175588
0.0002548160555306822
0.00028101736097596586
0.00022898870520293713
0.00018852246284950525
0.0002638857695274055
0.00017374007438775152
0.00016091806173790246
0.00015070171502884477
0.00015206154785118997
0.00017222041788045317
0.00014732824638485909
0.0001885808742372319
0.00021819690300617367
0.00024789341841824353
0.00016489546396769583
0.0001612526539247483
0.0001449969131499529
0.00013178375957068056
0.00029828230617567897
0.00013754023530054837
0.00035066326381638646
0.0017810200806707144
0.0034280898980796337
0.0007810459937900305
0.0004394030256662518
0.00026786336093209684
0.00022167444694787264
0.00014585201279260218
no squeeze
0.648607075214386
0.30548736453056335
0.20143328607082367
0.136248379945755
0.09655340015888214
0.07360082864761353
0.05606383457779884
0.04430286958813667
0.036254189908504486
0.02909473143517971
0.02452181465923786
0.020108766853809357
0.017790738493204117
0.014146976172924042
0.012837926857173443
0.011827128939330578
0.010291834361851215
0.00968190934509039
0.007964491844177246
0.007836518809199333
0.006482189986854792
0.0060567050240933895
0.006068057380616665
0.00534525653347373
0.004446213133633137
0.005215228069573641
0.0037910330574959517
0.0040961382910609245
0.0032477444037795067
0.003360623260959983
0.0029346169903874397
0.0027743622194975615
0.00514384638518095
0.003023665165528655
0.0027259779162704945
0.002307282527908683
0.002125323284417391
0.0019430444808676839
0.00177538744173944
0.0017516253283247352
0.0016774135874584317
0.0016572150634601712
0.0015106225619092584
0.0013556459452956915
0.001256945775821805
0.0015365496510639787
0.0014751702547073364
0.0013319783611223102
0.0010909555712714791
0.0010815542191267014
0.0010341343004256487
0.0009407075704075396
0.0010803830809891224
0.0008868928998708725
0.0009033610112965107
0.0007467910763807595
0.0007763104513287544
0.0007353521650657058
0.0007203941349871457
0.000759508868213743
0.0007362765027210116
0.0006205805111676455
0.000665034051053226
0.0006983763305470347
0.0019103812519460917
0.0005802645464427769
0.000553303339984268
0.0005037494120188057
0.0005328751867637038
0.00044428621185943484
0.0004320091684348881
0.00039573415415361524
0.00039597859722562134
0.0003633631276898086
0.0004965509870089591
0.0003815565723925829
0.00036577635910362005
0.0003238366625737399
0.00031137888436205685
0.0003496950084809214
0.00031227426370605826
0.00042208065860904753
0.00030386881553567946
0.00030508270720019937
0.00026341431657783687
0.00031447256333194673
0.00031343151931650937
0.00024132024555001408
0.0002925078442785889
0.0002496308588888496
0.0002444846322759986
0.00025136416661553085
0.0002690099354367703
0.0002800847287289798
0.00040473585249856114
0.0005226533976383507
0.00032780427136458457
0.00024268627748824656
no squeeze
0.6601387858390808
0.36000990867614746
0.28996363282203674
0.24033088982105255
0.20532232522964478
0.17650021612644196
0.1565643846988678
0.1450805813074112
0.1338660717010498
0.1246320828795433
0.11560962349176407
0.10874755680561066
0.10061574727296829
0.09710077941417694
0.09492123872041702
0.09051103889942169
0.08475645631551743
0.08491510152816772
0.08001655340194702
0.07772942632436752
0.07442662119865417
0.07510118931531906
0.07336071878671646
0.06863439828157425
0.06717958301305771
0.06558981537818909
0.06120277941226959
0.061188023537397385
0.061802372336387634
0.057307805866003036
0.060845330357551575
0.055004287511110306
0.055185217410326004
0.05125400051474571
0.05183125287294388
0.04859955608844757
0.04885481670498848
0.047066040337085724
0.0464811809360981
0.045575957745313644
0.045170653611421585
0.044287633150815964
0.04351343587040901
0.04324515908956528
0.04152537137269974
0.04340515285730362
0.04055283963680267
0.04007115587592125
0.04106021299958229
0.04071207717061043
0.037727732211351395
0.03810983523726463
0.03973834216594696
0.036612361669540405
0.037274815142154694
0.0366714783012867
0.0362333208322525
0.03638895973563194
0.03636407107114792
0.03563842922449112
0.034502871334552765
0.034496963024139404
0.03402582183480263
0.03383752331137657
0.0329119898378849
0.033695586025714874
0.03294150531291962
0.03263106942176819
0.03286658227443695
0.033613380044698715
0.0331990011036396
0.034799713641405106
0.032131146639585495
0.032958485186100006
0.03279144689440727
0.031335823237895966
0.03080742061138153
0.030596932396292686
0.030594274401664734
0.031190792098641396
0.03151119127869606
0.030162770301103592
0.029054339975118637
0.02910771407186985
0.03133552521467209
0.02942252717912197
0.030482769012451172
0.030375860631465912
0.03042723797261715
0.031135480850934982
0.028879618272185326
0.028933590278029442
0.02834726870059967
0.029341276735067368
0.028307665139436722
0.028808753937482834
0.029509132727980614
0.02856157347559929
0.0277860090136528
0.03125902637839317
0.027479998767375946
0.029331030324101448
0.029305651783943176
0.02763991989195347
0.02705460600554943
0.02819741889834404
0.028430132195353508
0.028108958154916763
0.027310779318213463
0.028646964579820633
0.02696581743657589
0.02787155658006668
0.026266232132911682
0.026796232908964157
0.027240127325057983
0.026321109384298325
0.027288367971777916
0.02704223431646824
0.02677830308675766
0.02629903517663479
0.027231568470597267
0.027208562940359116
0.026973159983754158
no squeeze
0.5788669586181641
0.2684088349342346
0.18199613690376282
0.14030207693576813
0.1086711511015892
0.09218218177556992
0.08066711574792862
0.07244617491960526
0.06304486840963364
0.055100273340940475
0.052377309650182724
0.04776803031563759
0.04426369071006775
0.04064057767391205
0.039194922894239426
0.0362267829477787
0.03398604318499565
0.03382186219096184
0.031905777752399445
0.030515184625983238
0.030041102319955826
0.028449218720197678
0.02801637351512909
0.026789039373397827
0.025105426087975502
0.025244032964110374
0.02325233444571495
0.02348751574754715
0.023040996864438057
0.02105123922228813
0.021116385236382484
0.021524187177419662
0.020526502281427383
0.0197426937520504
0.01875697821378708
0.02054961584508419
0.018661005422472954
0.017559269443154335
0.018333857879042625
0.016819046810269356
0.017486626282334328
0.018174465745687485
0.018757816404104233
0.017139291390776634
0.016533447429537773
0.015474420972168446
0.01680973544716835
0.015138748101890087
0.0155037771910429
0.015069535933434963
0.015647128224372864
0.013990827836096287
0.014721998013556004
0.013924443162977695
0.015068437904119492
0.015127276070415974
0.014242424629628658
0.014176278375089169
0.013922056183218956
0.015609724447131157
0.016884641721844673
0.013077372685074806
0.014094551093876362
0.013461142778396606
0.01324747409671545
0.014137805439531803
0.012571638450026512
0.013127148151397705
0.012438519857823849
0.014096887782216072
0.01260282564908266
0.012772159650921822
0.012779787182807922
0.013780778273940086
0.013739391230046749
0.0119042182341218
0.01131515670567751
0.011385506018996239
0.011840437538921833
0.01149570569396019
0.011158212088048458
0.011484077200293541
0.01202705129981041
0.011375862173736095
0.011773793958127499
0.011966248974204063
0.01254007313400507
0.010789478197693825
0.010569055564701557
0.010560587048530579
0.010855096392333508
0.011539753526449203
0.012066168710589409
0.01269074622541666
0.011783280409872532
0.011780759319663048
0.011359084397554398
0.010252183303236961
0.011465247720479965
0.011025698855519295
0.010817625559866428
0.010505717247724533
0.010672099888324738
0.009944251738488674
0.012102454900741577
0.010997381061315536
0.009279808960855007
0.010274608619511127
0.010529297403991222
0.009769981727004051
0.010855890810489655
0.010059968568384647
0.010285930708050728
0.009975975379347801
0.009177005849778652
0.009022926911711693
0.010110310278832912
0.009490490891039371
0.009804717265069485
0.010413388721644878
0.009315850213170052
0.010417040437459946
0.009237805381417274
0.009627466090023518
0.00933669414371252
0.009961617179214954
no squeeze
0.4198521077632904
0.14634640514850616
0.08915615826845169
0.07623105496168137
0.07063574343919754
0.06484999507665634
0.0639331042766571
0.0633065328001976
0.06248125806450844
0.061427172273397446
0.06161821261048317
0.06146538257598877
0.05919596925377846
0.06507492065429688
0.0694316178560257
0.06277190148830414
0.059880442917346954
0.05921356379985809
0.058720849454402924
0.058638378977775574
0.06146497651934624
0.0657595843076706
0.0606863908469677
0.06118394434452057
0.06222387030720711
0.060528386384248734
0.057917408645153046
0.07160560041666031
0.05900434032082558
0.05840373784303665
0.057832542806863785
0.059003736823797226
0.05800508335232735
0.06059877946972847
0.05729689821600914
0.05744820833206177
0.05726265162229538
0.05722987279295921
0.05758814141154289
0.06043779477477074
0.06171979010105133
0.06977460533380508
0.0606861375272274
0.05734288692474365
0.06086357682943344
0.05849216878414154
0.058754075318574905
0.05771208927035332
