no squeeze
0.7774384021759033
0.20544563233852386
0.10902256518602371
0.06514976173639297
0.04525626450777054
0.03535947948694229
0.029566939920186996
0.026816343888640404
0.021423932164907455
0.01949882134795189
0.017863623797893524
0.016897650435566902
0.01656123250722885
0.015064266510307789
0.019006041809916496
0.01492004469037056
0.013682820834219456
0.015644583851099014
0.019032930955290794
0.016870781779289246
0.012236077338457108
0.015035244636237621
0.013505572453141212
0.015170376747846603
0.013974485918879509
0.010848802514374256
0.011305849999189377
0.019793210551142693
0.01612243428826332
0.01031528040766716
0.00992403645068407
0.01135155651718378
0.01039042416960001
0.01106397993862629
0.01344491820782423
0.0122789042070508
0.014964580535888672
0.012135546654462814
0.008579375222325325
0.010454297997057438
0.012066494673490524
0.014555703848600388
0.016699885949492455
0.014700721018016338
0.009933526627719402
0.010591736063361168
0.01381471287459135
0.009795310907065868
0.00936687272042036
no squeeze
0.7011207938194275
0.2768987715244293
0.12701258063316345
0.07110439985990524
0.05143916979432106
0.03725380823016167
0.03241821750998497
0.029891787096858025
0.028296595439314842
0.0285172238945961
0.02270488440990448
0.02376723475754261
0.022487889975309372
0.02100088819861412
0.020819999277591705
0.02078963629901409
0.028084484860301018
0.0191096980124712
0.01940593495965004
0.02110062725841999
0.01852603815495968
0.01730372942984104
0.015386528335511684
0.01822245679795742
0.018552443012595177
0.021514462307095528
0.015634221956133842
0.016776302829384804
0.016440195962786674
0.01717376708984375
0.017146073281764984
0.01706872321665287
0.016349760815501213
no squeeze
0.6901185512542725
0.31853872537612915
0.2073889821767807
0.1405632346868515
0.10223086178302765
0.07817959040403366
0.05752093717455864
0.05149262771010399
0.04320269823074341
0.035576432943344116
0.04502493515610695
0.021831361576914787
0.018699362874031067
0.015007789246737957
0.015284508466720581
0.011949296109378338
0.01072729006409645
0.009879705496132374
0.009940079413354397
0.007323391269892454
0.006536461412906647
0.005827225279062986
0.006807440891861916
0.006841083988547325
0.008050506934523582
0.003956340253353119
0.0040561240166425705
0.003551274072378874
0.003677164437249303
0.0033910423517227173
0.0031821595039218664
0.002734467154368758
0.0026414520107209682
0.0022345983888953924
0.0022376372944563627
0.002416447503492236
0.0035500752273947
0.0025000993628054857
0.0018519883742555976
0.0021451672073453665
0.0016852798871695995
0.0016186421271413565
0.0014915703795850277
0.0013133363099768758
0.0013727516634389758
0.0015199814224615693
0.0011538241524249315
0.0011146777542307973
0.0010388002265244722
0.0009925171034410596
0.0010669156908988953
0.0012721315724775195
0.0010852470295503736
0.0009100487222895026
0.0013460047775879502
0.001681129215285182
0.0028003978077322245
0.0017254393314942718
0.0017875924240797758
0.001155721489340067
0.0009315782226622105
0.0006108175148256123
0.0006576671148650348
0.0004944746615365148
0.00041663789306767285
0.0004148879670538008
0.00039349598228000104
0.00032992297201417387
0.0003454339748714119
0.0003774213546421379
0.00035092831240035594
0.0002887772861868143
0.0005971399950794876
0.0006239367066882551
0.002281435299664736
0.002604696899652481
0.0010266021126881242
0.005479974206537008
0.01424341555684805
0.0012533923145383596
0.0018925312906503677
0.0014859875664114952
no squeeze
0.9888405799865723
0.5984966158866882
0.47597673535346985
0.4018722176551819
0.3402031362056732
0.3005468249320984
0.27218425273895264
0.2399621307849884
0.21456176042556763
0.19344250857830048
0.17671415209770203
0.16306686401367188
0.14996376633644104
0.13840635120868683
0.12901245057582855
0.11976630985736847
0.11143841594457626
0.10273369401693344
0.09852764755487442
0.09267722070217133
0.08787516504526138
0.08349273353815079
0.08207006752490997
0.07940413802862167
0.07511969655752182
0.07146771997213364
0.07145604491233826
0.06560242921113968
0.06581491231918335
0.06326308101415634
0.05822766572237015
0.057450175285339355
0.05658183619379997
0.05325981229543686
0.0544825904071331
0.05194181203842163
0.053116243332624435
0.050989165902137756
0.04847702011466026
0.046703923493623734
0.047030556946992874
0.04551554098725319
0.04589229077100754
0.044647905975580215
0.04392401874065399
0.041427597403526306
0.04275098070502281
0.04130168259143829
0.04179474711418152
0.042075857520103455
0.04195641726255417
0.040363285690546036
0.039787717163562775
0.0388275571167469
0.040719009935855865
0.03867454081773758
0.03815585747361183
0.0368167981505394
0.03698855638504028
0.039083950221538544
0.03844718262553215
0.03609849512577057
0.03404920920729637
0.03606709837913513
0.03423096239566803
0.03614877909421921
0.03718177229166031
0.0366525761783123
0.03494129329919815
0.03354785218834877
0.03532649204134941
0.03422040119767189
0.034418296068906784
0.033977579325437546
0.033267565071582794
0.03585726022720337
0.03155764937400818
0.03084053099155426
0.03322510048747063
0.033490993082523346
0.03329490125179291
0.03188237547874451
0.03164656087756157
0.030681196600198746
0.033003777265548706
0.033122360706329346
0.0309093426913023
0.030756233260035515
0.03248317539691925
0.031344540417194366
0.030536873266100883
0.031420376151800156
0.03056630678474903
0.02873080037534237
0.030705561861395836
0.0325256772339344
0.030090205371379852
0.031013289466500282
0.029646383598446846
0.030105914920568466
0.030432667583227158
0.029038753360509872
0.030539577826857567
0.030214322730898857
no squeeze
0.7151006460189819
0.30951356887817383
0.2114367038011551
0.167402982711792
0.13077610731124878
0.10672265291213989
0.08864916115999222
0.0780869647860527
0.0717487782239914
0.0626119002699852
0.05716186761856079
0.051799703389406204
0.04970456659793854
0.04514116421341896
0.043355293571949005
0.0415332093834877
0.04057679697871208
0.03571096807718277
0.03610881045460701
0.03304486721754074
0.031438399106264114
0.03262526914477348
0.030562445521354675
0.02905505895614624
0.0266104768961668
0.0265318863093853
0.02629593387246132
0.027253225445747375
0.02455042116343975
0.023011071607470512
0.02478579245507717
0.022360045462846756
0.020734917372465134
0.020602375268936157
0.020168321207165718
0.019802607595920563
0.020608099177479744
0.02065814845263958
0.019311724230647087
0.017815716564655304
0.017704207450151443
0.01802859827876091
0.017650416120886803
0.018330300226807594
0.019187847152352333
0.01707400567829609
0.01608480140566826
0.016161220148205757
0.017878029495477676
0.015024043619632721
0.016412662342190742
0.014794441871345043
0.0147017203271389
0.015329083427786827
0.014975389465689659
0.017837712541222572
0.013893280178308487
0.014859550632536411
0.013789241202175617
0.01286669448018074
0.013936366885900497
0.013098262250423431
0.012582977302372456
0.012936986051499844
0.014083054848015308
0.012086919508874416
0.015426227822899818
0.012734701856970787
0.013411068357527256
0.013247228227555752
0.011429852806031704
0.01245576236397028
0.012918130494654179
0.012428107671439648
0.012723028659820557
0.011750682257115841
0.010826940648257732
0.011757255531847477
0.010585205629467964
0.011292179115116596
0.011867046356201172
0.011578944511711597
0.01099550910294056
0.010336076840758324
0.013762672431766987
0.012022229842841625
0.009501174092292786
0.0101461848244071
0.01061395462602377
0.010484865866601467
0.010423139669001102
0.010149898007512093
0.011333078145980835
0.010217295028269291
0.0091470992192626
0.011136900633573532
0.011516044847667217
0.00992139894515276
0.009927361272275448
0.010009963996708393
0.010466326028108597
0.009958770126104355
0.010380986146628857
0.009957798756659031
0.01114968117326498
no squeeze
0.7791206240653992
0.19462110102176666
0.10921598970890045
0.09587408602237701
0.09338460117578506
0.08435133844614029
0.07445734739303589
0.07874712347984314
0.08561944216489792
0.08298498392105103
0.07404930889606476
0.06887295097112656
0.07220736891031265
0.06581335514783859
0.07078567147254944
0.07857828587293625
0.07627599686384201
0.06676862388849258
0.060088761150836945
0.06095193699002266
0.07308637350797653
0.08405555784702301
0.06246801093220711
0.06981794536113739
0.06609275937080383
0.07817312330007553
0.0619780607521534
0.05906929075717926
0.059096455574035645
0.06878332793712616
0.06154695525765419
0.06731761991977692
0.05898062512278557
0.05699637159705162
0.0605660118162632
0.05681968480348587
0.06953740864992142
0.061356838792562485
0.0599801205098629
0.06157371401786804
0.0629485622048378
0.058478306978940964
0.05955192446708679
0.057210180908441544
0.06516538560390472
0.0821734070777893
