no squeeze
0.8255889415740967
0.24808619916439056
0.1354096233844757
0.09543740749359131
0.07655807584524155
0.06663413345813751
0.05818237364292145
0.052149441093206406
0.04831869900226593
0.04579959437251091
0.044691476970911026
0.04616731032729149
0.04283210635185242
0.04025315120816231
0.041671983897686005
0.039592791348695755
0.04196462035179138
0.038614723831415176
0.03902369737625122
0.03813290223479271
0.03709535300731659
0.038400448858737946
0.035141803324222565
0.035683635622262955
0.035306066274642944
0.037556469440460205
0.03356286510825157
0.034957680851221085
0.034480392932891846
0.03479519858956337
0.036310505121946335
0.034285251051187515
0.03352910280227661
0.03695904091000557
0.040021367371082306
0.03488864749670029
0.03438188135623932
0.03578047826886177
0.03370140120387077
0.03658156469464302
0.03284988924860954
0.034731052815914154
0.03511732816696167
0.038160089403390884
0.03248155117034912
0.03268921747803688
0.03174673393368721
0.03388621658086777
0.0333271250128746
0.03568580001592636
0.0350303091108799
0.03469541668891907
0.03380989283323288
0.03428640589118004
0.03228140249848366
0.03173036128282547
0.032619133591651917
0.033717624843120575
0.03401891142129898
0.03447771817445755
0.03443979471921921
0.03220101073384285
0.031228866428136826
0.032708827406167984
0.0330641008913517
0.03374703228473663
0.03232315927743912
0.03295712545514107
0.03512382507324219
0.033984582871198654
0.0324268639087677
0.02998966909945011
0.03254935145378113
0.03669213503599167
0.03189697489142418
0.03117431327700615
0.03415411710739136
0.029644910246133804
0.031012551859021187
0.03326175734400749
0.0319233201444149
0.030282335355877876
0.029089752584695816
0.030602404847741127
0.03126753494143486
0.03220168128609657
0.03131299093365669
0.03147847577929497
0.029436364769935608
0.03008619323372841
0.03231954202055931
0.028668902814388275
0.029970858246088028
0.034087929874658585
0.03163755685091019
0.0305189061909914
0.03141527995467186
0.03260248526930809
0.0302735585719347
0.029530033469200134
0.02979464642703533
0.031195759773254395
no squeeze
0.5407117009162903
0.16375501453876495
0.07422628253698349
0.042003270238637924
0.027580324560403824
0.01764836348593235
0.01561466883867979
0.010256233625113964
0.00911110732704401
0.006363599561154842
0.005412360653281212
0.005027838982641697
0.004146643914282322
0.0036248413380235434
0.00386183918453753
0.0032186692114919424
0.002670375630259514
0.0023619942367076874
0.002136408817023039
0.0019952584989368916
0.0020236335694789886
0.0016522882506251335
0.001606069621630013
0.001453513279557228
0.0014453826006501913
0.001236881478689611
0.001218651537783444
0.0011068916646763682
0.0010753971291705966
0.0009554157149977982
0.0009413419174961746
0.0008807103731669486
0.0008712029084563255
0.0015246700495481491
0.0008508011815138161
0.0007344132172875106
0.0006561073823831975
0.0006308151059783995
0.0006164258229546249
0.0006494546541944146
0.0006374652730301023
0.0006414882955141366
0.0010513577144593
0.0006358308019116521
0.0005529382033273578
0.0004921923973597586
0.0004364057967904955
0.00044035445898771286
0.0004365489003248513
0.0009502609027549624
0.00048210687236860394
0.0006139429751783609
0.0004296093829907477
0.00034504945506341755
0.0002941941493190825
0.0004120291268918663
0.00026052483008243144
0.0002562445879448205
0.0002731824351940304
0.0002720935153774917
0.00028392713284119964
0.00023409198911394924
0.0002916110388468951
0.00046621751971542835
0.00023832381702959538
0.0003551737463567406
0.0002573472447693348
0.0002257573651149869
0.00023341937048826367
0.0002504531294107437
0.00037608848651871085
0.0009873892413452268
0.00044483583769761026
0.0002663794730324298
0.00020133389625698328
0.00024276277690660208
0.00019916781457141042
0.00017537189705763012
0.00025934071163646877
0.0002046373119810596
0.00025903424830175936
0.000413199799368158
0.0006424390012398362
0.0018214727751910686
0.0014308496611192822
0.0003140375192742795
0.00037601939402520657
0.00031849692459218204
no squeeze
0.766937255859375
0.3090086877346039
0.19773030281066895
0.14763525128364563
0.10657881200313568
0.07613230496644974
0.059797175228595734
0.050918951630592346
0.0408007949590683
0.03364766389131546
0.030941003933548927
0.02669466659426689
0.023009762167930603
0.018447741866111755
0.01727818325161934
0.016922902315855026
0.013043585233390331
0.012523287907242775
0.010179303586483002
0.010295776650309563
0.009669078513979912
0.008017451502382755
0.007593182846903801
0.0073725455440580845
0.006320381071418524
0.00586661696434021
0.005784365348517895
0.005514964461326599
0.005122036207467318
0.0053483122028410435
0.005100964568555355
0.004142882768064737
0.0042111617513000965
0.0037979320622980595
0.003379145171493292
0.0033858446404337883
0.0032926269341260195
0.003011985681951046
0.0029741760808974504
0.0028311298228800297
0.0023312594275921583
0.00248535699211061
0.002858241554349661
0.002521364949643612
0.0018964055925607681
0.0018704886315390468
0.0017999212723225355
0.0017232762183994055
0.0015912125818431377
0.0013964008539915085
0.001473575015552342
0.0014342929935082793
0.0015233960002660751
0.0014174692332744598
0.0016231390181928873
0.001407056231983006
0.0013919585617259145
0.0012036589905619621
0.0011589610949158669
0.0014152780640870333
0.0014237958239391446
0.001170826843008399
0.0009636767790652812
0.0009275964112021029
0.0011241844622418284
0.0008247323567047715
0.0011623540194705129
0.0016686854651197791
0.0010923517402261496
0.0009829169139266014
0.000939879915677011
0.0008724003564566374
0.0008513896609656513
0.001623261719942093
0.0017569591291248798
0.0012089040828868747
no squeeze
0.6543745398521423
0.3411504328250885
0.2777930200099945
0.23267364501953125
0.20209553837776184
0.17899474501609802
0.15526358783245087
0.14288559556007385
0.13254138827323914
0.1253812313079834
0.11495435982942581
0.1087448000907898
0.10198088735342026
0.09710486978292465
0.09316060692071915
0.09093379229307175
0.0858134776353836
0.08197207003831863
0.0796782523393631
0.08025610446929932
0.07825673371553421
0.07311274111270905
0.07026506215333939
0.06927113234996796
0.06866749376058578
0.06745336949825287
0.06330054253339767
0.061786457896232605
0.06000109389424324
0.05852620676159859
0.05641001835465431
0.05552035570144653
0.05545439198613167
0.05319187790155411
0.053800806403160095
0.05076400563120842
0.0490594319999218
0.049333605915308
0.048933424055576324
0.04762739688158035
0.04653018340468407
0.04706823453307152
0.04450564086437225
0.0440630204975605
0.044677168130874634
0.043908096849918365
0.04119434207677841
0.042275842279195786
0.041596006602048874
0.040833935141563416
0.041387055069208145
0.040122851729393005
0.04011199623346329
0.04070984944701195
0.04140911251306534
0.039268966764211655
0.03793041408061981
0.03943067044019699
0.037309665232896805
0.03701747581362724
0.03622382506728172
0.035661596804857254
0.03657814860343933
0.035992447286844254
0.034724101424217224
0.03578116372227669
0.03348207846283913
0.03373877331614494
0.03407388925552368
0.03447004780173302
0.03397916629910469
0.03279414027929306
0.032179225236177444
0.03295237198472023
0.03200162947177887
0.03586263582110405
0.03472922369837761
0.031849492341279984
0.031556636095047
0.03236345201730728
0.031515639275312424
0.031512901186943054
0.030586183071136475
0.030000200495123863
0.030886955559253693
0.03179139643907547
0.029651187360286713
0.031192084774374962
0.031324904412031174
0.030200602486729622
0.029563995078206062
0.031179500743746758
0.029415639117360115
0.02989305928349495
0.03012223355472088
0.028809482231736183
0.02899056486785412
0.028450850397348404
0.02937372401356697
0.028807278722524643
0.02786196582019329
0.028649194166064262
0.028923770412802696
0.030048588290810585
0.02812633290886879
0.030678097158670425
0.02786671556532383
0.028747549280524254
0.02929849550127983
0.02814982272684574
0.0279090479016304
no squeeze
0.6420602202415466
0.3145827054977417
0.21924284100532532
0.16195161640644073
0.12933090329170227
0.11020289361476898
0.09284976869821548
0.08353916555643082
0.07680691033601761
0.06777530163526535
0.06244397535920143
0.05638671666383743
0.051272228360176086
0.04856383055448532
0.04552672058343887
0.04678136110305786
0.041865024715662
0.03819611668586731
0.038754936307668686
0.037164218723773956
0.035097554326057434
0.03357861563563347
0.031346943229436874
0.030071180313825607
0.02827848121523857
0.030732445418834686
0.027486782521009445
0.027541914954781532
0.026427309960126877
0.025554196909070015
0.02440018393099308
0.024274596944451332
0.023182913661003113
0.02190230041742325
0.022482529282569885
0.020612027496099472
0.021571781486272812
0.023515742272138596
0.021297048777341843
0.02059561386704445
0.020358627662062645
0.020832963287830353
0.02114897221326828
0.018416497856378555
0.018028520047664642
0.017754944041371346
0.01877562142908573
0.01747739315032959
0.019944073632359505
0.01950259879231453
0.01795739307999611
0.016967199742794037
0.016967570409178734
0.016333093866705894
0.01676894538104534
0.016015993431210518
0.01643473282456398
0.01730351708829403
0.015403173863887787
0.01621796190738678
0.015019700862467289
0.01572999358177185
0.014518089592456818
0.013842843472957611
0.014424227178096771
0.013970703817903996
0.014592920430004597
0.01488353218883276
0.016718368977308273
0.015059873461723328
0.014977466315031052
0.01415746659040451
0.013179769739508629
0.013915794901549816
0.01625039242208004
0.013714984059333801
0.016632279381155968
0.01286980789154768
0.014390618540346622
0.0140481386333704
0.013360398821532726
0.014873599633574486
0.013710813596844673
0.013781184330582619
0.013374339789152145
0.014104106463491917
0.01277254894375801
0.014969364739954472
0.01298399269580841
0.012617414817214012
0.012429947964847088
0.01257040724158287
0.012133183889091015
0.01293459627777338
0.014667456969618797
0.012148773297667503
0.012027375400066376
0.01213519461452961
0.012193807400763035
0.012311297468841076
0.012728354893624783
0.011303463950753212
0.011448082514107227
0.011558018624782562
0.012502613477408886
0.012335417792201042
0.012268055230379105
0.010990088805556297
0.011401504278182983
0.011789020150899887
0.011272489093244076
0.011703137308359146
0.012792163528501987
0.010336834006011486
0.010871493257582188
0.011561034247279167
0.012251981534063816
0.010528062470257282
0.0120553532615304
0.011478426866233349
0.011218528263270855
0.012069319374859333
0.011228792369365692
0.010912200435996056
no squeeze
0.46800974011421204
0.1801363080739975
0.09399718046188354
0.0789528489112854
0.07280191034078598
0.0666288509964943
0.066722571849823
0.06365164369344711
0.06244101747870445
0.0631432831287384
0.06080436334013939
0.062040362507104874
0.0608501136302948
0.0603179894387722
0.05907353013753891
0.06038600951433182
0.0605449415743351
0.06144321709871292
0.05925998091697693
0.05823493376374245
0.058487363159656525
0.057350534945726395
0.0608404278755188
0.059643134474754333
0.05766110122203827
0.05864151567220688
0.06175177916884422
0.058901239186525345
0.05845578759908676
0.05737267807126045
0.05826880410313606
0.05795426666736603
