no squeeze
1.4856963157653809
0.48572370409965515
0.2896929383277893
0.20010848343372345
0.15774816274642944
0.1390296369791031
0.1237262561917305
0.1048816367983818
0.08746374398469925
0.08417508751153946
0.09439291059970856
0.07398227602243423
0.0756070539355278
0.06739326566457748
0.05881955847144127
0.06857748329639435
0.05773411691188812
0.0526556633412838
0.056468185037374496
0.04935714229941368
0.049031347036361694
0.05329861491918564
0.050803955644369125
0.04570401459932327
0.06694792211055756
0.051531460136175156
0.04399840906262398
0.04424087703227997
0.0421457476913929
0.04271829128265381
0.04127359762787819
0.04440569132566452
0.049838289618492126
0.04774743318557739
0.04109629988670349
0.0422949343919754
0.04444337263703346
0.0347960889339447
0.04233739152550697
0.037151042371988297
0.050704579800367355
0.04725615307688713
0.04226648062467575
0.04079245775938034
0.05183546617627144
0.04504275694489479
0.03706544265151024
0.0421789288520813
no squeeze
1.2634412050247192
0.4713071882724762
0.29615160822868347
0.20965945720672607
0.15520091354846954
0.13184435665607452
0.10559676587581635
0.09523123502731323
0.081510528922081
0.07286687195301056
0.07430069148540497
0.07183021306991577
0.06263020634651184
0.0548892542719841
0.04967202618718147
0.04740716144442558
0.04874863848090172
0.04761729761958122
0.04517078772187233
0.039457276463508606
0.04413522034883499
0.04342283681035042
0.04743987321853638
0.04057709872722626
0.03622186928987503
0.042869683355093
0.04061015695333481
0.03591838479042053
0.04057299718260765
0.038167618215084076
0.03453412279486656
0.036725107580423355
0.04028758406639099
0.03727595880627632
0.038175538182258606
0.036365535110235214
0.035688236355781555
0.040428437292575836
0.030903639271855354
0.03226204589009285
0.03609738498926163
0.0351564846932888
0.03639866039156914
0.03617909550666809
0.03226625919342041
0.03316819295287132
0.02944321371614933
0.03368349373340607
0.03337254747748375
0.03479316830635071
0.03405024856328964
0.03468852862715721
0.030183356255292892
0.030017295852303505
0.033607739955186844
0.029897170141339302
0.028818214312195778
0.02715601585805416
0.035521943122148514
0.033416762948036194
0.02843811735510826
0.028819356113672256
0.03620252385735512
0.03070496954023838
0.034731004387140274
0.029711218550801277
0.03071754425764084
0.027194444090127945
no squeeze
1.2525722980499268
0.6189664006233215
0.4374384582042694
0.33255982398986816
0.2726581394672394
0.21945439279079437
0.18177635967731476
0.1553156077861786
0.13712403178215027
0.11807756125926971
0.10368387401103973
0.10192586481571198
0.09110837429761887
0.08333969116210938
0.07073388993740082
0.06811010837554932
0.07720224559307098
0.06269952654838562
0.061925534158945084
0.0640903115272522
0.055856648832559586
0.06212218478322029
0.058125145733356476
0.05329857021570206
0.052972979843616486
0.045944053679704666
0.04369552060961723
0.03585479035973549
0.03687817603349686
0.035592567175626755
0.03491621091961861
0.03558900207281113
0.11000756919384003
0.05400718003511429
0.04800741374492645
0.035204898566007614
0.030441390350461006
0.04362200200557709
0.03304829075932503
0.02575813978910446
0.027019931003451347
0.03191501274704933
0.026990283280611038
0.03086615353822708
0.024497436359524727
0.027087904512882233
0.022294647991657257
0.025262203067541122
0.032218679785728455
0.024258242920041084
0.025914622470736504
0.022035378962755203
0.027344750240445137
0.02286558412015438
0.023589588701725006
0.02441655658185482
0.027776198461651802
0.01913479156792164
0.0207726638764143
0.020694196224212646
0.02519495040178299
0.02832631766796112
0.027423417195677757
0.02162953093647957
0.023215211927890778
0.025431321933865547
0.02667645551264286
0.019320160150527954
no squeeze
1.539111852645874
0.7675540447235107
0.6091020703315735
0.521345853805542
0.45128870010375977
0.40221571922302246
0.36648279428482056
0.32684454321861267
0.3002742826938629
0.273709774017334
0.2542659342288971
0.232738196849823
0.22160449624061584
0.20602989196777344
0.20051893591880798
0.18056932091712952
0.17075832188129425
0.1590804159641266
0.15368206799030304
0.14713533222675323
0.1404452621936798
0.13045689463615417
0.12683826684951782
0.11574599146842957
0.11525267362594604
0.10945603251457214
0.1039232388138771
0.1004696860909462
0.09158042818307877
0.09125009924173355
0.09048514068126678
0.0825071856379509
0.07893937081098557
0.0789346769452095
0.07386081665754318
0.07100042700767517
0.06900689750909805
0.06607112288475037
0.06459169834852219
0.0610530823469162
0.05986489728093147
0.06014813855290413
0.05816323310136795
0.05893402546644211
0.05670734494924545
0.05464664101600647
0.05342002958059311
0.05538630858063698
0.05319645255804062
0.04937174543738365
0.054809197783470154
0.04789261519908905
0.05321244150400162
0.04697927460074425
0.048893798142671585
0.04816986620426178
0.04516022279858589
0.045288920402526855
0.04373842850327492
0.04993097856640816
0.04181518033146858
0.04716711863875389
0.04550566524267197
0.04289689287543297
0.04217752441763878
0.04288533329963684
0.04101144149899483
0.04210878536105156
0.04268621653318405
0.04221470281481743
0.042630694806575775
0.03659437596797943
0.040449779480695724
0.0376572459936142
0.03648734837770462
0.03641977533698082
0.03758551925420761
0.03769715875387192
0.038335006684064865
0.035596564412117004
0.03556597977876663
0.035639919340610504
0.03419196605682373
0.03587506711483002
0.03542087972164154
0.03410147875547409
0.03605291619896889
0.03241635113954544
0.033890143036842346
0.033329080790281296
0.036234259605407715
0.032342229038476944
0.02948346734046936
0.03488391265273094
0.03500251844525337
0.03223365172743797
0.03257018327713013
0.03241867944598198
0.030575113371014595
0.03143197298049927
0.03223961964249611
0.031846556812524796
0.030484972521662712
no squeeze
1.4353960752487183
0.5912937521934509
0.39673280715942383
0.30138900876045227
0.23338614404201508
0.1957724243402481
0.17440785467624664
0.1419503539800644
0.12402449548244476
0.1103181317448616
0.10158584266901016
0.09489484131336212
0.08538521081209183
0.0795443058013916
0.0737888514995575
0.06626936048269272
0.0658017173409462
0.06031906604766846
0.05972334370017052
0.05365224555134773
0.048663049936294556
0.050530750304460526
0.04525769501924515
0.04585408791899681
0.042699288576841354
0.04391802102327347
0.04442387819290161
0.03716127201914787
0.03529271110892296
0.03454120084643364
0.032790280878543854
0.029793942347168922
0.02977018803358078
0.030256835743784904
0.030067188665270805
0.029657619073987007
0.030994022265076637
0.029123768210411072
0.027752254158258438
0.03003726713359356
0.02633030340075493
0.026273787021636963
0.02118520624935627
0.022727858275175095
0.02230929024517536
0.022803161293268204
0.021365653723478317
0.022075260058045387
0.020617162808775902
0.018590860068798065
0.018687492236495018
0.01960098184645176
0.01965896040201187
0.019637037068605423
0.01993047446012497
0.017955906689167023
0.016209427267313004
0.016253728419542313
0.016792356967926025
0.016981996595859528
0.01757805421948433
0.016668442636728287
0.019563831388950348
0.014474719762802124
0.017171328887343407
0.017784012481570244
0.01489174459129572
0.014352099038660526
0.013992797583341599
0.014788825996220112
0.014319227077066898
0.014267037622630596
0.013965717516839504
0.014284754171967506
0.013686339370906353
0.014084565453231335
0.012873963452875614
0.012533330358564854
0.016252104192972183
0.012178469449281693
0.011507502757012844
0.019198279827833176
0.0143668744713068
0.010651340708136559
0.010445158928632736
0.013120521791279316
0.01208185963332653
0.010427696630358696
0.010970497503876686
0.010954449884593487
0.010477322153747082
0.012665821239352226
0.011885393410921097
0.010096116922795773
0.011842988431453705
0.01115533709526062
0.00925508700311184
0.01149065513163805
0.011504767462611198
0.010096907615661621
0.01023193635046482
0.011191281490027905
0.010203221812844276
0.013801487162709236
0.011793466284871101
0.009663401171565056
0.01019200123846531
no squeeze
1.189043641090393
0.4120708405971527
0.2737937271595001
0.24461866915225983
0.18467777967453003
0.18776178359985352
0.18367533385753632
0.13580650091171265
0.12959139049053192
0.11471172422170639
0.1402127891778946
0.125410258769989
0.14565818011760712
0.09807416796684265
0.17243127524852753
0.0936969593167305
0.10164012759923935
0.13493965566158295
0.09697531163692474
0.11211643368005753
0.09658016264438629
0.08806642889976501
0.0790000781416893
0.1366799920797348
0.07365892827510834
0.09079448133707047
0.09912855923175812
0.08254240453243256
0.07702456414699554
0.07198794186115265
0.10329654812812805
0.11418670415878296
0.08695381879806519
0.07906996458768845
0.06986048072576523
0.0850319042801857
0.08093100786209106
0.07847344875335693
0.07380200177431107
0.07241512835025787
0.07921802252531052
0.10043703764677048
0.10174025595188141
0.0912235900759697
0.09001202881336212
