no squeeze
0.5788155198097229
0.2170780450105667
0.12335050851106644
0.08969863504171371
0.069789819419384
0.06333376467227936
0.05656350776553154
0.050923630595207214
0.052895285189151764
0.04640981927514076
0.04675376042723656
0.044447701424360275
0.044065073132514954
0.04068939760327339
0.043121300637722015
0.04132571071386337
0.04271560162305832
0.039724450558423996
0.03908210247755051
0.040113650262355804
0.038909558206796646
0.038088735193014145
0.037788230925798416
0.03790663927793503
0.040302034467458725
0.040385901927948
0.03701893612742424
0.038614436984062195
0.03606206923723221
0.03727637976408005
0.03841068595647812
0.03611188009381294
0.03569040447473526
0.035511698573827744
0.03560090437531471
0.03680356219410896
0.03782948851585388
0.03703620657324791
0.03785136342048645
0.04148633033037186
0.03464854508638382
0.03912385180592537
0.03684153035283089
0.03403744846582413
0.035466618835926056
0.0381958931684494
0.036293044686317444
0.03477944806218147
0.033123139292001724
0.03439987823367119
0.03295924514532089
0.03524962440133095
0.03406418859958649
0.036007415503263474
0.03493887931108475
0.03393809497356415
0.0324297659099102
0.035209402441978455
0.032598067075014114
0.03483838215470314
0.03309005871415138
0.03686363622546196
0.039256032556295395
0.0363951213657856
0.0335192047059536
0.03233405947685242
0.037323080003261566
0.034035954624414444
0.033840667456388474
0.032704226672649384
0.03270231932401657
0.03219924122095108
0.031193973496556282
0.0321231372654438
0.033725667744874954
0.03433734178543091
0.03616511821746826
0.03186871483922005
0.03147967532277107
0.031334422528743744
0.03110337071120739
0.03316372632980347
0.03364574909210205
0.031919654458761215
0.030657337978482246
0.03172741085290909
0.031966403126716614
0.030837493017315865
0.031829964369535446
0.03415593132376671
0.029505163431167603
0.03160609304904938
0.032657597213983536
0.03233695775270462
0.030213400721549988
0.035073015838861465
0.030380915850400925
0.03187070041894913
0.033707112073898315
0.0317772775888443
0.030707409605383873
no squeeze
0.6425244212150574
0.1936180591583252
0.0882839560508728
0.04883011803030968
0.03087545558810234
0.02313348278403282
0.015776019543409348
0.012286257930099964
0.010126041248440742
0.010205695405602455
0.008030816912651062
0.005815783049911261
0.005539467092603445
0.005419834516942501
0.004597990773618221
0.004203168209642172
0.003843743819743395
0.002749193925410509
0.002804033225402236
0.0028680749237537384
0.0022276060190051794
0.001987749943509698
0.0024300236254930496
0.0016213359776884317
0.0015700390795245767
0.0016214228235185146
0.0014715079450979829
0.0013561632949858904
0.0014046732103452086
0.0013348587090149522
0.001062877243384719
0.0010929981945082545
0.0010054144077003002
0.000987252569757402
0.0009176286403089762
0.0008635441190563142
0.0009151436970569193
0.0012519755400717258
0.001588315237313509
0.0007096166373230517
0.0009284832049161196
0.0008731510606594384
0.0006919330335222185
0.0005590938962996006
0.0005683486233465374
0.0005239775637164712
0.0004763480683322996
0.0004846297379117459
0.000462527183117345
0.00048581603914499283
0.0005382896633818746
0.00043676953646354377
0.00046414157259278
0.00036365952109918
0.000364755280315876
0.00040199633804149926
0.0003508461231831461
0.0003265206469222903
0.0009068220388144255
0.00047911310684867203
0.00034770165802910924
0.00040303508285433054
0.00030724253156222403
0.00038958669756539166
0.0008257057052105665
0.0003013795067090541
0.0002776865439955145
0.00027444015722721815
0.0002735447196755558
0.0003275105555076152
0.0002717087627388537
0.0002559077984187752
0.00026985217118635774
0.00024236748868133873
0.0003300797543488443
0.00019878584134858102
0.0002662713231984526
0.0003053066320717335
0.0004899403429590166
0.00027551251696422696
0.00021913560340180993
0.0002682884514797479
0.0002500138944014907
0.0002278490283060819
0.00017580461280886084
0.00022892607375979424
0.0006080481107346714
0.0011243585031479597
0.00018683171947486699
0.00021140692115295678
0.00019883750064764172
0.00014963303692638874
0.00018678276683203876
0.00025180052034556866
0.00021529373771045357
0.00020540805417113006
0.00014567603648174554
0.00013676841626875103
0.00016794048133306205
0.0001227590546477586
0.00014586772886104882
0.00012097757280571386
0.00010971465962938964
0.00011761990754166618
0.00013999764632899314
0.0001564056146889925
0.00013709197810385376
0.0001694531092653051
0.00010077756451210007
0.0001396031293552369
0.00017032143659889698
0.00045252664131112397
0.0016568326391279697
0.0008524200529791415
0.00037568400148302317
0.0002572031517047435
0.0007905132952146232
0.0013224139111116529
0.016878584399819374
no squeeze
0.7361972332000732
0.35684463381767273
0.23484094440937042
0.16528038680553436
0.13411873579025269
0.14605580270290375
0.08711469173431396
0.08036080747842789
0.06344737857580185
0.05471370369195938
0.05825625732541084
0.04241067171096802
0.04031768813729286
0.03186779096722603
0.026676561683416367
0.026366470381617546
0.02466590516269207
0.023990480229258537
0.01948181912302971
0.01874193176627159
0.0161990225315094
0.014326727949082851
0.015176001936197281
0.01620085909962654
0.015139308758080006
0.012228000909090042
0.010287292301654816
0.009926268830895424
0.008719910867512226
0.007749485317617655
0.009225305169820786
0.007016271818429232
0.006535233464092016
0.006866817362606525
0.005810227245092392
0.005741620436310768
0.005728128366172314
0.005522686056792736
0.004332259297370911
0.004550752695649862
0.005083148833364248
0.005045298486948013
0.0038283090107142925
0.003414297942072153
0.003790753660723567
0.003257421078160405
0.0031326410826295614
0.0029943257104605436
0.0031045584473758936
0.0044818297028541565
0.0024281966034322977
0.002608104608952999
0.008641107007861137
0.012529244646430016
0.004802653566002846
0.0024649971164762974
0.0016530664870515466
0.0016998009523376822
0.0016885946970432997
0.0014492962509393692
0.001481992076151073
0.0011950589250773191
0.0012423526495695114
0.001033378066495061
0.0014566646423190832
0.001172985415905714
0.0011500910622999072
0.0010243409778922796
0.0011348609114065766
0.0012441754806786776
0.0010589760495349765
0.0009249645518139005
0.0009135911823250353
0.001197864068672061
0.0009917749557644129
0.0009919883450493217
0.0008011131430976093
0.0007404632633551955
0.0007093135500326753
0.0007405159412883222
0.0006429033237509429
0.000726215832401067
0.0008586255717091262
0.0007673153304494917
0.0016062580980360508
0.0007406133227050304
0.0006697446224279702
0.0005791856674477458
0.0006088340887799859
0.0005101464339531958
0.0005466535221785307
0.0006784421275369823
0.0005622375756502151
0.0007375148124992847
0.0006322290282696486
0.0004628378665074706
0.0004939842619933188
0.00041205197339877486
0.0006147465319372714
0.00040952389826998115
0.00044927519047632813
0.0037688524462282658
0.003845170373097062
0.005974854342639446
0.005151265300810337
0.0015388611936941743
0.0007324163452722132
0.0005559130804613233
0.0005324134253896773
0.0005976039101369679
no squeeze
0.7369047999382019
0.397063672542572
0.31327953934669495
0.26582691073417664
0.22502924501895905
0.20268061757087708
0.17904305458068848
0.1575690060853958
0.14288277924060822
0.13422906398773193
0.12400086224079132
0.11311701685190201
0.10700753331184387
0.10373950004577637
0.0955076813697815
0.09131260961294174
0.08993016183376312
0.08497729897499084
0.08037813752889633
0.08003668487071991
0.0760817900300026
0.07201289385557175
0.07284674048423767
0.07233182340860367
0.07118243724107742
0.06480063498020172
0.06318144500255585
0.06311050802469254
0.059848248958587646
0.05753517895936966
0.05590638890862465
0.05719796568155289
0.055343449115753174
0.05443478375673294
0.0521480031311512
0.04993613436818123
0.05251137167215347
0.0481896735727787
0.049062568694353104
0.0476100780069828
0.04784218966960907
0.04699314385652542
0.044999148696660995
0.047507625073194504
0.0452786423265934
0.04314050078392029
0.04237421974539757
0.04216967523097992
0.04234824702143669
0.040351349860429764
0.041140466928482056
0.03897988796234131
0.040010470896959305
0.04104123264551163
0.03768467158079147
0.04160738363862038
0.039209995418787
0.037829283624887466
0.03716451674699783
0.03933772072196007
0.038387805223464966
0.03633566573262215
0.03667674586176872
0.035249974578619
0.03752520680427551
0.036473702639341354
0.034958381205797195
0.03618062287569046
0.03405655920505524
0.036119088530540466
0.03333476185798645
0.03406533598899841
0.03383045643568039
0.03672206029295921
0.03337700292468071
0.033665772527456284
0.03223678097128868
0.033470217138528824
0.03429422155022621
0.032963644713163376
0.03168988972902298
0.03403472155332565
0.03575114533305168
0.031018665060400963
0.03205205127596855
0.03249267116189003
0.030655503273010254
0.03222114220261574
0.033911604434251785
0.0323086678981781
0.031772010028362274
0.03065185248851776
0.031189071014523506
0.029584892094135284
0.030383499339222908
0.030234944075345993
0.029243338853120804
0.030578937381505966
0.030149629339575768
0.029513807967305183
0.028375718742609024
0.03142033517360687
0.028634678572416306
0.03177487477660179
0.03051949292421341
0.028494760394096375
0.02992633730173111
0.02946040779352188
0.02811281755566597
0.028564291074872017
0.028207916766405106
0.029279226437211037
0.02918856404721737
0.02784152142703533
0.02884814329445362
0.028118962422013283
0.028446154668927193
0.028022663667798042
0.028365908190608025
0.02859502099454403
0.02726389653980732
0.02787449210882187
0.026927007362246513
0.02681097388267517
0.0291129257529974
0.02716006524860859
0.028801454231142998
0.028777793049812317
0.026830358430743217
0.029892684891819954
0.02797779068350792
0.028500379994511604
0.02953767217695713
0.02663184143602848
0.027337586507201195
0.02819177322089672
0.026567120105028152
0.027037234976887703
0.026649687439203262
0.025994841009378433
0.028697088360786438
0.025706211104989052
0.026625920087099075
0.0275711826980114
0.025518616661429405
0.02830270491540432
0.025526750832796097
0.027191808447241783
0.02667502500116825
0.026583325117826462
0.02654028870165348
0.026382500305771828
0.027353141456842422
0.02681378833949566
0.026578735560178757
no squeeze
0.737527072429657
0.30102261900901794
0.21608011424541473
0.16699467599391937
0.13001342117786407
0.11270514130592346
0.09852137416601181
0.09012001752853394
0.08035855740308762
0.07491908967494965
0.06853177398443222
0.06353320181369781
0.058096662163734436
0.05476388707756996
0.0522562637925148
0.051097624003887177
0.045793529599905014
0.04437970370054245
0.045010752975940704
0.043765194714069366
0.039268944412469864
0.040577251464128494
0.036244720220565796
0.03679895028471947
0.0353870615363121
0.0321873240172863
0.03174947202205658
0.029958104714751244
0.03236012160778046
0.030759256333112717
0.028446316719055176
0.031153423711657524
0.027748089283704758
0.027339259162545204
0.02655179612338543
0.025963090360164642
0.024177895858883858
0.02450074627995491
0.02405920997262001
0.024129332974553108
0.02602275088429451
0.024179119616746902
0.02268046885728836
0.024265814572572708
0.025126321241259575
0.021660730242729187
0.021451780572533607
0.023062268272042274
0.02136952057480812
0.02325173281133175
0.019432809203863144
0.02209395542740822
0.02053805999457836
0.02113739214837551
0.022347182035446167
0.020026464015245438
0.021522624418139458
0.01969306543469429
0.019227826967835426
0.021118151023983955
0.017594004049897194
0.019102605059742928
0.018590550869703293
0.019632259383797646
0.018208634108304977
0.01695689558982849
0.019044267013669014
0.018019206821918488
0.019780119881033897
0.017597010359168053
0.016187157481908798
0.016556857153773308
0.01702476665377617
0.0172543004155159
0.016490356996655464
0.01717616431415081
0.015361237339675426
0.016554085537791252
0.018620096147060394
0.016379710286855698
0.015972578898072243
0.016829298809170723
0.01567969284951687
0.018934831023216248
0.015778694301843643
0.017099665477871895
0.015281027182936668
0.016098322346806526
0.015744663774967194
0.01468999870121479
0.01585758849978447
0.015022527426481247
0.01694338396191597
0.01714416965842247
0.014347370713949203
0.01598038710653782
0.015254126861691475
0.014309428632259369
0.014202932827174664
0.01419044192880392
0.015023874118924141
0.017366528511047363
0.013516435399651527
0.0143275186419487
0.013954752124845982
0.015942275524139404
0.01435065921396017
0.014907554723322392
0.013365200720727444
0.014571668580174446
0.014406154863536358
0.013976825401186943
0.01339415181428194
0.013369312509894371
0.01340129692107439
0.013665230944752693
0.013657448813319206
0.014245019294321537
0.01383244153112173
no squeeze
0.7029821872711182
0.2048128992319107
0.11537433415651321
0.10229820013046265
0.08280214667320251
0.07550958544015884
0.07292543351650238
0.07066871970891953
0.07246960699558258
0.07329843938350677
0.06909865885972977
0.06972643733024597
0.06652818620204926
0.06772401928901672
0.06611350178718567
0.06318873167037964
0.06478758156299591
0.0685172826051712
0.06270579248666763
0.07034800201654434
0.06802355498075485
0.06438659131526947
0.060934677720069885
0.06295932829380035
0.0620759092271328
0.06558120250701904
0.059662699699401855
0.06663479655981064
0.06078217178583145
0.06017538532614708
0.06456644088029861
0.06365124136209488
0.0606929250061512
0.060451995581388474
0.06076432019472122
0.06477341800928116
0.0742466077208519
