no squeeze
0.7990155220031738
0.1668403297662735
0.10473368316888809
0.09578244388103485
0.09313289821147919
0.07850208878517151
0.07748682051897049
0.07516828924417496
0.06933026015758514
0.07090523093938828
0.0728863850235939
0.06871361285448074
0.06699114292860031
0.0653013214468956
0.06389864534139633
0.07312560826539993
0.06461741030216217
0.07393509149551392
0.06734134256839752
0.06012773886322975
0.059114936739206314
0.062109556049108505
0.055360227823257446
0.05926620215177536
0.05830654501914978
0.05379660055041313
0.05987115204334259
0.05413426458835602
0.05642841011285782
0.06289364397525787
0.06234472617506981
0.052616897970438004
0.05844077467918396
0.06043845787644386
0.056360919028520584
0.05650162696838379
0.05333847552537918
0.05543407052755356
0.05403866618871689
0.0522507019340992
0.05029541626572609
0.04709112271666527
0.054981350898742676
0.05397792160511017
0.0473783053457737
0.04763351008296013
0.046578869223594666
0.04989060014486313
0.055011898279190063
0.04808937385678291
0.04747243970632553
0.04921972006559372
0.04770544171333313
0.05054953321814537
0.0546439103782177
0.051132943481206894
0.05169593170285225
no squeeze
0.7068547606468201
0.1900918334722519
0.11533168703317642
0.09363709390163422
0.07987549901008606
0.07769716531038284
0.07528087496757507
0.07502837479114532
0.06873853504657745
0.06427416950464249
0.06830030679702759
0.06712663173675537
0.06669642776250839
0.06339552998542786
0.060366202145814896
0.06365541368722916
0.05837135761976242
0.0643901526927948
0.06493490934371948
0.0620025135576725
0.05832713842391968
0.05798608064651489
0.05744006484746933
0.06648696213960648
0.05406125634908676
0.052248138934373856
0.051892880350351334
0.06145148351788521
0.05666174367070198
0.061091162264347076
0.051868271082639694
0.055276740342378616
0.0570007786154747
0.056224774569272995
0.050687726587057114
0.0529409721493721
0.05117850750684738
0.05928507074713707
0.051921192556619644
0.056871358305215836
0.05102445185184479
0.050661902874708176
0.056364335119724274
0.052978821098804474
0.058168504387140274
0.05206218734383583
0.04704718664288521
0.04976941645145416
0.053966231644153595
0.052085403352975845
0.050516922026872635
0.05188219994306564
0.05192045494914055
0.05116485804319382
0.049844976514577866
0.04995972663164139
0.04792903736233711
no squeeze
0.7538573741912842
0.3265203833580017
0.2033655047416687
0.15668565034866333
0.13490810990333557
0.1264515370130539
0.10808190703392029
0.10166483372449875
0.1064477190375328
0.096481554210186
0.10227152705192566
0.09041822701692581
0.08638632297515869
0.10835858434438705
0.10247313231229782
0.08829163759946823
0.09573869407176971
0.10399703681468964
0.08297685533761978
0.076937735080719
0.06981509178876877
0.06371298432350159
0.06843914091587067
0.06685657799243927
0.06632476300001144
0.09134020656347275
0.07113254815340042
0.08221102505922318
0.08549312502145767
0.08567526191473007
0.08602441847324371
0.07397077232599258
no squeeze
0.7489181756973267
0.2640392482280731
0.19512782990932465
0.16210781037807465
0.13963580131530762
0.12218141555786133
0.11731939762830734
0.1080888882279396
0.09954733401536942
0.0968075841665268
0.09364589303731918
0.09082956612110138
0.08586689084768295
0.08415631949901581
0.08352645486593246
0.07815663516521454
0.07742227613925934
0.07787753641605377
0.07399370521306992
0.0739123597741127
0.07217003405094147
0.06749212741851807
0.06916971504688263
0.06653580814599991
0.06971800327301025
0.06405827403068542
0.06541191786527634
0.06427165865898132
0.06812334805727005
0.060188405215740204
0.06225035712122917
0.06047634780406952
0.061152152717113495
0.0599789097905159
0.06207166239619255
0.05873824283480644
0.05909503996372223
0.05951833352446556
0.057976167649030685
0.0611179955303669
0.05872654169797897
0.057136423885822296
0.05772966518998146
0.06322667747735977
0.05659034103155136
0.053086791187524796
0.0586552657186985
0.0559094063937664
0.057451795786619186
0.05519735440611839
0.056425854563713074
0.05638926848769188
0.052917711436748505
0.05304158478975296
0.053273458033800125
0.05572579801082611
0.056309252977371216
0.05145997554063797
0.052184078842401505
0.051672954112291336
0.05046147108078003
0.050581060349941254
0.04844477027654648
0.05095180869102478
0.05043184012174606
0.04924367368221283
0.04974580183625221
0.04941575601696968
0.04986780881881714
0.04909798875451088
0.04850207641720772
0.04727433621883392
0.047587476670742035
0.04689180850982666
0.04931291192770004
0.04831996187567711
0.046540066599845886
0.04658907651901245
0.04724004864692688
0.044763803482055664
0.04772196337580681
0.04515631124377251
0.04499074071645737
0.04466014355421066
0.044952601194381714
0.04665660113096237
0.048031996935606
0.04364161938428879
0.04488125443458557
0.04223434627056122
0.04489603638648987
0.04426722973585129
0.04520116001367569
0.04888453334569931
0.0446033738553524
0.04332597181200981
0.045018456876277924
0.04418701305985451
0.04427522048354149
0.043540824204683304
no squeeze
0.7394883036613464
0.22459623217582703
0.14751696586608887
0.11501751095056534
0.10511837154626846
0.094815194606781
0.08388281613588333
0.07733707129955292
0.07623329758644104
0.0749255046248436
0.06785331666469574
0.0610901340842247
0.06615549325942993
0.06163068488240242
0.06044629216194153
0.05868648737668991
0.05423871800303459
0.057828523218631744
0.05216971039772034
0.055906135588884354
0.04780660197138786
0.053891196846961975
0.04699992761015892
0.05010518431663513
0.04372348636388779
0.04228116571903229
0.042423952370882034
0.04355757310986519
0.043772876262664795
0.04191134497523308
0.04340377077460289
0.043157629668712616
0.042790818959474564
0.040676966309547424
0.04178133234381676
0.041199591010808945
0.040984537452459335
0.03790802136063576
0.04248514771461487
0.03508331999182701
0.03861831873655319
0.039153434336185455
0.03557244688272476
0.03775475174188614
0.04077925160527229
0.03615974262356758
0.039142441004514694
0.036629099398851395
0.03889309614896774
0.034364327788352966
0.034826599061489105
0.03365011140704155
0.032573677599430084
0.033964984118938446
0.042404189705848694
0.03581027314066887
0.036443039774894714
0.033212386071681976
0.03425515815615654
0.03424707055091858
0.031971707940101624
0.03301437944173813
0.034817494451999664
0.03266269341111183
0.03400571271777153
0.03157879412174225
0.033120058476924896
0.029944637790322304
0.030014274641871452
0.03088226541876793
0.030088145285844803
0.03238716721534729
0.029752476140856743
0.03137248009443283
0.03523319959640503
0.029019540175795555
0.027472645044326782
0.028895441442728043
0.030240066349506378
0.03309273347258568
0.02958272211253643
0.028600752353668213
0.030066736042499542
0.02904808707535267
0.029356850311160088
0.03002120926976204
0.028512800112366676
no squeeze
1.4620742797851562
0.21530109643936157
0.11891844868659973
0.09825126826763153
0.1022377535700798
0.08846860378980637
0.0937369242310524
0.08060161024332047
0.0890653058886528
0.0886983722448349
0.08456438779830933
0.06612525135278702
0.06356645375490189
0.07789849489927292
0.11963310837745667
0.07443353533744812
0.08125704526901245
0.06296705454587936
0.06961458921432495
0.06242816522717476
0.0717245414853096
0.06697746366262436
0.07734637707471848
0.06455777585506439
0.060905419290065765
0.06432810425758362
0.07556919008493423
0.06822283565998077
0.05759166181087494
0.06677569448947906
0.05812158063054085
0.06879454851150513
0.0589638315141201
0.09598390758037567
0.0982755571603775
0.06176319718360901
0.06461980938911438
0.062185607850551605
0.059729743748903275
