no squeeze
0.8890524506568909
0.19659633934497833
0.11763311922550201
0.0900980532169342
0.07824737578630447
0.06940285861492157
0.06785932928323746
0.07503657042980194
0.07013080269098282
0.05993128940463066
0.06383680552244186
0.060071446001529694
0.0585816465318203
0.05479177087545395
0.054000262171030045
0.05671922490000725
0.05740056186914444
0.054849524050951004
0.05205636844038963
0.0521070659160614
0.051683131605386734
0.052975885570049286
0.04878490790724754
0.04848134145140648
0.048275381326675415
0.052360717207193375
0.04433075711131096
0.04736454412341118
0.051450762897729874
0.055823538452386856
0.0477253794670105
0.04615176469087601
0.04740680009126663
0.04511592164635658
0.046131446957588196
0.04635537043213844
0.04600170999765396
no squeeze
0.6423829197883606
0.16663211584091187
0.10841019451618195
0.08974459767341614
0.09080976992845535
0.07822786271572113
0.07138039916753769
0.09565521031618118
0.06752068549394608
0.061139531433582306
0.0666559711098671
0.06067155674099922
0.05804551765322685
0.0565335638821125
0.05821264162659645
0.05653480067849159
0.05864068493247032
0.0524526908993721
0.05911578983068466
0.05432660132646561
0.053514111787080765
0.050118643790483475
0.05246106535196304
0.050259917974472046
0.05136029049754143
0.049248695373535156
0.04930013045668602
0.05239604040980339
0.052105315029621124
0.05090232193470001
0.050588905811309814
0.04750639572739601
0.04824792593717575
0.04562490060925484
0.046405017375946045
0.05445275455713272
0.05234768986701965
0.050054095685482025
0.055611394345760345
0.043862078338861465
0.047769635915756226
0.04933381453156471
0.04552958533167839
0.04633231833577156
0.04465629905462265
0.04912823066115379
0.04593803733587265
0.044803135097026825
0.04440280422568321
0.04281551018357277
0.0594852939248085
0.04308630898594856
0.0439428947865963
0.04374447464942932
0.04311078041791916
0.045895639806985855
0.0432535856962204
0.04393727704882622
0.04167484492063522
0.04998128116130829
0.04231312870979309
0.04382098838686943
0.043489765375852585
0.03952149301767349
0.04033361002802849
0.04169757291674614
0.04235387220978737
0.04444190487265587
0.04602694883942604
0.045690376311540604
0.041407160460948944
0.04457810893654823
0.048369210213422775
0.04035615175962448
no squeeze
0.8156117796897888
0.3196227252483368
0.2186889350414276
0.18498536944389343
0.14009864628314972
0.13097026944160461
0.1259138286113739
0.11295272409915924
0.10842375457286835
0.1096661388874054
0.08971454203128815
0.08478744328022003
0.08467913419008255
0.08829935640096664
0.08216987550258636
0.09447290748357773
0.0735006332397461
0.07283325493335724
0.06948763132095337
0.08666233718395233
0.08384944498538971
0.06842704117298126
0.07479587942361832
0.06799570471048355
0.08907459676265717
0.08034665882587433
0.07656369358301163
0.06512425094842911
0.07244106382131577
0.060087285935878754
0.0596146322786808
0.06381840258836746
0.05461234599351883
0.05603770539164543
0.07261421531438828
0.07926011085510254
0.06295854598283768
0.06162785738706589
0.06055247411131859
0.06692948937416077
0.06662695109844208
0.06866900622844696
0.062201183289289474
no squeeze
0.971759557723999
0.48205822706222534
0.3852844834327698
0.3171737492084503
0.2658712863922119
0.23277200758457184
0.20314142107963562
0.18340493738651276
0.1604047417640686
0.15138521790504456
0.1409158557653427
0.12461547553539276
0.11854471266269684
0.10696936398744583
0.10492028295993805
0.09929998219013214
0.09394414722919464
0.09912324696779251
0.09202874451875687
0.08862833678722382
0.08761928230524063
0.07850931584835052
0.07604989409446716
0.07386114448308945
0.07492020726203918
0.07132716476917267
0.07061576843261719
0.06969214230775833
0.06620923429727554
0.0674310252070427
0.06455052644014359
0.06729713082313538
0.06382828950881958
0.06331437826156616
0.06275003403425217
0.06270624697208405
0.059428323060274124
0.05903323367238045
0.05842415988445282
0.0585135743021965
0.06028047576546669
0.05693746730685234
0.05890991538763046
0.055016860365867615
0.05837312713265419
0.056351371109485626
0.05479066073894501
0.05334557592868805
0.05245489254593849
0.0560942217707634
0.056700319051742554
0.05221002921462059
0.05207154527306557
0.05014367774128914
0.054089777171611786
0.052598174661397934
0.04875029996037483
0.0495387464761734
0.051529016345739365
0.05225946381688118
0.04888604208827019
0.05209553241729736
0.048316653817892075
0.04862745478749275
0.04723294451832771
0.04930157959461212
0.04810488224029541
0.052919916808605194
0.04640375077724457
0.045995648950338364
0.046854861080646515
0.04533940926194191
0.04551165550947189
0.04763197898864746
0.04476625472307205
0.044455863535404205
0.04517475143074989
0.04624157398939133
0.04252101108431816
0.041876595467329025
0.042616430670022964
0.042517613619565964
0.04423060640692711
0.04399643838405609
0.042386773973703384
0.04472328722476959
0.04435646906495094
0.043743375688791275
0.042808085680007935
0.040818750858306885
0.041536569595336914
0.04366033151745796
0.039191123098134995
0.041013386100530624
0.04384075477719307
0.04302015155553818
0.03948931396007538
0.04016919434070587
0.04138466343283653
0.039862748235464096
0.039533838629722595
0.04300299659371376
0.04063227400183678
no squeeze
0.8136612772941589
0.3055605888366699
0.20864087343215942
0.16357533633708954
0.13450871407985687
0.11251677572727203
0.10132826864719391
0.09556353092193604
0.0890539288520813
0.08003713935613632
0.07355476915836334
0.07314401865005493
0.06840141862630844
0.06302477419376373
0.06726182252168655
0.0571480318903923
0.05744164437055588
0.05616184324026108
0.05103880912065506
0.047507550567388535
0.050964683294296265
0.04768310859799385
0.04576462507247925
0.045467834919691086
0.04402150586247444
0.04345208406448364
0.04285998269915581
0.04198659956455231
0.0384015217423439
0.03996303677558899
0.041809264570474625
0.037812720984220505
0.038259364664554596
0.036848437041044235
0.037215571850538254
0.03544381260871887
0.034570563584566116
0.03514227271080017
0.03337922319769859
0.037340886890888214
0.03762149438261986
0.03427674621343613
0.03491067886352539
0.03150622546672821
0.03403167799115181
0.03150535002350807
0.032239481806755066
0.03201233595609665
0.031441669911146164
0.03190740942955017
0.032303620129823685
0.02944592945277691
0.030188944190740585
0.030725667253136635
0.026983819901943207
0.027936341241002083
0.027389654889702797
0.02817709557712078
0.02883865125477314
0.028025299310684204
0.028928333893418312
0.026224514469504356
0.02713826857507229
0.0279491376131773
0.025664906948804855
0.028376352041959763
0.024757221341133118
0.025830483064055443
0.025168446823954582
0.0266805998980999
0.02610301785171032
0.025273071601986885
0.023394403979182243
0.025277232751250267
0.02485738880932331
0.026019055396318436
0.02333778329193592
0.023676421493291855
0.02419489063322544
0.024192582815885544
0.022844882681965828
0.024378102272748947
0.022435449063777924
0.02447068691253662
0.025121446698904037
0.025693379342556
0.02346079610288143
0.022944791242480278
0.02150585688650608
0.022094188258051872
0.024930845946073532
0.024367965757846832
0.025660349056124687
0.025653088465332985
0.022865213453769684
0.023659467697143555
0.022955510765314102
0.02221902832388878
0.023157812654972076
no squeeze
0.4380561411380768
0.10731002688407898
0.10035259276628494
0.07381995022296906
0.07122430950403214
0.06993082910776138
0.06998096406459808
0.06965736299753189
0.06689810007810593
0.06330875307321548
0.06583978980779648
0.06349055469036102
0.09288401901721954
0.06540033966302872
0.07005807757377625
0.06222178414463997
0.061277396976947784
0.058291200548410416
0.05637145787477493
0.06563663482666016
0.05839868262410164
0.05793202668428421
0.061790212988853455
0.06210245564579964
0.060497451573610306
0.07186209410429001
0.07295547425746918
0.07656330615282059
0.061133187264204025
