no squeeze
1.2459741830825806
0.4851316511631012
0.28666284680366516
0.19155775010585785
0.1576469987630844
0.1282116174697876
0.12514612078666687
0.09845889359712601
0.09622158110141754
0.08841334283351898
0.08548948913812637
0.08000966161489487
0.07263696193695068
0.08324652165174484
0.07032737880945206
0.06503041088581085
0.06284622848033905
0.0683896467089653
0.06805600225925446
0.07076003402471542
0.07138201594352722
0.06688866764307022
0.05906312167644501
0.058821678161621094
0.06399157643318176
0.058266159147024155
0.06589013338088989
0.05513006076216698
0.06314600259065628
0.05133405700325966
0.055121615529060364
0.05636485293507576
0.05415786802768707
0.06159037724137306
0.06267278641462326
0.048783279955387115
0.05858249217271805
0.05586964637041092
0.049709245562553406
0.070656917989254
0.046360041946172714
0.056561850011348724
0.05169644579291344
0.0626879632472992
0.053311318159103394
0.058454446494579315
0.05156473442912102
0.05262976512312889
0.05026792362332344
0.05325023829936981
0.057405952364206314
no squeeze
1.3636753559112549
0.40946221351623535
0.2402242124080658
0.17648771405220032
0.13811960816383362
0.12831777334213257
0.10997086763381958
0.09298380464315414
0.09112337976694107
0.08645438402891159
0.09083699434995651
0.07556989789009094
0.08592214435338974
0.07304758578538895
0.06333202868700027
0.0637475922703743
0.06917594373226166
0.06225208193063736
0.0624837763607502
0.057203419506549835
0.07178305089473724
0.061283841729164124
0.05577101185917854
0.05672145634889603
0.05453278869390488
0.04970662295818329
0.05321185663342476
0.053892068564891815
0.0475376658141613
0.051517460495233536
0.04863186180591583
0.044714510440826416
0.04883083328604698
0.04185421019792557
0.05569067224860191
0.045472271740436554
0.04617009311914444
0.045812953263521194
0.04088786616921425
0.04242715239524841
0.042895734310150146
0.04214790463447571
0.04414718225598335
0.059536051005125046
0.04349340870976448
0.04587274417281151
0.047275785356760025
0.04365282505750656
0.045107681304216385
no squeeze
1.3914902210235596
0.6430278420448303
0.42432767152786255
0.3216995894908905
0.24661894142627716
0.25284549593925476
0.1833776980638504
0.1653771996498108
0.1420261412858963
0.12791016697883606
0.12286228686571121
0.11613897979259491
0.102181077003479
0.11166208982467651
0.09309417009353638
0.09383787214756012
0.0914803221821785
0.09567949920892715
0.09587258100509644
0.09080466628074646
0.08817919343709946
0.07405596971511841
0.07591050118207932
0.0665903389453888
0.06512831151485443
0.0656079351902008
0.06330045312643051
0.056902576237916946
0.07301390171051025
0.07047346979379654
0.05567838251590729
0.0653146281838417
0.06287271529436111
0.06890016794204712
0.07129506021738052
0.07093550264835358
0.061350174248218536
0.05474361032247543
0.06591195613145828
0.0763283371925354
0.05764834210276604
0.05577222257852554
0.05750846862792969
0.05515923723578453
0.053918465971946716
0.04601362720131874
0.05314864590764046
0.04710153490304947
0.05183085799217224
0.05314433202147484
0.05866030976176262
0.048898451030254364
0.057464636862277985
0.04803807660937309
0.057956546545028687
0.045881982892751694
0.04875371232628822
0.08430903404951096
0.05368206650018692
0.04182944446802139
0.05573062226176262
0.03994213044643402
0.0411529578268528
0.043099354952573776
0.03770459070801735
0.041197940707206726
0.03889551758766174
0.04621255397796631
0.038180768489837646
0.042460884898900986
0.04248642548918724
0.042149804532527924
0.03694472461938858
0.04814506694674492
0.03898537904024124
0.03882420063018799
0.044165607541799545
0.03666238114237785
0.03802208602428436
0.037401508539915085
0.03729488328099251
0.03687545657157898
0.03464711457490921
0.038258422166109085
0.04079876095056534
0.03914850577712059
0.03883013501763344
0.03424442932009697
0.03425980359315872
0.03965707868337631
0.03365151956677437
0.03103647381067276
0.043338287621736526
0.033855073153972626
0.04077727720141411
0.0336579903960228
0.03152859956026077
0.07058260589838028
0.033733487129211426
0.03733165189623833
0.035407066345214844
0.031019380316138268
0.03278475999832153
0.032385289669036865
0.03265341743826866
0.03431222215294838
0.032784901559352875
0.02986356057226658
0.035762228071689606
0.035013195127248764
0.03371420130133629
0.032857999205589294
0.029868561774492264
0.04148898273706436
0.03256392106413841
0.030239710584282875
0.03177142143249512
0.03598976507782936
no squeeze
1.313915491104126
0.6665188670158386
0.517852246761322
0.42290058732032776
0.36236143112182617
0.311382532119751
0.2727982699871063
0.24283315241336823
0.2154342085123062
0.1989099234342575
0.18008732795715332
0.17027494311332703
0.15708540380001068
0.15758928656578064
0.14204083383083344
0.13324567675590515
0.12710821628570557
0.11848051846027374
0.11690396815538406
0.10987649857997894
0.10533973574638367
0.1035001277923584
0.09562801569700241
0.08852087706327438
0.08754318207502365
0.09290099889039993
0.08191968500614166
0.08080238848924637
0.07976598292589188
0.0765281543135643
0.07013805955648422
0.06636421382427216
0.0681917667388916
0.06465211510658264
0.06299345195293427
0.06135105341672897
0.06132893264293671
0.058184731751680374
0.06385870277881622
0.05797041580080986
0.05605136230587959
0.05445057153701782
0.054982852190732956
0.05402524396777153
0.05284520611166954
0.05057670548558235
0.05236870050430298
0.054460614919662476
0.05027683079242706
0.05083366483449936
0.049166712909936905
0.04907537251710892
0.047985028475522995
0.043822165578603745
0.04503832384943962
0.04204636812210083
0.04311373084783554
0.04321422055363655
0.043745242059230804
0.043575797230005264
0.04350242391228676
0.038962893187999725
0.03933456540107727
0.04093828424811363
0.04153439775109291
0.041987814009189606
0.03944622352719307
0.035253558307886124
0.04230836406350136
0.03747277334332466
0.040937479585409164
0.03698715940117836
0.037320759147405624
0.03913012146949768
0.037121765315532684
0.03752012550830841
0.04251164570450783
0.03493431583046913
0.032996274530887604
0.037689145654439926
0.038402870297431946
0.03610813990235329
0.03480071574449539
0.033016450703144073
0.0327552892267704
0.03220544755458832
0.03468531370162964
0.03216676786541939
0.032852526754140854
0.03149263188242912
0.03105177916586399
0.03102758899331093
0.032826557755470276
0.03162968531250954
0.030734218657016754
0.029920494183897972
0.029441198334097862
0.030649486929178238
0.030650263652205467
0.03099827468395233
0.03182222321629524
0.029659654945135117
0.030070360749959946
0.030881106853485107
0.028742406517267227
0.028840065002441406
0.0291388388723135
0.029326604679226875
0.02942843921482563
0.02698657661676407
0.026935312896966934
0.02836924046278
0.02834317274391651
0.026513362303376198
0.027837729081511497
0.027343183755874634
0.029423236846923828
0.029448864981532097
0.02707270160317421
0.025692574679851532
0.02379748597741127
0.025199316442012787
0.026058917865157127
0.02591092884540558
0.025911154225468636
0.027296284213662148
0.02492417022585869
0.02451413869857788
0.02532234974205494
0.023995358496904373
0.022862538695335388
0.02365623041987419
0.023320384323596954
0.02581016719341278
0.02400335855782032
0.025257961824536324
0.023672282695770264
0.02472129464149475
0.023172983899712563
0.022336864843964577
0.023318063467741013
0.023128878325223923
0.024246828630566597
0.0226952712982893
0.023712683469057083
0.024487216025590897
0.024442246183753014
0.021341729909181595
0.021435409784317017
0.020640548318624496
0.023209206759929657
0.021620141342282295
0.02063150331377983
0.021902291104197502
0.020419515669345856
0.021474387496709824
0.023699529469013214
0.02075142413377762
0.021753020584583282
0.02152809500694275
0.020785240456461906
0.020659862086176872
0.021679388359189034
0.019256994128227234
0.019402548670768738
0.020257852971553802
0.019647203385829926
0.02133764885365963
0.02128550224006176
0.02068449556827545
0.019963543862104416
0.019595013931393623
0.019388671964406967
0.01996375061571598
no squeeze
1.461782455444336
0.5205471515655518
0.3272179663181305
0.24329541623592377
0.19052520394325256
0.15552979707717896
0.14451682567596436
0.12373929470777512
0.10292410850524902
0.09682737290859222
0.0863271951675415
0.07553263008594513
0.07303678244352341
0.06232614442706108
0.05948208272457123
0.05460095405578613
0.04765107110142708
0.044542014598846436
0.046912722289562225
0.047121480107307434
0.041245147585868835
0.03640978783369064
0.037286028265953064
0.032962340861558914
0.03226722404360771
0.029929351061582565
0.02877999097108841
0.030383331701159477
0.028557680547237396
0.028401190415024757
0.02410753071308136
0.021662594750523567
0.02331475540995598
0.023539550602436066
0.02121467888355255
0.02511032111942768
0.020366918295621872
0.019742732867598534
0.016979657113552094
0.017583688721060753
0.016829635947942734
0.016976619139313698
0.016188768669962883
0.015827881172299385
0.014813325367867947
0.01458702515810728
0.01837511733174324
0.01979135163128376
0.018715959042310715
0.015032953582704067
0.013853739015758038
0.012850038707256317
0.012559673748910427
0.013419673778116703
0.015306833200156689
0.012331240810453892
0.011878181248903275
0.011411622166633606
0.013108881190419197
0.014128941111266613
0.01162085309624672
0.012418946251273155
0.012551476247608662
0.01016236376017332
0.010449808090925217
0.009489057585597038
0.010033396072685719
0.009038974530994892
0.012969689443707466
0.00879550538957119
0.00853384006768465
0.007725185249000788
0.009269376285374165
0.009288525208830833
0.009725152514874935
0.008180229924619198
0.00890648178756237
0.008670195937156677
0.007912136614322662
0.006726166233420372
0.009109471924602985
0.008791853673756123
0.012619548477232456
0.008338160812854767
0.009711749851703644
0.01097912434488535
0.0073415059596300125
0.0074087949469685555
0.008342268876731396
0.00664112251251936
0.007722198031842709
0.006912971846759319
0.006214480847120285
0.006346115376800299
0.007326203398406506
0.008030690252780914
0.006235801614820957
0.007910069078207016
0.007418873254209757
0.007656793110072613
0.006820765323936939
0.006636485457420349
0.007539229467511177
no squeeze
1.1661839485168457
0.3431694805622101
0.2351839244365692
0.203265979886055
0.14166848361492157
0.12883448600769043
0.13725316524505615
0.12526555359363556
0.09198249876499176
0.11711239069700241
0.09370090067386627
0.10705560445785522
0.1029529869556427
0.1003379374742508
0.09491914510726929
0.09736815094947815
0.09681831300258636
0.09307705610990524
0.08050531893968582
0.08845416456460953
0.0964050143957138
0.0871419906616211
0.08798735588788986
0.0922028124332428
0.09503263980150223
0.07293139398097992
0.0748634859919548
0.10325071960687637
0.08342745155096054
0.07566507905721664
0.07025223970413208
0.06885519623756409
0.07092192023992538
0.06970888376235962
0.06572459638118744
0.07645155489444733
0.07196862995624542
0.08235788345336914
0.06859540194272995
0.06293616443872452
0.06832181662321091
0.06378936022520065
0.07213051617145538
0.06737858802080154
0.06593580543994904
0.06016801670193672
0.06596271693706512
0.09749367833137512
0.08736800402402878
0.0674547627568245
0.065438412129879
0.09558497369289398
0.07299819588661194
0.07949887961149216
0.08019925653934479
0.08149901777505875
