no squeeze
0.8662523627281189
0.23652265965938568
0.11515510082244873
0.06846991181373596
0.05178958550095558
0.03716518357396126
0.02848857082426548
0.024257618933916092
0.023392483592033386
0.020810123533010483
0.01872880570590496
0.01757100783288479
0.01665283553302288
0.01620754599571228
0.015645558014512062
0.018704727292060852
0.015444218181073666
0.014495219103991985
0.012065468356013298
0.012374059297144413
0.012843620963394642
0.013770774938166142
0.014791312627494335
0.011879192665219307
0.014135954901576042
0.011403659358620644
0.01154005154967308
0.011397144757211208
0.012989661656320095
0.010023164562880993
0.011096489615738392
0.014269865117967129
0.009739556349813938
0.013664099387824535
0.011406028643250465
0.011248782277107239
0.010881000198423862
0.008983026258647442
0.009884105063974857
0.008973082527518272
0.009448415599763393
0.011783785186707973
0.010490600019693375
0.011179998517036438
0.010336282663047314
0.009244338609278202
0.009682775475084782
0.012331272475421429
0.011683757416903973
0.011160844005644321
no squeeze
0.596606969833374
0.18881772458553314
0.10066812485456467
0.06187978759407997
0.05067722126841545
0.042764998972415924
0.036762889474630356
0.033332064747810364
0.0319637730717659
0.030635403469204903
0.026135046035051346
0.025237763300538063
0.02630053088068962
0.024344155564904213
0.02264062501490116
0.021644826978445053
0.022476259618997574
0.02535278908908367
0.0227822195738554
0.022542905062437057
0.020133301615715027
0.020199820399284363
0.020582301542162895
0.018853046000003815
0.01988389529287815
0.020526230335235596
0.01699203997850418
0.018403708934783936
0.016896020621061325
0.016818933188915253
0.017155999317765236
0.019729284569621086
0.018418803811073303
0.01591786928474903
0.017934145405888557
0.01891353912651539
0.01680862531065941
0.01586248353123665
0.018865084275603294
0.017971646040678024
0.01738409698009491
0.01969013921916485
0.0172127578407526
0.016574043780565262
0.01776561513543129
0.01575721986591816
0.016714420169591904
0.01705910451710224
0.01645537279546261
0.01622764952480793
0.0173668060451746
0.020598772913217545
0.015826931223273277
0.015071931295096874
0.015054706484079361
0.01584458537399769
0.015435008332133293
0.018709475174546242
0.014796897768974304
0.014918667264282703
0.016410555690526962
0.015154648572206497
0.015557317063212395
0.01379303727298975
0.015245608054101467
0.016492534428834915
0.017185430973768234
0.018984930589795113
0.01516874972730875
0.015458965674042702
0.017210394144058228
0.015989113599061966
0.015689099207520485
0.016295598819851875
no squeeze
0.9231014847755432
0.33905482292175293
0.21612319350242615
0.1548565924167633
0.11202437430620193
0.08823991566896439
0.0700806975364685
0.06655935943126678
0.05019477382302284
0.039783041924238205
0.037356358021497726
0.029951853677630424
0.024663608521223068
0.03767072781920433
0.02246592566370964
0.01832704059779644
0.014596626162528992
0.01362998690456152
0.014377725310623646
0.01302073709666729
0.011364764533936977
0.012214873917400837
0.010563390329480171
0.00873812660574913
0.007019267417490482
0.0070696063339710236
0.0068253809586167336
0.006988826207816601
0.006137955468147993
0.005872453097254038
0.009342082776129246
0.006333895027637482
0.005062466487288475
0.0037552807480096817
0.004078615922480822
0.0033516271505504847
0.0031869702506810427
0.0032598592806607485
0.0037009217776358128
0.0033687003888189793
0.0027819036040455103
0.0028549765702337027
0.0040987576358020306
0.0035727289505302906
0.002460125368088484
0.003386958735063672
0.002521353308111429
0.0031036471482366323
0.0023608868941664696
0.0022569973953068256
0.0019310570787638426
0.0019424010533839464
0.0016416606958955526
0.0021409124601632357
0.0020677282009273767
0.001899681519716978
0.001251259003765881
0.001097799395211041
0.0011207781499251723
0.0011481116525828838
0.001311864354647696
0.001316848094575107
0.0014461335958912969
0.0012644573580473661
0.001187588321045041
0.0009843099396675825
0.0012068761279806495
0.0016292775981128216
0.0014839349314570427
0.0014721148181706667
0.0011148807825520635
0.0008713980787433684
0.0007738629938103259
0.0005762996152043343
0.0018726051785051823
0.0005657658912241459
0.0006308641750365496
0.0006638554623350501
0.0005240737227723002
0.0008378173806704581
0.0041274093091487885
0.004624322988092899
0.003953604958951473
0.005164793226867914
0.001714137615635991
0.0011892840266227722
0.0008249687380157411
0.0006305708666332066
0.0005335454479791224
no squeeze
0.6187980771064758
0.35691776871681213
0.28444743156433105
0.24025070667266846
0.20644427835941315
0.18011869490146637
0.16167515516281128
0.14492051303386688
0.1282951384782791
0.12264042347669601
0.1137232556939125
0.10299929976463318
0.10151653736829758
0.09259691834449768
0.09129339456558228
0.08570642024278641
0.0819777399301529
0.07908524572849274
0.07289011776447296
0.07185029238462448
0.06824013590812683
0.06518269330263138
0.06596099585294724
0.06254295259714127
0.059440020471811295
0.057782772928476334
0.057207200676202774
0.05635138228535652
0.054912418127059937
0.05149740353226662
0.04965865984559059
0.04980634152889252
0.046971771866083145
0.047730546444654465
0.04489200562238693
0.04431035369634628
0.042018454521894455
0.04221103712916374
0.04156884923577309
0.04131552577018738
0.04213376343250275
0.039414409548044205
0.03853043541312218
0.036653295159339905
0.03619346022605896
0.03677533566951752
0.038646042346954346
0.037617277354002
0.03554879501461983
0.03620096296072006
0.035687025636434555
0.035659655928611755
0.037324439734220505
0.03413743898272514
0.03281676024198532
0.03358880802989006
0.03320427983999252
0.034084245562553406
0.0326043963432312
0.031204376369714737
0.03306877985596657
0.03288416936993599
0.03162875771522522
0.03634835407137871
0.030505314469337463
0.03319413587450981
0.031338177621364594
0.030163098126649857
0.03039970062673092
0.03035721555352211
0.030166612938046455
0.030817462131381035
0.028406767174601555
0.029018159955739975
0.029443800449371338
0.028019187971949577
0.02740153856575489
0.029741518199443817
0.029365848749876022
0.02878684736788273
0.027854591608047485
0.028393272310495377
0.02917526662349701
0.029639914631843567
0.027967145666480064
0.027188217267394066
0.0268232524394989
0.026978904381394386
0.02983742766082287
0.02759828418493271
0.026450656354427338
0.02700071781873703
0.026185020804405212
0.027039634063839912
0.02623915858566761
0.026570342481136322
0.026655377820134163
0.02664908580482006
0.028335148468613625
0.02599017135798931
0.02633003517985344
0.027027448639273643
0.025614989921450615
0.025546785444021225
0.024869535118341446
0.02608138881623745
0.025621401146054268
0.026786405593156815
0.025509506464004517
0.024307018145918846
0.02643953636288643
0.02492416463792324
0.025156697258353233
0.02514943853020668
0.02509034052491188
0.02642277255654335
0.025021901354193687
0.0269913487136364
0.02555631659924984
0.02393164113163948
0.025240734219551086
0.024823596701025963
0.025239480659365654
0.0283210426568985
0.02366463840007782
0.0236876979470253
0.023596161976456642
0.023846250027418137
0.024487320333719254
0.023648491129279137
0.025483841076493263
0.02607835829257965
0.023971840739250183
0.02385162003338337
0.025487743318080902
0.024542860686779022
0.025044189766049385
no squeeze
0.7126372456550598
0.31964582204818726
0.21546246111392975
0.15737713873386383
0.12289271503686905
0.10424606502056122
0.08816848695278168
0.07582064718008041
0.06933042407035828
0.06292235106229782
0.05811716988682747
0.0532364696264267
0.04956644028425217
0.044268425554037094
0.04219900444149971
0.038647156208753586
0.037187665700912476
0.03517451509833336
0.03396820276975632
0.03072354383766651
0.0302761048078537
0.029924483969807625
0.030427072197198868
0.02638033591210842
0.02618136815726757
0.026591794565320015
0.024484174326062202
0.023555055260658264
0.02297491952776909
0.02142459899187088
0.02167503908276558
0.02175472117960453
0.019983727484941483
0.019681107252836227
0.02230701595544815
0.020168904215097427
0.01862197555601597
0.01908026449382305
0.01766691543161869
0.017198173329234123
0.017493534833192825
0.016644202172756195
0.018928250297904015
0.017091959714889526
0.01638219505548477
0.01642894186079502
0.015387522988021374
0.015961898490786552
0.016160691156983376
0.01592833176255226
0.01478345412760973
0.01495795976370573
0.015384932979941368
0.014684119261801243
0.014211788773536682
0.014417115598917007
0.014027667231857777
0.013518095016479492
0.013204029761254787
0.014173171482980251
0.013360562734305859
0.012815291993319988
0.013845670036971569
0.012604493647813797
0.012575911357998848
0.012411125935614109
0.013615316711366177
0.012268639169633389
0.011753180995583534
0.011307133361697197
0.012592678889632225
0.01151715125888586
0.011845202185213566
0.011992204003036022
0.012804406695067883
0.012324752286076546
0.011843875981867313
0.01169976033270359
0.011893664486706257
0.011060754768550396
0.010622367262840271
0.010836352594196796
0.010325731709599495
0.010653608478605747
0.010977226309478283
0.011889303103089333
0.011913265101611614
0.010610181838274002
0.01059797964990139
0.010793651454150677
0.011492895893752575
0.011112394742667675
0.011628049425780773
no squeeze
0.44881221652030945
0.14001014828681946
0.09592432528734207
0.07943884283304214
0.07763399183750153
0.07158473134040833
0.06706144660711288
0.07532935589551926
0.07517825812101364
0.06288834661245346
0.05923031270503998
0.06276879459619522
0.05925441533327103
0.06513229012489319
0.058108534663915634
0.058745041489601135
0.06021858751773834
0.06654985249042511
0.060582004487514496
0.06046693027019501
0.05962081998586655
0.058210574090480804
0.058472197502851486
0.06164058297872543
0.0681673064827919
