no squeeze
1.8670259714126587
0.5897615551948547
0.32930195331573486
0.21824993193149567
0.17650097608566284
0.13317666947841644
0.11914795637130737
0.09767983108758926
0.08494164794683456
0.08493216335773468
0.07943456619977951
0.06884432584047318
0.06784916669130325
0.05658089369535446
0.06284556537866592
0.06361696869134903
0.05823711305856705
0.048471882939338684
0.04935929551720619
0.054850734770298004
0.05360136553645134
0.046452660113573074
0.05926632881164551
0.04293171688914299
0.046770140528678894
0.03781222552061081
0.04452444985508919
0.039801087230443954
0.04509032145142555
0.04120137542486191
0.04315141588449478
0.042405713349580765
0.0435575470328331
0.03708555921912193
0.03735214099287987
0.03613198548555374
0.04337349161505699
0.03518657758831978
0.038124702870845795
0.03884563222527504
0.037254177033901215
0.03760245069861412
0.046395882964134216
0.03442273288965225
0.035578180104494095
0.03321203216910362
0.0355052687227726
0.03492076322436333
0.03817043453454971
0.03447050601243973
0.03899926692247391
0.035118333995342255
0.04444558545947075
0.03367743641138077
0.03358640521764755
0.03315693140029907
0.030572623014450073
0.03656085580587387
0.03654327988624573
0.0325152762234211
0.03291340917348862
0.03137003630399704
0.03872789442539215
0.03338700532913208
0.03524300828576088
0.03213978186249733
0.03862012177705765
no squeeze
1.9709078073501587
0.613990306854248
0.34515824913978577
0.21799339354038239
0.16815249621868134
0.1339574158191681
0.11361414939165115
0.10119098424911499
0.08633341640233994
0.08241109549999237
0.07976710051298141
0.07281181961297989
0.06163720414042473
0.0672357827425003
0.059076614677906036
0.06084723770618439
0.05443082004785538
0.05438782274723053
0.05088626220822334
0.05139841139316559
0.05027570202946663
0.044599197804927826
0.04749646410346031
0.04551755264401436
0.040378887206315994
0.05332004278898239
0.0411558523774147
0.049899738281965256
0.04115114361047745
0.03609267249703407
0.034327536821365356
0.036879636347293854
0.04239874705672264
0.038167040795087814
0.04327435418963432
0.04161538556218147
0.03774780407547951
0.034557927399873734
0.03255080431699753
0.03364638611674309
0.04082890972495079
0.03644450753927231
0.030611658468842506
0.03145241364836693
0.038930848240852356
0.030380817130208015
0.03357493877410889
0.03209933638572693
0.035666774958372116
0.038622062653303146
0.031402312219142914
0.02931028977036476
0.031421683728694916
0.03269859403371811
0.0321369469165802
0.03744010254740715
0.03385991230607033
0.04099326580762863
0.029249519109725952
0.030015403404831886
0.025707516819238663
0.03116082027554512
0.031089527532458305
0.02666998840868473
0.024714196100831032
0.03086847998201847
0.028230968862771988
0.02674427628517151
0.031775616109371185
0.028175778687000275
0.029134059324860573
0.033820316195487976
0.0336337648332119
0.03366594389081001
0.02723422460258007
no squeeze
1.6877734661102295
0.7375056743621826
0.48729488253593445
0.3482695519924164
0.28240489959716797
0.22827059030532837
0.1685180515050888
0.14292378723621368
0.11897110939025879
0.0945960134267807
0.08549541980028152
0.08255675435066223
0.06897378712892532
0.06036287918686867
0.05089111253619194
0.047036636620759964
0.044726695865392685
0.04708680137991905
0.044031061232089996
0.03440754860639572
0.03656074032187462
0.032554127275943756
0.03030003421008587
0.04642018303275108
0.05259530246257782
0.025936156511306763
0.028435006737709045
0.028393879532814026
0.02095169387757778
0.024972358718514442
0.023229435086250305
0.02599661983549595
0.018903004005551338
0.020727863535284996
0.03462916612625122
0.035042956471443176
0.025179116055369377
0.019759388640522957
0.016270503401756287
0.015882378444075584
0.019899524748325348
0.020942363888025284
0.026850152760744095
0.02231196127831936
0.0413009449839592
0.023831689730286598
0.02453983947634697
0.018673816695809364
0.014762788079679012
0.026873337104916573
0.016205308958888054
0.014971368946135044
0.01281074807047844
0.011706599965691566
0.011598585173487663
0.022107748314738274
0.012784465216100216
0.013262179680168629
0.012638242915272713
0.01598864048719406
0.012076186016201973
0.011546691879630089
0.010222561657428741
0.009768016636371613
0.01405070349574089
0.011964916251599789
0.011758669279515743
0.010486027225852013
0.016650427132844925
0.015135587193071842
0.01123835053294897
0.01087384857237339
0.016478639096021652
0.014235605485737324
no squeeze
1.4353384971618652
0.7643943428993225
0.610748827457428
0.5112953782081604
0.43525007367134094
0.37895506620407104
0.3427920639514923
0.3058742880821228
0.2808920741081238
0.2592274248600006
0.22778353095054626
0.21323537826538086
0.19555611908435822
0.17973877489566803
0.17679817974567413
0.1587643176317215
0.15259060263633728
0.1446610987186432
0.13650941848754883
0.1282912939786911
0.12173647433519363
0.1152118593454361
0.11342770606279373
0.10264807939529419
0.09966963529586792
0.09802226722240448
0.09156893193721771
0.08876959979534149
0.08870727568864822
0.08390279859304428
0.08129968494176865
0.0789211243391037
0.07657823711633682
0.07226813584566116
0.07228689640760422
0.07144017517566681
0.07232050597667694
0.0669897198677063
0.06640302389860153
0.06798654794692993
0.06387429684400558
0.06597958505153656
0.058174602687358856
0.06228603422641754
0.06419560313224792
0.060018058866262436
0.060040343552827835
0.05755765363574028
0.05593885853886604
0.05483298376202583
0.05407212674617767
0.05124211311340332
0.04924333468079567
0.05502641201019287
0.05356937646865845
0.04855870455503464
0.04823853820562363
0.05007548630237579
0.04774289205670357
0.04781023785471916
0.045073285698890686
0.04675375670194626
0.04705529659986496
0.045244794338941574
0.045181289315223694
0.0449104830622673
0.04314225912094116
0.04344026744365692
0.042711369693279266
0.0427100695669651
0.0432419516146183
0.04302237927913666
0.04043087363243103
0.03971653804183006
0.04255223646759987
0.0421375036239624
0.03999845311045647
0.04235530272126198
0.03806694969534874
0.03968958556652069
0.03962928056716919
0.038123734295368195
0.03851773589849472
0.04068125784397125
0.040817853063344955
0.041360799223184586
0.0350048653781414
0.036966387182474136
0.03748439624905586
0.034264981746673584
0.03449985012412071
0.03607393056154251
0.03619077056646347
0.03412804752588272
0.03420392423868179
0.03489060699939728
0.035283323377370834
0.03498329967260361
0.03207378089427948
0.03701366111636162
0.03512271121144295
0.033499576151371
0.034572675824165344
0.03368464484810829
0.033889755606651306
0.03515242412686348
0.032742634415626526
0.0338519886136055
0.035077355802059174
no squeeze
1.621265172958374
0.6068670153617859
0.41420936584472656
0.3103692829608917
0.24319268763065338
0.20159706473350525
0.1710834950208664
0.1410510241985321
0.12933391332626343
0.1065504178404808
0.09990450739860535
0.09354240447282791
0.08726632595062256
0.08274915814399719
0.07685763388872147
0.07344449311494827
0.06044025719165802
0.05720536410808563
0.05603272467851639
0.054409682750701904
0.048261675983667374
0.046447936445474625
0.04467565938830376
0.04424039646983147
0.041128065437078476
0.03868888318538666
0.03884592279791832
0.036202799528837204
0.03813830390572548
0.03229600191116333
0.0353972390294075
0.030225258320569992
0.02803449146449566
0.03386986628174782
0.030480194836854935
0.031006881967186928
0.029191166162490845
0.029884587973356247
0.026683131232857704
0.023554926738142967
0.025053948163986206
0.025784488767385483
0.021449295803904533
0.020797260105609894
0.020449720323085785
0.021596895530819893
0.02140023000538349
0.02066364511847496
0.021340234205126762
0.022688958793878555
0.020703904330730438
0.018922993913292885
0.019532106816768646
0.02194851264357567
0.018928300589323044
0.01630122773349285
0.017187489196658134
0.01887958124279976
0.01890839822590351
0.015836330130696297
0.015645571053028107
0.016638580709695816
0.016102133318781853
0.01626496948301792
0.015984050929546356
0.01327247079461813
0.01659506745636463
0.014716709963977337
0.015133436769247055
0.014167469926178455
0.014941046014428139
0.01266331784427166
0.015055223368108273
0.013597122393548489
0.0170395839959383
0.015318154357373714
0.016307175159454346
0.014516288414597511
0.014512967318296432
0.014442361891269684
0.01713608019053936
0.0188007615506649
no squeeze
1.095727801322937
0.39887735247612
0.2560049891471863
0.1889641284942627
0.16744829714298248
0.1307956427335739
0.16102752089500427
0.12483120709657669
0.14563725888729095
0.12467733770608902
0.11390475183725357
0.10559938848018646
0.0857851579785347
0.09129755198955536
0.0822552740573883
0.09258928894996643
0.09288077801465988
0.0863078385591507
0.09452036768198013
0.07673497498035431
0.09267617762088776
0.09045888483524323
0.09379620105028152
0.07678039371967316
0.08982466161251068
0.09795506298542023
0.0812457799911499
0.08050882816314697
0.06732677668333054
0.06730004400014877
0.06889532506465912
0.07882747799158096
0.07131922245025635
0.09000540524721146
0.08111952990293503
0.08322931826114655
0.09207247197628021
0.09201391786336899
0.10395188629627228
0.08062132447957993
