no squeeze
0.9374064803123474
0.23222820460796356
0.12898772954940796
0.10258116573095322
0.0920574739575386
0.07765848934650421
0.07512860000133514
0.07110487669706345
0.06755109131336212
0.07145716995000839
0.06609534472227097
0.06288138777017593
0.06515271961688995
0.06126350164413452
0.06260514259338379
0.05587273836135864
0.055768538266420364
0.05401870235800743
0.05628301575779915
0.05403827130794525
0.05326098948717117
0.05573924630880356
0.058407727628946304
0.05205048993229866
0.053018875420093536
0.05404030531644821
0.05516418069601059
0.05121728405356407
0.049666628241539
0.04921635240316391
0.05103398859500885
0.04817913472652435
0.04801282659173012
0.055623602122068405
0.048730116337537766
0.04776656627655029
0.051417894661426544
0.04896694794297218
0.045266762375831604
0.046839192509651184
0.05173002928495407
0.047895751893520355
0.04720140993595123
0.049217015504837036
0.04486646130681038
0.04511142894625664
0.04510031268000603
0.04544190689921379
0.04334992915391922
0.046848468482494354
0.04889752343297005
0.04464062303304672
0.04753650352358818
0.04853677749633789
0.0445362888276577
0.04460545629262924
0.044172026216983795
0.04483466222882271
0.04458725079894066
no squeeze
0.602548360824585
0.16203725337982178
0.11737769097089767
0.09244404733181
0.0839398205280304
0.08073761314153671
0.08408103138208389
0.07122522592544556
0.06727579236030579
0.061950329691171646
0.05876319855451584
0.06610564142465591
0.0644800141453743
0.05951304733753204
0.05943601205945015
0.059675946831703186
0.06049066409468651
0.060009438544511795
0.054780080914497375
0.05238008871674538
0.056309524923563004
0.052215881645679474
0.056192249059677124
0.05024300888180733
0.051469843834638596
0.05393217131495476
0.05167235806584358
0.05359305813908577
0.048478104174137115
0.04894547164440155
0.049991413950920105
0.0511971153318882
0.05169583484530449
0.04920804128050804
0.0480814054608345
0.05224204808473587
0.0464445985853672
0.0685369223356247
0.04909665882587433
0.048926305025815964
0.04749501124024391
0.04684143885970116
0.04621833190321922
0.05213562026619911
0.04824894294142723
0.04637407884001732
0.04563915356993675
0.04699823260307312
0.0487944670021534
0.049968283623456955
0.043822742998600006
0.04516183212399483
0.04586883261799812
0.0482720248401165
0.04496261849999428
0.04612854868173599
0.04432644322514534
0.046408142894506454
0.04301055148243904
0.042358703911304474
0.04515345022082329
0.04503510147333145
0.04603048413991928
0.04316692054271698
0.04225119948387146
0.04452052339911461
0.049125589430332184
0.04311583936214447
0.04319179430603981
0.04234722629189491
0.043592676520347595
0.040693942457437515
0.04047376662492752
0.04427943006157875
0.041288066655397415
0.04300420358777046
0.042192116379737854
0.04549146071076393
0.04189604893326759
0.04887858405709267
0.04376997426152229
0.04191998764872551
0.04590148106217384
no squeeze
1.076139211654663
0.42971572279930115
0.27033811807632446
0.19476118683815002
0.18613870441913605
0.15813863277435303
0.16614654660224915
0.1199662834405899
0.10559844970703125
0.11006128787994385
0.09731386601924896
0.08736439049243927
0.08329419791698456
0.10169882327318192
0.08426691591739655
0.08228722214698792
0.07730657607316971
0.07536838203668594
0.07691890746355057
0.06729509681463242
0.06788595765829086
0.07683411985635757
0.07658804208040237
0.06736801564693451
0.07261373102664948
0.08865959197282791
0.07760689407587051
0.06442507356405258
0.061314657330513
0.060161348432302475
0.06321119517087936
0.06772888451814651
0.07341420650482178
0.06759233772754669
0.07782179117202759
0.06463176757097244
0.0582478903234005
0.056233569979667664
0.05587960034608841
0.05522165820002556
0.05804040655493736
0.06078710779547691
0.07101250439882278
0.05404118448495865
0.054421838372945786
0.05229594185948372
0.07200569659471512
0.05549352988600731
0.055471546947956085
0.05050591751933098
0.06283994764089584
0.05679955333471298
0.05636662244796753
0.06946465373039246
0.06543388962745667
0.05836378410458565
0.05166526138782501
0.06102164834737778
0.055563785135746
0.05551913008093834
no squeeze
0.9392070174217224
0.4795337915420532
0.3840964138507843
0.3213367760181427
0.2762000858783722
0.2476329654455185
0.21832089126110077
0.19552777707576752
0.1798837035894394
0.1664288341999054
0.1475362777709961
0.13767172396183014
0.12799084186553955
0.11717455834150314
0.11691107600927353
0.10784903168678284
0.10315493494272232
0.09701593220233917
0.09126513451337814
0.08993487060070038
0.08385001122951508
0.0819764956831932
0.07824991643428802
0.07499757409095764
0.07237179577350616
0.07246333360671997
0.0817665383219719
0.0725507065653801
0.06753136217594147
0.06848949193954468
0.06919393688440323
0.06608225405216217
0.0645185112953186
0.06213930621743202
0.05949839577078819
0.0641612634062767
0.062868133187294
0.0612327978014946
0.060027483850717545
0.0606071799993515
0.058557361364364624
0.05811763182282448
0.06004396453499794
0.057252105325460434
0.055216845124959946
0.054807763546705246
0.05462760105729103
0.05459464341402054
0.05621606111526489
0.05766856670379639
0.0537734180688858
0.05401201173663139
0.05122683569788933
0.05315624177455902
0.05244581773877144
0.054576314985752106
0.048995647579431534
0.048826832324266434
0.0518493577837944
0.05131328105926514
0.05081882327795029
0.04765519127249718
0.051502395421266556
0.04810195416212082
0.049440834671258926
0.04591651260852814
0.04654843732714653
0.04752984270453453
0.04889277368783951
0.0461714006960392
0.04627774655818939
0.0462641678750515
0.04548414424061775
0.045133862644433975
0.04614546149969101
0.045236844569444656
0.044959913939237595
0.04408147931098938
0.04372810199856758
0.044565360993146896
0.04394949600100517
0.042684171348810196
0.04350736364722252
0.04340055584907532
0.04420246556401253
0.040632326155900955
0.04076976701617241
0.043811239302158356
0.040968332439661026
0.04202893376350403
0.04106288403272629
0.04384485259652138
0.04253175109624863
0.041421253234148026
0.040430791676044464
0.041192080825567245
0.04058120772242546
0.039737407118082047
0.04044659808278084
0.040488168597221375
0.04113292694091797
0.04154283553361893
0.04130275920033455
0.039737313985824585
0.042595453560352325
0.03963373228907585
0.040103729814291
0.04008420556783676
0.040512606501579285
0.04037077724933624
0.039560336619615555
0.038727905601263046
0.04105125367641449
0.037358008325099945
0.03736089542508125
0.03871532157063484
0.03793816640973091
0.04039511829614639
0.03794311732053757
0.037439487874507904
0.0370488278567791
0.03887471556663513
0.040298931300640106
0.03865903988480568
0.038175955414772034
0.03576326742768288
0.03673718497157097
0.03864998370409012
0.03592488169670105
0.03702828660607338
0.037586841732263565
0.037500329315662384
0.038712143898010254
0.03876253589987755
0.036684997379779816
0.037386566400527954
no squeeze
0.7764085531234741
0.22925959527492523
0.1497884839773178
0.12138877063989639
0.10630787163972855
0.09316527843475342
0.08572948724031448
0.07990965247154236
0.07244418561458588
0.06893108785152435
0.06857410073280334
0.06598328799009323
0.06117767095565796
0.05452540144324303
0.05458472669124603
0.051499493420124054
0.05159072205424309
0.05093860998749733
0.046907853335142136
0.04850368574261665
0.0457865372300148
0.04565240442752838
0.04582023248076439
0.04170907661318779
0.04163737595081329
0.03878270462155342
0.04187651723623276
0.04253794252872467
0.03864661604166031
0.04030454158782959
0.0389547199010849
0.0357142835855484
0.03806355223059654
0.034785594791173935
0.03874610364437103
0.03418688476085663
0.03476731479167938
0.03373850882053375
0.03272799775004387
0.032381463795900345
0.03593090549111366
0.031365636736154556
0.03254956752061844
0.03182803466916084
0.03156285732984543
0.029822194948792458
0.03166186809539795
0.034117769449949265
0.03336585685610771
0.02866761013865471
0.031685344874858856
0.03048931062221527
0.031973376870155334
0.02680380269885063
0.030622264370322227
0.02790742740035057
0.027940740808844566
0.02682407945394516
0.028652912005782127
0.028563957661390305
0.028046881780028343
0.02554495446383953
0.028536556288599968
0.02959505096077919
0.025845695286989212
0.026042236015200615
0.025903739035129547
0.02524522691965103
0.025107651948928833
0.027557311579585075
0.025112148374319077
0.026929132640361786
0.026324238628149033
0.023802509531378746
0.02398725040256977
0.024876747280359268
0.02419128082692623
0.02558015286922455
0.027015190571546555
0.02368689514696598
0.023595742881298065
0.0237570833414793
0.023553811013698578
0.02327895723283291
0.024705171585083008
0.025794388726353645
0.024969521909952164
0.0250519011169672
0.023748937994241714
0.024350248277187347
0.022740723565220833
0.023871084675192833
0.024031663313508034
0.023216838017106056
0.02506926655769348
0.021684156730771065
0.020780926570296288
0.021914344280958176
0.021922143176198006
0.022734008729457855
0.023533271625638008
0.021531732752919197
0.024724703282117844
0.022234132513403893
0.020512443035840988
0.02150290086865425
0.01993470825254917
0.021574992686510086
0.02296122908592224
0.022467361763119698
0.021781692281365395
0.02206604927778244
0.020904887467622757
0.021095525473356247
0.02069414220750332
0.020400183275341988
0.020247293636202812
no squeeze
0.5381544828414917
0.11668436229228973
0.09335945546627045
0.08717137575149536
0.08182936906814575
0.06941701471805573
0.06744863092899323
0.06658192723989487
0.07050661742687225
0.06630101799964905
0.06323122978210449
0.06482797861099243
0.06097245588898659
0.06405997276306152
0.06432844698429108
0.06324170529842377
0.07052653282880783
0.06794678419828415
0.07244426757097244
0.06535322964191437
0.05580136179924011
0.055774763226509094
0.061681896448135376
0.05554986000061035
0.0588543526828289
0.06433607637882233
0.060111526399850845
0.05959435924887657
0.05620625615119934
0.05735047161579132
0.05505456030368805
0.0549459271132946
0.05639582872390747
0.056639645248651505
0.062290921807289124
0.05745914578437805
0.06661760061979294
0.0556856244802475
0.05456266179680824
0.058259621262550354
0.054786134511232376
0.05391881987452507
0.05270911753177643
0.054317425936460495
0.05965457484126091
0.05573476105928421
0.055961042642593384
0.054827168583869934
0.05404822155833244
0.061817631125450134
0.06535261869430542
0.054409611970186234
0.054767850786447525
