no squeeze
1.9230594635009766
0.5512029528617859
0.2957629859447479
0.23761923611164093
0.21816138923168182
0.17970813810825348
0.16111142933368683
0.16749031841754913
0.12879036366939545
0.12119259685277939
0.14681275188922882
0.12531772255897522
0.12796653807163239
0.10008545964956284
0.11444130539894104
0.12130120396614075
0.09764774143695831
0.10321082174777985
0.10083390772342682
0.13814878463745117
0.11446241289377213
0.10365243256092072
0.12591160833835602
0.10303708910942078
0.09926211088895798
0.08969996124505997
0.09589380770921707
0.10372106730937958
0.09646093845367432
0.0914020836353302
0.09458348900079727
0.10098059475421906
0.10627955198287964
0.0944899171590805
0.07896601408720016
0.09857381880283356
0.08998023718595505
0.08033854514360428
0.08390921354293823
0.07737869769334793
0.08149607479572296
0.08540195226669312
0.1011839210987091
0.08970194309949875
0.0954994335770607
0.07331500947475433
0.0821089893579483
0.11203141510486603
0.09611809998750687
0.07340240478515625
0.09920157492160797
0.08526758849620819
0.08542387187480927
0.07922736555337906
0.09574202448129654
0.07262623310089111
0.1018371731042862
0.0736473873257637
0.08716581016778946
0.07239980250597
0.10277097672224045
0.08358057588338852
0.09029719978570938
0.07005625218153
0.0985151082277298
0.0713050365447998
0.0852280706167221
0.07989712059497833
0.07829243689775467
0.0879005715250969
0.08229350298643112
0.0943973958492279
0.08905309438705444
0.08822999149560928
no squeeze
1.544153094291687
0.5242489576339722
0.32376211881637573
0.24724049866199493
0.20778782665729523
0.16227813065052032
0.175847589969635
0.1621648222208023
0.13066551089286804
0.12902912497520447
0.11741182953119278
0.13990306854248047
0.12653519213199615
0.12810830771923065
0.11328507959842682
0.11665000021457672
0.09613680094480515
0.10747892409563065
0.0894685909152031
0.1086089238524437
0.10988907516002655
0.08447489142417908
0.09429392218589783
0.09415217489004135
0.08513982594013214
0.09215518832206726
0.09136000275611877
0.09480726718902588
0.08353269100189209
0.08148907870054245
0.08491707593202591
0.08012706786394119
0.08778772503137589
0.08974649757146835
0.09038598835468292
0.09792286902666092
0.08593142032623291
0.07394696027040482
0.07467574626207352
0.08012691140174866
0.09012031555175781
0.07604532688856125
0.07124851644039154
0.07371578365564346
0.0806133970618248
0.07909884303808212
0.07725322991609573
0.07967030256986618
0.07181934267282486
0.07694756239652634
0.0799822211265564
0.07775173336267471
0.08875209093093872
no squeeze
1.795323371887207
0.7815308570861816
0.4844575822353363
0.38365787267684937
0.31850624084472656
0.2524765431880951
0.23836186528205872
0.21617400646209717
0.19238843023777008
0.1752495914697647
0.20000438392162323
0.20038317143917084
0.18174715340137482
0.1301335245370865
0.14840573072433472
0.16499976813793182
0.15269896388053894
0.14505593478679657
0.1290062665939331
0.149251788854599
0.14642764627933502
0.18845753371715546
0.12182781845331192
0.11391720920801163
0.10975532233715057
0.16085629165172577
0.18097573518753052
0.14181077480316162
0.12452012300491333
0.10148449242115021
0.10578596591949463
0.15914982557296753
0.16879703104496002
0.1282033622264862
0.09618183225393295
0.12307437509298325
0.09265083074569702
0.09139208495616913
0.10269723832607269
0.1012665405869484
0.08845951408147812
0.10555785149335861
0.10563727468252182
0.10859433561563492
0.11155487596988678
0.13503992557525635
0.09482236951589584
0.07778415828943253
0.08488769829273224
0.07635310292243958
0.10675330460071564
0.09020787477493286
0.08304562419652939
0.07207132875919342
0.06938853114843369
0.08906091749668121
0.11896651238203049
0.08934609591960907
0.12503400444984436
0.08546816557645798
0.08806803822517395
0.08269941806793213
0.06533931195735931
0.07912853360176086
0.0875951275229454
0.0902157798409462
0.08947955816984177
0.0822034701704979
0.08377551287412643
0.07222935557365417
0.0705232173204422
0.07997068762779236
0.10278580337762833
no squeeze
1.8201439380645752
0.8213987946510315
0.6246284246444702
0.5165392160415649
0.442219614982605
0.3842024505138397
0.35922130942344666
0.3057067096233368
0.2906416952610016
0.26417216658592224
0.24293012917041779
0.22272317111492157
0.2166089564561844
0.19768744707107544
0.19447901844978333
0.18297059834003448
0.1784706711769104
0.16773998737335205
0.15575627982616425
0.1592911332845688
0.1523302048444748
0.1387304812669754
0.13852739334106445
0.13529542088508606
0.12513364851474762
0.13009986281394958
0.11703059822320938
0.11347681283950806
0.12135180085897446
0.11672521382570267
0.12198293954133987
0.10548117011785507
0.1046207919716835
0.11009260267019272
0.1090463250875473
0.10092508792877197
0.09735098481178284
0.09609366208314896
0.09968230873346329
0.0988827794790268
0.09444606304168701
0.09659503400325775
0.09880312532186508
0.09066799283027649
0.09317908436059952
0.08738040924072266
0.09182234108448029
0.08293427526950836
0.09059293568134308
0.0884106308221817
0.08172796666622162
0.09051048010587692
0.08193149417638779
0.08109728246927261
0.08279154449701309
0.07876112312078476
0.08073848485946655
0.07624921202659607
0.08068197965621948
0.08217642456293106
0.07849113643169403
0.07523228973150253
0.07489126920700073
0.07631190121173859
0.07138000428676605
0.07768150418996811
0.07972875982522964
0.07838987559080124
0.08048147708177567
0.07457982003688812
0.07424060255289078
0.07152329385280609
0.06947161257266998
0.06861338019371033
0.0742357149720192
0.06895730644464493
0.06602932512760162
0.06991972029209137
0.06464739143848419
0.08655446767807007
0.07220304757356644
0.06743692606687546
0.07258573174476624
0.07650836557149887
0.06798046827316284
0.06350332498550415
0.06840750575065613
0.06519726663827896
0.0702776312828064
0.0673832818865776
0.06542471051216125
0.06511233001947403
0.06480764597654343
0.07021583616733551
0.06877380609512329
0.06359094381332397
no squeeze
1.7774229049682617
0.636338472366333
0.421976774930954
0.3100253641605377
0.27927348017692566
0.23410186171531677
0.20268423855304718
0.19025197625160217
0.17298634350299835
0.15807053446769714
0.15471403300762177
0.15411831438541412
0.13455922901630402
0.13057160377502441
0.14255391061306
0.12048956751823425
0.10870233178138733
0.11922437697649002
0.10960493236780167
0.10816718637943268
0.11496975272893906
0.10345705598592758
0.10516134649515152
0.09099112451076508
0.09481783211231232
0.0958828255534172
0.08871110528707504
0.08297742158174515
0.09164999425411224
0.08519861847162247
0.07854922860860825
0.0781078189611435
0.07946063578128815
0.07377976924180984
0.07624581456184387
0.07227668911218643
0.0720369964838028
0.06922347098588943
0.0659869909286499
0.06707429140806198
0.06614458560943604
0.07234515994787216
0.06839533150196075
0.06822073459625244
0.06477406620979309
0.0695791020989418
0.06563147157430649
0.06732042133808136
0.06019975617527962
0.0713106095790863
0.06859477609395981
0.058109790086746216
0.06834490597248077
0.05602702125906944
0.056215811520814896
0.05736241862177849
0.059459492564201355
0.05599380284547806
0.055309269577264786
0.06269729137420654
0.060478467494249344
0.06245420128107071
0.05922625958919525
0.055731844156980515
0.05976372957229614
0.052455559372901917
0.05925031378865242
0.060638148337602615
0.052552927285432816
0.0547681525349617
0.050897955894470215
0.06193063408136368
0.05002155527472496
0.05237867310643196
0.053660862147808075
0.04932205379009247
0.05682373046875
0.048836350440979004
0.052717506885528564
0.057425398379564285
0.049571678042411804
0.05373048409819603
0.045333463698625565
0.044297851622104645
0.05196487158536911
0.04740084335207939
0.04491760954260826
0.04553089290857315
0.04607081785798073
0.04358658939599991
0.04662391170859337
0.04616610333323479
0.0473422147333622
0.05251031368970871
0.04593100771307945
0.042266134172677994
0.04262878745794296
0.04687834903597832
0.046951599419116974
0.04956076294183731
0.043540194630622864
0.04468424245715141
0.043397367000579834
0.040871549397706985
0.04458501189947128
0.04589708894491196
0.0465063638985157
0.04147794470191002
0.05063384398818016
0.04105452820658684
0.051414258778095245
0.04194068908691406
0.04170301556587219
0.04515274614095688
no squeeze
1.5092886686325073
0.38372373580932617
0.2395223081111908
0.2288539856672287
0.2508637309074402
0.15723472833633423
0.12490794062614441
0.16147184371948242
0.1223490834236145
0.155845046043396
0.16275706887245178
0.14029286801815033
0.14408162236213684
0.13773109018802643
0.14539508521556854
0.10178671777248383
0.10748957097530365
0.1167713850736618
0.11374728381633759
0.1736423820257187
0.1296595185995102
0.1405983418226242
0.11339323967695236
0.16081060469150543
0.10755125433206558
0.08641531318426132
0.08713880926370621
0.1186128631234169
0.1313135325908661
0.11009953171014786
0.12864510715007782
0.11682269722223282
0.12917956709861755
0.0987873449921608
0.12948238849639893
0.09853440523147583
