no squeeze
1.4998350143432617
0.4967655837535858
0.2986001670360565
0.19238752126693726
0.14555098116397858
0.1351596564054489
0.1098967045545578
0.10476036369800568
0.09667415916919708
0.08471193164587021
0.09164966642856598
0.08617237210273743
0.07814532518386841
0.07192184031009674
0.06984549015760422
0.07149852812290192
0.06720700860023499
0.06290337443351746
0.06425057351589203
0.06381452828645706
0.06523233652114868
0.06282377243041992
0.07102323323488235
0.056352399289608
0.06975655257701874
0.057119645178318024
0.055704548954963684
0.05867435038089752
0.052303384989500046
0.05588625743985176
0.053229015320539474
0.0555647611618042
0.05906831845641136
0.052480299025774
0.055780041962862015
0.0577554777264595
0.04851546511054039
0.05862588807940483
0.050530608743429184
0.049453120678663254
0.05229264497756958
0.05354291573166847
0.04571185261011124
0.05088656395673752
0.052117571234703064
0.05417424440383911
0.06318406015634537
0.05358673632144928
0.052875954657793045
0.04905286803841591
0.048051781952381134
0.0496036671102047
0.04992048442363739
no squeeze
1.7250877618789673
0.5096355676651001
0.29142704606056213
0.1988605260848999
0.1628560721874237
0.13677576184272766
0.11524174362421036
0.09797368198633194
0.10334523022174835
0.08278874307870865
0.08418094366788864
0.08075908571481705
0.07334659993648529
0.07143637537956238
0.07984836399555206
0.07462675869464874
0.07911904156208038
0.07139002531766891
0.06650631874799728
0.07452702522277832
0.061658866703510284
0.060797229409217834
0.060661882162094116
0.057313378900289536
0.05350291356444359
0.05297859013080597
0.06566488742828369
0.05342693626880646
0.051035575568675995
0.06704144924879074
0.052939221262931824
0.04953944683074951
0.05037672072649002
0.04841342195868492
0.04980190470814705
0.04463595896959305
0.047296423465013504
0.05225040763616562
0.0525711365044117
0.047940682619810104
0.048922356218099594
0.049377746880054474
0.04534192383289337
0.0482611209154129
0.044966764748096466
0.052036017179489136
no squeeze
1.4265230894088745
0.6445038914680481
0.4278142750263214
0.35399577021598816
0.2566421926021576
0.22329597175121307
0.21501348912715912
0.1944567710161209
0.18761226534843445
0.15718352794647217
0.14415335655212402
0.12891674041748047
0.1206134706735611
0.12031253427267075
0.11057469993829727
0.10642433166503906
0.09972547739744186
0.10065311193466187
0.10325760394334793
0.09118394553661346
0.08745983242988586
0.0852043405175209
0.09523552656173706
0.08845102787017822
0.08132219314575195
0.08741708844900131
0.07340466231107712
0.07655730843544006
0.07324502617120743
0.06633967906236649
0.06804821640253067
0.06524644792079926
0.07197385281324387
0.061371441930532455
0.05921328440308571
0.06353642791509628
0.07059767097234726
0.057431500405073166
0.05722130089998245
0.05429854989051819
0.0645245611667633
0.08397454768419266
0.05435098335146904
0.056280702352523804
0.06041852384805679
0.05353575572371483
0.056888651102781296
0.06655237823724747
0.05690004304051399
0.07061048597097397
0.05348174646496773
0.05086186155676842
0.0529509037733078
0.04831652715802193
0.04609404876828194
0.06466557085514069
0.06785529106855392
0.061475176364183426
0.05270583555102348
0.04958212748169899
0.04942520707845688
0.061088062822818756
0.05534842237830162
0.057772599160671234
0.04438632354140282
0.05181378871202469
0.04228242486715317
0.05186345428228378
0.04650455713272095
0.037764787673950195
0.03658764436841011
0.03607973828911781
0.03869550675153732
0.0443636029958725
0.0379226952791214
0.04901186376810074
0.04165511950850487
0.043891336768865585
0.052015796303749084
0.04610307142138481
0.049794647842645645
0.03909604251384735
no squeeze
1.4521929025650024
0.7445786595344543
0.5876622200012207
0.48366862535476685
0.4142044186592102
0.35584571957588196
0.316915899515152
0.28209325671195984
0.26880839467048645
0.2368588000535965
0.21777494251728058
0.19599777460098267
0.18121467530727386
0.16990691423416138
0.16096949577331543
0.1541578471660614
0.14981473982334137
0.14272892475128174
0.1350090652704239
0.12560248374938965
0.11734668165445328
0.114167220890522
0.1125873401761055
0.10879414528608322
0.10051924735307693
0.0988231971859932
0.09707817435264587
0.09143976867198944
0.08947436511516571
0.09007537364959717
0.08270956575870514
0.0808834359049797
0.08175952732563019
0.07557032257318497
0.07484939694404602
0.07319501042366028
0.07034271210432053
0.0695287212729454
0.06788467615842819
0.06575606018304825
0.06453564763069153
0.07101628929376602
0.06103295832872391
0.06489764899015427
0.06243712082505226
0.05842934921383858
0.05926172807812691
0.060050610452890396
0.05736365541815758
0.05223201960325241
0.05475444346666336
0.051768772304058075
0.051658958196640015
0.05033399164676666
0.054223112761974335
0.05289394408464432
0.04962368309497833
0.049149803817272186
0.04965747147798538
0.04790520668029785
0.04713651165366173
0.04659315198659897
0.049711812287569046
0.052206605672836304
0.047792699187994
0.047220777720212936
0.04341915622353554
0.04732649773359299
0.04060067608952522
0.046246033161878586
0.04640541598200798
0.04787483066320419
0.043344732373952866
0.04113910719752312
0.04040633514523506
0.04104503616690636
0.04141707345843315
0.03887219354510307
0.04079945757985115
0.04651746153831482
0.037254974246025085
0.03642647713422775
0.036614734679460526
0.03746983781456947
0.038063112646341324
0.03915686532855034
0.03846021741628647
0.035925306379795074
0.0380253866314888
0.03623282536864281
0.03643053397536278
0.03632037714123726
0.04442095384001732
0.03694850206375122
0.035039547830820084
0.042139120399951935
0.03327082097530365
0.033829208463430405
0.03580049052834511
0.034729938954114914
0.03267031908035278
0.03533118590712547
0.033762376755476
0.03248255327343941
0.0325511135160923
0.0357215441763401
0.029892420396208763
0.03505485877394676
0.032279424369335175
0.03225014731287956
0.0323687307536602
0.030540915206074715
0.02839011512696743
0.031703121960163116
0.03223387151956558
0.03428546339273453
0.034139275550842285
0.03167857974767685
0.029531676322221756
0.028420716524124146
0.02947239577770233
0.0291858222335577
0.027866682037711143
0.028914155438542366
0.027715006843209267
0.027982423081994057
0.03009311854839325
0.028116660192608833
0.027543557807803154
0.03014097921550274
0.028612056747078896
0.0264628566801548
0.027357684448361397
0.027590997517108917
0.02691822685301304
0.027020616456866264
0.025769872590899467
0.028901807963848114
0.02752997912466526
0.028516607359051704
0.026975778862833977
0.027454404160380363
0.028153058141469955
0.02501341700553894
0.02483232691884041
0.027488304302096367
0.026135075837373734
0.02783522941172123
0.02496948651969433
0.026784174144268036
0.029133059084415436
0.027762560173869133
0.026810988783836365
0.024716287851333618
0.02499197982251644
0.02445138990879059
0.024591583758592606
0.024274567142128944
0.025936126708984375
0.025122202932834625
0.02307647466659546
0.025550009682774544
0.027738939970731735
0.02349584363400936
0.023900078609585762
0.02359570935368538
0.023215891793370247
0.026132147759199142
0.024179188534617424
0.029343534260988235
0.02472810447216034
no squeeze
1.5813325643539429
0.6323219537734985
0.41686663031578064
0.3058273494243622
0.22844237089157104
0.1866629272699356
0.15794163942337036
0.13493460416793823
0.11757248640060425
0.11454380303621292
0.09356138110160828
0.08705496788024902
0.08265674859285355
0.07202699780464172
0.0662919133901596
0.06054939329624176
0.06118747219443321
0.051790911704301834
0.0534948855638504
0.04810735210776329
0.046559616923332214
0.04398607090115547
0.04277735948562622
0.047451410442590714
0.043887682259082794
0.04023825004696846
0.035329051315784454
0.03582427278161049
0.03274379298090935
0.03330288082361221
0.03212122991681099
0.03462716192007065
0.028380263596773148
0.029517386108636856
0.02502807229757309
0.02451208420097828
0.022615797817707062
0.022646982222795486
0.02523389458656311
0.02018134668469429
0.023508338257670403
0.02163838781416416
0.019068408757448196
0.02111797034740448
0.01916424371302128
0.02197537012398243
0.020152727141976357
0.02298707701265812
0.02033616043627262
0.017859388142824173
0.015418565832078457
0.01516632828861475
0.016543347388505936
0.017042938619852066
0.015614673495292664
0.01749025471508503
0.016969138756394386
0.015171155333518982
0.014138790778815746
0.01616528630256653
0.017206789925694466
0.017674898728728294
0.015074756927788258
0.012794550508260727
0.014279566705226898
0.014788354746997356
0.017595896497368813
0.011530396528542042
0.013289498165249825
0.011333057656884193
0.011529577895998955
0.011280501261353493
0.011466296389698982
0.010604756884276867
0.010657005943357944
0.012736957520246506
0.009872693568468094
0.009662468917667866
0.01194682065397501
0.015193309634923935
0.01102560106664896
0.01033282745629549
0.01079893484711647
0.010205697268247604
0.008956334553658962
0.009918471798300743
0.009275415912270546
0.00939327571541071
0.012037839740514755
0.008889205753803253
0.009332610294222832
0.008366817608475685
0.007772278971970081
0.01104037556797266
0.00764947384595871
0.008695477619767189
0.008971636183559895
0.009277126751840115
0.007167705800384283
0.008133147843182087
0.009716285392642021
0.009067839942872524
0.007861383259296417
0.008715901523828506
0.007115744519978762
0.007575966417789459
0.00711379200220108
0.007121000438928604
0.00773680629208684
0.011143953539431095
0.008087344467639923
0.007411332800984383
0.007802181877195835
0.007244851905852556
0.007126602344214916
0.007117029279470444
0.007920888252556324
no squeeze
1.3570284843444824
0.3353981077671051
0.21092084050178528
0.166434183716774
0.15414762496948242
0.17246101796627045
0.10906276851892471
0.15151749551296234
0.14246530830860138
0.09847258031368256
0.10227670520544052
0.09713076800107956
0.11000220477581024
0.08712523430585861
0.07331132888793945
0.08380546420812607
0.08965406566858292
0.08898936957120895
0.07337142527103424
0.0823126956820488
0.08626692742109299
0.10870090872049332
0.08559462428092957
0.083733469247818
0.07706239074468613
