no squeeze
0.7629969120025635
0.20143750309944153
0.11906955391168594
0.08648083359003067
0.06687891483306885
0.055198363959789276
0.053531672805547714
0.04324396699666977
0.040218252688646317
0.03654373809695244
0.031780440360307693
0.036363761872053146
0.03543977066874504
0.02925388142466545
0.029143258929252625
0.03888468071818352
0.03188249468803406
0.02878458984196186
0.02260342240333557
0.023868415504693985
0.023406848311424255
0.023731321096420288
0.022705376148223877
0.022620998322963715
0.02331390045583248
0.022837013006210327
0.023437267169356346
0.02340487204492092
0.02224593795835972
0.019199185073375702
0.019567852839827538
0.02138720266520977
0.022169018164277077
0.019577478989958763
0.016928669065237045
0.01864881068468094
0.01796642132103443
0.019724387675523758
0.017452817410230637
0.01918202079832554
0.017003970220685005
0.019101440906524658
0.01778973452746868
0.021972354501485825
0.018366307020187378
no squeeze
0.7888199090957642
0.19969844818115234
0.12364376336336136
0.09452039003372192
0.07991772145032883
0.0838688388466835
0.07006879895925522
0.0650293380022049
0.061223629862070084
0.05474046245217323
0.057725366204977036
0.06105703487992287
0.04987625405192375
0.052796371281147
0.04686712846159935
0.04801959916949272
0.04743030667304993
0.04342329874634743
0.052708808332681656
0.04685356840491295
0.04538487270474434
0.04205463454127312
0.04125377535820007
0.043660227209329605
0.04301192983984947
0.04279525950551033
0.042782656848430634
0.038158584386110306
0.03756231442093849
0.03849533572793007
0.05029122531414032
0.04099400341510773
0.040786758065223694
0.04241033270955086
0.043440081179142
0.046363960951566696
0.04484538361430168
0.03783330321311951
0.04118925333023071
no squeeze
0.9487486481666565
0.3159392774105072
0.22015784680843353
0.16107065975666046
0.1334666609764099
0.11529412865638733
0.11358053982257843
0.10182806849479675
0.11911732703447342
0.0985771045088768
0.08685041218996048
0.07993067055940628
0.07741592824459076
0.07624514400959015
0.0645136684179306
0.07220381498336792
0.060569826513528824
0.0669434517621994
0.06826330721378326
0.06397254765033722
0.04968287795782089
0.05374564975500107
0.05571509897708893
0.061389386653900146
0.04373740404844284
0.04867411032319069
0.046375252306461334
0.0562179796397686
0.057626862078905106
0.045971132814884186
0.04525527358055115
0.03649694100022316
0.04362848773598671
0.05914028733968735
0.03840940073132515
0.033513691276311874
0.04654555022716522
0.03252832219004631
0.03215979412198067
0.031905245035886765
0.04237671196460724
0.0482129342854023
0.041331399232149124
0.039046864956617355
0.04147057980298996
0.05379140377044678
0.04000739008188248
0.03522719442844391
0.047043297439813614
0.03737005218863487
no squeeze
0.8412364721298218
0.3822140097618103
0.311123251914978
0.2620980143547058
0.23132798075675964
0.19679531455039978
0.17711499333381653
0.16934897005558014
0.15331503748893738
0.13411451876163483
0.12981478869915009
0.12087643891572952
0.11186022311449051
0.1068800762295723
0.10769832879304886
0.1008010283112526
0.09508395195007324
0.09264903515577316
0.08753331750631332
0.08928579837083817
0.08164163678884506
0.08065223693847656
0.0819500982761383
0.07754049450159073
0.07439407706260681
0.07084876298904419
0.06907690316438675
0.06615284830331802
0.06868250668048859
0.06843439489603043
0.06403698027133942
0.06198367103934288
0.06324025243520737
0.06179312989115715
0.058683451265096664
0.05829295516014099
0.056850384920835495
0.058744195848703384
0.05627333000302315
0.05586398020386696
0.053757887333631516
0.05278583616018295
0.0504126250743866
0.05147109553217888
0.04913290962576866
0.04904232546687126
0.04871140792965889
0.04739091917872429
0.05162974074482918
0.045736249536275864
0.04709279164671898
0.04694439843297005
0.04397238418459892
0.04302500933408737
0.0421178936958313
0.04229417070746422
0.04181540012359619
0.04203448444604874
0.04073134809732437
0.043070998042821884
0.0418182872235775
0.041684459894895554
0.04048620164394379
0.0433163084089756
0.03840307146310806
0.03819917142391205
0.040193747729063034
0.03940849378705025
0.0391409695148468
0.037541113793849945
0.03903790935873985
0.03838688135147095
0.03572673723101616
0.03723372891545296
0.036130618304014206
0.03599299490451813
0.03494231775403023
0.03554419428110123
0.03556910157203674
0.03431243821978569
0.03409745544195175
0.034604791551828384
0.032748252153396606
0.03487708047032356
0.03406841680407524
0.03311973437666893
0.033863961696624756
0.03557044640183449
0.032086387276649475
0.031569596379995346
0.03248978406190872
0.032641611993312836
0.03286095708608627
0.03302840515971184
0.03254101797938347
0.031083393841981888
0.0339660570025444
0.030883913859725
0.030069740489125252
0.030821707099676132
0.03364662826061249
0.03359110280871391
0.030836407095193863
0.030673202127218246
0.029020605608820915
0.031242337077856064
0.02991936355829239
0.02899860218167305
0.029703499749302864
0.02933672070503235
0.029441477730870247
0.028750821948051453
0.029556062072515488
0.029548121616244316
0.03130415081977844
0.0338326022028923
0.02961658127605915
0.028404217213392258
0.027602773159742355
0.02903270535171032
0.028369342908263206
0.028486227616667747
0.0281999371945858
0.02871660888195038
0.028811508789658546
0.028327761217951775
0.027748357504606247
0.028050657361745834
0.029180994257330894
no squeeze
1.1835105419158936
0.3905481696128845
0.25408846139907837
0.183223158121109
0.15062306821346283
0.127030149102211
0.1138341948390007
0.0999971255660057
0.09657186269760132
0.08592662215232849
0.08751571178436279
0.07544717937707901
0.068825364112854
0.07131144404411316
0.06419815868139267
0.06385554373264313
0.057531483471393585
0.055209267884492874
0.05575767159461975
0.05532514676451683
0.051768966019153595
0.04858984053134918
0.046217311173677444
0.04822927713394165
0.04441601037979126
0.0467182956635952
0.04545443877577782
0.046667568385601044
0.04123346135020256
0.04112302139401436
0.04061536863446236
0.0395774208009243
0.03887633606791496
0.03765729069709778
0.03686482831835747
0.037600643932819366
0.036345474421978
0.035523612052202225
0.03562670573592186
0.033979013562202454
0.03231492638587952
0.03334823623299599
0.032722700387239456
0.03465816378593445
0.03518051281571388
0.031672071665525436
0.03174906596541405
0.028779933229088783
0.032412271946668625
0.030433112755417824
0.030961928889155388
0.028707165271043777
0.030091913416981697
0.02812005952000618
0.028326116502285004
0.02816734090447426
0.02619105391204357
0.027749991044402122
0.030709808692336082
0.029345322400331497
0.02554691955447197
0.03025480918586254
0.029394099488854408
0.029547279700636864
0.02621621824800968
0.029016360640525818
0.026902947574853897
0.02688531018793583
0.026980150490999222
0.026194628328084946
0.0257368553429842
no squeeze
0.8647502660751343
0.2849300503730774
0.143001526594162
0.12227664142847061
0.1547447144985199
0.08703640103340149
0.08562235534191132
0.08070381730794907
0.1178453117609024
0.15561166405677795
0.10601354390382767
0.08702961355447769
0.0865369662642479
0.12081687152385712
0.08645906299352646
0.08031356334686279
0.08759947866201401
0.08365162461996078
0.08028841763734818
0.07249406725168228
0.06894321739673615
0.06336834281682968
0.06891372799873352
0.09256724268198013
0.06738787144422531
0.07502944022417068
0.08359529078006744
0.08095986396074295
0.07424323260784149
0.08119943737983704
0.08160735666751862
0.10242422670125961
