no squeeze
0.9115498065948486
0.2586251497268677
0.12030256539583206
0.06513021886348724
0.04003108665347099
0.02600114233791828
0.023945700377225876
0.014113477431237698
0.016345607116818428
0.008330867625772953
0.006911365315318108
0.007850993424654007
0.0059532118029892445
0.00558794429525733
0.003619074821472168
0.004080283921211958
0.0058188061229884624
0.0037769386544823647
0.0021548462100327015
0.002033366821706295
0.0024909847415983677
0.0019841783214360476
0.0017798385815694928
0.0016430733958259225
0.0018918091664090753
0.0016610344173386693
0.0013408446684479713
0.0009775151265785098
0.0014571351930499077
0.000977091840468347
0.0007096878835000098
0.001024742261506617
0.0006366631714627147
0.0005985531024634838
0.0008399395155720413
0.0006562669877894223
0.0006170841515995562
0.0005915488000027835
0.0010155196068808436
0.002732145134359598
0.0005873996997252107
0.0006459699361585081
0.000410700828069821
0.0004271116340532899
0.0005412892205640674
0.00046920753084123135
0.00041556553333066404
0.00043167348485440016
0.0003869608335662633
0.0003353320062160492
0.00047147207078523934
0.0004416680021677166
0.00031803862657397985
0.00035826352541334927
0.0002943823637906462
0.00030470328056253493
0.00033593332045711577
0.00040100509067997336
0.0004245124582666904
0.0005036189104430377
0.00025959903723560274
0.0002659853489603847
0.00038187112659215927
0.0002824501134455204
0.00041875199531205
0.00037815439281985164
0.00035811454290524125
0.0002252020058222115
0.0001955229527084157
0.00017016938363667578
0.0001623517309781164
0.00015381156117655337
0.00039281282806769013
0.00031862891046330333
0.0006088824011385441
0.00039497087709605694
0.0004975805059075356
0.0006486463244073093
0.00018030060164164752
0.0021503944881260395
0.0016029378166422248
0.0002978270931635052
no squeeze
0.6436668038368225
0.23158879578113556
0.13757731020450592
0.09851299971342087
0.07627137005329132
0.06586084514856339
0.05879518762230873
0.052247557789087296
0.04797467589378357
0.04735305532813072
0.04725971445441246
0.04184289649128914
0.043115779757499695
0.03945197910070419
0.0382411926984787
0.03951123356819153
0.036815397441387177
0.03612859919667244
0.034476522356271744
0.035557493567466736
0.034891754388809204
0.03933202475309372
0.035138409584760666
0.032247383147478104
0.033596109598875046
0.03236157074570656
0.030585289001464844
0.044209111481904984
0.040391042828559875
0.03309830650687218
0.034020889550447464
0.029923155903816223
0.03032352402806282
0.028437983244657516
0.03230169042944908
0.03167087584733963
0.031375061720609665
0.03180261328816414
0.029002778232097626
0.029042169451713562
0.03059094026684761
0.031962405890226364
0.0307550560683012
0.029304062947630882
no squeeze
0.7541411519050598
0.37500935792922974
0.2655922770500183
0.180697500705719
0.13217681646347046
0.10891610383987427
0.08492407202720642
0.06803031265735626
0.055044569075107574
0.04670161381363869
0.04053405672311783
0.03690715134143829
0.032295867800712585
0.029470272362232208
0.025231245905160904
0.021280579268932343
0.022962072864174843
0.022701868787407875
0.019224978983402252
0.019512131810188293
0.01524574588984251
0.013664203695952892
0.010656925849616528
0.011123756878077984
0.025556150823831558
0.009228811599314213
0.008447706699371338
0.00809965468943119
0.0069738877937197685
0.006827470380812883
0.006299240048974752
0.006340102292597294
0.00578255346044898
0.00528724817559123
0.00729396054521203
0.0062749749049544334
0.006063953973352909
0.004488051403313875
0.003992568701505661
0.004034639336168766
0.003682991024106741
0.0046475655399262905
0.0037151083815842867
0.0035655780229717493
0.004449445754289627
0.006717325188219547
0.0032646406907588243
0.0031171957962214947
0.002716064453125
0.00251116999424994
0.002524100011214614
0.0023836190812289715
0.002338194055482745
0.003299177158623934
0.0023245783522725105
0.0020124544389545918
0.0019163310062140226
0.0026460345834493637
0.0048940107226371765
0.006938631180673838
0.002076459815725684
0.004067331552505493
0.0033382957335561514
0.019828086718916893
0.005926577840000391
0.0028919323813170195
0.0016060188645496964
0.0019440833711996675
0.0014027797151356936
0.0011200829176232219
0.0012243905803188682
0.01047032792121172
0.0014603141462430358
0.0024255583994090557
0.0009208531118929386
0.0009327685693278909
0.0010411801049485803
0.0011937834788113832
0.0007135067135095596
0.0007261603022925556
0.000719564501196146
0.0006622743676416576
0.0008453415939584374
0.0006238929927349091
0.0006613850709982216
0.0005972099606879056
0.0006337562808766961
0.000577228085603565
0.0006409510970115662
0.0009913279209285975
0.0005983317387290299
0.0005758365150541067
0.0006420479039661586
0.0006995917647145689
0.0005302934441715479
0.0004940530634485185
0.0006253042374737561
0.0006211258587427437
0.0007250451599247754
0.002583617577329278
0.001232583075761795
0.0006755152717232704
0.010270693339407444
0.00560400914400816
0.0023189743515104055
0.0029064854606986046
no squeeze
0.7948564887046814
0.4173969626426697
0.3328215777873993
0.2818468511104584
0.24233727157115936
0.21818026900291443
0.18990544974803925
0.17127661406993866
0.15613508224487305
0.14293496310710907
0.13148576021194458
0.12286628037691116
0.11643777787685394
0.10744159668684006
0.10328593105077744
0.09811809659004211
0.09357797354459763
0.088089220225811
0.08418846130371094
0.08107809722423553
0.07846302539110184
0.07668153941631317
0.0722472220659256
0.06960145384073257
0.06613021343946457
0.06500943750143051
0.06383322179317474
0.06226113811135292
0.061100997030735016
0.05848124250769615
0.056627605110406876
0.05495627969503403
0.05315477028489113
0.05313357338309288
0.05280573293566704
0.04996655881404877
0.048025306314229965
0.046406373381614685
0.047508787363767624
0.049932610243558884
0.04673730581998825
0.04859064519405365
0.04552685096859932
0.04383533447980881
0.04475884512066841
0.042514678090810776
0.04260803014039993
0.04494829475879669
0.0404164083302021
0.04237345606088638
0.042751286178827286
0.04054463282227516
0.04097311198711395
0.039572156965732574
0.03852078691124916
0.03837846219539642
0.03738950192928314
0.03783835843205452
0.039194244891405106
0.03633245453238487
0.036998454481363297
0.03648249804973602
0.03637561574578285
0.03481682762503624
0.03490312024950981
0.03616250678896904
0.03483779355883598
0.03439059108495712
0.035245221108198166
0.033549416810274124
0.03378935530781746
0.032367296516895294
0.033906809985637665
0.03334735333919525
0.03461623936891556
0.033943723887205124
0.031200263649225235
0.032063983380794525
0.032553452998399734
0.03178123012185097
0.03413302078843117
0.031430263072252274
0.03287774324417114
0.03133963793516159
0.02950020506978035
0.03135177120566368
0.03131769970059395
0.031276583671569824
0.030662717297673225
0.03138427436351776
0.03133843466639519
0.030157746747136116
0.03232555836439133
0.02966938726603985
0.0328981839120388
no squeeze
0.7923084497451782
0.3324011564254761
0.228867769241333
0.16884472966194153
0.13524660468101501
0.1138680949807167
0.09253993630409241
0.08432997018098831
0.0753636285662651
0.07117895036935806
0.060566049069166183
0.05607307702302933
0.05407921224832535
0.04962451383471489
0.047500960528850555
0.04540998488664627
0.04218519479036331
0.04056815057992935
0.041011061519384384
0.03958234190940857
0.03411421924829483
0.033496879041194916
0.03394949436187744
0.03236180543899536
0.029805760830640793
0.02893124334514141
0.02826802246272564
0.026702426373958588
0.02683388628065586
0.02861354500055313
0.026757365092635155
0.026860663667321205
0.023795636370778084
0.02437465451657772
0.022512286901474
0.023470323532819748
0.022462114691734314
0.02533218078315258
0.02059846557676792
0.021923711523413658
0.021251849830150604
0.020526057109236717
0.020856335759162903
0.020847691223025322
0.019401971250772476
0.018173666670918465
0.018985707312822342
0.02040465734899044
0.019130995497107506
0.017721066251397133
0.0191182903945446
0.01809004880487919
0.017654532566666603
0.01771751418709755
0.01770235039293766
0.016310106962919235
0.0175520870834589
0.01551665086299181
0.016368305310606956
0.015965541824698448
0.014990150928497314
0.01695464737713337
0.01653548702597618
0.014878620393574238
0.016773046925663948
0.015462596900761127
0.014508198946714401
0.01459855493158102
0.014492343179881573
0.013783234171569347
0.013937384821474552
0.014044705778360367
0.015136845409870148
0.018065227195620537
0.013952048495411873
0.01498847734183073
0.014742168597877026
0.013562838546931744
0.015029748901724815
0.013502727262675762
0.014195018447935581
0.013325060717761517
0.014384420588612556
0.013229097239673138
0.012719514779746532
0.013801897875964642
0.014805939048528671
0.01377621665596962
0.012839019298553467
0.014910406433045864
0.012802419252693653
0.012285621836781502
0.013622019439935684
0.01402834989130497
0.01278167124837637
0.013201942667365074
0.012232167646288872
0.012280039489269257
0.012128404341638088
0.011801512911915779
0.012289164587855339
0.01326465979218483
0.01273366343230009
0.011586052365601063
0.011818703263998032
0.011687777005136013
0.012055295519530773
0.011553988792002201
0.013179040513932705
0.011206220835447311
0.013415715657174587
0.011251627467572689
0.012292013503611088
0.012667837552726269
0.011473439633846283
0.011531719006597996
0.011993693187832832
0.01249998714774847
0.011468559503555298
0.011984703131020069
no squeeze
0.4589367210865021
0.17364196479320526
0.12480783462524414
0.08467412739992142
0.0876120775938034
0.07225552946329117
0.06982172280550003
0.06750452518463135
0.06837423145771027
0.07148654013872147
0.07049985975027084
0.07900076359510422
0.06570830196142197
0.06537597626447678
0.07110342383384705
0.05974070355296135
0.06163518503308296
0.05965152382850647
0.06072253733873367
0.07032617926597595
0.06762182712554932
0.06040114536881447
0.0606880821287632
0.05854835361242294
0.06325934082269669
0.059070587158203125
0.0634690523147583
0.06300757080316544
0.06005683168768883
0.06017659604549408
0.07462017238140106
0.06399402767419815
0.06109578162431717
0.059039048850536346
