no squeeze
1.2969334125518799
0.4561624526977539
0.27919867634773254
0.17861172556877136
0.13689853250980377
0.10794093459844589
0.10041681677103043
0.0811370462179184
0.08058478683233261
0.07103182375431061
0.06734327971935272
0.060556311160326004
0.05971124395728111
0.05819752812385559
0.05052602291107178
0.050810594111680984
0.052696604281663895
0.04303695634007454
0.05028020963072777
0.04513135179877281
0.03989807143807411
0.05392390117049217
0.04541173204779625
0.04500070586800575
0.04271991550922394
0.03829243779182434
0.037633225321769714
0.03789777308702469
0.036554936319589615
0.04403331130743027
0.03840034827589989
0.036200039088726044
0.033457715064287186
0.043444983661174774
0.04308260232210159
0.036532703787088394
0.04202680662274361
0.03268100321292877
0.037204500287771225
0.033880554139614105
0.03326474130153656
0.033283960074186325
0.03846900910139084
0.03400883823633194
0.03604314476251602
0.033426009118556976
0.03148108720779419
0.033892255276441574
0.030853988602757454
0.031143737956881523
0.03367049619555473
0.03304141387343407
0.03648335114121437
0.03805062919855118
0.03608863428235054
0.03730151429772377
0.035873573273420334
0.03352227434515953
0.03103901445865631
no squeeze
1.3903717994689941
0.4250202178955078
0.2339295744895935
0.16042523086071014
0.12416578084230423
0.10529247671365738
0.08500497043132782
0.08249501138925552
0.06738432496786118
0.06598047912120819
0.06120782718062401
0.052664607763290405
0.04540450870990753
0.049144431948661804
0.051630012691020966
0.04384751617908478
0.04152730852365494
0.03763275593519211
0.039133694022893906
0.043730150908231735
0.03502853587269783
0.03346564993262291
0.03681563585996628
0.03389526531100273
0.03026169165968895
0.03657551482319832
0.03256119415163994
0.038159530609846115
0.0334576740860939
0.02878916822373867
0.029149800539016724
0.030168255791068077
0.027679983526468277
0.030857151374220848
0.038925815373659134
0.027115505188703537
0.02737409621477127
0.03147979453206062
0.03321710228919983
0.0313904769718647
0.03483632206916809
0.031348977237939835
0.028892965987324715
0.030280815437436104
0.03094073012471199
0.030258234590291977
no squeeze
1.7009036540985107
0.7061054110527039
0.4888359010219574
0.35056543350219727
0.2565074861049652
0.2132153958082199
0.17000187933444977
0.14885689318180084
0.13253746926784515
0.142274871468544
0.1136065199971199
0.08947458863258362
0.07758188992738724
0.07809147238731384
0.06949853152036667
0.061906665563583374
0.079491026699543
0.05469820275902748
0.05323784798383713
0.050180502235889435
0.045243408530950546
0.059034209698438644
0.0851995199918747
0.06898943334817886
0.03665590658783913
0.03531236574053764
0.034960489720106125
0.03167925402522087
0.02815186232328415
0.031260449439287186
0.026975572109222412
0.027849864214658737
0.026058195158839226
0.027637287974357605
0.028671499341726303
0.02329644374549389
0.02375166490674019
0.023047365248203278
0.026992661878466606
0.02222004160284996
0.023279964923858643
0.022719161584973335
0.022156627848744392
0.019303098320961
0.017782028764486313
0.018859699368476868
0.022023137658834457
0.019378626719117165
0.017289254814386368
0.02190481126308441
0.017283694818615913
0.018755270168185234
0.01729259081184864
0.016084542497992516
0.0788392499089241
0.033571407198905945
0.029106900095939636
0.03189212828874588
0.015228803269565105
0.01511747669428587
0.015862489119172096
0.013685307465493679
0.013427053578197956
0.014030157588422298
0.013083565980196
0.015053989365696907
0.015608002431690693
0.01541936956346035
0.013509569689631462
0.01601024530827999
0.01182909868657589
0.014715981669723988
0.012315445579588413
0.01246890239417553
0.01616523787379265
0.015050320886075497
0.01383333932608366
0.01474650576710701
0.01374864112585783
0.01837209239602089
0.017545146867632866
no squeeze
1.537792444229126
0.7783408164978027
0.6317418217658997
0.539522111415863
0.4600830078125
0.4187520444393158
0.3676726818084717
0.3318777084350586
0.2949126064777374
0.2768029272556305
0.26048699021339417
0.23748326301574707
0.2265785038471222
0.20366153120994568
0.19410662353038788
0.18330587446689606
0.17340922355651855
0.16099613904953003
0.15683101117610931
0.14454664289951324
0.13555707037448883
0.1307794600725174
0.12294763326644897
0.12162604182958603
0.1086997389793396
0.11091348528862
0.10161537677049637
0.09782951325178146
0.10224655270576477
0.09462720900774002
0.0879940539598465
0.0868719145655632
0.08592924475669861
0.08265723288059235
0.07662992179393768
0.07593070715665817
0.07212534546852112
0.06886471807956696
0.07314225286245346
0.07231761515140533
0.06822775304317474
0.06818597763776779
0.0645056664943695
0.07088179141283035
0.060668639838695526
0.05921291559934616
0.061127956956624985
0.06075736880302429
0.06001477688550949
0.061611637473106384
0.057388853281736374
0.05763491988182068
0.055555034428834915
0.05124228820204735
0.049554698169231415
0.05109090730547905
0.04913829267024994
0.05342456325888634
0.04854540154337883
0.049383629113435745
0.053529784083366394
0.04787899926304817
0.048009611666202545
0.047876324504613876
0.048955414444208145
0.04784295707941055
0.04535926133394241
0.04687263444066048
0.04568343237042427
0.04445342347025871
0.04660465568304062
0.04363644868135452
0.043690476566553116
0.044691938906908035
0.04557809606194496
0.046513158828020096
0.04413434490561485
0.039829324930906296
0.04472920671105385
0.039973996579647064
0.04272409901022911
0.04199347645044327
0.0400518923997879
0.039290446788072586
0.041740112006664276
0.03762759640812874
0.043039433658123016
0.03986639529466629
0.04317833483219147
0.042667608708143234
0.04208151623606682
0.0385751836001873
0.039111487567424774
0.039520714432001114
0.03829868510365486
0.04101775586605072
no squeeze
1.709341287612915
0.6144195795059204
0.4162207543849945
0.31283706426620483
0.24855810403823853
0.21050576865673065
0.17282767593860626
0.14806485176086426
0.13451439142227173
0.11597512662410736
0.10410908609628677
0.0999751016497612
0.09232355654239655
0.08504720777273178
0.07580244541168213
0.07254752516746521
0.06558346003293991
0.06268016993999481
0.058798883110284805
0.05269483104348183
0.05387992411851883
0.049772243946790695
0.051295265555381775
0.04683396592736244
0.04013829305768013
0.04073891416192055
0.03759560361504555
0.03740888088941574
0.03825867921113968
0.0369872972369194
0.034959498792886734
0.03498099371790886
0.03377609699964523
0.03422188013792038
0.030282484367489815
0.032594770193099976
0.028187060728669167
0.028359413146972656
0.02726759947836399
0.025852954015135765
0.024084199219942093
0.02563074789941311
0.02501678094267845
0.028534896671772003
0.023592645302414894
0.02659902162849903
0.02387095056474209
0.02647017501294613
0.02264372445642948
0.02264755219221115
0.020319685339927673
0.021970685571432114
0.01977665163576603
0.01963544636964798
0.0202496275305748
0.02096332237124443
0.01914386823773384
0.018085800111293793
0.01899811066687107
0.0203092023730278
0.023677753284573555
0.02159634605050087
0.01949569769203663
0.01895010657608509
0.01716754399240017
0.017687132582068443
0.018551327288150787
0.016280123963952065
0.017307253554463387
0.017232805490493774
0.015858465805649757
0.013878083787858486
0.01427821908146143
0.015707852318882942
0.016063660383224487
0.017431143671274185
0.020381227135658264
0.017422348260879517
0.013662113808095455
0.013625637628138065
0.014273847453296185
0.015351098030805588
0.014851370826363564
0.012637054547667503
0.01207573153078556
0.01319094467908144
0.013125198893249035
0.011911376379430294
0.01127012912184
0.013693513348698616
0.012431751005351543
0.011339077726006508
0.012708598747849464
0.01185999158769846
0.015141886658966541
0.012558563612401485
0.013741648755967617
0.01589103601872921
0.01076832041144371
0.012676756829023361
0.012506349012255669
0.012480957433581352
0.012094306759536266
0.012101433239877224
0.010096082463860512
0.013301020488142967
0.010827320627868176
0.013163261115550995
0.010660083964467049
0.010705647990107536
0.011272011324763298
0.011676602996885777
0.012229884043335915
0.012737086974084377
0.010279077105224133
no squeeze
1.3989983797073364
0.43175750970840454
0.2718008756637573
0.23115916550159454
0.17694997787475586
0.13321058452129364
0.13153497874736786
0.13269932568073273
0.11460335552692413
0.11229229718446732
0.10935576260089874
0.11935650557279587
0.11415758728981018
0.10337822139263153
0.08949356526136398
0.0937630757689476
0.08233164995908737
0.07715282589197159
0.09519246220588684
0.08096633851528168
0.08198261260986328
0.10864856094121933
0.0800488218665123
0.07834415137767792
0.09087201207876205
0.07056110352277756
0.07754543423652649
0.07996591925621033
0.10249515622854233
0.0876583531498909
0.08270373940467834
0.07789777964353561
0.07588840276002884
0.0698607861995697
0.07464663684368134
0.08593042939901352
0.10478902608156204
0.08133358508348465
0.06549204885959625
0.07019373774528503
0.062396928668022156
0.0626058429479599
0.07114129513502121
0.07664171606302261
0.08913231641054153
0.07207632809877396
0.09747988730669022
0.13873343169689178
0.07578431814908981
0.07511705905199051
0.06851597875356674
