no squeeze
1.5844621658325195
0.5464684367179871
0.31775984168052673
0.2303987443447113
0.1773480772972107
0.1627519428730011
0.14673076570034027
0.1343606412410736
0.11360105127096176
0.11832597851753235
0.11259395629167557
0.09922467917203903
0.0945892259478569
0.09310673922300339
0.0861748456954956
0.08250341564416885
0.07348176836967468
0.08371782302856445
0.07546846568584442
0.08207955211400986
0.07185369729995728
0.0718313455581665
0.06943999975919724
0.07048387825489044
0.08683811128139496
0.06716843694448471
0.0777330994606018
0.07766221463680267
0.08973277360200882
0.07184392213821411
0.06236807629466057
0.06233279034495354
0.07358215004205704
0.08782634139060974
0.061931222677230835
0.06649311631917953
0.05890794098377228
0.06335001438856125
0.059002261608839035
0.06499219685792923
0.053081169724464417
0.0593680776655674
0.05441679432988167
0.057141758501529694
0.07055773586034775
0.06396003812551498
0.05212888494133949
0.058935146778821945
0.06215047091245651
0.0669112503528595
0.055471502244472504
0.050636038184165955
0.059609413146972656
0.05128299072384834
0.04571215435862541
0.05782854184508324
0.05686110630631447
0.05689968168735504
0.059895578771829605
0.050752002745866776
0.06134343147277832
0.06060915067791939
0.06020170822739601
0.048544175922870636
0.06522197276353836
no squeeze
1.0778801441192627
0.40965214371681213
0.23888681828975677
0.172552689909935
0.13463692367076874
0.1229127049446106
0.10393199324607849
0.09746573865413666
0.08915609866380692
0.08398714661598206
0.0755862221121788
0.08077690750360489
0.06907308101654053
0.06799990683794022
0.07172723859548569
0.06917383521795273
0.06227664649486542
0.06196949630975723
0.05610411986708641
0.05861402675509453
0.05681630223989487
0.055924851447343826
0.04751879349350929
0.062310561537742615
0.04971581697463989
0.04958072304725647
0.047731831669807434
0.0540340282022953
0.05043882504105568
0.04975832998752594
0.0481187105178833
0.05405789613723755
0.04705129191279411
0.055516768246889114
0.042209260165691376
0.04612031206488609
0.04521804302930832
0.051206789910793304
0.05139346793293953
0.04282321408390999
0.04387170076370239
0.04348665103316307
0.043847937136888504
0.045674629509449005
0.042532723397016525
no squeeze
1.529206395149231
0.7476484179496765
0.5075374841690063
0.3624695837497711
0.29309675097465515
0.24009694159030914
0.23965835571289062
0.1895209550857544
0.16803687810897827
0.15970878303050995
0.17040446400642395
0.13774698972702026
0.13449208438396454
0.1144278421998024
0.10214697569608688
0.10262732952833176
0.09378842264413834
0.10019674152135849
0.10333505272865295
0.08703341335058212
0.09006039053201675
0.0907927080988884
0.08209822326898575
0.08393397182226181
0.0764102041721344
0.07469084113836288
0.08110902458429337
0.07645047456026077
0.0803350880742073
0.07646699249744415
0.08993043005466461
0.06694048643112183
0.07447580993175507
0.06523702293634415
0.09563037008047104
0.08735339343547821
0.05986971780657768
0.05933309718966484
0.08981014788150787
0.06240687891840935
0.052814289927482605
0.0524512343108654
0.0720023587346077
0.07250490039587021
0.055582862347364426
0.05513150617480278
0.06233159825205803
0.05721363425254822
0.05672929063439369
0.06107757240533829
0.054402999579906464
0.058789901435375214
no squeeze
1.5508370399475098
0.8274113535881042
0.6525963544845581
0.5625407695770264
0.4895358085632324
0.42532777786254883
0.3833127021789551
0.3457980751991272
0.3133528232574463
0.29137611389160156
0.26184195280075073
0.24546121060848236
0.22256390750408173
0.21056650578975677
0.19640256464481354
0.1944127380847931
0.17531642317771912
0.15844188630580902
0.15404248237609863
0.1397889405488968
0.13764914870262146
0.12646731734275818
0.1226300522685051
0.12382632493972778
0.11000006645917892
0.10658522695302963
0.1042248085141182
0.10765133053064346
0.09195222705602646
0.09268466383218765
0.08336617797613144
0.08183669298887253
0.08161165565252304
0.08310604840517044
0.07786287367343903
0.0748162791132927
0.07041247189044952
0.07291311025619507
0.06951455026865005
0.07077251374721527
0.06848154962062836
0.06988789141178131
0.06489601731300354
0.06400814652442932
0.05972987040877342
0.06302851438522339
0.061822474002838135
0.05893135815858841
0.05925244837999344
0.05828249827027321
0.05533742532134056
0.05493833124637604
0.058212313801050186
0.054181430488824844
0.05856740474700928
0.05964404717087746
0.05636177211999893
0.048221856355667114
0.053375326097011566
0.058919619768857956
0.05232786759734154
0.05511530116200447
0.051157087087631226
0.04764549434185028
0.04799559339880943
0.04624735191464424
0.04920310527086258
0.05068979784846306
0.04664404317736626
0.045951806008815765
0.04969765990972519
0.048291344195604324
0.04363751783967018
0.04291783645749092
0.04417158290743828
0.04423806816339493
0.04135563597083092
0.04205654561519623
0.04034528136253357
0.039502788335084915
0.04040881246328354
0.040707409381866455
0.04154715687036514
0.04113795980811119
0.04235576093196869
0.04150828719139099
0.03897824510931969
0.03893817216157913
0.04023759439587593
0.03800663724541664
0.039143189787864685
0.038185857236385345
0.03836984187364578
0.035754863172769547
0.036109305918216705
0.03771454840898514
0.03881581500172615
0.03640139102935791
0.03567822277545929
0.039327748119831085
0.03988777473568916
0.03592607006430626
0.0360795259475708
0.036999478936195374
0.03579419106245041
0.03438485413789749
0.033066798001527786
0.03870542719960213
0.03409520536661148
0.032391127198934555
0.03360545635223389
0.03490675985813141
0.03530338406562805
0.033694203943014145
0.0340786874294281
0.03676578402519226
0.03559330478310585
0.030263807624578476
0.040472690016031265
0.0320751890540123
0.0378279872238636
0.03167033568024635
0.030558135360479355
0.030091220512986183
0.03433133289217949
0.034156471490859985
0.029832690954208374
0.028202876448631287
0.03178532421588898
0.030347054824233055
0.028320424258708954
0.029703116044402122
0.03094181977212429
0.02991652302443981
0.03049468994140625
0.030502285808324814
0.031704336404800415
0.030996693298220634
no squeeze
1.3033407926559448
0.507214367389679
0.32807475328445435
0.24284233152866364
0.1989939659833908
0.15590935945510864
0.13479092717170715
0.1124243512749672
0.09862234443426132
0.08792795985937119
0.07709643989801407
0.07131129503250122
0.06321722269058228
0.057170264422893524
0.05567837506532669
0.05325146019458771
0.04877253994345665
0.049143824726343155
0.04358826205134392
0.04162333533167839
0.03940034285187721
0.03920102119445801
0.03546058386564255
0.03947213292121887
0.03259441256523132
0.033084943890571594
0.02849363163113594
0.02800912596285343
0.027843507006764412
0.025314372032880783
0.02337728440761566
0.021962396800518036
0.02180151268839836
0.020931072533130646
0.020854681730270386
0.021680345758795738
0.020113375037908554
0.019711041823029518
0.01797628030180931
0.017735496163368225
0.018673954531550407
0.015974389389157295
0.0182656217366457
0.016416992992162704
0.01728702150285244
0.015096034854650497
0.014964417554438114
0.014410203322768211
0.012325447052717209
0.01588471047580242
0.01361058559268713
0.012326930649578571
0.012253434397280216
0.012994667515158653
0.011721002869307995
0.011924230493605137
0.012205241248011589
0.01380519662052393
0.010787329636514187
0.011013994924724102
0.010837077163159847
0.012350180186331272
0.010114317759871483
0.012319543398916721
0.01066247746348381
0.009172804653644562
0.010711245238780975
0.00844672042876482
0.007660481613129377
0.008508013561367989
0.010420774109661579
0.009191947989165783
0.008516130037605762
0.008976181037724018
0.009293118491768837
0.008680316619575024
0.008983448147773743
0.008173706941306591
0.007632825057953596
0.007821409963071346
0.009758511558175087
0.008954410441219807
0.008716338314116001
0.007849952206015587
0.009249072521924973
0.007959979586303234
0.00922910775989294
0.00758875347673893
0.006508553866297007
0.00817742757499218
0.008780444972217083
0.008398805744946003
0.006729446351528168
0.009349411353468895
0.006521563045680523
0.008120989426970482
0.0076827420853078365
0.006280252244323492
0.006227958016097546
0.005388209130614996
0.006870431359857321
0.005713948979973793
0.00929004792124033
0.006758015137165785
0.0065602525137364864
0.006502469070255756
0.008174994960427284
0.005991229321807623
0.006747434381395578
0.007561760954558849
no squeeze
1.1860703229904175
0.37888771295547485
0.23427318036556244
0.1798972189426422
0.14221040904521942
0.132035493850708
0.15639595687389374
0.11182422190904617
0.11244305223226547
0.08985603600740433
0.09339743852615356
0.08662154525518417
0.08779029548168182
0.11473623663187027
0.0807359516620636
0.07506868988275528
0.08846968412399292
0.10937194526195526
0.08614877611398697
0.07598372548818588
0.0975579246878624
0.07551006972789764
0.08415789157152176
0.0933164656162262
0.07748113572597504
0.0654769018292427
0.09663131833076477
0.09518266469240189
0.09919903427362442
0.09096474200487137
0.08795733004808426
0.07107324153184891
0.06423088163137436
0.06584632396697998
0.07463978230953217
0.06739894300699234
0.07480419427156448
0.07438760995864868
0.0756039023399353
0.07332830876111984
0.06527342647314072
0.06791619211435318
0.06555776298046112
