no squeeze
0.8959786295890808
0.17215454578399658
0.11914828419685364
0.09305605292320251
0.08498483151197433
0.0806070938706398
0.08012087643146515
0.07805190980434418
0.07326971739530563
0.07046256959438324
0.06790844351053238
0.08571575582027435
0.0666123479604721
0.06732477247714996
0.0739392414689064
0.06608764082193375
0.062909796833992
0.0670006275177002
0.06723784655332565
0.06561750918626785
0.06532184034585953
0.061674073338508606
0.06492840498685837
0.07107047736644745
0.06432077288627625
0.06198269873857498
0.06922999769449234
0.06447836756706238
0.07154931128025055
0.06375761330127716
0.058706238865852356
0.06282831728458405
0.059604253619909286
0.06449197232723236
0.060167208313941956
0.055570896714925766
0.05811751261353493
0.06170504167675972
0.05746341496706009
0.058434467762708664
0.05812796950340271
0.06161371245980263
0.05660482123494148
0.05999581888318062
0.05815018713474274
0.05993508920073509
no squeeze
0.7630840539932251
0.1683938056230545
0.11253238469362259
0.0879049077630043
0.0885234922170639
0.0750521868467331
0.0826193243265152
0.0736927017569542
0.0677843689918518
0.06949764490127563
0.06621207296848297
0.06734420359134674
0.06415163725614548
0.06721183657646179
0.07222305983304977
0.07344339042901993
0.06311201304197311
0.06599156558513641
0.0660901665687561
0.06673745810985565
0.06122073531150818
0.059880346059799194
0.06360246986150742
0.060690250247716904
0.05683968961238861
0.06567474454641342
0.06604362279176712
0.06289133429527283
0.06531305611133575
0.057494550943374634
0.059467509388923645
0.056222349405288696
0.05834363400936127
0.0549299381673336
0.060912031680345535
0.061470188200473785
0.05350804701447487
0.05788661539554596
0.06076819822192192
0.057166412472724915
0.054732006043195724
0.05593084171414375
0.05412009730935097
0.057204946875572205
0.06074689328670502
0.05829266831278801
0.058888547122478485
no squeeze
0.9803189635276794
0.28771814703941345
0.17315556108951569
0.13530004024505615
0.12271014600992203
0.12320250272750854
0.0975615605711937
0.09774158149957657
0.10118825733661652
0.09721560031175613
0.09141147881746292
0.0803157165646553
0.08913879096508026
0.11093956232070923
0.09246446937322617
0.0774473026394844
0.0897035002708435
0.10854627937078476
0.10067710280418396
0.08976562321186066
0.07204430550336838
0.08263795077800751
0.08131800591945648
0.07973697781562805
0.07245844602584839
0.1050594225525856
0.07566551864147186
0.09452616423368454
0.10719334334135056
0.09666436910629272
0.07521455734968185
no squeeze
0.7931916117668152
0.285115122795105
0.2147054523229599
0.18175306916236877
0.16072773933410645
0.1411183625459671
0.13357330858707428
0.13076238334178925
0.11775203794240952
0.10741037875413895
0.10267777740955353
0.09734663367271423
0.09789195656776428
0.09295026957988739
0.09086580574512482
0.08960473537445068
0.08801230043172836
0.08835659921169281
0.0832698717713356
0.08258926868438721
0.08278176188468933
0.07587706297636032
0.07806804776191711
0.07526375353336334
0.07612327486276627
0.07300340384244919
0.073298379778862
0.07577570527791977
0.07050582021474838
0.06951326131820679
0.06901630759239197
0.0676921084523201
0.07076388597488403
0.06947896629571915
0.06710495799779892
0.07141020894050598
0.06537489593029022
0.0675538182258606
0.06741824746131897
0.06486248970031738
0.06259255856275558
0.06588464975357056
0.06533977389335632
0.06662982702255249
0.06160809099674225
0.06575338542461395
0.06621906161308289
0.06371556967496872
0.06484819203615189
0.061507467180490494
0.06178834289312363
0.06061282753944397
0.06400933116674423
0.06000155955553055
0.06146049499511719
0.059500936418771744
0.06161012127995491
0.057456597685813904
0.05856892466545105
0.058184269815683365
0.060659054666757584
0.06303969025611877
0.059145234525203705
0.062253061681985855
0.05785590410232544
0.05482238531112671
0.05624297633767128
0.056243304163217545
0.05719296634197235
0.05845395475625992
0.05532269924879074
0.057000380009412766
0.05462926998734474
0.05627541244029999
0.05492381379008293
0.05568249523639679
0.057744208723306656
0.057059094309806824
0.05614876747131348
0.05574633926153183
0.055014412850141525
0.05498071387410164
0.053762342780828476
0.05419208109378815
0.05441730469465256
0.05533246323466301
0.05663134902715683
0.05412781983613968
0.05392071604728699
0.05247177183628082
0.05353127792477608
0.05184977874159813
0.052935875952243805
0.05131940171122551
0.051868736743927
0.05075443163514137
0.051373064517974854
0.05104977637529373
0.05198276415467262
0.054144203662872314
0.050906822085380554
0.05264102667570114
0.05019069090485573
0.04922297224402428
0.05074598267674446
0.05139503255486488
0.04670059680938721
0.04914422333240509
0.049095116555690765
0.04838920757174492
0.050808701664209366
0.04965799301862717
0.048401616513729095
0.049237072467803955
0.047842249274253845
0.04798290506005287
0.051201511174440384
no squeeze
0.873950719833374
0.24996621906757355
0.17365819215774536
0.1443212926387787
0.12929442524909973
0.11126860231161118
0.1026429831981659
0.09443552792072296
0.08223898708820343
0.08465410768985748
0.08051322400569916
0.07225736975669861
0.07359090447425842
0.06911001354455948
0.06373036652803421
0.0710979476571083
0.0636080875992775
0.06434110552072525
0.06337843090295792
0.058266229927539825
0.058886751532554626
0.057433731853961945
0.058953411877155304
0.06093402951955795
0.05502808839082718
0.05611652135848999
0.050865281373262405
0.05113318935036659
0.05122004821896553
0.051617298275232315
0.05034162104129791
0.050896454602479935
0.05158742144703865
0.05245904251933098
0.05186677724123001
0.04984106495976448
0.04486335441470146
0.045551199465990067
0.050914566963911057
0.04740433394908905
0.04887941852211952
0.048028189688920975
0.048575375229120255
0.0453098826110363
0.04233833774924278
0.04581914097070694
0.0423322431743145
0.043929703533649445
0.04432659596204758
0.049148108810186386
0.04564530402421951
0.04197092726826668
0.04325699806213379
0.041134100407361984
0.04259127005934715
0.041940007358789444
0.04099469631910324
0.04564458131790161
0.042168233543634415
0.04154271259903908
0.044448334723711014
0.04241256043314934
0.042438626289367676
0.040764614939689636
0.03904280811548233
0.04207432270050049
0.04287607967853546
0.04102098196744919
0.04137752205133438
0.039855264127254486
0.03880486637353897
0.039891332387924194
0.03998001664876938
0.03785938024520874
0.038148991763591766
0.03964857757091522
0.04098644107580185
0.03688929229974747
0.036284979432821274
0.040364425629377365
0.03984762355685234
0.035367388278245926
0.03752751648426056
0.033215880393981934
0.0406026728451252
0.03747456893324852
0.04068697616457939
0.037253547459840775
0.03897800296545029
0.038050949573516846
0.03619227930903435
0.03821900859475136
0.03734803572297096
0.03459607809782028
no squeeze
0.487161785364151
0.1406407356262207
0.07944491505622864
0.07437603175640106
0.06538991630077362
0.06514421105384827
0.06194495037198067
0.09028900414705276
0.06943291425704956
0.07118666172027588
0.061681970953941345
0.06522852182388306
0.05953919142484665
0.06340295821428299
0.07913665473461151
0.06597848981618881
0.0704914927482605
0.062381625175476074
0.06949567794799805
0.058293417096138
0.05779092013835907
0.06182362139225006
0.05547088012099266
0.0798683762550354
0.0757051408290863
0.06526463478803635
0.06412021815776825
0.07820051908493042
0.0774986520409584
0.05993448570370674
0.071456678211689
0.06026357039809227
0.05670826882123947
