no squeeze
0.9563006162643433
0.23620770871639252
0.14948679506778717
0.10654323548078537
0.08847372233867645
0.0769612044095993
0.06595047563314438
0.05718633905053139
0.05284690856933594
0.053360991179943085
0.059172239154577255
0.04718658700585365
0.04525650665163994
0.04183022677898407
0.04706316813826561
0.04154690355062485
0.040348391979932785
0.03925333172082901
0.03578992187976837
0.03552155941724777
0.035313598811626434
0.03851182386279106
0.04004685580730438
0.036660876125097275
0.03664379194378853
0.04040820524096489
0.035803548991680145
0.03394715487957001
0.03554162010550499
0.03205309063196182
0.03467121720314026
0.03399575129151344
0.037713050842285156
0.04005347192287445
0.03137947618961334
0.02997479774057865
0.029268788173794746
0.03470205143094063
0.04100579768419266
0.054262783378362656
0.03712308779358864
0.0403791181743145
0.03214458376169205
0.03208446130156517
0.036029715090990067
0.0322599932551384
0.03248334676027298
no squeeze
0.9793776273727417
0.22625762224197388
0.1438671052455902
0.10723182559013367
0.08633194863796234
0.06720041483640671
0.06185302138328552
0.0758104920387268
0.05541474372148514
0.05528029426932335
0.052085090428590775
0.048842865973711014
0.04733908921480179
0.04556552693247795
0.047118350863456726
0.04307551681995392
0.048195891082286835
0.050323694944381714
0.05031803622841835
0.047876618802547455
0.04233427345752716
0.039599351584911346
0.04547640681266785
0.04355771467089653
0.038520921021699905
0.03863135352730751
0.0486614853143692
0.05087121203541756
0.04550660401582718
0.03844617307186127
0.03602965548634529
0.04095063358545303
0.04308724403381348
0.03889888897538185
0.041995469480752945
0.047436002641916275
0.048004213720560074
0.041021253913640976
0.03412239998579025
0.038225412368774414
0.03268192335963249
0.034835413098335266
0.04002607986330986
0.050079748034477234
0.0381806306540966
0.036301083862781525
0.04218638688325882
0.03610432147979736
0.0482640340924263
0.03862662613391876
0.03556567430496216
no squeeze
0.7379902601242065
0.26454856991767883
0.18831411004066467
0.14886632561683655
0.15622356534004211
0.12853270769119263
0.12332557141780853
0.09821178019046783
0.10813633352518082
0.09245812892913818
0.0774419829249382
0.0706293061375618
0.07902932167053223
0.0635070651769638
0.05337228998541832
0.06324134767055511
0.12908627092838287
0.0765928402543068
0.0627393126487732
0.055731743574142456
0.04685846343636513
0.04414576664566994
0.05200039595365524
0.05117088556289673
0.08336931467056274
0.057115014642477036
0.06005420163273811
0.07066232711076736
0.04082759842276573
0.03917166590690613
0.04537024721503258
0.0541241392493248
0.03963269665837288
0.046504706144332886
0.03953802213072777
0.037480175495147705
0.04583657532930374
0.03472412750124931
0.03365449234843254
0.050167545676231384
0.05051808804273605
0.04355459660291672
0.03365075960755348
0.03635140880942345
0.035798486322164536
0.036869876086711884
0.034856390208005905
0.03864530101418495
0.04393885284662247
0.03201169893145561
0.033821411430835724
0.033463068306446075
0.042636722326278687
0.0414482057094574
0.030260084196925163
0.033118586987257004
0.031024811789393425
0.03407468646764755
0.03182566910982132
0.029732052236795425
0.033643513917922974
0.029783934354782104
0.027504337951540947
0.02929960936307907
0.03265051916241646
0.03301490843296051
0.04819710925221443
0.035106826573610306
0.030367203056812286
0.028258632868528366
0.027216767892241478
0.02742193639278412
0.025639861822128296
0.02835087478160858
0.029091648757457733
0.029632288962602615
0.028935067355632782
0.03825569525361061
0.029923439025878906
0.02991887927055359
0.03224249929189682
0.04029887542128563
0.03447910025715828
no squeeze
1.0282535552978516
0.49259376525878906
0.3944912850856781
0.33813008666038513
0.29104530811309814
0.262094646692276
0.22728076577186584
0.20900525152683258
0.18593835830688477
0.1707494705915451
0.16419248282909393
0.14927349984645844
0.13393092155456543
0.13716518878936768
0.11926239728927612
0.12802106142044067
0.11010158807039261
0.10715001076459885
0.0979122743010521
0.09839468449354172
0.09430143237113953
0.0909697562456131
0.08966448158025742
0.08276002109050751
0.0838373452425003
0.08498191833496094
0.07871261984109879
0.07825346291065216
0.07392945140600204
0.06694624572992325
0.07337255775928497
0.06747911125421524
0.06776995211839676
0.06571049243211746
0.06304846704006195
0.06481683999300003
0.0583384707570076
0.058912526816129684
0.05394334718585014
0.05674389749765396
0.05393657833337784
0.05476313456892967
0.054960187524557114
0.0536315031349659
0.04919852688908577
0.05040963366627693
0.05526979640126228
0.04971630498766899
0.04918010160326958
0.04740060865879059
0.04898225516080856
0.047302622348070145
0.05000559613108635
0.046692557632923126
0.046204712241888046
0.04300563037395477
0.044491712003946304
0.04362885653972626
0.043747756630182266
0.04229043051600456
0.043682754039764404
0.044755782932043076
0.039407674223184586
0.04238371178507805
0.03848816454410553
0.04040961712598801
0.044305767863988876
0.038934703916311264
0.042798783630132675
0.04101915657520294
0.03572600334882736
0.03716638311743736
0.042462240904569626
0.03764720261096954
0.04198262467980385
0.03662215173244476
0.03666115924715996
0.03690284118056297
0.03625648841261864
0.03669627010822296
0.039471372961997986
no squeeze
0.757056713104248
0.22393561899662018
0.15546704828739166
0.12633228302001953
0.10905521363019943
0.09219293296337128
0.08198016881942749
0.07107482105493546
0.06938954442739487
0.061053525656461716
0.057651545852422714
0.05386308953166008
0.049629803746938705
0.04883803054690361
0.04535071179270744
0.045123759657144547
0.041779134422540665
0.041196539998054504
0.03891528397798538
0.03766437619924545
0.03706296905875206
0.035096436738967896
0.033817023038864136
0.032614707946777344
0.03457647189497948
0.034413520246744156
0.03322206810116768
0.029980797320604324
0.031556736677885056
0.030964994803071022
0.027918491512537003
0.027389099821448326
0.028425432741642
0.02841993048787117
0.027515146881341934
0.025784403085708618
0.026767980307340622
0.025497544556856155
0.024512968957424164
0.023584846407175064
0.02522052451968193
0.025496196001768112
0.025166023522615433
0.023820508271455765
0.023704661056399345
0.022949842736124992
0.022808115929365158
0.021908514201641083
0.021672334522008896
0.023712413385510445
0.023804953321814537
0.024347038939595222
0.02031702920794487
0.01917698234319687
0.022267160937190056
0.022436656057834625
0.02052845060825348
0.020998645573854446
0.02123463898897171
0.02392140030860901
0.023442251607775688
0.021608568727970123
0.021769212558865547
0.020731160417199135
no squeeze
0.7063936591148376
0.3782624304294586
0.16416996717453003
0.11896391957998276
0.11300655454397202
0.09957829862833023
0.08594781160354614
0.07531139254570007
0.07065354287624359
0.0676867812871933
0.07458376884460449
0.07378898561000824
0.08718068897724152
0.06781543046236038
0.06863030791282654
0.06335505098104477
0.08141046017408371
0.07447871565818787
0.060518890619277954
0.05831540375947952
0.06395284831523895
0.08251330256462097
0.060739126056432724
0.09001927822828293
0.15063968300819397
0.1261509358882904
0.08743312209844589
0.0683806836605072
0.058644458651542664
0.0663687065243721
