no squeeze
0.6352105140686035
0.20825129747390747
0.10565803945064545
0.06981109082698822
0.05525580793619156
0.04114501178264618
0.03247176483273506
0.029775651171803474
0.026936668902635574
0.02126300521194935
0.023297101259231567
0.02199411764740944
0.01913020759820938
0.01960883103311062
0.021035991609096527
0.019099455326795578
0.017392998561263084
0.0146985724568367
0.015424045734107494
0.015633706003427505
0.01602221094071865
0.014683239161968231
0.012196190655231476
0.011893220245838165
0.014088833704590797
0.012972920201718807
0.012848757207393646
0.01363390777260065
0.012769864872097969
0.011096342466771603
0.016045378521084785
0.015782516449689865
0.011577600613236427
0.012744041159749031
0.010676829144358635
0.012344328686594963
0.009953799657523632
0.0123474495485425
0.015819372609257698
0.012354756705462933
0.01338158082216978
0.013787919655442238
0.021731315180659294
0.013046104460954666
0.010995735414326191
0.011295109055936337
0.01341304462403059
no squeeze
0.6254263520240784
0.21244412660598755
0.10416435450315475
0.06611568480730057
0.05076015740633011
0.04056214541196823
0.04115073382854462
0.03500792756676674
0.0398634672164917
0.028453687205910683
0.02798883058130741
0.024932432919740677
0.025922443717718124
0.026676297187805176
0.025339573621749878
0.027966920286417007
0.02695235051214695
0.029149822890758514
0.023234743624925613
0.02125939540565014
0.02081221714615822
0.020791273564100266
0.022240949794650078
0.023860858753323555
0.02248651534318924
0.02143866755068302
0.02365071326494217
0.020763499662280083
0.020908696576952934
0.024374747648835182
0.021029554307460785
0.02029229700565338
0.021817509084939957
0.021956266835331917
0.02139859087765217
0.021471219137310982
0.020662641152739525
0.02166292630136013
0.019404210150241852
0.021094681695103645
0.021729813888669014
0.02082887850701809
0.019092032685875893
0.021308541297912598
0.024209609255194664
0.021085338667035103
0.01853826455771923
0.02090211771428585
0.019880464300513268
0.022798804566264153
0.01830996200442314
0.02101166546344757
0.024134378880262375
0.019419191405177116
0.020200857892632484
0.020642079412937164
0.019523581489920616
0.02367561310529709
0.023736296221613884
0.02015705406665802
0.017452765256166458
0.018065733835101128
0.017897507175803185
0.021539151668548584
0.018897132948040962
0.01761392503976822
0.02113153412938118
0.01829364337027073
0.0202055424451828
0.022197047248482704
0.020701762288808823
no squeeze
0.8027567863464355
0.3514805734157562
0.2331748753786087
0.16211268305778503
0.13060200214385986
0.1039658710360527
0.07804758846759796
0.06476472318172455
0.0532812625169754
0.044832173734903336
0.040696460753679276
0.034452296793460846
0.028196848928928375
0.023031076416373253
0.019613994285464287
0.018908459693193436
0.01623624749481678
0.013553318567574024
0.012630060315132141
0.010913131758570671
0.009547902271151543
0.00956247840076685
0.008952675387263298
0.0076486822217702866
0.007139931432902813
0.0058938865549862385
0.005242791026830673
0.005642179865390062
0.004960422404110432
0.005121736321598291
0.00661243824288249
0.004268895834684372
0.0036948344204574823
0.0035874375607818365
0.003556719748303294
0.0034000675659626722
0.0042862556874752045
0.00403621094301343
0.0025740284472703934
0.002476986963301897
0.0021221800707280636
0.0028815551195293665
0.0022549128625541925
0.0022329252678900957
0.002077328274026513
0.002591746626421809
0.001763853244483471
0.002953566610813141
0.0018435812089592218
0.0015428534243255854
0.0020058932714164257
0.0017546816961839795
0.002248584758490324
0.0018087992211803794
0.002899773884564638
0.003865377278998494
0.002864183858036995
0.0010916690807789564
0.0014206364285200834
0.000853152247145772
0.0009215828613378108
0.0006915421108715236
0.0006147957756184042
0.0005593743408098817
0.0005520906997844577
0.0006711670430377126
0.000544391165021807
0.0005985903553664684
0.0005739675252698362
0.000532555568497628
0.0006712609902024269
0.0005447102594189346
0.0005533347139135003
0.0004226675955578685
0.000417702627601102
0.0003801178536377847
0.00036997938877902925
0.0006519220187328756
0.00045772604062221944
0.0003916457644663751
0.0003281877434346825
0.0004106503038201481
0.00042655091965571046
0.0003814659430645406
0.0003777036035899073
0.00029953900957480073
0.00032036437187343836
0.0003024624311365187
0.0004027390095870942
0.0002990128705278039
0.0022588069550693035
0.014111685566604137
0.0019389537628740072
0.0023889788426458836
0.0008126809261739254
0.0006130015826784074
0.00034152829903177917
0.0002946753229480237
0.00023916417558211833
0.00019912650168407708
0.00019900751067325473
0.00025453331181779504
0.000495146494358778
0.00036014989018440247
0.0003255966876167804
0.00027374509954825044
0.000226979871513322
0.0015555003192275763
0.0005120618152432144
0.0012657282641157508
0.0008514681248925626
no squeeze
0.6913575530052185
0.3897761404514313
0.3219880163669586
0.265627920627594
0.22987395524978638
0.20524908602237701
0.17975708842277527
0.1650882214307785
0.1481066197156906
0.13615548610687256
0.1298261135816574
0.11514563858509064
0.10884469747543335
0.10080626606941223
0.09568384289741516
0.09123703092336655
0.08754922449588776
0.08435500413179398
0.08065211772918701
0.07957442849874496
0.0733356699347496
0.07162602245807648
0.07002494484186172
0.06511417776346207
0.0635172426700592
0.06318853050470352
0.06062003970146179
0.057411208748817444
0.05614501237869263
0.053814295679330826
0.051496297121047974
0.05111800879240036
0.04886329919099808
0.04712257161736488
0.04545338824391365
0.044953033328056335
0.04299632087349892
0.042287424206733704
0.04182155802845955
0.042568810284137726
0.04070053994655609
0.03924036771059036
0.03904256969690323
0.03786395490169525
0.03800123184919357
0.0378199927508831
0.03627099096775055
0.036724209785461426
0.034302495419979095
0.03630261868238449
0.03558367118239403
0.03395046666264534
0.03383730724453926
0.03523525223135948
0.03426090255379677
0.034439507871866226
0.03349350392818451
0.033561624586582184
0.033754970878362656
0.03169122710824013
0.03258920833468437
0.03293287381529808
0.032289184629917145
0.031361743807792664
0.02951502986252308
0.03121032565832138
0.03053649701178074
0.02968245930969715
0.02933652140200138
0.029507746919989586
0.03044666349887848
0.029053647071123123
0.02992069721221924
0.02828459069132805
0.028752697631716728
0.028416400775313377
0.029428601264953613
0.028081156313419342
0.02851722203195095
0.027676494792103767
0.028163084760308266
0.029469268396496773
0.027231082320213318
0.029364969581365585
0.027088649570941925
0.028067834675312042
0.028157658874988556
0.028010334819555283
0.027714423835277557
0.02782522141933441
0.02713383361697197
0.028543030843138695
0.026722703129053116
0.02700197882950306
0.026059284806251526
0.0278461966663599
0.028722666203975677
0.02704494260251522
0.024861332029104233
0.02496746927499771
0.026441091671586037
0.026663687080144882
0.02611725404858589
0.02516581118106842
0.026102740317583084
0.025853965431451797
0.02516339346766472
0.025849854573607445
0.02706173062324524
no squeeze
0.7946941256523132
0.3326375484466553
0.22776076197624207
0.1651352047920227
0.13471660017967224
0.10513807833194733
0.09181155264377594
0.08100945502519608
0.07190737128257751
0.062400318682193756
0.05740874633193016
0.05325653403997421
0.04925769194960594
0.045933257788419724
0.04335814714431763
0.03918813169002533
0.03749832510948181
0.03591521084308624
0.03449074923992157
0.033023081719875336
0.03173202648758888
0.029909146949648857
0.027787212282419205
0.0259928610175848
0.027185985818505287
0.025156179443001747
0.02501910924911499
0.024298565462231636
0.023000629618763924
0.02523587830364704
0.02243497408926487
0.022751301527023315
0.021554991602897644
0.021726127713918686
0.02238652855157852
0.020130259916186333
0.019416091963648796
0.019544770941138268
0.02040676772594452
0.020670710131525993
0.020466608926653862
0.018920673057436943
0.01777787134051323
0.017836470156908035
0.01682041771709919
0.01659470982849598
0.017208924517035484
0.0183403342962265
0.017147306352853775
0.016332710161805153
0.016506696119904518
0.016520852223038673
0.016066813841462135
0.015108834952116013
0.015816371887922287
0.016078714281320572
0.016638651490211487
0.016659557819366455
0.01724017783999443
0.013867512345314026
0.016661861911416054
0.014360487461090088
0.013916891999542713
0.0145255820825696
0.01478984672576189
0.012511394917964935
0.013303610496222973
0.013658546842634678
0.0120926508679986
0.012756245210766792
0.012076660990715027
0.014065059833228588
0.012562518008053303
0.013813977129757404
0.011621116660535336
0.012970013543963432
0.01226075179874897
0.013348043896257877
0.01304011233150959
0.011817567981779575
0.01094994880259037
0.011117061600089073
0.011093642562627792
0.012562308460474014
0.012553416192531586
0.011391629464924335
0.01163451373577118
0.011597376316785812
0.010275043547153473
0.01240713894367218
0.011209440417587757
0.015010036528110504
0.01074147317558527
0.011493993923068047
0.009361406788229942
0.010882879607379436
0.011184013448655605
0.009922944940626621
0.011587140150368214
0.010644512251019478
0.01201190147548914
0.011281799525022507
0.008982994593679905
0.010225052945315838
0.011263431049883366
0.009756659157574177
0.011148371733725071
0.009400596842169762
0.010499187745153904
0.009436563588678837
0.009845717810094357
0.009162145666778088
0.00940696056932211
no squeeze
1.1146785020828247
0.24491682648658752
0.1225053146481514
0.09343815594911575
0.0899079367518425
0.07328648120164871
0.08551514893770218
0.06697443127632141
0.06910821795463562
0.07744316756725311
0.067052461206913
0.06753901392221451
0.07097204774618149
0.06746375560760498
0.06183953583240509
0.06367301940917969
0.0616876557469368
0.06465321779251099
0.06143663451075554
0.059330325573682785
0.058691710233688354
0.06146278232336044
0.06802739948034286
0.06683038175106049
0.06420991569757462
0.05767368525266647
0.05848245695233345
0.05900372937321663
0.05809915065765381
0.0600651390850544
0.057655204087495804
0.059118956327438354
0.061437468975782394
0.05541269853711128
0.05874527245759964
0.060141582041978836
0.0583108514547348
0.057733792811632156
0.05624857917428017
0.05565031245350838
0.06114058569073677
0.05810047686100006
0.054944299161434174
0.06102469936013222
0.0619586706161499
0.06206047534942627
0.05656779184937477
0.06185018643736839
0.0574888177216053
0.05480393022298813
0.07098203897476196
0.07734505087137222
0.09208182245492935
0.06120355799794197
0.06102662533521652
0.05516941845417023
0.05619988963007927
0.05469148978590965
0.05492379516363144
0.057659685611724854
0.05893257260322571
0.05619741603732109
0.05522890016436577
0.05830337107181549
0.05754770711064339
0.05678249150514603
0.055757079273462296
0.0548982173204422
