no squeeze
0.6504068374633789
0.24182391166687012
0.136482834815979
0.10520432889461517
0.09744727611541748
0.06695243716239929
0.05378925800323486
0.050055861473083496
0.04436706379055977
0.041421644389629364
0.03968053683638573
0.03301693871617317
0.03379005938768387
0.029409542679786682
0.030269691720604897
0.03242386877536774
0.03235061094164848
0.02603551372885704
0.0246282946318388
0.027653850615024567
0.026175299659371376
0.023268304765224457
0.03168423846364021
0.023674726486206055
0.021624257788062096
0.020710164681077003
0.02052784524857998
0.022816289216279984
0.020853659138083458
0.021460404619574547
0.021949440240859985
0.024852067232131958
0.027097012847661972
0.024111324921250343
0.02312638610601425
0.019915426149964333
0.026417246088385582
0.024465803056955338
0.025382747873663902
0.01945280283689499
0.017180079594254494
0.018180150538682938
0.022078843787312508
0.019129298627376556
0.01663624495267868
0.02312450110912323
0.02319340966641903
0.023462658748030663
0.01796918548643589
0.021271809935569763
0.016517944633960724
0.015688667073845863
0.01686485856771469
0.019361034035682678
0.021102560684084892
0.02344147115945816
0.018951119855046272
0.018414758145809174
0.015569904819130898
0.017845122143626213
0.01602153480052948
0.026454657316207886
0.019505543634295464
0.023909403011202812
0.015535907819867134
0.017000366002321243
0.015935515984892845
0.013909362256526947
0.017881842330098152
0.017484331503510475
0.015406256541609764
0.014687408693134785
0.018238266929984093
0.020188454538583755
0.019540518522262573
0.012909014709293842
0.027891146019101143
0.015386933460831642
0.019735049456357956
0.015577230602502823
0.015733061358332634
0.018610773608088493
0.016638189554214478
0.01626255176961422
0.014384816400706768
0.014613991603255272
no squeeze
0.9334148168563843
0.2519315183162689
0.15498395264148712
0.11073356866836548
0.10343195497989655
0.08078255504369736
0.06888174265623093
0.06189333274960518
0.05949070304632187
0.055276840925216675
0.05774541571736336
0.0532500334084034
0.053021062165498734
0.046458084136247635
0.04755641147494316
0.05117861554026604
0.046935856342315674
0.04438469931483269
0.04468100890517235
0.05578340217471123
0.05222788453102112
0.04724135249853134
0.04100193828344345
0.03969200700521469
0.04134015366435051
0.042819637805223465
0.03954404592514038
0.04263414442539215
0.03894174471497536
0.046227093786001205
0.04535087198019028
0.0379432775080204
0.045443594455718994
0.0360918790102005
0.035273950546979904
0.03427547216415405
0.03492569178342819
0.03545993193984032
0.03978424146771431
0.04225660860538483
0.034397538751363754
0.03638074919581413
0.03689393401145935
0.04332846775650978
0.042315445840358734
0.035662759095430374
no squeeze
0.915641725063324
0.4094317555427551
0.24160006642341614
0.1821630746126175
0.1457366794347763
0.12478826195001602
0.15173928439617157
0.10512066632509232
0.09081874042749405
0.09398103505373001
0.09383242577314377
0.09079653769731522
0.06750896573066711
0.06622116267681122
0.062227681279182434
0.07305282354354858
0.06561604142189026
0.05648113042116165
0.10227520018815994
0.04787049815058708
0.057110369205474854
0.046509601175785065
0.05036820098757744
0.05084739997982979
0.05825366452336311
0.06623846292495728
0.04453802481293678
0.054127875715494156
0.05043678358197212
0.039420656859874725
0.04116203263401985
0.0343405082821846
0.03041777014732361
0.02879474125802517
0.02748950384557247
0.026346469298005104
0.025601880624890327
0.04107188060879707
0.031845446676015854
0.02276773937046528
0.04146191477775574
0.051641929894685745
0.03838900476694107
0.04118219390511513
0.030848003923892975
0.03380401059985161
0.04323865845799446
0.02359936572611332
0.02113916538655758
0.02583969198167324
0.021716509014368057
0.023971881717443466
0.02583022229373455
0.025029391050338745
0.02730138972401619
0.02310951240360737
0.025048281997442245
0.020156847313046455
0.021187039092183113
0.020464984700083733
0.023092644289135933
0.024430856108665466
0.04023747891187668
0.020925452932715416
0.0256363358348608
0.021219173446297646
0.015028446912765503
0.016683470457792282
0.014532103203237057
0.02233828604221344
0.032005708664655685
0.018836049363017082
0.023366466164588928
0.018212417140603065
0.038086939603090286
0.03574187681078911
0.015526678413152695
0.012362208217382431
0.0117029445245862
0.015885211527347565
0.012239011004567146
0.01166775543242693
0.01153193786740303
0.01154429279267788
0.010211738757789135
0.013801563531160355
0.020802374929189682
0.010788720101118088
0.012008135206997395
0.015420379117131233
0.013274445198476315
0.01586892269551754
0.013575781136751175
0.023064065724611282
0.014360367320477962
no squeeze
0.9356303811073303
0.4117930233478546
0.3260265588760376
0.27641046047210693
0.24723292887210846
0.21022619307041168
0.1866363286972046
0.16556569933891296
0.15459765493869781
0.1460954248905182
0.13609302043914795
0.12463448941707611
0.12311398237943649
0.11585745960474014
0.10771001130342484
0.1025431677699089
0.09799947589635849
0.09625891596078873
0.09108594059944153
0.08755969256162643
0.08393815904855728
0.08400695025920868
0.08219185471534729
0.07846289128065109
0.07467019557952881
0.07482638210058212
0.07387339323759079
0.0682416707277298
0.07059501111507416
0.06638830900192261
0.06674233078956604
0.0623101145029068
0.06454208493232727
0.060062285512685776
0.05952364578843117
0.05695676431059837
0.05539465323090553
0.0598723366856575
0.05480258911848068
0.052455347031354904
0.05014599487185478
0.05357344076037407
0.05342961847782135
0.05115910619497299
0.049323685467243195
0.04724430292844772
0.048635851591825485
0.04791349917650223
0.046209339052438736
0.045378755778074265
0.045283664017915726
0.04306432232260704
0.04312341660261154
0.042315609753131866
0.04473799094557762
0.04344093054533005
0.040779393166303635
0.040329717099666595
0.042593199759721756
0.038931187242269516
0.04236745089292526
0.04041215777397156
0.03731270134449005
0.03924119472503662
0.038348421454429626
0.03845922276377678
0.03656451404094696
0.03847436234354973
0.03740328922867775
0.03676595911383629
0.034273386001586914
0.03652232140302658
0.0360330268740654
0.033631518483161926
0.03564206883311272
0.0360838808119297
0.03482089191675186
0.03349536657333374
0.03279069438576698
0.03412843123078346
0.03418995067477226
0.032726578414440155
0.03411811217665672
0.03138861432671547
0.03255629166960716
0.0317964144051075
0.03125425800681114
0.03164196014404297
0.0340142585337162
0.0316014289855957
0.03261362388730049
0.03064875304698944
0.03270059451460838
0.031994592398405075
0.03077237494289875
0.02903575822710991
0.029913363978266716
0.030468441545963287
0.030291931703686714
0.030457939952611923
0.02911573089659214
0.030467811971902847
0.03083491139113903
0.030480092391371727
0.02956334687769413
0.028544679284095764
0.030211683362722397
0.030149316415190697
0.030546415597200394
0.029316900297999382
0.031134895980358124
0.03143462911248207
0.026772867888212204
0.029153861105442047
0.027883106842637062
0.029005836695432663
0.026865404099225998
0.02800137735903263
0.027880556881427765
0.027951296418905258
0.02864249236881733
0.03195246681571007
0.02841070666909218
no squeeze
0.9864042401313782
0.307801753282547
0.264255166053772
0.1861516237258911
0.15413759648799896
0.12307725846767426
0.10817253589630127
0.09811238199472427
0.08763932436704636
0.07884830981492996
0.07208536565303802
0.07060021162033081
0.0620400570333004
0.056660428643226624
0.056308384984731674
0.05140340328216553
0.05062439292669296
0.05187061056494713
0.04654661938548088
0.044391557574272156
0.04296048358082771
0.04109930992126465
0.04098506271839142
0.03781525790691376
0.03780362755060196
0.03649172931909561
0.04013620316982269
0.033260639756917953
0.030944064259529114
0.033637307584285736
0.031168149784207344
0.03087526559829712
0.03145895153284073
0.02950531244277954
0.03124721720814705
0.029923303052783012
0.030286520719528198
0.028485145419836044
0.02857513725757599
0.030526962131261826
0.02670493721961975
0.025504862889647484
0.027686387300491333
0.025802068412303925
0.02657497301697731
0.027872759848833084
0.024658454582095146
0.025729723274707794
0.026620401069521904
0.023042744025588036
0.024365071207284927
0.02459629625082016
0.02519785612821579
0.021870076656341553
0.022087926045060158
0.024643776938319206
0.02103215828537941
0.022287148982286453
0.02132285386323929
0.021176563575863838
0.021486109122633934
0.022186141461133957
0.021445218473672867
0.020488709211349487
0.021731164306402206
0.02032531052827835
0.02250276319682598
0.020424820482730865
0.01906071975827217
0.020152775570750237
0.018882062286138535
0.020268112421035767
0.02029143087565899
0.02056862786412239
0.017494870349764824
0.017982302233576775
0.020302454009652138
0.01736561395227909
0.02129659801721573
0.017405325546860695
0.018178055062890053
0.019080715253949165
0.019389702007174492
0.018648521974682808
0.020271727815270424
0.018744220957159996
0.018638547509908676
0.01822986826300621
no squeeze
0.4499201476573944
0.20784024894237518
0.12884297966957092
0.10281747579574585
0.1089453473687172
0.09255903959274292
0.08536840975284576
0.07187948375940323
0.09060782194137573
0.07125230878591537
0.06792383641004562
0.06442724168300629
0.06736157834529877
0.06497950851917267
0.08090492337942123
0.07015392929315567
0.0672684907913208
0.18949681520462036
0.09943626075983047
0.06562534719705582
0.06073188781738281
0.0721471905708313
0.08521689474582672
0.06921528279781342
0.0878278985619545
0.11737669259309769
0.08305066078901291
0.07383452355861664
0.07231873273849487
0.07245384156703949
0.06603788584470749
