no squeeze
0.7531736493110657
0.2085229456424713
0.11872481554746628
0.09350547194480896
0.08370524644851685
0.07780487090349197
0.07330465316772461
0.0674334168434143
0.06764263659715652
0.06275053322315216
0.06219357252120972
0.05717526376247406
0.057057928293943405
0.05832510069012642
0.05429255962371826
0.05806754529476166
0.05400523543357849
0.0566566027700901
0.056115299463272095
0.05388287454843521
0.05319511145353317
0.05139848589897156
0.052858784794807434
0.050749875605106354
0.05370604619383812
0.05069265887141228
0.04951142147183418
0.04916450381278992
0.05073854699730873
0.0482192188501358
0.04730745404958725
0.048723023384809494
0.048219285905361176
0.049660563468933105
0.04522324725985527
0.050296567380428314
0.0489790253341198
0.05105643719434738
0.04695260524749756
0.05034411698579788
0.04890670254826546
0.04837607219815254
0.048092376440763474
0.046802885830402374
0.049253955483436584
no squeeze
0.8493664264678955
0.20211689174175262
0.12430731952190399
0.09841856360435486
0.09197596460580826
0.07869135588407516
0.0762820690870285
0.07226114720106125
0.06962413340806961
0.06871212273836136
0.06794444471597672
0.06478849053382874
0.06701307743787766
0.06365542113780975
0.06307881325483322
0.05863839387893677
0.06055893003940582
0.060291893780231476
0.061255890876054764
0.05519416928291321
0.0568896159529686
0.051803890615701675
0.050798166543245316
0.0628533810377121
0.05595332011580467
0.0552939735352993
0.052631277590990067
0.047658469527959824
0.051075004041194916
0.05206356570124626
0.05131315439939499
0.05792533606290817
0.056930966675281525
0.048748210072517395
0.04769715666770935
0.04678323119878769
0.056510575115680695
0.04857442528009415
0.05269069969654083
0.05033620819449425
0.04879183694720268
0.047314614057540894
0.04985089227557182
0.048430148512125015
0.04914460703730583
0.04778434708714485
no squeeze
0.801055371761322
0.3112638294696808
0.19167856872081757
0.14747199416160583
0.13483738899230957
0.1070902943611145
0.09826942533254623
0.08588115870952606
0.10866540670394897
0.08287607878446579
0.08025041967630386
0.08435986191034317
0.07551973313093185
0.07138483971357346
0.07596822828054428
0.08043503016233444
0.07642664760351181
0.06825407594442368
0.07769905030727386
0.06582454591989517
0.06827052682638168
0.06703822314739227
0.06296991556882858
0.06396208703517914
0.06923989951610565
0.0829254686832428
0.06660670042037964
0.06680804491043091
0.06262224912643433
0.05637892708182335
0.06105015426874161
0.059815213084220886
0.06461271643638611
0.06539200246334076
0.06604707986116409
0.06179041787981987
0.05576985701918602
0.05778919905424118
0.06120537966489792
0.056487787514925
0.0538177490234375
0.056541718542575836
0.05518913269042969
0.053414128720760345
0.05701803043484688
0.052045851945877075
0.0486556738615036
0.0509788915514946
0.04764680191874504
0.048298027366399765
0.050711795687675476
0.04785829409956932
0.06926017999649048
0.05072528496384621
0.05243564024567604
0.05704331398010254
0.057512376457452774
0.052179694175720215
0.05692190304398537
no squeeze
0.7258504629135132
0.33097267150878906
0.2490508109331131
0.20416204631328583
0.17039915919303894
0.15939967334270477
0.139593705534935
0.13289663195610046
0.12560833990573883
0.11648055166006088
0.11058866232633591
0.10862967371940613
0.1001884713768959
0.0985582023859024
0.09073397517204285
0.08876542001962662
0.08663317561149597
0.08410557359457016
0.07916759699583054
0.07784262299537659
0.08073750138282776
0.07774122804403305
0.07862921059131622
0.07214704900979996
0.06971106678247452
0.06727468967437744
0.0687396451830864
0.0656680092215538
0.06818316131830215
0.06483423709869385
0.06052844971418381
0.05951506271958351
0.06257224828004837
0.05866849794983864
0.058096617460250854
0.056862618774175644
0.060840390622615814
0.05512456223368645
0.05787141993641853
0.054504428058862686
0.055320627987384796
0.05254117771983147
0.0547584593296051
0.05436740443110466
0.05550094693899155
0.052709754556417465
0.052780456840991974
0.054322749376297
0.04938022419810295
0.05000375211238861
0.050112415105104446
0.05210092291235924
0.05088140442967415
0.048444293439388275
0.05002814531326294
0.04684233292937279
0.04889756813645363
0.048371803015470505
0.04839836433529854
0.04926576837897301
0.04597238078713417
0.04929283633828163
0.04772733896970749
0.04596520587801933
0.04505620151758194
0.04429302737116814
0.045337799936532974
0.04471166804432869
0.04488067328929901
0.044288795441389084
0.04324181377887726
0.042637161910533905
0.04255930334329605
0.043362997472286224
0.044284217059612274
0.04242679104208946
0.04481910541653633
0.04356469213962555
0.04556134715676308
0.04250864312052727
0.04236409068107605
0.042184583842754364
0.044330794364213943
0.0416206456720829
0.04508432745933533
0.0423392653465271
0.042867083102464676
0.041149940341711044
0.046317797154188156
0.041265521198511124
0.04028033837676048
0.03943515196442604
0.04119899123907089
0.039942897856235504
0.041147202253341675
0.04263778030872345
0.04184294119477272
0.0400889590382576
0.03960287943482399
0.04112257808446884
0.03906666859984398
0.03796666860580444
0.03925628215074539
0.039512161165475845
0.037558767944574356
0.039770253002643585
0.03906608372926712
0.03700266405940056
0.037893589586019516
0.03968329727649689
0.038249265402555466
0.03867729380726814
0.03620930388569832
0.03716631233692169
0.03910668194293976
0.03828105330467224
0.03757108002901077
0.03626607358455658
0.03598206862807274
0.037683285772800446
0.0358034186065197
0.03693004697561264
0.03850492089986801
0.03626304864883423
0.03690323978662491
0.036496423184871674
0.03601783141493797
0.03483162447810173
0.03486629202961922
0.03632253035902977
0.03684595972299576
0.034965965896844864
0.03524337336421013
0.03599322959780693
0.03686557710170746
0.03471064567565918
0.034475669264793396
0.03393131494522095
0.033533744513988495
0.035099055618047714
0.03516135364770889
0.03521716222167015
0.03530426695942879
0.03566741198301315
0.03469307720661163
0.03524637594819069
0.03448638319969177
0.03508346527814865
0.03455233946442604
no squeeze
0.6888983249664307
0.23527644574642181
0.17402562499046326
0.1374015510082245
0.12099723517894745
0.11100124567747116
0.09624601900577545
0.0860445648431778
0.08060036599636078
0.07630559056997299
0.07259315252304077
0.06663563847541809
0.06743551790714264
0.07002263516187668
0.05955541506409645
0.059127017855644226
0.05602799728512764
0.05597253143787384
0.05586156249046326
0.05443869158625603
0.0513588972389698
0.0497184693813324
0.0489799790084362
0.046200357377529144
0.04615284129977226
0.044574107974767685
0.04433145001530647
0.044539447873830795
0.04168904200196266
0.040802549570798874
0.03855711594223976
0.04053987190127373
0.04274492710828781
0.041519079357385635
0.03776797652244568
0.0398930087685585
0.0399932786822319
0.03936009109020233
0.037847910076379776
0.03704854100942612
0.035777781158685684
0.034175388514995575
0.0366479828953743
0.034135472029447556
0.036502208560705185
0.03692929819226265
0.03610113635659218
0.03550193831324577
0.03713924065232277
0.03157453611493111
0.03630196675658226
0.03222552686929703
0.033457957208156586
0.03219259902834892
0.03168437257409096
0.02994362637400627
0.033219464123249054
0.029820820316672325
0.02828279510140419
0.029965609312057495
0.03064837120473385
0.02714187651872635
0.03238830342888832
0.02798975259065628
0.030099308118224144
0.026479452848434448
0.025744380429387093
0.02676195651292801
0.026387987658381462
0.030943239107728004
0.028776992112398148
0.029007859528064728
0.026940058916807175
0.025061873719096184
0.026044059544801712
0.02713419497013092
0.027547664940357208
0.02799895964562893
0.027374006807804108
0.0279033575206995
0.024061741307377815
0.02604714222252369
0.027744805440306664
0.02759677544236183
0.02632739767432213
0.02810858190059662
0.02535684034228325
0.02630479447543621
0.024752097204327583
0.02383851446211338
0.028749290853738785
0.02656431496143341
0.024538863450288773
0.030292723327875137
0.02600555494427681
0.023594720289111137
0.02355208247900009
0.025912661105394363
0.025345774367451668
0.02281073108315468
0.025148028507828712
0.023754088208079338
0.022172266617417336
0.023968104273080826
0.02193417027592659
0.02361937053501606
0.025261353701353073
0.024528978392481804
0.02336135506629944
0.024601932615041733
0.022276727482676506
0.02398841269314289
0.022333072498440742
0.022623173892498016
0.023825673386454582
no squeeze
0.5563295483589172
0.1386551856994629
0.09229311347007751
0.0775270164012909
0.06759939342737198
0.06362566351890564
0.06556672602891922
0.06336630135774612
0.06250250339508057
0.060952410101890564
0.05800784379243851
0.05728200078010559
0.05756189301609993
0.06030978634953499
0.06278815865516663
0.058005090802907944
0.0625673234462738
0.06082328408956528
0.06855591386556625
0.06012934073805809
0.05546867102384567
0.055267222225666046
0.05410834029316902
0.06666635721921921
0.05685131996870041
0.05511358007788658
0.05635707452893257
0.06244873255491257
0.05360516905784607
0.05468231439590454
0.053864169865846634
0.05884646996855736
0.06158393248915672
0.0581512525677681
0.05471058189868927
0.055566396564245224
0.053308673202991486
0.05670050159096718
0.05331937596201897
0.056135278195142746
0.05393192917108536
0.056491825729608536
0.06102024018764496
0.05356471985578537
0.06007867306470871
0.05718676373362541
0.053912632167339325
