no squeeze
1.821465015411377
0.5372284650802612
0.3153700828552246
0.22791749238967896
0.2202099859714508
0.1878049522638321
0.19888675212860107
0.1734587848186493
0.1520688384771347
0.1453903615474701
0.153340682387352
0.14424939453601837
0.14176037907600403
0.16425664722919464
0.12712045013904572
0.11846403032541275
0.14820760488510132
0.13745810091495514
0.10729465633630753
0.1211935430765152
0.1060970276594162
0.12184149771928787
0.10646790266036987
0.10274924337863922
0.11900414526462555
0.09415502846240997
0.09698817133903503
0.11575545370578766
0.10227710753679276
0.09100411087274551
0.11629091948270798
0.1050001010298729
0.10380663722753525
0.11838637292385101
0.10145162791013718
0.08984587341547012
0.1065901592373848
0.09307898581027985
0.11770683526992798
0.0867215096950531
0.08586835861206055
0.10354430973529816
0.0963098555803299
0.10054359585046768
0.09688296169042587
0.09352170675992966
0.08632601052522659
0.10550063103437424
0.08206099271774292
0.08253519982099533
0.07611868530511856
0.10813315212726593
0.09252432733774185
0.08563096821308136
0.10444086045026779
0.10767263919115067
0.09860914945602417
0.08935064822435379
0.07769229263067245
0.08525478094816208
0.07860559970140457
no squeeze
1.8513760566711426
0.5162169337272644
0.3094469904899597
0.27294641733169556
0.19633033871650696
0.19017371535301208
0.2000807672739029
0.174591064453125
0.14485478401184082
0.16700275242328644
0.14401616156101227
0.1345657855272293
0.12250588834285736
0.12946733832359314
0.12483128160238266
0.13506391644477844
0.10892388224601746
0.09986642003059387
0.10057219117879868
0.121104396879673
0.11485502868890762
0.10186585038900375
0.10066165775060654
0.09163214266300201
0.0986107662320137
0.08950893580913544
0.08944086730480194
0.09581920504570007
0.09445346146821976
0.11201071739196777
0.10241727530956268
0.10476584732532501
0.0795329213142395
0.08049146831035614
0.08859854191541672
0.09114806354045868
0.0915939137339592
0.09008945524692535
0.07769033312797546
0.09315943717956543
0.09157461673021317
0.11749114096164703
0.0955238789319992
0.07959809899330139
0.097902812063694
0.08330632746219635
0.10207381844520569
0.08661185204982758
0.08417032659053802
no squeeze
1.9353916645050049
0.8505809903144836
0.5603320598602295
0.44544491171836853
0.38502562046051025
0.32376110553741455
0.3060980439186096
0.26692548394203186
0.23092098534107208
0.25378501415252686
0.28817078471183777
0.2088496834039688
0.25667378306388855
0.26447537541389465
0.2007986307144165
0.17523989081382751
0.16594605147838593
0.19483262300491333
0.13946112990379333
0.21854352951049805
0.16705144941806793
0.15328842401504517
0.18077901005744934
0.15033555030822754
0.16564613580703735
0.15575261414051056
0.15562523901462555
0.19111186265945435
0.1569572240114212
no squeeze
2.1774353981018066
0.9210750460624695
0.6847338676452637
0.585978090763092
0.48614537715911865
0.4202654957771301
0.36954960227012634
0.3327842652797699
0.31488174200057983
0.2918687164783478
0.2655802369117737
0.2695160508155823
0.24697858095169067
0.21479767560958862
0.21176691353321075
0.19907024502754211
0.19998595118522644
0.17758649587631226
0.18731436133384705
0.167652428150177
0.16188575327396393
0.15433858335018158
0.14567360281944275
0.15314139425754547
0.16129514575004578
0.13978394865989685
0.13800804316997528
0.1278059035539627
0.13330525159835815
0.13012951612472534
0.12322083115577698
0.13589297235012054
0.1259768158197403
0.1257820874452591
0.12023574113845825
0.10815951973199844
0.116901695728302
0.11285830289125443
0.10224665701389313
0.11158452183008194
0.10757604986429214
0.11359324306249619
0.10639253258705139
0.10819335281848907
0.09598051756620407
0.10278095304965973
0.0999332070350647
0.09824719280004501
0.11446017026901245
0.0989094078540802
0.0879562646150589
0.10539740324020386
0.0952782854437828
0.08683112263679504
0.09200605005025864
0.09436583518981934
0.0972001925110817
0.09156658500432968
0.09221836924552917
0.08989119529724121
0.09224596619606018
0.09392378479242325
0.08595602959394455
0.08919766545295715
0.08786962181329727
0.07983680814504623
0.08137403428554535
0.08981139957904816
0.07823563367128372
0.08063247799873352
0.08324044197797775
0.07958188652992249
0.07565516978502274
0.073307566344738
0.10246643424034119
0.08527441322803497
0.07967862486839294
0.08430099487304688
0.07938394695520401
0.08651552349328995
0.08234131336212158
0.08529553562402725
0.07479280978441238
0.07575855404138565
no squeeze
2.07662034034729
0.665708065032959
0.4667774736881256
0.35909175872802734
0.30088919401168823
0.2616769075393677
0.21423856914043427
0.19160255789756775
0.17920349538326263
0.16779884696006775
0.16775555908679962
0.1547594666481018
0.14892160892486572
0.14804120361804962
0.13763637840747833
0.12351367622613907
0.12307143211364746
0.10782576352357864
0.1291140913963318
0.11557638645172119
0.10856619477272034
0.11187029629945755
0.11044736951589584
0.10978666692972183
0.09504534304141998
0.09128040820360184
0.09348616003990173
0.103256955742836
0.11096528172492981
0.09180418401956558
0.08694277703762054
0.07911444455385208
0.10201647877693176
0.08317366242408752
0.0868593379855156
0.07541423290967941
0.08547323197126389
0.07581710815429688
0.07590442895889282
0.07363996654748917
0.07828053832054138
0.08126241713762283
0.07308238744735718
0.07706698030233383
0.08474360406398773
0.0735204741358757
0.0752977803349495
0.06826494634151459
0.0724128782749176
0.07042648643255234
0.07024034112691879
0.06403075903654099
0.07247397303581238
0.06613984704017639
0.06738749146461487
0.06395497918128967
0.061241112649440765
0.06365064531564713
0.07017872482538223
0.06053575500845909
0.07182338088750839
0.07327031344175339
0.0629798099398613
0.06150263175368309
0.05745397135615349
0.06504648923873901
0.05779200792312622
0.060865309089422226
0.05893244966864586
0.07279154658317566
0.06331270933151245
0.06251806765794754
0.05776285007596016
0.06053849309682846
0.06335169076919556
no squeeze
1.2120190858840942
0.3340614140033722
0.17372854053974152
0.18070103228092194
0.1903844177722931
0.1491657942533493
0.13767392933368683
0.11235172301530838
0.1343599408864975
0.1503458172082901
0.14026883244514465
0.11835017055273056
0.11326319724321365
0.09616395831108093
0.14853160083293915
0.11129145324230194
0.12277842313051224
0.10265294462442398
0.09247446060180664
0.12609510123729706
0.09438955038785934
0.08757147192955017
0.09047717601060867
0.09541808068752289
0.08143690973520279
0.08549764752388
0.11135232448577881
0.08624977618455887
0.10699722170829773
0.11346011608839035
0.11938082426786423
0.09910749644041061
0.08458976447582245
0.08132189512252808
0.11109267175197601
0.14735563099384308
0.13628612458705902
0.0860297679901123
0.08834128081798553
0.0947866290807724
0.13520930707454681
0.10599541664123535
0.1034146323800087
0.07102282345294952
0.08786224573850632
0.11897370219230652
0.07890380918979645
0.08360686153173447
0.08214181661605835
0.06961720436811447
0.08221776783466339
0.07748120278120041
0.07782794535160065
0.10231098532676697
0.07803266495466232
0.08885273337364197
0.06960176676511765
0.09302385151386261
0.0893925279378891
0.08951704949140549
0.08327266573905945
0.1062726080417633
0.08407221734523773
0.0873006284236908
0.0782305896282196
0.0828520730137825
0.0869605541229248
