no squeeze
0.7901501655578613
0.19628174602985382
0.12316834926605225
0.0916280448436737
0.0752374604344368
0.06636422127485275
0.06427779048681259
0.05838816240429878
0.05524425208568573
0.052650559693574905
0.04781023785471916
0.05036545544862747
0.044033050537109375
0.050800811499357224
0.047219596803188324
0.04265407472848892
0.056558504700660706
0.04391077905893326
0.041492242366075516
0.04340370371937752
0.03989240899682045
0.04428921267390251
0.03873326629400253
0.039859939366579056
0.0363919734954834
0.04694569855928421
0.040156856179237366
0.037245191633701324
0.04294149577617645
0.03837571293115616
0.04539103806018829
0.03821893781423569
0.03947233781218529
0.03523648902773857
0.03489893302321434
0.03374975547194481
0.03597190976142883
0.035277556627988815
0.036635830998420715
0.03529931232333183
0.03761224448680878
0.040901366621255875
0.038810648024082184
0.0392233245074749
0.03380124643445015
0.04359004274010658
no squeeze
0.6889276504516602
0.19362367689609528
0.12639658153057098
0.0991077572107315
0.08307932317256927
0.07706014066934586
0.06656450778245926
0.058387577533721924
0.056917913258075714
0.05402952805161476
0.05289085954427719
0.05042114853858948
0.05276385322213173
0.05093946307897568
0.048829495906829834
0.05150966718792915
0.04270482063293457
0.045513737946748734
0.046586811542510986
0.04331199452280998
0.045573342591524124
0.040040817111730576
0.04060877859592438
0.04346033185720444
0.0399576760828495
0.038616396486759186
0.03759774565696716
0.04187651351094246
0.04399825632572174
0.041740577667951584
0.049397677183151245
0.04548671841621399
0.03951602801680565
0.0378715917468071
0.038312073796987534
0.041759882122278214
0.040171246975660324
no squeeze
0.9545090794563293
0.34561169147491455
0.21382512152194977
0.18439646065235138
0.14630219340324402
0.12134033441543579
0.1274973750114441
0.1223047524690628
0.10168823599815369
0.10945186764001846
0.08601690083742142
0.06921451538801193
0.07248485088348389
0.08695344626903534
0.06791624426841736
0.0629170686006546
0.07793629914522171
0.06868808716535568
0.07943993806838989
0.09886210411787033
0.06804981082677841
0.07669993489980698
0.06436461210250854
0.059386610984802246
0.060194745659828186
0.06830140948295593
0.051962677389383316
0.043714165687561035
0.04583991318941116
0.052403662353754044
0.06062472239136696
0.07191680371761322
0.059246331453323364
0.04395011439919472
0.05024684593081474
0.07957880198955536
0.05249194800853729
0.046794332563877106
no squeeze
0.9976351261138916
0.34912383556365967
0.26922306418418884
0.22213485836982727
0.1971205770969391
0.17448394000530243
0.1542188674211502
0.1339350789785385
0.13106413185596466
0.12627926468849182
0.10866051912307739
0.10308679193258286
0.1032935231924057
0.09785984456539154
0.09276776760816574
0.09021766483783722
0.08589058369398117
0.08027113229036331
0.08426422625780106
0.07703381031751633
0.07903166860342026
0.07181820273399353
0.07315602153539658
0.07296118140220642
0.07326419651508331
0.06632085144519806
0.064944326877594
0.06318466365337372
0.062096983194351196
0.06023513525724411
0.06049226224422455
0.056888874620199203
0.05932202190160751
0.061720941215753555
0.056916192173957825
0.05742553249001503
0.05420989543199539
0.05295487493276596
0.049663443118333817
0.0512949638068676
0.05111037567257881
0.0508052222430706
0.048331886529922485
0.050248876214027405
0.04806296154856682
0.049425289034843445
0.05031207203865051
0.04444868490099907
0.04648616909980774
0.04717252403497696
0.04453570395708084
0.0438578836619854
0.04230600968003273
0.04374396800994873
0.04071522504091263
0.041993316262960434
0.0396360382437706
0.043216805905103683
0.041449349373579025
0.04251031205058098
0.04120255261659622
0.04179919511079788
0.03788476809859276
0.03855806961655617
0.038255475461483
0.03857019171118736
0.038734402507543564
0.03795493021607399
0.03571655973792076
0.036266617476940155
0.03490062057971954
0.03702375665307045
0.03611098229885101
0.03604062274098396
0.037900444120168686
0.03685948625206947
0.03523506596684456
0.03656768798828125
0.03431068733334541
0.036731842905282974
0.03696044161915779
0.03552906960248947
0.035359758883714676
0.033713746815919876
0.03544341027736664
0.035291530191898346
0.03267182409763336
0.03277203068137169
0.03420941159129143
0.034575462341308594
0.034540437161922455
0.03383471816778183
0.033234525471925735
0.0324040986597538
0.030943091958761215
0.03225633129477501
0.03533013537526131
0.03470955416560173
0.03457929193973541
0.0337432436645031
0.031461670994758606
0.03454918786883354
0.031555939465761185
0.03475062549114227
0.032564420253038406
no squeeze
0.976369321346283
0.3305543065071106
0.22852420806884766
0.1777954399585724
0.15125194191932678
0.12445181608200073
0.11502288281917572
0.09564349055290222
0.08416666835546494
0.07488701492547989
0.0770634263753891
0.06392364948987961
0.06262287497520447
0.06134911999106407
0.057974811643362045
0.055217716842889786
0.051847413182258606
0.05114714428782463
0.04881839454174042
0.05043363571166992
0.04424252733588219
0.04361867159605026
0.043608054518699646
0.03941310942173004
0.03875190019607544
0.03725435584783554
0.03960789367556572
0.040029287338256836
0.036085233092308044
0.03493413329124451
0.03227461874485016
0.032622769474983215
0.03429726883769035
0.03083079122006893
0.03160737454891205
0.03229017183184624
0.03169523924589157
0.031020186841487885
0.029955502599477768
0.027389563620090485
0.029069306328892708
0.032959721982479095
0.029009582474827766
0.026858454570174217
0.02855721302330494
0.027340708300471306
0.02927759662270546
0.03055783174932003
0.02849735878407955
0.027244364842772484
0.026905696839094162
0.02489449642598629
0.02718081884086132
0.025579625740647316
0.024890048429369926
0.02473333664238453
0.023316266015172005
0.025180401280522346
0.024278875440359116
0.025167958810925484
0.02244439721107483
0.023282086476683617
0.022121133282780647
0.02186957187950611
0.022869694977998734
0.022606587037444115
0.022740760818123817
0.023695386946201324
0.023782406002283096
0.01923391968011856
0.02388124354183674
0.021552804857492447
0.021106863394379616
0.02055356837809086
0.02125393971800804
0.0203036367893219
0.019475607201457024
0.02045757696032524
0.020700424909591675
0.020135588943958282
no squeeze
0.6453195810317993
0.12623703479766846
0.08981265127658844
0.07602190226316452
0.07124719768762589
0.06616334617137909
0.0647081807255745
0.06354021281003952
0.06477827578783035
0.05793381482362747
0.05635187402367592
0.05938468500971794
0.06042902544140816
0.06341993808746338
0.06014711782336235
0.061688803136348724
0.06215095520019531
0.06918518990278244
0.06361199915409088
0.06112603470683098
0.05733807384967804
