no squeeze
0.8315134048461914
0.21002615988254547
0.14303456246852875
0.1090969517827034
0.08732952177524567
0.07325143367052078
0.07132221013307571
0.06476406008005142
0.060416221618652344
0.05000462010502815
0.04891004413366318
0.048834655433893204
0.0464511439204216
0.043645501136779785
0.04550476744771004
0.04359208419919014
0.04090949520468712
0.04029223695397377
0.04878663271665573
0.04003914073109627
0.03492886573076248
0.03597482666373253
0.03569547459483147
0.03516838699579239
0.03300830349326134
0.034592803567647934
0.03462151065468788
0.03196436166763306
0.038410451263189316
0.033782754093408585
0.03420610353350639
0.031220916658639908
0.033702462911605835
0.031780943274497986
0.03214314579963684
0.029815424233675003
0.03270638361573219
0.03137384355068207
0.03354306519031525
0.03476421907544136
0.03365437313914299
0.030508674681186676
0.02891811728477478
0.036386363208293915
0.031232764944434166
0.03478272259235382
0.029116198420524597
0.032886624336242676
0.03147367015480995
0.03590985760092735
0.03479496389627457
0.03829207643866539
0.03440200909972191
no squeeze
0.7086318731307983
0.1919189989566803
0.12859788537025452
0.09383806586265564
0.07488707453012466
0.06468077003955841
0.05569856986403465
0.04654761776328087
0.04552970081567764
0.04318265989422798
0.0395781435072422
0.039668381214141846
0.039275698363780975
0.03779977560043335
0.033795569092035294
0.04323792830109596
0.03025345504283905
0.028061218559741974
0.028134698048233986
0.026182496920228004
0.02725408598780632
0.028404897078871727
0.027246322482824326
0.025969984009861946
0.023280883207917213
0.025055207312107086
0.022807588800787926
0.020936669781804085
0.02067513018846512
0.025749245658516884
0.02497534267604351
0.024885842576622963
0.022530904039740562
0.020924236625432968
0.01763152703642845
0.01941988430917263
0.019829846918582916
0.024723945185542107
0.01745452731847763
0.019069677218794823
0.020764252170920372
0.020981401205062866
0.017110148444771767
0.023575806990265846
0.024503571912646294
0.017750831320881844
0.01830280013382435
0.018970225006341934
0.0232753437012434
0.022879118099808693
0.016254058107733727
0.01653214544057846
0.01492194551974535
0.013293640688061714
0.015290316194295883
0.019144421443343163
0.015455287881195545
0.0189595315605402
0.016171133145689964
0.013481729663908482
0.018763666972517967
0.016091179102659225
0.016551006585359573
0.016735512763261795
no squeeze
0.9800969362258911
0.38659799098968506
0.2513546645641327
0.1911526471376419
0.14960519969463348
0.13087458908557892
0.12050839513540268
0.11093810200691223
0.08973246812820435
0.09088665246963501
0.09169536828994751
0.08119288086891174
0.10040201246738434
0.08103698492050171
0.07189886271953583
0.06533773988485336
0.05761276185512543
0.05864682048559189
0.049454402178525925
0.06670792400836945
0.0561414435505867
0.06925118714570999
0.09596873819828033
0.05889417231082916
0.04974471032619476
0.03817565366625786
0.03725885599851608
0.038535382598638535
0.03443032130599022
0.04115036129951477
0.032556336373090744
0.035047225654125214
0.03472645953297615
0.0354311503469944
0.040817439556121826
0.0323360338807106
0.029699353501200676
0.0588839091360569
0.0363948792219162
0.026461701840162277
0.03257055580615997
0.030786916613578796
0.0421757698059082
0.04165742173790932
0.03682573884725571
0.028033945709466934
0.027456501498818398
0.030900640413165092
0.03454752266407013
0.029744889587163925
no squeeze
0.9541409611701965
0.39499080181121826
0.32118022441864014
0.26484256982803345
0.23097483813762665
0.20546561479568481
0.18140721321105957
0.1686110943555832
0.1481529027223587
0.14127132296562195
0.12719354033470154
0.12297491729259491
0.11674942076206207
0.10744117200374603
0.10084543377161026
0.0954204574227333
0.09496233612298965
0.09005499631166458
0.08974958956241608
0.08114304393529892
0.07774735987186432
0.07662390172481537
0.07507822662591934
0.07302650064229965
0.0729285478591919
0.06905265897512436
0.0663067102432251
0.06797758489847183
0.06371498852968216
0.06507803499698639
0.06012730300426483
0.05909270793199539
0.060492485761642456
0.05694861710071564
0.05466426908969879
0.05474887415766716
0.05236231908202171
0.05699508637189865
0.05348021909594536
0.0513816773891449
0.05217999592423439
0.05093353986740112
0.05179409682750702
0.049147672951221466
0.04873870313167572
0.05756198614835739
0.04629027470946312
0.04802804812788963
0.049103498458862305
0.04681988060474396
0.043480467051267624
0.04734513908624649
0.04397435113787651
0.045811984688043594
0.04875245317816734
0.044660791754722595
0.04910825937986374
0.0420682430267334
0.04264989122748375
0.04404054209589958
0.041063714772462845
0.04184119403362274
0.04146183282136917
0.04194013401865959
0.04069165140390396
0.04203742370009422
0.03871116042137146
0.03989074006676674
0.03998839855194092
0.039402589201927185
0.039487455040216446
0.03855056315660477
0.03598117083311081
0.03786660358309746
0.03723001107573509
0.04027397185564041
0.03461366146802902
0.03626399114727974
0.03659212961792946
0.036750245839357376
0.036144521087408066
0.03454285487532616
0.0343768410384655
0.03671389818191528
0.03854632377624512
0.039013128727674484
0.0368824303150177
0.0354267917573452
0.03605739399790764
0.03456202149391174
0.03523540124297142
0.034287843853235245
0.03384322300553322
0.032509393990039825
0.03367507457733154
0.03742958977818489
0.035792697221040726
0.035533227026462555
0.03310002014040947
0.03466174378991127
0.03349786996841431
0.03416920825839043
0.033540647476911545
0.03330729529261589
no squeeze
0.7647334933280945
0.26524561643600464
0.18650677800178528
0.13975878059864044
0.12468460202217102
0.10411668568849564
0.09606698900461197
0.08478891104459763
0.07771608233451843
0.07282261550426483
0.06681916117668152
0.06074010208249092
0.05847793072462082
0.0560586042702198
0.05028955265879631
0.05011667683720589
0.04703983664512634
0.04561838507652283
0.0455172099173069
0.04399013891816139
0.04400075972080231
0.039644528180360794
0.0381975956261158
0.03917716443538666
0.03687816858291626
0.03508096560835838
0.03793848678469658
0.03444823622703552
0.03311114385724068
0.03301825374364853
0.02965732291340828
0.030862396582961082
0.03002338856458664
0.02828730270266533
0.03226833418011665
0.02957526035606861
0.02787521854043007
0.027587834745645523
0.02599726989865303
0.02780803106725216
0.029741093516349792
0.02621516026556492
0.026670128107070923
0.027900639921426773
0.02934987284243107
0.023320123553276062
0.0254993699491024
0.022815121337771416
0.024222897365689278
0.02400624006986618
0.028263628482818604
0.027969947084784508
0.022311585023999214
0.025513431057333946
0.020729374140501022
0.021065961569547653
0.024113662540912628
0.02177567034959793
0.024191206321120262
0.021739432588219643
0.02028137445449829
0.020846832543611526
0.020582253113389015
0.021918591111898422
0.020765144377946854
0.02126588672399521
0.01828922890126705
0.02073129266500473
0.020955625921487808
0.02147681638598442
0.01917969435453415
0.018720006570219994
0.01895030215382576
0.020476585254073143
0.01730250008404255
0.01824077218770981
0.02176855318248272
0.020256249234080315
0.017207978293299675
0.019953986629843712
0.019812026992440224
0.0201973095536232
0.018395738676190376
0.018637634813785553
0.017111124470829964
0.017780281603336334
0.019411422312259674
0.017858045175671577
0.018014440312981606
0.01680690050125122
0.01626638136804104
0.016631700098514557
0.017945358529686928
0.017865512520074844
0.018775204196572304
0.018879838287830353
0.01666528731584549
0.01587207429111004
0.016070200130343437
0.018534118309617043
0.015278121456503868
0.01723913475871086
0.018873974680900574
0.01826830580830574
0.01608470268547535
0.014360946603119373
0.017419008538126945
0.015044313855469227
0.014906746335327625
0.014430979266762733
0.01569994166493416
0.01597077213227749
0.014747957699000835
0.015158131718635559
0.01637469232082367
0.016222389414906502
no squeeze
0.5805333256721497
0.16690149903297424
0.12041553109884262
0.08728573471307755
0.07838995009660721
0.08107191324234009
0.06748226284980774
0.0650881677865982
0.06492509692907333
0.06075992062687874
0.062087852507829666
0.06286291778087616
0.06452159583568573
0.07341951876878738
0.06425265967845917
0.0639624372124672
0.06357748061418533
0.05865373834967613
0.06088777258992195
0.058043286204338074
0.05973358452320099
0.07381683588027954
0.06549213081598282
0.06141141057014465
0.059894151985645294
0.06752853840589523
0.07053881138563156
0.06007160246372223
0.0631830096244812
0.05828593671321869
