no squeeze
1.2680069208145142
0.4468531906604767
0.25864794850349426
0.1990765929222107
0.15604396164417267
0.14699696004390717
0.1146075576543808
0.11053355783224106
0.09514982253313065
0.0856463611125946
0.09153756499290466
0.07933233678340912
0.07625160366296768
0.07192624360322952
0.08417239785194397
0.0742359459400177
0.0659044161438942
0.07025036960840225
0.06429247558116913
0.06296589970588684
0.06464258581399918
0.06390658020973206
0.062269385904073715
0.05253637209534645
0.061579011380672455
0.059878263622522354
0.05667788162827492
0.053997259587049484
0.05365538224577904
0.05574831739068031
0.050150468945503235
0.04948308691382408
0.05024949833750725
0.06541895121335983
0.05612687021493912
0.05426286160945892
0.06151324138045311
0.05285929888486862
0.059886906296014786
0.048989877104759216
0.05582363158464432
0.050790149718523026
0.05255037173628807
0.0491001270711422
0.048389945179224014
0.04603942111134529
0.05831790342926979
0.04492633789777756
0.042776789516210556
0.04813914746046066
0.046987712383270264
0.050344355404376984
0.05036770924925804
0.0464402511715889
0.049076203256845474
0.050003211945295334
0.048018813133239746
0.04563168063759804
0.04608840122818947
no squeeze
1.2729105949401855
0.42506474256515503
0.23873938620090485
0.1726980358362198
0.140110045671463
0.12125176191329956
0.10656203329563141
0.09255335479974747
0.09338097274303436
0.07687725126743317
0.07887045294046402
0.07625934481620789
0.06699369847774506
0.07011715322732925
0.06692416220903397
0.06591539829969406
0.06592068076133728
0.06222487986087799
0.06283017992973328
0.058624137192964554
0.055883683264255524
0.05365825071930885
0.05534793436527252
0.05112862214446068
0.05753503367304802
0.05658269301056862
0.05241640284657478
0.053958725184202194
0.0620507076382637
0.06506970524787903
0.05865919217467308
0.04886413738131523
0.04514437913894653
0.046421490609645844
0.04723595827817917
0.0432615727186203
0.04781864210963249
0.04435449093580246
0.04900648444890976
0.044053029268980026
0.04585886374115944
0.04671784117817879
0.05015205219388008
0.05560896173119545
0.04186926782131195
0.05801307410001755
0.05047396570444107
0.044954732060432434
0.04397258535027504
0.04896405339241028
0.04326711967587471
0.04120539128780365
0.043239299207925797
0.04135308787226677
0.04246291518211365
0.04284263402223587
0.04988066852092743
0.05074215307831764
0.04662083834409714
0.041989248245954514
0.04126197099685669
0.04063663259148598
0.04145471379160881
0.04568850249052048
0.040450673550367355
0.0405191034078598
0.04707572981715202
0.04055260494351387
0.038653552532196045
0.04410741478204727
0.044547684490680695
0.03852628171443939
0.04211873561143875
0.038097646087408066
0.03901829570531845
0.040359217673540115
0.04515580087900162
0.038195159286260605
0.04377439618110657
0.037651918828487396
0.04089431092143059
0.04364554584026337
0.04002951458096504
0.041861556470394135
0.03735343739390373
0.03640906885266304
0.03620271012187004
0.03734011948108673
0.037202224135398865
0.03540733829140663
0.03280401602387428
0.04254917427897453
0.03774736076593399
0.03713483735918999
0.042359858751297
0.03489479050040245
0.04059763252735138
0.036436259746551514
0.04405117779970169
0.040296584367752075
0.039566345512866974
no squeeze
1.6288366317749023
0.6859052777290344
0.46110036969184875
0.37564682960510254
0.2979992628097534
0.23559392988681793
0.2131538987159729
0.18703870475292206
0.1679352968931198
0.1547996997833252
0.14315910637378693
0.13594181835651398
0.14498063921928406
0.12639003992080688
0.105277881026268
0.133673757314682
0.11208737641572952
0.10154535621404648
0.09117662161588669
0.11183971911668777
0.12529684603214264
0.08144208043813705
0.07064951211214066
0.0884036123752594
0.07334746420383453
0.06949339061975479
0.07773436605930328
0.0691814050078392
0.06361380219459534
0.0707520842552185
0.07068375498056412
0.06338144838809967
0.05949992686510086
0.08540797978639603
0.07538162171840668
0.06674874573945999
0.05704224854707718
0.061955541372299194
0.06538695096969604
0.06065205857157707
0.05731230601668358
0.0560772642493248
0.06440345197916031
0.0744207575917244
0.06670047342777252
0.06679753214120865
0.075651153922081
0.051648933440446854
0.05199272930622101
0.051611628383398056
0.04557769000530243
0.04171546921133995
0.05504828318953514
0.0560392364859581
0.08213892579078674
0.060502827167510986
0.055650897324085236
0.04908664897084236
0.047593146562576294
0.0589638389647007
0.05369139835238457
0.047448959201574326
no squeeze
1.5232316255569458
0.7492174506187439
0.5920025706291199
0.4925452768802643
0.42560523748397827
0.3660397231578827
0.32243937253952026
0.2954041063785553
0.2648555040359497
0.24480260908603668
0.21852733194828033
0.20815566182136536
0.1929018646478653
0.17521992325782776
0.17015035450458527
0.16006113588809967
0.14964790642261505
0.1469084918498993
0.14018742740154266
0.13116355240345
0.1258227825164795
0.12450230866670609
0.12070239335298538
0.11277353763580322
0.11212784051895142
0.10566716641187668
0.1003534197807312
0.10220225155353546
0.09445659816265106
0.09502828866243362
0.08523070067167282
0.0880691409111023
0.08337171375751495
0.08427061885595322
0.08137841522693634
0.0760846734046936
0.07525579631328583
0.07286722958087921
0.07489541172981262
0.07012202590703964
0.06981956958770752
0.07286671549081802
0.06828311830759048
0.06415583938360214
0.06271097809076309
0.06605368107557297
0.05880602076649666
0.062670037150383
0.05925898626446724
0.0581866055727005
0.05396058410406113
0.05464660003781319
0.05454416200518608
0.05438704788684845
0.05398526042699814
0.054145559668540955
0.05100070312619209
0.04730435088276863
0.048309069126844406
0.049135372042655945
0.05161504074931145
0.04502993822097778
0.04475906118750572
0.04540742188692093
0.04720073938369751
0.04657085984945297
0.04537283629179001
0.041053853929042816
0.04627105966210365
0.049644120037555695
0.040941521525382996
0.04317759722471237
0.040938206017017365
0.041408978402614594
0.03919179365038872
0.038351014256477356
0.038331884890794754
0.04043489694595337
0.037824422121047974
0.03648650646209717
0.04195721819996834
0.04031352698802948
0.03679560497403145
0.03638050705194473
0.03890271484851837
0.0345982126891613
0.036954645067453384
0.034703608602285385
0.03501399978995323
0.03480319306254387
0.033256713300943375
0.03429717943072319
0.03563513979315758
0.0346507765352726
0.03718528151512146
0.0367547869682312
0.03339855372905731
0.03261549398303032
0.03268297761678696
0.034067537635564804
0.034113865345716476
0.03380854055285454
0.03164929524064064
0.0328216627240181
0.03139761835336685
0.03129691258072853
0.03264056518673897
0.0294243935495615
0.030699988827109337
0.03298122435808182
0.03035544417798519
0.03306911885738373
0.029094958677887917
0.027980003505945206
0.031904157251119614
0.030066926032304764
0.02729959413409233
0.029665153473615646
0.02871856838464737
0.028889743611216545
0.029377788305282593
0.02930472232401371
0.029291322454810143
0.029591336846351624
0.030431928113102913
0.02698102593421936
0.02721981704235077
0.028827833011746407
0.028037607669830322
0.028656385838985443
0.026269931346178055
0.025798704475164413
0.025937730446457863
0.02719833143055439
0.027084849774837494
0.025484977290034294
0.028467044234275818
0.02772894687950611
0.02518325485289097
0.026584060862660408
0.025403177365660667
0.026670029386878014
0.024647986516356468
0.024544863030314445
0.02514391578733921
0.029130665585398674
0.02558084949851036
0.026447074487805367
0.024959320202469826
0.029011128470301628
0.022996433079242706
0.024803197011351585
0.02253091149032116
0.024176089093089104
0.022369902580976486
0.027594594284892082
0.02820608764886856
0.022992979735136032
0.02440495602786541
0.02335202693939209
0.02487168088555336
0.026322705671191216
0.02389521151781082
0.023000923916697502
0.023586507886648178
no squeeze
1.5440378189086914
0.5768561959266663
0.3549674451351166
0.2533266544342041
0.1918727457523346
0.15661963820457458
0.13492074608802795
0.11026226729154587
0.09622704982757568
0.08831031620502472
0.07688478380441666
0.06647446006536484
0.0633707270026207
0.0666399672627449
0.053512606769800186
0.04959673434495926
0.04552272707223892
0.042771369218826294
0.042050473392009735
0.037060242146253586
0.04045486077666283
0.03380671143531799
0.03343605250120163
0.030485883355140686
0.030015677213668823
0.02973940782248974
0.028585726395249367
0.025505799800157547
0.02550429105758667
0.02499675191938877
0.024235187098383904
0.022800195962190628
0.02009599655866623
0.018601708114147186
0.019529543817043304
0.019457366317510605
0.018629293888807297
0.019645877182483673
0.016674963757395744
0.018204975873231888
0.016181590035557747
0.016508454456925392
0.017004024237394333
0.015852687880396843
0.014595321379601955
0.01523791253566742
0.013388212770223618
0.012703781016170979
0.013832805678248405
0.01399910543113947
0.013449923135340214
0.012638104148209095
0.012611035257577896
0.011876496486365795
0.013202399015426636
0.011258263140916824
0.013179688714444637
0.015182677656412125
0.010965204797685146
0.010499594733119011
0.010536537505686283
0.010434532538056374
0.014146287925541401
0.009836878627538681
0.008840053342282772
0.009146802127361298
0.008757823146879673
0.008732582442462444
0.009193739853799343
0.007932950742542744
0.008027223870158195
0.008163470774888992
0.008399021811783314
0.007675025146454573
0.009100895375013351
0.007718514651060104
0.009450087323784828
0.0080006318166852
0.007310873828828335
0.00809308048337698
0.007692623883485794
0.008192152716219425
0.008171895518898964
0.008217995055019855
0.007036533206701279
0.008799676783382893
0.0057800463400781155
0.006660418584942818
0.009258657693862915
0.0061782109551131725
0.006417238153517246
0.006035399157553911
0.007522167172282934
0.005696799606084824
0.005799322854727507
0.005770039279013872
0.006291029509156942
0.006495944224298
0.006445592734962702
0.006473293527960777
0.005964753217995167
0.005218564998358488
0.005107490811496973
0.005753921344876289
0.007479740306735039
0.004376957193017006
0.0048770117573440075
0.00574538204818964
0.004887780640274286
0.00494751613587141
0.004799710586667061
0.005160261876881123
0.004771129228174686
0.005051035434007645
0.004400923382490873
0.004583101253956556
no squeeze
1.3666696548461914
0.4171736240386963
0.24476522207260132
0.1757408231496811
0.17799994349479675
0.18218235671520233
0.13297992944717407
0.1326373666524887
0.13249245285987854
0.10411684215068817
0.1261635273694992
0.13021531701087952
0.117250457406044
0.09287349879741669
0.08692348748445511
0.09749547392129898
0.10508465021848679
0.09200681000947952
0.09765364229679108
0.07758364081382751
0.07352053374052048
0.08849779516458511
0.09187917411327362
0.07786254584789276
0.09632288664579391
0.1092633306980133
0.08829687535762787
0.07837383449077606
0.07880940288305283
0.07326832413673401
0.07155627012252808
0.07669006288051605
0.08722135424613953
0.07354216277599335
0.10486030578613281
0.0743657723069191
0.07321462780237198
0.0860583484172821
0.08102870732545853
0.08332297950983047
0.0746256411075592
