no squeeze
0.7851311564445496
0.27171868085861206
0.18136554956436157
0.13205808401107788
0.09456770867109299
0.090332992374897
0.07062017917633057
0.06539762765169144
0.05964597314596176
0.05286843329668045
0.04933467134833336
0.04944019764661789
0.045791298151016235
0.04675919562578201
0.06321759521961212
0.04211372509598732
0.03931685909628868
0.040072835981845856
0.04084848612546921
0.04045085236430168
0.034491073340177536
0.03792345151305199
0.03640086203813553
0.038752201944589615
0.03809737786650658
0.03661593049764633
0.03513822704553604
0.0382596030831337
0.03558995947241783
0.03477063030004501
0.03679792210459709
no squeeze
0.9072533249855042
0.2282344549894333
0.17178982496261597
0.11417563259601593
0.09325187653303146
0.07396751642227173
0.06674859672784805
0.062021058052778244
0.06118994578719139
0.05389077216386795
0.05391179025173187
0.04709731414914131
0.049737878143787384
0.049111705273389816
0.06335646659135818
0.04163061082363129
0.05492749437689781
0.04157727584242821
0.04676194116473198
0.04158077389001846
0.04739690199494362
0.04308067262172699
0.04185996949672699
0.0409562923014164
0.03822588548064232
0.04184134304523468
0.04147189483046532
0.04023127630352974
0.04134897515177727
0.039433956146240234
0.05702383443713188
0.04458869993686676
0.041217073798179626
0.04968075081706047
0.035329319536685944
0.04395528882741928
0.036680400371551514
0.03904569521546364
0.04509440436959267
0.037142712622880936
0.03266149386763573
0.03764847666025162
0.034593794494867325
0.044783566147089005
0.03643554076552391
0.062411390244960785
0.039867423474788666
0.03335830196738243
0.04243382811546326
0.036499399691820145
0.032556433230638504
0.0360557995736599
0.03543654456734657
0.03557083383202553
0.03020533360540867
0.050307437777519226
0.03508884087204933
0.035449668765068054
0.03328387811779976
0.04403150826692581
0.035867150872945786
0.03430328145623207
0.032815199345350266
0.033167123794555664
0.03288474678993225
no squeeze
0.7414014935493469
0.3464367091655731
0.22595888376235962
0.17310988903045654
0.1707465797662735
0.14002811908721924
0.14129063487052917
0.12247411161661148
0.111847423017025
0.11067216098308563
0.1196681410074234
0.08269242197275162
0.07888870686292648
0.07841215282678604
0.10017404705286026
0.06371134519577026
0.05852911248803139
0.07299134135246277
0.0667615681886673
0.06059487164020538
0.06716661900281906
0.07270035147666931
0.06672351062297821
0.05840400606393814
0.06266912072896957
0.06466148048639297
0.060550857335329056
0.05377746373414993
0.05072871595621109
0.04338966682553291
0.05188973993062973
0.05270102992653847
0.04737164080142975
0.04363445192575455
0.06268288195133209
0.05222947150468826
0.050372567027807236
0.058343496173620224
0.04456828907132149
0.03892521932721138
0.052763111889362335
0.04280680790543556
0.05911828577518463
0.053076039999723434
0.04379924014210701
0.04075232893228531
0.04664841294288635
0.03729793056845665
0.0391351543366909
0.03648225963115692
0.039587490260601044
0.044245395809412
0.05822174996137619
0.04467759281396866
0.059473223984241486
0.0368046835064888
0.04443316161632538
0.03629666194319725
0.03853878751397133
0.034403033554553986
0.03530403971672058
0.044766608625650406
0.037798602133989334
0.048293840140104294
0.04678869992494583
0.04402582719922066
0.041912663727998734
0.048215992748737335
0.048399634659290314
0.03680096194148064
no squeeze
1.051729679107666
0.45183464884757996
0.3549323081970215
0.3071295917034149
0.2666011154651642
0.23608598113059998
0.19828730821609497
0.18129059672355652
0.17018143832683563
0.14988496899604797
0.14008314907550812
0.13125728070735931
0.12369750440120697
0.11490985006093979
0.11316920071840286
0.10006468743085861
0.09966940432786942
0.09414568543434143
0.08794714510440826
0.08420125395059586
0.08206804096698761
0.08135176450014114
0.07758428156375885
0.07388041913509369
0.0722397193312645
0.07772625237703323
0.07022033631801605
0.0664614737033844
0.06397835165262222
0.063745878636837
0.06583578139543533
0.06304074823856354
0.06525839120149612
0.06203997880220413
0.05988513305783272
0.05960632860660553
0.05425649136304855
0.05825982615351677
0.06216369569301605
0.05351494997739792
0.051616910845041275
0.053737785667181015
0.054109204560518265
0.0496680922806263
0.05334343761205673
0.04951450601220131
0.04878554493188858
0.05196189880371094
0.05254964902997017
0.04925807565450668
0.04668398201465607
0.05017520487308502
0.04856138676404953
0.04964745044708252
0.04522637277841568
0.0454670712351799
0.045688334852457047
0.04468550160527229
0.043527960777282715
0.04701851308345795
0.0444144532084465
0.04362834244966507
0.04305359348654747
0.043975964188575745
0.03952937573194504
0.042189791798591614
0.04101569205522537
0.04223101958632469
0.03978068381547928
0.04255259782075882
0.0389789454638958
0.03993833810091019
0.04103236645460129
0.04046575725078583
0.038102906197309494
0.03987828269600868
0.037512846291065216
0.04039643704891205
0.037121642380952835
0.038456398993730545
0.0377994179725647
0.03649097681045532
0.038527507334947586
0.035963475704193115
0.03548623248934746
0.03660185635089874
0.038931578397750854
0.036063872277736664
0.03450561687350273
0.0369889959692955
0.03751412779092789
0.034048859030008316
0.03488948568701744
0.034311071038246155
0.03555097058415413
0.03444724902510643
0.03348091244697571
0.03478221222758293
0.03420146554708481
0.032511040568351746
0.036195944994688034
0.035191867500543594
0.03265613690018654
0.031883805990219116
0.035773035138845444
0.0331699438393116
0.034223321825265884
0.03156697750091553
0.03293526545166969
0.0308726467192173
0.03285817429423332
0.0317910872399807
0.02948383241891861
0.030978262424468994
0.030892325565218925
0.0347503237426281
0.029666496440768242
0.031008118763566017
0.0311958659440279
0.033359598368406296
0.030376901850104332
0.035894446074962616
0.03130040317773819
no squeeze
0.9305155873298645
0.2591592073440552
0.18859848380088806
0.15362592041492462
0.126909077167511
0.10337749123573303
0.09213762730360031
0.08659866452217102
0.071798175573349
0.06992495059967041
0.06282465159893036
0.06402376294136047
0.060203004628419876
0.05427177995443344
0.05407193303108215
0.052076514810323715
0.047808557748794556
0.04771348088979721
0.04451724514365196
0.042679302394390106
0.04134579002857208
0.03949170187115669
0.04365439713001251
0.038107503205537796
0.038141943514347076
0.03922010585665703
0.036271654069423676
0.037603218108415604
0.03531324490904808
0.036192283034324646
0.035460587590932846
0.0333775132894516
0.030708858743309975
0.03135668486356735
0.030413057655096054
0.031203296035528183
0.0325036346912384
0.03256331384181976
0.02757090888917446
0.02675842121243477
0.026257749646902084
0.02564934454858303
0.02770073339343071
0.026429861783981323
0.029352113604545593
0.026989107951521873
0.027174392715096474
0.03062819130718708
0.02584500052034855
0.02806752733886242
0.029059572145342827
0.02283398061990738
0.022427354007959366
0.024867478758096695
0.03138767182826996
0.022990435361862183
0.021875137463212013
0.026125270873308182
0.024286068975925446
0.025436636060476303
0.02163105271756649
0.02314901165664196
0.025653976947069168
0.025003068149089813
0.021814150735735893
0.022017741575837135
0.021228766068816185
0.019530905410647392
0.022839387878775597
0.022103458642959595
0.021146828308701515
0.021160786971449852
0.02235899679362774
0.020352274179458618
0.019410278648138046
0.021373357623815536
0.02109193615615368
0.020787525922060013
0.019833244383335114
0.023238960653543472
0.021612754091620445
0.01889789290726185
0.02252359129488468
0.022488867864012718
0.023154575377702713
0.02195669896900654
0.02032405696809292
0.018456246703863144
0.018619844689965248
0.018891500309109688
0.01819455623626709
0.019835392013192177
0.021273041144013405
0.019419893622398376
0.020059002563357353
0.020288236439228058
0.019100908190011978
0.019373860210180283
0.018675804138183594
0.021260125562548637
0.017924873158335686
0.019107919186353683
0.020960470661520958
0.017967741936445236
0.019203124567866325
0.018538756296038628
0.01701623573899269
0.01767048053443432
0.016687000170350075
0.0199735090136528
0.018673541024327278
0.017366454005241394
0.018709560856223106
0.015209709294140339
0.015745511278510094
0.01578557677567005
0.02014906145632267
0.01636938378214836
0.017878767102956772
0.015678267925977707
0.016596661880612373
0.01672535203397274
0.015787214040756226
0.017182936891913414
no squeeze
0.7831407785415649
0.21666668355464935
0.11418657749891281
0.0956004187464714
0.083420030772686
0.07497172057628632
0.08378484845161438
0.09221308678388596
0.07905060797929764
0.09720214456319809
0.07296653836965561
0.07390297949314117
0.07325820624828339
0.06602583080530167
0.07562505453824997
0.07974914461374283
0.08683905005455017
0.06678571552038193
0.07143457978963852
0.06722739338874817
0.06944836676120758
0.0899345651268959
0.07809595763683319
0.07289910316467285
