0	0	12.269181251525879

0	312	7.100221157073975

0	624	5.0374674797058105

0	936	3.9435384273529053

1	0	3.126988649368286

1	312	2.5748443603515625

1	624	2.341433525085449

1	936	1.9911956787109375

2	0	1.8460685014724731

2	312	1.6578491926193237

2	624	1.5295684337615967

2	936	1.4644988775253296

3	0	1.3355633020401

3	312	1.2435640096664429

3	624	1.23699951171875

3	936	1.15755295753479

4	0	1.0797520875930786

4	312	1.2881622314453125

4	624	0.9628844857215881

4	936	0.9308688640594482

5	0	0.8815931081771851

5	312	0.8956292867660522

5	624	0.9972019791603088

5	936	0.5148467421531677

6	0	0.36203238368034363

6	312	0.2995419204235077

6	624	0.364340215921402

6	936	0.17761945724487305

7	0	0.12606987357139587

7	312	0.09107476472854614

7	624	0.11257925629615784

7	936	0.06278961151838303

8	0	0.0843808650970459

8	312	0.04043759033083916

8	624	0.03424995765089989

8	936	0.07850091904401779

9	0	0.023735884577035904

9	312	0.0314553901553154

9	624	0.07177655398845673

9	936	0.021331263706088066

10	0	0.013173867017030716

10	312	0.010014893487095833

10	624	0.116962730884552

10	936	0.01922048069536686

11	0	0.007643102202564478

11	312	0.06865750253200531

11	624	0.021200673654675484

11	936	0.1484474390745163

12	0	0.013273985125124454

12	312	0.006371400784701109

12	624	0.003415361512452364

12	936	0.06917761266231537

13	0	0.019807059317827225

13	312	0.0036242674104869366

13	624	0.003460664302110672

13	936	0.030389627441763878

0	0	12.216955184936523

0	312	7.230371952056885

0	624	5.334704875946045

0	936	4.322727203369141

1	0	3.4202497005462646

1	312	2.967655897140503

1	624	2.386805772781372

1	936	2.0413615703582764

2	0	1.9088451862335205

2	312	1.6900272369384766

2	624	1.4878371953964233

2	936	1.4317705631256104

3	0	1.3694372177124023

3	312	1.2431342601776123

3	624	1.233332633972168

3	936	1.0114045143127441

4	0	1.0253311395645142

4	312	0.9076916575431824

4	624	1.0552159547805786

4	936	0.7399046421051025

5	0	0.5193288326263428

5	312	0.39414650201797485

5	624	0.4171406626701355

5	936	0.31624117493629456

6	0	0.6024022698402405

6	312	0.19978953897953033

6	624	0.15206189453601837

6	936	0.11122967302799225

7	0	0.29663342237472534

7	312	0.07798804342746735

7	624	0.08768084645271301

7	936	0.04598183557391167

8	0	0.08658893406391144

8	312	0.050743184983730316

8	624	0.047004155814647675

8	936	0.02725685015320778

9	0	0.01627565547823906

9	312	0.014822008088231087

9	624	0.4510580897331238

9	936	0.10623426735401154

10	0	0.02872409112751484

10	312	0.046100594103336334

10	624	0.016134193167090416

10	936	0.01584232598543167

0	0	12.242386817932129

0	312	8.334712028503418

0	624	6.1718573570251465

0	936	4.8807501792907715

1	0	4.0135111808776855

1	312	3.8190906047821045

1	624	3.336987018585205

1	936	2.9720733165740967

2	0	2.4496452808380127

2	312	2.2868504524230957

2	624	2.171234607696533

2	936	1.9782664775848389

3	0	1.7790377140045166

3	312	1.712638020515442

3	624	1.5183331966400146

3	936	1.529341220855713

4	0	1.4908802509307861

4	312	1.373267412185669

4	624	1.2639861106872559

4	936	1.1543147563934326

5	0	0.9048122763633728

5	312	0.8921762704849243

5	624	0.650770902633667

5	936	0.483376145362854

6	0	0.5852734446525574

6	312	0.267208456993103

6	624	0.32799115777015686

6	936	0.2441200166940689

7	0	0.1670311838388443

7	312	0.10789627581834793

7	624	0.12203171849250793

7	936	0.15866877138614655

8	0	0.09074922651052475

8	312	0.047751013189554214

8	624	0.12980501353740692

8	936	0.2090289145708084

9	0	0.03376210108399391

9	312	0.03228475898504257

9	624	0.010460997000336647

9	936	0.0112850246950984

10	0	0.29368481040000916

10	312	0.33272871375083923

10	624	0.03229856863617897

10	936	0.4073307514190674

0	0	12.254378318786621

0	312	8.454880714416504

0	624	5.771012783050537

0	936	4.86107873916626

1	0	4.109338760375977

1	312	3.786099910736084

1	624	3.616574764251709

1	936	3.3112127780914307

2	0	2.982722759246826

2	312	2.7276222705841064

2	624	2.499802589416504

2	936	2.366569757461548

3	0	2.0180954933166504

3	312	1.8886326551437378

3	624	1.6654268503189087

3	936	1.6104615926742554

4	0	1.4179457426071167

4	312	1.353566288948059

4	624	1.2973603010177612

4	936	1.105446457862854

5	0	0.9707975387573242

5	312	1.0464309453964233

5	624	0.6934431195259094

5	936	0.5587683320045471

6	0	0.42084503173828125

6	312	0.2921030521392822

6	624	0.37859028577804565

6	936	0.17182835936546326

7	0	0.12625527381896973

7	312	0.16752704977989197

7	624	0.07897648215293884

7	936	0.17213502526283264

8	0	0.09366005659103394

8	312	0.05863539129495621

8	624	0.13899078965187073

8	936	0.025022801011800766

9	0	0.08332835137844086

9	312	0.01610671915113926

9	624	0.1029098778963089

9	936	0.06165200471878052

10	0	0.058412693440914154

10	312	0.01159616932272911

10	624	0.006986868102103472

10	936	0.004862640518695116

11	0	0.20855963230133057

11	312	0.07615906745195389

11	624	0.014170604757964611

11	936	0.07802356034517288

0	0	12.225896835327148

0	312	8.324371337890625

0	624	6.333541393280029

0	936	5.058796405792236

1	0	4.6480231285095215

1	312	4.2530107498168945

1	624	3.785823345184326

1	936	3.481660842895508

2	0	3.1367533206939697

2	312	2.982668876647949

2	624	2.7285633087158203

2	936	2.597395420074463

3	0	2.399346351623535

3	312	2.1280784606933594

3	624	2.059743881225586

3	936	1.954154133796692

4	0	1.8321864604949951

4	312	1.9106966257095337

4	624	1.7992185354232788

4	936	1.7953556776046753

5	0	1.7789695262908936

5	312	1.6914706230163574

5	624	1.904789924621582

5	936	1.6112139225006104

6	0	1.511352300643921

6	312	1.510714054107666

6	624	1.4433252811431885

6	936	1.2684357166290283

7	0	1.2519240379333496

7	312	1.2356058359146118

7	624	1.043675184249878

7	936	1.0166196823120117

8	0	0.9257678985595703

8	312	0.8085530996322632

8	624	0.6564489006996155

8	936	0.5185086131095886

9	0	0.4386052191257477

9	312	0.37173914909362793

9	624	0.3085300028324127

9	936	0.48034441471099854

10	0	0.20778244733810425

10	312	0.31536808609962463

10	624	0.19873373210430145

10	936	0.23897822201251984

11	0	0.8499454855918884

11	312	0.23816736042499542

11	624	0.1256251484155655

11	936	0.11496401578187943

12	0	0.09369994699954987

12	312	0.1649128496646881

12	624	0.10349727421998978

12	936	0.19013619422912598

13	0	0.09977797418832779

13	312	0.06718263775110245

13	624	0.10678058117628098

13	936	0.15768267214298248

14	0	0.24477361142635345

14	312	0.026007546111941338

14	624	0.3563370108604431

14	936	0.04342466965317726

15	0	0.051111478358507156

15	312	0.06613355129957199

15	624	0.08641871809959412

15	936	0.11766970157623291

0	0	12.231073379516602

0	312	7.489832401275635

0	624	5.118809700012207

0	936	3.9677352905273438

1	0	3.2527692317962646

1	312	2.8726425170898438

1	624	2.3787875175476074

1	936	2.0221197605133057

2	0	1.792153239250183

2	312	1.6636631488800049

2	624	1.5727471113204956

2	936	1.4491322040557861

3	0	1.3324123620986938

3	312	1.2595924139022827

3	624	1.2588270902633667

3	936	1.1237461566925049

4	0	1.1401538848876953

4	312	1.1795530319213867

4	624	1.0293612480163574

4	936	1.060164451599121

5	0	0.9776542782783508

5	312	0.8817856907844543

5	624	0.8123075366020203

5	936	0.7069599032402039

6	0	0.7154639363288879

6	312	0.8003162741661072

6	624	0.5089513659477234

6	936	0.3679066598415375

7	0	0.3445965349674225

7	312	0.3296268582344055

7	624	0.2098071575164795

7	936	0.19761809706687927

8	0	0.18372251093387604

8	312	0.10595931112766266

8	624	0.11100195348262787

8	936	0.32410696148872375

9	0	0.08933059126138687

9	312	0.054472438991069794

9	624	0.23433008790016174

9	936	0.09772457927465439

10	0	0.04538905993103981

10	312	0.056210510432720184

10	624	0.040327586233615875

10	936	0.045970525592565536

11	0	0.059464480727910995

11	312	0.026158081367611885

11	624	0.03425110876560211

11	936	0.37193554639816284

12	0	0.10019440203905106

12	312	0.0709814801812172

12	624	0.0644482672214508

12	936	0.031677406281232834

0	0	12.24634838104248

0	312	8.615513801574707

0	624	6.887095928192139

0	936	5.69481086730957

1	0	5.073220729827881

1	312	4.411398887634277

1	624	4.010923385620117

1	936	3.2743725776672363

2	0	3.0999858379364014

2	312	2.9104349613189697

2	624	2.7796270847320557

2	936	2.6715500354766846

3	0	2.2571215629577637

3	312	2.061532974243164

3	624	1.956345558166504

3	936	1.762840747833252

4	0	1.7806710004806519

4	312	1.6710567474365234

4	624	1.5083568096160889

4	936	1.5278760194778442

5	0	1.318164348602295

5	312	1.4029258489608765

5	624	1.1191188097000122

5	936	1.099609613418579

6	0	0.9811909794807434

6	312	0.9474785327911377

6	624	1.571150302886963

6	936	0.7462266087532043

7	0	0.8115962743759155

7	312	0.6200249195098877

7	624	0.5750735998153687

7	936	0.4704793393611908

8	0	0.5331943035125732

8	312	0.46831175684928894

8	624	0.5069913268089294

8	936	0.20693005621433258

9	0	0.24321450293064117

9	312	0.4774712920188904

9	624	0.15580447018146515

9	936	0.4306437373161316

10	0	0.147543266415596

10	312	0.07025060802698135

10	624	0.12962079048156738

10	936	0.14950673282146454

11	0	0.05115784332156181

11	312	0.08953962475061417

11	624	0.12126090377569199

11	936	0.23012322187423706

12	0	0.10691661387681961

12	312	0.08955158293247223

12	624	0.049186211079359055

12	936	0.08060130476951599

13	0	0.03404959291219711

13	312	0.036924079060554504

13	624	0.26982879638671875

13	936	0.07389024645090103

14	0	0.043268799781799316

14	312	0.01759011298418045

14	624	0.33712953329086304

14	936	0.04007880017161369

15	0	0.013330637477338314

15	312	0.08367520570755005

15	624	0.23299887776374817

15	936	0.10235588252544403

16	0	0.014325199648737907

16	312	0.008343495428562164

16	624	0.005138600245118141

16	936	0.20593814551830292

17	0	0.11066008359193802

17	312	0.11033408343791962

17	624	0.016413697972893715

17	936	0.16370756924152374

0	0	12.213372230529785

0	312	6.889886379241943

0	624	4.6185526847839355

0	936	3.550246238708496

1	0	2.6688387393951416

1	312	2.283107280731201

1	624	1.942399024963379

1	936	1.8483405113220215

2	0	1.6490944623947144

2	312	1.5387845039367676

2	624	1.5048611164093018

2	936	1.5383696556091309

3	0	1.631411075592041

3	312	1.438063383102417

3	624	1.4746136665344238

3	936	1.369168996810913

4	0	1.2366628646850586

4	312	1.0904000997543335

4	624	1.119083046913147

4	936	1.0654807090759277

5	0	0.9835062623023987

5	312	0.9248549342155457

5	624	0.8331496715545654

5	936	0.6253563165664673

6	0	0.5416991710662842

6	312	0.42099255323410034

6	624	0.5248092412948608

6	936	0.28316110372543335

7	0	0.23206737637519836

7	312	0.20246538519859314

7	624	0.1574479043483734

7	936	0.32745739817619324

8	0	0.0654321014881134

8	312	0.38987699151039124

8	624	0.05511275678873062

8	936	0.039996907114982605

9	0	0.054665207862854004

9	312	0.34576085209846497

9	624	0.024288121610879898

9	936	0.11757375299930573

10	0	0.020778091624379158

10	312	0.01075994037091732

10	624	0.07490012794733047

10	936	0.04036475718021393

11	0	0.015354271046817303

11	312	0.027991192415356636

11	624	0.021611412987113

11	936	0.03473249450325966

0	0	12.276192665100098

0	312	8.723855018615723

0	624	6.455429553985596

0	936	4.743509769439697

1	0	4.079756736755371

1	312	3.806688070297241

1	624	3.549868583679199

1	936	3.345151901245117

2	0	3.026216506958008

2	312	2.552682638168335

2	624	2.3700530529022217

2	936	2.3284363746643066

3	0	2.180333375930786

3	312	1.9542373418807983

3	624	1.9076738357543945

3	936	1.937009572982788

4	0	1.739405870437622

4	312	1.676677942276001

4	624	1.6655141115188599

4	936	1.6159318685531616

5	0	1.5970051288604736

5	312	2.122774600982666

5	624	1.5286656618118286

5	936	1.7587642669677734

6	0	1.4089303016662598

6	312	1.4058399200439453

6	624	1.4781194925308228

6	936	1.3635329008102417

7	0	1.1933364868164062

7	312	1.1032745838165283

7	624	1.0995609760284424

7	936	1.0924315452575684

8	0	0.9603493213653564

8	312	0.9491959810256958

8	624	0.865050196647644

8	936	0.9545419812202454

9	0	0.6973291635513306

9	312	0.6597570776939392

9	624	0.6038265228271484

9	936	0.43622642755508423

10	0	0.3687193989753723

10	312	0.4061247706413269

10	624	0.4345332086086273

10	936	0.49900034070014954

11	0	0.17269431054592133

11	312	0.21596066653728485

11	624	0.16422253847122192

11	936	0.2365555465221405

12	0	0.10938894748687744

12	312	0.212472066283226

12	624	0.06349213421344757

12	936	0.08957478404045105

13	0	0.6518372893333435

13	312	0.060506679117679596

13	624	0.08360707014799118

13	936	0.08997856825590134

14	0	0.058540597558021545

14	312	0.0361563041806221

14	624	0.17417895793914795

14	936	0.07667352259159088

15	0	0.02338777482509613

15	312	0.021509652957320213

15	624	3.684732437133789

15	936	0.07549507170915604

16	0	0.08188086003065109

16	312	0.04516694322228432

16	624	0.40746137499809265

16	936	0.19375944137573242

0	0	12.259100914001465

0	312	8.669933319091797

0	624	6.5020670890808105

0	936	5.410094261169434

1	0	4.6865949630737305

1	312	4.266751766204834

1	624	3.975442886352539

1	936	3.712127685546875

2	0	3.3522512912750244

2	312	3.102287530899048

2	624	2.7470297813415527

2	936	2.430483102798462

3	0	2.273653268814087

3	312	2.1330623626708984

3	624	2.0317065715789795

3	936	1.9873603582382202

4	0	2.103403329849243

4	312	1.9026740789413452

4	624	1.7572237253189087

4	936	1.6900805234909058

5	0	1.6990485191345215

5	312	1.5382001399993896

5	624	1.6285794973373413

5	936	1.5410995483398438

6	0	1.7782386541366577

6	312	1.3606408834457397

6	624	1.468294382095337

6	936	1.4788578748703003

7	0	1.1798738241195679

7	312	1.1874312162399292

7	624	1.2209151983261108

7	936	1.0206815004348755

8	0	0.9989240765571594

8	312	0.869956374168396

8	624	0.7193856239318848

8	936	0.6654860973358154

9	0	0.4410313665866852

9	312	0.4099620580673218

9	624	0.36488333344459534

9	936	0.4305307865142822

10	0	0.31385529041290283

10	312	0.5568142533302307

10	624	0.19839897751808167

10	936	0.28114941716194153

11	0	1.2188689708709717

11	312	0.17036357522010803

11	624	0.41475820541381836

11	936	0.1545220911502838

12	0	0.1895345151424408

12	312	0.06451674550771713

12	624	0.05250399932265282

12	936	0.11752549558877945

13	0	12.850249290466309

13	312	0.0693843737244606

13	624	0.0332222618162632

13	936	0.04319048672914505

14	0	0.062411773949861526

14	312	0.027701793238520622

14	624	0.23169700801372528

14	936	0.042124878615140915

15	0	0.9191786646842957

15	312	0.026355398818850517

15	624	0.0168992318212986

15	936	0.00819566659629345

16	0	0.5225960612297058

16	312	0.03280536085367203

16	624	0.02179734967648983

16	936	0.011806909926235676

0	0	12.20064640045166

0	312	8.68365478515625

0	624	6.708102703094482

0	936	5.381157398223877

1	0	4.4667744636535645

1	312	3.54055118560791

1	624	2.991276741027832

1	936	2.7435860633850098

2	0	2.4624228477478027

2	312	2.3681540489196777

2	624	2.2070841789245605

2	936	2.054543972015381

3	0	2.1373207569122314

3	312	1.9085367918014526

3	624	1.9225261211395264

3	936	1.7345473766326904

4	0	1.6642563343048096

4	312	1.6537871360778809

4	624	1.6451890468597412

4	936	1.8796828985214233

5	0	1.4079055786132812

5	312	1.327986240386963

5	624	1.1471458673477173

5	936	1.1643712520599365

6	0	0.8051526546478271

6	312	0.7967917323112488

6	624	0.5719073414802551

6	936	0.756150484085083

7	0	0.7478171586990356

7	312	0.3662056028842926

7	624	0.2502346932888031

7	936	0.23239228129386902

8	0	0.13556523621082306

8	312	0.19939616322517395

8	624	0.11865774542093277

8	936	0.07930239289999008

9	0	0.15193913877010345

9	312	0.04638701677322388

9	624	0.053596675395965576

9	936	0.06830384582281113

10	0	0.17245185375213623

10	312	0.07825195789337158

10	624	0.019070975482463837

10	936	0.012860369868576527

11	0	0.12822392582893372

11	312	0.043027881532907486

11	624	0.01417568325996399

11	936	0.011825203895568848

12	0	0.009404880926012993

12	312	0.2721281051635742

12	624	0.024406788870692253

12	936	0.010287885554134846

13	0	0.008062129840254784

13	312	0.5317610502243042

13	624	0.025151055306196213

13	936	0.18250006437301636

14	0	0.03950394317507744

14	312	0.007054338231682777

14	624	0.27210134267807007

14	936	0.03650374338030815

15	0	0.009145640768110752

15	312	3.6933751106262207

15	624	0.022268231958150864

15	936	0.021699799224734306

0	0	12.255873680114746

0	312	8.135308265686035

0	624	5.945172309875488

0	936	4.428322792053223

1	0	3.843775749206543

1	312	3.193268299102783

1	624	2.7595748901367188

1	936	2.7438571453094482

2	0	2.2773494720458984

2	312	2.2469615936279297

2	624	2.080333709716797

2	936	2.0736587047576904

3	0	1.8944696187973022

3	312	1.7079558372497559

3	624	1.6674355268478394

3	936	1.5895957946777344

4	0	1.6619386672973633

4	312	1.3622958660125732

4	624	1.5116688013076782

4	936	2.6173250675201416

5	0	1.2330962419509888

5	312	0.9224511384963989

5	624	0.7015746831893921

5	936	0.6665053963661194

6	0	0.47817373275756836

6	312	0.4663161337375641

6	624	0.2847698926925659

6	936	0.1924569457769394

7	0	0.29503780603408813

7	312	0.1589285284280777

7	624	0.5396988391876221

7	936	0.06984790414571762

8	0	0.04387148097157478

8	312	0.13694728910923004

8	624	0.0644693449139595

8	936	0.17122572660446167

9	0	0.09400361776351929

9	312	0.6922382712364197

9	624	0.03632424771785736

9	936	0.4555850327014923

10	0	0.03241075575351715

10	312	0.04920988157391548

10	624	0.16878454387187958

10	936	0.4486564099788666

11	0	0.01114735472947359

11	312	0.00854109600186348

11	624	0.004514670465141535

11	936	0.16059225797653198

12	0	0.046321455389261246

12	312	0.012085878290235996

12	624	0.06054997071623802

12	936	0.07711419463157654

0	0	12.2489595413208

0	312	8.477845191955566

0	624	6.592532157897949

0	936	5.050920486450195

1	0	4.267790794372559

1	312	3.8547680377960205

1	624	3.5954701900482178

1	936	2.8885257244110107

2	0	2.5641238689422607

2	312	2.4021108150482178

2	624	2.2571158409118652

2	936	2.016921281814575

3	0	1.883018970489502

3	312	1.9310845136642456

3	624	1.716665506362915

3	936	1.7022364139556885

4	0	1.5978552103042603

4	312	1.6191706657409668

4	624	1.2725625038146973

4	936	1.212580919265747

5	0	1.0700604915618896

5	312	1.0123822689056396

5	624	0.836559534072876

5	936	0.8581979870796204

6	0	0.6664535403251648

6	312	0.6757292747497559

6	624	0.588814377784729

6	936	0.4055403769016266

7	0	0.5093954801559448

7	312	0.301981657743454

7	624	0.3157380223274231

7	936	0.1847444325685501

8	0	0.2071092426776886

8	312	0.2239941954612732

8	624	0.1729583591222763

8	936	0.15352477133274078

9	0	0.4241154193878174

9	312	0.09729102998971939

9	624	0.060650888830423355

9	936	0.04071907699108124

10	0	0.3070789575576782

10	312	0.04526428505778313

10	624	0.03933439776301384

10	936	0.04162321984767914

11	0	0.2135535627603531

11	312	0.15453551709651947

11	624	0.10652688145637512

11	936	0.015228500589728355

12	0	0.14837828278541565

12	312	0.03922169283032417

12	624	0.01985282078385353

12	936	0.13479959964752197

0	0	12.24877643585205

0	312	7.125295639038086

0	624	5.287406921386719

0	936	3.9257757663726807

1	0	3.0889732837677

1	312	2.4971344470977783

1	624	1.9996603727340698

1	936	1.9848259687423706

2	0	1.5476552248001099

2	312	1.4540276527404785

2	624	1.3441964387893677

2	936	1.3795222043991089

3	0	1.239119052886963

3	312	1.2322964668273926

3	624	1.1506730318069458

3	936	1.1676229238510132

4	0	1.0260162353515625

4	312	0.9384815096855164

4	624	0.8196319341659546

4	936	0.821103572845459

5	0	0.7214585542678833

5	312	0.66455078125

5	624	0.7038030028343201

5	936	0.5055261254310608

6	0	0.42735329270362854

6	312	0.3681435286998749

6	624	0.32249677181243896

6	936	0.2614343464374542

7	0	0.23914560675621033

7	312	0.16203229129314423

7	624	0.1405022293329239

7	936	0.08149737864732742

8	0	0.1471480280160904

8	312	0.13699662685394287

8	624	0.6123443245887756

8	936	0.09714749455451965

0	0	12.253108024597168

0	312	7.333365440368652

0	624	5.119808673858643

0	936	3.8165524005889893

1	0	2.991567611694336

1	312	2.444190740585327

1	624	2.0093069076538086

1	936	1.850797414779663

2	0	1.7592453956604004

2	312	1.5231431722640991

2	624	1.4546204805374146

2	936	1.5224623680114746

3	0	1.2889299392700195

3	312	1.3626337051391602

3	624	1.1959381103515625

3	936	1.0460313558578491

4	0	0.9913123250007629

4	312	0.8990975022315979

4	624	0.8571582436561584

4	936	0.9028612375259399

5	0	0.7438343167304993

5	312	0.6623871326446533

5	624	0.7154957056045532

5	936	0.5905332565307617

6	0	0.6075516939163208

6	312	0.5433398485183716

6	624	0.3326946794986725

6	936	0.29321470856666565

7	0	0.40683239698410034

7	312	0.26649585366249084

7	624	0.2403363585472107

7	936	0.2714112401008606

8	0	0.17218017578125

8	312	0.1170719563961029

8	624	0.17257507145404816

8	936	0.15402570366859436

9	0	0.06476804614067078

9	312	0.12118029594421387

9	624	0.08197111636400223

9	936	0.06471793353557587

10	0	0.11187613010406494

10	312	0.09768081456422806

10	624	0.1580638438463211

10	936	0.036843493580818176

11	0	0.01659328117966652

11	312	0.02282041870057583

11	624	0.045007891952991486

11	936	0.015040927566587925

12	0	0.06951619684696198

12	312	0.10803256183862686

12	624	0.05640958622097969

12	936	0.0391884371638298

0	0	12.236072540283203

0	312	6.655445575714111

0	624	4.872953414916992

0	936	3.7986197471618652

1	0	3.1793079376220703

1	312	2.6934640407562256

1	624	2.248936176300049

1	936	1.9939680099487305

2	0	1.803196907043457

2	312	1.6153819561004639

2	624	1.5698885917663574

2	936	1.4761111736297607

3	0	1.386338710784912

3	312	1.3151594400405884

3	624	1.3724943399429321

3	936	1.2143821716308594

4	0	1.173816204071045

4	312	1.1199897527694702

4	624	1.104565978050232

4	936	1.004223346710205

5	0	1.1500012874603271

5	312	0.8435485363006592

5	624	0.7143975496292114

5	936	0.6522886753082275

6	0	0.5103619694709778

6	312	0.3751874566078186

6	624	0.3053506016731262

6	936	0.285515159368515

7	0	0.22714529931545258

7	312	0.17938585579395294

7	624	0.15978339314460754

7	936	0.12660925090312958

8	0	0.1866433024406433

8	312	0.07493926584720612

8	624	0.0487668514251709

8	936	0.20027104020118713

9	0	0.03567223250865936

9	312	0.03602806478738785

9	624	0.03299420699477196

9	936	0.18784841895103455

10	0	0.058699578046798706

10	312	0.04461557790637016

10	624	0.04380708932876587

10	936	0.028147174045443535

11	0	0.016665715724229813

11	312	0.010776403360068798

11	624	0.006589977536350489

11	936	0.32108181715011597

12	0	0.014175876043736935

12	312	0.0879162922501564

12	624	0.01638241671025753

12	936	0.007461257744580507

0	0	12.219380378723145

0	312	8.051738739013672

0	624	6.051592826843262

0	936	4.9169392585754395

1	0	4.217536926269531

1	312	3.813365936279297

1	624	3.3273494243621826

1	936	2.8389949798583984

2	0	2.6455297470092773

2	312	2.218519926071167

2	624	1.8806005716323853

2	936	1.7625627517700195

3	0	1.807441234588623

3	312	1.7601183652877808

3	624	1.6782056093215942

3	936	1.5560407638549805

4	0	1.560961365699768

4	312	1.3042787313461304

4	624	1.267939567565918

4	936	1.2019470930099487

5	0	1.0123121738433838

5	312	0.9184172749519348

5	624	0.7932330369949341

5	936	0.6198292374610901

6	0	0.6329617500305176

6	312	0.3818216919898987

6	624	0.6135563850402832

6	936	0.24929144978523254

7	0	0.3473885655403137

7	312	0.25536471605300903

7	624	0.1458354890346527

7	936	0.11975923925638199

8	0	0.4995875060558319

8	312	0.059193357825279236

8	624	0.07561144232749939

8	936	0.14827083051204681

9	0	0.035625699907541275

9	312	0.02000334858894348

9	624	0.028996149078011513

9	936	0.01139090582728386

10	0	0.11068108677864075

10	312	0.03466859832406044

10	624	0.012621838599443436

10	936	0.9666374325752258

0	0	12.226941108703613

0	312	8.469771385192871

0	624	6.680614948272705

0	936	5.357381343841553

1	0	4.78972864151001

1	312	4.1460862159729

1	624	3.602527618408203

1	936	3.3117284774780273

2	0	3.089547872543335

2	312	2.8810994625091553

2	624	2.6444895267486572

2	936	2.504214286804199

3	0	2.1763646602630615

3	312	2.1064765453338623

3	624	2.0343093872070312

3	936	1.826566219329834

4	0	1.7329041957855225

4	312	1.7768737077713013

4	624	1.7205517292022705

4	936	1.6475650072097778

5	0	1.6600911617279053

5	312	1.643883228302002

5	624	1.5154365301132202

5	936	1.3980821371078491

6	0	1.4326210021972656

6	312	1.3138585090637207

6	624	1.1723239421844482

6	936	1.1332634687423706

7	0	1.4118115901947021

7	312	1.1470698118209839

7	624	0.9587246775627136

7	936	0.977301836013794

8	0	0.9241653084754944

8	312	0.7882437109947205

8	624	0.775458812713623

8	936	0.8367897868156433

9	0	0.5930076241493225

9	312	0.5149279236793518

9	624	0.3866424858570099

9	936	0.31352442502975464

10	0	0.2799975574016571

10	312	0.20661593973636627

10	624	0.5836054682731628

10	936	0.15709829330444336

11	0	0.10052754729986191

11	312	0.09024260938167572

11	624	0.2058367282152176

11	936	0.15675099194049835

12	0	0.06435255706310272

12	312	0.050952255725860596

12	624	0.040647104382514954

12	936	0.14968211948871613

13	0	0.10412513464689255

13	312	0.05550128594040871

13	624	0.05087868496775627

13	936	0.02522195689380169

14	0	0.05595162510871887

14	312	0.07760898768901825

14	624	0.020390881225466728

14	936	0.010794543661177158

15	0	0.1661851853132248

15	312	0.4347122609615326

15	624	0.041411008685827255

15	936	0.14139442145824432

0	0	12.242391586303711

0	312	8.334329605102539

0	624	6.535461902618408

0	936	5.125949382781982

1	0	4.160374641418457

1	312	3.709789752960205

1	624	3.277116060256958

1	936	2.8325610160827637

2	0	2.657776355743408

2	312	2.2547829151153564

2	624	1.9979814291000366

2	936	1.9773335456848145

3	0	1.8706574440002441

3	312	1.8141297101974487

3	624	2.033822536468506

3	936	1.8009388446807861

4	0	1.633164405822754

4	312	1.5865598917007446

4	624	1.578067421913147

4	936	1.5704233646392822

5	0	1.7459197044372559

5	312	1.4438667297363281

5	624	1.3419581651687622

5	936	1.3840910196304321

6	0	1.3373234272003174

6	312	1.2577109336853027

6	624	1.0098921060562134

6	936	0.9172783493995667

7	0	0.9091925621032715

7	312	0.9053369760513306

7	624	1.7711390256881714

7	936	0.6683579683303833

8	0	0.5945327281951904

8	312	0.49836963415145874

8	624	0.36112451553344727

8	936	0.33492496609687805

9	0	0.41788250207901

9	312	0.25302910804748535

9	624	0.5548460483551025

9	936	0.24885804951190948

10	0	0.1870027333498001

10	312	0.4055771231651306

10	624	0.11966942995786667

10	936	0.05780068412423134

11	0	0.203562393784523

11	312	0.11299498379230499

11	624	0.11890875548124313

11	936	0.06440965831279755

0	0	12.243617057800293

0	312	8.332307815551758

0	624	6.4359283447265625

0	936	5.385994911193848

1	0	4.520212173461914

1	312	3.9604971408843994

1	624	3.5416829586029053

1	936	3.124272584915161

2	0	2.8514862060546875

2	312	2.536623954772949

2	624	2.531085252761841

2	936	2.4356722831726074

3	0	2.2583508491516113

3	312	1.9721271991729736

3	624	2.3998537063598633

3	936	1.8762948513031006

4	0	1.9388484954833984

4	312	1.8166271448135376

4	624	1.7438887357711792

4	936	1.612874984741211

5	0	1.7328649759292603

5	312	1.6277868747711182

5	624	1.4771156311035156

5	936	1.5361679792404175

6	0	1.4540913105010986

6	312	1.3642690181732178

6	624	1.3684431314468384

6	936	1.1727875471115112

7	0	1.1631138324737549

7	312	1.0569665431976318

7	624	1.037111520767212

7	936	0.9581617116928101

8	0	2.083125591278076

8	312	0.6590354442596436

8	624	0.6140702962875366

8	936	0.6631342172622681

9	0	0.43571874499320984

9	312	0.4126964807510376

9	624	0.3944956660270691

9	936	0.4174130856990814

10	0	0.3396519422531128

10	312	0.26480168104171753

10	624	0.24207112193107605

10	936	0.25299927592277527

11	0	0.22769059240818024

11	312	0.5296496748924255

11	624	0.12385224550962448

11	936	0.10899875313043594

12	0	0.3445694148540497

12	312	0.1926325112581253

12	624	0.26845765113830566

12	936	0.054695066064596176

13	0	0.06388137489557266

13	312	0.0638030618429184

13	624	0.2540477514266968

13	936	0.04399384558200836

14	0	1.0894643068313599

14	312	0.056602317839860916

14	624	0.13454023003578186

14	936	0.09041186422109604

0	0	12.241833686828613

0	312	8.191927909851074

0	624	6.526004314422607

0	936	5.169833660125732

1	0	4.4208478927612305

1	312	3.658478260040283

1	624	3.217897891998291

1	936	2.857023239135742

2	0	2.5311975479125977

2	312	2.335283041000366

2	624	2.1086912155151367

2	936	1.9966703653335571

3	0	2.14642071723938

3	312	1.6831587553024292

3	624	1.6991987228393555

3	936	1.5791302919387817

4	0	1.9738707542419434

4	312	1.4240970611572266

4	624	1.690718173980713

4	936	1.2485519647598267

5	0	1.1944098472595215

5	312	1.204540729522705

5	624	1.1022075414657593

5	936	1.4560672044754028

6	0	1.0298255681991577

6	312	0.8183452486991882

6	624	0.8886473774909973

6	936	0.8578694462776184

7	0	0.46729815006256104

7	312	0.36011993885040283

7	624	0.6331199407577515

7	936	0.2694633901119232

8	0	0.23262977600097656

8	312	0.24419032037258148

8	624	0.23193445801734924

8	936	0.2585381269454956

9	0	0.14099667966365814

9	312	0.10638343542814255

9	624	0.21605902910232544

9	936	0.08124537765979767

10	0	0.073543019592762

10	312	0.9592861533164978

10	624	0.06092901527881622

10	936	0.06119116395711899

11	0	0.3115617632865906

11	312	0.027759557589888573

11	624	0.12199220806360245

11	936	0.22426050901412964

12	0	0.38097068667411804

12	312	0.23061804473400116

12	624	0.025210445746779442

12	936	0.01483350619673729

13	0	0.15152013301849365

13	312	0.1486136019229889

13	624	0.029353559017181396

13	936	0.10172425210475922

0	0	12.282651901245117

0	312	8.388371467590332

0	624	6.197601318359375

0	936	5.180611610412598

1	0	4.447006702423096

1	312	4.08884334564209

1	624	3.8794195652008057

1	936	3.492616653442383

2	0	3.187994956970215

2	312	3.008985757827759

2	624	2.758727550506592

2	936	2.3386178016662598

3	0	2.2393577098846436

3	312	2.0606510639190674

3	624	1.950385332107544

3	936	1.7272001504898071

4	0	1.8706302642822266

4	312	1.5160086154937744

4	624	1.4663734436035156

4	936	1.4739313125610352

5	0	1.2840656042099

5	312	1.1636537313461304

5	624	1.1212936639785767

5	936	1.2029825448989868

6	0	0.94722580909729

6	312	0.9843158721923828

6	624	0.9162190556526184

6	936	0.7724657654762268

7	0	0.7786682844161987

7	312	0.6381206512451172

7	624	0.6708049774169922

7	936	0.5123445987701416

8	0	0.9118231534957886

8	312	0.5384766459465027

8	624	0.44875043630599976

8	936	0.33868688344955444

9	0	0.6721917390823364

9	312	0.3045278489589691

9	624	0.3594295084476471

9	936	0.2902749478816986

10	0	0.6771036386489868

10	312	0.1413726508617401

10	624	0.10893825441598892

10	936	0.15963108837604523

11	0	0.20357653498649597

11	312	0.08772558718919754

11	624	0.11410973221063614

11	936	0.06161392480134964

12	0	0.13377244770526886

12	312	0.2390567511320114

12	624	0.06753256171941757

12	936	0.022586612030863762

13	0	0.03722648695111275

13	312	0.3486240804195404

13	624	0.05059703439474106

13	936	0.06432878971099854

0	0	12.277410507202148

0	312	8.579498291015625

0	624	6.9035725593566895

0	936	5.514991760253906

1	0	4.908070087432861

1	312	4.244453430175781

1	624	3.7056028842926025

1	936	3.2924935817718506

2	0	3.102510690689087

2	312	2.612872838973999

2	624	2.553593158721924

2	936	2.4570977687835693

3	0	2.386603593826294

3	312	2.210663080215454

3	624	2.0566251277923584

3	936	2.0165152549743652

4	0	1.9017298221588135

4	312	1.8814021348953247

4	624	1.8124288320541382

4	936	1.7691582441329956

5	0	1.6595942974090576

5	312	1.5605483055114746

5	624	1.9107632637023926

5	936	1.354159951210022

6	0	1.8116427659988403

6	312	0.9585956931114197

6	624	1.1048921346664429

6	936	1.3033232688903809

7	0	0.6044145822525024

7	312	0.4427689015865326

7	624	0.41147279739379883

7	936	0.9394749999046326

8	0	0.2495904415845871

8	312	0.27977612614631653

8	624	0.23485180735588074

8	936	0.18651092052459717

9	0	0.14423586428165436

9	312	0.07550346851348877

9	624	0.45807355642318726

9	936	0.14544565975666046

10	0	0.07013792544603348

10	312	0.030373241752386093

10	624	0.1067105233669281

10	936	0.048423007130622864

11	0	0.03115857020020485

11	312	0.02765314280986786

11	624	0.1561535894870758

11	936	0.048234663903713226

12	0	0.03209258243441582

12	312	0.3923335075378418

12	624	0.24096129834651947

12	936	0.08639445155858994

0	0	12.227642059326172

0	312	6.968792915344238

0	624	4.777185440063477

0	936	3.7862648963928223

1	0	3.018771171569824

1	312	2.4158551692962646

1	624	2.1239922046661377

1	936	1.7716268301010132

2	0	1.634652018547058

2	312	1.4237842559814453

2	624	1.357068419456482

2	936	1.2959105968475342

3	0	1.2700562477111816

3	312	1.2498546838760376

3	624	1.162804365158081

3	936	1.3700110912322998

4	0	1.040106177330017

4	312	0.9628111720085144

4	624	0.9101575613021851

4	936	0.8928571343421936

5	0	0.9296770691871643

5	312	0.7557802200317383

5	624	0.6189457178115845

5	936	0.5288459062576294

6	0	0.4036187529563904

6	312	0.27340400218963623

6	624	0.21093009412288666

6	936	0.16863644123077393

7	0	0.19533467292785645

7	312	0.10382337123155594

7	624	0.09885445982217789

7	936	0.06704340130090714

8	0	0.060368750244379044

8	312	0.04660572484135628

8	624	0.053005341440439224

8	936	0.026488108560442924

9	0	0.19261083006858826

9	312	0.038149721920490265

9	624	0.11934716254472733

9	936	0.15018144249916077

0	0	12.240555763244629

0	312	8.555975914001465

0	624	6.525463104248047

0	936	5.396491527557373

1	0	4.416516304016113

1	312	4.021239280700684

1	624	3.4772021770477295

1	936	3.0352330207824707

2	0	2.6514976024627686

2	312	2.4084479808807373

2	624	2.125337600708008

2	936	2.13340163230896

3	0	1.9417084455490112

3	312	1.844705581665039

3	624	1.6614747047424316

3	936	1.6740180253982544

4	0	1.5371068716049194

4	312	1.504420518875122

4	624	1.3358485698699951

4	936	1.4890029430389404

5	0	1.123557686805725

5	312	1.0753180980682373

5	624	1.0586310625076294

5	936	1.0435429811477661

6	0	0.7957922220230103

6	312	0.7625675201416016

6	624	0.6258898377418518

6	936	0.5565066933631897

7	0	0.4745629131793976

7	312	0.4169295132160187

7	624	0.5313459634780884

7	936	0.26540645956993103

8	0	0.19087626039981842

8	312	0.12652581930160522

8	624	0.08859720826148987

8	936	0.23720064759254456

9	0	0.13353337347507477

9	312	0.06630624830722809

9	624	0.05689189210534096

9	936	0.028870102018117905

10	0	0.0169979315251112

10	312	0.026435833424329758

10	624	0.21901561319828033

10	936	0.05147218704223633

11	0	0.022489404305815697

11	312	0.03156941011548042

11	624	0.007359842769801617

11	936	0.3271915912628174

12	0	0.01969587430357933

12	312	0.020866716280579567

12	624	0.11157329380512238

12	936	0.0860932245850563

0	0	12.268885612487793

0	312	7.264739513397217

0	624	5.257086277008057

0	936	4.005395889282227

1	0	3.1890170574188232

1	312	2.5922539234161377

1	624	2.133589744567871

1	936	1.9027386903762817

2	0	1.625815987586975

2	312	1.5794624090194702

2	624	1.3990426063537598

2	936	1.4150443077087402

3	0	1.3018090724945068

3	312	1.1714545488357544

3	624	1.1678898334503174

3	936	1.1199290752410889

4	0	1.0476090908050537

4	312	0.9533830285072327

4	624	1.005247950553894

4	936	0.8068848848342896

5	0	0.7119142413139343

5	312	0.6693682074546814

5	624	0.438809871673584

5	936	0.3724951446056366

6	0	0.31266888976097107

6	312	0.2772306799888611

6	624	0.43460890650749207

6	936	0.26052016019821167

7	0	0.09995637834072113

7	312	0.1040068045258522

7	624	0.14044323563575745

7	936	0.07357180118560791

8	0	0.05545492842793465

8	312	0.058504123240709305

8	624	0.07472189515829086

8	936	0.03290008753538132

9	0	0.018711883574724197

9	312	0.013599795289337635

9	624	0.07379510253667831

9	936	0.04870004951953888

10	0	0.02676963247358799

10	312	0.020793907344341278

10	624	0.010144490748643875

10	936	0.006183192133903503

11	0	0.10473421961069107

11	312	0.03045523911714554

11	624	0.017276106402277946

11	936	0.04556834697723389

0	0	12.253924369812012

0	312	8.496182441711426

0	624	5.752530097961426

0	936	4.694563865661621

1	0	4.2604851722717285

1	312	3.8450534343719482

1	624	3.3806798458099365

1	936	3.207075595855713

2	0	2.8738653659820557

2	312	2.616464853286743

2	624	2.5568926334381104

2	936	2.3021538257598877

3	0	2.19577693939209

3	312	2.119141101837158

3	624	2.0253567695617676

3	936	1.9259655475616455

4	0	1.8562729358673096

4	312	1.7620397806167603

4	624	1.5943461656570435

4	936	1.5359541177749634

5	0	1.4596924781799316

5	312	1.5023759603500366

5	624	1.3905996084213257

5	936	1.216761589050293

6	0	1.0122219324111938

6	312	1.1046429872512817

6	624	0.830818235874176

6	936	0.8515157103538513

7	0	0.8687869906425476

7	312	0.6685117483139038

7	624	0.5457691550254822

7	936	0.6291755437850952

8	0	0.30802014470100403

8	312	0.4578208029270172

8	624	0.2324337363243103

8	936	0.10640721768140793

9	0	0.08060969412326813

9	312	0.1299010068178177

9	624	0.06411620229482651

9	936	0.032012470066547394

10	0	0.026411665603518486

10	312	0.08999015390872955

10	624	0.04442494735121727

10	936	0.1345548927783966

11	0	0.03172576427459717

11	312	0.014723917469382286

11	624	0.0071908761747181416

11	936	0.04015624523162842

12	0	0.01572083868086338

12	312	0.00899585522711277

12	624	0.18689224123954773

12	936	0.26935094594955444

0	0	12.241053581237793

0	312	8.679428100585938

0	624	6.83742618560791

0	936	5.370112895965576

1	0	4.663658142089844

1	312	4.159607887268066

1	624	3.7806670665740967

1	936	3.336287498474121

2	0	2.8978610038757324

2	312	2.7109415531158447

2	624	2.526880979537964

2	936	2.2916102409362793

3	0	2.2171404361724854

3	312	1.963097333908081

3	624	2.0839664936065674

3	936	1.8544838428497314

4	0	1.9290151596069336

4	312	1.7758065462112427

4	624	1.7565014362335205

4	936	1.7237099409103394

5	0	1.6717392206192017

5	312	1.6042066812515259

5	624	1.6107150316238403

5	936	1.608538031578064

6	0	1.4010282754898071

6	312	1.5229688882827759

6	624	1.1350610256195068

6	936	1.0288211107254028

7	0	1.0668574571609497

7	312	0.8028597235679626

7	624	0.8963156342506409

7	936	0.7580673098564148

8	0	1.0874031782150269

8	312	1.4288883209228516

8	624	0.48211729526519775

8	936	0.3731363117694855

9	0	0.3181137442588806

9	312	0.5160295963287354

9	624	0.18672792613506317

9	936	4.333486557006836

10	0	0.2304040491580963

10	312	0.09866589307785034

10	624	0.14600449800491333

10	936	0.06017836555838585

11	0	0.07138460129499435

11	312	0.06361506879329681

11	624	1.5853265523910522

11	936	0.041393671184778214

12	0	0.06803517043590546

12	312	0.02763037011027336

12	624	0.011655676178634167

12	936	0.12162628769874573

13	0	0.0409197062253952

13	312	0.019389783963561058

13	624	0.1741616129875183

13	936	0.03773709759116173

0	0	12.230870246887207

0	312	8.363142967224121

0	624	5.941755771636963

0	936	4.784882068634033

1	0	4.276401519775391

1	312	3.9091269969940186

1	624	3.5508100986480713

1	936	3.388676643371582

2	0	2.684664726257324

2	312	2.4211044311523438

2	624	2.251386880874634

2	936	2.140638589859009

3	0	2.124356985092163

3	312	1.9545317888259888

3	624	1.703362226486206

3	936	1.6922311782836914

4	0	1.525670051574707

4	312	1.3426711559295654

4	624	1.3744534254074097

4	936	1.0451686382293701

5	0	0.9471220374107361

5	312	0.7234128713607788

5	624	0.6424253582954407

5	936	0.5094899535179138

6	0	0.47116726636886597

6	312	0.32339242100715637

6	624	0.22840844094753265

6	936	0.42263084650039673

7	0	0.3119479715824127

7	312	0.1559235155582428

7	624	0.10094816982746124

7	936	0.13585416972637177

8	0	0.1034114882349968

8	312	0.0888771042227745

8	624	0.04573729261755943

8	936	0.025556132197380066

9	0	0.10637329518795013

9	312	0.05703447386622429

9	624	0.054391440004110336

9	936	0.013014405034482479

10	0	0.31550177931785583

10	312	0.07055070996284485

10	624	0.114423468708992

10	936	0.0179984662681818

0	0	12.260223388671875

0	312	8.402249336242676

0	624	6.482015132904053

0	936	5.383964538574219

1	0	4.270298957824707

1	312	3.8813364505767822

1	624	3.379987955093384

1	936	3.2040557861328125

2	0	2.8112471103668213

2	312	2.6081831455230713

2	624	2.1872060298919678

2	936	2.0166451930999756

3	0	1.791187047958374

3	312	1.738394021987915

3	624	1.7221451997756958

3	936	1.5446304082870483

4	0	1.3902044296264648

4	312	1.4467313289642334

4	624	1.4177101850509644

4	936	1.3317835330963135

5	0	1.1876322031021118

5	312	1.1002159118652344

5	624	0.9883530735969543

5	936	0.8931801319122314

6	0	0.811752438545227

6	312	0.6406112313270569

6	624	0.5369648337364197

6	936	0.38750553131103516

7	0	0.3013673722743988

7	312	0.3474663197994232

7	624	0.27730751037597656

7	936	1.516816258430481

8	0	0.19820012152194977

8	312	0.2066548615694046

8	624	0.38220125436782837

8	936	0.26223552227020264

9	0	0.25914931297302246

9	312	0.16450056433677673

9	624	0.11547110974788666

9	936	0.342736154794693

10	0	0.10467290133237839

10	312	1.347469449043274

10	624	0.1659393310546875

10	936	0.12362170219421387

11	0	0.12502224743366241

11	312	0.12257243692874908

11	624	0.17848776280879974

11	936	0.24792341887950897

0	0	12.268574714660645

0	312	8.866100311279297

0	624	6.889725208282471

0	936	5.629818439483643

1	0	5.059961318969727

1	312	4.328094482421875

1	624	3.896890640258789

1	936	3.783754825592041

2	0	3.485808849334717

2	312	3.147244453430176

2	624	2.9605367183685303

2	936	2.719557046890259

3	0	2.5290210247039795

3	312	2.392505407333374

3	624	2.2276082038879395

3	936	2.2935054302215576

4	0	2.082446336746216

4	312	1.8221725225448608

4	624	1.7148287296295166

4	936	1.6946016550064087

5	0	1.7632485628128052

5	312	1.6053317785263062

5	624	1.6588512659072876

5	936	1.6503996849060059

6	0	1.455045223236084

6	312	1.546282172203064

6	624	1.3542197942733765

6	936	1.355107069015503

7	0	1.2503966093063354

7	312	1.193878412246704

7	624	1.2262786626815796

7	936	1.2365849018096924

8	0	1.020911455154419

8	312	1.3343919515609741

8	624	1.0945043563842773

8	936	0.9232254028320312

9	0	1.0189766883850098

9	312	0.7784503698348999

9	624	0.8599567413330078

9	936	0.5563626289367676

10	0	0.5059977769851685

10	312	0.38265088200569153

10	624	0.3483593761920929

10	936	0.28998667001724243

11	0	0.25132450461387634

11	312	0.19210797548294067

11	624	0.2917942702770233

11	936	0.16036638617515564

12	0	0.17168709635734558

12	312	0.08017109334468842

12	624	0.2310153841972351

12	936	0.1068188026547432

13	0	0.09315110743045807

13	312	0.08386962115764618

13	624	0.2351856529712677

13	936	0.09059643000364304

0	0	12.234528541564941

0	312	7.380555152893066

0	624	5.070359706878662

0	936	3.6672263145446777

1	0	2.9482812881469727

1	312	2.4163262844085693

1	624	1.9658278226852417

1	936	1.9061673879623413

2	0	1.599407434463501

2	312	1.8748091459274292

2	624	1.4283967018127441

2	936	1.3839231729507446

3	0	1.3133043050765991

3	312	1.2480459213256836

3	624	1.2664201259613037

3	936	1.157135248184204

4	0	1.1229928731918335

4	312	1.0137579441070557

4	624	1.0841227769851685

4	936	0.9130631685256958

5	0	0.8677761554718018

5	312	0.7433567643165588

5	624	0.6283135414123535

5	936	0.5341007709503174

6	0	0.5020341277122498

6	312	0.4022776484489441

6	624	0.29745903611183167

6	936	0.23619087040424347

7	0	0.1999451220035553

7	312	0.1473028063774109

7	624	0.07337229698896408

7	936	0.15984956920146942

8	0	0.13147027790546417

8	312	0.08705464005470276

8	624	0.03819246217608452

8	936	0.022863226011395454

9	0	0.6279315948486328

9	312	0.07647895812988281

9	624	0.05121283605694771

9	936	0.05959346517920494

0	0	12.260791778564453

0	312	7.3674187660217285

0	624	5.151978969573975

0	936	3.832618236541748

1	0	3.066983461380005

1	312	2.6293420791625977

1	624	2.112337112426758

1	936	1.7902092933654785

2	0	1.7375478744506836

2	312	1.5237436294555664

2	624	1.4643937349319458

2	936	1.3486357927322388

3	0	1.5862234830856323

3	312	1.2989330291748047

3	624	1.2276777029037476

3	936	1.243422269821167

4	0	1.206681251525879

4	312	1.3630045652389526

4	624	1.1935229301452637

4	936	1.107643723487854

5	0	0.940611720085144

5	312	0.9257027506828308

5	624	0.8745661973953247

5	936	0.7625204920768738

6	0	0.6621930003166199

6	312	0.5536121726036072

6	624	0.4660978317260742

6	936	0.3427700400352478

7	0	0.290859192609787

7	312	0.29483360052108765

7	624	0.2633068859577179

7	936	0.28210723400115967

8	0	0.10754435509443283

8	312	0.08969485014677048

8	624	0.11971276998519897

8	936	0.12637509405612946

9	0	0.052068572491407394

9	312	0.04511159285902977

9	624	0.05046074092388153

9	936	0.10128685086965561

10	0	0.06567281484603882

10	312	0.03864005208015442

10	624	0.05810557305812836

10	936	0.04028351232409477

11	0	0.01852957345545292

11	312	0.026919782161712646

11	624	0.1927909255027771

11	936	0.019182955846190453

12	0	0.020761365070939064

12	312	0.008577403612434864

12	624	0.22431975603103638

12	936	0.07917160540819168

13	0	0.014987562783062458

13	312	0.1594381183385849

13	624	0.01909632235765457

13	936	0.0117424838244915

0	0	12.22369384765625

0	312	8.316869735717773

0	624	6.347960472106934

0	936	5.3768181800842285

1	0	4.52180814743042

1	312	3.833787441253662

1	624	3.4376401901245117

1	936	3.094639778137207

2	0	3.020050525665283

2	312	2.685581684112549

2	624	2.3809244632720947

2	936	2.3651459217071533

3	0	2.090784788131714

3	312	2.005166530609131

3	624	1.9352922439575195

3	936	1.8096810579299927

4	0	1.6940803527832031

4	312	1.6773453950881958

4	624	1.5372501611709595

4	936	1.7190020084381104

5	0	1.5004287958145142

5	312	1.594385027885437

5	624	1.27863609790802

5	936	1.3136118650436401

6	0	1.291621208190918

6	312	0.945091962814331

6	624	0.9614139199256897

6	936	0.6663950681686401

7	0	0.5474984645843506

7	312	0.5985252857208252

7	624	0.5022176504135132

7	936	0.4092164933681488

8	0	0.2804229259490967

8	312	0.235817551612854

8	624	0.32674574851989746

8	936	0.19860275089740753

9	0	0.15568754076957703

9	312	0.07395782321691513

9	624	0.384357750415802

9	936	0.11437230557203293

10	0	0.07168609648942947

10	312	0.1567019522190094

10	624	0.07399231940507889

10	936	0.02411583438515663

11	0	0.5478460192680359

11	312	0.09254845976829529

11	624	0.05686270073056221

11	936	0.03664857894182205

0	0	12.219826698303223

0	312	8.505911827087402

0	624	6.447549343109131

0	936	5.060988903045654

1	0	4.62214469909668

1	312	4.1788330078125

1	624	3.926236152648926

1	936	3.491804361343384

2	0	3.174255847930908

2	312	2.9256978034973145

2	624	2.7611284255981445

2	936	2.6147594451904297

3	0	2.318739891052246

3	312	2.309168577194214

3	624	2.0679304599761963

3	936	2.0457029342651367

4	0	1.7994955778121948

4	312	1.9720314741134644

4	624	1.7225533723831177

4	936	1.64757239818573

5	0	1.4675054550170898

5	312	1.320456624031067

5	624	1.335842251777649

5	936	1.0142502784729004

6	0	0.9639725089073181

6	312	0.7515549659729004

6	624	0.6291425824165344

6	936	0.4383910000324249

7	0	0.46389567852020264

7	312	0.2601732909679413

7	624	0.20891506969928741

7	936	0.1356271207332611

8	0	0.12513983249664307

8	312	0.24030916392803192

8	624	0.21523423492908478

8	936	2.4644970893859863

9	0	0.04720299690961838

9	312	0.03626907244324684

9	624	0.6076371669769287

9	936	0.29448312520980835

10	0	0.04708530753850937

10	312	0.01742645911872387

10	624	0.43740689754486084

10	936	0.05151725932955742

11	0	0.020638717338442802

11	312	0.010577056556940079

11	624	0.008611826226115227

11	936	0.1357487589120865

12	0	0.4163805842399597

12	312	0.020805956795811653

12	624	0.08652611076831818

12	936	0.014712078496813774

0	0	12.268068313598633

0	312	7.213054656982422

0	624	4.9819416999816895

0	936	3.8521275520324707

1	0	3.116307497024536

1	312	2.609368324279785

1	624	2.1708896160125732

1	936	2.001265525817871

2	0	2.0929882526397705

2	312	1.6351431608200073

2	624	1.5965685844421387

2	936	1.6209772825241089

3	0	1.2922307252883911

3	312	1.2234400510787964

3	624	1.2068625688552856

3	936	1.1689743995666504

4	0	1.0470530986785889

4	312	1.040657877922058

4	624	1.0200530290603638

4	936	0.7884082794189453

5	0	0.6835647821426392

5	312	0.6010656356811523

5	624	0.5824061036109924

5	936	0.41551119089126587

6	0	0.3953155279159546

6	312	0.32647690176963806

6	624	0.20770208537578583

6	936	0.20164448022842407

7	0	0.1771620512008667

7	312	0.3392961621284485

7	624	0.09090306609869003

7	936	0.31112340092658997

8	0	0.06627454608678818

8	312	0.07397095859050751

8	624	0.08573741465806961

8	936	0.060938041657209396

9	0	0.03433214873075485

9	312	0.020913582295179367

9	624	0.07169323414564133

9	936	0.031092848628759384

10	0	0.019475093111395836

10	312	0.01286265254020691

10	624	0.05423887073993683

10	936	0.014850055798888206

11	0	0.038778338581323624

11	312	0.10191289335489273

11	624	0.017805486917495728

11	936	0.014197347685694695

0	0	12.236639976501465

0	312	9.0595703125

0	624	6.759109973907471

0	936	5.233368873596191

1	0	4.413516998291016

1	312	3.9298346042633057

1	624	3.3264894485473633

1	936	3.2144970893859863

2	0	2.7089738845825195

2	312	2.4279873371124268

2	624	2.15051531791687

2	936	2.06388521194458

3	0	1.9540839195251465

3	312	1.8206721544265747

3	624	1.681603193283081

3	936	1.6183758974075317

4	0	1.5546488761901855

4	312	1.5607765913009644

4	624	1.3205196857452393

4	936	1.2717528343200684

5	0	1.8541717529296875

5	312	1.7312666177749634

5	624	1.1201478242874146

5	936	1.00908625125885

6	0	1.3651765584945679

6	312	1.041403889656067

6	624	0.9672160148620605

6	936	1.4114524126052856

7	0	0.818260908126831

7	312	0.6100011467933655

7	624	0.7674045562744141

7	936	0.4739290773868561

8	0	0.4839990437030792

8	312	0.412265419960022

8	624	0.5362497568130493

8	936	0.4280610978603363

9	0	0.48937755823135376

9	312	0.2763390839099884

9	624	1.416891098022461

9	936	0.2677704095840454

10	0	0.21417689323425293

10	312	0.2466290146112442

10	624	0.29894402623176575

10	936	0.19032758474349976

11	0	0.2633749544620514

11	312	0.20637865364551544

11	624	0.4777301847934723

11	936	0.1211431697010994

12	0	0.6175206303596497

12	312	0.12792325019836426

12	624	0.2235211282968521

12	936	0.16089239716529846

0	0	12.212472915649414

0	312	6.7559614181518555

0	624	4.7919206619262695

0	936	3.5792434215545654

1	0	2.887357711791992

1	312	2.4767613410949707

1	624	2.1956582069396973

1	936	1.896207571029663

2	0	1.6654837131500244

2	312	1.5089693069458008

2	624	1.58595609664917

2	936	1.3176406621932983

3	0	1.2493852376937866

3	312	1.225387454032898

3	624	1.2113157510757446

3	936	1.1106334924697876

4	0	1.1067391633987427

4	312	1.0296812057495117

4	624	0.8920081257820129

4	936	0.7522721290588379

5	0	0.5985959768295288

5	312	0.48814690113067627

5	624	0.4286765158176422

5	936	0.3004615604877472

6	0	0.21357767283916473

6	312	0.19537954032421112

6	624	0.13542097806930542

6	936	0.09039349108934402

7	0	0.4359653890132904

7	312	0.07965757697820663

7	624	0.04564717039465904

7	936	0.026246801018714905

8	0	0.04463868960738182

8	312	0.028229614719748497

8	624	0.03206605464220047

8	936	0.02270599827170372

9	0	0.03856271132826805

9	312	0.05996312201023102

9	624	0.01132558099925518

9	936	0.008008468896150589

10	0	0.35647276043891907

10	312	0.029410511255264282

10	624	0.019694596529006958

10	936	0.007737046107649803

11	0	0.00492622796446085

11	312	0.021068396046757698

11	624	0.01225906703621149

11	936	0.1363983303308487

12	0	0.00895007699728012

12	312	0.006142054218798876

12	624	0.0039007419254630804

12	936	0.040504105389118195

13	0	0.011634260416030884

13	312	0.009917885065078735

13	624	0.0027776071801781654

13	936	0.09713286906480789

14	0	0.011041415855288506

14	312	0.006544659845530987

14	624	0.07976438105106354

14	936	0.003456668695434928

0	0	12.253750801086426

0	312	7.205972194671631

0	624	4.988094806671143

0	936	3.8386590480804443

1	0	3.3138339519500732

1	312	2.738987922668457

1	624	2.4509177207946777

1	936	2.1050713062286377

2	0	1.9110087156295776

2	312	1.7494235038757324

2	624	1.533050775527954

2	936	1.7229548692703247

3	0	1.4315773248672485

3	312	1.4457588195800781

3	624	1.302183747291565

3	936	1.2182484865188599

4	0	1.1622275114059448

4	312	1.0418576002120972

4	624	1.4339765310287476

4	936	0.9215206503868103

5	0	0.782187819480896

5	312	0.8886194825172424

5	624	0.6280853748321533

5	936	0.7282437086105347

6	0	0.3896152377128601

6	312	0.3257434070110321

6	624	0.28455257415771484

6	936	0.2579275071620941

7	0	0.22389060258865356

7	312	0.15449650585651398

7	624	0.20705705881118774

7	936	0.13352416455745697

8	0	0.08297458291053772

8	312	0.07614409923553467

8	624	0.10835915058851242

8	936	0.05935142561793327

9	0	0.03841640055179596

9	312	0.03233718499541283

9	624	0.0835852175951004

9	936	0.05296141281723976

10	0	0.024296270683407784

10	312	0.015679899603128433

10	624	0.01094298530369997

10	936	0.12059451639652252

11	0	0.09963230788707733

11	312	0.015378178097307682

11	624	0.08444385230541229

11	936	0.08036130666732788

